13 Sep 00:19    INFO  
General Hyper Parameters:
gpu_id = 3
use_gpu = True
seed = 0
state = INFO
reproducibility = True
data_path = dataset/Yelp
show_progress = False

Training Hyper Parameters:
checkpoint_dir = saved
epochs = 500
train_batch_size = 1024
learner = adam
learning_rate = 0.001
training_neg_sample_num = 0
training_neg_sample_distribution = uniform
eval_step = 1
stopping_step = 10
clip_grad_norm = None
weight_decay = 1e-06
draw_loss_pic = False
loss_decimal_place = 4

Evaluation Hyper Parameters:
eval_setting = RO_RS,full
group_by_user = True
split_ratio = [0.8, 0.1, 0.1]
leave_one_num = 2
real_time_process = False
metrics = ['Recall', 'NDCG']
topk = [10, 20, 50]
valid_metric = NDCG@20
eval_batch_size = 4096
metric_decimal_place = 4

Dataset Hyper Parameters:
field_separator = 	
seq_separator =  
USER_ID_FIELD = user_id
ITEM_ID_FIELD = item_id
RATING_FIELD = rating
TIME_FIELD = timestamp
seq_len = None
LABEL_FIELD = label
threshold = None
NEG_PREFIX = neg_
load_col = {'inter': ['user_id', 'item_id', 'timestamp']}
unload_col = None
unused_col = None
additional_feat_suffix = None
lowest_val = None
highest_val = None
equal_val = None
not_equal_val = None
max_user_inter_num = None
min_user_inter_num = 5
max_item_inter_num = None
min_item_inter_num = 5
fields_in_same_space = None
preload_weight = None
normalize_field = None
normalize_all = None
ITEM_LIST_LENGTH_FIELD = item_length
LIST_SUFFIX = _list
MAX_ITEM_LIST_LENGTH = 50
POSITION_FIELD = position_id
HEAD_ENTITY_ID_FIELD = head_id
TAIL_ENTITY_ID_FIELD = tail_id
RELATION_ID_FIELD = relation_id
ENTITY_ID_FIELD = entity_id

Other Hyper Parameters: 
valid_metric_bigger = True
embedding_size = 64
encoder = MF
BT = 0.2
bt = 0.001
gamma = 1
sim_coeff = 5
std_coeff = 5
cov_coeff = 1
lamda = 0.1
wuser = 0.8
witem = 0.2
rm_dup_inter = None
filter_inter_by_user_or_item = True
SOURCE_ID_FIELD = source_id
TARGET_ID_FIELD = target_id
benchmark_filename = None
MODEL_TYPE = ModelType.GENERAL
MODEL_INPUT_TYPE = InputType.POINTWISE
eval_type = EvaluatorType.RANKING
device = cuda
train_neg_sample_args = {'strategy': 'none'}


13 Sep 00:19    INFO  Yelp
The number of users: 31669
Average actions of users: 49.305481874447395
The number of items: 38049
Average actions of items: 41.037794365012616
The number of inters: 1561406
The sparsity of the dataset: 99.87041991912021%
Remain Fields: ['user_id', 'item_id']
13 Sep 00:19    INFO  Build [GeneralDataLoader] for [train] with format [InputType.POINTWISE]
13 Sep 00:19    INFO  [train] No Negative Sampling
13 Sep 00:19    INFO  [train] batch_size = [1024], shuffle = [True]

13 Sep 00:19    INFO  Build [GeneralFullDataLoader] for [evaluation] with format [InputType.POINTWISE]
13 Sep 00:19    INFO  Evaluation Setting:
	Group by user_id
	Ordering: {'strategy': 'shuffle'}
	Splitting: {'strategy': 'by_ratio', 'ratios': [0.8, 0.1, 0.1]}
	Negative Sampling: {'strategy': 'full', 'distribution': 'uniform'}
13 Sep 00:19    INFO  [evaluation] batch_size = [4096], shuffle = [False]

13 Sep 00:19    WARNING  Batch size is changed to 38049.
13 Sep 00:19    WARNING  Batch size is changed to 38049.
13 Sep 00:19    INFO  DirectAU(
  (encoder): MFEncoder(
    (user_embedding): Embedding(31669, 64)
    (item_embedding): Embedding(38049, 64)
  )
  (bn): BatchNorm1d(64, eps=1e-05, momentum=0.1, affine=False, track_running_stats=True)
  (projector): Sequential(
    (0): Linear(in_features=64, out_features=64, bias=False)
    (1): BatchNorm1d(64, eps=1e-05, momentum=0.1, affine=True, track_running_stats=True)
    (2): ReLU(inplace=True)
    (3): Linear(in_features=64, out_features=64, bias=False)
    (4): BatchNorm1d(64, eps=1e-05, momentum=0.1, affine=True, track_running_stats=True)
    (5): ReLU(inplace=True)
    (6): Linear(in_features=64, out_features=64, bias=False)
  )
)
Trainable parameters: 4474496
13 Sep 00:20    INFO  epoch 0 training [time: 29.17s, train loss: -0.3188]
13 Sep 00:23    INFO  epoch 0 evaluating [time: 210.50s, valid_score: 0.023100]
13 Sep 00:23    INFO  valid result: 
recall@10 : 0.0212    recall@20 : 0.039    recall@50 : 0.0804    ndcg@10 : 0.0169    ndcg@20 : 0.0231    ndcg@50 : 0.0354    
13 Sep 00:23    INFO  Saving current best: saved/DirectAU-Sep-13-2023_00-19-40.pth
13 Sep 00:24    INFO  epoch 1 training [time: 28.15s, train loss: -0.7662]
13 Sep 00:27    INFO  epoch 1 evaluating [time: 210.17s, valid_score: 0.031200]
13 Sep 00:27    INFO  valid result: 
recall@10 : 0.0299    recall@20 : 0.0518    recall@50 : 0.1025    ndcg@10 : 0.0236    ndcg@20 : 0.0312    ndcg@50 : 0.0461    
13 Sep 00:27    INFO  Saving current best: saved/DirectAU-Sep-13-2023_00-19-40.pth
13 Sep 00:28    INFO  epoch 2 training [time: 28.16s, train loss: -0.8411]
13 Sep 00:29    INFO  epoch 2 evaluating [time: 54.01s, valid_score: 0.035000]
13 Sep 00:29    INFO  valid result: 
recall@10 : 0.0342    recall@20 : 0.0583    recall@50 : 0.1131    ndcg@10 : 0.0267    ndcg@20 : 0.035    ndcg@50 : 0.051    
13 Sep 00:29    INFO  Saving current best: saved/DirectAU-Sep-13-2023_00-19-40.pth
13 Sep 00:29    INFO  epoch 3 training [time: 53.77s, train loss: -0.8787]
13 Sep 00:33    INFO  epoch 3 evaluating [time: 191.40s, valid_score: 0.037800]
13 Sep 00:33    INFO  valid result: 
recall@10 : 0.0367    recall@20 : 0.064    recall@50 : 0.121    ndcg@10 : 0.0285    ndcg@20 : 0.0378    ndcg@50 : 0.0545    
13 Sep 00:33    INFO  Saving current best: saved/DirectAU-Sep-13-2023_00-19-40.pth
13 Sep 00:33    INFO  epoch 4 training [time: 28.09s, train loss: -0.9044]
13 Sep 00:36    INFO  epoch 4 evaluating [time: 198.16s, valid_score: 0.040200]
13 Sep 00:36    INFO  valid result: 
recall@10 : 0.0397    recall@20 : 0.067    recall@50 : 0.1269    ndcg@10 : 0.0309    ndcg@20 : 0.0402    ndcg@50 : 0.0577    
13 Sep 00:36    INFO  Saving current best: saved/DirectAU-Sep-13-2023_00-19-40.pth
13 Sep 00:37    INFO  epoch 5 training [time: 28.63s, train loss: -0.9240]
13 Sep 00:38    INFO  epoch 5 evaluating [time: 62.65s, valid_score: 0.042700]
13 Sep 00:38    INFO  valid result: 
recall@10 : 0.0425    recall@20 : 0.0708    recall@50 : 0.1329    ndcg@10 : 0.033    ndcg@20 : 0.0427    ndcg@50 : 0.0608    
13 Sep 00:38    INFO  Saving current best: saved/DirectAU-Sep-13-2023_00-19-40.pth
13 Sep 00:39    INFO  epoch 6 training [time: 47.62s, train loss: -0.9398]
13 Sep 00:42    INFO  epoch 6 evaluating [time: 196.37s, valid_score: 0.044700]
13 Sep 00:42    INFO  valid result: 
recall@10 : 0.0446    recall@20 : 0.0742    recall@50 : 0.1377    ndcg@10 : 0.0346    ndcg@20 : 0.0447    ndcg@50 : 0.0632    
13 Sep 00:42    INFO  Saving current best: saved/DirectAU-Sep-13-2023_00-19-40.pth
13 Sep 00:42    INFO  epoch 7 training [time: 28.21s, train loss: -0.9535]
13 Sep 00:46    INFO  epoch 7 evaluating [time: 195.11s, valid_score: 0.046400]
13 Sep 00:46    INFO  valid result: 
recall@10 : 0.0461    recall@20 : 0.0767    recall@50 : 0.1422    ndcg@10 : 0.0359    ndcg@20 : 0.0464    ndcg@50 : 0.0654    
13 Sep 00:46    INFO  Saving current best: saved/DirectAU-Sep-13-2023_00-19-40.pth
13 Sep 00:46    INFO  epoch 8 training [time: 30.12s, train loss: -0.9650]
13 Sep 00:47    INFO  epoch 8 evaluating [time: 64.66s, valid_score: 0.048000]
13 Sep 00:47    INFO  valid result: 
recall@10 : 0.048    recall@20 : 0.0792    recall@50 : 0.1451    ndcg@10 : 0.0373    ndcg@20 : 0.048    ndcg@50 : 0.0673    
13 Sep 00:47    INFO  Saving current best: saved/DirectAU-Sep-13-2023_00-19-40.pth
13 Sep 00:48    INFO  epoch 9 training [time: 27.60s, train loss: -0.9748]
13 Sep 00:51    INFO  epoch 9 evaluating [time: 213.84s, valid_score: 0.049800]
13 Sep 00:51    INFO  valid result: 
recall@10 : 0.0495    recall@20 : 0.0819    recall@50 : 0.149    ndcg@10 : 0.0388    ndcg@20 : 0.0498    ndcg@50 : 0.0693    
13 Sep 00:51    INFO  Saving current best: saved/DirectAU-Sep-13-2023_00-19-40.pth
13 Sep 00:52    INFO  epoch 10 training [time: 28.21s, train loss: -0.9834]
13 Sep 00:55    INFO  epoch 10 evaluating [time: 218.08s, valid_score: 0.051200]
13 Sep 00:55    INFO  valid result: 
recall@10 : 0.0504    recall@20 : 0.0833    recall@50 : 0.152    ndcg@10 : 0.0401    ndcg@20 : 0.0512    ndcg@50 : 0.0713    
13 Sep 00:55    INFO  Saving current best: saved/DirectAU-Sep-13-2023_00-19-40.pth
13 Sep 00:56    INFO  epoch 11 training [time: 28.77s, train loss: -0.9906]
13 Sep 00:57    INFO  epoch 11 evaluating [time: 70.42s, valid_score: 0.052300]
13 Sep 00:57    INFO  valid result: 
recall@10 : 0.0516    recall@20 : 0.0855    recall@50 : 0.1551    ndcg@10 : 0.0408    ndcg@20 : 0.0523    ndcg@50 : 0.0726    
13 Sep 00:57    INFO  Saving current best: saved/DirectAU-Sep-13-2023_00-19-40.pth
13 Sep 00:58    INFO  epoch 12 training [time: 57.37s, train loss: -0.9969]
13 Sep 01:01    INFO  epoch 12 evaluating [time: 166.27s, valid_score: 0.054300]
13 Sep 01:01    INFO  valid result: 
recall@10 : 0.0539    recall@20 : 0.0879    recall@50 : 0.1586    ndcg@10 : 0.0428    ndcg@20 : 0.0543    ndcg@50 : 0.0748    
13 Sep 01:01    INFO  Saving current best: saved/DirectAU-Sep-13-2023_00-19-40.pth
13 Sep 01:01    INFO  epoch 13 training [time: 28.24s, train loss: -1.0023]
13 Sep 01:03    INFO  epoch 13 evaluating [time: 90.33s, valid_score: 0.054300]
13 Sep 01:03    INFO  valid result: 
recall@10 : 0.0543    recall@20 : 0.0884    recall@50 : 0.16    ndcg@10 : 0.0428    ndcg@20 : 0.0543    ndcg@50 : 0.0752    
13 Sep 01:04    INFO  epoch 14 training [time: 57.48s, train loss: -1.0069]
13 Sep 01:06    INFO  epoch 14 evaluating [time: 130.45s, valid_score: 0.055800]
13 Sep 01:06    INFO  valid result: 
recall@10 : 0.0555    recall@20 : 0.0901    recall@50 : 0.1621    ndcg@10 : 0.044    ndcg@20 : 0.0558    ndcg@50 : 0.0767    
13 Sep 01:06    INFO  Saving current best: saved/DirectAU-Sep-13-2023_00-19-40.pth
13 Sep 01:06    INFO  epoch 15 training [time: 28.24s, train loss: -1.0110]
13 Sep 01:10    INFO  epoch 15 evaluating [time: 217.79s, valid_score: 0.056100]
13 Sep 01:10    INFO  valid result: 
recall@10 : 0.0558    recall@20 : 0.0908    recall@50 : 0.1636    ndcg@10 : 0.0442    ndcg@20 : 0.0561    ndcg@50 : 0.0772    
13 Sep 01:10    INFO  Saving current best: saved/DirectAU-Sep-13-2023_00-19-40.pth
13 Sep 01:10    INFO  epoch 16 training [time: 28.27s, train loss: -1.0145]
13 Sep 01:14    INFO  epoch 16 evaluating [time: 218.23s, valid_score: 0.056600]
13 Sep 01:14    INFO  valid result: 
recall@10 : 0.0568    recall@20 : 0.0914    recall@50 : 0.1658    ndcg@10 : 0.0449    ndcg@20 : 0.0566    ndcg@50 : 0.0783    
13 Sep 01:14    INFO  Saving current best: saved/DirectAU-Sep-13-2023_00-19-40.pth
13 Sep 01:15    INFO  epoch 17 training [time: 28.67s, train loss: -1.0178]
13 Sep 01:18    INFO  epoch 17 evaluating [time: 218.80s, valid_score: 0.056900]
13 Sep 01:18    INFO  valid result: 
recall@10 : 0.0562    recall@20 : 0.0923    recall@50 : 0.1665    ndcg@10 : 0.0447    ndcg@20 : 0.0569    ndcg@50 : 0.0785    
13 Sep 01:18    INFO  Saving current best: saved/DirectAU-Sep-13-2023_00-19-40.pth
13 Sep 01:19    INFO  epoch 18 training [time: 28.72s, train loss: -1.0205]
13 Sep 01:21    INFO  epoch 18 evaluating [time: 117.63s, valid_score: 0.057100]
13 Sep 01:21    INFO  valid result: 
recall@10 : 0.057    recall@20 : 0.0917    recall@50 : 0.1672    ndcg@10 : 0.0453    ndcg@20 : 0.0571    ndcg@50 : 0.079    
13 Sep 01:21    INFO  Saving current best: saved/DirectAU-Sep-13-2023_00-19-40.pth
13 Sep 01:22    INFO  epoch 19 training [time: 57.55s, train loss: -1.0228]
13 Sep 01:24    INFO  epoch 19 evaluating [time: 137.77s, valid_score: 0.058200]
13 Sep 01:24    INFO  valid result: 
recall@10 : 0.0578    recall@20 : 0.0935    recall@50 : 0.1683    ndcg@10 : 0.0461    ndcg@20 : 0.0582    ndcg@50 : 0.0799    
13 Sep 01:24    INFO  Saving current best: saved/DirectAU-Sep-13-2023_00-19-40.pth
13 Sep 01:24    INFO  epoch 20 training [time: 28.19s, train loss: -1.0248]
13 Sep 01:28    INFO  epoch 20 evaluating [time: 196.31s, valid_score: 0.058000]
13 Sep 01:28    INFO  valid result: 
recall@10 : 0.0587    recall@20 : 0.0932    recall@50 : 0.1689    ndcg@10 : 0.0464    ndcg@20 : 0.058    ndcg@50 : 0.08    
13 Sep 01:28    INFO  epoch 21 training [time: 28.67s, train loss: -1.0265]
13 Sep 01:31    INFO  epoch 21 evaluating [time: 144.06s, valid_score: 0.058500]
13 Sep 01:31    INFO  valid result: 
recall@10 : 0.0583    recall@20 : 0.0941    recall@50 : 0.1706    ndcg@10 : 0.0464    ndcg@20 : 0.0585    ndcg@50 : 0.0807    
13 Sep 01:31    INFO  Saving current best: saved/DirectAU-Sep-13-2023_00-19-40.pth
13 Sep 01:32    INFO  epoch 22 training [time: 57.60s, train loss: -1.0280]
13 Sep 01:33    INFO  epoch 22 evaluating [time: 111.76s, valid_score: 0.058100]
13 Sep 01:33    INFO  valid result: 
recall@10 : 0.0582    recall@20 : 0.0935    recall@50 : 0.1703    ndcg@10 : 0.0462    ndcg@20 : 0.0581    ndcg@50 : 0.0804    
13 Sep 01:34    INFO  epoch 23 training [time: 28.21s, train loss: -1.0293]
13 Sep 01:38    INFO  epoch 23 evaluating [time: 218.14s, valid_score: 0.058900]
13 Sep 01:38    INFO  valid result: 
recall@10 : 0.0592    recall@20 : 0.0946    recall@50 : 0.1708    ndcg@10 : 0.0469    ndcg@20 : 0.0589    ndcg@50 : 0.0809    
13 Sep 01:38    INFO  Saving current best: saved/DirectAU-Sep-13-2023_00-19-40.pth
13 Sep 01:38    INFO  epoch 24 training [time: 28.12s, train loss: -1.0305]
13 Sep 01:41    INFO  epoch 24 evaluating [time: 170.27s, valid_score: 0.058900]
13 Sep 01:41    INFO  valid result: 
recall@10 : 0.0588    recall@20 : 0.0946    recall@50 : 0.1699    ndcg@10 : 0.0468    ndcg@20 : 0.0589    ndcg@50 : 0.0807    
13 Sep 01:42    INFO  epoch 25 training [time: 54.41s, train loss: -1.0315]
13 Sep 01:43    INFO  epoch 25 evaluating [time: 68.61s, valid_score: 0.058800]
13 Sep 01:43    INFO  valid result: 
recall@10 : 0.0582    recall@20 : 0.0948    recall@50 : 0.1711    ndcg@10 : 0.0465    ndcg@20 : 0.0588    ndcg@50 : 0.081    
13 Sep 01:44    INFO  epoch 26 training [time: 56.81s, train loss: -1.0323]
13 Sep 01:47    INFO  epoch 26 evaluating [time: 189.71s, valid_score: 0.058700]
13 Sep 01:47    INFO  valid result: 
recall@10 : 0.0583    recall@20 : 0.0942    recall@50 : 0.171    ndcg@10 : 0.0466    ndcg@20 : 0.0587    ndcg@50 : 0.0811    
13 Sep 01:47    INFO  epoch 27 training [time: 28.27s, train loss: -1.0331]
13 Sep 01:51    INFO  epoch 27 evaluating [time: 217.52s, valid_score: 0.058900]
13 Sep 01:51    INFO  valid result: 
recall@10 : 0.0591    recall@20 : 0.0949    recall@50 : 0.1709    ndcg@10 : 0.0469    ndcg@20 : 0.0589    ndcg@50 : 0.081    
13 Sep 01:52    INFO  epoch 28 training [time: 28.22s, train loss: -1.0338]
13 Sep 01:55    INFO  epoch 28 evaluating [time: 218.36s, valid_score: 0.059100]
13 Sep 01:55    INFO  valid result: 
recall@10 : 0.0591    recall@20 : 0.0954    recall@50 : 0.171    ndcg@10 : 0.0469    ndcg@20 : 0.0591    ndcg@50 : 0.081    
13 Sep 01:55    INFO  Saving current best: saved/DirectAU-Sep-13-2023_00-19-40.pth
13 Sep 01:56    INFO  epoch 29 training [time: 28.72s, train loss: -1.0345]
13 Sep 01:57    INFO  epoch 29 evaluating [time: 56.10s, valid_score: 0.058900]
13 Sep 01:57    INFO  valid result: 
recall@10 : 0.0587    recall@20 : 0.0947    recall@50 : 0.1706    ndcg@10 : 0.0467    ndcg@20 : 0.0589    ndcg@50 : 0.0809    
13 Sep 01:57    INFO  epoch 30 training [time: 38.64s, train loss: -1.0350]
13 Sep 02:01    INFO  epoch 30 evaluating [time: 204.92s, valid_score: 0.058900]
13 Sep 02:01    INFO  valid result: 
recall@10 : 0.0583    recall@20 : 0.0948    recall@50 : 0.1715    ndcg@10 : 0.0466    ndcg@20 : 0.0589    ndcg@50 : 0.0811    
13 Sep 02:01    INFO  epoch 31 training [time: 28.26s, train loss: -1.0355]
13 Sep 02:02    INFO  epoch 31 evaluating [time: 77.02s, valid_score: 0.059000]
13 Sep 02:02    INFO  valid result: 
recall@10 : 0.059    recall@20 : 0.0954    recall@50 : 0.1711    ndcg@10 : 0.0467    ndcg@20 : 0.059    ndcg@50 : 0.0809    
13 Sep 02:03    INFO  epoch 32 training [time: 57.56s, train loss: -1.0359]
13 Sep 02:06    INFO  epoch 32 evaluating [time: 146.64s, valid_score: 0.058700]
13 Sep 02:06    INFO  valid result: 
recall@10 : 0.0583    recall@20 : 0.0951    recall@50 : 0.1719    ndcg@10 : 0.0463    ndcg@20 : 0.0587    ndcg@50 : 0.081    
13 Sep 02:06    INFO  epoch 33 training [time: 28.23s, train loss: -1.0364]
13 Sep 02:08    INFO  epoch 33 evaluating [time: 100.52s, valid_score: 0.058600]
13 Sep 02:08    INFO  valid result: 
recall@10 : 0.058    recall@20 : 0.0943    recall@50 : 0.1711    ndcg@10 : 0.0464    ndcg@20 : 0.0586    ndcg@50 : 0.0809    
13 Sep 02:09    INFO  epoch 34 training [time: 57.63s, train loss: -1.0368]
13 Sep 02:11    INFO  epoch 34 evaluating [time: 118.31s, valid_score: 0.058900]
13 Sep 02:11    INFO  valid result: 
recall@10 : 0.0587    recall@20 : 0.0946    recall@50 : 0.1715    ndcg@10 : 0.0468    ndcg@20 : 0.0589    ndcg@50 : 0.0812    
13 Sep 02:11    INFO  epoch 35 training [time: 28.19s, train loss: -1.0372]
13 Sep 02:15    INFO  epoch 35 evaluating [time: 218.48s, valid_score: 0.058800]
13 Sep 02:15    INFO  valid result: 
recall@10 : 0.0586    recall@20 : 0.0951    recall@50 : 0.1715    ndcg@10 : 0.0465    ndcg@20 : 0.0588    ndcg@50 : 0.0809    
13 Sep 02:15    INFO  epoch 36 training [time: 28.09s, train loss: -1.0376]
13 Sep 02:16    INFO  epoch 36 evaluating [time: 53.00s, valid_score: 0.058800]
13 Sep 02:16    INFO  valid result: 
recall@10 : 0.0587    recall@20 : 0.0951    recall@50 : 0.1712    ndcg@10 : 0.0465    ndcg@20 : 0.0588    ndcg@50 : 0.0809    
13 Sep 02:17    INFO  epoch 37 training [time: 56.98s, train loss: -1.0379]
13 Sep 02:20    INFO  epoch 37 evaluating [time: 170.81s, valid_score: 0.058900]
13 Sep 02:20    INFO  valid result: 
recall@10 : 0.0586    recall@20 : 0.0949    recall@50 : 0.1713    ndcg@10 : 0.0466    ndcg@20 : 0.0589    ndcg@50 : 0.081    
13 Sep 02:21    INFO  epoch 38 training [time: 28.21s, train loss: -1.0381]
13 Sep 02:24    INFO  epoch 38 evaluating [time: 217.80s, valid_score: 0.058600]
13 Sep 02:24    INFO  valid result: 
recall@10 : 0.0582    recall@20 : 0.0943    recall@50 : 0.1712    ndcg@10 : 0.0464    ndcg@20 : 0.0586    ndcg@50 : 0.081    
13 Sep 02:25    INFO  epoch 39 training [time: 28.23s, train loss: -1.0383]
13 Sep 02:28    INFO  epoch 39 evaluating [time: 217.14s, valid_score: 0.058800]
13 Sep 02:28    INFO  valid result: 
recall@10 : 0.0588    recall@20 : 0.0952    recall@50 : 0.1713    ndcg@10 : 0.0465    ndcg@20 : 0.0588    ndcg@50 : 0.0809    
13 Sep 02:28    INFO  Finished training, best eval result in epoch 28
13 Sep 02:28    INFO  Loading model structure and parameters from saved/DirectAU-Sep-13-2023_00-19-40.pth
13 Sep 02:29    INFO  best valid : {'recall@10': 0.0591, 'recall@20': 0.0954, 'recall@50': 0.171, 'ndcg@10': 0.0469, 'ndcg@20': 0.0591, 'ndcg@50': 0.081}
13 Sep 02:29    INFO  test result: {'recall@10': 0.0593, 'recall@20': 0.0953, 'recall@50': 0.1714, 'ndcg@10': 0.0474, 'ndcg@20': 0.0594, 'ndcg@50': 0.0813}
