13 Sep 00:15    INFO  
General Hyper Parameters:
gpu_id = 9
use_gpu = True
seed = 0
state = INFO
reproducibility = True
data_path = dataset/Gowalla
show_progress = False

Training Hyper Parameters:
checkpoint_dir = saved
epochs = 500
train_batch_size = 1024
learner = adam
learning_rate = 0.001
training_neg_sample_num = 0
training_neg_sample_distribution = uniform
eval_step = 1
stopping_step = 10
clip_grad_norm = None
weight_decay = 1e-06
draw_loss_pic = False
loss_decimal_place = 4

Evaluation Hyper Parameters:
eval_setting = RO_RS,full
group_by_user = True
split_ratio = [0.8, 0.1, 0.1]
leave_one_num = 2
real_time_process = False
metrics = ['Recall', 'NDCG']
topk = [10, 20, 50]
valid_metric = NDCG@20
eval_batch_size = 4096
metric_decimal_place = 4

Dataset Hyper Parameters:
field_separator = 	
seq_separator =  
USER_ID_FIELD = user_id
ITEM_ID_FIELD = item_id
RATING_FIELD = rating
TIME_FIELD = timestamp
seq_len = None
LABEL_FIELD = label
threshold = None
NEG_PREFIX = neg_
load_col = {'inter': ['user_id', 'item_id', 'timestamp']}
unload_col = None
unused_col = None
additional_feat_suffix = None
lowest_val = None
highest_val = None
equal_val = None
not_equal_val = None
max_user_inter_num = None
min_user_inter_num = 5
max_item_inter_num = None
min_item_inter_num = 5
fields_in_same_space = None
preload_weight = None
normalize_field = None
normalize_all = None
ITEM_LIST_LENGTH_FIELD = item_length
LIST_SUFFIX = _list
MAX_ITEM_LIST_LENGTH = 50
POSITION_FIELD = position_id
HEAD_ENTITY_ID_FIELD = head_id
TAIL_ENTITY_ID_FIELD = tail_id
RELATION_ID_FIELD = relation_id
ENTITY_ID_FIELD = entity_id

Other Hyper Parameters: 
valid_metric_bigger = True
embedding_size = 2048
encoder = MF
BT = 0.2
bt = 0.001
gamma = 5
sim_coeff = 5
std_coeff = 5
cov_coeff = 1
lamda = 0.1
wuser = 0.8
witem = 0.2
rm_dup_inter = None
filter_inter_by_user_or_item = True
SOURCE_ID_FIELD = source_id
TARGET_ID_FIELD = target_id
benchmark_filename = None
MODEL_TYPE = ModelType.GENERAL
MODEL_INPUT_TYPE = InputType.POINTWISE
eval_type = EvaluatorType.RANKING
device = cuda
train_neg_sample_args = {'strategy': 'none'}


13 Sep 00:15    INFO  Gowalla
The number of users: 29859
Average actions of users: 34.408533726304505
The number of items: 40982
Average actions of items: 25.06942241526561
The number of inters: 1027370
The sparsity of the dataset: 99.91604269835769%
Remain Fields: ['user_id', 'item_id']
13 Sep 00:15    INFO  Build [GeneralDataLoader] for [train] with format [InputType.POINTWISE]
13 Sep 00:15    INFO  [train] No Negative Sampling
13 Sep 00:15    INFO  [train] batch_size = [1024], shuffle = [True]

13 Sep 00:15    INFO  Build [GeneralFullDataLoader] for [evaluation] with format [InputType.POINTWISE]
13 Sep 00:15    INFO  Evaluation Setting:
	Group by user_id
	Ordering: {'strategy': 'shuffle'}
	Splitting: {'strategy': 'by_ratio', 'ratios': [0.8, 0.1, 0.1]}
	Negative Sampling: {'strategy': 'full', 'distribution': 'uniform'}
13 Sep 00:15    INFO  [evaluation] batch_size = [4096], shuffle = [False]

13 Sep 00:15    WARNING  Batch size is changed to 40982.
13 Sep 00:16    WARNING  Batch size is changed to 40982.
13 Sep 00:16    INFO  DirectAU(
  (encoder): MFEncoder(
    (user_embedding): Embedding(29859, 2048)
    (item_embedding): Embedding(40982, 2048)
  )
  (bn): BatchNorm1d(2048, eps=1e-05, momentum=0.1, affine=False, track_running_stats=True)
  (projector): Sequential(
    (0): Linear(in_features=2048, out_features=2048, bias=False)
    (1): BatchNorm1d(2048, eps=1e-05, momentum=0.1, affine=True, track_running_stats=True)
    (2): ReLU(inplace=True)
    (3): Linear(in_features=2048, out_features=2048, bias=False)
    (4): BatchNorm1d(2048, eps=1e-05, momentum=0.1, affine=True, track_running_stats=True)
    (5): ReLU(inplace=True)
    (6): Linear(in_features=2048, out_features=2048, bias=False)
  )
)
Trainable parameters: 157673472
13 Sep 00:18    INFO  epoch 0 training [time: 129.04s, train loss: -8.1363]
13 Sep 00:19    INFO  epoch 0 evaluating [time: 80.99s, valid_score: 0.067600]
13 Sep 00:19    INFO  valid result: 
recall@10 : 0.0809    recall@20 : 0.1203    recall@50 : 0.1953    ndcg@10 : 0.0561    ndcg@20 : 0.0676    ndcg@50 : 0.0861    
13 Sep 00:19    INFO  Saving current best: saved/DirectAU-Sep-13-2023_00-16-04.pth
13 Sep 00:21    INFO  epoch 1 training [time: 117.93s, train loss: -8.5253]
13 Sep 00:22    INFO  epoch 1 evaluating [time: 78.27s, valid_score: 0.080200]
13 Sep 00:22    INFO  valid result: 
recall@10 : 0.0958    recall@20 : 0.1401    recall@50 : 0.2219    ndcg@10 : 0.0674    ndcg@20 : 0.0802    ndcg@50 : 0.1003    
13 Sep 00:23    INFO  Saving current best: saved/DirectAU-Sep-13-2023_00-16-04.pth
13 Sep 00:25    INFO  epoch 2 training [time: 132.83s, train loss: -8.6125]
13 Sep 00:26    INFO  epoch 2 evaluating [time: 81.12s, valid_score: 0.086300]
13 Sep 00:26    INFO  valid result: 
recall@10 : 0.1036    recall@20 : 0.1505    recall@50 : 0.2374    ndcg@10 : 0.0726    ndcg@20 : 0.0863    ndcg@50 : 0.1076    
13 Sep 00:26    INFO  Saving current best: saved/DirectAU-Sep-13-2023_00-16-04.pth
13 Sep 00:28    INFO  epoch 3 training [time: 117.92s, train loss: -8.6524]
13 Sep 00:30    INFO  epoch 3 evaluating [time: 80.01s, valid_score: 0.092100]
13 Sep 00:30    INFO  valid result: 
recall@10 : 0.1097    recall@20 : 0.1587    recall@50 : 0.2468    ndcg@10 : 0.0779    ndcg@20 : 0.0921    ndcg@50 : 0.1137    
13 Sep 00:30    INFO  Saving current best: saved/DirectAU-Sep-13-2023_00-16-04.pth
13 Sep 00:32    INFO  epoch 4 training [time: 128.17s, train loss: -8.6758]
13 Sep 00:33    INFO  epoch 4 evaluating [time: 79.90s, valid_score: 0.096200]
13 Sep 00:33    INFO  valid result: 
recall@10 : 0.1145    recall@20 : 0.1653    recall@50 : 0.2555    ndcg@10 : 0.0816    ndcg@20 : 0.0962    ndcg@50 : 0.1184    
13 Sep 00:33    INFO  Saving current best: saved/DirectAU-Sep-13-2023_00-16-04.pth
13 Sep 00:35    INFO  epoch 5 training [time: 118.19s, train loss: -8.6915]
13 Sep 00:37    INFO  epoch 5 evaluating [time: 80.31s, valid_score: 0.099100]
13 Sep 00:37    INFO  valid result: 
recall@10 : 0.1191    recall@20 : 0.1715    recall@50 : 0.2644    ndcg@10 : 0.0841    ndcg@20 : 0.0991    ndcg@50 : 0.122    
13 Sep 00:37    INFO  Saving current best: saved/DirectAU-Sep-13-2023_00-16-04.pth
13 Sep 00:39    INFO  epoch 6 training [time: 125.38s, train loss: -8.7027]
13 Sep 00:40    INFO  epoch 6 evaluating [time: 80.10s, valid_score: 0.101800]
13 Sep 00:40    INFO  valid result: 
recall@10 : 0.1236    recall@20 : 0.1742    recall@50 : 0.272    ndcg@10 : 0.0872    ndcg@20 : 0.1018    ndcg@50 : 0.1258    
13 Sep 00:40    INFO  Saving current best: saved/DirectAU-Sep-13-2023_00-16-04.pth
13 Sep 00:42    INFO  epoch 7 training [time: 125.73s, train loss: -8.7113]
13 Sep 00:44    INFO  epoch 7 evaluating [time: 72.89s, valid_score: 0.104500]
13 Sep 00:44    INFO  valid result: 
recall@10 : 0.1257    recall@20 : 0.1793    recall@50 : 0.2783    ndcg@10 : 0.089    ndcg@20 : 0.1045    ndcg@50 : 0.1288    
13 Sep 00:44    INFO  Saving current best: saved/DirectAU-Sep-13-2023_00-16-04.pth
13 Sep 00:46    INFO  epoch 8 training [time: 127.54s, train loss: -8.7180]
13 Sep 00:47    INFO  epoch 8 evaluating [time: 80.52s, valid_score: 0.106500]
13 Sep 00:47    INFO  valid result: 
recall@10 : 0.1283    recall@20 : 0.1838    recall@50 : 0.2857    ndcg@10 : 0.0904    ndcg@20 : 0.1065    ndcg@50 : 0.1315    
13 Sep 00:48    INFO  Saving current best: saved/DirectAU-Sep-13-2023_00-16-04.pth
13 Sep 00:50    INFO  epoch 9 training [time: 128.00s, train loss: -8.7234]
13 Sep 00:51    INFO  epoch 9 evaluating [time: 80.42s, valid_score: 0.108300]
13 Sep 00:51    INFO  valid result: 
recall@10 : 0.1293    recall@20 : 0.1878    recall@50 : 0.2889    ndcg@10 : 0.0914    ndcg@20 : 0.1083    ndcg@50 : 0.1331    
13 Sep 00:51    INFO  Saving current best: saved/DirectAU-Sep-13-2023_00-16-04.pth
13 Sep 00:54    INFO  epoch 10 training [time: 132.95s, train loss: -8.7283]
13 Sep 00:55    INFO  epoch 10 evaluating [time: 68.09s, valid_score: 0.110000]
13 Sep 00:55    INFO  valid result: 
recall@10 : 0.1327    recall@20 : 0.1902    recall@50 : 0.2946    ndcg@10 : 0.0933    ndcg@20 : 0.11    ndcg@50 : 0.1355    
13 Sep 00:55    INFO  Saving current best: saved/DirectAU-Sep-13-2023_00-16-04.pth
13 Sep 00:57    INFO  epoch 11 training [time: 123.14s, train loss: -8.7324]
13 Sep 00:58    INFO  epoch 11 evaluating [time: 80.92s, valid_score: 0.111900]
13 Sep 00:58    INFO  valid result: 
recall@10 : 0.134    recall@20 : 0.1934    recall@50 : 0.2975    ndcg@10 : 0.0947    ndcg@20 : 0.1119    ndcg@50 : 0.1375    
13 Sep 00:58    INFO  Saving current best: saved/DirectAU-Sep-13-2023_00-16-04.pth
13 Sep 01:01    INFO  epoch 12 training [time: 133.17s, train loss: -8.7360]
13 Sep 01:02    INFO  epoch 12 evaluating [time: 80.05s, valid_score: 0.112400]
13 Sep 01:02    INFO  valid result: 
recall@10 : 0.134    recall@20 : 0.1938    recall@50 : 0.3006    ndcg@10 : 0.0951    ndcg@20 : 0.1124    ndcg@50 : 0.1386    
13 Sep 01:02    INFO  Saving current best: saved/DirectAU-Sep-13-2023_00-16-04.pth
13 Sep 01:04    INFO  epoch 13 training [time: 117.91s, train loss: -8.7390]
13 Sep 01:05    INFO  epoch 13 evaluating [time: 81.25s, valid_score: 0.112700]
13 Sep 01:05    INFO  valid result: 
recall@10 : 0.1351    recall@20 : 0.1951    recall@50 : 0.3029    ndcg@10 : 0.0953    ndcg@20 : 0.1127    ndcg@50 : 0.1391    
13 Sep 01:06    INFO  Saving current best: saved/DirectAU-Sep-13-2023_00-16-04.pth
13 Sep 01:08    INFO  epoch 14 training [time: 128.50s, train loss: -8.7415]
13 Sep 01:09    INFO  epoch 14 evaluating [time: 80.10s, valid_score: 0.113600]
13 Sep 01:09    INFO  valid result: 
recall@10 : 0.1363    recall@20 : 0.1956    recall@50 : 0.3048    ndcg@10 : 0.0963    ndcg@20 : 0.1136    ndcg@50 : 0.1402    
13 Sep 01:09    INFO  Saving current best: saved/DirectAU-Sep-13-2023_00-16-04.pth
13 Sep 01:11    INFO  epoch 15 training [time: 132.89s, train loss: -8.7439]
13 Sep 01:13    INFO  epoch 15 evaluating [time: 80.05s, valid_score: 0.112900]
13 Sep 01:13    INFO  valid result: 
recall@10 : 0.1355    recall@20 : 0.1966    recall@50 : 0.3062    ndcg@10 : 0.0952    ndcg@20 : 0.1129    ndcg@50 : 0.1397    
13 Sep 01:15    INFO  epoch 16 training [time: 117.80s, train loss: -8.7460]
13 Sep 01:16    INFO  epoch 16 evaluating [time: 80.15s, valid_score: 0.114200]
13 Sep 01:16    INFO  valid result: 
recall@10 : 0.1369    recall@20 : 0.1978    recall@50 : 0.3063    ndcg@10 : 0.0966    ndcg@20 : 0.1142    ndcg@50 : 0.1409    
13 Sep 01:16    INFO  Saving current best: saved/DirectAU-Sep-13-2023_00-16-04.pth
13 Sep 01:18    INFO  epoch 17 training [time: 117.82s, train loss: -8.7477]
13 Sep 01:20    INFO  epoch 17 evaluating [time: 80.07s, valid_score: 0.114600]
13 Sep 01:20    INFO  valid result: 
recall@10 : 0.1369    recall@20 : 0.1978    recall@50 : 0.3088    ndcg@10 : 0.0969    ndcg@20 : 0.1146    ndcg@50 : 0.1417    
13 Sep 01:20    INFO  Saving current best: saved/DirectAU-Sep-13-2023_00-16-04.pth
13 Sep 01:22    INFO  epoch 18 training [time: 126.96s, train loss: -8.7493]
13 Sep 01:23    INFO  epoch 18 evaluating [time: 80.04s, valid_score: 0.114600]
13 Sep 01:23    INFO  valid result: 
recall@10 : 0.1377    recall@20 : 0.1999    recall@50 : 0.3102    ndcg@10 : 0.0966    ndcg@20 : 0.1146    ndcg@50 : 0.1416    
13 Sep 01:25    INFO  epoch 19 training [time: 118.26s, train loss: -8.7507]
13 Sep 01:26    INFO  epoch 19 evaluating [time: 80.55s, valid_score: 0.114500]
13 Sep 01:26    INFO  valid result: 
recall@10 : 0.1376    recall@20 : 0.1984    recall@50 : 0.3112    ndcg@10 : 0.0969    ndcg@20 : 0.1145    ndcg@50 : 0.1421    
13 Sep 01:28    INFO  epoch 20 training [time: 118.13s, train loss: -8.7518]
13 Sep 01:30    INFO  epoch 20 evaluating [time: 80.46s, valid_score: 0.115600]
13 Sep 01:30    INFO  valid result: 
recall@10 : 0.1372    recall@20 : 0.1999    recall@50 : 0.3116    ndcg@10 : 0.0974    ndcg@20 : 0.1156    ndcg@50 : 0.1429    
13 Sep 01:30    INFO  Saving current best: saved/DirectAU-Sep-13-2023_00-16-04.pth
13 Sep 01:32    INFO  epoch 21 training [time: 131.40s, train loss: -8.7528]
13 Sep 01:33    INFO  epoch 21 evaluating [time: 80.55s, valid_score: 0.116400]
13 Sep 01:33    INFO  valid result: 
recall@10 : 0.1391    recall@20 : 0.2016    recall@50 : 0.3136    ndcg@10 : 0.0982    ndcg@20 : 0.1164    ndcg@50 : 0.1437    
13 Sep 01:34    INFO  Saving current best: saved/DirectAU-Sep-13-2023_00-16-04.pth
13 Sep 01:36    INFO  epoch 22 training [time: 117.90s, train loss: -8.7540]
13 Sep 01:37    INFO  epoch 22 evaluating [time: 80.29s, valid_score: 0.115100]
13 Sep 01:37    INFO  valid result: 
recall@10 : 0.1382    recall@20 : 0.2009    recall@50 : 0.314    ndcg@10 : 0.097    ndcg@20 : 0.1151    ndcg@50 : 0.1428    
13 Sep 01:39    INFO  epoch 23 training [time: 133.05s, train loss: -8.7546]
13 Sep 01:40    INFO  epoch 23 evaluating [time: 64.81s, valid_score: 0.116400]
13 Sep 01:40    INFO  valid result: 
recall@10 : 0.1392    recall@20 : 0.2014    recall@50 : 0.3133    ndcg@10 : 0.0984    ndcg@20 : 0.1164    ndcg@50 : 0.1439    
13 Sep 01:42    INFO  epoch 24 training [time: 133.16s, train loss: -8.7554]
13 Sep 01:44    INFO  epoch 24 evaluating [time: 80.47s, valid_score: 0.116200]
13 Sep 01:44    INFO  valid result: 
recall@10 : 0.1389    recall@20 : 0.2027    recall@50 : 0.3154    ndcg@10 : 0.0978    ndcg@20 : 0.1162    ndcg@50 : 0.1438    
13 Sep 01:46    INFO  epoch 25 training [time: 118.11s, train loss: -8.7565]
13 Sep 01:47    INFO  epoch 25 evaluating [time: 80.22s, valid_score: 0.116000]
13 Sep 01:47    INFO  valid result: 
recall@10 : 0.1395    recall@20 : 0.1998    recall@50 : 0.3161    ndcg@10 : 0.0985    ndcg@20 : 0.116    ndcg@50 : 0.1444    
13 Sep 01:49    INFO  epoch 26 training [time: 118.01s, train loss: -8.7571]
13 Sep 01:50    INFO  epoch 26 evaluating [time: 80.74s, valid_score: 0.115800]
13 Sep 01:50    INFO  valid result: 
recall@10 : 0.139    recall@20 : 0.2007    recall@50 : 0.3159    ndcg@10 : 0.0979    ndcg@20 : 0.1158    ndcg@50 : 0.144    
13 Sep 01:52    INFO  epoch 27 training [time: 117.86s, train loss: -8.7579]
13 Sep 01:54    INFO  epoch 27 evaluating [time: 81.71s, valid_score: 0.116100]
13 Sep 01:54    INFO  valid result: 
recall@10 : 0.1375    recall@20 : 0.2023    recall@50 : 0.3161    ndcg@10 : 0.0974    ndcg@20 : 0.1161    ndcg@50 : 0.1439    
13 Sep 01:56    INFO  epoch 28 training [time: 118.23s, train loss: -8.7584]
13 Sep 01:57    INFO  epoch 28 evaluating [time: 80.17s, valid_score: 0.116300]
13 Sep 01:57    INFO  valid result: 
recall@10 : 0.1379    recall@20 : 0.2014    recall@50 : 0.3163    ndcg@10 : 0.0979    ndcg@20 : 0.1163    ndcg@50 : 0.1444    
13 Sep 01:59    INFO  epoch 29 training [time: 133.39s, train loss: -8.7590]
13 Sep 02:01    INFO  epoch 29 evaluating [time: 80.18s, valid_score: 0.116200]
13 Sep 02:01    INFO  valid result: 
recall@10 : 0.1385    recall@20 : 0.2017    recall@50 : 0.3148    ndcg@10 : 0.0979    ndcg@20 : 0.1162    ndcg@50 : 0.1438    
13 Sep 02:03    INFO  epoch 30 training [time: 117.95s, train loss: -8.7596]
13 Sep 02:04    INFO  epoch 30 evaluating [time: 80.16s, valid_score: 0.116800]
13 Sep 02:04    INFO  valid result: 
recall@10 : 0.141    recall@20 : 0.2031    recall@50 : 0.3156    ndcg@10 : 0.0988    ndcg@20 : 0.1168    ndcg@50 : 0.1443    
13 Sep 02:04    INFO  Saving current best: saved/DirectAU-Sep-13-2023_00-16-04.pth
13 Sep 02:06    INFO  epoch 31 training [time: 126.57s, train loss: -8.7602]
13 Sep 02:08    INFO  epoch 31 evaluating [time: 80.83s, valid_score: 0.116500]
13 Sep 02:08    INFO  valid result: 
recall@10 : 0.1393    recall@20 : 0.2018    recall@50 : 0.3178    ndcg@10 : 0.0984    ndcg@20 : 0.1165    ndcg@50 : 0.1448    
13 Sep 02:10    INFO  epoch 32 training [time: 118.02s, train loss: -8.7608]
13 Sep 02:11    INFO  epoch 32 evaluating [time: 80.78s, valid_score: 0.116400]
13 Sep 02:11    INFO  valid result: 
recall@10 : 0.1401    recall@20 : 0.2015    recall@50 : 0.3177    ndcg@10 : 0.0987    ndcg@20 : 0.1164    ndcg@50 : 0.1447    
13 Sep 02:13    INFO  epoch 33 training [time: 118.08s, train loss: -8.7616]
13 Sep 02:14    INFO  epoch 33 evaluating [time: 80.73s, valid_score: 0.116100]
13 Sep 02:14    INFO  valid result: 
recall@10 : 0.1395    recall@20 : 0.2036    recall@50 : 0.3169    ndcg@10 : 0.0976    ndcg@20 : 0.1161    ndcg@50 : 0.1439    
13 Sep 02:16    INFO  epoch 34 training [time: 118.09s, train loss: -8.7619]
13 Sep 02:18    INFO  epoch 34 evaluating [time: 81.11s, valid_score: 0.115800]
13 Sep 02:18    INFO  valid result: 
recall@10 : 0.1383    recall@20 : 0.2023    recall@50 : 0.3181    ndcg@10 : 0.0973    ndcg@20 : 0.1158    ndcg@50 : 0.1442    
13 Sep 02:20    INFO  epoch 35 training [time: 133.15s, train loss: -8.7626]
13 Sep 02:21    INFO  epoch 35 evaluating [time: 65.17s, valid_score: 0.117500]
13 Sep 02:21    INFO  valid result: 
recall@10 : 0.1407    recall@20 : 0.204    recall@50 : 0.3191    ndcg@10 : 0.0991    ndcg@20 : 0.1175    ndcg@50 : 0.1456    
13 Sep 02:21    INFO  Saving current best: saved/DirectAU-Sep-13-2023_00-16-04.pth
13 Sep 02:23    INFO  epoch 36 training [time: 122.90s, train loss: -8.7633]
13 Sep 02:24    INFO  epoch 36 evaluating [time: 80.66s, valid_score: 0.117700]
13 Sep 02:24    INFO  valid result: 
recall@10 : 0.1412    recall@20 : 0.2046    recall@50 : 0.3192    ndcg@10 : 0.0993    ndcg@20 : 0.1177    ndcg@50 : 0.1456    
13 Sep 02:25    INFO  Saving current best: saved/DirectAU-Sep-13-2023_00-16-04.pth
13 Sep 02:27    INFO  epoch 37 training [time: 133.02s, train loss: -8.7644]
13 Sep 02:28    INFO  epoch 37 evaluating [time: 81.13s, valid_score: 0.116500]
13 Sep 02:28    INFO  valid result: 
recall@10 : 0.1393    recall@20 : 0.2016    recall@50 : 0.319    ndcg@10 : 0.0984    ndcg@20 : 0.1165    ndcg@50 : 0.1451    
13 Sep 02:30    INFO  epoch 38 training [time: 118.06s, train loss: -8.7651]
13 Sep 02:32    INFO  epoch 38 evaluating [time: 79.27s, valid_score: 0.117100]
13 Sep 02:32    INFO  valid result: 
recall@10 : 0.1403    recall@20 : 0.2033    recall@50 : 0.3202    ndcg@10 : 0.0989    ndcg@20 : 0.1171    ndcg@50 : 0.1456    
13 Sep 02:34    INFO  epoch 39 training [time: 117.93s, train loss: -8.7659]
13 Sep 02:35    INFO  epoch 39 evaluating [time: 81.39s, valid_score: 0.116300]
13 Sep 02:35    INFO  valid result: 
recall@10 : 0.1393    recall@20 : 0.2027    recall@50 : 0.3198    ndcg@10 : 0.0981    ndcg@20 : 0.1163    ndcg@50 : 0.1449    
13 Sep 02:37    INFO  epoch 40 training [time: 117.92s, train loss: -8.7669]
13 Sep 02:38    INFO  epoch 40 evaluating [time: 80.05s, valid_score: 0.116900]
13 Sep 02:38    INFO  valid result: 
recall@10 : 0.1403    recall@20 : 0.2025    recall@50 : 0.318    ndcg@10 : 0.0989    ndcg@20 : 0.1169    ndcg@50 : 0.145    
13 Sep 02:40    INFO  epoch 41 training [time: 117.91s, train loss: -8.7677]
13 Sep 02:41    INFO  epoch 41 evaluating [time: 81.05s, valid_score: 0.116800]
13 Sep 02:41    INFO  valid result: 
recall@10 : 0.1402    recall@20 : 0.2027    recall@50 : 0.3196    ndcg@10 : 0.0988    ndcg@20 : 0.1168    ndcg@50 : 0.1454    
13 Sep 02:44    INFO  epoch 42 training [time: 133.03s, train loss: -8.7687]
13 Sep 02:45    INFO  epoch 42 evaluating [time: 64.80s, valid_score: 0.117500]
13 Sep 02:45    INFO  valid result: 
recall@10 : 0.1406    recall@20 : 0.2031    recall@50 : 0.3206    ndcg@10 : 0.0994    ndcg@20 : 0.1175    ndcg@50 : 0.1462    
13 Sep 02:47    INFO  epoch 43 training [time: 133.25s, train loss: -8.7697]
13 Sep 02:48    INFO  epoch 43 evaluating [time: 80.09s, valid_score: 0.117200]
13 Sep 02:48    INFO  valid result: 
recall@10 : 0.1401    recall@20 : 0.2034    recall@50 : 0.3189    ndcg@10 : 0.099    ndcg@20 : 0.1172    ndcg@50 : 0.1455    
13 Sep 02:50    INFO  epoch 44 training [time: 118.13s, train loss: -8.7705]
13 Sep 02:52    INFO  epoch 44 evaluating [time: 80.22s, valid_score: 0.116800]
13 Sep 02:52    INFO  valid result: 
recall@10 : 0.1409    recall@20 : 0.2028    recall@50 : 0.3183    ndcg@10 : 0.0988    ndcg@20 : 0.1168    ndcg@50 : 0.145    
13 Sep 02:54    INFO  epoch 45 training [time: 118.01s, train loss: -8.7716]
13 Sep 02:55    INFO  epoch 45 evaluating [time: 80.78s, valid_score: 0.117000]
13 Sep 02:55    INFO  valid result: 
recall@10 : 0.1403    recall@20 : 0.2022    recall@50 : 0.3193    ndcg@10 : 0.0989    ndcg@20 : 0.117    ndcg@50 : 0.1455    
13 Sep 02:57    INFO  epoch 46 training [time: 118.01s, train loss: -8.7727]
13 Sep 02:58    INFO  epoch 46 evaluating [time: 81.06s, valid_score: 0.117500]
13 Sep 02:58    INFO  valid result: 
recall@10 : 0.14    recall@20 : 0.2043    recall@50 : 0.3208    ndcg@10 : 0.0989    ndcg@20 : 0.1175    ndcg@50 : 0.1459    
13 Sep 03:00    INFO  epoch 47 training [time: 118.23s, train loss: -8.7738]
13 Sep 03:02    INFO  epoch 47 evaluating [time: 80.57s, valid_score: 0.118000]
13 Sep 03:02    INFO  valid result: 
recall@10 : 0.1418    recall@20 : 0.2051    recall@50 : 0.3211    ndcg@10 : 0.0997    ndcg@20 : 0.118    ndcg@50 : 0.1463    
13 Sep 03:02    INFO  Saving current best: saved/DirectAU-Sep-13-2023_00-16-04.pth
13 Sep 03:04    INFO  epoch 48 training [time: 123.67s, train loss: -8.7749]
13 Sep 03:05    INFO  epoch 48 evaluating [time: 81.91s, valid_score: 0.117600]
13 Sep 03:05    INFO  valid result: 
recall@10 : 0.1404    recall@20 : 0.2049    recall@50 : 0.321    ndcg@10 : 0.0991    ndcg@20 : 0.1176    ndcg@50 : 0.146    
13 Sep 03:07    INFO  epoch 49 training [time: 118.22s, train loss: -8.7758]
13 Sep 03:08    INFO  epoch 49 evaluating [time: 79.33s, valid_score: 0.117600]
13 Sep 03:08    INFO  valid result: 
recall@10 : 0.14    recall@20 : 0.2047    recall@50 : 0.3209    ndcg@10 : 0.099    ndcg@20 : 0.1176    ndcg@50 : 0.1459    
13 Sep 03:10    INFO  epoch 50 training [time: 118.27s, train loss: -8.7769]
13 Sep 03:12    INFO  epoch 50 evaluating [time: 81.31s, valid_score: 0.117500]
13 Sep 03:12    INFO  valid result: 
recall@10 : 0.1404    recall@20 : 0.2036    recall@50 : 0.3217    ndcg@10 : 0.0991    ndcg@20 : 0.1175    ndcg@50 : 0.1462    
13 Sep 03:14    INFO  epoch 51 training [time: 118.14s, train loss: -8.7778]
13 Sep 03:15    INFO  epoch 51 evaluating [time: 80.54s, valid_score: 0.118000]
13 Sep 03:15    INFO  valid result: 
recall@10 : 0.1413    recall@20 : 0.2058    recall@50 : 0.3228    ndcg@10 : 0.0994    ndcg@20 : 0.118    ndcg@50 : 0.1465    
13 Sep 03:17    INFO  epoch 52 training [time: 118.69s, train loss: -8.7787]
13 Sep 03:18    INFO  epoch 52 evaluating [time: 80.73s, valid_score: 0.118800]
13 Sep 03:18    INFO  valid result: 
recall@10 : 0.1422    recall@20 : 0.2063    recall@50 : 0.3215    ndcg@10 : 0.1003    ndcg@20 : 0.1188    ndcg@50 : 0.147    
13 Sep 03:19    INFO  Saving current best: saved/DirectAU-Sep-13-2023_00-16-04.pth
13 Sep 03:21    INFO  epoch 53 training [time: 121.38s, train loss: -8.7798]
13 Sep 03:22    INFO  epoch 53 evaluating [time: 79.70s, valid_score: 0.118700]
13 Sep 03:22    INFO  valid result: 
recall@10 : 0.1416    recall@20 : 0.2063    recall@50 : 0.3237    ndcg@10 : 0.1    ndcg@20 : 0.1187    ndcg@50 : 0.1474    
13 Sep 03:24    INFO  epoch 54 training [time: 118.37s, train loss: -8.7808]
13 Sep 03:25    INFO  epoch 54 evaluating [time: 80.82s, valid_score: 0.118000]
13 Sep 03:25    INFO  valid result: 
recall@10 : 0.1413    recall@20 : 0.2051    recall@50 : 0.3221    ndcg@10 : 0.0996    ndcg@20 : 0.118    ndcg@50 : 0.1466    
13 Sep 03:27    INFO  epoch 55 training [time: 118.25s, train loss: -8.7816]
13 Sep 03:29    INFO  epoch 55 evaluating [time: 80.72s, valid_score: 0.118600]
13 Sep 03:29    INFO  valid result: 
recall@10 : 0.142    recall@20 : 0.2067    recall@50 : 0.3215    ndcg@10 : 0.0999    ndcg@20 : 0.1186    ndcg@50 : 0.1467    
13 Sep 03:31    INFO  epoch 56 training [time: 118.07s, train loss: -8.7825]
13 Sep 03:32    INFO  epoch 56 evaluating [time: 80.03s, valid_score: 0.118400]
13 Sep 03:32    INFO  valid result: 
recall@10 : 0.1418    recall@20 : 0.2071    recall@50 : 0.3223    ndcg@10 : 0.0996    ndcg@20 : 0.1184    ndcg@50 : 0.1466    
13 Sep 03:34    INFO  epoch 57 training [time: 127.86s, train loss: -8.7836]
13 Sep 03:35    INFO  epoch 57 evaluating [time: 71.34s, valid_score: 0.118500]
13 Sep 03:35    INFO  valid result: 
recall@10 : 0.1423    recall@20 : 0.2069    recall@50 : 0.3229    ndcg@10 : 0.0998    ndcg@20 : 0.1185    ndcg@50 : 0.1468    
13 Sep 03:38    INFO  epoch 58 training [time: 133.39s, train loss: -8.7842]
13 Sep 03:39    INFO  epoch 58 evaluating [time: 79.57s, valid_score: 0.118600]
13 Sep 03:39    INFO  valid result: 
recall@10 : 0.1421    recall@20 : 0.2058    recall@50 : 0.3226    ndcg@10 : 0.1003    ndcg@20 : 0.1186    ndcg@50 : 0.1473    
13 Sep 03:41    INFO  epoch 59 training [time: 118.17s, train loss: -8.7851]
13 Sep 03:42    INFO  epoch 59 evaluating [time: 80.55s, valid_score: 0.117900]
13 Sep 03:42    INFO  valid result: 
recall@10 : 0.1406    recall@20 : 0.2048    recall@50 : 0.324    ndcg@10 : 0.0993    ndcg@20 : 0.1179    ndcg@50 : 0.1469    
13 Sep 03:44    INFO  epoch 60 training [time: 118.26s, train loss: -8.7857]
13 Sep 03:45    INFO  epoch 60 evaluating [time: 80.01s, valid_score: 0.118600]
13 Sep 03:45    INFO  valid result: 
recall@10 : 0.1421    recall@20 : 0.2058    recall@50 : 0.3232    ndcg@10 : 0.1002    ndcg@20 : 0.1186    ndcg@50 : 0.1473    
13 Sep 03:47    INFO  epoch 61 training [time: 118.14s, train loss: -8.7866]
13 Sep 03:49    INFO  epoch 61 evaluating [time: 80.46s, valid_score: 0.119000]
13 Sep 03:49    INFO  valid result: 
recall@10 : 0.1426    recall@20 : 0.207    recall@50 : 0.3224    ndcg@10 : 0.1004    ndcg@20 : 0.119    ndcg@50 : 0.1473    
13 Sep 03:49    INFO  Saving current best: saved/DirectAU-Sep-13-2023_00-16-04.pth
13 Sep 03:51    INFO  epoch 62 training [time: 131.13s, train loss: -8.7872]
13 Sep 03:52    INFO  epoch 62 evaluating [time: 80.65s, valid_score: 0.119000]
13 Sep 03:52    INFO  valid result: 
recall@10 : 0.1425    recall@20 : 0.2076    recall@50 : 0.3218    ndcg@10 : 0.1002    ndcg@20 : 0.119    ndcg@50 : 0.147    
13 Sep 03:54    INFO  epoch 63 training [time: 118.25s, train loss: -8.7881]
13 Sep 03:56    INFO  epoch 63 evaluating [time: 80.53s, valid_score: 0.118400]
13 Sep 03:56    INFO  valid result: 
recall@10 : 0.141    recall@20 : 0.2056    recall@50 : 0.323    ndcg@10 : 0.0996    ndcg@20 : 0.1184    ndcg@50 : 0.147    
13 Sep 03:58    INFO  epoch 64 training [time: 118.25s, train loss: -8.7888]
13 Sep 03:59    INFO  epoch 64 evaluating [time: 80.47s, valid_score: 0.119200]
13 Sep 03:59    INFO  valid result: 
recall@10 : 0.1425    recall@20 : 0.207    recall@50 : 0.3238    ndcg@10 : 0.1005    ndcg@20 : 0.1192    ndcg@50 : 0.1477    
13 Sep 03:59    INFO  Saving current best: saved/DirectAU-Sep-13-2023_00-16-04.pth
13 Sep 04:01    INFO  epoch 65 training [time: 133.35s, train loss: -8.7890]
13 Sep 04:03    INFO  epoch 65 evaluating [time: 80.59s, valid_score: 0.119200]
13 Sep 04:03    INFO  valid result: 
recall@10 : 0.142    recall@20 : 0.2069    recall@50 : 0.3231    ndcg@10 : 0.1003    ndcg@20 : 0.1192    ndcg@50 : 0.1476    
13 Sep 04:05    INFO  epoch 66 training [time: 118.23s, train loss: -8.7901]
13 Sep 04:06    INFO  epoch 66 evaluating [time: 80.44s, valid_score: 0.118700]
13 Sep 04:06    INFO  valid result: 
recall@10 : 0.1428    recall@20 : 0.2057    recall@50 : 0.3251    ndcg@10 : 0.1005    ndcg@20 : 0.1187    ndcg@50 : 0.1478    
13 Sep 04:08    INFO  epoch 67 training [time: 117.98s, train loss: -8.7904]
13 Sep 04:09    INFO  epoch 67 evaluating [time: 80.40s, valid_score: 0.118800]
13 Sep 04:09    INFO  valid result: 
recall@10 : 0.1418    recall@20 : 0.2063    recall@50 : 0.3223    ndcg@10 : 0.1002    ndcg@20 : 0.1188    ndcg@50 : 0.1472    
13 Sep 04:11    INFO  epoch 68 training [time: 118.02s, train loss: -8.7910]
13 Sep 04:13    INFO  epoch 68 evaluating [time: 80.13s, valid_score: 0.119400]
13 Sep 04:13    INFO  valid result: 
recall@10 : 0.1421    recall@20 : 0.2074    recall@50 : 0.3253    ndcg@10 : 0.1005    ndcg@20 : 0.1194    ndcg@50 : 0.1482    
13 Sep 04:13    INFO  Saving current best: saved/DirectAU-Sep-13-2023_00-16-04.pth
13 Sep 04:15    INFO  epoch 69 training [time: 130.63s, train loss: -8.7917]
13 Sep 04:16    INFO  epoch 69 evaluating [time: 80.11s, valid_score: 0.119400]
13 Sep 04:16    INFO  valid result: 
recall@10 : 0.142    recall@20 : 0.2073    recall@50 : 0.3245    ndcg@10 : 0.1006    ndcg@20 : 0.1194    ndcg@50 : 0.1481    
13 Sep 04:18    INFO  epoch 70 training [time: 118.11s, train loss: -8.7920]
13 Sep 04:20    INFO  epoch 70 evaluating [time: 79.81s, valid_score: 0.119000]
13 Sep 04:20    INFO  valid result: 
recall@10 : 0.1417    recall@20 : 0.207    recall@50 : 0.3237    ndcg@10 : 0.1001    ndcg@20 : 0.119    ndcg@50 : 0.1475    
13 Sep 04:22    INFO  epoch 71 training [time: 117.99s, train loss: -8.7928]
13 Sep 04:23    INFO  epoch 71 evaluating [time: 80.23s, valid_score: 0.119400]
13 Sep 04:23    INFO  valid result: 
recall@10 : 0.143    recall@20 : 0.2072    recall@50 : 0.3245    ndcg@10 : 0.1008    ndcg@20 : 0.1194    ndcg@50 : 0.1481    
13 Sep 04:25    INFO  epoch 72 training [time: 118.01s, train loss: -8.7932]
13 Sep 04:26    INFO  epoch 72 evaluating [time: 80.53s, valid_score: 0.119600]
13 Sep 04:26    INFO  valid result: 
recall@10 : 0.1426    recall@20 : 0.2081    recall@50 : 0.3237    ndcg@10 : 0.1007    ndcg@20 : 0.1196    ndcg@50 : 0.148    
13 Sep 04:26    INFO  Saving current best: saved/DirectAU-Sep-13-2023_00-16-04.pth
13 Sep 04:29    INFO  epoch 73 training [time: 131.49s, train loss: -8.7938]
13 Sep 04:30    INFO  epoch 73 evaluating [time: 80.95s, valid_score: 0.118800]
13 Sep 04:30    INFO  valid result: 
recall@10 : 0.142    recall@20 : 0.2073    recall@50 : 0.3244    ndcg@10 : 0.0999    ndcg@20 : 0.1188    ndcg@50 : 0.1475    
13 Sep 04:32    INFO  epoch 74 training [time: 117.93s, train loss: -8.7941]
13 Sep 04:33    INFO  epoch 74 evaluating [time: 80.06s, valid_score: 0.119500]
13 Sep 04:33    INFO  valid result: 
recall@10 : 0.1417    recall@20 : 0.2078    recall@50 : 0.3226    ndcg@10 : 0.1003    ndcg@20 : 0.1195    ndcg@50 : 0.1476    
13 Sep 04:35    INFO  epoch 75 training [time: 117.95s, train loss: -8.7945]
13 Sep 04:36    INFO  epoch 75 evaluating [time: 79.99s, valid_score: 0.119500]
13 Sep 04:36    INFO  valid result: 
recall@10 : 0.1424    recall@20 : 0.2082    recall@50 : 0.3232    ndcg@10 : 0.1004    ndcg@20 : 0.1195    ndcg@50 : 0.1477    
13 Sep 04:38    INFO  epoch 76 training [time: 117.90s, train loss: -8.7952]
13 Sep 04:40    INFO  epoch 76 evaluating [time: 80.62s, valid_score: 0.119700]
13 Sep 04:40    INFO  valid result: 
recall@10 : 0.1429    recall@20 : 0.2083    recall@50 : 0.324    ndcg@10 : 0.1008    ndcg@20 : 0.1197    ndcg@50 : 0.148    
13 Sep 04:40    INFO  Saving current best: saved/DirectAU-Sep-13-2023_00-16-04.pth
13 Sep 04:42    INFO  epoch 77 training [time: 129.40s, train loss: -8.7953]
13 Sep 04:43    INFO  epoch 77 evaluating [time: 81.12s, valid_score: 0.119700]
13 Sep 04:43    INFO  valid result: 
recall@10 : 0.1434    recall@20 : 0.2079    recall@50 : 0.3254    ndcg@10 : 0.101    ndcg@20 : 0.1197    ndcg@50 : 0.1484    
13 Sep 04:45    INFO  epoch 78 training [time: 117.92s, train loss: -8.7958]
13 Sep 04:47    INFO  epoch 78 evaluating [time: 81.59s, valid_score: 0.119100]
13 Sep 04:47    INFO  valid result: 
recall@10 : 0.1428    recall@20 : 0.2069    recall@50 : 0.3249    ndcg@10 : 0.1005    ndcg@20 : 0.1191    ndcg@50 : 0.148    
13 Sep 04:49    INFO  epoch 79 training [time: 117.92s, train loss: -8.7961]
13 Sep 04:50    INFO  epoch 79 evaluating [time: 80.12s, valid_score: 0.119800]
13 Sep 04:50    INFO  valid result: 
recall@10 : 0.1429    recall@20 : 0.2076    recall@50 : 0.3251    ndcg@10 : 0.101    ndcg@20 : 0.1198    ndcg@50 : 0.1485    
13 Sep 04:50    INFO  Saving current best: saved/DirectAU-Sep-13-2023_00-16-04.pth
13 Sep 04:52    INFO  epoch 80 training [time: 133.13s, train loss: -8.7966]
13 Sep 04:54    INFO  epoch 80 evaluating [time: 79.72s, valid_score: 0.119600]
13 Sep 04:54    INFO  valid result: 
recall@10 : 0.1429    recall@20 : 0.2083    recall@50 : 0.3244    ndcg@10 : 0.1007    ndcg@20 : 0.1196    ndcg@50 : 0.148    
13 Sep 04:56    INFO  epoch 81 training [time: 117.95s, train loss: -8.7970]
13 Sep 04:57    INFO  epoch 81 evaluating [time: 80.69s, valid_score: 0.119400]
13 Sep 04:57    INFO  valid result: 
recall@10 : 0.1431    recall@20 : 0.2083    recall@50 : 0.3252    ndcg@10 : 0.1006    ndcg@20 : 0.1194    ndcg@50 : 0.148    
13 Sep 04:59    INFO  epoch 82 training [time: 117.99s, train loss: -8.7973]
13 Sep 05:00    INFO  epoch 82 evaluating [time: 79.96s, valid_score: 0.119800]
13 Sep 05:00    INFO  valid result: 
recall@10 : 0.1433    recall@20 : 0.2088    recall@50 : 0.3266    ndcg@10 : 0.1008    ndcg@20 : 0.1198    ndcg@50 : 0.1485    
13 Sep 05:02    INFO  epoch 83 training [time: 118.05s, train loss: -8.7975]
13 Sep 05:04    INFO  epoch 83 evaluating [time: 80.64s, valid_score: 0.119900]
13 Sep 05:04    INFO  valid result: 
recall@10 : 0.1441    recall@20 : 0.2079    recall@50 : 0.3248    ndcg@10 : 0.1014    ndcg@20 : 0.1199    ndcg@50 : 0.1485    
13 Sep 05:04    INFO  Saving current best: saved/DirectAU-Sep-13-2023_00-16-04.pth
13 Sep 05:06    INFO  epoch 84 training [time: 131.27s, train loss: -8.7980]
13 Sep 05:07    INFO  epoch 84 evaluating [time: 79.66s, valid_score: 0.119400]
13 Sep 05:07    INFO  valid result: 
recall@10 : 0.1432    recall@20 : 0.2083    recall@50 : 0.3254    ndcg@10 : 0.1006    ndcg@20 : 0.1194    ndcg@50 : 0.148    
13 Sep 05:09    INFO  epoch 85 training [time: 118.27s, train loss: -8.7985]
13 Sep 05:11    INFO  epoch 85 evaluating [time: 81.07s, valid_score: 0.119600]
13 Sep 05:11    INFO  valid result: 
recall@10 : 0.1441    recall@20 : 0.2079    recall@50 : 0.3255    ndcg@10 : 0.1012    ndcg@20 : 0.1196    ndcg@50 : 0.1483    
13 Sep 05:13    INFO  epoch 86 training [time: 118.10s, train loss: -8.7988]
13 Sep 05:14    INFO  epoch 86 evaluating [time: 80.76s, valid_score: 0.119100]
13 Sep 05:14    INFO  valid result: 
recall@10 : 0.1421    recall@20 : 0.207    recall@50 : 0.3252    ndcg@10 : 0.1004    ndcg@20 : 0.1191    ndcg@50 : 0.1481    
13 Sep 05:16    INFO  epoch 87 training [time: 118.15s, train loss: -8.7988]
13 Sep 05:17    INFO  epoch 87 evaluating [time: 80.32s, valid_score: 0.119400]
13 Sep 05:17    INFO  valid result: 
recall@10 : 0.144    recall@20 : 0.2081    recall@50 : 0.3258    ndcg@10 : 0.1009    ndcg@20 : 0.1194    ndcg@50 : 0.1481    
13 Sep 05:19    INFO  epoch 88 training [time: 118.17s, train loss: -8.7994]
13 Sep 05:21    INFO  epoch 88 evaluating [time: 80.54s, valid_score: 0.119500]
13 Sep 05:21    INFO  valid result: 
recall@10 : 0.1435    recall@20 : 0.2086    recall@50 : 0.325    ndcg@10 : 0.1007    ndcg@20 : 0.1195    ndcg@50 : 0.148    
13 Sep 05:23    INFO  epoch 89 training [time: 133.36s, train loss: -8.7994]
13 Sep 05:24    INFO  epoch 89 evaluating [time: 80.08s, valid_score: 0.119400]
13 Sep 05:24    INFO  valid result: 
recall@10 : 0.1425    recall@20 : 0.2083    recall@50 : 0.3249    ndcg@10 : 0.1004    ndcg@20 : 0.1194    ndcg@50 : 0.148    
13 Sep 05:26    INFO  epoch 90 training [time: 118.18s, train loss: -8.7998]
13 Sep 05:27    INFO  epoch 90 evaluating [time: 81.60s, valid_score: 0.120100]
13 Sep 05:27    INFO  valid result: 
recall@10 : 0.1433    recall@20 : 0.2087    recall@50 : 0.3252    ndcg@10 : 0.1012    ndcg@20 : 0.1201    ndcg@50 : 0.1486    
13 Sep 05:28    INFO  Saving current best: saved/DirectAU-Sep-13-2023_00-16-04.pth
13 Sep 05:30    INFO  epoch 91 training [time: 118.08s, train loss: -8.7999]
13 Sep 05:31    INFO  epoch 91 evaluating [time: 80.42s, valid_score: 0.119700]
13 Sep 05:31    INFO  valid result: 
recall@10 : 0.1427    recall@20 : 0.2082    recall@50 : 0.3247    ndcg@10 : 0.1008    ndcg@20 : 0.1197    ndcg@50 : 0.1482    
13 Sep 05:33    INFO  epoch 92 training [time: 133.29s, train loss: -8.8005]
13 Sep 05:34    INFO  epoch 92 evaluating [time: 80.41s, valid_score: 0.119800]
13 Sep 05:34    INFO  valid result: 
recall@10 : 0.1426    recall@20 : 0.2081    recall@50 : 0.3255    ndcg@10 : 0.1009    ndcg@20 : 0.1198    ndcg@50 : 0.1486    
13 Sep 05:36    INFO  epoch 93 training [time: 118.16s, train loss: -8.8006]
13 Sep 05:38    INFO  epoch 93 evaluating [time: 81.62s, valid_score: 0.119900]
13 Sep 05:38    INFO  valid result: 
recall@10 : 0.1438    recall@20 : 0.2085    recall@50 : 0.3264    ndcg@10 : 0.1011    ndcg@20 : 0.1199    ndcg@50 : 0.1487    
13 Sep 05:40    INFO  epoch 94 training [time: 118.12s, train loss: -8.8009]
13 Sep 05:41    INFO  epoch 94 evaluating [time: 80.33s, valid_score: 0.119300]
13 Sep 05:41    INFO  valid result: 
recall@10 : 0.1428    recall@20 : 0.2077    recall@50 : 0.3237    ndcg@10 : 0.1004    ndcg@20 : 0.1193    ndcg@50 : 0.1477    
13 Sep 05:43    INFO  epoch 95 training [time: 118.11s, train loss: -8.8009]
13 Sep 05:44    INFO  epoch 95 evaluating [time: 80.39s, valid_score: 0.119700]
13 Sep 05:44    INFO  valid result: 
recall@10 : 0.143    recall@20 : 0.2087    recall@50 : 0.325    ndcg@10 : 0.1007    ndcg@20 : 0.1197    ndcg@50 : 0.1482    
13 Sep 05:46    INFO  epoch 96 training [time: 118.11s, train loss: -8.8012]
13 Sep 05:48    INFO  epoch 96 evaluating [time: 80.28s, valid_score: 0.119800]
13 Sep 05:48    INFO  valid result: 
recall@10 : 0.142    recall@20 : 0.2087    recall@50 : 0.3259    ndcg@10 : 0.1005    ndcg@20 : 0.1198    ndcg@50 : 0.1484    
13 Sep 05:50    INFO  epoch 97 training [time: 133.12s, train loss: -8.8014]
13 Sep 05:51    INFO  epoch 97 evaluating [time: 72.12s, valid_score: 0.119600]
13 Sep 05:51    INFO  valid result: 
recall@10 : 0.1436    recall@20 : 0.2076    recall@50 : 0.3253    ndcg@10 : 0.101    ndcg@20 : 0.1196    ndcg@50 : 0.1483    
13 Sep 05:53    INFO  epoch 98 training [time: 126.02s, train loss: -8.8017]
13 Sep 05:55    INFO  epoch 98 evaluating [time: 79.85s, valid_score: 0.119700]
13 Sep 05:55    INFO  valid result: 
recall@10 : 0.1425    recall@20 : 0.2079    recall@50 : 0.3263    ndcg@10 : 0.1007    ndcg@20 : 0.1197    ndcg@50 : 0.1486    
13 Sep 05:57    INFO  epoch 99 training [time: 118.00s, train loss: -8.8019]
13 Sep 05:58    INFO  epoch 99 evaluating [time: 80.59s, valid_score: 0.119700]
13 Sep 05:58    INFO  valid result: 
recall@10 : 0.1432    recall@20 : 0.2079    recall@50 : 0.3262    ndcg@10 : 0.101    ndcg@20 : 0.1197    ndcg@50 : 0.1486    
13 Sep 06:00    INFO  epoch 100 training [time: 118.17s, train loss: -8.8023]
13 Sep 06:01    INFO  epoch 100 evaluating [time: 80.30s, valid_score: 0.119800]
13 Sep 06:01    INFO  valid result: 
recall@10 : 0.1426    recall@20 : 0.2084    recall@50 : 0.326    ndcg@10 : 0.1008    ndcg@20 : 0.1198    ndcg@50 : 0.1485    
13 Sep 06:03    INFO  epoch 101 training [time: 117.95s, train loss: -8.8021]
13 Sep 06:04    INFO  epoch 101 evaluating [time: 80.73s, valid_score: 0.119900]
13 Sep 06:04    INFO  valid result: 
recall@10 : 0.1439    recall@20 : 0.2088    recall@50 : 0.3258    ndcg@10 : 0.1012    ndcg@20 : 0.1199    ndcg@50 : 0.1484    
13 Sep 06:04    INFO  Finished training, best eval result in epoch 90
13 Sep 06:04    INFO  Loading model structure and parameters from saved/DirectAU-Sep-13-2023_00-16-04.pth
13 Sep 06:06    INFO  best valid : {'recall@10': 0.1433, 'recall@20': 0.2087, 'recall@50': 0.3252, 'ndcg@10': 0.1012, 'ndcg@20': 0.1201, 'ndcg@50': 0.1486}
13 Sep 06:06    INFO  test result: {'recall@10': 0.1457, 'recall@20': 0.2092, 'recall@50': 0.3249, 'ndcg@10': 0.1067, 'ndcg@20': 0.1246, 'ndcg@50': 0.1529}
