command line args [--zc 1] will not be used in RecBole
24 Oct 16:41    INFO  
General Hyper Parameters:
gpu_id = 9
use_gpu = True
seed = 0
state = INFO
reproducibility = True
data_path = dataset/Beauty
show_progress = False

Training Hyper Parameters:
checkpoint_dir = saved
epochs = 500
train_batch_size = 256
learner = adam
learning_rate = 0.001
training_neg_sample_num = 0
training_neg_sample_distribution = uniform
eval_step = 1
stopping_step = 10
clip_grad_norm = None
weight_decay = 1e-06
draw_loss_pic = False
loss_decimal_place = 4

Evaluation Hyper Parameters:
eval_setting = RO_RS,full
group_by_user = True
split_ratio = [0.8, 0.1, 0.1]
leave_one_num = 2
real_time_process = False
metrics = ['Recall', 'NDCG']
topk = [10, 20, 50]
valid_metric = NDCG@20
eval_batch_size = 4096
metric_decimal_place = 4

Dataset Hyper Parameters:
field_separator = 	
seq_separator =  
USER_ID_FIELD = user_id
ITEM_ID_FIELD = item_id
RATING_FIELD = rating
TIME_FIELD = timestamp
seq_len = None
LABEL_FIELD = label
threshold = None
NEG_PREFIX = neg_
load_col = {'inter': ['user_id', 'item_id', 'timestamp']}
unload_col = None
unused_col = None
additional_feat_suffix = None
lowest_val = None
highest_val = None
equal_val = None
not_equal_val = None
max_user_inter_num = None
min_user_inter_num = 5
max_item_inter_num = None
min_item_inter_num = 5
fields_in_same_space = None
preload_weight = None
normalize_field = None
normalize_all = None
ITEM_LIST_LENGTH_FIELD = item_length
LIST_SUFFIX = _list
MAX_ITEM_LIST_LENGTH = 50
POSITION_FIELD = position_id
HEAD_ENTITY_ID_FIELD = head_id
TAIL_ENTITY_ID_FIELD = tail_id
RELATION_ID_FIELD = relation_id
ENTITY_ID_FIELD = entity_id

Other Hyper Parameters: 
valid_metric_bigger = True
BT = 0.1
bt = 0.001
embedding_size = 64
encoder = MF
gamma = 0.5
times = 1
witem = 0.1
wuser = 0.8
zc = 1.0
rm_dup_inter = None
filter_inter_by_user_or_item = True
SOURCE_ID_FIELD = source_id
TARGET_ID_FIELD = target_id
benchmark_filename = None
MODEL_TYPE = ModelType.GENERAL
MODEL_INPUT_TYPE = InputType.POINTWISE
eval_type = EvaluatorType.RANKING
device = cuda
train_neg_sample_args = {'strategy': 'none'}


24 Oct 16:41    INFO  Beauty
The number of users: 22364
Average actions of users: 8.876358270357287
The number of items: 12102
Average actions of items: 16.403768283612923
The number of inters: 198502
The sparsity of the dataset: 99.92665707018277%
Remain Fields: ['user_id', 'item_id', 'timestamp']
24 Oct 16:41    INFO  Build [GeneralDataLoader] for [train] with format [InputType.POINTWISE]
24 Oct 16:41    INFO  [train] No Negative Sampling
24 Oct 16:41    INFO  [train] batch_size = [256], shuffle = [True]

24 Oct 16:41    INFO  Build [GeneralFullDataLoader] for [evaluation] with format [InputType.POINTWISE]
24 Oct 16:41    INFO  Evaluation Setting:
	Group by user_id
	Ordering: {'strategy': 'shuffle'}
	Splitting: {'strategy': 'by_ratio', 'ratios': [0.8, 0.1, 0.1]}
	Negative Sampling: {'strategy': 'full', 'distribution': 'uniform'}
24 Oct 16:41    INFO  [evaluation] batch_size = [4096], shuffle = [False]

24 Oct 16:41    WARNING  Batch size is changed to 12102.
24 Oct 16:41    WARNING  Batch size is changed to 12102.
{'BT': 0.1, 'bt': 0.001, 'embedding_size': 64, 'encoder': 'MF', 'gamma': None, 'times': 1, 'training_neg_sample_num': 0, 'witem': 0.1, 'wuser': 0.8, 'zc': 1.0}
this is encoder MF...
这是directau 的 WUBT 版本...
24 Oct 16:41    INFO  DirectAU(
  (encoder): MFEncoder(
    (user_embedding): Embedding(22364, 64)
    (item_embedding): Embedding(12102, 64)
  )
  (bn): BatchNorm1d(64, eps=1e-05, momentum=0.1, affine=False, track_running_stats=True)
  (projector): Sequential(
    (0): Linear(in_features=64, out_features=64, bias=False)
    (1): BatchNorm1d(64, eps=1e-05, momentum=0.1, affine=True, track_running_stats=True)
    (2): ReLU(inplace=True)
    (3): Linear(in_features=64, out_features=64, bias=False)
    (4): BatchNorm1d(64, eps=1e-05, momentum=0.1, affine=True, track_running_stats=True)
    (5): ReLU(inplace=True)
    (6): Linear(in_features=64, out_features=64, bias=False)
  )
)
Trainable parameters: 2218368
24 Oct 16:41    INFO  epoch 0 training [time: 2.07s, train loss: -0.8878]
24 Oct 16:41    INFO  epoch 0 evaluating [time: 9.55s, valid_score: 0.013900]
24 Oct 16:41    INFO  valid result: 
recall@10 : 0.02    recall@20 : 0.0303    recall@50 : 0.0502    ndcg@10 : 0.0111    ndcg@20 : 0.0139    ndcg@50 : 0.0182    
24 Oct 16:41    INFO  Saving current best: saved/DirectAU-Oct-24-2023_16-41-37.pth
24 Oct 16:41    INFO  epoch 1 training [time: 2.09s, train loss: -1.1787]
24 Oct 16:42    INFO  epoch 1 evaluating [time: 9.44s, valid_score: 0.019600]
24 Oct 16:42    INFO  valid result: 
recall@10 : 0.0273    recall@20 : 0.0427    recall@50 : 0.0709    ndcg@10 : 0.0154    ndcg@20 : 0.0196    ndcg@50 : 0.0255    
24 Oct 16:42    INFO  Saving current best: saved/DirectAU-Oct-24-2023_16-41-37.pth
24 Oct 16:42    INFO  epoch 2 training [time: 2.12s, train loss: -1.2449]
24 Oct 16:42    INFO  epoch 2 evaluating [time: 9.45s, valid_score: 0.022900]
24 Oct 16:42    INFO  valid result: 
recall@10 : 0.0326    recall@20 : 0.0504    recall@50 : 0.082    ndcg@10 : 0.0181    ndcg@20 : 0.0229    ndcg@50 : 0.0295    
24 Oct 16:42    INFO  Saving current best: saved/DirectAU-Oct-24-2023_16-41-37.pth
24 Oct 16:42    INFO  epoch 3 training [time: 2.02s, train loss: -1.2724]
24 Oct 16:42    INFO  epoch 3 evaluating [time: 9.70s, valid_score: 0.025300]
24 Oct 16:42    INFO  valid result: 
recall@10 : 0.036    recall@20 : 0.0552    recall@50 : 0.0907    ndcg@10 : 0.0201    ndcg@20 : 0.0253    ndcg@50 : 0.0326    
24 Oct 16:42    INFO  Saving current best: saved/DirectAU-Oct-24-2023_16-41-37.pth
24 Oct 16:42    INFO  epoch 4 training [time: 2.10s, train loss: -1.2803]
24 Oct 16:42    INFO  epoch 4 evaluating [time: 9.89s, valid_score: 0.027000]
24 Oct 16:42    INFO  valid result: 
recall@10 : 0.0381    recall@20 : 0.0589    recall@50 : 0.0959    ndcg@10 : 0.0214    ndcg@20 : 0.027    ndcg@50 : 0.0347    
24 Oct 16:42    INFO  Saving current best: saved/DirectAU-Oct-24-2023_16-41-37.pth
24 Oct 16:42    INFO  epoch 5 training [time: 1.96s, train loss: -1.2948]
Traceback (most recent call last):
  File "run_recbole.py", line 35, in <module>
    run_recbole(model=args.model, dataset=args.dataset, config_file_list=config_file_list)
  File "/data/danzhang/wuxi/DirectAU/recbole/quick_start/quick_start.py", line 58, in run_recbole
    train_data, valid_data, saved=saved, show_progress=config['show_progress']
  File "/data/danzhang/wuxi/DirectAU/recbole/trainer/trainer.py", line 316, in fit
    valid_score, valid_result = self._valid_epoch(valid_data, show_progress=show_progress)
  File "/data/danzhang/wuxi/DirectAU/recbole/trainer/trainer.py", line 213, in _valid_epoch
    valid_result = self.evaluate(valid_data, load_best_model=False, show_progress=show_progress)
  File "/home/danzhang/miniconda3/lib/python3.7/site-packages/torch/autograd/grad_mode.py", line 28, in decorate_context
    return func(*args, **kwargs)
  File "/data/danzhang/wuxi/DirectAU/recbole/trainer/trainer.py", line 429, in evaluate
    interaction, scores = self._full_sort_batch_eval(batched_data)
  File "/data/danzhang/wuxi/DirectAU/recbole/trainer/trainer.py", line 376, in _full_sort_batch_eval
    scores[swap_row, swap_col_after] = scores[swap_row, swap_col_before]
KeyboardInterrupt
