command line args [--zc 1] will not be used in RecBole
25 Oct 00:22    INFO  
General Hyper Parameters:
gpu_id = 6
use_gpu = True
seed = 0
state = INFO
reproducibility = True
data_path = dataset/Yelp
show_progress = False

Training Hyper Parameters:
checkpoint_dir = saved
epochs = 500
train_batch_size = 1024
learner = adam
learning_rate = 0.001
training_neg_sample_num = 0
training_neg_sample_distribution = uniform
eval_step = 1
stopping_step = 10
clip_grad_norm = None
weight_decay = 1e-06
draw_loss_pic = False
loss_decimal_place = 4

Evaluation Hyper Parameters:
eval_setting = RO_RS,full
group_by_user = True
split_ratio = [0.8, 0.1, 0.1]
leave_one_num = 2
real_time_process = False
metrics = ['Recall', 'NDCG']
topk = [10, 20, 50]
valid_metric = NDCG@20
eval_batch_size = 4096
metric_decimal_place = 4

Dataset Hyper Parameters:
field_separator = 	
seq_separator =  
USER_ID_FIELD = user_id
ITEM_ID_FIELD = item_id
RATING_FIELD = rating
TIME_FIELD = timestamp
seq_len = None
LABEL_FIELD = label
threshold = None
NEG_PREFIX = neg_
load_col = {'inter': ['user_id', 'item_id', 'timestamp']}
unload_col = None
unused_col = None
additional_feat_suffix = None
lowest_val = None
highest_val = None
equal_val = None
not_equal_val = None
max_user_inter_num = None
min_user_inter_num = 5
max_item_inter_num = None
min_item_inter_num = 5
fields_in_same_space = None
preload_weight = None
normalize_field = None
normalize_all = None
ITEM_LIST_LENGTH_FIELD = item_length
LIST_SUFFIX = _list
MAX_ITEM_LIST_LENGTH = 50
POSITION_FIELD = position_id
HEAD_ENTITY_ID_FIELD = head_id
TAIL_ENTITY_ID_FIELD = tail_id
RELATION_ID_FIELD = relation_id
ENTITY_ID_FIELD = entity_id

Other Hyper Parameters: 
valid_metric_bigger = True
BT = 0.1
bt = 0.001
embedding_size = 64
encoder = MF
gamma = 0.5
times = 1
witem = 0.1
wuser = 0.8
zc = 1.0
rm_dup_inter = None
filter_inter_by_user_or_item = True
SOURCE_ID_FIELD = source_id
TARGET_ID_FIELD = target_id
benchmark_filename = None
MODEL_TYPE = ModelType.GENERAL
MODEL_INPUT_TYPE = InputType.POINTWISE
eval_type = EvaluatorType.RANKING
device = cuda
train_neg_sample_args = {'strategy': 'none'}


25 Oct 00:22    INFO  Yelp
The number of users: 31669
Average actions of users: 49.305481874447395
The number of items: 38049
Average actions of items: 41.037794365012616
The number of inters: 1561406
The sparsity of the dataset: 99.87041991912021%
Remain Fields: ['user_id', 'item_id']
25 Oct 00:22    INFO  Build [GeneralDataLoader] for [train] with format [InputType.POINTWISE]
25 Oct 00:22    INFO  [train] No Negative Sampling
25 Oct 00:22    INFO  [train] batch_size = [1024], shuffle = [True]

25 Oct 00:22    INFO  Build [GeneralFullDataLoader] for [evaluation] with format [InputType.POINTWISE]
25 Oct 00:22    INFO  Evaluation Setting:
	Group by user_id
	Ordering: {'strategy': 'shuffle'}
	Splitting: {'strategy': 'by_ratio', 'ratios': [0.8, 0.1, 0.1]}
	Negative Sampling: {'strategy': 'full', 'distribution': 'uniform'}
25 Oct 00:22    INFO  [evaluation] batch_size = [4096], shuffle = [False]

25 Oct 00:22    WARNING  Batch size is changed to 38049.
25 Oct 00:22    WARNING  Batch size is changed to 38049.
{'BT': 0.1, 'bt': 0.001, 'embedding_size': 64, 'encoder': 'MF', 'gamma': None, 'times': 1, 'training_neg_sample_num': 0, 'witem': 0.1, 'wuser': 0.8, 'zc': 1.0}
this is encoder MF...
这是directau 的 WUBT 版本...
25 Oct 00:22    INFO  DirectAU(
  (encoder): MFEncoder(
    (user_embedding): Embedding(31669, 64)
    (item_embedding): Embedding(38049, 64)
  )
  (bn): BatchNorm1d(64, eps=1e-05, momentum=0.1, affine=False, track_running_stats=True)
  (projector): Sequential(
    (0): Linear(in_features=64, out_features=64, bias=False)
    (1): BatchNorm1d(64, eps=1e-05, momentum=0.1, affine=True, track_running_stats=True)
    (2): ReLU(inplace=True)
    (3): Linear(in_features=64, out_features=64, bias=False)
    (4): BatchNorm1d(64, eps=1e-05, momentum=0.1, affine=True, track_running_stats=True)
    (5): ReLU(inplace=True)
    (6): Linear(in_features=64, out_features=64, bias=False)
  )
)
Trainable parameters: 4474496
25 Oct 00:23    INFO  epoch 0 training [time: 23.79s, train loss: 0.2405]
25 Oct 00:23    INFO  epoch 0 evaluating [time: 15.43s, valid_score: 0.022300]
25 Oct 00:23    INFO  valid result: 
recall@10 : 0.021    recall@20 : 0.0364    recall@50 : 0.0736    ndcg@10 : 0.017    ndcg@20 : 0.0223    ndcg@50 : 0.0335    
25 Oct 00:23    INFO  Saving current best: saved/DirectAU-Oct-25-2023_00-22-51.pth
25 Oct 00:23    INFO  epoch 1 training [time: 23.62s, train loss: -0.1277]
25 Oct 00:24    INFO  epoch 1 evaluating [time: 15.03s, valid_score: 0.032700]
25 Oct 00:24    INFO  valid result: 
recall@10 : 0.0316    recall@20 : 0.0537    recall@50 : 0.1023    ndcg@10 : 0.025    ndcg@20 : 0.0327    ndcg@50 : 0.0471    
25 Oct 00:24    INFO  Saving current best: saved/DirectAU-Oct-25-2023_00-22-51.pth
25 Oct 00:24    INFO  epoch 2 training [time: 23.70s, train loss: -0.2127]
25 Oct 00:24    INFO  epoch 2 evaluating [time: 15.44s, valid_score: 0.037100]
25 Oct 00:24    INFO  valid result: 
recall@10 : 0.0359    recall@20 : 0.0609    recall@50 : 0.116    ndcg@10 : 0.0285    ndcg@20 : 0.0371    ndcg@50 : 0.0533    
25 Oct 00:24    INFO  Saving current best: saved/DirectAU-Oct-25-2023_00-22-51.pth
25 Oct 00:25    INFO  epoch 3 training [time: 23.71s, train loss: -0.2552]
25 Oct 00:25    INFO  epoch 3 evaluating [time: 15.36s, valid_score: 0.040200]
25 Oct 00:25    INFO  valid result: 
recall@10 : 0.0397    recall@20 : 0.0667    recall@50 : 0.1246    ndcg@10 : 0.0311    ndcg@20 : 0.0402    ndcg@50 : 0.0571    
25 Oct 00:25    INFO  Saving current best: saved/DirectAU-Oct-25-2023_00-22-51.pth
25 Oct 00:25    INFO  epoch 4 training [time: 23.70s, train loss: -0.2833]
25 Oct 00:26    INFO  epoch 4 evaluating [time: 15.32s, valid_score: 0.042200]
25 Oct 00:26    INFO  valid result: 
recall@10 : 0.0417    recall@20 : 0.069    recall@50 : 0.1301    ndcg@10 : 0.0329    ndcg@20 : 0.0422    ndcg@50 : 0.0601    
25 Oct 00:26    INFO  Saving current best: saved/DirectAU-Oct-25-2023_00-22-51.pth
25 Oct 00:26    INFO  epoch 5 training [time: 23.67s, train loss: -0.3043]
25 Oct 00:26    INFO  epoch 5 evaluating [time: 15.45s, valid_score: 0.044600]
25 Oct 00:26    INFO  valid result: 
recall@10 : 0.0444    recall@20 : 0.0735    recall@50 : 0.135    ndcg@10 : 0.0347    ndcg@20 : 0.0446    ndcg@50 : 0.0625    
25 Oct 00:26    INFO  Saving current best: saved/DirectAU-Oct-25-2023_00-22-51.pth
25 Oct 00:27    INFO  epoch 6 training [time: 23.72s, train loss: -0.3211]
25 Oct 00:27    INFO  epoch 6 evaluating [time: 15.16s, valid_score: 0.046600]
25 Oct 00:27    INFO  valid result: 
recall@10 : 0.0463    recall@20 : 0.0768    recall@50 : 0.1403    ndcg@10 : 0.0361    ndcg@20 : 0.0466    ndcg@50 : 0.065    
25 Oct 00:27    INFO  Saving current best: saved/DirectAU-Oct-25-2023_00-22-51.pth
25 Oct 00:27    INFO  epoch 7 training [time: 23.82s, train loss: -0.3355]
25 Oct 00:28    INFO  epoch 7 evaluating [time: 15.31s, valid_score: 0.047900]
25 Oct 00:28    INFO  valid result: 
recall@10 : 0.0475    recall@20 : 0.0788    recall@50 : 0.1443    ndcg@10 : 0.0373    ndcg@20 : 0.0479    ndcg@50 : 0.067    
25 Oct 00:28    INFO  Saving current best: saved/DirectAU-Oct-25-2023_00-22-51.pth
25 Oct 00:28    INFO  epoch 8 training [time: 23.76s, train loss: -0.3475]
25 Oct 00:28    INFO  epoch 8 evaluating [time: 14.92s, valid_score: 0.049200]
25 Oct 00:28    INFO  valid result: 
recall@10 : 0.0483    recall@20 : 0.0813    recall@50 : 0.1477    ndcg@10 : 0.0381    ndcg@20 : 0.0492    ndcg@50 : 0.0686    
25 Oct 00:28    INFO  Saving current best: saved/DirectAU-Oct-25-2023_00-22-51.pth
25 Oct 00:29    INFO  epoch 9 training [time: 23.63s, train loss: -0.3579]
25 Oct 00:29    INFO  epoch 9 evaluating [time: 15.15s, valid_score: 0.050400]
25 Oct 00:29    INFO  valid result: 
recall@10 : 0.0501    recall@20 : 0.0825    recall@50 : 0.1516    ndcg@10 : 0.0394    ndcg@20 : 0.0504    ndcg@50 : 0.0705    
25 Oct 00:29    INFO  Saving current best: saved/DirectAU-Oct-25-2023_00-22-51.pth
25 Oct 00:29    INFO  epoch 10 training [time: 23.74s, train loss: -0.3670]
25 Oct 00:30    INFO  epoch 10 evaluating [time: 14.82s, valid_score: 0.051800]
25 Oct 00:30    INFO  valid result: 
recall@10 : 0.0519    recall@20 : 0.0846    recall@50 : 0.1551    ndcg@10 : 0.0407    ndcg@20 : 0.0518    ndcg@50 : 0.0723    
25 Oct 00:30    INFO  Saving current best: saved/DirectAU-Oct-25-2023_00-22-51.pth
25 Oct 00:30    INFO  epoch 11 training [time: 23.85s, train loss: -0.3745]
25 Oct 00:30    INFO  epoch 11 evaluating [time: 15.08s, valid_score: 0.052900]
25 Oct 00:30    INFO  valid result: 
recall@10 : 0.0531    recall@20 : 0.0865    recall@50 : 0.1575    ndcg@10 : 0.0416    ndcg@20 : 0.0529    ndcg@50 : 0.0735    
25 Oct 00:30    INFO  Saving current best: saved/DirectAU-Oct-25-2023_00-22-51.pth
25 Oct 00:31    INFO  epoch 12 training [time: 23.85s, train loss: -0.3813]
25 Oct 00:31    INFO  epoch 12 evaluating [time: 14.80s, valid_score: 0.054100]
25 Oct 00:31    INFO  valid result: 
recall@10 : 0.0549    recall@20 : 0.0886    recall@50 : 0.1613    ndcg@10 : 0.0428    ndcg@20 : 0.0541    ndcg@50 : 0.0752    
25 Oct 00:31    INFO  Saving current best: saved/DirectAU-Oct-25-2023_00-22-51.pth
25 Oct 00:31    INFO  epoch 13 training [time: 23.77s, train loss: -0.3872]
25 Oct 00:31    INFO  epoch 13 evaluating [time: 15.15s, valid_score: 0.055300]
25 Oct 00:31    INFO  valid result: 
recall@10 : 0.0547    recall@20 : 0.09    recall@50 : 0.1627    ndcg@10 : 0.0433    ndcg@20 : 0.0553    ndcg@50 : 0.0763    
25 Oct 00:31    INFO  Saving current best: saved/DirectAU-Oct-25-2023_00-22-51.pth
25 Oct 00:32    INFO  epoch 14 training [time: 23.85s, train loss: -0.3921]
25 Oct 00:32    INFO  epoch 14 evaluating [time: 14.96s, valid_score: 0.056800]
25 Oct 00:32    INFO  valid result: 
recall@10 : 0.0565    recall@20 : 0.0918    recall@50 : 0.1654    ndcg@10 : 0.0447    ndcg@20 : 0.0568    ndcg@50 : 0.0781    
25 Oct 00:32    INFO  Saving current best: saved/DirectAU-Oct-25-2023_00-22-51.pth
25 Oct 00:33    INFO  epoch 15 training [time: 23.81s, train loss: -0.3966]
25 Oct 00:33    INFO  epoch 15 evaluating [time: 15.25s, valid_score: 0.057600]
25 Oct 00:33    INFO  valid result: 
recall@10 : 0.0575    recall@20 : 0.0938    recall@50 : 0.1679    ndcg@10 : 0.0453    ndcg@20 : 0.0576    ndcg@50 : 0.0791    
25 Oct 00:33    INFO  Saving current best: saved/DirectAU-Oct-25-2023_00-22-51.pth
25 Oct 00:33    INFO  epoch 16 training [time: 23.83s, train loss: -0.4004]
25 Oct 00:33    INFO  epoch 16 evaluating [time: 15.08s, valid_score: 0.058000]
25 Oct 00:33    INFO  valid result: 
recall@10 : 0.0587    recall@20 : 0.0944    recall@50 : 0.1705    ndcg@10 : 0.0459    ndcg@20 : 0.058    ndcg@50 : 0.08    
25 Oct 00:33    INFO  Saving current best: saved/DirectAU-Oct-25-2023_00-22-51.pth
25 Oct 00:34    INFO  epoch 17 training [time: 23.85s, train loss: -0.4040]
25 Oct 00:34    INFO  epoch 17 evaluating [time: 14.91s, valid_score: 0.058600]
25 Oct 00:34    INFO  valid result: 
recall@10 : 0.0584    recall@20 : 0.0955    recall@50 : 0.1703    ndcg@10 : 0.0461    ndcg@20 : 0.0586    ndcg@50 : 0.0803    
25 Oct 00:34    INFO  Saving current best: saved/DirectAU-Oct-25-2023_00-22-51.pth
25 Oct 00:34    INFO  epoch 18 training [time: 23.85s, train loss: -0.4070]
25 Oct 00:35    INFO  epoch 18 evaluating [time: 15.24s, valid_score: 0.059200]
25 Oct 00:35    INFO  valid result: 
recall@10 : 0.0595    recall@20 : 0.096    recall@50 : 0.1726    ndcg@10 : 0.0469    ndcg@20 : 0.0592    ndcg@50 : 0.0814    
25 Oct 00:35    INFO  Saving current best: saved/DirectAU-Oct-25-2023_00-22-51.pth
25 Oct 00:35    INFO  epoch 19 training [time: 23.88s, train loss: -0.4096]
25 Oct 00:35    INFO  epoch 19 evaluating [time: 14.84s, valid_score: 0.060000]
25 Oct 00:35    INFO  valid result: 
recall@10 : 0.06    recall@20 : 0.0972    recall@50 : 0.1748    ndcg@10 : 0.0475    ndcg@20 : 0.06    ndcg@50 : 0.0825    
25 Oct 00:35    INFO  Saving current best: saved/DirectAU-Oct-25-2023_00-22-51.pth
25 Oct 00:36    INFO  epoch 20 training [time: 23.87s, train loss: -0.4119]
25 Oct 00:36    INFO  epoch 20 evaluating [time: 15.09s, valid_score: 0.060300]
25 Oct 00:36    INFO  valid result: 
recall@10 : 0.0598    recall@20 : 0.098    recall@50 : 0.1749    ndcg@10 : 0.0474    ndcg@20 : 0.0603    ndcg@50 : 0.0826    
25 Oct 00:36    INFO  Saving current best: saved/DirectAU-Oct-25-2023_00-22-51.pth
25 Oct 00:36    INFO  epoch 21 training [time: 23.87s, train loss: -0.4139]
25 Oct 00:37    INFO  epoch 21 evaluating [time: 14.93s, valid_score: 0.060700]
25 Oct 00:37    INFO  valid result: 
recall@10 : 0.0605    recall@20 : 0.0986    recall@50 : 0.1765    ndcg@10 : 0.048    ndcg@20 : 0.0607    ndcg@50 : 0.0833    
25 Oct 00:37    INFO  Saving current best: saved/DirectAU-Oct-25-2023_00-22-51.pth
25 Oct 00:37    INFO  epoch 22 training [time: 23.98s, train loss: -0.4155]
25 Oct 00:37    INFO  epoch 22 evaluating [time: 15.19s, valid_score: 0.061300]
25 Oct 00:37    INFO  valid result: 
recall@10 : 0.0613    recall@20 : 0.0994    recall@50 : 0.1771    ndcg@10 : 0.0485    ndcg@20 : 0.0613    ndcg@50 : 0.0838    
25 Oct 00:37    INFO  Saving current best: saved/DirectAU-Oct-25-2023_00-22-51.pth
25 Oct 00:38    INFO  epoch 23 training [time: 24.00s, train loss: -0.4172]
25 Oct 00:38    INFO  epoch 23 evaluating [time: 14.91s, valid_score: 0.061800]
25 Oct 00:38    INFO  valid result: 
recall@10 : 0.0618    recall@20 : 0.1001    recall@50 : 0.1783    ndcg@10 : 0.0489    ndcg@20 : 0.0618    ndcg@50 : 0.0845    
25 Oct 00:38    INFO  Saving current best: saved/DirectAU-Oct-25-2023_00-22-51.pth
25 Oct 00:38    INFO  epoch 24 training [time: 23.96s, train loss: -0.4186]
25 Oct 00:39    INFO  epoch 24 evaluating [time: 15.04s, valid_score: 0.061800]
25 Oct 00:39    INFO  valid result: 
recall@10 : 0.0616    recall@20 : 0.1003    recall@50 : 0.1794    ndcg@10 : 0.0488    ndcg@20 : 0.0618    ndcg@50 : 0.0848    
25 Oct 00:39    INFO  epoch 25 training [time: 23.87s, train loss: -0.4197]
25 Oct 00:39    INFO  epoch 25 evaluating [time: 14.88s, valid_score: 0.062300]
25 Oct 00:39    INFO  valid result: 
recall@10 : 0.0617    recall@20 : 0.101    recall@50 : 0.18    ndcg@10 : 0.0492    ndcg@20 : 0.0623    ndcg@50 : 0.0853    
25 Oct 00:39    INFO  Saving current best: saved/DirectAU-Oct-25-2023_00-22-51.pth
25 Oct 00:40    INFO  epoch 26 training [time: 23.87s, train loss: -0.4208]
25 Oct 00:40    INFO  epoch 26 evaluating [time: 15.14s, valid_score: 0.062700]
25 Oct 00:40    INFO  valid result: 
recall@10 : 0.0621    recall@20 : 0.1019    recall@50 : 0.1805    ndcg@10 : 0.0494    ndcg@20 : 0.0627    ndcg@50 : 0.0855    
25 Oct 00:40    INFO  Saving current best: saved/DirectAU-Oct-25-2023_00-22-51.pth
25 Oct 00:40    INFO  epoch 27 training [time: 23.88s, train loss: -0.4218]
25 Oct 00:41    INFO  epoch 27 evaluating [time: 14.96s, valid_score: 0.062800]
25 Oct 00:41    INFO  valid result: 
recall@10 : 0.0622    recall@20 : 0.1019    recall@50 : 0.1812    ndcg@10 : 0.0494    ndcg@20 : 0.0628    ndcg@50 : 0.0858    
25 Oct 00:41    INFO  Saving current best: saved/DirectAU-Oct-25-2023_00-22-51.pth
25 Oct 00:41    INFO  epoch 28 training [time: 24.10s, train loss: -0.4227]
25 Oct 00:41    INFO  epoch 28 evaluating [time: 17.19s, valid_score: 0.063400]
25 Oct 00:41    INFO  valid result: 
recall@10 : 0.0624    recall@20 : 0.1026    recall@50 : 0.1819    ndcg@10 : 0.0499    ndcg@20 : 0.0634    ndcg@50 : 0.0864    
25 Oct 00:41    INFO  Saving current best: saved/DirectAU-Oct-25-2023_00-22-51.pth
25 Oct 00:42    INFO  epoch 29 training [time: 23.88s, train loss: -0.4236]
25 Oct 00:42    INFO  epoch 29 evaluating [time: 15.15s, valid_score: 0.063400]
25 Oct 00:42    INFO  valid result: 
recall@10 : 0.0627    recall@20 : 0.103    recall@50 : 0.1824    ndcg@10 : 0.0499    ndcg@20 : 0.0634    ndcg@50 : 0.0865    
25 Oct 00:42    INFO  epoch 30 training [time: 23.93s, train loss: -0.4242]
25 Oct 00:43    INFO  epoch 30 evaluating [time: 17.19s, valid_score: 0.063800]
25 Oct 00:43    INFO  valid result: 
recall@10 : 0.0634    recall@20 : 0.1034    recall@50 : 0.1824    ndcg@10 : 0.0503    ndcg@20 : 0.0638    ndcg@50 : 0.0868    
25 Oct 00:43    INFO  Saving current best: saved/DirectAU-Oct-25-2023_00-22-51.pth
25 Oct 00:43    INFO  epoch 31 training [time: 23.94s, train loss: -0.4248]
25 Oct 00:43    INFO  epoch 31 evaluating [time: 15.21s, valid_score: 0.063700]
25 Oct 00:43    INFO  valid result: 
recall@10 : 0.0641    recall@20 : 0.1029    recall@50 : 0.183    ndcg@10 : 0.0506    ndcg@20 : 0.0637    ndcg@50 : 0.0869    
25 Oct 00:44    INFO  epoch 32 training [time: 23.89s, train loss: -0.4253]
25 Oct 00:44    INFO  epoch 32 evaluating [time: 14.93s, valid_score: 0.064100]
25 Oct 00:44    INFO  valid result: 
recall@10 : 0.0636    recall@20 : 0.1036    recall@50 : 0.184    ndcg@10 : 0.0506    ndcg@20 : 0.0641    ndcg@50 : 0.0874    
25 Oct 00:44    INFO  Saving current best: saved/DirectAU-Oct-25-2023_00-22-51.pth
25 Oct 00:44    INFO  epoch 33 training [time: 23.85s, train loss: -0.4260]
25 Oct 00:45    INFO  epoch 33 evaluating [time: 15.15s, valid_score: 0.064300]
25 Oct 00:45    INFO  valid result: 
recall@10 : 0.0635    recall@20 : 0.1044    recall@50 : 0.1841    ndcg@10 : 0.0506    ndcg@20 : 0.0643    ndcg@50 : 0.0875    
25 Oct 00:45    INFO  Saving current best: saved/DirectAU-Oct-25-2023_00-22-51.pth
25 Oct 00:45    INFO  epoch 34 training [time: 23.81s, train loss: -0.4264]
25 Oct 00:45    INFO  epoch 34 evaluating [time: 15.13s, valid_score: 0.064700]
25 Oct 00:45    INFO  valid result: 
recall@10 : 0.0643    recall@20 : 0.1045    recall@50 : 0.1852    ndcg@10 : 0.0512    ndcg@20 : 0.0647    ndcg@50 : 0.0881    
25 Oct 00:45    INFO  Saving current best: saved/DirectAU-Oct-25-2023_00-22-51.pth
25 Oct 00:46    INFO  epoch 35 training [time: 23.84s, train loss: -0.4268]
25 Oct 00:46    INFO  epoch 35 evaluating [time: 15.31s, valid_score: 0.064700]
25 Oct 00:46    INFO  valid result: 
recall@10 : 0.0646    recall@20 : 0.1047    recall@50 : 0.1851    ndcg@10 : 0.0511    ndcg@20 : 0.0647    ndcg@50 : 0.0879    
25 Oct 00:46    INFO  epoch 36 training [time: 23.83s, train loss: -0.4274]
25 Oct 00:47    INFO  epoch 36 evaluating [time: 15.10s, valid_score: 0.064800]
25 Oct 00:47    INFO  valid result: 
recall@10 : 0.0641    recall@20 : 0.105    recall@50 : 0.1853    ndcg@10 : 0.051    ndcg@20 : 0.0648    ndcg@50 : 0.088    
25 Oct 00:47    INFO  Saving current best: saved/DirectAU-Oct-25-2023_00-22-51.pth
25 Oct 00:47    INFO  epoch 37 training [time: 23.87s, train loss: -0.4277]
25 Oct 00:47    INFO  epoch 37 evaluating [time: 15.15s, valid_score: 0.065000]
25 Oct 00:47    INFO  valid result: 
recall@10 : 0.0644    recall@20 : 0.1049    recall@50 : 0.1859    ndcg@10 : 0.0514    ndcg@20 : 0.065    ndcg@50 : 0.0885    
25 Oct 00:47    INFO  Saving current best: saved/DirectAU-Oct-25-2023_00-22-51.pth
25 Oct 00:48    INFO  epoch 38 training [time: 23.81s, train loss: -0.4281]
25 Oct 00:48    INFO  epoch 38 evaluating [time: 15.18s, valid_score: 0.065100]
25 Oct 00:48    INFO  valid result: 
recall@10 : 0.0642    recall@20 : 0.1053    recall@50 : 0.1857    ndcg@10 : 0.0512    ndcg@20 : 0.0651    ndcg@50 : 0.0884    
25 Oct 00:48    INFO  Saving current best: saved/DirectAU-Oct-25-2023_00-22-51.pth
25 Oct 00:48    INFO  epoch 39 training [time: 23.83s, train loss: -0.4284]
25 Oct 00:48    INFO  epoch 39 evaluating [time: 15.40s, valid_score: 0.065500]
25 Oct 00:48    INFO  valid result: 
recall@10 : 0.0643    recall@20 : 0.1053    recall@50 : 0.1863    ndcg@10 : 0.0516    ndcg@20 : 0.0655    ndcg@50 : 0.0889    
25 Oct 00:48    INFO  Saving current best: saved/DirectAU-Oct-25-2023_00-22-51.pth
25 Oct 00:49    INFO  epoch 40 training [time: 23.83s, train loss: -0.4286]
25 Oct 00:49    INFO  epoch 40 evaluating [time: 14.92s, valid_score: 0.065500]
25 Oct 00:49    INFO  valid result: 
recall@10 : 0.0649    recall@20 : 0.1055    recall@50 : 0.1868    ndcg@10 : 0.0519    ndcg@20 : 0.0655    ndcg@50 : 0.0891    
25 Oct 00:50    INFO  epoch 41 training [time: 23.87s, train loss: -0.4287]
25 Oct 00:50    INFO  epoch 41 evaluating [time: 15.34s, valid_score: 0.065500]
25 Oct 00:50    INFO  valid result: 
recall@10 : 0.0651    recall@20 : 0.1057    recall@50 : 0.187    ndcg@10 : 0.0519    ndcg@20 : 0.0655    ndcg@50 : 0.0891    
25 Oct 00:50    INFO  epoch 42 training [time: 23.82s, train loss: -0.4289]
25 Oct 00:50    INFO  epoch 42 evaluating [time: 15.38s, valid_score: 0.065500]
25 Oct 00:50    INFO  valid result: 
recall@10 : 0.0649    recall@20 : 0.1053    recall@50 : 0.1874    ndcg@10 : 0.0519    ndcg@20 : 0.0655    ndcg@50 : 0.0893    
25 Oct 00:51    INFO  epoch 43 training [time: 23.72s, train loss: -0.4290]
25 Oct 00:51    INFO  epoch 43 evaluating [time: 14.91s, valid_score: 0.065800]
25 Oct 00:51    INFO  valid result: 
recall@10 : 0.0654    recall@20 : 0.1057    recall@50 : 0.1877    ndcg@10 : 0.0522    ndcg@20 : 0.0658    ndcg@50 : 0.0895    
25 Oct 00:51    INFO  Saving current best: saved/DirectAU-Oct-25-2023_00-22-51.pth
25 Oct 00:51    INFO  epoch 44 training [time: 23.85s, train loss: -0.4293]
25 Oct 00:52    INFO  epoch 44 evaluating [time: 15.07s, valid_score: 0.066000]
25 Oct 00:52    INFO  valid result: 
recall@10 : 0.0652    recall@20 : 0.106    recall@50 : 0.1872    ndcg@10 : 0.0522    ndcg@20 : 0.066    ndcg@50 : 0.0896    
25 Oct 00:52    INFO  Saving current best: saved/DirectAU-Oct-25-2023_00-22-51.pth
25 Oct 00:52    INFO  epoch 45 training [time: 23.85s, train loss: -0.4294]
25 Oct 00:52    INFO  epoch 45 evaluating [time: 15.07s, valid_score: 0.065900]
25 Oct 00:52    INFO  valid result: 
recall@10 : 0.0653    recall@20 : 0.106    recall@50 : 0.1882    ndcg@10 : 0.0522    ndcg@20 : 0.0659    ndcg@50 : 0.0897    
25 Oct 00:53    INFO  epoch 46 training [time: 23.86s, train loss: -0.4294]
25 Oct 00:53    INFO  epoch 46 evaluating [time: 15.21s, valid_score: 0.066100]
25 Oct 00:53    INFO  valid result: 
recall@10 : 0.0662    recall@20 : 0.1064    recall@50 : 0.1878    ndcg@10 : 0.0526    ndcg@20 : 0.0661    ndcg@50 : 0.0898    
25 Oct 00:53    INFO  Saving current best: saved/DirectAU-Oct-25-2023_00-22-51.pth
25 Oct 00:53    INFO  epoch 47 training [time: 23.87s, train loss: -0.4295]
25 Oct 00:54    INFO  epoch 47 evaluating [time: 15.03s, valid_score: 0.066300]
25 Oct 00:54    INFO  valid result: 
recall@10 : 0.0658    recall@20 : 0.1066    recall@50 : 0.1886    ndcg@10 : 0.0525    ndcg@20 : 0.0663    ndcg@50 : 0.0901    
25 Oct 00:54    INFO  Saving current best: saved/DirectAU-Oct-25-2023_00-22-51.pth
25 Oct 00:54    INFO  epoch 48 training [time: 24.03s, train loss: -0.4297]
25 Oct 00:54    INFO  epoch 48 evaluating [time: 15.17s, valid_score: 0.066400]
25 Oct 00:54    INFO  valid result: 
recall@10 : 0.0661    recall@20 : 0.1069    recall@50 : 0.1887    ndcg@10 : 0.0528    ndcg@20 : 0.0664    ndcg@50 : 0.0902    
25 Oct 00:54    INFO  Saving current best: saved/DirectAU-Oct-25-2023_00-22-51.pth
25 Oct 00:55    INFO  epoch 49 training [time: 23.92s, train loss: -0.4297]
25 Oct 00:55    INFO  epoch 49 evaluating [time: 14.96s, valid_score: 0.066200]
25 Oct 00:55    INFO  valid result: 
recall@10 : 0.0658    recall@20 : 0.1065    recall@50 : 0.1886    ndcg@10 : 0.0526    ndcg@20 : 0.0662    ndcg@50 : 0.0901    
25 Oct 00:55    INFO  epoch 50 training [time: 23.91s, train loss: -0.4298]
25 Oct 00:56    INFO  epoch 50 evaluating [time: 15.31s, valid_score: 0.066500]
25 Oct 00:56    INFO  valid result: 
recall@10 : 0.0656    recall@20 : 0.1069    recall@50 : 0.188    ndcg@10 : 0.0526    ndcg@20 : 0.0665    ndcg@50 : 0.09    
25 Oct 00:56    INFO  Saving current best: saved/DirectAU-Oct-25-2023_00-22-51.pth
25 Oct 00:56    INFO  epoch 51 training [time: 23.93s, train loss: -0.4297]
25 Oct 00:56    INFO  epoch 51 evaluating [time: 14.96s, valid_score: 0.066400]
25 Oct 00:56    INFO  valid result: 
recall@10 : 0.066    recall@20 : 0.1065    recall@50 : 0.1891    ndcg@10 : 0.0527    ndcg@20 : 0.0664    ndcg@50 : 0.0904    
25 Oct 00:57    INFO  epoch 52 training [time: 23.82s, train loss: -0.4299]
25 Oct 00:57    INFO  epoch 52 evaluating [time: 15.19s, valid_score: 0.066600]
25 Oct 00:57    INFO  valid result: 
recall@10 : 0.0655    recall@20 : 0.1074    recall@50 : 0.1891    ndcg@10 : 0.0525    ndcg@20 : 0.0666    ndcg@50 : 0.0903    
25 Oct 00:57    INFO  Saving current best: saved/DirectAU-Oct-25-2023_00-22-51.pth
25 Oct 00:57    INFO  epoch 53 training [time: 23.85s, train loss: -0.4300]
25 Oct 00:58    INFO  epoch 53 evaluating [time: 14.80s, valid_score: 0.066700]
25 Oct 00:58    INFO  valid result: 
recall@10 : 0.066    recall@20 : 0.1072    recall@50 : 0.1894    ndcg@10 : 0.0529    ndcg@20 : 0.0667    ndcg@50 : 0.0906    
25 Oct 00:58    INFO  Saving current best: saved/DirectAU-Oct-25-2023_00-22-51.pth
25 Oct 00:58    INFO  epoch 54 training [time: 23.85s, train loss: -0.4300]
25 Oct 00:58    INFO  epoch 54 evaluating [time: 15.13s, valid_score: 0.066700]
25 Oct 00:58    INFO  valid result: 
recall@10 : 0.0659    recall@20 : 0.1073    recall@50 : 0.1893    ndcg@10 : 0.0527    ndcg@20 : 0.0667    ndcg@50 : 0.0905    
25 Oct 00:59    INFO  epoch 55 training [time: 23.83s, train loss: -0.4300]
25 Oct 00:59    INFO  epoch 55 evaluating [time: 15.08s, valid_score: 0.066400]
25 Oct 00:59    INFO  valid result: 
recall@10 : 0.0665    recall@20 : 0.1065    recall@50 : 0.1903    ndcg@10 : 0.0529    ndcg@20 : 0.0664    ndcg@50 : 0.0907    
25 Oct 00:59    INFO  epoch 56 training [time: 23.87s, train loss: -0.4301]
25 Oct 01:00    INFO  epoch 56 evaluating [time: 14.94s, valid_score: 0.066700]
25 Oct 01:00    INFO  valid result: 
recall@10 : 0.0659    recall@20 : 0.1069    recall@50 : 0.1892    ndcg@10 : 0.0528    ndcg@20 : 0.0667    ndcg@50 : 0.0906    
25 Oct 01:00    INFO  epoch 57 training [time: 23.87s, train loss: -0.4301]
25 Oct 01:00    INFO  epoch 57 evaluating [time: 15.43s, valid_score: 0.066800]
25 Oct 01:00    INFO  valid result: 
recall@10 : 0.0655    recall@20 : 0.1074    recall@50 : 0.19    ndcg@10 : 0.0526    ndcg@20 : 0.0668    ndcg@50 : 0.0907    
25 Oct 01:00    INFO  Saving current best: saved/DirectAU-Oct-25-2023_00-22-51.pth
25 Oct 01:01    INFO  epoch 58 training [time: 23.83s, train loss: -0.4302]
25 Oct 01:01    INFO  epoch 58 evaluating [time: 15.02s, valid_score: 0.066800]
25 Oct 01:01    INFO  valid result: 
recall@10 : 0.0667    recall@20 : 0.1073    recall@50 : 0.19    ndcg@10 : 0.0531    ndcg@20 : 0.0668    ndcg@50 : 0.0908    
25 Oct 01:01    INFO  epoch 59 training [time: 23.75s, train loss: -0.4303]
25 Oct 01:01    INFO  epoch 59 evaluating [time: 15.41s, valid_score: 0.066900]
25 Oct 01:01    INFO  valid result: 
recall@10 : 0.0668    recall@20 : 0.1074    recall@50 : 0.1901    ndcg@10 : 0.0532    ndcg@20 : 0.0669    ndcg@50 : 0.0909    
25 Oct 01:01    INFO  Saving current best: saved/DirectAU-Oct-25-2023_00-22-51.pth
25 Oct 01:02    INFO  epoch 60 training [time: 23.89s, train loss: -0.4302]
25 Oct 01:02    INFO  epoch 60 evaluating [time: 15.20s, valid_score: 0.067100]
25 Oct 01:02    INFO  valid result: 
recall@10 : 0.0668    recall@20 : 0.1075    recall@50 : 0.1899    ndcg@10 : 0.0534    ndcg@20 : 0.0671    ndcg@50 : 0.0911    
25 Oct 01:02    INFO  Saving current best: saved/DirectAU-Oct-25-2023_00-22-51.pth
25 Oct 01:03    INFO  epoch 61 training [time: 23.75s, train loss: -0.4303]
25 Oct 01:03    INFO  epoch 61 evaluating [time: 15.24s, valid_score: 0.066800]
25 Oct 01:03    INFO  valid result: 
recall@10 : 0.0667    recall@20 : 0.1074    recall@50 : 0.1902    ndcg@10 : 0.0531    ndcg@20 : 0.0668    ndcg@50 : 0.0909    
25 Oct 01:03    INFO  epoch 62 training [time: 23.85s, train loss: -0.4304]
25 Oct 01:03    INFO  epoch 62 evaluating [time: 14.99s, valid_score: 0.067000]
25 Oct 01:03    INFO  valid result: 
recall@10 : 0.0666    recall@20 : 0.1075    recall@50 : 0.19    ndcg@10 : 0.0533    ndcg@20 : 0.067    ndcg@50 : 0.091    
25 Oct 01:04    INFO  epoch 63 training [time: 23.88s, train loss: -0.4302]
25 Oct 01:04    INFO  epoch 63 evaluating [time: 15.24s, valid_score: 0.067200]
25 Oct 01:04    INFO  valid result: 
recall@10 : 0.0667    recall@20 : 0.1077    recall@50 : 0.1902    ndcg@10 : 0.0534    ndcg@20 : 0.0672    ndcg@50 : 0.0912    
25 Oct 01:04    INFO  Saving current best: saved/DirectAU-Oct-25-2023_00-22-51.pth
25 Oct 01:05    INFO  epoch 64 training [time: 23.86s, train loss: -0.4305]
25 Oct 01:05    INFO  epoch 64 evaluating [time: 14.96s, valid_score: 0.067100]
25 Oct 01:05    INFO  valid result: 
recall@10 : 0.0667    recall@20 : 0.1072    recall@50 : 0.1905    ndcg@10 : 0.0534    ndcg@20 : 0.0671    ndcg@50 : 0.0913    
25 Oct 01:05    INFO  epoch 65 training [time: 23.86s, train loss: -0.4305]
25 Oct 01:05    INFO  epoch 65 evaluating [time: 15.23s, valid_score: 0.067200]
25 Oct 01:05    INFO  valid result: 
recall@10 : 0.0663    recall@20 : 0.1077    recall@50 : 0.1905    ndcg@10 : 0.0533    ndcg@20 : 0.0672    ndcg@50 : 0.0913    
25 Oct 01:06    INFO  epoch 66 training [time: 23.85s, train loss: -0.4305]
25 Oct 01:06    INFO  epoch 66 evaluating [time: 15.31s, valid_score: 0.067000]
25 Oct 01:06    INFO  valid result: 
recall@10 : 0.0666    recall@20 : 0.1076    recall@50 : 0.1909    ndcg@10 : 0.0532    ndcg@20 : 0.067    ndcg@50 : 0.0911    
25 Oct 01:06    INFO  epoch 67 training [time: 23.82s, train loss: -0.4305]
25 Oct 01:07    INFO  epoch 67 evaluating [time: 15.22s, valid_score: 0.067300]
25 Oct 01:07    INFO  valid result: 
recall@10 : 0.0669    recall@20 : 0.1079    recall@50 : 0.1905    ndcg@10 : 0.0536    ndcg@20 : 0.0673    ndcg@50 : 0.0913    
25 Oct 01:07    INFO  Saving current best: saved/DirectAU-Oct-25-2023_00-22-51.pth
25 Oct 01:07    INFO  epoch 68 training [time: 24.10s, train loss: -0.4305]
25 Oct 01:07    INFO  epoch 68 evaluating [time: 15.23s, valid_score: 0.067100]
25 Oct 01:07    INFO  valid result: 
recall@10 : 0.0664    recall@20 : 0.1076    recall@50 : 0.1907    ndcg@10 : 0.0532    ndcg@20 : 0.0671    ndcg@50 : 0.0913    
25 Oct 01:08    INFO  epoch 69 training [time: 23.83s, train loss: -0.4306]
25 Oct 01:08    INFO  epoch 69 evaluating [time: 15.02s, valid_score: 0.067600]
25 Oct 01:08    INFO  valid result: 
recall@10 : 0.0666    recall@20 : 0.1087    recall@50 : 0.1904    ndcg@10 : 0.0534    ndcg@20 : 0.0676    ndcg@50 : 0.0913    
25 Oct 01:08    INFO  Saving current best: saved/DirectAU-Oct-25-2023_00-22-51.pth
25 Oct 01:08    INFO  epoch 70 training [time: 23.84s, train loss: -0.4306]
25 Oct 01:09    INFO  epoch 70 evaluating [time: 15.31s, valid_score: 0.067600]
25 Oct 01:09    INFO  valid result: 
recall@10 : 0.067    recall@20 : 0.1087    recall@50 : 0.1912    ndcg@10 : 0.0535    ndcg@20 : 0.0676    ndcg@50 : 0.0915    
25 Oct 01:09    INFO  epoch 71 training [time: 23.88s, train loss: -0.4307]
25 Oct 01:09    INFO  epoch 71 evaluating [time: 15.14s, valid_score: 0.067600]
25 Oct 01:09    INFO  valid result: 
recall@10 : 0.0674    recall@20 : 0.1082    recall@50 : 0.1907    ndcg@10 : 0.0539    ndcg@20 : 0.0676    ndcg@50 : 0.0916    
25 Oct 01:10    INFO  epoch 72 training [time: 23.86s, train loss: -0.4306]
25 Oct 01:10    INFO  epoch 72 evaluating [time: 15.20s, valid_score: 0.067500]
25 Oct 01:10    INFO  valid result: 
recall@10 : 0.0671    recall@20 : 0.1082    recall@50 : 0.191    ndcg@10 : 0.0536    ndcg@20 : 0.0675    ndcg@50 : 0.0915    
25 Oct 01:10    INFO  epoch 73 training [time: 23.92s, train loss: -0.4307]
25 Oct 01:11    INFO  epoch 73 evaluating [time: 15.09s, valid_score: 0.067500]
25 Oct 01:11    INFO  valid result: 
recall@10 : 0.0671    recall@20 : 0.1087    recall@50 : 0.191    ndcg@10 : 0.0534    ndcg@20 : 0.0675    ndcg@50 : 0.0913    
25 Oct 01:11    INFO  epoch 74 training [time: 23.86s, train loss: -0.4307]
25 Oct 01:11    INFO  epoch 74 evaluating [time: 15.66s, valid_score: 0.067300]
25 Oct 01:11    INFO  valid result: 
recall@10 : 0.067    recall@20 : 0.1077    recall@50 : 0.1913    ndcg@10 : 0.0536    ndcg@20 : 0.0673    ndcg@50 : 0.0915    
25 Oct 01:12    INFO  epoch 75 training [time: 23.85s, train loss: -0.4307]
25 Oct 01:12    INFO  epoch 75 evaluating [time: 15.62s, valid_score: 0.067600]
25 Oct 01:12    INFO  valid result: 
recall@10 : 0.0669    recall@20 : 0.1081    recall@50 : 0.1914    ndcg@10 : 0.0537    ndcg@20 : 0.0676    ndcg@50 : 0.0918    
25 Oct 01:12    INFO  epoch 76 training [time: 23.87s, train loss: -0.4307]
25 Oct 01:13    INFO  epoch 76 evaluating [time: 15.53s, valid_score: 0.067300]
25 Oct 01:13    INFO  valid result: 
recall@10 : 0.0675    recall@20 : 0.1076    recall@50 : 0.1918    ndcg@10 : 0.0538    ndcg@20 : 0.0673    ndcg@50 : 0.0917    
25 Oct 01:13    INFO  epoch 77 training [time: 23.88s, train loss: -0.4307]
25 Oct 01:13    INFO  epoch 77 evaluating [time: 15.42s, valid_score: 0.067300]
25 Oct 01:13    INFO  valid result: 
recall@10 : 0.067    recall@20 : 0.1081    recall@50 : 0.1916    ndcg@10 : 0.0535    ndcg@20 : 0.0673    ndcg@50 : 0.0916    
25 Oct 01:14    INFO  epoch 78 training [time: 23.89s, train loss: -0.4308]
25 Oct 01:14    INFO  epoch 78 evaluating [time: 15.36s, valid_score: 0.067300]
25 Oct 01:14    INFO  valid result: 
recall@10 : 0.0671    recall@20 : 0.1082    recall@50 : 0.1914    ndcg@10 : 0.0535    ndcg@20 : 0.0673    ndcg@50 : 0.0914    
25 Oct 01:14    INFO  epoch 79 training [time: 23.77s, train loss: -0.4308]
25 Oct 01:15    INFO  epoch 79 evaluating [time: 15.39s, valid_score: 0.067400]
25 Oct 01:15    INFO  valid result: 
recall@10 : 0.0673    recall@20 : 0.1082    recall@50 : 0.1915    ndcg@10 : 0.0536    ndcg@20 : 0.0674    ndcg@50 : 0.0915    
25 Oct 01:15    INFO  epoch 80 training [time: 23.89s, train loss: -0.4308]
25 Oct 01:15    INFO  epoch 80 evaluating [time: 15.69s, valid_score: 0.067400]
25 Oct 01:15    INFO  valid result: 
recall@10 : 0.0667    recall@20 : 0.108    recall@50 : 0.1916    ndcg@10 : 0.0535    ndcg@20 : 0.0674    ndcg@50 : 0.0917    
25 Oct 01:15    INFO  Finished training, best eval result in epoch 69
25 Oct 01:15    INFO  Loading model structure and parameters from saved/DirectAU-Oct-25-2023_00-22-51.pth
25 Oct 01:15    INFO  best valid : {'recall@10': 0.0666, 'recall@20': 0.1087, 'recall@50': 0.1904, 'ndcg@10': 0.0534, 'ndcg@20': 0.0676, 'ndcg@50': 0.0913}
25 Oct 01:15    INFO  test result: {'recall@10': 0.0682, 'recall@20': 0.1096, 'recall@50': 0.1916, 'ndcg@10': 0.0543, 'ndcg@20': 0.0681, 'ndcg@50': 0.0918}
