command line args [--zc 0.5] will not be used in RecBole
20 Oct 20:44    INFO  
General Hyper Parameters:
gpu_id = 2
use_gpu = True
seed = 0
state = INFO
reproducibility = True
data_path = dataset/Beauty
show_progress = False

Training Hyper Parameters:
checkpoint_dir = saved
epochs = 500
train_batch_size = 256
learner = adam
learning_rate = 0.001
training_neg_sample_num = 0
training_neg_sample_distribution = uniform
eval_step = 1
stopping_step = 10
clip_grad_norm = None
weight_decay = 1e-06
draw_loss_pic = False
loss_decimal_place = 4

Evaluation Hyper Parameters:
eval_setting = RO_RS,full
group_by_user = True
split_ratio = [0.8, 0.1, 0.1]
leave_one_num = 2
real_time_process = False
metrics = ['Recall', 'NDCG']
topk = [10, 20, 50]
valid_metric = NDCG@20
eval_batch_size = 4096
metric_decimal_place = 4

Dataset Hyper Parameters:
field_separator = 	
seq_separator =  
USER_ID_FIELD = user_id
ITEM_ID_FIELD = item_id
RATING_FIELD = rating
TIME_FIELD = timestamp
seq_len = None
LABEL_FIELD = label
threshold = None
NEG_PREFIX = neg_
load_col = {'inter': ['user_id', 'item_id', 'timestamp']}
unload_col = None
unused_col = None
additional_feat_suffix = None
lowest_val = None
highest_val = None
equal_val = None
not_equal_val = None
max_user_inter_num = None
min_user_inter_num = 5
max_item_inter_num = None
min_item_inter_num = 5
fields_in_same_space = None
preload_weight = None
normalize_field = None
normalize_all = None
ITEM_LIST_LENGTH_FIELD = item_length
LIST_SUFFIX = _list
MAX_ITEM_LIST_LENGTH = 50
POSITION_FIELD = position_id
HEAD_ENTITY_ID_FIELD = head_id
TAIL_ENTITY_ID_FIELD = tail_id
RELATION_ID_FIELD = relation_id
ENTITY_ID_FIELD = entity_id

Other Hyper Parameters: 
valid_metric_bigger = True
BT = 0.1
bt = 0.001
embedding_size = 64
encoder = MF
gamma = 0.5
times = 1
witem = 0.1
wuser = 0.8
zc = 0.5
rm_dup_inter = None
filter_inter_by_user_or_item = True
SOURCE_ID_FIELD = source_id
TARGET_ID_FIELD = target_id
benchmark_filename = None
MODEL_TYPE = ModelType.GENERAL
MODEL_INPUT_TYPE = InputType.POINTWISE
eval_type = EvaluatorType.RANKING
device = cuda
train_neg_sample_args = {'strategy': 'none'}


20 Oct 20:44    INFO  Beauty
The number of users: 22364
Average actions of users: 8.876358270357287
The number of items: 12102
Average actions of items: 16.403768283612923
The number of inters: 198502
The sparsity of the dataset: 99.92665707018277%
Remain Fields: ['user_id', 'item_id', 'timestamp']
20 Oct 20:44    INFO  Build [GeneralDataLoader] for [train] with format [InputType.POINTWISE]
20 Oct 20:44    INFO  [train] No Negative Sampling
20 Oct 20:44    INFO  [train] batch_size = [256], shuffle = [True]

20 Oct 20:44    INFO  Build [GeneralFullDataLoader] for [evaluation] with format [InputType.POINTWISE]
20 Oct 20:44    INFO  Evaluation Setting:
	Group by user_id
	Ordering: {'strategy': 'shuffle'}
	Splitting: {'strategy': 'by_ratio', 'ratios': [0.8, 0.1, 0.1]}
	Negative Sampling: {'strategy': 'full', 'distribution': 'uniform'}
20 Oct 20:44    INFO  [evaluation] batch_size = [4096], shuffle = [False]

20 Oct 20:44    WARNING  Batch size is changed to 12102.
20 Oct 20:44    WARNING  Batch size is changed to 12102.
{'BT': 0.1, 'bt': 0.001, 'embedding_size': 64, 'encoder': 'MF', 'gamma': None, 'times': 1, 'training_neg_sample_num': 0, 'witem': 0.1, 'wuser': 0.8, 'zc': 0.5}
this is encoder MF...
这是directau 的 WUBT 版本...
20 Oct 20:44    INFO  DirectAU(
  (encoder): MFEncoder(
    (user_embedding): Embedding(22364, 64)
    (item_embedding): Embedding(12102, 64)
  )
  (bn): BatchNorm1d(64, eps=1e-05, momentum=0.1, affine=False, track_running_stats=True)
  (projector): Sequential(
    (0): Linear(in_features=64, out_features=64, bias=False)
    (1): BatchNorm1d(64, eps=1e-05, momentum=0.1, affine=True, track_running_stats=True)
    (2): ReLU(inplace=True)
    (3): Linear(in_features=64, out_features=64, bias=False)
    (4): BatchNorm1d(64, eps=1e-05, momentum=0.1, affine=True, track_running_stats=True)
    (5): ReLU(inplace=True)
    (6): Linear(in_features=64, out_features=64, bias=False)
  )
)
Trainable parameters: 2218368
20 Oct 20:44    INFO  epoch 0 training [time: 2.36s, train loss: -1.1357]
20 Oct 20:44    INFO  epoch 0 evaluating [time: 9.47s, valid_score: 0.014500]
20 Oct 20:44    INFO  valid result: 
recall@10 : 0.0199    recall@20 : 0.0308    recall@50 : 0.0511    ndcg@10 : 0.0115    ndcg@20 : 0.0145    ndcg@50 : 0.0188    
20 Oct 20:44    INFO  Saving current best: saved/DirectAU-Oct-20-2023_20-44-07.pth
20 Oct 20:44    INFO  epoch 1 training [time: 2.36s, train loss: -1.6919]
20 Oct 20:44    INFO  epoch 1 evaluating [time: 9.35s, valid_score: 0.019700]
20 Oct 20:44    INFO  valid result: 
recall@10 : 0.0276    recall@20 : 0.0423    recall@50 : 0.0697    ndcg@10 : 0.0157    ndcg@20 : 0.0197    ndcg@50 : 0.0255    
20 Oct 20:44    INFO  Saving current best: saved/DirectAU-Oct-20-2023_20-44-07.pth
20 Oct 20:44    INFO  epoch 2 training [time: 2.34s, train loss: -1.8269]
20 Oct 20:44    INFO  epoch 2 evaluating [time: 9.40s, valid_score: 0.022900]
20 Oct 20:44    INFO  valid result: 
recall@10 : 0.0326    recall@20 : 0.0504    recall@50 : 0.0811    ndcg@10 : 0.0182    ndcg@20 : 0.0229    ndcg@50 : 0.0294    
20 Oct 20:44    INFO  Saving current best: saved/DirectAU-Oct-20-2023_20-44-07.pth
20 Oct 20:44    INFO  epoch 3 training [time: 2.34s, train loss: -1.8967]
20 Oct 20:44    INFO  epoch 3 evaluating [time: 9.27s, valid_score: 0.024800]
20 Oct 20:44    INFO  valid result: 
recall@10 : 0.0361    recall@20 : 0.0545    recall@50 : 0.0903    ndcg@10 : 0.0199    ndcg@20 : 0.0248    ndcg@50 : 0.0324    
20 Oct 20:44    INFO  Saving current best: saved/DirectAU-Oct-20-2023_20-44-07.pth
20 Oct 20:44    INFO  epoch 4 training [time: 2.36s, train loss: -1.9406]
20 Oct 20:45    INFO  epoch 4 evaluating [time: 9.17s, valid_score: 0.027300]
20 Oct 20:45    INFO  valid result: 
recall@10 : 0.039    recall@20 : 0.0594    recall@50 : 0.0951    ndcg@10 : 0.0218    ndcg@20 : 0.0273    ndcg@50 : 0.0348    
20 Oct 20:45    INFO  Saving current best: saved/DirectAU-Oct-20-2023_20-44-07.pth
20 Oct 20:45    INFO  epoch 5 training [time: 2.37s, train loss: -1.9715]
20 Oct 20:45    INFO  epoch 5 evaluating [time: 9.29s, valid_score: 0.028800]
20 Oct 20:45    INFO  valid result: 
recall@10 : 0.0411    recall@20 : 0.0629    recall@50 : 0.1    ndcg@10 : 0.023    ndcg@20 : 0.0288    ndcg@50 : 0.0366    
20 Oct 20:45    INFO  Saving current best: saved/DirectAU-Oct-20-2023_20-44-07.pth
20 Oct 20:45    INFO  epoch 6 training [time: 2.33s, train loss: -1.9945]
20 Oct 20:45    INFO  epoch 6 evaluating [time: 9.19s, valid_score: 0.030300]
20 Oct 20:45    INFO  valid result: 
recall@10 : 0.0434    recall@20 : 0.0655    recall@50 : 0.1051    ndcg@10 : 0.0245    ndcg@20 : 0.0303    ndcg@50 : 0.0386    
20 Oct 20:45    INFO  Saving current best: saved/DirectAU-Oct-20-2023_20-44-07.pth
20 Oct 20:45    INFO  epoch 7 training [time: 2.54s, train loss: -2.0195]
20 Oct 20:45    INFO  epoch 7 evaluating [time: 9.44s, valid_score: 0.031700]
20 Oct 20:45    INFO  valid result: 
recall@10 : 0.0459    recall@20 : 0.0685    recall@50 : 0.1105    ndcg@10 : 0.0257    ndcg@20 : 0.0317    ndcg@50 : 0.0404    
20 Oct 20:45    INFO  Saving current best: saved/DirectAU-Oct-20-2023_20-44-07.pth
20 Oct 20:45    INFO  epoch 8 training [time: 2.41s, train loss: -2.0352]
20 Oct 20:45    INFO  epoch 8 evaluating [time: 9.25s, valid_score: 0.032800]
20 Oct 20:45    INFO  valid result: 
recall@10 : 0.0471    recall@20 : 0.0713    recall@50 : 0.1136    ndcg@10 : 0.0263    ndcg@20 : 0.0328    ndcg@50 : 0.0416    
20 Oct 20:45    INFO  Saving current best: saved/DirectAU-Oct-20-2023_20-44-07.pth
20 Oct 20:45    INFO  epoch 9 training [time: 2.37s, train loss: -2.0493]
20 Oct 20:46    INFO  epoch 9 evaluating [time: 9.40s, valid_score: 0.034500]
20 Oct 20:46    INFO  valid result: 
recall@10 : 0.0489    recall@20 : 0.0757    recall@50 : 0.1172    ndcg@10 : 0.0275    ndcg@20 : 0.0345    ndcg@50 : 0.0432    
20 Oct 20:46    INFO  Saving current best: saved/DirectAU-Oct-20-2023_20-44-07.pth
20 Oct 20:46    INFO  epoch 10 training [time: 2.37s, train loss: -2.0660]
20 Oct 20:46    INFO  epoch 10 evaluating [time: 9.29s, valid_score: 0.035700]
20 Oct 20:46    INFO  valid result: 
recall@10 : 0.0515    recall@20 : 0.0777    recall@50 : 0.1213    ndcg@10 : 0.0287    ndcg@20 : 0.0357    ndcg@50 : 0.0448    
20 Oct 20:46    INFO  Saving current best: saved/DirectAU-Oct-20-2023_20-44-07.pth
20 Oct 20:46    INFO  epoch 11 training [time: 2.48s, train loss: -2.0800]
20 Oct 20:46    INFO  epoch 11 evaluating [time: 11.50s, valid_score: 0.036700]
20 Oct 20:46    INFO  valid result: 
recall@10 : 0.0531    recall@20 : 0.0802    recall@50 : 0.1255    ndcg@10 : 0.0296    ndcg@20 : 0.0367    ndcg@50 : 0.0462    
20 Oct 20:46    INFO  Saving current best: saved/DirectAU-Oct-20-2023_20-44-07.pth
20 Oct 20:46    INFO  epoch 12 training [time: 2.61s, train loss: -2.0935]
20 Oct 20:46    INFO  epoch 12 evaluating [time: 11.47s, valid_score: 0.037800]
20 Oct 20:46    INFO  valid result: 
recall@10 : 0.0547    recall@20 : 0.0837    recall@50 : 0.129    ndcg@10 : 0.0301    ndcg@20 : 0.0378    ndcg@50 : 0.0472    
20 Oct 20:48    INFO  Saving current best: saved/DirectAU-Oct-20-2023_20-44-07.pth
20 Oct 20:48    INFO  epoch 13 training [time: 2.59s, train loss: -2.1055]
20 Oct 20:48    INFO  epoch 13 evaluating [time: 9.35s, valid_score: 0.038900]
20 Oct 20:48    INFO  valid result: 
recall@10 : 0.0555    recall@20 : 0.085    recall@50 : 0.131    ndcg@10 : 0.0311    ndcg@20 : 0.0389    ndcg@50 : 0.0484    
20 Oct 20:51    INFO  Saving current best: saved/DirectAU-Oct-20-2023_20-44-07.pth
20 Oct 20:51    INFO  epoch 14 training [time: 2.50s, train loss: -2.1157]
20 Oct 20:51    INFO  epoch 14 evaluating [time: 11.36s, valid_score: 0.039000]
20 Oct 20:51    INFO  valid result: 
recall@10 : 0.0569    recall@20 : 0.0856    recall@50 : 0.1349    ndcg@10 : 0.0315    ndcg@20 : 0.039    ndcg@50 : 0.0492    
20 Oct 20:53    INFO  Saving current best: saved/DirectAU-Oct-20-2023_20-44-07.pth
20 Oct 20:53    INFO  epoch 15 training [time: 2.54s, train loss: -2.1278]
20 Oct 20:53    INFO  epoch 15 evaluating [time: 11.63s, valid_score: 0.040200]
20 Oct 20:53    INFO  valid result: 
recall@10 : 0.059    recall@20 : 0.0875    recall@50 : 0.1357    ndcg@10 : 0.0327    ndcg@20 : 0.0402    ndcg@50 : 0.0501    
20 Oct 20:55    INFO  Saving current best: saved/DirectAU-Oct-20-2023_20-44-07.pth
20 Oct 20:55    INFO  epoch 16 training [time: 2.41s, train loss: -2.1341]
20 Oct 20:55    INFO  epoch 16 evaluating [time: 9.40s, valid_score: 0.041700]
20 Oct 20:55    INFO  valid result: 
recall@10 : 0.0609    recall@20 : 0.0903    recall@50 : 0.1376    ndcg@10 : 0.0339    ndcg@20 : 0.0417    ndcg@50 : 0.0515    
20 Oct 20:55    INFO  Saving current best: saved/DirectAU-Oct-20-2023_20-44-07.pth
20 Oct 20:56    INFO  epoch 17 training [time: 2.55s, train loss: -2.1412]
20 Oct 20:56    INFO  epoch 17 evaluating [time: 11.68s, valid_score: 0.042000]
20 Oct 20:56    INFO  valid result: 
recall@10 : 0.0608    recall@20 : 0.091    recall@50 : 0.1405    ndcg@10 : 0.0341    ndcg@20 : 0.042    ndcg@50 : 0.0523    
20 Oct 20:56    INFO  Saving current best: saved/DirectAU-Oct-20-2023_20-44-07.pth
20 Oct 20:56    INFO  epoch 18 training [time: 2.55s, train loss: -2.1537]
20 Oct 20:56    INFO  epoch 18 evaluating [time: 11.43s, valid_score: 0.043200]
20 Oct 20:56    INFO  valid result: 
recall@10 : 0.0622    recall@20 : 0.0933    recall@50 : 0.1428    ndcg@10 : 0.035    ndcg@20 : 0.0432    ndcg@50 : 0.0534    
20 Oct 20:56    INFO  Saving current best: saved/DirectAU-Oct-20-2023_20-44-07.pth
20 Oct 20:56    INFO  epoch 19 training [time: 2.57s, train loss: -2.1667]
20 Oct 20:56    INFO  epoch 19 evaluating [time: 11.56s, valid_score: 0.044000]
20 Oct 20:56    INFO  valid result: 
recall@10 : 0.0629    recall@20 : 0.0952    recall@50 : 0.1466    ndcg@10 : 0.0354    ndcg@20 : 0.044    ndcg@50 : 0.0546    
20 Oct 20:56    INFO  Saving current best: saved/DirectAU-Oct-20-2023_20-44-07.pth
20 Oct 20:56    INFO  epoch 20 training [time: 2.58s, train loss: -2.1739]
20 Oct 20:56    INFO  epoch 20 evaluating [time: 10.95s, valid_score: 0.043900]
20 Oct 20:56    INFO  valid result: 
recall@10 : 0.0641    recall@20 : 0.0958    recall@50 : 0.1479    ndcg@10 : 0.0356    ndcg@20 : 0.0439    ndcg@50 : 0.0547    
20 Oct 20:56    INFO  epoch 21 training [time: 2.77s, train loss: -2.1793]
20 Oct 20:57    INFO  epoch 21 evaluating [time: 11.58s, valid_score: 0.044800]
20 Oct 20:57    INFO  valid result: 
recall@10 : 0.0641    recall@20 : 0.0971    recall@50 : 0.1503    ndcg@10 : 0.0362    ndcg@20 : 0.0448    ndcg@50 : 0.0558    
20 Oct 20:57    INFO  Saving current best: saved/DirectAU-Oct-20-2023_20-44-07.pth
20 Oct 20:57    INFO  epoch 22 training [time: 2.46s, train loss: -2.1865]
20 Oct 20:57    INFO  epoch 22 evaluating [time: 9.42s, valid_score: 0.045400]
20 Oct 20:57    INFO  valid result: 
recall@10 : 0.0647    recall@20 : 0.0977    recall@50 : 0.152    ndcg@10 : 0.0367    ndcg@20 : 0.0454    ndcg@50 : 0.0566    
20 Oct 20:57    INFO  Saving current best: saved/DirectAU-Oct-20-2023_20-44-07.pth
20 Oct 20:57    INFO  epoch 23 training [time: 2.32s, train loss: -2.1931]
20 Oct 20:57    INFO  epoch 23 evaluating [time: 9.32s, valid_score: 0.046300]
20 Oct 20:57    INFO  valid result: 
recall@10 : 0.0662    recall@20 : 0.1007    recall@50 : 0.1529    ndcg@10 : 0.0372    ndcg@20 : 0.0463    ndcg@50 : 0.0571    
20 Oct 20:57    INFO  Saving current best: saved/DirectAU-Oct-20-2023_20-44-07.pth
20 Oct 20:57    INFO  epoch 24 training [time: 2.35s, train loss: -2.2003]
20 Oct 20:57    INFO  epoch 24 evaluating [time: 9.63s, valid_score: 0.047100]
20 Oct 20:57    INFO  valid result: 
recall@10 : 0.0677    recall@20 : 0.1017    recall@50 : 0.1548    ndcg@10 : 0.0382    ndcg@20 : 0.0471    ndcg@50 : 0.0581    
20 Oct 20:57    INFO  Saving current best: saved/DirectAU-Oct-20-2023_20-44-07.pth
20 Oct 20:57    INFO  epoch 25 training [time: 2.31s, train loss: -2.2084]
20 Oct 20:57    INFO  epoch 25 evaluating [time: 9.41s, valid_score: 0.047400]
20 Oct 20:57    INFO  valid result: 
recall@10 : 0.0682    recall@20 : 0.1032    recall@50 : 0.1569    ndcg@10 : 0.0383    ndcg@20 : 0.0474    ndcg@50 : 0.0586    
20 Oct 20:57    INFO  Saving current best: saved/DirectAU-Oct-20-2023_20-44-07.pth
20 Oct 20:58    INFO  epoch 26 training [time: 2.35s, train loss: -2.2173]
20 Oct 20:58    INFO  epoch 26 evaluating [time: 9.49s, valid_score: 0.048900]
20 Oct 20:58    INFO  valid result: 
recall@10 : 0.0687    recall@20 : 0.1055    recall@50 : 0.1585    ndcg@10 : 0.0393    ndcg@20 : 0.0489    ndcg@50 : 0.0598    
20 Oct 20:58    INFO  Saving current best: saved/DirectAU-Oct-20-2023_20-44-07.pth
20 Oct 20:58    INFO  epoch 27 training [time: 2.36s, train loss: -2.2221]
20 Oct 20:58    INFO  epoch 27 evaluating [time: 9.30s, valid_score: 0.048500]
20 Oct 20:58    INFO  valid result: 
recall@10 : 0.0708    recall@20 : 0.1049    recall@50 : 0.1603    ndcg@10 : 0.0396    ndcg@20 : 0.0485    ndcg@50 : 0.0599    
20 Oct 20:58    INFO  epoch 28 training [time: 2.41s, train loss: -2.2255]
20 Oct 20:58    INFO  epoch 28 evaluating [time: 11.48s, valid_score: 0.049100]
20 Oct 20:58    INFO  valid result: 
recall@10 : 0.07    recall@20 : 0.1066    recall@50 : 0.1619    ndcg@10 : 0.0396    ndcg@20 : 0.0491    ndcg@50 : 0.0605    
20 Oct 20:58    INFO  Saving current best: saved/DirectAU-Oct-20-2023_20-44-07.pth
20 Oct 20:58    INFO  epoch 29 training [time: 2.76s, train loss: -2.2314]
20 Oct 20:58    INFO  epoch 29 evaluating [time: 11.40s, valid_score: 0.049600]
20 Oct 20:58    INFO  valid result: 
recall@10 : 0.0707    recall@20 : 0.1075    recall@50 : 0.164    ndcg@10 : 0.04    ndcg@20 : 0.0496    ndcg@50 : 0.0612    
20 Oct 21:00    INFO  Saving current best: saved/DirectAU-Oct-20-2023_20-44-07.pth
20 Oct 21:00    INFO  epoch 30 training [time: 2.83s, train loss: -2.2335]
20 Oct 21:00    INFO  epoch 30 evaluating [time: 10.72s, valid_score: 0.050300]
20 Oct 21:00    INFO  valid result: 
recall@10 : 0.0725    recall@20 : 0.1078    recall@50 : 0.1653    ndcg@10 : 0.0411    ndcg@20 : 0.0503    ndcg@50 : 0.0621    
20 Oct 21:03    INFO  Saving current best: saved/DirectAU-Oct-20-2023_20-44-07.pth
20 Oct 21:03    INFO  epoch 31 training [time: 2.78s, train loss: -2.2436]
20 Oct 21:03    INFO  epoch 31 evaluating [time: 11.52s, valid_score: 0.050800]
20 Oct 21:03    INFO  valid result: 
recall@10 : 0.0731    recall@20 : 0.1091    recall@50 : 0.1666    ndcg@10 : 0.0413    ndcg@20 : 0.0508    ndcg@50 : 0.0626    
20 Oct 21:05    INFO  Saving current best: saved/DirectAU-Oct-20-2023_20-44-07.pth
20 Oct 21:05    INFO  epoch 32 training [time: 2.66s, train loss: -2.2470]
20 Oct 21:05    INFO  epoch 32 evaluating [time: 10.70s, valid_score: 0.051600]
20 Oct 21:05    INFO  valid result: 
recall@10 : 0.0753    recall@20 : 0.111    recall@50 : 0.1678    ndcg@10 : 0.0423    ndcg@20 : 0.0516    ndcg@50 : 0.0633    
20 Oct 21:08    INFO  Saving current best: saved/DirectAU-Oct-20-2023_20-44-07.pth
20 Oct 21:08    INFO  epoch 33 training [time: 2.66s, train loss: -2.2504]
20 Oct 21:08    INFO  epoch 33 evaluating [time: 9.16s, valid_score: 0.051700]
20 Oct 21:08    INFO  valid result: 
recall@10 : 0.0752    recall@20 : 0.1109    recall@50 : 0.1698    ndcg@10 : 0.0424    ndcg@20 : 0.0517    ndcg@50 : 0.0638    
20 Oct 21:10    INFO  Saving current best: saved/DirectAU-Oct-20-2023_20-44-07.pth
20 Oct 21:10    INFO  epoch 34 training [time: 2.37s, train loss: -2.2544]
20 Oct 21:10    INFO  epoch 34 evaluating [time: 10.23s, valid_score: 0.052300]
20 Oct 21:10    INFO  valid result: 
recall@10 : 0.0763    recall@20 : 0.1125    recall@50 : 0.1705    ndcg@10 : 0.0428    ndcg@20 : 0.0523    ndcg@50 : 0.0642    
20 Oct 21:11    INFO  Saving current best: saved/DirectAU-Oct-20-2023_20-44-07.pth
20 Oct 21:11    INFO  epoch 35 training [time: 2.36s, train loss: -2.2616]
20 Oct 21:12    INFO  epoch 35 evaluating [time: 9.98s, valid_score: 0.052500]
20 Oct 21:12    INFO  valid result: 
recall@10 : 0.0772    recall@20 : 0.113    recall@50 : 0.1724    ndcg@10 : 0.0431    ndcg@20 : 0.0525    ndcg@50 : 0.0647    
20 Oct 21:13    INFO  Saving current best: saved/DirectAU-Oct-20-2023_20-44-07.pth
20 Oct 21:13    INFO  epoch 36 training [time: 2.50s, train loss: -2.2680]
20 Oct 21:13    INFO  epoch 36 evaluating [time: 10.14s, valid_score: 0.052700]
20 Oct 21:13    INFO  valid result: 
recall@10 : 0.0775    recall@20 : 0.114    recall@50 : 0.1723    ndcg@10 : 0.0431    ndcg@20 : 0.0527    ndcg@50 : 0.0647    
20 Oct 21:14    INFO  Saving current best: saved/DirectAU-Oct-20-2023_20-44-07.pth
20 Oct 21:14    INFO  epoch 37 training [time: 2.65s, train loss: -2.2687]
20 Oct 21:14    INFO  epoch 37 evaluating [time: 9.91s, valid_score: 0.053200]
20 Oct 21:14    INFO  valid result: 
recall@10 : 0.0783    recall@20 : 0.1149    recall@50 : 0.1738    ndcg@10 : 0.0437    ndcg@20 : 0.0532    ndcg@50 : 0.0653    
20 Oct 21:15    INFO  Saving current best: saved/DirectAU-Oct-20-2023_20-44-07.pth
20 Oct 21:15    INFO  epoch 38 training [time: 2.37s, train loss: -2.2761]
20 Oct 21:15    INFO  epoch 38 evaluating [time: 11.53s, valid_score: 0.053100]
20 Oct 21:15    INFO  valid result: 
recall@10 : 0.0781    recall@20 : 0.1151    recall@50 : 0.1746    ndcg@10 : 0.0435    ndcg@20 : 0.0531    ndcg@50 : 0.0654    
20 Oct 21:15    INFO  epoch 39 training [time: 2.34s, train loss: -2.2793]
20 Oct 21:15    INFO  epoch 39 evaluating [time: 9.95s, valid_score: 0.053800]
20 Oct 21:15    INFO  valid result: 
recall@10 : 0.0785    recall@20 : 0.1161    recall@50 : 0.176    ndcg@10 : 0.044    ndcg@20 : 0.0538    ndcg@50 : 0.0661    
20 Oct 21:16    INFO  Saving current best: saved/DirectAU-Oct-20-2023_20-44-07.pth
20 Oct 21:16    INFO  epoch 40 training [time: 2.19s, train loss: -2.2863]
20 Oct 21:16    INFO  epoch 40 evaluating [time: 9.98s, valid_score: 0.054400]
20 Oct 21:16    INFO  valid result: 
recall@10 : 0.0799    recall@20 : 0.117    recall@50 : 0.1768    ndcg@10 : 0.0447    ndcg@20 : 0.0544    ndcg@50 : 0.0667    
20 Oct 21:16    INFO  Saving current best: saved/DirectAU-Oct-20-2023_20-44-07.pth
20 Oct 21:16    INFO  epoch 41 training [time: 2.30s, train loss: -2.2876]
20 Oct 21:17    INFO  epoch 41 evaluating [time: 10.01s, valid_score: 0.054800]
20 Oct 21:17    INFO  valid result: 
recall@10 : 0.0807    recall@20 : 0.1176    recall@50 : 0.1783    ndcg@10 : 0.0451    ndcg@20 : 0.0548    ndcg@50 : 0.0672    
20 Oct 21:17    INFO  Saving current best: saved/DirectAU-Oct-20-2023_20-44-07.pth
20 Oct 21:17    INFO  epoch 42 training [time: 2.37s, train loss: -2.2941]
20 Oct 21:18    INFO  epoch 42 evaluating [time: 9.83s, valid_score: 0.055400]
20 Oct 21:18    INFO  valid result: 
recall@10 : 0.0823    recall@20 : 0.1188    recall@50 : 0.1793    ndcg@10 : 0.0459    ndcg@20 : 0.0554    ndcg@50 : 0.0679    
20 Oct 21:18    INFO  Saving current best: saved/DirectAU-Oct-20-2023_20-44-07.pth
20 Oct 21:18    INFO  epoch 43 training [time: 2.36s, train loss: -2.2951]
20 Oct 21:18    INFO  epoch 43 evaluating [time: 10.25s, valid_score: 0.055600]
20 Oct 21:18    INFO  valid result: 
recall@10 : 0.0815    recall@20 : 0.1197    recall@50 : 0.1802    ndcg@10 : 0.0457    ndcg@20 : 0.0556    ndcg@50 : 0.0681    
20 Oct 21:19    INFO  Saving current best: saved/DirectAU-Oct-20-2023_20-44-07.pth
20 Oct 21:19    INFO  epoch 44 training [time: 2.34s, train loss: -2.3005]
20 Oct 21:19    INFO  epoch 44 evaluating [time: 10.59s, valid_score: 0.055800]
20 Oct 21:19    INFO  valid result: 
recall@10 : 0.0823    recall@20 : 0.12    recall@50 : 0.1816    ndcg@10 : 0.0459    ndcg@20 : 0.0558    ndcg@50 : 0.0684    
20 Oct 21:20    INFO  Saving current best: saved/DirectAU-Oct-20-2023_20-44-07.pth
20 Oct 21:20    INFO  epoch 45 training [time: 2.03s, train loss: -2.3050]
20 Oct 21:20    INFO  epoch 45 evaluating [time: 10.08s, valid_score: 0.055800]
20 Oct 21:20    INFO  valid result: 
recall@10 : 0.0822    recall@20 : 0.12    recall@50 : 0.1822    ndcg@10 : 0.0459    ndcg@20 : 0.0558    ndcg@50 : 0.0686    
20 Oct 21:20    INFO  epoch 46 training [time: 2.26s, train loss: -2.3078]
20 Oct 21:20    INFO  epoch 46 evaluating [time: 10.60s, valid_score: 0.056100]
20 Oct 21:20    INFO  valid result: 
recall@10 : 0.0831    recall@20 : 0.1205    recall@50 : 0.1829    ndcg@10 : 0.0463    ndcg@20 : 0.0561    ndcg@50 : 0.0689    
20 Oct 21:20    INFO  Saving current best: saved/DirectAU-Oct-20-2023_20-44-07.pth
20 Oct 21:20    INFO  epoch 47 training [time: 2.36s, train loss: -2.3130]
20 Oct 21:21    INFO  epoch 47 evaluating [time: 9.22s, valid_score: 0.056500]
20 Oct 21:21    INFO  valid result: 
recall@10 : 0.0841    recall@20 : 0.1226    recall@50 : 0.1835    ndcg@10 : 0.0465    ndcg@20 : 0.0565    ndcg@50 : 0.0691    
20 Oct 21:21    INFO  Saving current best: saved/DirectAU-Oct-20-2023_20-44-07.pth
20 Oct 21:22    INFO  epoch 48 training [time: 2.38s, train loss: -2.3173]
20 Oct 21:22    INFO  epoch 48 evaluating [time: 9.62s, valid_score: 0.056700]
20 Oct 21:22    INFO  valid result: 
recall@10 : 0.085    recall@20 : 0.1228    recall@50 : 0.1852    ndcg@10 : 0.0469    ndcg@20 : 0.0567    ndcg@50 : 0.0696    
20 Oct 21:22    INFO  Saving current best: saved/DirectAU-Oct-20-2023_20-44-07.pth
20 Oct 21:22    INFO  epoch 49 training [time: 2.27s, train loss: -2.3171]
20 Oct 21:22    INFO  epoch 49 evaluating [time: 9.67s, valid_score: 0.057400]
20 Oct 21:22    INFO  valid result: 
recall@10 : 0.0853    recall@20 : 0.1238    recall@50 : 0.1859    ndcg@10 : 0.0473    ndcg@20 : 0.0574    ndcg@50 : 0.0701    
20 Oct 21:23    INFO  Saving current best: saved/DirectAU-Oct-20-2023_20-44-07.pth
20 Oct 21:23    INFO  epoch 50 training [time: 1.90s, train loss: -2.3197]
20 Oct 21:23    INFO  epoch 50 evaluating [time: 10.96s, valid_score: 0.057400]
20 Oct 21:23    INFO  valid result: 
recall@10 : 0.0853    recall@20 : 0.1236    recall@50 : 0.1875    ndcg@10 : 0.0474    ndcg@20 : 0.0574    ndcg@50 : 0.0705    
20 Oct 21:23    INFO  epoch 51 training [time: 2.37s, train loss: -2.3234]
20 Oct 21:24    INFO  epoch 51 evaluating [time: 9.81s, valid_score: 0.057600]
20 Oct 21:24    INFO  valid result: 
recall@10 : 0.0851    recall@20 : 0.1248    recall@50 : 0.1882    ndcg@10 : 0.0472    ndcg@20 : 0.0576    ndcg@50 : 0.0706    
20 Oct 21:24    INFO  Saving current best: saved/DirectAU-Oct-20-2023_20-44-07.pth
20 Oct 21:24    INFO  epoch 52 training [time: 2.07s, train loss: -2.3260]
20 Oct 21:25    INFO  epoch 52 evaluating [time: 9.79s, valid_score: 0.058100]
20 Oct 21:25    INFO  valid result: 
recall@10 : 0.0858    recall@20 : 0.125    recall@50 : 0.1877    ndcg@10 : 0.0479    ndcg@20 : 0.0581    ndcg@50 : 0.071    
20 Oct 21:25    INFO  Saving current best: saved/DirectAU-Oct-20-2023_20-44-07.pth
20 Oct 21:25    INFO  epoch 53 training [time: 2.29s, train loss: -2.3289]
20 Oct 21:25    INFO  epoch 53 evaluating [time: 11.55s, valid_score: 0.058200]
20 Oct 21:25    INFO  valid result: 
recall@10 : 0.0865    recall@20 : 0.1254    recall@50 : 0.1884    ndcg@10 : 0.0481    ndcg@20 : 0.0582    ndcg@50 : 0.0712    
20 Oct 21:26    INFO  Saving current best: saved/DirectAU-Oct-20-2023_20-44-07.pth
20 Oct 21:26    INFO  epoch 54 training [time: 2.62s, train loss: -2.3338]
20 Oct 21:26    INFO  epoch 54 evaluating [time: 12.11s, valid_score: 0.058400]
20 Oct 21:26    INFO  valid result: 
recall@10 : 0.0865    recall@20 : 0.1258    recall@50 : 0.1893    ndcg@10 : 0.0481    ndcg@20 : 0.0584    ndcg@50 : 0.0714    
20 Oct 21:27    INFO  Saving current best: saved/DirectAU-Oct-20-2023_20-44-07.pth
20 Oct 21:27    INFO  epoch 55 training [time: 2.14s, train loss: -2.3323]
20 Oct 21:27    INFO  epoch 55 evaluating [time: 9.99s, valid_score: 0.058500]
20 Oct 21:27    INFO  valid result: 
recall@10 : 0.0863    recall@20 : 0.1258    recall@50 : 0.1892    ndcg@10 : 0.0482    ndcg@20 : 0.0585    ndcg@50 : 0.0716    
20 Oct 21:28    INFO  Saving current best: saved/DirectAU-Oct-20-2023_20-44-07.pth
20 Oct 21:28    INFO  epoch 56 training [time: 2.41s, train loss: -2.3347]
20 Oct 21:28    INFO  epoch 56 evaluating [time: 10.81s, valid_score: 0.058800]
20 Oct 21:28    INFO  valid result: 
recall@10 : 0.0867    recall@20 : 0.1267    recall@50 : 0.1908    ndcg@10 : 0.0483    ndcg@20 : 0.0588    ndcg@50 : 0.0719    
20 Oct 21:29    INFO  Saving current best: saved/DirectAU-Oct-20-2023_20-44-07.pth
20 Oct 21:29    INFO  epoch 57 training [time: 2.11s, train loss: -2.3371]
20 Oct 21:29    INFO  epoch 57 evaluating [time: 9.74s, valid_score: 0.058900]
20 Oct 21:29    INFO  valid result: 
recall@10 : 0.0875    recall@20 : 0.1271    recall@50 : 0.1908    ndcg@10 : 0.0486    ndcg@20 : 0.0589    ndcg@50 : 0.072    
20 Oct 21:29    INFO  Saving current best: saved/DirectAU-Oct-20-2023_20-44-07.pth
20 Oct 21:29    INFO  epoch 58 training [time: 2.33s, train loss: -2.3384]
20 Oct 21:30    INFO  epoch 58 evaluating [time: 10.19s, valid_score: 0.059300]
20 Oct 21:30    INFO  valid result: 
recall@10 : 0.0872    recall@20 : 0.1281    recall@50 : 0.1919    ndcg@10 : 0.0487    ndcg@20 : 0.0593    ndcg@50 : 0.0725    
20 Oct 21:30    INFO  Saving current best: saved/DirectAU-Oct-20-2023_20-44-07.pth
20 Oct 21:30    INFO  epoch 59 training [time: 1.94s, train loss: -2.3419]
20 Oct 21:30    INFO  epoch 59 evaluating [time: 12.32s, valid_score: 0.059800]
20 Oct 21:30    INFO  valid result: 
recall@10 : 0.088    recall@20 : 0.1282    recall@50 : 0.1928    ndcg@10 : 0.0493    ndcg@20 : 0.0598    ndcg@50 : 0.0731    
20 Oct 21:30    INFO  Saving current best: saved/DirectAU-Oct-20-2023_20-44-07.pth
20 Oct 21:31    INFO  epoch 60 training [time: 2.23s, train loss: -2.3438]
20 Oct 21:31    INFO  epoch 60 evaluating [time: 16.43s, valid_score: 0.060000]
20 Oct 21:31    INFO  valid result: 
recall@10 : 0.0886    recall@20 : 0.1288    recall@50 : 0.1931    ndcg@10 : 0.0495    ndcg@20 : 0.06    ndcg@50 : 0.0732    
20 Oct 21:31    INFO  Saving current best: saved/DirectAU-Oct-20-2023_20-44-07.pth
20 Oct 21:31    INFO  epoch 61 training [time: 2.35s, train loss: -2.3450]
20 Oct 21:31    INFO  epoch 61 evaluating [time: 11.57s, valid_score: 0.059900]
20 Oct 21:31    INFO  valid result: 
recall@10 : 0.0879    recall@20 : 0.1292    recall@50 : 0.1936    ndcg@10 : 0.0492    ndcg@20 : 0.0599    ndcg@50 : 0.0732    
20 Oct 21:31    INFO  epoch 62 training [time: 2.48s, train loss: -2.3475]
20 Oct 21:31    INFO  epoch 62 evaluating [time: 12.52s, valid_score: 0.059900]
20 Oct 21:31    INFO  valid result: 
recall@10 : 0.0887    recall@20 : 0.1287    recall@50 : 0.1943    ndcg@10 : 0.0494    ndcg@20 : 0.0599    ndcg@50 : 0.0734    
20 Oct 21:31    INFO  epoch 63 training [time: 2.47s, train loss: -2.3485]
20 Oct 21:32    INFO  epoch 63 evaluating [time: 11.17s, valid_score: 0.060000]
20 Oct 21:32    INFO  valid result: 
recall@10 : 0.0892    recall@20 : 0.1291    recall@50 : 0.1942    ndcg@10 : 0.0496    ndcg@20 : 0.06    ndcg@50 : 0.0734    
20 Oct 21:32    INFO  epoch 64 training [time: 2.50s, train loss: -2.3492]
20 Oct 21:32    INFO  epoch 64 evaluating [time: 9.39s, valid_score: 0.060700]
20 Oct 21:32    INFO  valid result: 
recall@10 : 0.0891    recall@20 : 0.1303    recall@50 : 0.1953    ndcg@10 : 0.05    ndcg@20 : 0.0607    ndcg@50 : 0.074    
20 Oct 21:32    INFO  Saving current best: saved/DirectAU-Oct-20-2023_20-44-07.pth
20 Oct 21:32    INFO  epoch 65 training [time: 2.41s, train loss: -2.3512]
20 Oct 21:32    INFO  epoch 65 evaluating [time: 9.46s, valid_score: 0.060800]
20 Oct 21:32    INFO  valid result: 
recall@10 : 0.091    recall@20 : 0.13    recall@50 : 0.1966    ndcg@10 : 0.0507    ndcg@20 : 0.0608    ndcg@50 : 0.0745    
20 Oct 21:32    INFO  Saving current best: saved/DirectAU-Oct-20-2023_20-44-07.pth
20 Oct 21:32    INFO  epoch 66 training [time: 2.31s, train loss: -2.3526]
20 Oct 21:32    INFO  epoch 66 evaluating [time: 10.14s, valid_score: 0.061000]
20 Oct 21:32    INFO  valid result: 
recall@10 : 0.0908    recall@20 : 0.1305    recall@50 : 0.1968    ndcg@10 : 0.0507    ndcg@20 : 0.061    ndcg@50 : 0.0746    
20 Oct 21:32    INFO  Saving current best: saved/DirectAU-Oct-20-2023_20-44-07.pth
20 Oct 21:32    INFO  epoch 67 training [time: 2.78s, train loss: -2.3510]
20 Oct 21:32    INFO  epoch 67 evaluating [time: 11.15s, valid_score: 0.061300]
20 Oct 21:32    INFO  valid result: 
recall@10 : 0.0902    recall@20 : 0.1305    recall@50 : 0.1978    ndcg@10 : 0.0508    ndcg@20 : 0.0613    ndcg@50 : 0.0751    
20 Oct 21:32    INFO  Saving current best: saved/DirectAU-Oct-20-2023_20-44-07.pth
20 Oct 21:32    INFO  epoch 68 training [time: 2.27s, train loss: -2.3549]
20 Oct 21:33    INFO  epoch 68 evaluating [time: 11.59s, valid_score: 0.061800]
20 Oct 21:33    INFO  valid result: 
recall@10 : 0.0904    recall@20 : 0.1311    recall@50 : 0.199    ndcg@10 : 0.0511    ndcg@20 : 0.0618    ndcg@50 : 0.0757    
20 Oct 21:33    INFO  Saving current best: saved/DirectAU-Oct-20-2023_20-44-07.pth
20 Oct 21:33    INFO  epoch 69 training [time: 2.48s, train loss: -2.3583]
20 Oct 21:33    INFO  epoch 69 evaluating [time: 11.36s, valid_score: 0.061700]
20 Oct 21:33    INFO  valid result: 
recall@10 : 0.0906    recall@20 : 0.1313    recall@50 : 0.1986    ndcg@10 : 0.0511    ndcg@20 : 0.0617    ndcg@50 : 0.0755    
20 Oct 21:33    INFO  epoch 70 training [time: 2.42s, train loss: -2.3571]
20 Oct 21:33    INFO  epoch 70 evaluating [time: 10.01s, valid_score: 0.062000]
20 Oct 21:33    INFO  valid result: 
recall@10 : 0.0907    recall@20 : 0.1322    recall@50 : 0.1994    ndcg@10 : 0.0512    ndcg@20 : 0.062    ndcg@50 : 0.0758    
20 Oct 21:33    INFO  Saving current best: saved/DirectAU-Oct-20-2023_20-44-07.pth
20 Oct 21:33    INFO  epoch 71 training [time: 2.39s, train loss: -2.3605]
20 Oct 21:33    INFO  epoch 71 evaluating [time: 10.05s, valid_score: 0.062000]
20 Oct 21:33    INFO  valid result: 
recall@10 : 0.0908    recall@20 : 0.1328    recall@50 : 0.1999    ndcg@10 : 0.0511    ndcg@20 : 0.062    ndcg@50 : 0.0758    
20 Oct 21:33    INFO  epoch 72 training [time: 2.73s, train loss: -2.3584]
20 Oct 21:33    INFO  epoch 72 evaluating [time: 11.49s, valid_score: 0.061900]
20 Oct 21:33    INFO  valid result: 
recall@10 : 0.0912    recall@20 : 0.1324    recall@50 : 0.2005    ndcg@10 : 0.0511    ndcg@20 : 0.0619    ndcg@50 : 0.0758    
20 Oct 21:34    INFO  epoch 73 training [time: 2.46s, train loss: -2.3574]
20 Oct 21:34    INFO  epoch 73 evaluating [time: 9.49s, valid_score: 0.062300]
20 Oct 21:34    INFO  valid result: 
recall@10 : 0.0909    recall@20 : 0.133    recall@50 : 0.2002    ndcg@10 : 0.0513    ndcg@20 : 0.0623    ndcg@50 : 0.0761    
20 Oct 21:34    INFO  Saving current best: saved/DirectAU-Oct-20-2023_20-44-07.pth
20 Oct 21:34    INFO  epoch 74 training [time: 2.41s, train loss: -2.3595]
20 Oct 21:34    INFO  epoch 74 evaluating [time: 9.36s, valid_score: 0.062500]
20 Oct 21:34    INFO  valid result: 
recall@10 : 0.0908    recall@20 : 0.1335    recall@50 : 0.2017    ndcg@10 : 0.0514    ndcg@20 : 0.0625    ndcg@50 : 0.0764    
20 Oct 21:34    INFO  Saving current best: saved/DirectAU-Oct-20-2023_20-44-07.pth
20 Oct 21:34    INFO  epoch 75 training [time: 2.41s, train loss: -2.3612]
20 Oct 21:34    INFO  epoch 75 evaluating [time: 11.09s, valid_score: 0.062500]
20 Oct 21:34    INFO  valid result: 
recall@10 : 0.0917    recall@20 : 0.1341    recall@50 : 0.2019    ndcg@10 : 0.0515    ndcg@20 : 0.0625    ndcg@50 : 0.0764    
20 Oct 21:34    INFO  epoch 76 training [time: 2.56s, train loss: -2.3592]
20 Oct 21:34    INFO  epoch 76 evaluating [time: 10.68s, valid_score: 0.062200]
20 Oct 21:34    INFO  valid result: 
recall@10 : 0.091    recall@20 : 0.1321    recall@50 : 0.2017    ndcg@10 : 0.0514    ndcg@20 : 0.0622    ndcg@50 : 0.0764    
20 Oct 21:34    INFO  epoch 77 training [time: 2.70s, train loss: -2.3620]
20 Oct 21:35    INFO  epoch 77 evaluating [time: 11.63s, valid_score: 0.062300]
20 Oct 21:35    INFO  valid result: 
recall@10 : 0.0913    recall@20 : 0.1324    recall@50 : 0.2022    ndcg@10 : 0.0516    ndcg@20 : 0.0623    ndcg@50 : 0.0766    
20 Oct 21:35    INFO  epoch 78 training [time: 2.24s, train loss: -2.3639]
20 Oct 21:35    INFO  epoch 78 evaluating [time: 9.68s, valid_score: 0.062300]
20 Oct 21:35    INFO  valid result: 
recall@10 : 0.0914    recall@20 : 0.1327    recall@50 : 0.2034    ndcg@10 : 0.0516    ndcg@20 : 0.0623    ndcg@50 : 0.0768    
20 Oct 21:35    INFO  epoch 79 training [time: 2.42s, train loss: -2.3629]
20 Oct 21:35    INFO  epoch 79 evaluating [time: 10.64s, valid_score: 0.062600]
20 Oct 21:35    INFO  valid result: 
recall@10 : 0.0913    recall@20 : 0.1329    recall@50 : 0.203    ndcg@10 : 0.0517    ndcg@20 : 0.0626    ndcg@50 : 0.0769    
20 Oct 21:35    INFO  Saving current best: saved/DirectAU-Oct-20-2023_20-44-07.pth
20 Oct 21:35    INFO  epoch 80 training [time: 2.65s, train loss: -2.3648]
20 Oct 21:35    INFO  epoch 80 evaluating [time: 10.07s, valid_score: 0.062800]
20 Oct 21:35    INFO  valid result: 
recall@10 : 0.0919    recall@20 : 0.1332    recall@50 : 0.2034    ndcg@10 : 0.0521    ndcg@20 : 0.0628    ndcg@50 : 0.0772    
20 Oct 21:35    INFO  Saving current best: saved/DirectAU-Oct-20-2023_20-44-07.pth
20 Oct 21:35    INFO  epoch 81 training [time: 2.29s, train loss: -2.3624]
20 Oct 21:35    INFO  epoch 81 evaluating [time: 9.47s, valid_score: 0.062700]
20 Oct 21:35    INFO  valid result: 
recall@10 : 0.0929    recall@20 : 0.1336    recall@50 : 0.2044    ndcg@10 : 0.0521    ndcg@20 : 0.0627    ndcg@50 : 0.0771    
20 Oct 21:35    INFO  epoch 82 training [time: 2.38s, train loss: -2.3628]
20 Oct 21:36    INFO  epoch 82 evaluating [time: 9.49s, valid_score: 0.063300]
20 Oct 21:36    INFO  valid result: 
recall@10 : 0.0933    recall@20 : 0.1339    recall@50 : 0.2045    ndcg@10 : 0.0527    ndcg@20 : 0.0633    ndcg@50 : 0.0777    
20 Oct 21:36    INFO  Saving current best: saved/DirectAU-Oct-20-2023_20-44-07.pth
20 Oct 21:36    INFO  epoch 83 training [time: 2.31s, train loss: -2.3658]
20 Oct 21:36    INFO  epoch 83 evaluating [time: 9.41s, valid_score: 0.063100]
20 Oct 21:36    INFO  valid result: 
recall@10 : 0.0927    recall@20 : 0.134    recall@50 : 0.2043    ndcg@10 : 0.0523    ndcg@20 : 0.0631    ndcg@50 : 0.0774    
20 Oct 21:36    INFO  epoch 84 training [time: 1.94s, train loss: -2.3662]
20 Oct 21:36    INFO  epoch 84 evaluating [time: 9.18s, valid_score: 0.062800]
20 Oct 21:36    INFO  valid result: 
recall@10 : 0.0925    recall@20 : 0.1339    recall@50 : 0.2044    ndcg@10 : 0.052    ndcg@20 : 0.0628    ndcg@50 : 0.0772    
20 Oct 21:36    INFO  epoch 85 training [time: 2.45s, train loss: -2.3672]
20 Oct 21:36    INFO  epoch 85 evaluating [time: 10.06s, valid_score: 0.063000]
20 Oct 21:36    INFO  valid result: 
recall@10 : 0.0928    recall@20 : 0.1347    recall@50 : 0.2057    ndcg@10 : 0.0521    ndcg@20 : 0.063    ndcg@50 : 0.0775    
20 Oct 21:36    INFO  epoch 86 training [time: 2.47s, train loss: -2.3686]
20 Oct 21:36    INFO  epoch 86 evaluating [time: 11.36s, valid_score: 0.063100]
20 Oct 21:36    INFO  valid result: 
recall@10 : 0.0926    recall@20 : 0.1347    recall@50 : 0.2058    ndcg@10 : 0.0521    ndcg@20 : 0.0631    ndcg@50 : 0.0776    
20 Oct 21:36    INFO  epoch 87 training [time: 2.38s, train loss: -2.3689]
20 Oct 21:37    INFO  epoch 87 evaluating [time: 9.82s, valid_score: 0.063200]
20 Oct 21:37    INFO  valid result: 
recall@10 : 0.0931    recall@20 : 0.1347    recall@50 : 0.2063    ndcg@10 : 0.0524    ndcg@20 : 0.0632    ndcg@50 : 0.0778    
20 Oct 21:37    INFO  epoch 88 training [time: 2.50s, train loss: -2.3711]
20 Oct 21:37    INFO  epoch 88 evaluating [time: 10.37s, valid_score: 0.063400]
20 Oct 21:37    INFO  valid result: 
recall@10 : 0.0931    recall@20 : 0.1343    recall@50 : 0.2063    ndcg@10 : 0.0526    ndcg@20 : 0.0634    ndcg@50 : 0.0781    
20 Oct 21:37    INFO  Saving current best: saved/DirectAU-Oct-20-2023_20-44-07.pth
20 Oct 21:37    INFO  epoch 89 training [time: 2.15s, train loss: -2.3673]
20 Oct 21:37    INFO  epoch 89 evaluating [time: 10.88s, valid_score: 0.063300]
20 Oct 21:37    INFO  valid result: 
recall@10 : 0.0933    recall@20 : 0.1351    recall@50 : 0.2052    ndcg@10 : 0.0524    ndcg@20 : 0.0633    ndcg@50 : 0.0776    
20 Oct 21:37    INFO  epoch 90 training [time: 2.42s, train loss: -2.3686]
20 Oct 21:37    INFO  epoch 90 evaluating [time: 11.55s, valid_score: 0.063700]
20 Oct 21:37    INFO  valid result: 
recall@10 : 0.0938    recall@20 : 0.1359    recall@50 : 0.2057    ndcg@10 : 0.0528    ndcg@20 : 0.0637    ndcg@50 : 0.078    
20 Oct 21:37    INFO  Saving current best: saved/DirectAU-Oct-20-2023_20-44-07.pth
20 Oct 21:37    INFO  epoch 91 training [time: 2.48s, train loss: -2.3706]
20 Oct 21:37    INFO  epoch 91 evaluating [time: 9.33s, valid_score: 0.063300]
20 Oct 21:37    INFO  valid result: 
recall@10 : 0.093    recall@20 : 0.1347    recall@50 : 0.2063    ndcg@10 : 0.0524    ndcg@20 : 0.0633    ndcg@50 : 0.0779    
20 Oct 21:38    INFO  epoch 92 training [time: 2.44s, train loss: -2.3674]
20 Oct 21:38    INFO  epoch 92 evaluating [time: 11.39s, valid_score: 0.063400]
20 Oct 21:38    INFO  valid result: 
recall@10 : 0.093    recall@20 : 0.1351    recall@50 : 0.2067    ndcg@10 : 0.0524    ndcg@20 : 0.0634    ndcg@50 : 0.0781    
20 Oct 21:38    INFO  epoch 93 training [time: 2.57s, train loss: -2.3716]
20 Oct 21:38    INFO  epoch 93 evaluating [time: 11.32s, valid_score: 0.063500]
20 Oct 21:38    INFO  valid result: 
recall@10 : 0.0939    recall@20 : 0.1351    recall@50 : 0.2062    ndcg@10 : 0.0527    ndcg@20 : 0.0635    ndcg@50 : 0.078    
20 Oct 21:38    INFO  epoch 94 training [time: 2.25s, train loss: -2.3697]
20 Oct 21:38    INFO  epoch 94 evaluating [time: 10.08s, valid_score: 0.063800]
20 Oct 21:38    INFO  valid result: 
recall@10 : 0.0934    recall@20 : 0.1355    recall@50 : 0.2071    ndcg@10 : 0.0528    ndcg@20 : 0.0638    ndcg@50 : 0.0784    
20 Oct 21:38    INFO  Saving current best: saved/DirectAU-Oct-20-2023_20-44-07.pth
20 Oct 21:38    INFO  epoch 95 training [time: 2.68s, train loss: -2.3698]
20 Oct 21:38    INFO  epoch 95 evaluating [time: 11.46s, valid_score: 0.063500]
20 Oct 21:38    INFO  valid result: 
recall@10 : 0.0932    recall@20 : 0.135    recall@50 : 0.2074    ndcg@10 : 0.0525    ndcg@20 : 0.0635    ndcg@50 : 0.0782    
20 Oct 21:38    INFO  epoch 96 training [time: 2.69s, train loss: -2.3690]
20 Oct 21:39    INFO  epoch 96 evaluating [time: 11.62s, valid_score: 0.063800]
20 Oct 21:39    INFO  valid result: 
recall@10 : 0.094    recall@20 : 0.1356    recall@50 : 0.2073    ndcg@10 : 0.0529    ndcg@20 : 0.0638    ndcg@50 : 0.0784    
20 Oct 21:39    INFO  epoch 97 training [time: 2.66s, train loss: -2.3690]
20 Oct 21:39    INFO  epoch 97 evaluating [time: 11.40s, valid_score: 0.064300]
20 Oct 21:39    INFO  valid result: 
recall@10 : 0.094    recall@20 : 0.1367    recall@50 : 0.2074    ndcg@10 : 0.0531    ndcg@20 : 0.0643    ndcg@50 : 0.0787    
20 Oct 21:39    INFO  Saving current best: saved/DirectAU-Oct-20-2023_20-44-07.pth
20 Oct 21:39    INFO  epoch 98 training [time: 2.50s, train loss: -2.3755]
20 Oct 21:39    INFO  epoch 98 evaluating [time: 9.69s, valid_score: 0.063900]
20 Oct 21:39    INFO  valid result: 
recall@10 : 0.0932    recall@20 : 0.1361    recall@50 : 0.2072    ndcg@10 : 0.0527    ndcg@20 : 0.0639    ndcg@50 : 0.0785    
20 Oct 21:39    INFO  epoch 99 training [time: 2.48s, train loss: -2.3725]
20 Oct 21:39    INFO  epoch 99 evaluating [time: 9.45s, valid_score: 0.064000]
20 Oct 21:39    INFO  valid result: 
recall@10 : 0.0936    recall@20 : 0.1366    recall@50 : 0.2071    ndcg@10 : 0.0528    ndcg@20 : 0.064    ndcg@50 : 0.0784    
20 Oct 21:39    INFO  epoch 100 training [time: 2.16s, train loss: -2.3748]
20 Oct 21:39    INFO  epoch 100 evaluating [time: 9.50s, valid_score: 0.064000]
20 Oct 21:39    INFO  valid result: 
recall@10 : 0.0936    recall@20 : 0.1366    recall@50 : 0.2073    ndcg@10 : 0.0528    ndcg@20 : 0.064    ndcg@50 : 0.0784    
20 Oct 21:39    INFO  epoch 101 training [time: 2.46s, train loss: -2.3732]
20 Oct 21:40    INFO  epoch 101 evaluating [time: 9.48s, valid_score: 0.064000]
20 Oct 21:40    INFO  valid result: 
recall@10 : 0.0934    recall@20 : 0.1366    recall@50 : 0.2071    ndcg@10 : 0.0527    ndcg@20 : 0.064    ndcg@50 : 0.0784    
20 Oct 21:40    INFO  epoch 102 training [time: 2.43s, train loss: -2.3735]
20 Oct 21:40    INFO  epoch 102 evaluating [time: 9.51s, valid_score: 0.064200]
20 Oct 21:40    INFO  valid result: 
recall@10 : 0.0938    recall@20 : 0.137    recall@50 : 0.2076    ndcg@10 : 0.053    ndcg@20 : 0.0642    ndcg@50 : 0.0786    
20 Oct 21:40    INFO  epoch 103 training [time: 2.46s, train loss: -2.3711]
20 Oct 21:40    INFO  epoch 103 evaluating [time: 9.40s, valid_score: 0.064300]
20 Oct 21:40    INFO  valid result: 
recall@10 : 0.0935    recall@20 : 0.1364    recall@50 : 0.208    ndcg@10 : 0.0531    ndcg@20 : 0.0643    ndcg@50 : 0.0789    
20 Oct 21:40    INFO  epoch 104 training [time: 2.50s, train loss: -2.3729]
20 Oct 21:40    INFO  epoch 104 evaluating [time: 9.63s, valid_score: 0.064300]
20 Oct 21:40    INFO  valid result: 
recall@10 : 0.0938    recall@20 : 0.1363    recall@50 : 0.2082    ndcg@10 : 0.0532    ndcg@20 : 0.0643    ndcg@50 : 0.0789    
20 Oct 21:40    INFO  epoch 105 training [time: 2.43s, train loss: -2.3724]
20 Oct 21:40    INFO  epoch 105 evaluating [time: 9.42s, valid_score: 0.064100]
20 Oct 21:40    INFO  valid result: 
recall@10 : 0.0938    recall@20 : 0.1365    recall@50 : 0.208    ndcg@10 : 0.0529    ndcg@20 : 0.0641    ndcg@50 : 0.0787    
20 Oct 21:40    INFO  epoch 106 training [time: 2.39s, train loss: -2.3756]
20 Oct 21:41    INFO  epoch 106 evaluating [time: 9.49s, valid_score: 0.064500]
20 Oct 21:41    INFO  valid result: 
recall@10 : 0.0938    recall@20 : 0.1369    recall@50 : 0.2082    ndcg@10 : 0.0532    ndcg@20 : 0.0645    ndcg@50 : 0.079    
20 Oct 21:41    INFO  Saving current best: saved/DirectAU-Oct-20-2023_20-44-07.pth
20 Oct 21:41    INFO  epoch 107 training [time: 2.61s, train loss: -2.3713]
20 Oct 21:41    INFO  epoch 107 evaluating [time: 10.33s, valid_score: 0.064200]
20 Oct 21:41    INFO  valid result: 
recall@10 : 0.0941    recall@20 : 0.1363    recall@50 : 0.208    ndcg@10 : 0.0532    ndcg@20 : 0.0642    ndcg@50 : 0.0789    
20 Oct 21:41    INFO  epoch 108 training [time: 2.31s, train loss: -2.3752]
20 Oct 21:41    INFO  epoch 108 evaluating [time: 10.38s, valid_score: 0.064300]
20 Oct 21:41    INFO  valid result: 
recall@10 : 0.0944    recall@20 : 0.1365    recall@50 : 0.209    ndcg@10 : 0.0534    ndcg@20 : 0.0643    ndcg@50 : 0.0792    
20 Oct 21:41    INFO  epoch 109 training [time: 2.32s, train loss: -2.3751]
20 Oct 21:41    INFO  epoch 109 evaluating [time: 9.36s, valid_score: 0.064300]
20 Oct 21:41    INFO  valid result: 
recall@10 : 0.0945    recall@20 : 0.1365    recall@50 : 0.2086    ndcg@10 : 0.0534    ndcg@20 : 0.0643    ndcg@50 : 0.0791    
20 Oct 21:41    INFO  epoch 110 training [time: 2.36s, train loss: -2.3768]
20 Oct 21:41    INFO  epoch 110 evaluating [time: 9.31s, valid_score: 0.064400]
20 Oct 21:41    INFO  valid result: 
recall@10 : 0.0946    recall@20 : 0.1371    recall@50 : 0.2083    ndcg@10 : 0.0533    ndcg@20 : 0.0644    ndcg@50 : 0.0789    
20 Oct 21:41    INFO  epoch 111 training [time: 2.32s, train loss: -2.3769]
20 Oct 21:42    INFO  epoch 111 evaluating [time: 10.82s, valid_score: 0.064200]
20 Oct 21:42    INFO  valid result: 
recall@10 : 0.0944    recall@20 : 0.1371    recall@50 : 0.209    ndcg@10 : 0.0531    ndcg@20 : 0.0642    ndcg@50 : 0.0789    
20 Oct 21:42    INFO  epoch 112 training [time: 2.66s, train loss: -2.3764]
20 Oct 21:42    INFO  epoch 112 evaluating [time: 11.14s, valid_score: 0.064300]
20 Oct 21:42    INFO  valid result: 
recall@10 : 0.0942    recall@20 : 0.1368    recall@50 : 0.2094    ndcg@10 : 0.0532    ndcg@20 : 0.0643    ndcg@50 : 0.0792    
20 Oct 21:42    INFO  epoch 113 training [time: 2.67s, train loss: -2.3757]
20 Oct 21:42    INFO  epoch 113 evaluating [time: 9.37s, valid_score: 0.064400]
20 Oct 21:42    INFO  valid result: 
recall@10 : 0.0947    recall@20 : 0.1372    recall@50 : 0.2094    ndcg@10 : 0.0533    ndcg@20 : 0.0644    ndcg@50 : 0.0792    
20 Oct 21:42    INFO  epoch 114 training [time: 2.51s, train loss: -2.3731]
20 Oct 21:42    INFO  epoch 114 evaluating [time: 9.31s, valid_score: 0.064400]
20 Oct 21:42    INFO  valid result: 
recall@10 : 0.0945    recall@20 : 0.1372    recall@50 : 0.2096    ndcg@10 : 0.0532    ndcg@20 : 0.0644    ndcg@50 : 0.0792    
20 Oct 21:42    INFO  epoch 115 training [time: 2.38s, train loss: -2.3790]
20 Oct 21:43    INFO  epoch 115 evaluating [time: 9.78s, valid_score: 0.064200]
20 Oct 21:43    INFO  valid result: 
recall@10 : 0.094    recall@20 : 0.1372    recall@50 : 0.2086    ndcg@10 : 0.0529    ndcg@20 : 0.0642    ndcg@50 : 0.0788    
20 Oct 21:43    INFO  epoch 116 training [time: 2.49s, train loss: -2.3737]
20 Oct 21:43    INFO  epoch 116 evaluating [time: 9.11s, valid_score: 0.064200]
20 Oct 21:43    INFO  valid result: 
recall@10 : 0.094    recall@20 : 0.1371    recall@50 : 0.2081    ndcg@10 : 0.0529    ndcg@20 : 0.0642    ndcg@50 : 0.0787    
20 Oct 21:43    INFO  epoch 117 training [time: 2.45s, train loss: -2.3751]
20 Oct 21:43    INFO  epoch 117 evaluating [time: 10.24s, valid_score: 0.064200]
20 Oct 21:43    INFO  valid result: 
recall@10 : 0.0935    recall@20 : 0.1366    recall@50 : 0.2084    ndcg@10 : 0.053    ndcg@20 : 0.0642    ndcg@50 : 0.0789    
20 Oct 21:43    INFO  Finished training, best eval result in epoch 106
20 Oct 21:43    INFO  Loading model structure and parameters from saved/DirectAU-Oct-20-2023_20-44-07.pth
20 Oct 21:43    INFO  best valid : {'recall@10': 0.0938, 'recall@20': 0.1369, 'recall@50': 0.2082, 'ndcg@10': 0.0532, 'ndcg@20': 0.0645, 'ndcg@50': 0.079}
20 Oct 21:43    INFO  test result: {'recall@10': 0.0961, 'recall@20': 0.1393, 'recall@50': 0.2083, 'ndcg@10': 0.0552, 'ndcg@20': 0.0664, 'ndcg@50': 0.0806}
