command line args [--zc 0.8] will not be used in RecBole
20 Oct 14:54    INFO  
General Hyper Parameters:
gpu_id = 5
use_gpu = True
seed = 0
state = INFO
reproducibility = True
data_path = dataset/Yelp
show_progress = False

Training Hyper Parameters:
checkpoint_dir = saved
epochs = 500
train_batch_size = 1024
learner = adam
learning_rate = 0.001
training_neg_sample_num = 0
training_neg_sample_distribution = uniform
eval_step = 1
stopping_step = 10
clip_grad_norm = None
weight_decay = 1e-06
draw_loss_pic = False
loss_decimal_place = 4

Evaluation Hyper Parameters:
eval_setting = RO_RS,full
group_by_user = True
split_ratio = [0.8, 0.1, 0.1]
leave_one_num = 2
real_time_process = False
metrics = ['Recall', 'NDCG']
topk = [10, 20, 50]
valid_metric = NDCG@20
eval_batch_size = 4096
metric_decimal_place = 4

Dataset Hyper Parameters:
field_separator = 	
seq_separator =  
USER_ID_FIELD = user_id
ITEM_ID_FIELD = item_id
RATING_FIELD = rating
TIME_FIELD = timestamp
seq_len = None
LABEL_FIELD = label
threshold = None
NEG_PREFIX = neg_
load_col = {'inter': ['user_id', 'item_id', 'timestamp']}
unload_col = None
unused_col = None
additional_feat_suffix = None
lowest_val = None
highest_val = None
equal_val = None
not_equal_val = None
max_user_inter_num = None
min_user_inter_num = 5
max_item_inter_num = None
min_item_inter_num = 5
fields_in_same_space = None
preload_weight = None
normalize_field = None
normalize_all = None
ITEM_LIST_LENGTH_FIELD = item_length
LIST_SUFFIX = _list
MAX_ITEM_LIST_LENGTH = 50
POSITION_FIELD = position_id
HEAD_ENTITY_ID_FIELD = head_id
TAIL_ENTITY_ID_FIELD = tail_id
RELATION_ID_FIELD = relation_id
ENTITY_ID_FIELD = entity_id

Other Hyper Parameters: 
valid_metric_bigger = True
BT = 0.1
bt = 0.001
embedding_size = 64
encoder = MF
gamma = 0.5
times = 1
witem = 0.1
wuser = 0.8
zc = 0.8
rm_dup_inter = None
filter_inter_by_user_or_item = True
SOURCE_ID_FIELD = source_id
TARGET_ID_FIELD = target_id
benchmark_filename = None
MODEL_TYPE = ModelType.GENERAL
MODEL_INPUT_TYPE = InputType.POINTWISE
eval_type = EvaluatorType.RANKING
device = cuda
train_neg_sample_args = {'strategy': 'none'}


20 Oct 14:54    INFO  Yelp
The number of users: 31669
Average actions of users: 49.305481874447395
The number of items: 38049
Average actions of items: 41.037794365012616
The number of inters: 1561406
The sparsity of the dataset: 99.87041991912021%
Remain Fields: ['user_id', 'item_id']
20 Oct 14:54    INFO  Build [GeneralDataLoader] for [train] with format [InputType.POINTWISE]
20 Oct 14:54    INFO  [train] No Negative Sampling
20 Oct 14:54    INFO  [train] batch_size = [1024], shuffle = [True]

20 Oct 14:54    INFO  Build [GeneralFullDataLoader] for [evaluation] with format [InputType.POINTWISE]
20 Oct 14:54    INFO  Evaluation Setting:
	Group by user_id
	Ordering: {'strategy': 'shuffle'}
	Splitting: {'strategy': 'by_ratio', 'ratios': [0.8, 0.1, 0.1]}
	Negative Sampling: {'strategy': 'full', 'distribution': 'uniform'}
20 Oct 14:54    INFO  [evaluation] batch_size = [4096], shuffle = [False]

20 Oct 14:54    WARNING  Batch size is changed to 38049.
20 Oct 14:54    WARNING  Batch size is changed to 38049.
{'BT': 0.1, 'bt': 0.001, 'embedding_size': 64, 'encoder': 'MF', 'gamma': None, 'times': 1, 'training_neg_sample_num': 0, 'witem': 0.1, 'wuser': 0.8, 'zc': 0.8}
this is encoder MF...
这是directau 的 WUBT 版本...
20 Oct 14:54    INFO  DirectAU(
  (encoder): MFEncoder(
    (user_embedding): Embedding(31669, 64)
    (item_embedding): Embedding(38049, 64)
  )
  (bn): BatchNorm1d(64, eps=1e-05, momentum=0.1, affine=False, track_running_stats=True)
  (projector): Sequential(
    (0): Linear(in_features=64, out_features=64, bias=False)
    (1): BatchNorm1d(64, eps=1e-05, momentum=0.1, affine=True, track_running_stats=True)
    (2): ReLU(inplace=True)
    (3): Linear(in_features=64, out_features=64, bias=False)
    (4): BatchNorm1d(64, eps=1e-05, momentum=0.1, affine=True, track_running_stats=True)
    (5): ReLU(inplace=True)
    (6): Linear(in_features=64, out_features=64, bias=False)
  )
)
Trainable parameters: 4474496
20 Oct 14:55    INFO  epoch 0 training [time: 23.69s, train loss: -0.2181]
20 Oct 14:55    INFO  epoch 0 evaluating [time: 15.40s, valid_score: 0.021000]
20 Oct 14:55    INFO  valid result: 
recall@10 : 0.0196    recall@20 : 0.0348    recall@50 : 0.0719    ndcg@10 : 0.0157    ndcg@20 : 0.021    ndcg@50 : 0.0321    
20 Oct 14:55    INFO  Saving current best: saved/DirectAU-Oct-20-2023_14-54-58.pth
20 Oct 14:56    INFO  epoch 1 training [time: 23.53s, train loss: -0.6774]
20 Oct 14:56    INFO  epoch 1 evaluating [time: 15.37s, valid_score: 0.030900]
20 Oct 14:56    INFO  valid result: 
recall@10 : 0.0297    recall@20 : 0.0514    recall@50 : 0.1003    ndcg@10 : 0.0234    ndcg@20 : 0.0309    ndcg@50 : 0.0453    
20 Oct 14:56    INFO  Saving current best: saved/DirectAU-Oct-20-2023_14-54-58.pth
20 Oct 14:56    INFO  epoch 2 training [time: 23.64s, train loss: -0.7661]
20 Oct 14:56    INFO  epoch 2 evaluating [time: 17.53s, valid_score: 0.035200]
20 Oct 14:56    INFO  valid result: 
recall@10 : 0.0344    recall@20 : 0.0581    recall@50 : 0.113    ndcg@10 : 0.027    ndcg@20 : 0.0352    ndcg@50 : 0.0512    
20 Oct 14:56    INFO  Saving current best: saved/DirectAU-Oct-20-2023_14-54-58.pth
20 Oct 14:57    INFO  epoch 3 training [time: 23.64s, train loss: -0.8091]
20 Oct 14:57    INFO  epoch 3 evaluating [time: 15.79s, valid_score: 0.038000]
20 Oct 14:57    INFO  valid result: 
recall@10 : 0.0378    recall@20 : 0.0639    recall@50 : 0.1207    ndcg@10 : 0.0292    ndcg@20 : 0.038    ndcg@50 : 0.0547    
20 Oct 14:57    INFO  Saving current best: saved/DirectAU-Oct-20-2023_14-54-58.pth
20 Oct 14:58    INFO  epoch 4 training [time: 23.66s, train loss: -0.8380]
20 Oct 14:58    INFO  epoch 4 evaluating [time: 15.46s, valid_score: 0.040300]
20 Oct 14:58    INFO  valid result: 
recall@10 : 0.0398    recall@20 : 0.0666    recall@50 : 0.1258    ndcg@10 : 0.0311    ndcg@20 : 0.0403    ndcg@50 : 0.0576    
20 Oct 14:58    INFO  Saving current best: saved/DirectAU-Oct-20-2023_14-54-58.pth
20 Oct 14:58    INFO  epoch 5 training [time: 23.75s, train loss: -0.8597]
20 Oct 14:58    INFO  epoch 5 evaluating [time: 15.84s, valid_score: 0.042500]
20 Oct 14:58    INFO  valid result: 
recall@10 : 0.0417    recall@20 : 0.0702    recall@50 : 0.1311    ndcg@10 : 0.0326    ndcg@20 : 0.0425    ndcg@50 : 0.0602    
20 Oct 14:58    INFO  Saving current best: saved/DirectAU-Oct-20-2023_14-54-58.pth
20 Oct 14:59    INFO  epoch 6 training [time: 23.53s, train loss: -0.8770]
20 Oct 14:59    INFO  epoch 6 evaluating [time: 15.35s, valid_score: 0.044900]
20 Oct 14:59    INFO  valid result: 
recall@10 : 0.044    recall@20 : 0.0739    recall@50 : 0.1361    ndcg@10 : 0.0346    ndcg@20 : 0.0449    ndcg@50 : 0.063    
20 Oct 14:59    INFO  Saving current best: saved/DirectAU-Oct-20-2023_14-54-58.pth
20 Oct 14:59    INFO  epoch 7 training [time: 23.78s, train loss: -0.8918]
20 Oct 15:00    INFO  epoch 7 evaluating [time: 15.80s, valid_score: 0.046100]
20 Oct 15:00    INFO  valid result: 
recall@10 : 0.0459    recall@20 : 0.076    recall@50 : 0.14    ndcg@10 : 0.0358    ndcg@20 : 0.0461    ndcg@50 : 0.0647    
20 Oct 15:00    INFO  Saving current best: saved/DirectAU-Oct-20-2023_14-54-58.pth
20 Oct 15:00    INFO  epoch 8 training [time: 23.82s, train loss: -0.9045]
20 Oct 15:00    INFO  epoch 8 evaluating [time: 15.61s, valid_score: 0.048000]
20 Oct 15:00    INFO  valid result: 
recall@10 : 0.0477    recall@20 : 0.0787    recall@50 : 0.1426    ndcg@10 : 0.0375    ndcg@20 : 0.048    ndcg@50 : 0.0667    
20 Oct 15:00    INFO  Saving current best: saved/DirectAU-Oct-20-2023_14-54-58.pth
20 Oct 15:01    INFO  epoch 9 training [time: 23.75s, train loss: -0.9153]
20 Oct 15:01    INFO  epoch 9 evaluating [time: 15.76s, valid_score: 0.049500]
20 Oct 15:01    INFO  valid result: 
recall@10 : 0.0496    recall@20 : 0.0813    recall@50 : 0.1452    ndcg@10 : 0.0388    ndcg@20 : 0.0495    ndcg@50 : 0.0682    
20 Oct 15:01    INFO  Saving current best: saved/DirectAU-Oct-20-2023_14-54-58.pth
20 Oct 15:01    INFO  epoch 10 training [time: 23.82s, train loss: -0.9247]
20 Oct 15:02    INFO  epoch 10 evaluating [time: 15.73s, valid_score: 0.050800]
20 Oct 15:02    INFO  valid result: 
recall@10 : 0.0507    recall@20 : 0.083    recall@50 : 0.1496    ndcg@10 : 0.0398    ndcg@20 : 0.0508    ndcg@50 : 0.0702    
20 Oct 15:02    INFO  Saving current best: saved/DirectAU-Oct-20-2023_14-54-58.pth
20 Oct 15:02    INFO  epoch 11 training [time: 23.64s, train loss: -0.9327]
20 Oct 15:02    INFO  epoch 11 evaluating [time: 15.73s, valid_score: 0.051800]
20 Oct 15:02    INFO  valid result: 
recall@10 : 0.0518    recall@20 : 0.0847    recall@50 : 0.1524    ndcg@10 : 0.0406    ndcg@20 : 0.0518    ndcg@50 : 0.0715    
20 Oct 15:02    INFO  Saving current best: saved/DirectAU-Oct-20-2023_14-54-58.pth
20 Oct 15:03    INFO  epoch 12 training [time: 23.78s, train loss: -0.9398]
20 Oct 15:03    INFO  epoch 12 evaluating [time: 15.60s, valid_score: 0.053200]
20 Oct 15:03    INFO  valid result: 
recall@10 : 0.053    recall@20 : 0.0869    recall@50 : 0.1553    ndcg@10 : 0.0418    ndcg@20 : 0.0532    ndcg@50 : 0.0732    
20 Oct 15:03    INFO  Saving current best: saved/DirectAU-Oct-20-2023_14-54-58.pth
20 Oct 15:03    INFO  epoch 13 training [time: 23.84s, train loss: -0.9458]
20 Oct 15:04    INFO  epoch 13 evaluating [time: 15.97s, valid_score: 0.053500]
20 Oct 15:04    INFO  valid result: 
recall@10 : 0.0538    recall@20 : 0.0865    recall@50 : 0.1575    ndcg@10 : 0.0425    ndcg@20 : 0.0535    ndcg@50 : 0.0742    
20 Oct 15:04    INFO  Saving current best: saved/DirectAU-Oct-20-2023_14-54-58.pth
20 Oct 15:04    INFO  epoch 14 training [time: 23.87s, train loss: -0.9509]
20 Oct 15:04    INFO  epoch 14 evaluating [time: 15.58s, valid_score: 0.054900]
20 Oct 15:04    INFO  valid result: 
recall@10 : 0.0552    recall@20 : 0.0886    recall@50 : 0.1593    ndcg@10 : 0.0436    ndcg@20 : 0.0549    ndcg@50 : 0.0755    
20 Oct 15:05    INFO  Saving current best: saved/DirectAU-Oct-20-2023_14-54-58.pth
20 Oct 15:05    INFO  epoch 15 training [time: 23.81s, train loss: -0.9554]
20 Oct 15:05    INFO  epoch 15 evaluating [time: 15.84s, valid_score: 0.055700]
20 Oct 15:05    INFO  valid result: 
recall@10 : 0.0555    recall@20 : 0.0899    recall@50 : 0.162    ndcg@10 : 0.044    ndcg@20 : 0.0557    ndcg@50 : 0.0766    
20 Oct 15:05    INFO  Saving current best: saved/DirectAU-Oct-20-2023_14-54-58.pth
20 Oct 15:06    INFO  epoch 16 training [time: 23.88s, train loss: -0.9593]
20 Oct 15:06    INFO  epoch 16 evaluating [time: 15.81s, valid_score: 0.056300]
20 Oct 15:06    INFO  valid result: 
recall@10 : 0.0566    recall@20 : 0.0908    recall@50 : 0.1645    ndcg@10 : 0.0448    ndcg@20 : 0.0563    ndcg@50 : 0.0777    
20 Oct 15:06    INFO  Saving current best: saved/DirectAU-Oct-20-2023_14-54-58.pth
20 Oct 15:06    INFO  epoch 17 training [time: 23.81s, train loss: -0.9630]
20 Oct 15:07    INFO  epoch 17 evaluating [time: 15.52s, valid_score: 0.056800]
20 Oct 15:07    INFO  valid result: 
recall@10 : 0.0561    recall@20 : 0.092    recall@50 : 0.165    ndcg@10 : 0.0446    ndcg@20 : 0.0568    ndcg@50 : 0.078    
20 Oct 15:07    INFO  Saving current best: saved/DirectAU-Oct-20-2023_14-54-58.pth
20 Oct 15:07    INFO  epoch 18 training [time: 23.87s, train loss: -0.9661]
20 Oct 15:07    INFO  epoch 18 evaluating [time: 15.68s, valid_score: 0.057300]
20 Oct 15:07    INFO  valid result: 
recall@10 : 0.057    recall@20 : 0.092    recall@50 : 0.1656    ndcg@10 : 0.0455    ndcg@20 : 0.0573    ndcg@50 : 0.0787    
20 Oct 15:07    INFO  Saving current best: saved/DirectAU-Oct-20-2023_14-54-58.pth
20 Oct 15:08    INFO  epoch 19 training [time: 23.80s, train loss: -0.9688]
20 Oct 15:08    INFO  epoch 19 evaluating [time: 15.40s, valid_score: 0.058000]
20 Oct 15:08    INFO  valid result: 
recall@10 : 0.0577    recall@20 : 0.0927    recall@50 : 0.168    ndcg@10 : 0.0461    ndcg@20 : 0.058    ndcg@50 : 0.0798    
20 Oct 15:08    INFO  Saving current best: saved/DirectAU-Oct-20-2023_14-54-58.pth
20 Oct 15:08    INFO  epoch 20 training [time: 23.79s, train loss: -0.9711]
20 Oct 15:09    INFO  epoch 20 evaluating [time: 15.82s, valid_score: 0.058100]
20 Oct 15:09    INFO  valid result: 
recall@10 : 0.058    recall@20 : 0.0929    recall@50 : 0.168    ndcg@10 : 0.0463    ndcg@20 : 0.0581    ndcg@50 : 0.0799    
20 Oct 15:09    INFO  Saving current best: saved/DirectAU-Oct-20-2023_14-54-58.pth
20 Oct 15:09    INFO  epoch 21 training [time: 23.85s, train loss: -0.9731]
20 Oct 15:09    INFO  epoch 21 evaluating [time: 15.54s, valid_score: 0.058400]
20 Oct 15:09    INFO  valid result: 
recall@10 : 0.0584    recall@20 : 0.0937    recall@50 : 0.1695    ndcg@10 : 0.0466    ndcg@20 : 0.0584    ndcg@50 : 0.0804    
20 Oct 15:09    INFO  Saving current best: saved/DirectAU-Oct-20-2023_14-54-58.pth
20 Oct 15:10    INFO  epoch 22 training [time: 23.57s, train loss: -0.9747]
20 Oct 15:10    INFO  epoch 22 evaluating [time: 15.20s, valid_score: 0.058800]
20 Oct 15:10    INFO  valid result: 
recall@10 : 0.0591    recall@20 : 0.0944    recall@50 : 0.1696    ndcg@10 : 0.0469    ndcg@20 : 0.0588    ndcg@50 : 0.0806    
20 Oct 15:16    INFO  Saving current best: saved/DirectAU-Oct-20-2023_14-54-58.pth
20 Oct 15:16    INFO  epoch 23 training [time: 23.58s, train loss: -0.9763]
20 Oct 15:17    INFO  epoch 23 evaluating [time: 14.63s, valid_score: 0.058800]
20 Oct 15:17    INFO  valid result: 
recall@10 : 0.0589    recall@20 : 0.0943    recall@50 : 0.1707    ndcg@10 : 0.0469    ndcg@20 : 0.0588    ndcg@50 : 0.081    
20 Oct 15:17    INFO  epoch 24 training [time: 23.58s, train loss: -0.9777]
20 Oct 15:17    INFO  epoch 24 evaluating [time: 15.08s, valid_score: 0.059400]
20 Oct 15:17    INFO  valid result: 
recall@10 : 0.0596    recall@20 : 0.0952    recall@50 : 0.1704    ndcg@10 : 0.0474    ndcg@20 : 0.0594    ndcg@50 : 0.0812    
20 Oct 15:27    INFO  Saving current best: saved/DirectAU-Oct-20-2023_14-54-58.pth
20 Oct 15:27    INFO  epoch 25 training [time: 23.65s, train loss: -0.9788]
20 Oct 15:27    INFO  epoch 25 evaluating [time: 14.94s, valid_score: 0.059300]
20 Oct 15:27    INFO  valid result: 
recall@10 : 0.0592    recall@20 : 0.095    recall@50 : 0.1717    ndcg@10 : 0.0473    ndcg@20 : 0.0593    ndcg@50 : 0.0816    
20 Oct 15:28    INFO  epoch 26 training [time: 23.43s, train loss: -0.9797]
20 Oct 15:28    INFO  epoch 26 evaluating [time: 15.50s, valid_score: 0.059900]
20 Oct 15:28    INFO  valid result: 
recall@10 : 0.0597    recall@20 : 0.0958    recall@50 : 0.1719    ndcg@10 : 0.0478    ndcg@20 : 0.0599    ndcg@50 : 0.082    
20 Oct 15:38    INFO  Saving current best: saved/DirectAU-Oct-20-2023_14-54-58.pth
20 Oct 15:39    INFO  epoch 27 training [time: 23.74s, train loss: -0.9806]
20 Oct 15:39    INFO  epoch 27 evaluating [time: 16.11s, valid_score: 0.059800]
20 Oct 15:39    INFO  valid result: 
recall@10 : 0.06    recall@20 : 0.0957    recall@50 : 0.1719    ndcg@10 : 0.0478    ndcg@20 : 0.0598    ndcg@50 : 0.0819    
20 Oct 15:40    INFO  epoch 28 training [time: 23.59s, train loss: -0.9815]
20 Oct 15:40    INFO  epoch 28 evaluating [time: 15.21s, valid_score: 0.060100]
20 Oct 15:40    INFO  valid result: 
recall@10 : 0.0602    recall@20 : 0.096    recall@50 : 0.1715    ndcg@10 : 0.0481    ndcg@20 : 0.0601    ndcg@50 : 0.0821    
20 Oct 15:47    INFO  Saving current best: saved/DirectAU-Oct-20-2023_14-54-58.pth
20 Oct 15:48    INFO  epoch 29 training [time: 23.67s, train loss: -0.9823]
20 Oct 15:48    INFO  epoch 29 evaluating [time: 17.55s, valid_score: 0.059800]
20 Oct 15:48    INFO  valid result: 
recall@10 : 0.0601    recall@20 : 0.0961    recall@50 : 0.1716    ndcg@10 : 0.0477    ndcg@20 : 0.0598    ndcg@50 : 0.0817    
20 Oct 15:48    INFO  epoch 30 training [time: 23.50s, train loss: -0.9830]
20 Oct 15:49    INFO  epoch 30 evaluating [time: 16.40s, valid_score: 0.060200]
20 Oct 15:49    INFO  valid result: 
recall@10 : 0.0601    recall@20 : 0.0963    recall@50 : 0.1736    ndcg@10 : 0.048    ndcg@20 : 0.0602    ndcg@50 : 0.0827    
20 Oct 15:49    INFO  Saving current best: saved/DirectAU-Oct-20-2023_14-54-58.pth
20 Oct 15:49    INFO  epoch 31 training [time: 23.63s, train loss: -0.9836]
20 Oct 15:49    INFO  epoch 31 evaluating [time: 16.78s, valid_score: 0.060500]
20 Oct 15:49    INFO  valid result: 
recall@10 : 0.0604    recall@20 : 0.0969    recall@50 : 0.1724    ndcg@10 : 0.0482    ndcg@20 : 0.0605    ndcg@50 : 0.0825    
20 Oct 15:49    INFO  Saving current best: saved/DirectAU-Oct-20-2023_14-54-58.pth
20 Oct 15:50    INFO  epoch 32 training [time: 23.54s, train loss: -0.9841]
20 Oct 15:50    INFO  epoch 32 evaluating [time: 15.85s, valid_score: 0.060400]
20 Oct 15:50    INFO  valid result: 
recall@10 : 0.0598    recall@20 : 0.0969    recall@50 : 0.1727    ndcg@10 : 0.0479    ndcg@20 : 0.0604    ndcg@50 : 0.0825    
20 Oct 15:50    INFO  epoch 33 training [time: 23.59s, train loss: -0.9846]
20 Oct 15:51    INFO  epoch 33 evaluating [time: 16.06s, valid_score: 0.060200]
20 Oct 15:51    INFO  valid result: 
recall@10 : 0.0598    recall@20 : 0.096    recall@50 : 0.1734    ndcg@10 : 0.048    ndcg@20 : 0.0602    ndcg@50 : 0.0826    
20 Oct 15:51    INFO  epoch 34 training [time: 23.64s, train loss: -0.9852]
20 Oct 15:51    INFO  epoch 34 evaluating [time: 16.29s, valid_score: 0.060400]
20 Oct 15:51    INFO  valid result: 
recall@10 : 0.0604    recall@20 : 0.0966    recall@50 : 0.1733    ndcg@10 : 0.0482    ndcg@20 : 0.0604    ndcg@50 : 0.0826    
20 Oct 15:52    INFO  epoch 35 training [time: 23.78s, train loss: -0.9855]
20 Oct 15:52    INFO  epoch 35 evaluating [time: 15.22s, valid_score: 0.060500]
20 Oct 15:52    INFO  valid result: 
recall@10 : 0.0605    recall@20 : 0.097    recall@50 : 0.1739    ndcg@10 : 0.0482    ndcg@20 : 0.0605    ndcg@50 : 0.0828    
20 Oct 15:52    INFO  epoch 36 training [time: 23.80s, train loss: -0.9860]
20 Oct 15:53    INFO  epoch 36 evaluating [time: 15.12s, valid_score: 0.060300]
20 Oct 15:53    INFO  valid result: 
recall@10 : 0.0603    recall@20 : 0.0971    recall@50 : 0.1745    ndcg@10 : 0.0478    ndcg@20 : 0.0603    ndcg@50 : 0.0827    
20 Oct 15:53    INFO  epoch 37 training [time: 23.65s, train loss: -0.9864]
20 Oct 15:53    INFO  epoch 37 evaluating [time: 15.16s, valid_score: 0.060400]
20 Oct 15:53    INFO  valid result: 
recall@10 : 0.0598    recall@20 : 0.0967    recall@50 : 0.1747    ndcg@10 : 0.0479    ndcg@20 : 0.0604    ndcg@50 : 0.083    
20 Oct 15:54    INFO  epoch 38 training [time: 23.78s, train loss: -0.9867]
20 Oct 15:54    INFO  epoch 38 evaluating [time: 15.08s, valid_score: 0.060600]
20 Oct 15:54    INFO  valid result: 
recall@10 : 0.0602    recall@20 : 0.0966    recall@50 : 0.174    ndcg@10 : 0.0483    ndcg@20 : 0.0606    ndcg@50 : 0.0831    
20 Oct 15:54    INFO  Saving current best: saved/DirectAU-Oct-20-2023_14-54-58.pth
20 Oct 15:54    INFO  epoch 39 training [time: 23.89s, train loss: -0.9868]
20 Oct 15:55    INFO  epoch 39 evaluating [time: 16.13s, valid_score: 0.060800]
20 Oct 15:55    INFO  valid result: 
recall@10 : 0.0602    recall@20 : 0.0972    recall@50 : 0.175    ndcg@10 : 0.0484    ndcg@20 : 0.0608    ndcg@50 : 0.0833    
20 Oct 15:55    INFO  Saving current best: saved/DirectAU-Oct-20-2023_14-54-58.pth
20 Oct 15:55    INFO  epoch 40 training [time: 23.92s, train loss: -0.9870]
20 Oct 15:55    INFO  epoch 40 evaluating [time: 16.54s, valid_score: 0.060200]
20 Oct 15:55    INFO  valid result: 
recall@10 : 0.0602    recall@20 : 0.0964    recall@50 : 0.1744    ndcg@10 : 0.048    ndcg@20 : 0.0602    ndcg@50 : 0.0829    
20 Oct 15:56    INFO  epoch 41 training [time: 23.89s, train loss: -0.9871]
20 Oct 15:56    INFO  epoch 41 evaluating [time: 17.69s, valid_score: 0.060400]
20 Oct 15:56    INFO  valid result: 
recall@10 : 0.0607    recall@20 : 0.0967    recall@50 : 0.1741    ndcg@10 : 0.0483    ndcg@20 : 0.0604    ndcg@50 : 0.0828    
20 Oct 15:57    INFO  epoch 42 training [time: 23.89s, train loss: -0.9871]
20 Oct 15:57    INFO  epoch 42 evaluating [time: 15.53s, valid_score: 0.060400]
20 Oct 15:57    INFO  valid result: 
recall@10 : 0.0601    recall@20 : 0.0966    recall@50 : 0.1743    ndcg@10 : 0.048    ndcg@20 : 0.0604    ndcg@50 : 0.0828    
20 Oct 15:57    INFO  epoch 43 training [time: 23.74s, train loss: -0.9873]
20 Oct 15:57    INFO  epoch 43 evaluating [time: 15.53s, valid_score: 0.060700]
20 Oct 15:57    INFO  valid result: 
recall@10 : 0.0604    recall@20 : 0.0969    recall@50 : 0.1743    ndcg@10 : 0.0484    ndcg@20 : 0.0607    ndcg@50 : 0.0831    
20 Oct 15:58    INFO  epoch 44 training [time: 23.83s, train loss: -0.9875]
20 Oct 15:58    INFO  epoch 44 evaluating [time: 15.81s, valid_score: 0.060400]
20 Oct 15:58    INFO  valid result: 
recall@10 : 0.0599    recall@20 : 0.0966    recall@50 : 0.1745    ndcg@10 : 0.048    ndcg@20 : 0.0604    ndcg@50 : 0.0829    
20 Oct 15:58    INFO  epoch 45 training [time: 23.76s, train loss: -0.9874]
20 Oct 15:59    INFO  epoch 45 evaluating [time: 15.85s, valid_score: 0.060600]
20 Oct 15:59    INFO  valid result: 
recall@10 : 0.0609    recall@20 : 0.0975    recall@50 : 0.1745    ndcg@10 : 0.0483    ndcg@20 : 0.0606    ndcg@50 : 0.0829    
20 Oct 15:59    INFO  epoch 46 training [time: 23.85s, train loss: -0.9875]
20 Oct 15:59    INFO  epoch 46 evaluating [time: 15.79s, valid_score: 0.060400]
20 Oct 15:59    INFO  valid result: 
recall@10 : 0.0611    recall@20 : 0.0968    recall@50 : 0.1744    ndcg@10 : 0.0484    ndcg@20 : 0.0604    ndcg@50 : 0.0829    
20 Oct 16:00    INFO  epoch 47 training [time: 23.67s, train loss: -0.9877]
20 Oct 16:00    INFO  epoch 47 evaluating [time: 15.59s, valid_score: 0.060500]
20 Oct 16:00    INFO  valid result: 
recall@10 : 0.0608    recall@20 : 0.0968    recall@50 : 0.1746    ndcg@10 : 0.0484    ndcg@20 : 0.0605    ndcg@50 : 0.0831    
20 Oct 16:00    INFO  epoch 48 training [time: 23.79s, train loss: -0.9877]
20 Oct 16:01    INFO  epoch 48 evaluating [time: 15.99s, valid_score: 0.060600]
20 Oct 16:01    INFO  valid result: 
recall@10 : 0.0598    recall@20 : 0.0974    recall@50 : 0.175    ndcg@10 : 0.0479    ndcg@20 : 0.0606    ndcg@50 : 0.083    
20 Oct 16:01    INFO  epoch 49 training [time: 23.89s, train loss: -0.9878]
20 Oct 16:01    INFO  epoch 49 evaluating [time: 15.72s, valid_score: 0.060700]
20 Oct 16:01    INFO  valid result: 
recall@10 : 0.0602    recall@20 : 0.0975    recall@50 : 0.1749    ndcg@10 : 0.0481    ndcg@20 : 0.0607    ndcg@50 : 0.0832    
20 Oct 16:02    INFO  epoch 50 training [time: 23.88s, train loss: -0.9878]
20 Oct 16:02    INFO  epoch 50 evaluating [time: 15.97s, valid_score: 0.060800]
20 Oct 16:02    INFO  valid result: 
recall@10 : 0.0608    recall@20 : 0.097    recall@50 : 0.1747    ndcg@10 : 0.0486    ndcg@20 : 0.0608    ndcg@50 : 0.0834    
20 Oct 16:02    INFO  Finished training, best eval result in epoch 39
20 Oct 16:02    INFO  Loading model structure and parameters from saved/DirectAU-Oct-20-2023_14-54-58.pth
20 Oct 16:02    INFO  best valid : {'recall@10': 0.0602, 'recall@20': 0.0972, 'recall@50': 0.175, 'ndcg@10': 0.0484, 'ndcg@20': 0.0608, 'ndcg@50': 0.0833}
20 Oct 16:02    INFO  test result: {'recall@10': 0.0613, 'recall@20': 0.0981, 'recall@50': 0.1746, 'ndcg@10': 0.0488, 'ndcg@20': 0.061, 'ndcg@50': 0.0831}
