command line args [--zc 0.95] will not be used in RecBole
20 Oct 14:55    INFO  
General Hyper Parameters:
gpu_id = 7
use_gpu = True
seed = 0
state = INFO
reproducibility = True
data_path = dataset/Yelp
show_progress = False

Training Hyper Parameters:
checkpoint_dir = saved
epochs = 500
train_batch_size = 1024
learner = adam
learning_rate = 0.001
training_neg_sample_num = 0
training_neg_sample_distribution = uniform
eval_step = 1
stopping_step = 10
clip_grad_norm = None
weight_decay = 1e-06
draw_loss_pic = False
loss_decimal_place = 4

Evaluation Hyper Parameters:
eval_setting = RO_RS,full
group_by_user = True
split_ratio = [0.8, 0.1, 0.1]
leave_one_num = 2
real_time_process = False
metrics = ['Recall', 'NDCG']
topk = [10, 20, 50]
valid_metric = NDCG@20
eval_batch_size = 4096
metric_decimal_place = 4

Dataset Hyper Parameters:
field_separator = 	
seq_separator =  
USER_ID_FIELD = user_id
ITEM_ID_FIELD = item_id
RATING_FIELD = rating
TIME_FIELD = timestamp
seq_len = None
LABEL_FIELD = label
threshold = None
NEG_PREFIX = neg_
load_col = {'inter': ['user_id', 'item_id', 'timestamp']}
unload_col = None
unused_col = None
additional_feat_suffix = None
lowest_val = None
highest_val = None
equal_val = None
not_equal_val = None
max_user_inter_num = None
min_user_inter_num = 5
max_item_inter_num = None
min_item_inter_num = 5
fields_in_same_space = None
preload_weight = None
normalize_field = None
normalize_all = None
ITEM_LIST_LENGTH_FIELD = item_length
LIST_SUFFIX = _list
MAX_ITEM_LIST_LENGTH = 50
POSITION_FIELD = position_id
HEAD_ENTITY_ID_FIELD = head_id
TAIL_ENTITY_ID_FIELD = tail_id
RELATION_ID_FIELD = relation_id
ENTITY_ID_FIELD = entity_id

Other Hyper Parameters: 
valid_metric_bigger = True
BT = 0.1
bt = 0.001
embedding_size = 64
encoder = MF
gamma = 0.5
times = 1
witem = 0.1
wuser = 0.8
zc = 0.95
rm_dup_inter = None
filter_inter_by_user_or_item = True
SOURCE_ID_FIELD = source_id
TARGET_ID_FIELD = target_id
benchmark_filename = None
MODEL_TYPE = ModelType.GENERAL
MODEL_INPUT_TYPE = InputType.POINTWISE
eval_type = EvaluatorType.RANKING
device = cuda
train_neg_sample_args = {'strategy': 'none'}


20 Oct 14:55    INFO  Yelp
The number of users: 31669
Average actions of users: 49.305481874447395
The number of items: 38049
Average actions of items: 41.037794365012616
The number of inters: 1561406
The sparsity of the dataset: 99.87041991912021%
Remain Fields: ['user_id', 'item_id']
20 Oct 14:55    INFO  Build [GeneralDataLoader] for [train] with format [InputType.POINTWISE]
20 Oct 14:55    INFO  [train] No Negative Sampling
20 Oct 14:55    INFO  [train] batch_size = [1024], shuffle = [True]

20 Oct 14:55    INFO  Build [GeneralFullDataLoader] for [evaluation] with format [InputType.POINTWISE]
20 Oct 14:55    INFO  Evaluation Setting:
	Group by user_id
	Ordering: {'strategy': 'shuffle'}
	Splitting: {'strategy': 'by_ratio', 'ratios': [0.8, 0.1, 0.1]}
	Negative Sampling: {'strategy': 'full', 'distribution': 'uniform'}
20 Oct 14:55    INFO  [evaluation] batch_size = [4096], shuffle = [False]

20 Oct 14:55    WARNING  Batch size is changed to 38049.
20 Oct 14:55    WARNING  Batch size is changed to 38049.
{'BT': 0.1, 'bt': 0.001, 'embedding_size': 64, 'encoder': 'MF', 'gamma': None, 'times': 1, 'training_neg_sample_num': 0, 'witem': 0.1, 'wuser': 0.8, 'zc': 0.95}
this is encoder MF...
这是directau 的 WUBT 版本...
20 Oct 14:55    INFO  DirectAU(
  (encoder): MFEncoder(
    (user_embedding): Embedding(31669, 64)
    (item_embedding): Embedding(38049, 64)
  )
  (bn): BatchNorm1d(64, eps=1e-05, momentum=0.1, affine=False, track_running_stats=True)
  (projector): Sequential(
    (0): Linear(in_features=64, out_features=64, bias=False)
    (1): BatchNorm1d(64, eps=1e-05, momentum=0.1, affine=True, track_running_stats=True)
    (2): ReLU(inplace=True)
    (3): Linear(in_features=64, out_features=64, bias=False)
    (4): BatchNorm1d(64, eps=1e-05, momentum=0.1, affine=True, track_running_stats=True)
    (5): ReLU(inplace=True)
    (6): Linear(in_features=64, out_features=64, bias=False)
  )
)
Trainable parameters: 4474496
20 Oct 14:56    INFO  epoch 0 training [time: 23.66s, train loss: -0.1972]
20 Oct 14:56    INFO  epoch 0 evaluating [time: 15.98s, valid_score: 0.019900]
20 Oct 14:56    INFO  valid result: 
recall@10 : 0.0186    recall@20 : 0.0333    recall@50 : 0.0693    ndcg@10 : 0.0147    ndcg@20 : 0.0199    ndcg@50 : 0.0307    
20 Oct 14:56    INFO  Saving current best: saved/DirectAU-Oct-20-2023_14-55-53.pth
20 Oct 14:56    INFO  epoch 1 training [time: 23.73s, train loss: -0.6623]
20 Oct 14:57    INFO  epoch 1 evaluating [time: 15.57s, valid_score: 0.029700]
20 Oct 14:57    INFO  valid result: 
recall@10 : 0.0288    recall@20 : 0.0494    recall@50 : 0.0977    ndcg@10 : 0.0227    ndcg@20 : 0.0297    ndcg@50 : 0.044    
20 Oct 14:57    INFO  Saving current best: saved/DirectAU-Oct-20-2023_14-55-53.pth
20 Oct 14:57    INFO  epoch 2 training [time: 23.84s, train loss: -0.7549]
20 Oct 14:57    INFO  epoch 2 evaluating [time: 15.79s, valid_score: 0.034200]
20 Oct 14:57    INFO  valid result: 
recall@10 : 0.0329    recall@20 : 0.0567    recall@50 : 0.1111    ndcg@10 : 0.0261    ndcg@20 : 0.0342    ndcg@50 : 0.0502    
20 Oct 14:57    INFO  Saving current best: saved/DirectAU-Oct-20-2023_14-55-53.pth
20 Oct 14:58    INFO  epoch 3 training [time: 23.87s, train loss: -0.7994]
20 Oct 14:58    INFO  epoch 3 evaluating [time: 15.90s, valid_score: 0.037400]
20 Oct 14:58    INFO  valid result: 
recall@10 : 0.0367    recall@20 : 0.0627    recall@50 : 0.1188    ndcg@10 : 0.0285    ndcg@20 : 0.0374    ndcg@50 : 0.0539    
20 Oct 14:58    INFO  Saving current best: saved/DirectAU-Oct-20-2023_14-55-53.pth
20 Oct 14:58    INFO  epoch 4 training [time: 23.87s, train loss: -0.8291]
20 Oct 14:59    INFO  epoch 4 evaluating [time: 15.43s, valid_score: 0.039700]
20 Oct 14:59    INFO  valid result: 
recall@10 : 0.0391    recall@20 : 0.0663    recall@50 : 0.1249    ndcg@10 : 0.0304    ndcg@20 : 0.0397    ndcg@50 : 0.0569    
20 Oct 14:59    INFO  Saving current best: saved/DirectAU-Oct-20-2023_14-55-53.pth
20 Oct 14:59    INFO  epoch 5 training [time: 23.87s, train loss: -0.8513]
20 Oct 14:59    INFO  epoch 5 evaluating [time: 15.90s, valid_score: 0.041800]
20 Oct 14:59    INFO  valid result: 
recall@10 : 0.041    recall@20 : 0.0693    recall@50 : 0.1303    ndcg@10 : 0.0321    ndcg@20 : 0.0418    ndcg@50 : 0.0596    
20 Oct 14:59    INFO  Saving current best: saved/DirectAU-Oct-20-2023_14-55-53.pth
20 Oct 15:00    INFO  epoch 6 training [time: 23.91s, train loss: -0.8690]
20 Oct 15:00    INFO  epoch 6 evaluating [time: 15.52s, valid_score: 0.044200]
20 Oct 15:00    INFO  valid result: 
recall@10 : 0.044    recall@20 : 0.0728    recall@50 : 0.1355    ndcg@10 : 0.0344    ndcg@20 : 0.0442    ndcg@50 : 0.0625    
20 Oct 15:00    INFO  Saving current best: saved/DirectAU-Oct-20-2023_14-55-53.pth
20 Oct 15:00    INFO  epoch 7 training [time: 23.78s, train loss: -0.8842]
20 Oct 15:01    INFO  epoch 7 evaluating [time: 16.03s, valid_score: 0.045400]
20 Oct 15:01    INFO  valid result: 
recall@10 : 0.0456    recall@20 : 0.0748    recall@50 : 0.1385    ndcg@10 : 0.0355    ndcg@20 : 0.0454    ndcg@50 : 0.064    
20 Oct 15:01    INFO  Saving current best: saved/DirectAU-Oct-20-2023_14-55-53.pth
20 Oct 15:01    INFO  epoch 8 training [time: 23.93s, train loss: -0.8973]
20 Oct 15:01    INFO  epoch 8 evaluating [time: 15.57s, valid_score: 0.047400]
20 Oct 15:01    INFO  valid result: 
recall@10 : 0.0467    recall@20 : 0.0779    recall@50 : 0.1416    ndcg@10 : 0.0367    ndcg@20 : 0.0474    ndcg@50 : 0.066    
20 Oct 15:01    INFO  Saving current best: saved/DirectAU-Oct-20-2023_14-55-53.pth
20 Oct 15:02    INFO  epoch 9 training [time: 23.89s, train loss: -0.9084]
20 Oct 15:02    INFO  epoch 9 evaluating [time: 15.79s, valid_score: 0.048600]
20 Oct 15:02    INFO  valid result: 
recall@10 : 0.0486    recall@20 : 0.0795    recall@50 : 0.1449    ndcg@10 : 0.038    ndcg@20 : 0.0486    ndcg@50 : 0.0677    
20 Oct 15:02    INFO  Saving current best: saved/DirectAU-Oct-20-2023_14-55-53.pth
20 Oct 15:02    INFO  epoch 10 training [time: 23.91s, train loss: -0.9180]
20 Oct 15:03    INFO  epoch 10 evaluating [time: 15.43s, valid_score: 0.049900]
20 Oct 15:03    INFO  valid result: 
recall@10 : 0.0501    recall@20 : 0.0816    recall@50 : 0.1481    ndcg@10 : 0.0392    ndcg@20 : 0.0499    ndcg@50 : 0.0693    
20 Oct 15:03    INFO  Saving current best: saved/DirectAU-Oct-20-2023_14-55-53.pth
20 Oct 15:03    INFO  epoch 11 training [time: 23.90s, train loss: -0.9262]
20 Oct 15:03    INFO  epoch 11 evaluating [time: 16.14s, valid_score: 0.051400]
20 Oct 15:03    INFO  valid result: 
recall@10 : 0.0515    recall@20 : 0.0838    recall@50 : 0.1513    ndcg@10 : 0.0404    ndcg@20 : 0.0514    ndcg@50 : 0.071    
20 Oct 15:03    INFO  Saving current best: saved/DirectAU-Oct-20-2023_14-55-53.pth
20 Oct 15:04    INFO  epoch 12 training [time: 23.98s, train loss: -0.9335]
20 Oct 15:04    INFO  epoch 12 evaluating [time: 15.70s, valid_score: 0.052700]
20 Oct 15:04    INFO  valid result: 
recall@10 : 0.052    recall@20 : 0.0856    recall@50 : 0.1544    ndcg@10 : 0.0413    ndcg@20 : 0.0527    ndcg@50 : 0.0727    
20 Oct 15:04    INFO  Saving current best: saved/DirectAU-Oct-20-2023_14-55-53.pth
20 Oct 15:04    INFO  epoch 13 training [time: 23.99s, train loss: -0.9398]
20 Oct 15:05    INFO  epoch 13 evaluating [time: 15.77s, valid_score: 0.052900]
20 Oct 15:05    INFO  valid result: 
recall@10 : 0.0533    recall@20 : 0.0859    recall@50 : 0.1562    ndcg@10 : 0.0419    ndcg@20 : 0.0529    ndcg@50 : 0.0734    
20 Oct 15:05    INFO  Saving current best: saved/DirectAU-Oct-20-2023_14-55-53.pth
20 Oct 15:05    INFO  epoch 14 training [time: 23.91s, train loss: -0.9449]
20 Oct 15:05    INFO  epoch 14 evaluating [time: 15.37s, valid_score: 0.054500]
20 Oct 15:05    INFO  valid result: 
recall@10 : 0.0543    recall@20 : 0.0885    recall@50 : 0.1576    ndcg@10 : 0.043    ndcg@20 : 0.0545    ndcg@50 : 0.0747    
20 Oct 15:05    INFO  Saving current best: saved/DirectAU-Oct-20-2023_14-55-53.pth
20 Oct 15:06    INFO  epoch 15 training [time: 23.91s, train loss: -0.9497]
20 Oct 15:06    INFO  epoch 15 evaluating [time: 15.79s, valid_score: 0.055200]
20 Oct 15:06    INFO  valid result: 
recall@10 : 0.0551    recall@20 : 0.0891    recall@50 : 0.161    ndcg@10 : 0.0437    ndcg@20 : 0.0552    ndcg@50 : 0.0761    
20 Oct 15:06    INFO  Saving current best: saved/DirectAU-Oct-20-2023_14-55-53.pth
20 Oct 15:07    INFO  epoch 16 training [time: 24.02s, train loss: -0.9537]
20 Oct 15:07    INFO  epoch 16 evaluating [time: 15.87s, valid_score: 0.055800]
20 Oct 15:07    INFO  valid result: 
recall@10 : 0.0567    recall@20 : 0.0899    recall@50 : 0.163    ndcg@10 : 0.0446    ndcg@20 : 0.0558    ndcg@50 : 0.077    
20 Oct 15:07    INFO  Saving current best: saved/DirectAU-Oct-20-2023_14-55-53.pth
20 Oct 15:07    INFO  epoch 17 training [time: 23.97s, train loss: -0.9575]
20 Oct 15:07    INFO  epoch 17 evaluating [time: 15.39s, valid_score: 0.056400]
20 Oct 15:07    INFO  valid result: 
recall@10 : 0.0557    recall@20 : 0.0912    recall@50 : 0.1638    ndcg@10 : 0.0443    ndcg@20 : 0.0564    ndcg@50 : 0.0775    
20 Oct 15:07    INFO  Saving current best: saved/DirectAU-Oct-20-2023_14-55-53.pth
20 Oct 15:08    INFO  epoch 18 training [time: 23.99s, train loss: -0.9607]
20 Oct 15:08    INFO  epoch 18 evaluating [time: 15.76s, valid_score: 0.056900]
20 Oct 15:08    INFO  valid result: 
recall@10 : 0.0568    recall@20 : 0.0919    recall@50 : 0.1646    ndcg@10 : 0.045    ndcg@20 : 0.0569    ndcg@50 : 0.078    
20 Oct 15:08    INFO  Saving current best: saved/DirectAU-Oct-20-2023_14-55-53.pth
20 Oct 15:09    INFO  epoch 19 training [time: 24.06s, train loss: -0.9635]
20 Oct 15:09    INFO  epoch 19 evaluating [time: 15.44s, valid_score: 0.057500]
20 Oct 15:09    INFO  valid result: 
recall@10 : 0.0574    recall@20 : 0.0919    recall@50 : 0.1669    ndcg@10 : 0.0458    ndcg@20 : 0.0575    ndcg@50 : 0.0792    
20 Oct 15:09    INFO  Saving current best: saved/DirectAU-Oct-20-2023_14-55-53.pth
20 Oct 15:09    INFO  epoch 20 training [time: 23.97s, train loss: -0.9659]
20 Oct 15:10    INFO  epoch 20 evaluating [time: 15.81s, valid_score: 0.057800]
20 Oct 15:10    INFO  valid result: 
recall@10 : 0.0579    recall@20 : 0.093    recall@50 : 0.1674    ndcg@10 : 0.046    ndcg@20 : 0.0578    ndcg@50 : 0.0794    
20 Oct 15:15    INFO  Saving current best: saved/DirectAU-Oct-20-2023_14-55-53.pth
20 Oct 15:15    INFO  epoch 21 training [time: 23.70s, train loss: -0.9680]
20 Oct 15:15    INFO  epoch 21 evaluating [time: 14.86s, valid_score: 0.058200]
20 Oct 15:15    INFO  valid result: 
recall@10 : 0.0579    recall@20 : 0.0935    recall@50 : 0.1689    ndcg@10 : 0.0462    ndcg@20 : 0.0582    ndcg@50 : 0.08    
20 Oct 15:25    INFO  Saving current best: saved/DirectAU-Oct-20-2023_14-55-53.pth
20 Oct 15:25    INFO  epoch 22 training [time: 23.83s, train loss: -0.9697]
20 Oct 15:26    INFO  epoch 22 evaluating [time: 15.32s, valid_score: 0.058400]
20 Oct 15:26    INFO  valid result: 
recall@10 : 0.0587    recall@20 : 0.0939    recall@50 : 0.1692    ndcg@10 : 0.0466    ndcg@20 : 0.0584    ndcg@50 : 0.0803    
20 Oct 15:31    INFO  Saving current best: saved/DirectAU-Oct-20-2023_14-55-53.pth
20 Oct 15:31    INFO  epoch 23 training [time: 23.28s, train loss: -0.9713]
20 Oct 15:31    INFO  epoch 23 evaluating [time: 15.03s, valid_score: 0.058500]
20 Oct 15:31    INFO  valid result: 
recall@10 : 0.0584    recall@20 : 0.094    recall@50 : 0.1701    ndcg@10 : 0.0465    ndcg@20 : 0.0585    ndcg@50 : 0.0806    
20 Oct 15:40    INFO  Saving current best: saved/DirectAU-Oct-20-2023_14-55-53.pth
20 Oct 15:40    INFO  epoch 24 training [time: 23.71s, train loss: -0.9728]
20 Oct 15:40    INFO  epoch 24 evaluating [time: 16.23s, valid_score: 0.059100]
20 Oct 15:40    INFO  valid result: 
recall@10 : 0.0591    recall@20 : 0.0949    recall@50 : 0.1701    ndcg@10 : 0.0471    ndcg@20 : 0.0591    ndcg@50 : 0.0809    
20 Oct 15:47    INFO  Saving current best: saved/DirectAU-Oct-20-2023_14-55-53.pth
20 Oct 15:48    INFO  epoch 25 training [time: 23.62s, train loss: -0.9739]
20 Oct 15:48    INFO  epoch 25 evaluating [time: 16.84s, valid_score: 0.059100]
20 Oct 15:48    INFO  valid result: 
recall@10 : 0.059    recall@20 : 0.0946    recall@50 : 0.171    ndcg@10 : 0.0471    ndcg@20 : 0.0591    ndcg@50 : 0.0812    
20 Oct 15:48    INFO  epoch 26 training [time: 23.61s, train loss: -0.9749]
20 Oct 15:49    INFO  epoch 26 evaluating [time: 17.50s, valid_score: 0.059500]
20 Oct 15:49    INFO  valid result: 
recall@10 : 0.0596    recall@20 : 0.0951    recall@50 : 0.1712    ndcg@10 : 0.0476    ndcg@20 : 0.0595    ndcg@50 : 0.0816    
20 Oct 15:49    INFO  Saving current best: saved/DirectAU-Oct-20-2023_14-55-53.pth
20 Oct 15:49    INFO  epoch 27 training [time: 23.75s, train loss: -0.9758]
20 Oct 15:50    INFO  epoch 27 evaluating [time: 16.94s, valid_score: 0.059500]
20 Oct 15:50    INFO  valid result: 
recall@10 : 0.0598    recall@20 : 0.0953    recall@50 : 0.1715    ndcg@10 : 0.0475    ndcg@20 : 0.0595    ndcg@50 : 0.0816    
20 Oct 15:50    INFO  epoch 28 training [time: 23.83s, train loss: -0.9768]
20 Oct 15:50    INFO  epoch 28 evaluating [time: 17.19s, valid_score: 0.060000]
20 Oct 15:50    INFO  valid result: 
recall@10 : 0.0598    recall@20 : 0.096    recall@50 : 0.1713    ndcg@10 : 0.0478    ndcg@20 : 0.06    ndcg@50 : 0.0818    
20 Oct 15:50    INFO  Saving current best: saved/DirectAU-Oct-20-2023_14-55-53.pth
20 Oct 15:51    INFO  epoch 29 training [time: 23.90s, train loss: -0.9777]
20 Oct 15:51    INFO  epoch 29 evaluating [time: 15.98s, valid_score: 0.059800]
20 Oct 15:51    INFO  valid result: 
recall@10 : 0.0599    recall@20 : 0.0962    recall@50 : 0.1718    ndcg@10 : 0.0475    ndcg@20 : 0.0598    ndcg@50 : 0.0817    
20 Oct 15:51    INFO  epoch 30 training [time: 23.82s, train loss: -0.9784]
20 Oct 15:52    INFO  epoch 30 evaluating [time: 16.69s, valid_score: 0.060000]
20 Oct 15:52    INFO  valid result: 
recall@10 : 0.06    recall@20 : 0.0958    recall@50 : 0.1725    ndcg@10 : 0.0479    ndcg@20 : 0.06    ndcg@50 : 0.0823    
20 Oct 15:52    INFO  epoch 31 training [time: 23.88s, train loss: -0.9791]
20 Oct 15:52    INFO  epoch 31 evaluating [time: 16.13s, valid_score: 0.060100]
20 Oct 15:52    INFO  valid result: 
recall@10 : 0.0603    recall@20 : 0.0962    recall@50 : 0.1722    ndcg@10 : 0.048    ndcg@20 : 0.0601    ndcg@50 : 0.0822    
20 Oct 15:52    INFO  Saving current best: saved/DirectAU-Oct-20-2023_14-55-53.pth
20 Oct 15:53    INFO  epoch 32 training [time: 23.95s, train loss: -0.9795]
20 Oct 15:53    INFO  epoch 32 evaluating [time: 15.05s, valid_score: 0.060300]
20 Oct 15:53    INFO  valid result: 
recall@10 : 0.0598    recall@20 : 0.0964    recall@50 : 0.1725    ndcg@10 : 0.0479    ndcg@20 : 0.0603    ndcg@50 : 0.0824    
20 Oct 15:53    INFO  Saving current best: saved/DirectAU-Oct-20-2023_14-55-53.pth
20 Oct 15:53    INFO  epoch 33 training [time: 23.91s, train loss: -0.9800]
20 Oct 15:54    INFO  epoch 33 evaluating [time: 15.38s, valid_score: 0.060300]
20 Oct 15:54    INFO  valid result: 
recall@10 : 0.0598    recall@20 : 0.0962    recall@50 : 0.1732    ndcg@10 : 0.048    ndcg@20 : 0.0603    ndcg@50 : 0.0826    
20 Oct 15:54    INFO  epoch 34 training [time: 23.96s, train loss: -0.9807]
20 Oct 15:54    INFO  epoch 34 evaluating [time: 15.02s, valid_score: 0.060500]
20 Oct 15:54    INFO  valid result: 
recall@10 : 0.0601    recall@20 : 0.0964    recall@50 : 0.1733    ndcg@10 : 0.0483    ndcg@20 : 0.0605    ndcg@50 : 0.0828    
20 Oct 15:54    INFO  Saving current best: saved/DirectAU-Oct-20-2023_14-55-53.pth
20 Oct 15:55    INFO  epoch 35 training [time: 23.95s, train loss: -0.9810]
20 Oct 15:55    INFO  epoch 35 evaluating [time: 17.12s, valid_score: 0.060500]
20 Oct 15:55    INFO  valid result: 
recall@10 : 0.0599    recall@20 : 0.0969    recall@50 : 0.1736    ndcg@10 : 0.048    ndcg@20 : 0.0605    ndcg@50 : 0.0827    
20 Oct 15:55    INFO  epoch 36 training [time: 23.90s, train loss: -0.9815]
20 Oct 15:56    INFO  epoch 36 evaluating [time: 16.47s, valid_score: 0.060400]
20 Oct 15:56    INFO  valid result: 
recall@10 : 0.0608    recall@20 : 0.0974    recall@50 : 0.1742    ndcg@10 : 0.0481    ndcg@20 : 0.0604    ndcg@50 : 0.0827    
20 Oct 15:56    INFO  epoch 37 training [time: 23.89s, train loss: -0.9819]
20 Oct 15:56    INFO  epoch 37 evaluating [time: 17.56s, valid_score: 0.060200]
20 Oct 15:56    INFO  valid result: 
recall@10 : 0.06    recall@20 : 0.0967    recall@50 : 0.1748    ndcg@10 : 0.0479    ndcg@20 : 0.0602    ndcg@50 : 0.0828    
20 Oct 15:57    INFO  epoch 38 training [time: 23.85s, train loss: -0.9823]
20 Oct 15:57    INFO  epoch 38 evaluating [time: 15.59s, valid_score: 0.060600]
20 Oct 15:57    INFO  valid result: 
recall@10 : 0.0605    recall@20 : 0.0967    recall@50 : 0.1744    ndcg@10 : 0.0484    ndcg@20 : 0.0606    ndcg@50 : 0.0831    
20 Oct 15:57    INFO  Saving current best: saved/DirectAU-Oct-20-2023_14-55-53.pth
20 Oct 15:57    INFO  epoch 39 training [time: 23.94s, train loss: -0.9824]
20 Oct 15:58    INFO  epoch 39 evaluating [time: 15.85s, valid_score: 0.060600]
20 Oct 15:58    INFO  valid result: 
recall@10 : 0.0604    recall@20 : 0.0968    recall@50 : 0.1742    ndcg@10 : 0.0484    ndcg@20 : 0.0606    ndcg@50 : 0.0831    
20 Oct 15:58    INFO  epoch 40 training [time: 23.89s, train loss: -0.9826]
20 Oct 15:58    INFO  epoch 40 evaluating [time: 15.68s, valid_score: 0.060300]
20 Oct 15:58    INFO  valid result: 
recall@10 : 0.0603    recall@20 : 0.0963    recall@50 : 0.1747    ndcg@10 : 0.0482    ndcg@20 : 0.0603    ndcg@50 : 0.0831    
20 Oct 15:59    INFO  epoch 41 training [time: 23.93s, train loss: -0.9827]
20 Oct 15:59    INFO  epoch 41 evaluating [time: 16.08s, valid_score: 0.060400]
20 Oct 15:59    INFO  valid result: 
recall@10 : 0.0606    recall@20 : 0.0966    recall@50 : 0.1742    ndcg@10 : 0.0483    ndcg@20 : 0.0604    ndcg@50 : 0.0828    
20 Oct 15:59    INFO  epoch 42 training [time: 23.97s, train loss: -0.9827]
20 Oct 16:00    INFO  epoch 42 evaluating [time: 15.82s, valid_score: 0.060300]
20 Oct 16:00    INFO  valid result: 
recall@10 : 0.06    recall@20 : 0.0965    recall@50 : 0.1739    ndcg@10 : 0.0479    ndcg@20 : 0.0603    ndcg@50 : 0.0826    
20 Oct 16:00    INFO  epoch 43 training [time: 23.90s, train loss: -0.9829]
20 Oct 16:00    INFO  epoch 43 evaluating [time: 15.52s, valid_score: 0.060500]
20 Oct 16:00    INFO  valid result: 
recall@10 : 0.0608    recall@20 : 0.0963    recall@50 : 0.1739    ndcg@10 : 0.0486    ndcg@20 : 0.0605    ndcg@50 : 0.083    
20 Oct 16:01    INFO  epoch 44 training [time: 24.00s, train loss: -0.9831]
20 Oct 16:01    INFO  epoch 44 evaluating [time: 15.62s, valid_score: 0.060300]
20 Oct 16:01    INFO  valid result: 
recall@10 : 0.0602    recall@20 : 0.0964    recall@50 : 0.174    ndcg@10 : 0.0481    ndcg@20 : 0.0603    ndcg@50 : 0.0827    
20 Oct 16:01    INFO  epoch 45 training [time: 23.86s, train loss: -0.9830]
20 Oct 16:02    INFO  epoch 45 evaluating [time: 15.47s, valid_score: 0.060500]
20 Oct 16:02    INFO  valid result: 
recall@10 : 0.0609    recall@20 : 0.0971    recall@50 : 0.1742    ndcg@10 : 0.0483    ndcg@20 : 0.0605    ndcg@50 : 0.0827    
20 Oct 16:02    INFO  epoch 46 training [time: 23.92s, train loss: -0.9832]
20 Oct 16:02    INFO  epoch 46 evaluating [time: 16.02s, valid_score: 0.060400]
20 Oct 16:02    INFO  valid result: 
recall@10 : 0.0611    recall@20 : 0.0966    recall@50 : 0.1743    ndcg@10 : 0.0484    ndcg@20 : 0.0604    ndcg@50 : 0.0829    
20 Oct 16:03    INFO  epoch 47 training [time: 23.83s, train loss: -0.9834]
20 Oct 16:03    INFO  epoch 47 evaluating [time: 15.30s, valid_score: 0.060500]
20 Oct 16:03    INFO  valid result: 
recall@10 : 0.0607    recall@20 : 0.0966    recall@50 : 0.1747    ndcg@10 : 0.0484    ndcg@20 : 0.0605    ndcg@50 : 0.0831    
20 Oct 16:03    INFO  epoch 48 training [time: 23.83s, train loss: -0.9833]
20 Oct 16:04    INFO  epoch 48 evaluating [time: 15.73s, valid_score: 0.060400]
20 Oct 16:04    INFO  valid result: 
recall@10 : 0.0601    recall@20 : 0.0969    recall@50 : 0.1745    ndcg@10 : 0.048    ndcg@20 : 0.0604    ndcg@50 : 0.0828    
20 Oct 16:04    INFO  epoch 49 training [time: 23.66s, train loss: -0.9834]
20 Oct 16:04    INFO  epoch 49 evaluating [time: 15.41s, valid_score: 0.060800]
20 Oct 16:04    INFO  valid result: 
recall@10 : 0.0605    recall@20 : 0.0976    recall@50 : 0.1745    ndcg@10 : 0.0483    ndcg@20 : 0.0608    ndcg@50 : 0.0831    
20 Oct 16:04    INFO  Saving current best: saved/DirectAU-Oct-20-2023_14-55-53.pth
20 Oct 16:05    INFO  epoch 50 training [time: 23.87s, train loss: -0.9835]
20 Oct 16:05    INFO  epoch 50 evaluating [time: 15.70s, valid_score: 0.060700]
20 Oct 16:05    INFO  valid result: 
recall@10 : 0.061    recall@20 : 0.0968    recall@50 : 0.1742    ndcg@10 : 0.0486    ndcg@20 : 0.0607    ndcg@50 : 0.0831    
20 Oct 16:05    INFO  epoch 51 training [time: 23.83s, train loss: -0.9835]
20 Oct 16:06    INFO  epoch 51 evaluating [time: 15.18s, valid_score: 0.060700]
20 Oct 16:06    INFO  valid result: 
recall@10 : 0.0609    recall@20 : 0.0974    recall@50 : 0.1746    ndcg@10 : 0.0484    ndcg@20 : 0.0607    ndcg@50 : 0.0831    
20 Oct 16:06    INFO  epoch 52 training [time: 23.88s, train loss: -0.9835]
20 Oct 16:06    INFO  epoch 52 evaluating [time: 15.66s, valid_score: 0.060600]
20 Oct 16:06    INFO  valid result: 
recall@10 : 0.0603    recall@20 : 0.0969    recall@50 : 0.1753    ndcg@10 : 0.0483    ndcg@20 : 0.0606    ndcg@50 : 0.0833    
20 Oct 16:07    INFO  epoch 53 training [time: 24.01s, train loss: -0.9836]
20 Oct 16:07    INFO  epoch 53 evaluating [time: 15.53s, valid_score: 0.060500]
20 Oct 16:07    INFO  valid result: 
recall@10 : 0.0606    recall@20 : 0.0969    recall@50 : 0.1739    ndcg@10 : 0.0484    ndcg@20 : 0.0605    ndcg@50 : 0.0829    
20 Oct 16:07    INFO  epoch 54 training [time: 23.90s, train loss: -0.9836]
20 Oct 16:08    INFO  epoch 54 evaluating [time: 15.49s, valid_score: 0.060900]
20 Oct 16:08    INFO  valid result: 
recall@10 : 0.0602    recall@20 : 0.0979    recall@50 : 0.1746    ndcg@10 : 0.0482    ndcg@20 : 0.0609    ndcg@50 : 0.0831    
20 Oct 16:08    INFO  Saving current best: saved/DirectAU-Oct-20-2023_14-55-53.pth
20 Oct 16:08    INFO  epoch 55 training [time: 23.87s, train loss: -0.9835]
20 Oct 16:08    INFO  epoch 55 evaluating [time: 15.58s, valid_score: 0.060500]
20 Oct 16:08    INFO  valid result: 
recall@10 : 0.0604    recall@20 : 0.097    recall@50 : 0.1747    ndcg@10 : 0.0482    ndcg@20 : 0.0605    ndcg@50 : 0.0831    
20 Oct 16:09    INFO  epoch 56 training [time: 23.61s, train loss: -0.9836]
20 Oct 16:09    INFO  epoch 56 evaluating [time: 15.16s, valid_score: 0.060500]
20 Oct 16:09    INFO  valid result: 
recall@10 : 0.0602    recall@20 : 0.0964    recall@50 : 0.1746    ndcg@10 : 0.0482    ndcg@20 : 0.0605    ndcg@50 : 0.0831    
20 Oct 16:09    INFO  epoch 57 training [time: 23.87s, train loss: -0.9837]
20 Oct 16:09    INFO  epoch 57 evaluating [time: 15.79s, valid_score: 0.060600]
20 Oct 16:09    INFO  valid result: 
recall@10 : 0.06    recall@20 : 0.0973    recall@50 : 0.1741    ndcg@10 : 0.048    ndcg@20 : 0.0606    ndcg@50 : 0.0829    
20 Oct 16:10    INFO  epoch 58 training [time: 23.91s, train loss: -0.9838]
20 Oct 16:10    INFO  epoch 58 evaluating [time: 15.11s, valid_score: 0.060500]
20 Oct 16:10    INFO  valid result: 
recall@10 : 0.0603    recall@20 : 0.0972    recall@50 : 0.175    ndcg@10 : 0.0481    ndcg@20 : 0.0605    ndcg@50 : 0.0831    
20 Oct 16:11    INFO  epoch 59 training [time: 23.85s, train loss: -0.9840]
20 Oct 16:11    INFO  epoch 59 evaluating [time: 15.55s, valid_score: 0.060400]
20 Oct 16:11    INFO  valid result: 
recall@10 : 0.0602    recall@20 : 0.0968    recall@50 : 0.1753    ndcg@10 : 0.0481    ndcg@20 : 0.0604    ndcg@50 : 0.0831    
20 Oct 16:11    INFO  epoch 60 training [time: 23.90s, train loss: -0.9837]
20 Oct 16:11    INFO  epoch 60 evaluating [time: 15.41s, valid_score: 0.060500]
20 Oct 16:11    INFO  valid result: 
recall@10 : 0.0601    recall@20 : 0.0968    recall@50 : 0.1745    ndcg@10 : 0.0481    ndcg@20 : 0.0605    ndcg@50 : 0.083    
20 Oct 16:12    INFO  epoch 61 training [time: 23.91s, train loss: -0.9838]
20 Oct 16:12    INFO  epoch 61 evaluating [time: 15.57s, valid_score: 0.060600]
20 Oct 16:12    INFO  valid result: 
recall@10 : 0.0604    recall@20 : 0.0969    recall@50 : 0.1749    ndcg@10 : 0.0483    ndcg@20 : 0.0606    ndcg@50 : 0.0832    
20 Oct 16:13    INFO  epoch 62 training [time: 23.94s, train loss: -0.9840]
20 Oct 16:13    INFO  epoch 62 evaluating [time: 15.34s, valid_score: 0.060600]
20 Oct 16:13    INFO  valid result: 
recall@10 : 0.0599    recall@20 : 0.0967    recall@50 : 0.1749    ndcg@10 : 0.0482    ndcg@20 : 0.0606    ndcg@50 : 0.0833    
20 Oct 16:13    INFO  epoch 63 training [time: 23.91s, train loss: -0.9838]
20 Oct 16:13    INFO  epoch 63 evaluating [time: 15.33s, valid_score: 0.060600]
20 Oct 16:13    INFO  valid result: 
recall@10 : 0.0598    recall@20 : 0.097    recall@50 : 0.1746    ndcg@10 : 0.048    ndcg@20 : 0.0606    ndcg@50 : 0.0831    
20 Oct 16:14    INFO  epoch 64 training [time: 23.86s, train loss: -0.9840]
20 Oct 16:14    INFO  epoch 64 evaluating [time: 15.14s, valid_score: 0.060600]
20 Oct 16:14    INFO  valid result: 
recall@10 : 0.0601    recall@20 : 0.097    recall@50 : 0.1739    ndcg@10 : 0.0481    ndcg@20 : 0.0606    ndcg@50 : 0.083    
20 Oct 16:14    INFO  epoch 65 training [time: 23.85s, train loss: -0.9838]
20 Oct 16:15    INFO  epoch 65 evaluating [time: 15.89s, valid_score: 0.060700]
20 Oct 16:15    INFO  valid result: 
recall@10 : 0.06    recall@20 : 0.0974    recall@50 : 0.1747    ndcg@10 : 0.048    ndcg@20 : 0.0607    ndcg@50 : 0.0831    
20 Oct 16:15    INFO  Finished training, best eval result in epoch 54
20 Oct 16:15    INFO  Loading model structure and parameters from saved/DirectAU-Oct-20-2023_14-55-53.pth
20 Oct 16:15    INFO  best valid : {'recall@10': 0.0602, 'recall@20': 0.0979, 'recall@50': 0.1746, 'ndcg@10': 0.0482, 'ndcg@20': 0.0609, 'ndcg@50': 0.0831}
20 Oct 16:15    INFO  test result: {'recall@10': 0.0609, 'recall@20': 0.098, 'recall@50': 0.1746, 'ndcg@10': 0.0488, 'ndcg@20': 0.0612, 'ndcg@50': 0.0833}
