command line args [--zc 1] will not be used in RecBole
25 Oct 00:22    INFO  
General Hyper Parameters:
gpu_id = 7
use_gpu = True
seed = 0
state = INFO
reproducibility = True
data_path = dataset/Yelp
show_progress = False

Training Hyper Parameters:
checkpoint_dir = saved
epochs = 500
train_batch_size = 1024
learner = adam
learning_rate = 0.001
training_neg_sample_num = 0
training_neg_sample_distribution = uniform
eval_step = 1
stopping_step = 10
clip_grad_norm = None
weight_decay = 1e-06
draw_loss_pic = False
loss_decimal_place = 4

Evaluation Hyper Parameters:
eval_setting = RO_RS,full
group_by_user = True
split_ratio = [0.8, 0.1, 0.1]
leave_one_num = 2
real_time_process = False
metrics = ['Recall', 'NDCG']
topk = [10, 20, 50]
valid_metric = NDCG@20
eval_batch_size = 4096
metric_decimal_place = 4

Dataset Hyper Parameters:
field_separator = 	
seq_separator =  
USER_ID_FIELD = user_id
ITEM_ID_FIELD = item_id
RATING_FIELD = rating
TIME_FIELD = timestamp
seq_len = None
LABEL_FIELD = label
threshold = None
NEG_PREFIX = neg_
load_col = {'inter': ['user_id', 'item_id', 'timestamp']}
unload_col = None
unused_col = None
additional_feat_suffix = None
lowest_val = None
highest_val = None
equal_val = None
not_equal_val = None
max_user_inter_num = None
min_user_inter_num = 5
max_item_inter_num = None
min_item_inter_num = 5
fields_in_same_space = None
preload_weight = None
normalize_field = None
normalize_all = None
ITEM_LIST_LENGTH_FIELD = item_length
LIST_SUFFIX = _list
MAX_ITEM_LIST_LENGTH = 50
POSITION_FIELD = position_id
HEAD_ENTITY_ID_FIELD = head_id
TAIL_ENTITY_ID_FIELD = tail_id
RELATION_ID_FIELD = relation_id
ENTITY_ID_FIELD = entity_id

Other Hyper Parameters: 
valid_metric_bigger = True
BT = 0.1
bt = 0.001
embedding_size = 64
encoder = MF
gamma = 0.5
times = 1
witem = 0.1
wuser = 0.8
zc = 1.0
rm_dup_inter = None
filter_inter_by_user_or_item = True
SOURCE_ID_FIELD = source_id
TARGET_ID_FIELD = target_id
benchmark_filename = None
MODEL_TYPE = ModelType.GENERAL
MODEL_INPUT_TYPE = InputType.POINTWISE
eval_type = EvaluatorType.RANKING
device = cuda
train_neg_sample_args = {'strategy': 'none'}


25 Oct 00:22    INFO  Yelp
The number of users: 31669
Average actions of users: 49.305481874447395
The number of items: 38049
Average actions of items: 41.037794365012616
The number of inters: 1561406
The sparsity of the dataset: 99.87041991912021%
Remain Fields: ['user_id', 'item_id']
25 Oct 00:22    INFO  Build [GeneralDataLoader] for [train] with format [InputType.POINTWISE]
25 Oct 00:22    INFO  [train] No Negative Sampling
25 Oct 00:22    INFO  [train] batch_size = [1024], shuffle = [True]

25 Oct 00:22    INFO  Build [GeneralFullDataLoader] for [evaluation] with format [InputType.POINTWISE]
25 Oct 00:22    INFO  Evaluation Setting:
	Group by user_id
	Ordering: {'strategy': 'shuffle'}
	Splitting: {'strategy': 'by_ratio', 'ratios': [0.8, 0.1, 0.1]}
	Negative Sampling: {'strategy': 'full', 'distribution': 'uniform'}
25 Oct 00:22    INFO  [evaluation] batch_size = [4096], shuffle = [False]

25 Oct 00:22    WARNING  Batch size is changed to 38049.
25 Oct 00:22    WARNING  Batch size is changed to 38049.
{'BT': 0.1, 'bt': 0.001, 'embedding_size': 64, 'encoder': 'MF', 'gamma': None, 'times': 1, 'training_neg_sample_num': 0, 'witem': 0.1, 'wuser': 0.8, 'zc': 1.0}
this is encoder MF...
这是directau 的 WUBT 版本...
25 Oct 00:22    INFO  DirectAU(
  (encoder): MFEncoder(
    (user_embedding): Embedding(31669, 64)
    (item_embedding): Embedding(38049, 64)
  )
  (bn): BatchNorm1d(64, eps=1e-05, momentum=0.1, affine=False, track_running_stats=True)
  (projector): Sequential(
    (0): Linear(in_features=64, out_features=64, bias=False)
    (1): BatchNorm1d(64, eps=1e-05, momentum=0.1, affine=True, track_running_stats=True)
    (2): ReLU(inplace=True)
    (3): Linear(in_features=64, out_features=64, bias=False)
    (4): BatchNorm1d(64, eps=1e-05, momentum=0.1, affine=True, track_running_stats=True)
    (5): ReLU(inplace=True)
    (6): Linear(in_features=64, out_features=64, bias=False)
  )
)
Trainable parameters: 4474496
25 Oct 00:22    INFO  epoch 0 training [time: 23.92s, train loss: 0.1890]
25 Oct 00:23    INFO  epoch 0 evaluating [time: 15.16s, valid_score: 0.022600]
25 Oct 00:23    INFO  valid result: 
recall@10 : 0.0211    recall@20 : 0.0372    recall@50 : 0.0745    ndcg@10 : 0.017    ndcg@20 : 0.0226    ndcg@50 : 0.0338    
25 Oct 00:23    INFO  Saving current best: saved/DirectAU-Oct-25-2023_00-22-35.pth
25 Oct 00:23    INFO  epoch 1 training [time: 23.90s, train loss: -0.1823]
25 Oct 00:23    INFO  epoch 1 evaluating [time: 14.95s, valid_score: 0.032900]
25 Oct 00:23    INFO  valid result: 
recall@10 : 0.0319    recall@20 : 0.0543    recall@50 : 0.1031    ndcg@10 : 0.0252    ndcg@20 : 0.0329    ndcg@50 : 0.0474    
25 Oct 00:23    INFO  Saving current best: saved/DirectAU-Oct-25-2023_00-22-35.pth
25 Oct 00:24    INFO  epoch 2 training [time: 23.96s, train loss: -0.2669]
25 Oct 00:24    INFO  epoch 2 evaluating [time: 15.36s, valid_score: 0.037200]
25 Oct 00:24    INFO  valid result: 
recall@10 : 0.0361    recall@20 : 0.0612    recall@50 : 0.1166    ndcg@10 : 0.0286    ndcg@20 : 0.0372    ndcg@50 : 0.0535    
25 Oct 00:24    INFO  Saving current best: saved/DirectAU-Oct-25-2023_00-22-35.pth
25 Oct 00:24    INFO  epoch 3 training [time: 24.05s, train loss: -0.3092]
25 Oct 00:25    INFO  epoch 3 evaluating [time: 15.20s, valid_score: 0.040200]
25 Oct 00:25    INFO  valid result: 
recall@10 : 0.0398    recall@20 : 0.0667    recall@50 : 0.1255    ndcg@10 : 0.0311    ndcg@20 : 0.0402    ndcg@50 : 0.0574    
25 Oct 00:25    INFO  Saving current best: saved/DirectAU-Oct-25-2023_00-22-35.pth
25 Oct 00:25    INFO  epoch 4 training [time: 24.07s, train loss: -0.3371]
25 Oct 00:25    INFO  epoch 4 evaluating [time: 14.83s, valid_score: 0.042600]
25 Oct 00:25    INFO  valid result: 
recall@10 : 0.0422    recall@20 : 0.07    recall@50 : 0.1308    ndcg@10 : 0.0331    ndcg@20 : 0.0426    ndcg@50 : 0.0604    
25 Oct 00:25    INFO  Saving current best: saved/DirectAU-Oct-25-2023_00-22-35.pth
25 Oct 00:26    INFO  epoch 5 training [time: 24.06s, train loss: -0.3581]
25 Oct 00:26    INFO  epoch 5 evaluating [time: 15.24s, valid_score: 0.044900]
25 Oct 00:26    INFO  valid result: 
recall@10 : 0.0446    recall@20 : 0.074    recall@50 : 0.1352    ndcg@10 : 0.035    ndcg@20 : 0.0449    ndcg@50 : 0.0628    
25 Oct 00:26    INFO  Saving current best: saved/DirectAU-Oct-25-2023_00-22-35.pth
25 Oct 00:26    INFO  epoch 6 training [time: 24.06s, train loss: -0.3748]
25 Oct 00:27    INFO  epoch 6 evaluating [time: 14.87s, valid_score: 0.046700]
25 Oct 00:27    INFO  valid result: 
recall@10 : 0.0466    recall@20 : 0.0768    recall@50 : 0.1406    ndcg@10 : 0.0364    ndcg@20 : 0.0467    ndcg@50 : 0.0653    
25 Oct 00:27    INFO  Saving current best: saved/DirectAU-Oct-25-2023_00-22-35.pth
25 Oct 00:27    INFO  epoch 7 training [time: 24.06s, train loss: -0.3892]
25 Oct 00:27    INFO  epoch 7 evaluating [time: 15.24s, valid_score: 0.047900]
25 Oct 00:27    INFO  valid result: 
recall@10 : 0.0476    recall@20 : 0.0787    recall@50 : 0.1443    ndcg@10 : 0.0373    ndcg@20 : 0.0479    ndcg@50 : 0.067    
25 Oct 00:27    INFO  Saving current best: saved/DirectAU-Oct-25-2023_00-22-35.pth
25 Oct 00:28    INFO  epoch 8 training [time: 24.05s, train loss: -0.4012]
25 Oct 00:28    INFO  epoch 8 evaluating [time: 14.86s, valid_score: 0.049400]
25 Oct 00:28    INFO  valid result: 
recall@10 : 0.0488    recall@20 : 0.0815    recall@50 : 0.1477    ndcg@10 : 0.0384    ndcg@20 : 0.0494    ndcg@50 : 0.0688    
25 Oct 00:28    INFO  Saving current best: saved/DirectAU-Oct-25-2023_00-22-35.pth
25 Oct 00:28    INFO  epoch 9 training [time: 24.10s, train loss: -0.4116]
25 Oct 00:29    INFO  epoch 9 evaluating [time: 15.13s, valid_score: 0.050700]
25 Oct 00:29    INFO  valid result: 
recall@10 : 0.0505    recall@20 : 0.083    recall@50 : 0.1522    ndcg@10 : 0.0397    ndcg@20 : 0.0507    ndcg@50 : 0.0708    
25 Oct 00:29    INFO  Saving current best: saved/DirectAU-Oct-25-2023_00-22-35.pth
25 Oct 00:29    INFO  epoch 10 training [time: 24.11s, train loss: -0.4207]
25 Oct 00:29    INFO  epoch 10 evaluating [time: 14.87s, valid_score: 0.052200]
25 Oct 00:29    INFO  valid result: 
recall@10 : 0.052    recall@20 : 0.0855    recall@50 : 0.1555    ndcg@10 : 0.0409    ndcg@20 : 0.0522    ndcg@50 : 0.0725    
25 Oct 00:29    INFO  Saving current best: saved/DirectAU-Oct-25-2023_00-22-35.pth
25 Oct 00:30    INFO  epoch 11 training [time: 24.13s, train loss: -0.4282]
25 Oct 00:30    INFO  epoch 11 evaluating [time: 15.13s, valid_score: 0.053100]
25 Oct 00:30    INFO  valid result: 
recall@10 : 0.0536    recall@20 : 0.0869    recall@50 : 0.1582    ndcg@10 : 0.0418    ndcg@20 : 0.0531    ndcg@50 : 0.0738    
25 Oct 00:30    INFO  Saving current best: saved/DirectAU-Oct-25-2023_00-22-35.pth
25 Oct 00:30    INFO  epoch 12 training [time: 24.10s, train loss: -0.4350]
25 Oct 00:31    INFO  epoch 12 evaluating [time: 14.89s, valid_score: 0.054400]
25 Oct 00:31    INFO  valid result: 
recall@10 : 0.0552    recall@20 : 0.0893    recall@50 : 0.1615    ndcg@10 : 0.043    ndcg@20 : 0.0544    ndcg@50 : 0.0754    
25 Oct 00:31    INFO  Saving current best: saved/DirectAU-Oct-25-2023_00-22-35.pth
25 Oct 00:31    INFO  epoch 13 training [time: 24.09s, train loss: -0.4408]
25 Oct 00:31    INFO  epoch 13 evaluating [time: 14.99s, valid_score: 0.055400]
25 Oct 00:31    INFO  valid result: 
recall@10 : 0.0551    recall@20 : 0.0901    recall@50 : 0.1631    ndcg@10 : 0.0436    ndcg@20 : 0.0554    ndcg@50 : 0.0766    
25 Oct 00:31    INFO  Saving current best: saved/DirectAU-Oct-25-2023_00-22-35.pth
25 Oct 00:32    INFO  epoch 14 training [time: 23.71s, train loss: -0.4457]
25 Oct 00:32    INFO  epoch 14 evaluating [time: 14.72s, valid_score: 0.057100]
25 Oct 00:32    INFO  valid result: 
recall@10 : 0.0566    recall@20 : 0.0929    recall@50 : 0.1666    ndcg@10 : 0.0448    ndcg@20 : 0.0571    ndcg@50 : 0.0784    
25 Oct 00:32    INFO  Saving current best: saved/DirectAU-Oct-25-2023_00-22-35.pth
25 Oct 00:32    INFO  epoch 15 training [time: 24.10s, train loss: -0.4502]
25 Oct 00:33    INFO  epoch 15 evaluating [time: 15.11s, valid_score: 0.057600]
25 Oct 00:33    INFO  valid result: 
recall@10 : 0.0575    recall@20 : 0.0944    recall@50 : 0.1684    ndcg@10 : 0.0452    ndcg@20 : 0.0576    ndcg@50 : 0.0792    
25 Oct 00:33    INFO  Saving current best: saved/DirectAU-Oct-25-2023_00-22-35.pth
25 Oct 00:33    INFO  epoch 16 training [time: 23.82s, train loss: -0.4540]
25 Oct 00:33    INFO  epoch 16 evaluating [time: 15.07s, valid_score: 0.058200]
25 Oct 00:33    INFO  valid result: 
recall@10 : 0.0588    recall@20 : 0.0952    recall@50 : 0.1708    ndcg@10 : 0.0459    ndcg@20 : 0.0582    ndcg@50 : 0.0801    
25 Oct 00:33    INFO  Saving current best: saved/DirectAU-Oct-25-2023_00-22-35.pth
25 Oct 00:34    INFO  epoch 17 training [time: 24.09s, train loss: -0.4576]
25 Oct 00:34    INFO  epoch 17 evaluating [time: 14.78s, valid_score: 0.058700]
25 Oct 00:34    INFO  valid result: 
recall@10 : 0.0587    recall@20 : 0.0962    recall@50 : 0.1713    ndcg@10 : 0.0461    ndcg@20 : 0.0587    ndcg@50 : 0.0806    
25 Oct 00:34    INFO  Saving current best: saved/DirectAU-Oct-25-2023_00-22-35.pth
25 Oct 00:34    INFO  epoch 18 training [time: 24.11s, train loss: -0.4605]
25 Oct 00:35    INFO  epoch 18 evaluating [time: 15.10s, valid_score: 0.059500]
25 Oct 00:35    INFO  valid result: 
recall@10 : 0.0599    recall@20 : 0.0969    recall@50 : 0.1731    ndcg@10 : 0.047    ndcg@20 : 0.0595    ndcg@50 : 0.0816    
25 Oct 00:35    INFO  Saving current best: saved/DirectAU-Oct-25-2023_00-22-35.pth
25 Oct 00:35    INFO  epoch 19 training [time: 24.07s, train loss: -0.4631]
25 Oct 00:35    INFO  epoch 19 evaluating [time: 14.77s, valid_score: 0.060300]
25 Oct 00:35    INFO  valid result: 
recall@10 : 0.06    recall@20 : 0.0979    recall@50 : 0.1752    ndcg@10 : 0.0475    ndcg@20 : 0.0603    ndcg@50 : 0.0827    
25 Oct 00:35    INFO  Saving current best: saved/DirectAU-Oct-25-2023_00-22-35.pth
25 Oct 00:36    INFO  epoch 20 training [time: 24.09s, train loss: -0.4654]
25 Oct 00:36    INFO  epoch 20 evaluating [time: 15.01s, valid_score: 0.060400]
25 Oct 00:36    INFO  valid result: 
recall@10 : 0.0601    recall@20 : 0.0983    recall@50 : 0.1746    ndcg@10 : 0.0475    ndcg@20 : 0.0604    ndcg@50 : 0.0826    
25 Oct 00:36    INFO  Saving current best: saved/DirectAU-Oct-25-2023_00-22-35.pth
25 Oct 00:36    INFO  epoch 21 training [time: 24.09s, train loss: -0.4674]
25 Oct 00:36    INFO  epoch 21 evaluating [time: 14.81s, valid_score: 0.060900]
25 Oct 00:36    INFO  valid result: 
recall@10 : 0.0607    recall@20 : 0.0993    recall@50 : 0.1766    ndcg@10 : 0.048    ndcg@20 : 0.0609    ndcg@50 : 0.0834    
25 Oct 00:36    INFO  Saving current best: saved/DirectAU-Oct-25-2023_00-22-35.pth
25 Oct 00:37    INFO  epoch 22 training [time: 24.06s, train loss: -0.4691]
25 Oct 00:37    INFO  epoch 22 evaluating [time: 15.10s, valid_score: 0.061600]
25 Oct 00:37    INFO  valid result: 
recall@10 : 0.0615    recall@20 : 0.0999    recall@50 : 0.1778    ndcg@10 : 0.0487    ndcg@20 : 0.0616    ndcg@50 : 0.0842    
25 Oct 00:37    INFO  Saving current best: saved/DirectAU-Oct-25-2023_00-22-35.pth
25 Oct 00:38    INFO  epoch 23 training [time: 24.04s, train loss: -0.4707]
25 Oct 00:38    INFO  epoch 23 evaluating [time: 14.80s, valid_score: 0.062000]
25 Oct 00:38    INFO  valid result: 
recall@10 : 0.0623    recall@20 : 0.1006    recall@50 : 0.1783    ndcg@10 : 0.0491    ndcg@20 : 0.062    ndcg@50 : 0.0845    
25 Oct 00:38    INFO  Saving current best: saved/DirectAU-Oct-25-2023_00-22-35.pth
25 Oct 00:38    INFO  epoch 24 training [time: 24.10s, train loss: -0.4721]
25 Oct 00:38    INFO  epoch 24 evaluating [time: 15.12s, valid_score: 0.062200]
25 Oct 00:38    INFO  valid result: 
recall@10 : 0.062    recall@20 : 0.1011    recall@50 : 0.1795    ndcg@10 : 0.049    ndcg@20 : 0.0622    ndcg@50 : 0.0849    
25 Oct 00:38    INFO  Saving current best: saved/DirectAU-Oct-25-2023_00-22-35.pth
25 Oct 00:39    INFO  epoch 25 training [time: 24.07s, train loss: -0.4732]
25 Oct 00:39    INFO  epoch 25 evaluating [time: 14.94s, valid_score: 0.062500]
25 Oct 00:39    INFO  valid result: 
recall@10 : 0.062    recall@20 : 0.1014    recall@50 : 0.1798    ndcg@10 : 0.0493    ndcg@20 : 0.0625    ndcg@50 : 0.0854    
25 Oct 00:39    INFO  Saving current best: saved/DirectAU-Oct-25-2023_00-22-35.pth
25 Oct 00:39    INFO  epoch 26 training [time: 23.86s, train loss: -0.4742]
25 Oct 00:40    INFO  epoch 26 evaluating [time: 15.25s, valid_score: 0.063000]
25 Oct 00:40    INFO  valid result: 
recall@10 : 0.0624    recall@20 : 0.1023    recall@50 : 0.1807    ndcg@10 : 0.0495    ndcg@20 : 0.063    ndcg@50 : 0.0857    
25 Oct 00:40    INFO  Saving current best: saved/DirectAU-Oct-25-2023_00-22-35.pth
25 Oct 00:40    INFO  epoch 27 training [time: 23.75s, train loss: -0.4753]
25 Oct 00:40    INFO  epoch 27 evaluating [time: 14.92s, valid_score: 0.063100]
25 Oct 00:40    INFO  valid result: 
recall@10 : 0.0626    recall@20 : 0.1028    recall@50 : 0.1816    ndcg@10 : 0.0496    ndcg@20 : 0.0631    ndcg@50 : 0.086    
25 Oct 00:40    INFO  Saving current best: saved/DirectAU-Oct-25-2023_00-22-35.pth
25 Oct 00:41    INFO  epoch 28 training [time: 24.10s, train loss: -0.4761]
25 Oct 00:41    INFO  epoch 28 evaluating [time: 15.17s, valid_score: 0.063600]
25 Oct 00:41    INFO  valid result: 
recall@10 : 0.0629    recall@20 : 0.1029    recall@50 : 0.1825    ndcg@10 : 0.0501    ndcg@20 : 0.0636    ndcg@50 : 0.0867    
25 Oct 00:41    INFO  Saving current best: saved/DirectAU-Oct-25-2023_00-22-35.pth
25 Oct 00:41    INFO  epoch 29 training [time: 24.04s, train loss: -0.4770]
25 Oct 00:42    INFO  epoch 29 evaluating [time: 15.10s, valid_score: 0.063700]
25 Oct 00:42    INFO  valid result: 
recall@10 : 0.0631    recall@20 : 0.1034    recall@50 : 0.1825    ndcg@10 : 0.0501    ndcg@20 : 0.0637    ndcg@50 : 0.0866    
25 Oct 00:42    INFO  Saving current best: saved/DirectAU-Oct-25-2023_00-22-35.pth
25 Oct 00:42    INFO  epoch 30 training [time: 24.09s, train loss: -0.4776]
25 Oct 00:42    INFO  epoch 30 evaluating [time: 14.95s, valid_score: 0.064000]
25 Oct 00:42    INFO  valid result: 
recall@10 : 0.0632    recall@20 : 0.1036    recall@50 : 0.1826    ndcg@10 : 0.0503    ndcg@20 : 0.064    ndcg@50 : 0.087    
25 Oct 00:42    INFO  Saving current best: saved/DirectAU-Oct-25-2023_00-22-35.pth
25 Oct 00:43    INFO  epoch 31 training [time: 24.11s, train loss: -0.4782]
25 Oct 00:43    INFO  epoch 31 evaluating [time: 15.26s, valid_score: 0.064100]
25 Oct 00:43    INFO  valid result: 
recall@10 : 0.0643    recall@20 : 0.1035    recall@50 : 0.1834    ndcg@10 : 0.0508    ndcg@20 : 0.0641    ndcg@50 : 0.0872    
25 Oct 00:43    INFO  Saving current best: saved/DirectAU-Oct-25-2023_00-22-35.pth
25 Oct 00:43    INFO  epoch 32 training [time: 24.08s, train loss: -0.4788]
25 Oct 00:44    INFO  epoch 32 evaluating [time: 14.94s, valid_score: 0.064000]
25 Oct 00:44    INFO  valid result: 
recall@10 : 0.0639    recall@20 : 0.1035    recall@50 : 0.1841    ndcg@10 : 0.0506    ndcg@20 : 0.064    ndcg@50 : 0.0874    
25 Oct 00:44    INFO  epoch 33 training [time: 24.19s, train loss: -0.4794]
25 Oct 00:44    INFO  epoch 33 evaluating [time: 15.26s, valid_score: 0.064500]
25 Oct 00:44    INFO  valid result: 
recall@10 : 0.064    recall@20 : 0.1043    recall@50 : 0.1845    ndcg@10 : 0.0509    ndcg@20 : 0.0645    ndcg@50 : 0.0877    
25 Oct 00:44    INFO  Saving current best: saved/DirectAU-Oct-25-2023_00-22-35.pth
25 Oct 00:45    INFO  epoch 34 training [time: 24.09s, train loss: -0.4799]
25 Oct 00:45    INFO  epoch 34 evaluating [time: 14.90s, valid_score: 0.064800]
25 Oct 00:45    INFO  valid result: 
recall@10 : 0.0642    recall@20 : 0.105    recall@50 : 0.1851    ndcg@10 : 0.051    ndcg@20 : 0.0648    ndcg@50 : 0.088    
25 Oct 00:45    INFO  Saving current best: saved/DirectAU-Oct-25-2023_00-22-35.pth
25 Oct 00:45    INFO  epoch 35 training [time: 23.84s, train loss: -0.4803]
25 Oct 00:46    INFO  epoch 35 evaluating [time: 15.13s, valid_score: 0.064800]
25 Oct 00:46    INFO  valid result: 
recall@10 : 0.0646    recall@20 : 0.1049    recall@50 : 0.1848    ndcg@10 : 0.0512    ndcg@20 : 0.0648    ndcg@50 : 0.088    
25 Oct 00:46    INFO  epoch 36 training [time: 23.76s, train loss: -0.4808]
25 Oct 00:46    INFO  epoch 36 evaluating [time: 14.76s, valid_score: 0.064800]
25 Oct 00:46    INFO  valid result: 
recall@10 : 0.0647    recall@20 : 0.1047    recall@50 : 0.1856    ndcg@10 : 0.0513    ndcg@20 : 0.0648    ndcg@50 : 0.0883    
25 Oct 00:47    INFO  epoch 37 training [time: 24.06s, train loss: -0.4811]
25 Oct 00:47    INFO  epoch 37 evaluating [time: 15.16s, valid_score: 0.065100]
25 Oct 00:47    INFO  valid result: 
recall@10 : 0.0645    recall@20 : 0.105    recall@50 : 0.1859    ndcg@10 : 0.0513    ndcg@20 : 0.0651    ndcg@50 : 0.0886    
25 Oct 00:47    INFO  Saving current best: saved/DirectAU-Oct-25-2023_00-22-35.pth
25 Oct 00:47    INFO  epoch 38 training [time: 24.06s, train loss: -0.4815]
25 Oct 00:48    INFO  epoch 38 evaluating [time: 14.85s, valid_score: 0.065200]
25 Oct 00:48    INFO  valid result: 
recall@10 : 0.0641    recall@20 : 0.105    recall@50 : 0.1864    ndcg@10 : 0.0513    ndcg@20 : 0.0652    ndcg@50 : 0.0887    
25 Oct 00:48    INFO  Saving current best: saved/DirectAU-Oct-25-2023_00-22-35.pth
25 Oct 00:48    INFO  epoch 39 training [time: 24.06s, train loss: -0.4817]
25 Oct 00:48    INFO  epoch 39 evaluating [time: 15.01s, valid_score: 0.065400]
25 Oct 00:48    INFO  valid result: 
recall@10 : 0.0647    recall@20 : 0.1051    recall@50 : 0.1867    ndcg@10 : 0.0518    ndcg@20 : 0.0654    ndcg@50 : 0.0891    
25 Oct 00:48    INFO  Saving current best: saved/DirectAU-Oct-25-2023_00-22-35.pth
25 Oct 00:49    INFO  epoch 40 training [time: 24.07s, train loss: -0.4820]
25 Oct 00:49    INFO  epoch 40 evaluating [time: 14.82s, valid_score: 0.065700]
25 Oct 00:49    INFO  valid result: 
recall@10 : 0.0653    recall@20 : 0.1054    recall@50 : 0.1866    ndcg@10 : 0.0521    ndcg@20 : 0.0657    ndcg@50 : 0.0892    
25 Oct 00:49    INFO  Saving current best: saved/DirectAU-Oct-25-2023_00-22-35.pth
25 Oct 00:49    INFO  epoch 41 training [time: 24.03s, train loss: -0.4821]
25 Oct 00:50    INFO  epoch 41 evaluating [time: 14.97s, valid_score: 0.065700]
25 Oct 00:50    INFO  valid result: 
recall@10 : 0.0651    recall@20 : 0.1059    recall@50 : 0.1874    ndcg@10 : 0.052    ndcg@20 : 0.0657    ndcg@50 : 0.0893    
25 Oct 00:50    INFO  epoch 42 training [time: 24.02s, train loss: -0.4822]
25 Oct 00:50    INFO  epoch 42 evaluating [time: 15.02s, valid_score: 0.065900]
25 Oct 00:50    INFO  valid result: 
recall@10 : 0.0649    recall@20 : 0.1062    recall@50 : 0.1876    ndcg@10 : 0.052    ndcg@20 : 0.0659    ndcg@50 : 0.0895    
25 Oct 00:50    INFO  Saving current best: saved/DirectAU-Oct-25-2023_00-22-35.pth
25 Oct 00:51    INFO  epoch 43 training [time: 23.99s, train loss: -0.4824]
25 Oct 00:51    INFO  epoch 43 evaluating [time: 14.92s, valid_score: 0.066000]
25 Oct 00:51    INFO  valid result: 
recall@10 : 0.0655    recall@20 : 0.106    recall@50 : 0.1878    ndcg@10 : 0.0523    ndcg@20 : 0.066    ndcg@50 : 0.0897    
25 Oct 00:51    INFO  Saving current best: saved/DirectAU-Oct-25-2023_00-22-35.pth
25 Oct 00:51    INFO  epoch 44 training [time: 24.09s, train loss: -0.4826]
25 Oct 00:51    INFO  epoch 44 evaluating [time: 15.17s, valid_score: 0.065900]
25 Oct 00:51    INFO  valid result: 
recall@10 : 0.0653    recall@20 : 0.1057    recall@50 : 0.187    ndcg@10 : 0.0523    ndcg@20 : 0.0659    ndcg@50 : 0.0895    
25 Oct 00:52    INFO  epoch 45 training [time: 24.07s, train loss: -0.4827]
25 Oct 00:52    INFO  epoch 45 evaluating [time: 14.88s, valid_score: 0.065800]
25 Oct 00:52    INFO  valid result: 
recall@10 : 0.0654    recall@20 : 0.1058    recall@50 : 0.1882    ndcg@10 : 0.0522    ndcg@20 : 0.0658    ndcg@50 : 0.0898    
25 Oct 00:53    INFO  epoch 46 training [time: 24.09s, train loss: -0.4828]
25 Oct 00:53    INFO  epoch 46 evaluating [time: 15.14s, valid_score: 0.066300]
25 Oct 00:53    INFO  valid result: 
recall@10 : 0.0659    recall@20 : 0.1067    recall@50 : 0.1879    ndcg@10 : 0.0525    ndcg@20 : 0.0663    ndcg@50 : 0.0899    
25 Oct 00:53    INFO  Saving current best: saved/DirectAU-Oct-25-2023_00-22-35.pth
25 Oct 00:53    INFO  epoch 47 training [time: 24.09s, train loss: -0.4829]
25 Oct 00:53    INFO  epoch 47 evaluating [time: 14.86s, valid_score: 0.066300]
25 Oct 00:53    INFO  valid result: 
recall@10 : 0.0659    recall@20 : 0.1066    recall@50 : 0.1884    ndcg@10 : 0.0526    ndcg@20 : 0.0663    ndcg@50 : 0.0901    
25 Oct 00:54    INFO  epoch 48 training [time: 24.08s, train loss: -0.4830]
25 Oct 00:54    INFO  epoch 48 evaluating [time: 15.24s, valid_score: 0.066400]
25 Oct 00:54    INFO  valid result: 
recall@10 : 0.066    recall@20 : 0.1067    recall@50 : 0.1888    ndcg@10 : 0.0528    ndcg@20 : 0.0664    ndcg@50 : 0.0903    
25 Oct 00:54    INFO  Saving current best: saved/DirectAU-Oct-25-2023_00-22-35.pth
25 Oct 00:54    INFO  epoch 49 training [time: 24.07s, train loss: -0.4831]
25 Oct 00:55    INFO  epoch 49 evaluating [time: 14.81s, valid_score: 0.066400]
25 Oct 00:55    INFO  valid result: 
recall@10 : 0.0659    recall@20 : 0.1064    recall@50 : 0.1887    ndcg@10 : 0.0527    ndcg@20 : 0.0664    ndcg@50 : 0.0903    
25 Oct 00:55    INFO  epoch 50 training [time: 24.07s, train loss: -0.4831]
25 Oct 00:55    INFO  epoch 50 evaluating [time: 15.13s, valid_score: 0.066600]
25 Oct 00:55    INFO  valid result: 
recall@10 : 0.0657    recall@20 : 0.1068    recall@50 : 0.1883    ndcg@10 : 0.0527    ndcg@20 : 0.0666    ndcg@50 : 0.0902    
25 Oct 00:55    INFO  Saving current best: saved/DirectAU-Oct-25-2023_00-22-35.pth
25 Oct 00:56    INFO  epoch 51 training [time: 24.07s, train loss: -0.4831]
25 Oct 00:56    INFO  epoch 51 evaluating [time: 14.77s, valid_score: 0.066500]
25 Oct 00:56    INFO  valid result: 
recall@10 : 0.0663    recall@20 : 0.1068    recall@50 : 0.1889    ndcg@10 : 0.0528    ndcg@20 : 0.0665    ndcg@50 : 0.0904    
25 Oct 00:56    INFO  epoch 52 training [time: 24.07s, train loss: -0.4832]
25 Oct 00:57    INFO  epoch 52 evaluating [time: 15.07s, valid_score: 0.066900]
25 Oct 00:57    INFO  valid result: 
recall@10 : 0.0657    recall@20 : 0.1076    recall@50 : 0.189    ndcg@10 : 0.0528    ndcg@20 : 0.0669    ndcg@50 : 0.0905    
25 Oct 00:57    INFO  Saving current best: saved/DirectAU-Oct-25-2023_00-22-35.pth
25 Oct 00:57    INFO  epoch 53 training [time: 24.09s, train loss: -0.4834]
25 Oct 00:57    INFO  epoch 53 evaluating [time: 14.93s, valid_score: 0.066900]
25 Oct 00:57    INFO  valid result: 
recall@10 : 0.0663    recall@20 : 0.1076    recall@50 : 0.1893    ndcg@10 : 0.053    ndcg@20 : 0.0669    ndcg@50 : 0.0906    
25 Oct 00:58    INFO  epoch 54 training [time: 24.08s, train loss: -0.4834]
25 Oct 00:58    INFO  epoch 54 evaluating [time: 15.22s, valid_score: 0.066600]
25 Oct 00:58    INFO  valid result: 
recall@10 : 0.066    recall@20 : 0.1072    recall@50 : 0.1889    ndcg@10 : 0.0527    ndcg@20 : 0.0666    ndcg@50 : 0.0904    
25 Oct 00:58    INFO  epoch 55 training [time: 24.12s, train loss: -0.4833]
25 Oct 00:59    INFO  epoch 55 evaluating [time: 15.27s, valid_score: 0.066700]
25 Oct 00:59    INFO  valid result: 
recall@10 : 0.0665    recall@20 : 0.107    recall@50 : 0.19    ndcg@10 : 0.053    ndcg@20 : 0.0667    ndcg@50 : 0.0908    
25 Oct 00:59    INFO  epoch 56 training [time: 24.08s, train loss: -0.4834]
25 Oct 00:59    INFO  epoch 56 evaluating [time: 14.96s, valid_score: 0.066700]
25 Oct 00:59    INFO  valid result: 
recall@10 : 0.0663    recall@20 : 0.1071    recall@50 : 0.1894    ndcg@10 : 0.0529    ndcg@20 : 0.0667    ndcg@50 : 0.0906    
25 Oct 01:00    INFO  epoch 57 training [time: 23.99s, train loss: -0.4835]
25 Oct 01:00    INFO  epoch 57 evaluating [time: 15.28s, valid_score: 0.066800]
25 Oct 01:00    INFO  valid result: 
recall@10 : 0.0659    recall@20 : 0.1074    recall@50 : 0.1897    ndcg@10 : 0.0528    ndcg@20 : 0.0668    ndcg@50 : 0.0907    
25 Oct 01:00    INFO  epoch 58 training [time: 23.73s, train loss: -0.4835]
25 Oct 01:01    INFO  epoch 58 evaluating [time: 14.86s, valid_score: 0.066900]
25 Oct 01:01    INFO  valid result: 
recall@10 : 0.067    recall@20 : 0.1075    recall@50 : 0.1901    ndcg@10 : 0.0533    ndcg@20 : 0.0669    ndcg@50 : 0.0909    
25 Oct 01:01    INFO  epoch 59 training [time: 23.84s, train loss: -0.4837]
25 Oct 01:01    INFO  epoch 59 evaluating [time: 15.10s, valid_score: 0.067100]
25 Oct 01:01    INFO  valid result: 
recall@10 : 0.0668    recall@20 : 0.1074    recall@50 : 0.19    ndcg@10 : 0.0533    ndcg@20 : 0.0671    ndcg@50 : 0.091    
25 Oct 01:01    INFO  Saving current best: saved/DirectAU-Oct-25-2023_00-22-35.pth
25 Oct 01:02    INFO  epoch 60 training [time: 24.08s, train loss: -0.4835]
25 Oct 01:02    INFO  epoch 60 evaluating [time: 14.86s, valid_score: 0.067300]
25 Oct 01:02    INFO  valid result: 
recall@10 : 0.0673    recall@20 : 0.1078    recall@50 : 0.1895    ndcg@10 : 0.0537    ndcg@20 : 0.0673    ndcg@50 : 0.091    
25 Oct 01:02    INFO  Saving current best: saved/DirectAU-Oct-25-2023_00-22-35.pth
25 Oct 01:02    INFO  epoch 61 training [time: 24.05s, train loss: -0.4836]
25 Oct 01:03    INFO  epoch 61 evaluating [time: 15.06s, valid_score: 0.067000]
25 Oct 01:03    INFO  valid result: 
recall@10 : 0.0666    recall@20 : 0.1076    recall@50 : 0.1902    ndcg@10 : 0.0532    ndcg@20 : 0.067    ndcg@50 : 0.091    
25 Oct 01:03    INFO  epoch 62 training [time: 23.70s, train loss: -0.4837]
25 Oct 01:03    INFO  epoch 62 evaluating [time: 14.78s, valid_score: 0.067100]
25 Oct 01:03    INFO  valid result: 
recall@10 : 0.0663    recall@20 : 0.1075    recall@50 : 0.1901    ndcg@10 : 0.0532    ndcg@20 : 0.0671    ndcg@50 : 0.0911    
25 Oct 01:04    INFO  epoch 63 training [time: 23.79s, train loss: -0.4836]
25 Oct 01:04    INFO  epoch 63 evaluating [time: 15.11s, valid_score: 0.067200]
25 Oct 01:04    INFO  valid result: 
recall@10 : 0.0668    recall@20 : 0.1077    recall@50 : 0.1899    ndcg@10 : 0.0535    ndcg@20 : 0.0672    ndcg@50 : 0.0912    
25 Oct 01:04    INFO  epoch 64 training [time: 24.00s, train loss: -0.4838]
25 Oct 01:04    INFO  epoch 64 evaluating [time: 14.86s, valid_score: 0.067100]
25 Oct 01:04    INFO  valid result: 
recall@10 : 0.0666    recall@20 : 0.1074    recall@50 : 0.19    ndcg@10 : 0.0533    ndcg@20 : 0.0671    ndcg@50 : 0.0911    
25 Oct 01:05    INFO  epoch 65 training [time: 24.05s, train loss: -0.4838]
25 Oct 01:05    INFO  epoch 65 evaluating [time: 15.36s, valid_score: 0.067200]
25 Oct 01:05    INFO  valid result: 
recall@10 : 0.0666    recall@20 : 0.1076    recall@50 : 0.1902    ndcg@10 : 0.0534    ndcg@20 : 0.0672    ndcg@50 : 0.0912    
25 Oct 01:06    INFO  epoch 66 training [time: 24.04s, train loss: -0.4838]
25 Oct 01:06    INFO  epoch 66 evaluating [time: 14.77s, valid_score: 0.067000]
25 Oct 01:06    INFO  valid result: 
recall@10 : 0.0666    recall@20 : 0.1075    recall@50 : 0.1908    ndcg@10 : 0.0533    ndcg@20 : 0.067    ndcg@50 : 0.0912    
25 Oct 01:06    INFO  epoch 67 training [time: 24.03s, train loss: -0.4839]
25 Oct 01:06    INFO  epoch 67 evaluating [time: 15.07s, valid_score: 0.067300]
25 Oct 01:06    INFO  valid result: 
recall@10 : 0.0669    recall@20 : 0.1077    recall@50 : 0.1908    ndcg@10 : 0.0535    ndcg@20 : 0.0673    ndcg@50 : 0.0914    
25 Oct 01:07    INFO  epoch 68 training [time: 24.03s, train loss: -0.4838]
25 Oct 01:07    INFO  epoch 68 evaluating [time: 15.04s, valid_score: 0.067300]
25 Oct 01:07    INFO  valid result: 
recall@10 : 0.0664    recall@20 : 0.1078    recall@50 : 0.1904    ndcg@10 : 0.0533    ndcg@20 : 0.0673    ndcg@50 : 0.0912    
25 Oct 01:07    INFO  epoch 69 training [time: 24.02s, train loss: -0.4839]
25 Oct 01:08    INFO  epoch 69 evaluating [time: 14.86s, valid_score: 0.067600]
25 Oct 01:08    INFO  valid result: 
recall@10 : 0.0666    recall@20 : 0.1086    recall@50 : 0.1906    ndcg@10 : 0.0534    ndcg@20 : 0.0676    ndcg@50 : 0.0914    
25 Oct 01:08    INFO  Saving current best: saved/DirectAU-Oct-25-2023_00-22-35.pth
25 Oct 01:08    INFO  epoch 70 training [time: 24.06s, train loss: -0.4839]
25 Oct 01:08    INFO  epoch 70 evaluating [time: 15.21s, valid_score: 0.067500]
25 Oct 01:08    INFO  valid result: 
recall@10 : 0.0667    recall@20 : 0.1087    recall@50 : 0.1909    ndcg@10 : 0.0533    ndcg@20 : 0.0675    ndcg@50 : 0.0913    
25 Oct 01:09    INFO  epoch 71 training [time: 24.07s, train loss: -0.4840]
25 Oct 01:09    INFO  epoch 71 evaluating [time: 15.06s, valid_score: 0.067700]
25 Oct 01:09    INFO  valid result: 
recall@10 : 0.067    recall@20 : 0.1083    recall@50 : 0.191    ndcg@10 : 0.0538    ndcg@20 : 0.0677    ndcg@50 : 0.0917    
25 Oct 01:09    INFO  Saving current best: saved/DirectAU-Oct-25-2023_00-22-35.pth
25 Oct 01:09    INFO  epoch 72 training [time: 24.05s, train loss: -0.4839]
25 Oct 01:10    INFO  epoch 72 evaluating [time: 15.03s, valid_score: 0.067500]
25 Oct 01:10    INFO  valid result: 
recall@10 : 0.0669    recall@20 : 0.1083    recall@50 : 0.1908    ndcg@10 : 0.0536    ndcg@20 : 0.0675    ndcg@50 : 0.0915    
25 Oct 01:10    INFO  epoch 73 training [time: 24.05s, train loss: -0.4841]
25 Oct 01:10    INFO  epoch 73 evaluating [time: 14.78s, valid_score: 0.067500]
25 Oct 01:10    INFO  valid result: 
recall@10 : 0.0667    recall@20 : 0.1086    recall@50 : 0.1905    ndcg@10 : 0.0533    ndcg@20 : 0.0675    ndcg@50 : 0.0913    
25 Oct 01:11    INFO  epoch 74 training [time: 24.06s, train loss: -0.4840]
25 Oct 01:11    INFO  epoch 74 evaluating [time: 15.13s, valid_score: 0.067600]
25 Oct 01:11    INFO  valid result: 
recall@10 : 0.0668    recall@20 : 0.1081    recall@50 : 0.1909    ndcg@10 : 0.0537    ndcg@20 : 0.0676    ndcg@50 : 0.0916    
25 Oct 01:11    INFO  epoch 75 training [time: 23.97s, train loss: -0.4841]
25 Oct 01:12    INFO  epoch 75 evaluating [time: 15.28s, valid_score: 0.067800]
25 Oct 01:12    INFO  valid result: 
recall@10 : 0.0667    recall@20 : 0.1087    recall@50 : 0.1914    ndcg@10 : 0.0536    ndcg@20 : 0.0678    ndcg@50 : 0.0918    
25 Oct 01:12    INFO  Saving current best: saved/DirectAU-Oct-25-2023_00-22-35.pth
25 Oct 01:12    INFO  epoch 76 training [time: 23.91s, train loss: -0.4840]
25 Oct 01:12    INFO  epoch 76 evaluating [time: 15.20s, valid_score: 0.067400]
25 Oct 01:12    INFO  valid result: 
recall@10 : 0.0673    recall@20 : 0.1079    recall@50 : 0.191    ndcg@10 : 0.0538    ndcg@20 : 0.0674    ndcg@50 : 0.0916    
25 Oct 01:13    INFO  epoch 77 training [time: 24.04s, train loss: -0.4840]
25 Oct 01:13    INFO  epoch 77 evaluating [time: 15.10s, valid_score: 0.067400]
25 Oct 01:13    INFO  valid result: 
recall@10 : 0.0667    recall@20 : 0.1084    recall@50 : 0.1911    ndcg@10 : 0.0534    ndcg@20 : 0.0674    ndcg@50 : 0.0914    
25 Oct 01:13    INFO  epoch 78 training [time: 24.02s, train loss: -0.4841]
25 Oct 01:14    INFO  epoch 78 evaluating [time: 15.38s, valid_score: 0.067300]
25 Oct 01:14    INFO  valid result: 
recall@10 : 0.0669    recall@20 : 0.1082    recall@50 : 0.1908    ndcg@10 : 0.0534    ndcg@20 : 0.0673    ndcg@50 : 0.0913    
25 Oct 01:14    INFO  epoch 79 training [time: 23.99s, train loss: -0.4841]
25 Oct 01:14    INFO  epoch 79 evaluating [time: 15.27s, valid_score: 0.067300]
25 Oct 01:14    INFO  valid result: 
recall@10 : 0.067    recall@20 : 0.1081    recall@50 : 0.1907    ndcg@10 : 0.0534    ndcg@20 : 0.0673    ndcg@50 : 0.0913    
25 Oct 01:15    INFO  epoch 80 training [time: 24.00s, train loss: -0.4841]
25 Oct 01:15    INFO  epoch 80 evaluating [time: 15.43s, valid_score: 0.067400]
25 Oct 01:15    INFO  valid result: 
recall@10 : 0.0668    recall@20 : 0.1081    recall@50 : 0.1915    ndcg@10 : 0.0534    ndcg@20 : 0.0674    ndcg@50 : 0.0915    
25 Oct 01:15    INFO  epoch 81 training [time: 24.03s, train loss: -0.4841]
25 Oct 01:16    INFO  epoch 81 evaluating [time: 15.37s, valid_score: 0.067700]
25 Oct 01:16    INFO  valid result: 
recall@10 : 0.0671    recall@20 : 0.1086    recall@50 : 0.1916    ndcg@10 : 0.0537    ndcg@20 : 0.0677    ndcg@50 : 0.0918    
25 Oct 01:16    INFO  epoch 82 training [time: 23.93s, train loss: -0.4841]
25 Oct 01:16    INFO  epoch 82 evaluating [time: 15.50s, valid_score: 0.067900]
25 Oct 01:16    INFO  valid result: 
recall@10 : 0.067    recall@20 : 0.1085    recall@50 : 0.1912    ndcg@10 : 0.0539    ndcg@20 : 0.0679    ndcg@50 : 0.0919    
25 Oct 01:16    INFO  Saving current best: saved/DirectAU-Oct-25-2023_00-22-35.pth
25 Oct 01:17    INFO  epoch 83 training [time: 23.82s, train loss: -0.4842]
25 Oct 01:17    INFO  epoch 83 evaluating [time: 15.41s, valid_score: 0.068000]
25 Oct 01:17    INFO  valid result: 
recall@10 : 0.0676    recall@20 : 0.1086    recall@50 : 0.1915    ndcg@10 : 0.0542    ndcg@20 : 0.068    ndcg@50 : 0.0921    
25 Oct 01:17    INFO  Saving current best: saved/DirectAU-Oct-25-2023_00-22-35.pth
25 Oct 01:17    INFO  epoch 84 training [time: 23.88s, train loss: -0.4842]
25 Oct 01:18    INFO  epoch 84 evaluating [time: 15.30s, valid_score: 0.067800]
25 Oct 01:18    INFO  valid result: 
recall@10 : 0.0672    recall@20 : 0.1085    recall@50 : 0.1921    ndcg@10 : 0.0539    ndcg@20 : 0.0678    ndcg@50 : 0.0921    
25 Oct 01:18    INFO  epoch 85 training [time: 23.81s, train loss: -0.4842]
25 Oct 01:18    INFO  epoch 85 evaluating [time: 15.54s, valid_score: 0.068100]
25 Oct 01:18    INFO  valid result: 
recall@10 : 0.0674    recall@20 : 0.1089    recall@50 : 0.1916    ndcg@10 : 0.0541    ndcg@20 : 0.0681    ndcg@50 : 0.0921    
25 Oct 01:18    INFO  Saving current best: saved/DirectAU-Oct-25-2023_00-22-35.pth
25 Oct 01:19    INFO  epoch 86 training [time: 23.86s, train loss: -0.4843]
25 Oct 01:19    INFO  epoch 86 evaluating [time: 15.08s, valid_score: 0.067900]
25 Oct 01:19    INFO  valid result: 
recall@10 : 0.0675    recall@20 : 0.1087    recall@50 : 0.1913    ndcg@10 : 0.054    ndcg@20 : 0.0679    ndcg@50 : 0.0919    
25 Oct 01:19    INFO  epoch 87 training [time: 23.91s, train loss: -0.4842]
25 Oct 01:20    INFO  epoch 87 evaluating [time: 15.57s, valid_score: 0.067900]
25 Oct 01:20    INFO  valid result: 
recall@10 : 0.0671    recall@20 : 0.1084    recall@50 : 0.1912    ndcg@10 : 0.054    ndcg@20 : 0.0679    ndcg@50 : 0.092    
25 Oct 01:20    INFO  epoch 88 training [time: 23.94s, train loss: -0.4844]
25 Oct 01:20    INFO  epoch 88 evaluating [time: 14.74s, valid_score: 0.067700]
25 Oct 01:20    INFO  valid result: 
recall@10 : 0.0674    recall@20 : 0.1079    recall@50 : 0.1907    ndcg@10 : 0.054    ndcg@20 : 0.0677    ndcg@50 : 0.0918    
25 Oct 01:21    INFO  epoch 89 training [time: 23.93s, train loss: -0.4842]
25 Oct 01:21    INFO  epoch 89 evaluating [time: 14.96s, valid_score: 0.067900]
25 Oct 01:21    INFO  valid result: 
recall@10 : 0.0671    recall@20 : 0.1085    recall@50 : 0.1914    ndcg@10 : 0.0539    ndcg@20 : 0.0679    ndcg@50 : 0.092    
25 Oct 01:21    INFO  epoch 90 training [time: 23.96s, train loss: -0.4843]
25 Oct 01:21    INFO  epoch 90 evaluating [time: 14.86s, valid_score: 0.068000]
25 Oct 01:21    INFO  valid result: 
recall@10 : 0.0675    recall@20 : 0.109    recall@50 : 0.1915    ndcg@10 : 0.054    ndcg@20 : 0.068    ndcg@50 : 0.092    
25 Oct 01:22    INFO  epoch 91 training [time: 24.05s, train loss: -0.4843]
25 Oct 01:22    INFO  epoch 91 evaluating [time: 15.13s, valid_score: 0.068000]
25 Oct 01:22    INFO  valid result: 
recall@10 : 0.0673    recall@20 : 0.109    recall@50 : 0.1915    ndcg@10 : 0.054    ndcg@20 : 0.068    ndcg@50 : 0.0919    
25 Oct 01:23    INFO  epoch 92 training [time: 24.14s, train loss: -0.4844]
25 Oct 01:23    INFO  epoch 92 evaluating [time: 14.87s, valid_score: 0.068100]
25 Oct 01:23    INFO  valid result: 
recall@10 : 0.068    recall@20 : 0.1092    recall@50 : 0.1918    ndcg@10 : 0.0543    ndcg@20 : 0.0681    ndcg@50 : 0.0921    
25 Oct 01:23    INFO  epoch 93 training [time: 24.20s, train loss: -0.4844]
25 Oct 01:23    INFO  epoch 93 evaluating [time: 15.04s, valid_score: 0.068000]
25 Oct 01:23    INFO  valid result: 
recall@10 : 0.0675    recall@20 : 0.1091    recall@50 : 0.1914    ndcg@10 : 0.054    ndcg@20 : 0.068    ndcg@50 : 0.0919    
25 Oct 01:24    INFO  epoch 94 training [time: 24.12s, train loss: -0.4844]
25 Oct 01:24    INFO  epoch 94 evaluating [time: 15.26s, valid_score: 0.068000]
25 Oct 01:24    INFO  valid result: 
recall@10 : 0.0675    recall@20 : 0.1091    recall@50 : 0.192    ndcg@10 : 0.054    ndcg@20 : 0.068    ndcg@50 : 0.092    
25 Oct 01:24    INFO  epoch 95 training [time: 24.21s, train loss: -0.4844]
25 Oct 01:25    INFO  epoch 95 evaluating [time: 14.88s, valid_score: 0.068000]
25 Oct 01:25    INFO  valid result: 
recall@10 : 0.0674    recall@20 : 0.1087    recall@50 : 0.1912    ndcg@10 : 0.0541    ndcg@20 : 0.068    ndcg@50 : 0.0919    
25 Oct 01:25    INFO  epoch 96 training [time: 24.11s, train loss: -0.4844]
25 Oct 01:25    INFO  epoch 96 evaluating [time: 15.19s, valid_score: 0.067800]
25 Oct 01:25    INFO  valid result: 
recall@10 : 0.0678    recall@20 : 0.1085    recall@50 : 0.1914    ndcg@10 : 0.0541    ndcg@20 : 0.0678    ndcg@50 : 0.0919    
25 Oct 01:25    INFO  Finished training, best eval result in epoch 85
25 Oct 01:25    INFO  Loading model structure and parameters from saved/DirectAU-Oct-25-2023_00-22-35.pth
25 Oct 01:26    INFO  best valid : {'recall@10': 0.0674, 'recall@20': 0.1089, 'recall@50': 0.1916, 'ndcg@10': 0.0541, 'ndcg@20': 0.0681, 'ndcg@50': 0.0921}
25 Oct 01:26    INFO  test result: {'recall@10': 0.0686, 'recall@20': 0.1097, 'recall@50': 0.1927, 'ndcg@10': 0.0547, 'ndcg@20': 0.0684, 'ndcg@50': 0.0923}
