command line args [--zc 1.5] will not be used in RecBole
20 Oct 15:55    INFO  
General Hyper Parameters:
gpu_id = 4
use_gpu = True
seed = 0
state = INFO
reproducibility = True
data_path = dataset/Beauty
show_progress = False

Training Hyper Parameters:
checkpoint_dir = saved
epochs = 500
train_batch_size = 256
learner = adam
learning_rate = 0.001
training_neg_sample_num = 0
training_neg_sample_distribution = uniform
eval_step = 1
stopping_step = 10
clip_grad_norm = None
weight_decay = 1e-06
draw_loss_pic = False
loss_decimal_place = 4

Evaluation Hyper Parameters:
eval_setting = RO_RS,full
group_by_user = True
split_ratio = [0.8, 0.1, 0.1]
leave_one_num = 2
real_time_process = False
metrics = ['Recall', 'NDCG']
topk = [10, 20, 50]
valid_metric = NDCG@20
eval_batch_size = 4096
metric_decimal_place = 4

Dataset Hyper Parameters:
field_separator = 	
seq_separator =  
USER_ID_FIELD = user_id
ITEM_ID_FIELD = item_id
RATING_FIELD = rating
TIME_FIELD = timestamp
seq_len = None
LABEL_FIELD = label
threshold = None
NEG_PREFIX = neg_
load_col = {'inter': ['user_id', 'item_id', 'timestamp']}
unload_col = None
unused_col = None
additional_feat_suffix = None
lowest_val = None
highest_val = None
equal_val = None
not_equal_val = None
max_user_inter_num = None
min_user_inter_num = 5
max_item_inter_num = None
min_item_inter_num = 5
fields_in_same_space = None
preload_weight = None
normalize_field = None
normalize_all = None
ITEM_LIST_LENGTH_FIELD = item_length
LIST_SUFFIX = _list
MAX_ITEM_LIST_LENGTH = 50
POSITION_FIELD = position_id
HEAD_ENTITY_ID_FIELD = head_id
TAIL_ENTITY_ID_FIELD = tail_id
RELATION_ID_FIELD = relation_id
ENTITY_ID_FIELD = entity_id

Other Hyper Parameters: 
valid_metric_bigger = True
BT = 0.1
bt = 0.001
embedding_size = 64
encoder = MF
gamma = 0.5
times = 1
witem = 0.1
wuser = 0.8
zc = 1.5
rm_dup_inter = None
filter_inter_by_user_or_item = True
SOURCE_ID_FIELD = source_id
TARGET_ID_FIELD = target_id
benchmark_filename = None
MODEL_TYPE = ModelType.GENERAL
MODEL_INPUT_TYPE = InputType.POINTWISE
eval_type = EvaluatorType.RANKING
device = cuda
train_neg_sample_args = {'strategy': 'none'}


20 Oct 15:55    INFO  Beauty
The number of users: 22364
Average actions of users: 8.876358270357287
The number of items: 12102
Average actions of items: 16.403768283612923
The number of inters: 198502
The sparsity of the dataset: 99.92665707018277%
Remain Fields: ['user_id', 'item_id', 'timestamp']
20 Oct 15:55    INFO  Build [GeneralDataLoader] for [train] with format [InputType.POINTWISE]
20 Oct 15:55    INFO  [train] No Negative Sampling
20 Oct 15:55    INFO  [train] batch_size = [256], shuffle = [True]

20 Oct 15:55    INFO  Build [GeneralFullDataLoader] for [evaluation] with format [InputType.POINTWISE]
20 Oct 15:55    INFO  Evaluation Setting:
	Group by user_id
	Ordering: {'strategy': 'shuffle'}
	Splitting: {'strategy': 'by_ratio', 'ratios': [0.8, 0.1, 0.1]}
	Negative Sampling: {'strategy': 'full', 'distribution': 'uniform'}
20 Oct 15:55    INFO  [evaluation] batch_size = [4096], shuffle = [False]

20 Oct 15:55    WARNING  Batch size is changed to 12102.
20 Oct 15:55    WARNING  Batch size is changed to 12102.
{'BT': 0.1, 'bt': 0.001, 'embedding_size': 64, 'encoder': 'MF', 'gamma': None, 'times': 1, 'training_neg_sample_num': 0, 'witem': 0.1, 'wuser': 0.8, 'zc': 1.5}
this is encoder MF...
这是directau 的 WUBT 版本...
20 Oct 15:55    INFO  DirectAU(
  (encoder): MFEncoder(
    (user_embedding): Embedding(22364, 64)
    (item_embedding): Embedding(12102, 64)
  )
  (bn): BatchNorm1d(64, eps=1e-05, momentum=0.1, affine=False, track_running_stats=True)
  (projector): Sequential(
    (0): Linear(in_features=64, out_features=64, bias=False)
    (1): BatchNorm1d(64, eps=1e-05, momentum=0.1, affine=True, track_running_stats=True)
    (2): ReLU(inplace=True)
    (3): Linear(in_features=64, out_features=64, bias=False)
    (4): BatchNorm1d(64, eps=1e-05, momentum=0.1, affine=True, track_running_stats=True)
    (5): ReLU(inplace=True)
    (6): Linear(in_features=64, out_features=64, bias=False)
  )
)
Trainable parameters: 2218368
20 Oct 15:55    INFO  epoch 0 training [time: 2.12s, train loss: 0.1681]
20 Oct 15:56    INFO  epoch 0 evaluating [time: 11.74s, valid_score: 0.008200]
20 Oct 15:56    INFO  valid result: 
recall@10 : 0.0111    recall@20 : 0.0191    recall@50 : 0.0316    ndcg@10 : 0.0059    ndcg@20 : 0.0082    ndcg@50 : 0.0109    
20 Oct 15:56    INFO  Saving current best: saved/DirectAU-Oct-20-2023_15-55-53.pth
20 Oct 15:56    INFO  epoch 1 training [time: 1.74s, train loss: -0.2579]
20 Oct 15:56    INFO  epoch 1 evaluating [time: 10.91s, valid_score: 0.013900]
20 Oct 15:56    INFO  valid result: 
recall@10 : 0.0197    recall@20 : 0.0299    recall@50 : 0.0503    ndcg@10 : 0.0111    ndcg@20 : 0.0139    ndcg@50 : 0.0183    
20 Oct 15:56    INFO  Saving current best: saved/DirectAU-Oct-20-2023_15-55-53.pth
20 Oct 15:56    INFO  epoch 2 training [time: 2.05s, train loss: -0.4162]
20 Oct 15:56    INFO  epoch 2 evaluating [time: 10.60s, valid_score: 0.017800]
20 Oct 15:56    INFO  valid result: 
recall@10 : 0.0244    recall@20 : 0.0379    recall@50 : 0.0627    ndcg@10 : 0.0141    ndcg@20 : 0.0178    ndcg@50 : 0.0231    
20 Oct 15:56    INFO  Saving current best: saved/DirectAU-Oct-20-2023_15-55-53.pth
20 Oct 15:56    INFO  epoch 3 training [time: 2.08s, train loss: -0.4995]
20 Oct 15:56    INFO  epoch 3 evaluating [time: 9.96s, valid_score: 0.020500]
20 Oct 15:56    INFO  valid result: 
recall@10 : 0.0294    recall@20 : 0.0446    recall@50 : 0.0721    ndcg@10 : 0.0164    ndcg@20 : 0.0205    ndcg@50 : 0.0263    
20 Oct 15:56    INFO  Saving current best: saved/DirectAU-Oct-20-2023_15-55-53.pth
20 Oct 15:56    INFO  epoch 4 training [time: 2.17s, train loss: -0.5551]
20 Oct 15:56    INFO  epoch 4 evaluating [time: 10.04s, valid_score: 0.022400]
20 Oct 15:56    INFO  valid result: 
recall@10 : 0.031    recall@20 : 0.0481    recall@50 : 0.0789    ndcg@10 : 0.0177    ndcg@20 : 0.0224    ndcg@50 : 0.0288    
20 Oct 15:56    INFO  Saving current best: saved/DirectAU-Oct-20-2023_15-55-53.pth
20 Oct 15:56    INFO  epoch 5 training [time: 2.07s, train loss: -0.5960]
20 Oct 15:57    INFO  epoch 5 evaluating [time: 9.22s, valid_score: 0.024200]
20 Oct 15:57    INFO  valid result: 
recall@10 : 0.0341    recall@20 : 0.0518    recall@50 : 0.0831    ndcg@10 : 0.0194    ndcg@20 : 0.0242    ndcg@50 : 0.0308    
20 Oct 15:57    INFO  Saving current best: saved/DirectAU-Oct-20-2023_15-55-53.pth
20 Oct 15:57    INFO  epoch 6 training [time: 2.06s, train loss: -0.6275]
20 Oct 15:57    INFO  epoch 6 evaluating [time: 9.47s, valid_score: 0.025800]
20 Oct 15:57    INFO  valid result: 
recall@10 : 0.0356    recall@20 : 0.0558    recall@50 : 0.0888    ndcg@10 : 0.0204    ndcg@20 : 0.0258    ndcg@50 : 0.0327    
20 Oct 15:57    INFO  Saving current best: saved/DirectAU-Oct-20-2023_15-55-53.pth
20 Oct 15:57    INFO  epoch 7 training [time: 2.10s, train loss: -0.6531]
20 Oct 15:57    INFO  epoch 7 evaluating [time: 9.72s, valid_score: 0.027100]
20 Oct 15:57    INFO  valid result: 
recall@10 : 0.0378    recall@20 : 0.0579    recall@50 : 0.0935    ndcg@10 : 0.0217    ndcg@20 : 0.0271    ndcg@50 : 0.0345    
20 Oct 15:57    INFO  Saving current best: saved/DirectAU-Oct-20-2023_15-55-53.pth
20 Oct 15:57    INFO  epoch 8 training [time: 1.76s, train loss: -0.6778]
20 Oct 15:57    INFO  epoch 8 evaluating [time: 9.18s, valid_score: 0.027900]
20 Oct 15:57    INFO  valid result: 
recall@10 : 0.0396    recall@20 : 0.0596    recall@50 : 0.0972    ndcg@10 : 0.0225    ndcg@20 : 0.0279    ndcg@50 : 0.0358    
20 Oct 15:57    INFO  Saving current best: saved/DirectAU-Oct-20-2023_15-55-53.pth
20 Oct 15:57    INFO  epoch 9 training [time: 2.07s, train loss: -0.6987]
20 Oct 15:57    INFO  epoch 9 evaluating [time: 9.56s, valid_score: 0.029700]
20 Oct 15:57    INFO  valid result: 
recall@10 : 0.0419    recall@20 : 0.0631    recall@50 : 0.1012    ndcg@10 : 0.024    ndcg@20 : 0.0297    ndcg@50 : 0.0376    
20 Oct 15:57    INFO  Saving current best: saved/DirectAU-Oct-20-2023_15-55-53.pth
20 Oct 15:57    INFO  epoch 10 training [time: 2.07s, train loss: -0.7167]
20 Oct 15:58    INFO  epoch 10 evaluating [time: 9.32s, valid_score: 0.030300]
20 Oct 15:58    INFO  valid result: 
recall@10 : 0.0432    recall@20 : 0.065    recall@50 : 0.1055    ndcg@10 : 0.0245    ndcg@20 : 0.0303    ndcg@50 : 0.0387    
20 Oct 15:58    INFO  Saving current best: saved/DirectAU-Oct-20-2023_15-55-53.pth
20 Oct 15:58    INFO  epoch 11 training [time: 2.07s, train loss: -0.7338]
20 Oct 15:58    INFO  epoch 11 evaluating [time: 9.36s, valid_score: 0.032000]
20 Oct 15:58    INFO  valid result: 
recall@10 : 0.0452    recall@20 : 0.0683    recall@50 : 0.108    ndcg@10 : 0.0258    ndcg@20 : 0.032    ndcg@50 : 0.0403    
20 Oct 15:58    INFO  Saving current best: saved/DirectAU-Oct-20-2023_15-55-53.pth
20 Oct 15:58    INFO  epoch 12 training [time: 2.01s, train loss: -0.7502]
20 Oct 15:58    INFO  epoch 12 evaluating [time: 9.17s, valid_score: 0.032800]
20 Oct 15:58    INFO  valid result: 
recall@10 : 0.0459    recall@20 : 0.0703    recall@50 : 0.1123    ndcg@10 : 0.0263    ndcg@20 : 0.0328    ndcg@50 : 0.0415    
20 Oct 15:58    INFO  Saving current best: saved/DirectAU-Oct-20-2023_15-55-53.pth
20 Oct 15:58    INFO  epoch 13 training [time: 1.98s, train loss: -0.7651]
20 Oct 15:58    INFO  epoch 13 evaluating [time: 9.73s, valid_score: 0.034200]
20 Oct 15:58    INFO  valid result: 
recall@10 : 0.0474    recall@20 : 0.0726    recall@50 : 0.1146    ndcg@10 : 0.0276    ndcg@20 : 0.0342    ndcg@50 : 0.043    
20 Oct 15:58    INFO  Saving current best: saved/DirectAU-Oct-20-2023_15-55-53.pth
20 Oct 15:58    INFO  epoch 14 training [time: 1.95s, train loss: -0.7775]
20 Oct 15:58    INFO  epoch 14 evaluating [time: 9.16s, valid_score: 0.034900]
20 Oct 15:58    INFO  valid result: 
recall@10 : 0.0497    recall@20 : 0.0738    recall@50 : 0.1198    ndcg@10 : 0.0285    ndcg@20 : 0.0349    ndcg@50 : 0.0445    
20 Oct 15:58    INFO  Saving current best: saved/DirectAU-Oct-20-2023_15-55-53.pth
20 Oct 15:58    INFO  epoch 15 training [time: 2.08s, train loss: -0.7918]
20 Oct 15:59    INFO  epoch 15 evaluating [time: 9.31s, valid_score: 0.036000]
20 Oct 15:59    INFO  valid result: 
recall@10 : 0.0517    recall@20 : 0.0763    recall@50 : 0.1199    ndcg@10 : 0.0295    ndcg@20 : 0.036    ndcg@50 : 0.0451    
20 Oct 15:59    INFO  Saving current best: saved/DirectAU-Oct-20-2023_15-55-53.pth
20 Oct 15:59    INFO  epoch 16 training [time: 2.01s, train loss: -0.8038]
20 Oct 15:59    INFO  epoch 16 evaluating [time: 9.24s, valid_score: 0.037100]
20 Oct 15:59    INFO  valid result: 
recall@10 : 0.0531    recall@20 : 0.0782    recall@50 : 0.122    ndcg@10 : 0.0304    ndcg@20 : 0.0371    ndcg@50 : 0.0461    
20 Oct 15:59    INFO  Saving current best: saved/DirectAU-Oct-20-2023_15-55-53.pth
20 Oct 15:59    INFO  epoch 17 training [time: 2.06s, train loss: -0.8159]
20 Oct 15:59    INFO  epoch 17 evaluating [time: 9.32s, valid_score: 0.037900]
20 Oct 15:59    INFO  valid result: 
recall@10 : 0.0547    recall@20 : 0.081    recall@50 : 0.125    ndcg@10 : 0.031    ndcg@20 : 0.0379    ndcg@50 : 0.047    
20 Oct 15:59    INFO  Saving current best: saved/DirectAU-Oct-20-2023_15-55-53.pth
20 Oct 15:59    INFO  epoch 18 training [time: 2.07s, train loss: -0.8267]
20 Oct 15:59    INFO  epoch 18 evaluating [time: 9.06s, valid_score: 0.038500]
20 Oct 15:59    INFO  valid result: 
recall@10 : 0.056    recall@20 : 0.0822    recall@50 : 0.1272    ndcg@10 : 0.0316    ndcg@20 : 0.0385    ndcg@50 : 0.0478    
20 Oct 15:59    INFO  Saving current best: saved/DirectAU-Oct-20-2023_15-55-53.pth
20 Oct 15:59    INFO  epoch 19 training [time: 2.14s, train loss: -0.8364]
20 Oct 15:59    INFO  epoch 19 evaluating [time: 9.46s, valid_score: 0.039100]
20 Oct 15:59    INFO  valid result: 
recall@10 : 0.0573    recall@20 : 0.0837    recall@50 : 0.1316    ndcg@10 : 0.0321    ndcg@20 : 0.0391    ndcg@50 : 0.049    
20 Oct 15:59    INFO  Saving current best: saved/DirectAU-Oct-20-2023_15-55-53.pth
20 Oct 15:59    INFO  epoch 20 training [time: 2.00s, train loss: -0.8479]
20 Oct 16:00    INFO  epoch 20 evaluating [time: 9.18s, valid_score: 0.039300]
20 Oct 16:00    INFO  valid result: 
recall@10 : 0.0566    recall@20 : 0.084    recall@50 : 0.1302    ndcg@10 : 0.0321    ndcg@20 : 0.0393    ndcg@50 : 0.0488    
20 Oct 16:00    INFO  Saving current best: saved/DirectAU-Oct-20-2023_15-55-53.pth
20 Oct 16:00    INFO  epoch 21 training [time: 2.09s, train loss: -0.8567]
20 Oct 16:00    INFO  epoch 21 evaluating [time: 9.27s, valid_score: 0.040300]
20 Oct 16:00    INFO  valid result: 
recall@10 : 0.0586    recall@20 : 0.0859    recall@50 : 0.1331    ndcg@10 : 0.0332    ndcg@20 : 0.0403    ndcg@50 : 0.0501    
20 Oct 16:00    INFO  Saving current best: saved/DirectAU-Oct-20-2023_15-55-53.pth
20 Oct 16:00    INFO  epoch 22 training [time: 2.03s, train loss: -0.8670]
20 Oct 16:00    INFO  epoch 22 evaluating [time: 9.42s, valid_score: 0.041100]
20 Oct 16:00    INFO  valid result: 
recall@10 : 0.0592    recall@20 : 0.0869    recall@50 : 0.1351    ndcg@10 : 0.0337    ndcg@20 : 0.0411    ndcg@50 : 0.051    
20 Oct 16:00    INFO  Saving current best: saved/DirectAU-Oct-20-2023_15-55-53.pth
20 Oct 16:00    INFO  epoch 23 training [time: 2.02s, train loss: -0.8742]
20 Oct 16:00    INFO  epoch 23 evaluating [time: 9.30s, valid_score: 0.041900]
20 Oct 16:00    INFO  valid result: 
recall@10 : 0.0604    recall@20 : 0.0883    recall@50 : 0.1371    ndcg@10 : 0.0345    ndcg@20 : 0.0419    ndcg@50 : 0.052    
20 Oct 16:00    INFO  Saving current best: saved/DirectAU-Oct-20-2023_15-55-53.pth
20 Oct 16:00    INFO  epoch 24 training [time: 2.07s, train loss: -0.8835]
20 Oct 16:00    INFO  epoch 24 evaluating [time: 9.42s, valid_score: 0.042700]
20 Oct 16:00    INFO  valid result: 
recall@10 : 0.0627    recall@20 : 0.0909    recall@50 : 0.1397    ndcg@10 : 0.0353    ndcg@20 : 0.0427    ndcg@50 : 0.0528    
20 Oct 16:00    INFO  Saving current best: saved/DirectAU-Oct-20-2023_15-55-53.pth
20 Oct 16:00    INFO  epoch 25 training [time: 2.02s, train loss: -0.8920]
20 Oct 16:00    INFO  epoch 25 evaluating [time: 9.41s, valid_score: 0.043600]
20 Oct 16:00    INFO  valid result: 
recall@10 : 0.0634    recall@20 : 0.0923    recall@50 : 0.1395    ndcg@10 : 0.036    ndcg@20 : 0.0436    ndcg@50 : 0.0534    
20 Oct 16:00    INFO  Saving current best: saved/DirectAU-Oct-20-2023_15-55-53.pth
20 Oct 16:00    INFO  epoch 26 training [time: 2.07s, train loss: -0.8993]
20 Oct 16:01    INFO  epoch 26 evaluating [time: 9.19s, valid_score: 0.044100]
20 Oct 16:01    INFO  valid result: 
recall@10 : 0.0637    recall@20 : 0.0934    recall@50 : 0.1423    ndcg@10 : 0.0363    ndcg@20 : 0.0441    ndcg@50 : 0.0542    
20 Oct 16:01    INFO  Saving current best: saved/DirectAU-Oct-20-2023_15-55-53.pth
20 Oct 16:01    INFO  epoch 27 training [time: 2.06s, train loss: -0.9065]
20 Oct 16:01    INFO  epoch 27 evaluating [time: 9.38s, valid_score: 0.044900]
20 Oct 16:01    INFO  valid result: 
recall@10 : 0.0647    recall@20 : 0.0956    recall@50 : 0.1442    ndcg@10 : 0.0367    ndcg@20 : 0.0449    ndcg@50 : 0.055    
20 Oct 16:01    INFO  Saving current best: saved/DirectAU-Oct-20-2023_15-55-53.pth
20 Oct 16:01    INFO  epoch 28 training [time: 2.04s, train loss: -0.9145]
20 Oct 16:01    INFO  epoch 28 evaluating [time: 9.47s, valid_score: 0.045900]
20 Oct 16:01    INFO  valid result: 
recall@10 : 0.0673    recall@20 : 0.0973    recall@50 : 0.145    ndcg@10 : 0.0381    ndcg@20 : 0.0459    ndcg@50 : 0.0558    
20 Oct 16:01    INFO  Saving current best: saved/DirectAU-Oct-20-2023_15-55-53.pth
20 Oct 16:01    INFO  epoch 29 training [time: 2.03s, train loss: -0.9206]
20 Oct 16:01    INFO  epoch 29 evaluating [time: 9.11s, valid_score: 0.045600]
20 Oct 16:01    INFO  valid result: 
recall@10 : 0.0657    recall@20 : 0.0967    recall@50 : 0.1462    ndcg@10 : 0.0374    ndcg@20 : 0.0456    ndcg@50 : 0.0558    
20 Oct 16:01    INFO  epoch 30 training [time: 2.09s, train loss: -0.9275]
20 Oct 16:01    INFO  epoch 30 evaluating [time: 9.30s, valid_score: 0.046200]
20 Oct 16:01    INFO  valid result: 
recall@10 : 0.0662    recall@20 : 0.0977    recall@50 : 0.1483    ndcg@10 : 0.038    ndcg@20 : 0.0462    ndcg@50 : 0.0567    
20 Oct 16:01    INFO  Saving current best: saved/DirectAU-Oct-20-2023_15-55-53.pth
20 Oct 16:01    INFO  epoch 31 training [time: 2.09s, train loss: -0.9336]
20 Oct 16:02    INFO  epoch 31 evaluating [time: 9.28s, valid_score: 0.046600]
20 Oct 16:02    INFO  valid result: 
recall@10 : 0.0677    recall@20 : 0.0972    recall@50 : 0.1489    ndcg@10 : 0.0389    ndcg@20 : 0.0466    ndcg@50 : 0.0573    
20 Oct 16:02    INFO  Saving current best: saved/DirectAU-Oct-20-2023_15-55-53.pth
20 Oct 16:02    INFO  epoch 32 training [time: 2.05s, train loss: -0.9403]
20 Oct 16:02    INFO  epoch 32 evaluating [time: 9.20s, valid_score: 0.047000]
20 Oct 16:02    INFO  valid result: 
recall@10 : 0.0679    recall@20 : 0.0988    recall@50 : 0.1511    ndcg@10 : 0.0388    ndcg@20 : 0.047    ndcg@50 : 0.0578    
20 Oct 16:02    INFO  Saving current best: saved/DirectAU-Oct-20-2023_15-55-53.pth
20 Oct 16:02    INFO  epoch 33 training [time: 2.03s, train loss: -0.9459]
20 Oct 16:02    INFO  epoch 33 evaluating [time: 9.10s, valid_score: 0.047600]
20 Oct 16:02    INFO  valid result: 
recall@10 : 0.0683    recall@20 : 0.0998    recall@50 : 0.1526    ndcg@10 : 0.0393    ndcg@20 : 0.0476    ndcg@50 : 0.0585    
20 Oct 16:02    INFO  Saving current best: saved/DirectAU-Oct-20-2023_15-55-53.pth
20 Oct 16:02    INFO  epoch 34 training [time: 2.06s, train loss: -0.9510]
20 Oct 16:02    INFO  epoch 34 evaluating [time: 9.32s, valid_score: 0.047900]
20 Oct 16:02    INFO  valid result: 
recall@10 : 0.0699    recall@20 : 0.1011    recall@50 : 0.1543    ndcg@10 : 0.0397    ndcg@20 : 0.0479    ndcg@50 : 0.0588    
20 Oct 16:02    INFO  Saving current best: saved/DirectAU-Oct-20-2023_15-55-53.pth
20 Oct 16:02    INFO  epoch 35 training [time: 2.08s, train loss: -0.9566]
20 Oct 16:02    INFO  epoch 35 evaluating [time: 9.08s, valid_score: 0.048900]
20 Oct 16:02    INFO  valid result: 
recall@10 : 0.0709    recall@20 : 0.1028    recall@50 : 0.1559    ndcg@10 : 0.0406    ndcg@20 : 0.0489    ndcg@50 : 0.0599    
20 Oct 16:02    INFO  Saving current best: saved/DirectAU-Oct-20-2023_15-55-53.pth
20 Oct 16:02    INFO  epoch 36 training [time: 2.02s, train loss: -0.9616]
20 Oct 16:03    INFO  epoch 36 evaluating [time: 9.18s, valid_score: 0.049300]
20 Oct 16:03    INFO  valid result: 
recall@10 : 0.0728    recall@20 : 0.1041    recall@50 : 0.1567    ndcg@10 : 0.0411    ndcg@20 : 0.0493    ndcg@50 : 0.0602    
20 Oct 16:03    INFO  Saving current best: saved/DirectAU-Oct-20-2023_15-55-53.pth
20 Oct 16:03    INFO  epoch 37 training [time: 2.08s, train loss: -0.9665]
20 Oct 16:03    INFO  epoch 37 evaluating [time: 8.93s, valid_score: 0.049100]
20 Oct 16:03    INFO  valid result: 
recall@10 : 0.0726    recall@20 : 0.1036    recall@50 : 0.1573    ndcg@10 : 0.0409    ndcg@20 : 0.0491    ndcg@50 : 0.0601    
20 Oct 16:03    INFO  epoch 38 training [time: 2.02s, train loss: -0.9705]
20 Oct 16:03    INFO  epoch 38 evaluating [time: 8.92s, valid_score: 0.050000]
20 Oct 16:03    INFO  valid result: 
recall@10 : 0.0737    recall@20 : 0.1053    recall@50 : 0.1586    ndcg@10 : 0.0417    ndcg@20 : 0.05    ndcg@50 : 0.0609    
20 Oct 16:03    INFO  Saving current best: saved/DirectAU-Oct-20-2023_15-55-53.pth
20 Oct 16:03    INFO  epoch 39 training [time: 2.13s, train loss: -0.9760]
20 Oct 16:03    INFO  epoch 39 evaluating [time: 9.53s, valid_score: 0.049900]
20 Oct 16:03    INFO  valid result: 
recall@10 : 0.0725    recall@20 : 0.1056    recall@50 : 0.1598    ndcg@10 : 0.0412    ndcg@20 : 0.0499    ndcg@50 : 0.061    
20 Oct 16:03    INFO  epoch 40 training [time: 2.09s, train loss: -0.9799]
20 Oct 16:03    INFO  epoch 40 evaluating [time: 9.05s, valid_score: 0.050900]
20 Oct 16:03    INFO  valid result: 
recall@10 : 0.0737    recall@20 : 0.1065    recall@50 : 0.1619    ndcg@10 : 0.0423    ndcg@20 : 0.0509    ndcg@50 : 0.0623    
20 Oct 16:03    INFO  Saving current best: saved/DirectAU-Oct-20-2023_15-55-53.pth
20 Oct 16:03    INFO  epoch 41 training [time: 2.07s, train loss: -0.9839]
20 Oct 16:03    INFO  epoch 41 evaluating [time: 9.28s, valid_score: 0.051200]
20 Oct 16:03    INFO  valid result: 
recall@10 : 0.0755    recall@20 : 0.1074    recall@50 : 0.162    ndcg@10 : 0.0428    ndcg@20 : 0.0512    ndcg@50 : 0.0624    
20 Oct 16:03    INFO  Saving current best: saved/DirectAU-Oct-20-2023_15-55-53.pth
20 Oct 16:04    INFO  epoch 42 training [time: 2.14s, train loss: -0.9884]
20 Oct 16:04    INFO  epoch 42 evaluating [time: 9.11s, valid_score: 0.051500]
20 Oct 16:04    INFO  valid result: 
recall@10 : 0.0756    recall@20 : 0.1073    recall@50 : 0.1634    ndcg@10 : 0.0432    ndcg@20 : 0.0515    ndcg@50 : 0.063    
20 Oct 16:04    INFO  Saving current best: saved/DirectAU-Oct-20-2023_15-55-53.pth
20 Oct 16:04    INFO  epoch 43 training [time: 2.09s, train loss: -0.9924]
20 Oct 16:04    INFO  epoch 43 evaluating [time: 9.34s, valid_score: 0.051800]
20 Oct 16:04    INFO  valid result: 
recall@10 : 0.076    recall@20 : 0.1084    recall@50 : 0.164    ndcg@10 : 0.0433    ndcg@20 : 0.0518    ndcg@50 : 0.0633    
20 Oct 16:04    INFO  Saving current best: saved/DirectAU-Oct-20-2023_15-55-53.pth
20 Oct 16:04    INFO  epoch 44 training [time: 2.03s, train loss: -0.9957]
20 Oct 16:04    INFO  epoch 44 evaluating [time: 8.96s, valid_score: 0.052300]
20 Oct 16:04    INFO  valid result: 
recall@10 : 0.0761    recall@20 : 0.1101    recall@50 : 0.1654    ndcg@10 : 0.0434    ndcg@20 : 0.0523    ndcg@50 : 0.0637    
20 Oct 16:04    INFO  Saving current best: saved/DirectAU-Oct-20-2023_15-55-53.pth
20 Oct 16:04    INFO  epoch 45 training [time: 2.01s, train loss: -0.9994]
20 Oct 16:04    INFO  epoch 45 evaluating [time: 9.33s, valid_score: 0.052300]
20 Oct 16:04    INFO  valid result: 
recall@10 : 0.0767    recall@20 : 0.1107    recall@50 : 0.1673    ndcg@10 : 0.0435    ndcg@20 : 0.0523    ndcg@50 : 0.064    
20 Oct 16:04    INFO  epoch 46 training [time: 2.05s, train loss: -1.0029]
20 Oct 16:04    INFO  epoch 46 evaluating [time: 9.39s, valid_score: 0.052700]
20 Oct 16:04    INFO  valid result: 
recall@10 : 0.0774    recall@20 : 0.1108    recall@50 : 0.1687    ndcg@10 : 0.0439    ndcg@20 : 0.0527    ndcg@50 : 0.0646    
20 Oct 16:04    INFO  Saving current best: saved/DirectAU-Oct-20-2023_15-55-53.pth
20 Oct 16:04    INFO  epoch 47 training [time: 2.10s, train loss: -1.0061]
20 Oct 16:05    INFO  epoch 47 evaluating [time: 9.14s, valid_score: 0.052700]
20 Oct 16:05    INFO  valid result: 
recall@10 : 0.0772    recall@20 : 0.1112    recall@50 : 0.1691    ndcg@10 : 0.0438    ndcg@20 : 0.0527    ndcg@50 : 0.0646    
20 Oct 16:05    INFO  epoch 48 training [time: 2.10s, train loss: -1.0092]
20 Oct 16:05    INFO  epoch 48 evaluating [time: 9.03s, valid_score: 0.053500]
20 Oct 16:05    INFO  valid result: 
recall@10 : 0.0778    recall@20 : 0.1118    recall@50 : 0.1689    ndcg@10 : 0.0446    ndcg@20 : 0.0535    ndcg@50 : 0.0652    
20 Oct 16:05    INFO  Saving current best: saved/DirectAU-Oct-20-2023_15-55-53.pth
20 Oct 16:05    INFO  epoch 49 training [time: 2.03s, train loss: -1.0122]
20 Oct 16:05    INFO  epoch 49 evaluating [time: 9.30s, valid_score: 0.053700]
20 Oct 16:05    INFO  valid result: 
recall@10 : 0.0784    recall@20 : 0.1124    recall@50 : 0.1702    ndcg@10 : 0.0448    ndcg@20 : 0.0537    ndcg@50 : 0.0656    
20 Oct 16:05    INFO  Saving current best: saved/DirectAU-Oct-20-2023_15-55-53.pth
20 Oct 16:05    INFO  epoch 50 training [time: 2.05s, train loss: -1.0143]
20 Oct 16:05    INFO  epoch 50 evaluating [time: 9.12s, valid_score: 0.053700]
20 Oct 16:05    INFO  valid result: 
recall@10 : 0.079    recall@20 : 0.1124    recall@50 : 0.1716    ndcg@10 : 0.0449    ndcg@20 : 0.0537    ndcg@50 : 0.0658    
20 Oct 16:05    INFO  epoch 51 training [time: 2.01s, train loss: -1.0175]
20 Oct 16:05    INFO  epoch 51 evaluating [time: 9.34s, valid_score: 0.054000]
20 Oct 16:05    INFO  valid result: 
recall@10 : 0.0789    recall@20 : 0.1127    recall@50 : 0.1724    ndcg@10 : 0.0452    ndcg@20 : 0.054    ndcg@50 : 0.0663    
20 Oct 16:05    INFO  Saving current best: saved/DirectAU-Oct-20-2023_15-55-53.pth
20 Oct 16:05    INFO  epoch 52 training [time: 2.05s, train loss: -1.0203]
20 Oct 16:06    INFO  epoch 52 evaluating [time: 9.24s, valid_score: 0.054500]
20 Oct 16:06    INFO  valid result: 
recall@10 : 0.0801    recall@20 : 0.114    recall@50 : 0.1722    ndcg@10 : 0.0457    ndcg@20 : 0.0545    ndcg@50 : 0.0665    
20 Oct 16:06    INFO  Saving current best: saved/DirectAU-Oct-20-2023_15-55-53.pth
20 Oct 16:06    INFO  epoch 53 training [time: 2.09s, train loss: -1.0224]
20 Oct 16:06    INFO  epoch 53 evaluating [time: 9.17s, valid_score: 0.055000]
20 Oct 16:06    INFO  valid result: 
recall@10 : 0.0801    recall@20 : 0.1148    recall@50 : 0.1731    ndcg@10 : 0.0459    ndcg@20 : 0.055    ndcg@50 : 0.067    
20 Oct 16:06    INFO  Saving current best: saved/DirectAU-Oct-20-2023_15-55-53.pth
20 Oct 16:06    INFO  epoch 54 training [time: 2.07s, train loss: -1.0250]
20 Oct 16:06    INFO  epoch 54 evaluating [time: 9.32s, valid_score: 0.055200]
20 Oct 16:06    INFO  valid result: 
recall@10 : 0.0803    recall@20 : 0.1152    recall@50 : 0.1733    ndcg@10 : 0.0461    ndcg@20 : 0.0552    ndcg@50 : 0.0671    
20 Oct 16:06    INFO  Saving current best: saved/DirectAU-Oct-20-2023_15-55-53.pth
20 Oct 16:06    INFO  epoch 55 training [time: 2.06s, train loss: -1.0280]
20 Oct 16:06    INFO  epoch 55 evaluating [time: 9.82s, valid_score: 0.055300]
20 Oct 16:06    INFO  valid result: 
recall@10 : 0.081    recall@20 : 0.1154    recall@50 : 0.1746    ndcg@10 : 0.0463    ndcg@20 : 0.0553    ndcg@50 : 0.0675    
20 Oct 16:06    INFO  Saving current best: saved/DirectAU-Oct-20-2023_15-55-53.pth
20 Oct 16:06    INFO  epoch 56 training [time: 2.03s, train loss: -1.0290]
20 Oct 16:06    INFO  epoch 56 evaluating [time: 9.58s, valid_score: 0.055700]
20 Oct 16:06    INFO  valid result: 
recall@10 : 0.0814    recall@20 : 0.1166    recall@50 : 0.1758    ndcg@10 : 0.0465    ndcg@20 : 0.0557    ndcg@50 : 0.0679    
20 Oct 16:06    INFO  Saving current best: saved/DirectAU-Oct-20-2023_15-55-53.pth
20 Oct 16:06    INFO  epoch 57 training [time: 2.06s, train loss: -1.0320]
20 Oct 16:07    INFO  epoch 57 evaluating [time: 9.44s, valid_score: 0.056500]
20 Oct 16:07    INFO  valid result: 
recall@10 : 0.0821    recall@20 : 0.1174    recall@50 : 0.1757    ndcg@10 : 0.0473    ndcg@20 : 0.0565    ndcg@50 : 0.0685    
20 Oct 16:07    INFO  Saving current best: saved/DirectAU-Oct-20-2023_15-55-53.pth
20 Oct 16:07    INFO  epoch 58 training [time: 2.04s, train loss: -1.0339]
20 Oct 16:07    INFO  epoch 58 evaluating [time: 9.40s, valid_score: 0.056300]
20 Oct 16:07    INFO  valid result: 
recall@10 : 0.0818    recall@20 : 0.1178    recall@50 : 0.1761    ndcg@10 : 0.0469    ndcg@20 : 0.0563    ndcg@50 : 0.0684    
20 Oct 16:07    INFO  epoch 59 training [time: 2.02s, train loss: -1.0366]
20 Oct 16:07    INFO  epoch 59 evaluating [time: 9.29s, valid_score: 0.056100]
20 Oct 16:07    INFO  valid result: 
recall@10 : 0.0821    recall@20 : 0.1166    recall@50 : 0.1781    ndcg@10 : 0.047    ndcg@20 : 0.0561    ndcg@50 : 0.0687    
20 Oct 16:07    INFO  epoch 60 training [time: 2.05s, train loss: -1.0376]
20 Oct 16:07    INFO  epoch 60 evaluating [time: 9.52s, valid_score: 0.056500]
20 Oct 16:07    INFO  valid result: 
recall@10 : 0.0823    recall@20 : 0.1172    recall@50 : 0.178    ndcg@10 : 0.0474    ndcg@20 : 0.0565    ndcg@50 : 0.069    
20 Oct 16:07    INFO  epoch 61 training [time: 2.04s, train loss: -1.0397]
20 Oct 16:07    INFO  epoch 61 evaluating [time: 9.34s, valid_score: 0.056300]
20 Oct 16:07    INFO  valid result: 
recall@10 : 0.0821    recall@20 : 0.1175    recall@50 : 0.1778    ndcg@10 : 0.047    ndcg@20 : 0.0563    ndcg@50 : 0.0687    
20 Oct 16:07    INFO  epoch 62 training [time: 2.31s, train loss: -1.0412]
20 Oct 16:07    INFO  epoch 62 evaluating [time: 9.29s, valid_score: 0.056900]
20 Oct 16:07    INFO  valid result: 
recall@10 : 0.0822    recall@20 : 0.1186    recall@50 : 0.179    ndcg@10 : 0.0474    ndcg@20 : 0.0569    ndcg@50 : 0.0693    
20 Oct 16:07    INFO  Saving current best: saved/DirectAU-Oct-20-2023_15-55-53.pth
20 Oct 16:08    INFO  epoch 63 training [time: 2.10s, train loss: -1.0428]
20 Oct 16:08    INFO  epoch 63 evaluating [time: 9.27s, valid_score: 0.057000]
20 Oct 16:08    INFO  valid result: 
recall@10 : 0.0825    recall@20 : 0.1189    recall@50 : 0.1796    ndcg@10 : 0.0474    ndcg@20 : 0.057    ndcg@50 : 0.0695    
20 Oct 16:08    INFO  Saving current best: saved/DirectAU-Oct-20-2023_15-55-53.pth
20 Oct 16:08    INFO  epoch 64 training [time: 2.09s, train loss: -1.0450]
20 Oct 16:08    INFO  epoch 64 evaluating [time: 9.34s, valid_score: 0.057800]
20 Oct 16:08    INFO  valid result: 
recall@10 : 0.0838    recall@20 : 0.1207    recall@50 : 0.1797    ndcg@10 : 0.0482    ndcg@20 : 0.0578    ndcg@50 : 0.0699    
20 Oct 16:08    INFO  Saving current best: saved/DirectAU-Oct-20-2023_15-55-53.pth
20 Oct 16:08    INFO  epoch 65 training [time: 2.01s, train loss: -1.0462]
20 Oct 16:08    INFO  epoch 65 evaluating [time: 9.12s, valid_score: 0.058000]
20 Oct 16:08    INFO  valid result: 
recall@10 : 0.0842    recall@20 : 0.1206    recall@50 : 0.1803    ndcg@10 : 0.0485    ndcg@20 : 0.058    ndcg@50 : 0.0703    
20 Oct 16:08    INFO  Saving current best: saved/DirectAU-Oct-20-2023_15-55-53.pth
20 Oct 16:08    INFO  epoch 66 training [time: 2.06s, train loss: -1.0472]
20 Oct 16:08    INFO  epoch 66 evaluating [time: 9.30s, valid_score: 0.058100]
20 Oct 16:08    INFO  valid result: 
recall@10 : 0.0837    recall@20 : 0.1208    recall@50 : 0.1803    ndcg@10 : 0.0484    ndcg@20 : 0.0581    ndcg@50 : 0.0703    
20 Oct 16:08    INFO  Saving current best: saved/DirectAU-Oct-20-2023_15-55-53.pth
20 Oct 16:08    INFO  epoch 67 training [time: 2.06s, train loss: -1.0489]
20 Oct 16:08    INFO  epoch 67 evaluating [time: 9.07s, valid_score: 0.058100]
20 Oct 16:08    INFO  valid result: 
recall@10 : 0.0838    recall@20 : 0.1215    recall@50 : 0.181    ndcg@10 : 0.0482    ndcg@20 : 0.0581    ndcg@50 : 0.0703    
20 Oct 16:08    INFO  epoch 68 training [time: 2.08s, train loss: -1.0501]
20 Oct 16:09    INFO  epoch 68 evaluating [time: 9.25s, valid_score: 0.058300]
20 Oct 16:09    INFO  valid result: 
recall@10 : 0.084    recall@20 : 0.1206    recall@50 : 0.1825    ndcg@10 : 0.0487    ndcg@20 : 0.0583    ndcg@50 : 0.071    
20 Oct 16:09    INFO  Saving current best: saved/DirectAU-Oct-20-2023_15-55-53.pth
20 Oct 16:09    INFO  epoch 69 training [time: 2.04s, train loss: -1.0516]
20 Oct 16:09    INFO  epoch 69 evaluating [time: 9.12s, valid_score: 0.058500]
20 Oct 16:09    INFO  valid result: 
recall@10 : 0.0851    recall@20 : 0.1211    recall@50 : 0.1829    ndcg@10 : 0.0491    ndcg@20 : 0.0585    ndcg@50 : 0.0712    
20 Oct 16:09    INFO  Saving current best: saved/DirectAU-Oct-20-2023_15-55-53.pth
20 Oct 16:09    INFO  epoch 70 training [time: 1.97s, train loss: -1.0536]
20 Oct 16:09    INFO  epoch 70 evaluating [time: 9.30s, valid_score: 0.058300]
20 Oct 16:09    INFO  valid result: 
recall@10 : 0.0848    recall@20 : 0.1209    recall@50 : 0.1835    ndcg@10 : 0.0489    ndcg@20 : 0.0583    ndcg@50 : 0.0712    
20 Oct 16:09    INFO  epoch 71 training [time: 2.03s, train loss: -1.0540]
20 Oct 16:09    INFO  epoch 71 evaluating [time: 9.25s, valid_score: 0.058200]
20 Oct 16:09    INFO  valid result: 
recall@10 : 0.0853    recall@20 : 0.1209    recall@50 : 0.1824    ndcg@10 : 0.0488    ndcg@20 : 0.0582    ndcg@50 : 0.0708    
20 Oct 16:09    INFO  epoch 72 training [time: 2.02s, train loss: -1.0549]
20 Oct 16:09    INFO  epoch 72 evaluating [time: 9.05s, valid_score: 0.058800]
20 Oct 16:09    INFO  valid result: 
recall@10 : 0.086    recall@20 : 0.1227    recall@50 : 0.183    ndcg@10 : 0.0492    ndcg@20 : 0.0588    ndcg@50 : 0.0712    
20 Oct 16:09    INFO  Saving current best: saved/DirectAU-Oct-20-2023_15-55-53.pth
20 Oct 16:09    INFO  epoch 73 training [time: 2.02s, train loss: -1.0564]
20 Oct 16:10    INFO  epoch 73 evaluating [time: 9.31s, valid_score: 0.058800]
20 Oct 16:10    INFO  valid result: 
recall@10 : 0.086    recall@20 : 0.1232    recall@50 : 0.1839    ndcg@10 : 0.0491    ndcg@20 : 0.0588    ndcg@50 : 0.0713    
20 Oct 16:10    INFO  epoch 74 training [time: 2.04s, train loss: -1.0570]
20 Oct 16:10    INFO  epoch 74 evaluating [time: 9.01s, valid_score: 0.059000]
20 Oct 16:10    INFO  valid result: 
recall@10 : 0.0861    recall@20 : 0.1235    recall@50 : 0.1839    ndcg@10 : 0.0493    ndcg@20 : 0.059    ndcg@50 : 0.0714    
20 Oct 16:10    INFO  Saving current best: saved/DirectAU-Oct-20-2023_15-55-53.pth
20 Oct 16:10    INFO  epoch 75 training [time: 2.16s, train loss: -1.0581]
20 Oct 16:10    INFO  epoch 75 evaluating [time: 9.26s, valid_score: 0.059100]
20 Oct 16:10    INFO  valid result: 
recall@10 : 0.0862    recall@20 : 0.1242    recall@50 : 0.185    ndcg@10 : 0.0491    ndcg@20 : 0.0591    ndcg@50 : 0.0715    
20 Oct 16:10    INFO  Saving current best: saved/DirectAU-Oct-20-2023_15-55-53.pth
20 Oct 16:10    INFO  epoch 76 training [time: 2.12s, train loss: -1.0596]
20 Oct 16:10    INFO  epoch 76 evaluating [time: 9.15s, valid_score: 0.059800]
20 Oct 16:10    INFO  valid result: 
recall@10 : 0.0865    recall@20 : 0.1251    recall@50 : 0.1848    ndcg@10 : 0.0497    ndcg@20 : 0.0598    ndcg@50 : 0.0721    
20 Oct 16:10    INFO  Saving current best: saved/DirectAU-Oct-20-2023_15-55-53.pth
20 Oct 16:10    INFO  epoch 77 training [time: 2.17s, train loss: -1.0599]
20 Oct 16:10    INFO  epoch 77 evaluating [time: 9.27s, valid_score: 0.059400]
20 Oct 16:10    INFO  valid result: 
recall@10 : 0.0863    recall@20 : 0.125    recall@50 : 0.1861    ndcg@10 : 0.0493    ndcg@20 : 0.0594    ndcg@50 : 0.072    
20 Oct 16:10    INFO  epoch 78 training [time: 2.10s, train loss: -1.0609]
20 Oct 16:10    INFO  epoch 78 evaluating [time: 9.26s, valid_score: 0.059400]
20 Oct 16:10    INFO  valid result: 
recall@10 : 0.0868    recall@20 : 0.1255    recall@50 : 0.1862    ndcg@10 : 0.0493    ndcg@20 : 0.0594    ndcg@50 : 0.0719    
20 Oct 16:11    INFO  epoch 79 training [time: 2.08s, train loss: -1.0611]
20 Oct 16:11    INFO  epoch 79 evaluating [time: 9.20s, valid_score: 0.059800]
20 Oct 16:11    INFO  valid result: 
recall@10 : 0.0872    recall@20 : 0.1254    recall@50 : 0.187    ndcg@10 : 0.0498    ndcg@20 : 0.0598    ndcg@50 : 0.0725    
20 Oct 16:11    INFO  epoch 80 training [time: 2.07s, train loss: -1.0626]
20 Oct 16:11    INFO  epoch 80 evaluating [time: 9.21s, valid_score: 0.059900]
20 Oct 16:11    INFO  valid result: 
recall@10 : 0.086    recall@20 : 0.1258    recall@50 : 0.186    ndcg@10 : 0.0495    ndcg@20 : 0.0599    ndcg@50 : 0.0723    
20 Oct 16:11    INFO  Saving current best: saved/DirectAU-Oct-20-2023_15-55-53.pth
20 Oct 16:11    INFO  epoch 81 training [time: 2.07s, train loss: -1.0634]
20 Oct 16:11    INFO  epoch 81 evaluating [time: 9.18s, valid_score: 0.059800]
20 Oct 16:11    INFO  valid result: 
recall@10 : 0.0871    recall@20 : 0.1258    recall@50 : 0.1883    ndcg@10 : 0.0498    ndcg@20 : 0.0598    ndcg@50 : 0.0727    
20 Oct 16:11    INFO  epoch 82 training [time: 2.04s, train loss: -1.0645]
20 Oct 16:11    INFO  epoch 82 evaluating [time: 9.09s, valid_score: 0.060200]
20 Oct 16:11    INFO  valid result: 
recall@10 : 0.0874    recall@20 : 0.1249    recall@50 : 0.1872    ndcg@10 : 0.0504    ndcg@20 : 0.0602    ndcg@50 : 0.073    
20 Oct 16:11    INFO  Saving current best: saved/DirectAU-Oct-20-2023_15-55-53.pth
20 Oct 16:11    INFO  epoch 83 training [time: 2.00s, train loss: -1.0646]
20 Oct 16:11    INFO  epoch 83 evaluating [time: 9.33s, valid_score: 0.060300]
20 Oct 16:11    INFO  valid result: 
recall@10 : 0.0869    recall@20 : 0.125    recall@50 : 0.1875    ndcg@10 : 0.0503    ndcg@20 : 0.0603    ndcg@50 : 0.0732    
20 Oct 16:11    INFO  Saving current best: saved/DirectAU-Oct-20-2023_15-55-53.pth
20 Oct 16:11    INFO  epoch 84 training [time: 2.08s, train loss: -1.0656]
20 Oct 16:12    INFO  epoch 84 evaluating [time: 9.19s, valid_score: 0.060700]
20 Oct 16:12    INFO  valid result: 
recall@10 : 0.0883    recall@20 : 0.1258    recall@50 : 0.1887    ndcg@10 : 0.0509    ndcg@20 : 0.0607    ndcg@50 : 0.0736    
20 Oct 16:12    INFO  Saving current best: saved/DirectAU-Oct-20-2023_15-55-53.pth
20 Oct 16:12    INFO  epoch 85 training [time: 2.08s, train loss: -1.0658]
20 Oct 16:12    INFO  epoch 85 evaluating [time: 9.29s, valid_score: 0.060700]
20 Oct 16:12    INFO  valid result: 
recall@10 : 0.088    recall@20 : 0.1266    recall@50 : 0.1881    ndcg@10 : 0.0506    ndcg@20 : 0.0607    ndcg@50 : 0.0733    
20 Oct 16:12    INFO  epoch 86 training [time: 2.05s, train loss: -1.0670]
20 Oct 16:12    INFO  epoch 86 evaluating [time: 9.21s, valid_score: 0.060400]
20 Oct 16:12    INFO  valid result: 
recall@10 : 0.0886    recall@20 : 0.1268    recall@50 : 0.1886    ndcg@10 : 0.0505    ndcg@20 : 0.0604    ndcg@50 : 0.0731    
20 Oct 16:12    INFO  epoch 87 training [time: 2.16s, train loss: -1.0674]
20 Oct 16:12    INFO  epoch 87 evaluating [time: 9.43s, valid_score: 0.060200]
20 Oct 16:12    INFO  valid result: 
recall@10 : 0.0887    recall@20 : 0.1257    recall@50 : 0.1896    ndcg@10 : 0.0505    ndcg@20 : 0.0602    ndcg@50 : 0.0733    
20 Oct 16:12    INFO  epoch 88 training [time: 1.76s, train loss: -1.0681]
20 Oct 16:12    INFO  epoch 88 evaluating [time: 9.30s, valid_score: 0.060600]
20 Oct 16:12    INFO  valid result: 
recall@10 : 0.0877    recall@20 : 0.1273    recall@50 : 0.1896    ndcg@10 : 0.0502    ndcg@20 : 0.0606    ndcg@50 : 0.0733    
20 Oct 16:12    INFO  epoch 89 training [time: 1.76s, train loss: -1.0682]
20 Oct 16:13    INFO  epoch 89 evaluating [time: 9.17s, valid_score: 0.060400]
20 Oct 16:13    INFO  valid result: 
recall@10 : 0.0889    recall@20 : 0.1266    recall@50 : 0.1891    ndcg@10 : 0.0506    ndcg@20 : 0.0604    ndcg@50 : 0.0733    
20 Oct 16:13    INFO  epoch 90 training [time: 2.09s, train loss: -1.0687]
20 Oct 16:13    INFO  epoch 90 evaluating [time: 9.13s, valid_score: 0.060600]
20 Oct 16:13    INFO  valid result: 
recall@10 : 0.0893    recall@20 : 0.1275    recall@50 : 0.1898    ndcg@10 : 0.0507    ndcg@20 : 0.0606    ndcg@50 : 0.0734    
20 Oct 16:13    INFO  epoch 91 training [time: 2.03s, train loss: -1.0685]
20 Oct 16:13    INFO  epoch 91 evaluating [time: 9.16s, valid_score: 0.060700]
20 Oct 16:13    INFO  valid result: 
recall@10 : 0.0889    recall@20 : 0.1276    recall@50 : 0.1887    ndcg@10 : 0.0506    ndcg@20 : 0.0607    ndcg@50 : 0.0733    
20 Oct 16:13    INFO  epoch 92 training [time: 2.03s, train loss: -1.0699]
20 Oct 16:13    INFO  epoch 92 evaluating [time: 9.28s, valid_score: 0.061000]
20 Oct 16:13    INFO  valid result: 
recall@10 : 0.0888    recall@20 : 0.1286    recall@50 : 0.1895    ndcg@10 : 0.0506    ndcg@20 : 0.061    ndcg@50 : 0.0735    
20 Oct 16:13    INFO  Saving current best: saved/DirectAU-Oct-20-2023_15-55-53.pth
20 Oct 16:13    INFO  epoch 93 training [time: 1.90s, train loss: -1.0704]
20 Oct 16:13    INFO  epoch 93 evaluating [time: 9.06s, valid_score: 0.061400]
20 Oct 16:13    INFO  valid result: 
recall@10 : 0.0883    recall@20 : 0.1288    recall@50 : 0.1893    ndcg@10 : 0.0509    ndcg@20 : 0.0614    ndcg@50 : 0.0739    
20 Oct 16:13    INFO  Saving current best: saved/DirectAU-Oct-20-2023_15-55-53.pth
20 Oct 16:13    INFO  epoch 94 training [time: 2.10s, train loss: -1.0706]
20 Oct 16:13    INFO  epoch 94 evaluating [time: 9.18s, valid_score: 0.061400]
20 Oct 16:13    INFO  valid result: 
recall@10 : 0.0898    recall@20 : 0.1282    recall@50 : 0.1891    ndcg@10 : 0.0514    ndcg@20 : 0.0614    ndcg@50 : 0.0739    
20 Oct 16:14    INFO  epoch 95 training [time: 2.17s, train loss: -1.0708]
20 Oct 16:14    INFO  epoch 95 evaluating [time: 9.08s, valid_score: 0.061400]
20 Oct 16:14    INFO  valid result: 
recall@10 : 0.0895    recall@20 : 0.1287    recall@50 : 0.1883    ndcg@10 : 0.0512    ndcg@20 : 0.0614    ndcg@50 : 0.0737    
20 Oct 16:14    INFO  epoch 96 training [time: 2.05s, train loss: -1.0722]
20 Oct 16:14    INFO  epoch 96 evaluating [time: 9.24s, valid_score: 0.061800]
20 Oct 16:14    INFO  valid result: 
recall@10 : 0.0902    recall@20 : 0.1295    recall@50 : 0.189    ndcg@10 : 0.0515    ndcg@20 : 0.0618    ndcg@50 : 0.0741    
20 Oct 16:14    INFO  Saving current best: saved/DirectAU-Oct-20-2023_15-55-53.pth
20 Oct 16:14    INFO  epoch 97 training [time: 2.02s, train loss: -1.0718]
20 Oct 16:14    INFO  epoch 97 evaluating [time: 9.26s, valid_score: 0.061300]
20 Oct 16:14    INFO  valid result: 
recall@10 : 0.0902    recall@20 : 0.1288    recall@50 : 0.1893    ndcg@10 : 0.0512    ndcg@20 : 0.0613    ndcg@50 : 0.0738    
20 Oct 16:14    INFO  epoch 98 training [time: 2.13s, train loss: -1.0725]
20 Oct 16:14    INFO  epoch 98 evaluating [time: 9.20s, valid_score: 0.061200]
20 Oct 16:14    INFO  valid result: 
recall@10 : 0.0901    recall@20 : 0.1285    recall@50 : 0.19    ndcg@10 : 0.0512    ndcg@20 : 0.0612    ndcg@50 : 0.0739    
20 Oct 16:14    INFO  epoch 99 training [time: 2.03s, train loss: -1.0719]
20 Oct 16:14    INFO  epoch 99 evaluating [time: 9.12s, valid_score: 0.061600]
20 Oct 16:14    INFO  valid result: 
recall@10 : 0.0896    recall@20 : 0.1282    recall@50 : 0.1892    ndcg@10 : 0.0515    ndcg@20 : 0.0616    ndcg@50 : 0.0741    
20 Oct 16:14    INFO  epoch 100 training [time: 2.08s, train loss: -1.0731]
20 Oct 16:15    INFO  epoch 100 evaluating [time: 9.60s, valid_score: 0.061600]
20 Oct 16:15    INFO  valid result: 
recall@10 : 0.0906    recall@20 : 0.1285    recall@50 : 0.1902    ndcg@10 : 0.0516    ndcg@20 : 0.0616    ndcg@50 : 0.0743    
20 Oct 16:15    INFO  epoch 101 training [time: 2.09s, train loss: -1.0730]
20 Oct 16:15    INFO  epoch 101 evaluating [time: 9.06s, valid_score: 0.062000]
20 Oct 16:15    INFO  valid result: 
recall@10 : 0.0901    recall@20 : 0.1286    recall@50 : 0.1918    ndcg@10 : 0.0519    ndcg@20 : 0.062    ndcg@50 : 0.075    
20 Oct 16:15    INFO  Saving current best: saved/DirectAU-Oct-20-2023_15-55-53.pth
20 Oct 16:15    INFO  epoch 102 training [time: 2.02s, train loss: -1.0737]
20 Oct 16:15    INFO  epoch 102 evaluating [time: 9.35s, valid_score: 0.061600]
20 Oct 16:15    INFO  valid result: 
recall@10 : 0.0885    recall@20 : 0.1281    recall@50 : 0.1916    ndcg@10 : 0.0512    ndcg@20 : 0.0616    ndcg@50 : 0.0746    
20 Oct 16:15    INFO  epoch 103 training [time: 2.05s, train loss: -1.0748]
20 Oct 16:15    INFO  epoch 103 evaluating [time: 9.25s, valid_score: 0.062000]
20 Oct 16:15    INFO  valid result: 
recall@10 : 0.0905    recall@20 : 0.1288    recall@50 : 0.1914    ndcg@10 : 0.052    ndcg@20 : 0.062    ndcg@50 : 0.0749    
20 Oct 16:15    INFO  epoch 104 training [time: 2.07s, train loss: -1.0739]
20 Oct 16:15    INFO  epoch 104 evaluating [time: 9.33s, valid_score: 0.061900]
20 Oct 16:15    INFO  valid result: 
recall@10 : 0.0906    recall@20 : 0.1287    recall@50 : 0.19    ndcg@10 : 0.0519    ndcg@20 : 0.0619    ndcg@50 : 0.0745    
20 Oct 16:15    INFO  epoch 105 training [time: 2.05s, train loss: -1.0748]
20 Oct 16:16    INFO  epoch 105 evaluating [time: 8.95s, valid_score: 0.062000]
20 Oct 16:16    INFO  valid result: 
recall@10 : 0.0903    recall@20 : 0.1294    recall@50 : 0.19    ndcg@10 : 0.0518    ndcg@20 : 0.062    ndcg@50 : 0.0745    
20 Oct 16:16    INFO  epoch 106 training [time: 2.02s, train loss: -1.0757]
20 Oct 16:16    INFO  epoch 106 evaluating [time: 9.18s, valid_score: 0.062400]
20 Oct 16:16    INFO  valid result: 
recall@10 : 0.0915    recall@20 : 0.13    recall@50 : 0.19    ndcg@10 : 0.0524    ndcg@20 : 0.0624    ndcg@50 : 0.0747    
20 Oct 16:16    INFO  Saving current best: saved/DirectAU-Oct-20-2023_15-55-53.pth
20 Oct 16:16    INFO  epoch 107 training [time: 2.12s, train loss: -1.0747]
20 Oct 16:16    INFO  epoch 107 evaluating [time: 9.18s, valid_score: 0.061900]
20 Oct 16:16    INFO  valid result: 
recall@10 : 0.0901    recall@20 : 0.1286    recall@50 : 0.1917    ndcg@10 : 0.0518    ndcg@20 : 0.0619    ndcg@50 : 0.0749    
20 Oct 16:16    INFO  epoch 108 training [time: 1.98s, train loss: -1.0756]
20 Oct 16:16    INFO  epoch 108 evaluating [time: 9.36s, valid_score: 0.062300]
20 Oct 16:16    INFO  valid result: 
recall@10 : 0.0912    recall@20 : 0.1298    recall@50 : 0.1923    ndcg@10 : 0.0522    ndcg@20 : 0.0623    ndcg@50 : 0.0751    
20 Oct 16:16    INFO  epoch 109 training [time: 1.97s, train loss: -1.0756]
20 Oct 16:16    INFO  epoch 109 evaluating [time: 9.21s, valid_score: 0.062100]
20 Oct 16:16    INFO  valid result: 
recall@10 : 0.0911    recall@20 : 0.1295    recall@50 : 0.192    ndcg@10 : 0.0521    ndcg@20 : 0.0621    ndcg@50 : 0.075    
20 Oct 16:16    INFO  epoch 110 training [time: 2.10s, train loss: -1.0762]
20 Oct 16:16    INFO  epoch 110 evaluating [time: 9.17s, valid_score: 0.061900]
20 Oct 16:16    INFO  valid result: 
recall@10 : 0.0909    recall@20 : 0.1284    recall@50 : 0.1922    ndcg@10 : 0.0521    ndcg@20 : 0.0619    ndcg@50 : 0.075    
20 Oct 16:17    INFO  epoch 111 training [time: 2.08s, train loss: -1.0763]
20 Oct 16:17    INFO  epoch 111 evaluating [time: 9.31s, valid_score: 0.062300]
20 Oct 16:17    INFO  valid result: 
recall@10 : 0.0914    recall@20 : 0.1303    recall@50 : 0.1929    ndcg@10 : 0.0521    ndcg@20 : 0.0623    ndcg@50 : 0.0751    
20 Oct 16:17    INFO  epoch 112 training [time: 2.00s, train loss: -1.0760]
20 Oct 16:17    INFO  epoch 112 evaluating [time: 9.20s, valid_score: 0.062400]
20 Oct 16:17    INFO  valid result: 
recall@10 : 0.0918    recall@20 : 0.1302    recall@50 : 0.1932    ndcg@10 : 0.0524    ndcg@20 : 0.0624    ndcg@50 : 0.0754    
20 Oct 16:17    INFO  epoch 113 training [time: 2.09s, train loss: -1.0768]
20 Oct 16:17    INFO  epoch 113 evaluating [time: 9.62s, valid_score: 0.062700]
20 Oct 16:17    INFO  valid result: 
recall@10 : 0.0921    recall@20 : 0.131    recall@50 : 0.1932    ndcg@10 : 0.0526    ndcg@20 : 0.0627    ndcg@50 : 0.0755    
20 Oct 16:17    INFO  Saving current best: saved/DirectAU-Oct-20-2023_15-55-53.pth
20 Oct 16:17    INFO  epoch 114 training [time: 2.02s, train loss: -1.0774]
20 Oct 16:17    INFO  epoch 114 evaluating [time: 9.48s, valid_score: 0.062800]
20 Oct 16:17    INFO  valid result: 
recall@10 : 0.0914    recall@20 : 0.1308    recall@50 : 0.1941    ndcg@10 : 0.0524    ndcg@20 : 0.0628    ndcg@50 : 0.0757    
20 Oct 16:17    INFO  Saving current best: saved/DirectAU-Oct-20-2023_15-55-53.pth
20 Oct 16:17    INFO  epoch 115 training [time: 2.06s, train loss: -1.0774]
20 Oct 16:17    INFO  epoch 115 evaluating [time: 9.28s, valid_score: 0.062700]
20 Oct 16:17    INFO  valid result: 
recall@10 : 0.0917    recall@20 : 0.1306    recall@50 : 0.1937    ndcg@10 : 0.0526    ndcg@20 : 0.0627    ndcg@50 : 0.0757    
20 Oct 16:17    INFO  epoch 116 training [time: 2.06s, train loss: -1.0777]
20 Oct 16:18    INFO  epoch 116 evaluating [time: 9.12s, valid_score: 0.062500]
20 Oct 16:18    INFO  valid result: 
recall@10 : 0.0924    recall@20 : 0.1307    recall@50 : 0.1944    ndcg@10 : 0.0526    ndcg@20 : 0.0625    ndcg@50 : 0.0756    
20 Oct 16:18    INFO  epoch 117 training [time: 2.02s, train loss: -1.0767]
20 Oct 16:18    INFO  epoch 117 evaluating [time: 9.27s, valid_score: 0.062300]
20 Oct 16:18    INFO  valid result: 
recall@10 : 0.0919    recall@20 : 0.1295    recall@50 : 0.1946    ndcg@10 : 0.0525    ndcg@20 : 0.0623    ndcg@50 : 0.0756    
20 Oct 16:18    INFO  epoch 118 training [time: 2.09s, train loss: -1.0774]
20 Oct 16:18    INFO  epoch 118 evaluating [time: 9.11s, valid_score: 0.062600]
20 Oct 16:18    INFO  valid result: 
recall@10 : 0.0909    recall@20 : 0.1314    recall@50 : 0.1938    ndcg@10 : 0.0521    ndcg@20 : 0.0626    ndcg@50 : 0.0754    
20 Oct 16:18    INFO  epoch 119 training [time: 2.09s, train loss: -1.0776]
20 Oct 16:18    INFO  epoch 119 evaluating [time: 9.29s, valid_score: 0.062300]
20 Oct 16:18    INFO  valid result: 
recall@10 : 0.091    recall@20 : 0.13    recall@50 : 0.1951    ndcg@10 : 0.0522    ndcg@20 : 0.0623    ndcg@50 : 0.0757    
20 Oct 16:18    INFO  epoch 120 training [time: 1.99s, train loss: -1.0777]
20 Oct 16:18    INFO  epoch 120 evaluating [time: 9.19s, valid_score: 0.062800]
20 Oct 16:18    INFO  valid result: 
recall@10 : 0.0909    recall@20 : 0.1308    recall@50 : 0.1954    ndcg@10 : 0.0524    ndcg@20 : 0.0628    ndcg@50 : 0.0761    
20 Oct 16:18    INFO  epoch 121 training [time: 2.08s, train loss: -1.0783]
20 Oct 16:19    INFO  epoch 121 evaluating [time: 9.23s, valid_score: 0.062900]
20 Oct 16:19    INFO  valid result: 
recall@10 : 0.0917    recall@20 : 0.1314    recall@50 : 0.1944    ndcg@10 : 0.0526    ndcg@20 : 0.0629    ndcg@50 : 0.0758    
20 Oct 16:19    INFO  Saving current best: saved/DirectAU-Oct-20-2023_15-55-53.pth
20 Oct 16:19    INFO  epoch 122 training [time: 2.08s, train loss: -1.0788]
20 Oct 16:19    INFO  epoch 122 evaluating [time: 9.09s, valid_score: 0.062900]
20 Oct 16:19    INFO  valid result: 
recall@10 : 0.0922    recall@20 : 0.1314    recall@50 : 0.1938    ndcg@10 : 0.0527    ndcg@20 : 0.0629    ndcg@50 : 0.0757    
20 Oct 16:19    INFO  epoch 123 training [time: 2.08s, train loss: -1.0782]
20 Oct 16:19    INFO  epoch 123 evaluating [time: 9.09s, valid_score: 0.062900]
20 Oct 16:19    INFO  valid result: 
recall@10 : 0.092    recall@20 : 0.1317    recall@50 : 0.1942    ndcg@10 : 0.0525    ndcg@20 : 0.0629    ndcg@50 : 0.0757    
20 Oct 16:19    INFO  epoch 124 training [time: 1.98s, train loss: -1.0794]
20 Oct 16:19    INFO  epoch 124 evaluating [time: 9.20s, valid_score: 0.062900]
20 Oct 16:19    INFO  valid result: 
recall@10 : 0.0916    recall@20 : 0.1316    recall@50 : 0.1942    ndcg@10 : 0.0525    ndcg@20 : 0.0629    ndcg@50 : 0.0758    
20 Oct 16:19    INFO  epoch 125 training [time: 2.15s, train loss: -1.0786]
20 Oct 16:19    INFO  epoch 125 evaluating [time: 9.27s, valid_score: 0.063200]
20 Oct 16:19    INFO  valid result: 
recall@10 : 0.0919    recall@20 : 0.132    recall@50 : 0.1948    ndcg@10 : 0.0527    ndcg@20 : 0.0632    ndcg@50 : 0.0761    
20 Oct 16:19    INFO  Saving current best: saved/DirectAU-Oct-20-2023_15-55-53.pth
20 Oct 16:19    INFO  epoch 126 training [time: 2.00s, train loss: -1.0791]
20 Oct 16:20    INFO  epoch 126 evaluating [time: 9.27s, valid_score: 0.063200]
20 Oct 16:20    INFO  valid result: 
recall@10 : 0.0915    recall@20 : 0.1323    recall@50 : 0.1939    ndcg@10 : 0.0526    ndcg@20 : 0.0632    ndcg@50 : 0.0759    
20 Oct 16:20    INFO  epoch 127 training [time: 2.08s, train loss: -1.0794]
20 Oct 16:20    INFO  epoch 127 evaluating [time: 9.38s, valid_score: 0.063500]
20 Oct 16:20    INFO  valid result: 
recall@10 : 0.0915    recall@20 : 0.1317    recall@50 : 0.1953    ndcg@10 : 0.053    ndcg@20 : 0.0635    ndcg@50 : 0.0765    
20 Oct 16:20    INFO  Saving current best: saved/DirectAU-Oct-20-2023_15-55-53.pth
20 Oct 16:20    INFO  epoch 128 training [time: 2.07s, train loss: -1.0797]
20 Oct 16:20    INFO  epoch 128 evaluating [time: 9.42s, valid_score: 0.063000]
20 Oct 16:20    INFO  valid result: 
recall@10 : 0.0925    recall@20 : 0.1304    recall@50 : 0.1953    ndcg@10 : 0.053    ndcg@20 : 0.063    ndcg@50 : 0.0764    
20 Oct 16:20    INFO  epoch 129 training [time: 2.09s, train loss: -1.0801]
20 Oct 16:20    INFO  epoch 129 evaluating [time: 9.13s, valid_score: 0.063500]
20 Oct 16:20    INFO  valid result: 
recall@10 : 0.0917    recall@20 : 0.1323    recall@50 : 0.1961    ndcg@10 : 0.0528    ndcg@20 : 0.0635    ndcg@50 : 0.0765    
20 Oct 16:20    INFO  epoch 130 training [time: 2.11s, train loss: -1.0799]
20 Oct 16:20    INFO  epoch 130 evaluating [time: 9.33s, valid_score: 0.063600]
20 Oct 16:20    INFO  valid result: 
recall@10 : 0.0916    recall@20 : 0.1329    recall@50 : 0.1951    ndcg@10 : 0.0528    ndcg@20 : 0.0636    ndcg@50 : 0.0764    
20 Oct 16:20    INFO  Saving current best: saved/DirectAU-Oct-20-2023_15-55-53.pth
20 Oct 16:20    INFO  epoch 131 training [time: 2.09s, train loss: -1.0801]
20 Oct 16:20    INFO  epoch 131 evaluating [time: 9.43s, valid_score: 0.063600]
20 Oct 16:20    INFO  valid result: 
recall@10 : 0.0916    recall@20 : 0.1327    recall@50 : 0.1956    ndcg@10 : 0.0529    ndcg@20 : 0.0636    ndcg@50 : 0.0765    
20 Oct 16:21    INFO  epoch 132 training [time: 2.07s, train loss: -1.0806]
20 Oct 16:21    INFO  epoch 132 evaluating [time: 9.36s, valid_score: 0.063500]
20 Oct 16:21    INFO  valid result: 
recall@10 : 0.0918    recall@20 : 0.1326    recall@50 : 0.1952    ndcg@10 : 0.0528    ndcg@20 : 0.0635    ndcg@50 : 0.0763    
20 Oct 16:21    INFO  epoch 133 training [time: 2.00s, train loss: -1.0799]
20 Oct 16:21    INFO  epoch 133 evaluating [time: 9.10s, valid_score: 0.064000]
20 Oct 16:21    INFO  valid result: 
recall@10 : 0.093    recall@20 : 0.133    recall@50 : 0.196    ndcg@10 : 0.0535    ndcg@20 : 0.064    ndcg@50 : 0.0769    
20 Oct 16:21    INFO  Saving current best: saved/DirectAU-Oct-20-2023_15-55-53.pth
20 Oct 16:21    INFO  epoch 134 training [time: 2.08s, train loss: -1.0811]
20 Oct 16:21    INFO  epoch 134 evaluating [time: 9.21s, valid_score: 0.063900]
20 Oct 16:21    INFO  valid result: 
recall@10 : 0.0923    recall@20 : 0.133    recall@50 : 0.1963    ndcg@10 : 0.0533    ndcg@20 : 0.0639    ndcg@50 : 0.0769    
20 Oct 16:21    INFO  epoch 135 training [time: 1.94s, train loss: -1.0807]
20 Oct 16:21    INFO  epoch 135 evaluating [time: 9.10s, valid_score: 0.063700]
20 Oct 16:21    INFO  valid result: 
recall@10 : 0.0935    recall@20 : 0.1319    recall@50 : 0.1967    ndcg@10 : 0.0536    ndcg@20 : 0.0637    ndcg@50 : 0.0769    
20 Oct 16:21    INFO  epoch 136 training [time: 2.07s, train loss: -1.0814]
20 Oct 16:21    INFO  epoch 136 evaluating [time: 9.12s, valid_score: 0.063500]
20 Oct 16:21    INFO  valid result: 
recall@10 : 0.0918    recall@20 : 0.1323    recall@50 : 0.1963    ndcg@10 : 0.053    ndcg@20 : 0.0635    ndcg@50 : 0.0767    
20 Oct 16:21    INFO  epoch 137 training [time: 2.07s, train loss: -1.0805]
20 Oct 16:22    INFO  epoch 137 evaluating [time: 9.06s, valid_score: 0.063900]
20 Oct 16:22    INFO  valid result: 
recall@10 : 0.0935    recall@20 : 0.1325    recall@50 : 0.1963    ndcg@10 : 0.0537    ndcg@20 : 0.0639    ndcg@50 : 0.077    
20 Oct 16:22    INFO  epoch 138 training [time: 2.03s, train loss: -1.0805]
20 Oct 16:22    INFO  epoch 138 evaluating [time: 9.19s, valid_score: 0.064500]
20 Oct 16:22    INFO  valid result: 
recall@10 : 0.092    recall@20 : 0.1338    recall@50 : 0.1976    ndcg@10 : 0.0536    ndcg@20 : 0.0645    ndcg@50 : 0.0776    
20 Oct 16:22    INFO  Saving current best: saved/DirectAU-Oct-20-2023_15-55-53.pth
20 Oct 16:22    INFO  epoch 139 training [time: 2.04s, train loss: -1.0810]
20 Oct 16:22    INFO  epoch 139 evaluating [time: 9.09s, valid_score: 0.064000]
20 Oct 16:22    INFO  valid result: 
recall@10 : 0.0917    recall@20 : 0.1333    recall@50 : 0.1977    ndcg@10 : 0.0532    ndcg@20 : 0.064    ndcg@50 : 0.0773    
20 Oct 16:22    INFO  epoch 140 training [time: 2.07s, train loss: -1.0808]
20 Oct 16:22    INFO  epoch 140 evaluating [time: 9.23s, valid_score: 0.064200]
20 Oct 16:22    INFO  valid result: 
recall@10 : 0.0933    recall@20 : 0.1341    recall@50 : 0.1974    ndcg@10 : 0.0536    ndcg@20 : 0.0642    ndcg@50 : 0.0772    
20 Oct 16:22    INFO  epoch 141 training [time: 2.10s, train loss: -1.0815]
20 Oct 16:22    INFO  epoch 141 evaluating [time: 9.47s, valid_score: 0.064300]
20 Oct 16:22    INFO  valid result: 
recall@10 : 0.0938    recall@20 : 0.1338    recall@50 : 0.1982    ndcg@10 : 0.0539    ndcg@20 : 0.0643    ndcg@50 : 0.0775    
20 Oct 16:22    INFO  epoch 142 training [time: 2.08s, train loss: -1.0819]
20 Oct 16:23    INFO  epoch 142 evaluating [time: 9.10s, valid_score: 0.063900]
20 Oct 16:23    INFO  valid result: 
recall@10 : 0.0941    recall@20 : 0.1336    recall@50 : 0.1983    ndcg@10 : 0.0536    ndcg@20 : 0.0639    ndcg@50 : 0.0772    
20 Oct 16:23    INFO  epoch 143 training [time: 2.03s, train loss: -1.0819]
20 Oct 16:23    INFO  epoch 143 evaluating [time: 9.23s, valid_score: 0.064500]
20 Oct 16:23    INFO  valid result: 
recall@10 : 0.0939    recall@20 : 0.1344    recall@50 : 0.1988    ndcg@10 : 0.054    ndcg@20 : 0.0645    ndcg@50 : 0.0777    
20 Oct 16:23    INFO  epoch 144 training [time: 2.09s, train loss: -1.0821]
20 Oct 16:23    INFO  epoch 144 evaluating [time: 9.42s, valid_score: 0.064300]
20 Oct 16:23    INFO  valid result: 
recall@10 : 0.0945    recall@20 : 0.1336    recall@50 : 0.1981    ndcg@10 : 0.0541    ndcg@20 : 0.0643    ndcg@50 : 0.0776    
20 Oct 16:23    INFO  epoch 145 training [time: 2.08s, train loss: -1.0820]
20 Oct 16:23    INFO  epoch 145 evaluating [time: 9.34s, valid_score: 0.064500]
20 Oct 16:23    INFO  valid result: 
recall@10 : 0.0941    recall@20 : 0.1346    recall@50 : 0.1978    ndcg@10 : 0.0539    ndcg@20 : 0.0645    ndcg@50 : 0.0775    
20 Oct 16:23    INFO  epoch 146 training [time: 2.05s, train loss: -1.0821]
20 Oct 16:23    INFO  epoch 146 evaluating [time: 9.04s, valid_score: 0.064200]
20 Oct 16:23    INFO  valid result: 
recall@10 : 0.0942    recall@20 : 0.1338    recall@50 : 0.1984    ndcg@10 : 0.0538    ndcg@20 : 0.0642    ndcg@50 : 0.0774    
20 Oct 16:23    INFO  epoch 147 training [time: 1.88s, train loss: -1.0821]
20 Oct 16:23    INFO  epoch 147 evaluating [time: 9.33s, valid_score: 0.064200]
20 Oct 16:23    INFO  valid result: 
recall@10 : 0.0934    recall@20 : 0.1337    recall@50 : 0.1971    ndcg@10 : 0.0537    ndcg@20 : 0.0642    ndcg@50 : 0.0772    
20 Oct 16:24    INFO  epoch 148 training [time: 2.10s, train loss: -1.0822]
20 Oct 16:24    INFO  epoch 148 evaluating [time: 9.24s, valid_score: 0.064300]
20 Oct 16:24    INFO  valid result: 
recall@10 : 0.0943    recall@20 : 0.1335    recall@50 : 0.1965    ndcg@10 : 0.054    ndcg@20 : 0.0643    ndcg@50 : 0.0773    
20 Oct 16:24    INFO  epoch 149 training [time: 2.07s, train loss: -1.0827]
20 Oct 16:24    INFO  epoch 149 evaluating [time: 9.25s, valid_score: 0.064400]
20 Oct 16:24    INFO  valid result: 
recall@10 : 0.0942    recall@20 : 0.134    recall@50 : 0.1984    ndcg@10 : 0.054    ndcg@20 : 0.0644    ndcg@50 : 0.0776    
20 Oct 16:24    INFO  Finished training, best eval result in epoch 138
20 Oct 16:24    INFO  Loading model structure and parameters from saved/DirectAU-Oct-20-2023_15-55-53.pth
20 Oct 16:24    INFO  best valid : {'recall@10': 0.092, 'recall@20': 0.1338, 'recall@50': 0.1976, 'ndcg@10': 0.0536, 'ndcg@20': 0.0645, 'ndcg@50': 0.0776}
20 Oct 16:24    INFO  test result: {'recall@10': 0.0988, 'recall@20': 0.1368, 'recall@50': 0.2005, 'ndcg@10': 0.0573, 'ndcg@20': 0.0671, 'ndcg@50': 0.0803}
