command line args [--zc 0.8] will not be used in RecBole
20 Oct 15:54    INFO  
General Hyper Parameters:
gpu_id = 0
use_gpu = True
seed = 0
state = INFO
reproducibility = True
data_path = dataset/Beauty
show_progress = False

Training Hyper Parameters:
checkpoint_dir = saved
epochs = 500
train_batch_size = 256
learner = adam
learning_rate = 0.001
training_neg_sample_num = 0
training_neg_sample_distribution = uniform
eval_step = 1
stopping_step = 10
clip_grad_norm = None
weight_decay = 1e-06
draw_loss_pic = False
loss_decimal_place = 4

Evaluation Hyper Parameters:
eval_setting = RO_RS,full
group_by_user = True
split_ratio = [0.8, 0.1, 0.1]
leave_one_num = 2
real_time_process = False
metrics = ['Recall', 'NDCG']
topk = [10, 20, 50]
valid_metric = NDCG@20
eval_batch_size = 4096
metric_decimal_place = 4

Dataset Hyper Parameters:
field_separator = 	
seq_separator =  
USER_ID_FIELD = user_id
ITEM_ID_FIELD = item_id
RATING_FIELD = rating
TIME_FIELD = timestamp
seq_len = None
LABEL_FIELD = label
threshold = None
NEG_PREFIX = neg_
load_col = {'inter': ['user_id', 'item_id', 'timestamp']}
unload_col = None
unused_col = None
additional_feat_suffix = None
lowest_val = None
highest_val = None
equal_val = None
not_equal_val = None
max_user_inter_num = None
min_user_inter_num = 5
max_item_inter_num = None
min_item_inter_num = 5
fields_in_same_space = None
preload_weight = None
normalize_field = None
normalize_all = None
ITEM_LIST_LENGTH_FIELD = item_length
LIST_SUFFIX = _list
MAX_ITEM_LIST_LENGTH = 50
POSITION_FIELD = position_id
HEAD_ENTITY_ID_FIELD = head_id
TAIL_ENTITY_ID_FIELD = tail_id
RELATION_ID_FIELD = relation_id
ENTITY_ID_FIELD = entity_id

Other Hyper Parameters: 
valid_metric_bigger = True
BT = 0.1
bt = 0.001
embedding_size = 64
encoder = MF
gamma = 0.5
times = 1
witem = 0.1
wuser = 0.8
zc = 0.8
rm_dup_inter = None
filter_inter_by_user_or_item = True
SOURCE_ID_FIELD = source_id
TARGET_ID_FIELD = target_id
benchmark_filename = None
MODEL_TYPE = ModelType.GENERAL
MODEL_INPUT_TYPE = InputType.POINTWISE
eval_type = EvaluatorType.RANKING
device = cuda
train_neg_sample_args = {'strategy': 'none'}


20 Oct 15:54    INFO  Beauty
The number of users: 22364
Average actions of users: 8.876358270357287
The number of items: 12102
Average actions of items: 16.403768283612923
The number of inters: 198502
The sparsity of the dataset: 99.92665707018277%
Remain Fields: ['user_id', 'item_id', 'timestamp']
20 Oct 15:54    INFO  Build [GeneralDataLoader] for [train] with format [InputType.POINTWISE]
20 Oct 15:54    INFO  [train] No Negative Sampling
20 Oct 15:54    INFO  [train] batch_size = [256], shuffle = [True]

20 Oct 15:54    INFO  Build [GeneralFullDataLoader] for [evaluation] with format [InputType.POINTWISE]
20 Oct 15:54    INFO  Evaluation Setting:
	Group by user_id
	Ordering: {'strategy': 'shuffle'}
	Splitting: {'strategy': 'by_ratio', 'ratios': [0.8, 0.1, 0.1]}
	Negative Sampling: {'strategy': 'full', 'distribution': 'uniform'}
20 Oct 15:54    INFO  [evaluation] batch_size = [4096], shuffle = [False]

20 Oct 15:54    WARNING  Batch size is changed to 12102.
20 Oct 15:54    WARNING  Batch size is changed to 12102.
{'BT': 0.1, 'bt': 0.001, 'embedding_size': 64, 'encoder': 'MF', 'gamma': None, 'times': 1, 'training_neg_sample_num': 0, 'witem': 0.1, 'wuser': 0.8, 'zc': 0.8}
this is encoder MF...
这是directau 的 WUBT 版本...
20 Oct 15:54    INFO  DirectAU(
  (encoder): MFEncoder(
    (user_embedding): Embedding(22364, 64)
    (item_embedding): Embedding(12102, 64)
  )
  (bn): BatchNorm1d(64, eps=1e-05, momentum=0.1, affine=False, track_running_stats=True)
  (projector): Sequential(
    (0): Linear(in_features=64, out_features=64, bias=False)
    (1): BatchNorm1d(64, eps=1e-05, momentum=0.1, affine=True, track_running_stats=True)
    (2): ReLU(inplace=True)
    (3): Linear(in_features=64, out_features=64, bias=False)
    (4): BatchNorm1d(64, eps=1e-05, momentum=0.1, affine=True, track_running_stats=True)
    (5): ReLU(inplace=True)
    (6): Linear(in_features=64, out_features=64, bias=False)
  )
)
Trainable parameters: 2218368
20 Oct 15:54    INFO  epoch 0 training [time: 2.14s, train loss: 0.0838]
20 Oct 15:54    INFO  epoch 0 evaluating [time: 9.51s, valid_score: 0.011600]
20 Oct 15:54    INFO  valid result: 
recall@10 : 0.0157    recall@20 : 0.0259    recall@50 : 0.0426    ndcg@10 : 0.0089    ndcg@20 : 0.0116    ndcg@50 : 0.0153    
20 Oct 15:54    INFO  Saving current best: saved/DirectAU-Oct-20-2023_15-54-35.pth
20 Oct 15:54    INFO  epoch 1 training [time: 2.14s, train loss: -0.3987]
20 Oct 15:54    INFO  epoch 1 evaluating [time: 9.34s, valid_score: 0.017200]
20 Oct 15:54    INFO  valid result: 
recall@10 : 0.0239    recall@20 : 0.0371    recall@50 : 0.0621    ndcg@10 : 0.0136    ndcg@20 : 0.0172    ndcg@50 : 0.0225    
20 Oct 15:54    INFO  Saving current best: saved/DirectAU-Oct-20-2023_15-54-35.pth
20 Oct 15:55    INFO  epoch 2 training [time: 2.09s, train loss: -0.5410]
20 Oct 15:55    INFO  epoch 2 evaluating [time: 10.55s, valid_score: 0.020400]
20 Oct 15:55    INFO  valid result: 
recall@10 : 0.0284    recall@20 : 0.0443    recall@50 : 0.0732    ndcg@10 : 0.0162    ndcg@20 : 0.0204    ndcg@50 : 0.0266    
20 Oct 15:55    INFO  Saving current best: saved/DirectAU-Oct-20-2023_15-54-35.pth
20 Oct 15:55    INFO  epoch 3 training [time: 2.15s, train loss: -0.6134]
20 Oct 15:55    INFO  epoch 3 evaluating [time: 11.32s, valid_score: 0.023300]
20 Oct 15:55    INFO  valid result: 
recall@10 : 0.0324    recall@20 : 0.0499    recall@50 : 0.0818    ndcg@10 : 0.0186    ndcg@20 : 0.0233    ndcg@50 : 0.03    
20 Oct 15:55    INFO  Saving current best: saved/DirectAU-Oct-20-2023_15-54-35.pth
20 Oct 15:55    INFO  epoch 4 training [time: 2.10s, train loss: -0.6599]
20 Oct 15:55    INFO  epoch 4 evaluating [time: 9.56s, valid_score: 0.025400]
20 Oct 15:55    INFO  valid result: 
recall@10 : 0.0359    recall@20 : 0.0555    recall@50 : 0.0888    ndcg@10 : 0.0201    ndcg@20 : 0.0254    ndcg@50 : 0.0323    
20 Oct 15:55    INFO  Saving current best: saved/DirectAU-Oct-20-2023_15-54-35.pth
20 Oct 15:55    INFO  epoch 5 training [time: 2.14s, train loss: -0.6951]
20 Oct 15:55    INFO  epoch 5 evaluating [time: 13.90s, valid_score: 0.026900]
20 Oct 15:55    INFO  valid result: 
recall@10 : 0.0377    recall@20 : 0.0587    recall@50 : 0.0943    ndcg@10 : 0.0213    ndcg@20 : 0.0269    ndcg@50 : 0.0343    
20 Oct 15:55    INFO  Saving current best: saved/DirectAU-Oct-20-2023_15-54-35.pth
20 Oct 15:55    INFO  epoch 6 training [time: 2.04s, train loss: -0.7219]
20 Oct 15:56    INFO  epoch 6 evaluating [time: 10.90s, valid_score: 0.028300]
20 Oct 15:56    INFO  valid result: 
recall@10 : 0.0398    recall@20 : 0.0614    recall@50 : 0.0985    ndcg@10 : 0.0225    ndcg@20 : 0.0283    ndcg@50 : 0.0361    
20 Oct 15:56    INFO  Saving current best: saved/DirectAU-Oct-20-2023_15-54-35.pth
20 Oct 15:56    INFO  epoch 7 training [time: 1.93s, train loss: -0.7448]
20 Oct 15:56    INFO  epoch 7 evaluating [time: 10.36s, valid_score: 0.030200]
20 Oct 15:56    INFO  valid result: 
recall@10 : 0.0426    recall@20 : 0.0645    recall@50 : 0.1038    ndcg@10 : 0.0243    ndcg@20 : 0.0302    ndcg@50 : 0.0383    
20 Oct 15:56    INFO  Saving current best: saved/DirectAU-Oct-20-2023_15-54-35.pth
20 Oct 15:56    INFO  epoch 8 training [time: 1.99s, train loss: -0.7658]
20 Oct 15:56    INFO  epoch 8 evaluating [time: 11.34s, valid_score: 0.031000]
20 Oct 15:56    INFO  valid result: 
recall@10 : 0.0444    recall@20 : 0.0671    recall@50 : 0.1062    ndcg@10 : 0.025    ndcg@20 : 0.031    ndcg@50 : 0.0392    
20 Oct 15:56    INFO  Saving current best: saved/DirectAU-Oct-20-2023_15-54-35.pth
20 Oct 15:56    INFO  epoch 9 training [time: 2.06s, train loss: -0.7840]
20 Oct 15:56    INFO  epoch 9 evaluating [time: 11.51s, valid_score: 0.032100]
20 Oct 15:56    INFO  valid result: 
recall@10 : 0.0456    recall@20 : 0.069    recall@50 : 0.1117    ndcg@10 : 0.0259    ndcg@20 : 0.0321    ndcg@50 : 0.0409    
20 Oct 15:56    INFO  Saving current best: saved/DirectAU-Oct-20-2023_15-54-35.pth
20 Oct 15:56    INFO  epoch 10 training [time: 2.11s, train loss: -0.7996]
20 Oct 15:57    INFO  epoch 10 evaluating [time: 9.29s, valid_score: 0.033800]
20 Oct 15:57    INFO  valid result: 
recall@10 : 0.0477    recall@20 : 0.0727    recall@50 : 0.1155    ndcg@10 : 0.0272    ndcg@20 : 0.0338    ndcg@50 : 0.0426    
20 Oct 15:57    INFO  Saving current best: saved/DirectAU-Oct-20-2023_15-54-35.pth
20 Oct 15:57    INFO  epoch 11 training [time: 2.10s, train loss: -0.8151]
20 Oct 15:57    INFO  epoch 11 evaluating [time: 9.50s, valid_score: 0.035000]
20 Oct 15:57    INFO  valid result: 
recall@10 : 0.05    recall@20 : 0.0756    recall@50 : 0.1172    ndcg@10 : 0.0282    ndcg@20 : 0.035    ndcg@50 : 0.0436    
20 Oct 15:57    INFO  Saving current best: saved/DirectAU-Oct-20-2023_15-54-35.pth
20 Oct 15:57    INFO  epoch 12 training [time: 2.09s, train loss: -0.8287]
20 Oct 15:57    INFO  epoch 12 evaluating [time: 9.34s, valid_score: 0.035500]
20 Oct 15:57    INFO  valid result: 
recall@10 : 0.0499    recall@20 : 0.0765    recall@50 : 0.1194    ndcg@10 : 0.0285    ndcg@20 : 0.0355    ndcg@50 : 0.0444    
20 Oct 15:57    INFO  Saving current best: saved/DirectAU-Oct-20-2023_15-54-35.pth
20 Oct 15:57    INFO  epoch 13 training [time: 2.06s, train loss: -0.8423]
20 Oct 15:57    INFO  epoch 13 evaluating [time: 9.41s, valid_score: 0.036700]
20 Oct 15:57    INFO  valid result: 
recall@10 : 0.0535    recall@20 : 0.0788    recall@50 : 0.1221    ndcg@10 : 0.03    ndcg@20 : 0.0367    ndcg@50 : 0.0456    
20 Oct 15:57    INFO  Saving current best: saved/DirectAU-Oct-20-2023_15-54-35.pth
20 Oct 15:57    INFO  epoch 14 training [time: 2.02s, train loss: -0.8533]
20 Oct 15:57    INFO  epoch 14 evaluating [time: 9.34s, valid_score: 0.037400]
20 Oct 15:57    INFO  valid result: 
recall@10 : 0.054    recall@20 : 0.08    recall@50 : 0.1252    ndcg@10 : 0.0305    ndcg@20 : 0.0374    ndcg@50 : 0.0467    
20 Oct 15:57    INFO  Saving current best: saved/DirectAU-Oct-20-2023_15-54-35.pth
20 Oct 15:57    INFO  epoch 15 training [time: 2.15s, train loss: -0.8658]
20 Oct 15:57    INFO  epoch 15 evaluating [time: 9.31s, valid_score: 0.038500]
20 Oct 15:57    INFO  valid result: 
recall@10 : 0.0548    recall@20 : 0.0821    recall@50 : 0.1275    ndcg@10 : 0.0313    ndcg@20 : 0.0385    ndcg@50 : 0.0479    
20 Oct 15:57    INFO  Saving current best: saved/DirectAU-Oct-20-2023_15-54-35.pth
20 Oct 15:58    INFO  epoch 16 training [time: 1.85s, train loss: -0.8761]
20 Oct 15:58    INFO  epoch 16 evaluating [time: 9.17s, valid_score: 0.039300]
20 Oct 15:58    INFO  valid result: 
recall@10 : 0.0575    recall@20 : 0.0842    recall@50 : 0.129    ndcg@10 : 0.0322    ndcg@20 : 0.0393    ndcg@50 : 0.0485    
20 Oct 15:58    INFO  Saving current best: saved/DirectAU-Oct-20-2023_15-54-35.pth
20 Oct 15:58    INFO  epoch 17 training [time: 2.06s, train loss: -0.8870]
20 Oct 15:58    INFO  epoch 17 evaluating [time: 9.48s, valid_score: 0.040000]
20 Oct 15:58    INFO  valid result: 
recall@10 : 0.0584    recall@20 : 0.0851    recall@50 : 0.1317    ndcg@10 : 0.0329    ndcg@20 : 0.04    ndcg@50 : 0.0496    
20 Oct 15:58    INFO  Saving current best: saved/DirectAU-Oct-20-2023_15-54-35.pth
20 Oct 15:58    INFO  epoch 18 training [time: 2.19s, train loss: -0.8972]
20 Oct 15:58    INFO  epoch 18 evaluating [time: 9.18s, valid_score: 0.041000]
20 Oct 15:58    INFO  valid result: 
recall@10 : 0.06    recall@20 : 0.0873    recall@50 : 0.1337    ndcg@10 : 0.0338    ndcg@20 : 0.041    ndcg@50 : 0.0507    
20 Oct 15:58    INFO  Saving current best: saved/DirectAU-Oct-20-2023_15-54-35.pth
20 Oct 15:58    INFO  epoch 19 training [time: 2.18s, train loss: -0.9062]
20 Oct 15:58    INFO  epoch 19 evaluating [time: 11.56s, valid_score: 0.041800]
20 Oct 15:58    INFO  valid result: 
recall@10 : 0.0606    recall@20 : 0.0896    recall@50 : 0.1364    ndcg@10 : 0.0341    ndcg@20 : 0.0418    ndcg@50 : 0.0515    
20 Oct 15:58    INFO  Saving current best: saved/DirectAU-Oct-20-2023_15-54-35.pth
20 Oct 15:58    INFO  epoch 20 training [time: 2.14s, train loss: -0.9159]
20 Oct 15:58    INFO  epoch 20 evaluating [time: 9.41s, valid_score: 0.041700]
20 Oct 15:58    INFO  valid result: 
recall@10 : 0.0615    recall@20 : 0.0884    recall@50 : 0.1387    ndcg@10 : 0.0345    ndcg@20 : 0.0417    ndcg@50 : 0.052    
20 Oct 15:59    INFO  epoch 21 training [time: 1.87s, train loss: -0.9241]
20 Oct 15:59    INFO  epoch 21 evaluating [time: 9.23s, valid_score: 0.042700]
20 Oct 15:59    INFO  valid result: 
recall@10 : 0.0632    recall@20 : 0.09    recall@50 : 0.1396    ndcg@10 : 0.0356    ndcg@20 : 0.0427    ndcg@50 : 0.0529    
20 Oct 15:59    INFO  Saving current best: saved/DirectAU-Oct-20-2023_15-54-35.pth
20 Oct 15:59    INFO  epoch 22 training [time: 2.14s, train loss: -0.9330]
20 Oct 15:59    INFO  epoch 22 evaluating [time: 9.52s, valid_score: 0.043100]
20 Oct 15:59    INFO  valid result: 
recall@10 : 0.0633    recall@20 : 0.0909    recall@50 : 0.1404    ndcg@10 : 0.0358    ndcg@20 : 0.0431    ndcg@50 : 0.0533    
20 Oct 15:59    INFO  Saving current best: saved/DirectAU-Oct-20-2023_15-54-35.pth
20 Oct 15:59    INFO  epoch 23 training [time: 1.80s, train loss: -0.9401]
20 Oct 15:59    INFO  epoch 23 evaluating [time: 9.40s, valid_score: 0.043800]
20 Oct 15:59    INFO  valid result: 
recall@10 : 0.0642    recall@20 : 0.0926    recall@50 : 0.143    ndcg@10 : 0.0363    ndcg@20 : 0.0438    ndcg@50 : 0.0542    
20 Oct 15:59    INFO  Saving current best: saved/DirectAU-Oct-20-2023_15-54-35.pth
20 Oct 15:59    INFO  epoch 24 training [time: 2.08s, train loss: -0.9480]
20 Oct 15:59    INFO  epoch 24 evaluating [time: 11.69s, valid_score: 0.044700]
20 Oct 15:59    INFO  valid result: 
recall@10 : 0.066    recall@20 : 0.095    recall@50 : 0.1452    ndcg@10 : 0.0371    ndcg@20 : 0.0447    ndcg@50 : 0.0551    
20 Oct 15:59    INFO  Saving current best: saved/DirectAU-Oct-20-2023_15-54-35.pth
20 Oct 15:59    INFO  epoch 25 training [time: 2.14s, train loss: -0.9560]
20 Oct 15:59    INFO  epoch 25 evaluating [time: 9.31s, valid_score: 0.045500]
20 Oct 15:59    INFO  valid result: 
recall@10 : 0.067    recall@20 : 0.0961    recall@50 : 0.1478    ndcg@10 : 0.0378    ndcg@20 : 0.0455    ndcg@50 : 0.0561    
20 Oct 15:59    INFO  Saving current best: saved/DirectAU-Oct-20-2023_15-54-35.pth
20 Oct 16:00    INFO  epoch 26 training [time: 2.13s, train loss: -0.9628]
20 Oct 16:00    INFO  epoch 26 evaluating [time: 9.43s, valid_score: 0.045900]
20 Oct 16:00    INFO  valid result: 
recall@10 : 0.0676    recall@20 : 0.097    recall@50 : 0.1492    ndcg@10 : 0.0381    ndcg@20 : 0.0459    ndcg@50 : 0.0566    
20 Oct 16:00    INFO  Saving current best: saved/DirectAU-Oct-20-2023_15-54-35.pth
20 Oct 16:00    INFO  epoch 27 training [time: 1.81s, train loss: -0.9692]
20 Oct 16:00    INFO  epoch 27 evaluating [time: 9.31s, valid_score: 0.046300]
20 Oct 16:00    INFO  valid result: 
recall@10 : 0.068    recall@20 : 0.0994    recall@50 : 0.1527    ndcg@10 : 0.0381    ndcg@20 : 0.0463    ndcg@50 : 0.0573    
20 Oct 16:00    INFO  Saving current best: saved/DirectAU-Oct-20-2023_15-54-35.pth
20 Oct 16:00    INFO  epoch 28 training [time: 2.07s, train loss: -0.9760]
20 Oct 16:00    INFO  epoch 28 evaluating [time: 9.51s, valid_score: 0.047000]
20 Oct 16:00    INFO  valid result: 
recall@10 : 0.0688    recall@20 : 0.0999    recall@50 : 0.1527    ndcg@10 : 0.0387    ndcg@20 : 0.047    ndcg@50 : 0.0579    
20 Oct 16:00    INFO  Saving current best: saved/DirectAU-Oct-20-2023_15-54-35.pth
20 Oct 16:00    INFO  epoch 29 training [time: 2.04s, train loss: -0.9818]
20 Oct 16:00    INFO  epoch 29 evaluating [time: 9.41s, valid_score: 0.047600]
20 Oct 16:00    INFO  valid result: 
recall@10 : 0.0696    recall@20 : 0.1008    recall@50 : 0.1546    ndcg@10 : 0.0394    ndcg@20 : 0.0476    ndcg@50 : 0.0587    
20 Oct 16:00    INFO  Saving current best: saved/DirectAU-Oct-20-2023_15-54-35.pth
20 Oct 16:00    INFO  epoch 30 training [time: 2.06s, train loss: -0.9876]
20 Oct 16:00    INFO  epoch 30 evaluating [time: 9.42s, valid_score: 0.048200]
20 Oct 16:00    INFO  valid result: 
recall@10 : 0.0695    recall@20 : 0.1019    recall@50 : 0.1557    ndcg@10 : 0.0397    ndcg@20 : 0.0482    ndcg@50 : 0.0593    
20 Oct 16:00    INFO  Saving current best: saved/DirectAU-Oct-20-2023_15-54-35.pth
20 Oct 16:00    INFO  epoch 31 training [time: 2.09s, train loss: -0.9931]
20 Oct 16:01    INFO  epoch 31 evaluating [time: 9.32s, valid_score: 0.048400]
20 Oct 16:01    INFO  valid result: 
recall@10 : 0.0713    recall@20 : 0.1025    recall@50 : 0.1571    ndcg@10 : 0.0402    ndcg@20 : 0.0484    ndcg@50 : 0.0596    
20 Oct 16:01    INFO  Saving current best: saved/DirectAU-Oct-20-2023_15-54-35.pth
20 Oct 16:01    INFO  epoch 32 training [time: 2.06s, train loss: -0.9990]
20 Oct 16:01    INFO  epoch 32 evaluating [time: 9.51s, valid_score: 0.048700]
20 Oct 16:01    INFO  valid result: 
recall@10 : 0.0713    recall@20 : 0.1035    recall@50 : 0.1588    ndcg@10 : 0.0403    ndcg@20 : 0.0487    ndcg@50 : 0.0601    
20 Oct 16:01    INFO  Saving current best: saved/DirectAU-Oct-20-2023_15-54-35.pth
20 Oct 16:01    INFO  epoch 33 training [time: 2.11s, train loss: -1.0040]
20 Oct 16:01    INFO  epoch 33 evaluating [time: 9.37s, valid_score: 0.050200]
20 Oct 16:01    INFO  valid result: 
recall@10 : 0.0722    recall@20 : 0.1051    recall@50 : 0.1597    ndcg@10 : 0.0416    ndcg@20 : 0.0502    ndcg@50 : 0.0614    
20 Oct 16:01    INFO  Saving current best: saved/DirectAU-Oct-20-2023_15-54-35.pth
20 Oct 16:01    INFO  epoch 34 training [time: 1.95s, train loss: -1.0088]
20 Oct 16:01    INFO  epoch 34 evaluating [time: 9.32s, valid_score: 0.050500]
20 Oct 16:01    INFO  valid result: 
recall@10 : 0.0737    recall@20 : 0.1067    recall@50 : 0.1625    ndcg@10 : 0.0418    ndcg@20 : 0.0505    ndcg@50 : 0.062    
20 Oct 16:01    INFO  Saving current best: saved/DirectAU-Oct-20-2023_15-54-35.pth
20 Oct 16:01    INFO  epoch 35 training [time: 2.10s, train loss: -1.0137]
20 Oct 16:01    INFO  epoch 35 evaluating [time: 9.23s, valid_score: 0.050800]
20 Oct 16:01    INFO  valid result: 
recall@10 : 0.0743    recall@20 : 0.1075    recall@50 : 0.1635    ndcg@10 : 0.0421    ndcg@20 : 0.0508    ndcg@50 : 0.0623    
20 Oct 16:01    INFO  Saving current best: saved/DirectAU-Oct-20-2023_15-54-35.pth
20 Oct 16:01    INFO  epoch 36 training [time: 2.07s, train loss: -1.0184]
20 Oct 16:02    INFO  epoch 36 evaluating [time: 9.33s, valid_score: 0.051100]
20 Oct 16:02    INFO  valid result: 
recall@10 : 0.0756    recall@20 : 0.1082    recall@50 : 0.1648    ndcg@10 : 0.0426    ndcg@20 : 0.0511    ndcg@50 : 0.0627    
20 Oct 16:02    INFO  Saving current best: saved/DirectAU-Oct-20-2023_15-54-35.pth
20 Oct 16:02    INFO  epoch 37 training [time: 2.05s, train loss: -1.0229]
20 Oct 16:02    INFO  epoch 37 evaluating [time: 9.18s, valid_score: 0.051400]
20 Oct 16:02    INFO  valid result: 
recall@10 : 0.0764    recall@20 : 0.1084    recall@50 : 0.1649    ndcg@10 : 0.0431    ndcg@20 : 0.0514    ndcg@50 : 0.063    
20 Oct 16:02    INFO  Saving current best: saved/DirectAU-Oct-20-2023_15-54-35.pth
20 Oct 16:02    INFO  epoch 38 training [time: 2.17s, train loss: -1.0265]
20 Oct 16:02    INFO  epoch 38 evaluating [time: 9.27s, valid_score: 0.052500]
20 Oct 16:02    INFO  valid result: 
recall@10 : 0.0763    recall@20 : 0.1099    recall@50 : 0.165    ndcg@10 : 0.0437    ndcg@20 : 0.0525    ndcg@50 : 0.0639    
20 Oct 16:02    INFO  Saving current best: saved/DirectAU-Oct-20-2023_15-54-35.pth
20 Oct 16:02    INFO  epoch 39 training [time: 2.28s, train loss: -1.0312]
20 Oct 16:02    INFO  epoch 39 evaluating [time: 11.39s, valid_score: 0.052300]
20 Oct 16:02    INFO  valid result: 
recall@10 : 0.0768    recall@20 : 0.1108    recall@50 : 0.167    ndcg@10 : 0.0434    ndcg@20 : 0.0523    ndcg@50 : 0.0639    
20 Oct 16:02    INFO  epoch 40 training [time: 2.32s, train loss: -1.0347]
20 Oct 16:02    INFO  epoch 40 evaluating [time: 9.27s, valid_score: 0.052800]
20 Oct 16:02    INFO  valid result: 
recall@10 : 0.0777    recall@20 : 0.1113    recall@50 : 0.1683    ndcg@10 : 0.044    ndcg@20 : 0.0528    ndcg@50 : 0.0646    
20 Oct 16:02    INFO  Saving current best: saved/DirectAU-Oct-20-2023_15-54-35.pth
20 Oct 16:02    INFO  epoch 41 training [time: 2.15s, train loss: -1.0383]
20 Oct 16:03    INFO  epoch 41 evaluating [time: 9.35s, valid_score: 0.053400]
20 Oct 16:03    INFO  valid result: 
recall@10 : 0.0784    recall@20 : 0.1121    recall@50 : 0.1697    ndcg@10 : 0.0445    ndcg@20 : 0.0534    ndcg@50 : 0.0652    
20 Oct 16:03    INFO  Saving current best: saved/DirectAU-Oct-20-2023_15-54-35.pth
20 Oct 16:03    INFO  epoch 42 training [time: 2.35s, train loss: -1.0423]
20 Oct 16:03    INFO  epoch 42 evaluating [time: 9.15s, valid_score: 0.053900]
20 Oct 16:03    INFO  valid result: 
recall@10 : 0.0795    recall@20 : 0.1136    recall@50 : 0.1704    ndcg@10 : 0.045    ndcg@20 : 0.0539    ndcg@50 : 0.0656    
20 Oct 16:03    INFO  Saving current best: saved/DirectAU-Oct-20-2023_15-54-35.pth
20 Oct 16:03    INFO  epoch 43 training [time: 2.12s, train loss: -1.0456]
20 Oct 16:03    INFO  epoch 43 evaluating [time: 9.13s, valid_score: 0.054100]
20 Oct 16:03    INFO  valid result: 
recall@10 : 0.0787    recall@20 : 0.1137    recall@50 : 0.1709    ndcg@10 : 0.045    ndcg@20 : 0.0541    ndcg@50 : 0.0659    
20 Oct 16:03    INFO  Saving current best: saved/DirectAU-Oct-20-2023_15-54-35.pth
20 Oct 16:03    INFO  epoch 44 training [time: 2.04s, train loss: -1.0490]
20 Oct 16:03    INFO  epoch 44 evaluating [time: 9.22s, valid_score: 0.054400]
20 Oct 16:03    INFO  valid result: 
recall@10 : 0.0802    recall@20 : 0.1145    recall@50 : 0.1718    ndcg@10 : 0.0455    ndcg@20 : 0.0544    ndcg@50 : 0.0662    
20 Oct 16:03    INFO  Saving current best: saved/DirectAU-Oct-20-2023_15-54-35.pth
20 Oct 16:03    INFO  epoch 45 training [time: 2.20s, train loss: -1.0522]
20 Oct 16:03    INFO  epoch 45 evaluating [time: 9.31s, valid_score: 0.054500]
20 Oct 16:03    INFO  valid result: 
recall@10 : 0.0793    recall@20 : 0.1151    recall@50 : 0.1729    ndcg@10 : 0.0451    ndcg@20 : 0.0545    ndcg@50 : 0.0664    
20 Oct 16:03    INFO  Saving current best: saved/DirectAU-Oct-20-2023_15-54-35.pth
20 Oct 16:03    INFO  epoch 46 training [time: 2.21s, train loss: -1.0553]
20 Oct 16:04    INFO  epoch 46 evaluating [time: 10.42s, valid_score: 0.055200]
20 Oct 16:04    INFO  valid result: 
recall@10 : 0.0794    recall@20 : 0.116    recall@50 : 0.1734    ndcg@10 : 0.0456    ndcg@20 : 0.0552    ndcg@50 : 0.067    
20 Oct 16:04    INFO  Saving current best: saved/DirectAU-Oct-20-2023_15-54-35.pth
20 Oct 16:04    INFO  epoch 47 training [time: 2.18s, train loss: -1.0580]
20 Oct 16:04    INFO  epoch 47 evaluating [time: 9.50s, valid_score: 0.055200]
20 Oct 16:04    INFO  valid result: 
recall@10 : 0.0804    recall@20 : 0.1159    recall@50 : 0.1754    ndcg@10 : 0.0459    ndcg@20 : 0.0552    ndcg@50 : 0.0674    
20 Oct 16:04    INFO  epoch 48 training [time: 2.06s, train loss: -1.0608]
20 Oct 16:04    INFO  epoch 48 evaluating [time: 9.31s, valid_score: 0.055600]
20 Oct 16:04    INFO  valid result: 
recall@10 : 0.0809    recall@20 : 0.1167    recall@50 : 0.1755    ndcg@10 : 0.0463    ndcg@20 : 0.0556    ndcg@50 : 0.0677    
20 Oct 16:04    INFO  Saving current best: saved/DirectAU-Oct-20-2023_15-54-35.pth
20 Oct 16:04    INFO  epoch 49 training [time: 2.07s, train loss: -1.0634]
20 Oct 16:04    INFO  epoch 49 evaluating [time: 9.60s, valid_score: 0.056300]
20 Oct 16:04    INFO  valid result: 
recall@10 : 0.0818    recall@20 : 0.1185    recall@50 : 0.1772    ndcg@10 : 0.0467    ndcg@20 : 0.0563    ndcg@50 : 0.0683    
20 Oct 16:04    INFO  Saving current best: saved/DirectAU-Oct-20-2023_15-54-35.pth
20 Oct 16:04    INFO  epoch 50 training [time: 2.05s, train loss: -1.0658]
20 Oct 16:04    INFO  epoch 50 evaluating [time: 9.28s, valid_score: 0.056300]
20 Oct 16:04    INFO  valid result: 
recall@10 : 0.082    recall@20 : 0.118    recall@50 : 0.1778    ndcg@10 : 0.0468    ndcg@20 : 0.0563    ndcg@50 : 0.0685    
20 Oct 16:04    INFO  epoch 51 training [time: 2.06s, train loss: -1.0679]
20 Oct 16:05    INFO  epoch 51 evaluating [time: 9.42s, valid_score: 0.057000]
20 Oct 16:05    INFO  valid result: 
recall@10 : 0.0821    recall@20 : 0.1186    recall@50 : 0.1791    ndcg@10 : 0.0474    ndcg@20 : 0.057    ndcg@50 : 0.0694    
20 Oct 16:05    INFO  Saving current best: saved/DirectAU-Oct-20-2023_15-54-35.pth
20 Oct 16:05    INFO  epoch 52 training [time: 2.18s, train loss: -1.0702]
20 Oct 16:05    INFO  epoch 52 evaluating [time: 9.32s, valid_score: 0.057100]
20 Oct 16:05    INFO  valid result: 
recall@10 : 0.0832    recall@20 : 0.1191    recall@50 : 0.1789    ndcg@10 : 0.0477    ndcg@20 : 0.0571    ndcg@50 : 0.0694    
20 Oct 16:05    INFO  Saving current best: saved/DirectAU-Oct-20-2023_15-54-35.pth
20 Oct 16:05    INFO  epoch 53 training [time: 2.20s, train loss: -1.0726]
20 Oct 16:05    INFO  epoch 53 evaluating [time: 9.44s, valid_score: 0.057300]
20 Oct 16:05    INFO  valid result: 
recall@10 : 0.0838    recall@20 : 0.1202    recall@50 : 0.1791    ndcg@10 : 0.0478    ndcg@20 : 0.0573    ndcg@50 : 0.0694    
20 Oct 16:05    INFO  Saving current best: saved/DirectAU-Oct-20-2023_15-54-35.pth
20 Oct 16:05    INFO  epoch 54 training [time: 2.14s, train loss: -1.0751]
20 Oct 16:05    INFO  epoch 54 evaluating [time: 9.25s, valid_score: 0.057700]
20 Oct 16:05    INFO  valid result: 
recall@10 : 0.0841    recall@20 : 0.1206    recall@50 : 0.1808    ndcg@10 : 0.0481    ndcg@20 : 0.0577    ndcg@50 : 0.07    
20 Oct 16:05    INFO  Saving current best: saved/DirectAU-Oct-20-2023_15-54-35.pth
20 Oct 16:05    INFO  epoch 55 training [time: 2.11s, train loss: -1.0773]
20 Oct 16:05    INFO  epoch 55 evaluating [time: 9.20s, valid_score: 0.057300]
20 Oct 16:05    INFO  valid result: 
recall@10 : 0.0846    recall@20 : 0.1206    recall@50 : 0.1807    ndcg@10 : 0.0479    ndcg@20 : 0.0573    ndcg@50 : 0.0697    
20 Oct 16:05    INFO  epoch 56 training [time: 2.45s, train loss: -1.0785]
20 Oct 16:05    INFO  epoch 56 evaluating [time: 9.31s, valid_score: 0.057800]
20 Oct 16:05    INFO  valid result: 
recall@10 : 0.0847    recall@20 : 0.1216    recall@50 : 0.1811    ndcg@10 : 0.0482    ndcg@20 : 0.0578    ndcg@50 : 0.0701    
20 Oct 16:05    INFO  Saving current best: saved/DirectAU-Oct-20-2023_15-54-35.pth
20 Oct 16:06    INFO  epoch 57 training [time: 2.32s, train loss: -1.0810]
20 Oct 16:06    INFO  epoch 57 evaluating [time: 9.15s, valid_score: 0.058300]
20 Oct 16:06    INFO  valid result: 
recall@10 : 0.0845    recall@20 : 0.1227    recall@50 : 0.1813    ndcg@10 : 0.0484    ndcg@20 : 0.0583    ndcg@50 : 0.0704    
20 Oct 16:06    INFO  Saving current best: saved/DirectAU-Oct-20-2023_15-54-35.pth
20 Oct 16:06    INFO  epoch 58 training [time: 2.04s, train loss: -1.0826]
20 Oct 16:06    INFO  epoch 58 evaluating [time: 9.26s, valid_score: 0.058200]
20 Oct 16:06    INFO  valid result: 
recall@10 : 0.0847    recall@20 : 0.1228    recall@50 : 0.1817    ndcg@10 : 0.0483    ndcg@20 : 0.0582    ndcg@50 : 0.0703    
20 Oct 16:06    INFO  epoch 59 training [time: 2.05s, train loss: -1.0844]
20 Oct 16:06    INFO  epoch 59 evaluating [time: 9.17s, valid_score: 0.058400]
20 Oct 16:06    INFO  valid result: 
recall@10 : 0.0848    recall@20 : 0.1223    recall@50 : 0.1824    ndcg@10 : 0.0486    ndcg@20 : 0.0584    ndcg@50 : 0.0708    
20 Oct 16:06    INFO  Saving current best: saved/DirectAU-Oct-20-2023_15-54-35.pth
20 Oct 16:06    INFO  epoch 60 training [time: 2.11s, train loss: -1.0857]
20 Oct 16:06    INFO  epoch 60 evaluating [time: 9.40s, valid_score: 0.058900]
20 Oct 16:06    INFO  valid result: 
recall@10 : 0.0859    recall@20 : 0.1241    recall@50 : 0.1838    ndcg@10 : 0.0489    ndcg@20 : 0.0589    ndcg@50 : 0.0711    
20 Oct 16:06    INFO  Saving current best: saved/DirectAU-Oct-20-2023_15-54-35.pth
20 Oct 16:06    INFO  epoch 61 training [time: 2.03s, train loss: -1.0875]
20 Oct 16:06    INFO  epoch 61 evaluating [time: 9.36s, valid_score: 0.058900]
20 Oct 16:06    INFO  valid result: 
recall@10 : 0.0853    recall@20 : 0.1245    recall@50 : 0.183    ndcg@10 : 0.0486    ndcg@20 : 0.0589    ndcg@50 : 0.0709    
20 Oct 16:06    INFO  epoch 62 training [time: 2.14s, train loss: -1.0889]
20 Oct 16:07    INFO  epoch 62 evaluating [time: 9.45s, valid_score: 0.059000]
20 Oct 16:07    INFO  valid result: 
recall@10 : 0.0849    recall@20 : 0.1242    recall@50 : 0.1849    ndcg@10 : 0.0487    ndcg@20 : 0.059    ndcg@50 : 0.0714    
20 Oct 16:07    INFO  Saving current best: saved/DirectAU-Oct-20-2023_15-54-35.pth
20 Oct 16:07    INFO  epoch 63 training [time: 2.10s, train loss: -1.0905]
20 Oct 16:07    INFO  epoch 63 evaluating [time: 9.30s, valid_score: 0.059100]
20 Oct 16:07    INFO  valid result: 
recall@10 : 0.086    recall@20 : 0.1236    recall@50 : 0.1846    ndcg@10 : 0.0493    ndcg@20 : 0.0591    ndcg@50 : 0.0716    
20 Oct 16:07    INFO  Saving current best: saved/DirectAU-Oct-20-2023_15-54-35.pth
20 Oct 16:07    INFO  epoch 64 training [time: 2.04s, train loss: -1.0921]
20 Oct 16:07    INFO  epoch 64 evaluating [time: 9.32s, valid_score: 0.059600]
20 Oct 16:07    INFO  valid result: 
recall@10 : 0.0867    recall@20 : 0.1247    recall@50 : 0.1852    ndcg@10 : 0.0496    ndcg@20 : 0.0596    ndcg@50 : 0.072    
20 Oct 16:07    INFO  Saving current best: saved/DirectAU-Oct-20-2023_15-54-35.pth
20 Oct 16:07    INFO  epoch 65 training [time: 2.44s, train loss: -1.0934]
20 Oct 16:07    INFO  epoch 65 evaluating [time: 9.19s, valid_score: 0.059900]
20 Oct 16:07    INFO  valid result: 
recall@10 : 0.0864    recall@20 : 0.1258    recall@50 : 0.1848    ndcg@10 : 0.0495    ndcg@20 : 0.0599    ndcg@50 : 0.072    
20 Oct 16:07    INFO  Saving current best: saved/DirectAU-Oct-20-2023_15-54-35.pth
20 Oct 16:07    INFO  epoch 66 training [time: 2.39s, train loss: -1.0943]
20 Oct 16:07    INFO  epoch 66 evaluating [time: 9.35s, valid_score: 0.059600]
20 Oct 16:07    INFO  valid result: 
recall@10 : 0.0875    recall@20 : 0.1253    recall@50 : 0.1856    ndcg@10 : 0.0496    ndcg@20 : 0.0596    ndcg@50 : 0.0719    
20 Oct 16:07    INFO  epoch 67 training [time: 2.32s, train loss: -1.0958]
20 Oct 16:08    INFO  epoch 67 evaluating [time: 9.19s, valid_score: 0.060200]
20 Oct 16:08    INFO  valid result: 
recall@10 : 0.0883    recall@20 : 0.1262    recall@50 : 0.1869    ndcg@10 : 0.0503    ndcg@20 : 0.0602    ndcg@50 : 0.0726    
20 Oct 16:08    INFO  Saving current best: saved/DirectAU-Oct-20-2023_15-54-35.pth
20 Oct 16:08    INFO  epoch 68 training [time: 2.36s, train loss: -1.0967]
20 Oct 16:08    INFO  epoch 68 evaluating [time: 9.30s, valid_score: 0.060100]
20 Oct 16:08    INFO  valid result: 
recall@10 : 0.0891    recall@20 : 0.126    recall@50 : 0.1882    ndcg@10 : 0.0505    ndcg@20 : 0.0601    ndcg@50 : 0.0729    
20 Oct 16:08    INFO  epoch 69 training [time: 2.08s, train loss: -1.0978]
20 Oct 16:08    INFO  epoch 69 evaluating [time: 9.32s, valid_score: 0.060400]
20 Oct 16:08    INFO  valid result: 
recall@10 : 0.0884    recall@20 : 0.1262    recall@50 : 0.1872    ndcg@10 : 0.0505    ndcg@20 : 0.0604    ndcg@50 : 0.0729    
20 Oct 16:08    INFO  Saving current best: saved/DirectAU-Oct-20-2023_15-54-35.pth
20 Oct 16:08    INFO  epoch 70 training [time: 2.08s, train loss: -1.0995]
20 Oct 16:08    INFO  epoch 70 evaluating [time: 9.51s, valid_score: 0.061100]
20 Oct 16:08    INFO  valid result: 
recall@10 : 0.0888    recall@20 : 0.1276    recall@50 : 0.1872    ndcg@10 : 0.051    ndcg@20 : 0.0611    ndcg@50 : 0.0733    
20 Oct 16:08    INFO  Saving current best: saved/DirectAU-Oct-20-2023_15-54-35.pth
20 Oct 16:08    INFO  epoch 71 training [time: 2.10s, train loss: -1.1001]
20 Oct 16:08    INFO  epoch 71 evaluating [time: 9.34s, valid_score: 0.060600]
20 Oct 16:08    INFO  valid result: 
recall@10 : 0.089    recall@20 : 0.1264    recall@50 : 0.188    ndcg@10 : 0.0508    ndcg@20 : 0.0606    ndcg@50 : 0.0733    
20 Oct 16:08    INFO  epoch 72 training [time: 2.12s, train loss: -1.1012]
20 Oct 16:09    INFO  epoch 72 evaluating [time: 9.34s, valid_score: 0.061300]
20 Oct 16:09    INFO  valid result: 
recall@10 : 0.0895    recall@20 : 0.1284    recall@50 : 0.1895    ndcg@10 : 0.0512    ndcg@20 : 0.0613    ndcg@50 : 0.0738    
20 Oct 16:09    INFO  Saving current best: saved/DirectAU-Oct-20-2023_15-54-35.pth
20 Oct 16:09    INFO  epoch 73 training [time: 2.10s, train loss: -1.1019]
20 Oct 16:09    INFO  epoch 73 evaluating [time: 9.53s, valid_score: 0.061400]
20 Oct 16:09    INFO  valid result: 
recall@10 : 0.0893    recall@20 : 0.1297    recall@50 : 0.1892    ndcg@10 : 0.0509    ndcg@20 : 0.0614    ndcg@50 : 0.0736    
20 Oct 16:09    INFO  Saving current best: saved/DirectAU-Oct-20-2023_15-54-35.pth
20 Oct 16:09    INFO  epoch 74 training [time: 2.11s, train loss: -1.1025]
20 Oct 16:09    INFO  epoch 74 evaluating [time: 9.35s, valid_score: 0.061300]
20 Oct 16:09    INFO  valid result: 
recall@10 : 0.089    recall@20 : 0.1289    recall@50 : 0.1898    ndcg@10 : 0.0509    ndcg@20 : 0.0613    ndcg@50 : 0.0738    
20 Oct 16:09    INFO  epoch 75 training [time: 2.05s, train loss: -1.1033]
20 Oct 16:09    INFO  epoch 75 evaluating [time: 9.35s, valid_score: 0.061400]
20 Oct 16:09    INFO  valid result: 
recall@10 : 0.0905    recall@20 : 0.1292    recall@50 : 0.1906    ndcg@10 : 0.0513    ndcg@20 : 0.0614    ndcg@50 : 0.074    
20 Oct 16:09    INFO  epoch 76 training [time: 2.20s, train loss: -1.1046]
20 Oct 16:09    INFO  epoch 76 evaluating [time: 9.87s, valid_score: 0.061800]
20 Oct 16:09    INFO  valid result: 
recall@10 : 0.0905    recall@20 : 0.1293    recall@50 : 0.19    ndcg@10 : 0.0516    ndcg@20 : 0.0618    ndcg@50 : 0.0742    
20 Oct 16:09    INFO  Saving current best: saved/DirectAU-Oct-20-2023_15-54-35.pth
20 Oct 16:09    INFO  epoch 77 training [time: 2.22s, train loss: -1.1049]
20 Oct 16:10    INFO  epoch 77 evaluating [time: 11.64s, valid_score: 0.061500]
20 Oct 16:10    INFO  valid result: 
recall@10 : 0.0909    recall@20 : 0.1286    recall@50 : 0.1902    ndcg@10 : 0.0516    ndcg@20 : 0.0615    ndcg@50 : 0.0741    
20 Oct 16:10    INFO  epoch 78 training [time: 2.16s, train loss: -1.1057]
20 Oct 16:10    INFO  epoch 78 evaluating [time: 9.12s, valid_score: 0.062000]
20 Oct 16:10    INFO  valid result: 
recall@10 : 0.0906    recall@20 : 0.1299    recall@50 : 0.1909    ndcg@10 : 0.0517    ndcg@20 : 0.062    ndcg@50 : 0.0745    
20 Oct 16:10    INFO  Saving current best: saved/DirectAU-Oct-20-2023_15-54-35.pth
20 Oct 16:10    INFO  epoch 79 training [time: 2.01s, train loss: -1.1062]
20 Oct 16:10    INFO  epoch 79 evaluating [time: 9.37s, valid_score: 0.062100]
20 Oct 16:10    INFO  valid result: 
recall@10 : 0.0911    recall@20 : 0.13    recall@50 : 0.1915    ndcg@10 : 0.0519    ndcg@20 : 0.0621    ndcg@50 : 0.0747    
20 Oct 16:10    INFO  Saving current best: saved/DirectAU-Oct-20-2023_15-54-35.pth
20 Oct 16:10    INFO  epoch 80 training [time: 2.07s, train loss: -1.1075]
20 Oct 16:10    INFO  epoch 80 evaluating [time: 11.56s, valid_score: 0.061900]
20 Oct 16:10    INFO  valid result: 
recall@10 : 0.0908    recall@20 : 0.1309    recall@50 : 0.1913    ndcg@10 : 0.0515    ndcg@20 : 0.0619    ndcg@50 : 0.0743    
20 Oct 16:10    INFO  epoch 81 training [time: 2.26s, train loss: -1.1079]
20 Oct 16:10    INFO  epoch 81 evaluating [time: 9.31s, valid_score: 0.062300]
20 Oct 16:10    INFO  valid result: 
recall@10 : 0.0907    recall@20 : 0.1316    recall@50 : 0.1921    ndcg@10 : 0.0516    ndcg@20 : 0.0623    ndcg@50 : 0.0747    
20 Oct 16:10    INFO  Saving current best: saved/DirectAU-Oct-20-2023_15-54-35.pth
20 Oct 16:10    INFO  epoch 82 training [time: 2.05s, train loss: -1.1086]
20 Oct 16:11    INFO  epoch 82 evaluating [time: 9.17s, valid_score: 0.062200]
20 Oct 16:11    INFO  valid result: 
recall@10 : 0.0908    recall@20 : 0.1313    recall@50 : 0.1914    ndcg@10 : 0.0517    ndcg@20 : 0.0622    ndcg@50 : 0.0746    
20 Oct 16:11    INFO  epoch 83 training [time: 2.14s, train loss: -1.1089]
20 Oct 16:11    INFO  epoch 83 evaluating [time: 9.33s, valid_score: 0.062500]
20 Oct 16:11    INFO  valid result: 
recall@10 : 0.0922    recall@20 : 0.1308    recall@50 : 0.1921    ndcg@10 : 0.0524    ndcg@20 : 0.0625    ndcg@50 : 0.0751    
20 Oct 16:11    INFO  Saving current best: saved/DirectAU-Oct-20-2023_15-54-35.pth
20 Oct 16:11    INFO  epoch 84 training [time: 2.10s, train loss: -1.1097]
20 Oct 16:11    INFO  epoch 84 evaluating [time: 9.18s, valid_score: 0.062600]
20 Oct 16:11    INFO  valid result: 
recall@10 : 0.0913    recall@20 : 0.1307    recall@50 : 0.1925    ndcg@10 : 0.0523    ndcg@20 : 0.0626    ndcg@50 : 0.0752    
20 Oct 16:11    INFO  Saving current best: saved/DirectAU-Oct-20-2023_15-54-35.pth
20 Oct 16:11    INFO  epoch 85 training [time: 2.09s, train loss: -1.1102]
20 Oct 16:11    INFO  epoch 85 evaluating [time: 9.27s, valid_score: 0.062700]
20 Oct 16:11    INFO  valid result: 
recall@10 : 0.092    recall@20 : 0.1314    recall@50 : 0.1926    ndcg@10 : 0.0525    ndcg@20 : 0.0627    ndcg@50 : 0.0753    
20 Oct 16:11    INFO  Saving current best: saved/DirectAU-Oct-20-2023_15-54-35.pth
20 Oct 16:11    INFO  epoch 86 training [time: 2.11s, train loss: -1.1107]
20 Oct 16:11    INFO  epoch 86 evaluating [time: 9.16s, valid_score: 0.062400]
20 Oct 16:11    INFO  valid result: 
recall@10 : 0.0927    recall@20 : 0.1312    recall@50 : 0.1925    ndcg@10 : 0.0523    ndcg@20 : 0.0624    ndcg@50 : 0.075    
20 Oct 16:11    INFO  epoch 87 training [time: 2.23s, train loss: -1.1111]
20 Oct 16:11    INFO  epoch 87 evaluating [time: 9.31s, valid_score: 0.062500]
20 Oct 16:11    INFO  valid result: 
recall@10 : 0.0919    recall@20 : 0.1316    recall@50 : 0.1936    ndcg@10 : 0.0522    ndcg@20 : 0.0625    ndcg@50 : 0.0752    
20 Oct 16:12    INFO  epoch 88 training [time: 2.13s, train loss: -1.1115]
20 Oct 16:12    INFO  epoch 88 evaluating [time: 9.34s, valid_score: 0.062700]
20 Oct 16:12    INFO  valid result: 
recall@10 : 0.0903    recall@20 : 0.1318    recall@50 : 0.1929    ndcg@10 : 0.0518    ndcg@20 : 0.0627    ndcg@50 : 0.0752    
20 Oct 16:12    INFO  epoch 89 training [time: 2.11s, train loss: -1.1119]
20 Oct 16:12    INFO  epoch 89 evaluating [time: 9.31s, valid_score: 0.062700]
20 Oct 16:12    INFO  valid result: 
recall@10 : 0.0916    recall@20 : 0.1324    recall@50 : 0.1929    ndcg@10 : 0.052    ndcg@20 : 0.0627    ndcg@50 : 0.0751    
20 Oct 16:12    INFO  epoch 90 training [time: 2.09s, train loss: -1.1120]
20 Oct 16:12    INFO  epoch 90 evaluating [time: 9.29s, valid_score: 0.062800]
20 Oct 16:12    INFO  valid result: 
recall@10 : 0.0926    recall@20 : 0.1327    recall@50 : 0.1931    ndcg@10 : 0.0523    ndcg@20 : 0.0628    ndcg@50 : 0.0751    
20 Oct 16:12    INFO  Saving current best: saved/DirectAU-Oct-20-2023_15-54-35.pth
20 Oct 16:12    INFO  epoch 91 training [time: 2.10s, train loss: -1.1124]
20 Oct 16:12    INFO  epoch 91 evaluating [time: 9.17s, valid_score: 0.062600]
20 Oct 16:12    INFO  valid result: 
recall@10 : 0.0925    recall@20 : 0.1318    recall@50 : 0.193    ndcg@10 : 0.0523    ndcg@20 : 0.0626    ndcg@50 : 0.0752    
20 Oct 16:12    INFO  epoch 92 training [time: 2.05s, train loss: -1.1128]
20 Oct 16:12    INFO  epoch 92 evaluating [time: 9.34s, valid_score: 0.063300]
20 Oct 16:12    INFO  valid result: 
recall@10 : 0.092    recall@20 : 0.1328    recall@50 : 0.1932    ndcg@10 : 0.0527    ndcg@20 : 0.0633    ndcg@50 : 0.0757    
20 Oct 16:12    INFO  Saving current best: saved/DirectAU-Oct-20-2023_15-54-35.pth
20 Oct 16:12    INFO  epoch 93 training [time: 2.31s, train loss: -1.1133]
20 Oct 16:13    INFO  epoch 93 evaluating [time: 9.37s, valid_score: 0.063200]
20 Oct 16:13    INFO  valid result: 
recall@10 : 0.0921    recall@20 : 0.132    recall@50 : 0.1941    ndcg@10 : 0.0529    ndcg@20 : 0.0632    ndcg@50 : 0.076    
20 Oct 16:13    INFO  epoch 94 training [time: 1.91s, train loss: -1.1136]
20 Oct 16:13    INFO  epoch 94 evaluating [time: 9.38s, valid_score: 0.063000]
20 Oct 16:13    INFO  valid result: 
recall@10 : 0.0929    recall@20 : 0.1323    recall@50 : 0.1939    ndcg@10 : 0.0527    ndcg@20 : 0.063    ndcg@50 : 0.0757    
20 Oct 16:13    INFO  epoch 95 training [time: 2.01s, train loss: -1.1141]
20 Oct 16:13    INFO  epoch 95 evaluating [time: 9.55s, valid_score: 0.063000]
20 Oct 16:13    INFO  valid result: 
recall@10 : 0.0929    recall@20 : 0.1321    recall@50 : 0.194    ndcg@10 : 0.0528    ndcg@20 : 0.063    ndcg@50 : 0.0757    
20 Oct 16:13    INFO  epoch 96 training [time: 2.08s, train loss: -1.1145]
20 Oct 16:13    INFO  epoch 96 evaluating [time: 9.55s, valid_score: 0.063400]
20 Oct 16:13    INFO  valid result: 
recall@10 : 0.0926    recall@20 : 0.1327    recall@50 : 0.1941    ndcg@10 : 0.0529    ndcg@20 : 0.0634    ndcg@50 : 0.0761    
20 Oct 16:13    INFO  Saving current best: saved/DirectAU-Oct-20-2023_15-54-35.pth
20 Oct 16:13    INFO  epoch 97 training [time: 1.98s, train loss: -1.1147]
20 Oct 16:13    INFO  epoch 97 evaluating [time: 9.20s, valid_score: 0.063300]
20 Oct 16:13    INFO  valid result: 
recall@10 : 0.0934    recall@20 : 0.1318    recall@50 : 0.1941    ndcg@10 : 0.0533    ndcg@20 : 0.0633    ndcg@50 : 0.0761    
20 Oct 16:13    INFO  epoch 98 training [time: 2.25s, train loss: -1.1152]
20 Oct 16:14    INFO  epoch 98 evaluating [time: 9.50s, valid_score: 0.063600]
20 Oct 16:14    INFO  valid result: 
recall@10 : 0.093    recall@20 : 0.1331    recall@50 : 0.1943    ndcg@10 : 0.0531    ndcg@20 : 0.0636    ndcg@50 : 0.0762    
20 Oct 16:14    INFO  Saving current best: saved/DirectAU-Oct-20-2023_15-54-35.pth
20 Oct 16:14    INFO  epoch 99 training [time: 2.10s, train loss: -1.1146]
20 Oct 16:14    INFO  epoch 99 evaluating [time: 9.17s, valid_score: 0.063700]
20 Oct 16:14    INFO  valid result: 
recall@10 : 0.0934    recall@20 : 0.1334    recall@50 : 0.1934    ndcg@10 : 0.0533    ndcg@20 : 0.0637    ndcg@50 : 0.076    
20 Oct 16:14    INFO  Saving current best: saved/DirectAU-Oct-20-2023_15-54-35.pth
20 Oct 16:14    INFO  epoch 100 training [time: 2.18s, train loss: -1.1152]
20 Oct 16:14    INFO  epoch 100 evaluating [time: 9.52s, valid_score: 0.063500]
20 Oct 16:14    INFO  valid result: 
recall@10 : 0.0924    recall@20 : 0.1332    recall@50 : 0.1942    ndcg@10 : 0.0529    ndcg@20 : 0.0635    ndcg@50 : 0.076    
20 Oct 16:14    INFO  epoch 101 training [time: 2.13s, train loss: -1.1155]
20 Oct 16:14    INFO  epoch 101 evaluating [time: 9.39s, valid_score: 0.063600]
20 Oct 16:14    INFO  valid result: 
recall@10 : 0.0928    recall@20 : 0.1335    recall@50 : 0.1956    ndcg@10 : 0.053    ndcg@20 : 0.0636    ndcg@50 : 0.0763    
20 Oct 16:14    INFO  epoch 102 training [time: 2.40s, train loss: -1.1160]
20 Oct 16:14    INFO  epoch 102 evaluating [time: 9.50s, valid_score: 0.063500]
20 Oct 16:14    INFO  valid result: 
recall@10 : 0.0932    recall@20 : 0.1334    recall@50 : 0.1949    ndcg@10 : 0.053    ndcg@20 : 0.0635    ndcg@50 : 0.076    
20 Oct 16:14    INFO  epoch 103 training [time: 2.04s, train loss: -1.1167]
20 Oct 16:15    INFO  epoch 103 evaluating [time: 9.98s, valid_score: 0.063800]
20 Oct 16:15    INFO  valid result: 
recall@10 : 0.0934    recall@20 : 0.1334    recall@50 : 0.1953    ndcg@10 : 0.0533    ndcg@20 : 0.0638    ndcg@50 : 0.0764    
20 Oct 16:15    INFO  Saving current best: saved/DirectAU-Oct-20-2023_15-54-35.pth
20 Oct 16:15    INFO  epoch 104 training [time: 2.16s, train loss: -1.1164]
20 Oct 16:15    INFO  epoch 104 evaluating [time: 11.62s, valid_score: 0.063800]
20 Oct 16:15    INFO  valid result: 
recall@10 : 0.0943    recall@20 : 0.1332    recall@50 : 0.1956    ndcg@10 : 0.0537    ndcg@20 : 0.0638    ndcg@50 : 0.0766    
20 Oct 16:15    INFO  epoch 105 training [time: 1.91s, train loss: -1.1169]
20 Oct 16:15    INFO  epoch 105 evaluating [time: 9.39s, valid_score: 0.063800]
20 Oct 16:15    INFO  valid result: 
recall@10 : 0.0938    recall@20 : 0.1334    recall@50 : 0.1957    ndcg@10 : 0.0534    ndcg@20 : 0.0638    ndcg@50 : 0.0765    
20 Oct 16:15    INFO  epoch 106 training [time: 2.08s, train loss: -1.1174]
20 Oct 16:15    INFO  epoch 106 evaluating [time: 9.26s, valid_score: 0.063700]
20 Oct 16:15    INFO  valid result: 
recall@10 : 0.0941    recall@20 : 0.1332    recall@50 : 0.1958    ndcg@10 : 0.0535    ndcg@20 : 0.0637    ndcg@50 : 0.0766    
20 Oct 16:15    INFO  epoch 107 training [time: 1.98s, train loss: -1.1168]
20 Oct 16:15    INFO  epoch 107 evaluating [time: 9.54s, valid_score: 0.063700]
20 Oct 16:15    INFO  valid result: 
recall@10 : 0.0936    recall@20 : 0.1326    recall@50 : 0.1967    ndcg@10 : 0.0535    ndcg@20 : 0.0637    ndcg@50 : 0.0768    
20 Oct 16:15    INFO  epoch 108 training [time: 2.16s, train loss: -1.1174]
20 Oct 16:16    INFO  epoch 108 evaluating [time: 9.35s, valid_score: 0.063800]
20 Oct 16:16    INFO  valid result: 
recall@10 : 0.094    recall@20 : 0.133    recall@50 : 0.1969    ndcg@10 : 0.0536    ndcg@20 : 0.0638    ndcg@50 : 0.0769    
20 Oct 16:16    INFO  epoch 109 training [time: 2.11s, train loss: -1.1174]
20 Oct 16:16    INFO  epoch 109 evaluating [time: 9.37s, valid_score: 0.063600]
20 Oct 16:16    INFO  valid result: 
recall@10 : 0.0945    recall@20 : 0.1327    recall@50 : 0.1957    ndcg@10 : 0.0536    ndcg@20 : 0.0636    ndcg@50 : 0.0766    
20 Oct 16:16    INFO  epoch 110 training [time: 2.12s, train loss: -1.1176]
20 Oct 16:16    INFO  epoch 110 evaluating [time: 9.44s, valid_score: 0.064100]
20 Oct 16:16    INFO  valid result: 
recall@10 : 0.0949    recall@20 : 0.1342    recall@50 : 0.1961    ndcg@10 : 0.0538    ndcg@20 : 0.0641    ndcg@50 : 0.0768    
20 Oct 16:16    INFO  Saving current best: saved/DirectAU-Oct-20-2023_15-54-35.pth
20 Oct 16:16    INFO  epoch 111 training [time: 1.99s, train loss: -1.1182]
20 Oct 16:16    INFO  epoch 111 evaluating [time: 9.38s, valid_score: 0.064000]
20 Oct 16:16    INFO  valid result: 
recall@10 : 0.0942    recall@20 : 0.1338    recall@50 : 0.197    ndcg@10 : 0.0536    ndcg@20 : 0.064    ndcg@50 : 0.0769    
20 Oct 16:16    INFO  epoch 112 training [time: 1.99s, train loss: -1.1181]
20 Oct 16:16    INFO  epoch 112 evaluating [time: 9.22s, valid_score: 0.064300]
20 Oct 16:16    INFO  valid result: 
recall@10 : 0.0937    recall@20 : 0.1344    recall@50 : 0.1965    ndcg@10 : 0.0537    ndcg@20 : 0.0643    ndcg@50 : 0.0771    
20 Oct 16:16    INFO  Saving current best: saved/DirectAU-Oct-20-2023_15-54-35.pth
20 Oct 16:16    INFO  epoch 113 training [time: 2.06s, train loss: -1.1184]
20 Oct 16:17    INFO  epoch 113 evaluating [time: 9.35s, valid_score: 0.064100]
20 Oct 16:17    INFO  valid result: 
recall@10 : 0.0947    recall@20 : 0.1345    recall@50 : 0.1971    ndcg@10 : 0.0538    ndcg@20 : 0.0641    ndcg@50 : 0.077    
20 Oct 16:17    INFO  epoch 114 training [time: 2.08s, train loss: -1.1187]
20 Oct 16:17    INFO  epoch 114 evaluating [time: 9.22s, valid_score: 0.064000]
20 Oct 16:17    INFO  valid result: 
recall@10 : 0.0948    recall@20 : 0.1338    recall@50 : 0.1975    ndcg@10 : 0.0538    ndcg@20 : 0.064    ndcg@50 : 0.0771    
20 Oct 16:17    INFO  epoch 115 training [time: 2.04s, train loss: -1.1189]
20 Oct 16:17    INFO  epoch 115 evaluating [time: 9.47s, valid_score: 0.064300]
20 Oct 16:17    INFO  valid result: 
recall@10 : 0.094    recall@20 : 0.1348    recall@50 : 0.1972    ndcg@10 : 0.0536    ndcg@20 : 0.0643    ndcg@50 : 0.0771    
20 Oct 16:17    INFO  epoch 116 training [time: 2.08s, train loss: -1.1191]
20 Oct 16:17    INFO  epoch 116 evaluating [time: 9.15s, valid_score: 0.064200]
20 Oct 16:17    INFO  valid result: 
recall@10 : 0.0943    recall@20 : 0.1345    recall@50 : 0.1981    ndcg@10 : 0.0537    ndcg@20 : 0.0642    ndcg@50 : 0.0772    
20 Oct 16:17    INFO  epoch 117 training [time: 2.09s, train loss: -1.1185]
20 Oct 16:17    INFO  epoch 117 evaluating [time: 9.34s, valid_score: 0.064300]
20 Oct 16:17    INFO  valid result: 
recall@10 : 0.0956    recall@20 : 0.1348    recall@50 : 0.1981    ndcg@10 : 0.054    ndcg@20 : 0.0643    ndcg@50 : 0.0772    
20 Oct 16:17    INFO  epoch 118 training [time: 2.14s, train loss: -1.1187]
20 Oct 16:17    INFO  epoch 118 evaluating [time: 9.35s, valid_score: 0.064800]
20 Oct 16:17    INFO  valid result: 
recall@10 : 0.0955    recall@20 : 0.1354    recall@50 : 0.1986    ndcg@10 : 0.0544    ndcg@20 : 0.0648    ndcg@50 : 0.0778    
20 Oct 16:17    INFO  Saving current best: saved/DirectAU-Oct-20-2023_15-54-35.pth
20 Oct 16:17    INFO  epoch 119 training [time: 2.15s, train loss: -1.1192]
20 Oct 16:18    INFO  epoch 119 evaluating [time: 9.45s, valid_score: 0.064400]
20 Oct 16:18    INFO  valid result: 
recall@10 : 0.0962    recall@20 : 0.1349    recall@50 : 0.1985    ndcg@10 : 0.0543    ndcg@20 : 0.0644    ndcg@50 : 0.0775    
20 Oct 16:18    INFO  epoch 120 training [time: 1.65s, train loss: -1.1192]
20 Oct 16:18    INFO  epoch 120 evaluating [time: 9.43s, valid_score: 0.064700]
20 Oct 16:18    INFO  valid result: 
recall@10 : 0.0964    recall@20 : 0.1348    recall@50 : 0.1977    ndcg@10 : 0.0547    ndcg@20 : 0.0647    ndcg@50 : 0.0776    
20 Oct 16:18    INFO  epoch 121 training [time: 2.13s, train loss: -1.1197]
20 Oct 16:18    INFO  epoch 121 evaluating [time: 9.51s, valid_score: 0.064600]
20 Oct 16:18    INFO  valid result: 
recall@10 : 0.0957    recall@20 : 0.1347    recall@50 : 0.1978    ndcg@10 : 0.0544    ndcg@20 : 0.0646    ndcg@50 : 0.0776    
20 Oct 16:18    INFO  epoch 122 training [time: 2.13s, train loss: -1.1200]
20 Oct 16:18    INFO  epoch 122 evaluating [time: 9.42s, valid_score: 0.064700]
20 Oct 16:18    INFO  valid result: 
recall@10 : 0.0958    recall@20 : 0.1355    recall@50 : 0.1987    ndcg@10 : 0.0543    ndcg@20 : 0.0647    ndcg@50 : 0.0776    
20 Oct 16:18    INFO  epoch 123 training [time: 2.11s, train loss: -1.1196]
20 Oct 16:18    INFO  epoch 123 evaluating [time: 9.35s, valid_score: 0.064700]
20 Oct 16:18    INFO  valid result: 
recall@10 : 0.0961    recall@20 : 0.1351    recall@50 : 0.1983    ndcg@10 : 0.0545    ndcg@20 : 0.0647    ndcg@50 : 0.0777    
20 Oct 16:18    INFO  epoch 124 training [time: 2.12s, train loss: -1.1203]
20 Oct 16:19    INFO  epoch 124 evaluating [time: 9.53s, valid_score: 0.065100]
20 Oct 16:19    INFO  valid result: 
recall@10 : 0.0956    recall@20 : 0.1354    recall@50 : 0.1982    ndcg@10 : 0.0546    ndcg@20 : 0.0651    ndcg@50 : 0.0779    
20 Oct 16:19    INFO  Saving current best: saved/DirectAU-Oct-20-2023_15-54-35.pth
20 Oct 16:19    INFO  epoch 125 training [time: 2.13s, train loss: -1.1200]
20 Oct 16:19    INFO  epoch 125 evaluating [time: 9.39s, valid_score: 0.064900]
20 Oct 16:19    INFO  valid result: 
recall@10 : 0.0955    recall@20 : 0.1358    recall@50 : 0.1982    ndcg@10 : 0.0543    ndcg@20 : 0.0649    ndcg@50 : 0.0776    
20 Oct 16:19    INFO  epoch 126 training [time: 2.09s, train loss: -1.1200]
20 Oct 16:19    INFO  epoch 126 evaluating [time: 9.44s, valid_score: 0.064600]
20 Oct 16:19    INFO  valid result: 
recall@10 : 0.096    recall@20 : 0.1358    recall@50 : 0.1995    ndcg@10 : 0.0542    ndcg@20 : 0.0646    ndcg@50 : 0.0777    
20 Oct 16:19    INFO  epoch 127 training [time: 2.00s, train loss: -1.1202]
20 Oct 16:19    INFO  epoch 127 evaluating [time: 9.34s, valid_score: 0.064800]
20 Oct 16:19    INFO  valid result: 
recall@10 : 0.0955    recall@20 : 0.1357    recall@50 : 0.2005    ndcg@10 : 0.0543    ndcg@20 : 0.0648    ndcg@50 : 0.0781    
20 Oct 16:19    INFO  epoch 128 training [time: 2.02s, train loss: -1.1204]
20 Oct 16:19    INFO  epoch 128 evaluating [time: 9.47s, valid_score: 0.065000]
20 Oct 16:19    INFO  valid result: 
recall@10 : 0.0953    recall@20 : 0.1358    recall@50 : 0.1995    ndcg@10 : 0.0544    ndcg@20 : 0.065    ndcg@50 : 0.0781    
20 Oct 16:19    INFO  epoch 129 training [time: 2.08s, train loss: -1.1206]
20 Oct 16:20    INFO  epoch 129 evaluating [time: 9.39s, valid_score: 0.064900]
20 Oct 16:20    INFO  valid result: 
recall@10 : 0.0959    recall@20 : 0.1355    recall@50 : 0.199    ndcg@10 : 0.0546    ndcg@20 : 0.0649    ndcg@50 : 0.0779    
20 Oct 16:20    INFO  epoch 130 training [time: 1.95s, train loss: -1.1208]
20 Oct 16:20    INFO  epoch 130 evaluating [time: 9.46s, valid_score: 0.065000]
20 Oct 16:20    INFO  valid result: 
recall@10 : 0.0951    recall@20 : 0.1351    recall@50 : 0.2002    ndcg@10 : 0.0546    ndcg@20 : 0.065    ndcg@50 : 0.0783    
20 Oct 16:20    INFO  epoch 131 training [time: 2.10s, train loss: -1.1207]
20 Oct 16:20    INFO  epoch 131 evaluating [time: 9.30s, valid_score: 0.065200]
20 Oct 16:20    INFO  valid result: 
recall@10 : 0.0962    recall@20 : 0.1353    recall@50 : 0.2007    ndcg@10 : 0.055    ndcg@20 : 0.0652    ndcg@50 : 0.0786    
20 Oct 16:20    INFO  Saving current best: saved/DirectAU-Oct-20-2023_15-54-35.pth
20 Oct 16:20    INFO  epoch 132 training [time: 2.04s, train loss: -1.1212]
20 Oct 16:20    INFO  epoch 132 evaluating [time: 9.38s, valid_score: 0.064900]
20 Oct 16:20    INFO  valid result: 
recall@10 : 0.0954    recall@20 : 0.1355    recall@50 : 0.2    ndcg@10 : 0.0544    ndcg@20 : 0.0649    ndcg@50 : 0.0781    
20 Oct 16:20    INFO  epoch 133 training [time: 1.93s, train loss: -1.1207]
20 Oct 16:20    INFO  epoch 133 evaluating [time: 9.21s, valid_score: 0.065300]
20 Oct 16:20    INFO  valid result: 
recall@10 : 0.0966    recall@20 : 0.1365    recall@50 : 0.1998    ndcg@10 : 0.0549    ndcg@20 : 0.0653    ndcg@50 : 0.0783    
20 Oct 16:20    INFO  Saving current best: saved/DirectAU-Oct-20-2023_15-54-35.pth
20 Oct 16:20    INFO  epoch 134 training [time: 2.07s, train loss: -1.1213]
20 Oct 16:21    INFO  epoch 134 evaluating [time: 9.53s, valid_score: 0.065800]
20 Oct 16:21    INFO  valid result: 
recall@10 : 0.096    recall@20 : 0.1375    recall@50 : 0.2007    ndcg@10 : 0.055    ndcg@20 : 0.0658    ndcg@50 : 0.0787    
20 Oct 16:21    INFO  Saving current best: saved/DirectAU-Oct-20-2023_15-54-35.pth
20 Oct 16:21    INFO  epoch 135 training [time: 2.02s, train loss: -1.1212]
20 Oct 16:21    INFO  epoch 135 evaluating [time: 9.19s, valid_score: 0.065400]
20 Oct 16:21    INFO  valid result: 
recall@10 : 0.0949    recall@20 : 0.1364    recall@50 : 0.1998    ndcg@10 : 0.0546    ndcg@20 : 0.0654    ndcg@50 : 0.0784    
20 Oct 16:21    INFO  epoch 136 training [time: 1.98s, train loss: -1.1217]
20 Oct 16:21    INFO  epoch 136 evaluating [time: 9.37s, valid_score: 0.065100]
20 Oct 16:21    INFO  valid result: 
recall@10 : 0.0961    recall@20 : 0.1356    recall@50 : 0.2003    ndcg@10 : 0.0548    ndcg@20 : 0.0651    ndcg@50 : 0.0784    
20 Oct 16:21    INFO  epoch 137 training [time: 2.12s, train loss: -1.1213]
20 Oct 16:21    INFO  epoch 137 evaluating [time: 9.20s, valid_score: 0.065000]
20 Oct 16:21    INFO  valid result: 
recall@10 : 0.0954    recall@20 : 0.1355    recall@50 : 0.2003    ndcg@10 : 0.0545    ndcg@20 : 0.065    ndcg@50 : 0.0783    
20 Oct 16:21    INFO  epoch 138 training [time: 2.09s, train loss: -1.1212]
20 Oct 16:21    INFO  epoch 138 evaluating [time: 9.37s, valid_score: 0.065400]
20 Oct 16:21    INFO  valid result: 
recall@10 : 0.0951    recall@20 : 0.1364    recall@50 : 0.2006    ndcg@10 : 0.0546    ndcg@20 : 0.0654    ndcg@50 : 0.0786    
20 Oct 16:21    INFO  epoch 139 training [time: 2.10s, train loss: -1.1216]
20 Oct 16:21    INFO  epoch 139 evaluating [time: 9.18s, valid_score: 0.065500]
20 Oct 16:21    INFO  valid result: 
recall@10 : 0.0958    recall@20 : 0.1366    recall@50 : 0.2011    ndcg@10 : 0.0548    ndcg@20 : 0.0655    ndcg@50 : 0.0787    
20 Oct 16:21    INFO  epoch 140 training [time: 2.09s, train loss: -1.1215]
20 Oct 16:22    INFO  epoch 140 evaluating [time: 9.28s, valid_score: 0.065600]
20 Oct 16:22    INFO  valid result: 
recall@10 : 0.0972    recall@20 : 0.1367    recall@50 : 0.2012    ndcg@10 : 0.0553    ndcg@20 : 0.0656    ndcg@50 : 0.0788    
20 Oct 16:22    INFO  epoch 141 training [time: 2.11s, train loss: -1.1219]
20 Oct 16:22    INFO  epoch 141 evaluating [time: 9.38s, valid_score: 0.065700]
20 Oct 16:22    INFO  valid result: 
recall@10 : 0.0964    recall@20 : 0.1371    recall@50 : 0.2025    ndcg@10 : 0.055    ndcg@20 : 0.0657    ndcg@50 : 0.079    
20 Oct 16:22    INFO  epoch 142 training [time: 1.57s, train loss: -1.1220]
20 Oct 16:22    INFO  epoch 142 evaluating [time: 9.34s, valid_score: 0.065900]
20 Oct 16:22    INFO  valid result: 
recall@10 : 0.0971    recall@20 : 0.1375    recall@50 : 0.2011    ndcg@10 : 0.0554    ndcg@20 : 0.0659    ndcg@50 : 0.079    
20 Oct 16:22    INFO  Saving current best: saved/DirectAU-Oct-20-2023_15-54-35.pth
20 Oct 16:22    INFO  epoch 143 training [time: 2.03s, train loss: -1.1220]
20 Oct 16:22    INFO  epoch 143 evaluating [time: 9.36s, valid_score: 0.066000]
20 Oct 16:22    INFO  valid result: 
recall@10 : 0.0972    recall@20 : 0.137    recall@50 : 0.2014    ndcg@10 : 0.0556    ndcg@20 : 0.066    ndcg@50 : 0.0792    
20 Oct 16:22    INFO  Saving current best: saved/DirectAU-Oct-20-2023_15-54-35.pth
20 Oct 16:22    INFO  epoch 144 training [time: 2.07s, train loss: -1.1224]
20 Oct 16:22    INFO  epoch 144 evaluating [time: 9.17s, valid_score: 0.066200]
20 Oct 16:22    INFO  valid result: 
recall@10 : 0.0982    recall@20 : 0.138    recall@50 : 0.2017    ndcg@10 : 0.0558    ndcg@20 : 0.0662    ndcg@50 : 0.0792    
20 Oct 16:22    INFO  Saving current best: saved/DirectAU-Oct-20-2023_15-54-35.pth
20 Oct 16:22    INFO  epoch 145 training [time: 2.08s, train loss: -1.1223]
20 Oct 16:23    INFO  epoch 145 evaluating [time: 9.19s, valid_score: 0.066100]
20 Oct 16:23    INFO  valid result: 
recall@10 : 0.0979    recall@20 : 0.1378    recall@50 : 0.202    ndcg@10 : 0.0556    ndcg@20 : 0.0661    ndcg@50 : 0.0792    
20 Oct 16:23    INFO  epoch 146 training [time: 2.00s, train loss: -1.1224]
20 Oct 16:23    INFO  epoch 146 evaluating [time: 9.25s, valid_score: 0.065900]
20 Oct 16:23    INFO  valid result: 
recall@10 : 0.0976    recall@20 : 0.1372    recall@50 : 0.2022    ndcg@10 : 0.0555    ndcg@20 : 0.0659    ndcg@50 : 0.0792    
20 Oct 16:23    INFO  epoch 147 training [time: 2.14s, train loss: -1.1223]
20 Oct 16:23    INFO  epoch 147 evaluating [time: 9.49s, valid_score: 0.065900]
20 Oct 16:23    INFO  valid result: 
recall@10 : 0.0981    recall@20 : 0.1377    recall@50 : 0.2013    ndcg@10 : 0.0555    ndcg@20 : 0.0659    ndcg@50 : 0.0789    
20 Oct 16:23    INFO  epoch 148 training [time: 1.82s, train loss: -1.1223]
20 Oct 16:23    INFO  epoch 148 evaluating [time: 9.39s, valid_score: 0.065600]
20 Oct 16:23    INFO  valid result: 
recall@10 : 0.0981    recall@20 : 0.137    recall@50 : 0.2011    ndcg@10 : 0.0554    ndcg@20 : 0.0656    ndcg@50 : 0.0788    
20 Oct 16:23    INFO  epoch 149 training [time: 1.82s, train loss: -1.1229]
20 Oct 16:23    INFO  epoch 149 evaluating [time: 9.50s, valid_score: 0.065900]
20 Oct 16:23    INFO  valid result: 
recall@10 : 0.0983    recall@20 : 0.1373    recall@50 : 0.2012    ndcg@10 : 0.0557    ndcg@20 : 0.0659    ndcg@50 : 0.079    
20 Oct 16:23    INFO  epoch 150 training [time: 1.82s, train loss: -1.1230]
20 Oct 16:24    INFO  epoch 150 evaluating [time: 9.36s, valid_score: 0.065800]
20 Oct 16:24    INFO  valid result: 
recall@10 : 0.0974    recall@20 : 0.1375    recall@50 : 0.2024    ndcg@10 : 0.0553    ndcg@20 : 0.0658    ndcg@50 : 0.0791    
20 Oct 16:24    INFO  epoch 151 training [time: 1.83s, train loss: -1.1228]
20 Oct 16:24    INFO  epoch 151 evaluating [time: 9.48s, valid_score: 0.066100]
20 Oct 16:24    INFO  valid result: 
recall@10 : 0.0975    recall@20 : 0.1385    recall@50 : 0.2019    ndcg@10 : 0.0554    ndcg@20 : 0.0661    ndcg@50 : 0.0791    
20 Oct 16:24    INFO  epoch 152 training [time: 1.95s, train loss: -1.1231]
20 Oct 16:24    INFO  epoch 152 evaluating [time: 9.26s, valid_score: 0.065900]
20 Oct 16:24    INFO  valid result: 
recall@10 : 0.0979    recall@20 : 0.1378    recall@50 : 0.2028    ndcg@10 : 0.0554    ndcg@20 : 0.0659    ndcg@50 : 0.0792    
20 Oct 16:24    INFO  epoch 153 training [time: 2.04s, train loss: -1.1231]
20 Oct 16:24    INFO  epoch 153 evaluating [time: 9.35s, valid_score: 0.066000]
20 Oct 16:24    INFO  valid result: 
recall@10 : 0.0979    recall@20 : 0.1378    recall@50 : 0.2022    ndcg@10 : 0.0555    ndcg@20 : 0.066    ndcg@50 : 0.0792    
20 Oct 16:24    INFO  epoch 154 training [time: 2.14s, train loss: -1.1232]
20 Oct 16:24    INFO  epoch 154 evaluating [time: 9.45s, valid_score: 0.066300]
20 Oct 16:24    INFO  valid result: 
recall@10 : 0.0983    recall@20 : 0.1383    recall@50 : 0.2024    ndcg@10 : 0.0558    ndcg@20 : 0.0663    ndcg@50 : 0.0794    
20 Oct 16:24    INFO  Saving current best: saved/DirectAU-Oct-20-2023_15-54-35.pth
20 Oct 16:24    INFO  epoch 155 training [time: 2.06s, train loss: -1.1228]
20 Oct 16:24    INFO  epoch 155 evaluating [time: 9.48s, valid_score: 0.066300]
20 Oct 16:24    INFO  valid result: 
recall@10 : 0.0987    recall@20 : 0.1379    recall@50 : 0.2014    ndcg@10 : 0.0561    ndcg@20 : 0.0663    ndcg@50 : 0.0794    
20 Oct 16:25    INFO  epoch 156 training [time: 2.05s, train loss: -1.1229]
20 Oct 16:25    INFO  epoch 156 evaluating [time: 9.23s, valid_score: 0.066300]
20 Oct 16:25    INFO  valid result: 
recall@10 : 0.0983    recall@20 : 0.1386    recall@50 : 0.2017    ndcg@10 : 0.0557    ndcg@20 : 0.0663    ndcg@50 : 0.0792    
20 Oct 16:25    INFO  epoch 157 training [time: 2.13s, train loss: -1.1233]
20 Oct 16:25    INFO  epoch 157 evaluating [time: 9.37s, valid_score: 0.066200]
20 Oct 16:25    INFO  valid result: 
recall@10 : 0.0988    recall@20 : 0.1377    recall@50 : 0.2017    ndcg@10 : 0.056    ndcg@20 : 0.0662    ndcg@50 : 0.0793    
20 Oct 16:25    INFO  epoch 158 training [time: 2.03s, train loss: -1.1231]
20 Oct 16:25    INFO  epoch 158 evaluating [time: 9.41s, valid_score: 0.066000]
20 Oct 16:25    INFO  valid result: 
recall@10 : 0.0974    recall@20 : 0.1374    recall@50 : 0.2021    ndcg@10 : 0.0555    ndcg@20 : 0.066    ndcg@50 : 0.0792    
20 Oct 16:25    INFO  epoch 159 training [time: 2.04s, train loss: -1.1235]
20 Oct 16:25    INFO  epoch 159 evaluating [time: 9.31s, valid_score: 0.065900]
20 Oct 16:25    INFO  valid result: 
recall@10 : 0.0982    recall@20 : 0.1373    recall@50 : 0.2013    ndcg@10 : 0.0557    ndcg@20 : 0.0659    ndcg@50 : 0.079    
20 Oct 16:25    INFO  epoch 160 training [time: 2.11s, train loss: -1.1237]
20 Oct 16:25    INFO  epoch 160 evaluating [time: 9.37s, valid_score: 0.066100]
20 Oct 16:25    INFO  valid result: 
recall@10 : 0.097    recall@20 : 0.1381    recall@50 : 0.2018    ndcg@10 : 0.0553    ndcg@20 : 0.0661    ndcg@50 : 0.0791    
20 Oct 16:25    INFO  epoch 161 training [time: 2.02s, train loss: -1.1231]
20 Oct 16:26    INFO  epoch 161 evaluating [time: 9.35s, valid_score: 0.066200]
20 Oct 16:26    INFO  valid result: 
recall@10 : 0.0983    recall@20 : 0.138    recall@50 : 0.202    ndcg@10 : 0.0558    ndcg@20 : 0.0662    ndcg@50 : 0.0793    
20 Oct 16:26    INFO  epoch 162 training [time: 1.80s, train loss: -1.1232]
20 Oct 16:26    INFO  epoch 162 evaluating [time: 9.41s, valid_score: 0.066200]
20 Oct 16:26    INFO  valid result: 
recall@10 : 0.0985    recall@20 : 0.1384    recall@50 : 0.2021    ndcg@10 : 0.0558    ndcg@20 : 0.0662    ndcg@50 : 0.0793    
20 Oct 16:26    INFO  epoch 163 training [time: 2.07s, train loss: -1.1233]
20 Oct 16:26    INFO  epoch 163 evaluating [time: 9.23s, valid_score: 0.066600]
20 Oct 16:26    INFO  valid result: 
recall@10 : 0.0985    recall@20 : 0.1393    recall@50 : 0.2015    ndcg@10 : 0.0559    ndcg@20 : 0.0666    ndcg@50 : 0.0793    
20 Oct 16:26    INFO  Saving current best: saved/DirectAU-Oct-20-2023_15-54-35.pth
20 Oct 16:26    INFO  epoch 164 training [time: 2.02s, train loss: -1.1236]
20 Oct 16:26    INFO  epoch 164 evaluating [time: 9.38s, valid_score: 0.066700]
20 Oct 16:26    INFO  valid result: 
recall@10 : 0.0991    recall@20 : 0.1393    recall@50 : 0.2022    ndcg@10 : 0.0562    ndcg@20 : 0.0667    ndcg@50 : 0.0795    
20 Oct 16:26    INFO  Saving current best: saved/DirectAU-Oct-20-2023_15-54-35.pth
20 Oct 16:26    INFO  epoch 165 training [time: 2.08s, train loss: -1.1238]
20 Oct 16:26    INFO  epoch 165 evaluating [time: 9.28s, valid_score: 0.066500]
20 Oct 16:26    INFO  valid result: 
recall@10 : 0.0983    recall@20 : 0.1395    recall@50 : 0.2023    ndcg@10 : 0.0557    ndcg@20 : 0.0665    ndcg@50 : 0.0794    
20 Oct 16:26    INFO  epoch 166 training [time: 2.00s, train loss: -1.1240]
20 Oct 16:27    INFO  epoch 166 evaluating [time: 9.49s, valid_score: 0.066400]
20 Oct 16:27    INFO  valid result: 
recall@10 : 0.0987    recall@20 : 0.1391    recall@50 : 0.2026    ndcg@10 : 0.0559    ndcg@20 : 0.0664    ndcg@50 : 0.0794    
20 Oct 16:27    INFO  epoch 167 training [time: 2.07s, train loss: -1.1235]
20 Oct 16:27    INFO  epoch 167 evaluating [time: 9.48s, valid_score: 0.066500]
20 Oct 16:27    INFO  valid result: 
recall@10 : 0.0983    recall@20 : 0.1398    recall@50 : 0.2029    ndcg@10 : 0.0556    ndcg@20 : 0.0665    ndcg@50 : 0.0794    
20 Oct 16:27    INFO  epoch 168 training [time: 2.14s, train loss: -1.1235]
20 Oct 16:27    INFO  epoch 168 evaluating [time: 11.51s, valid_score: 0.066300]
20 Oct 16:27    INFO  valid result: 
recall@10 : 0.0978    recall@20 : 0.1394    recall@50 : 0.2026    ndcg@10 : 0.0555    ndcg@20 : 0.0663    ndcg@50 : 0.0793    
20 Oct 16:27    INFO  epoch 169 training [time: 2.35s, train loss: -1.1235]
20 Oct 16:27    INFO  epoch 169 evaluating [time: 9.28s, valid_score: 0.066400]
20 Oct 16:27    INFO  valid result: 
recall@10 : 0.0993    recall@20 : 0.1388    recall@50 : 0.203    ndcg@10 : 0.0561    ndcg@20 : 0.0664    ndcg@50 : 0.0795    
20 Oct 16:27    INFO  epoch 170 training [time: 2.20s, train loss: -1.1237]
20 Oct 16:27    INFO  epoch 170 evaluating [time: 9.32s, valid_score: 0.066400]
20 Oct 16:27    INFO  valid result: 
recall@10 : 0.0988    recall@20 : 0.1388    recall@50 : 0.2027    ndcg@10 : 0.056    ndcg@20 : 0.0664    ndcg@50 : 0.0795    
20 Oct 16:27    INFO  epoch 171 training [time: 2.03s, train loss: -1.1241]
20 Oct 16:28    INFO  epoch 171 evaluating [time: 9.17s, valid_score: 0.066600]
20 Oct 16:28    INFO  valid result: 
recall@10 : 0.0983    recall@20 : 0.139    recall@50 : 0.2032    ndcg@10 : 0.0559    ndcg@20 : 0.0666    ndcg@50 : 0.0797    
20 Oct 16:28    INFO  epoch 172 training [time: 2.08s, train loss: -1.1240]
20 Oct 16:28    INFO  epoch 172 evaluating [time: 9.29s, valid_score: 0.066800]
20 Oct 16:28    INFO  valid result: 
recall@10 : 0.0988    recall@20 : 0.1391    recall@50 : 0.2034    ndcg@10 : 0.0563    ndcg@20 : 0.0668    ndcg@50 : 0.0799    
20 Oct 16:28    INFO  Saving current best: saved/DirectAU-Oct-20-2023_15-54-35.pth
20 Oct 16:28    INFO  epoch 173 training [time: 2.11s, train loss: -1.1235]
20 Oct 16:28    INFO  epoch 173 evaluating [time: 9.15s, valid_score: 0.066500]
20 Oct 16:28    INFO  valid result: 
recall@10 : 0.0984    recall@20 : 0.1389    recall@50 : 0.2023    ndcg@10 : 0.056    ndcg@20 : 0.0665    ndcg@50 : 0.0795    
20 Oct 16:28    INFO  epoch 174 training [time: 2.05s, train loss: -1.1242]
20 Oct 16:28    INFO  epoch 174 evaluating [time: 9.09s, valid_score: 0.066500]
20 Oct 16:28    INFO  valid result: 
recall@10 : 0.0984    recall@20 : 0.1389    recall@50 : 0.2027    ndcg@10 : 0.0559    ndcg@20 : 0.0665    ndcg@50 : 0.0796    
20 Oct 16:28    INFO  epoch 175 training [time: 2.02s, train loss: -1.1238]
20 Oct 16:28    INFO  epoch 175 evaluating [time: 9.36s, valid_score: 0.066600]
20 Oct 16:28    INFO  valid result: 
recall@10 : 0.0989    recall@20 : 0.1389    recall@50 : 0.2031    ndcg@10 : 0.0561    ndcg@20 : 0.0666    ndcg@50 : 0.0797    
20 Oct 16:28    INFO  epoch 176 training [time: 2.11s, train loss: -1.1240]
20 Oct 16:29    INFO  epoch 176 evaluating [time: 9.17s, valid_score: 0.066600]
20 Oct 16:29    INFO  valid result: 
recall@10 : 0.0993    recall@20 : 0.1395    recall@50 : 0.2025    ndcg@10 : 0.0561    ndcg@20 : 0.0666    ndcg@50 : 0.0795    
20 Oct 16:29    INFO  epoch 177 training [time: 1.60s, train loss: -1.1243]
20 Oct 16:29    INFO  epoch 177 evaluating [time: 9.29s, valid_score: 0.066300]
20 Oct 16:29    INFO  valid result: 
recall@10 : 0.0985    recall@20 : 0.1384    recall@50 : 0.2025    ndcg@10 : 0.0559    ndcg@20 : 0.0663    ndcg@50 : 0.0794    
20 Oct 16:29    INFO  epoch 178 training [time: 2.02s, train loss: -1.1248]
20 Oct 16:29    INFO  epoch 178 evaluating [time: 9.17s, valid_score: 0.066300]
20 Oct 16:29    INFO  valid result: 
recall@10 : 0.0989    recall@20 : 0.1396    recall@50 : 0.2032    ndcg@10 : 0.0557    ndcg@20 : 0.0663    ndcg@50 : 0.0794    
20 Oct 16:29    INFO  epoch 179 training [time: 2.04s, train loss: -1.1248]
20 Oct 16:29    INFO  epoch 179 evaluating [time: 9.42s, valid_score: 0.066500]
20 Oct 16:29    INFO  valid result: 
recall@10 : 0.0981    recall@20 : 0.1396    recall@50 : 0.2029    ndcg@10 : 0.0557    ndcg@20 : 0.0665    ndcg@50 : 0.0795    
20 Oct 16:29    INFO  epoch 180 training [time: 2.06s, train loss: -1.1248]
20 Oct 16:29    INFO  epoch 180 evaluating [time: 9.30s, valid_score: 0.066500]
20 Oct 16:29    INFO  valid result: 
recall@10 : 0.0983    recall@20 : 0.1402    recall@50 : 0.2031    ndcg@10 : 0.0556    ndcg@20 : 0.0665    ndcg@50 : 0.0794    
20 Oct 16:29    INFO  epoch 181 training [time: 2.01s, train loss: -1.1246]
20 Oct 16:29    INFO  epoch 181 evaluating [time: 9.37s, valid_score: 0.066900]
20 Oct 16:29    INFO  valid result: 
recall@10 : 0.0981    recall@20 : 0.1405    recall@50 : 0.2038    ndcg@10 : 0.0558    ndcg@20 : 0.0669    ndcg@50 : 0.0798    
20 Oct 16:29    INFO  Saving current best: saved/DirectAU-Oct-20-2023_15-54-35.pth
20 Oct 16:29    INFO  epoch 182 training [time: 2.13s, train loss: -1.1241]
20 Oct 16:30    INFO  epoch 182 evaluating [time: 9.22s, valid_score: 0.066700]
20 Oct 16:30    INFO  valid result: 
recall@10 : 0.0984    recall@20 : 0.1398    recall@50 : 0.2036    ndcg@10 : 0.0558    ndcg@20 : 0.0667    ndcg@50 : 0.0797    
20 Oct 16:30    INFO  epoch 183 training [time: 2.09s, train loss: -1.1243]
20 Oct 16:30    INFO  epoch 183 evaluating [time: 9.33s, valid_score: 0.066600]
20 Oct 16:30    INFO  valid result: 
recall@10 : 0.0982    recall@20 : 0.1389    recall@50 : 0.2043    ndcg@10 : 0.0559    ndcg@20 : 0.0666    ndcg@50 : 0.08    
20 Oct 16:30    INFO  epoch 184 training [time: 2.14s, train loss: -1.1247]
20 Oct 16:30    INFO  epoch 184 evaluating [time: 9.19s, valid_score: 0.066700]
20 Oct 16:30    INFO  valid result: 
recall@10 : 0.0982    recall@20 : 0.1395    recall@50 : 0.204    ndcg@10 : 0.0559    ndcg@20 : 0.0667    ndcg@50 : 0.0799    
20 Oct 16:30    INFO  epoch 185 training [time: 2.13s, train loss: -1.1244]
20 Oct 16:30    INFO  epoch 185 evaluating [time: 9.33s, valid_score: 0.067000]
20 Oct 16:30    INFO  valid result: 
recall@10 : 0.0983    recall@20 : 0.1395    recall@50 : 0.2021    ndcg@10 : 0.0562    ndcg@20 : 0.067    ndcg@50 : 0.0798    
20 Oct 16:30    INFO  Saving current best: saved/DirectAU-Oct-20-2023_15-54-35.pth
20 Oct 16:30    INFO  epoch 186 training [time: 2.08s, train loss: -1.1246]
20 Oct 16:30    INFO  epoch 186 evaluating [time: 9.19s, valid_score: 0.066800]
20 Oct 16:30    INFO  valid result: 
recall@10 : 0.0984    recall@20 : 0.1397    recall@50 : 0.2025    ndcg@10 : 0.056    ndcg@20 : 0.0668    ndcg@50 : 0.0796    
20 Oct 16:30    INFO  epoch 187 training [time: 2.01s, train loss: -1.1246]
20 Oct 16:31    INFO  epoch 187 evaluating [time: 9.21s, valid_score: 0.066900]
20 Oct 16:31    INFO  valid result: 
recall@10 : 0.0986    recall@20 : 0.1404    recall@50 : 0.2027    ndcg@10 : 0.056    ndcg@20 : 0.0669    ndcg@50 : 0.0796    
20 Oct 16:31    INFO  epoch 188 training [time: 2.11s, train loss: -1.1242]
20 Oct 16:31    INFO  epoch 188 evaluating [time: 9.22s, valid_score: 0.066900]
20 Oct 16:31    INFO  valid result: 
recall@10 : 0.0984    recall@20 : 0.1401    recall@50 : 0.2031    ndcg@10 : 0.0561    ndcg@20 : 0.0669    ndcg@50 : 0.0798    
20 Oct 16:31    INFO  epoch 189 training [time: 2.13s, train loss: -1.1249]
20 Oct 16:31    INFO  epoch 189 evaluating [time: 9.37s, valid_score: 0.067000]
20 Oct 16:31    INFO  valid result: 
recall@10 : 0.098    recall@20 : 0.1404    recall@50 : 0.2034    ndcg@10 : 0.0559    ndcg@20 : 0.067    ndcg@50 : 0.0799    
20 Oct 16:31    INFO  epoch 190 training [time: 2.12s, train loss: -1.1250]
20 Oct 16:31    INFO  epoch 190 evaluating [time: 9.33s, valid_score: 0.067100]
20 Oct 16:31    INFO  valid result: 
recall@10 : 0.098    recall@20 : 0.1407    recall@50 : 0.2026    ndcg@10 : 0.056    ndcg@20 : 0.0671    ndcg@50 : 0.0797    
20 Oct 16:31    INFO  Saving current best: saved/DirectAU-Oct-20-2023_15-54-35.pth
20 Oct 16:31    INFO  epoch 191 training [time: 2.20s, train loss: -1.1245]
20 Oct 16:31    INFO  epoch 191 evaluating [time: 9.16s, valid_score: 0.067200]
20 Oct 16:31    INFO  valid result: 
recall@10 : 0.0989    recall@20 : 0.1398    recall@50 : 0.2039    ndcg@10 : 0.0565    ndcg@20 : 0.0672    ndcg@50 : 0.0803    
20 Oct 16:31    INFO  Saving current best: saved/DirectAU-Oct-20-2023_15-54-35.pth
20 Oct 16:31    INFO  epoch 192 training [time: 2.00s, train loss: -1.1246]
20 Oct 16:32    INFO  epoch 192 evaluating [time: 9.31s, valid_score: 0.067200]
20 Oct 16:32    INFO  valid result: 
recall@10 : 0.099    recall@20 : 0.14    recall@50 : 0.2037    ndcg@10 : 0.0565    ndcg@20 : 0.0672    ndcg@50 : 0.0802    
20 Oct 16:32    INFO  epoch 193 training [time: 2.01s, train loss: -1.1251]
20 Oct 16:32    INFO  epoch 193 evaluating [time: 9.29s, valid_score: 0.067200]
20 Oct 16:32    INFO  valid result: 
recall@10 : 0.0979    recall@20 : 0.1402    recall@50 : 0.2039    ndcg@10 : 0.0561    ndcg@20 : 0.0672    ndcg@50 : 0.0802    
20 Oct 16:32    INFO  epoch 194 training [time: 1.82s, train loss: -1.1251]
20 Oct 16:32    INFO  epoch 194 evaluating [time: 9.39s, valid_score: 0.067200]
20 Oct 16:32    INFO  valid result: 
recall@10 : 0.0983    recall@20 : 0.1398    recall@50 : 0.2032    ndcg@10 : 0.0563    ndcg@20 : 0.0672    ndcg@50 : 0.0802    
20 Oct 16:32    INFO  epoch 195 training [time: 2.08s, train loss: -1.1248]
20 Oct 16:32    INFO  epoch 195 evaluating [time: 9.22s, valid_score: 0.066900]
20 Oct 16:32    INFO  valid result: 
recall@10 : 0.0988    recall@20 : 0.1393    recall@50 : 0.2029    ndcg@10 : 0.0563    ndcg@20 : 0.0669    ndcg@50 : 0.0799    
20 Oct 16:32    INFO  epoch 196 training [time: 2.11s, train loss: -1.1247]
20 Oct 16:32    INFO  epoch 196 evaluating [time: 11.43s, valid_score: 0.067200]
20 Oct 16:32    INFO  valid result: 
recall@10 : 0.098    recall@20 : 0.1402    recall@50 : 0.2026    ndcg@10 : 0.0562    ndcg@20 : 0.0672    ndcg@50 : 0.08    
20 Oct 16:32    INFO  epoch 197 training [time: 2.11s, train loss: -1.1251]
20 Oct 16:33    INFO  epoch 197 evaluating [time: 9.27s, valid_score: 0.067100]
20 Oct 16:33    INFO  valid result: 
recall@10 : 0.0985    recall@20 : 0.1396    recall@50 : 0.2031    ndcg@10 : 0.0563    ndcg@20 : 0.0671    ndcg@50 : 0.0801    
20 Oct 16:33    INFO  epoch 198 training [time: 2.11s, train loss: -1.1249]
20 Oct 16:33    INFO  epoch 198 evaluating [time: 9.37s, valid_score: 0.067200]
20 Oct 16:33    INFO  valid result: 
recall@10 : 0.0996    recall@20 : 0.1404    recall@50 : 0.2033    ndcg@10 : 0.0565    ndcg@20 : 0.0672    ndcg@50 : 0.0801    
20 Oct 16:33    INFO  epoch 199 training [time: 2.05s, train loss: -1.1250]
20 Oct 16:33    INFO  epoch 199 evaluating [time: 9.29s, valid_score: 0.066900]
20 Oct 16:33    INFO  valid result: 
recall@10 : 0.0996    recall@20 : 0.1394    recall@50 : 0.2033    ndcg@10 : 0.0565    ndcg@20 : 0.0669    ndcg@50 : 0.08    
20 Oct 16:33    INFO  epoch 200 training [time: 2.12s, train loss: -1.1251]
20 Oct 16:33    INFO  epoch 200 evaluating [time: 9.37s, valid_score: 0.067000]
20 Oct 16:33    INFO  valid result: 
recall@10 : 0.1    recall@20 : 0.1404    recall@50 : 0.2041    ndcg@10 : 0.0565    ndcg@20 : 0.067    ndcg@50 : 0.0801    
20 Oct 16:33    INFO  epoch 201 training [time: 2.07s, train loss: -1.1249]
20 Oct 16:33    INFO  epoch 201 evaluating [time: 9.21s, valid_score: 0.067200]
20 Oct 16:33    INFO  valid result: 
recall@10 : 0.0996    recall@20 : 0.1405    recall@50 : 0.2045    ndcg@10 : 0.0564    ndcg@20 : 0.0672    ndcg@50 : 0.0802    
20 Oct 16:33    INFO  epoch 202 training [time: 2.06s, train loss: -1.1251]
20 Oct 16:33    INFO  epoch 202 evaluating [time: 9.32s, valid_score: 0.067000]
20 Oct 16:33    INFO  valid result: 
recall@10 : 0.0996    recall@20 : 0.1399    recall@50 : 0.2035    ndcg@10 : 0.0565    ndcg@20 : 0.067    ndcg@50 : 0.08    
20 Oct 16:33    INFO  Finished training, best eval result in epoch 191
20 Oct 16:33    INFO  Loading model structure and parameters from saved/DirectAU-Oct-20-2023_15-54-35.pth
20 Oct 16:34    INFO  best valid : {'recall@10': 0.0989, 'recall@20': 0.1398, 'recall@50': 0.2039, 'ndcg@10': 0.0565, 'ndcg@20': 0.0672, 'ndcg@50': 0.0803}
20 Oct 16:34    INFO  test result: {'recall@10': 0.1008, 'recall@20': 0.1426, 'recall@50': 0.2078, 'ndcg@10': 0.0584, 'ndcg@20': 0.0693, 'ndcg@50': 0.0827}
