command line args [--zc 0.9] will not be used in RecBole
20 Oct 15:55    INFO  
General Hyper Parameters:
gpu_id = 1
use_gpu = True
seed = 0
state = INFO
reproducibility = True
data_path = dataset/Beauty
show_progress = False

Training Hyper Parameters:
checkpoint_dir = saved
epochs = 500
train_batch_size = 256
learner = adam
learning_rate = 0.001
training_neg_sample_num = 0
training_neg_sample_distribution = uniform
eval_step = 1
stopping_step = 10
clip_grad_norm = None
weight_decay = 1e-06
draw_loss_pic = False
loss_decimal_place = 4

Evaluation Hyper Parameters:
eval_setting = RO_RS,full
group_by_user = True
split_ratio = [0.8, 0.1, 0.1]
leave_one_num = 2
real_time_process = False
metrics = ['Recall', 'NDCG']
topk = [10, 20, 50]
valid_metric = NDCG@20
eval_batch_size = 4096
metric_decimal_place = 4

Dataset Hyper Parameters:
field_separator = 	
seq_separator =  
USER_ID_FIELD = user_id
ITEM_ID_FIELD = item_id
RATING_FIELD = rating
TIME_FIELD = timestamp
seq_len = None
LABEL_FIELD = label
threshold = None
NEG_PREFIX = neg_
load_col = {'inter': ['user_id', 'item_id', 'timestamp']}
unload_col = None
unused_col = None
additional_feat_suffix = None
lowest_val = None
highest_val = None
equal_val = None
not_equal_val = None
max_user_inter_num = None
min_user_inter_num = 5
max_item_inter_num = None
min_item_inter_num = 5
fields_in_same_space = None
preload_weight = None
normalize_field = None
normalize_all = None
ITEM_LIST_LENGTH_FIELD = item_length
LIST_SUFFIX = _list
MAX_ITEM_LIST_LENGTH = 50
POSITION_FIELD = position_id
HEAD_ENTITY_ID_FIELD = head_id
TAIL_ENTITY_ID_FIELD = tail_id
RELATION_ID_FIELD = relation_id
ENTITY_ID_FIELD = entity_id

Other Hyper Parameters: 
valid_metric_bigger = True
BT = 0.1
bt = 0.001
embedding_size = 64
encoder = MF
gamma = 0.5
times = 1
witem = 0.1
wuser = 0.8
zc = 0.9
rm_dup_inter = None
filter_inter_by_user_or_item = True
SOURCE_ID_FIELD = source_id
TARGET_ID_FIELD = target_id
benchmark_filename = None
MODEL_TYPE = ModelType.GENERAL
MODEL_INPUT_TYPE = InputType.POINTWISE
eval_type = EvaluatorType.RANKING
device = cuda
train_neg_sample_args = {'strategy': 'none'}


20 Oct 15:55    INFO  Beauty
The number of users: 22364
Average actions of users: 8.876358270357287
The number of items: 12102
Average actions of items: 16.403768283612923
The number of inters: 198502
The sparsity of the dataset: 99.92665707018277%
Remain Fields: ['user_id', 'item_id', 'timestamp']
20 Oct 15:55    INFO  Build [GeneralDataLoader] for [train] with format [InputType.POINTWISE]
20 Oct 15:55    INFO  [train] No Negative Sampling
20 Oct 15:55    INFO  [train] batch_size = [256], shuffle = [True]

20 Oct 15:55    INFO  Build [GeneralFullDataLoader] for [evaluation] with format [InputType.POINTWISE]
20 Oct 15:55    INFO  Evaluation Setting:
	Group by user_id
	Ordering: {'strategy': 'shuffle'}
	Splitting: {'strategy': 'by_ratio', 'ratios': [0.8, 0.1, 0.1]}
	Negative Sampling: {'strategy': 'full', 'distribution': 'uniform'}
20 Oct 15:55    INFO  [evaluation] batch_size = [4096], shuffle = [False]

20 Oct 15:55    WARNING  Batch size is changed to 12102.
20 Oct 15:55    WARNING  Batch size is changed to 12102.
{'BT': 0.1, 'bt': 0.001, 'embedding_size': 64, 'encoder': 'MF', 'gamma': None, 'times': 1, 'training_neg_sample_num': 0, 'witem': 0.1, 'wuser': 0.8, 'zc': 0.9}
this is encoder MF...
这是directau 的 WUBT 版本...
20 Oct 15:55    INFO  DirectAU(
  (encoder): MFEncoder(
    (user_embedding): Embedding(22364, 64)
    (item_embedding): Embedding(12102, 64)
  )
  (bn): BatchNorm1d(64, eps=1e-05, momentum=0.1, affine=False, track_running_stats=True)
  (projector): Sequential(
    (0): Linear(in_features=64, out_features=64, bias=False)
    (1): BatchNorm1d(64, eps=1e-05, momentum=0.1, affine=True, track_running_stats=True)
    (2): ReLU(inplace=True)
    (3): Linear(in_features=64, out_features=64, bias=False)
    (4): BatchNorm1d(64, eps=1e-05, momentum=0.1, affine=True, track_running_stats=True)
    (5): ReLU(inplace=True)
    (6): Linear(in_features=64, out_features=64, bias=False)
  )
)
Trainable parameters: 2218368
20 Oct 15:55    INFO  epoch 0 training [time: 2.04s, train loss: 0.0956]
20 Oct 15:55    INFO  epoch 0 evaluating [time: 11.94s, valid_score: 0.011100]
20 Oct 15:55    INFO  valid result: 
recall@10 : 0.0154    recall@20 : 0.0247    recall@50 : 0.0407    ndcg@10 : 0.0085    ndcg@20 : 0.0111    ndcg@50 : 0.0146    
20 Oct 15:55    INFO  Saving current best: saved/DirectAU-Oct-20-2023_15-55-07.pth
20 Oct 15:55    INFO  epoch 1 training [time: 2.20s, train loss: -0.3799]
20 Oct 15:55    INFO  epoch 1 evaluating [time: 10.99s, valid_score: 0.017000]
20 Oct 15:55    INFO  valid result: 
recall@10 : 0.0235    recall@20 : 0.037    recall@50 : 0.0609    ndcg@10 : 0.0133    ndcg@20 : 0.017    ndcg@50 : 0.0221    
20 Oct 15:55    INFO  Saving current best: saved/DirectAU-Oct-20-2023_15-55-07.pth
20 Oct 15:55    INFO  epoch 2 training [time: 2.22s, train loss: -0.5248]
20 Oct 15:55    INFO  epoch 2 evaluating [time: 10.49s, valid_score: 0.020000]
20 Oct 15:55    INFO  valid result: 
recall@10 : 0.0282    recall@20 : 0.0432    recall@50 : 0.0706    ndcg@10 : 0.0159    ndcg@20 : 0.02    ndcg@50 : 0.0258    
20 Oct 15:55    INFO  Saving current best: saved/DirectAU-Oct-20-2023_15-55-07.pth
20 Oct 15:55    INFO  epoch 3 training [time: 2.30s, train loss: -0.5986]
20 Oct 15:55    INFO  epoch 3 evaluating [time: 9.63s, valid_score: 0.023100]
20 Oct 15:55    INFO  valid result: 
recall@10 : 0.0323    recall@20 : 0.0486    recall@50 : 0.0799    ndcg@10 : 0.0187    ndcg@20 : 0.0231    ndcg@50 : 0.0296    
20 Oct 15:55    INFO  Saving current best: saved/DirectAU-Oct-20-2023_15-55-07.pth
20 Oct 15:56    INFO  epoch 4 training [time: 2.24s, train loss: -0.6465]
20 Oct 15:56    INFO  epoch 4 evaluating [time: 10.42s, valid_score: 0.024900]
20 Oct 15:56    INFO  valid result: 
recall@10 : 0.0358    recall@20 : 0.0539    recall@50 : 0.0874    ndcg@10 : 0.02    ndcg@20 : 0.0249    ndcg@50 : 0.0319    
20 Oct 15:56    INFO  Saving current best: saved/DirectAU-Oct-20-2023_15-55-07.pth
20 Oct 15:56    INFO  epoch 5 training [time: 2.18s, train loss: -0.6823]
20 Oct 15:56    INFO  epoch 5 evaluating [time: 11.35s, valid_score: 0.026300]
20 Oct 15:56    INFO  valid result: 
recall@10 : 0.0367    recall@20 : 0.0571    recall@50 : 0.0908    ndcg@10 : 0.0208    ndcg@20 : 0.0263    ndcg@50 : 0.0333    
20 Oct 15:56    INFO  Saving current best: saved/DirectAU-Oct-20-2023_15-55-07.pth
20 Oct 15:56    INFO  epoch 6 training [time: 2.25s, train loss: -0.7097]
20 Oct 15:56    INFO  epoch 6 evaluating [time: 10.85s, valid_score: 0.027800]
20 Oct 15:56    INFO  valid result: 
recall@10 : 0.0395    recall@20 : 0.06    recall@50 : 0.0959    ndcg@10 : 0.0223    ndcg@20 : 0.0278    ndcg@50 : 0.0353    
20 Oct 15:56    INFO  Saving current best: saved/DirectAU-Oct-20-2023_15-55-07.pth
20 Oct 15:56    INFO  epoch 7 training [time: 2.24s, train loss: -0.7327]
20 Oct 15:56    INFO  epoch 7 evaluating [time: 10.98s, valid_score: 0.029300]
20 Oct 15:56    INFO  valid result: 
recall@10 : 0.041    recall@20 : 0.063    recall@50 : 0.102    ndcg@10 : 0.0235    ndcg@20 : 0.0293    ndcg@50 : 0.0374    
20 Oct 15:56    INFO  Saving current best: saved/DirectAU-Oct-20-2023_15-55-07.pth
20 Oct 15:56    INFO  epoch 8 training [time: 2.22s, train loss: -0.7542]
20 Oct 15:57    INFO  epoch 8 evaluating [time: 9.60s, valid_score: 0.030200]
20 Oct 15:57    INFO  valid result: 
recall@10 : 0.0433    recall@20 : 0.0654    recall@50 : 0.1055    ndcg@10 : 0.0243    ndcg@20 : 0.0302    ndcg@50 : 0.0386    
20 Oct 15:57    INFO  Saving current best: saved/DirectAU-Oct-20-2023_15-55-07.pth
20 Oct 15:57    INFO  epoch 9 training [time: 2.15s, train loss: -0.7726]
20 Oct 15:57    INFO  epoch 9 evaluating [time: 9.34s, valid_score: 0.031600]
20 Oct 15:57    INFO  valid result: 
recall@10 : 0.046    recall@20 : 0.0681    recall@50 : 0.1091    ndcg@10 : 0.0257    ndcg@20 : 0.0316    ndcg@50 : 0.0401    
20 Oct 15:57    INFO  Saving current best: saved/DirectAU-Oct-20-2023_15-55-07.pth
20 Oct 15:57    INFO  epoch 10 training [time: 2.36s, train loss: -0.7886]
20 Oct 15:57    INFO  epoch 10 evaluating [time: 9.22s, valid_score: 0.032800]
20 Oct 15:57    INFO  valid result: 
recall@10 : 0.0471    recall@20 : 0.0702    recall@50 : 0.1121    ndcg@10 : 0.0266    ndcg@20 : 0.0328    ndcg@50 : 0.0414    
20 Oct 15:57    INFO  Saving current best: saved/DirectAU-Oct-20-2023_15-55-07.pth
20 Oct 15:57    INFO  epoch 11 training [time: 2.16s, train loss: -0.8041]
20 Oct 15:57    INFO  epoch 11 evaluating [time: 9.21s, valid_score: 0.034000]
20 Oct 15:57    INFO  valid result: 
recall@10 : 0.0489    recall@20 : 0.0724    recall@50 : 0.1144    ndcg@10 : 0.0277    ndcg@20 : 0.034    ndcg@50 : 0.0427    
20 Oct 15:57    INFO  Saving current best: saved/DirectAU-Oct-20-2023_15-55-07.pth
20 Oct 15:57    INFO  epoch 12 training [time: 2.22s, train loss: -0.8183]
20 Oct 15:57    INFO  epoch 12 evaluating [time: 9.27s, valid_score: 0.034700]
20 Oct 15:57    INFO  valid result: 
recall@10 : 0.0495    recall@20 : 0.074    recall@50 : 0.1174    ndcg@10 : 0.0282    ndcg@20 : 0.0347    ndcg@50 : 0.0437    
20 Oct 15:57    INFO  Saving current best: saved/DirectAU-Oct-20-2023_15-55-07.pth
20 Oct 15:57    INFO  epoch 13 training [time: 2.18s, train loss: -0.8320]
20 Oct 15:58    INFO  epoch 13 evaluating [time: 9.38s, valid_score: 0.035500]
20 Oct 15:58    INFO  valid result: 
recall@10 : 0.052    recall@20 : 0.076    recall@50 : 0.1195    ndcg@10 : 0.0291    ndcg@20 : 0.0355    ndcg@50 : 0.0445    
20 Oct 15:58    INFO  Saving current best: saved/DirectAU-Oct-20-2023_15-55-07.pth
20 Oct 15:58    INFO  epoch 14 training [time: 2.19s, train loss: -0.8432]
20 Oct 15:58    INFO  epoch 14 evaluating [time: 9.18s, valid_score: 0.036400]
20 Oct 15:58    INFO  valid result: 
recall@10 : 0.0527    recall@20 : 0.0778    recall@50 : 0.1232    ndcg@10 : 0.0297    ndcg@20 : 0.0364    ndcg@50 : 0.0457    
20 Oct 15:58    INFO  Saving current best: saved/DirectAU-Oct-20-2023_15-55-07.pth
20 Oct 15:58    INFO  epoch 15 training [time: 2.10s, train loss: -0.8556]
20 Oct 15:58    INFO  epoch 15 evaluating [time: 9.43s, valid_score: 0.037900]
20 Oct 15:58    INFO  valid result: 
recall@10 : 0.0552    recall@20 : 0.0804    recall@50 : 0.1256    ndcg@10 : 0.0312    ndcg@20 : 0.0379    ndcg@50 : 0.0472    
20 Oct 15:58    INFO  Saving current best: saved/DirectAU-Oct-20-2023_15-55-07.pth
20 Oct 15:58    INFO  epoch 16 training [time: 2.19s, train loss: -0.8662]
20 Oct 15:58    INFO  epoch 16 evaluating [time: 9.24s, valid_score: 0.038600]
20 Oct 15:58    INFO  valid result: 
recall@10 : 0.0557    recall@20 : 0.0819    recall@50 : 0.1278    ndcg@10 : 0.0317    ndcg@20 : 0.0386    ndcg@50 : 0.0481    
20 Oct 15:58    INFO  Saving current best: saved/DirectAU-Oct-20-2023_15-55-07.pth
20 Oct 15:58    INFO  epoch 17 training [time: 2.18s, train loss: -0.8773]
20 Oct 15:58    INFO  epoch 17 evaluating [time: 9.44s, valid_score: 0.039600]
20 Oct 15:58    INFO  valid result: 
recall@10 : 0.057    recall@20 : 0.0834    recall@50 : 0.1296    ndcg@10 : 0.0326    ndcg@20 : 0.0396    ndcg@50 : 0.0492    
20 Oct 15:58    INFO  Saving current best: saved/DirectAU-Oct-20-2023_15-55-07.pth
20 Oct 15:58    INFO  epoch 18 training [time: 2.19s, train loss: -0.8876]
20 Oct 15:58    INFO  epoch 18 evaluating [time: 9.55s, valid_score: 0.040400]
20 Oct 15:58    INFO  valid result: 
recall@10 : 0.059    recall@20 : 0.0856    recall@50 : 0.1328    ndcg@10 : 0.0334    ndcg@20 : 0.0404    ndcg@50 : 0.0502    
20 Oct 15:58    INFO  Saving current best: saved/DirectAU-Oct-20-2023_15-55-07.pth
20 Oct 15:59    INFO  epoch 19 training [time: 2.13s, train loss: -0.8966]
20 Oct 15:59    INFO  epoch 19 evaluating [time: 9.49s, valid_score: 0.040900]
20 Oct 15:59    INFO  valid result: 
recall@10 : 0.0599    recall@20 : 0.0873    recall@50 : 0.1358    ndcg@10 : 0.0337    ndcg@20 : 0.0409    ndcg@50 : 0.0509    
20 Oct 15:59    INFO  Saving current best: saved/DirectAU-Oct-20-2023_15-55-07.pth
20 Oct 15:59    INFO  epoch 20 training [time: 2.22s, train loss: -0.9066]
20 Oct 15:59    INFO  epoch 20 evaluating [time: 9.54s, valid_score: 0.041900]
20 Oct 15:59    INFO  valid result: 
recall@10 : 0.06    recall@20 : 0.0899    recall@50 : 0.1377    ndcg@10 : 0.0341    ndcg@20 : 0.0419    ndcg@50 : 0.0517    
20 Oct 15:59    INFO  Saving current best: saved/DirectAU-Oct-20-2023_15-55-07.pth
20 Oct 15:59    INFO  epoch 21 training [time: 2.21s, train loss: -0.9150]
20 Oct 15:59    INFO  epoch 21 evaluating [time: 9.49s, valid_score: 0.042400]
20 Oct 15:59    INFO  valid result: 
recall@10 : 0.0601    recall@20 : 0.0894    recall@50 : 0.1384    ndcg@10 : 0.0346    ndcg@20 : 0.0424    ndcg@50 : 0.0525    
20 Oct 15:59    INFO  Saving current best: saved/DirectAU-Oct-20-2023_15-55-07.pth
20 Oct 15:59    INFO  epoch 22 training [time: 2.20s, train loss: -0.9241]
20 Oct 15:59    INFO  epoch 22 evaluating [time: 9.27s, valid_score: 0.043000]
20 Oct 15:59    INFO  valid result: 
recall@10 : 0.0621    recall@20 : 0.0913    recall@50 : 0.1409    ndcg@10 : 0.0354    ndcg@20 : 0.043    ndcg@50 : 0.0532    
20 Oct 15:59    INFO  Saving current best: saved/DirectAU-Oct-20-2023_15-55-07.pth
20 Oct 15:59    INFO  epoch 23 training [time: 2.36s, train loss: -0.9313]
20 Oct 15:59    INFO  epoch 23 evaluating [time: 9.40s, valid_score: 0.043600]
20 Oct 15:59    INFO  valid result: 
recall@10 : 0.063    recall@20 : 0.0926    recall@50 : 0.1422    ndcg@10 : 0.0358    ndcg@20 : 0.0436    ndcg@50 : 0.0538    
20 Oct 15:59    INFO  Saving current best: saved/DirectAU-Oct-20-2023_15-55-07.pth
20 Oct 16:00    INFO  epoch 24 training [time: 2.44s, train loss: -0.9394]
20 Oct 16:00    INFO  epoch 24 evaluating [time: 9.31s, valid_score: 0.044500]
20 Oct 16:00    INFO  valid result: 
recall@10 : 0.066    recall@20 : 0.0942    recall@50 : 0.1442    ndcg@10 : 0.0371    ndcg@20 : 0.0445    ndcg@50 : 0.0548    
20 Oct 16:00    INFO  Saving current best: saved/DirectAU-Oct-20-2023_15-55-07.pth
20 Oct 16:00    INFO  epoch 25 training [time: 2.23s, train loss: -0.9478]
20 Oct 16:00    INFO  epoch 25 evaluating [time: 9.34s, valid_score: 0.045200]
20 Oct 16:00    INFO  valid result: 
recall@10 : 0.0665    recall@20 : 0.095    recall@50 : 0.1468    ndcg@10 : 0.0377    ndcg@20 : 0.0452    ndcg@50 : 0.0559    
20 Oct 16:00    INFO  Saving current best: saved/DirectAU-Oct-20-2023_15-55-07.pth
20 Oct 16:00    INFO  epoch 26 training [time: 2.20s, train loss: -0.9545]
20 Oct 16:00    INFO  epoch 26 evaluating [time: 9.42s, valid_score: 0.045400]
20 Oct 16:00    INFO  valid result: 
recall@10 : 0.0665    recall@20 : 0.0954    recall@50 : 0.1485    ndcg@10 : 0.0377    ndcg@20 : 0.0454    ndcg@50 : 0.0563    
20 Oct 16:00    INFO  Saving current best: saved/DirectAU-Oct-20-2023_15-55-07.pth
20 Oct 16:00    INFO  epoch 27 training [time: 2.12s, train loss: -0.9608]
20 Oct 16:00    INFO  epoch 27 evaluating [time: 9.43s, valid_score: 0.045900]
20 Oct 16:00    INFO  valid result: 
recall@10 : 0.0672    recall@20 : 0.0971    recall@50 : 0.1515    ndcg@10 : 0.038    ndcg@20 : 0.0459    ndcg@50 : 0.0571    
20 Oct 16:00    INFO  Saving current best: saved/DirectAU-Oct-20-2023_15-55-07.pth
20 Oct 16:00    INFO  epoch 28 training [time: 2.20s, train loss: -0.9678]
20 Oct 16:00    INFO  epoch 28 evaluating [time: 9.48s, valid_score: 0.046800]
20 Oct 16:00    INFO  valid result: 
recall@10 : 0.0681    recall@20 : 0.0989    recall@50 : 0.1524    ndcg@10 : 0.0387    ndcg@20 : 0.0468    ndcg@50 : 0.0578    
20 Oct 16:00    INFO  Saving current best: saved/DirectAU-Oct-20-2023_15-55-07.pth
20 Oct 16:00    INFO  epoch 29 training [time: 2.27s, train loss: -0.9735]
20 Oct 16:01    INFO  epoch 29 evaluating [time: 9.39s, valid_score: 0.047400]
20 Oct 16:01    INFO  valid result: 
recall@10 : 0.0687    recall@20 : 0.1008    recall@50 : 0.1526    ndcg@10 : 0.039    ndcg@20 : 0.0474    ndcg@50 : 0.0581    
20 Oct 16:01    INFO  Saving current best: saved/DirectAU-Oct-20-2023_15-55-07.pth
20 Oct 16:01    INFO  epoch 30 training [time: 2.24s, train loss: -0.9796]
20 Oct 16:01    INFO  epoch 30 evaluating [time: 9.52s, valid_score: 0.047700]
20 Oct 16:01    INFO  valid result: 
recall@10 : 0.0694    recall@20 : 0.1004    recall@50 : 0.1544    ndcg@10 : 0.0395    ndcg@20 : 0.0477    ndcg@50 : 0.0589    
20 Oct 16:01    INFO  Saving current best: saved/DirectAU-Oct-20-2023_15-55-07.pth
20 Oct 16:01    INFO  epoch 31 training [time: 2.23s, train loss: -0.9851]
20 Oct 16:01    INFO  epoch 31 evaluating [time: 9.13s, valid_score: 0.048300]
20 Oct 16:01    INFO  valid result: 
recall@10 : 0.0713    recall@20 : 0.1024    recall@50 : 0.1563    ndcg@10 : 0.0402    ndcg@20 : 0.0483    ndcg@50 : 0.0594    
20 Oct 16:01    INFO  Saving current best: saved/DirectAU-Oct-20-2023_15-55-07.pth
20 Oct 16:01    INFO  epoch 32 training [time: 1.71s, train loss: -0.9912]
20 Oct 16:01    INFO  epoch 32 evaluating [time: 9.23s, valid_score: 0.048600]
20 Oct 16:01    INFO  valid result: 
recall@10 : 0.0711    recall@20 : 0.104    recall@50 : 0.1575    ndcg@10 : 0.04    ndcg@20 : 0.0486    ndcg@50 : 0.0596    
20 Oct 16:01    INFO  Saving current best: saved/DirectAU-Oct-20-2023_15-55-07.pth
20 Oct 16:01    INFO  epoch 33 training [time: 2.04s, train loss: -0.9963]
20 Oct 16:01    INFO  epoch 33 evaluating [time: 9.10s, valid_score: 0.049600]
20 Oct 16:01    INFO  valid result: 
recall@10 : 0.0719    recall@20 : 0.1052    recall@50 : 0.1589    ndcg@10 : 0.0409    ndcg@20 : 0.0496    ndcg@50 : 0.0607    
20 Oct 16:01    INFO  Saving current best: saved/DirectAU-Oct-20-2023_15-55-07.pth
20 Oct 16:01    INFO  epoch 34 training [time: 1.96s, train loss: -1.0012]
20 Oct 16:02    INFO  epoch 34 evaluating [time: 9.34s, valid_score: 0.049800]
20 Oct 16:02    INFO  valid result: 
recall@10 : 0.0725    recall@20 : 0.1054    recall@50 : 0.1619    ndcg@10 : 0.0411    ndcg@20 : 0.0498    ndcg@50 : 0.0614    
20 Oct 16:02    INFO  Saving current best: saved/DirectAU-Oct-20-2023_15-55-07.pth
20 Oct 16:02    INFO  epoch 35 training [time: 2.19s, train loss: -1.0060]
20 Oct 16:02    INFO  epoch 35 evaluating [time: 9.25s, valid_score: 0.050600]
20 Oct 16:02    INFO  valid result: 
recall@10 : 0.0736    recall@20 : 0.1068    recall@50 : 0.1628    ndcg@10 : 0.0419    ndcg@20 : 0.0506    ndcg@50 : 0.0621    
20 Oct 16:02    INFO  Saving current best: saved/DirectAU-Oct-20-2023_15-55-07.pth
20 Oct 16:02    INFO  epoch 36 training [time: 2.05s, train loss: -1.0109]
20 Oct 16:02    INFO  epoch 36 evaluating [time: 9.57s, valid_score: 0.051100]
20 Oct 16:02    INFO  valid result: 
recall@10 : 0.0749    recall@20 : 0.1085    recall@50 : 0.1636    ndcg@10 : 0.0423    ndcg@20 : 0.0511    ndcg@50 : 0.0624    
20 Oct 16:02    INFO  Saving current best: saved/DirectAU-Oct-20-2023_15-55-07.pth
20 Oct 16:02    INFO  epoch 37 training [time: 2.22s, train loss: -1.0155]
20 Oct 16:02    INFO  epoch 37 evaluating [time: 9.21s, valid_score: 0.051300]
20 Oct 16:02    INFO  valid result: 
recall@10 : 0.0747    recall@20 : 0.1087    recall@50 : 0.1643    ndcg@10 : 0.0424    ndcg@20 : 0.0513    ndcg@50 : 0.0628    
20 Oct 16:02    INFO  Saving current best: saved/DirectAU-Oct-20-2023_15-55-07.pth
20 Oct 16:02    INFO  epoch 38 training [time: 2.04s, train loss: -1.0190]
20 Oct 16:02    INFO  epoch 38 evaluating [time: 9.19s, valid_score: 0.051500]
20 Oct 16:02    INFO  valid result: 
recall@10 : 0.0771    recall@20 : 0.1084    recall@50 : 0.1648    ndcg@10 : 0.0433    ndcg@20 : 0.0515    ndcg@50 : 0.0631    
20 Oct 16:02    INFO  Saving current best: saved/DirectAU-Oct-20-2023_15-55-07.pth
20 Oct 16:02    INFO  epoch 39 training [time: 2.26s, train loss: -1.0239]
20 Oct 16:03    INFO  epoch 39 evaluating [time: 9.32s, valid_score: 0.051900]
20 Oct 16:03    INFO  valid result: 
recall@10 : 0.0767    recall@20 : 0.1088    recall@50 : 0.1655    ndcg@10 : 0.0435    ndcg@20 : 0.0519    ndcg@50 : 0.0636    
20 Oct 16:03    INFO  Saving current best: saved/DirectAU-Oct-20-2023_15-55-07.pth
20 Oct 16:03    INFO  epoch 40 training [time: 2.11s, train loss: -1.0274]
20 Oct 16:03    INFO  epoch 40 evaluating [time: 9.29s, valid_score: 0.052700]
20 Oct 16:03    INFO  valid result: 
recall@10 : 0.0761    recall@20 : 0.111    recall@50 : 0.1662    ndcg@10 : 0.0435    ndcg@20 : 0.0527    ndcg@50 : 0.064    
20 Oct 16:03    INFO  Saving current best: saved/DirectAU-Oct-20-2023_15-55-07.pth
20 Oct 16:03    INFO  epoch 41 training [time: 2.25s, train loss: -1.0312]
20 Oct 16:03    INFO  epoch 41 evaluating [time: 9.37s, valid_score: 0.053500]
20 Oct 16:03    INFO  valid result: 
recall@10 : 0.0764    recall@20 : 0.1123    recall@50 : 0.1684    ndcg@10 : 0.0441    ndcg@20 : 0.0535    ndcg@50 : 0.065    
20 Oct 16:03    INFO  Saving current best: saved/DirectAU-Oct-20-2023_15-55-07.pth
20 Oct 16:03    INFO  epoch 42 training [time: 2.23s, train loss: -1.0352]
20 Oct 16:03    INFO  epoch 42 evaluating [time: 9.28s, valid_score: 0.053700]
20 Oct 16:03    INFO  valid result: 
recall@10 : 0.0769    recall@20 : 0.1123    recall@50 : 0.1684    ndcg@10 : 0.0444    ndcg@20 : 0.0537    ndcg@50 : 0.0652    
20 Oct 16:03    INFO  Saving current best: saved/DirectAU-Oct-20-2023_15-55-07.pth
20 Oct 16:03    INFO  epoch 43 training [time: 2.20s, train loss: -1.0384]
20 Oct 16:03    INFO  epoch 43 evaluating [time: 9.48s, valid_score: 0.054100]
20 Oct 16:03    INFO  valid result: 
recall@10 : 0.0778    recall@20 : 0.1134    recall@50 : 0.1702    ndcg@10 : 0.0448    ndcg@20 : 0.0541    ndcg@50 : 0.0658    
20 Oct 16:03    INFO  Saving current best: saved/DirectAU-Oct-20-2023_15-55-07.pth
20 Oct 16:03    INFO  epoch 44 training [time: 2.14s, train loss: -1.0419]
20 Oct 16:04    INFO  epoch 44 evaluating [time: 9.51s, valid_score: 0.054400]
20 Oct 16:04    INFO  valid result: 
recall@10 : 0.0779    recall@20 : 0.1138    recall@50 : 0.17    ndcg@10 : 0.045    ndcg@20 : 0.0544    ndcg@50 : 0.066    
20 Oct 16:04    INFO  Saving current best: saved/DirectAU-Oct-20-2023_15-55-07.pth
20 Oct 16:04    INFO  epoch 45 training [time: 2.20s, train loss: -1.0450]
20 Oct 16:04    INFO  epoch 45 evaluating [time: 9.31s, valid_score: 0.054800]
20 Oct 16:04    INFO  valid result: 
recall@10 : 0.0793    recall@20 : 0.1147    recall@50 : 0.1714    ndcg@10 : 0.0455    ndcg@20 : 0.0548    ndcg@50 : 0.0664    
20 Oct 16:04    INFO  Saving current best: saved/DirectAU-Oct-20-2023_15-55-07.pth
20 Oct 16:04    INFO  epoch 46 training [time: 2.17s, train loss: -1.0483]
20 Oct 16:04    INFO  epoch 46 evaluating [time: 9.33s, valid_score: 0.055200]
20 Oct 16:04    INFO  valid result: 
recall@10 : 0.08    recall@20 : 0.1152    recall@50 : 0.1725    ndcg@10 : 0.046    ndcg@20 : 0.0552    ndcg@50 : 0.0669    
20 Oct 16:04    INFO  Saving current best: saved/DirectAU-Oct-20-2023_15-55-07.pth
20 Oct 16:04    INFO  epoch 47 training [time: 2.21s, train loss: -1.0511]
20 Oct 16:04    INFO  epoch 47 evaluating [time: 9.37s, valid_score: 0.054700]
20 Oct 16:04    INFO  valid result: 
recall@10 : 0.0798    recall@20 : 0.1142    recall@50 : 0.1737    ndcg@10 : 0.0456    ndcg@20 : 0.0547    ndcg@50 : 0.0669    
20 Oct 16:04    INFO  epoch 48 training [time: 2.17s, train loss: -1.0540]
20 Oct 16:04    INFO  epoch 48 evaluating [time: 9.38s, valid_score: 0.055400]
20 Oct 16:04    INFO  valid result: 
recall@10 : 0.0802    recall@20 : 0.1154    recall@50 : 0.1731    ndcg@10 : 0.0461    ndcg@20 : 0.0554    ndcg@50 : 0.0672    
20 Oct 16:04    INFO  Saving current best: saved/DirectAU-Oct-20-2023_15-55-07.pth
20 Oct 16:04    INFO  epoch 49 training [time: 2.17s, train loss: -1.0565]
20 Oct 16:04    INFO  epoch 49 evaluating [time: 9.37s, valid_score: 0.055600]
20 Oct 16:04    INFO  valid result: 
recall@10 : 0.0802    recall@20 : 0.1163    recall@50 : 0.1752    ndcg@10 : 0.0462    ndcg@20 : 0.0556    ndcg@50 : 0.0678    
20 Oct 16:04    INFO  Saving current best: saved/DirectAU-Oct-20-2023_15-55-07.pth
20 Oct 16:05    INFO  epoch 50 training [time: 2.20s, train loss: -1.0590]
20 Oct 16:05    INFO  epoch 50 evaluating [time: 9.27s, valid_score: 0.056000]
20 Oct 16:05    INFO  valid result: 
recall@10 : 0.0811    recall@20 : 0.1171    recall@50 : 0.1762    ndcg@10 : 0.0466    ndcg@20 : 0.056    ndcg@50 : 0.0682    
20 Oct 16:05    INFO  Saving current best: saved/DirectAU-Oct-20-2023_15-55-07.pth
20 Oct 16:05    INFO  epoch 51 training [time: 2.22s, train loss: -1.0612]
20 Oct 16:05    INFO  epoch 51 evaluating [time: 9.47s, valid_score: 0.056400]
20 Oct 16:05    INFO  valid result: 
recall@10 : 0.0824    recall@20 : 0.1173    recall@50 : 0.1777    ndcg@10 : 0.0473    ndcg@20 : 0.0564    ndcg@50 : 0.0688    
20 Oct 16:05    INFO  Saving current best: saved/DirectAU-Oct-20-2023_15-55-07.pth
20 Oct 16:05    INFO  epoch 52 training [time: 2.22s, train loss: -1.0636]
20 Oct 16:05    INFO  epoch 52 evaluating [time: 9.07s, valid_score: 0.056400]
20 Oct 16:05    INFO  valid result: 
recall@10 : 0.0821    recall@20 : 0.1175    recall@50 : 0.1781    ndcg@10 : 0.0471    ndcg@20 : 0.0564    ndcg@50 : 0.0689    
20 Oct 16:05    INFO  epoch 53 training [time: 2.23s, train loss: -1.0659]
20 Oct 16:05    INFO  epoch 53 evaluating [time: 9.28s, valid_score: 0.056900]
20 Oct 16:05    INFO  valid result: 
recall@10 : 0.0833    recall@20 : 0.1192    recall@50 : 0.1791    ndcg@10 : 0.0474    ndcg@20 : 0.0569    ndcg@50 : 0.0691    
20 Oct 16:05    INFO  Saving current best: saved/DirectAU-Oct-20-2023_15-55-07.pth
20 Oct 16:05    INFO  epoch 54 training [time: 2.17s, train loss: -1.0684]
20 Oct 16:05    INFO  epoch 54 evaluating [time: 9.27s, valid_score: 0.057200]
20 Oct 16:05    INFO  valid result: 
recall@10 : 0.0837    recall@20 : 0.119    recall@50 : 0.1779    ndcg@10 : 0.048    ndcg@20 : 0.0572    ndcg@50 : 0.0693    
20 Oct 16:05    INFO  Saving current best: saved/DirectAU-Oct-20-2023_15-55-07.pth
20 Oct 16:05    INFO  epoch 55 training [time: 2.21s, train loss: -1.0707]
20 Oct 16:06    INFO  epoch 55 evaluating [time: 9.23s, valid_score: 0.057100]
20 Oct 16:06    INFO  valid result: 
recall@10 : 0.0834    recall@20 : 0.1194    recall@50 : 0.18    ndcg@10 : 0.0477    ndcg@20 : 0.0571    ndcg@50 : 0.0696    
20 Oct 16:06    INFO  epoch 56 training [time: 2.20s, train loss: -1.0719]
20 Oct 16:06    INFO  epoch 56 evaluating [time: 9.37s, valid_score: 0.057500]
20 Oct 16:06    INFO  valid result: 
recall@10 : 0.0833    recall@20 : 0.1206    recall@50 : 0.1806    ndcg@10 : 0.0477    ndcg@20 : 0.0575    ndcg@50 : 0.0698    
20 Oct 16:06    INFO  Saving current best: saved/DirectAU-Oct-20-2023_15-55-07.pth
20 Oct 16:06    INFO  epoch 57 training [time: 2.54s, train loss: -1.0743]
20 Oct 16:06    INFO  epoch 57 evaluating [time: 9.32s, valid_score: 0.057600]
20 Oct 16:06    INFO  valid result: 
recall@10 : 0.0845    recall@20 : 0.1208    recall@50 : 0.1813    ndcg@10 : 0.0481    ndcg@20 : 0.0576    ndcg@50 : 0.07    
20 Oct 16:06    INFO  Saving current best: saved/DirectAU-Oct-20-2023_15-55-07.pth
20 Oct 16:06    INFO  epoch 58 training [time: 2.20s, train loss: -1.0762]
20 Oct 16:06    INFO  epoch 58 evaluating [time: 9.28s, valid_score: 0.057600]
20 Oct 16:06    INFO  valid result: 
recall@10 : 0.084    recall@20 : 0.1205    recall@50 : 0.1805    ndcg@10 : 0.0479    ndcg@20 : 0.0576    ndcg@50 : 0.0699    
20 Oct 16:06    INFO  epoch 59 training [time: 2.16s, train loss: -1.0780]
20 Oct 16:06    INFO  epoch 59 evaluating [time: 9.40s, valid_score: 0.058100]
20 Oct 16:06    INFO  valid result: 
recall@10 : 0.0835    recall@20 : 0.1213    recall@50 : 0.1824    ndcg@10 : 0.0482    ndcg@20 : 0.0581    ndcg@50 : 0.0705    
20 Oct 16:06    INFO  Saving current best: saved/DirectAU-Oct-20-2023_15-55-07.pth
20 Oct 16:06    INFO  epoch 60 training [time: 2.29s, train loss: -1.0792]
20 Oct 16:07    INFO  epoch 60 evaluating [time: 9.53s, valid_score: 0.058600]
20 Oct 16:07    INFO  valid result: 
recall@10 : 0.0852    recall@20 : 0.1227    recall@50 : 0.184    ndcg@10 : 0.0488    ndcg@20 : 0.0586    ndcg@50 : 0.0711    
20 Oct 16:07    INFO  Saving current best: saved/DirectAU-Oct-20-2023_15-55-07.pth
20 Oct 16:07    INFO  epoch 61 training [time: 2.20s, train loss: -1.0810]
20 Oct 16:07    INFO  epoch 61 evaluating [time: 9.18s, valid_score: 0.058600]
20 Oct 16:07    INFO  valid result: 
recall@10 : 0.0839    recall@20 : 0.1233    recall@50 : 0.1828    ndcg@10 : 0.0483    ndcg@20 : 0.0586    ndcg@50 : 0.0708    
20 Oct 16:07    INFO  epoch 62 training [time: 2.53s, train loss: -1.0824]
20 Oct 16:07    INFO  epoch 62 evaluating [time: 9.27s, valid_score: 0.058700]
20 Oct 16:07    INFO  valid result: 
recall@10 : 0.0848    recall@20 : 0.1231    recall@50 : 0.1836    ndcg@10 : 0.0487    ndcg@20 : 0.0587    ndcg@50 : 0.0711    
20 Oct 16:07    INFO  Saving current best: saved/DirectAU-Oct-20-2023_15-55-07.pth
20 Oct 16:07    INFO  epoch 63 training [time: 2.17s, train loss: -1.0841]
20 Oct 16:07    INFO  epoch 63 evaluating [time: 9.48s, valid_score: 0.058700]
20 Oct 16:07    INFO  valid result: 
recall@10 : 0.0843    recall@20 : 0.1233    recall@50 : 0.1827    ndcg@10 : 0.0485    ndcg@20 : 0.0587    ndcg@50 : 0.0709    
20 Oct 16:07    INFO  epoch 64 training [time: 2.18s, train loss: -1.0857]
20 Oct 16:07    INFO  epoch 64 evaluating [time: 9.38s, valid_score: 0.059000]
20 Oct 16:07    INFO  valid result: 
recall@10 : 0.0852    recall@20 : 0.1236    recall@50 : 0.1845    ndcg@10 : 0.049    ndcg@20 : 0.059    ndcg@50 : 0.0715    
20 Oct 16:07    INFO  Saving current best: saved/DirectAU-Oct-20-2023_15-55-07.pth
20 Oct 16:07    INFO  epoch 65 training [time: 2.19s, train loss: -1.0870]
20 Oct 16:08    INFO  epoch 65 evaluating [time: 9.43s, valid_score: 0.059400]
20 Oct 16:08    INFO  valid result: 
recall@10 : 0.085    recall@20 : 0.124    recall@50 : 0.1857    ndcg@10 : 0.0492    ndcg@20 : 0.0594    ndcg@50 : 0.072    
20 Oct 16:08    INFO  Saving current best: saved/DirectAU-Oct-20-2023_15-55-07.pth
20 Oct 16:08    INFO  epoch 66 training [time: 2.20s, train loss: -1.0880]
20 Oct 16:08    INFO  epoch 66 evaluating [time: 9.27s, valid_score: 0.059600]
20 Oct 16:08    INFO  valid result: 
recall@10 : 0.0866    recall@20 : 0.1253    recall@50 : 0.1852    ndcg@10 : 0.0496    ndcg@20 : 0.0596    ndcg@50 : 0.0719    
20 Oct 16:08    INFO  Saving current best: saved/DirectAU-Oct-20-2023_15-55-07.pth
20 Oct 16:08    INFO  epoch 67 training [time: 2.55s, train loss: -1.0895]
20 Oct 16:08    INFO  epoch 67 evaluating [time: 9.13s, valid_score: 0.059900]
20 Oct 16:08    INFO  valid result: 
recall@10 : 0.0864    recall@20 : 0.1258    recall@50 : 0.1863    ndcg@10 : 0.0497    ndcg@20 : 0.0599    ndcg@50 : 0.0723    
20 Oct 16:08    INFO  Saving current best: saved/DirectAU-Oct-20-2023_15-55-07.pth
20 Oct 16:08    INFO  epoch 68 training [time: 2.12s, train loss: -1.0905]
20 Oct 16:08    INFO  epoch 68 evaluating [time: 9.31s, valid_score: 0.060000]
20 Oct 16:08    INFO  valid result: 
recall@10 : 0.0871    recall@20 : 0.1257    recall@50 : 0.1884    ndcg@10 : 0.05    ndcg@20 : 0.06    ndcg@50 : 0.0728    
20 Oct 16:08    INFO  Saving current best: saved/DirectAU-Oct-20-2023_15-55-07.pth
20 Oct 16:08    INFO  epoch 69 training [time: 2.17s, train loss: -1.0916]
20 Oct 16:08    INFO  epoch 69 evaluating [time: 9.34s, valid_score: 0.059900]
20 Oct 16:08    INFO  valid result: 
recall@10 : 0.0873    recall@20 : 0.1251    recall@50 : 0.1882    ndcg@10 : 0.0501    ndcg@20 : 0.0599    ndcg@50 : 0.0728    
20 Oct 16:08    INFO  epoch 70 training [time: 2.03s, train loss: -1.0932]
20 Oct 16:09    INFO  epoch 70 evaluating [time: 9.32s, valid_score: 0.060400]
20 Oct 16:09    INFO  valid result: 
recall@10 : 0.0877    recall@20 : 0.1264    recall@50 : 0.1866    ndcg@10 : 0.0503    ndcg@20 : 0.0604    ndcg@50 : 0.0727    
20 Oct 16:09    INFO  Saving current best: saved/DirectAU-Oct-20-2023_15-55-07.pth
20 Oct 16:09    INFO  epoch 71 training [time: 2.14s, train loss: -1.0938]
20 Oct 16:09    INFO  epoch 71 evaluating [time: 9.26s, valid_score: 0.060400]
20 Oct 16:09    INFO  valid result: 
recall@10 : 0.0883    recall@20 : 0.1262    recall@50 : 0.1872    ndcg@10 : 0.0505    ndcg@20 : 0.0604    ndcg@50 : 0.0729    
20 Oct 16:09    INFO  epoch 72 training [time: 2.12s, train loss: -1.0949]
20 Oct 16:09    INFO  epoch 72 evaluating [time: 9.29s, valid_score: 0.060500]
20 Oct 16:09    INFO  valid result: 
recall@10 : 0.089    recall@20 : 0.1265    recall@50 : 0.1883    ndcg@10 : 0.0507    ndcg@20 : 0.0605    ndcg@50 : 0.0731    
20 Oct 16:09    INFO  Saving current best: saved/DirectAU-Oct-20-2023_15-55-07.pth
20 Oct 16:09    INFO  epoch 73 training [time: 2.12s, train loss: -1.0958]
20 Oct 16:09    INFO  epoch 73 evaluating [time: 9.34s, valid_score: 0.060700]
20 Oct 16:09    INFO  valid result: 
recall@10 : 0.088    recall@20 : 0.128    recall@50 : 0.1888    ndcg@10 : 0.0503    ndcg@20 : 0.0607    ndcg@50 : 0.0732    
20 Oct 16:09    INFO  Saving current best: saved/DirectAU-Oct-20-2023_15-55-07.pth
20 Oct 16:09    INFO  epoch 74 training [time: 2.14s, train loss: -1.0963]
20 Oct 16:09    INFO  epoch 74 evaluating [time: 9.08s, valid_score: 0.060500]
20 Oct 16:09    INFO  valid result: 
recall@10 : 0.0871    recall@20 : 0.1277    recall@50 : 0.1889    ndcg@10 : 0.05    ndcg@20 : 0.0605    ndcg@50 : 0.0731    
20 Oct 16:09    INFO  epoch 75 training [time: 2.25s, train loss: -1.0972]
20 Oct 16:09    INFO  epoch 75 evaluating [time: 9.38s, valid_score: 0.060600]
20 Oct 16:09    INFO  valid result: 
recall@10 : 0.088    recall@20 : 0.1281    recall@50 : 0.189    ndcg@10 : 0.0502    ndcg@20 : 0.0606    ndcg@50 : 0.0732    
20 Oct 16:10    INFO  epoch 76 training [time: 2.17s, train loss: -1.0985]
20 Oct 16:10    INFO  epoch 76 evaluating [time: 9.27s, valid_score: 0.061100]
20 Oct 16:10    INFO  valid result: 
recall@10 : 0.0893    recall@20 : 0.1283    recall@50 : 0.1885    ndcg@10 : 0.051    ndcg@20 : 0.0611    ndcg@50 : 0.0735    
20 Oct 16:10    INFO  Saving current best: saved/DirectAU-Oct-20-2023_15-55-07.pth
20 Oct 16:10    INFO  epoch 77 training [time: 2.22s, train loss: -1.0989]
20 Oct 16:10    INFO  epoch 77 evaluating [time: 9.44s, valid_score: 0.060900]
20 Oct 16:10    INFO  valid result: 
recall@10 : 0.0886    recall@20 : 0.128    recall@50 : 0.1902    ndcg@10 : 0.0506    ndcg@20 : 0.0609    ndcg@50 : 0.0736    
20 Oct 16:10    INFO  epoch 78 training [time: 2.21s, train loss: -1.0996]
20 Oct 16:10    INFO  epoch 78 evaluating [time: 9.40s, valid_score: 0.061200]
20 Oct 16:10    INFO  valid result: 
recall@10 : 0.0884    recall@20 : 0.1282    recall@50 : 0.1914    ndcg@10 : 0.0508    ndcg@20 : 0.0612    ndcg@50 : 0.0741    
20 Oct 16:10    INFO  Saving current best: saved/DirectAU-Oct-20-2023_15-55-07.pth
20 Oct 16:10    INFO  epoch 79 training [time: 2.14s, train loss: -1.1000]
20 Oct 16:10    INFO  epoch 79 evaluating [time: 9.46s, valid_score: 0.061500]
20 Oct 16:10    INFO  valid result: 
recall@10 : 0.0899    recall@20 : 0.1289    recall@50 : 0.1922    ndcg@10 : 0.0513    ndcg@20 : 0.0615    ndcg@50 : 0.0744    
20 Oct 16:10    INFO  Saving current best: saved/DirectAU-Oct-20-2023_15-55-07.pth
20 Oct 16:10    INFO  epoch 80 training [time: 2.10s, train loss: -1.1016]
20 Oct 16:10    INFO  epoch 80 evaluating [time: 9.39s, valid_score: 0.061500]
20 Oct 16:10    INFO  valid result: 
recall@10 : 0.0893    recall@20 : 0.1286    recall@50 : 0.1903    ndcg@10 : 0.0512    ndcg@20 : 0.0615    ndcg@50 : 0.0742    
20 Oct 16:10    INFO  epoch 81 training [time: 2.20s, train loss: -1.1018]
20 Oct 16:11    INFO  epoch 81 evaluating [time: 9.27s, valid_score: 0.061600]
20 Oct 16:11    INFO  valid result: 
recall@10 : 0.0897    recall@20 : 0.1291    recall@50 : 0.1902    ndcg@10 : 0.0513    ndcg@20 : 0.0616    ndcg@50 : 0.0742    
20 Oct 16:11    INFO  Saving current best: saved/DirectAU-Oct-20-2023_15-55-07.pth
20 Oct 16:11    INFO  epoch 82 training [time: 2.24s, train loss: -1.1027]
20 Oct 16:11    INFO  epoch 82 evaluating [time: 9.18s, valid_score: 0.061500]
20 Oct 16:11    INFO  valid result: 
recall@10 : 0.0897    recall@20 : 0.129    recall@50 : 0.1921    ndcg@10 : 0.0513    ndcg@20 : 0.0615    ndcg@50 : 0.0745    
20 Oct 16:11    INFO  epoch 83 training [time: 2.21s, train loss: -1.1027]
20 Oct 16:11    INFO  epoch 83 evaluating [time: 9.39s, valid_score: 0.061700]
20 Oct 16:11    INFO  valid result: 
recall@10 : 0.0902    recall@20 : 0.1295    recall@50 : 0.1916    ndcg@10 : 0.0515    ndcg@20 : 0.0617    ndcg@50 : 0.0744    
20 Oct 16:11    INFO  Saving current best: saved/DirectAU-Oct-20-2023_15-55-07.pth
20 Oct 16:11    INFO  epoch 84 training [time: 2.17s, train loss: -1.1036]
20 Oct 16:11    INFO  epoch 84 evaluating [time: 9.11s, valid_score: 0.062300]
20 Oct 16:11    INFO  valid result: 
recall@10 : 0.0903    recall@20 : 0.13    recall@50 : 0.1925    ndcg@10 : 0.0519    ndcg@20 : 0.0623    ndcg@50 : 0.075    
20 Oct 16:11    INFO  Saving current best: saved/DirectAU-Oct-20-2023_15-55-07.pth
20 Oct 16:11    INFO  epoch 85 training [time: 2.08s, train loss: -1.1042]
20 Oct 16:11    INFO  epoch 85 evaluating [time: 9.27s, valid_score: 0.061900]
20 Oct 16:11    INFO  valid result: 
recall@10 : 0.0905    recall@20 : 0.1296    recall@50 : 0.1921    ndcg@10 : 0.0517    ndcg@20 : 0.0619    ndcg@50 : 0.0747    
20 Oct 16:11    INFO  epoch 86 training [time: 2.18s, train loss: -1.1047]
20 Oct 16:12    INFO  epoch 86 evaluating [time: 9.33s, valid_score: 0.061700]
20 Oct 16:12    INFO  valid result: 
recall@10 : 0.0908    recall@20 : 0.1294    recall@50 : 0.1928    ndcg@10 : 0.0516    ndcg@20 : 0.0617    ndcg@50 : 0.0747    
20 Oct 16:12    INFO  epoch 87 training [time: 2.19s, train loss: -1.1052]
20 Oct 16:12    INFO  epoch 87 evaluating [time: 9.46s, valid_score: 0.061800]
20 Oct 16:12    INFO  valid result: 
recall@10 : 0.091    recall@20 : 0.1292    recall@50 : 0.1926    ndcg@10 : 0.0518    ndcg@20 : 0.0618    ndcg@50 : 0.0748    
20 Oct 16:12    INFO  epoch 88 training [time: 2.13s, train loss: -1.1056]
20 Oct 16:12    INFO  epoch 88 evaluating [time: 9.33s, valid_score: 0.062100]
20 Oct 16:12    INFO  valid result: 
recall@10 : 0.0907    recall@20 : 0.1295    recall@50 : 0.1926    ndcg@10 : 0.052    ndcg@20 : 0.0621    ndcg@50 : 0.0751    
20 Oct 16:12    INFO  epoch 89 training [time: 2.25s, train loss: -1.1059]
20 Oct 16:12    INFO  epoch 89 evaluating [time: 9.27s, valid_score: 0.062200]
20 Oct 16:12    INFO  valid result: 
recall@10 : 0.0914    recall@20 : 0.1302    recall@50 : 0.1932    ndcg@10 : 0.0521    ndcg@20 : 0.0622    ndcg@50 : 0.0752    
20 Oct 16:12    INFO  epoch 90 training [time: 2.09s, train loss: -1.1062]
20 Oct 16:12    INFO  epoch 90 evaluating [time: 9.33s, valid_score: 0.062200]
20 Oct 16:12    INFO  valid result: 
recall@10 : 0.0907    recall@20 : 0.131    recall@50 : 0.1935    ndcg@10 : 0.0517    ndcg@20 : 0.0622    ndcg@50 : 0.075    
20 Oct 16:12    INFO  epoch 91 training [time: 2.12s, train loss: -1.1064]
20 Oct 16:13    INFO  epoch 91 evaluating [time: 9.17s, valid_score: 0.062000]
20 Oct 16:13    INFO  valid result: 
recall@10 : 0.0908    recall@20 : 0.1307    recall@50 : 0.1938    ndcg@10 : 0.0516    ndcg@20 : 0.062    ndcg@50 : 0.0749    
20 Oct 16:13    INFO  epoch 92 training [time: 2.06s, train loss: -1.1070]
20 Oct 16:13    INFO  epoch 92 evaluating [time: 9.50s, valid_score: 0.062300]
20 Oct 16:13    INFO  valid result: 
recall@10 : 0.0904    recall@20 : 0.1302    recall@50 : 0.1936    ndcg@10 : 0.0519    ndcg@20 : 0.0623    ndcg@50 : 0.0753    
20 Oct 16:13    INFO  epoch 93 training [time: 2.09s, train loss: -1.1074]
20 Oct 16:13    INFO  epoch 93 evaluating [time: 9.32s, valid_score: 0.062800]
20 Oct 16:13    INFO  valid result: 
recall@10 : 0.0916    recall@20 : 0.1312    recall@50 : 0.1939    ndcg@10 : 0.0525    ndcg@20 : 0.0628    ndcg@50 : 0.0757    
20 Oct 16:13    INFO  Saving current best: saved/DirectAU-Oct-20-2023_15-55-07.pth
20 Oct 16:13    INFO  epoch 94 training [time: 2.04s, train loss: -1.1077]
20 Oct 16:13    INFO  epoch 94 evaluating [time: 9.41s, valid_score: 0.062600]
20 Oct 16:13    INFO  valid result: 
recall@10 : 0.0919    recall@20 : 0.1305    recall@50 : 0.1943    ndcg@10 : 0.0525    ndcg@20 : 0.0626    ndcg@50 : 0.0757    
20 Oct 16:13    INFO  epoch 95 training [time: 1.98s, train loss: -1.1081]
20 Oct 16:13    INFO  epoch 95 evaluating [time: 9.25s, valid_score: 0.062600]
20 Oct 16:13    INFO  valid result: 
recall@10 : 0.092    recall@20 : 0.1304    recall@50 : 0.1935    ndcg@10 : 0.0525    ndcg@20 : 0.0626    ndcg@50 : 0.0755    
20 Oct 16:13    INFO  epoch 96 training [time: 1.84s, train loss: -1.1086]
20 Oct 16:13    INFO  epoch 96 evaluating [time: 9.39s, valid_score: 0.062900]
20 Oct 16:13    INFO  valid result: 
recall@10 : 0.0921    recall@20 : 0.1313    recall@50 : 0.1945    ndcg@10 : 0.0526    ndcg@20 : 0.0629    ndcg@50 : 0.0758    
20 Oct 16:14    INFO  Saving current best: saved/DirectAU-Oct-20-2023_15-55-07.pth
20 Oct 16:14    INFO  epoch 97 training [time: 2.13s, train loss: -1.1088]
20 Oct 16:14    INFO  epoch 97 evaluating [time: 9.20s, valid_score: 0.062500]
20 Oct 16:14    INFO  valid result: 
recall@10 : 0.0922    recall@20 : 0.1309    recall@50 : 0.1946    ndcg@10 : 0.0524    ndcg@20 : 0.0625    ndcg@50 : 0.0756    
20 Oct 16:14    INFO  epoch 98 training [time: 2.13s, train loss: -1.1095]
20 Oct 16:14    INFO  epoch 98 evaluating [time: 9.28s, valid_score: 0.062800]
20 Oct 16:14    INFO  valid result: 
recall@10 : 0.092    recall@20 : 0.1318    recall@50 : 0.1949    ndcg@10 : 0.0524    ndcg@20 : 0.0628    ndcg@50 : 0.0757    
20 Oct 16:14    INFO  epoch 99 training [time: 2.25s, train loss: -1.1088]
20 Oct 16:14    INFO  epoch 99 evaluating [time: 9.17s, valid_score: 0.062700]
20 Oct 16:14    INFO  valid result: 
recall@10 : 0.0924    recall@20 : 0.131    recall@50 : 0.1956    ndcg@10 : 0.0526    ndcg@20 : 0.0627    ndcg@50 : 0.0759    
20 Oct 16:14    INFO  epoch 100 training [time: 2.15s, train loss: -1.1095]
20 Oct 16:14    INFO  epoch 100 evaluating [time: 9.47s, valid_score: 0.063000]
20 Oct 16:14    INFO  valid result: 
recall@10 : 0.0934    recall@20 : 0.1312    recall@50 : 0.1944    ndcg@10 : 0.0531    ndcg@20 : 0.063    ndcg@50 : 0.076    
20 Oct 16:14    INFO  Saving current best: saved/DirectAU-Oct-20-2023_15-55-07.pth
20 Oct 16:14    INFO  epoch 101 training [time: 2.15s, train loss: -1.1097]
20 Oct 16:14    INFO  epoch 101 evaluating [time: 9.20s, valid_score: 0.063200]
20 Oct 16:14    INFO  valid result: 
recall@10 : 0.0928    recall@20 : 0.1313    recall@50 : 0.1952    ndcg@10 : 0.0531    ndcg@20 : 0.0632    ndcg@50 : 0.0763    
20 Oct 16:14    INFO  Saving current best: saved/DirectAU-Oct-20-2023_15-55-07.pth
20 Oct 16:14    INFO  epoch 102 training [time: 2.11s, train loss: -1.1103]
20 Oct 16:15    INFO  epoch 102 evaluating [time: 9.96s, valid_score: 0.062700]
20 Oct 16:15    INFO  valid result: 
recall@10 : 0.0934    recall@20 : 0.1316    recall@50 : 0.1949    ndcg@10 : 0.0528    ndcg@20 : 0.0627    ndcg@50 : 0.0757    
20 Oct 16:15    INFO  epoch 103 training [time: 2.07s, train loss: -1.1110]
20 Oct 16:15    INFO  epoch 103 evaluating [time: 9.20s, valid_score: 0.063200]
20 Oct 16:15    INFO  valid result: 
recall@10 : 0.0933    recall@20 : 0.1315    recall@50 : 0.1953    ndcg@10 : 0.0532    ndcg@20 : 0.0632    ndcg@50 : 0.0763    
20 Oct 16:15    INFO  epoch 104 training [time: 2.01s, train loss: -1.1105]
20 Oct 16:15    INFO  epoch 104 evaluating [time: 9.51s, valid_score: 0.063000]
20 Oct 16:15    INFO  valid result: 
recall@10 : 0.0931    recall@20 : 0.1314    recall@50 : 0.1957    ndcg@10 : 0.053    ndcg@20 : 0.063    ndcg@50 : 0.0762    
20 Oct 16:15    INFO  epoch 105 training [time: 2.11s, train loss: -1.1111]
20 Oct 16:15    INFO  epoch 105 evaluating [time: 9.33s, valid_score: 0.063100]
20 Oct 16:15    INFO  valid result: 
recall@10 : 0.093    recall@20 : 0.1326    recall@50 : 0.1953    ndcg@10 : 0.0528    ndcg@20 : 0.0631    ndcg@50 : 0.076    
20 Oct 16:15    INFO  epoch 106 training [time: 2.08s, train loss: -1.1116]
20 Oct 16:15    INFO  epoch 106 evaluating [time: 9.30s, valid_score: 0.063200]
20 Oct 16:15    INFO  valid result: 
recall@10 : 0.0926    recall@20 : 0.1323    recall@50 : 0.1965    ndcg@10 : 0.0528    ndcg@20 : 0.0632    ndcg@50 : 0.0763    
20 Oct 16:15    INFO  epoch 107 training [time: 2.11s, train loss: -1.1110]
20 Oct 16:16    INFO  epoch 107 evaluating [time: 9.22s, valid_score: 0.063100]
20 Oct 16:16    INFO  valid result: 
recall@10 : 0.0938    recall@20 : 0.1321    recall@50 : 0.1959    ndcg@10 : 0.0531    ndcg@20 : 0.0631    ndcg@50 : 0.0762    
20 Oct 16:16    INFO  epoch 108 training [time: 2.04s, train loss: -1.1117]
20 Oct 16:16    INFO  epoch 108 evaluating [time: 9.35s, valid_score: 0.063500]
20 Oct 16:16    INFO  valid result: 
recall@10 : 0.0938    recall@20 : 0.1333    recall@50 : 0.1952    ndcg@10 : 0.0531    ndcg@20 : 0.0635    ndcg@50 : 0.0761    
20 Oct 16:16    INFO  Saving current best: saved/DirectAU-Oct-20-2023_15-55-07.pth
20 Oct 16:16    INFO  epoch 109 training [time: 2.11s, train loss: -1.1117]
20 Oct 16:16    INFO  epoch 109 evaluating [time: 9.44s, valid_score: 0.063400]
20 Oct 16:16    INFO  valid result: 
recall@10 : 0.0931    recall@20 : 0.1337    recall@50 : 0.196    ndcg@10 : 0.0529    ndcg@20 : 0.0634    ndcg@50 : 0.0762    
20 Oct 16:16    INFO  epoch 110 training [time: 2.09s, train loss: -1.1119]
20 Oct 16:16    INFO  epoch 110 evaluating [time: 9.27s, valid_score: 0.063500]
20 Oct 16:16    INFO  valid result: 
recall@10 : 0.0942    recall@20 : 0.1337    recall@50 : 0.1967    ndcg@10 : 0.0532    ndcg@20 : 0.0635    ndcg@50 : 0.0764    
20 Oct 16:16    INFO  epoch 111 training [time: 2.05s, train loss: -1.1124]
20 Oct 16:16    INFO  epoch 111 evaluating [time: 9.22s, valid_score: 0.063400]
20 Oct 16:16    INFO  valid result: 
recall@10 : 0.0936    recall@20 : 0.1326    recall@50 : 0.1968    ndcg@10 : 0.0532    ndcg@20 : 0.0634    ndcg@50 : 0.0765    
20 Oct 16:16    INFO  epoch 112 training [time: 2.08s, train loss: -1.1122]
20 Oct 16:17    INFO  epoch 112 evaluating [time: 9.25s, valid_score: 0.063400]
20 Oct 16:17    INFO  valid result: 
recall@10 : 0.093    recall@20 : 0.1328    recall@50 : 0.1964    ndcg@10 : 0.053    ndcg@20 : 0.0634    ndcg@50 : 0.0765    
20 Oct 16:17    INFO  epoch 113 training [time: 2.13s, train loss: -1.1126]
20 Oct 16:17    INFO  epoch 113 evaluating [time: 9.35s, valid_score: 0.063800]
20 Oct 16:17    INFO  valid result: 
recall@10 : 0.0933    recall@20 : 0.1333    recall@50 : 0.1972    ndcg@10 : 0.0533    ndcg@20 : 0.0638    ndcg@50 : 0.0769    
20 Oct 16:17    INFO  Saving current best: saved/DirectAU-Oct-20-2023_15-55-07.pth
20 Oct 16:17    INFO  epoch 114 training [time: 2.05s, train loss: -1.1130]
20 Oct 16:17    INFO  epoch 114 evaluating [time: 9.17s, valid_score: 0.063700]
20 Oct 16:17    INFO  valid result: 
recall@10 : 0.0949    recall@20 : 0.1332    recall@50 : 0.1977    ndcg@10 : 0.0536    ndcg@20 : 0.0637    ndcg@50 : 0.0769    
20 Oct 16:17    INFO  epoch 115 training [time: 2.11s, train loss: -1.1131]
20 Oct 16:17    INFO  epoch 115 evaluating [time: 9.22s, valid_score: 0.064000]
20 Oct 16:17    INFO  valid result: 
recall@10 : 0.0937    recall@20 : 0.134    recall@50 : 0.1976    ndcg@10 : 0.0535    ndcg@20 : 0.064    ndcg@50 : 0.077    
20 Oct 16:17    INFO  Saving current best: saved/DirectAU-Oct-20-2023_15-55-07.pth
20 Oct 16:17    INFO  epoch 116 training [time: 2.06s, train loss: -1.1133]
20 Oct 16:17    INFO  epoch 116 evaluating [time: 9.09s, valid_score: 0.063600]
20 Oct 16:17    INFO  valid result: 
recall@10 : 0.0941    recall@20 : 0.1335    recall@50 : 0.1974    ndcg@10 : 0.0533    ndcg@20 : 0.0636    ndcg@50 : 0.0767    
20 Oct 16:17    INFO  epoch 117 training [time: 2.18s, train loss: -1.1129]
20 Oct 16:17    INFO  epoch 117 evaluating [time: 9.25s, valid_score: 0.063500]
20 Oct 16:17    INFO  valid result: 
recall@10 : 0.0943    recall@20 : 0.1338    recall@50 : 0.1977    ndcg@10 : 0.0532    ndcg@20 : 0.0635    ndcg@50 : 0.0766    
20 Oct 16:18    INFO  epoch 118 training [time: 1.86s, train loss: -1.1130]
20 Oct 16:18    INFO  epoch 118 evaluating [time: 9.49s, valid_score: 0.063600]
20 Oct 16:18    INFO  valid result: 
recall@10 : 0.094    recall@20 : 0.1335    recall@50 : 0.1985    ndcg@10 : 0.0533    ndcg@20 : 0.0636    ndcg@50 : 0.0769    
20 Oct 16:18    INFO  epoch 119 training [time: 2.04s, train loss: -1.1134]
20 Oct 16:18    INFO  epoch 119 evaluating [time: 9.13s, valid_score: 0.063600]
20 Oct 16:18    INFO  valid result: 
recall@10 : 0.0948    recall@20 : 0.134    recall@50 : 0.1973    ndcg@10 : 0.0534    ndcg@20 : 0.0636    ndcg@50 : 0.0766    
20 Oct 16:18    INFO  epoch 120 training [time: 2.10s, train loss: -1.1134]
20 Oct 16:18    INFO  epoch 120 evaluating [time: 9.18s, valid_score: 0.064000]
20 Oct 16:18    INFO  valid result: 
recall@10 : 0.0947    recall@20 : 0.1338    recall@50 : 0.1979    ndcg@10 : 0.0538    ndcg@20 : 0.064    ndcg@50 : 0.0771    
20 Oct 16:18    INFO  epoch 121 training [time: 2.09s, train loss: -1.1139]
20 Oct 16:18    INFO  epoch 121 evaluating [time: 9.33s, valid_score: 0.064200]
20 Oct 16:18    INFO  valid result: 
recall@10 : 0.0943    recall@20 : 0.1339    recall@50 : 0.1979    ndcg@10 : 0.0539    ndcg@20 : 0.0642    ndcg@50 : 0.0773    
20 Oct 16:18    INFO  Saving current best: saved/DirectAU-Oct-20-2023_15-55-07.pth
20 Oct 16:18    INFO  epoch 122 training [time: 2.11s, train loss: -1.1143]
20 Oct 16:18    INFO  epoch 122 evaluating [time: 9.02s, valid_score: 0.063600]
20 Oct 16:18    INFO  valid result: 
recall@10 : 0.0943    recall@20 : 0.1329    recall@50 : 0.1974    ndcg@10 : 0.0535    ndcg@20 : 0.0636    ndcg@50 : 0.0768    
20 Oct 16:18    INFO  epoch 123 training [time: 2.03s, train loss: -1.1139]
20 Oct 16:19    INFO  epoch 123 evaluating [time: 9.18s, valid_score: 0.064100]
20 Oct 16:19    INFO  valid result: 
recall@10 : 0.0943    recall@20 : 0.1336    recall@50 : 0.1968    ndcg@10 : 0.0538    ndcg@20 : 0.0641    ndcg@50 : 0.0771    
20 Oct 16:19    INFO  epoch 124 training [time: 2.10s, train loss: -1.1147]
20 Oct 16:19    INFO  epoch 124 evaluating [time: 9.26s, valid_score: 0.064200]
20 Oct 16:19    INFO  valid result: 
recall@10 : 0.0953    recall@20 : 0.1341    recall@50 : 0.1973    ndcg@10 : 0.0541    ndcg@20 : 0.0642    ndcg@50 : 0.0771    
20 Oct 16:19    INFO  epoch 125 training [time: 2.14s, train loss: -1.1143]
20 Oct 16:19    INFO  epoch 125 evaluating [time: 9.31s, valid_score: 0.064100]
20 Oct 16:19    INFO  valid result: 
recall@10 : 0.0951    recall@20 : 0.1345    recall@50 : 0.1978    ndcg@10 : 0.0538    ndcg@20 : 0.0641    ndcg@50 : 0.077    
20 Oct 16:19    INFO  epoch 126 training [time: 2.22s, train loss: -1.1144]
20 Oct 16:19    INFO  epoch 126 evaluating [time: 9.47s, valid_score: 0.064100]
20 Oct 16:19    INFO  valid result: 
recall@10 : 0.0953    recall@20 : 0.134    recall@50 : 0.1978    ndcg@10 : 0.054    ndcg@20 : 0.0641    ndcg@50 : 0.0772    
20 Oct 16:19    INFO  epoch 127 training [time: 2.21s, train loss: -1.1146]
20 Oct 16:19    INFO  epoch 127 evaluating [time: 9.02s, valid_score: 0.064100]
20 Oct 16:19    INFO  valid result: 
recall@10 : 0.0946    recall@20 : 0.1339    recall@50 : 0.199    ndcg@10 : 0.0539    ndcg@20 : 0.0641    ndcg@50 : 0.0775    
20 Oct 16:19    INFO  epoch 128 training [time: 2.10s, train loss: -1.1149]
20 Oct 16:20    INFO  epoch 128 evaluating [time: 9.44s, valid_score: 0.064500]
20 Oct 16:20    INFO  valid result: 
recall@10 : 0.0944    recall@20 : 0.1344    recall@50 : 0.1988    ndcg@10 : 0.0541    ndcg@20 : 0.0645    ndcg@50 : 0.0777    
20 Oct 16:20    INFO  Saving current best: saved/DirectAU-Oct-20-2023_15-55-07.pth
20 Oct 16:20    INFO  epoch 129 training [time: 2.16s, train loss: -1.1151]
20 Oct 16:20    INFO  epoch 129 evaluating [time: 9.35s, valid_score: 0.064500]
20 Oct 16:20    INFO  valid result: 
recall@10 : 0.0954    recall@20 : 0.1349    recall@50 : 0.1977    ndcg@10 : 0.0542    ndcg@20 : 0.0645    ndcg@50 : 0.0773    
20 Oct 16:20    INFO  epoch 130 training [time: 1.87s, train loss: -1.1151]
20 Oct 16:20    INFO  epoch 130 evaluating [time: 9.44s, valid_score: 0.064600]
20 Oct 16:20    INFO  valid result: 
recall@10 : 0.0943    recall@20 : 0.1343    recall@50 : 0.1988    ndcg@10 : 0.0542    ndcg@20 : 0.0646    ndcg@50 : 0.0778    
20 Oct 16:20    INFO  Saving current best: saved/DirectAU-Oct-20-2023_15-55-07.pth
20 Oct 16:20    INFO  epoch 131 training [time: 2.17s, train loss: -1.1149]
20 Oct 16:20    INFO  epoch 131 evaluating [time: 9.35s, valid_score: 0.064700]
20 Oct 16:20    INFO  valid result: 
recall@10 : 0.0956    recall@20 : 0.1333    recall@50 : 0.1999    ndcg@10 : 0.0548    ndcg@20 : 0.0647    ndcg@50 : 0.0783    
20 Oct 16:20    INFO  Saving current best: saved/DirectAU-Oct-20-2023_15-55-07.pth
20 Oct 16:20    INFO  epoch 132 training [time: 2.10s, train loss: -1.1155]
20 Oct 16:20    INFO  epoch 132 evaluating [time: 9.59s, valid_score: 0.064300]
20 Oct 16:20    INFO  valid result: 
recall@10 : 0.0948    recall@20 : 0.1338    recall@50 : 0.1998    ndcg@10 : 0.0542    ndcg@20 : 0.0643    ndcg@50 : 0.0778    
20 Oct 16:20    INFO  epoch 133 training [time: 2.10s, train loss: -1.1151]
20 Oct 16:21    INFO  epoch 133 evaluating [time: 9.35s, valid_score: 0.064600]
20 Oct 16:21    INFO  valid result: 
recall@10 : 0.0952    recall@20 : 0.1345    recall@50 : 0.2001    ndcg@10 : 0.0544    ndcg@20 : 0.0646    ndcg@50 : 0.0781    
20 Oct 16:21    INFO  epoch 134 training [time: 2.13s, train loss: -1.1157]
20 Oct 16:21    INFO  epoch 134 evaluating [time: 9.50s, valid_score: 0.064600]
20 Oct 16:21    INFO  valid result: 
recall@10 : 0.0955    recall@20 : 0.1342    recall@50 : 0.2    ndcg@10 : 0.0545    ndcg@20 : 0.0646    ndcg@50 : 0.0781    
20 Oct 16:21    INFO  epoch 135 training [time: 2.05s, train loss: -1.1157]
20 Oct 16:21    INFO  epoch 135 evaluating [time: 9.33s, valid_score: 0.064600]
20 Oct 16:21    INFO  valid result: 
recall@10 : 0.0957    recall@20 : 0.1349    recall@50 : 0.1994    ndcg@10 : 0.0545    ndcg@20 : 0.0646    ndcg@50 : 0.0779    
20 Oct 16:21    INFO  epoch 136 training [time: 2.22s, train loss: -1.1161]
20 Oct 16:21    INFO  epoch 136 evaluating [time: 9.46s, valid_score: 0.064600]
20 Oct 16:21    INFO  valid result: 
recall@10 : 0.0957    recall@20 : 0.1346    recall@50 : 0.2002    ndcg@10 : 0.0545    ndcg@20 : 0.0646    ndcg@50 : 0.078    
20 Oct 16:21    INFO  epoch 137 training [time: 2.06s, train loss: -1.1157]
20 Oct 16:21    INFO  epoch 137 evaluating [time: 9.35s, valid_score: 0.064600]
20 Oct 16:21    INFO  valid result: 
recall@10 : 0.0964    recall@20 : 0.1347    recall@50 : 0.2001    ndcg@10 : 0.0546    ndcg@20 : 0.0646    ndcg@50 : 0.078    
20 Oct 16:21    INFO  epoch 138 training [time: 2.11s, train loss: -1.1156]
20 Oct 16:21    INFO  epoch 138 evaluating [time: 9.32s, valid_score: 0.064900]
20 Oct 16:21    INFO  valid result: 
recall@10 : 0.0959    recall@20 : 0.135    recall@50 : 0.2002    ndcg@10 : 0.0547    ndcg@20 : 0.0649    ndcg@50 : 0.0783    
20 Oct 16:21    INFO  Saving current best: saved/DirectAU-Oct-20-2023_15-55-07.pth
20 Oct 16:22    INFO  epoch 139 training [time: 2.10s, train loss: -1.1160]
20 Oct 16:22    INFO  epoch 139 evaluating [time: 9.43s, valid_score: 0.065400]
20 Oct 16:22    INFO  valid result: 
recall@10 : 0.0962    recall@20 : 0.1356    recall@50 : 0.1998    ndcg@10 : 0.0551    ndcg@20 : 0.0654    ndcg@50 : 0.0785    
20 Oct 16:22    INFO  Saving current best: saved/DirectAU-Oct-20-2023_15-55-07.pth
20 Oct 16:22    INFO  epoch 140 training [time: 2.11s, train loss: -1.1159]
20 Oct 16:22    INFO  epoch 140 evaluating [time: 9.26s, valid_score: 0.065000]
20 Oct 16:22    INFO  valid result: 
recall@10 : 0.096    recall@20 : 0.1352    recall@50 : 0.2012    ndcg@10 : 0.0547    ndcg@20 : 0.065    ndcg@50 : 0.0785    
20 Oct 16:22    INFO  epoch 141 training [time: 2.14s, train loss: -1.1162]
20 Oct 16:22    INFO  epoch 141 evaluating [time: 9.59s, valid_score: 0.065300]
20 Oct 16:22    INFO  valid result: 
recall@10 : 0.0963    recall@20 : 0.1354    recall@50 : 0.2018    ndcg@10 : 0.0551    ndcg@20 : 0.0653    ndcg@50 : 0.0789    
20 Oct 16:22    INFO  epoch 142 training [time: 2.06s, train loss: -1.1165]
20 Oct 16:22    INFO  epoch 142 evaluating [time: 9.24s, valid_score: 0.065300]
20 Oct 16:22    INFO  valid result: 
recall@10 : 0.096    recall@20 : 0.1356    recall@50 : 0.2022    ndcg@10 : 0.0549    ndcg@20 : 0.0653    ndcg@50 : 0.0789    
20 Oct 16:22    INFO  epoch 143 training [time: 2.10s, train loss: -1.1164]
20 Oct 16:22    INFO  epoch 143 evaluating [time: 9.51s, valid_score: 0.065200]
20 Oct 16:22    INFO  valid result: 
recall@10 : 0.0962    recall@20 : 0.1353    recall@50 : 0.2013    ndcg@10 : 0.055    ndcg@20 : 0.0652    ndcg@50 : 0.0788    
20 Oct 16:22    INFO  epoch 144 training [time: 2.13s, train loss: -1.1169]
20 Oct 16:23    INFO  epoch 144 evaluating [time: 9.23s, valid_score: 0.065500]
20 Oct 16:23    INFO  valid result: 
recall@10 : 0.0967    recall@20 : 0.136    recall@50 : 0.201    ndcg@10 : 0.0553    ndcg@20 : 0.0655    ndcg@50 : 0.0788    
20 Oct 16:23    INFO  Saving current best: saved/DirectAU-Oct-20-2023_15-55-07.pth
20 Oct 16:23    INFO  epoch 145 training [time: 2.09s, train loss: -1.1167]
20 Oct 16:23    INFO  epoch 145 evaluating [time: 9.30s, valid_score: 0.065600]
20 Oct 16:23    INFO  valid result: 
recall@10 : 0.0966    recall@20 : 0.1362    recall@50 : 0.2012    ndcg@10 : 0.0552    ndcg@20 : 0.0656    ndcg@50 : 0.0789    
20 Oct 16:23    INFO  Saving current best: saved/DirectAU-Oct-20-2023_15-55-07.pth
20 Oct 16:23    INFO  epoch 146 training [time: 2.07s, train loss: -1.1168]
20 Oct 16:23    INFO  epoch 146 evaluating [time: 9.19s, valid_score: 0.065000]
20 Oct 16:23    INFO  valid result: 
recall@10 : 0.0962    recall@20 : 0.1355    recall@50 : 0.2008    ndcg@10 : 0.0548    ndcg@20 : 0.065    ndcg@50 : 0.0784    
20 Oct 16:23    INFO  epoch 147 training [time: 2.09s, train loss: -1.1169]
20 Oct 16:23    INFO  epoch 147 evaluating [time: 9.44s, valid_score: 0.065400]
20 Oct 16:23    INFO  valid result: 
recall@10 : 0.0965    recall@20 : 0.1364    recall@50 : 0.2001    ndcg@10 : 0.055    ndcg@20 : 0.0654    ndcg@50 : 0.0785    
20 Oct 16:23    INFO  epoch 148 training [time: 2.10s, train loss: -1.1167]
20 Oct 16:23    INFO  epoch 148 evaluating [time: 9.23s, valid_score: 0.065200]
20 Oct 16:23    INFO  valid result: 
recall@10 : 0.0963    recall@20 : 0.1359    recall@50 : 0.2002    ndcg@10 : 0.0548    ndcg@20 : 0.0652    ndcg@50 : 0.0784    
20 Oct 16:23    INFO  epoch 149 training [time: 2.09s, train loss: -1.1173]
20 Oct 16:24    INFO  epoch 149 evaluating [time: 9.39s, valid_score: 0.065700]
20 Oct 16:24    INFO  valid result: 
recall@10 : 0.0964    recall@20 : 0.1375    recall@50 : 0.1996    ndcg@10 : 0.055    ndcg@20 : 0.0657    ndcg@50 : 0.0784    
20 Oct 16:24    INFO  Saving current best: saved/DirectAU-Oct-20-2023_15-55-07.pth
20 Oct 16:24    INFO  epoch 150 training [time: 2.04s, train loss: -1.1174]
20 Oct 16:24    INFO  epoch 150 evaluating [time: 9.31s, valid_score: 0.065500]
20 Oct 16:24    INFO  valid result: 
recall@10 : 0.0976    recall@20 : 0.137    recall@50 : 0.2    ndcg@10 : 0.0553    ndcg@20 : 0.0655    ndcg@50 : 0.0785    
20 Oct 16:24    INFO  epoch 151 training [time: 2.07s, train loss: -1.1173]
20 Oct 16:24    INFO  epoch 151 evaluating [time: 9.47s, valid_score: 0.065500]
20 Oct 16:24    INFO  valid result: 
recall@10 : 0.0973    recall@20 : 0.1368    recall@50 : 0.2001    ndcg@10 : 0.0552    ndcg@20 : 0.0655    ndcg@50 : 0.0785    
20 Oct 16:24    INFO  epoch 152 training [time: 2.11s, train loss: -1.1176]
20 Oct 16:24    INFO  epoch 152 evaluating [time: 9.15s, valid_score: 0.065700]
20 Oct 16:24    INFO  valid result: 
recall@10 : 0.0971    recall@20 : 0.1374    recall@50 : 0.2006    ndcg@10 : 0.0552    ndcg@20 : 0.0657    ndcg@50 : 0.0787    
20 Oct 16:24    INFO  epoch 153 training [time: 2.15s, train loss: -1.1175]
20 Oct 16:24    INFO  epoch 153 evaluating [time: 9.30s, valid_score: 0.065500]
20 Oct 16:24    INFO  valid result: 
recall@10 : 0.0974    recall@20 : 0.1369    recall@50 : 0.2005    ndcg@10 : 0.0552    ndcg@20 : 0.0655    ndcg@50 : 0.0785    
20 Oct 16:24    INFO  epoch 154 training [time: 2.10s, train loss: -1.1176]
20 Oct 16:25    INFO  epoch 154 evaluating [time: 9.17s, valid_score: 0.065700]
20 Oct 16:25    INFO  valid result: 
recall@10 : 0.0971    recall@20 : 0.1367    recall@50 : 0.2008    ndcg@10 : 0.0554    ndcg@20 : 0.0657    ndcg@50 : 0.0789    
20 Oct 16:25    INFO  epoch 155 training [time: 2.04s, train loss: -1.1173]
20 Oct 16:25    INFO  epoch 155 evaluating [time: 9.30s, valid_score: 0.065800]
20 Oct 16:25    INFO  valid result: 
recall@10 : 0.0976    recall@20 : 0.1369    recall@50 : 0.2006    ndcg@10 : 0.0556    ndcg@20 : 0.0658    ndcg@50 : 0.0789    
20 Oct 16:25    INFO  Saving current best: saved/DirectAU-Oct-20-2023_15-55-07.pth
20 Oct 16:25    INFO  epoch 156 training [time: 2.10s, train loss: -1.1174]
20 Oct 16:25    INFO  epoch 156 evaluating [time: 9.14s, valid_score: 0.065700]
20 Oct 16:25    INFO  valid result: 
recall@10 : 0.0976    recall@20 : 0.1364    recall@50 : 0.1997    ndcg@10 : 0.0555    ndcg@20 : 0.0657    ndcg@50 : 0.0786    
20 Oct 16:25    INFO  epoch 157 training [time: 2.11s, train loss: -1.1178]
20 Oct 16:25    INFO  epoch 157 evaluating [time: 9.16s, valid_score: 0.065700]
20 Oct 16:25    INFO  valid result: 
recall@10 : 0.0979    recall@20 : 0.1364    recall@50 : 0.2008    ndcg@10 : 0.0556    ndcg@20 : 0.0657    ndcg@50 : 0.0788    
20 Oct 16:25    INFO  epoch 158 training [time: 2.10s, train loss: -1.1175]
20 Oct 16:25    INFO  epoch 158 evaluating [time: 9.44s, valid_score: 0.065800]
20 Oct 16:25    INFO  valid result: 
recall@10 : 0.0975    recall@20 : 0.1357    recall@50 : 0.2008    ndcg@10 : 0.0558    ndcg@20 : 0.0658    ndcg@50 : 0.0791    
20 Oct 16:25    INFO  epoch 159 training [time: 2.12s, train loss: -1.1179]
20 Oct 16:25    INFO  epoch 159 evaluating [time: 9.35s, valid_score: 0.065700]
20 Oct 16:25    INFO  valid result: 
recall@10 : 0.0968    recall@20 : 0.136    recall@50 : 0.2012    ndcg@10 : 0.0554    ndcg@20 : 0.0657    ndcg@50 : 0.079    
20 Oct 16:26    INFO  epoch 160 training [time: 2.14s, train loss: -1.1181]
20 Oct 16:26    INFO  epoch 160 evaluating [time: 9.46s, valid_score: 0.065700]
20 Oct 16:26    INFO  valid result: 
recall@10 : 0.0969    recall@20 : 0.1361    recall@50 : 0.2012    ndcg@10 : 0.0555    ndcg@20 : 0.0657    ndcg@50 : 0.0791    
20 Oct 16:26    INFO  epoch 161 training [time: 2.15s, train loss: -1.1175]
20 Oct 16:26    INFO  epoch 161 evaluating [time: 9.34s, valid_score: 0.065900]
20 Oct 16:26    INFO  valid result: 
recall@10 : 0.0966    recall@20 : 0.1368    recall@50 : 0.2008    ndcg@10 : 0.0555    ndcg@20 : 0.0659    ndcg@50 : 0.0791    
20 Oct 16:26    INFO  Saving current best: saved/DirectAU-Oct-20-2023_15-55-07.pth
20 Oct 16:26    INFO  epoch 162 training [time: 2.15s, train loss: -1.1176]
20 Oct 16:26    INFO  epoch 162 evaluating [time: 9.31s, valid_score: 0.065900]
20 Oct 16:26    INFO  valid result: 
recall@10 : 0.0967    recall@20 : 0.1368    recall@50 : 0.2012    ndcg@10 : 0.0554    ndcg@20 : 0.0659    ndcg@50 : 0.0791    
20 Oct 16:26    INFO  epoch 163 training [time: 2.12s, train loss: -1.1180]
20 Oct 16:26    INFO  epoch 163 evaluating [time: 9.36s, valid_score: 0.065900]
20 Oct 16:26    INFO  valid result: 
recall@10 : 0.0972    recall@20 : 0.1368    recall@50 : 0.2002    ndcg@10 : 0.0556    ndcg@20 : 0.0659    ndcg@50 : 0.0789    
20 Oct 16:26    INFO  epoch 164 training [time: 2.05s, train loss: -1.1180]
20 Oct 16:26    INFO  epoch 164 evaluating [time: 9.56s, valid_score: 0.065900]
20 Oct 16:26    INFO  valid result: 
recall@10 : 0.0963    recall@20 : 0.1374    recall@50 : 0.2012    ndcg@10 : 0.0551    ndcg@20 : 0.0659    ndcg@50 : 0.079    
20 Oct 16:26    INFO  epoch 165 training [time: 2.00s, train loss: -1.1183]
20 Oct 16:27    INFO  epoch 165 evaluating [time: 9.34s, valid_score: 0.066100]
20 Oct 16:27    INFO  valid result: 
recall@10 : 0.0976    recall@20 : 0.1377    recall@50 : 0.2016    ndcg@10 : 0.0556    ndcg@20 : 0.0661    ndcg@50 : 0.0792    
20 Oct 16:27    INFO  Saving current best: saved/DirectAU-Oct-20-2023_15-55-07.pth
20 Oct 16:27    INFO  epoch 166 training [time: 2.05s, train loss: -1.1185]
20 Oct 16:27    INFO  epoch 166 evaluating [time: 9.33s, valid_score: 0.066000]
20 Oct 16:27    INFO  valid result: 
recall@10 : 0.0976    recall@20 : 0.1374    recall@50 : 0.2009    ndcg@10 : 0.0556    ndcg@20 : 0.066    ndcg@50 : 0.079    
20 Oct 16:27    INFO  epoch 167 training [time: 2.12s, train loss: -1.1181]
20 Oct 16:27    INFO  epoch 167 evaluating [time: 9.23s, valid_score: 0.065900]
20 Oct 16:27    INFO  valid result: 
recall@10 : 0.0978    recall@20 : 0.1375    recall@50 : 0.2013    ndcg@10 : 0.0556    ndcg@20 : 0.0659    ndcg@50 : 0.079    
20 Oct 16:27    INFO  epoch 168 training [time: 2.10s, train loss: -1.1179]
20 Oct 16:27    INFO  epoch 168 evaluating [time: 9.32s, valid_score: 0.066100]
20 Oct 16:27    INFO  valid result: 
recall@10 : 0.0972    recall@20 : 0.1373    recall@50 : 0.2012    ndcg@10 : 0.0556    ndcg@20 : 0.0661    ndcg@50 : 0.0792    
20 Oct 16:27    INFO  epoch 169 training [time: 2.05s, train loss: -1.1181]
20 Oct 16:27    INFO  epoch 169 evaluating [time: 9.01s, valid_score: 0.065900]
20 Oct 16:27    INFO  valid result: 
recall@10 : 0.0976    recall@20 : 0.1374    recall@50 : 0.2019    ndcg@10 : 0.0555    ndcg@20 : 0.0659    ndcg@50 : 0.0791    
20 Oct 16:27    INFO  epoch 170 training [time: 2.09s, train loss: -1.1181]
20 Oct 16:28    INFO  epoch 170 evaluating [time: 9.38s, valid_score: 0.066000]
20 Oct 16:28    INFO  valid result: 
recall@10 : 0.0976    recall@20 : 0.1374    recall@50 : 0.2019    ndcg@10 : 0.0556    ndcg@20 : 0.066    ndcg@50 : 0.0792    
20 Oct 16:28    INFO  epoch 171 training [time: 2.10s, train loss: -1.1185]
20 Oct 16:28    INFO  epoch 171 evaluating [time: 9.18s, valid_score: 0.065900]
20 Oct 16:28    INFO  valid result: 
recall@10 : 0.097    recall@20 : 0.1373    recall@50 : 0.2015    ndcg@10 : 0.0553    ndcg@20 : 0.0659    ndcg@50 : 0.0791    
20 Oct 16:28    INFO  epoch 172 training [time: 2.04s, train loss: -1.1186]
20 Oct 16:28    INFO  epoch 172 evaluating [time: 9.11s, valid_score: 0.066000]
20 Oct 16:28    INFO  valid result: 
recall@10 : 0.0971    recall@20 : 0.137    recall@50 : 0.2019    ndcg@10 : 0.0556    ndcg@20 : 0.066    ndcg@50 : 0.0793    
20 Oct 16:28    INFO  epoch 173 training [time: 2.04s, train loss: -1.1179]
20 Oct 16:28    INFO  epoch 173 evaluating [time: 9.04s, valid_score: 0.066100]
20 Oct 16:28    INFO  valid result: 
recall@10 : 0.0975    recall@20 : 0.1375    recall@50 : 0.2014    ndcg@10 : 0.0556    ndcg@20 : 0.0661    ndcg@50 : 0.0792    
20 Oct 16:28    INFO  epoch 174 training [time: 2.08s, train loss: -1.1187]
20 Oct 16:28    INFO  epoch 174 evaluating [time: 9.08s, valid_score: 0.066100]
20 Oct 16:28    INFO  valid result: 
recall@10 : 0.0963    recall@20 : 0.1379    recall@50 : 0.2007    ndcg@10 : 0.0552    ndcg@20 : 0.0661    ndcg@50 : 0.079    
20 Oct 16:28    INFO  epoch 175 training [time: 2.10s, train loss: -1.1183]
20 Oct 16:29    INFO  epoch 175 evaluating [time: 9.26s, valid_score: 0.066200]
20 Oct 16:29    INFO  valid result: 
recall@10 : 0.0965    recall@20 : 0.1373    recall@50 : 0.2011    ndcg@10 : 0.0555    ndcg@20 : 0.0662    ndcg@50 : 0.0792    
20 Oct 16:29    INFO  Saving current best: saved/DirectAU-Oct-20-2023_15-55-07.pth
20 Oct 16:29    INFO  epoch 176 training [time: 2.05s, train loss: -1.1185]
20 Oct 16:29    INFO  epoch 176 evaluating [time: 9.19s, valid_score: 0.066200]
20 Oct 16:29    INFO  valid result: 
recall@10 : 0.0968    recall@20 : 0.1376    recall@50 : 0.2    ndcg@10 : 0.0554    ndcg@20 : 0.0662    ndcg@50 : 0.079    
20 Oct 16:29    INFO  epoch 177 training [time: 2.06s, train loss: -1.1188]
20 Oct 16:29    INFO  epoch 177 evaluating [time: 9.22s, valid_score: 0.066300]
20 Oct 16:29    INFO  valid result: 
recall@10 : 0.0974    recall@20 : 0.1379    recall@50 : 0.2002    ndcg@10 : 0.0557    ndcg@20 : 0.0663    ndcg@50 : 0.0791    
20 Oct 16:29    INFO  Saving current best: saved/DirectAU-Oct-20-2023_15-55-07.pth
20 Oct 16:29    INFO  epoch 178 training [time: 2.09s, train loss: -1.1192]
20 Oct 16:29    INFO  epoch 178 evaluating [time: 9.08s, valid_score: 0.066300]
20 Oct 16:29    INFO  valid result: 
recall@10 : 0.0977    recall@20 : 0.1383    recall@50 : 0.2011    ndcg@10 : 0.0557    ndcg@20 : 0.0663    ndcg@50 : 0.0792    
20 Oct 16:29    INFO  epoch 179 training [time: 2.12s, train loss: -1.1193]
20 Oct 16:29    INFO  epoch 179 evaluating [time: 9.20s, valid_score: 0.066200]
20 Oct 16:29    INFO  valid result: 
recall@10 : 0.0981    recall@20 : 0.1381    recall@50 : 0.2009    ndcg@10 : 0.0557    ndcg@20 : 0.0662    ndcg@50 : 0.0791    
20 Oct 16:29    INFO  epoch 180 training [time: 2.09s, train loss: -1.1193]
20 Oct 16:29    INFO  epoch 180 evaluating [time: 9.11s, valid_score: 0.066500]
20 Oct 16:29    INFO  valid result: 
recall@10 : 0.0971    recall@20 : 0.1392    recall@50 : 0.2003    ndcg@10 : 0.0555    ndcg@20 : 0.0665    ndcg@50 : 0.079    
20 Oct 16:29    INFO  Saving current best: saved/DirectAU-Oct-20-2023_15-55-07.pth
20 Oct 16:30    INFO  epoch 181 training [time: 2.06s, train loss: -1.1193]
20 Oct 16:30    INFO  epoch 181 evaluating [time: 9.23s, valid_score: 0.066400]
20 Oct 16:30    INFO  valid result: 
recall@10 : 0.0981    recall@20 : 0.1381    recall@50 : 0.2012    ndcg@10 : 0.0559    ndcg@20 : 0.0664    ndcg@50 : 0.0793    
20 Oct 16:30    INFO  epoch 182 training [time: 2.04s, train loss: -1.1186]
20 Oct 16:30    INFO  epoch 182 evaluating [time: 9.10s, valid_score: 0.066200]
20 Oct 16:30    INFO  valid result: 
recall@10 : 0.0979    recall@20 : 0.1384    recall@50 : 0.2025    ndcg@10 : 0.0556    ndcg@20 : 0.0662    ndcg@50 : 0.0793    
20 Oct 16:30    INFO  epoch 183 training [time: 1.59s, train loss: -1.1190]
20 Oct 16:30    INFO  epoch 183 evaluating [time: 9.16s, valid_score: 0.066100]
20 Oct 16:30    INFO  valid result: 
recall@10 : 0.0978    recall@20 : 0.1377    recall@50 : 0.202    ndcg@10 : 0.0557    ndcg@20 : 0.0661    ndcg@50 : 0.0793    
20 Oct 16:30    INFO  epoch 184 training [time: 2.03s, train loss: -1.1192]
20 Oct 16:30    INFO  epoch 184 evaluating [time: 9.11s, valid_score: 0.066300]
20 Oct 16:30    INFO  valid result: 
recall@10 : 0.0981    recall@20 : 0.1379    recall@50 : 0.2015    ndcg@10 : 0.0559    ndcg@20 : 0.0663    ndcg@50 : 0.0794    
20 Oct 16:30    INFO  epoch 185 training [time: 2.05s, train loss: -1.1189]
20 Oct 16:30    INFO  epoch 185 evaluating [time: 9.18s, valid_score: 0.066400]
20 Oct 16:30    INFO  valid result: 
recall@10 : 0.0984    recall@20 : 0.1378    recall@50 : 0.2016    ndcg@10 : 0.056    ndcg@20 : 0.0664    ndcg@50 : 0.0794    
20 Oct 16:30    INFO  epoch 186 training [time: 1.84s, train loss: -1.1191]
20 Oct 16:31    INFO  epoch 186 evaluating [time: 9.12s, valid_score: 0.066700]
20 Oct 16:31    INFO  valid result: 
recall@10 : 0.0985    recall@20 : 0.1377    recall@50 : 0.2016    ndcg@10 : 0.0565    ndcg@20 : 0.0667    ndcg@50 : 0.0798    
20 Oct 16:31    INFO  Saving current best: saved/DirectAU-Oct-20-2023_15-55-07.pth
20 Oct 16:31    INFO  epoch 187 training [time: 2.13s, train loss: -1.1191]
20 Oct 16:31    INFO  epoch 187 evaluating [time: 9.19s, valid_score: 0.066400]
20 Oct 16:31    INFO  valid result: 
recall@10 : 0.098    recall@20 : 0.1381    recall@50 : 0.2013    ndcg@10 : 0.0559    ndcg@20 : 0.0664    ndcg@50 : 0.0793    
20 Oct 16:31    INFO  epoch 188 training [time: 1.84s, train loss: -1.1187]
20 Oct 16:31    INFO  epoch 188 evaluating [time: 9.08s, valid_score: 0.066600]
20 Oct 16:31    INFO  valid result: 
recall@10 : 0.0979    recall@20 : 0.1382    recall@50 : 0.2023    ndcg@10 : 0.0561    ndcg@20 : 0.0666    ndcg@50 : 0.0797    
20 Oct 16:31    INFO  epoch 189 training [time: 2.01s, train loss: -1.1195]
20 Oct 16:31    INFO  epoch 189 evaluating [time: 9.31s, valid_score: 0.066400]
20 Oct 16:31    INFO  valid result: 
recall@10 : 0.0981    recall@20 : 0.1382    recall@50 : 0.2017    ndcg@10 : 0.0559    ndcg@20 : 0.0664    ndcg@50 : 0.0794    
20 Oct 16:31    INFO  epoch 190 training [time: 2.14s, train loss: -1.1196]
20 Oct 16:31    INFO  epoch 190 evaluating [time: 9.36s, valid_score: 0.066300]
20 Oct 16:31    INFO  valid result: 
recall@10 : 0.0978    recall@20 : 0.1377    recall@50 : 0.2023    ndcg@10 : 0.0559    ndcg@20 : 0.0663    ndcg@50 : 0.0796    
20 Oct 16:31    INFO  epoch 191 training [time: 2.06s, train loss: -1.1189]
20 Oct 16:32    INFO  epoch 191 evaluating [time: 9.05s, valid_score: 0.066400]
20 Oct 16:32    INFO  valid result: 
recall@10 : 0.0976    recall@20 : 0.138    recall@50 : 0.2023    ndcg@10 : 0.0559    ndcg@20 : 0.0664    ndcg@50 : 0.0796    
20 Oct 16:32    INFO  epoch 192 training [time: 2.12s, train loss: -1.1191]
20 Oct 16:32    INFO  epoch 192 evaluating [time: 9.24s, valid_score: 0.066700]
20 Oct 16:32    INFO  valid result: 
recall@10 : 0.0988    recall@20 : 0.1389    recall@50 : 0.2031    ndcg@10 : 0.0562    ndcg@20 : 0.0667    ndcg@50 : 0.0798    
20 Oct 16:32    INFO  epoch 193 training [time: 2.13s, train loss: -1.1197]
20 Oct 16:32    INFO  epoch 193 evaluating [time: 9.14s, valid_score: 0.066700]
20 Oct 16:32    INFO  valid result: 
recall@10 : 0.0985    recall@20 : 0.1382    recall@50 : 0.2028    ndcg@10 : 0.0563    ndcg@20 : 0.0667    ndcg@50 : 0.0799    
20 Oct 16:32    INFO  epoch 194 training [time: 2.14s, train loss: -1.1198]
20 Oct 16:32    INFO  epoch 194 evaluating [time: 9.16s, valid_score: 0.066700]
20 Oct 16:32    INFO  valid result: 
recall@10 : 0.0985    recall@20 : 0.1377    recall@50 : 0.2031    ndcg@10 : 0.0565    ndcg@20 : 0.0667    ndcg@50 : 0.0801    
20 Oct 16:32    INFO  epoch 195 training [time: 2.07s, train loss: -1.1192]
20 Oct 16:32    INFO  epoch 195 evaluating [time: 9.23s, valid_score: 0.066500]
20 Oct 16:32    INFO  valid result: 
recall@10 : 0.0983    recall@20 : 0.1377    recall@50 : 0.2018    ndcg@10 : 0.0562    ndcg@20 : 0.0665    ndcg@50 : 0.0796    
20 Oct 16:32    INFO  epoch 196 training [time: 2.12s, train loss: -1.1192]
20 Oct 16:32    INFO  epoch 196 evaluating [time: 9.11s, valid_score: 0.066600]
20 Oct 16:32    INFO  valid result: 
recall@10 : 0.0987    recall@20 : 0.1378    recall@50 : 0.203    ndcg@10 : 0.0563    ndcg@20 : 0.0666    ndcg@50 : 0.0799    
20 Oct 16:32    INFO  epoch 197 training [time: 2.12s, train loss: -1.1196]
20 Oct 16:33    INFO  epoch 197 evaluating [time: 9.15s, valid_score: 0.066800]
20 Oct 16:33    INFO  valid result: 
recall@10 : 0.0993    recall@20 : 0.1383    recall@50 : 0.2029    ndcg@10 : 0.0566    ndcg@20 : 0.0668    ndcg@50 : 0.08    
20 Oct 16:33    INFO  Saving current best: saved/DirectAU-Oct-20-2023_15-55-07.pth
20 Oct 16:33    INFO  epoch 198 training [time: 2.11s, train loss: -1.1195]
20 Oct 16:33    INFO  epoch 198 evaluating [time: 9.34s, valid_score: 0.066900]
20 Oct 16:33    INFO  valid result: 
recall@10 : 0.0987    recall@20 : 0.139    recall@50 : 0.2019    ndcg@10 : 0.0563    ndcg@20 : 0.0669    ndcg@50 : 0.0797    
20 Oct 16:33    INFO  Saving current best: saved/DirectAU-Oct-20-2023_15-55-07.pth
20 Oct 16:33    INFO  epoch 199 training [time: 2.13s, train loss: -1.1194]
20 Oct 16:33    INFO  epoch 199 evaluating [time: 9.26s, valid_score: 0.066700]
20 Oct 16:33    INFO  valid result: 
recall@10 : 0.0992    recall@20 : 0.1387    recall@50 : 0.2023    ndcg@10 : 0.0564    ndcg@20 : 0.0667    ndcg@50 : 0.0797    
20 Oct 16:33    INFO  epoch 200 training [time: 2.16s, train loss: -1.1196]
20 Oct 16:33    INFO  epoch 200 evaluating [time: 9.35s, valid_score: 0.066800]
20 Oct 16:33    INFO  valid result: 
recall@10 : 0.099    recall@20 : 0.1391    recall@50 : 0.2023    ndcg@10 : 0.0563    ndcg@20 : 0.0668    ndcg@50 : 0.0797    
20 Oct 16:33    INFO  epoch 201 training [time: 2.13s, train loss: -1.1194]
20 Oct 16:33    INFO  epoch 201 evaluating [time: 9.20s, valid_score: 0.066800]
20 Oct 16:33    INFO  valid result: 
recall@10 : 0.0991    recall@20 : 0.1392    recall@50 : 0.2038    ndcg@10 : 0.0563    ndcg@20 : 0.0668    ndcg@50 : 0.08    
20 Oct 16:33    INFO  epoch 202 training [time: 2.09s, train loss: -1.1196]
20 Oct 16:34    INFO  epoch 202 evaluating [time: 9.31s, valid_score: 0.066800]
20 Oct 16:34    INFO  valid result: 
recall@10 : 0.0996    recall@20 : 0.1385    recall@50 : 0.2037    ndcg@10 : 0.0566    ndcg@20 : 0.0668    ndcg@50 : 0.0802    
20 Oct 16:34    INFO  epoch 203 training [time: 2.11s, train loss: -1.1197]
20 Oct 16:34    INFO  epoch 203 evaluating [time: 9.19s, valid_score: 0.067000]
20 Oct 16:34    INFO  valid result: 
recall@10 : 0.099    recall@20 : 0.1398    recall@50 : 0.2043    ndcg@10 : 0.0564    ndcg@20 : 0.067    ndcg@50 : 0.0802    
20 Oct 16:34    INFO  Saving current best: saved/DirectAU-Oct-20-2023_15-55-07.pth
20 Oct 16:34    INFO  epoch 204 training [time: 2.10s, train loss: -1.1190]
20 Oct 16:34    INFO  epoch 204 evaluating [time: 9.27s, valid_score: 0.066700]
20 Oct 16:34    INFO  valid result: 
recall@10 : 0.0985    recall@20 : 0.1389    recall@50 : 0.2043    ndcg@10 : 0.0562    ndcg@20 : 0.0667    ndcg@50 : 0.0801    
20 Oct 16:34    INFO  epoch 205 training [time: 2.09s, train loss: -1.1195]
20 Oct 16:34    INFO  epoch 205 evaluating [time: 9.12s, valid_score: 0.066700]
20 Oct 16:34    INFO  valid result: 
recall@10 : 0.0987    recall@20 : 0.1386    recall@50 : 0.2038    ndcg@10 : 0.0563    ndcg@20 : 0.0667    ndcg@50 : 0.0801    
20 Oct 16:34    INFO  epoch 206 training [time: 2.12s, train loss: -1.1199]
20 Oct 16:34    INFO  epoch 206 evaluating [time: 9.31s, valid_score: 0.066300]
20 Oct 16:34    INFO  valid result: 
recall@10 : 0.0989    recall@20 : 0.1385    recall@50 : 0.2036    ndcg@10 : 0.0559    ndcg@20 : 0.0663    ndcg@50 : 0.0797    
20 Oct 16:34    INFO  epoch 207 training [time: 2.20s, train loss: -1.1203]
20 Oct 16:35    INFO  epoch 207 evaluating [time: 9.19s, valid_score: 0.066400]
20 Oct 16:35    INFO  valid result: 
recall@10 : 0.0983    recall@20 : 0.1385    recall@50 : 0.2032    ndcg@10 : 0.0559    ndcg@20 : 0.0664    ndcg@50 : 0.0796    
20 Oct 16:35    INFO  epoch 208 training [time: 2.20s, train loss: -1.1198]
20 Oct 16:35    INFO  epoch 208 evaluating [time: 9.14s, valid_score: 0.066300]
20 Oct 16:35    INFO  valid result: 
recall@10 : 0.0982    recall@20 : 0.1383    recall@50 : 0.2033    ndcg@10 : 0.0558    ndcg@20 : 0.0663    ndcg@50 : 0.0796    
20 Oct 16:35    INFO  epoch 209 training [time: 2.24s, train loss: -1.1194]
20 Oct 16:35    INFO  epoch 209 evaluating [time: 9.35s, valid_score: 0.066900]
20 Oct 16:35    INFO  valid result: 
recall@10 : 0.0983    recall@20 : 0.139    recall@50 : 0.2036    ndcg@10 : 0.0562    ndcg@20 : 0.0669    ndcg@50 : 0.0801    
20 Oct 16:35    INFO  epoch 210 training [time: 2.12s, train loss: -1.1200]
20 Oct 16:35    INFO  epoch 210 evaluating [time: 9.28s, valid_score: 0.066700]
20 Oct 16:35    INFO  valid result: 
recall@10 : 0.0987    recall@20 : 0.1391    recall@50 : 0.2025    ndcg@10 : 0.0562    ndcg@20 : 0.0667    ndcg@50 : 0.0797    
20 Oct 16:35    INFO  epoch 211 training [time: 2.16s, train loss: -1.1200]
20 Oct 16:35    INFO  epoch 211 evaluating [time: 9.40s, valid_score: 0.066800]
20 Oct 16:35    INFO  valid result: 
recall@10 : 0.0983    recall@20 : 0.1394    recall@50 : 0.2031    ndcg@10 : 0.056    ndcg@20 : 0.0668    ndcg@50 : 0.0798    
20 Oct 16:35    INFO  epoch 212 training [time: 2.26s, train loss: -1.1202]
20 Oct 16:35    INFO  epoch 212 evaluating [time: 9.15s, valid_score: 0.067000]
20 Oct 16:35    INFO  valid result: 
recall@10 : 0.0988    recall@20 : 0.14    recall@50 : 0.2034    ndcg@10 : 0.0563    ndcg@20 : 0.067    ndcg@50 : 0.08    
20 Oct 16:36    INFO  epoch 213 training [time: 2.20s, train loss: -1.1204]
20 Oct 16:36    INFO  epoch 213 evaluating [time: 9.29s, valid_score: 0.066700]
20 Oct 16:36    INFO  valid result: 
recall@10 : 0.0985    recall@20 : 0.1395    recall@50 : 0.2031    ndcg@10 : 0.056    ndcg@20 : 0.0667    ndcg@50 : 0.0797    
20 Oct 16:36    INFO  epoch 214 training [time: 2.25s, train loss: -1.1201]
20 Oct 16:36    INFO  epoch 214 evaluating [time: 9.19s, valid_score: 0.066900]
20 Oct 16:36    INFO  valid result: 
recall@10 : 0.0992    recall@20 : 0.1396    recall@50 : 0.2044    ndcg@10 : 0.0563    ndcg@20 : 0.0669    ndcg@50 : 0.0801    
20 Oct 16:36    INFO  Finished training, best eval result in epoch 203
20 Oct 16:36    INFO  Loading model structure and parameters from saved/DirectAU-Oct-20-2023_15-55-07.pth
20 Oct 16:36    INFO  best valid : {'recall@10': 0.099, 'recall@20': 0.1398, 'recall@50': 0.2043, 'ndcg@10': 0.0564, 'ndcg@20': 0.067, 'ndcg@50': 0.0802}
20 Oct 16:36    INFO  test result: {'recall@10': 0.1009, 'recall@20': 0.1432, 'recall@50': 0.2078, 'ndcg@10': 0.0587, 'ndcg@20': 0.0696, 'ndcg@50': 0.0828}
