command line args [--zc 0.7] will not be used in RecBole
20 Oct 17:50    INFO  
General Hyper Parameters:
gpu_id = 4
use_gpu = True
seed = 0
state = INFO
reproducibility = True
data_path = dataset/Yelp
show_progress = False

Training Hyper Parameters:
checkpoint_dir = saved
epochs = 500
train_batch_size = 1024
learner = adam
learning_rate = 0.001
training_neg_sample_num = 0
training_neg_sample_distribution = uniform
eval_step = 1
stopping_step = 10
clip_grad_norm = None
weight_decay = 1e-06
draw_loss_pic = False
loss_decimal_place = 4

Evaluation Hyper Parameters:
eval_setting = RO_RS,full
group_by_user = True
split_ratio = [0.8, 0.1, 0.1]
leave_one_num = 2
real_time_process = False
metrics = ['Recall', 'NDCG']
topk = [10, 20, 50]
valid_metric = NDCG@20
eval_batch_size = 4096
metric_decimal_place = 4

Dataset Hyper Parameters:
field_separator = 	
seq_separator =  
USER_ID_FIELD = user_id
ITEM_ID_FIELD = item_id
RATING_FIELD = rating
TIME_FIELD = timestamp
seq_len = None
LABEL_FIELD = label
threshold = None
NEG_PREFIX = neg_
load_col = {'inter': ['user_id', 'item_id', 'timestamp']}
unload_col = None
unused_col = None
additional_feat_suffix = None
lowest_val = None
highest_val = None
equal_val = None
not_equal_val = None
max_user_inter_num = None
min_user_inter_num = 5
max_item_inter_num = None
min_item_inter_num = 5
fields_in_same_space = None
preload_weight = None
normalize_field = None
normalize_all = None
ITEM_LIST_LENGTH_FIELD = item_length
LIST_SUFFIX = _list
MAX_ITEM_LIST_LENGTH = 50
POSITION_FIELD = position_id
HEAD_ENTITY_ID_FIELD = head_id
TAIL_ENTITY_ID_FIELD = tail_id
RELATION_ID_FIELD = relation_id
ENTITY_ID_FIELD = entity_id

Other Hyper Parameters: 
valid_metric_bigger = True
BT = 0.1
bt = 0.001
embedding_size = 64
encoder = MF
gamma = 0.5
times = 1
witem = 0.1
wuser = 0.8
zc = 0.7
rm_dup_inter = None
filter_inter_by_user_or_item = True
SOURCE_ID_FIELD = source_id
TARGET_ID_FIELD = target_id
benchmark_filename = None
MODEL_TYPE = ModelType.GENERAL
MODEL_INPUT_TYPE = InputType.POINTWISE
eval_type = EvaluatorType.RANKING
device = cuda
train_neg_sample_args = {'strategy': 'none'}


20 Oct 17:50    INFO  Yelp
The number of users: 31669
Average actions of users: 49.305481874447395
The number of items: 38049
Average actions of items: 41.037794365012616
The number of inters: 1561406
The sparsity of the dataset: 99.87041991912021%
Remain Fields: ['user_id', 'item_id']
20 Oct 17:50    INFO  Build [GeneralDataLoader] for [train] with format [InputType.POINTWISE]
20 Oct 17:50    INFO  [train] No Negative Sampling
20 Oct 17:50    INFO  [train] batch_size = [1024], shuffle = [True]

20 Oct 17:50    INFO  Build [GeneralFullDataLoader] for [evaluation] with format [InputType.POINTWISE]
20 Oct 17:50    INFO  Evaluation Setting:
	Group by user_id
	Ordering: {'strategy': 'shuffle'}
	Splitting: {'strategy': 'by_ratio', 'ratios': [0.8, 0.1, 0.1]}
	Negative Sampling: {'strategy': 'full', 'distribution': 'uniform'}
20 Oct 17:50    INFO  [evaluation] batch_size = [4096], shuffle = [False]

20 Oct 17:50    WARNING  Batch size is changed to 38049.
20 Oct 17:50    WARNING  Batch size is changed to 38049.
{'BT': 0.1, 'bt': 0.001, 'embedding_size': 64, 'encoder': 'MF', 'gamma': None, 'times': 1, 'training_neg_sample_num': 0, 'witem': 0.1, 'wuser': 0.8, 'zc': 0.7}
this is encoder MF...
这是directau 的 WUBT 版本...
20 Oct 17:50    INFO  DirectAU(
  (encoder): MFEncoder(
    (user_embedding): Embedding(31669, 64)
    (item_embedding): Embedding(38049, 64)
  )
  (bn): BatchNorm1d(64, eps=1e-05, momentum=0.1, affine=False, track_running_stats=True)
  (projector): Sequential(
    (0): Linear(in_features=64, out_features=64, bias=False)
    (1): BatchNorm1d(64, eps=1e-05, momentum=0.1, affine=True, track_running_stats=True)
    (2): ReLU(inplace=True)
    (3): Linear(in_features=64, out_features=64, bias=False)
    (4): BatchNorm1d(64, eps=1e-05, momentum=0.1, affine=True, track_running_stats=True)
    (5): ReLU(inplace=True)
    (6): Linear(in_features=64, out_features=64, bias=False)
  )
)
Trainable parameters: 4474496
20 Oct 17:51    INFO  epoch 0 training [time: 23.59s, train loss: -0.2302]
20 Oct 17:51    INFO  epoch 0 evaluating [time: 15.11s, valid_score: 0.021300]
20 Oct 17:51    INFO  valid result: 
recall@10 : 0.02    recall@20 : 0.0352    recall@50 : 0.0735    ndcg@10 : 0.016    ndcg@20 : 0.0213    ndcg@50 : 0.0327    
20 Oct 17:51    INFO  Saving current best: saved/DirectAU-Oct-20-2023_17-50-56.pth
20 Oct 17:51    INFO  epoch 1 training [time: 23.73s, train loss: -0.6862]
20 Oct 17:52    INFO  epoch 1 evaluating [time: 15.07s, valid_score: 0.031200]
20 Oct 17:52    INFO  valid result: 
recall@10 : 0.0302    recall@20 : 0.0514    recall@50 : 0.1006    ndcg@10 : 0.0239    ndcg@20 : 0.0312    ndcg@50 : 0.0457    
20 Oct 17:52    INFO  Saving current best: saved/DirectAU-Oct-20-2023_17-50-56.pth
20 Oct 17:52    INFO  epoch 2 training [time: 23.79s, train loss: -0.7730]
20 Oct 17:52    INFO  epoch 2 evaluating [time: 15.39s, valid_score: 0.035400]
20 Oct 17:52    INFO  valid result: 
recall@10 : 0.0342    recall@20 : 0.0589    recall@50 : 0.1135    ndcg@10 : 0.0269    ndcg@20 : 0.0354    ndcg@50 : 0.0513    
20 Oct 17:52    INFO  Saving current best: saved/DirectAU-Oct-20-2023_17-50-56.pth
20 Oct 17:53    INFO  epoch 3 training [time: 23.83s, train loss: -0.8153]
20 Oct 17:53    INFO  epoch 3 evaluating [time: 15.24s, valid_score: 0.038100]
20 Oct 17:53    INFO  valid result: 
recall@10 : 0.0374    recall@20 : 0.0641    recall@50 : 0.1209    ndcg@10 : 0.029    ndcg@20 : 0.0381    ndcg@50 : 0.0547    
20 Oct 17:53    INFO  Saving current best: saved/DirectAU-Oct-20-2023_17-50-56.pth
20 Oct 17:53    INFO  epoch 4 training [time: 23.87s, train loss: -0.8436]
20 Oct 17:54    INFO  epoch 4 evaluating [time: 14.90s, valid_score: 0.040500]
20 Oct 17:54    INFO  valid result: 
recall@10 : 0.0394    recall@20 : 0.0667    recall@50 : 0.1266    ndcg@10 : 0.0312    ndcg@20 : 0.0405    ndcg@50 : 0.058    
20 Oct 17:54    INFO  Saving current best: saved/DirectAU-Oct-20-2023_17-50-56.pth
20 Oct 17:54    INFO  epoch 5 training [time: 23.93s, train loss: -0.8649]
20 Oct 17:54    INFO  epoch 5 evaluating [time: 15.31s, valid_score: 0.042900]
20 Oct 17:54    INFO  valid result: 
recall@10 : 0.0421    recall@20 : 0.0708    recall@50 : 0.1314    ndcg@10 : 0.033    ndcg@20 : 0.0429    ndcg@50 : 0.0606    
20 Oct 17:54    INFO  Saving current best: saved/DirectAU-Oct-20-2023_17-50-56.pth
20 Oct 17:55    INFO  epoch 6 training [time: 23.95s, train loss: -0.8820]
20 Oct 17:55    INFO  epoch 6 evaluating [time: 14.99s, valid_score: 0.044900]
20 Oct 17:55    INFO  valid result: 
recall@10 : 0.0444    recall@20 : 0.0743    recall@50 : 0.1359    ndcg@10 : 0.0347    ndcg@20 : 0.0449    ndcg@50 : 0.0629    
20 Oct 17:55    INFO  Saving current best: saved/DirectAU-Oct-20-2023_17-50-56.pth
20 Oct 17:55    INFO  epoch 7 training [time: 23.93s, train loss: -0.8966]
20 Oct 17:56    INFO  epoch 7 evaluating [time: 15.16s, valid_score: 0.046300]
20 Oct 17:56    INFO  valid result: 
recall@10 : 0.0463    recall@20 : 0.0764    recall@50 : 0.14    ndcg@10 : 0.036    ndcg@20 : 0.0463    ndcg@50 : 0.0648    
20 Oct 17:56    INFO  Saving current best: saved/DirectAU-Oct-20-2023_17-50-56.pth
20 Oct 17:56    INFO  epoch 8 training [time: 23.94s, train loss: -0.9091]
20 Oct 17:56    INFO  epoch 8 evaluating [time: 15.12s, valid_score: 0.048300]
20 Oct 17:56    INFO  valid result: 
recall@10 : 0.0481    recall@20 : 0.0792    recall@50 : 0.1431    ndcg@10 : 0.0377    ndcg@20 : 0.0483    ndcg@50 : 0.0669    
20 Oct 17:56    INFO  Saving current best: saved/DirectAU-Oct-20-2023_17-50-56.pth
20 Oct 17:57    INFO  epoch 9 training [time: 23.95s, train loss: -0.9197]
20 Oct 17:57    INFO  epoch 9 evaluating [time: 15.36s, valid_score: 0.049300]
20 Oct 17:57    INFO  valid result: 
recall@10 : 0.0496    recall@20 : 0.0806    recall@50 : 0.1461    ndcg@10 : 0.0388    ndcg@20 : 0.0493    ndcg@50 : 0.0685    
20 Oct 17:57    INFO  Saving current best: saved/DirectAU-Oct-20-2023_17-50-56.pth
20 Oct 17:57    INFO  epoch 10 training [time: 23.94s, train loss: -0.9290]
20 Oct 17:58    INFO  epoch 10 evaluating [time: 15.09s, valid_score: 0.050600]
20 Oct 17:58    INFO  valid result: 
recall@10 : 0.0507    recall@20 : 0.0824    recall@50 : 0.1496    ndcg@10 : 0.0398    ndcg@20 : 0.0506    ndcg@50 : 0.0702    
20 Oct 17:58    INFO  Saving current best: saved/DirectAU-Oct-20-2023_17-50-56.pth
20 Oct 17:58    INFO  epoch 11 training [time: 23.99s, train loss: -0.9368]
20 Oct 17:58    INFO  epoch 11 evaluating [time: 15.33s, valid_score: 0.051700]
20 Oct 17:58    INFO  valid result: 
recall@10 : 0.0522    recall@20 : 0.0847    recall@50 : 0.153    ndcg@10 : 0.0407    ndcg@20 : 0.0517    ndcg@50 : 0.0716    
20 Oct 17:58    INFO  Saving current best: saved/DirectAU-Oct-20-2023_17-50-56.pth
20 Oct 17:59    INFO  epoch 12 training [time: 23.95s, train loss: -0.9438]
20 Oct 17:59    INFO  epoch 12 evaluating [time: 15.04s, valid_score: 0.053400]
20 Oct 17:59    INFO  valid result: 
recall@10 : 0.0531    recall@20 : 0.087    recall@50 : 0.1559    ndcg@10 : 0.0419    ndcg@20 : 0.0534    ndcg@50 : 0.0735    
20 Oct 17:59    INFO  Saving current best: saved/DirectAU-Oct-20-2023_17-50-56.pth
20 Oct 17:59    INFO  epoch 13 training [time: 23.96s, train loss: -0.9497]
20 Oct 18:00    INFO  epoch 13 evaluating [time: 15.24s, valid_score: 0.053700]
20 Oct 18:00    INFO  valid result: 
recall@10 : 0.0541    recall@20 : 0.0871    recall@50 : 0.1581    ndcg@10 : 0.0426    ndcg@20 : 0.0537    ndcg@50 : 0.0744    
20 Oct 18:00    INFO  Saving current best: saved/DirectAU-Oct-20-2023_17-50-56.pth
20 Oct 18:00    INFO  epoch 14 training [time: 23.93s, train loss: -0.9547]
20 Oct 18:00    INFO  epoch 14 evaluating [time: 15.03s, valid_score: 0.055000]
20 Oct 18:00    INFO  valid result: 
recall@10 : 0.0555    recall@20 : 0.0887    recall@50 : 0.1597    ndcg@10 : 0.0438    ndcg@20 : 0.055    ndcg@50 : 0.0757    
20 Oct 18:00    INFO  Saving current best: saved/DirectAU-Oct-20-2023_17-50-56.pth
20 Oct 18:01    INFO  epoch 15 training [time: 23.96s, train loss: -0.9591]
20 Oct 18:01    INFO  epoch 15 evaluating [time: 15.32s, valid_score: 0.056100]
20 Oct 18:01    INFO  valid result: 
recall@10 : 0.056    recall@20 : 0.0905    recall@50 : 0.1626    ndcg@10 : 0.0444    ndcg@20 : 0.0561    ndcg@50 : 0.0769    
20 Oct 18:01    INFO  Saving current best: saved/DirectAU-Oct-20-2023_17-50-56.pth
20 Oct 18:01    INFO  epoch 16 training [time: 23.92s, train loss: -0.9630]
20 Oct 18:02    INFO  epoch 16 evaluating [time: 15.47s, valid_score: 0.056500]
20 Oct 18:02    INFO  valid result: 
recall@10 : 0.0568    recall@20 : 0.0911    recall@50 : 0.1646    ndcg@10 : 0.0449    ndcg@20 : 0.0565    ndcg@50 : 0.0778    
20 Oct 18:02    INFO  Saving current best: saved/DirectAU-Oct-20-2023_17-50-56.pth
20 Oct 18:02    INFO  epoch 17 training [time: 23.95s, train loss: -0.9665]
20 Oct 18:02    INFO  epoch 17 evaluating [time: 15.05s, valid_score: 0.056900]
20 Oct 18:02    INFO  valid result: 
recall@10 : 0.0562    recall@20 : 0.092    recall@50 : 0.1652    ndcg@10 : 0.0447    ndcg@20 : 0.0569    ndcg@50 : 0.0782    
20 Oct 18:02    INFO  Saving current best: saved/DirectAU-Oct-20-2023_17-50-56.pth
20 Oct 18:03    INFO  epoch 18 training [time: 23.98s, train loss: -0.9696]
20 Oct 18:03    INFO  epoch 18 evaluating [time: 15.33s, valid_score: 0.057300]
20 Oct 18:03    INFO  valid result: 
recall@10 : 0.0572    recall@20 : 0.0924    recall@50 : 0.1659    ndcg@10 : 0.0454    ndcg@20 : 0.0573    ndcg@50 : 0.0786    
20 Oct 18:03    INFO  Saving current best: saved/DirectAU-Oct-20-2023_17-50-56.pth
20 Oct 18:03    INFO  epoch 19 training [time: 23.96s, train loss: -0.9722]
20 Oct 18:04    INFO  epoch 19 evaluating [time: 15.15s, valid_score: 0.058000]
20 Oct 18:04    INFO  valid result: 
recall@10 : 0.0578    recall@20 : 0.0926    recall@50 : 0.1686    ndcg@10 : 0.0462    ndcg@20 : 0.058    ndcg@50 : 0.08    
20 Oct 18:04    INFO  Saving current best: saved/DirectAU-Oct-20-2023_17-50-56.pth
20 Oct 18:04    INFO  epoch 20 training [time: 23.97s, train loss: -0.9744]
20 Oct 18:04    INFO  epoch 20 evaluating [time: 15.41s, valid_score: 0.058300]
20 Oct 18:04    INFO  valid result: 
recall@10 : 0.058    recall@20 : 0.0937    recall@50 : 0.1683    ndcg@10 : 0.0463    ndcg@20 : 0.0583    ndcg@50 : 0.08    
20 Oct 18:04    INFO  Saving current best: saved/DirectAU-Oct-20-2023_17-50-56.pth
20 Oct 18:05    INFO  epoch 21 training [time: 23.94s, train loss: -0.9764]
20 Oct 18:05    INFO  epoch 21 evaluating [time: 15.19s, valid_score: 0.058300]
20 Oct 18:05    INFO  valid result: 
recall@10 : 0.0583    recall@20 : 0.0935    recall@50 : 0.1699    ndcg@10 : 0.0465    ndcg@20 : 0.0583    ndcg@50 : 0.0805    
20 Oct 18:05    INFO  epoch 22 training [time: 23.88s, train loss: -0.9780]
20 Oct 18:05    INFO  epoch 22 evaluating [time: 15.24s, valid_score: 0.058800]
20 Oct 18:05    INFO  valid result: 
recall@10 : 0.0591    recall@20 : 0.0946    recall@50 : 0.1701    ndcg@10 : 0.0468    ndcg@20 : 0.0588    ndcg@50 : 0.0807    
20 Oct 18:05    INFO  Saving current best: saved/DirectAU-Oct-20-2023_17-50-56.pth
20 Oct 18:06    INFO  epoch 23 training [time: 23.96s, train loss: -0.9796]
20 Oct 18:06    INFO  epoch 23 evaluating [time: 15.13s, valid_score: 0.059000]
20 Oct 18:06    INFO  valid result: 
recall@10 : 0.0593    recall@20 : 0.0947    recall@50 : 0.1711    ndcg@10 : 0.0471    ndcg@20 : 0.059    ndcg@50 : 0.0812    
20 Oct 18:06    INFO  Saving current best: saved/DirectAU-Oct-20-2023_17-50-56.pth
20 Oct 18:07    INFO  epoch 24 training [time: 23.95s, train loss: -0.9809]
20 Oct 18:07    INFO  epoch 24 evaluating [time: 15.43s, valid_score: 0.059300]
20 Oct 18:07    INFO  valid result: 
recall@10 : 0.0595    recall@20 : 0.0951    recall@50 : 0.1708    ndcg@10 : 0.0473    ndcg@20 : 0.0593    ndcg@50 : 0.0813    
20 Oct 18:07    INFO  Saving current best: saved/DirectAU-Oct-20-2023_17-50-56.pth
20 Oct 18:07    INFO  epoch 25 training [time: 23.72s, train loss: -0.9819]
20 Oct 18:07    INFO  epoch 25 evaluating [time: 15.11s, valid_score: 0.059400]
20 Oct 18:07    INFO  valid result: 
recall@10 : 0.0594    recall@20 : 0.0954    recall@50 : 0.1721    ndcg@10 : 0.0474    ndcg@20 : 0.0594    ndcg@50 : 0.0816    
20 Oct 18:07    INFO  Saving current best: saved/DirectAU-Oct-20-2023_17-50-56.pth
20 Oct 18:08    INFO  epoch 26 training [time: 23.95s, train loss: -0.9828]
20 Oct 18:08    INFO  epoch 26 evaluating [time: 15.12s, valid_score: 0.059700]
20 Oct 18:08    INFO  valid result: 
recall@10 : 0.0599    recall@20 : 0.0958    recall@50 : 0.1718    ndcg@10 : 0.0477    ndcg@20 : 0.0597    ndcg@50 : 0.0818    
20 Oct 18:08    INFO  Saving current best: saved/DirectAU-Oct-20-2023_17-50-56.pth
20 Oct 18:08    INFO  epoch 27 training [time: 23.93s, train loss: -0.9837]
20 Oct 18:09    INFO  epoch 27 evaluating [time: 14.96s, valid_score: 0.059900]
20 Oct 18:09    INFO  valid result: 
recall@10 : 0.0601    recall@20 : 0.096    recall@50 : 0.1718    ndcg@10 : 0.0478    ndcg@20 : 0.0599    ndcg@50 : 0.0819    
20 Oct 18:09    INFO  Saving current best: saved/DirectAU-Oct-20-2023_17-50-56.pth
20 Oct 18:09    INFO  epoch 28 training [time: 23.94s, train loss: -0.9846]
20 Oct 18:09    INFO  epoch 28 evaluating [time: 15.19s, valid_score: 0.060300]
20 Oct 18:09    INFO  valid result: 
recall@10 : 0.0605    recall@20 : 0.0964    recall@50 : 0.172    ndcg@10 : 0.0482    ndcg@20 : 0.0603    ndcg@50 : 0.0823    
20 Oct 18:09    INFO  Saving current best: saved/DirectAU-Oct-20-2023_17-50-56.pth
20 Oct 18:10    INFO  epoch 29 training [time: 23.83s, train loss: -0.9854]
20 Oct 18:10    INFO  epoch 29 evaluating [time: 15.21s, valid_score: 0.059900]
20 Oct 18:10    INFO  valid result: 
recall@10 : 0.0606    recall@20 : 0.0961    recall@50 : 0.1717    ndcg@10 : 0.0479    ndcg@20 : 0.0599    ndcg@50 : 0.0818    
20 Oct 18:10    INFO  epoch 30 training [time: 23.91s, train loss: -0.9860]
20 Oct 18:11    INFO  epoch 30 evaluating [time: 14.76s, valid_score: 0.060200]
20 Oct 18:11    INFO  valid result: 
recall@10 : 0.0599    recall@20 : 0.0961    recall@50 : 0.1737    ndcg@10 : 0.0479    ndcg@20 : 0.0602    ndcg@50 : 0.0827    
20 Oct 18:11    INFO  epoch 31 training [time: 23.95s, train loss: -0.9866]
20 Oct 18:11    INFO  epoch 31 evaluating [time: 15.28s, valid_score: 0.060500]
20 Oct 18:11    INFO  valid result: 
recall@10 : 0.0605    recall@20 : 0.0967    recall@50 : 0.1727    ndcg@10 : 0.0483    ndcg@20 : 0.0605    ndcg@50 : 0.0826    
20 Oct 18:11    INFO  Saving current best: saved/DirectAU-Oct-20-2023_17-50-56.pth
20 Oct 18:12    INFO  epoch 32 training [time: 23.92s, train loss: -0.9871]
20 Oct 18:12    INFO  epoch 32 evaluating [time: 14.98s, valid_score: 0.060400]
20 Oct 18:12    INFO  valid result: 
recall@10 : 0.0598    recall@20 : 0.097    recall@50 : 0.1727    ndcg@10 : 0.0479    ndcg@20 : 0.0604    ndcg@50 : 0.0824    
20 Oct 18:12    INFO  epoch 33 training [time: 23.95s, train loss: -0.9876]
20 Oct 18:13    INFO  epoch 33 evaluating [time: 15.22s, valid_score: 0.060300]
20 Oct 18:13    INFO  valid result: 
recall@10 : 0.0596    recall@20 : 0.0965    recall@50 : 0.1738    ndcg@10 : 0.0479    ndcg@20 : 0.0603    ndcg@50 : 0.0827    
20 Oct 18:13    INFO  epoch 34 training [time: 23.91s, train loss: -0.9881]
20 Oct 18:13    INFO  epoch 34 evaluating [time: 15.02s, valid_score: 0.060200]
20 Oct 18:13    INFO  valid result: 
recall@10 : 0.0603    recall@20 : 0.0963    recall@50 : 0.1737    ndcg@10 : 0.0481    ndcg@20 : 0.0602    ndcg@50 : 0.0827    
20 Oct 18:14    INFO  epoch 35 training [time: 23.95s, train loss: -0.9885]
20 Oct 18:14    INFO  epoch 35 evaluating [time: 15.20s, valid_score: 0.060500]
20 Oct 18:14    INFO  valid result: 
recall@10 : 0.0605    recall@20 : 0.0971    recall@50 : 0.1742    ndcg@10 : 0.0481    ndcg@20 : 0.0605    ndcg@50 : 0.0828    
20 Oct 18:14    INFO  epoch 36 training [time: 23.57s, train loss: -0.9889]
20 Oct 18:15    INFO  epoch 36 evaluating [time: 14.96s, valid_score: 0.060400]
20 Oct 18:15    INFO  valid result: 
recall@10 : 0.0603    recall@20 : 0.0974    recall@50 : 0.1743    ndcg@10 : 0.0479    ndcg@20 : 0.0604    ndcg@50 : 0.0827    
20 Oct 18:15    INFO  epoch 37 training [time: 23.72s, train loss: -0.9893]
20 Oct 18:15    INFO  epoch 37 evaluating [time: 15.13s, valid_score: 0.060500]
20 Oct 18:15    INFO  valid result: 
recall@10 : 0.0599    recall@20 : 0.097    recall@50 : 0.1749    ndcg@10 : 0.048    ndcg@20 : 0.0605    ndcg@50 : 0.083    
20 Oct 18:16    INFO  epoch 38 training [time: 23.93s, train loss: -0.9896]
20 Oct 18:16    INFO  epoch 38 evaluating [time: 15.01s, valid_score: 0.060500]
20 Oct 18:16    INFO  valid result: 
recall@10 : 0.0603    recall@20 : 0.0967    recall@50 : 0.1744    ndcg@10 : 0.0483    ndcg@20 : 0.0605    ndcg@50 : 0.0831    
20 Oct 18:16    INFO  epoch 39 training [time: 23.94s, train loss: -0.9897]
20 Oct 18:17    INFO  epoch 39 evaluating [time: 15.32s, valid_score: 0.060800]
20 Oct 18:17    INFO  valid result: 
recall@10 : 0.0601    recall@20 : 0.0971    recall@50 : 0.1747    ndcg@10 : 0.0483    ndcg@20 : 0.0608    ndcg@50 : 0.0832    
20 Oct 18:17    INFO  Saving current best: saved/DirectAU-Oct-20-2023_17-50-56.pth
20 Oct 18:17    INFO  epoch 40 training [time: 23.93s, train loss: -0.9898]
20 Oct 18:17    INFO  epoch 40 evaluating [time: 14.91s, valid_score: 0.060400]
20 Oct 18:17    INFO  valid result: 
recall@10 : 0.0603    recall@20 : 0.0969    recall@50 : 0.1746    ndcg@10 : 0.0481    ndcg@20 : 0.0604    ndcg@50 : 0.083    
20 Oct 18:18    INFO  epoch 41 training [time: 23.89s, train loss: -0.9899]
20 Oct 18:18    INFO  epoch 41 evaluating [time: 15.24s, valid_score: 0.060400]
20 Oct 18:18    INFO  valid result: 
recall@10 : 0.0605    recall@20 : 0.0969    recall@50 : 0.1745    ndcg@10 : 0.0481    ndcg@20 : 0.0604    ndcg@50 : 0.0828    
20 Oct 18:18    INFO  epoch 42 training [time: 23.94s, train loss: -0.9900]
20 Oct 18:19    INFO  epoch 42 evaluating [time: 15.21s, valid_score: 0.060400]
20 Oct 18:19    INFO  valid result: 
recall@10 : 0.0597    recall@20 : 0.0967    recall@50 : 0.174    ndcg@10 : 0.0478    ndcg@20 : 0.0604    ndcg@50 : 0.0828    
20 Oct 18:19    INFO  epoch 43 training [time: 23.95s, train loss: -0.9901]
20 Oct 18:19    INFO  epoch 43 evaluating [time: 14.91s, valid_score: 0.060600]
20 Oct 18:19    INFO  valid result: 
recall@10 : 0.0604    recall@20 : 0.0967    recall@50 : 0.1741    ndcg@10 : 0.0484    ndcg@20 : 0.0606    ndcg@50 : 0.0831    
20 Oct 18:20    INFO  epoch 44 training [time: 23.94s, train loss: -0.9903]
20 Oct 18:20    INFO  epoch 44 evaluating [time: 15.13s, valid_score: 0.060400]
20 Oct 18:20    INFO  valid result: 
recall@10 : 0.06    recall@20 : 0.0967    recall@50 : 0.1744    ndcg@10 : 0.048    ndcg@20 : 0.0604    ndcg@50 : 0.083    
20 Oct 18:20    INFO  epoch 45 training [time: 23.96s, train loss: -0.9903]
20 Oct 18:20    INFO  epoch 45 evaluating [time: 14.95s, valid_score: 0.060600]
20 Oct 18:20    INFO  valid result: 
recall@10 : 0.0608    recall@20 : 0.0973    recall@50 : 0.1749    ndcg@10 : 0.0483    ndcg@20 : 0.0606    ndcg@50 : 0.0831    
20 Oct 18:21    INFO  epoch 46 training [time: 23.99s, train loss: -0.9904]
20 Oct 18:21    INFO  epoch 46 evaluating [time: 15.35s, valid_score: 0.060300]
20 Oct 18:21    INFO  valid result: 
recall@10 : 0.0606    recall@20 : 0.0968    recall@50 : 0.1745    ndcg@10 : 0.048    ndcg@20 : 0.0603    ndcg@50 : 0.0828    
20 Oct 18:22    INFO  epoch 47 training [time: 23.93s, train loss: -0.9905]
20 Oct 18:22    INFO  epoch 47 evaluating [time: 14.81s, valid_score: 0.060600]
20 Oct 18:22    INFO  valid result: 
recall@10 : 0.0608    recall@20 : 0.097    recall@50 : 0.1748    ndcg@10 : 0.0483    ndcg@20 : 0.0606    ndcg@50 : 0.0831    
20 Oct 18:22    INFO  epoch 48 training [time: 23.96s, train loss: -0.9905]
20 Oct 18:22    INFO  epoch 48 evaluating [time: 15.09s, valid_score: 0.060300]
20 Oct 18:22    INFO  valid result: 
recall@10 : 0.0602    recall@20 : 0.0969    recall@50 : 0.175    ndcg@10 : 0.048    ndcg@20 : 0.0603    ndcg@50 : 0.083    
20 Oct 18:23    INFO  epoch 49 training [time: 23.95s, train loss: -0.9906]
20 Oct 18:23    INFO  epoch 49 evaluating [time: 15.01s, valid_score: 0.060700]
20 Oct 18:23    INFO  valid result: 
recall@10 : 0.0603    recall@20 : 0.0976    recall@50 : 0.1747    ndcg@10 : 0.0481    ndcg@20 : 0.0607    ndcg@50 : 0.0831    
20 Oct 18:23    INFO  epoch 50 training [time: 23.97s, train loss: -0.9906]
20 Oct 18:24    INFO  epoch 50 evaluating [time: 15.29s, valid_score: 0.060700]
20 Oct 18:24    INFO  valid result: 
recall@10 : 0.0608    recall@20 : 0.097    recall@50 : 0.175    ndcg@10 : 0.0485    ndcg@20 : 0.0607    ndcg@50 : 0.0833    
20 Oct 18:24    INFO  Finished training, best eval result in epoch 39
20 Oct 18:24    INFO  Loading model structure and parameters from saved/DirectAU-Oct-20-2023_17-50-56.pth
20 Oct 18:24    INFO  best valid : {'recall@10': 0.0601, 'recall@20': 0.0971, 'recall@50': 0.1747, 'ndcg@10': 0.0483, 'ndcg@20': 0.0608, 'ndcg@50': 0.0832}
20 Oct 18:24    INFO  test result: {'recall@10': 0.0614, 'recall@20': 0.098, 'recall@50': 0.1742, 'ndcg@10': 0.0488, 'ndcg@20': 0.0609, 'ndcg@50': 0.083}
