command line args [--zc 0.2] will not be used in RecBole
20 Oct 14:37    INFO  
General Hyper Parameters:
gpu_id = 2
use_gpu = True
seed = 0
state = INFO
reproducibility = True
data_path = dataset/Beauty
show_progress = False

Training Hyper Parameters:
checkpoint_dir = saved
epochs = 500
train_batch_size = 256
learner = adam
learning_rate = 0.001
training_neg_sample_num = 0
training_neg_sample_distribution = uniform
eval_step = 1
stopping_step = 10
clip_grad_norm = None
weight_decay = 1e-06
draw_loss_pic = False
loss_decimal_place = 4

Evaluation Hyper Parameters:
eval_setting = RO_RS,full
group_by_user = True
split_ratio = [0.8, 0.1, 0.1]
leave_one_num = 2
real_time_process = False
metrics = ['Recall', 'NDCG']
topk = [10, 20, 50]
valid_metric = NDCG@20
eval_batch_size = 4096
metric_decimal_place = 4

Dataset Hyper Parameters:
field_separator = 	
seq_separator =  
USER_ID_FIELD = user_id
ITEM_ID_FIELD = item_id
RATING_FIELD = rating
TIME_FIELD = timestamp
seq_len = None
LABEL_FIELD = label
threshold = None
NEG_PREFIX = neg_
load_col = {'inter': ['user_id', 'item_id', 'timestamp']}
unload_col = None
unused_col = None
additional_feat_suffix = None
lowest_val = None
highest_val = None
equal_val = None
not_equal_val = None
max_user_inter_num = None
min_user_inter_num = 5
max_item_inter_num = None
min_item_inter_num = 5
fields_in_same_space = None
preload_weight = None
normalize_field = None
normalize_all = None
ITEM_LIST_LENGTH_FIELD = item_length
LIST_SUFFIX = _list
MAX_ITEM_LIST_LENGTH = 50
POSITION_FIELD = position_id
HEAD_ENTITY_ID_FIELD = head_id
TAIL_ENTITY_ID_FIELD = tail_id
RELATION_ID_FIELD = relation_id
ENTITY_ID_FIELD = entity_id

Other Hyper Parameters: 
valid_metric_bigger = True
BT = 0.1
bt = 0.001
embedding_size = 64
encoder = MF
gamma = 0.5
times = 1
witem = 0.1
wuser = 0.8
zc = 0.2
rm_dup_inter = None
filter_inter_by_user_or_item = True
SOURCE_ID_FIELD = source_id
TARGET_ID_FIELD = target_id
benchmark_filename = None
MODEL_TYPE = ModelType.GENERAL
MODEL_INPUT_TYPE = InputType.POINTWISE
eval_type = EvaluatorType.RANKING
device = cuda
train_neg_sample_args = {'strategy': 'none'}


20 Oct 14:37    INFO  Beauty
The number of users: 22364
Average actions of users: 8.876358270357287
The number of items: 12102
Average actions of items: 16.403768283612923
The number of inters: 198502
The sparsity of the dataset: 99.92665707018277%
Remain Fields: ['user_id', 'item_id', 'timestamp']
20 Oct 14:37    INFO  Build [GeneralDataLoader] for [train] with format [InputType.POINTWISE]
20 Oct 14:37    INFO  [train] No Negative Sampling
20 Oct 14:37    INFO  [train] batch_size = [256], shuffle = [True]

20 Oct 14:37    INFO  Build [GeneralFullDataLoader] for [evaluation] with format [InputType.POINTWISE]
20 Oct 14:37    INFO  Evaluation Setting:
	Group by user_id
	Ordering: {'strategy': 'shuffle'}
	Splitting: {'strategy': 'by_ratio', 'ratios': [0.8, 0.1, 0.1]}
	Negative Sampling: {'strategy': 'full', 'distribution': 'uniform'}
20 Oct 14:37    INFO  [evaluation] batch_size = [4096], shuffle = [False]

20 Oct 14:37    WARNING  Batch size is changed to 12102.
20 Oct 14:37    WARNING  Batch size is changed to 12102.
{'BT': 0.1, 'bt': 0.001, 'embedding_size': 64, 'encoder': 'MF', 'gamma': None, 'times': 1, 'training_neg_sample_num': 0, 'witem': 0.1, 'wuser': 0.8, 'zc': 0.2}
this is encoder MF...
这是directau 的 WUBT 版本...
20 Oct 14:37    INFO  DirectAU(
  (encoder): MFEncoder(
    (user_embedding): Embedding(22364, 64)
    (item_embedding): Embedding(12102, 64)
  )
  (bn): BatchNorm1d(64, eps=1e-05, momentum=0.1, affine=False, track_running_stats=True)
  (projector): Sequential(
    (0): Linear(in_features=64, out_features=64, bias=False)
    (1): BatchNorm1d(64, eps=1e-05, momentum=0.1, affine=True, track_running_stats=True)
    (2): ReLU(inplace=True)
    (3): Linear(in_features=64, out_features=64, bias=False)
    (4): BatchNorm1d(64, eps=1e-05, momentum=0.1, affine=True, track_running_stats=True)
    (5): ReLU(inplace=True)
    (6): Linear(in_features=64, out_features=64, bias=False)
  )
)
Trainable parameters: 2218368
20 Oct 14:37    INFO  epoch 0 training [time: 2.16s, train loss: 0.0174]
20 Oct 14:37    INFO  epoch 0 evaluating [time: 9.43s, valid_score: 0.014400]
20 Oct 14:37    INFO  valid result: 
recall@10 : 0.0203    recall@20 : 0.0309    recall@50 : 0.0501    ndcg@10 : 0.0115    ndcg@20 : 0.0144    ndcg@50 : 0.0185    
20 Oct 14:37    INFO  Saving current best: saved/DirectAU-Oct-20-2023_14-37-41.pth
20 Oct 14:37    INFO  epoch 1 training [time: 2.10s, train loss: -0.4899]
20 Oct 14:38    INFO  epoch 1 evaluating [time: 9.17s, valid_score: 0.019600]
20 Oct 14:38    INFO  valid result: 
recall@10 : 0.0269    recall@20 : 0.0421    recall@50 : 0.0692    ndcg@10 : 0.0154    ndcg@20 : 0.0196    ndcg@50 : 0.0253    
20 Oct 14:38    INFO  Saving current best: saved/DirectAU-Oct-20-2023_14-37-41.pth
20 Oct 14:38    INFO  epoch 2 training [time: 2.12s, train loss: -0.6215]
20 Oct 14:38    INFO  epoch 2 evaluating [time: 9.41s, valid_score: 0.022700]
20 Oct 14:38    INFO  valid result: 
recall@10 : 0.0316    recall@20 : 0.0496    recall@50 : 0.0817    ndcg@10 : 0.0179    ndcg@20 : 0.0227    ndcg@50 : 0.0294    
20 Oct 14:38    INFO  Saving current best: saved/DirectAU-Oct-20-2023_14-37-41.pth
20 Oct 14:38    INFO  epoch 3 training [time: 2.14s, train loss: -0.6863]
20 Oct 14:38    INFO  epoch 3 evaluating [time: 9.22s, valid_score: 0.025100]
20 Oct 14:38    INFO  valid result: 
recall@10 : 0.0347    recall@20 : 0.0555    recall@50 : 0.0886    ndcg@10 : 0.0196    ndcg@20 : 0.0251    ndcg@50 : 0.0321    
20 Oct 14:38    INFO  Saving current best: saved/DirectAU-Oct-20-2023_14-37-41.pth
20 Oct 14:38    INFO  epoch 4 training [time: 2.13s, train loss: -0.7284]
20 Oct 14:38    INFO  epoch 4 evaluating [time: 9.52s, valid_score: 0.027300]
20 Oct 14:38    INFO  valid result: 
recall@10 : 0.0382    recall@20 : 0.0596    recall@50 : 0.0953    ndcg@10 : 0.0216    ndcg@20 : 0.0273    ndcg@50 : 0.0348    
20 Oct 14:38    INFO  Saving current best: saved/DirectAU-Oct-20-2023_14-37-41.pth
20 Oct 14:38    INFO  epoch 5 training [time: 2.13s, train loss: -0.7599]
20 Oct 14:38    INFO  epoch 5 evaluating [time: 9.43s, valid_score: 0.028900]
20 Oct 14:38    INFO  valid result: 
recall@10 : 0.041    recall@20 : 0.0638    recall@50 : 0.0998    ndcg@10 : 0.0228    ndcg@20 : 0.0289    ndcg@50 : 0.0364    
20 Oct 14:38    INFO  Saving current best: saved/DirectAU-Oct-20-2023_14-37-41.pth
20 Oct 14:38    INFO  epoch 6 training [time: 2.10s, train loss: -0.7846]
20 Oct 14:39    INFO  epoch 6 evaluating [time: 9.07s, valid_score: 0.030300]
20 Oct 14:39    INFO  valid result: 
recall@10 : 0.0432    recall@20 : 0.0657    recall@50 : 0.1037    ndcg@10 : 0.0243    ndcg@20 : 0.0303    ndcg@50 : 0.0383    
20 Oct 14:39    INFO  Saving current best: saved/DirectAU-Oct-20-2023_14-37-41.pth
20 Oct 14:39    INFO  epoch 7 training [time: 2.09s, train loss: -0.8056]
20 Oct 14:39    INFO  epoch 7 evaluating [time: 9.47s, valid_score: 0.031700]
20 Oct 14:39    INFO  valid result: 
recall@10 : 0.0456    recall@20 : 0.0695    recall@50 : 0.1094    ndcg@10 : 0.0253    ndcg@20 : 0.0317    ndcg@50 : 0.04    
20 Oct 14:39    INFO  Saving current best: saved/DirectAU-Oct-20-2023_14-37-41.pth
20 Oct 14:39    INFO  epoch 8 training [time: 2.04s, train loss: -0.8246]
20 Oct 14:39    INFO  epoch 8 evaluating [time: 9.24s, valid_score: 0.032500]
20 Oct 14:39    INFO  valid result: 
recall@10 : 0.0463    recall@20 : 0.0708    recall@50 : 0.1133    ndcg@10 : 0.0259    ndcg@20 : 0.0325    ndcg@50 : 0.0413    
20 Oct 14:39    INFO  Saving current best: saved/DirectAU-Oct-20-2023_14-37-41.pth
20 Oct 14:39    INFO  epoch 9 training [time: 2.10s, train loss: -0.8409]
20 Oct 14:39    INFO  epoch 9 evaluating [time: 9.10s, valid_score: 0.033900]
20 Oct 14:39    INFO  valid result: 
recall@10 : 0.0488    recall@20 : 0.0735    recall@50 : 0.1183    ndcg@10 : 0.0273    ndcg@20 : 0.0339    ndcg@50 : 0.0432    
20 Oct 14:39    INFO  Saving current best: saved/DirectAU-Oct-20-2023_14-37-41.pth
20 Oct 14:39    INFO  epoch 10 training [time: 2.10s, train loss: -0.8557]
20 Oct 14:39    INFO  epoch 10 evaluating [time: 9.13s, valid_score: 0.035500]
20 Oct 14:39    INFO  valid result: 
recall@10 : 0.0513    recall@20 : 0.0769    recall@50 : 0.1205    ndcg@10 : 0.0287    ndcg@20 : 0.0355    ndcg@50 : 0.0445    
20 Oct 14:39    INFO  Saving current best: saved/DirectAU-Oct-20-2023_14-37-41.pth
20 Oct 14:39    INFO  epoch 11 training [time: 2.04s, train loss: -0.8699]
20 Oct 14:39    INFO  epoch 11 evaluating [time: 9.47s, valid_score: 0.036200]
20 Oct 14:39    INFO  valid result: 
recall@10 : 0.0537    recall@20 : 0.0798    recall@50 : 0.1241    ndcg@10 : 0.0294    ndcg@20 : 0.0362    ndcg@50 : 0.0455    
20 Oct 14:39    INFO  Saving current best: saved/DirectAU-Oct-20-2023_14-37-41.pth
20 Oct 14:40    INFO  epoch 12 training [time: 2.10s, train loss: -0.8823]
20 Oct 14:40    INFO  epoch 12 evaluating [time: 9.06s, valid_score: 0.037200]
20 Oct 14:40    INFO  valid result: 
recall@10 : 0.0536    recall@20 : 0.081    recall@50 : 0.1267    ndcg@10 : 0.0299    ndcg@20 : 0.0372    ndcg@50 : 0.0467    
20 Oct 14:40    INFO  Saving current best: saved/DirectAU-Oct-20-2023_14-37-41.pth
20 Oct 14:40    INFO  epoch 13 training [time: 2.10s, train loss: -0.8947]
20 Oct 14:40    INFO  epoch 13 evaluating [time: 9.41s, valid_score: 0.038500]
20 Oct 14:40    INFO  valid result: 
recall@10 : 0.0561    recall@20 : 0.084    recall@50 : 0.1295    ndcg@10 : 0.0311    ndcg@20 : 0.0385    ndcg@50 : 0.0478    
20 Oct 14:40    INFO  Saving current best: saved/DirectAU-Oct-20-2023_14-37-41.pth
20 Oct 14:40    INFO  epoch 14 training [time: 2.11s, train loss: -0.9054]
20 Oct 14:40    INFO  epoch 14 evaluating [time: 9.21s, valid_score: 0.039000]
20 Oct 14:40    INFO  valid result: 
recall@10 : 0.0584    recall@20 : 0.0849    recall@50 : 0.131    ndcg@10 : 0.032    ndcg@20 : 0.039    ndcg@50 : 0.0485    
20 Oct 14:40    INFO  Saving current best: saved/DirectAU-Oct-20-2023_14-37-41.pth
20 Oct 14:40    INFO  epoch 15 training [time: 2.04s, train loss: -0.9167]
20 Oct 14:40    INFO  epoch 15 evaluating [time: 9.42s, valid_score: 0.040100]
20 Oct 14:40    INFO  valid result: 
recall@10 : 0.0589    recall@20 : 0.0876    recall@50 : 0.1332    ndcg@10 : 0.0325    ndcg@20 : 0.0401    ndcg@50 : 0.0495    
20 Oct 14:40    INFO  Saving current best: saved/DirectAU-Oct-20-2023_14-37-41.pth
20 Oct 14:40    INFO  epoch 16 training [time: 2.08s, train loss: -0.9263]
20 Oct 14:40    INFO  epoch 16 evaluating [time: 9.34s, valid_score: 0.041400]
20 Oct 14:40    INFO  valid result: 
recall@10 : 0.0602    recall@20 : 0.089    recall@50 : 0.1344    ndcg@10 : 0.0338    ndcg@20 : 0.0414    ndcg@50 : 0.0508    
20 Oct 14:40    INFO  Saving current best: saved/DirectAU-Oct-20-2023_14-37-41.pth
20 Oct 14:40    INFO  epoch 17 training [time: 2.11s, train loss: -0.9364]
20 Oct 14:41    INFO  epoch 17 evaluating [time: 9.25s, valid_score: 0.041500]
20 Oct 14:41    INFO  valid result: 
recall@10 : 0.0621    recall@20 : 0.0895    recall@50 : 0.1364    ndcg@10 : 0.0342    ndcg@20 : 0.0415    ndcg@50 : 0.0512    
20 Oct 14:41    INFO  Saving current best: saved/DirectAU-Oct-20-2023_14-37-41.pth
20 Oct 14:41    INFO  epoch 18 training [time: 2.02s, train loss: -0.9459]
20 Oct 14:41    INFO  epoch 18 evaluating [time: 9.25s, valid_score: 0.042700]
20 Oct 14:41    INFO  valid result: 
recall@10 : 0.0627    recall@20 : 0.092    recall@50 : 0.139    ndcg@10 : 0.035    ndcg@20 : 0.0427    ndcg@50 : 0.0524    
20 Oct 14:41    INFO  Saving current best: saved/DirectAU-Oct-20-2023_14-37-41.pth
20 Oct 14:41    INFO  epoch 19 training [time: 2.08s, train loss: -0.9547]
20 Oct 14:41    INFO  epoch 19 evaluating [time: 9.37s, valid_score: 0.042900]
20 Oct 14:41    INFO  valid result: 
recall@10 : 0.0648    recall@20 : 0.0933    recall@50 : 0.1413    ndcg@10 : 0.0354    ndcg@20 : 0.0429    ndcg@50 : 0.0528    
20 Oct 14:41    INFO  Saving current best: saved/DirectAU-Oct-20-2023_14-37-41.pth
20 Oct 14:41    INFO  epoch 20 training [time: 2.09s, train loss: -0.9633]
20 Oct 14:41    INFO  epoch 20 evaluating [time: 9.27s, valid_score: 0.043800]
20 Oct 14:41    INFO  valid result: 
recall@10 : 0.0644    recall@20 : 0.0943    recall@50 : 0.1432    ndcg@10 : 0.0359    ndcg@20 : 0.0438    ndcg@50 : 0.0539    
20 Oct 14:41    INFO  Saving current best: saved/DirectAU-Oct-20-2023_14-37-41.pth
20 Oct 14:41    INFO  epoch 21 training [time: 2.17s, train loss: -0.9711]
20 Oct 14:41    INFO  epoch 21 evaluating [time: 9.24s, valid_score: 0.044700]
20 Oct 14:41    INFO  valid result: 
recall@10 : 0.0658    recall@20 : 0.0961    recall@50 : 0.1453    ndcg@10 : 0.0366    ndcg@20 : 0.0447    ndcg@50 : 0.0548    
20 Oct 14:41    INFO  Saving current best: saved/DirectAU-Oct-20-2023_14-37-41.pth
20 Oct 14:41    INFO  epoch 22 training [time: 2.08s, train loss: -0.9791]
20 Oct 14:42    INFO  epoch 22 evaluating [time: 9.18s, valid_score: 0.045200]
20 Oct 14:42    INFO  valid result: 
recall@10 : 0.0661    recall@20 : 0.0966    recall@50 : 0.1472    ndcg@10 : 0.0372    ndcg@20 : 0.0452    ndcg@50 : 0.0556    
20 Oct 14:42    INFO  Saving current best: saved/DirectAU-Oct-20-2023_14-37-41.pth
20 Oct 14:42    INFO  epoch 23 training [time: 2.03s, train loss: -0.9859]
20 Oct 14:42    INFO  epoch 23 evaluating [time: 9.14s, valid_score: 0.045500]
20 Oct 14:42    INFO  valid result: 
recall@10 : 0.0673    recall@20 : 0.0966    recall@50 : 0.1492    ndcg@10 : 0.0377    ndcg@20 : 0.0455    ndcg@50 : 0.0563    
20 Oct 14:42    INFO  Saving current best: saved/DirectAU-Oct-20-2023_14-37-41.pth
20 Oct 14:42    INFO  epoch 24 training [time: 2.08s, train loss: -0.9934]
20 Oct 14:42    INFO  epoch 24 evaluating [time: 9.44s, valid_score: 0.046400]
20 Oct 14:42    INFO  valid result: 
recall@10 : 0.069    recall@20 : 0.0995    recall@50 : 0.15    ndcg@10 : 0.0384    ndcg@20 : 0.0464    ndcg@50 : 0.0569    
20 Oct 14:42    INFO  Saving current best: saved/DirectAU-Oct-20-2023_14-37-41.pth
20 Oct 14:42    INFO  epoch 25 training [time: 2.02s, train loss: -1.0005]
20 Oct 14:42    INFO  epoch 25 evaluating [time: 9.12s, valid_score: 0.047000]
20 Oct 14:42    INFO  valid result: 
recall@10 : 0.0695    recall@20 : 0.1011    recall@50 : 0.1518    ndcg@10 : 0.0387    ndcg@20 : 0.047    ndcg@50 : 0.0574    
20 Oct 14:42    INFO  Saving current best: saved/DirectAU-Oct-20-2023_14-37-41.pth
20 Oct 14:42    INFO  epoch 26 training [time: 2.12s, train loss: -1.0070]
20 Oct 14:42    INFO  epoch 26 evaluating [time: 9.26s, valid_score: 0.048000]
20 Oct 14:42    INFO  valid result: 
recall@10 : 0.07    recall@20 : 0.1025    recall@50 : 0.1535    ndcg@10 : 0.0394    ndcg@20 : 0.048    ndcg@50 : 0.0584    
20 Oct 14:42    INFO  Saving current best: saved/DirectAU-Oct-20-2023_14-37-41.pth
20 Oct 14:42    INFO  epoch 27 training [time: 2.08s, train loss: -1.0132]
20 Oct 14:43    INFO  epoch 27 evaluating [time: 9.05s, valid_score: 0.048300]
20 Oct 14:43    INFO  valid result: 
recall@10 : 0.0695    recall@20 : 0.1033    recall@50 : 0.1557    ndcg@10 : 0.0394    ndcg@20 : 0.0483    ndcg@50 : 0.0591    
20 Oct 14:43    INFO  Saving current best: saved/DirectAU-Oct-20-2023_14-37-41.pth
20 Oct 14:43    INFO  epoch 28 training [time: 2.02s, train loss: -1.0192]
20 Oct 14:43    INFO  epoch 28 evaluating [time: 9.42s, valid_score: 0.048600]
20 Oct 14:43    INFO  valid result: 
recall@10 : 0.072    recall@20 : 0.1039    recall@50 : 0.1561    ndcg@10 : 0.0402    ndcg@20 : 0.0486    ndcg@50 : 0.0594    
20 Oct 14:43    INFO  Saving current best: saved/DirectAU-Oct-20-2023_14-37-41.pth
20 Oct 14:43    INFO  epoch 29 training [time: 2.12s, train loss: -1.0250]
20 Oct 14:43    INFO  epoch 29 evaluating [time: 9.32s, valid_score: 0.049700]
20 Oct 14:43    INFO  valid result: 
recall@10 : 0.0722    recall@20 : 0.1059    recall@50 : 0.1576    ndcg@10 : 0.0408    ndcg@20 : 0.0497    ndcg@50 : 0.0603    
20 Oct 14:43    INFO  Saving current best: saved/DirectAU-Oct-20-2023_14-37-41.pth
20 Oct 14:43    INFO  epoch 30 training [time: 2.07s, train loss: -1.0305]
20 Oct 14:43    INFO  epoch 30 evaluating [time: 9.36s, valid_score: 0.049900]
20 Oct 14:43    INFO  valid result: 
recall@10 : 0.0727    recall@20 : 0.1062    recall@50 : 0.1595    ndcg@10 : 0.0411    ndcg@20 : 0.0499    ndcg@50 : 0.0608    
20 Oct 14:43    INFO  Saving current best: saved/DirectAU-Oct-20-2023_14-37-41.pth
20 Oct 14:43    INFO  epoch 31 training [time: 2.10s, train loss: -1.0355]
20 Oct 14:43    INFO  epoch 31 evaluating [time: 9.54s, valid_score: 0.050600]
20 Oct 14:43    INFO  valid result: 
recall@10 : 0.0738    recall@20 : 0.1075    recall@50 : 0.1609    ndcg@10 : 0.0418    ndcg@20 : 0.0506    ndcg@50 : 0.0616    
20 Oct 14:43    INFO  Saving current best: saved/DirectAU-Oct-20-2023_14-37-41.pth
20 Oct 14:43    INFO  epoch 32 training [time: 2.11s, train loss: -1.0414]
20 Oct 14:43    INFO  epoch 32 evaluating [time: 9.24s, valid_score: 0.050800]
20 Oct 14:43    INFO  valid result: 
recall@10 : 0.0751    recall@20 : 0.1086    recall@50 : 0.1616    ndcg@10 : 0.042    ndcg@20 : 0.0508    ndcg@50 : 0.0617    
20 Oct 14:43    INFO  Saving current best: saved/DirectAU-Oct-20-2023_14-37-41.pth
20 Oct 14:44    INFO  epoch 33 training [time: 2.10s, train loss: -1.0459]
20 Oct 14:44    INFO  epoch 33 evaluating [time: 9.17s, valid_score: 0.051600]
20 Oct 14:44    INFO  valid result: 
recall@10 : 0.0754    recall@20 : 0.1104    recall@50 : 0.1638    ndcg@10 : 0.0424    ndcg@20 : 0.0516    ndcg@50 : 0.0625    
20 Oct 14:44    INFO  Saving current best: saved/DirectAU-Oct-20-2023_14-37-41.pth
20 Oct 14:44    INFO  epoch 34 training [time: 2.06s, train loss: -1.0505]
20 Oct 14:44    INFO  epoch 34 evaluating [time: 9.44s, valid_score: 0.051900]
20 Oct 14:44    INFO  valid result: 
recall@10 : 0.0757    recall@20 : 0.1106    recall@50 : 0.1654    ndcg@10 : 0.0428    ndcg@20 : 0.0519    ndcg@50 : 0.0631    
20 Oct 14:44    INFO  Saving current best: saved/DirectAU-Oct-20-2023_14-37-41.pth
20 Oct 14:44    INFO  epoch 35 training [time: 2.03s, train loss: -1.0549]
20 Oct 14:44    INFO  epoch 35 evaluating [time: 9.18s, valid_score: 0.052200]
20 Oct 14:44    INFO  valid result: 
recall@10 : 0.0765    recall@20 : 0.1111    recall@50 : 0.1661    ndcg@10 : 0.0431    ndcg@20 : 0.0522    ndcg@50 : 0.0636    
20 Oct 14:44    INFO  Saving current best: saved/DirectAU-Oct-20-2023_14-37-41.pth
20 Oct 14:44    INFO  epoch 36 training [time: 2.10s, train loss: -1.0594]
20 Oct 14:44    INFO  epoch 36 evaluating [time: 9.20s, valid_score: 0.052600]
20 Oct 14:44    INFO  valid result: 
recall@10 : 0.0777    recall@20 : 0.112    recall@50 : 0.1669    ndcg@10 : 0.0436    ndcg@20 : 0.0526    ndcg@50 : 0.0639    
20 Oct 14:44    INFO  Saving current best: saved/DirectAU-Oct-20-2023_14-37-41.pth
20 Oct 14:44    INFO  epoch 37 training [time: 1.80s, train loss: -1.0636]
20 Oct 14:44    INFO  epoch 37 evaluating [time: 9.12s, valid_score: 0.053200]
20 Oct 14:44    INFO  valid result: 
recall@10 : 0.0785    recall@20 : 0.113    recall@50 : 0.1664    ndcg@10 : 0.0442    ndcg@20 : 0.0532    ndcg@50 : 0.0642    
20 Oct 14:44    INFO  Saving current best: saved/DirectAU-Oct-20-2023_14-37-41.pth
20 Oct 14:44    INFO  epoch 38 training [time: 2.07s, train loss: -1.0672]
20 Oct 14:45    INFO  epoch 38 evaluating [time: 9.22s, valid_score: 0.053600]
20 Oct 14:45    INFO  valid result: 
recall@10 : 0.0788    recall@20 : 0.1141    recall@50 : 0.1686    ndcg@10 : 0.0443    ndcg@20 : 0.0536    ndcg@50 : 0.0647    
20 Oct 14:45    INFO  Saving current best: saved/DirectAU-Oct-20-2023_14-37-41.pth
20 Oct 14:45    INFO  epoch 39 training [time: 2.04s, train loss: -1.0714]
20 Oct 14:45    INFO  epoch 39 evaluating [time: 9.27s, valid_score: 0.053600]
20 Oct 14:45    INFO  valid result: 
recall@10 : 0.0781    recall@20 : 0.1145    recall@50 : 0.17    ndcg@10 : 0.044    ndcg@20 : 0.0536    ndcg@50 : 0.065    
20 Oct 14:45    INFO  epoch 40 training [time: 2.08s, train loss: -1.0748]
20 Oct 14:45    INFO  epoch 40 evaluating [time: 9.25s, valid_score: 0.054200]
20 Oct 14:45    INFO  valid result: 
recall@10 : 0.079    recall@20 : 0.1155    recall@50 : 0.1709    ndcg@10 : 0.0447    ndcg@20 : 0.0542    ndcg@50 : 0.0657    
20 Oct 14:45    INFO  Saving current best: saved/DirectAU-Oct-20-2023_14-37-41.pth
20 Oct 14:45    INFO  epoch 41 training [time: 2.07s, train loss: -1.0781]
20 Oct 14:45    INFO  epoch 41 evaluating [time: 9.47s, valid_score: 0.055100]
20 Oct 14:45    INFO  valid result: 
recall@10 : 0.0802    recall@20 : 0.1171    recall@50 : 0.172    ndcg@10 : 0.0455    ndcg@20 : 0.0551    ndcg@50 : 0.0664    
20 Oct 14:45    INFO  Saving current best: saved/DirectAU-Oct-20-2023_14-37-41.pth
20 Oct 14:45    INFO  epoch 42 training [time: 2.10s, train loss: -1.0818]
20 Oct 14:45    INFO  epoch 42 evaluating [time: 9.12s, valid_score: 0.055500]
20 Oct 14:45    INFO  valid result: 
recall@10 : 0.0803    recall@20 : 0.1176    recall@50 : 0.1727    ndcg@10 : 0.0457    ndcg@20 : 0.0555    ndcg@50 : 0.0668    
20 Oct 14:45    INFO  Saving current best: saved/DirectAU-Oct-20-2023_14-37-41.pth
20 Oct 14:45    INFO  epoch 43 training [time: 2.09s, train loss: -1.0848]
20 Oct 14:46    INFO  epoch 43 evaluating [time: 9.40s, valid_score: 0.055700]
20 Oct 14:46    INFO  valid result: 
recall@10 : 0.081    recall@20 : 0.1173    recall@50 : 0.1748    ndcg@10 : 0.0461    ndcg@20 : 0.0557    ndcg@50 : 0.0674    
20 Oct 14:46    INFO  Saving current best: saved/DirectAU-Oct-20-2023_14-37-41.pth
20 Oct 14:46    INFO  epoch 44 training [time: 2.10s, train loss: -1.0879]
20 Oct 14:46    INFO  epoch 44 evaluating [time: 9.25s, valid_score: 0.055800]
20 Oct 14:46    INFO  valid result: 
recall@10 : 0.0814    recall@20 : 0.1183    recall@50 : 0.174    ndcg@10 : 0.0461    ndcg@20 : 0.0558    ndcg@50 : 0.0672    
20 Oct 14:46    INFO  Saving current best: saved/DirectAU-Oct-20-2023_14-37-41.pth
20 Oct 14:46    INFO  epoch 45 training [time: 2.04s, train loss: -1.0910]
20 Oct 14:46    INFO  epoch 45 evaluating [time: 9.34s, valid_score: 0.056000]
20 Oct 14:46    INFO  valid result: 
recall@10 : 0.0815    recall@20 : 0.1185    recall@50 : 0.1755    ndcg@10 : 0.0463    ndcg@20 : 0.056    ndcg@50 : 0.0678    
20 Oct 14:46    INFO  Saving current best: saved/DirectAU-Oct-20-2023_14-37-41.pth
20 Oct 14:46    INFO  epoch 46 training [time: 2.08s, train loss: -1.0938]
20 Oct 14:46    INFO  epoch 46 evaluating [time: 9.11s, valid_score: 0.056400]
20 Oct 14:46    INFO  valid result: 
recall@10 : 0.0823    recall@20 : 0.1193    recall@50 : 0.1762    ndcg@10 : 0.0467    ndcg@20 : 0.0564    ndcg@50 : 0.0681    
20 Oct 14:46    INFO  Saving current best: saved/DirectAU-Oct-20-2023_14-37-41.pth
20 Oct 14:46    INFO  epoch 47 training [time: 2.00s, train loss: -1.0965]
20 Oct 14:46    INFO  epoch 47 evaluating [time: 9.41s, valid_score: 0.056700]
20 Oct 14:46    INFO  valid result: 
recall@10 : 0.0819    recall@20 : 0.1205    recall@50 : 0.1769    ndcg@10 : 0.0467    ndcg@20 : 0.0567    ndcg@50 : 0.0684    
20 Oct 14:46    INFO  Saving current best: saved/DirectAU-Oct-20-2023_14-37-41.pth
20 Oct 14:46    INFO  epoch 48 training [time: 2.09s, train loss: -1.0991]
20 Oct 14:47    INFO  epoch 48 evaluating [time: 9.21s, valid_score: 0.057000]
20 Oct 14:47    INFO  valid result: 
recall@10 : 0.0824    recall@20 : 0.1211    recall@50 : 0.1769    ndcg@10 : 0.0469    ndcg@20 : 0.057    ndcg@50 : 0.0685    
20 Oct 14:47    INFO  Saving current best: saved/DirectAU-Oct-20-2023_14-37-41.pth
20 Oct 14:47    INFO  epoch 49 training [time: 2.09s, train loss: -1.1014]
20 Oct 14:47    INFO  epoch 49 evaluating [time: 9.40s, valid_score: 0.057400]
20 Oct 14:47    INFO  valid result: 
recall@10 : 0.0828    recall@20 : 0.1209    recall@50 : 0.1776    ndcg@10 : 0.0474    ndcg@20 : 0.0574    ndcg@50 : 0.0691    
20 Oct 14:47    INFO  Saving current best: saved/DirectAU-Oct-20-2023_14-37-41.pth
20 Oct 14:47    INFO  epoch 50 training [time: 2.11s, train loss: -1.1037]
20 Oct 14:47    INFO  epoch 50 evaluating [time: 9.28s, valid_score: 0.057400]
20 Oct 14:47    INFO  valid result: 
recall@10 : 0.0837    recall@20 : 0.1202    recall@50 : 0.1786    ndcg@10 : 0.0478    ndcg@20 : 0.0574    ndcg@50 : 0.0695    
20 Oct 14:47    INFO  epoch 51 training [time: 2.11s, train loss: -1.1054]
20 Oct 14:47    INFO  epoch 51 evaluating [time: 9.22s, valid_score: 0.057600]
20 Oct 14:47    INFO  valid result: 
recall@10 : 0.0849    recall@20 : 0.1212    recall@50 : 0.1792    ndcg@10 : 0.0481    ndcg@20 : 0.0576    ndcg@50 : 0.0696    
20 Oct 14:47    INFO  Saving current best: saved/DirectAU-Oct-20-2023_14-37-41.pth
20 Oct 14:47    INFO  epoch 52 training [time: 1.81s, train loss: -1.1077]
20 Oct 14:47    INFO  epoch 52 evaluating [time: 9.26s, valid_score: 0.057900]
20 Oct 14:47    INFO  valid result: 
recall@10 : 0.0846    recall@20 : 0.1223    recall@50 : 0.1793    ndcg@10 : 0.0481    ndcg@20 : 0.0579    ndcg@50 : 0.0697    
20 Oct 14:47    INFO  Saving current best: saved/DirectAU-Oct-20-2023_14-37-41.pth
20 Oct 14:47    INFO  epoch 53 training [time: 2.10s, train loss: -1.1101]
20 Oct 14:47    INFO  epoch 53 evaluating [time: 9.39s, valid_score: 0.058300]
20 Oct 14:47    INFO  valid result: 
recall@10 : 0.0847    recall@20 : 0.1234    recall@50 : 0.181    ndcg@10 : 0.0481    ndcg@20 : 0.0583    ndcg@50 : 0.0702    
20 Oct 14:47    INFO  Saving current best: saved/DirectAU-Oct-20-2023_14-37-41.pth
20 Oct 14:47    INFO  epoch 54 training [time: 2.09s, train loss: -1.1122]
20 Oct 14:48    INFO  epoch 54 evaluating [time: 9.08s, valid_score: 0.058600]
20 Oct 14:48    INFO  valid result: 
recall@10 : 0.0855    recall@20 : 0.1234    recall@50 : 0.1816    ndcg@10 : 0.0486    ndcg@20 : 0.0586    ndcg@50 : 0.0706    
20 Oct 14:48    INFO  Saving current best: saved/DirectAU-Oct-20-2023_14-37-41.pth
20 Oct 14:48    INFO  epoch 55 training [time: 2.08s, train loss: -1.1141]
20 Oct 14:48    INFO  epoch 55 evaluating [time: 9.09s, valid_score: 0.058700]
20 Oct 14:48    INFO  valid result: 
recall@10 : 0.0861    recall@20 : 0.1236    recall@50 : 0.1823    ndcg@10 : 0.0489    ndcg@20 : 0.0587    ndcg@50 : 0.0708    
20 Oct 14:48    INFO  Saving current best: saved/DirectAU-Oct-20-2023_14-37-41.pth
20 Oct 14:48    INFO  epoch 56 training [time: 2.06s, train loss: -1.1155]
20 Oct 14:48    INFO  epoch 56 evaluating [time: 9.90s, valid_score: 0.059100]
20 Oct 14:48    INFO  valid result: 
recall@10 : 0.087    recall@20 : 0.1243    recall@50 : 0.1829    ndcg@10 : 0.0494    ndcg@20 : 0.0591    ndcg@50 : 0.0712    
20 Oct 14:48    INFO  Saving current best: saved/DirectAU-Oct-20-2023_14-37-41.pth
20 Oct 14:48    INFO  epoch 57 training [time: 2.13s, train loss: -1.1176]
20 Oct 14:48    INFO  epoch 57 evaluating [time: 9.16s, valid_score: 0.059000]
20 Oct 14:48    INFO  valid result: 
recall@10 : 0.0879    recall@20 : 0.1252    recall@50 : 0.1835    ndcg@10 : 0.0493    ndcg@20 : 0.059    ndcg@50 : 0.071    
20 Oct 14:48    INFO  epoch 58 training [time: 2.14s, train loss: -1.1191]
20 Oct 14:48    INFO  epoch 58 evaluating [time: 9.40s, valid_score: 0.059400]
20 Oct 14:48    INFO  valid result: 
recall@10 : 0.0873    recall@20 : 0.1255    recall@50 : 0.1832    ndcg@10 : 0.0494    ndcg@20 : 0.0594    ndcg@50 : 0.0713    
20 Oct 14:48    INFO  Saving current best: saved/DirectAU-Oct-20-2023_14-37-41.pth
20 Oct 14:48    INFO  epoch 59 training [time: 2.11s, train loss: -1.1206]
20 Oct 14:49    INFO  epoch 59 evaluating [time: 9.25s, valid_score: 0.059900]
20 Oct 14:49    INFO  valid result: 
recall@10 : 0.0886    recall@20 : 0.1265    recall@50 : 0.1837    ndcg@10 : 0.05    ndcg@20 : 0.0599    ndcg@50 : 0.0717    
20 Oct 14:49    INFO  Saving current best: saved/DirectAU-Oct-20-2023_14-37-41.pth
20 Oct 14:49    INFO  epoch 60 training [time: 2.14s, train loss: -1.1221]
20 Oct 14:49    INFO  epoch 60 evaluating [time: 9.42s, valid_score: 0.060100]
20 Oct 14:49    INFO  valid result: 
recall@10 : 0.0892    recall@20 : 0.1271    recall@50 : 0.184    ndcg@10 : 0.0502    ndcg@20 : 0.0601    ndcg@50 : 0.0718    
20 Oct 14:49    INFO  Saving current best: saved/DirectAU-Oct-20-2023_14-37-41.pth
20 Oct 14:49    INFO  epoch 61 training [time: 2.11s, train loss: -1.1236]
20 Oct 14:49    INFO  epoch 61 evaluating [time: 9.42s, valid_score: 0.060300]
20 Oct 14:49    INFO  valid result: 
recall@10 : 0.0887    recall@20 : 0.1272    recall@50 : 0.1851    ndcg@10 : 0.0502    ndcg@20 : 0.0603    ndcg@50 : 0.0722    
20 Oct 14:49    INFO  Saving current best: saved/DirectAU-Oct-20-2023_14-37-41.pth
20 Oct 14:49    INFO  epoch 62 training [time: 2.12s, train loss: -1.1251]
20 Oct 14:49    INFO  epoch 62 evaluating [time: 9.44s, valid_score: 0.060400]
20 Oct 14:49    INFO  valid result: 
recall@10 : 0.0893    recall@20 : 0.1277    recall@50 : 0.1854    ndcg@10 : 0.0503    ndcg@20 : 0.0604    ndcg@50 : 0.0722    
20 Oct 14:49    INFO  Saving current best: saved/DirectAU-Oct-20-2023_14-37-41.pth
20 Oct 14:49    INFO  epoch 63 training [time: 2.01s, train loss: -1.1264]
20 Oct 14:49    INFO  epoch 63 evaluating [time: 9.19s, valid_score: 0.060600]
20 Oct 14:49    INFO  valid result: 
recall@10 : 0.0893    recall@20 : 0.1275    recall@50 : 0.1864    ndcg@10 : 0.0507    ndcg@20 : 0.0606    ndcg@50 : 0.0728    
20 Oct 14:49    INFO  Saving current best: saved/DirectAU-Oct-20-2023_14-37-41.pth
20 Oct 14:49    INFO  epoch 64 training [time: 2.11s, train loss: -1.1277]
20 Oct 14:50    INFO  epoch 64 evaluating [time: 9.33s, valid_score: 0.061000]
20 Oct 14:50    INFO  valid result: 
recall@10 : 0.0896    recall@20 : 0.1284    recall@50 : 0.1866    ndcg@10 : 0.0509    ndcg@20 : 0.061    ndcg@50 : 0.073    
20 Oct 14:50    INFO  Saving current best: saved/DirectAU-Oct-20-2023_14-37-41.pth
20 Oct 14:50    INFO  epoch 65 training [time: 2.11s, train loss: -1.1290]
20 Oct 14:50    INFO  epoch 65 evaluating [time: 9.22s, valid_score: 0.061100]
20 Oct 14:50    INFO  valid result: 
recall@10 : 0.09    recall@20 : 0.1294    recall@50 : 0.1868    ndcg@10 : 0.0508    ndcg@20 : 0.0611    ndcg@50 : 0.0729    
20 Oct 14:50    INFO  Saving current best: saved/DirectAU-Oct-20-2023_14-37-41.pth
20 Oct 14:50    INFO  epoch 66 training [time: 2.09s, train loss: -1.1298]
20 Oct 14:50    INFO  epoch 66 evaluating [time: 9.41s, valid_score: 0.061300]
20 Oct 14:50    INFO  valid result: 
recall@10 : 0.0903    recall@20 : 0.1291    recall@50 : 0.1873    ndcg@10 : 0.0512    ndcg@20 : 0.0613    ndcg@50 : 0.0733    
20 Oct 14:50    INFO  Saving current best: saved/DirectAU-Oct-20-2023_14-37-41.pth
20 Oct 14:50    INFO  epoch 67 training [time: 2.09s, train loss: -1.1311]
20 Oct 14:50    INFO  epoch 67 evaluating [time: 9.24s, valid_score: 0.061000]
20 Oct 14:50    INFO  valid result: 
recall@10 : 0.0902    recall@20 : 0.1283    recall@50 : 0.1893    ndcg@10 : 0.051    ndcg@20 : 0.061    ndcg@50 : 0.0735    
20 Oct 14:50    INFO  epoch 68 training [time: 2.07s, train loss: -1.1319]
20 Oct 14:50    INFO  epoch 68 evaluating [time: 9.43s, valid_score: 0.061400]
20 Oct 14:50    INFO  valid result: 
recall@10 : 0.0908    recall@20 : 0.1293    recall@50 : 0.1885    ndcg@10 : 0.0514    ndcg@20 : 0.0614    ndcg@50 : 0.0736    
20 Oct 14:50    INFO  Saving current best: saved/DirectAU-Oct-20-2023_14-37-41.pth
20 Oct 14:50    INFO  epoch 69 training [time: 2.07s, train loss: -1.1331]
20 Oct 14:51    INFO  epoch 69 evaluating [time: 9.15s, valid_score: 0.061600]
20 Oct 14:51    INFO  valid result: 
recall@10 : 0.0909    recall@20 : 0.1293    recall@50 : 0.1888    ndcg@10 : 0.0516    ndcg@20 : 0.0616    ndcg@50 : 0.0739    
20 Oct 14:51    INFO  Saving current best: saved/DirectAU-Oct-20-2023_14-37-41.pth
20 Oct 14:51    INFO  epoch 70 training [time: 2.06s, train loss: -1.1343]
20 Oct 14:51    INFO  epoch 70 evaluating [time: 9.27s, valid_score: 0.061700]
20 Oct 14:51    INFO  valid result: 
recall@10 : 0.0906    recall@20 : 0.1297    recall@50 : 0.1888    ndcg@10 : 0.0515    ndcg@20 : 0.0617    ndcg@50 : 0.0739    
20 Oct 14:51    INFO  Saving current best: saved/DirectAU-Oct-20-2023_14-37-41.pth
20 Oct 14:51    INFO  epoch 71 training [time: 1.93s, train loss: -1.1351]
20 Oct 14:51    INFO  epoch 71 evaluating [time: 9.28s, valid_score: 0.062100]
20 Oct 14:51    INFO  valid result: 
recall@10 : 0.0913    recall@20 : 0.1302    recall@50 : 0.1893    ndcg@10 : 0.0519    ndcg@20 : 0.0621    ndcg@50 : 0.0742    
20 Oct 14:51    INFO  Saving current best: saved/DirectAU-Oct-20-2023_14-37-41.pth
20 Oct 14:51    INFO  epoch 72 training [time: 2.12s, train loss: -1.1358]
20 Oct 14:51    INFO  epoch 72 evaluating [time: 9.04s, valid_score: 0.062000]
20 Oct 14:51    INFO  valid result: 
recall@10 : 0.0915    recall@20 : 0.1306    recall@50 : 0.1897    ndcg@10 : 0.0518    ndcg@20 : 0.062    ndcg@50 : 0.0742    
20 Oct 14:51    INFO  epoch 73 training [time: 2.03s, train loss: -1.1366]
20 Oct 14:51    INFO  epoch 73 evaluating [time: 9.37s, valid_score: 0.062500]
20 Oct 14:51    INFO  valid result: 
recall@10 : 0.0922    recall@20 : 0.1311    recall@50 : 0.1899    ndcg@10 : 0.0523    ndcg@20 : 0.0625    ndcg@50 : 0.0745    
20 Oct 14:51    INFO  Saving current best: saved/DirectAU-Oct-20-2023_14-37-41.pth
20 Oct 14:51    INFO  epoch 74 training [time: 2.11s, train loss: -1.1374]
20 Oct 14:51    INFO  epoch 74 evaluating [time: 9.17s, valid_score: 0.062500]
20 Oct 14:51    INFO  valid result: 
recall@10 : 0.0919    recall@20 : 0.1313    recall@50 : 0.1904    ndcg@10 : 0.0522    ndcg@20 : 0.0625    ndcg@50 : 0.0746    
20 Oct 14:51    INFO  epoch 75 training [time: 2.09s, train loss: -1.1381]
20 Oct 14:52    INFO  epoch 75 evaluating [time: 9.42s, valid_score: 0.062200]
20 Oct 14:52    INFO  valid result: 
recall@10 : 0.0922    recall@20 : 0.1308    recall@50 : 0.1918    ndcg@10 : 0.0521    ndcg@20 : 0.0622    ndcg@50 : 0.0747    
20 Oct 14:52    INFO  epoch 76 training [time: 2.09s, train loss: -1.1391]
20 Oct 14:52    INFO  epoch 76 evaluating [time: 9.20s, valid_score: 0.062400]
20 Oct 14:52    INFO  valid result: 
recall@10 : 0.093    recall@20 : 0.1314    recall@50 : 0.1913    ndcg@10 : 0.0524    ndcg@20 : 0.0624    ndcg@50 : 0.0746    
20 Oct 14:52    INFO  epoch 77 training [time: 2.11s, train loss: -1.1395]
20 Oct 14:52    INFO  epoch 77 evaluating [time: 9.56s, valid_score: 0.062400]
20 Oct 14:52    INFO  valid result: 
recall@10 : 0.0939    recall@20 : 0.1315    recall@50 : 0.1913    ndcg@10 : 0.0526    ndcg@20 : 0.0624    ndcg@50 : 0.0747    
20 Oct 14:52    INFO  epoch 78 training [time: 1.92s, train loss: -1.1403]
20 Oct 14:52    INFO  epoch 78 evaluating [time: 9.48s, valid_score: 0.062900]
20 Oct 14:52    INFO  valid result: 
recall@10 : 0.0926    recall@20 : 0.1325    recall@50 : 0.1919    ndcg@10 : 0.0525    ndcg@20 : 0.0629    ndcg@50 : 0.0751    
20 Oct 14:52    INFO  Saving current best: saved/DirectAU-Oct-20-2023_14-37-41.pth
20 Oct 14:52    INFO  epoch 79 training [time: 2.09s, train loss: -1.1408]
20 Oct 14:52    INFO  epoch 79 evaluating [time: 9.42s, valid_score: 0.063200]
20 Oct 14:52    INFO  valid result: 
recall@10 : 0.0934    recall@20 : 0.1334    recall@50 : 0.1923    ndcg@10 : 0.0528    ndcg@20 : 0.0632    ndcg@50 : 0.0753    
20 Oct 14:52    INFO  Saving current best: saved/DirectAU-Oct-20-2023_14-37-41.pth
20 Oct 14:52    INFO  epoch 80 training [time: 2.01s, train loss: -1.1418]
20 Oct 14:53    INFO  epoch 80 evaluating [time: 9.34s, valid_score: 0.063300]
20 Oct 14:53    INFO  valid result: 
recall@10 : 0.0931    recall@20 : 0.1331    recall@50 : 0.1926    ndcg@10 : 0.0528    ndcg@20 : 0.0633    ndcg@50 : 0.0755    
20 Oct 14:53    INFO  Saving current best: saved/DirectAU-Oct-20-2023_14-37-41.pth
20 Oct 14:53    INFO  epoch 81 training [time: 2.15s, train loss: -1.1421]
20 Oct 14:53    INFO  epoch 81 evaluating [time: 9.48s, valid_score: 0.063300]
20 Oct 14:53    INFO  valid result: 
recall@10 : 0.0935    recall@20 : 0.1329    recall@50 : 0.1922    ndcg@10 : 0.053    ndcg@20 : 0.0633    ndcg@50 : 0.0755    
20 Oct 14:53    INFO  epoch 82 training [time: 2.08s, train loss: -1.1425]
20 Oct 14:53    INFO  epoch 82 evaluating [time: 9.20s, valid_score: 0.063200]
20 Oct 14:53    INFO  valid result: 
recall@10 : 0.0939    recall@20 : 0.1331    recall@50 : 0.1928    ndcg@10 : 0.0529    ndcg@20 : 0.0632    ndcg@50 : 0.0754    
20 Oct 14:53    INFO  epoch 83 training [time: 2.09s, train loss: -1.1432]
20 Oct 14:53    INFO  epoch 83 evaluating [time: 9.27s, valid_score: 0.063400]
20 Oct 14:53    INFO  valid result: 
recall@10 : 0.093    recall@20 : 0.1331    recall@50 : 0.1922    ndcg@10 : 0.0529    ndcg@20 : 0.0634    ndcg@50 : 0.0755    
20 Oct 14:53    INFO  Saving current best: saved/DirectAU-Oct-20-2023_14-37-41.pth
20 Oct 14:53    INFO  epoch 84 training [time: 2.09s, train loss: -1.1437]
20 Oct 14:53    INFO  epoch 84 evaluating [time: 9.04s, valid_score: 0.063300]
20 Oct 14:53    INFO  valid result: 
recall@10 : 0.0937    recall@20 : 0.1331    recall@50 : 0.1923    ndcg@10 : 0.053    ndcg@20 : 0.0633    ndcg@50 : 0.0755    
20 Oct 14:53    INFO  epoch 85 training [time: 1.81s, train loss: -1.1441]
20 Oct 14:54    INFO  epoch 85 evaluating [time: 9.38s, valid_score: 0.063300]
20 Oct 14:54    INFO  valid result: 
recall@10 : 0.0935    recall@20 : 0.1336    recall@50 : 0.1933    ndcg@10 : 0.0528    ndcg@20 : 0.0633    ndcg@50 : 0.0755    
20 Oct 14:54    INFO  epoch 86 training [time: 2.10s, train loss: -1.1447]
20 Oct 14:54    INFO  epoch 86 evaluating [time: 9.01s, valid_score: 0.063400]
20 Oct 14:54    INFO  valid result: 
recall@10 : 0.094    recall@20 : 0.1339    recall@50 : 0.1937    ndcg@10 : 0.053    ndcg@20 : 0.0634    ndcg@50 : 0.0756    
20 Oct 14:54    INFO  epoch 87 training [time: 2.02s, train loss: -1.1450]
20 Oct 14:54    INFO  epoch 87 evaluating [time: 9.39s, valid_score: 0.063500]
20 Oct 14:54    INFO  valid result: 
recall@10 : 0.0936    recall@20 : 0.1339    recall@50 : 0.1939    ndcg@10 : 0.0529    ndcg@20 : 0.0635    ndcg@50 : 0.0757    
20 Oct 14:54    INFO  Saving current best: saved/DirectAU-Oct-20-2023_14-37-41.pth
20 Oct 14:54    INFO  epoch 88 training [time: 2.08s, train loss: -1.1453]
20 Oct 14:54    INFO  epoch 88 evaluating [time: 9.31s, valid_score: 0.063800]
20 Oct 14:54    INFO  valid result: 
recall@10 : 0.0938    recall@20 : 0.1344    recall@50 : 0.1936    ndcg@10 : 0.0532    ndcg@20 : 0.0638    ndcg@50 : 0.0759    
20 Oct 14:54    INFO  Saving current best: saved/DirectAU-Oct-20-2023_14-37-41.pth
20 Oct 14:54    INFO  epoch 89 training [time: 2.13s, train loss: -1.1456]
20 Oct 14:54    INFO  epoch 89 evaluating [time: 9.30s, valid_score: 0.063700]
20 Oct 14:54    INFO  valid result: 
recall@10 : 0.0938    recall@20 : 0.1341    recall@50 : 0.1936    ndcg@10 : 0.0531    ndcg@20 : 0.0637    ndcg@50 : 0.0759    
20 Oct 14:54    INFO  epoch 90 training [time: 2.08s, train loss: -1.1457]
20 Oct 14:54    INFO  epoch 90 evaluating [time: 9.44s, valid_score: 0.063500]
20 Oct 14:54    INFO  valid result: 
recall@10 : 0.094    recall@20 : 0.1341    recall@50 : 0.1945    ndcg@10 : 0.053    ndcg@20 : 0.0635    ndcg@50 : 0.0759    
20 Oct 14:55    INFO  epoch 91 training [time: 2.12s, train loss: -1.1462]
20 Oct 14:55    INFO  epoch 91 evaluating [time: 9.19s, valid_score: 0.063500]
20 Oct 14:55    INFO  valid result: 
recall@10 : 0.0941    recall@20 : 0.1334    recall@50 : 0.1942    ndcg@10 : 0.0532    ndcg@20 : 0.0635    ndcg@50 : 0.0759    
20 Oct 14:55    INFO  epoch 92 training [time: 2.09s, train loss: -1.1464]
20 Oct 14:55    INFO  epoch 92 evaluating [time: 9.42s, valid_score: 0.063700]
20 Oct 14:55    INFO  valid result: 
recall@10 : 0.0951    recall@20 : 0.134    recall@50 : 0.1947    ndcg@10 : 0.0536    ndcg@20 : 0.0637    ndcg@50 : 0.0762    
20 Oct 14:55    INFO  epoch 93 training [time: 2.10s, train loss: -1.1469]
20 Oct 14:55    INFO  epoch 93 evaluating [time: 8.97s, valid_score: 0.064300]
20 Oct 14:55    INFO  valid result: 
recall@10 : 0.0948    recall@20 : 0.1352    recall@50 : 0.1951    ndcg@10 : 0.0537    ndcg@20 : 0.0643    ndcg@50 : 0.0765    
20 Oct 14:55    INFO  Saving current best: saved/DirectAU-Oct-20-2023_14-37-41.pth
20 Oct 14:55    INFO  epoch 94 training [time: 2.12s, train loss: -1.1469]
20 Oct 14:55    INFO  epoch 94 evaluating [time: 9.41s, valid_score: 0.063900]
20 Oct 14:55    INFO  valid result: 
recall@10 : 0.0951    recall@20 : 0.1343    recall@50 : 0.195    ndcg@10 : 0.0537    ndcg@20 : 0.0639    ndcg@50 : 0.0764    
20 Oct 14:55    INFO  epoch 95 training [time: 2.10s, train loss: -1.1475]
20 Oct 14:55    INFO  epoch 95 evaluating [time: 9.37s, valid_score: 0.064100]
20 Oct 14:55    INFO  valid result: 
recall@10 : 0.0952    recall@20 : 0.1343    recall@50 : 0.1951    ndcg@10 : 0.0539    ndcg@20 : 0.0641    ndcg@50 : 0.0766    
20 Oct 14:55    INFO  epoch 96 training [time: 2.13s, train loss: -1.1478]
20 Oct 14:56    INFO  epoch 96 evaluating [time: 9.41s, valid_score: 0.064200]
20 Oct 14:56    INFO  valid result: 
recall@10 : 0.0956    recall@20 : 0.1349    recall@50 : 0.196    ndcg@10 : 0.0539    ndcg@20 : 0.0642    ndcg@50 : 0.0767    
20 Oct 14:56    INFO  epoch 97 training [time: 1.98s, train loss: -1.1479]
20 Oct 14:56    INFO  epoch 97 evaluating [time: 9.20s, valid_score: 0.064300]
20 Oct 14:56    INFO  valid result: 
recall@10 : 0.0957    recall@20 : 0.1351    recall@50 : 0.1955    ndcg@10 : 0.0541    ndcg@20 : 0.0643    ndcg@50 : 0.0767    
20 Oct 14:56    INFO  epoch 98 training [time: 2.12s, train loss: -1.1484]
20 Oct 14:56    INFO  epoch 98 evaluating [time: 9.39s, valid_score: 0.064600]
20 Oct 14:56    INFO  valid result: 
recall@10 : 0.0958    recall@20 : 0.1356    recall@50 : 0.1953    ndcg@10 : 0.0542    ndcg@20 : 0.0646    ndcg@50 : 0.0768    
20 Oct 14:56    INFO  Saving current best: saved/DirectAU-Oct-20-2023_14-37-41.pth
20 Oct 14:56    INFO  epoch 99 training [time: 2.08s, train loss: -1.1479]
20 Oct 14:56    INFO  epoch 99 evaluating [time: 10.41s, valid_score: 0.064300]
20 Oct 14:56    INFO  valid result: 
recall@10 : 0.0956    recall@20 : 0.1352    recall@50 : 0.1953    ndcg@10 : 0.054    ndcg@20 : 0.0643    ndcg@50 : 0.0767    
20 Oct 14:56    INFO  epoch 100 training [time: 2.14s, train loss: -1.1484]
20 Oct 14:56    INFO  epoch 100 evaluating [time: 10.91s, valid_score: 0.064500]
20 Oct 14:56    INFO  valid result: 
recall@10 : 0.0964    recall@20 : 0.1346    recall@50 : 0.1964    ndcg@10 : 0.0545    ndcg@20 : 0.0645    ndcg@50 : 0.0771    
20 Oct 14:56    INFO  epoch 101 training [time: 2.11s, train loss: -1.1488]
20 Oct 14:57    INFO  epoch 101 evaluating [time: 10.08s, valid_score: 0.064400]
20 Oct 14:57    INFO  valid result: 
recall@10 : 0.0949    recall@20 : 0.1346    recall@50 : 0.1968    ndcg@10 : 0.0541    ndcg@20 : 0.0644    ndcg@50 : 0.0772    
20 Oct 14:57    INFO  epoch 102 training [time: 2.12s, train loss: -1.1489]
20 Oct 14:57    INFO  epoch 102 evaluating [time: 9.27s, valid_score: 0.064400]
20 Oct 14:57    INFO  valid result: 
recall@10 : 0.0953    recall@20 : 0.1346    recall@50 : 0.1962    ndcg@10 : 0.0542    ndcg@20 : 0.0644    ndcg@50 : 0.0771    
20 Oct 14:57    INFO  epoch 103 training [time: 2.11s, train loss: -1.1494]
20 Oct 14:57    INFO  epoch 103 evaluating [time: 9.30s, valid_score: 0.064600]
20 Oct 14:57    INFO  valid result: 
recall@10 : 0.0956    recall@20 : 0.1354    recall@50 : 0.1965    ndcg@10 : 0.0542    ndcg@20 : 0.0646    ndcg@50 : 0.0772    
20 Oct 14:57    INFO  epoch 104 training [time: 2.14s, train loss: -1.1493]
20 Oct 14:57    INFO  epoch 104 evaluating [time: 9.47s, valid_score: 0.064700]
20 Oct 14:57    INFO  valid result: 
recall@10 : 0.0959    recall@20 : 0.1354    recall@50 : 0.1968    ndcg@10 : 0.0544    ndcg@20 : 0.0647    ndcg@50 : 0.0773    
20 Oct 14:57    INFO  Saving current best: saved/DirectAU-Oct-20-2023_14-37-41.pth
20 Oct 14:57    INFO  epoch 105 training [time: 2.11s, train loss: -1.1495]
20 Oct 14:57    INFO  epoch 105 evaluating [time: 9.43s, valid_score: 0.064600]
20 Oct 14:57    INFO  valid result: 
recall@10 : 0.0958    recall@20 : 0.1358    recall@50 : 0.1965    ndcg@10 : 0.0542    ndcg@20 : 0.0646    ndcg@50 : 0.0771    
20 Oct 14:57    INFO  epoch 106 training [time: 2.11s, train loss: -1.1502]
20 Oct 14:58    INFO  epoch 106 evaluating [time: 9.33s, valid_score: 0.064600]
20 Oct 14:58    INFO  valid result: 
recall@10 : 0.0962    recall@20 : 0.1347    recall@50 : 0.196    ndcg@10 : 0.0545    ndcg@20 : 0.0646    ndcg@50 : 0.0773    
20 Oct 14:58    INFO  epoch 107 training [time: 2.00s, train loss: -1.1497]
20 Oct 14:58    INFO  epoch 107 evaluating [time: 9.41s, valid_score: 0.064800]
20 Oct 14:58    INFO  valid result: 
recall@10 : 0.0955    recall@20 : 0.1363    recall@50 : 0.1976    ndcg@10 : 0.0541    ndcg@20 : 0.0648    ndcg@50 : 0.0773    
20 Oct 14:58    INFO  Saving current best: saved/DirectAU-Oct-20-2023_14-37-41.pth
20 Oct 14:58    INFO  epoch 108 training [time: 2.14s, train loss: -1.1501]
20 Oct 14:58    INFO  epoch 108 evaluating [time: 9.54s, valid_score: 0.064500]
20 Oct 14:58    INFO  valid result: 
recall@10 : 0.0961    recall@20 : 0.135    recall@50 : 0.1976    ndcg@10 : 0.0543    ndcg@20 : 0.0645    ndcg@50 : 0.0773    
20 Oct 14:58    INFO  epoch 109 training [time: 2.08s, train loss: -1.1503]
20 Oct 14:58    INFO  epoch 109 evaluating [time: 9.45s, valid_score: 0.064400]
20 Oct 14:58    INFO  valid result: 
recall@10 : 0.0956    recall@20 : 0.1351    recall@50 : 0.1972    ndcg@10 : 0.054    ndcg@20 : 0.0644    ndcg@50 : 0.0771    
20 Oct 14:58    INFO  epoch 110 training [time: 1.97s, train loss: -1.1503]
20 Oct 14:58    INFO  epoch 110 evaluating [time: 9.33s, valid_score: 0.064600]
20 Oct 14:58    INFO  valid result: 
recall@10 : 0.0956    recall@20 : 0.136    recall@50 : 0.197    ndcg@10 : 0.0541    ndcg@20 : 0.0646    ndcg@50 : 0.0771    
20 Oct 14:58    INFO  epoch 111 training [time: 2.13s, train loss: -1.1509]
20 Oct 14:59    INFO  epoch 111 evaluating [time: 9.31s, valid_score: 0.064600]
20 Oct 14:59    INFO  valid result: 
recall@10 : 0.0951    recall@20 : 0.136    recall@50 : 0.1984    ndcg@10 : 0.0539    ndcg@20 : 0.0646    ndcg@50 : 0.0774    
20 Oct 14:59    INFO  epoch 112 training [time: 2.09s, train loss: -1.1508]
20 Oct 14:59    INFO  epoch 112 evaluating [time: 9.17s, valid_score: 0.064800]
20 Oct 14:59    INFO  valid result: 
recall@10 : 0.0956    recall@20 : 0.1359    recall@50 : 0.1977    ndcg@10 : 0.0542    ndcg@20 : 0.0648    ndcg@50 : 0.0775    
20 Oct 14:59    INFO  epoch 113 training [time: 2.14s, train loss: -1.1510]
20 Oct 14:59    INFO  epoch 113 evaluating [time: 9.34s, valid_score: 0.065000]
20 Oct 14:59    INFO  valid result: 
recall@10 : 0.0954    recall@20 : 0.1359    recall@50 : 0.1986    ndcg@10 : 0.0545    ndcg@20 : 0.065    ndcg@50 : 0.0779    
20 Oct 14:59    INFO  Saving current best: saved/DirectAU-Oct-20-2023_14-37-41.pth
20 Oct 14:59    INFO  epoch 114 training [time: 2.11s, train loss: -1.1512]
20 Oct 14:59    INFO  epoch 114 evaluating [time: 9.56s, valid_score: 0.065000]
20 Oct 14:59    INFO  valid result: 
recall@10 : 0.0958    recall@20 : 0.1363    recall@50 : 0.1988    ndcg@10 : 0.0544    ndcg@20 : 0.065    ndcg@50 : 0.0778    
20 Oct 14:59    INFO  epoch 115 training [time: 2.02s, train loss: -1.1515]
20 Oct 14:59    INFO  epoch 115 evaluating [time: 9.36s, valid_score: 0.064900]
20 Oct 14:59    INFO  valid result: 
recall@10 : 0.0952    recall@20 : 0.1357    recall@50 : 0.1984    ndcg@10 : 0.0543    ndcg@20 : 0.0649    ndcg@50 : 0.0778    
20 Oct 14:59    INFO  epoch 116 training [time: 2.07s, train loss: -1.1515]
20 Oct 15:00    INFO  epoch 116 evaluating [time: 9.46s, valid_score: 0.064800]
20 Oct 15:00    INFO  valid result: 
recall@10 : 0.0968    recall@20 : 0.1356    recall@50 : 0.1993    ndcg@10 : 0.0546    ndcg@20 : 0.0648    ndcg@50 : 0.0778    
20 Oct 15:00    INFO  epoch 117 training [time: 2.19s, train loss: -1.1511]
20 Oct 15:00    INFO  epoch 117 evaluating [time: 9.33s, valid_score: 0.065100]
20 Oct 15:00    INFO  valid result: 
recall@10 : 0.0966    recall@20 : 0.1365    recall@50 : 0.1994    ndcg@10 : 0.0547    ndcg@20 : 0.0651    ndcg@50 : 0.078    
20 Oct 15:00    INFO  Saving current best: saved/DirectAU-Oct-20-2023_14-37-41.pth
20 Oct 15:00    INFO  epoch 118 training [time: 2.09s, train loss: -1.1513]
20 Oct 15:00    INFO  epoch 118 evaluating [time: 9.12s, valid_score: 0.065000]
20 Oct 15:00    INFO  valid result: 
recall@10 : 0.097    recall@20 : 0.1358    recall@50 : 0.1986    ndcg@10 : 0.0548    ndcg@20 : 0.065    ndcg@50 : 0.0779    
20 Oct 15:00    INFO  epoch 119 training [time: 2.06s, train loss: -1.1518]
20 Oct 15:00    INFO  epoch 119 evaluating [time: 9.36s, valid_score: 0.065200]
20 Oct 15:00    INFO  valid result: 
recall@10 : 0.0973    recall@20 : 0.1366    recall@50 : 0.1991    ndcg@10 : 0.0549    ndcg@20 : 0.0652    ndcg@50 : 0.078    
20 Oct 15:00    INFO  Saving current best: saved/DirectAU-Oct-20-2023_14-37-41.pth
20 Oct 15:00    INFO  epoch 120 training [time: 2.16s, train loss: -1.1519]
20 Oct 15:00    INFO  epoch 120 evaluating [time: 9.29s, valid_score: 0.065000]
20 Oct 15:00    INFO  valid result: 
recall@10 : 0.0968    recall@20 : 0.1362    recall@50 : 0.1996    ndcg@10 : 0.0547    ndcg@20 : 0.065    ndcg@50 : 0.078    
20 Oct 15:00    INFO  epoch 121 training [time: 2.10s, train loss: -1.1519]
20 Oct 15:00    INFO  epoch 121 evaluating [time: 9.25s, valid_score: 0.065000]
20 Oct 15:00    INFO  valid result: 
recall@10 : 0.0963    recall@20 : 0.1364    recall@50 : 0.1993    ndcg@10 : 0.0546    ndcg@20 : 0.065    ndcg@50 : 0.0779    
20 Oct 15:00    INFO  epoch 122 training [time: 2.09s, train loss: -1.1524]
20 Oct 15:01    INFO  epoch 122 evaluating [time: 9.23s, valid_score: 0.065000]
20 Oct 15:01    INFO  valid result: 
recall@10 : 0.0969    recall@20 : 0.1359    recall@50 : 0.1998    ndcg@10 : 0.0548    ndcg@20 : 0.065    ndcg@50 : 0.0782    
20 Oct 15:01    INFO  epoch 123 training [time: 2.03s, train loss: -1.1522]
20 Oct 15:01    INFO  epoch 123 evaluating [time: 9.20s, valid_score: 0.065100]
20 Oct 15:01    INFO  valid result: 
recall@10 : 0.0974    recall@20 : 0.1363    recall@50 : 0.1993    ndcg@10 : 0.0549    ndcg@20 : 0.0651    ndcg@50 : 0.078    
20 Oct 15:01    INFO  epoch 124 training [time: 2.12s, train loss: -1.1525]
20 Oct 15:01    INFO  epoch 124 evaluating [time: 9.48s, valid_score: 0.065300]
20 Oct 15:01    INFO  valid result: 
recall@10 : 0.0971    recall@20 : 0.1364    recall@50 : 0.1992    ndcg@10 : 0.055    ndcg@20 : 0.0653    ndcg@50 : 0.0782    
20 Oct 15:01    INFO  Saving current best: saved/DirectAU-Oct-20-2023_14-37-41.pth
20 Oct 15:01    INFO  epoch 125 training [time: 2.13s, train loss: -1.1524]
20 Oct 15:01    INFO  epoch 125 evaluating [time: 9.13s, valid_score: 0.065400]
20 Oct 15:01    INFO  valid result: 
recall@10 : 0.0971    recall@20 : 0.1367    recall@50 : 0.1989    ndcg@10 : 0.055    ndcg@20 : 0.0654    ndcg@50 : 0.0782    
20 Oct 15:01    INFO  Saving current best: saved/DirectAU-Oct-20-2023_14-37-41.pth
20 Oct 15:01    INFO  epoch 126 training [time: 2.12s, train loss: -1.1524]
20 Oct 15:01    INFO  epoch 126 evaluating [time: 9.48s, valid_score: 0.065300]
20 Oct 15:01    INFO  valid result: 
recall@10 : 0.0968    recall@20 : 0.1359    recall@50 : 0.1989    ndcg@10 : 0.055    ndcg@20 : 0.0653    ndcg@50 : 0.0783    
20 Oct 15:01    INFO  epoch 127 training [time: 2.05s, train loss: -1.1525]
20 Oct 15:02    INFO  epoch 127 evaluating [time: 9.21s, valid_score: 0.065700]
20 Oct 15:02    INFO  valid result: 
recall@10 : 0.097    recall@20 : 0.1371    recall@50 : 0.1994    ndcg@10 : 0.0552    ndcg@20 : 0.0657    ndcg@50 : 0.0785    
20 Oct 15:02    INFO  Saving current best: saved/DirectAU-Oct-20-2023_14-37-41.pth
20 Oct 15:02    INFO  epoch 128 training [time: 2.08s, train loss: -1.1528]
20 Oct 15:02    INFO  epoch 128 evaluating [time: 9.31s, valid_score: 0.065700]
20 Oct 15:02    INFO  valid result: 
recall@10 : 0.0963    recall@20 : 0.1369    recall@50 : 0.1998    ndcg@10 : 0.0551    ndcg@20 : 0.0657    ndcg@50 : 0.0785    
20 Oct 15:02    INFO  epoch 129 training [time: 2.11s, train loss: -1.1528]
20 Oct 15:02    INFO  epoch 129 evaluating [time: 9.16s, valid_score: 0.065200]
20 Oct 15:02    INFO  valid result: 
recall@10 : 0.0965    recall@20 : 0.1365    recall@50 : 0.1995    ndcg@10 : 0.0548    ndcg@20 : 0.0652    ndcg@50 : 0.0782    
20 Oct 15:02    INFO  epoch 130 training [time: 2.16s, train loss: -1.1531]
20 Oct 15:02    INFO  epoch 130 evaluating [time: 9.43s, valid_score: 0.065500]
20 Oct 15:02    INFO  valid result: 
recall@10 : 0.0965    recall@20 : 0.1368    recall@50 : 0.2002    ndcg@10 : 0.055    ndcg@20 : 0.0655    ndcg@50 : 0.0785    
20 Oct 15:02    INFO  epoch 131 training [time: 2.21s, train loss: -1.1532]
20 Oct 15:02    INFO  epoch 131 evaluating [time: 9.30s, valid_score: 0.065600]
20 Oct 15:02    INFO  valid result: 
recall@10 : 0.0968    recall@20 : 0.1376    recall@50 : 0.1997    ndcg@10 : 0.055    ndcg@20 : 0.0656    ndcg@50 : 0.0783    
20 Oct 15:02    INFO  epoch 132 training [time: 2.07s, train loss: -1.1531]
20 Oct 15:03    INFO  epoch 132 evaluating [time: 9.32s, valid_score: 0.065500]
20 Oct 15:03    INFO  valid result: 
recall@10 : 0.0963    recall@20 : 0.1374    recall@50 : 0.1998    ndcg@10 : 0.0547    ndcg@20 : 0.0655    ndcg@50 : 0.0783    
20 Oct 15:03    INFO  epoch 133 training [time: 2.00s, train loss: -1.1532]
20 Oct 15:03    INFO  epoch 133 evaluating [time: 9.03s, valid_score: 0.065700]
20 Oct 15:03    INFO  valid result: 
recall@10 : 0.0972    recall@20 : 0.1372    recall@50 : 0.2008    ndcg@10 : 0.0552    ndcg@20 : 0.0657    ndcg@50 : 0.0787    
20 Oct 15:03    INFO  epoch 134 training [time: 2.10s, train loss: -1.1534]
20 Oct 15:03    INFO  epoch 134 evaluating [time: 9.15s, valid_score: 0.065700]
20 Oct 15:03    INFO  valid result: 
recall@10 : 0.0962    recall@20 : 0.1377    recall@50 : 0.2007    ndcg@10 : 0.0549    ndcg@20 : 0.0657    ndcg@50 : 0.0786    
20 Oct 15:03    INFO  epoch 135 training [time: 2.09s, train loss: -1.1532]
20 Oct 15:03    INFO  epoch 135 evaluating [time: 9.37s, valid_score: 0.065500]
20 Oct 15:03    INFO  valid result: 
recall@10 : 0.0968    recall@20 : 0.1369    recall@50 : 0.2    ndcg@10 : 0.0551    ndcg@20 : 0.0655    ndcg@50 : 0.0785    
20 Oct 15:03    INFO  epoch 136 training [time: 2.09s, train loss: -1.1537]
20 Oct 15:03    INFO  epoch 136 evaluating [time: 9.12s, valid_score: 0.065300]
20 Oct 15:03    INFO  valid result: 
recall@10 : 0.0972    recall@20 : 0.1361    recall@50 : 0.2003    ndcg@10 : 0.0551    ndcg@20 : 0.0653    ndcg@50 : 0.0785    
20 Oct 15:03    INFO  epoch 137 training [time: 2.05s, train loss: -1.1535]
20 Oct 15:03    INFO  epoch 137 evaluating [time: 9.13s, valid_score: 0.065700]
20 Oct 15:03    INFO  valid result: 
recall@10 : 0.0981    recall@20 : 0.1378    recall@50 : 0.201    ndcg@10 : 0.0554    ndcg@20 : 0.0657    ndcg@50 : 0.0787    
20 Oct 15:04    INFO  epoch 138 training [time: 2.10s, train loss: -1.1535]
20 Oct 15:04    INFO  epoch 138 evaluating [time: 9.50s, valid_score: 0.065700]
20 Oct 15:04    INFO  valid result: 
recall@10 : 0.0976    recall@20 : 0.1375    recall@50 : 0.2012    ndcg@10 : 0.0553    ndcg@20 : 0.0657    ndcg@50 : 0.0788    
20 Oct 15:04    INFO  Finished training, best eval result in epoch 127
20 Oct 15:04    INFO  Loading model structure and parameters from saved/DirectAU-Oct-20-2023_14-37-41.pth
20 Oct 15:04    INFO  best valid : {'recall@10': 0.097, 'recall@20': 0.1371, 'recall@50': 0.1994, 'ndcg@10': 0.0552, 'ndcg@20': 0.0657, 'ndcg@50': 0.0785}
20 Oct 15:04    INFO  test result: {'recall@10': 0.0985, 'recall@20': 0.1382, 'recall@50': 0.2046, 'ndcg@10': 0.0576, 'ndcg@20': 0.0679, 'ndcg@50': 0.0815}
