command line args [--zc 0.2] will not be used in RecBole
20 Oct 17:50    INFO  
General Hyper Parameters:
gpu_id = 2
use_gpu = True
seed = 0
state = INFO
reproducibility = True
data_path = dataset/Yelp
show_progress = False

Training Hyper Parameters:
checkpoint_dir = saved
epochs = 500
train_batch_size = 1024
learner = adam
learning_rate = 0.001
training_neg_sample_num = 0
training_neg_sample_distribution = uniform
eval_step = 1
stopping_step = 10
clip_grad_norm = None
weight_decay = 1e-06
draw_loss_pic = False
loss_decimal_place = 4

Evaluation Hyper Parameters:
eval_setting = RO_RS,full
group_by_user = True
split_ratio = [0.8, 0.1, 0.1]
leave_one_num = 2
real_time_process = False
metrics = ['Recall', 'NDCG']
topk = [10, 20, 50]
valid_metric = NDCG@20
eval_batch_size = 4096
metric_decimal_place = 4

Dataset Hyper Parameters:
field_separator = 	
seq_separator =  
USER_ID_FIELD = user_id
ITEM_ID_FIELD = item_id
RATING_FIELD = rating
TIME_FIELD = timestamp
seq_len = None
LABEL_FIELD = label
threshold = None
NEG_PREFIX = neg_
load_col = {'inter': ['user_id', 'item_id', 'timestamp']}
unload_col = None
unused_col = None
additional_feat_suffix = None
lowest_val = None
highest_val = None
equal_val = None
not_equal_val = None
max_user_inter_num = None
min_user_inter_num = 5
max_item_inter_num = None
min_item_inter_num = 5
fields_in_same_space = None
preload_weight = None
normalize_field = None
normalize_all = None
ITEM_LIST_LENGTH_FIELD = item_length
LIST_SUFFIX = _list
MAX_ITEM_LIST_LENGTH = 50
POSITION_FIELD = position_id
HEAD_ENTITY_ID_FIELD = head_id
TAIL_ENTITY_ID_FIELD = tail_id
RELATION_ID_FIELD = relation_id
ENTITY_ID_FIELD = entity_id

Other Hyper Parameters: 
valid_metric_bigger = True
BT = 0.1
bt = 0.001
embedding_size = 64
encoder = MF
gamma = 0.5
times = 1
witem = 0.1
wuser = 0.8
zc = 0.2
rm_dup_inter = None
filter_inter_by_user_or_item = True
SOURCE_ID_FIELD = source_id
TARGET_ID_FIELD = target_id
benchmark_filename = None
MODEL_TYPE = ModelType.GENERAL
MODEL_INPUT_TYPE = InputType.POINTWISE
eval_type = EvaluatorType.RANKING
device = cuda
train_neg_sample_args = {'strategy': 'none'}


20 Oct 17:50    INFO  Yelp
The number of users: 31669
Average actions of users: 49.305481874447395
The number of items: 38049
Average actions of items: 41.037794365012616
The number of inters: 1561406
The sparsity of the dataset: 99.87041991912021%
Remain Fields: ['user_id', 'item_id']
20 Oct 17:50    INFO  Build [GeneralDataLoader] for [train] with format [InputType.POINTWISE]
20 Oct 17:50    INFO  [train] No Negative Sampling
20 Oct 17:50    INFO  [train] batch_size = [1024], shuffle = [True]

20 Oct 17:50    INFO  Build [GeneralFullDataLoader] for [evaluation] with format [InputType.POINTWISE]
20 Oct 17:50    INFO  Evaluation Setting:
	Group by user_id
	Ordering: {'strategy': 'shuffle'}
	Splitting: {'strategy': 'by_ratio', 'ratios': [0.8, 0.1, 0.1]}
	Negative Sampling: {'strategy': 'full', 'distribution': 'uniform'}
20 Oct 17:50    INFO  [evaluation] batch_size = [4096], shuffle = [False]

20 Oct 17:50    WARNING  Batch size is changed to 38049.
20 Oct 17:50    WARNING  Batch size is changed to 38049.
{'BT': 0.1, 'bt': 0.001, 'embedding_size': 64, 'encoder': 'MF', 'gamma': None, 'times': 1, 'training_neg_sample_num': 0, 'witem': 0.1, 'wuser': 0.8, 'zc': 0.2}
this is encoder MF...
这是directau 的 WUBT 版本...
20 Oct 17:50    INFO  DirectAU(
  (encoder): MFEncoder(
    (user_embedding): Embedding(31669, 64)
    (item_embedding): Embedding(38049, 64)
  )
  (bn): BatchNorm1d(64, eps=1e-05, momentum=0.1, affine=False, track_running_stats=True)
  (projector): Sequential(
    (0): Linear(in_features=64, out_features=64, bias=False)
    (1): BatchNorm1d(64, eps=1e-05, momentum=0.1, affine=True, track_running_stats=True)
    (2): ReLU(inplace=True)
    (3): Linear(in_features=64, out_features=64, bias=False)
    (4): BatchNorm1d(64, eps=1e-05, momentum=0.1, affine=True, track_running_stats=True)
    (5): ReLU(inplace=True)
    (6): Linear(in_features=64, out_features=64, bias=False)
  )
)
Trainable parameters: 4474496
20 Oct 17:50    INFO  epoch 0 training [time: 23.67s, train loss: -0.2819]
20 Oct 17:51    INFO  epoch 0 evaluating [time: 15.33s, valid_score: 0.023400]
20 Oct 17:51    INFO  valid result: 
recall@10 : 0.0218    recall@20 : 0.0391    recall@50 : 0.0787    ndcg@10 : 0.0174    ndcg@20 : 0.0234    ndcg@50 : 0.0352    
20 Oct 17:51    INFO  Saving current best: saved/DirectAU-Oct-20-2023_17-50-31.pth
20 Oct 17:51    INFO  epoch 1 training [time: 23.74s, train loss: -0.7228]
20 Oct 17:51    INFO  epoch 1 evaluating [time: 15.11s, valid_score: 0.032400]
20 Oct 17:51    INFO  valid result: 
recall@10 : 0.0311    recall@20 : 0.0536    recall@50 : 0.1047    ndcg@10 : 0.0247    ndcg@20 : 0.0324    ndcg@50 : 0.0474    
20 Oct 17:51    INFO  Saving current best: saved/DirectAU-Oct-20-2023_17-50-31.pth
20 Oct 17:52    INFO  epoch 2 training [time: 23.81s, train loss: -0.8019]
20 Oct 17:52    INFO  epoch 2 evaluating [time: 15.48s, valid_score: 0.036000]
20 Oct 17:52    INFO  valid result: 
recall@10 : 0.0353    recall@20 : 0.0594    recall@50 : 0.1155    ndcg@10 : 0.0278    ndcg@20 : 0.036    ndcg@50 : 0.0524    
20 Oct 17:52    INFO  Saving current best: saved/DirectAU-Oct-20-2023_17-50-31.pth
20 Oct 17:52    INFO  epoch 3 training [time: 23.86s, train loss: -0.8413]
20 Oct 17:53    INFO  epoch 3 evaluating [time: 15.41s, valid_score: 0.039300]
20 Oct 17:53    INFO  valid result: 
recall@10 : 0.0388    recall@20 : 0.0653    recall@50 : 0.1224    ndcg@10 : 0.0302    ndcg@20 : 0.0393    ndcg@50 : 0.056    
20 Oct 17:53    INFO  Saving current best: saved/DirectAU-Oct-20-2023_17-50-31.pth
20 Oct 17:53    INFO  epoch 4 training [time: 23.89s, train loss: -0.8678]
20 Oct 17:53    INFO  epoch 4 evaluating [time: 15.07s, valid_score: 0.041700]
20 Oct 17:53    INFO  valid result: 
recall@10 : 0.0409    recall@20 : 0.0683    recall@50 : 0.1282    ndcg@10 : 0.0324    ndcg@20 : 0.0417    ndcg@50 : 0.0592    
20 Oct 17:53    INFO  Saving current best: saved/DirectAU-Oct-20-2023_17-50-31.pth
20 Oct 17:54    INFO  epoch 5 training [time: 23.81s, train loss: -0.8878]
20 Oct 17:54    INFO  epoch 5 evaluating [time: 15.30s, valid_score: 0.043900]
20 Oct 17:54    INFO  valid result: 
recall@10 : 0.0441    recall@20 : 0.0724    recall@50 : 0.1337    ndcg@10 : 0.0343    ndcg@20 : 0.0439    ndcg@50 : 0.0618    
20 Oct 17:54    INFO  Saving current best: saved/DirectAU-Oct-20-2023_17-50-31.pth
20 Oct 17:54    INFO  epoch 6 training [time: 23.89s, train loss: -0.9038]
20 Oct 17:55    INFO  epoch 6 evaluating [time: 15.23s, valid_score: 0.045900]
20 Oct 17:55    INFO  valid result: 
recall@10 : 0.0455    recall@20 : 0.0757    recall@50 : 0.138    ndcg@10 : 0.0356    ndcg@20 : 0.0459    ndcg@50 : 0.0641    
20 Oct 17:55    INFO  Saving current best: saved/DirectAU-Oct-20-2023_17-50-31.pth
20 Oct 17:55    INFO  epoch 7 training [time: 23.93s, train loss: -0.9177]
20 Oct 17:55    INFO  epoch 7 evaluating [time: 15.47s, valid_score: 0.047300]
20 Oct 17:55    INFO  valid result: 
recall@10 : 0.0473    recall@20 : 0.0778    recall@50 : 0.1418    ndcg@10 : 0.0369    ndcg@20 : 0.0473    ndcg@50 : 0.066    
20 Oct 17:55    INFO  Saving current best: saved/DirectAU-Oct-20-2023_17-50-31.pth
20 Oct 17:56    INFO  epoch 8 training [time: 23.88s, train loss: -0.9293]
20 Oct 17:56    INFO  epoch 8 evaluating [time: 15.03s, valid_score: 0.048700]
20 Oct 17:56    INFO  valid result: 
recall@10 : 0.0483    recall@20 : 0.0802    recall@50 : 0.1451    ndcg@10 : 0.0379    ndcg@20 : 0.0487    ndcg@50 : 0.0677    
20 Oct 17:56    INFO  Saving current best: saved/DirectAU-Oct-20-2023_17-50-31.pth
20 Oct 17:56    INFO  epoch 9 training [time: 23.90s, train loss: -0.9393]
20 Oct 17:57    INFO  epoch 9 evaluating [time: 15.45s, valid_score: 0.050200]
20 Oct 17:57    INFO  valid result: 
recall@10 : 0.0507    recall@20 : 0.082    recall@50 : 0.1482    ndcg@10 : 0.0395    ndcg@20 : 0.0502    ndcg@50 : 0.0694    
20 Oct 17:57    INFO  Saving current best: saved/DirectAU-Oct-20-2023_17-50-31.pth
20 Oct 17:57    INFO  epoch 10 training [time: 23.89s, train loss: -0.9480]
20 Oct 17:57    INFO  epoch 10 evaluating [time: 15.11s, valid_score: 0.051400]
20 Oct 17:57    INFO  valid result: 
recall@10 : 0.051    recall@20 : 0.0836    recall@50 : 0.1522    ndcg@10 : 0.0403    ndcg@20 : 0.0514    ndcg@50 : 0.0714    
20 Oct 17:57    INFO  Saving current best: saved/DirectAU-Oct-20-2023_17-50-31.pth
20 Oct 17:58    INFO  epoch 11 training [time: 23.82s, train loss: -0.9553]
20 Oct 17:58    INFO  epoch 11 evaluating [time: 15.34s, valid_score: 0.052600]
20 Oct 17:58    INFO  valid result: 
recall@10 : 0.0525    recall@20 : 0.0861    recall@50 : 0.1542    ndcg@10 : 0.0412    ndcg@20 : 0.0526    ndcg@50 : 0.0725    
20 Oct 17:58    INFO  Saving current best: saved/DirectAU-Oct-20-2023_17-50-31.pth
20 Oct 17:58    INFO  epoch 12 training [time: 23.88s, train loss: -0.9617]
20 Oct 17:59    INFO  epoch 12 evaluating [time: 14.97s, valid_score: 0.054100]
20 Oct 17:59    INFO  valid result: 
recall@10 : 0.0541    recall@20 : 0.0881    recall@50 : 0.1581    ndcg@10 : 0.0426    ndcg@20 : 0.0541    ndcg@50 : 0.0745    
20 Oct 17:59    INFO  Saving current best: saved/DirectAU-Oct-20-2023_17-50-31.pth
20 Oct 17:59    INFO  epoch 13 training [time: 23.86s, train loss: -0.9672]
20 Oct 17:59    INFO  epoch 13 evaluating [time: 15.32s, valid_score: 0.054300]
20 Oct 17:59    INFO  valid result: 
recall@10 : 0.0544    recall@20 : 0.0881    recall@50 : 0.1598    ndcg@10 : 0.0429    ndcg@20 : 0.0543    ndcg@50 : 0.0752    
20 Oct 17:59    INFO  Saving current best: saved/DirectAU-Oct-20-2023_17-50-31.pth
20 Oct 18:00    INFO  epoch 14 training [time: 23.88s, train loss: -0.9719]
20 Oct 18:00    INFO  epoch 14 evaluating [time: 15.07s, valid_score: 0.055900]
20 Oct 18:00    INFO  valid result: 
recall@10 : 0.0561    recall@20 : 0.0903    recall@50 : 0.1619    ndcg@10 : 0.0443    ndcg@20 : 0.0559    ndcg@50 : 0.0767    
20 Oct 18:00    INFO  Saving current best: saved/DirectAU-Oct-20-2023_17-50-31.pth
20 Oct 18:00    INFO  epoch 15 training [time: 23.88s, train loss: -0.9760]
20 Oct 18:00    INFO  epoch 15 evaluating [time: 15.32s, valid_score: 0.056300]
20 Oct 18:00    INFO  valid result: 
recall@10 : 0.0566    recall@20 : 0.091    recall@50 : 0.1635    ndcg@10 : 0.0446    ndcg@20 : 0.0563    ndcg@50 : 0.0773    
20 Oct 18:00    INFO  Saving current best: saved/DirectAU-Oct-20-2023_17-50-31.pth
20 Oct 18:01    INFO  epoch 16 training [time: 23.90s, train loss: -0.9796]
20 Oct 18:01    INFO  epoch 16 evaluating [time: 15.20s, valid_score: 0.056600]
20 Oct 18:01    INFO  valid result: 
recall@10 : 0.0567    recall@20 : 0.0916    recall@50 : 0.1657    ndcg@10 : 0.0449    ndcg@20 : 0.0566    ndcg@50 : 0.0781    
20 Oct 18:01    INFO  Saving current best: saved/DirectAU-Oct-20-2023_17-50-31.pth
20 Oct 18:02    INFO  epoch 17 training [time: 23.90s, train loss: -0.9829]
20 Oct 18:02    INFO  epoch 17 evaluating [time: 15.06s, valid_score: 0.056900]
20 Oct 18:02    INFO  valid result: 
recall@10 : 0.057    recall@20 : 0.0921    recall@50 : 0.1661    ndcg@10 : 0.045    ndcg@20 : 0.0569    ndcg@50 : 0.0784    
20 Oct 18:02    INFO  Saving current best: saved/DirectAU-Oct-20-2023_17-50-31.pth
20 Oct 18:02    INFO  epoch 18 training [time: 23.87s, train loss: -0.9856]
20 Oct 18:02    INFO  epoch 18 evaluating [time: 15.38s, valid_score: 0.057500]
20 Oct 18:02    INFO  valid result: 
recall@10 : 0.0579    recall@20 : 0.0925    recall@50 : 0.1673    ndcg@10 : 0.0458    ndcg@20 : 0.0575    ndcg@50 : 0.0792    
20 Oct 18:02    INFO  Saving current best: saved/DirectAU-Oct-20-2023_17-50-31.pth
20 Oct 18:03    INFO  epoch 19 training [time: 23.87s, train loss: -0.9879]
20 Oct 18:03    INFO  epoch 19 evaluating [time: 15.02s, valid_score: 0.058100]
20 Oct 18:03    INFO  valid result: 
recall@10 : 0.0584    recall@20 : 0.0933    recall@50 : 0.1689    ndcg@10 : 0.0463    ndcg@20 : 0.0581    ndcg@50 : 0.08    
20 Oct 18:03    INFO  Saving current best: saved/DirectAU-Oct-20-2023_17-50-31.pth
20 Oct 18:03    INFO  epoch 20 training [time: 23.86s, train loss: -0.9900]
20 Oct 18:04    INFO  epoch 20 evaluating [time: 15.36s, valid_score: 0.058800]
20 Oct 18:04    INFO  valid result: 
recall@10 : 0.0588    recall@20 : 0.0944    recall@50 : 0.1685    ndcg@10 : 0.0467    ndcg@20 : 0.0588    ndcg@50 : 0.0803    
20 Oct 18:04    INFO  Saving current best: saved/DirectAU-Oct-20-2023_17-50-31.pth
20 Oct 18:04    INFO  epoch 21 training [time: 23.87s, train loss: -0.9917]
20 Oct 18:04    INFO  epoch 21 evaluating [time: 15.02s, valid_score: 0.058800]
20 Oct 18:04    INFO  valid result: 
recall@10 : 0.0589    recall@20 : 0.0945    recall@50 : 0.1704    ndcg@10 : 0.0467    ndcg@20 : 0.0588    ndcg@50 : 0.0808    
20 Oct 18:05    INFO  epoch 22 training [time: 23.88s, train loss: -0.9932]
20 Oct 18:05    INFO  epoch 22 evaluating [time: 15.27s, valid_score: 0.058900]
20 Oct 18:05    INFO  valid result: 
recall@10 : 0.0592    recall@20 : 0.0944    recall@50 : 0.1704    ndcg@10 : 0.047    ndcg@20 : 0.0589    ndcg@50 : 0.0809    
20 Oct 18:05    INFO  Saving current best: saved/DirectAU-Oct-20-2023_17-50-31.pth
20 Oct 18:05    INFO  epoch 23 training [time: 23.89s, train loss: -0.9945]
20 Oct 18:06    INFO  epoch 23 evaluating [time: 15.16s, valid_score: 0.059400]
20 Oct 18:06    INFO  valid result: 
recall@10 : 0.0593    recall@20 : 0.0957    recall@50 : 0.1711    ndcg@10 : 0.0471    ndcg@20 : 0.0594    ndcg@50 : 0.0812    
20 Oct 18:06    INFO  Saving current best: saved/DirectAU-Oct-20-2023_17-50-31.pth
20 Oct 18:06    INFO  epoch 24 training [time: 23.83s, train loss: -0.9957]
20 Oct 18:06    INFO  epoch 24 evaluating [time: 15.25s, valid_score: 0.059500]
20 Oct 18:06    INFO  valid result: 
recall@10 : 0.0594    recall@20 : 0.0956    recall@50 : 0.1713    ndcg@10 : 0.0473    ndcg@20 : 0.0595    ndcg@50 : 0.0814    
20 Oct 18:06    INFO  Saving current best: saved/DirectAU-Oct-20-2023_17-50-31.pth
20 Oct 18:07    INFO  epoch 25 training [time: 23.81s, train loss: -0.9967]
20 Oct 18:07    INFO  epoch 25 evaluating [time: 15.16s, valid_score: 0.059400]
20 Oct 18:07    INFO  valid result: 
recall@10 : 0.059    recall@20 : 0.0956    recall@50 : 0.1723    ndcg@10 : 0.0472    ndcg@20 : 0.0594    ndcg@50 : 0.0817    
20 Oct 18:07    INFO  epoch 26 training [time: 23.88s, train loss: -0.9975]
20 Oct 18:08    INFO  epoch 26 evaluating [time: 15.29s, valid_score: 0.059800]
20 Oct 18:08    INFO  valid result: 
recall@10 : 0.0593    recall@20 : 0.0964    recall@50 : 0.1725    ndcg@10 : 0.0473    ndcg@20 : 0.0598    ndcg@50 : 0.0819    
20 Oct 18:08    INFO  Saving current best: saved/DirectAU-Oct-20-2023_17-50-31.pth
20 Oct 18:08    INFO  epoch 27 training [time: 23.87s, train loss: -0.9983]
20 Oct 18:08    INFO  epoch 27 evaluating [time: 15.12s, valid_score: 0.059800]
20 Oct 18:08    INFO  valid result: 
recall@10 : 0.0598    recall@20 : 0.096    recall@50 : 0.1721    ndcg@10 : 0.0476    ndcg@20 : 0.0598    ndcg@50 : 0.0819    
20 Oct 18:09    INFO  epoch 28 training [time: 23.87s, train loss: -0.9990]
20 Oct 18:09    INFO  epoch 28 evaluating [time: 15.37s, valid_score: 0.060200]
20 Oct 18:09    INFO  valid result: 
recall@10 : 0.0608    recall@20 : 0.0965    recall@50 : 0.1719    ndcg@10 : 0.0482    ndcg@20 : 0.0602    ndcg@50 : 0.0821    
20 Oct 18:09    INFO  Saving current best: saved/DirectAU-Oct-20-2023_17-50-31.pth
20 Oct 18:09    INFO  epoch 29 training [time: 23.87s, train loss: -0.9997]
20 Oct 18:10    INFO  epoch 29 evaluating [time: 15.30s, valid_score: 0.059700]
20 Oct 18:10    INFO  valid result: 
recall@10 : 0.06    recall@20 : 0.0958    recall@50 : 0.1725    ndcg@10 : 0.0476    ndcg@20 : 0.0597    ndcg@50 : 0.0819    
20 Oct 18:10    INFO  epoch 30 training [time: 23.86s, train loss: -1.0002]
20 Oct 18:10    INFO  epoch 30 evaluating [time: 15.06s, valid_score: 0.059800]
20 Oct 18:10    INFO  valid result: 
recall@10 : 0.0597    recall@20 : 0.0961    recall@50 : 0.1733    ndcg@10 : 0.0475    ndcg@20 : 0.0598    ndcg@50 : 0.0822    
20 Oct 18:11    INFO  epoch 31 training [time: 23.85s, train loss: -1.0008]
20 Oct 18:11    INFO  epoch 31 evaluating [time: 15.35s, valid_score: 0.060200]
20 Oct 18:11    INFO  valid result: 
recall@10 : 0.0601    recall@20 : 0.0974    recall@50 : 0.1725    ndcg@10 : 0.0475    ndcg@20 : 0.0602    ndcg@50 : 0.082    
20 Oct 18:11    INFO  epoch 32 training [time: 23.87s, train loss: -1.0012]
20 Oct 18:12    INFO  epoch 32 evaluating [time: 14.95s, valid_score: 0.060000]
20 Oct 18:12    INFO  valid result: 
recall@10 : 0.0599    recall@20 : 0.0967    recall@50 : 0.1726    ndcg@10 : 0.0476    ndcg@20 : 0.06    ndcg@50 : 0.082    
20 Oct 18:12    INFO  epoch 33 training [time: 23.88s, train loss: -1.0017]
20 Oct 18:12    INFO  epoch 33 evaluating [time: 15.23s, valid_score: 0.060000]
20 Oct 18:12    INFO  valid result: 
recall@10 : 0.0601    recall@20 : 0.0965    recall@50 : 0.1739    ndcg@10 : 0.0477    ndcg@20 : 0.06    ndcg@50 : 0.0824    
20 Oct 18:13    INFO  epoch 34 training [time: 23.84s, train loss: -1.0021]
20 Oct 18:13    INFO  epoch 34 evaluating [time: 15.01s, valid_score: 0.060300]
20 Oct 18:13    INFO  valid result: 
recall@10 : 0.0602    recall@20 : 0.0969    recall@50 : 0.1734    ndcg@10 : 0.048    ndcg@20 : 0.0603    ndcg@50 : 0.0824    
20 Oct 18:13    INFO  Saving current best: saved/DirectAU-Oct-20-2023_17-50-31.pth
20 Oct 18:13    INFO  epoch 35 training [time: 23.87s, train loss: -1.0025]
20 Oct 18:14    INFO  epoch 35 evaluating [time: 15.36s, valid_score: 0.060200]
20 Oct 18:14    INFO  valid result: 
recall@10 : 0.0604    recall@20 : 0.0968    recall@50 : 0.1737    ndcg@10 : 0.0479    ndcg@20 : 0.0602    ndcg@50 : 0.0824    
20 Oct 18:14    INFO  epoch 36 training [time: 23.84s, train loss: -1.0029]
20 Oct 18:14    INFO  epoch 36 evaluating [time: 15.04s, valid_score: 0.060200]
20 Oct 18:14    INFO  valid result: 
recall@10 : 0.0604    recall@20 : 0.0971    recall@50 : 0.1738    ndcg@10 : 0.0478    ndcg@20 : 0.0602    ndcg@50 : 0.0825    
20 Oct 18:15    INFO  epoch 37 training [time: 23.88s, train loss: -1.0031]
20 Oct 18:15    INFO  epoch 37 evaluating [time: 15.29s, valid_score: 0.060100]
20 Oct 18:15    INFO  valid result: 
recall@10 : 0.06    recall@20 : 0.0966    recall@50 : 0.174    ndcg@10 : 0.0477    ndcg@20 : 0.0601    ndcg@50 : 0.0825    
20 Oct 18:15    INFO  epoch 38 training [time: 23.88s, train loss: -1.0034]
20 Oct 18:15    INFO  epoch 38 evaluating [time: 15.00s, valid_score: 0.060200]
20 Oct 18:15    INFO  valid result: 
recall@10 : 0.0606    recall@20 : 0.0966    recall@50 : 0.1739    ndcg@10 : 0.0481    ndcg@20 : 0.0602    ndcg@50 : 0.0826    
20 Oct 18:16    INFO  epoch 39 training [time: 23.87s, train loss: -1.0035]
20 Oct 18:16    INFO  epoch 39 evaluating [time: 15.31s, valid_score: 0.060400]
20 Oct 18:16    INFO  valid result: 
recall@10 : 0.0602    recall@20 : 0.0969    recall@50 : 0.1741    ndcg@10 : 0.048    ndcg@20 : 0.0604    ndcg@50 : 0.0828    
20 Oct 18:16    INFO  Saving current best: saved/DirectAU-Oct-20-2023_17-50-31.pth
20 Oct 18:17    INFO  epoch 40 training [time: 23.89s, train loss: -1.0036]
20 Oct 18:17    INFO  epoch 40 evaluating [time: 15.03s, valid_score: 0.060300]
20 Oct 18:17    INFO  valid result: 
recall@10 : 0.0601    recall@20 : 0.0969    recall@50 : 0.1735    ndcg@10 : 0.0479    ndcg@20 : 0.0603    ndcg@50 : 0.0826    
20 Oct 18:17    INFO  epoch 41 training [time: 23.89s, train loss: -1.0037]
20 Oct 18:17    INFO  epoch 41 evaluating [time: 15.35s, valid_score: 0.060200]
20 Oct 18:17    INFO  valid result: 
recall@10 : 0.0598    recall@20 : 0.0971    recall@50 : 0.1736    ndcg@10 : 0.0477    ndcg@20 : 0.0602    ndcg@50 : 0.0824    
20 Oct 18:18    INFO  epoch 42 training [time: 23.88s, train loss: -1.0038]
20 Oct 18:18    INFO  epoch 42 evaluating [time: 15.50s, valid_score: 0.060100]
20 Oct 18:18    INFO  valid result: 
recall@10 : 0.0592    recall@20 : 0.0964    recall@50 : 0.1746    ndcg@10 : 0.0475    ndcg@20 : 0.0601    ndcg@50 : 0.0827    
20 Oct 18:18    INFO  epoch 43 training [time: 23.87s, train loss: -1.0039]
20 Oct 18:19    INFO  epoch 43 evaluating [time: 14.94s, valid_score: 0.060200]
20 Oct 18:19    INFO  valid result: 
recall@10 : 0.0604    recall@20 : 0.0965    recall@50 : 0.174    ndcg@10 : 0.0481    ndcg@20 : 0.0602    ndcg@50 : 0.0827    
20 Oct 18:19    INFO  epoch 44 training [time: 23.85s, train loss: -1.0040]
20 Oct 18:19    INFO  epoch 44 evaluating [time: 15.23s, valid_score: 0.060100]
20 Oct 18:19    INFO  valid result: 
recall@10 : 0.0594    recall@20 : 0.0966    recall@50 : 0.1744    ndcg@10 : 0.0475    ndcg@20 : 0.0601    ndcg@50 : 0.0826    
20 Oct 18:20    INFO  epoch 45 training [time: 23.83s, train loss: -1.0041]
20 Oct 18:20    INFO  epoch 45 evaluating [time: 14.90s, valid_score: 0.060100]
20 Oct 18:20    INFO  valid result: 
recall@10 : 0.0602    recall@20 : 0.097    recall@50 : 0.1743    ndcg@10 : 0.0477    ndcg@20 : 0.0601    ndcg@50 : 0.0825    
20 Oct 18:20    INFO  epoch 46 training [time: 23.84s, train loss: -1.0042]
20 Oct 18:21    INFO  epoch 46 evaluating [time: 15.17s, valid_score: 0.060100]
20 Oct 18:21    INFO  valid result: 
recall@10 : 0.0605    recall@20 : 0.0966    recall@50 : 0.1744    ndcg@10 : 0.0479    ndcg@20 : 0.0601    ndcg@50 : 0.0827    
20 Oct 18:21    INFO  epoch 47 training [time: 23.88s, train loss: -1.0042]
20 Oct 18:21    INFO  epoch 47 evaluating [time: 14.93s, valid_score: 0.060300]
20 Oct 18:21    INFO  valid result: 
recall@10 : 0.0604    recall@20 : 0.0966    recall@50 : 0.1744    ndcg@10 : 0.0481    ndcg@20 : 0.0603    ndcg@50 : 0.0828    
20 Oct 18:22    INFO  epoch 48 training [time: 23.89s, train loss: -1.0043]
20 Oct 18:22    INFO  epoch 48 evaluating [time: 15.29s, valid_score: 0.060200]
20 Oct 18:22    INFO  valid result: 
recall@10 : 0.0601    recall@20 : 0.0971    recall@50 : 0.1747    ndcg@10 : 0.0478    ndcg@20 : 0.0602    ndcg@50 : 0.0827    
20 Oct 18:22    INFO  epoch 49 training [time: 23.91s, train loss: -1.0044]
20 Oct 18:23    INFO  epoch 49 evaluating [time: 14.97s, valid_score: 0.060400]
20 Oct 18:23    INFO  valid result: 
recall@10 : 0.0599    recall@20 : 0.0971    recall@50 : 0.1746    ndcg@10 : 0.0479    ndcg@20 : 0.0604    ndcg@50 : 0.0828    
20 Oct 18:23    INFO  epoch 50 training [time: 23.70s, train loss: -1.0044]
20 Oct 18:23    INFO  epoch 50 evaluating [time: 15.17s, valid_score: 0.060500]
20 Oct 18:23    INFO  valid result: 
recall@10 : 0.0604    recall@20 : 0.0969    recall@50 : 0.1741    ndcg@10 : 0.0482    ndcg@20 : 0.0605    ndcg@50 : 0.0828    
20 Oct 18:23    INFO  Saving current best: saved/DirectAU-Oct-20-2023_17-50-31.pth
20 Oct 18:24    INFO  epoch 51 training [time: 23.87s, train loss: -1.0044]
20 Oct 18:24    INFO  epoch 51 evaluating [time: 14.89s, valid_score: 0.060500]
20 Oct 18:24    INFO  valid result: 
recall@10 : 0.06    recall@20 : 0.0972    recall@50 : 0.1741    ndcg@10 : 0.048    ndcg@20 : 0.0605    ndcg@50 : 0.0828    
20 Oct 18:24    INFO  epoch 52 training [time: 23.93s, train loss: -1.0044]
20 Oct 18:25    INFO  epoch 52 evaluating [time: 15.07s, valid_score: 0.060200]
20 Oct 18:25    INFO  valid result: 
recall@10 : 0.06    recall@20 : 0.0963    recall@50 : 0.1745    ndcg@10 : 0.0479    ndcg@20 : 0.0602    ndcg@50 : 0.0828    
20 Oct 18:25    INFO  epoch 53 training [time: 23.92s, train loss: -1.0046]
20 Oct 18:25    INFO  epoch 53 evaluating [time: 14.80s, valid_score: 0.060500]
20 Oct 18:25    INFO  valid result: 
recall@10 : 0.06    recall@20 : 0.0971    recall@50 : 0.1737    ndcg@10 : 0.048    ndcg@20 : 0.0605    ndcg@50 : 0.0827    
20 Oct 18:26    INFO  epoch 54 training [time: 23.92s, train loss: -1.0046]
20 Oct 18:26    INFO  epoch 54 evaluating [time: 15.23s, valid_score: 0.060300]
20 Oct 18:26    INFO  valid result: 
recall@10 : 0.0601    recall@20 : 0.0969    recall@50 : 0.1738    ndcg@10 : 0.0478    ndcg@20 : 0.0603    ndcg@50 : 0.0826    
20 Oct 18:26    INFO  epoch 55 training [time: 23.93s, train loss: -1.0045]
20 Oct 18:27    INFO  epoch 55 evaluating [time: 15.13s, valid_score: 0.060300]
20 Oct 18:27    INFO  valid result: 
recall@10 : 0.0601    recall@20 : 0.0967    recall@50 : 0.1743    ndcg@10 : 0.0479    ndcg@20 : 0.0603    ndcg@50 : 0.0828    
20 Oct 18:27    INFO  epoch 56 training [time: 23.91s, train loss: -1.0046]
20 Oct 18:27    INFO  epoch 56 evaluating [time: 14.84s, valid_score: 0.060000]
20 Oct 18:27    INFO  valid result: 
recall@10 : 0.0594    recall@20 : 0.0964    recall@50 : 0.1746    ndcg@10 : 0.0475    ndcg@20 : 0.06    ndcg@50 : 0.0827    
20 Oct 18:28    INFO  epoch 57 training [time: 23.92s, train loss: -1.0047]
20 Oct 18:28    INFO  epoch 57 evaluating [time: 15.11s, valid_score: 0.060300]
20 Oct 18:28    INFO  valid result: 
recall@10 : 0.0593    recall@20 : 0.0968    recall@50 : 0.1742    ndcg@10 : 0.0476    ndcg@20 : 0.0603    ndcg@50 : 0.0827    
20 Oct 18:28    INFO  epoch 58 training [time: 23.92s, train loss: -1.0047]
20 Oct 18:28    INFO  epoch 58 evaluating [time: 14.79s, valid_score: 0.060200]
20 Oct 18:28    INFO  valid result: 
recall@10 : 0.0596    recall@20 : 0.0969    recall@50 : 0.1751    ndcg@10 : 0.0476    ndcg@20 : 0.0602    ndcg@50 : 0.0828    
20 Oct 18:29    INFO  epoch 59 training [time: 23.92s, train loss: -1.0049]
20 Oct 18:29    INFO  epoch 59 evaluating [time: 15.01s, valid_score: 0.060200]
20 Oct 18:29    INFO  valid result: 
recall@10 : 0.0601    recall@20 : 0.0966    recall@50 : 0.1745    ndcg@10 : 0.0478    ndcg@20 : 0.0602    ndcg@50 : 0.0827    
20 Oct 18:30    INFO  epoch 60 training [time: 23.93s, train loss: -1.0048]
20 Oct 18:30    INFO  epoch 60 evaluating [time: 14.89s, valid_score: 0.060100]
20 Oct 18:30    INFO  valid result: 
recall@10 : 0.0598    recall@20 : 0.0966    recall@50 : 0.1743    ndcg@10 : 0.0477    ndcg@20 : 0.0601    ndcg@50 : 0.0826    
20 Oct 18:30    INFO  epoch 61 training [time: 23.93s, train loss: -1.0048]
20 Oct 18:30    INFO  epoch 61 evaluating [time: 15.02s, valid_score: 0.060100]
20 Oct 18:30    INFO  valid result: 
recall@10 : 0.0599    recall@20 : 0.0967    recall@50 : 0.174    ndcg@10 : 0.0476    ndcg@20 : 0.0601    ndcg@50 : 0.0824    
20 Oct 18:30    INFO  Finished training, best eval result in epoch 50
20 Oct 18:30    INFO  Loading model structure and parameters from saved/DirectAU-Oct-20-2023_17-50-31.pth
20 Oct 18:31    INFO  best valid : {'recall@10': 0.0604, 'recall@20': 0.0969, 'recall@50': 0.1741, 'ndcg@10': 0.0482, 'ndcg@20': 0.0605, 'ndcg@50': 0.0828}
20 Oct 18:31    INFO  test result: {'recall@10': 0.0608, 'recall@20': 0.0974, 'recall@50': 0.1738, 'ndcg@10': 0.0486, 'ndcg@20': 0.0609, 'ndcg@50': 0.0829}
