command line args [--zc 0.7] will not be used in RecBole
20 Oct 14:41    INFO  
General Hyper Parameters:
gpu_id = 4
use_gpu = True
seed = 0
state = INFO
reproducibility = True
data_path = dataset/Beauty
show_progress = False

Training Hyper Parameters:
checkpoint_dir = saved
epochs = 500
train_batch_size = 256
learner = adam
learning_rate = 0.001
training_neg_sample_num = 0
training_neg_sample_distribution = uniform
eval_step = 1
stopping_step = 10
clip_grad_norm = None
weight_decay = 1e-06
draw_loss_pic = False
loss_decimal_place = 4

Evaluation Hyper Parameters:
eval_setting = RO_RS,full
group_by_user = True
split_ratio = [0.8, 0.1, 0.1]
leave_one_num = 2
real_time_process = False
metrics = ['Recall', 'NDCG']
topk = [10, 20, 50]
valid_metric = NDCG@20
eval_batch_size = 4096
metric_decimal_place = 4

Dataset Hyper Parameters:
field_separator = 	
seq_separator =  
USER_ID_FIELD = user_id
ITEM_ID_FIELD = item_id
RATING_FIELD = rating
TIME_FIELD = timestamp
seq_len = None
LABEL_FIELD = label
threshold = None
NEG_PREFIX = neg_
load_col = {'inter': ['user_id', 'item_id', 'timestamp']}
unload_col = None
unused_col = None
additional_feat_suffix = None
lowest_val = None
highest_val = None
equal_val = None
not_equal_val = None
max_user_inter_num = None
min_user_inter_num = 5
max_item_inter_num = None
min_item_inter_num = 5
fields_in_same_space = None
preload_weight = None
normalize_field = None
normalize_all = None
ITEM_LIST_LENGTH_FIELD = item_length
LIST_SUFFIX = _list
MAX_ITEM_LIST_LENGTH = 50
POSITION_FIELD = position_id
HEAD_ENTITY_ID_FIELD = head_id
TAIL_ENTITY_ID_FIELD = tail_id
RELATION_ID_FIELD = relation_id
ENTITY_ID_FIELD = entity_id

Other Hyper Parameters: 
valid_metric_bigger = True
BT = 0.1
bt = 0.001
embedding_size = 64
encoder = MF
gamma = 0.5
times = 1
witem = 0.1
wuser = 0.8
zc = 0.7
rm_dup_inter = None
filter_inter_by_user_or_item = True
SOURCE_ID_FIELD = source_id
TARGET_ID_FIELD = target_id
benchmark_filename = None
MODEL_TYPE = ModelType.GENERAL
MODEL_INPUT_TYPE = InputType.POINTWISE
eval_type = EvaluatorType.RANKING
device = cuda
train_neg_sample_args = {'strategy': 'none'}


20 Oct 14:41    INFO  Beauty
The number of users: 22364
Average actions of users: 8.876358270357287
The number of items: 12102
Average actions of items: 16.403768283612923
The number of inters: 198502
The sparsity of the dataset: 99.92665707018277%
Remain Fields: ['user_id', 'item_id', 'timestamp']
20 Oct 14:41    INFO  Build [GeneralDataLoader] for [train] with format [InputType.POINTWISE]
20 Oct 14:41    INFO  [train] No Negative Sampling
20 Oct 14:41    INFO  [train] batch_size = [256], shuffle = [True]

20 Oct 14:41    INFO  Build [GeneralFullDataLoader] for [evaluation] with format [InputType.POINTWISE]
20 Oct 14:41    INFO  Evaluation Setting:
	Group by user_id
	Ordering: {'strategy': 'shuffle'}
	Splitting: {'strategy': 'by_ratio', 'ratios': [0.8, 0.1, 0.1]}
	Negative Sampling: {'strategy': 'full', 'distribution': 'uniform'}
20 Oct 14:41    INFO  [evaluation] batch_size = [4096], shuffle = [False]

20 Oct 14:41    WARNING  Batch size is changed to 12102.
20 Oct 14:41    WARNING  Batch size is changed to 12102.
{'BT': 0.1, 'bt': 0.001, 'embedding_size': 64, 'encoder': 'MF', 'gamma': None, 'times': 1, 'training_neg_sample_num': 0, 'witem': 0.1, 'wuser': 0.8, 'zc': 0.7}
this is encoder MF...
这是directau 的 WUBT 版本...
20 Oct 14:41    INFO  DirectAU(
  (encoder): MFEncoder(
    (user_embedding): Embedding(22364, 64)
    (item_embedding): Embedding(12102, 64)
  )
  (bn): BatchNorm1d(64, eps=1e-05, momentum=0.1, affine=False, track_running_stats=True)
  (projector): Sequential(
    (0): Linear(in_features=64, out_features=64, bias=False)
    (1): BatchNorm1d(64, eps=1e-05, momentum=0.1, affine=True, track_running_stats=True)
    (2): ReLU(inplace=True)
    (3): Linear(in_features=64, out_features=64, bias=False)
    (4): BatchNorm1d(64, eps=1e-05, momentum=0.1, affine=True, track_running_stats=True)
    (5): ReLU(inplace=True)
    (6): Linear(in_features=64, out_features=64, bias=False)
  )
)
Trainable parameters: 2218368
20 Oct 14:41    INFO  epoch 0 training [time: 2.10s, train loss: 0.0723]
20 Oct 14:41    INFO  epoch 0 evaluating [time: 9.31s, valid_score: 0.012200]
20 Oct 14:41    INFO  valid result: 
recall@10 : 0.0163    recall@20 : 0.0269    recall@50 : 0.0428    ndcg@10 : 0.0093    ndcg@20 : 0.0122    ndcg@50 : 0.0156    
20 Oct 14:41    INFO  Saving current best: saved/DirectAU-Oct-20-2023_14-41-41.pth
20 Oct 14:41    INFO  epoch 1 training [time: 2.02s, train loss: -0.4168]
20 Oct 14:42    INFO  epoch 1 evaluating [time: 9.14s, valid_score: 0.017700]
20 Oct 14:42    INFO  valid result: 
recall@10 : 0.0248    recall@20 : 0.0384    recall@50 : 0.0631    ndcg@10 : 0.0139    ndcg@20 : 0.0177    ndcg@50 : 0.0229    
20 Oct 14:42    INFO  Saving current best: saved/DirectAU-Oct-20-2023_14-41-41.pth
20 Oct 14:42    INFO  epoch 2 training [time: 1.98s, train loss: -0.5568]
20 Oct 14:42    INFO  epoch 2 evaluating [time: 9.15s, valid_score: 0.021800]
20 Oct 14:42    INFO  valid result: 
recall@10 : 0.0309    recall@20 : 0.0474    recall@50 : 0.0752    ndcg@10 : 0.0173    ndcg@20 : 0.0218    ndcg@50 : 0.0276    
20 Oct 14:42    INFO  Saving current best: saved/DirectAU-Oct-20-2023_14-41-41.pth
20 Oct 14:42    INFO  epoch 3 training [time: 2.07s, train loss: -0.6277]
20 Oct 14:42    INFO  epoch 3 evaluating [time: 9.14s, valid_score: 0.024300]
20 Oct 14:42    INFO  valid result: 
recall@10 : 0.0334    recall@20 : 0.0527    recall@50 : 0.0848    ndcg@10 : 0.0191    ndcg@20 : 0.0243    ndcg@50 : 0.0311    
20 Oct 14:42    INFO  Saving current best: saved/DirectAU-Oct-20-2023_14-41-41.pth
20 Oct 14:42    INFO  epoch 4 training [time: 1.96s, train loss: -0.6735]
20 Oct 14:42    INFO  epoch 4 evaluating [time: 9.13s, valid_score: 0.026000]
20 Oct 14:42    INFO  valid result: 
recall@10 : 0.037    recall@20 : 0.0574    recall@50 : 0.0897    ndcg@10 : 0.0205    ndcg@20 : 0.026    ndcg@50 : 0.0328    
20 Oct 14:42    INFO  Saving current best: saved/DirectAU-Oct-20-2023_14-41-41.pth
20 Oct 14:42    INFO  epoch 5 training [time: 2.19s, train loss: -0.7078]
20 Oct 14:42    INFO  epoch 5 evaluating [time: 9.26s, valid_score: 0.027400]
20 Oct 14:42    INFO  valid result: 
recall@10 : 0.0392    recall@20 : 0.0589    recall@50 : 0.0941    ndcg@10 : 0.0221    ndcg@20 : 0.0274    ndcg@50 : 0.0348    
20 Oct 14:42    INFO  Saving current best: saved/DirectAU-Oct-20-2023_14-41-41.pth
20 Oct 14:42    INFO  epoch 6 training [time: 2.01s, train loss: -0.7341]
20 Oct 14:43    INFO  epoch 6 evaluating [time: 9.05s, valid_score: 0.028900]
20 Oct 14:43    INFO  valid result: 
recall@10 : 0.0419    recall@20 : 0.0622    recall@50 : 0.0999    ndcg@10 : 0.0234    ndcg@20 : 0.0289    ndcg@50 : 0.0367    
20 Oct 14:43    INFO  Saving current best: saved/DirectAU-Oct-20-2023_14-41-41.pth
20 Oct 14:43    INFO  epoch 7 training [time: 2.07s, train loss: -0.7564]
20 Oct 14:43    INFO  epoch 7 evaluating [time: 9.25s, valid_score: 0.030600]
20 Oct 14:43    INFO  valid result: 
recall@10 : 0.0439    recall@20 : 0.0656    recall@50 : 0.1036    ndcg@10 : 0.0248    ndcg@20 : 0.0306    ndcg@50 : 0.0385    
20 Oct 14:43    INFO  Saving current best: saved/DirectAU-Oct-20-2023_14-41-41.pth
20 Oct 14:43    INFO  epoch 8 training [time: 2.07s, train loss: -0.7772]
20 Oct 14:43    INFO  epoch 8 evaluating [time: 9.06s, valid_score: 0.031200]
20 Oct 14:43    INFO  valid result: 
recall@10 : 0.0445    recall@20 : 0.0677    recall@50 : 0.1081    ndcg@10 : 0.025    ndcg@20 : 0.0312    ndcg@50 : 0.0396    
20 Oct 14:43    INFO  Saving current best: saved/DirectAU-Oct-20-2023_14-41-41.pth
20 Oct 14:43    INFO  epoch 9 training [time: 2.07s, train loss: -0.7949]
20 Oct 14:43    INFO  epoch 9 evaluating [time: 9.41s, valid_score: 0.032500]
20 Oct 14:43    INFO  valid result: 
recall@10 : 0.0459    recall@20 : 0.0697    recall@50 : 0.113    ndcg@10 : 0.0261    ndcg@20 : 0.0325    ndcg@50 : 0.0414    
20 Oct 14:43    INFO  Saving current best: saved/DirectAU-Oct-20-2023_14-41-41.pth
20 Oct 14:43    INFO  epoch 10 training [time: 2.04s, train loss: -0.8103]
20 Oct 14:43    INFO  epoch 10 evaluating [time: 9.16s, valid_score: 0.033700]
20 Oct 14:43    INFO  valid result: 
recall@10 : 0.0482    recall@20 : 0.073    recall@50 : 0.1155    ndcg@10 : 0.0272    ndcg@20 : 0.0337    ndcg@50 : 0.0426    
20 Oct 14:43    INFO  Saving current best: saved/DirectAU-Oct-20-2023_14-41-41.pth
20 Oct 14:43    INFO  epoch 11 training [time: 2.05s, train loss: -0.8257]
20 Oct 14:43    INFO  epoch 11 evaluating [time: 9.30s, valid_score: 0.034900]
20 Oct 14:43    INFO  valid result: 
recall@10 : 0.0505    recall@20 : 0.0755    recall@50 : 0.1189    ndcg@10 : 0.0283    ndcg@20 : 0.0349    ndcg@50 : 0.0439    
20 Oct 14:43    INFO  Saving current best: saved/DirectAU-Oct-20-2023_14-41-41.pth
20 Oct 14:43    INFO  epoch 12 training [time: 2.07s, train loss: -0.8387]
20 Oct 14:44    INFO  epoch 12 evaluating [time: 9.12s, valid_score: 0.035500]
20 Oct 14:44    INFO  valid result: 
recall@10 : 0.0495    recall@20 : 0.0772    recall@50 : 0.1216    ndcg@10 : 0.0281    ndcg@20 : 0.0355    ndcg@50 : 0.0446    
20 Oct 14:44    INFO  Saving current best: saved/DirectAU-Oct-20-2023_14-41-41.pth
20 Oct 14:44    INFO  epoch 13 training [time: 1.95s, train loss: -0.8522]
20 Oct 14:44    INFO  epoch 13 evaluating [time: 9.27s, valid_score: 0.036500]
20 Oct 14:44    INFO  valid result: 
recall@10 : 0.0526    recall@20 : 0.0784    recall@50 : 0.1227    ndcg@10 : 0.0297    ndcg@20 : 0.0365    ndcg@50 : 0.0457    
20 Oct 14:44    INFO  Saving current best: saved/DirectAU-Oct-20-2023_14-41-41.pth
20 Oct 14:44    INFO  epoch 14 training [time: 1.80s, train loss: -0.8630]
20 Oct 14:44    INFO  epoch 14 evaluating [time: 8.99s, valid_score: 0.037000]
20 Oct 14:44    INFO  valid result: 
recall@10 : 0.0541    recall@20 : 0.0805    recall@50 : 0.1263    ndcg@10 : 0.0301    ndcg@20 : 0.037    ndcg@50 : 0.0465    
20 Oct 14:44    INFO  Saving current best: saved/DirectAU-Oct-20-2023_14-41-41.pth
20 Oct 14:44    INFO  epoch 15 training [time: 2.07s, train loss: -0.8753]
20 Oct 14:44    INFO  epoch 15 evaluating [time: 9.07s, valid_score: 0.038400]
20 Oct 14:44    INFO  valid result: 
recall@10 : 0.0566    recall@20 : 0.0826    recall@50 : 0.1291    ndcg@10 : 0.0315    ndcg@20 : 0.0384    ndcg@50 : 0.0479    
20 Oct 14:44    INFO  Saving current best: saved/DirectAU-Oct-20-2023_14-41-41.pth
20 Oct 14:44    INFO  epoch 16 training [time: 2.06s, train loss: -0.8855]
20 Oct 14:44    INFO  epoch 16 evaluating [time: 8.82s, valid_score: 0.039600]
20 Oct 14:44    INFO  valid result: 
recall@10 : 0.0578    recall@20 : 0.0842    recall@50 : 0.1307    ndcg@10 : 0.0326    ndcg@20 : 0.0396    ndcg@50 : 0.0492    
20 Oct 14:44    INFO  Saving current best: saved/DirectAU-Oct-20-2023_14-41-41.pth
20 Oct 14:44    INFO  epoch 17 training [time: 2.09s, train loss: -0.8965]
20 Oct 14:45    INFO  epoch 17 evaluating [time: 9.08s, valid_score: 0.040200]
20 Oct 14:45    INFO  valid result: 
recall@10 : 0.0584    recall@20 : 0.0849    recall@50 : 0.1335    ndcg@10 : 0.0331    ndcg@20 : 0.0402    ndcg@50 : 0.0502    
20 Oct 14:45    INFO  Saving current best: saved/DirectAU-Oct-20-2023_14-41-41.pth
20 Oct 14:45    INFO  epoch 18 training [time: 2.08s, train loss: -0.9062]
20 Oct 14:45    INFO  epoch 18 evaluating [time: 9.13s, valid_score: 0.041300]
20 Oct 14:45    INFO  valid result: 
recall@10 : 0.0606    recall@20 : 0.0878    recall@50 : 0.1346    ndcg@10 : 0.0341    ndcg@20 : 0.0413    ndcg@50 : 0.051    
20 Oct 14:45    INFO  Saving current best: saved/DirectAU-Oct-20-2023_14-41-41.pth
20 Oct 14:45    INFO  epoch 19 training [time: 2.07s, train loss: -0.9154]
20 Oct 14:45    INFO  epoch 19 evaluating [time: 9.23s, valid_score: 0.041700]
20 Oct 14:45    INFO  valid result: 
recall@10 : 0.0611    recall@20 : 0.0894    recall@50 : 0.1375    ndcg@10 : 0.0343    ndcg@20 : 0.0417    ndcg@50 : 0.0517    
20 Oct 14:45    INFO  Saving current best: saved/DirectAU-Oct-20-2023_14-41-41.pth
20 Oct 14:45    INFO  epoch 20 training [time: 2.04s, train loss: -0.9248]
20 Oct 14:45    INFO  epoch 20 evaluating [time: 9.05s, valid_score: 0.042200]
20 Oct 14:45    INFO  valid result: 
recall@10 : 0.0612    recall@20 : 0.0903    recall@50 : 0.1398    ndcg@10 : 0.0346    ndcg@20 : 0.0422    ndcg@50 : 0.0524    
20 Oct 14:45    INFO  Saving current best: saved/DirectAU-Oct-20-2023_14-41-41.pth
20 Oct 14:45    INFO  epoch 21 training [time: 2.10s, train loss: -0.9329]
20 Oct 14:45    INFO  epoch 21 evaluating [time: 8.85s, valid_score: 0.042700]
20 Oct 14:45    INFO  valid result: 
recall@10 : 0.0621    recall@20 : 0.0911    recall@50 : 0.1406    ndcg@10 : 0.0351    ndcg@20 : 0.0427    ndcg@50 : 0.0529    
20 Oct 14:45    INFO  Saving current best: saved/DirectAU-Oct-20-2023_14-41-41.pth
20 Oct 14:45    INFO  epoch 22 training [time: 2.09s, train loss: -0.9417]
20 Oct 14:46    INFO  epoch 22 evaluating [time: 9.29s, valid_score: 0.043400]
20 Oct 14:46    INFO  valid result: 
recall@10 : 0.0634    recall@20 : 0.0924    recall@50 : 0.142    ndcg@10 : 0.0357    ndcg@20 : 0.0434    ndcg@50 : 0.0536    
20 Oct 14:46    INFO  Saving current best: saved/DirectAU-Oct-20-2023_14-41-41.pth
20 Oct 14:46    INFO  epoch 23 training [time: 1.91s, train loss: -0.9486]
20 Oct 14:46    INFO  epoch 23 evaluating [time: 9.14s, valid_score: 0.044000]
20 Oct 14:46    INFO  valid result: 
recall@10 : 0.0649    recall@20 : 0.094    recall@50 : 0.1447    ndcg@10 : 0.0363    ndcg@20 : 0.044    ndcg@50 : 0.0544    
20 Oct 14:46    INFO  Saving current best: saved/DirectAU-Oct-20-2023_14-41-41.pth
20 Oct 14:46    INFO  epoch 24 training [time: 2.08s, train loss: -0.9564]
20 Oct 14:46    INFO  epoch 24 evaluating [time: 9.18s, valid_score: 0.045100]
20 Oct 14:46    INFO  valid result: 
recall@10 : 0.0662    recall@20 : 0.0963    recall@50 : 0.146    ndcg@10 : 0.0372    ndcg@20 : 0.0451    ndcg@50 : 0.0553    
20 Oct 14:46    INFO  Saving current best: saved/DirectAU-Oct-20-2023_14-41-41.pth
20 Oct 14:46    INFO  epoch 25 training [time: 2.03s, train loss: -0.9643]
20 Oct 14:46    INFO  epoch 25 evaluating [time: 9.08s, valid_score: 0.046000]
20 Oct 14:46    INFO  valid result: 
recall@10 : 0.0671    recall@20 : 0.0976    recall@50 : 0.1485    ndcg@10 : 0.038    ndcg@20 : 0.046    ndcg@50 : 0.0565    
20 Oct 14:46    INFO  Saving current best: saved/DirectAU-Oct-20-2023_14-41-41.pth
20 Oct 14:46    INFO  epoch 26 training [time: 2.07s, train loss: -0.9710]
20 Oct 14:46    INFO  epoch 26 evaluating [time: 9.40s, valid_score: 0.046100]
20 Oct 14:46    INFO  valid result: 
recall@10 : 0.0682    recall@20 : 0.0982    recall@50 : 0.1497    ndcg@10 : 0.0382    ndcg@20 : 0.0461    ndcg@50 : 0.0567    
20 Oct 14:46    INFO  Saving current best: saved/DirectAU-Oct-20-2023_14-41-41.pth
20 Oct 14:46    INFO  epoch 27 training [time: 2.09s, train loss: -0.9774]
20 Oct 14:46    INFO  epoch 27 evaluating [time: 9.02s, valid_score: 0.046600]
20 Oct 14:46    INFO  valid result: 
recall@10 : 0.0685    recall@20 : 0.1004    recall@50 : 0.1523    ndcg@10 : 0.0383    ndcg@20 : 0.0466    ndcg@50 : 0.0573    
20 Oct 14:46    INFO  Saving current best: saved/DirectAU-Oct-20-2023_14-41-41.pth
20 Oct 14:46    INFO  epoch 28 training [time: 1.99s, train loss: -0.9841]
20 Oct 14:47    INFO  epoch 28 evaluating [time: 9.12s, valid_score: 0.047400]
20 Oct 14:47    INFO  valid result: 
recall@10 : 0.0702    recall@20 : 0.1023    recall@50 : 0.1539    ndcg@10 : 0.039    ndcg@20 : 0.0474    ndcg@50 : 0.058    
20 Oct 14:47    INFO  Saving current best: saved/DirectAU-Oct-20-2023_14-41-41.pth
20 Oct 14:47    INFO  epoch 29 training [time: 2.03s, train loss: -0.9897]
20 Oct 14:47    INFO  epoch 29 evaluating [time: 9.03s, valid_score: 0.047600]
20 Oct 14:47    INFO  valid result: 
recall@10 : 0.0699    recall@20 : 0.1018    recall@50 : 0.1553    ndcg@10 : 0.0392    ndcg@20 : 0.0476    ndcg@50 : 0.0585    
20 Oct 14:47    INFO  Saving current best: saved/DirectAU-Oct-20-2023_14-41-41.pth
20 Oct 14:47    INFO  epoch 30 training [time: 2.07s, train loss: -0.9955]
20 Oct 14:47    INFO  epoch 30 evaluating [time: 9.14s, valid_score: 0.048200]
20 Oct 14:47    INFO  valid result: 
recall@10 : 0.0702    recall@20 : 0.1037    recall@50 : 0.1568    ndcg@10 : 0.0395    ndcg@20 : 0.0482    ndcg@50 : 0.0592    
20 Oct 14:47    INFO  Saving current best: saved/DirectAU-Oct-20-2023_14-41-41.pth
20 Oct 14:47    INFO  epoch 31 training [time: 2.01s, train loss: -1.0008]
20 Oct 14:47    INFO  epoch 31 evaluating [time: 9.13s, valid_score: 0.048900]
20 Oct 14:47    INFO  valid result: 
recall@10 : 0.0726    recall@20 : 0.1042    recall@50 : 0.1577    ndcg@10 : 0.0406    ndcg@20 : 0.0489    ndcg@50 : 0.0599    
20 Oct 14:47    INFO  Saving current best: saved/DirectAU-Oct-20-2023_14-41-41.pth
20 Oct 14:47    INFO  epoch 32 training [time: 2.05s, train loss: -1.0068]
20 Oct 14:47    INFO  epoch 32 evaluating [time: 9.13s, valid_score: 0.049200]
20 Oct 14:47    INFO  valid result: 
recall@10 : 0.0739    recall@20 : 0.1056    recall@50 : 0.1584    ndcg@10 : 0.0409    ndcg@20 : 0.0492    ndcg@50 : 0.06    
20 Oct 14:47    INFO  Saving current best: saved/DirectAU-Oct-20-2023_14-41-41.pth
20 Oct 14:47    INFO  epoch 33 training [time: 1.99s, train loss: -1.0118]
20 Oct 14:48    INFO  epoch 33 evaluating [time: 9.11s, valid_score: 0.050500]
20 Oct 14:48    INFO  valid result: 
recall@10 : 0.0738    recall@20 : 0.1066    recall@50 : 0.1597    ndcg@10 : 0.0419    ndcg@20 : 0.0505    ndcg@50 : 0.0613    
20 Oct 14:48    INFO  Saving current best: saved/DirectAU-Oct-20-2023_14-41-41.pth
20 Oct 14:48    INFO  epoch 34 training [time: 2.08s, train loss: -1.0165]
20 Oct 14:48    INFO  epoch 34 evaluating [time: 9.27s, valid_score: 0.050500]
20 Oct 14:48    INFO  valid result: 
recall@10 : 0.0747    recall@20 : 0.1077    recall@50 : 0.1619    ndcg@10 : 0.0418    ndcg@20 : 0.0505    ndcg@50 : 0.0616    
20 Oct 14:48    INFO  epoch 35 training [time: 2.06s, train loss: -1.0212]
20 Oct 14:48    INFO  epoch 35 evaluating [time: 9.01s, valid_score: 0.051100]
20 Oct 14:48    INFO  valid result: 
recall@10 : 0.0759    recall@20 : 0.109    recall@50 : 0.1627    ndcg@10 : 0.0425    ndcg@20 : 0.0511    ndcg@50 : 0.0621    
20 Oct 14:48    INFO  Saving current best: saved/DirectAU-Oct-20-2023_14-41-41.pth
20 Oct 14:48    INFO  epoch 36 training [time: 2.08s, train loss: -1.0258]
20 Oct 14:48    INFO  epoch 36 evaluating [time: 9.27s, valid_score: 0.051700]
20 Oct 14:48    INFO  valid result: 
recall@10 : 0.0761    recall@20 : 0.1102    recall@50 : 0.1635    ndcg@10 : 0.0428    ndcg@20 : 0.0517    ndcg@50 : 0.0627    
20 Oct 14:48    INFO  Saving current best: saved/DirectAU-Oct-20-2023_14-41-41.pth
20 Oct 14:48    INFO  epoch 37 training [time: 2.06s, train loss: -1.0302]
20 Oct 14:48    INFO  epoch 37 evaluating [time: 9.33s, valid_score: 0.052100]
20 Oct 14:48    INFO  valid result: 
recall@10 : 0.0766    recall@20 : 0.1104    recall@50 : 0.1642    ndcg@10 : 0.0432    ndcg@20 : 0.0521    ndcg@50 : 0.0631    
20 Oct 14:48    INFO  Saving current best: saved/DirectAU-Oct-20-2023_14-41-41.pth
20 Oct 14:48    INFO  epoch 38 training [time: 2.02s, train loss: -1.0339]
20 Oct 14:48    INFO  epoch 38 evaluating [time: 9.08s, valid_score: 0.052500]
20 Oct 14:48    INFO  valid result: 
recall@10 : 0.0772    recall@20 : 0.1112    recall@50 : 0.1653    ndcg@10 : 0.0436    ndcg@20 : 0.0525    ndcg@50 : 0.0636    
20 Oct 14:48    INFO  Saving current best: saved/DirectAU-Oct-20-2023_14-41-41.pth
20 Oct 14:49    INFO  epoch 39 training [time: 1.78s, train loss: -1.0386]
20 Oct 14:49    INFO  epoch 39 evaluating [time: 9.20s, valid_score: 0.052300]
20 Oct 14:49    INFO  valid result: 
recall@10 : 0.0777    recall@20 : 0.1111    recall@50 : 0.1664    ndcg@10 : 0.0435    ndcg@20 : 0.0523    ndcg@50 : 0.0637    
20 Oct 14:49    INFO  epoch 40 training [time: 2.03s, train loss: -1.0420]
20 Oct 14:49    INFO  epoch 40 evaluating [time: 9.13s, valid_score: 0.053200]
20 Oct 14:49    INFO  valid result: 
recall@10 : 0.0778    recall@20 : 0.1132    recall@50 : 0.1664    ndcg@10 : 0.044    ndcg@20 : 0.0532    ndcg@50 : 0.0642    
20 Oct 14:49    INFO  Saving current best: saved/DirectAU-Oct-20-2023_14-41-41.pth
20 Oct 14:49    INFO  epoch 41 training [time: 2.07s, train loss: -1.0454]
20 Oct 14:49    INFO  epoch 41 evaluating [time: 9.27s, valid_score: 0.053700]
20 Oct 14:49    INFO  valid result: 
recall@10 : 0.0784    recall@20 : 0.1134    recall@50 : 0.1685    ndcg@10 : 0.0445    ndcg@20 : 0.0537    ndcg@50 : 0.065    
20 Oct 14:49    INFO  Saving current best: saved/DirectAU-Oct-20-2023_14-41-41.pth
20 Oct 14:49    INFO  epoch 42 training [time: 2.12s, train loss: -1.0494]
20 Oct 14:49    INFO  epoch 42 evaluating [time: 9.08s, valid_score: 0.054400]
20 Oct 14:49    INFO  valid result: 
recall@10 : 0.0798    recall@20 : 0.1149    recall@50 : 0.1695    ndcg@10 : 0.0451    ndcg@20 : 0.0544    ndcg@50 : 0.0656    
20 Oct 14:49    INFO  Saving current best: saved/DirectAU-Oct-20-2023_14-41-41.pth
20 Oct 14:49    INFO  epoch 43 training [time: 1.99s, train loss: -1.0528]
20 Oct 14:49    INFO  epoch 43 evaluating [time: 9.34s, valid_score: 0.054600]
20 Oct 14:49    INFO  valid result: 
recall@10 : 0.0811    recall@20 : 0.1153    recall@50 : 0.1699    ndcg@10 : 0.0456    ndcg@20 : 0.0546    ndcg@50 : 0.0658    
20 Oct 14:49    INFO  Saving current best: saved/DirectAU-Oct-20-2023_14-41-41.pth
20 Oct 14:49    INFO  epoch 44 training [time: 2.07s, train loss: -1.0561]
20 Oct 14:50    INFO  epoch 44 evaluating [time: 9.07s, valid_score: 0.054800]
20 Oct 14:50    INFO  valid result: 
recall@10 : 0.0809    recall@20 : 0.1153    recall@50 : 0.1708    ndcg@10 : 0.0458    ndcg@20 : 0.0548    ndcg@50 : 0.0662    
20 Oct 14:50    INFO  Saving current best: saved/DirectAU-Oct-20-2023_14-41-41.pth
20 Oct 14:50    INFO  epoch 45 training [time: 2.07s, train loss: -1.0593]
20 Oct 14:50    INFO  epoch 45 evaluating [time: 9.21s, valid_score: 0.055400]
20 Oct 14:50    INFO  valid result: 
recall@10 : 0.081    recall@20 : 0.1169    recall@50 : 0.1724    ndcg@10 : 0.0461    ndcg@20 : 0.0554    ndcg@50 : 0.0668    
20 Oct 14:50    INFO  Saving current best: saved/DirectAU-Oct-20-2023_14-41-41.pth
20 Oct 14:50    INFO  epoch 46 training [time: 1.77s, train loss: -1.0623]
20 Oct 14:50    INFO  epoch 46 evaluating [time: 8.92s, valid_score: 0.055800]
20 Oct 14:50    INFO  valid result: 
recall@10 : 0.081    recall@20 : 0.1171    recall@50 : 0.1727    ndcg@10 : 0.0464    ndcg@20 : 0.0558    ndcg@50 : 0.0673    
20 Oct 14:50    INFO  Saving current best: saved/DirectAU-Oct-20-2023_14-41-41.pth
20 Oct 14:50    INFO  epoch 47 training [time: 2.05s, train loss: -1.0650]
20 Oct 14:50    INFO  epoch 47 evaluating [time: 9.10s, valid_score: 0.055900]
20 Oct 14:50    INFO  valid result: 
recall@10 : 0.0818    recall@20 : 0.1177    recall@50 : 0.1747    ndcg@10 : 0.0464    ndcg@20 : 0.0559    ndcg@50 : 0.0676    
20 Oct 14:50    INFO  Saving current best: saved/DirectAU-Oct-20-2023_14-41-41.pth
20 Oct 14:50    INFO  epoch 48 training [time: 2.10s, train loss: -1.0677]
20 Oct 14:50    INFO  epoch 48 evaluating [time: 9.01s, valid_score: 0.056400]
20 Oct 14:50    INFO  valid result: 
recall@10 : 0.0824    recall@20 : 0.119    recall@50 : 0.1752    ndcg@10 : 0.0469    ndcg@20 : 0.0564    ndcg@50 : 0.068    
20 Oct 14:50    INFO  Saving current best: saved/DirectAU-Oct-20-2023_14-41-41.pth
20 Oct 14:50    INFO  epoch 49 training [time: 2.08s, train loss: -1.0702]
20 Oct 14:51    INFO  epoch 49 evaluating [time: 9.41s, valid_score: 0.056700]
20 Oct 14:51    INFO  valid result: 
recall@10 : 0.0832    recall@20 : 0.1198    recall@50 : 0.1765    ndcg@10 : 0.0471    ndcg@20 : 0.0567    ndcg@50 : 0.0684    
20 Oct 14:51    INFO  Saving current best: saved/DirectAU-Oct-20-2023_14-41-41.pth
20 Oct 14:51    INFO  epoch 50 training [time: 2.07s, train loss: -1.0727]
20 Oct 14:51    INFO  epoch 50 evaluating [time: 9.26s, valid_score: 0.057200]
20 Oct 14:51    INFO  valid result: 
recall@10 : 0.0839    recall@20 : 0.1201    recall@50 : 0.1766    ndcg@10 : 0.0477    ndcg@20 : 0.0572    ndcg@50 : 0.0688    
20 Oct 14:51    INFO  Saving current best: saved/DirectAU-Oct-20-2023_14-41-41.pth
20 Oct 14:51    INFO  epoch 51 training [time: 2.09s, train loss: -1.0746]
20 Oct 14:51    INFO  epoch 51 evaluating [time: 9.00s, valid_score: 0.057400]
20 Oct 14:51    INFO  valid result: 
recall@10 : 0.0839    recall@20 : 0.121    recall@50 : 0.1772    ndcg@10 : 0.0477    ndcg@20 : 0.0574    ndcg@50 : 0.0689    
20 Oct 14:51    INFO  Saving current best: saved/DirectAU-Oct-20-2023_14-41-41.pth
20 Oct 14:51    INFO  epoch 52 training [time: 2.00s, train loss: -1.0769]
20 Oct 14:51    INFO  epoch 52 evaluating [time: 9.02s, valid_score: 0.057600]
20 Oct 14:51    INFO  valid result: 
recall@10 : 0.085    recall@20 : 0.1212    recall@50 : 0.1777    ndcg@10 : 0.0482    ndcg@20 : 0.0576    ndcg@50 : 0.0692    
20 Oct 14:51    INFO  Saving current best: saved/DirectAU-Oct-20-2023_14-41-41.pth
20 Oct 14:51    INFO  epoch 53 training [time: 2.06s, train loss: -1.0793]
20 Oct 14:51    INFO  epoch 53 evaluating [time: 9.23s, valid_score: 0.057700]
20 Oct 14:51    INFO  valid result: 
recall@10 : 0.0845    recall@20 : 0.1215    recall@50 : 0.1788    ndcg@10 : 0.048    ndcg@20 : 0.0577    ndcg@50 : 0.0695    
20 Oct 14:51    INFO  Saving current best: saved/DirectAU-Oct-20-2023_14-41-41.pth
20 Oct 14:51    INFO  epoch 54 training [time: 2.09s, train loss: -1.0817]
20 Oct 14:51    INFO  epoch 54 evaluating [time: 9.06s, valid_score: 0.058000]
20 Oct 14:51    INFO  valid result: 
recall@10 : 0.0855    recall@20 : 0.1218    recall@50 : 0.1802    ndcg@10 : 0.0485    ndcg@20 : 0.058    ndcg@50 : 0.07    
20 Oct 14:51    INFO  Saving current best: saved/DirectAU-Oct-20-2023_14-41-41.pth
20 Oct 14:52    INFO  epoch 55 training [time: 2.08s, train loss: -1.0838]
20 Oct 14:52    INFO  epoch 55 evaluating [time: 9.11s, valid_score: 0.057900]
20 Oct 14:52    INFO  valid result: 
recall@10 : 0.0858    recall@20 : 0.122    recall@50 : 0.181    ndcg@10 : 0.0485    ndcg@20 : 0.0579    ndcg@50 : 0.07    
20 Oct 14:52    INFO  epoch 56 training [time: 2.03s, train loss: -1.0851]
20 Oct 14:52    INFO  epoch 56 evaluating [time: 9.19s, valid_score: 0.058500]
20 Oct 14:52    INFO  valid result: 
recall@10 : 0.0861    recall@20 : 0.1228    recall@50 : 0.1813    ndcg@10 : 0.0489    ndcg@20 : 0.0585    ndcg@50 : 0.0705    
20 Oct 14:52    INFO  Saving current best: saved/DirectAU-Oct-20-2023_14-41-41.pth
20 Oct 14:52    INFO  epoch 57 training [time: 2.07s, train loss: -1.0875]
20 Oct 14:52    INFO  epoch 57 evaluating [time: 8.88s, valid_score: 0.058600]
20 Oct 14:52    INFO  valid result: 
recall@10 : 0.0859    recall@20 : 0.1234    recall@50 : 0.1818    ndcg@10 : 0.0488    ndcg@20 : 0.0586    ndcg@50 : 0.0706    
20 Oct 14:52    INFO  Saving current best: saved/DirectAU-Oct-20-2023_14-41-41.pth
20 Oct 14:52    INFO  epoch 58 training [time: 2.09s, train loss: -1.0891]
20 Oct 14:52    INFO  epoch 58 evaluating [time: 9.08s, valid_score: 0.058500]
20 Oct 14:52    INFO  valid result: 
recall@10 : 0.0862    recall@20 : 0.1228    recall@50 : 0.181    ndcg@10 : 0.0489    ndcg@20 : 0.0585    ndcg@50 : 0.0705    
20 Oct 14:52    INFO  epoch 59 training [time: 2.04s, train loss: -1.0908]
20 Oct 14:52    INFO  epoch 59 evaluating [time: 8.99s, valid_score: 0.058700]
20 Oct 14:52    INFO  valid result: 
recall@10 : 0.086    recall@20 : 0.1232    recall@50 : 0.1814    ndcg@10 : 0.0489    ndcg@20 : 0.0587    ndcg@50 : 0.0706    
20 Oct 14:52    INFO  Saving current best: saved/DirectAU-Oct-20-2023_14-41-41.pth
20 Oct 14:52    INFO  epoch 60 training [time: 2.07s, train loss: -1.0921]
20 Oct 14:53    INFO  epoch 60 evaluating [time: 9.35s, valid_score: 0.058800]
20 Oct 14:53    INFO  valid result: 
recall@10 : 0.0863    recall@20 : 0.1238    recall@50 : 0.1837    ndcg@10 : 0.049    ndcg@20 : 0.0588    ndcg@50 : 0.0711    
20 Oct 14:53    INFO  Saving current best: saved/DirectAU-Oct-20-2023_14-41-41.pth
20 Oct 14:53    INFO  epoch 61 training [time: 2.09s, train loss: -1.0939]
20 Oct 14:53    INFO  epoch 61 evaluating [time: 9.04s, valid_score: 0.058800]
20 Oct 14:53    INFO  valid result: 
recall@10 : 0.0866    recall@20 : 0.1234    recall@50 : 0.1833    ndcg@10 : 0.0491    ndcg@20 : 0.0588    ndcg@50 : 0.0711    
20 Oct 14:53    INFO  epoch 62 training [time: 2.02s, train loss: -1.0953]
20 Oct 14:53    INFO  epoch 62 evaluating [time: 9.21s, valid_score: 0.059300]
20 Oct 14:53    INFO  valid result: 
recall@10 : 0.0877    recall@20 : 0.124    recall@50 : 0.184    ndcg@10 : 0.0498    ndcg@20 : 0.0593    ndcg@50 : 0.0716    
20 Oct 14:53    INFO  Saving current best: saved/DirectAU-Oct-20-2023_14-41-41.pth
20 Oct 14:53    INFO  epoch 63 training [time: 2.02s, train loss: -1.0968]
20 Oct 14:53    INFO  epoch 63 evaluating [time: 8.98s, valid_score: 0.059700]
20 Oct 14:53    INFO  valid result: 
recall@10 : 0.0868    recall@20 : 0.1247    recall@50 : 0.1843    ndcg@10 : 0.0498    ndcg@20 : 0.0597    ndcg@50 : 0.0719    
20 Oct 14:53    INFO  Saving current best: saved/DirectAU-Oct-20-2023_14-41-41.pth
20 Oct 14:53    INFO  epoch 64 training [time: 2.06s, train loss: -1.0983]
20 Oct 14:53    INFO  epoch 64 evaluating [time: 9.16s, valid_score: 0.059800]
20 Oct 14:53    INFO  valid result: 
recall@10 : 0.0885    recall@20 : 0.1243    recall@50 : 0.1856    ndcg@10 : 0.0504    ndcg@20 : 0.0598    ndcg@50 : 0.0724    
20 Oct 14:53    INFO  Saving current best: saved/DirectAU-Oct-20-2023_14-41-41.pth
20 Oct 14:53    INFO  epoch 65 training [time: 2.06s, train loss: -1.0997]
20 Oct 14:54    INFO  epoch 65 evaluating [time: 9.17s, valid_score: 0.060100]
20 Oct 14:54    INFO  valid result: 
recall@10 : 0.0882    recall@20 : 0.126    recall@50 : 0.1852    ndcg@10 : 0.0502    ndcg@20 : 0.0601    ndcg@50 : 0.0723    
20 Oct 14:54    INFO  Saving current best: saved/DirectAU-Oct-20-2023_14-41-41.pth
20 Oct 14:54    INFO  epoch 66 training [time: 2.05s, train loss: -1.1006]
20 Oct 14:54    INFO  epoch 66 evaluating [time: 9.17s, valid_score: 0.060500]
20 Oct 14:54    INFO  valid result: 
recall@10 : 0.0892    recall@20 : 0.1267    recall@50 : 0.185    ndcg@10 : 0.0507    ndcg@20 : 0.0605    ndcg@50 : 0.0725    
20 Oct 14:54    INFO  Saving current best: saved/DirectAU-Oct-20-2023_14-41-41.pth
20 Oct 14:54    INFO  epoch 67 training [time: 1.99s, train loss: -1.1020]
20 Oct 14:54    INFO  epoch 67 evaluating [time: 9.15s, valid_score: 0.060700]
20 Oct 14:54    INFO  valid result: 
recall@10 : 0.0892    recall@20 : 0.1265    recall@50 : 0.1867    ndcg@10 : 0.0509    ndcg@20 : 0.0607    ndcg@50 : 0.073    
20 Oct 14:54    INFO  Saving current best: saved/DirectAU-Oct-20-2023_14-41-41.pth
20 Oct 14:54    INFO  epoch 68 training [time: 2.08s, train loss: -1.1029]
20 Oct 14:54    INFO  epoch 68 evaluating [time: 9.17s, valid_score: 0.060700]
20 Oct 14:54    INFO  valid result: 
recall@10 : 0.0886    recall@20 : 0.1267    recall@50 : 0.1877    ndcg@10 : 0.0508    ndcg@20 : 0.0607    ndcg@50 : 0.0733    
20 Oct 14:54    INFO  epoch 69 training [time: 1.76s, train loss: -1.1041]
20 Oct 14:54    INFO  epoch 69 evaluating [time: 9.05s, valid_score: 0.060600]
20 Oct 14:54    INFO  valid result: 
recall@10 : 0.0891    recall@20 : 0.1271    recall@50 : 0.1874    ndcg@10 : 0.0506    ndcg@20 : 0.0606    ndcg@50 : 0.073    
20 Oct 14:54    INFO  epoch 70 training [time: 1.79s, train loss: -1.1057]
20 Oct 14:54    INFO  epoch 70 evaluating [time: 9.25s, valid_score: 0.061100]
20 Oct 14:54    INFO  valid result: 
recall@10 : 0.0891    recall@20 : 0.1282    recall@50 : 0.1881    ndcg@10 : 0.0509    ndcg@20 : 0.0611    ndcg@50 : 0.0734    
20 Oct 14:54    INFO  Saving current best: saved/DirectAU-Oct-20-2023_14-41-41.pth
20 Oct 14:55    INFO  epoch 71 training [time: 2.00s, train loss: -1.1063]
20 Oct 14:55    INFO  epoch 71 evaluating [time: 9.11s, valid_score: 0.061100]
20 Oct 14:55    INFO  valid result: 
recall@10 : 0.089    recall@20 : 0.1285    recall@50 : 0.1888    ndcg@10 : 0.0508    ndcg@20 : 0.0611    ndcg@50 : 0.0735    
20 Oct 14:55    INFO  epoch 72 training [time: 2.14s, train loss: -1.1072]
20 Oct 14:55    INFO  epoch 72 evaluating [time: 9.00s, valid_score: 0.061000]
20 Oct 14:55    INFO  valid result: 
recall@10 : 0.0894    recall@20 : 0.127    recall@50 : 0.1886    ndcg@10 : 0.0512    ndcg@20 : 0.061    ndcg@50 : 0.0737    
20 Oct 14:55    INFO  epoch 73 training [time: 2.04s, train loss: -1.1080]
20 Oct 14:55    INFO  epoch 73 evaluating [time: 9.11s, valid_score: 0.061500]
20 Oct 14:55    INFO  valid result: 
recall@10 : 0.0903    recall@20 : 0.1298    recall@50 : 0.1893    ndcg@10 : 0.0512    ndcg@20 : 0.0615    ndcg@50 : 0.0737    
20 Oct 14:55    INFO  Saving current best: saved/DirectAU-Oct-20-2023_14-41-41.pth
20 Oct 14:55    INFO  epoch 74 training [time: 1.98s, train loss: -1.1087]
20 Oct 14:55    INFO  epoch 74 evaluating [time: 8.93s, valid_score: 0.061600]
20 Oct 14:55    INFO  valid result: 
recall@10 : 0.0902    recall@20 : 0.1297    recall@50 : 0.1896    ndcg@10 : 0.0512    ndcg@20 : 0.0616    ndcg@50 : 0.0739    
20 Oct 14:55    INFO  Saving current best: saved/DirectAU-Oct-20-2023_14-41-41.pth
20 Oct 14:55    INFO  epoch 75 training [time: 2.08s, train loss: -1.1094]
20 Oct 14:55    INFO  epoch 75 evaluating [time: 9.20s, valid_score: 0.061500]
20 Oct 14:55    INFO  valid result: 
recall@10 : 0.0904    recall@20 : 0.13    recall@50 : 0.1902    ndcg@10 : 0.0512    ndcg@20 : 0.0615    ndcg@50 : 0.0739    
20 Oct 14:55    INFO  epoch 76 training [time: 2.04s, train loss: -1.1107]
20 Oct 14:56    INFO  epoch 76 evaluating [time: 9.30s, valid_score: 0.061900]
20 Oct 14:56    INFO  valid result: 
recall@10 : 0.0902    recall@20 : 0.1297    recall@50 : 0.1904    ndcg@10 : 0.0516    ndcg@20 : 0.0619    ndcg@50 : 0.0744    
20 Oct 14:56    INFO  Saving current best: saved/DirectAU-Oct-20-2023_14-41-41.pth
20 Oct 14:56    INFO  epoch 77 training [time: 2.06s, train loss: -1.1111]
20 Oct 14:56    INFO  epoch 77 evaluating [time: 9.19s, valid_score: 0.061800]
20 Oct 14:56    INFO  valid result: 
recall@10 : 0.0901    recall@20 : 0.1295    recall@50 : 0.1901    ndcg@10 : 0.0515    ndcg@20 : 0.0618    ndcg@50 : 0.0743    
20 Oct 14:56    INFO  epoch 78 training [time: 2.05s, train loss: -1.1119]
20 Oct 14:56    INFO  epoch 78 evaluating [time: 9.12s, valid_score: 0.062100]
20 Oct 14:56    INFO  valid result: 
recall@10 : 0.0906    recall@20 : 0.1305    recall@50 : 0.1909    ndcg@10 : 0.0517    ndcg@20 : 0.0621    ndcg@50 : 0.0745    
20 Oct 14:56    INFO  Saving current best: saved/DirectAU-Oct-20-2023_14-41-41.pth
20 Oct 14:56    INFO  epoch 79 training [time: 2.12s, train loss: -1.1123]
20 Oct 14:56    INFO  epoch 79 evaluating [time: 10.06s, valid_score: 0.061900]
20 Oct 14:56    INFO  valid result: 
recall@10 : 0.0915    recall@20 : 0.1296    recall@50 : 0.1907    ndcg@10 : 0.0519    ndcg@20 : 0.0619    ndcg@50 : 0.0745    
20 Oct 14:56    INFO  epoch 80 training [time: 1.86s, train loss: -1.1136]
20 Oct 14:56    INFO  epoch 80 evaluating [time: 11.34s, valid_score: 0.062200]
20 Oct 14:56    INFO  valid result: 
recall@10 : 0.0913    recall@20 : 0.1305    recall@50 : 0.1915    ndcg@10 : 0.052    ndcg@20 : 0.0622    ndcg@50 : 0.0747    
20 Oct 14:56    INFO  Saving current best: saved/DirectAU-Oct-20-2023_14-41-41.pth
20 Oct 14:56    INFO  epoch 81 training [time: 2.08s, train loss: -1.1138]
20 Oct 14:57    INFO  epoch 81 evaluating [time: 9.97s, valid_score: 0.062200]
20 Oct 14:57    INFO  valid result: 
recall@10 : 0.091    recall@20 : 0.1315    recall@50 : 0.1913    ndcg@10 : 0.0516    ndcg@20 : 0.0622    ndcg@50 : 0.0745    
20 Oct 14:57    INFO  epoch 82 training [time: 2.07s, train loss: -1.1146]
20 Oct 14:57    INFO  epoch 82 evaluating [time: 9.72s, valid_score: 0.062300]
20 Oct 14:57    INFO  valid result: 
recall@10 : 0.0904    recall@20 : 0.131    recall@50 : 0.1918    ndcg@10 : 0.0517    ndcg@20 : 0.0623    ndcg@50 : 0.0748    
20 Oct 14:57    INFO  Saving current best: saved/DirectAU-Oct-20-2023_14-41-41.pth
20 Oct 14:57    INFO  epoch 83 training [time: 2.15s, train loss: -1.1149]
20 Oct 14:57    INFO  epoch 83 evaluating [time: 9.59s, valid_score: 0.062400]
20 Oct 14:57    INFO  valid result: 
recall@10 : 0.0912    recall@20 : 0.1312    recall@50 : 0.1921    ndcg@10 : 0.0519    ndcg@20 : 0.0624    ndcg@50 : 0.0748    
20 Oct 14:57    INFO  Saving current best: saved/DirectAU-Oct-20-2023_14-41-41.pth
20 Oct 14:57    INFO  epoch 84 training [time: 2.03s, train loss: -1.1156]
20 Oct 14:57    INFO  epoch 84 evaluating [time: 8.98s, valid_score: 0.062700]
20 Oct 14:57    INFO  valid result: 
recall@10 : 0.092    recall@20 : 0.1309    recall@50 : 0.1936    ndcg@10 : 0.0525    ndcg@20 : 0.0627    ndcg@50 : 0.0755    
20 Oct 14:57    INFO  Saving current best: saved/DirectAU-Oct-20-2023_14-41-41.pth
20 Oct 14:57    INFO  epoch 85 training [time: 2.07s, train loss: -1.1161]
20 Oct 14:57    INFO  epoch 85 evaluating [time: 8.97s, valid_score: 0.062100]
20 Oct 14:57    INFO  valid result: 
recall@10 : 0.0916    recall@20 : 0.1306    recall@50 : 0.1923    ndcg@10 : 0.0519    ndcg@20 : 0.0621    ndcg@50 : 0.0748    
20 Oct 14:57    INFO  epoch 86 training [time: 2.07s, train loss: -1.1167]
20 Oct 14:58    INFO  epoch 86 evaluating [time: 9.10s, valid_score: 0.062400]
20 Oct 14:58    INFO  valid result: 
recall@10 : 0.092    recall@20 : 0.1314    recall@50 : 0.1934    ndcg@10 : 0.0521    ndcg@20 : 0.0624    ndcg@50 : 0.0751    
20 Oct 14:58    INFO  epoch 87 training [time: 2.07s, train loss: -1.1170]
20 Oct 14:58    INFO  epoch 87 evaluating [time: 9.15s, valid_score: 0.062500]
20 Oct 14:58    INFO  valid result: 
recall@10 : 0.0917    recall@20 : 0.1314    recall@50 : 0.1944    ndcg@10 : 0.0521    ndcg@20 : 0.0625    ndcg@50 : 0.0754    
20 Oct 14:58    INFO  epoch 88 training [time: 2.00s, train loss: -1.1174]
20 Oct 14:58    INFO  epoch 88 evaluating [time: 9.08s, valid_score: 0.062700]
20 Oct 14:58    INFO  valid result: 
recall@10 : 0.0918    recall@20 : 0.1322    recall@50 : 0.194    ndcg@10 : 0.0522    ndcg@20 : 0.0627    ndcg@50 : 0.0754    
20 Oct 14:58    INFO  epoch 89 training [time: 2.09s, train loss: -1.1177]
20 Oct 14:58    INFO  epoch 89 evaluating [time: 8.94s, valid_score: 0.062800]
20 Oct 14:58    INFO  valid result: 
recall@10 : 0.0914    recall@20 : 0.1324    recall@50 : 0.1941    ndcg@10 : 0.0521    ndcg@20 : 0.0628    ndcg@50 : 0.0754    
20 Oct 14:58    INFO  Saving current best: saved/DirectAU-Oct-20-2023_14-41-41.pth
20 Oct 14:58    INFO  epoch 90 training [time: 2.07s, train loss: -1.1180]
20 Oct 14:58    INFO  epoch 90 evaluating [time: 9.13s, valid_score: 0.062700]
20 Oct 14:58    INFO  valid result: 
recall@10 : 0.0926    recall@20 : 0.1319    recall@50 : 0.1939    ndcg@10 : 0.0525    ndcg@20 : 0.0627    ndcg@50 : 0.0754    
20 Oct 14:58    INFO  epoch 91 training [time: 2.10s, train loss: -1.1183]
20 Oct 14:58    INFO  epoch 91 evaluating [time: 9.17s, valid_score: 0.062600]
20 Oct 14:58    INFO  valid result: 
recall@10 : 0.0927    recall@20 : 0.1325    recall@50 : 0.1948    ndcg@10 : 0.0522    ndcg@20 : 0.0626    ndcg@50 : 0.0753    
20 Oct 14:58    INFO  epoch 92 training [time: 2.07s, train loss: -1.1187]
20 Oct 14:59    INFO  epoch 92 evaluating [time: 9.17s, valid_score: 0.063200]
20 Oct 14:59    INFO  valid result: 
recall@10 : 0.093    recall@20 : 0.1329    recall@50 : 0.194    ndcg@10 : 0.0528    ndcg@20 : 0.0632    ndcg@50 : 0.0757    
20 Oct 14:59    INFO  Saving current best: saved/DirectAU-Oct-20-2023_14-41-41.pth
20 Oct 14:59    INFO  epoch 93 training [time: 2.06s, train loss: -1.1192]
20 Oct 14:59    INFO  epoch 93 evaluating [time: 9.04s, valid_score: 0.063000]
20 Oct 14:59    INFO  valid result: 
recall@10 : 0.0925    recall@20 : 0.1318    recall@50 : 0.1954    ndcg@10 : 0.0527    ndcg@20 : 0.063    ndcg@50 : 0.076    
20 Oct 14:59    INFO  epoch 94 training [time: 2.00s, train loss: -1.1194]
20 Oct 14:59    INFO  epoch 94 evaluating [time: 9.13s, valid_score: 0.063200]
20 Oct 14:59    INFO  valid result: 
recall@10 : 0.0932    recall@20 : 0.1321    recall@50 : 0.1949    ndcg@10 : 0.053    ndcg@20 : 0.0632    ndcg@50 : 0.0761    
20 Oct 14:59    INFO  epoch 95 training [time: 2.08s, train loss: -1.1199]
20 Oct 14:59    INFO  epoch 95 evaluating [time: 9.15s, valid_score: 0.063000]
20 Oct 14:59    INFO  valid result: 
recall@10 : 0.0932    recall@20 : 0.1321    recall@50 : 0.1952    ndcg@10 : 0.0528    ndcg@20 : 0.063    ndcg@50 : 0.0759    
20 Oct 14:59    INFO  epoch 96 training [time: 2.06s, train loss: -1.1202]
20 Oct 14:59    INFO  epoch 96 evaluating [time: 9.34s, valid_score: 0.063500]
20 Oct 14:59    INFO  valid result: 
recall@10 : 0.0936    recall@20 : 0.1331    recall@50 : 0.1944    ndcg@10 : 0.0533    ndcg@20 : 0.0635    ndcg@50 : 0.0761    
20 Oct 14:59    INFO  Saving current best: saved/DirectAU-Oct-20-2023_14-41-41.pth
20 Oct 14:59    INFO  epoch 97 training [time: 2.06s, train loss: -1.1205]
20 Oct 15:00    INFO  epoch 97 evaluating [time: 9.01s, valid_score: 0.063000]
20 Oct 15:00    INFO  valid result: 
recall@10 : 0.0943    recall@20 : 0.133    recall@50 : 0.1951    ndcg@10 : 0.0529    ndcg@20 : 0.063    ndcg@50 : 0.0758    
20 Oct 15:00    INFO  epoch 98 training [time: 2.08s, train loss: -1.1210]
20 Oct 15:00    INFO  epoch 98 evaluating [time: 9.29s, valid_score: 0.063500]
20 Oct 15:00    INFO  valid result: 
recall@10 : 0.094    recall@20 : 0.1337    recall@50 : 0.1959    ndcg@10 : 0.0532    ndcg@20 : 0.0635    ndcg@50 : 0.0763    
20 Oct 15:00    INFO  epoch 99 training [time: 2.06s, train loss: -1.1203]
20 Oct 15:00    INFO  epoch 99 evaluating [time: 9.16s, valid_score: 0.063600]
20 Oct 15:00    INFO  valid result: 
recall@10 : 0.094    recall@20 : 0.1331    recall@50 : 0.1941    ndcg@10 : 0.0534    ndcg@20 : 0.0636    ndcg@50 : 0.0762    
20 Oct 15:00    INFO  Saving current best: saved/DirectAU-Oct-20-2023_14-41-41.pth
20 Oct 15:00    INFO  epoch 100 training [time: 2.06s, train loss: -1.1209]
20 Oct 15:00    INFO  epoch 100 evaluating [time: 9.35s, valid_score: 0.063400]
20 Oct 15:00    INFO  valid result: 
recall@10 : 0.0943    recall@20 : 0.1325    recall@50 : 0.1957    ndcg@10 : 0.0535    ndcg@20 : 0.0634    ndcg@50 : 0.0764    
20 Oct 15:00    INFO  epoch 101 training [time: 2.08s, train loss: -1.1213]
20 Oct 15:00    INFO  epoch 101 evaluating [time: 9.10s, valid_score: 0.063800]
20 Oct 15:00    INFO  valid result: 
recall@10 : 0.0937    recall@20 : 0.134    recall@50 : 0.1958    ndcg@10 : 0.0533    ndcg@20 : 0.0638    ndcg@50 : 0.0765    
20 Oct 15:00    INFO  Saving current best: saved/DirectAU-Oct-20-2023_14-41-41.pth
20 Oct 15:00    INFO  epoch 102 training [time: 2.10s, train loss: -1.1217]
20 Oct 15:01    INFO  epoch 102 evaluating [time: 9.23s, valid_score: 0.063600]
20 Oct 15:01    INFO  valid result: 
recall@10 : 0.0945    recall@20 : 0.1333    recall@50 : 0.1962    ndcg@10 : 0.0535    ndcg@20 : 0.0636    ndcg@50 : 0.0765    
20 Oct 15:01    INFO  epoch 103 training [time: 2.04s, train loss: -1.1223]
20 Oct 15:01    INFO  epoch 103 evaluating [time: 9.07s, valid_score: 0.063700]
20 Oct 15:01    INFO  valid result: 
recall@10 : 0.094    recall@20 : 0.1331    recall@50 : 0.1962    ndcg@10 : 0.0535    ndcg@20 : 0.0637    ndcg@50 : 0.0766    
20 Oct 15:01    INFO  epoch 104 training [time: 2.01s, train loss: -1.1220]
20 Oct 15:01    INFO  epoch 104 evaluating [time: 9.17s, valid_score: 0.063700]
20 Oct 15:01    INFO  valid result: 
recall@10 : 0.0943    recall@20 : 0.1328    recall@50 : 0.196    ndcg@10 : 0.0536    ndcg@20 : 0.0637    ndcg@50 : 0.0767    
20 Oct 15:01    INFO  epoch 105 training [time: 2.07s, train loss: -1.1225]
20 Oct 15:01    INFO  epoch 105 evaluating [time: 9.07s, valid_score: 0.063800]
20 Oct 15:01    INFO  valid result: 
recall@10 : 0.0931    recall@20 : 0.1333    recall@50 : 0.1975    ndcg@10 : 0.0533    ndcg@20 : 0.0638    ndcg@50 : 0.077    
20 Oct 15:01    INFO  epoch 106 training [time: 1.76s, train loss: -1.1231]
20 Oct 15:01    INFO  epoch 106 evaluating [time: 9.05s, valid_score: 0.063900]
20 Oct 15:01    INFO  valid result: 
recall@10 : 0.0942    recall@20 : 0.1337    recall@50 : 0.1966    ndcg@10 : 0.0536    ndcg@20 : 0.0639    ndcg@50 : 0.0768    
20 Oct 15:01    INFO  Saving current best: saved/DirectAU-Oct-20-2023_14-41-41.pth
20 Oct 15:01    INFO  epoch 107 training [time: 1.99s, train loss: -1.1224]
20 Oct 15:01    INFO  epoch 107 evaluating [time: 9.41s, valid_score: 0.063800]
20 Oct 15:01    INFO  valid result: 
recall@10 : 0.0946    recall@20 : 0.1335    recall@50 : 0.1971    ndcg@10 : 0.0537    ndcg@20 : 0.0638    ndcg@50 : 0.0769    
20 Oct 15:01    INFO  epoch 108 training [time: 2.01s, train loss: -1.1231]
20 Oct 15:02    INFO  epoch 108 evaluating [time: 9.13s, valid_score: 0.063700]
20 Oct 15:02    INFO  valid result: 
recall@10 : 0.0944    recall@20 : 0.1342    recall@50 : 0.1978    ndcg@10 : 0.0534    ndcg@20 : 0.0637    ndcg@50 : 0.0768    
20 Oct 15:02    INFO  epoch 109 training [time: 2.08s, train loss: -1.1231]
20 Oct 15:02    INFO  epoch 109 evaluating [time: 9.24s, valid_score: 0.063800]
20 Oct 15:02    INFO  valid result: 
recall@10 : 0.0939    recall@20 : 0.1344    recall@50 : 0.1971    ndcg@10 : 0.0532    ndcg@20 : 0.0638    ndcg@50 : 0.0767    
20 Oct 15:02    INFO  epoch 110 training [time: 2.14s, train loss: -1.1232]
20 Oct 15:02    INFO  epoch 110 evaluating [time: 9.24s, valid_score: 0.063600]
20 Oct 15:02    INFO  valid result: 
recall@10 : 0.0942    recall@20 : 0.1344    recall@50 : 0.198    ndcg@10 : 0.053    ndcg@20 : 0.0636    ndcg@50 : 0.0766    
20 Oct 15:02    INFO  epoch 111 training [time: 1.80s, train loss: -1.1238]
20 Oct 15:02    INFO  epoch 111 evaluating [time: 9.18s, valid_score: 0.064100]
20 Oct 15:02    INFO  valid result: 
recall@10 : 0.0938    recall@20 : 0.1353    recall@50 : 0.1977    ndcg@10 : 0.0533    ndcg@20 : 0.0641    ndcg@50 : 0.0769    
20 Oct 15:02    INFO  Saving current best: saved/DirectAU-Oct-20-2023_14-41-41.pth
20 Oct 15:02    INFO  epoch 112 training [time: 2.07s, train loss: -1.1237]
20 Oct 15:02    INFO  epoch 112 evaluating [time: 9.27s, valid_score: 0.064100]
20 Oct 15:02    INFO  valid result: 
recall@10 : 0.0937    recall@20 : 0.135    recall@50 : 0.1974    ndcg@10 : 0.0533    ndcg@20 : 0.0641    ndcg@50 : 0.0769    
20 Oct 15:02    INFO  epoch 113 training [time: 2.09s, train loss: -1.1241]
20 Oct 15:03    INFO  epoch 113 evaluating [time: 9.15s, valid_score: 0.064400]
20 Oct 15:03    INFO  valid result: 
recall@10 : 0.0948    recall@20 : 0.1349    recall@50 : 0.1986    ndcg@10 : 0.054    ndcg@20 : 0.0644    ndcg@50 : 0.0775    
20 Oct 15:03    INFO  Saving current best: saved/DirectAU-Oct-20-2023_14-41-41.pth
20 Oct 15:03    INFO  epoch 114 training [time: 2.04s, train loss: -1.1244]
20 Oct 15:03    INFO  epoch 114 evaluating [time: 9.08s, valid_score: 0.064200]
20 Oct 15:03    INFO  valid result: 
recall@10 : 0.0954    recall@20 : 0.1352    recall@50 : 0.1978    ndcg@10 : 0.0539    ndcg@20 : 0.0642    ndcg@50 : 0.077    
20 Oct 15:03    INFO  epoch 115 training [time: 2.09s, train loss: -1.1245]
20 Oct 15:03    INFO  epoch 115 evaluating [time: 9.40s, valid_score: 0.064100]
20 Oct 15:03    INFO  valid result: 
recall@10 : 0.0951    recall@20 : 0.1346    recall@50 : 0.1979    ndcg@10 : 0.0538    ndcg@20 : 0.0641    ndcg@50 : 0.0771    
20 Oct 15:03    INFO  epoch 116 training [time: 2.12s, train loss: -1.1246]
20 Oct 15:03    INFO  epoch 116 evaluating [time: 9.07s, valid_score: 0.064200]
20 Oct 15:03    INFO  valid result: 
recall@10 : 0.0955    recall@20 : 0.135    recall@50 : 0.1986    ndcg@10 : 0.054    ndcg@20 : 0.0642    ndcg@50 : 0.0773    
20 Oct 15:03    INFO  epoch 117 training [time: 2.00s, train loss: -1.1242]
20 Oct 15:03    INFO  epoch 117 evaluating [time: 9.30s, valid_score: 0.064200]
20 Oct 15:03    INFO  valid result: 
recall@10 : 0.095    recall@20 : 0.1351    recall@50 : 0.1985    ndcg@10 : 0.0537    ndcg@20 : 0.0642    ndcg@50 : 0.0772    
20 Oct 15:03    INFO  epoch 118 training [time: 2.00s, train loss: -1.1244]
20 Oct 15:04    INFO  epoch 118 evaluating [time: 9.22s, valid_score: 0.064500]
20 Oct 15:04    INFO  valid result: 
recall@10 : 0.0955    recall@20 : 0.1349    recall@50 : 0.198    ndcg@10 : 0.0543    ndcg@20 : 0.0645    ndcg@50 : 0.0775    
20 Oct 15:04    INFO  Saving current best: saved/DirectAU-Oct-20-2023_14-41-41.pth
20 Oct 15:04    INFO  epoch 119 training [time: 2.09s, train loss: -1.1248]
20 Oct 15:04    INFO  epoch 119 evaluating [time: 9.14s, valid_score: 0.064900]
20 Oct 15:04    INFO  valid result: 
recall@10 : 0.0954    recall@20 : 0.1361    recall@50 : 0.1985    ndcg@10 : 0.0543    ndcg@20 : 0.0649    ndcg@50 : 0.0776    
20 Oct 15:04    INFO  Saving current best: saved/DirectAU-Oct-20-2023_14-41-41.pth
20 Oct 15:04    INFO  epoch 120 training [time: 2.08s, train loss: -1.1248]
20 Oct 15:04    INFO  epoch 120 evaluating [time: 9.02s, valid_score: 0.064600]
20 Oct 15:04    INFO  valid result: 
recall@10 : 0.0952    recall@20 : 0.1355    recall@50 : 0.1986    ndcg@10 : 0.0541    ndcg@20 : 0.0646    ndcg@50 : 0.0776    
20 Oct 15:04    INFO  epoch 121 training [time: 2.06s, train loss: -1.1252]
20 Oct 15:04    INFO  epoch 121 evaluating [time: 9.24s, valid_score: 0.064700]
20 Oct 15:04    INFO  valid result: 
recall@10 : 0.0955    recall@20 : 0.1358    recall@50 : 0.1987    ndcg@10 : 0.0542    ndcg@20 : 0.0647    ndcg@50 : 0.0776    
20 Oct 15:04    INFO  epoch 122 training [time: 2.04s, train loss: -1.1256]
20 Oct 15:04    INFO  epoch 122 evaluating [time: 8.98s, valid_score: 0.064600]
20 Oct 15:04    INFO  valid result: 
recall@10 : 0.0954    recall@20 : 0.1359    recall@50 : 0.1978    ndcg@10 : 0.054    ndcg@20 : 0.0646    ndcg@50 : 0.0772    
20 Oct 15:04    INFO  epoch 123 training [time: 2.02s, train loss: -1.1252]
20 Oct 15:05    INFO  epoch 123 evaluating [time: 9.23s, valid_score: 0.064600]
20 Oct 15:05    INFO  valid result: 
recall@10 : 0.0956    recall@20 : 0.1359    recall@50 : 0.199    ndcg@10 : 0.0541    ndcg@20 : 0.0646    ndcg@50 : 0.0775    
20 Oct 15:05    INFO  epoch 124 training [time: 1.89s, train loss: -1.1258]
20 Oct 15:05    INFO  epoch 124 evaluating [time: 9.36s, valid_score: 0.064800]
20 Oct 15:05    INFO  valid result: 
recall@10 : 0.0956    recall@20 : 0.1357    recall@50 : 0.1977    ndcg@10 : 0.0543    ndcg@20 : 0.0648    ndcg@50 : 0.0775    
20 Oct 15:05    INFO  epoch 125 training [time: 2.04s, train loss: -1.1256]
20 Oct 15:05    INFO  epoch 125 evaluating [time: 9.10s, valid_score: 0.064700]
20 Oct 15:05    INFO  valid result: 
recall@10 : 0.0953    recall@20 : 0.1364    recall@50 : 0.1981    ndcg@10 : 0.054    ndcg@20 : 0.0647    ndcg@50 : 0.0774    
20 Oct 15:05    INFO  epoch 126 training [time: 2.00s, train loss: -1.1256]
20 Oct 15:05    INFO  epoch 126 evaluating [time: 9.28s, valid_score: 0.064700]
20 Oct 15:05    INFO  valid result: 
recall@10 : 0.0952    recall@20 : 0.1359    recall@50 : 0.1987    ndcg@10 : 0.0541    ndcg@20 : 0.0647    ndcg@50 : 0.0776    
20 Oct 15:05    INFO  epoch 127 training [time: 1.77s, train loss: -1.1258]
20 Oct 15:05    INFO  epoch 127 evaluating [time: 9.16s, valid_score: 0.065000]
20 Oct 15:05    INFO  valid result: 
recall@10 : 0.0956    recall@20 : 0.136    recall@50 : 0.1991    ndcg@10 : 0.0544    ndcg@20 : 0.065    ndcg@50 : 0.0779    
20 Oct 15:05    INFO  Saving current best: saved/DirectAU-Oct-20-2023_14-41-41.pth
20 Oct 15:05    INFO  epoch 128 training [time: 2.09s, train loss: -1.1260]
20 Oct 15:05    INFO  epoch 128 evaluating [time: 9.41s, valid_score: 0.064900]
20 Oct 15:05    INFO  valid result: 
recall@10 : 0.0951    recall@20 : 0.1356    recall@50 : 0.1994    ndcg@10 : 0.0542    ndcg@20 : 0.0649    ndcg@50 : 0.0779    
20 Oct 15:05    INFO  epoch 129 training [time: 2.06s, train loss: -1.1261]
20 Oct 15:06    INFO  epoch 129 evaluating [time: 9.14s, valid_score: 0.065400]
20 Oct 15:06    INFO  valid result: 
recall@10 : 0.0961    recall@20 : 0.1367    recall@50 : 0.1996    ndcg@10 : 0.0548    ndcg@20 : 0.0654    ndcg@50 : 0.0782    
20 Oct 15:06    INFO  Saving current best: saved/DirectAU-Oct-20-2023_14-41-41.pth
20 Oct 15:06    INFO  epoch 130 training [time: 1.90s, train loss: -1.1263]
20 Oct 15:06    INFO  epoch 130 evaluating [time: 9.10s, valid_score: 0.065200]
20 Oct 15:06    INFO  valid result: 
recall@10 : 0.0953    recall@20 : 0.1352    recall@50 : 0.1993    ndcg@10 : 0.0547    ndcg@20 : 0.0652    ndcg@50 : 0.0783    
20 Oct 15:06    INFO  epoch 131 training [time: 2.01s, train loss: -1.1263]
20 Oct 15:06    INFO  epoch 131 evaluating [time: 9.05s, valid_score: 0.065300]
20 Oct 15:06    INFO  valid result: 
recall@10 : 0.0968    recall@20 : 0.1359    recall@50 : 0.1998    ndcg@10 : 0.0551    ndcg@20 : 0.0653    ndcg@50 : 0.0784    
20 Oct 15:06    INFO  epoch 132 training [time: 2.02s, train loss: -1.1267]
20 Oct 15:06    INFO  epoch 132 evaluating [time: 9.21s, valid_score: 0.065000]
20 Oct 15:06    INFO  valid result: 
recall@10 : 0.0962    recall@20 : 0.136    recall@50 : 0.1998    ndcg@10 : 0.0546    ndcg@20 : 0.065    ndcg@50 : 0.078    
20 Oct 15:06    INFO  epoch 133 training [time: 2.09s, train loss: -1.1262]
20 Oct 15:06    INFO  epoch 133 evaluating [time: 8.99s, valid_score: 0.065400]
20 Oct 15:06    INFO  valid result: 
recall@10 : 0.0968    recall@20 : 0.1368    recall@50 : 0.1996    ndcg@10 : 0.055    ndcg@20 : 0.0654    ndcg@50 : 0.0783    
20 Oct 15:06    INFO  epoch 134 training [time: 2.01s, train loss: -1.1268]
20 Oct 15:07    INFO  epoch 134 evaluating [time: 9.41s, valid_score: 0.065500]
20 Oct 15:07    INFO  valid result: 
recall@10 : 0.0967    recall@20 : 0.1368    recall@50 : 0.1999    ndcg@10 : 0.055    ndcg@20 : 0.0655    ndcg@50 : 0.0784    
20 Oct 15:07    INFO  Saving current best: saved/DirectAU-Oct-20-2023_14-41-41.pth
20 Oct 15:07    INFO  epoch 135 training [time: 2.03s, train loss: -1.1268]
20 Oct 15:07    INFO  epoch 135 evaluating [time: 9.62s, valid_score: 0.065300]
20 Oct 15:07    INFO  valid result: 
recall@10 : 0.096    recall@20 : 0.1367    recall@50 : 0.1998    ndcg@10 : 0.0547    ndcg@20 : 0.0653    ndcg@50 : 0.0782    
20 Oct 15:07    INFO  epoch 136 training [time: 2.03s, train loss: -1.1273]
20 Oct 15:07    INFO  epoch 136 evaluating [time: 9.48s, valid_score: 0.065300]
20 Oct 15:07    INFO  valid result: 
recall@10 : 0.0963    recall@20 : 0.1373    recall@50 : 0.1987    ndcg@10 : 0.0546    ndcg@20 : 0.0653    ndcg@50 : 0.0779    
20 Oct 15:07    INFO  epoch 137 training [time: 2.17s, train loss: -1.1267]
20 Oct 15:07    INFO  epoch 137 evaluating [time: 8.95s, valid_score: 0.065700]
20 Oct 15:07    INFO  valid result: 
recall@10 : 0.0969    recall@20 : 0.1371    recall@50 : 0.199    ndcg@10 : 0.0552    ndcg@20 : 0.0657    ndcg@50 : 0.0784    
20 Oct 15:07    INFO  Saving current best: saved/DirectAU-Oct-20-2023_14-41-41.pth
20 Oct 15:07    INFO  epoch 138 training [time: 2.19s, train loss: -1.1268]
20 Oct 15:07    INFO  epoch 138 evaluating [time: 9.28s, valid_score: 0.065700]
20 Oct 15:07    INFO  valid result: 
recall@10 : 0.0968    recall@20 : 0.1373    recall@50 : 0.2004    ndcg@10 : 0.0551    ndcg@20 : 0.0657    ndcg@50 : 0.0786    
20 Oct 15:07    INFO  epoch 139 training [time: 2.08s, train loss: -1.1270]
20 Oct 15:08    INFO  epoch 139 evaluating [time: 9.12s, valid_score: 0.065800]
20 Oct 15:08    INFO  valid result: 
recall@10 : 0.0969    recall@20 : 0.1377    recall@50 : 0.2002    ndcg@10 : 0.0551    ndcg@20 : 0.0658    ndcg@50 : 0.0786    
20 Oct 15:08    INFO  Saving current best: saved/DirectAU-Oct-20-2023_14-41-41.pth
20 Oct 15:08    INFO  epoch 140 training [time: 2.08s, train loss: -1.1271]
20 Oct 15:08    INFO  epoch 140 evaluating [time: 9.15s, valid_score: 0.065500]
20 Oct 15:08    INFO  valid result: 
recall@10 : 0.0975    recall@20 : 0.1377    recall@50 : 0.2004    ndcg@10 : 0.055    ndcg@20 : 0.0655    ndcg@50 : 0.0783    
20 Oct 15:08    INFO  epoch 141 training [time: 2.12s, train loss: -1.1273]
20 Oct 15:08    INFO  epoch 141 evaluating [time: 9.22s, valid_score: 0.065400]
20 Oct 15:08    INFO  valid result: 
recall@10 : 0.0974    recall@20 : 0.1372    recall@50 : 0.2012    ndcg@10 : 0.0551    ndcg@20 : 0.0654    ndcg@50 : 0.0785    
20 Oct 15:08    INFO  epoch 142 training [time: 2.07s, train loss: -1.1275]
20 Oct 15:08    INFO  epoch 142 evaluating [time: 9.34s, valid_score: 0.065500]
20 Oct 15:08    INFO  valid result: 
recall@10 : 0.0967    recall@20 : 0.1367    recall@50 : 0.2007    ndcg@10 : 0.055    ndcg@20 : 0.0655    ndcg@50 : 0.0786    
20 Oct 15:08    INFO  epoch 143 training [time: 2.00s, train loss: -1.1275]
20 Oct 15:08    INFO  epoch 143 evaluating [time: 9.35s, valid_score: 0.065700]
20 Oct 15:08    INFO  valid result: 
recall@10 : 0.0976    recall@20 : 0.1373    recall@50 : 0.2004    ndcg@10 : 0.0553    ndcg@20 : 0.0657    ndcg@50 : 0.0787    
20 Oct 15:08    INFO  epoch 144 training [time: 2.00s, train loss: -1.1279]
20 Oct 15:08    INFO  epoch 144 evaluating [time: 9.30s, valid_score: 0.066200]
20 Oct 15:08    INFO  valid result: 
recall@10 : 0.0987    recall@20 : 0.1386    recall@50 : 0.2012    ndcg@10 : 0.0558    ndcg@20 : 0.0662    ndcg@50 : 0.079    
20 Oct 15:08    INFO  Saving current best: saved/DirectAU-Oct-20-2023_14-41-41.pth
20 Oct 15:09    INFO  epoch 145 training [time: 2.08s, train loss: -1.1278]
20 Oct 15:09    INFO  epoch 145 evaluating [time: 9.29s, valid_score: 0.066000]
20 Oct 15:09    INFO  valid result: 
recall@10 : 0.0985    recall@20 : 0.1384    recall@50 : 0.2014    ndcg@10 : 0.0556    ndcg@20 : 0.066    ndcg@50 : 0.0789    
20 Oct 15:09    INFO  epoch 146 training [time: 1.96s, train loss: -1.1279]
20 Oct 15:09    INFO  epoch 146 evaluating [time: 9.09s, valid_score: 0.065900]
20 Oct 15:09    INFO  valid result: 
recall@10 : 0.0981    recall@20 : 0.1382    recall@50 : 0.2003    ndcg@10 : 0.0555    ndcg@20 : 0.0659    ndcg@50 : 0.0787    
20 Oct 15:09    INFO  epoch 147 training [time: 1.78s, train loss: -1.1278]
20 Oct 15:09    INFO  epoch 147 evaluating [time: 9.13s, valid_score: 0.065700]
20 Oct 15:09    INFO  valid result: 
recall@10 : 0.098    recall@20 : 0.1374    recall@50 : 0.2004    ndcg@10 : 0.0554    ndcg@20 : 0.0657    ndcg@50 : 0.0786    
20 Oct 15:09    INFO  epoch 148 training [time: 2.13s, train loss: -1.1276]
20 Oct 15:09    INFO  epoch 148 evaluating [time: 9.07s, valid_score: 0.065900]
20 Oct 15:09    INFO  valid result: 
recall@10 : 0.0979    recall@20 : 0.138    recall@50 : 0.2012    ndcg@10 : 0.0554    ndcg@20 : 0.0659    ndcg@50 : 0.0789    
20 Oct 15:09    INFO  epoch 149 training [time: 2.16s, train loss: -1.1284]
20 Oct 15:09    INFO  epoch 149 evaluating [time: 9.10s, valid_score: 0.065900]
20 Oct 15:09    INFO  valid result: 
recall@10 : 0.0982    recall@20 : 0.138    recall@50 : 0.202    ndcg@10 : 0.0555    ndcg@20 : 0.0659    ndcg@50 : 0.0791    
20 Oct 15:09    INFO  epoch 150 training [time: 2.13s, train loss: -1.1284]
20 Oct 15:10    INFO  epoch 150 evaluating [time: 9.07s, valid_score: 0.066100]
20 Oct 15:10    INFO  valid result: 
recall@10 : 0.0981    recall@20 : 0.1388    recall@50 : 0.2023    ndcg@10 : 0.0555    ndcg@20 : 0.0661    ndcg@50 : 0.0791    
20 Oct 15:10    INFO  epoch 151 training [time: 2.02s, train loss: -1.1281]
20 Oct 15:10    INFO  epoch 151 evaluating [time: 9.20s, valid_score: 0.066100]
20 Oct 15:10    INFO  valid result: 
recall@10 : 0.0985    recall@20 : 0.138    recall@50 : 0.2019    ndcg@10 : 0.0558    ndcg@20 : 0.0661    ndcg@50 : 0.0792    
20 Oct 15:10    INFO  epoch 152 training [time: 1.83s, train loss: -1.1285]
20 Oct 15:10    INFO  epoch 152 evaluating [time: 9.07s, valid_score: 0.066000]
20 Oct 15:10    INFO  valid result: 
recall@10 : 0.099    recall@20 : 0.1384    recall@50 : 0.2026    ndcg@10 : 0.0558    ndcg@20 : 0.066    ndcg@50 : 0.0792    
20 Oct 15:10    INFO  epoch 153 training [time: 2.07s, train loss: -1.1284]
20 Oct 15:10    INFO  epoch 153 evaluating [time: 9.02s, valid_score: 0.066400]
20 Oct 15:10    INFO  valid result: 
recall@10 : 0.0985    recall@20 : 0.1386    recall@50 : 0.2015    ndcg@10 : 0.0559    ndcg@20 : 0.0664    ndcg@50 : 0.0793    
20 Oct 15:14    INFO  Saving current best: saved/DirectAU-Oct-20-2023_14-41-41.pth
20 Oct 15:14    INFO  epoch 154 training [time: 1.98s, train loss: -1.1285]
20 Oct 15:15    INFO  epoch 154 evaluating [time: 9.04s, valid_score: 0.066300]
20 Oct 15:15    INFO  valid result: 
recall@10 : 0.099    recall@20 : 0.1383    recall@50 : 0.2018    ndcg@10 : 0.056    ndcg@20 : 0.0663    ndcg@50 : 0.0793    
20 Oct 15:15    INFO  epoch 155 training [time: 1.96s, train loss: -1.1282]
20 Oct 15:15    INFO  epoch 155 evaluating [time: 12.86s, valid_score: 0.066300]
20 Oct 15:15    INFO  valid result: 
recall@10 : 0.0986    recall@20 : 0.1388    recall@50 : 0.202    ndcg@10 : 0.0558    ndcg@20 : 0.0663    ndcg@50 : 0.0793    
20 Oct 15:15    INFO  epoch 156 training [time: 1.96s, train loss: -1.1284]
20 Oct 15:15    INFO  epoch 156 evaluating [time: 8.84s, valid_score: 0.066400]
20 Oct 15:15    INFO  valid result: 
recall@10 : 0.0991    recall@20 : 0.1391    recall@50 : 0.2015    ndcg@10 : 0.0559    ndcg@20 : 0.0664    ndcg@50 : 0.0792    
20 Oct 15:15    INFO  epoch 157 training [time: 2.04s, train loss: -1.1287]
20 Oct 15:15    INFO  epoch 157 evaluating [time: 8.94s, valid_score: 0.066300]
20 Oct 15:15    INFO  valid result: 
recall@10 : 0.0994    recall@20 : 0.1383    recall@50 : 0.2013    ndcg@10 : 0.0562    ndcg@20 : 0.0663    ndcg@50 : 0.0792    
20 Oct 15:15    INFO  epoch 158 training [time: 2.00s, train loss: -1.1286]
20 Oct 15:15    INFO  epoch 158 evaluating [time: 9.11s, valid_score: 0.066400]
20 Oct 15:15    INFO  valid result: 
recall@10 : 0.0994    recall@20 : 0.1392    recall@50 : 0.2019    ndcg@10 : 0.056    ndcg@20 : 0.0664    ndcg@50 : 0.0792    
20 Oct 15:15    INFO  epoch 159 training [time: 1.99s, train loss: -1.1289]
20 Oct 15:16    INFO  epoch 159 evaluating [time: 9.04s, valid_score: 0.066200]
20 Oct 15:16    INFO  valid result: 
recall@10 : 0.0986    recall@20 : 0.1381    recall@50 : 0.2022    ndcg@10 : 0.0559    ndcg@20 : 0.0662    ndcg@50 : 0.0793    
20 Oct 15:16    INFO  epoch 160 training [time: 1.88s, train loss: -1.1290]
20 Oct 15:16    INFO  epoch 160 evaluating [time: 9.10s, valid_score: 0.065800]
20 Oct 15:16    INFO  valid result: 
recall@10 : 0.0982    recall@20 : 0.1374    recall@50 : 0.201    ndcg@10 : 0.0556    ndcg@20 : 0.0658    ndcg@50 : 0.0789    
20 Oct 15:16    INFO  epoch 161 training [time: 2.03s, train loss: -1.1286]
20 Oct 15:16    INFO  epoch 161 evaluating [time: 9.07s, valid_score: 0.066400]
20 Oct 15:16    INFO  valid result: 
recall@10 : 0.0986    recall@20 : 0.1389    recall@50 : 0.201    ndcg@10 : 0.0558    ndcg@20 : 0.0664    ndcg@50 : 0.0791    
20 Oct 15:16    INFO  epoch 162 training [time: 1.87s, train loss: -1.1285]
20 Oct 15:16    INFO  epoch 162 evaluating [time: 9.24s, valid_score: 0.066200]
20 Oct 15:16    INFO  valid result: 
recall@10 : 0.0987    recall@20 : 0.1387    recall@50 : 0.2019    ndcg@10 : 0.0557    ndcg@20 : 0.0662    ndcg@50 : 0.0791    
20 Oct 15:16    INFO  epoch 163 training [time: 1.98s, train loss: -1.1288]
20 Oct 15:16    INFO  epoch 163 evaluating [time: 8.69s, valid_score: 0.066300]
20 Oct 15:16    INFO  valid result: 
recall@10 : 0.0997    recall@20 : 0.1384    recall@50 : 0.2022    ndcg@10 : 0.0562    ndcg@20 : 0.0663    ndcg@50 : 0.0794    
20 Oct 15:16    INFO  epoch 164 training [time: 2.08s, train loss: -1.1289]
20 Oct 15:17    INFO  epoch 164 evaluating [time: 8.97s, valid_score: 0.066400]
20 Oct 15:17    INFO  valid result: 
recall@10 : 0.0987    recall@20 : 0.1384    recall@50 : 0.2031    ndcg@10 : 0.056    ndcg@20 : 0.0664    ndcg@50 : 0.0796    
20 Oct 15:17    INFO  Finished training, best eval result in epoch 153
20 Oct 15:17    INFO  Loading model structure and parameters from saved/DirectAU-Oct-20-2023_14-41-41.pth
20 Oct 15:17    INFO  best valid : {'recall@10': 0.0985, 'recall@20': 0.1386, 'recall@50': 0.2015, 'ndcg@10': 0.0559, 'ndcg@20': 0.0664, 'ndcg@50': 0.0793}
20 Oct 15:17    INFO  test result: {'recall@10': 0.0992, 'recall@20': 0.1406, 'recall@50': 0.2064, 'ndcg@10': 0.0582, 'ndcg@20': 0.0689, 'ndcg@50': 0.0824}
