command line args [--zc 1] will not be used in RecBole
24 Oct 21:16    INFO  
General Hyper Parameters:
gpu_id = 7
use_gpu = True
seed = 0
state = INFO
reproducibility = True
data_path = dataset/Yelp
show_progress = False

Training Hyper Parameters:
checkpoint_dir = saved
epochs = 500
train_batch_size = 1024
learner = adam
learning_rate = 0.001
training_neg_sample_num = 0
training_neg_sample_distribution = uniform
eval_step = 1
stopping_step = 10
clip_grad_norm = None
weight_decay = 1e-06
draw_loss_pic = False
loss_decimal_place = 4

Evaluation Hyper Parameters:
eval_setting = RO_RS,full
group_by_user = True
split_ratio = [0.8, 0.1, 0.1]
leave_one_num = 2
real_time_process = False
metrics = ['Recall', 'NDCG']
topk = [10, 20, 50]
valid_metric = NDCG@20
eval_batch_size = 4096
metric_decimal_place = 4

Dataset Hyper Parameters:
field_separator = 	
seq_separator =  
USER_ID_FIELD = user_id
ITEM_ID_FIELD = item_id
RATING_FIELD = rating
TIME_FIELD = timestamp
seq_len = None
LABEL_FIELD = label
threshold = None
NEG_PREFIX = neg_
load_col = {'inter': ['user_id', 'item_id', 'timestamp']}
unload_col = None
unused_col = None
additional_feat_suffix = None
lowest_val = None
highest_val = None
equal_val = None
not_equal_val = None
max_user_inter_num = None
min_user_inter_num = 5
max_item_inter_num = None
min_item_inter_num = 5
fields_in_same_space = None
preload_weight = None
normalize_field = None
normalize_all = None
ITEM_LIST_LENGTH_FIELD = item_length
LIST_SUFFIX = _list
MAX_ITEM_LIST_LENGTH = 50
POSITION_FIELD = position_id
HEAD_ENTITY_ID_FIELD = head_id
TAIL_ENTITY_ID_FIELD = tail_id
RELATION_ID_FIELD = relation_id
ENTITY_ID_FIELD = entity_id

Other Hyper Parameters: 
valid_metric_bigger = True
BT = 0.1
bt = 0.001
embedding_size = 64
encoder = MF
gamma = 0.5
times = 1
witem = 0.1
wuser = 0.8
zc = 1.0
rm_dup_inter = None
filter_inter_by_user_or_item = True
SOURCE_ID_FIELD = source_id
TARGET_ID_FIELD = target_id
benchmark_filename = None
MODEL_TYPE = ModelType.GENERAL
MODEL_INPUT_TYPE = InputType.POINTWISE
eval_type = EvaluatorType.RANKING
device = cuda
train_neg_sample_args = {'strategy': 'none'}


24 Oct 21:16    INFO  Yelp
The number of users: 31669
Average actions of users: 49.305481874447395
The number of items: 38049
Average actions of items: 41.037794365012616
The number of inters: 1561406
The sparsity of the dataset: 99.87041991912021%
Remain Fields: ['user_id', 'item_id']
24 Oct 21:16    INFO  Build [GeneralDataLoader] for [train] with format [InputType.POINTWISE]
24 Oct 21:16    INFO  [train] No Negative Sampling
24 Oct 21:16    INFO  [train] batch_size = [1024], shuffle = [True]

24 Oct 21:16    INFO  Build [GeneralFullDataLoader] for [evaluation] with format [InputType.POINTWISE]
24 Oct 21:16    INFO  Evaluation Setting:
	Group by user_id
	Ordering: {'strategy': 'shuffle'}
	Splitting: {'strategy': 'by_ratio', 'ratios': [0.8, 0.1, 0.1]}
	Negative Sampling: {'strategy': 'full', 'distribution': 'uniform'}
24 Oct 21:16    INFO  [evaluation] batch_size = [4096], shuffle = [False]

24 Oct 21:16    WARNING  Batch size is changed to 38049.
24 Oct 21:16    WARNING  Batch size is changed to 38049.
{'BT': 0.1, 'bt': 0.001, 'embedding_size': 64, 'encoder': 'MF', 'gamma': None, 'times': 1, 'training_neg_sample_num': 0, 'witem': 0.1, 'wuser': 0.8, 'zc': 1.0}
this is encoder MF...
这是directau 的 WUBT 版本...
24 Oct 21:16    INFO  DirectAU(
  (encoder): MFEncoder(
    (user_embedding): Embedding(31669, 64)
    (item_embedding): Embedding(38049, 64)
  )
  (bn): BatchNorm1d(64, eps=1e-05, momentum=0.1, affine=False, track_running_stats=True)
  (projector): Sequential(
    (0): Linear(in_features=64, out_features=64, bias=False)
    (1): BatchNorm1d(64, eps=1e-05, momentum=0.1, affine=True, track_running_stats=True)
    (2): ReLU(inplace=True)
    (3): Linear(in_features=64, out_features=64, bias=False)
    (4): BatchNorm1d(64, eps=1e-05, momentum=0.1, affine=True, track_running_stats=True)
    (5): ReLU(inplace=True)
    (6): Linear(in_features=64, out_features=64, bias=False)
  )
)
Trainable parameters: 4474496
24 Oct 21:17    INFO  epoch 0 training [time: 24.02s, train loss: 0.2912]
24 Oct 21:17    INFO  epoch 0 evaluating [time: 16.65s, valid_score: 0.022200]
24 Oct 21:17    INFO  valid result: 
recall@10 : 0.0207    recall@20 : 0.0359    recall@50 : 0.0731    ndcg@10 : 0.0169    ndcg@20 : 0.0222    ndcg@50 : 0.0333    
24 Oct 21:17    INFO  Saving current best: saved/DirectAU-Oct-24-2023_21-16-49.pth
24 Oct 21:17    INFO  epoch 1 training [time: 24.00s, train loss: -0.0742]
24 Oct 21:18    INFO  epoch 1 evaluating [time: 15.14s, valid_score: 0.032300]
24 Oct 21:18    INFO  valid result: 
recall@10 : 0.0312    recall@20 : 0.053    recall@50 : 0.1017    ndcg@10 : 0.0247    ndcg@20 : 0.0323    ndcg@50 : 0.0467    
24 Oct 21:18    INFO  Saving current best: saved/DirectAU-Oct-24-2023_21-16-49.pth
24 Oct 21:18    INFO  epoch 2 training [time: 24.02s, train loss: -0.1596]
24 Oct 21:18    INFO  epoch 2 evaluating [time: 15.40s, valid_score: 0.036700]
24 Oct 21:18    INFO  valid result: 
recall@10 : 0.0355    recall@20 : 0.0604    recall@50 : 0.1156    ndcg@10 : 0.0282    ndcg@20 : 0.0367    ndcg@50 : 0.0529    
24 Oct 21:18    INFO  Saving current best: saved/DirectAU-Oct-24-2023_21-16-49.pth
24 Oct 21:19    INFO  epoch 3 training [time: 24.07s, train loss: -0.2022]
24 Oct 21:19    INFO  epoch 3 evaluating [time: 15.51s, valid_score: 0.039800]
24 Oct 21:19    INFO  valid result: 
recall@10 : 0.0394    recall@20 : 0.0657    recall@50 : 0.1241    ndcg@10 : 0.0309    ndcg@20 : 0.0398    ndcg@50 : 0.0569    
24 Oct 21:19    INFO  Saving current best: saved/DirectAU-Oct-24-2023_21-16-49.pth
24 Oct 21:19    INFO  epoch 4 training [time: 24.09s, train loss: -0.2303]
24 Oct 21:20    INFO  epoch 4 evaluating [time: 15.14s, valid_score: 0.042200]
24 Oct 21:20    INFO  valid result: 
recall@10 : 0.0415    recall@20 : 0.0693    recall@50 : 0.1291    ndcg@10 : 0.0327    ndcg@20 : 0.0422    ndcg@50 : 0.0596    
24 Oct 21:20    INFO  Saving current best: saved/DirectAU-Oct-24-2023_21-16-49.pth
24 Oct 21:20    INFO  epoch 5 training [time: 24.11s, train loss: -0.2514]
24 Oct 21:20    INFO  epoch 5 evaluating [time: 15.37s, valid_score: 0.044400]
24 Oct 21:20    INFO  valid result: 
recall@10 : 0.0441    recall@20 : 0.0733    recall@50 : 0.1345    ndcg@10 : 0.0345    ndcg@20 : 0.0444    ndcg@50 : 0.0622    
24 Oct 21:20    INFO  Saving current best: saved/DirectAU-Oct-24-2023_21-16-49.pth
24 Oct 21:21    INFO  epoch 6 training [time: 24.08s, train loss: -0.2682]
24 Oct 21:21    INFO  epoch 6 evaluating [time: 15.02s, valid_score: 0.046300]
24 Oct 21:21    INFO  valid result: 
recall@10 : 0.046    recall@20 : 0.0764    recall@50 : 0.1396    ndcg@10 : 0.0359    ndcg@20 : 0.0463    ndcg@50 : 0.0647    
24 Oct 21:21    INFO  Saving current best: saved/DirectAU-Oct-24-2023_21-16-49.pth
24 Oct 21:21    INFO  epoch 7 training [time: 24.03s, train loss: -0.2826]
24 Oct 21:22    INFO  epoch 7 evaluating [time: 15.26s, valid_score: 0.047600]
24 Oct 21:22    INFO  valid result: 
recall@10 : 0.0471    recall@20 : 0.0782    recall@50 : 0.1435    ndcg@10 : 0.037    ndcg@20 : 0.0476    ndcg@50 : 0.0666    
24 Oct 21:22    INFO  Saving current best: saved/DirectAU-Oct-24-2023_21-16-49.pth
24 Oct 21:22    INFO  epoch 8 training [time: 24.09s, train loss: -0.2947]
24 Oct 21:22    INFO  epoch 8 evaluating [time: 15.05s, valid_score: 0.048700]
24 Oct 21:22    INFO  valid result: 
recall@10 : 0.0481    recall@20 : 0.08    recall@50 : 0.1472    ndcg@10 : 0.0379    ndcg@20 : 0.0487    ndcg@50 : 0.0683    
24 Oct 21:22    INFO  Saving current best: saved/DirectAU-Oct-24-2023_21-16-49.pth
24 Oct 21:23    INFO  epoch 9 training [time: 24.04s, train loss: -0.3051]
24 Oct 21:23    INFO  epoch 9 evaluating [time: 15.26s, valid_score: 0.050200]
24 Oct 21:23    INFO  valid result: 
recall@10 : 0.0502    recall@20 : 0.0824    recall@50 : 0.151    ndcg@10 : 0.0393    ndcg@20 : 0.0502    ndcg@50 : 0.0702    
24 Oct 21:23    INFO  Saving current best: saved/DirectAU-Oct-24-2023_21-16-49.pth
24 Oct 21:23    INFO  epoch 10 training [time: 24.07s, train loss: -0.3142]
24 Oct 21:24    INFO  epoch 10 evaluating [time: 15.18s, valid_score: 0.051800]
24 Oct 21:24    INFO  valid result: 
recall@10 : 0.0515    recall@20 : 0.085    recall@50 : 0.1541    ndcg@10 : 0.0405    ndcg@20 : 0.0518    ndcg@50 : 0.0719    
24 Oct 21:24    INFO  Saving current best: saved/DirectAU-Oct-24-2023_21-16-49.pth
24 Oct 21:24    INFO  epoch 11 training [time: 24.08s, train loss: -0.3218]
24 Oct 21:24    INFO  epoch 11 evaluating [time: 15.34s, valid_score: 0.052800]
24 Oct 21:24    INFO  valid result: 
recall@10 : 0.0527    recall@20 : 0.0862    recall@50 : 0.1573    ndcg@10 : 0.0415    ndcg@20 : 0.0528    ndcg@50 : 0.0735    
24 Oct 21:24    INFO  Saving current best: saved/DirectAU-Oct-24-2023_21-16-49.pth
24 Oct 21:25    INFO  epoch 12 training [time: 24.09s, train loss: -0.3286]
24 Oct 21:25    INFO  epoch 12 evaluating [time: 15.15s, valid_score: 0.054000]
24 Oct 21:25    INFO  valid result: 
recall@10 : 0.0543    recall@20 : 0.0885    recall@50 : 0.1604    ndcg@10 : 0.0425    ndcg@20 : 0.054    ndcg@50 : 0.0749    
24 Oct 21:25    INFO  Saving current best: saved/DirectAU-Oct-24-2023_21-16-49.pth
24 Oct 21:25    INFO  epoch 13 training [time: 24.09s, train loss: -0.3345]
24 Oct 21:26    INFO  epoch 13 evaluating [time: 15.30s, valid_score: 0.055300]
24 Oct 21:26    INFO  valid result: 
recall@10 : 0.0547    recall@20 : 0.0902    recall@50 : 0.1617    ndcg@10 : 0.0433    ndcg@20 : 0.0553    ndcg@50 : 0.076    
24 Oct 21:26    INFO  Saving current best: saved/DirectAU-Oct-24-2023_21-16-49.pth
24 Oct 21:26    INFO  epoch 14 training [time: 24.10s, train loss: -0.3395]
24 Oct 21:26    INFO  epoch 14 evaluating [time: 15.16s, valid_score: 0.056600]
24 Oct 21:26    INFO  valid result: 
recall@10 : 0.0565    recall@20 : 0.0916    recall@50 : 0.1649    ndcg@10 : 0.0447    ndcg@20 : 0.0566    ndcg@50 : 0.0778    
24 Oct 21:26    INFO  Saving current best: saved/DirectAU-Oct-24-2023_21-16-49.pth
24 Oct 21:27    INFO  epoch 15 training [time: 24.06s, train loss: -0.3440]
24 Oct 21:27    INFO  epoch 15 evaluating [time: 15.47s, valid_score: 0.057100]
24 Oct 21:27    INFO  valid result: 
recall@10 : 0.0575    recall@20 : 0.0931    recall@50 : 0.1675    ndcg@10 : 0.0451    ndcg@20 : 0.0571    ndcg@50 : 0.0786    
24 Oct 21:27    INFO  Saving current best: saved/DirectAU-Oct-24-2023_21-16-49.pth
24 Oct 21:27    INFO  epoch 16 training [time: 24.08s, train loss: -0.3478]
24 Oct 21:28    INFO  epoch 16 evaluating [time: 15.54s, valid_score: 0.058000]
24 Oct 21:28    INFO  valid result: 
recall@10 : 0.0587    recall@20 : 0.0943    recall@50 : 0.17    ndcg@10 : 0.0459    ndcg@20 : 0.058    ndcg@50 : 0.0799    
24 Oct 21:28    INFO  Saving current best: saved/DirectAU-Oct-24-2023_21-16-49.pth
24 Oct 21:28    INFO  epoch 17 training [time: 24.08s, train loss: -0.3514]
24 Oct 21:28    INFO  epoch 17 evaluating [time: 15.13s, valid_score: 0.058300]
24 Oct 21:28    INFO  valid result: 
recall@10 : 0.0585    recall@20 : 0.0948    recall@50 : 0.1703    ndcg@10 : 0.0461    ndcg@20 : 0.0583    ndcg@50 : 0.0802    
24 Oct 21:28    INFO  Saving current best: saved/DirectAU-Oct-24-2023_21-16-49.pth
24 Oct 21:29    INFO  epoch 18 training [time: 24.08s, train loss: -0.3544]
24 Oct 21:29    INFO  epoch 18 evaluating [time: 15.27s, valid_score: 0.059100]
24 Oct 21:29    INFO  valid result: 
recall@10 : 0.0592    recall@20 : 0.0961    recall@50 : 0.1723    ndcg@10 : 0.0467    ndcg@20 : 0.0591    ndcg@50 : 0.0812    
24 Oct 21:29    INFO  Saving current best: saved/DirectAU-Oct-24-2023_21-16-49.pth
24 Oct 21:29    INFO  epoch 19 training [time: 24.07s, train loss: -0.3570]
24 Oct 21:30    INFO  epoch 19 evaluating [time: 15.04s, valid_score: 0.059800]
24 Oct 21:30    INFO  valid result: 
recall@10 : 0.0596    recall@20 : 0.0966    recall@50 : 0.1747    ndcg@10 : 0.0473    ndcg@20 : 0.0598    ndcg@50 : 0.0823    
24 Oct 21:30    INFO  Saving current best: saved/DirectAU-Oct-24-2023_21-16-49.pth
24 Oct 21:30    INFO  epoch 20 training [time: 24.08s, train loss: -0.3593]
24 Oct 21:30    INFO  epoch 20 evaluating [time: 15.25s, valid_score: 0.059900]
24 Oct 21:30    INFO  valid result: 
recall@10 : 0.0597    recall@20 : 0.0974    recall@50 : 0.1748    ndcg@10 : 0.0473    ndcg@20 : 0.0599    ndcg@50 : 0.0824    
24 Oct 21:30    INFO  Saving current best: saved/DirectAU-Oct-24-2023_21-16-49.pth
24 Oct 21:31    INFO  epoch 21 training [time: 24.08s, train loss: -0.3613]
24 Oct 21:31    INFO  epoch 21 evaluating [time: 15.10s, valid_score: 0.060600]
24 Oct 21:31    INFO  valid result: 
recall@10 : 0.06    recall@20 : 0.0983    recall@50 : 0.1763    ndcg@10 : 0.0477    ndcg@20 : 0.0606    ndcg@50 : 0.0832    
24 Oct 21:31    INFO  Saving current best: saved/DirectAU-Oct-24-2023_21-16-49.pth
24 Oct 21:31    INFO  epoch 22 training [time: 24.06s, train loss: -0.3630]
24 Oct 21:31    INFO  epoch 22 evaluating [time: 15.34s, valid_score: 0.061200]
24 Oct 21:31    INFO  valid result: 
recall@10 : 0.061    recall@20 : 0.099    recall@50 : 0.176    ndcg@10 : 0.0483    ndcg@20 : 0.0612    ndcg@50 : 0.0835    
24 Oct 21:31    INFO  Saving current best: saved/DirectAU-Oct-24-2023_21-16-49.pth
24 Oct 21:32    INFO  epoch 23 training [time: 24.09s, train loss: -0.3647]
24 Oct 21:32    INFO  epoch 23 evaluating [time: 15.04s, valid_score: 0.061800]
24 Oct 21:32    INFO  valid result: 
recall@10 : 0.0612    recall@20 : 0.1003    recall@50 : 0.1773    ndcg@10 : 0.0487    ndcg@20 : 0.0618    ndcg@50 : 0.0841    
24 Oct 21:32    INFO  Saving current best: saved/DirectAU-Oct-24-2023_21-16-49.pth
24 Oct 21:33    INFO  epoch 24 training [time: 24.08s, train loss: -0.3661]
24 Oct 21:33    INFO  epoch 24 evaluating [time: 15.45s, valid_score: 0.061800]
24 Oct 21:33    INFO  valid result: 
recall@10 : 0.0616    recall@20 : 0.1006    recall@50 : 0.179    ndcg@10 : 0.0487    ndcg@20 : 0.0618    ndcg@50 : 0.0845    
24 Oct 21:33    INFO  epoch 25 training [time: 24.07s, train loss: -0.3672]
24 Oct 21:33    INFO  epoch 25 evaluating [time: 15.18s, valid_score: 0.062100]
24 Oct 21:33    INFO  valid result: 
recall@10 : 0.0615    recall@20 : 0.1008    recall@50 : 0.1792    ndcg@10 : 0.0489    ndcg@20 : 0.0621    ndcg@50 : 0.0849    
24 Oct 21:33    INFO  Saving current best: saved/DirectAU-Oct-24-2023_21-16-49.pth
24 Oct 21:34    INFO  epoch 26 training [time: 24.09s, train loss: -0.3683]
24 Oct 21:34    INFO  epoch 26 evaluating [time: 15.27s, valid_score: 0.062600]
24 Oct 21:34    INFO  valid result: 
recall@10 : 0.062    recall@20 : 0.1015    recall@50 : 0.1801    ndcg@10 : 0.0493    ndcg@20 : 0.0626    ndcg@50 : 0.0853    
24 Oct 21:34    INFO  Saving current best: saved/DirectAU-Oct-24-2023_21-16-49.pth
24 Oct 21:35    INFO  epoch 27 training [time: 24.12s, train loss: -0.3694]
24 Oct 21:35    INFO  epoch 27 evaluating [time: 15.20s, valid_score: 0.062700]
24 Oct 21:35    INFO  valid result: 
recall@10 : 0.0627    recall@20 : 0.1016    recall@50 : 0.1809    ndcg@10 : 0.0495    ndcg@20 : 0.0627    ndcg@50 : 0.0857    
24 Oct 21:35    INFO  Saving current best: saved/DirectAU-Oct-24-2023_21-16-49.pth
24 Oct 21:35    INFO  epoch 28 training [time: 24.13s, train loss: -0.3702]
24 Oct 21:35    INFO  epoch 28 evaluating [time: 15.31s, valid_score: 0.063000]
24 Oct 21:35    INFO  valid result: 
recall@10 : 0.0624    recall@20 : 0.1023    recall@50 : 0.1814    ndcg@10 : 0.0496    ndcg@20 : 0.063    ndcg@50 : 0.086    
24 Oct 21:35    INFO  Saving current best: saved/DirectAU-Oct-24-2023_21-16-49.pth
24 Oct 21:36    INFO  epoch 29 training [time: 24.11s, train loss: -0.3711]
24 Oct 21:36    INFO  epoch 29 evaluating [time: 15.50s, valid_score: 0.063100]
24 Oct 21:36    INFO  valid result: 
recall@10 : 0.0627    recall@20 : 0.1025    recall@50 : 0.182    ndcg@10 : 0.0497    ndcg@20 : 0.0631    ndcg@50 : 0.0862    
24 Oct 21:36    INFO  Saving current best: saved/DirectAU-Oct-24-2023_21-16-49.pth
24 Oct 21:36    INFO  epoch 30 training [time: 24.10s, train loss: -0.3717]
24 Oct 21:37    INFO  epoch 30 evaluating [time: 15.14s, valid_score: 0.063800]
24 Oct 21:37    INFO  valid result: 
recall@10 : 0.0632    recall@20 : 0.1035    recall@50 : 0.1818    ndcg@10 : 0.0502    ndcg@20 : 0.0638    ndcg@50 : 0.0866    
24 Oct 21:37    INFO  Saving current best: saved/DirectAU-Oct-24-2023_21-16-49.pth
24 Oct 21:37    INFO  epoch 31 training [time: 24.10s, train loss: -0.3723]
24 Oct 21:37    INFO  epoch 31 evaluating [time: 15.46s, valid_score: 0.063600]
24 Oct 21:37    INFO  valid result: 
recall@10 : 0.0639    recall@20 : 0.1031    recall@50 : 0.1823    ndcg@10 : 0.0504    ndcg@20 : 0.0636    ndcg@50 : 0.0866    
24 Oct 21:38    INFO  epoch 32 training [time: 24.06s, train loss: -0.3729]
24 Oct 21:38    INFO  epoch 32 evaluating [time: 15.16s, valid_score: 0.064000]
24 Oct 21:38    INFO  valid result: 
recall@10 : 0.0634    recall@20 : 0.1036    recall@50 : 0.1835    ndcg@10 : 0.0504    ndcg@20 : 0.064    ndcg@50 : 0.0872    
24 Oct 21:38    INFO  Saving current best: saved/DirectAU-Oct-24-2023_21-16-49.pth
24 Oct 21:38    INFO  epoch 33 training [time: 24.06s, train loss: -0.3735]
24 Oct 21:39    INFO  epoch 33 evaluating [time: 15.31s, valid_score: 0.064100]
24 Oct 21:39    INFO  valid result: 
recall@10 : 0.0633    recall@20 : 0.1039    recall@50 : 0.1839    ndcg@10 : 0.0504    ndcg@20 : 0.0641    ndcg@50 : 0.0873    
24 Oct 21:39    INFO  Saving current best: saved/DirectAU-Oct-24-2023_21-16-49.pth
24 Oct 21:39    INFO  epoch 34 training [time: 23.70s, train loss: -0.3740]
24 Oct 21:39    INFO  epoch 34 evaluating [time: 15.03s, valid_score: 0.064800]
24 Oct 21:39    INFO  valid result: 
recall@10 : 0.0644    recall@20 : 0.1046    recall@50 : 0.1847    ndcg@10 : 0.0513    ndcg@20 : 0.0648    ndcg@50 : 0.088    
24 Oct 21:39    INFO  Saving current best: saved/DirectAU-Oct-24-2023_21-16-49.pth
24 Oct 21:40    INFO  epoch 35 training [time: 24.08s, train loss: -0.3744]
24 Oct 21:40    INFO  epoch 35 evaluating [time: 15.34s, valid_score: 0.064500]
24 Oct 21:40    INFO  valid result: 
recall@10 : 0.0643    recall@20 : 0.1044    recall@50 : 0.185    ndcg@10 : 0.051    ndcg@20 : 0.0645    ndcg@50 : 0.0879    
24 Oct 21:40    INFO  epoch 36 training [time: 24.11s, train loss: -0.3749]
24 Oct 21:41    INFO  epoch 36 evaluating [time: 15.13s, valid_score: 0.064500]
24 Oct 21:41    INFO  valid result: 
recall@10 : 0.0642    recall@20 : 0.104    recall@50 : 0.1854    ndcg@10 : 0.051    ndcg@20 : 0.0645    ndcg@50 : 0.088    
24 Oct 21:41    INFO  epoch 37 training [time: 24.09s, train loss: -0.3753]
24 Oct 21:41    INFO  epoch 37 evaluating [time: 15.32s, valid_score: 0.064900]
24 Oct 21:41    INFO  valid result: 
recall@10 : 0.0645    recall@20 : 0.1046    recall@50 : 0.1855    ndcg@10 : 0.0514    ndcg@20 : 0.0649    ndcg@50 : 0.0883    
24 Oct 21:41    INFO  Saving current best: saved/DirectAU-Oct-24-2023_21-16-49.pth
24 Oct 21:42    INFO  epoch 38 training [time: 24.09s, train loss: -0.3757]
24 Oct 21:42    INFO  epoch 38 evaluating [time: 15.14s, valid_score: 0.064900]
24 Oct 21:42    INFO  valid result: 
recall@10 : 0.0642    recall@20 : 0.1047    recall@50 : 0.1857    ndcg@10 : 0.0513    ndcg@20 : 0.0649    ndcg@50 : 0.0884    
24 Oct 21:42    INFO  epoch 39 training [time: 24.10s, train loss: -0.3759]
24 Oct 21:43    INFO  epoch 39 evaluating [time: 15.38s, valid_score: 0.065300]
24 Oct 21:43    INFO  valid result: 
recall@10 : 0.0644    recall@20 : 0.1053    recall@50 : 0.1861    ndcg@10 : 0.0515    ndcg@20 : 0.0653    ndcg@50 : 0.0887    
24 Oct 21:43    INFO  Saving current best: saved/DirectAU-Oct-24-2023_21-16-49.pth
24 Oct 21:43    INFO  epoch 40 training [time: 24.09s, train loss: -0.3762]
24 Oct 21:43    INFO  epoch 40 evaluating [time: 15.06s, valid_score: 0.065600]
24 Oct 21:43    INFO  valid result: 
recall@10 : 0.0652    recall@20 : 0.1059    recall@50 : 0.1869    ndcg@10 : 0.0519    ndcg@20 : 0.0656    ndcg@50 : 0.089    
24 Oct 21:43    INFO  Saving current best: saved/DirectAU-Oct-24-2023_21-16-49.pth
24 Oct 21:44    INFO  epoch 41 training [time: 24.03s, train loss: -0.3763]
24 Oct 21:44    INFO  epoch 41 evaluating [time: 15.48s, valid_score: 0.065500]
24 Oct 21:44    INFO  valid result: 
recall@10 : 0.0654    recall@20 : 0.1057    recall@50 : 0.187    ndcg@10 : 0.052    ndcg@20 : 0.0655    ndcg@50 : 0.089    
24 Oct 21:44    INFO  epoch 42 training [time: 24.12s, train loss: -0.3764]
24 Oct 21:45    INFO  epoch 42 evaluating [time: 15.46s, valid_score: 0.065500]
24 Oct 21:45    INFO  valid result: 
recall@10 : 0.0648    recall@20 : 0.1055    recall@50 : 0.1869    ndcg@10 : 0.0518    ndcg@20 : 0.0655    ndcg@50 : 0.0891    
24 Oct 21:45    INFO  epoch 43 training [time: 24.10s, train loss: -0.3766]
24 Oct 21:45    INFO  epoch 43 evaluating [time: 15.19s, valid_score: 0.065600]
24 Oct 21:45    INFO  valid result: 
recall@10 : 0.0652    recall@20 : 0.1054    recall@50 : 0.1877    ndcg@10 : 0.0521    ndcg@20 : 0.0656    ndcg@50 : 0.0895    
24 Oct 21:46    INFO  epoch 44 training [time: 23.89s, train loss: -0.3769]
24 Oct 21:46    INFO  epoch 44 evaluating [time: 15.38s, valid_score: 0.065800]
24 Oct 21:46    INFO  valid result: 
recall@10 : 0.0653    recall@20 : 0.1057    recall@50 : 0.1873    ndcg@10 : 0.0521    ndcg@20 : 0.0658    ndcg@50 : 0.0895    
24 Oct 21:46    INFO  Saving current best: saved/DirectAU-Oct-24-2023_21-16-49.pth
24 Oct 21:46    INFO  epoch 45 training [time: 24.10s, train loss: -0.3770]
24 Oct 21:47    INFO  epoch 45 evaluating [time: 15.17s, valid_score: 0.065900]
24 Oct 21:47    INFO  valid result: 
recall@10 : 0.0653    recall@20 : 0.1058    recall@50 : 0.1884    ndcg@10 : 0.0522    ndcg@20 : 0.0659    ndcg@50 : 0.0898    
24 Oct 21:47    INFO  Saving current best: saved/DirectAU-Oct-24-2023_21-16-49.pth
24 Oct 21:47    INFO  epoch 46 training [time: 24.12s, train loss: -0.3770]
24 Oct 21:47    INFO  epoch 46 evaluating [time: 15.36s, valid_score: 0.066100]
24 Oct 21:47    INFO  valid result: 
recall@10 : 0.0656    recall@20 : 0.1064    recall@50 : 0.1878    ndcg@10 : 0.0524    ndcg@20 : 0.0661    ndcg@50 : 0.0897    
24 Oct 21:47    INFO  Saving current best: saved/DirectAU-Oct-24-2023_21-16-49.pth
24 Oct 21:48    INFO  epoch 47 training [time: 24.11s, train loss: -0.3771]
24 Oct 21:48    INFO  epoch 47 evaluating [time: 15.41s, valid_score: 0.066000]
24 Oct 21:48    INFO  valid result: 
recall@10 : 0.066    recall@20 : 0.1063    recall@50 : 0.1881    ndcg@10 : 0.0525    ndcg@20 : 0.066    ndcg@50 : 0.0898    
24 Oct 21:48    INFO  epoch 48 training [time: 24.15s, train loss: -0.3773]
24 Oct 21:49    INFO  epoch 48 evaluating [time: 15.61s, valid_score: 0.066200]
24 Oct 21:49    INFO  valid result: 
recall@10 : 0.066    recall@20 : 0.1067    recall@50 : 0.1883    ndcg@10 : 0.0526    ndcg@20 : 0.0662    ndcg@50 : 0.09    
24 Oct 21:49    INFO  Saving current best: saved/DirectAU-Oct-24-2023_21-16-49.pth
24 Oct 21:49    INFO  epoch 49 training [time: 24.12s, train loss: -0.3774]
24 Oct 21:49    INFO  epoch 49 evaluating [time: 15.23s, valid_score: 0.066200]
24 Oct 21:49    INFO  valid result: 
recall@10 : 0.0661    recall@20 : 0.1065    recall@50 : 0.1884    ndcg@10 : 0.0526    ndcg@20 : 0.0662    ndcg@50 : 0.0899    
24 Oct 21:50    INFO  epoch 50 training [time: 24.10s, train loss: -0.3774]
24 Oct 21:50    INFO  epoch 50 evaluating [time: 15.47s, valid_score: 0.066400]
24 Oct 21:50    INFO  valid result: 
recall@10 : 0.0657    recall@20 : 0.107    recall@50 : 0.1876    ndcg@10 : 0.0525    ndcg@20 : 0.0664    ndcg@50 : 0.0898    
24 Oct 21:50    INFO  Saving current best: saved/DirectAU-Oct-24-2023_21-16-49.pth
24 Oct 21:50    INFO  epoch 51 training [time: 24.10s, train loss: -0.3773]
24 Oct 21:51    INFO  epoch 51 evaluating [time: 15.23s, valid_score: 0.066400]
24 Oct 21:51    INFO  valid result: 
recall@10 : 0.0661    recall@20 : 0.1066    recall@50 : 0.1886    ndcg@10 : 0.0528    ndcg@20 : 0.0664    ndcg@50 : 0.0903    
24 Oct 21:51    INFO  epoch 52 training [time: 24.05s, train loss: -0.3775]
24 Oct 21:51    INFO  epoch 52 evaluating [time: 15.37s, valid_score: 0.066500]
24 Oct 21:51    INFO  valid result: 
recall@10 : 0.0655    recall@20 : 0.1073    recall@50 : 0.1886    ndcg@10 : 0.0524    ndcg@20 : 0.0665    ndcg@50 : 0.0901    
24 Oct 21:51    INFO  Saving current best: saved/DirectAU-Oct-24-2023_21-16-49.pth
24 Oct 21:52    INFO  epoch 53 training [time: 23.61s, train loss: -0.3776]
24 Oct 21:52    INFO  epoch 53 evaluating [time: 15.10s, valid_score: 0.066500]
24 Oct 21:52    INFO  valid result: 
recall@10 : 0.0664    recall@20 : 0.107    recall@50 : 0.1891    ndcg@10 : 0.0529    ndcg@20 : 0.0665    ndcg@50 : 0.0904    
24 Oct 21:52    INFO  epoch 54 training [time: 24.03s, train loss: -0.3776]
24 Oct 21:53    INFO  epoch 54 evaluating [time: 15.61s, valid_score: 0.066500]
24 Oct 21:53    INFO  valid result: 
recall@10 : 0.0662    recall@20 : 0.1072    recall@50 : 0.1888    ndcg@10 : 0.0527    ndcg@20 : 0.0665    ndcg@50 : 0.0902    
24 Oct 21:53    INFO  epoch 55 training [time: 24.15s, train loss: -0.3776]
24 Oct 21:53    INFO  epoch 55 evaluating [time: 15.52s, valid_score: 0.066600]
24 Oct 21:53    INFO  valid result: 
recall@10 : 0.0666    recall@20 : 0.1068    recall@50 : 0.1898    ndcg@10 : 0.053    ndcg@20 : 0.0666    ndcg@50 : 0.0907    
24 Oct 21:53    INFO  Saving current best: saved/DirectAU-Oct-24-2023_21-16-49.pth
24 Oct 21:54    INFO  epoch 56 training [time: 24.11s, train loss: -0.3777]
24 Oct 21:54    INFO  epoch 56 evaluating [time: 15.18s, valid_score: 0.066700]
24 Oct 21:54    INFO  valid result: 
recall@10 : 0.0657    recall@20 : 0.1072    recall@50 : 0.1891    ndcg@10 : 0.0528    ndcg@20 : 0.0667    ndcg@50 : 0.0905    
24 Oct 21:54    INFO  Saving current best: saved/DirectAU-Oct-24-2023_21-16-49.pth
24 Oct 21:54    INFO  epoch 57 training [time: 24.07s, train loss: -0.3778]
24 Oct 21:54    INFO  epoch 57 evaluating [time: 15.43s, valid_score: 0.066800]
24 Oct 21:54    INFO  valid result: 
recall@10 : 0.0654    recall@20 : 0.1074    recall@50 : 0.1892    ndcg@10 : 0.0526    ndcg@20 : 0.0668    ndcg@50 : 0.0905    
24 Oct 21:54    INFO  Saving current best: saved/DirectAU-Oct-24-2023_21-16-49.pth
24 Oct 21:55    INFO  epoch 58 training [time: 24.09s, train loss: -0.3778]
24 Oct 21:55    INFO  epoch 58 evaluating [time: 15.10s, valid_score: 0.066900]
24 Oct 21:55    INFO  valid result: 
recall@10 : 0.0664    recall@20 : 0.1076    recall@50 : 0.1897    ndcg@10 : 0.053    ndcg@20 : 0.0669    ndcg@50 : 0.0907    
24 Oct 21:55    INFO  Saving current best: saved/DirectAU-Oct-24-2023_21-16-49.pth
24 Oct 21:56    INFO  epoch 59 training [time: 24.09s, train loss: -0.3780]
24 Oct 21:56    INFO  epoch 59 evaluating [time: 15.46s, valid_score: 0.066900]
24 Oct 21:56    INFO  valid result: 
recall@10 : 0.0666    recall@20 : 0.1073    recall@50 : 0.1899    ndcg@10 : 0.0532    ndcg@20 : 0.0669    ndcg@50 : 0.0909    
24 Oct 21:56    INFO  epoch 60 training [time: 24.09s, train loss: -0.3778]
24 Oct 21:56    INFO  epoch 60 evaluating [time: 15.17s, valid_score: 0.067100]
24 Oct 21:56    INFO  valid result: 
recall@10 : 0.067    recall@20 : 0.1079    recall@50 : 0.1896    ndcg@10 : 0.0534    ndcg@20 : 0.0671    ndcg@50 : 0.0909    
24 Oct 21:56    INFO  Saving current best: saved/DirectAU-Oct-24-2023_21-16-49.pth
24 Oct 21:57    INFO  epoch 61 training [time: 24.12s, train loss: -0.3779]
24 Oct 21:57    INFO  epoch 61 evaluating [time: 15.30s, valid_score: 0.066900]
24 Oct 21:57    INFO  valid result: 
recall@10 : 0.0667    recall@20 : 0.1076    recall@50 : 0.1899    ndcg@10 : 0.0532    ndcg@20 : 0.0669    ndcg@50 : 0.0908    
24 Oct 21:58    INFO  epoch 62 training [time: 24.10s, train loss: -0.3780]
24 Oct 21:58    INFO  epoch 62 evaluating [time: 15.07s, valid_score: 0.067200]
24 Oct 21:58    INFO  valid result: 
recall@10 : 0.0667    recall@20 : 0.1075    recall@50 : 0.1902    ndcg@10 : 0.0534    ndcg@20 : 0.0672    ndcg@50 : 0.0912    
24 Oct 21:58    INFO  Saving current best: saved/DirectAU-Oct-24-2023_21-16-49.pth
24 Oct 21:58    INFO  epoch 63 training [time: 24.09s, train loss: -0.3778]
24 Oct 21:58    INFO  epoch 63 evaluating [time: 15.39s, valid_score: 0.067300]
24 Oct 21:58    INFO  valid result: 
recall@10 : 0.0669    recall@20 : 0.1078    recall@50 : 0.1903    ndcg@10 : 0.0535    ndcg@20 : 0.0673    ndcg@50 : 0.0912    
24 Oct 21:58    INFO  Saving current best: saved/DirectAU-Oct-24-2023_21-16-49.pth
24 Oct 21:59    INFO  epoch 64 training [time: 24.07s, train loss: -0.3781]
24 Oct 21:59    INFO  epoch 64 evaluating [time: 15.19s, valid_score: 0.067100]
24 Oct 21:59    INFO  valid result: 
recall@10 : 0.0667    recall@20 : 0.1076    recall@50 : 0.1904    ndcg@10 : 0.0533    ndcg@20 : 0.0671    ndcg@50 : 0.0911    
24 Oct 21:59    INFO  epoch 65 training [time: 24.09s, train loss: -0.3781]
24 Oct 22:00    INFO  epoch 65 evaluating [time: 15.14s, valid_score: 0.067200]
24 Oct 22:00    INFO  valid result: 
recall@10 : 0.0667    recall@20 : 0.1075    recall@50 : 0.1906    ndcg@10 : 0.0534    ndcg@20 : 0.0672    ndcg@50 : 0.0913    
24 Oct 22:00    INFO  epoch 66 training [time: 24.07s, train loss: -0.3781]
24 Oct 22:00    INFO  epoch 66 evaluating [time: 15.06s, valid_score: 0.066900]
24 Oct 22:00    INFO  valid result: 
recall@10 : 0.0667    recall@20 : 0.1074    recall@50 : 0.1905    ndcg@10 : 0.0532    ndcg@20 : 0.0669    ndcg@50 : 0.0911    
24 Oct 22:01    INFO  epoch 67 training [time: 24.09s, train loss: -0.3782]
24 Oct 22:01    INFO  epoch 67 evaluating [time: 15.42s, valid_score: 0.067100]
24 Oct 22:01    INFO  valid result: 
recall@10 : 0.0671    recall@20 : 0.1076    recall@50 : 0.1905    ndcg@10 : 0.0534    ndcg@20 : 0.0671    ndcg@50 : 0.0911    
24 Oct 22:01    INFO  epoch 68 training [time: 24.08s, train loss: -0.3781]
24 Oct 22:02    INFO  epoch 68 evaluating [time: 15.48s, valid_score: 0.067100]
24 Oct 22:02    INFO  valid result: 
recall@10 : 0.0669    recall@20 : 0.1076    recall@50 : 0.1908    ndcg@10 : 0.0534    ndcg@20 : 0.0671    ndcg@50 : 0.0913    
24 Oct 22:02    INFO  epoch 69 training [time: 24.09s, train loss: -0.3782]
24 Oct 22:02    INFO  epoch 69 evaluating [time: 15.17s, valid_score: 0.067400]
24 Oct 22:02    INFO  valid result: 
recall@10 : 0.0667    recall@20 : 0.1084    recall@50 : 0.1903    ndcg@10 : 0.0533    ndcg@20 : 0.0674    ndcg@50 : 0.0911    
24 Oct 22:02    INFO  Saving current best: saved/DirectAU-Oct-24-2023_21-16-49.pth
24 Oct 22:03    INFO  epoch 70 training [time: 24.08s, train loss: -0.3782]
24 Oct 22:03    INFO  epoch 70 evaluating [time: 15.36s, valid_score: 0.067600]
24 Oct 22:03    INFO  valid result: 
recall@10 : 0.0671    recall@20 : 0.1086    recall@50 : 0.1909    ndcg@10 : 0.0536    ndcg@20 : 0.0676    ndcg@50 : 0.0914    
24 Oct 22:03    INFO  Saving current best: saved/DirectAU-Oct-24-2023_21-16-49.pth
24 Oct 22:03    INFO  epoch 71 training [time: 24.02s, train loss: -0.3783]
24 Oct 22:04    INFO  epoch 71 evaluating [time: 15.05s, valid_score: 0.067600]
24 Oct 22:04    INFO  valid result: 
recall@10 : 0.0674    recall@20 : 0.1085    recall@50 : 0.191    ndcg@10 : 0.0539    ndcg@20 : 0.0676    ndcg@50 : 0.0916    
24 Oct 22:04    INFO  epoch 72 training [time: 24.08s, train loss: -0.3782]
24 Oct 22:04    INFO  epoch 72 evaluating [time: 15.36s, valid_score: 0.067300]
24 Oct 22:04    INFO  valid result: 
recall@10 : 0.067    recall@20 : 0.1082    recall@50 : 0.191    ndcg@10 : 0.0534    ndcg@20 : 0.0673    ndcg@50 : 0.0914    
24 Oct 22:05    INFO  epoch 73 training [time: 24.08s, train loss: -0.3784]
24 Oct 22:05    INFO  epoch 73 evaluating [time: 15.06s, valid_score: 0.067600]
24 Oct 22:05    INFO  valid result: 
recall@10 : 0.0669    recall@20 : 0.109    recall@50 : 0.1907    ndcg@10 : 0.0534    ndcg@20 : 0.0676    ndcg@50 : 0.0914    
24 Oct 22:05    INFO  epoch 74 training [time: 24.10s, train loss: -0.3784]
24 Oct 22:06    INFO  epoch 74 evaluating [time: 15.34s, valid_score: 0.067700]
24 Oct 22:06    INFO  valid result: 
recall@10 : 0.0669    recall@20 : 0.1086    recall@50 : 0.1906    ndcg@10 : 0.0536    ndcg@20 : 0.0677    ndcg@50 : 0.0915    
24 Oct 22:06    INFO  Saving current best: saved/DirectAU-Oct-24-2023_21-16-49.pth
24 Oct 22:06    INFO  epoch 75 training [time: 24.16s, train loss: -0.3784]
24 Oct 22:06    INFO  epoch 75 evaluating [time: 15.18s, valid_score: 0.067600]
24 Oct 22:06    INFO  valid result: 
recall@10 : 0.0673    recall@20 : 0.1083    recall@50 : 0.1916    ndcg@10 : 0.0539    ndcg@20 : 0.0676    ndcg@50 : 0.0918    
24 Oct 22:07    INFO  epoch 76 training [time: 24.07s, train loss: -0.3783]
24 Oct 22:07    INFO  epoch 76 evaluating [time: 15.52s, valid_score: 0.067500]
24 Oct 22:07    INFO  valid result: 
recall@10 : 0.0676    recall@20 : 0.108    recall@50 : 0.1911    ndcg@10 : 0.0538    ndcg@20 : 0.0675    ndcg@50 : 0.0915    
24 Oct 22:07    INFO  epoch 77 training [time: 24.09s, train loss: -0.3783]
24 Oct 22:08    INFO  epoch 77 evaluating [time: 15.15s, valid_score: 0.067300]
24 Oct 22:08    INFO  valid result: 
recall@10 : 0.0669    recall@20 : 0.1079    recall@50 : 0.1915    ndcg@10 : 0.0535    ndcg@20 : 0.0673    ndcg@50 : 0.0916    
24 Oct 22:08    INFO  epoch 78 training [time: 24.10s, train loss: -0.3784]
24 Oct 22:08    INFO  epoch 78 evaluating [time: 15.36s, valid_score: 0.067200]
24 Oct 22:08    INFO  valid result: 
recall@10 : 0.0674    recall@20 : 0.1082    recall@50 : 0.1912    ndcg@10 : 0.0535    ndcg@20 : 0.0672    ndcg@50 : 0.0913    
24 Oct 22:09    INFO  epoch 79 training [time: 24.08s, train loss: -0.3784]
24 Oct 22:09    INFO  epoch 79 evaluating [time: 15.07s, valid_score: 0.067400]
24 Oct 22:09    INFO  valid result: 
recall@10 : 0.0672    recall@20 : 0.1081    recall@50 : 0.191    ndcg@10 : 0.0536    ndcg@20 : 0.0674    ndcg@50 : 0.0915    
24 Oct 22:09    INFO  epoch 80 training [time: 24.13s, train loss: -0.3784]
24 Oct 22:10    INFO  epoch 80 evaluating [time: 15.64s, valid_score: 0.067300]
24 Oct 22:10    INFO  valid result: 
recall@10 : 0.067    recall@20 : 0.1079    recall@50 : 0.1912    ndcg@10 : 0.0536    ndcg@20 : 0.0673    ndcg@50 : 0.0915    
24 Oct 22:10    INFO  epoch 81 training [time: 24.08s, train loss: -0.3784]
24 Oct 22:10    INFO  epoch 81 evaluating [time: 15.42s, valid_score: 0.067600]
24 Oct 22:10    INFO  valid result: 
recall@10 : 0.0672    recall@20 : 0.1086    recall@50 : 0.1914    ndcg@10 : 0.0536    ndcg@20 : 0.0676    ndcg@50 : 0.0916    
24 Oct 22:11    INFO  epoch 82 training [time: 24.08s, train loss: -0.3784]
24 Oct 22:11    INFO  epoch 82 evaluating [time: 15.01s, valid_score: 0.067700]
24 Oct 22:11    INFO  valid result: 
recall@10 : 0.0675    recall@20 : 0.1087    recall@50 : 0.1914    ndcg@10 : 0.0539    ndcg@20 : 0.0677    ndcg@50 : 0.0918    
24 Oct 22:11    INFO  epoch 83 training [time: 24.04s, train loss: -0.3785]
24 Oct 22:12    INFO  epoch 83 evaluating [time: 15.28s, valid_score: 0.067700]
24 Oct 22:12    INFO  valid result: 
recall@10 : 0.0675    recall@20 : 0.1083    recall@50 : 0.1916    ndcg@10 : 0.0539    ndcg@20 : 0.0677    ndcg@50 : 0.0918    
24 Oct 22:12    INFO  epoch 84 training [time: 24.05s, train loss: -0.3785]
24 Oct 22:12    INFO  epoch 84 evaluating [time: 15.16s, valid_score: 0.067800]
24 Oct 22:12    INFO  valid result: 
recall@10 : 0.0675    recall@20 : 0.1086    recall@50 : 0.1916    ndcg@10 : 0.054    ndcg@20 : 0.0678    ndcg@50 : 0.0919    
24 Oct 22:12    INFO  Saving current best: saved/DirectAU-Oct-24-2023_21-16-49.pth
24 Oct 22:13    INFO  epoch 85 training [time: 23.98s, train loss: -0.3785]
24 Oct 22:13    INFO  epoch 85 evaluating [time: 15.13s, valid_score: 0.068000]
24 Oct 22:13    INFO  valid result: 
recall@10 : 0.0676    recall@20 : 0.1094    recall@50 : 0.1916    ndcg@10 : 0.054    ndcg@20 : 0.068    ndcg@50 : 0.0919    
24 Oct 22:13    INFO  Saving current best: saved/DirectAU-Oct-24-2023_21-16-49.pth
24 Oct 22:13    INFO  epoch 86 training [time: 23.98s, train loss: -0.3786]
24 Oct 22:14    INFO  epoch 86 evaluating [time: 15.27s, valid_score: 0.067800]
24 Oct 22:14    INFO  valid result: 
recall@10 : 0.0672    recall@20 : 0.1084    recall@50 : 0.1911    ndcg@10 : 0.0539    ndcg@20 : 0.0678    ndcg@50 : 0.0918    
24 Oct 22:14    INFO  epoch 87 training [time: 24.10s, train loss: -0.3785]
24 Oct 22:14    INFO  epoch 87 evaluating [time: 15.59s, valid_score: 0.067900]
24 Oct 22:14    INFO  valid result: 
recall@10 : 0.0675    recall@20 : 0.1085    recall@50 : 0.1914    ndcg@10 : 0.054    ndcg@20 : 0.0679    ndcg@50 : 0.0919    
24 Oct 22:15    INFO  epoch 88 training [time: 24.09s, train loss: -0.3787]
24 Oct 22:15    INFO  epoch 88 evaluating [time: 15.03s, valid_score: 0.067700]
24 Oct 22:15    INFO  valid result: 
recall@10 : 0.0677    recall@20 : 0.1084    recall@50 : 0.191    ndcg@10 : 0.0541    ndcg@20 : 0.0677    ndcg@50 : 0.0917    
24 Oct 22:15    INFO  epoch 89 training [time: 24.10s, train loss: -0.3786]
24 Oct 22:15    INFO  epoch 89 evaluating [time: 15.32s, valid_score: 0.067900]
24 Oct 22:15    INFO  valid result: 
recall@10 : 0.0673    recall@20 : 0.1085    recall@50 : 0.191    ndcg@10 : 0.054    ndcg@20 : 0.0679    ndcg@50 : 0.0919    
24 Oct 22:16    INFO  epoch 90 training [time: 24.18s, train loss: -0.3786]
24 Oct 22:16    INFO  epoch 90 evaluating [time: 15.20s, valid_score: 0.068000]
24 Oct 22:16    INFO  valid result: 
recall@10 : 0.0677    recall@20 : 0.1088    recall@50 : 0.1921    ndcg@10 : 0.0542    ndcg@20 : 0.068    ndcg@50 : 0.0922    
24 Oct 22:17    INFO  epoch 91 training [time: 24.16s, train loss: -0.3786]
24 Oct 22:17    INFO  epoch 91 evaluating [time: 15.55s, valid_score: 0.067800]
24 Oct 22:17    INFO  valid result: 
recall@10 : 0.0673    recall@20 : 0.1084    recall@50 : 0.1914    ndcg@10 : 0.054    ndcg@20 : 0.0678    ndcg@50 : 0.0919    
24 Oct 22:17    INFO  epoch 92 training [time: 24.10s, train loss: -0.3787]
24 Oct 22:17    INFO  epoch 92 evaluating [time: 15.08s, valid_score: 0.068000]
24 Oct 22:17    INFO  valid result: 
recall@10 : 0.0677    recall@20 : 0.1087    recall@50 : 0.1911    ndcg@10 : 0.0542    ndcg@20 : 0.068    ndcg@50 : 0.0919    
24 Oct 22:18    INFO  epoch 93 training [time: 24.19s, train loss: -0.3788]
24 Oct 22:18    INFO  epoch 93 evaluating [time: 15.45s, valid_score: 0.067900]
24 Oct 22:18    INFO  valid result: 
recall@10 : 0.0677    recall@20 : 0.1089    recall@50 : 0.1911    ndcg@10 : 0.0541    ndcg@20 : 0.0679    ndcg@50 : 0.0918    
24 Oct 22:19    INFO  epoch 94 training [time: 24.12s, train loss: -0.3787]
24 Oct 22:19    INFO  epoch 94 evaluating [time: 15.26s, valid_score: 0.068000]
24 Oct 22:19    INFO  valid result: 
recall@10 : 0.0673    recall@20 : 0.1089    recall@50 : 0.1913    ndcg@10 : 0.0539    ndcg@20 : 0.068    ndcg@50 : 0.0919    
24 Oct 22:19    INFO  epoch 95 training [time: 24.04s, train loss: -0.3787]
24 Oct 22:19    INFO  epoch 95 evaluating [time: 15.20s, valid_score: 0.068000]
24 Oct 22:19    INFO  valid result: 
recall@10 : 0.0677    recall@20 : 0.1087    recall@50 : 0.1911    ndcg@10 : 0.0542    ndcg@20 : 0.068    ndcg@50 : 0.0919    
24 Oct 22:20    INFO  epoch 96 training [time: 24.07s, train loss: -0.3788]
24 Oct 22:20    INFO  epoch 96 evaluating [time: 15.21s, valid_score: 0.067900]
24 Oct 22:20    INFO  valid result: 
recall@10 : 0.0676    recall@20 : 0.1084    recall@50 : 0.1923    ndcg@10 : 0.0541    ndcg@20 : 0.0679    ndcg@50 : 0.0922    
24 Oct 22:20    INFO  Finished training, best eval result in epoch 85
24 Oct 22:20    INFO  Loading model structure and parameters from saved/DirectAU-Oct-24-2023_21-16-49.pth
24 Oct 22:20    INFO  best valid : {'recall@10': 0.0676, 'recall@20': 0.1094, 'recall@50': 0.1916, 'ndcg@10': 0.054, 'ndcg@20': 0.068, 'ndcg@50': 0.0919}
24 Oct 22:20    INFO  test result: {'recall@10': 0.0683, 'recall@20': 0.1097, 'recall@50': 0.1937, 'ndcg@10': 0.0547, 'ndcg@20': 0.0685, 'ndcg@50': 0.0927}
