command line args [--zc 0.5] will not be used in RecBole
20 Oct 17:50    INFO  
General Hyper Parameters:
gpu_id = 3
use_gpu = True
seed = 0
state = INFO
reproducibility = True
data_path = dataset/Yelp
show_progress = False

Training Hyper Parameters:
checkpoint_dir = saved
epochs = 500
train_batch_size = 1024
learner = adam
learning_rate = 0.001
training_neg_sample_num = 0
training_neg_sample_distribution = uniform
eval_step = 1
stopping_step = 10
clip_grad_norm = None
weight_decay = 1e-06
draw_loss_pic = False
loss_decimal_place = 4

Evaluation Hyper Parameters:
eval_setting = RO_RS,full
group_by_user = True
split_ratio = [0.8, 0.1, 0.1]
leave_one_num = 2
real_time_process = False
metrics = ['Recall', 'NDCG']
topk = [10, 20, 50]
valid_metric = NDCG@20
eval_batch_size = 4096
metric_decimal_place = 4

Dataset Hyper Parameters:
field_separator = 	
seq_separator =  
USER_ID_FIELD = user_id
ITEM_ID_FIELD = item_id
RATING_FIELD = rating
TIME_FIELD = timestamp
seq_len = None
LABEL_FIELD = label
threshold = None
NEG_PREFIX = neg_
load_col = {'inter': ['user_id', 'item_id', 'timestamp']}
unload_col = None
unused_col = None
additional_feat_suffix = None
lowest_val = None
highest_val = None
equal_val = None
not_equal_val = None
max_user_inter_num = None
min_user_inter_num = 5
max_item_inter_num = None
min_item_inter_num = 5
fields_in_same_space = None
preload_weight = None
normalize_field = None
normalize_all = None
ITEM_LIST_LENGTH_FIELD = item_length
LIST_SUFFIX = _list
MAX_ITEM_LIST_LENGTH = 50
POSITION_FIELD = position_id
HEAD_ENTITY_ID_FIELD = head_id
TAIL_ENTITY_ID_FIELD = tail_id
RELATION_ID_FIELD = relation_id
ENTITY_ID_FIELD = entity_id

Other Hyper Parameters: 
valid_metric_bigger = True
BT = 0.1
bt = 0.001
embedding_size = 64
encoder = MF
gamma = 0.5
times = 1
witem = 0.1
wuser = 0.8
zc = 0.5
rm_dup_inter = None
filter_inter_by_user_or_item = True
SOURCE_ID_FIELD = source_id
TARGET_ID_FIELD = target_id
benchmark_filename = None
MODEL_TYPE = ModelType.GENERAL
MODEL_INPUT_TYPE = InputType.POINTWISE
eval_type = EvaluatorType.RANKING
device = cuda
train_neg_sample_args = {'strategy': 'none'}


20 Oct 17:50    INFO  Yelp
The number of users: 31669
Average actions of users: 49.305481874447395
The number of items: 38049
Average actions of items: 41.037794365012616
The number of inters: 1561406
The sparsity of the dataset: 99.87041991912021%
Remain Fields: ['user_id', 'item_id']
20 Oct 17:50    INFO  Build [GeneralDataLoader] for [train] with format [InputType.POINTWISE]
20 Oct 17:50    INFO  [train] No Negative Sampling
20 Oct 17:50    INFO  [train] batch_size = [1024], shuffle = [True]

20 Oct 17:50    INFO  Build [GeneralFullDataLoader] for [evaluation] with format [InputType.POINTWISE]
20 Oct 17:50    INFO  Evaluation Setting:
	Group by user_id
	Ordering: {'strategy': 'shuffle'}
	Splitting: {'strategy': 'by_ratio', 'ratios': [0.8, 0.1, 0.1]}
	Negative Sampling: {'strategy': 'full', 'distribution': 'uniform'}
20 Oct 17:50    INFO  [evaluation] batch_size = [4096], shuffle = [False]

20 Oct 17:50    WARNING  Batch size is changed to 38049.
20 Oct 17:50    WARNING  Batch size is changed to 38049.
{'BT': 0.1, 'bt': 0.001, 'embedding_size': 64, 'encoder': 'MF', 'gamma': None, 'times': 1, 'training_neg_sample_num': 0, 'witem': 0.1, 'wuser': 0.8, 'zc': 0.5}
this is encoder MF...
这是directau 的 WUBT 版本...
20 Oct 17:50    INFO  DirectAU(
  (encoder): MFEncoder(
    (user_embedding): Embedding(31669, 64)
    (item_embedding): Embedding(38049, 64)
  )
  (bn): BatchNorm1d(64, eps=1e-05, momentum=0.1, affine=False, track_running_stats=True)
  (projector): Sequential(
    (0): Linear(in_features=64, out_features=64, bias=False)
    (1): BatchNorm1d(64, eps=1e-05, momentum=0.1, affine=True, track_running_stats=True)
    (2): ReLU(inplace=True)
    (3): Linear(in_features=64, out_features=64, bias=False)
    (4): BatchNorm1d(64, eps=1e-05, momentum=0.1, affine=True, track_running_stats=True)
    (5): ReLU(inplace=True)
    (6): Linear(in_features=64, out_features=64, bias=False)
  )
)
Trainable parameters: 4474496
20 Oct 17:51    INFO  epoch 0 training [time: 24.22s, train loss: -0.2537]
20 Oct 17:51    INFO  epoch 0 evaluating [time: 15.48s, valid_score: 0.022600]
20 Oct 17:51    INFO  valid result: 
recall@10 : 0.0212    recall@20 : 0.0378    recall@50 : 0.0759    ndcg@10 : 0.0168    ndcg@20 : 0.0226    ndcg@50 : 0.034    
20 Oct 17:51    INFO  Saving current best: saved/DirectAU-Oct-20-2023_17-50-46.pth
20 Oct 17:51    INFO  epoch 1 training [time: 24.12s, train loss: -0.7029]
20 Oct 17:52    INFO  epoch 1 evaluating [time: 15.04s, valid_score: 0.031700]
20 Oct 17:52    INFO  valid result: 
recall@10 : 0.0301    recall@20 : 0.0527    recall@50 : 0.1026    ndcg@10 : 0.0239    ndcg@20 : 0.0317    ndcg@50 : 0.0464    
20 Oct 17:52    INFO  Saving current best: saved/DirectAU-Oct-20-2023_17-50-46.pth
20 Oct 17:52    INFO  epoch 2 training [time: 24.11s, train loss: -0.7859]
20 Oct 17:52    INFO  epoch 2 evaluating [time: 15.51s, valid_score: 0.035600]
20 Oct 17:52    INFO  valid result: 
recall@10 : 0.0345    recall@20 : 0.059    recall@50 : 0.1148    ndcg@10 : 0.0272    ndcg@20 : 0.0356    ndcg@50 : 0.0519    
20 Oct 17:52    INFO  Saving current best: saved/DirectAU-Oct-20-2023_17-50-46.pth
20 Oct 17:53    INFO  epoch 3 training [time: 24.14s, train loss: -0.8267]
20 Oct 17:53    INFO  epoch 3 evaluating [time: 15.40s, valid_score: 0.038800]
20 Oct 17:53    INFO  valid result: 
recall@10 : 0.0379    recall@20 : 0.0647    recall@50 : 0.1216    ndcg@10 : 0.0296    ndcg@20 : 0.0388    ndcg@50 : 0.0554    
20 Oct 17:53    INFO  Saving current best: saved/DirectAU-Oct-20-2023_17-50-46.pth
20 Oct 17:53    INFO  epoch 4 training [time: 24.16s, train loss: -0.8541]
20 Oct 17:54    INFO  epoch 4 evaluating [time: 15.06s, valid_score: 0.041200]
20 Oct 17:54    INFO  valid result: 
recall@10 : 0.0399    recall@20 : 0.0676    recall@50 : 0.1276    ndcg@10 : 0.0317    ndcg@20 : 0.0412    ndcg@50 : 0.0587    
20 Oct 17:54    INFO  Saving current best: saved/DirectAU-Oct-20-2023_17-50-46.pth
20 Oct 17:54    INFO  epoch 5 training [time: 24.19s, train loss: -0.8748]
20 Oct 17:54    INFO  epoch 5 evaluating [time: 15.35s, valid_score: 0.043200]
20 Oct 17:54    INFO  valid result: 
recall@10 : 0.0433    recall@20 : 0.0708    recall@50 : 0.1327    ndcg@10 : 0.0338    ndcg@20 : 0.0432    ndcg@50 : 0.0613    
20 Oct 17:54    INFO  Saving current best: saved/DirectAU-Oct-20-2023_17-50-46.pth
20 Oct 17:55    INFO  epoch 6 training [time: 24.08s, train loss: -0.8914]
20 Oct 17:55    INFO  epoch 6 evaluating [time: 15.17s, valid_score: 0.045600]
20 Oct 17:55    INFO  valid result: 
recall@10 : 0.0449    recall@20 : 0.0756    recall@50 : 0.1378    ndcg@10 : 0.0352    ndcg@20 : 0.0456    ndcg@50 : 0.0637    
20 Oct 17:55    INFO  Saving current best: saved/DirectAU-Oct-20-2023_17-50-46.pth
20 Oct 17:55    INFO  epoch 7 training [time: 24.15s, train loss: -0.9057]
20 Oct 17:56    INFO  epoch 7 evaluating [time: 15.55s, valid_score: 0.046900]
20 Oct 17:56    INFO  valid result: 
recall@10 : 0.0466    recall@20 : 0.0775    recall@50 : 0.1412    ndcg@10 : 0.0364    ndcg@20 : 0.0469    ndcg@50 : 0.0655    
20 Oct 17:56    INFO  Saving current best: saved/DirectAU-Oct-20-2023_17-50-46.pth
20 Oct 17:56    INFO  epoch 8 training [time: 24.29s, train loss: -0.9178]
20 Oct 17:56    INFO  epoch 8 evaluating [time: 15.25s, valid_score: 0.048400]
20 Oct 17:56    INFO  valid result: 
recall@10 : 0.0478    recall@20 : 0.0801    recall@50 : 0.1449    ndcg@10 : 0.0374    ndcg@20 : 0.0484    ndcg@50 : 0.0674    
20 Oct 17:56    INFO  Saving current best: saved/DirectAU-Oct-20-2023_17-50-46.pth
20 Oct 17:57    INFO  epoch 9 training [time: 24.27s, train loss: -0.9281]
20 Oct 17:57    INFO  epoch 9 evaluating [time: 15.46s, valid_score: 0.049900]
20 Oct 17:57    INFO  valid result: 
recall@10 : 0.05    recall@20 : 0.0817    recall@50 : 0.1476    ndcg@10 : 0.0391    ndcg@20 : 0.0499    ndcg@50 : 0.0691    
20 Oct 17:57    INFO  Saving current best: saved/DirectAU-Oct-20-2023_17-50-46.pth
20 Oct 17:57    INFO  epoch 10 training [time: 24.28s, train loss: -0.9372]
20 Oct 17:58    INFO  epoch 10 evaluating [time: 16.10s, valid_score: 0.051300]
20 Oct 17:58    INFO  valid result: 
recall@10 : 0.051    recall@20 : 0.0834    recall@50 : 0.1517    ndcg@10 : 0.0403    ndcg@20 : 0.0513    ndcg@50 : 0.0712    
20 Oct 17:58    INFO  Saving current best: saved/DirectAU-Oct-20-2023_17-50-46.pth
20 Oct 17:58    INFO  epoch 11 training [time: 24.31s, train loss: -0.9448]
20 Oct 17:58    INFO  epoch 11 evaluating [time: 15.40s, valid_score: 0.052300]
20 Oct 17:58    INFO  valid result: 
recall@10 : 0.0522    recall@20 : 0.0854    recall@50 : 0.1541    ndcg@10 : 0.041    ndcg@20 : 0.0523    ndcg@50 : 0.0723    
20 Oct 17:58    INFO  Saving current best: saved/DirectAU-Oct-20-2023_17-50-46.pth
20 Oct 17:59    INFO  epoch 12 training [time: 24.32s, train loss: -0.9515]
20 Oct 17:59    INFO  epoch 12 evaluating [time: 15.30s, valid_score: 0.053800]
20 Oct 17:59    INFO  valid result: 
recall@10 : 0.054    recall@20 : 0.0877    recall@50 : 0.1574    ndcg@10 : 0.0424    ndcg@20 : 0.0538    ndcg@50 : 0.0741    
20 Oct 17:59    INFO  Saving current best: saved/DirectAU-Oct-20-2023_17-50-46.pth
20 Oct 17:59    INFO  epoch 13 training [time: 24.29s, train loss: -0.9572]
20 Oct 18:00    INFO  epoch 13 evaluating [time: 15.47s, valid_score: 0.054000]
20 Oct 18:00    INFO  valid result: 
recall@10 : 0.0541    recall@20 : 0.0877    recall@50 : 0.1594    ndcg@10 : 0.0426    ndcg@20 : 0.054    ndcg@50 : 0.0748    
20 Oct 18:00    INFO  Saving current best: saved/DirectAU-Oct-20-2023_17-50-46.pth
20 Oct 18:00    INFO  epoch 14 training [time: 24.28s, train loss: -0.9620]
20 Oct 18:00    INFO  epoch 14 evaluating [time: 15.22s, valid_score: 0.055700]
20 Oct 18:00    INFO  valid result: 
recall@10 : 0.0558    recall@20 : 0.0901    recall@50 : 0.1613    ndcg@10 : 0.0441    ndcg@20 : 0.0557    ndcg@50 : 0.0764    
20 Oct 18:00    INFO  Saving current best: saved/DirectAU-Oct-20-2023_17-50-46.pth
20 Oct 18:01    INFO  epoch 15 training [time: 24.28s, train loss: -0.9663]
20 Oct 18:01    INFO  epoch 15 evaluating [time: 15.60s, valid_score: 0.056300]
20 Oct 18:01    INFO  valid result: 
recall@10 : 0.0566    recall@20 : 0.0909    recall@50 : 0.1634    ndcg@10 : 0.0446    ndcg@20 : 0.0563    ndcg@50 : 0.0773    
20 Oct 18:01    INFO  Saving current best: saved/DirectAU-Oct-20-2023_17-50-46.pth
20 Oct 18:01    INFO  epoch 16 training [time: 24.27s, train loss: -0.9700]
20 Oct 18:02    INFO  epoch 16 evaluating [time: 15.56s, valid_score: 0.056600]
20 Oct 18:02    INFO  valid result: 
recall@10 : 0.0568    recall@20 : 0.0913    recall@50 : 0.1656    ndcg@10 : 0.0449    ndcg@20 : 0.0566    ndcg@50 : 0.0782    
20 Oct 18:02    INFO  Saving current best: saved/DirectAU-Oct-20-2023_17-50-46.pth
20 Oct 18:02    INFO  epoch 17 training [time: 24.28s, train loss: -0.9735]
20 Oct 18:02    INFO  epoch 17 evaluating [time: 15.25s, valid_score: 0.057100]
20 Oct 18:02    INFO  valid result: 
recall@10 : 0.057    recall@20 : 0.092    recall@50 : 0.1659    ndcg@10 : 0.0451    ndcg@20 : 0.0571    ndcg@50 : 0.0785    
20 Oct 18:02    INFO  Saving current best: saved/DirectAU-Oct-20-2023_17-50-46.pth
20 Oct 18:03    INFO  epoch 18 training [time: 24.28s, train loss: -0.9764]
20 Oct 18:03    INFO  epoch 18 evaluating [time: 15.42s, valid_score: 0.057500]
20 Oct 18:03    INFO  valid result: 
recall@10 : 0.0573    recall@20 : 0.0927    recall@50 : 0.1666    ndcg@10 : 0.0456    ndcg@20 : 0.0575    ndcg@50 : 0.079    
20 Oct 18:03    INFO  Saving current best: saved/DirectAU-Oct-20-2023_17-50-46.pth
20 Oct 18:03    INFO  epoch 19 training [time: 24.12s, train loss: -0.9789]
20 Oct 18:04    INFO  epoch 19 evaluating [time: 15.17s, valid_score: 0.058200]
20 Oct 18:04    INFO  valid result: 
recall@10 : 0.0583    recall@20 : 0.0933    recall@50 : 0.1693    ndcg@10 : 0.0464    ndcg@20 : 0.0582    ndcg@50 : 0.0802    
20 Oct 18:04    INFO  Saving current best: saved/DirectAU-Oct-20-2023_17-50-46.pth
20 Oct 18:04    INFO  epoch 20 training [time: 24.28s, train loss: -0.9810]
20 Oct 18:04    INFO  epoch 20 evaluating [time: 15.47s, valid_score: 0.058700]
20 Oct 18:04    INFO  valid result: 
recall@10 : 0.0588    recall@20 : 0.0943    recall@50 : 0.1694    ndcg@10 : 0.0468    ndcg@20 : 0.0587    ndcg@50 : 0.0805    
20 Oct 18:04    INFO  Saving current best: saved/DirectAU-Oct-20-2023_17-50-46.pth
20 Oct 18:05    INFO  epoch 21 training [time: 24.23s, train loss: -0.9828]
20 Oct 18:05    INFO  epoch 21 evaluating [time: 15.21s, valid_score: 0.058700]
20 Oct 18:05    INFO  valid result: 
recall@10 : 0.0591    recall@20 : 0.0942    recall@50 : 0.1708    ndcg@10 : 0.0469    ndcg@20 : 0.0587    ndcg@50 : 0.0809    
20 Oct 18:05    INFO  epoch 22 training [time: 24.26s, train loss: -0.9843]
20 Oct 18:06    INFO  epoch 22 evaluating [time: 15.30s, valid_score: 0.059000]
20 Oct 18:06    INFO  valid result: 
recall@10 : 0.0588    recall@20 : 0.0949    recall@50 : 0.1707    ndcg@10 : 0.0468    ndcg@20 : 0.059    ndcg@50 : 0.081    
20 Oct 18:06    INFO  Saving current best: saved/DirectAU-Oct-20-2023_17-50-46.pth
20 Oct 18:06    INFO  epoch 23 training [time: 24.31s, train loss: -0.9858]
20 Oct 18:06    INFO  epoch 23 evaluating [time: 15.26s, valid_score: 0.059200]
20 Oct 18:06    INFO  valid result: 
recall@10 : 0.0595    recall@20 : 0.0953    recall@50 : 0.1713    ndcg@10 : 0.0472    ndcg@20 : 0.0592    ndcg@50 : 0.0813    
20 Oct 18:06    INFO  Saving current best: saved/DirectAU-Oct-20-2023_17-50-46.pth
20 Oct 18:07    INFO  epoch 24 training [time: 24.28s, train loss: -0.9871]
20 Oct 18:07    INFO  epoch 24 evaluating [time: 15.53s, valid_score: 0.059500]
20 Oct 18:07    INFO  valid result: 
recall@10 : 0.0595    recall@20 : 0.0952    recall@50 : 0.1716    ndcg@10 : 0.0474    ndcg@20 : 0.0595    ndcg@50 : 0.0816    
20 Oct 18:07    INFO  Saving current best: saved/DirectAU-Oct-20-2023_17-50-46.pth
20 Oct 18:07    INFO  epoch 25 training [time: 24.29s, train loss: -0.9881]
20 Oct 18:07    INFO  epoch 25 evaluating [time: 15.06s, valid_score: 0.059600]
20 Oct 18:07    INFO  valid result: 
recall@10 : 0.0598    recall@20 : 0.0957    recall@50 : 0.1728    ndcg@10 : 0.0475    ndcg@20 : 0.0596    ndcg@50 : 0.0819    
20 Oct 18:07    INFO  Saving current best: saved/DirectAU-Oct-20-2023_17-50-46.pth
20 Oct 18:08    INFO  epoch 26 training [time: 24.31s, train loss: -0.9889]
20 Oct 18:08    INFO  epoch 26 evaluating [time: 15.40s, valid_score: 0.060000]
20 Oct 18:08    INFO  valid result: 
recall@10 : 0.0597    recall@20 : 0.0961    recall@50 : 0.1726    ndcg@10 : 0.0477    ndcg@20 : 0.06    ndcg@50 : 0.0822    
20 Oct 18:08    INFO  Saving current best: saved/DirectAU-Oct-20-2023_17-50-46.pth
20 Oct 18:09    INFO  epoch 27 training [time: 24.28s, train loss: -0.9898]
20 Oct 18:09    INFO  epoch 27 evaluating [time: 15.14s, valid_score: 0.060100]
20 Oct 18:09    INFO  valid result: 
recall@10 : 0.0605    recall@20 : 0.0966    recall@50 : 0.1725    ndcg@10 : 0.0479    ndcg@20 : 0.0601    ndcg@50 : 0.0821    
20 Oct 18:09    INFO  Saving current best: saved/DirectAU-Oct-20-2023_17-50-46.pth
20 Oct 18:09    INFO  epoch 28 training [time: 24.26s, train loss: -0.9906]
20 Oct 18:09    INFO  epoch 28 evaluating [time: 15.50s, valid_score: 0.060200]
20 Oct 18:09    INFO  valid result: 
recall@10 : 0.0604    recall@20 : 0.096    recall@50 : 0.1719    ndcg@10 : 0.0481    ndcg@20 : 0.0602    ndcg@50 : 0.0822    
20 Oct 18:09    INFO  Saving current best: saved/DirectAU-Oct-20-2023_17-50-46.pth
20 Oct 18:10    INFO  epoch 29 training [time: 24.28s, train loss: -0.9913]
20 Oct 18:10    INFO  epoch 29 evaluating [time: 15.35s, valid_score: 0.059700]
20 Oct 18:10    INFO  valid result: 
recall@10 : 0.0605    recall@20 : 0.0957    recall@50 : 0.1724    ndcg@10 : 0.0478    ndcg@20 : 0.0597    ndcg@50 : 0.082    
20 Oct 18:11    INFO  epoch 30 training [time: 24.29s, train loss: -0.9919]
20 Oct 18:11    INFO  epoch 30 evaluating [time: 14.97s, valid_score: 0.060200]
20 Oct 18:11    INFO  valid result: 
recall@10 : 0.0603    recall@20 : 0.0963    recall@50 : 0.1735    ndcg@10 : 0.048    ndcg@20 : 0.0602    ndcg@50 : 0.0826    
20 Oct 18:11    INFO  epoch 31 training [time: 24.25s, train loss: -0.9924]
20 Oct 18:11    INFO  epoch 31 evaluating [time: 15.50s, valid_score: 0.060300]
20 Oct 18:11    INFO  valid result: 
recall@10 : 0.0605    recall@20 : 0.0971    recall@50 : 0.1731    ndcg@10 : 0.0479    ndcg@20 : 0.0603    ndcg@50 : 0.0824    
20 Oct 18:11    INFO  Saving current best: saved/DirectAU-Oct-20-2023_17-50-46.pth
20 Oct 18:12    INFO  epoch 32 training [time: 24.35s, train loss: -0.9929]
20 Oct 18:12    INFO  epoch 32 evaluating [time: 15.23s, valid_score: 0.060400]
20 Oct 18:12    INFO  valid result: 
recall@10 : 0.0602    recall@20 : 0.0971    recall@50 : 0.1734    ndcg@10 : 0.0479    ndcg@20 : 0.0604    ndcg@50 : 0.0825    
20 Oct 18:12    INFO  Saving current best: saved/DirectAU-Oct-20-2023_17-50-46.pth
20 Oct 18:13    INFO  epoch 33 training [time: 24.27s, train loss: -0.9934]
20 Oct 18:13    INFO  epoch 33 evaluating [time: 15.51s, valid_score: 0.060200]
20 Oct 18:13    INFO  valid result: 
recall@10 : 0.0602    recall@20 : 0.0964    recall@50 : 0.1736    ndcg@10 : 0.048    ndcg@20 : 0.0602    ndcg@50 : 0.0826    
20 Oct 18:13    INFO  epoch 34 training [time: 24.26s, train loss: -0.9938]
20 Oct 18:13    INFO  epoch 34 evaluating [time: 15.03s, valid_score: 0.060700]
20 Oct 18:13    INFO  valid result: 
recall@10 : 0.0606    recall@20 : 0.0974    recall@50 : 0.1734    ndcg@10 : 0.0484    ndcg@20 : 0.0607    ndcg@50 : 0.0828    
20 Oct 18:13    INFO  Saving current best: saved/DirectAU-Oct-20-2023_17-50-46.pth
20 Oct 18:14    INFO  epoch 35 training [time: 24.28s, train loss: -0.9942]
20 Oct 18:14    INFO  epoch 35 evaluating [time: 15.45s, valid_score: 0.060600]
20 Oct 18:14    INFO  valid result: 
recall@10 : 0.0607    recall@20 : 0.0974    recall@50 : 0.1741    ndcg@10 : 0.0481    ndcg@20 : 0.0606    ndcg@50 : 0.0827    
20 Oct 18:15    INFO  epoch 36 training [time: 24.28s, train loss: -0.9947]
20 Oct 18:15    INFO  epoch 36 evaluating [time: 15.20s, valid_score: 0.060500]
20 Oct 18:15    INFO  valid result: 
recall@10 : 0.0603    recall@20 : 0.0975    recall@50 : 0.1742    ndcg@10 : 0.0479    ndcg@20 : 0.0605    ndcg@50 : 0.0827    
20 Oct 18:15    INFO  epoch 37 training [time: 24.31s, train loss: -0.9949]
20 Oct 18:15    INFO  epoch 37 evaluating [time: 15.45s, valid_score: 0.060300]
20 Oct 18:15    INFO  valid result: 
recall@10 : 0.0602    recall@20 : 0.0967    recall@50 : 0.1749    ndcg@10 : 0.0479    ndcg@20 : 0.0603    ndcg@50 : 0.0829    
20 Oct 18:16    INFO  epoch 38 training [time: 24.27s, train loss: -0.9952]
20 Oct 18:16    INFO  epoch 38 evaluating [time: 15.01s, valid_score: 0.060300]
20 Oct 18:16    INFO  valid result: 
recall@10 : 0.0607    recall@20 : 0.0962    recall@50 : 0.1742    ndcg@10 : 0.0483    ndcg@20 : 0.0603    ndcg@50 : 0.0829    
20 Oct 18:16    INFO  epoch 39 training [time: 24.28s, train loss: -0.9953]
20 Oct 18:17    INFO  epoch 39 evaluating [time: 15.31s, valid_score: 0.060700]
20 Oct 18:17    INFO  valid result: 
recall@10 : 0.0602    recall@20 : 0.0975    recall@50 : 0.1746    ndcg@10 : 0.0482    ndcg@20 : 0.0607    ndcg@50 : 0.0831    
20 Oct 18:17    INFO  epoch 40 training [time: 24.29s, train loss: -0.9955]
20 Oct 18:17    INFO  epoch 40 evaluating [time: 15.16s, valid_score: 0.060400]
20 Oct 18:17    INFO  valid result: 
recall@10 : 0.0605    recall@20 : 0.097    recall@50 : 0.1744    ndcg@10 : 0.0481    ndcg@20 : 0.0604    ndcg@50 : 0.0829    
20 Oct 18:18    INFO  epoch 41 training [time: 24.28s, train loss: -0.9955]
20 Oct 18:18    INFO  epoch 41 evaluating [time: 15.48s, valid_score: 0.060300]
20 Oct 18:18    INFO  valid result: 
recall@10 : 0.0605    recall@20 : 0.0966    recall@50 : 0.1745    ndcg@10 : 0.0481    ndcg@20 : 0.0603    ndcg@50 : 0.0829    
20 Oct 18:18    INFO  epoch 42 training [time: 24.27s, train loss: -0.9956]
20 Oct 18:19    INFO  epoch 42 evaluating [time: 15.27s, valid_score: 0.060300]
20 Oct 18:19    INFO  valid result: 
recall@10 : 0.0599    recall@20 : 0.0967    recall@50 : 0.1749    ndcg@10 : 0.0478    ndcg@20 : 0.0603    ndcg@50 : 0.0829    
20 Oct 18:19    INFO  epoch 43 training [time: 24.26s, train loss: -0.9957]
20 Oct 18:19    INFO  epoch 43 evaluating [time: 15.07s, valid_score: 0.060400]
20 Oct 18:19    INFO  valid result: 
recall@10 : 0.0607    recall@20 : 0.0965    recall@50 : 0.1743    ndcg@10 : 0.0484    ndcg@20 : 0.0604    ndcg@50 : 0.083    
20 Oct 18:20    INFO  epoch 44 training [time: 24.24s, train loss: -0.9959]
20 Oct 18:20    INFO  epoch 44 evaluating [time: 15.33s, valid_score: 0.060400]
20 Oct 18:20    INFO  valid result: 
recall@10 : 0.0598    recall@20 : 0.0967    recall@50 : 0.1745    ndcg@10 : 0.0479    ndcg@20 : 0.0604    ndcg@50 : 0.0829    
20 Oct 18:20    INFO  epoch 45 training [time: 24.29s, train loss: -0.9959]
20 Oct 18:21    INFO  epoch 45 evaluating [time: 15.16s, valid_score: 0.060400]
20 Oct 18:21    INFO  valid result: 
recall@10 : 0.0605    recall@20 : 0.0973    recall@50 : 0.1746    ndcg@10 : 0.048    ndcg@20 : 0.0604    ndcg@50 : 0.0828    
20 Oct 18:21    INFO  Finished training, best eval result in epoch 34
20 Oct 18:21    INFO  Loading model structure and parameters from saved/DirectAU-Oct-20-2023_17-50-46.pth
20 Oct 18:21    INFO  best valid : {'recall@10': 0.0606, 'recall@20': 0.0974, 'recall@50': 0.1734, 'ndcg@10': 0.0484, 'ndcg@20': 0.0607, 'ndcg@50': 0.0828}
20 Oct 18:21    INFO  test result: {'recall@10': 0.0606, 'recall@20': 0.0971, 'recall@50': 0.1745, 'ndcg@10': 0.0482, 'ndcg@20': 0.0604, 'ndcg@50': 0.0828}
