command line args [--zc 0.5] will not be used in RecBole
21 Oct 10:53    INFO  
General Hyper Parameters:
gpu_id = 3
use_gpu = True
seed = 0
state = INFO
reproducibility = True
data_path = dataset/Yelp
show_progress = False

Training Hyper Parameters:
checkpoint_dir = saved
epochs = 500
train_batch_size = 1024
learner = adam
learning_rate = 0.001
training_neg_sample_num = 0
training_neg_sample_distribution = uniform
eval_step = 1
stopping_step = 10
clip_grad_norm = None
weight_decay = 1e-06
draw_loss_pic = False
loss_decimal_place = 4

Evaluation Hyper Parameters:
eval_setting = RO_RS,full
group_by_user = True
split_ratio = [0.8, 0.1, 0.1]
leave_one_num = 2
real_time_process = False
metrics = ['Recall', 'NDCG']
topk = [10, 20, 50]
valid_metric = NDCG@20
eval_batch_size = 4096
metric_decimal_place = 4

Dataset Hyper Parameters:
field_separator = 	
seq_separator =  
USER_ID_FIELD = user_id
ITEM_ID_FIELD = item_id
RATING_FIELD = rating
TIME_FIELD = timestamp
seq_len = None
LABEL_FIELD = label
threshold = None
NEG_PREFIX = neg_
load_col = {'inter': ['user_id', 'item_id', 'timestamp']}
unload_col = None
unused_col = None
additional_feat_suffix = None
lowest_val = None
highest_val = None
equal_val = None
not_equal_val = None
max_user_inter_num = None
min_user_inter_num = 5
max_item_inter_num = None
min_item_inter_num = 5
fields_in_same_space = None
preload_weight = None
normalize_field = None
normalize_all = None
ITEM_LIST_LENGTH_FIELD = item_length
LIST_SUFFIX = _list
MAX_ITEM_LIST_LENGTH = 50
POSITION_FIELD = position_id
HEAD_ENTITY_ID_FIELD = head_id
TAIL_ENTITY_ID_FIELD = tail_id
RELATION_ID_FIELD = relation_id
ENTITY_ID_FIELD = entity_id

Other Hyper Parameters: 
valid_metric_bigger = True
BT = 0.1
bt = 0.001
embedding_size = 64
encoder = MF
gamma = 0.5
times = 1
witem = 0.1
wuser = 0.8
zc = 0.5
rm_dup_inter = None
filter_inter_by_user_or_item = True
SOURCE_ID_FIELD = source_id
TARGET_ID_FIELD = target_id
benchmark_filename = None
MODEL_TYPE = ModelType.GENERAL
MODEL_INPUT_TYPE = InputType.POINTWISE
eval_type = EvaluatorType.RANKING
device = cuda
train_neg_sample_args = {'strategy': 'none'}


21 Oct 10:53    INFO  Yelp
The number of users: 31669
Average actions of users: 49.305481874447395
The number of items: 38049
Average actions of items: 41.037794365012616
The number of inters: 1561406
The sparsity of the dataset: 99.87041991912021%
Remain Fields: ['user_id', 'item_id']
21 Oct 10:53    INFO  Build [GeneralDataLoader] for [train] with format [InputType.POINTWISE]
21 Oct 10:53    INFO  [train] No Negative Sampling
21 Oct 10:53    INFO  [train] batch_size = [1024], shuffle = [True]

21 Oct 10:53    INFO  Build [GeneralFullDataLoader] for [evaluation] with format [InputType.POINTWISE]
21 Oct 10:53    INFO  Evaluation Setting:
	Group by user_id
	Ordering: {'strategy': 'shuffle'}
	Splitting: {'strategy': 'by_ratio', 'ratios': [0.8, 0.1, 0.1]}
	Negative Sampling: {'strategy': 'full', 'distribution': 'uniform'}
21 Oct 10:53    INFO  [evaluation] batch_size = [4096], shuffle = [False]

21 Oct 10:53    WARNING  Batch size is changed to 38049.
21 Oct 10:53    WARNING  Batch size is changed to 38049.
{'BT': 0.1, 'bt': 0.001, 'embedding_size': 64, 'encoder': 'MF', 'gamma': None, 'times': 1, 'training_neg_sample_num': 0, 'witem': 0.1, 'wuser': 0.8, 'zc': 0.5}
this is encoder MF...
这是directau 的 WUBT 版本...
21 Oct 10:53    INFO  DirectAU(
  (encoder): MFEncoder(
    (user_embedding): Embedding(31669, 64)
    (item_embedding): Embedding(38049, 64)
  )
  (bn): BatchNorm1d(64, eps=1e-05, momentum=0.1, affine=False, track_running_stats=True)
  (projector): Sequential(
    (0): Linear(in_features=64, out_features=64, bias=False)
    (1): BatchNorm1d(64, eps=1e-05, momentum=0.1, affine=True, track_running_stats=True)
    (2): ReLU(inplace=True)
    (3): Linear(in_features=64, out_features=64, bias=False)
    (4): BatchNorm1d(64, eps=1e-05, momentum=0.1, affine=True, track_running_stats=True)
    (5): ReLU(inplace=True)
    (6): Linear(in_features=64, out_features=64, bias=False)
  )
)
Trainable parameters: 4474496
21 Oct 10:53    INFO  epoch 0 training [time: 25.12s, train loss: -0.7398]
21 Oct 10:53    INFO  epoch 0 evaluating [time: 15.70s, valid_score: 0.023500]
21 Oct 10:53    INFO  valid result: 
recall@10 : 0.0219    recall@20 : 0.0386    recall@50 : 0.0793    ndcg@10 : 0.0177    ndcg@20 : 0.0235    ndcg@50 : 0.0356    
21 Oct 10:53    INFO  Saving current best: saved/DirectAU-Oct-21-2023_10-53-18.pth
21 Oct 10:54    INFO  epoch 1 training [time: 25.21s, train loss: -1.1782]
21 Oct 10:54    INFO  epoch 1 evaluating [time: 15.67s, valid_score: 0.032700]
21 Oct 10:54    INFO  valid result: 
recall@10 : 0.0313    recall@20 : 0.054    recall@50 : 0.1049    ndcg@10 : 0.0249    ndcg@20 : 0.0327    ndcg@50 : 0.0477    
21 Oct 10:54    INFO  Saving current best: saved/DirectAU-Oct-21-2023_10-53-18.pth
21 Oct 10:55    INFO  epoch 2 training [time: 25.35s, train loss: -1.2560]
21 Oct 10:55    INFO  epoch 2 evaluating [time: 15.72s, valid_score: 0.036400]
21 Oct 10:55    INFO  valid result: 
recall@10 : 0.0357    recall@20 : 0.0604    recall@50 : 0.1163    ndcg@10 : 0.0279    ndcg@20 : 0.0364    ndcg@50 : 0.0527    
21 Oct 10:55    INFO  Saving current best: saved/DirectAU-Oct-21-2023_10-53-18.pth
21 Oct 10:55    INFO  epoch 3 training [time: 25.33s, train loss: -1.2948]
21 Oct 10:56    INFO  epoch 3 evaluating [time: 16.50s, valid_score: 0.039700]
21 Oct 10:56    INFO  valid result: 
recall@10 : 0.0382    recall@20 : 0.0666    recall@50 : 0.1227    ndcg@10 : 0.0301    ndcg@20 : 0.0397    ndcg@50 : 0.0561    
21 Oct 10:56    INFO  Saving current best: saved/DirectAU-Oct-21-2023_10-53-18.pth
21 Oct 10:56    INFO  epoch 4 training [time: 25.33s, train loss: -1.3210]
21 Oct 10:56    INFO  epoch 4 evaluating [time: 15.98s, valid_score: 0.041700]
21 Oct 10:56    INFO  valid result: 
recall@10 : 0.0407    recall@20 : 0.0686    recall@50 : 0.128    ndcg@10 : 0.0322    ndcg@20 : 0.0417    ndcg@50 : 0.059    
21 Oct 10:56    INFO  Saving current best: saved/DirectAU-Oct-21-2023_10-53-18.pth
21 Oct 10:57    INFO  epoch 5 training [time: 25.40s, train loss: -1.3408]
21 Oct 10:57    INFO  epoch 5 evaluating [time: 16.28s, valid_score: 0.043900]
21 Oct 10:57    INFO  valid result: 
recall@10 : 0.0436    recall@20 : 0.0728    recall@50 : 0.133    ndcg@10 : 0.0339    ndcg@20 : 0.0439    ndcg@50 : 0.0615    
21 Oct 10:57    INFO  Saving current best: saved/DirectAU-Oct-21-2023_10-53-18.pth
21 Oct 10:57    INFO  epoch 6 training [time: 25.49s, train loss: -1.3567]
21 Oct 10:58    INFO  epoch 6 evaluating [time: 17.00s, valid_score: 0.045900]
21 Oct 10:58    INFO  valid result: 
recall@10 : 0.0456    recall@20 : 0.0758    recall@50 : 0.1379    ndcg@10 : 0.0356    ndcg@20 : 0.0459    ndcg@50 : 0.064    
21 Oct 10:58    INFO  Saving current best: saved/DirectAU-Oct-21-2023_10-53-18.pth
21 Oct 10:58    INFO  epoch 7 training [time: 25.46s, train loss: -1.3704]
21 Oct 10:58    INFO  epoch 7 evaluating [time: 15.96s, valid_score: 0.047400]
21 Oct 10:58    INFO  valid result: 
recall@10 : 0.0475    recall@20 : 0.078    recall@50 : 0.1418    ndcg@10 : 0.037    ndcg@20 : 0.0474    ndcg@50 : 0.066    
21 Oct 10:58    INFO  Saving current best: saved/DirectAU-Oct-21-2023_10-53-18.pth
21 Oct 10:59    INFO  epoch 8 training [time: 25.29s, train loss: -1.3819]
21 Oct 10:59    INFO  epoch 8 evaluating [time: 15.20s, valid_score: 0.048500]
21 Oct 10:59    INFO  valid result: 
recall@10 : 0.0487    recall@20 : 0.0796    recall@50 : 0.1451    ndcg@10 : 0.0379    ndcg@20 : 0.0485    ndcg@50 : 0.0675    
21 Oct 10:59    INFO  Saving current best: saved/DirectAU-Oct-21-2023_10-53-18.pth
21 Oct 10:59    INFO  epoch 9 training [time: 25.26s, train loss: -1.3917]
21 Oct 11:00    INFO  epoch 9 evaluating [time: 15.51s, valid_score: 0.050300]
21 Oct 11:00    INFO  valid result: 
recall@10 : 0.0506    recall@20 : 0.082    recall@50 : 0.1487    ndcg@10 : 0.0397    ndcg@20 : 0.0503    ndcg@50 : 0.0697    
21 Oct 11:00    INFO  Saving current best: saved/DirectAU-Oct-21-2023_10-53-18.pth
21 Oct 11:00    INFO  epoch 10 training [time: 25.23s, train loss: -1.4003]
21 Oct 11:00    INFO  epoch 10 evaluating [time: 15.24s, valid_score: 0.051500]
21 Oct 11:00    INFO  valid result: 
recall@10 : 0.0507    recall@20 : 0.0834    recall@50 : 0.152    ndcg@10 : 0.0404    ndcg@20 : 0.0515    ndcg@50 : 0.0714    
21 Oct 11:00    INFO  Saving current best: saved/DirectAU-Oct-21-2023_10-53-18.pth
21 Oct 11:01    INFO  epoch 11 training [time: 25.23s, train loss: -1.4075]
21 Oct 11:01    INFO  epoch 11 evaluating [time: 15.38s, valid_score: 0.052400]
21 Oct 11:01    INFO  valid result: 
recall@10 : 0.0524    recall@20 : 0.085    recall@50 : 0.1546    ndcg@10 : 0.0413    ndcg@20 : 0.0524    ndcg@50 : 0.0726    
21 Oct 11:01    INFO  Saving current best: saved/DirectAU-Oct-21-2023_10-53-18.pth
21 Oct 11:02    INFO  epoch 12 training [time: 25.22s, train loss: -1.4138]
21 Oct 11:02    INFO  epoch 12 evaluating [time: 14.98s, valid_score: 0.054200]
21 Oct 11:02    INFO  valid result: 
recall@10 : 0.0538    recall@20 : 0.0882    recall@50 : 0.1577    ndcg@10 : 0.0425    ndcg@20 : 0.0542    ndcg@50 : 0.0744    
21 Oct 11:02    INFO  Saving current best: saved/DirectAU-Oct-21-2023_10-53-18.pth
21 Oct 11:02    INFO  epoch 13 training [time: 25.17s, train loss: -1.4192]
21 Oct 11:02    INFO  epoch 13 evaluating [time: 15.53s, valid_score: 0.054500]
21 Oct 11:02    INFO  valid result: 
recall@10 : 0.054    recall@20 : 0.0882    recall@50 : 0.1595    ndcg@10 : 0.0428    ndcg@20 : 0.0545    ndcg@50 : 0.0752    
21 Oct 11:02    INFO  Saving current best: saved/DirectAU-Oct-21-2023_10-53-18.pth
21 Oct 11:03    INFO  epoch 14 training [time: 25.22s, train loss: -1.4238]
21 Oct 11:03    INFO  epoch 14 evaluating [time: 15.37s, valid_score: 0.055700]
21 Oct 11:03    INFO  valid result: 
recall@10 : 0.0562    recall@20 : 0.09    recall@50 : 0.1613    ndcg@10 : 0.0443    ndcg@20 : 0.0557    ndcg@50 : 0.0765    
21 Oct 11:03    INFO  Saving current best: saved/DirectAU-Oct-21-2023_10-53-18.pth
21 Oct 11:04    INFO  epoch 15 training [time: 25.12s, train loss: -1.4280]
21 Oct 11:04    INFO  epoch 15 evaluating [time: 15.47s, valid_score: 0.056500]
21 Oct 11:04    INFO  valid result: 
recall@10 : 0.0566    recall@20 : 0.0916    recall@50 : 0.1631    ndcg@10 : 0.0446    ndcg@20 : 0.0565    ndcg@50 : 0.0773    
21 Oct 11:04    INFO  Saving current best: saved/DirectAU-Oct-21-2023_10-53-18.pth
21 Oct 11:04    INFO  epoch 16 training [time: 25.22s, train loss: -1.4315]
21 Oct 11:04    INFO  epoch 16 evaluating [time: 15.65s, valid_score: 0.056800]
21 Oct 11:04    INFO  valid result: 
recall@10 : 0.0562    recall@20 : 0.0916    recall@50 : 0.1651    ndcg@10 : 0.0448    ndcg@20 : 0.0568    ndcg@50 : 0.0781    
21 Oct 11:04    INFO  Saving current best: saved/DirectAU-Oct-21-2023_10-53-18.pth
21 Oct 11:05    INFO  epoch 17 training [time: 25.22s, train loss: -1.4347]
21 Oct 11:05    INFO  epoch 17 evaluating [time: 15.37s, valid_score: 0.057000]
21 Oct 11:05    INFO  valid result: 
recall@10 : 0.0567    recall@20 : 0.0919    recall@50 : 0.1661    ndcg@10 : 0.0451    ndcg@20 : 0.057    ndcg@50 : 0.0785    
21 Oct 11:05    INFO  Saving current best: saved/DirectAU-Oct-21-2023_10-53-18.pth
21 Oct 11:06    INFO  epoch 18 training [time: 25.19s, train loss: -1.4374]
21 Oct 11:06    INFO  epoch 18 evaluating [time: 15.46s, valid_score: 0.057500]
21 Oct 11:06    INFO  valid result: 
recall@10 : 0.0571    recall@20 : 0.0919    recall@50 : 0.1668    ndcg@10 : 0.0457    ndcg@20 : 0.0575    ndcg@50 : 0.0792    
21 Oct 11:06    INFO  Saving current best: saved/DirectAU-Oct-21-2023_10-53-18.pth
21 Oct 11:06    INFO  epoch 19 training [time: 25.21s, train loss: -1.4397]
21 Oct 11:07    INFO  epoch 19 evaluating [time: 15.30s, valid_score: 0.058100]
21 Oct 11:07    INFO  valid result: 
recall@10 : 0.0581    recall@20 : 0.093    recall@50 : 0.1684    ndcg@10 : 0.0463    ndcg@20 : 0.0581    ndcg@50 : 0.08    
21 Oct 11:07    INFO  Saving current best: saved/DirectAU-Oct-21-2023_10-53-18.pth
21 Oct 11:07    INFO  epoch 20 training [time: 25.22s, train loss: -1.4417]
21 Oct 11:07    INFO  epoch 20 evaluating [time: 15.60s, valid_score: 0.058200]
21 Oct 11:07    INFO  valid result: 
recall@10 : 0.0587    recall@20 : 0.093    recall@50 : 0.168    ndcg@10 : 0.0466    ndcg@20 : 0.0582    ndcg@50 : 0.0801    
21 Oct 11:07    INFO  Saving current best: saved/DirectAU-Oct-21-2023_10-53-18.pth
21 Oct 11:08    INFO  epoch 21 training [time: 25.21s, train loss: -1.4434]
21 Oct 11:08    INFO  epoch 21 evaluating [time: 15.16s, valid_score: 0.058500]
21 Oct 11:08    INFO  valid result: 
recall@10 : 0.0586    recall@20 : 0.0938    recall@50 : 0.1704    ndcg@10 : 0.0466    ndcg@20 : 0.0585    ndcg@50 : 0.0807    
21 Oct 11:08    INFO  Saving current best: saved/DirectAU-Oct-21-2023_10-53-18.pth
21 Oct 11:08    INFO  epoch 22 training [time: 25.16s, train loss: -1.4448]
21 Oct 11:09    INFO  epoch 22 evaluating [time: 15.53s, valid_score: 0.058400]
21 Oct 11:09    INFO  valid result: 
recall@10 : 0.0588    recall@20 : 0.0939    recall@50 : 0.1701    ndcg@10 : 0.0466    ndcg@20 : 0.0584    ndcg@50 : 0.0805    
21 Oct 11:09    INFO  epoch 23 training [time: 25.19s, train loss: -1.4462]
21 Oct 11:09    INFO  epoch 23 evaluating [time: 15.18s, valid_score: 0.059100]
21 Oct 11:09    INFO  valid result: 
recall@10 : 0.0593    recall@20 : 0.0949    recall@50 : 0.1709    ndcg@10 : 0.0471    ndcg@20 : 0.0591    ndcg@50 : 0.0811    
21 Oct 11:09    INFO  Saving current best: saved/DirectAU-Oct-21-2023_10-53-18.pth
21 Oct 11:10    INFO  epoch 24 training [time: 25.21s, train loss: -1.4474]
21 Oct 11:10    INFO  epoch 24 evaluating [time: 15.61s, valid_score: 0.059100]
21 Oct 11:10    INFO  valid result: 
recall@10 : 0.0593    recall@20 : 0.0948    recall@50 : 0.1704    ndcg@10 : 0.0472    ndcg@20 : 0.0591    ndcg@50 : 0.0811    
21 Oct 11:10    INFO  epoch 25 training [time: 25.19s, train loss: -1.4483]
21 Oct 11:11    INFO  epoch 25 evaluating [time: 15.22s, valid_score: 0.059200]
21 Oct 11:11    INFO  valid result: 
recall@10 : 0.0588    recall@20 : 0.0948    recall@50 : 0.1712    ndcg@10 : 0.0471    ndcg@20 : 0.0592    ndcg@50 : 0.0813    
21 Oct 11:11    INFO  Saving current best: saved/DirectAU-Oct-21-2023_10-53-18.pth
21 Oct 11:11    INFO  epoch 26 training [time: 25.24s, train loss: -1.4491]
21 Oct 11:11    INFO  epoch 26 evaluating [time: 15.45s, valid_score: 0.059500]
21 Oct 11:11    INFO  valid result: 
recall@10 : 0.0589    recall@20 : 0.0953    recall@50 : 0.1718    ndcg@10 : 0.0472    ndcg@20 : 0.0595    ndcg@50 : 0.0817    
21 Oct 11:11    INFO  Saving current best: saved/DirectAU-Oct-21-2023_10-53-18.pth
21 Oct 11:12    INFO  epoch 27 training [time: 25.23s, train loss: -1.4499]
21 Oct 11:12    INFO  epoch 27 evaluating [time: 15.26s, valid_score: 0.059400]
21 Oct 11:12    INFO  valid result: 
recall@10 : 0.0597    recall@20 : 0.0953    recall@50 : 0.1719    ndcg@10 : 0.0474    ndcg@20 : 0.0594    ndcg@50 : 0.0815    
21 Oct 11:12    INFO  epoch 28 training [time: 25.19s, train loss: -1.4506]
21 Oct 11:13    INFO  epoch 28 evaluating [time: 15.30s, valid_score: 0.059700]
21 Oct 11:13    INFO  valid result: 
recall@10 : 0.0598    recall@20 : 0.0956    recall@50 : 0.1716    ndcg@10 : 0.0477    ndcg@20 : 0.0597    ndcg@50 : 0.0818    
21 Oct 11:13    INFO  Saving current best: saved/DirectAU-Oct-21-2023_10-53-18.pth
21 Oct 11:13    INFO  epoch 29 training [time: 25.23s, train loss: -1.4512]
21 Oct 11:13    INFO  epoch 29 evaluating [time: 15.47s, valid_score: 0.059500]
21 Oct 11:13    INFO  valid result: 
recall@10 : 0.0595    recall@20 : 0.0954    recall@50 : 0.1715    ndcg@10 : 0.0474    ndcg@20 : 0.0595    ndcg@50 : 0.0815    
21 Oct 11:14    INFO  epoch 30 training [time: 25.22s, train loss: -1.4518]
21 Oct 11:14    INFO  epoch 30 evaluating [time: 15.12s, valid_score: 0.059700]
21 Oct 11:14    INFO  valid result: 
recall@10 : 0.0597    recall@20 : 0.0955    recall@50 : 0.1722    ndcg@10 : 0.0476    ndcg@20 : 0.0597    ndcg@50 : 0.082    
21 Oct 11:14    INFO  epoch 31 training [time: 25.20s, train loss: -1.4523]
21 Oct 11:15    INFO  epoch 31 evaluating [time: 15.49s, valid_score: 0.059800]
21 Oct 11:15    INFO  valid result: 
recall@10 : 0.0603    recall@20 : 0.0967    recall@50 : 0.1717    ndcg@10 : 0.0475    ndcg@20 : 0.0598    ndcg@50 : 0.0815    
21 Oct 11:15    INFO  Saving current best: saved/DirectAU-Oct-21-2023_10-53-18.pth
21 Oct 11:15    INFO  epoch 32 training [time: 25.17s, train loss: -1.4527]
21 Oct 11:15    INFO  epoch 32 evaluating [time: 15.11s, valid_score: 0.059600]
21 Oct 11:15    INFO  valid result: 
recall@10 : 0.0591    recall@20 : 0.0961    recall@50 : 0.1718    ndcg@10 : 0.0471    ndcg@20 : 0.0596    ndcg@50 : 0.0816    
21 Oct 11:16    INFO  epoch 33 training [time: 25.21s, train loss: -1.4532]
21 Oct 11:16    INFO  epoch 33 evaluating [time: 15.41s, valid_score: 0.059600]
21 Oct 11:16    INFO  valid result: 
recall@10 : 0.0597    recall@20 : 0.096    recall@50 : 0.1727    ndcg@10 : 0.0473    ndcg@20 : 0.0596    ndcg@50 : 0.0818    
21 Oct 11:16    INFO  epoch 34 training [time: 25.21s, train loss: -1.4537]
21 Oct 11:17    INFO  epoch 34 evaluating [time: 15.21s, valid_score: 0.059900]
21 Oct 11:17    INFO  valid result: 
recall@10 : 0.0601    recall@20 : 0.0959    recall@50 : 0.1723    ndcg@10 : 0.0479    ndcg@20 : 0.0599    ndcg@50 : 0.082    
21 Oct 11:17    INFO  Saving current best: saved/DirectAU-Oct-21-2023_10-53-18.pth
21 Oct 11:17    INFO  epoch 35 training [time: 25.18s, train loss: -1.4540]
21 Oct 11:17    INFO  epoch 35 evaluating [time: 15.31s, valid_score: 0.059800]
21 Oct 11:17    INFO  valid result: 
recall@10 : 0.06    recall@20 : 0.0963    recall@50 : 0.1728    ndcg@10 : 0.0476    ndcg@20 : 0.0598    ndcg@50 : 0.082    
21 Oct 11:18    INFO  epoch 36 training [time: 25.20s, train loss: -1.4544]
21 Oct 11:18    INFO  epoch 36 evaluating [time: 15.13s, valid_score: 0.059800]
21 Oct 11:18    INFO  valid result: 
recall@10 : 0.0599    recall@20 : 0.0962    recall@50 : 0.1726    ndcg@10 : 0.0476    ndcg@20 : 0.0598    ndcg@50 : 0.0819    
21 Oct 11:18    INFO  epoch 37 training [time: 25.18s, train loss: -1.4546]
21 Oct 11:19    INFO  epoch 37 evaluating [time: 15.37s, valid_score: 0.059900]
21 Oct 11:19    INFO  valid result: 
recall@10 : 0.0596    recall@20 : 0.0964    recall@50 : 0.173    ndcg@10 : 0.0475    ndcg@20 : 0.0599    ndcg@50 : 0.0821    
21 Oct 11:19    INFO  epoch 38 training [time: 25.16s, train loss: -1.4549]
21 Oct 11:19    INFO  epoch 38 evaluating [time: 15.09s, valid_score: 0.060000]
21 Oct 11:19    INFO  valid result: 
recall@10 : 0.0597    recall@20 : 0.0963    recall@50 : 0.1726    ndcg@10 : 0.0477    ndcg@20 : 0.06    ndcg@50 : 0.0821    
21 Oct 11:19    INFO  Saving current best: saved/DirectAU-Oct-21-2023_10-53-18.pth
21 Oct 11:20    INFO  epoch 39 training [time: 25.21s, train loss: -1.4551]
21 Oct 11:20    INFO  epoch 39 evaluating [time: 15.39s, valid_score: 0.059900]
21 Oct 11:20    INFO  valid result: 
recall@10 : 0.06    recall@20 : 0.0961    recall@50 : 0.1729    ndcg@10 : 0.0478    ndcg@20 : 0.0599    ndcg@50 : 0.0822    
21 Oct 11:20    INFO  epoch 40 training [time: 24.38s, train loss: -1.4552]
21 Oct 11:21    INFO  epoch 40 evaluating [time: 15.07s, valid_score: 0.060100]
21 Oct 11:21    INFO  valid result: 
recall@10 : 0.0597    recall@20 : 0.0966    recall@50 : 0.1723    ndcg@10 : 0.0477    ndcg@20 : 0.0601    ndcg@50 : 0.082    
21 Oct 11:21    INFO  Saving current best: saved/DirectAU-Oct-21-2023_10-53-18.pth
21 Oct 11:21    INFO  epoch 41 training [time: 24.18s, train loss: -1.4553]
21 Oct 11:21    INFO  epoch 41 evaluating [time: 15.28s, valid_score: 0.060100]
21 Oct 11:21    INFO  valid result: 
recall@10 : 0.0596    recall@20 : 0.0968    recall@50 : 0.1732    ndcg@10 : 0.0476    ndcg@20 : 0.0601    ndcg@50 : 0.0823    
21 Oct 11:22    INFO  epoch 42 training [time: 24.17s, train loss: -1.4554]
21 Oct 11:22    INFO  epoch 42 evaluating [time: 15.38s, valid_score: 0.059800]
21 Oct 11:22    INFO  valid result: 
recall@10 : 0.0585    recall@20 : 0.0957    recall@50 : 0.1731    ndcg@10 : 0.0472    ndcg@20 : 0.0598    ndcg@50 : 0.0822    
21 Oct 11:22    INFO  epoch 43 training [time: 24.62s, train loss: -1.4554]
21 Oct 11:23    INFO  epoch 43 evaluating [time: 15.17s, valid_score: 0.059800]
21 Oct 11:23    INFO  valid result: 
recall@10 : 0.0596    recall@20 : 0.096    recall@50 : 0.1732    ndcg@10 : 0.0475    ndcg@20 : 0.0598    ndcg@50 : 0.0822    
21 Oct 11:23    INFO  epoch 44 training [time: 25.19s, train loss: -1.4556]
21 Oct 11:23    INFO  epoch 44 evaluating [time: 15.41s, valid_score: 0.059700]
21 Oct 11:23    INFO  valid result: 
recall@10 : 0.0595    recall@20 : 0.0962    recall@50 : 0.1729    ndcg@10 : 0.0473    ndcg@20 : 0.0597    ndcg@50 : 0.082    
21 Oct 11:24    INFO  epoch 45 training [time: 25.25s, train loss: -1.4557]
21 Oct 11:24    INFO  epoch 45 evaluating [time: 15.25s, valid_score: 0.059900]
21 Oct 11:24    INFO  valid result: 
recall@10 : 0.0595    recall@20 : 0.0964    recall@50 : 0.1732    ndcg@10 : 0.0474    ndcg@20 : 0.0599    ndcg@50 : 0.0821    
21 Oct 11:24    INFO  epoch 46 training [time: 25.26s, train loss: -1.4557]
21 Oct 11:25    INFO  epoch 46 evaluating [time: 15.37s, valid_score: 0.059900]
21 Oct 11:25    INFO  valid result: 
recall@10 : 0.0601    recall@20 : 0.096    recall@50 : 0.1735    ndcg@10 : 0.0478    ndcg@20 : 0.0599    ndcg@50 : 0.0824    
21 Oct 11:25    INFO  epoch 47 training [time: 25.26s, train loss: -1.4558]
21 Oct 11:25    INFO  epoch 47 evaluating [time: 15.11s, valid_score: 0.059900]
21 Oct 11:25    INFO  valid result: 
recall@10 : 0.0597    recall@20 : 0.0959    recall@50 : 0.1732    ndcg@10 : 0.0476    ndcg@20 : 0.0599    ndcg@50 : 0.0823    
21 Oct 11:26    INFO  epoch 48 training [time: 25.23s, train loss: -1.4558]
21 Oct 11:26    INFO  epoch 48 evaluating [time: 15.37s, valid_score: 0.059800]
21 Oct 11:26    INFO  valid result: 
recall@10 : 0.0593    recall@20 : 0.0962    recall@50 : 0.1733    ndcg@10 : 0.0474    ndcg@20 : 0.0598    ndcg@50 : 0.0822    
21 Oct 11:26    INFO  epoch 49 training [time: 25.24s, train loss: -1.4559]
21 Oct 11:27    INFO  epoch 49 evaluating [time: 15.12s, valid_score: 0.059900]
21 Oct 11:27    INFO  valid result: 
recall@10 : 0.0597    recall@20 : 0.0965    recall@50 : 0.1735    ndcg@10 : 0.0475    ndcg@20 : 0.0599    ndcg@50 : 0.0822    
21 Oct 11:27    INFO  epoch 50 training [time: 25.21s, train loss: -1.4560]
21 Oct 11:27    INFO  epoch 50 evaluating [time: 15.22s, valid_score: 0.060200]
21 Oct 11:27    INFO  valid result: 
recall@10 : 0.0595    recall@20 : 0.0963    recall@50 : 0.1734    ndcg@10 : 0.0478    ndcg@20 : 0.0602    ndcg@50 : 0.0825    
21 Oct 11:27    INFO  Saving current best: saved/DirectAU-Oct-21-2023_10-53-18.pth
21 Oct 11:28    INFO  epoch 51 training [time: 25.25s, train loss: -1.4560]
21 Oct 11:28    INFO  epoch 51 evaluating [time: 15.12s, valid_score: 0.060400]
21 Oct 11:28    INFO  valid result: 
recall@10 : 0.0595    recall@20 : 0.0969    recall@50 : 0.173    ndcg@10 : 0.0477    ndcg@20 : 0.0604    ndcg@50 : 0.0824    
21 Oct 11:28    INFO  Saving current best: saved/DirectAU-Oct-21-2023_10-53-18.pth
21 Oct 11:29    INFO  epoch 52 training [time: 25.20s, train loss: -1.4560]
21 Oct 11:29    INFO  epoch 52 evaluating [time: 15.40s, valid_score: 0.059900]
21 Oct 11:29    INFO  valid result: 
recall@10 : 0.0596    recall@20 : 0.0958    recall@50 : 0.1732    ndcg@10 : 0.0476    ndcg@20 : 0.0599    ndcg@50 : 0.0823    
21 Oct 11:29    INFO  epoch 53 training [time: 25.24s, train loss: -1.4561]
21 Oct 11:29    INFO  epoch 53 evaluating [time: 15.11s, valid_score: 0.059900]
21 Oct 11:29    INFO  valid result: 
recall@10 : 0.0594    recall@20 : 0.0959    recall@50 : 0.1732    ndcg@10 : 0.0476    ndcg@20 : 0.0599    ndcg@50 : 0.0823    
21 Oct 11:30    INFO  epoch 54 training [time: 25.20s, train loss: -1.4562]
21 Oct 11:30    INFO  epoch 54 evaluating [time: 15.32s, valid_score: 0.059800]
21 Oct 11:30    INFO  valid result: 
recall@10 : 0.0595    recall@20 : 0.0961    recall@50 : 0.1731    ndcg@10 : 0.0475    ndcg@20 : 0.0598    ndcg@50 : 0.0821    
21 Oct 11:31    INFO  epoch 55 training [time: 25.25s, train loss: -1.4561]
21 Oct 11:31    INFO  epoch 55 evaluating [time: 15.41s, valid_score: 0.059800]
21 Oct 11:31    INFO  valid result: 
recall@10 : 0.0597    recall@20 : 0.0962    recall@50 : 0.173    ndcg@10 : 0.0475    ndcg@20 : 0.0598    ndcg@50 : 0.0821    
21 Oct 11:31    INFO  epoch 56 training [time: 25.23s, train loss: -1.4562]
21 Oct 11:31    INFO  epoch 56 evaluating [time: 15.00s, valid_score: 0.059900]
21 Oct 11:31    INFO  valid result: 
recall@10 : 0.0589    recall@20 : 0.0963    recall@50 : 0.1735    ndcg@10 : 0.0473    ndcg@20 : 0.0599    ndcg@50 : 0.0822    
21 Oct 11:32    INFO  epoch 57 training [time: 24.40s, train loss: -1.4563]
21 Oct 11:32    INFO  epoch 57 evaluating [time: 15.42s, valid_score: 0.059800]
21 Oct 11:32    INFO  valid result: 
recall@10 : 0.0591    recall@20 : 0.0957    recall@50 : 0.1736    ndcg@10 : 0.0475    ndcg@20 : 0.0598    ndcg@50 : 0.0824    
21 Oct 11:33    INFO  epoch 58 training [time: 24.70s, train loss: -1.4563]
21 Oct 11:33    INFO  epoch 58 evaluating [time: 15.14s, valid_score: 0.059700]
21 Oct 11:33    INFO  valid result: 
recall@10 : 0.0587    recall@20 : 0.096    recall@50 : 0.174    ndcg@10 : 0.0472    ndcg@20 : 0.0597    ndcg@50 : 0.0823    
21 Oct 11:33    INFO  epoch 59 training [time: 25.19s, train loss: -1.4564]
21 Oct 11:33    INFO  epoch 59 evaluating [time: 15.30s, valid_score: 0.059800]
21 Oct 11:33    INFO  valid result: 
recall@10 : 0.0594    recall@20 : 0.096    recall@50 : 0.1733    ndcg@10 : 0.0474    ndcg@20 : 0.0598    ndcg@50 : 0.0821    
21 Oct 11:34    INFO  epoch 60 training [time: 25.21s, train loss: -1.4564]
21 Oct 11:34    INFO  epoch 60 evaluating [time: 15.18s, valid_score: 0.059700]
21 Oct 11:34    INFO  valid result: 
recall@10 : 0.0594    recall@20 : 0.0959    recall@50 : 0.1733    ndcg@10 : 0.0474    ndcg@20 : 0.0597    ndcg@50 : 0.0821    
21 Oct 11:35    INFO  epoch 61 training [time: 25.22s, train loss: -1.4564]
21 Oct 11:35    INFO  epoch 61 evaluating [time: 15.32s, valid_score: 0.059700]
21 Oct 11:35    INFO  valid result: 
recall@10 : 0.0596    recall@20 : 0.096    recall@50 : 0.1735    ndcg@10 : 0.0474    ndcg@20 : 0.0597    ndcg@50 : 0.0821    
21 Oct 11:35    INFO  epoch 62 training [time: 25.14s, train loss: -1.4565]
21 Oct 11:35    INFO  epoch 62 evaluating [time: 15.03s, valid_score: 0.059900]
21 Oct 11:35    INFO  valid result: 
recall@10 : 0.0589    recall@20 : 0.0963    recall@50 : 0.1739    ndcg@10 : 0.0473    ndcg@20 : 0.0599    ndcg@50 : 0.0824    
21 Oct 11:35    INFO  Finished training, best eval result in epoch 51
21 Oct 11:35    INFO  Loading model structure and parameters from saved/DirectAU-Oct-21-2023_10-53-18.pth
21 Oct 11:36    INFO  best valid : {'recall@10': 0.0595, 'recall@20': 0.0969, 'recall@50': 0.173, 'ndcg@10': 0.0477, 'ndcg@20': 0.0604, 'ndcg@50': 0.0824}
21 Oct 11:36    INFO  test result: {'recall@10': 0.0608, 'recall@20': 0.0965, 'recall@50': 0.1727, 'ndcg@10': 0.0485, 'ndcg@20': 0.0604, 'ndcg@50': 0.0824}
