command line args [--zc 0.9] will not be used in RecBole
20 Oct 14:55    INFO  
General Hyper Parameters:
gpu_id = 6
use_gpu = True
seed = 0
state = INFO
reproducibility = True
data_path = dataset/Yelp
show_progress = False

Training Hyper Parameters:
checkpoint_dir = saved
epochs = 500
train_batch_size = 1024
learner = adam
learning_rate = 0.001
training_neg_sample_num = 0
training_neg_sample_distribution = uniform
eval_step = 1
stopping_step = 10
clip_grad_norm = None
weight_decay = 1e-06
draw_loss_pic = False
loss_decimal_place = 4

Evaluation Hyper Parameters:
eval_setting = RO_RS,full
group_by_user = True
split_ratio = [0.8, 0.1, 0.1]
leave_one_num = 2
real_time_process = False
metrics = ['Recall', 'NDCG']
topk = [10, 20, 50]
valid_metric = NDCG@20
eval_batch_size = 4096
metric_decimal_place = 4

Dataset Hyper Parameters:
field_separator = 	
seq_separator =  
USER_ID_FIELD = user_id
ITEM_ID_FIELD = item_id
RATING_FIELD = rating
TIME_FIELD = timestamp
seq_len = None
LABEL_FIELD = label
threshold = None
NEG_PREFIX = neg_
load_col = {'inter': ['user_id', 'item_id', 'timestamp']}
unload_col = None
unused_col = None
additional_feat_suffix = None
lowest_val = None
highest_val = None
equal_val = None
not_equal_val = None
max_user_inter_num = None
min_user_inter_num = 5
max_item_inter_num = None
min_item_inter_num = 5
fields_in_same_space = None
preload_weight = None
normalize_field = None
normalize_all = None
ITEM_LIST_LENGTH_FIELD = item_length
LIST_SUFFIX = _list
MAX_ITEM_LIST_LENGTH = 50
POSITION_FIELD = position_id
HEAD_ENTITY_ID_FIELD = head_id
TAIL_ENTITY_ID_FIELD = tail_id
RELATION_ID_FIELD = relation_id
ENTITY_ID_FIELD = entity_id

Other Hyper Parameters: 
valid_metric_bigger = True
BT = 0.1
bt = 0.001
embedding_size = 64
encoder = MF
gamma = 0.5
times = 1
witem = 0.1
wuser = 0.8
zc = 0.9
rm_dup_inter = None
filter_inter_by_user_or_item = True
SOURCE_ID_FIELD = source_id
TARGET_ID_FIELD = target_id
benchmark_filename = None
MODEL_TYPE = ModelType.GENERAL
MODEL_INPUT_TYPE = InputType.POINTWISE
eval_type = EvaluatorType.RANKING
device = cuda
train_neg_sample_args = {'strategy': 'none'}


20 Oct 14:55    INFO  Yelp
The number of users: 31669
Average actions of users: 49.305481874447395
The number of items: 38049
Average actions of items: 41.037794365012616
The number of inters: 1561406
The sparsity of the dataset: 99.87041991912021%
Remain Fields: ['user_id', 'item_id']
20 Oct 14:55    INFO  Build [GeneralDataLoader] for [train] with format [InputType.POINTWISE]
20 Oct 14:55    INFO  [train] No Negative Sampling
20 Oct 14:55    INFO  [train] batch_size = [1024], shuffle = [True]

20 Oct 14:55    INFO  Build [GeneralFullDataLoader] for [evaluation] with format [InputType.POINTWISE]
20 Oct 14:55    INFO  Evaluation Setting:
	Group by user_id
	Ordering: {'strategy': 'shuffle'}
	Splitting: {'strategy': 'by_ratio', 'ratios': [0.8, 0.1, 0.1]}
	Negative Sampling: {'strategy': 'full', 'distribution': 'uniform'}
20 Oct 14:55    INFO  [evaluation] batch_size = [4096], shuffle = [False]

20 Oct 14:55    WARNING  Batch size is changed to 38049.
20 Oct 14:55    WARNING  Batch size is changed to 38049.
{'BT': 0.1, 'bt': 0.001, 'embedding_size': 64, 'encoder': 'MF', 'gamma': None, 'times': 1, 'training_neg_sample_num': 0, 'witem': 0.1, 'wuser': 0.8, 'zc': 0.9}
this is encoder MF...
这是directau 的 WUBT 版本...
20 Oct 14:55    INFO  DirectAU(
  (encoder): MFEncoder(
    (user_embedding): Embedding(31669, 64)
    (item_embedding): Embedding(38049, 64)
  )
  (bn): BatchNorm1d(64, eps=1e-05, momentum=0.1, affine=False, track_running_stats=True)
  (projector): Sequential(
    (0): Linear(in_features=64, out_features=64, bias=False)
    (1): BatchNorm1d(64, eps=1e-05, momentum=0.1, affine=True, track_running_stats=True)
    (2): ReLU(inplace=True)
    (3): Linear(in_features=64, out_features=64, bias=False)
    (4): BatchNorm1d(64, eps=1e-05, momentum=0.1, affine=True, track_running_stats=True)
    (5): ReLU(inplace=True)
    (6): Linear(in_features=64, out_features=64, bias=False)
  )
)
Trainable parameters: 4474496
20 Oct 14:55    INFO  epoch 0 training [time: 23.74s, train loss: -0.2047]
20 Oct 14:56    INFO  epoch 0 evaluating [time: 15.91s, valid_score: 0.020300]
20 Oct 14:56    INFO  valid result: 
recall@10 : 0.019    recall@20 : 0.0341    recall@50 : 0.0702    ndcg@10 : 0.015    ndcg@20 : 0.0203    ndcg@50 : 0.0312    
20 Oct 14:56    INFO  Saving current best: saved/DirectAU-Oct-20-2023_14-55-24.pth
20 Oct 14:56    INFO  epoch 1 training [time: 23.72s, train loss: -0.6675]
20 Oct 14:56    INFO  epoch 1 evaluating [time: 15.97s, valid_score: 0.029900]
20 Oct 14:56    INFO  valid result: 
recall@10 : 0.0283    recall@20 : 0.0495    recall@50 : 0.0981    ndcg@10 : 0.0225    ndcg@20 : 0.0299    ndcg@50 : 0.0441    
20 Oct 14:56    INFO  Saving current best: saved/DirectAU-Oct-20-2023_14-55-24.pth
20 Oct 14:57    INFO  epoch 2 training [time: 23.88s, train loss: -0.7587]
20 Oct 14:57    INFO  epoch 2 evaluating [time: 16.17s, valid_score: 0.034500]
20 Oct 14:57    INFO  valid result: 
recall@10 : 0.0332    recall@20 : 0.057    recall@50 : 0.1116    ndcg@10 : 0.0263    ndcg@20 : 0.0345    ndcg@50 : 0.0504    
20 Oct 14:57    INFO  Saving current best: saved/DirectAU-Oct-20-2023_14-55-24.pth
20 Oct 14:57    INFO  epoch 3 training [time: 23.76s, train loss: -0.8028]
20 Oct 14:58    INFO  epoch 3 evaluating [time: 15.84s, valid_score: 0.037700]
20 Oct 14:58    INFO  valid result: 
recall@10 : 0.037    recall@20 : 0.0628    recall@50 : 0.1195    ndcg@10 : 0.0288    ndcg@20 : 0.0377    ndcg@50 : 0.0543    
20 Oct 14:58    INFO  Saving current best: saved/DirectAU-Oct-20-2023_14-55-24.pth
20 Oct 14:58    INFO  epoch 4 training [time: 23.87s, train loss: -0.8322]
20 Oct 14:58    INFO  epoch 4 evaluating [time: 15.75s, valid_score: 0.039900]
20 Oct 14:58    INFO  valid result: 
recall@10 : 0.0389    recall@20 : 0.0661    recall@50 : 0.1257    ndcg@10 : 0.0306    ndcg@20 : 0.0399    ndcg@50 : 0.0573    
20 Oct 14:58    INFO  Saving current best: saved/DirectAU-Oct-20-2023_14-55-24.pth
20 Oct 14:59    INFO  epoch 5 training [time: 23.97s, train loss: -0.8542]
20 Oct 14:59    INFO  epoch 5 evaluating [time: 15.98s, valid_score: 0.042200]
20 Oct 14:59    INFO  valid result: 
recall@10 : 0.0415    recall@20 : 0.07    recall@50 : 0.1308    ndcg@10 : 0.0324    ndcg@20 : 0.0422    ndcg@50 : 0.0599    
20 Oct 14:59    INFO  Saving current best: saved/DirectAU-Oct-20-2023_14-55-24.pth
20 Oct 14:59    INFO  epoch 6 training [time: 23.99s, train loss: -0.8717]
20 Oct 15:00    INFO  epoch 6 evaluating [time: 15.59s, valid_score: 0.044600]
20 Oct 15:00    INFO  valid result: 
recall@10 : 0.044    recall@20 : 0.0738    recall@50 : 0.1359    ndcg@10 : 0.0344    ndcg@20 : 0.0446    ndcg@50 : 0.0627    
20 Oct 15:00    INFO  Saving current best: saved/DirectAU-Oct-20-2023_14-55-24.pth
20 Oct 15:00    INFO  epoch 7 training [time: 23.96s, train loss: -0.8868]
20 Oct 15:00    INFO  epoch 7 evaluating [time: 15.92s, valid_score: 0.045800]
20 Oct 15:00    INFO  valid result: 
recall@10 : 0.0456    recall@20 : 0.075    recall@50 : 0.1392    ndcg@10 : 0.0357    ndcg@20 : 0.0458    ndcg@50 : 0.0645    
20 Oct 15:00    INFO  Saving current best: saved/DirectAU-Oct-20-2023_14-55-24.pth
20 Oct 15:01    INFO  epoch 8 training [time: 23.93s, train loss: -0.8997]
20 Oct 15:01    INFO  epoch 8 evaluating [time: 15.75s, valid_score: 0.047600]
20 Oct 15:01    INFO  valid result: 
recall@10 : 0.0471    recall@20 : 0.0782    recall@50 : 0.142    ndcg@10 : 0.0371    ndcg@20 : 0.0476    ndcg@50 : 0.0663    
20 Oct 15:01    INFO  Saving current best: saved/DirectAU-Oct-20-2023_14-55-24.pth
20 Oct 15:01    INFO  epoch 9 training [time: 23.93s, train loss: -0.9107]
20 Oct 15:02    INFO  epoch 9 evaluating [time: 16.14s, valid_score: 0.049000]
20 Oct 15:02    INFO  valid result: 
recall@10 : 0.0492    recall@20 : 0.08    recall@50 : 0.1453    ndcg@10 : 0.0385    ndcg@20 : 0.049    ndcg@50 : 0.068    
20 Oct 15:02    INFO  Saving current best: saved/DirectAU-Oct-20-2023_14-55-24.pth
20 Oct 15:02    INFO  epoch 10 training [time: 23.99s, train loss: -0.9203]
20 Oct 15:02    INFO  epoch 10 evaluating [time: 15.81s, valid_score: 0.050200]
20 Oct 15:02    INFO  valid result: 
recall@10 : 0.05    recall@20 : 0.0821    recall@50 : 0.1488    ndcg@10 : 0.0394    ndcg@20 : 0.0502    ndcg@50 : 0.0697    
20 Oct 15:02    INFO  Saving current best: saved/DirectAU-Oct-20-2023_14-55-24.pth
20 Oct 15:03    INFO  epoch 11 training [time: 24.11s, train loss: -0.9284]
20 Oct 15:03    INFO  epoch 11 evaluating [time: 15.99s, valid_score: 0.051400]
20 Oct 15:03    INFO  valid result: 
recall@10 : 0.0513    recall@20 : 0.0844    recall@50 : 0.1518    ndcg@10 : 0.0402    ndcg@20 : 0.0514    ndcg@50 : 0.071    
20 Oct 15:03    INFO  Saving current best: saved/DirectAU-Oct-20-2023_14-55-24.pth
20 Oct 15:03    INFO  epoch 12 training [time: 24.02s, train loss: -0.9357]
20 Oct 15:04    INFO  epoch 12 evaluating [time: 15.82s, valid_score: 0.052800]
20 Oct 15:04    INFO  valid result: 
recall@10 : 0.0526    recall@20 : 0.0857    recall@50 : 0.1544    ndcg@10 : 0.0416    ndcg@20 : 0.0528    ndcg@50 : 0.0728    
20 Oct 15:04    INFO  Saving current best: saved/DirectAU-Oct-20-2023_14-55-24.pth
20 Oct 15:04    INFO  epoch 13 training [time: 24.03s, train loss: -0.9418]
20 Oct 15:04    INFO  epoch 13 evaluating [time: 16.05s, valid_score: 0.053200]
20 Oct 15:04    INFO  valid result: 
recall@10 : 0.0536    recall@20 : 0.0861    recall@50 : 0.1567    ndcg@10 : 0.0422    ndcg@20 : 0.0532    ndcg@50 : 0.0737    
20 Oct 15:04    INFO  Saving current best: saved/DirectAU-Oct-20-2023_14-55-24.pth
20 Oct 15:05    INFO  epoch 14 training [time: 24.09s, train loss: -0.9470]
20 Oct 15:05    INFO  epoch 14 evaluating [time: 15.76s, valid_score: 0.054500]
20 Oct 15:05    INFO  valid result: 
recall@10 : 0.0545    recall@20 : 0.0882    recall@50 : 0.1587    ndcg@10 : 0.0431    ndcg@20 : 0.0545    ndcg@50 : 0.0751    
20 Oct 15:05    INFO  Saving current best: saved/DirectAU-Oct-20-2023_14-55-24.pth
20 Oct 15:05    INFO  epoch 15 training [time: 24.15s, train loss: -0.9516]
20 Oct 15:06    INFO  epoch 15 evaluating [time: 17.75s, valid_score: 0.055200]
20 Oct 15:06    INFO  valid result: 
recall@10 : 0.0551    recall@20 : 0.089    recall@50 : 0.1611    ndcg@10 : 0.0437    ndcg@20 : 0.0552    ndcg@50 : 0.0761    
20 Oct 15:06    INFO  Saving current best: saved/DirectAU-Oct-20-2023_14-55-24.pth
20 Oct 15:06    INFO  epoch 16 training [time: 24.14s, train loss: -0.9556]
20 Oct 15:06    INFO  epoch 16 evaluating [time: 15.97s, valid_score: 0.055900]
20 Oct 15:06    INFO  valid result: 
recall@10 : 0.0562    recall@20 : 0.0899    recall@50 : 0.1637    ndcg@10 : 0.0445    ndcg@20 : 0.0559    ndcg@50 : 0.0773    
20 Oct 15:06    INFO  Saving current best: saved/DirectAU-Oct-20-2023_14-55-24.pth
20 Oct 15:07    INFO  epoch 17 training [time: 24.00s, train loss: -0.9593]
20 Oct 15:07    INFO  epoch 17 evaluating [time: 15.60s, valid_score: 0.056600]
20 Oct 15:07    INFO  valid result: 
recall@10 : 0.0555    recall@20 : 0.0919    recall@50 : 0.1639    ndcg@10 : 0.0442    ndcg@20 : 0.0566    ndcg@50 : 0.0775    
20 Oct 15:07    INFO  Saving current best: saved/DirectAU-Oct-20-2023_14-55-24.pth
20 Oct 15:07    INFO  epoch 18 training [time: 24.08s, train loss: -0.9625]
20 Oct 15:08    INFO  epoch 18 evaluating [time: 15.80s, valid_score: 0.056900]
20 Oct 15:08    INFO  valid result: 
recall@10 : 0.0566    recall@20 : 0.0919    recall@50 : 0.165    ndcg@10 : 0.0451    ndcg@20 : 0.0569    ndcg@50 : 0.0782    
20 Oct 15:08    INFO  Saving current best: saved/DirectAU-Oct-20-2023_14-55-24.pth
20 Oct 15:08    INFO  epoch 19 training [time: 24.11s, train loss: -0.9653]
20 Oct 15:08    INFO  epoch 19 evaluating [time: 16.46s, valid_score: 0.057700]
20 Oct 15:08    INFO  valid result: 
recall@10 : 0.0575    recall@20 : 0.0922    recall@50 : 0.1674    ndcg@10 : 0.0459    ndcg@20 : 0.0577    ndcg@50 : 0.0795    
20 Oct 15:08    INFO  Saving current best: saved/DirectAU-Oct-20-2023_14-55-24.pth
20 Oct 15:09    INFO  epoch 20 training [time: 23.91s, train loss: -0.9676]
20 Oct 15:09    INFO  epoch 20 evaluating [time: 15.96s, valid_score: 0.058000]
20 Oct 15:09    INFO  valid result: 
recall@10 : 0.058    recall@20 : 0.093    recall@50 : 0.1676    ndcg@10 : 0.0462    ndcg@20 : 0.058    ndcg@50 : 0.0797    
20 Oct 15:09    INFO  Saving current best: saved/DirectAU-Oct-20-2023_14-55-24.pth
20 Oct 15:10    INFO  epoch 21 training [time: 24.05s, train loss: -0.9697]
20 Oct 15:10    INFO  epoch 21 evaluating [time: 16.67s, valid_score: 0.058200]
20 Oct 15:10    INFO  valid result: 
recall@10 : 0.0582    recall@20 : 0.0934    recall@50 : 0.1688    ndcg@10 : 0.0464    ndcg@20 : 0.0582    ndcg@50 : 0.0801    
20 Oct 15:17    INFO  Saving current best: saved/DirectAU-Oct-20-2023_14-55-24.pth
20 Oct 15:17    INFO  epoch 22 training [time: 23.82s, train loss: -0.9714]
20 Oct 15:17    INFO  epoch 22 evaluating [time: 15.34s, valid_score: 0.058600]
20 Oct 15:17    INFO  valid result: 
recall@10 : 0.0589    recall@20 : 0.0941    recall@50 : 0.1696    ndcg@10 : 0.0467    ndcg@20 : 0.0586    ndcg@50 : 0.0805    
20 Oct 15:27    INFO  Saving current best: saved/DirectAU-Oct-20-2023_14-55-24.pth
20 Oct 15:27    INFO  epoch 23 training [time: 23.60s, train loss: -0.9730]
20 Oct 15:27    INFO  epoch 23 evaluating [time: 15.16s, valid_score: 0.058700]
20 Oct 15:27    INFO  valid result: 
recall@10 : 0.0586    recall@20 : 0.0946    recall@50 : 0.1704    ndcg@10 : 0.0466    ndcg@20 : 0.0587    ndcg@50 : 0.0807    
20 Oct 15:38    INFO  Saving current best: saved/DirectAU-Oct-20-2023_14-55-24.pth
20 Oct 15:38    INFO  epoch 24 training [time: 23.85s, train loss: -0.9744]
20 Oct 15:39    INFO  epoch 24 evaluating [time: 16.87s, valid_score: 0.059200]
20 Oct 15:39    INFO  valid result: 
recall@10 : 0.0595    recall@20 : 0.0949    recall@50 : 0.1704    ndcg@10 : 0.0473    ndcg@20 : 0.0592    ndcg@50 : 0.0811    
20 Oct 15:45    INFO  Saving current best: saved/DirectAU-Oct-20-2023_14-55-24.pth
20 Oct 15:46    INFO  epoch 25 training [time: 23.81s, train loss: -0.9756]
20 Oct 15:46    INFO  epoch 25 evaluating [time: 17.39s, valid_score: 0.059100]
20 Oct 15:46    INFO  valid result: 
recall@10 : 0.0593    recall@20 : 0.0948    recall@50 : 0.171    ndcg@10 : 0.0472    ndcg@20 : 0.0591    ndcg@50 : 0.0812    
20 Oct 15:46    INFO  epoch 26 training [time: 23.39s, train loss: -0.9765]
20 Oct 15:47    INFO  epoch 26 evaluating [time: 19.48s, valid_score: 0.059500]
20 Oct 15:47    INFO  valid result: 
recall@10 : 0.0596    recall@20 : 0.095    recall@50 : 0.1715    ndcg@10 : 0.0476    ndcg@20 : 0.0595    ndcg@50 : 0.0817    
20 Oct 15:47    INFO  Saving current best: saved/DirectAU-Oct-20-2023_14-55-24.pth
20 Oct 15:48    INFO  epoch 27 training [time: 23.74s, train loss: -0.9774]
20 Oct 15:48    INFO  epoch 27 evaluating [time: 19.51s, valid_score: 0.059600]
20 Oct 15:48    INFO  valid result: 
recall@10 : 0.0596    recall@20 : 0.0956    recall@50 : 0.1719    ndcg@10 : 0.0475    ndcg@20 : 0.0596    ndcg@50 : 0.0818    
20 Oct 15:48    INFO  Saving current best: saved/DirectAU-Oct-20-2023_14-55-24.pth
20 Oct 15:49    INFO  epoch 28 training [time: 23.79s, train loss: -0.9784]
20 Oct 15:49    INFO  epoch 28 evaluating [time: 16.48s, valid_score: 0.060000]
20 Oct 15:49    INFO  valid result: 
recall@10 : 0.0599    recall@20 : 0.096    recall@50 : 0.1713    ndcg@10 : 0.0478    ndcg@20 : 0.06    ndcg@50 : 0.0819    
20 Oct 15:49    INFO  Saving current best: saved/DirectAU-Oct-20-2023_14-55-24.pth
20 Oct 15:49    INFO  epoch 29 training [time: 23.90s, train loss: -0.9792]
20 Oct 15:50    INFO  epoch 29 evaluating [time: 17.42s, valid_score: 0.059800]
20 Oct 15:50    INFO  valid result: 
recall@10 : 0.06    recall@20 : 0.0962    recall@50 : 0.1718    ndcg@10 : 0.0476    ndcg@20 : 0.0598    ndcg@50 : 0.0817    
20 Oct 15:50    INFO  epoch 30 training [time: 23.91s, train loss: -0.9799]
20 Oct 15:50    INFO  epoch 30 evaluating [time: 16.17s, valid_score: 0.060100]
20 Oct 15:50    INFO  valid result: 
recall@10 : 0.0601    recall@20 : 0.096    recall@50 : 0.1731    ndcg@10 : 0.0479    ndcg@20 : 0.0601    ndcg@50 : 0.0824    
20 Oct 15:50    INFO  Saving current best: saved/DirectAU-Oct-20-2023_14-55-24.pth
20 Oct 15:51    INFO  epoch 31 training [time: 23.86s, train loss: -0.9806]
20 Oct 15:51    INFO  epoch 31 evaluating [time: 17.83s, valid_score: 0.060300]
20 Oct 15:51    INFO  valid result: 
recall@10 : 0.0605    recall@20 : 0.0967    recall@50 : 0.1723    ndcg@10 : 0.0481    ndcg@20 : 0.0603    ndcg@50 : 0.0822    
20 Oct 15:51    INFO  Saving current best: saved/DirectAU-Oct-20-2023_14-55-24.pth
20 Oct 15:51    INFO  epoch 32 training [time: 23.86s, train loss: -0.9810]
20 Oct 15:52    INFO  epoch 32 evaluating [time: 15.79s, valid_score: 0.060500]
20 Oct 15:52    INFO  valid result: 
recall@10 : 0.0597    recall@20 : 0.097    recall@50 : 0.1725    ndcg@10 : 0.0479    ndcg@20 : 0.0605    ndcg@50 : 0.0825    
20 Oct 15:52    INFO  Saving current best: saved/DirectAU-Oct-20-2023_14-55-24.pth
20 Oct 15:52    INFO  epoch 33 training [time: 23.75s, train loss: -0.9816]
20 Oct 15:52    INFO  epoch 33 evaluating [time: 15.47s, valid_score: 0.060200]
20 Oct 15:52    INFO  valid result: 
recall@10 : 0.0602    recall@20 : 0.0962    recall@50 : 0.1735    ndcg@10 : 0.0481    ndcg@20 : 0.0602    ndcg@50 : 0.0825    
20 Oct 15:53    INFO  epoch 34 training [time: 23.92s, train loss: -0.9822]
20 Oct 15:53    INFO  epoch 34 evaluating [time: 15.08s, valid_score: 0.060400]
20 Oct 15:53    INFO  valid result: 
recall@10 : 0.0603    recall@20 : 0.0967    recall@50 : 0.1733    ndcg@10 : 0.0482    ndcg@20 : 0.0604    ndcg@50 : 0.0826    
20 Oct 15:53    INFO  epoch 35 training [time: 23.92s, train loss: -0.9825]
20 Oct 15:54    INFO  epoch 35 evaluating [time: 15.29s, valid_score: 0.060400]
20 Oct 15:54    INFO  valid result: 
recall@10 : 0.0603    recall@20 : 0.0969    recall@50 : 0.1741    ndcg@10 : 0.0481    ndcg@20 : 0.0604    ndcg@50 : 0.0828    
20 Oct 15:54    INFO  epoch 36 training [time: 23.88s, train loss: -0.9830]
20 Oct 15:54    INFO  epoch 36 evaluating [time: 15.17s, valid_score: 0.060300]
20 Oct 15:54    INFO  valid result: 
recall@10 : 0.0605    recall@20 : 0.0974    recall@50 : 0.1741    ndcg@10 : 0.0479    ndcg@20 : 0.0603    ndcg@50 : 0.0826    
20 Oct 15:55    INFO  epoch 37 training [time: 23.84s, train loss: -0.9834]
20 Oct 15:55    INFO  epoch 37 evaluating [time: 16.99s, valid_score: 0.060400]
20 Oct 15:55    INFO  valid result: 
recall@10 : 0.0602    recall@20 : 0.0971    recall@50 : 0.1749    ndcg@10 : 0.0479    ndcg@20 : 0.0604    ndcg@50 : 0.0829    
20 Oct 15:55    INFO  epoch 38 training [time: 23.83s, train loss: -0.9838]
20 Oct 15:56    INFO  epoch 38 evaluating [time: 18.90s, valid_score: 0.060600]
20 Oct 15:56    INFO  valid result: 
recall@10 : 0.0603    recall@20 : 0.0969    recall@50 : 0.1742    ndcg@10 : 0.0483    ndcg@20 : 0.0606    ndcg@50 : 0.0831    
20 Oct 15:56    INFO  Saving current best: saved/DirectAU-Oct-20-2023_14-55-24.pth
20 Oct 15:56    INFO  epoch 39 training [time: 23.98s, train loss: -0.9839]
20 Oct 15:56    INFO  epoch 39 evaluating [time: 15.78s, valid_score: 0.060600]
20 Oct 15:56    INFO  valid result: 
recall@10 : 0.0601    recall@20 : 0.0968    recall@50 : 0.1749    ndcg@10 : 0.0482    ndcg@20 : 0.0606    ndcg@50 : 0.0832    
20 Oct 15:57    INFO  epoch 40 training [time: 23.87s, train loss: -0.9840]
20 Oct 15:57    INFO  epoch 40 evaluating [time: 15.52s, valid_score: 0.060200]
20 Oct 15:57    INFO  valid result: 
recall@10 : 0.0605    recall@20 : 0.0965    recall@50 : 0.1747    ndcg@10 : 0.0481    ndcg@20 : 0.0602    ndcg@50 : 0.0829    
20 Oct 15:57    INFO  epoch 41 training [time: 23.83s, train loss: -0.9841]
20 Oct 15:58    INFO  epoch 41 evaluating [time: 15.58s, valid_score: 0.060300]
20 Oct 15:58    INFO  valid result: 
recall@10 : 0.0608    recall@20 : 0.0966    recall@50 : 0.174    ndcg@10 : 0.0483    ndcg@20 : 0.0603    ndcg@50 : 0.0828    
20 Oct 15:58    INFO  epoch 42 training [time: 23.80s, train loss: -0.9842]
20 Oct 15:58    INFO  epoch 42 evaluating [time: 15.68s, valid_score: 0.060400]
20 Oct 15:58    INFO  valid result: 
recall@10 : 0.0601    recall@20 : 0.0968    recall@50 : 0.1739    ndcg@10 : 0.048    ndcg@20 : 0.0604    ndcg@50 : 0.0827    
20 Oct 15:59    INFO  epoch 43 training [time: 23.89s, train loss: -0.9843]
20 Oct 15:59    INFO  epoch 43 evaluating [time: 15.71s, valid_score: 0.060500]
20 Oct 15:59    INFO  valid result: 
recall@10 : 0.0605    recall@20 : 0.0964    recall@50 : 0.1742    ndcg@10 : 0.0484    ndcg@20 : 0.0605    ndcg@50 : 0.083    
20 Oct 15:59    INFO  epoch 44 training [time: 23.88s, train loss: -0.9846]
20 Oct 16:00    INFO  epoch 44 evaluating [time: 15.64s, valid_score: 0.060200]
20 Oct 16:00    INFO  valid result: 
recall@10 : 0.0601    recall@20 : 0.0964    recall@50 : 0.1739    ndcg@10 : 0.048    ndcg@20 : 0.0602    ndcg@50 : 0.0827    
20 Oct 16:00    INFO  epoch 45 training [time: 23.87s, train loss: -0.9845]
20 Oct 16:00    INFO  epoch 45 evaluating [time: 15.40s, valid_score: 0.060400]
20 Oct 16:00    INFO  valid result: 
recall@10 : 0.061    recall@20 : 0.097    recall@50 : 0.1743    ndcg@10 : 0.0483    ndcg@20 : 0.0604    ndcg@50 : 0.0828    
20 Oct 16:01    INFO  epoch 46 training [time: 23.87s, train loss: -0.9846]
20 Oct 16:01    INFO  epoch 46 evaluating [time: 15.85s, valid_score: 0.060300]
20 Oct 16:01    INFO  valid result: 
recall@10 : 0.061    recall@20 : 0.0966    recall@50 : 0.1742    ndcg@10 : 0.0483    ndcg@20 : 0.0603    ndcg@50 : 0.0828    
20 Oct 16:01    INFO  epoch 47 training [time: 23.86s, train loss: -0.9848]
20 Oct 16:02    INFO  epoch 47 evaluating [time: 15.28s, valid_score: 0.060500]
20 Oct 16:02    INFO  valid result: 
recall@10 : 0.0609    recall@20 : 0.0968    recall@50 : 0.1746    ndcg@10 : 0.0484    ndcg@20 : 0.0605    ndcg@50 : 0.0831    
20 Oct 16:02    INFO  epoch 48 training [time: 23.80s, train loss: -0.9848]
20 Oct 16:02    INFO  epoch 48 evaluating [time: 15.84s, valid_score: 0.060400]
20 Oct 16:02    INFO  valid result: 
recall@10 : 0.0602    recall@20 : 0.0968    recall@50 : 0.1745    ndcg@10 : 0.048    ndcg@20 : 0.0604    ndcg@50 : 0.0829    
20 Oct 16:03    INFO  epoch 49 training [time: 23.85s, train loss: -0.9849]
20 Oct 16:03    INFO  epoch 49 evaluating [time: 15.28s, valid_score: 0.060700]
20 Oct 16:03    INFO  valid result: 
recall@10 : 0.0603    recall@20 : 0.0976    recall@50 : 0.1743    ndcg@10 : 0.0482    ndcg@20 : 0.0607    ndcg@50 : 0.083    
20 Oct 16:03    INFO  Saving current best: saved/DirectAU-Oct-20-2023_14-55-24.pth
20 Oct 16:03    INFO  epoch 50 training [time: 23.85s, train loss: -0.9849]
20 Oct 16:04    INFO  epoch 50 evaluating [time: 15.53s, valid_score: 0.060700]
20 Oct 16:04    INFO  valid result: 
recall@10 : 0.061    recall@20 : 0.0972    recall@50 : 0.1743    ndcg@10 : 0.0486    ndcg@20 : 0.0607    ndcg@50 : 0.0831    
20 Oct 16:04    INFO  epoch 51 training [time: 23.90s, train loss: -0.9849]
20 Oct 16:04    INFO  epoch 51 evaluating [time: 15.31s, valid_score: 0.060600]
20 Oct 16:04    INFO  valid result: 
recall@10 : 0.0606    recall@20 : 0.0975    recall@50 : 0.1746    ndcg@10 : 0.0482    ndcg@20 : 0.0606    ndcg@50 : 0.083    
20 Oct 16:05    INFO  epoch 52 training [time: 23.85s, train loss: -0.9850]
20 Oct 16:05    INFO  epoch 52 evaluating [time: 15.55s, valid_score: 0.060400]
20 Oct 16:05    INFO  valid result: 
recall@10 : 0.0603    recall@20 : 0.0963    recall@50 : 0.1752    ndcg@10 : 0.0483    ndcg@20 : 0.0604    ndcg@50 : 0.0833    
20 Oct 16:05    INFO  epoch 53 training [time: 23.67s, train loss: -0.9850]
20 Oct 16:06    INFO  epoch 53 evaluating [time: 15.33s, valid_score: 0.060600]
20 Oct 16:06    INFO  valid result: 
recall@10 : 0.0605    recall@20 : 0.0972    recall@50 : 0.1739    ndcg@10 : 0.0483    ndcg@20 : 0.0606    ndcg@50 : 0.0829    
20 Oct 16:06    INFO  epoch 54 training [time: 23.81s, train loss: -0.9850]
20 Oct 16:06    INFO  epoch 54 evaluating [time: 15.37s, valid_score: 0.060900]
20 Oct 16:06    INFO  valid result: 
recall@10 : 0.0603    recall@20 : 0.0979    recall@50 : 0.1746    ndcg@10 : 0.0482    ndcg@20 : 0.0609    ndcg@50 : 0.0832    
20 Oct 16:06    INFO  Saving current best: saved/DirectAU-Oct-20-2023_14-55-24.pth
20 Oct 16:07    INFO  epoch 55 training [time: 23.81s, train loss: -0.9850]
20 Oct 16:07    INFO  epoch 55 evaluating [time: 15.35s, valid_score: 0.060600]
20 Oct 16:07    INFO  valid result: 
recall@10 : 0.0603    recall@20 : 0.0971    recall@50 : 0.1747    ndcg@10 : 0.0483    ndcg@20 : 0.0606    ndcg@50 : 0.0832    
20 Oct 16:07    INFO  epoch 56 training [time: 23.84s, train loss: -0.9851]
20 Oct 16:08    INFO  epoch 56 evaluating [time: 15.37s, valid_score: 0.060500]
20 Oct 16:08    INFO  valid result: 
recall@10 : 0.0603    recall@20 : 0.0965    recall@50 : 0.1742    ndcg@10 : 0.0482    ndcg@20 : 0.0605    ndcg@50 : 0.083    
20 Oct 16:08    INFO  epoch 57 training [time: 23.58s, train loss: -0.9852]
20 Oct 16:08    INFO  epoch 57 evaluating [time: 15.51s, valid_score: 0.060600]
20 Oct 16:08    INFO  valid result: 
recall@10 : 0.0602    recall@20 : 0.0971    recall@50 : 0.1741    ndcg@10 : 0.0482    ndcg@20 : 0.0606    ndcg@50 : 0.083    
20 Oct 16:09    INFO  epoch 58 training [time: 23.85s, train loss: -0.9853]
20 Oct 16:09    INFO  epoch 58 evaluating [time: 15.24s, valid_score: 0.060700]
20 Oct 16:09    INFO  valid result: 
recall@10 : 0.0604    recall@20 : 0.0975    recall@50 : 0.1754    ndcg@10 : 0.0482    ndcg@20 : 0.0607    ndcg@50 : 0.0832    
20 Oct 16:09    INFO  epoch 59 training [time: 23.88s, train loss: -0.9855]
20 Oct 16:10    INFO  epoch 59 evaluating [time: 15.49s, valid_score: 0.060500]
20 Oct 16:10    INFO  valid result: 
recall@10 : 0.06    recall@20 : 0.0971    recall@50 : 0.1752    ndcg@10 : 0.0481    ndcg@20 : 0.0605    ndcg@50 : 0.0831    
20 Oct 16:10    INFO  epoch 60 training [time: 23.84s, train loss: -0.9852]
20 Oct 16:10    INFO  epoch 60 evaluating [time: 15.41s, valid_score: 0.060500]
20 Oct 16:10    INFO  valid result: 
recall@10 : 0.0603    recall@20 : 0.0966    recall@50 : 0.1742    ndcg@10 : 0.0483    ndcg@20 : 0.0605    ndcg@50 : 0.0831    
20 Oct 16:11    INFO  epoch 61 training [time: 23.89s, train loss: -0.9852]
20 Oct 16:11    INFO  epoch 61 evaluating [time: 17.93s, valid_score: 0.060700]
20 Oct 16:11    INFO  valid result: 
recall@10 : 0.0603    recall@20 : 0.0973    recall@50 : 0.1748    ndcg@10 : 0.0482    ndcg@20 : 0.0607    ndcg@50 : 0.0831    
20 Oct 16:11    INFO  epoch 62 training [time: 23.92s, train loss: -0.9855]
20 Oct 16:12    INFO  epoch 62 evaluating [time: 15.26s, valid_score: 0.060800]
20 Oct 16:12    INFO  valid result: 
recall@10 : 0.0598    recall@20 : 0.0972    recall@50 : 0.1751    ndcg@10 : 0.0482    ndcg@20 : 0.0608    ndcg@50 : 0.0833    
20 Oct 16:12    INFO  epoch 63 training [time: 23.84s, train loss: -0.9852]
20 Oct 16:12    INFO  epoch 63 evaluating [time: 15.67s, valid_score: 0.060500]
20 Oct 16:12    INFO  valid result: 
recall@10 : 0.0601    recall@20 : 0.0968    recall@50 : 0.1746    ndcg@10 : 0.0481    ndcg@20 : 0.0605    ndcg@50 : 0.0831    
20 Oct 16:13    INFO  epoch 64 training [time: 23.80s, train loss: -0.9854]
20 Oct 16:13    INFO  epoch 64 evaluating [time: 15.19s, valid_score: 0.060700]
20 Oct 16:13    INFO  valid result: 
recall@10 : 0.0604    recall@20 : 0.0971    recall@50 : 0.1745    ndcg@10 : 0.0483    ndcg@20 : 0.0607    ndcg@50 : 0.0831    
20 Oct 16:13    INFO  epoch 65 training [time: 23.86s, train loss: -0.9853]
20 Oct 16:14    INFO  epoch 65 evaluating [time: 15.64s, valid_score: 0.060800]
20 Oct 16:14    INFO  valid result: 
recall@10 : 0.0599    recall@20 : 0.0974    recall@50 : 0.1747    ndcg@10 : 0.0481    ndcg@20 : 0.0608    ndcg@50 : 0.0832    
20 Oct 16:14    INFO  Finished training, best eval result in epoch 54
20 Oct 16:14    INFO  Loading model structure and parameters from saved/DirectAU-Oct-20-2023_14-55-24.pth
20 Oct 16:14    INFO  best valid : {'recall@10': 0.0603, 'recall@20': 0.0979, 'recall@50': 0.1746, 'ndcg@10': 0.0482, 'ndcg@20': 0.0609, 'ndcg@50': 0.0832}
20 Oct 16:14    INFO  test result: {'recall@10': 0.061, 'recall@20': 0.098, 'recall@50': 0.1747, 'ndcg@10': 0.0489, 'ndcg@20': 0.0612, 'ndcg@50': 0.0833}
