command line args [--zc 0.1] will not be used in RecBole
20 Oct 14:36    INFO  
General Hyper Parameters:
gpu_id = 1
use_gpu = True
seed = 0
state = INFO
reproducibility = True
data_path = dataset/Beauty
show_progress = False

Training Hyper Parameters:
checkpoint_dir = saved
epochs = 500
train_batch_size = 256
learner = adam
learning_rate = 0.001
training_neg_sample_num = 0
training_neg_sample_distribution = uniform
eval_step = 1
stopping_step = 10
clip_grad_norm = None
weight_decay = 1e-06
draw_loss_pic = False
loss_decimal_place = 4

Evaluation Hyper Parameters:
eval_setting = RO_RS,full
group_by_user = True
split_ratio = [0.8, 0.1, 0.1]
leave_one_num = 2
real_time_process = False
metrics = ['Recall', 'NDCG']
topk = [10, 20, 50]
valid_metric = NDCG@20
eval_batch_size = 4096
metric_decimal_place = 4

Dataset Hyper Parameters:
field_separator = 	
seq_separator =  
USER_ID_FIELD = user_id
ITEM_ID_FIELD = item_id
RATING_FIELD = rating
TIME_FIELD = timestamp
seq_len = None
LABEL_FIELD = label
threshold = None
NEG_PREFIX = neg_
load_col = {'inter': ['user_id', 'item_id', 'timestamp']}
unload_col = None
unused_col = None
additional_feat_suffix = None
lowest_val = None
highest_val = None
equal_val = None
not_equal_val = None
max_user_inter_num = None
min_user_inter_num = 5
max_item_inter_num = None
min_item_inter_num = 5
fields_in_same_space = None
preload_weight = None
normalize_field = None
normalize_all = None
ITEM_LIST_LENGTH_FIELD = item_length
LIST_SUFFIX = _list
MAX_ITEM_LIST_LENGTH = 50
POSITION_FIELD = position_id
HEAD_ENTITY_ID_FIELD = head_id
TAIL_ENTITY_ID_FIELD = tail_id
RELATION_ID_FIELD = relation_id
ENTITY_ID_FIELD = entity_id

Other Hyper Parameters: 
valid_metric_bigger = True
BT = 0.1
bt = 0.001
embedding_size = 64
encoder = MF
gamma = 0.5
times = 1
witem = 0.1
wuser = 0.8
zc = 0.1
rm_dup_inter = None
filter_inter_by_user_or_item = True
SOURCE_ID_FIELD = source_id
TARGET_ID_FIELD = target_id
benchmark_filename = None
MODEL_TYPE = ModelType.GENERAL
MODEL_INPUT_TYPE = InputType.POINTWISE
eval_type = EvaluatorType.RANKING
device = cuda
train_neg_sample_args = {'strategy': 'none'}


20 Oct 14:36    INFO  Beauty
The number of users: 22364
Average actions of users: 8.876358270357287
The number of items: 12102
Average actions of items: 16.403768283612923
The number of inters: 198502
The sparsity of the dataset: 99.92665707018277%
Remain Fields: ['user_id', 'item_id', 'timestamp']
20 Oct 14:36    INFO  Build [GeneralDataLoader] for [train] with format [InputType.POINTWISE]
20 Oct 14:36    INFO  [train] No Negative Sampling
20 Oct 14:36    INFO  [train] batch_size = [256], shuffle = [True]

20 Oct 14:36    INFO  Build [GeneralFullDataLoader] for [evaluation] with format [InputType.POINTWISE]
20 Oct 14:36    INFO  Evaluation Setting:
	Group by user_id
	Ordering: {'strategy': 'shuffle'}
	Splitting: {'strategy': 'by_ratio', 'ratios': [0.8, 0.1, 0.1]}
	Negative Sampling: {'strategy': 'full', 'distribution': 'uniform'}
20 Oct 14:36    INFO  [evaluation] batch_size = [4096], shuffle = [False]

20 Oct 14:36    WARNING  Batch size is changed to 12102.
20 Oct 14:36    WARNING  Batch size is changed to 12102.
{'BT': 0.1, 'bt': 0.001, 'embedding_size': 64, 'encoder': 'MF', 'gamma': None, 'times': 1, 'training_neg_sample_num': 0, 'witem': 0.1, 'wuser': 0.8, 'zc': 0.1}
this is encoder MF...
这是directau 的 WUBT 版本...
20 Oct 14:36    INFO  DirectAU(
  (encoder): MFEncoder(
    (user_embedding): Embedding(22364, 64)
    (item_embedding): Embedding(12102, 64)
  )
  (bn): BatchNorm1d(64, eps=1e-05, momentum=0.1, affine=False, track_running_stats=True)
  (projector): Sequential(
    (0): Linear(in_features=64, out_features=64, bias=False)
    (1): BatchNorm1d(64, eps=1e-05, momentum=0.1, affine=True, track_running_stats=True)
    (2): ReLU(inplace=True)
    (3): Linear(in_features=64, out_features=64, bias=False)
    (4): BatchNorm1d(64, eps=1e-05, momentum=0.1, affine=True, track_running_stats=True)
    (5): ReLU(inplace=True)
    (6): Linear(in_features=64, out_features=64, bias=False)
  )
)
Trainable parameters: 2218368
20 Oct 14:36    INFO  epoch 0 training [time: 2.27s, train loss: 0.0074]
20 Oct 14:36    INFO  epoch 0 evaluating [time: 9.70s, valid_score: 0.014300]
20 Oct 14:36    INFO  valid result: 
recall@10 : 0.0204    recall@20 : 0.0312    recall@50 : 0.0503    ndcg@10 : 0.0114    ndcg@20 : 0.0143    ndcg@50 : 0.0184    
20 Oct 14:36    INFO  Saving current best: saved/DirectAU-Oct-20-2023_14-36-32.pth
20 Oct 14:36    INFO  epoch 1 training [time: 2.13s, train loss: -0.5014]
20 Oct 14:36    INFO  epoch 1 evaluating [time: 9.52s, valid_score: 0.020000]
20 Oct 14:36    INFO  valid result: 
recall@10 : 0.0275    recall@20 : 0.0429    recall@50 : 0.0709    ndcg@10 : 0.0159    ndcg@20 : 0.02    ndcg@50 : 0.026    
20 Oct 14:36    INFO  Saving current best: saved/DirectAU-Oct-20-2023_14-36-32.pth
20 Oct 14:36    INFO  epoch 2 training [time: 2.15s, train loss: -0.6317]
20 Oct 14:37    INFO  epoch 2 evaluating [time: 9.84s, valid_score: 0.022800]
20 Oct 14:37    INFO  valid result: 
recall@10 : 0.032    recall@20 : 0.0501    recall@50 : 0.0822    ndcg@10 : 0.0179    ndcg@20 : 0.0228    ndcg@50 : 0.0296    
20 Oct 14:37    INFO  Saving current best: saved/DirectAU-Oct-20-2023_14-36-32.pth
20 Oct 14:37    INFO  epoch 3 training [time: 2.05s, train loss: -0.6956]
20 Oct 14:37    INFO  epoch 3 evaluating [time: 9.53s, valid_score: 0.025300]
20 Oct 14:37    INFO  valid result: 
recall@10 : 0.036    recall@20 : 0.0558    recall@50 : 0.0894    ndcg@10 : 0.02    ndcg@20 : 0.0253    ndcg@50 : 0.0324    
20 Oct 14:37    INFO  Saving current best: saved/DirectAU-Oct-20-2023_14-36-32.pth
20 Oct 14:37    INFO  epoch 4 training [time: 2.25s, train loss: -0.7373]
20 Oct 14:37    INFO  epoch 4 evaluating [time: 9.57s, valid_score: 0.027300]
20 Oct 14:37    INFO  valid result: 
recall@10 : 0.0387    recall@20 : 0.0597    recall@50 : 0.0959    ndcg@10 : 0.0217    ndcg@20 : 0.0273    ndcg@50 : 0.0349    
20 Oct 14:37    INFO  Saving current best: saved/DirectAU-Oct-20-2023_14-36-32.pth
20 Oct 14:37    INFO  epoch 5 training [time: 2.26s, train loss: -0.7685]
20 Oct 14:37    INFO  epoch 5 evaluating [time: 9.71s, valid_score: 0.029200]
20 Oct 14:37    INFO  valid result: 
recall@10 : 0.0413    recall@20 : 0.0645    recall@50 : 0.1005    ndcg@10 : 0.023    ndcg@20 : 0.0292    ndcg@50 : 0.0367    
20 Oct 14:37    INFO  Saving current best: saved/DirectAU-Oct-20-2023_14-36-32.pth
20 Oct 14:37    INFO  epoch 6 training [time: 2.23s, train loss: -0.7932]
20 Oct 14:37    INFO  epoch 6 evaluating [time: 9.58s, valid_score: 0.030900]
20 Oct 14:37    INFO  valid result: 
recall@10 : 0.0439    recall@20 : 0.0673    recall@50 : 0.1049    ndcg@10 : 0.0247    ndcg@20 : 0.0309    ndcg@50 : 0.0387    
20 Oct 14:37    INFO  Saving current best: saved/DirectAU-Oct-20-2023_14-36-32.pth
20 Oct 14:37    INFO  epoch 7 training [time: 2.14s, train loss: -0.8137]
20 Oct 14:38    INFO  epoch 7 evaluating [time: 9.59s, valid_score: 0.032200]
20 Oct 14:38    INFO  valid result: 
recall@10 : 0.0469    recall@20 : 0.0706    recall@50 : 0.1108    ndcg@10 : 0.0259    ndcg@20 : 0.0322    ndcg@50 : 0.0405    
20 Oct 14:38    INFO  Saving current best: saved/DirectAU-Oct-20-2023_14-36-32.pth
20 Oct 14:38    INFO  epoch 8 training [time: 2.20s, train loss: -0.8325]
20 Oct 14:38    INFO  epoch 8 evaluating [time: 9.74s, valid_score: 0.033200]
20 Oct 14:38    INFO  valid result: 
recall@10 : 0.0479    recall@20 : 0.0726    recall@50 : 0.1143    ndcg@10 : 0.0266    ndcg@20 : 0.0332    ndcg@50 : 0.0418    
20 Oct 14:38    INFO  Saving current best: saved/DirectAU-Oct-20-2023_14-36-32.pth
20 Oct 14:38    INFO  epoch 9 training [time: 2.19s, train loss: -0.8488]
20 Oct 14:38    INFO  epoch 9 evaluating [time: 9.69s, valid_score: 0.034400]
20 Oct 14:38    INFO  valid result: 
recall@10 : 0.0507    recall@20 : 0.0744    recall@50 : 0.1189    ndcg@10 : 0.0281    ndcg@20 : 0.0344    ndcg@50 : 0.0436    
20 Oct 14:38    INFO  Saving current best: saved/DirectAU-Oct-20-2023_14-36-32.pth
20 Oct 14:38    INFO  epoch 10 training [time: 2.06s, train loss: -0.8634]
20 Oct 14:38    INFO  epoch 10 evaluating [time: 9.93s, valid_score: 0.035800]
20 Oct 14:38    INFO  valid result: 
recall@10 : 0.0525    recall@20 : 0.0767    recall@50 : 0.1212    ndcg@10 : 0.0294    ndcg@20 : 0.0358    ndcg@50 : 0.0451    
20 Oct 14:38    INFO  Saving current best: saved/DirectAU-Oct-20-2023_14-36-32.pth
20 Oct 14:38    INFO  epoch 11 training [time: 2.25s, train loss: -0.8775]
20 Oct 14:38    INFO  epoch 11 evaluating [time: 9.96s, valid_score: 0.037000]
20 Oct 14:38    INFO  valid result: 
recall@10 : 0.0547    recall@20 : 0.0809    recall@50 : 0.1251    ndcg@10 : 0.0301    ndcg@20 : 0.037    ndcg@50 : 0.0462    
20 Oct 14:38    INFO  Saving current best: saved/DirectAU-Oct-20-2023_14-36-32.pth
20 Oct 14:38    INFO  epoch 12 training [time: 2.22s, train loss: -0.8899]
20 Oct 14:39    INFO  epoch 12 evaluating [time: 9.58s, valid_score: 0.037500]
20 Oct 14:39    INFO  valid result: 
recall@10 : 0.0547    recall@20 : 0.0816    recall@50 : 0.1275    ndcg@10 : 0.0304    ndcg@20 : 0.0375    ndcg@50 : 0.047    
20 Oct 14:39    INFO  Saving current best: saved/DirectAU-Oct-20-2023_14-36-32.pth
20 Oct 14:39    INFO  epoch 13 training [time: 2.24s, train loss: -0.9022]
20 Oct 14:39    INFO  epoch 13 evaluating [time: 9.62s, valid_score: 0.038800]
20 Oct 14:39    INFO  valid result: 
recall@10 : 0.0569    recall@20 : 0.0836    recall@50 : 0.1297    ndcg@10 : 0.0317    ndcg@20 : 0.0388    ndcg@50 : 0.0483    
20 Oct 14:39    INFO  Saving current best: saved/DirectAU-Oct-20-2023_14-36-32.pth
20 Oct 14:39    INFO  epoch 14 training [time: 2.24s, train loss: -0.9128]
20 Oct 14:39    INFO  epoch 14 evaluating [time: 9.44s, valid_score: 0.040000]
20 Oct 14:39    INFO  valid result: 
recall@10 : 0.0591    recall@20 : 0.0869    recall@50 : 0.1318    ndcg@10 : 0.0326    ndcg@20 : 0.04    ndcg@50 : 0.0492    
20 Oct 14:39    INFO  Saving current best: saved/DirectAU-Oct-20-2023_14-36-32.pth
20 Oct 14:39    INFO  epoch 15 training [time: 2.24s, train loss: -0.9239]
20 Oct 14:39    INFO  epoch 15 evaluating [time: 9.58s, valid_score: 0.041000]
20 Oct 14:39    INFO  valid result: 
recall@10 : 0.0603    recall@20 : 0.0891    recall@50 : 0.1344    ndcg@10 : 0.0334    ndcg@20 : 0.041    ndcg@50 : 0.0504    
20 Oct 14:39    INFO  Saving current best: saved/DirectAU-Oct-20-2023_14-36-32.pth
20 Oct 14:39    INFO  epoch 16 training [time: 2.17s, train loss: -0.9336]
20 Oct 14:39    INFO  epoch 16 evaluating [time: 9.50s, valid_score: 0.042200]
20 Oct 14:39    INFO  valid result: 
recall@10 : 0.0615    recall@20 : 0.0907    recall@50 : 0.1364    ndcg@10 : 0.0345    ndcg@20 : 0.0422    ndcg@50 : 0.0516    
20 Oct 14:39    INFO  Saving current best: saved/DirectAU-Oct-20-2023_14-36-32.pth
20 Oct 14:39    INFO  epoch 17 training [time: 2.21s, train loss: -0.9436]
20 Oct 14:40    INFO  epoch 17 evaluating [time: 9.76s, valid_score: 0.042700]
20 Oct 14:40    INFO  valid result: 
recall@10 : 0.0638    recall@20 : 0.0917    recall@50 : 0.1384    ndcg@10 : 0.0354    ndcg@20 : 0.0427    ndcg@50 : 0.0524    
20 Oct 14:40    INFO  Saving current best: saved/DirectAU-Oct-20-2023_14-36-32.pth
20 Oct 14:40    INFO  epoch 18 training [time: 2.48s, train loss: -0.9530]
20 Oct 14:40    INFO  epoch 18 evaluating [time: 11.77s, valid_score: 0.043300]
20 Oct 14:40    INFO  valid result: 
recall@10 : 0.0641    recall@20 : 0.0931    recall@50 : 0.1412    ndcg@10 : 0.0356    ndcg@20 : 0.0433    ndcg@50 : 0.0532    
20 Oct 14:40    INFO  Saving current best: saved/DirectAU-Oct-20-2023_14-36-32.pth
20 Oct 14:40    INFO  epoch 19 training [time: 2.12s, train loss: -0.9617]
20 Oct 14:40    INFO  epoch 19 evaluating [time: 9.59s, valid_score: 0.043600]
20 Oct 14:40    INFO  valid result: 
recall@10 : 0.0661    recall@20 : 0.0945    recall@50 : 0.1426    ndcg@10 : 0.0361    ndcg@20 : 0.0436    ndcg@50 : 0.0536    
20 Oct 14:40    INFO  Saving current best: saved/DirectAU-Oct-20-2023_14-36-32.pth
20 Oct 14:40    INFO  epoch 20 training [time: 2.21s, train loss: -0.9703]
20 Oct 14:40    INFO  epoch 20 evaluating [time: 9.50s, valid_score: 0.044500]
20 Oct 14:40    INFO  valid result: 
recall@10 : 0.0654    recall@20 : 0.0954    recall@50 : 0.1438    ndcg@10 : 0.0366    ndcg@20 : 0.0445    ndcg@50 : 0.0545    
20 Oct 14:40    INFO  Saving current best: saved/DirectAU-Oct-20-2023_14-36-32.pth
20 Oct 14:40    INFO  epoch 21 training [time: 2.14s, train loss: -0.9779]
20 Oct 14:40    INFO  epoch 21 evaluating [time: 10.44s, valid_score: 0.045200]
20 Oct 14:40    INFO  valid result: 
recall@10 : 0.0665    recall@20 : 0.0966    recall@50 : 0.1462    ndcg@10 : 0.0372    ndcg@20 : 0.0452    ndcg@50 : 0.0554    
20 Oct 14:40    INFO  Saving current best: saved/DirectAU-Oct-20-2023_14-36-32.pth
20 Oct 14:40    INFO  epoch 22 training [time: 2.24s, train loss: -0.9858]
20 Oct 14:41    INFO  epoch 22 evaluating [time: 9.74s, valid_score: 0.045900]
20 Oct 14:41    INFO  valid result: 
recall@10 : 0.0676    recall@20 : 0.0985    recall@50 : 0.149    ndcg@10 : 0.0378    ndcg@20 : 0.0459    ndcg@50 : 0.0564    
20 Oct 14:41    INFO  Saving current best: saved/DirectAU-Oct-20-2023_14-36-32.pth
20 Oct 14:41    INFO  epoch 23 training [time: 2.25s, train loss: -0.9926]
20 Oct 14:41    INFO  epoch 23 evaluating [time: 9.43s, valid_score: 0.046500]
20 Oct 14:41    INFO  valid result: 
recall@10 : 0.0686    recall@20 : 0.0991    recall@50 : 0.15    ndcg@10 : 0.0384    ndcg@20 : 0.0465    ndcg@50 : 0.0569    
20 Oct 14:41    INFO  Saving current best: saved/DirectAU-Oct-20-2023_14-36-32.pth
20 Oct 14:41    INFO  epoch 24 training [time: 2.26s, train loss: -1.0000]
20 Oct 14:41    INFO  epoch 24 evaluating [time: 9.67s, valid_score: 0.047200]
20 Oct 14:41    INFO  valid result: 
recall@10 : 0.0703    recall@20 : 0.1003    recall@50 : 0.1512    ndcg@10 : 0.0393    ndcg@20 : 0.0472    ndcg@50 : 0.0578    
20 Oct 14:41    INFO  Saving current best: saved/DirectAU-Oct-20-2023_14-36-32.pth
20 Oct 14:41    INFO  epoch 25 training [time: 2.29s, train loss: -1.0071]
20 Oct 14:41    INFO  epoch 25 evaluating [time: 9.51s, valid_score: 0.048000]
20 Oct 14:41    INFO  valid result: 
recall@10 : 0.0698    recall@20 : 0.1023    recall@50 : 0.1527    ndcg@10 : 0.0395    ndcg@20 : 0.048    ndcg@50 : 0.0585    
20 Oct 14:41    INFO  Saving current best: saved/DirectAU-Oct-20-2023_14-36-32.pth
20 Oct 14:41    INFO  epoch 26 training [time: 2.24s, train loss: -1.0137]
20 Oct 14:41    INFO  epoch 26 evaluating [time: 9.56s, valid_score: 0.048300]
20 Oct 14:41    INFO  valid result: 
recall@10 : 0.0713    recall@20 : 0.1032    recall@50 : 0.1554    ndcg@10 : 0.0399    ndcg@20 : 0.0483    ndcg@50 : 0.059    
20 Oct 14:41    INFO  Saving current best: saved/DirectAU-Oct-20-2023_14-36-32.pth
20 Oct 14:41    INFO  epoch 27 training [time: 2.23s, train loss: -1.0198]
20 Oct 14:42    INFO  epoch 27 evaluating [time: 9.44s, valid_score: 0.048800]
20 Oct 14:42    INFO  valid result: 
recall@10 : 0.0722    recall@20 : 0.1048    recall@50 : 0.1567    ndcg@10 : 0.0403    ndcg@20 : 0.0488    ndcg@50 : 0.0595    
20 Oct 14:42    INFO  Saving current best: saved/DirectAU-Oct-20-2023_14-36-32.pth
20 Oct 14:42    INFO  epoch 28 training [time: 2.19s, train loss: -1.0257]
20 Oct 14:42    INFO  epoch 28 evaluating [time: 9.48s, valid_score: 0.049600]
20 Oct 14:42    INFO  valid result: 
recall@10 : 0.0727    recall@20 : 0.1054    recall@50 : 0.1572    ndcg@10 : 0.041    ndcg@20 : 0.0496    ndcg@50 : 0.0603    
20 Oct 14:42    INFO  Saving current best: saved/DirectAU-Oct-20-2023_14-36-32.pth
20 Oct 14:42    INFO  epoch 29 training [time: 2.01s, train loss: -1.0315]
20 Oct 14:42    INFO  epoch 29 evaluating [time: 9.51s, valid_score: 0.049900]
20 Oct 14:42    INFO  valid result: 
recall@10 : 0.0726    recall@20 : 0.1063    recall@50 : 0.1585    ndcg@10 : 0.041    ndcg@20 : 0.0499    ndcg@50 : 0.0606    
20 Oct 14:42    INFO  Saving current best: saved/DirectAU-Oct-20-2023_14-36-32.pth
20 Oct 14:42    INFO  epoch 30 training [time: 2.11s, train loss: -1.0369]
20 Oct 14:42    INFO  epoch 30 evaluating [time: 9.67s, valid_score: 0.050900]
20 Oct 14:42    INFO  valid result: 
recall@10 : 0.0728    recall@20 : 0.1082    recall@50 : 0.1599    ndcg@10 : 0.0416    ndcg@20 : 0.0509    ndcg@50 : 0.0615    
20 Oct 14:42    INFO  Saving current best: saved/DirectAU-Oct-20-2023_14-36-32.pth
20 Oct 14:42    INFO  epoch 31 training [time: 2.45s, train loss: -1.0419]
20 Oct 14:42    INFO  epoch 31 evaluating [time: 9.41s, valid_score: 0.050800]
20 Oct 14:42    INFO  valid result: 
recall@10 : 0.0742    recall@20 : 0.1079    recall@50 : 0.1612    ndcg@10 : 0.0419    ndcg@20 : 0.0508    ndcg@50 : 0.0617    
20 Oct 14:42    INFO  epoch 32 training [time: 2.25s, train loss: -1.0477]
20 Oct 14:43    INFO  epoch 32 evaluating [time: 9.62s, valid_score: 0.051600]
20 Oct 14:43    INFO  valid result: 
recall@10 : 0.0755    recall@20 : 0.1098    recall@50 : 0.1619    ndcg@10 : 0.0425    ndcg@20 : 0.0516    ndcg@50 : 0.0623    
20 Oct 14:43    INFO  Saving current best: saved/DirectAU-Oct-20-2023_14-36-32.pth
20 Oct 14:43    INFO  epoch 33 training [time: 2.18s, train loss: -1.0523]
20 Oct 14:43    INFO  epoch 33 evaluating [time: 9.50s, valid_score: 0.052100]
20 Oct 14:43    INFO  valid result: 
recall@10 : 0.0759    recall@20 : 0.1113    recall@50 : 0.1637    ndcg@10 : 0.0428    ndcg@20 : 0.0521    ndcg@50 : 0.0629    
20 Oct 14:43    INFO  Saving current best: saved/DirectAU-Oct-20-2023_14-36-32.pth
20 Oct 14:43    INFO  epoch 34 training [time: 2.07s, train loss: -1.0567]
20 Oct 14:43    INFO  epoch 34 evaluating [time: 10.58s, valid_score: 0.052800]
20 Oct 14:43    INFO  valid result: 
recall@10 : 0.077    recall@20 : 0.1124    recall@50 : 0.1639    ndcg@10 : 0.0435    ndcg@20 : 0.0528    ndcg@50 : 0.0634    
20 Oct 14:43    INFO  Saving current best: saved/DirectAU-Oct-20-2023_14-36-32.pth
20 Oct 14:43    INFO  epoch 35 training [time: 2.27s, train loss: -1.0611]
20 Oct 14:43    INFO  epoch 35 evaluating [time: 10.38s, valid_score: 0.053400]
20 Oct 14:43    INFO  valid result: 
recall@10 : 0.0781    recall@20 : 0.1132    recall@50 : 0.1663    ndcg@10 : 0.0442    ndcg@20 : 0.0534    ndcg@50 : 0.0643    
20 Oct 14:43    INFO  Saving current best: saved/DirectAU-Oct-20-2023_14-36-32.pth
20 Oct 14:43    INFO  epoch 36 training [time: 2.02s, train loss: -1.0655]
20 Oct 14:43    INFO  epoch 36 evaluating [time: 9.68s, valid_score: 0.053400]
20 Oct 14:43    INFO  valid result: 
recall@10 : 0.0794    recall@20 : 0.1144    recall@50 : 0.1679    ndcg@10 : 0.0442    ndcg@20 : 0.0534    ndcg@50 : 0.0644    
20 Oct 14:43    INFO  epoch 37 training [time: 2.17s, train loss: -1.0697]
20 Oct 14:44    INFO  epoch 37 evaluating [time: 9.28s, valid_score: 0.053900]
20 Oct 14:44    INFO  valid result: 
recall@10 : 0.0803    recall@20 : 0.1141    recall@50 : 0.1679    ndcg@10 : 0.045    ndcg@20 : 0.0539    ndcg@50 : 0.065    
20 Oct 14:44    INFO  Saving current best: saved/DirectAU-Oct-20-2023_14-36-32.pth
20 Oct 14:44    INFO  epoch 38 training [time: 2.21s, train loss: -1.0733]
20 Oct 14:44    INFO  epoch 38 evaluating [time: 10.68s, valid_score: 0.054700]
20 Oct 14:44    INFO  valid result: 
recall@10 : 0.0796    recall@20 : 0.1161    recall@50 : 0.1692    ndcg@10 : 0.0452    ndcg@20 : 0.0547    ndcg@50 : 0.0656    
20 Oct 14:44    INFO  Saving current best: saved/DirectAU-Oct-20-2023_14-36-32.pth
20 Oct 14:44    INFO  epoch 39 training [time: 2.10s, train loss: -1.0774]
20 Oct 14:44    INFO  epoch 39 evaluating [time: 9.79s, valid_score: 0.054600]
20 Oct 14:44    INFO  valid result: 
recall@10 : 0.0806    recall@20 : 0.1166    recall@50 : 0.1698    ndcg@10 : 0.0451    ndcg@20 : 0.0546    ndcg@50 : 0.0655    
20 Oct 14:44    INFO  epoch 40 training [time: 2.24s, train loss: -1.0809]
20 Oct 14:44    INFO  epoch 40 evaluating [time: 9.50s, valid_score: 0.055300]
20 Oct 14:44    INFO  valid result: 
recall@10 : 0.0805    recall@20 : 0.1166    recall@50 : 0.171    ndcg@10 : 0.0458    ndcg@20 : 0.0553    ndcg@50 : 0.0665    
20 Oct 14:44    INFO  Saving current best: saved/DirectAU-Oct-20-2023_14-36-32.pth
20 Oct 14:44    INFO  epoch 41 training [time: 2.21s, train loss: -1.0841]
20 Oct 14:44    INFO  epoch 41 evaluating [time: 9.60s, valid_score: 0.055700]
20 Oct 14:44    INFO  valid result: 
recall@10 : 0.0815    recall@20 : 0.1171    recall@50 : 0.1725    ndcg@10 : 0.0463    ndcg@20 : 0.0557    ndcg@50 : 0.0671    
20 Oct 14:44    INFO  Saving current best: saved/DirectAU-Oct-20-2023_14-36-32.pth
20 Oct 14:44    INFO  epoch 42 training [time: 2.22s, train loss: -1.0877]
20 Oct 14:45    INFO  epoch 42 evaluating [time: 9.50s, valid_score: 0.055700]
20 Oct 14:45    INFO  valid result: 
recall@10 : 0.0822    recall@20 : 0.1172    recall@50 : 0.1738    ndcg@10 : 0.0464    ndcg@20 : 0.0557    ndcg@50 : 0.0673    
20 Oct 14:45    INFO  epoch 43 training [time: 2.10s, train loss: -1.0906]
20 Oct 14:45    INFO  epoch 43 evaluating [time: 9.48s, valid_score: 0.056300]
20 Oct 14:45    INFO  valid result: 
recall@10 : 0.0821    recall@20 : 0.1182    recall@50 : 0.1735    ndcg@10 : 0.0468    ndcg@20 : 0.0563    ndcg@50 : 0.0677    
20 Oct 14:45    INFO  Saving current best: saved/DirectAU-Oct-20-2023_14-36-32.pth
20 Oct 14:45    INFO  epoch 44 training [time: 2.23s, train loss: -1.0938]
20 Oct 14:45    INFO  epoch 44 evaluating [time: 9.44s, valid_score: 0.056800]
20 Oct 14:45    INFO  valid result: 
recall@10 : 0.0824    recall@20 : 0.1199    recall@50 : 0.1746    ndcg@10 : 0.0469    ndcg@20 : 0.0568    ndcg@50 : 0.068    
20 Oct 14:45    INFO  Saving current best: saved/DirectAU-Oct-20-2023_14-36-32.pth
20 Oct 14:45    INFO  epoch 45 training [time: 2.18s, train loss: -1.0969]
20 Oct 14:45    INFO  epoch 45 evaluating [time: 9.60s, valid_score: 0.057000]
20 Oct 14:45    INFO  valid result: 
recall@10 : 0.0833    recall@20 : 0.1203    recall@50 : 0.1746    ndcg@10 : 0.0473    ndcg@20 : 0.057    ndcg@50 : 0.0681    
20 Oct 14:45    INFO  Saving current best: saved/DirectAU-Oct-20-2023_14-36-32.pth
20 Oct 14:45    INFO  epoch 46 training [time: 2.18s, train loss: -1.0996]
20 Oct 14:45    INFO  epoch 46 evaluating [time: 9.41s, valid_score: 0.057400]
20 Oct 14:45    INFO  valid result: 
recall@10 : 0.0842    recall@20 : 0.1205    recall@50 : 0.1754    ndcg@10 : 0.0479    ndcg@20 : 0.0574    ndcg@50 : 0.0687    
20 Oct 14:45    INFO  Saving current best: saved/DirectAU-Oct-20-2023_14-36-32.pth
20 Oct 14:45    INFO  epoch 47 training [time: 2.24s, train loss: -1.1023]
20 Oct 14:46    INFO  epoch 47 evaluating [time: 9.58s, valid_score: 0.057300]
20 Oct 14:46    INFO  valid result: 
recall@10 : 0.0844    recall@20 : 0.1209    recall@50 : 0.1758    ndcg@10 : 0.0477    ndcg@20 : 0.0573    ndcg@50 : 0.0686    
20 Oct 14:46    INFO  epoch 48 training [time: 2.23s, train loss: -1.1049]
20 Oct 14:46    INFO  epoch 48 evaluating [time: 10.97s, valid_score: 0.057500]
20 Oct 14:46    INFO  valid result: 
recall@10 : 0.0854    recall@20 : 0.1212    recall@50 : 0.1773    ndcg@10 : 0.0482    ndcg@20 : 0.0575    ndcg@50 : 0.0691    
20 Oct 14:46    INFO  Saving current best: saved/DirectAU-Oct-20-2023_14-36-32.pth
20 Oct 14:46    INFO  epoch 49 training [time: 2.24s, train loss: -1.1071]
20 Oct 14:46    INFO  epoch 49 evaluating [time: 10.32s, valid_score: 0.058000]
20 Oct 14:46    INFO  valid result: 
recall@10 : 0.0864    recall@20 : 0.1215    recall@50 : 0.1778    ndcg@10 : 0.0488    ndcg@20 : 0.058    ndcg@50 : 0.0696    
20 Oct 14:46    INFO  Saving current best: saved/DirectAU-Oct-20-2023_14-36-32.pth
20 Oct 14:46    INFO  epoch 50 training [time: 2.15s, train loss: -1.1095]
20 Oct 14:46    INFO  epoch 50 evaluating [time: 9.78s, valid_score: 0.057900]
20 Oct 14:46    INFO  valid result: 
recall@10 : 0.0865    recall@20 : 0.1217    recall@50 : 0.1785    ndcg@10 : 0.0486    ndcg@20 : 0.0579    ndcg@50 : 0.0695    
20 Oct 14:46    INFO  epoch 51 training [time: 2.28s, train loss: -1.1112]
20 Oct 14:47    INFO  epoch 51 evaluating [time: 60.38s, valid_score: 0.058300]
20 Oct 14:47    INFO  valid result: 
recall@10 : 0.0866    recall@20 : 0.1231    recall@50 : 0.1796    ndcg@10 : 0.0487    ndcg@20 : 0.0583    ndcg@50 : 0.0699    
20 Oct 14:47    INFO  Saving current best: saved/DirectAU-Oct-20-2023_14-36-32.pth
20 Oct 14:47    INFO  epoch 52 training [time: 2.79s, train loss: -1.1134]
20 Oct 14:48    INFO  epoch 52 evaluating [time: 59.80s, valid_score: 0.058300]
20 Oct 14:48    INFO  valid result: 
recall@10 : 0.0873    recall@20 : 0.1228    recall@50 : 0.1795    ndcg@10 : 0.049    ndcg@20 : 0.0583    ndcg@50 : 0.07    
20 Oct 14:48    INFO  epoch 53 training [time: 2.88s, train loss: -1.1158]
20 Oct 14:49    INFO  epoch 53 evaluating [time: 40.18s, valid_score: 0.058700]
20 Oct 14:49    INFO  valid result: 
recall@10 : 0.087    recall@20 : 0.1241    recall@50 : 0.1808    ndcg@10 : 0.049    ndcg@20 : 0.0587    ndcg@50 : 0.0704    
20 Oct 14:49    INFO  Saving current best: saved/DirectAU-Oct-20-2023_14-36-32.pth
20 Oct 14:49    INFO  epoch 54 training [time: 2.82s, train loss: -1.1179]
20 Oct 14:50    INFO  epoch 54 evaluating [time: 37.02s, valid_score: 0.059200]
20 Oct 14:50    INFO  valid result: 
recall@10 : 0.0874    recall@20 : 0.1247    recall@50 : 0.1808    ndcg@10 : 0.0494    ndcg@20 : 0.0592    ndcg@50 : 0.0707    
20 Oct 14:50    INFO  Saving current best: saved/DirectAU-Oct-20-2023_14-36-32.pth
20 Oct 14:50    INFO  epoch 55 training [time: 2.15s, train loss: -1.1198]
20 Oct 14:50    INFO  epoch 55 evaluating [time: 9.53s, valid_score: 0.059300]
20 Oct 14:50    INFO  valid result: 
recall@10 : 0.0886    recall@20 : 0.1253    recall@50 : 0.1825    ndcg@10 : 0.0497    ndcg@20 : 0.0593    ndcg@50 : 0.071    
20 Oct 14:50    INFO  Saving current best: saved/DirectAU-Oct-20-2023_14-36-32.pth
20 Oct 14:50    INFO  epoch 56 training [time: 2.24s, train loss: -1.1212]
20 Oct 14:50    INFO  epoch 56 evaluating [time: 9.70s, valid_score: 0.059600]
20 Oct 14:50    INFO  valid result: 
recall@10 : 0.0889    recall@20 : 0.1252    recall@50 : 0.1834    ndcg@10 : 0.0502    ndcg@20 : 0.0596    ndcg@50 : 0.0716    
20 Oct 14:50    INFO  Saving current best: saved/DirectAU-Oct-20-2023_14-36-32.pth
20 Oct 14:50    INFO  epoch 57 training [time: 2.36s, train loss: -1.1232]
20 Oct 14:50    INFO  epoch 57 evaluating [time: 9.75s, valid_score: 0.059700]
20 Oct 14:50    INFO  valid result: 
recall@10 : 0.0895    recall@20 : 0.1257    recall@50 : 0.1829    ndcg@10 : 0.0502    ndcg@20 : 0.0597    ndcg@50 : 0.0714    
20 Oct 14:50    INFO  Saving current best: saved/DirectAU-Oct-20-2023_14-36-32.pth
20 Oct 14:50    INFO  epoch 58 training [time: 2.15s, train loss: -1.1247]
20 Oct 14:51    INFO  epoch 58 evaluating [time: 10.14s, valid_score: 0.059900]
20 Oct 14:51    INFO  valid result: 
recall@10 : 0.0896    recall@20 : 0.1261    recall@50 : 0.1836    ndcg@10 : 0.0504    ndcg@20 : 0.0599    ndcg@50 : 0.0717    
20 Oct 14:51    INFO  Saving current best: saved/DirectAU-Oct-20-2023_14-36-32.pth
20 Oct 14:51    INFO  epoch 59 training [time: 2.23s, train loss: -1.1261]
20 Oct 14:51    INFO  epoch 59 evaluating [time: 10.97s, valid_score: 0.060100]
20 Oct 14:51    INFO  valid result: 
recall@10 : 0.0894    recall@20 : 0.1265    recall@50 : 0.185    ndcg@10 : 0.0504    ndcg@20 : 0.0601    ndcg@50 : 0.0721    
20 Oct 14:51    INFO  Saving current best: saved/DirectAU-Oct-20-2023_14-36-32.pth
20 Oct 14:51    INFO  epoch 60 training [time: 2.47s, train loss: -1.1277]
20 Oct 14:51    INFO  epoch 60 evaluating [time: 10.10s, valid_score: 0.060600]
20 Oct 14:51    INFO  valid result: 
recall@10 : 0.09    recall@20 : 0.1277    recall@50 : 0.1856    ndcg@10 : 0.0507    ndcg@20 : 0.0606    ndcg@50 : 0.0725    
20 Oct 14:51    INFO  Saving current best: saved/DirectAU-Oct-20-2023_14-36-32.pth
20 Oct 14:51    INFO  epoch 61 training [time: 2.17s, train loss: -1.1291]
20 Oct 14:51    INFO  epoch 61 evaluating [time: 9.52s, valid_score: 0.060500]
20 Oct 14:51    INFO  valid result: 
recall@10 : 0.0904    recall@20 : 0.1269    recall@50 : 0.1859    ndcg@10 : 0.051    ndcg@20 : 0.0605    ndcg@50 : 0.0726    
20 Oct 14:51    INFO  epoch 62 training [time: 2.22s, train loss: -1.1306]
20 Oct 14:51    INFO  epoch 62 evaluating [time: 9.48s, valid_score: 0.061000]
20 Oct 14:51    INFO  valid result: 
recall@10 : 0.09    recall@20 : 0.1283    recall@50 : 0.1867    ndcg@10 : 0.051    ndcg@20 : 0.061    ndcg@50 : 0.073    
20 Oct 14:51    INFO  Saving current best: saved/DirectAU-Oct-20-2023_14-36-32.pth
20 Oct 14:51    INFO  epoch 63 training [time: 2.18s, train loss: -1.1319]
20 Oct 14:52    INFO  epoch 63 evaluating [time: 11.50s, valid_score: 0.061200]
20 Oct 14:52    INFO  valid result: 
recall@10 : 0.0903    recall@20 : 0.128    recall@50 : 0.1867    ndcg@10 : 0.0513    ndcg@20 : 0.0612    ndcg@50 : 0.0732    
20 Oct 14:52    INFO  Saving current best: saved/DirectAU-Oct-20-2023_14-36-32.pth
20 Oct 14:52    INFO  epoch 64 training [time: 2.23s, train loss: -1.1332]
20 Oct 14:52    INFO  epoch 64 evaluating [time: 9.56s, valid_score: 0.061500]
20 Oct 14:52    INFO  valid result: 
recall@10 : 0.0905    recall@20 : 0.1287    recall@50 : 0.1876    ndcg@10 : 0.0515    ndcg@20 : 0.0615    ndcg@50 : 0.0736    
20 Oct 14:52    INFO  Saving current best: saved/DirectAU-Oct-20-2023_14-36-32.pth
20 Oct 14:52    INFO  epoch 65 training [time: 2.18s, train loss: -1.1345]
20 Oct 14:52    INFO  epoch 65 evaluating [time: 9.57s, valid_score: 0.061300]
20 Oct 14:52    INFO  valid result: 
recall@10 : 0.0908    recall@20 : 0.1285    recall@50 : 0.1869    ndcg@10 : 0.0514    ndcg@20 : 0.0613    ndcg@50 : 0.0733    
20 Oct 14:52    INFO  epoch 66 training [time: 2.26s, train loss: -1.1353]
20 Oct 14:52    INFO  epoch 66 evaluating [time: 9.78s, valid_score: 0.061700]
20 Oct 14:52    INFO  valid result: 
recall@10 : 0.0917    recall@20 : 0.1294    recall@50 : 0.1885    ndcg@10 : 0.0519    ndcg@20 : 0.0617    ndcg@50 : 0.0738    
20 Oct 14:52    INFO  Saving current best: saved/DirectAU-Oct-20-2023_14-36-32.pth
20 Oct 14:52    INFO  epoch 67 training [time: 2.26s, train loss: -1.1366]
20 Oct 14:52    INFO  epoch 67 evaluating [time: 9.72s, valid_score: 0.061700]
20 Oct 14:52    INFO  valid result: 
recall@10 : 0.0912    recall@20 : 0.1297    recall@50 : 0.1896    ndcg@10 : 0.0516    ndcg@20 : 0.0617    ndcg@50 : 0.074    
20 Oct 14:52    INFO  epoch 68 training [time: 2.16s, train loss: -1.1374]
20 Oct 14:53    INFO  epoch 68 evaluating [time: 9.88s, valid_score: 0.062100]
20 Oct 14:53    INFO  valid result: 
recall@10 : 0.0912    recall@20 : 0.13    recall@50 : 0.1889    ndcg@10 : 0.0519    ndcg@20 : 0.0621    ndcg@50 : 0.0742    
20 Oct 14:53    INFO  Saving current best: saved/DirectAU-Oct-20-2023_14-36-32.pth
20 Oct 14:53    INFO  epoch 69 training [time: 2.18s, train loss: -1.1386]
20 Oct 14:53    INFO  epoch 69 evaluating [time: 9.63s, valid_score: 0.062000]
20 Oct 14:53    INFO  valid result: 
recall@10 : 0.0905    recall@20 : 0.1302    recall@50 : 0.1897    ndcg@10 : 0.0517    ndcg@20 : 0.062    ndcg@50 : 0.0743    
20 Oct 14:53    INFO  epoch 70 training [time: 2.22s, train loss: -1.1398]
20 Oct 14:53    INFO  epoch 70 evaluating [time: 9.68s, valid_score: 0.062200]
20 Oct 14:53    INFO  valid result: 
recall@10 : 0.0913    recall@20 : 0.1303    recall@50 : 0.1899    ndcg@10 : 0.052    ndcg@20 : 0.0622    ndcg@50 : 0.0744    
20 Oct 14:53    INFO  Saving current best: saved/DirectAU-Oct-20-2023_14-36-32.pth
20 Oct 14:53    INFO  epoch 71 training [time: 2.21s, train loss: -1.1404]
20 Oct 14:53    INFO  epoch 71 evaluating [time: 9.88s, valid_score: 0.062500]
20 Oct 14:53    INFO  valid result: 
recall@10 : 0.0917    recall@20 : 0.1316    recall@50 : 0.1903    ndcg@10 : 0.0521    ndcg@20 : 0.0625    ndcg@50 : 0.0745    
20 Oct 14:53    INFO  Saving current best: saved/DirectAU-Oct-20-2023_14-36-32.pth
20 Oct 14:53    INFO  epoch 72 training [time: 2.18s, train loss: -1.1412]
20 Oct 14:53    INFO  epoch 72 evaluating [time: 10.97s, valid_score: 0.062400]
20 Oct 14:53    INFO  valid result: 
recall@10 : 0.0916    recall@20 : 0.1308    recall@50 : 0.1902    ndcg@10 : 0.0522    ndcg@20 : 0.0624    ndcg@50 : 0.0746    
20 Oct 14:53    INFO  epoch 73 training [time: 1.92s, train loss: -1.1420]
20 Oct 14:54    INFO  epoch 73 evaluating [time: 9.63s, valid_score: 0.062600]
20 Oct 14:54    INFO  valid result: 
recall@10 : 0.0921    recall@20 : 0.1319    recall@50 : 0.1903    ndcg@10 : 0.0522    ndcg@20 : 0.0626    ndcg@50 : 0.0746    
20 Oct 14:54    INFO  Saving current best: saved/DirectAU-Oct-20-2023_14-36-32.pth
20 Oct 14:54    INFO  epoch 74 training [time: 2.21s, train loss: -1.1429]
20 Oct 14:54    INFO  epoch 74 evaluating [time: 9.54s, valid_score: 0.062500]
20 Oct 14:54    INFO  valid result: 
recall@10 : 0.0925    recall@20 : 0.1314    recall@50 : 0.191    ndcg@10 : 0.0523    ndcg@20 : 0.0625    ndcg@50 : 0.0747    
20 Oct 14:54    INFO  epoch 75 training [time: 2.26s, train loss: -1.1435]
20 Oct 14:54    INFO  epoch 75 evaluating [time: 9.75s, valid_score: 0.062600]
20 Oct 14:54    INFO  valid result: 
recall@10 : 0.0925    recall@20 : 0.132    recall@50 : 0.1902    ndcg@10 : 0.0523    ndcg@20 : 0.0626    ndcg@50 : 0.0746    
20 Oct 14:54    INFO  epoch 76 training [time: 2.26s, train loss: -1.1444]
20 Oct 14:54    INFO  epoch 76 evaluating [time: 10.24s, valid_score: 0.062600]
20 Oct 14:54    INFO  valid result: 
recall@10 : 0.0934    recall@20 : 0.1316    recall@50 : 0.1914    ndcg@10 : 0.0526    ndcg@20 : 0.0626    ndcg@50 : 0.0749    
20 Oct 14:54    INFO  epoch 77 training [time: 2.29s, train loss: -1.1448]
20 Oct 14:54    INFO  epoch 77 evaluating [time: 11.61s, valid_score: 0.062800]
20 Oct 14:54    INFO  valid result: 
recall@10 : 0.0939    recall@20 : 0.1322    recall@50 : 0.191    ndcg@10 : 0.0528    ndcg@20 : 0.0628    ndcg@50 : 0.0749    
20 Oct 14:54    INFO  Saving current best: saved/DirectAU-Oct-20-2023_14-36-32.pth
20 Oct 14:54    INFO  epoch 78 training [time: 2.35s, train loss: -1.1456]
20 Oct 14:55    INFO  epoch 78 evaluating [time: 9.44s, valid_score: 0.063200]
20 Oct 14:55    INFO  valid result: 
recall@10 : 0.0941    recall@20 : 0.1325    recall@50 : 0.1912    ndcg@10 : 0.0532    ndcg@20 : 0.0632    ndcg@50 : 0.0753    
20 Oct 14:55    INFO  Saving current best: saved/DirectAU-Oct-20-2023_14-36-32.pth
20 Oct 14:55    INFO  epoch 79 training [time: 2.15s, train loss: -1.1462]
20 Oct 14:55    INFO  epoch 79 evaluating [time: 9.83s, valid_score: 0.063400]
20 Oct 14:55    INFO  valid result: 
recall@10 : 0.0943    recall@20 : 0.1327    recall@50 : 0.1921    ndcg@10 : 0.0533    ndcg@20 : 0.0634    ndcg@50 : 0.0756    
20 Oct 14:55    INFO  Saving current best: saved/DirectAU-Oct-20-2023_14-36-32.pth
20 Oct 14:55    INFO  epoch 80 training [time: 2.15s, train loss: -1.1471]
20 Oct 14:55    INFO  epoch 80 evaluating [time: 9.48s, valid_score: 0.063400]
20 Oct 14:55    INFO  valid result: 
recall@10 : 0.0943    recall@20 : 0.1331    recall@50 : 0.192    ndcg@10 : 0.0533    ndcg@20 : 0.0634    ndcg@50 : 0.0755    
20 Oct 14:55    INFO  epoch 81 training [time: 2.23s, train loss: -1.1474]
20 Oct 14:55    INFO  epoch 81 evaluating [time: 11.72s, valid_score: 0.063400]
20 Oct 14:55    INFO  valid result: 
recall@10 : 0.094    recall@20 : 0.1325    recall@50 : 0.1917    ndcg@10 : 0.0533    ndcg@20 : 0.0634    ndcg@50 : 0.0756    
20 Oct 14:55    INFO  epoch 82 training [time: 2.34s, train loss: -1.1478]
20 Oct 14:56    INFO  epoch 82 evaluating [time: 13.81s, valid_score: 0.063600]
20 Oct 14:56    INFO  valid result: 
recall@10 : 0.0946    recall@20 : 0.1331    recall@50 : 0.1928    ndcg@10 : 0.0535    ndcg@20 : 0.0636    ndcg@50 : 0.0759    
20 Oct 14:56    INFO  Saving current best: saved/DirectAU-Oct-20-2023_14-36-32.pth
20 Oct 14:56    INFO  epoch 83 training [time: 2.31s, train loss: -1.1486]
20 Oct 14:56    INFO  epoch 83 evaluating [time: 11.40s, valid_score: 0.063700]
20 Oct 14:56    INFO  valid result: 
recall@10 : 0.0945    recall@20 : 0.1338    recall@50 : 0.1929    ndcg@10 : 0.0534    ndcg@20 : 0.0637    ndcg@50 : 0.0759    
20 Oct 14:56    INFO  Saving current best: saved/DirectAU-Oct-20-2023_14-36-32.pth
20 Oct 14:56    INFO  epoch 84 training [time: 2.24s, train loss: -1.1491]
20 Oct 14:56    INFO  epoch 84 evaluating [time: 9.38s, valid_score: 0.063800]
20 Oct 14:56    INFO  valid result: 
recall@10 : 0.0951    recall@20 : 0.1337    recall@50 : 0.1931    ndcg@10 : 0.0538    ndcg@20 : 0.0638    ndcg@50 : 0.076    
20 Oct 14:56    INFO  Saving current best: saved/DirectAU-Oct-20-2023_14-36-32.pth
20 Oct 14:56    INFO  epoch 85 training [time: 2.12s, train loss: -1.1494]
20 Oct 14:56    INFO  epoch 85 evaluating [time: 10.18s, valid_score: 0.063600]
20 Oct 14:56    INFO  valid result: 
recall@10 : 0.0944    recall@20 : 0.1337    recall@50 : 0.1939    ndcg@10 : 0.0533    ndcg@20 : 0.0636    ndcg@50 : 0.076    
20 Oct 14:56    INFO  epoch 86 training [time: 2.14s, train loss: -1.1500]
20 Oct 14:56    INFO  epoch 86 evaluating [time: 9.97s, valid_score: 0.063300]
20 Oct 14:56    INFO  valid result: 
recall@10 : 0.0944    recall@20 : 0.1328    recall@50 : 0.1946    ndcg@10 : 0.0533    ndcg@20 : 0.0633    ndcg@50 : 0.076    
20 Oct 14:56    INFO  epoch 87 training [time: 2.22s, train loss: -1.1503]
20 Oct 14:57    INFO  epoch 87 evaluating [time: 11.20s, valid_score: 0.063700]
20 Oct 14:57    INFO  valid result: 
recall@10 : 0.0951    recall@20 : 0.1341    recall@50 : 0.1942    ndcg@10 : 0.0536    ndcg@20 : 0.0637    ndcg@50 : 0.076    
20 Oct 14:57    INFO  epoch 88 training [time: 2.18s, train loss: -1.1506]
20 Oct 14:57    INFO  epoch 88 evaluating [time: 10.66s, valid_score: 0.063900]
20 Oct 14:57    INFO  valid result: 
recall@10 : 0.0956    recall@20 : 0.1342    recall@50 : 0.1951    ndcg@10 : 0.0538    ndcg@20 : 0.0639    ndcg@50 : 0.0763    
20 Oct 14:57    INFO  Saving current best: saved/DirectAU-Oct-20-2023_14-36-32.pth
20 Oct 14:57    INFO  epoch 89 training [time: 2.27s, train loss: -1.1508]
20 Oct 14:57    INFO  epoch 89 evaluating [time: 10.14s, valid_score: 0.063800]
20 Oct 14:57    INFO  valid result: 
recall@10 : 0.0951    recall@20 : 0.1339    recall@50 : 0.1943    ndcg@10 : 0.0536    ndcg@20 : 0.0638    ndcg@50 : 0.0762    
20 Oct 14:57    INFO  epoch 90 training [time: 2.22s, train loss: -1.1510]
20 Oct 14:57    INFO  epoch 90 evaluating [time: 9.55s, valid_score: 0.063700]
20 Oct 14:57    INFO  valid result: 
recall@10 : 0.0952    recall@20 : 0.1334    recall@50 : 0.1945    ndcg@10 : 0.0537    ndcg@20 : 0.0637    ndcg@50 : 0.0763    
20 Oct 14:57    INFO  epoch 91 training [time: 2.21s, train loss: -1.1515]
20 Oct 14:57    INFO  epoch 91 evaluating [time: 11.19s, valid_score: 0.063900]
20 Oct 14:57    INFO  valid result: 
recall@10 : 0.0951    recall@20 : 0.1344    recall@50 : 0.1939    ndcg@10 : 0.0536    ndcg@20 : 0.0639    ndcg@50 : 0.0761    
20 Oct 14:57    INFO  epoch 92 training [time: 2.24s, train loss: -1.1517]
20 Oct 14:58    INFO  epoch 92 evaluating [time: 9.81s, valid_score: 0.064000]
20 Oct 14:58    INFO  valid result: 
recall@10 : 0.096    recall@20 : 0.1343    recall@50 : 0.1942    ndcg@10 : 0.0541    ndcg@20 : 0.064    ndcg@50 : 0.0763    
20 Oct 14:58    INFO  Saving current best: saved/DirectAU-Oct-20-2023_14-36-32.pth
20 Oct 14:58    INFO  epoch 93 training [time: 2.20s, train loss: -1.1522]
20 Oct 14:58    INFO  epoch 93 evaluating [time: 9.59s, valid_score: 0.064300]
20 Oct 14:58    INFO  valid result: 
recall@10 : 0.0954    recall@20 : 0.1353    recall@50 : 0.1947    ndcg@10 : 0.0539    ndcg@20 : 0.0643    ndcg@50 : 0.0765    
20 Oct 14:58    INFO  Saving current best: saved/DirectAU-Oct-20-2023_14-36-32.pth
20 Oct 14:58    INFO  epoch 94 training [time: 2.21s, train loss: -1.1522]
20 Oct 14:58    INFO  epoch 94 evaluating [time: 9.59s, valid_score: 0.063900]
20 Oct 14:58    INFO  valid result: 
recall@10 : 0.0955    recall@20 : 0.1345    recall@50 : 0.1949    ndcg@10 : 0.0537    ndcg@20 : 0.0639    ndcg@50 : 0.0763    
20 Oct 14:58    INFO  epoch 95 training [time: 2.24s, train loss: -1.1528]
20 Oct 14:58    INFO  epoch 95 evaluating [time: 9.46s, valid_score: 0.064000]
20 Oct 14:58    INFO  valid result: 
recall@10 : 0.0957    recall@20 : 0.1342    recall@50 : 0.1959    ndcg@10 : 0.054    ndcg@20 : 0.064    ndcg@50 : 0.0767    
20 Oct 14:58    INFO  epoch 96 training [time: 2.25s, train loss: -1.1531]
20 Oct 14:58    INFO  epoch 96 evaluating [time: 9.68s, valid_score: 0.064200]
20 Oct 14:58    INFO  valid result: 
recall@10 : 0.0967    recall@20 : 0.1348    recall@50 : 0.1961    ndcg@10 : 0.0542    ndcg@20 : 0.0642    ndcg@50 : 0.0767    
20 Oct 14:58    INFO  epoch 97 training [time: 2.21s, train loss: -1.1531]
20 Oct 14:59    INFO  epoch 97 evaluating [time: 9.60s, valid_score: 0.064500]
20 Oct 14:59    INFO  valid result: 
recall@10 : 0.0958    recall@20 : 0.135    recall@50 : 0.1953    ndcg@10 : 0.0543    ndcg@20 : 0.0645    ndcg@50 : 0.0769    
20 Oct 14:59    INFO  Saving current best: saved/DirectAU-Oct-20-2023_14-36-32.pth
20 Oct 14:59    INFO  epoch 98 training [time: 2.19s, train loss: -1.1536]
20 Oct 14:59    INFO  epoch 98 evaluating [time: 9.68s, valid_score: 0.064300]
20 Oct 14:59    INFO  valid result: 
recall@10 : 0.0961    recall@20 : 0.1349    recall@50 : 0.195    ndcg@10 : 0.0541    ndcg@20 : 0.0643    ndcg@50 : 0.0767    
20 Oct 14:59    INFO  epoch 99 training [time: 2.24s, train loss: -1.1531]
20 Oct 14:59    INFO  epoch 99 evaluating [time: 9.44s, valid_score: 0.064300]
20 Oct 14:59    INFO  valid result: 
recall@10 : 0.0957    recall@20 : 0.1341    recall@50 : 0.1954    ndcg@10 : 0.0542    ndcg@20 : 0.0643    ndcg@50 : 0.0769    
20 Oct 14:59    INFO  epoch 100 training [time: 2.21s, train loss: -1.1536]
20 Oct 14:59    INFO  epoch 100 evaluating [time: 9.40s, valid_score: 0.064600]
20 Oct 14:59    INFO  valid result: 
recall@10 : 0.0965    recall@20 : 0.1349    recall@50 : 0.1958    ndcg@10 : 0.0545    ndcg@20 : 0.0646    ndcg@50 : 0.0771    
20 Oct 14:59    INFO  Saving current best: saved/DirectAU-Oct-20-2023_14-36-32.pth
20 Oct 14:59    INFO  epoch 101 training [time: 2.19s, train loss: -1.1541]
20 Oct 14:59    INFO  epoch 101 evaluating [time: 9.45s, valid_score: 0.064500]
20 Oct 14:59    INFO  valid result: 
recall@10 : 0.0953    recall@20 : 0.1344    recall@50 : 0.1963    ndcg@10 : 0.0542    ndcg@20 : 0.0645    ndcg@50 : 0.0772    
20 Oct 14:59    INFO  epoch 102 training [time: 2.17s, train loss: -1.1542]
20 Oct 15:00    INFO  epoch 102 evaluating [time: 9.65s, valid_score: 0.064400]
20 Oct 15:00    INFO  valid result: 
recall@10 : 0.0959    recall@20 : 0.1346    recall@50 : 0.1961    ndcg@10 : 0.0542    ndcg@20 : 0.0644    ndcg@50 : 0.077    
20 Oct 15:00    INFO  epoch 103 training [time: 2.33s, train loss: -1.1547]
20 Oct 15:00    INFO  epoch 103 evaluating [time: 11.56s, valid_score: 0.064700]
20 Oct 15:00    INFO  valid result: 
recall@10 : 0.0967    recall@20 : 0.1346    recall@50 : 0.1966    ndcg@10 : 0.0547    ndcg@20 : 0.0647    ndcg@50 : 0.0774    
20 Oct 15:00    INFO  Saving current best: saved/DirectAU-Oct-20-2023_14-36-32.pth
20 Oct 15:00    INFO  epoch 104 training [time: 2.38s, train loss: -1.1546]
20 Oct 15:00    INFO  epoch 104 evaluating [time: 9.61s, valid_score: 0.064700]
20 Oct 15:00    INFO  valid result: 
recall@10 : 0.0971    recall@20 : 0.1353    recall@50 : 0.1963    ndcg@10 : 0.0547    ndcg@20 : 0.0647    ndcg@50 : 0.0772    
20 Oct 15:00    INFO  epoch 105 training [time: 2.21s, train loss: -1.1547]
20 Oct 15:00    INFO  epoch 105 evaluating [time: 9.34s, valid_score: 0.064500]
20 Oct 15:00    INFO  valid result: 
recall@10 : 0.0964    recall@20 : 0.1351    recall@50 : 0.1963    ndcg@10 : 0.0544    ndcg@20 : 0.0645    ndcg@50 : 0.0771    
20 Oct 15:00    INFO  epoch 106 training [time: 2.18s, train loss: -1.1553]
20 Oct 15:00    INFO  epoch 106 evaluating [time: 9.42s, valid_score: 0.064400]
20 Oct 15:00    INFO  valid result: 
recall@10 : 0.096    recall@20 : 0.1347    recall@50 : 0.1964    ndcg@10 : 0.0542    ndcg@20 : 0.0644    ndcg@50 : 0.0771    
20 Oct 15:00    INFO  epoch 107 training [time: 2.18s, train loss: -1.1549]
20 Oct 15:01    INFO  epoch 107 evaluating [time: 9.65s, valid_score: 0.064500]
20 Oct 15:01    INFO  valid result: 
recall@10 : 0.0963    recall@20 : 0.135    recall@50 : 0.197    ndcg@10 : 0.0543    ndcg@20 : 0.0645    ndcg@50 : 0.0772    
20 Oct 15:01    INFO  epoch 108 training [time: 2.25s, train loss: -1.1553]
20 Oct 15:01    INFO  epoch 108 evaluating [time: 11.54s, valid_score: 0.064800]
20 Oct 15:01    INFO  valid result: 
recall@10 : 0.0967    recall@20 : 0.1354    recall@50 : 0.1972    ndcg@10 : 0.0546    ndcg@20 : 0.0648    ndcg@50 : 0.0774    
20 Oct 15:01    INFO  Saving current best: saved/DirectAU-Oct-20-2023_14-36-32.pth
20 Oct 15:01    INFO  epoch 109 training [time: 2.21s, train loss: -1.1555]
20 Oct 15:01    INFO  epoch 109 evaluating [time: 9.64s, valid_score: 0.064600]
20 Oct 15:01    INFO  valid result: 
recall@10 : 0.0967    recall@20 : 0.1352    recall@50 : 0.1972    ndcg@10 : 0.0544    ndcg@20 : 0.0646    ndcg@50 : 0.0773    
20 Oct 15:01    INFO  epoch 110 training [time: 2.13s, train loss: -1.1555]
20 Oct 15:01    INFO  epoch 110 evaluating [time: 9.41s, valid_score: 0.064700]
20 Oct 15:01    INFO  valid result: 
recall@10 : 0.0963    recall@20 : 0.1361    recall@50 : 0.1968    ndcg@10 : 0.0543    ndcg@20 : 0.0647    ndcg@50 : 0.0772    
20 Oct 15:01    INFO  epoch 111 training [time: 2.17s, train loss: -1.1561]
20 Oct 15:01    INFO  epoch 111 evaluating [time: 9.60s, valid_score: 0.064600]
20 Oct 15:01    INFO  valid result: 
recall@10 : 0.0968    recall@20 : 0.1359    recall@50 : 0.1981    ndcg@10 : 0.0544    ndcg@20 : 0.0646    ndcg@50 : 0.0773    
20 Oct 15:01    INFO  epoch 112 training [time: 2.19s, train loss: -1.1561]
20 Oct 15:02    INFO  epoch 112 evaluating [time: 9.43s, valid_score: 0.064900]
20 Oct 15:02    INFO  valid result: 
recall@10 : 0.0971    recall@20 : 0.1363    recall@50 : 0.1979    ndcg@10 : 0.0546    ndcg@20 : 0.0649    ndcg@50 : 0.0775    
20 Oct 15:02    INFO  Saving current best: saved/DirectAU-Oct-20-2023_14-36-32.pth
20 Oct 15:02    INFO  epoch 113 training [time: 2.20s, train loss: -1.1562]
20 Oct 15:02    INFO  epoch 113 evaluating [time: 9.67s, valid_score: 0.064900]
20 Oct 15:02    INFO  valid result: 
recall@10 : 0.0964    recall@20 : 0.1359    recall@50 : 0.1983    ndcg@10 : 0.0546    ndcg@20 : 0.0649    ndcg@50 : 0.0777    
20 Oct 15:02    INFO  epoch 114 training [time: 2.22s, train loss: -1.1564]
20 Oct 15:02    INFO  epoch 114 evaluating [time: 9.50s, valid_score: 0.064700]
20 Oct 15:02    INFO  valid result: 
recall@10 : 0.0966    recall@20 : 0.1354    recall@50 : 0.1976    ndcg@10 : 0.0545    ndcg@20 : 0.0647    ndcg@50 : 0.0775    
20 Oct 15:02    INFO  epoch 115 training [time: 2.22s, train loss: -1.1567]
20 Oct 15:02    INFO  epoch 115 evaluating [time: 9.53s, valid_score: 0.065100]
20 Oct 15:02    INFO  valid result: 
recall@10 : 0.0962    recall@20 : 0.1356    recall@50 : 0.1982    ndcg@10 : 0.0548    ndcg@20 : 0.0651    ndcg@50 : 0.0779    
20 Oct 15:02    INFO  Saving current best: saved/DirectAU-Oct-20-2023_14-36-32.pth
20 Oct 15:02    INFO  epoch 116 training [time: 2.20s, train loss: -1.1567]
20 Oct 15:02    INFO  epoch 116 evaluating [time: 9.44s, valid_score: 0.064900]
20 Oct 15:02    INFO  valid result: 
recall@10 : 0.0964    recall@20 : 0.1362    recall@50 : 0.1976    ndcg@10 : 0.0545    ndcg@20 : 0.0649    ndcg@50 : 0.0775    
20 Oct 15:02    INFO  epoch 117 training [time: 2.16s, train loss: -1.1563]
20 Oct 15:03    INFO  epoch 117 evaluating [time: 9.54s, valid_score: 0.064900]
20 Oct 15:03    INFO  valid result: 
recall@10 : 0.0967    recall@20 : 0.1358    recall@50 : 0.1981    ndcg@10 : 0.0546    ndcg@20 : 0.0649    ndcg@50 : 0.0777    
20 Oct 15:03    INFO  epoch 118 training [time: 2.18s, train loss: -1.1565]
20 Oct 15:03    INFO  epoch 118 evaluating [time: 9.39s, valid_score: 0.064900]
20 Oct 15:03    INFO  valid result: 
recall@10 : 0.0967    recall@20 : 0.1353    recall@50 : 0.1981    ndcg@10 : 0.0547    ndcg@20 : 0.0649    ndcg@50 : 0.0778    
20 Oct 15:03    INFO  epoch 119 training [time: 2.21s, train loss: -1.1570]
20 Oct 15:03    INFO  epoch 119 evaluating [time: 9.58s, valid_score: 0.064800]
20 Oct 15:03    INFO  valid result: 
recall@10 : 0.0974    recall@20 : 0.136    recall@50 : 0.1987    ndcg@10 : 0.0547    ndcg@20 : 0.0648    ndcg@50 : 0.0776    
20 Oct 15:03    INFO  epoch 120 training [time: 2.49s, train loss: -1.1571]
20 Oct 15:03    INFO  epoch 120 evaluating [time: 11.70s, valid_score: 0.064800]
20 Oct 15:03    INFO  valid result: 
recall@10 : 0.0966    recall@20 : 0.136    recall@50 : 0.1989    ndcg@10 : 0.0545    ndcg@20 : 0.0648    ndcg@50 : 0.0777    
20 Oct 15:03    INFO  epoch 121 training [time: 2.19s, train loss: -1.1572]
20 Oct 15:03    INFO  epoch 121 evaluating [time: 9.73s, valid_score: 0.065100]
20 Oct 15:03    INFO  valid result: 
recall@10 : 0.0971    recall@20 : 0.1368    recall@50 : 0.1978    ndcg@10 : 0.0547    ndcg@20 : 0.0651    ndcg@50 : 0.0776    
20 Oct 15:03    INFO  epoch 122 training [time: 2.21s, train loss: -1.1575]
20 Oct 15:04    INFO  epoch 122 evaluating [time: 9.58s, valid_score: 0.065000]
20 Oct 15:04    INFO  valid result: 
recall@10 : 0.0979    recall@20 : 0.1359    recall@50 : 0.1979    ndcg@10 : 0.0551    ndcg@20 : 0.065    ndcg@50 : 0.0778    
20 Oct 15:04    INFO  epoch 123 training [time: 2.22s, train loss: -1.1574]
20 Oct 15:04    INFO  epoch 123 evaluating [time: 9.50s, valid_score: 0.065100]
20 Oct 15:04    INFO  valid result: 
recall@10 : 0.0978    recall@20 : 0.1365    recall@50 : 0.1986    ndcg@10 : 0.0549    ndcg@20 : 0.0651    ndcg@50 : 0.0778    
20 Oct 15:04    INFO  epoch 124 training [time: 2.13s, train loss: -1.1577]
20 Oct 15:04    INFO  epoch 124 evaluating [time: 9.52s, valid_score: 0.065300]
20 Oct 15:04    INFO  valid result: 
recall@10 : 0.0974    recall@20 : 0.1364    recall@50 : 0.199    ndcg@10 : 0.055    ndcg@20 : 0.0653    ndcg@50 : 0.0781    
20 Oct 15:04    INFO  Saving current best: saved/DirectAU-Oct-20-2023_14-36-32.pth
20 Oct 15:04    INFO  epoch 125 training [time: 2.21s, train loss: -1.1576]
20 Oct 15:04    INFO  epoch 125 evaluating [time: 9.54s, valid_score: 0.065100]
20 Oct 15:04    INFO  valid result: 
recall@10 : 0.0972    recall@20 : 0.1366    recall@50 : 0.199    ndcg@10 : 0.0548    ndcg@20 : 0.0651    ndcg@50 : 0.0779    
20 Oct 15:04    INFO  epoch 126 training [time: 2.21s, train loss: -1.1576]
20 Oct 15:04    INFO  epoch 126 evaluating [time: 10.17s, valid_score: 0.065100]
20 Oct 15:04    INFO  valid result: 
recall@10 : 0.0978    recall@20 : 0.1365    recall@50 : 0.1987    ndcg@10 : 0.055    ndcg@20 : 0.0651    ndcg@50 : 0.0778    
20 Oct 15:04    INFO  epoch 127 training [time: 2.18s, train loss: -1.1577]
20 Oct 15:05    INFO  epoch 127 evaluating [time: 11.48s, valid_score: 0.065200]
20 Oct 15:05    INFO  valid result: 
recall@10 : 0.0965    recall@20 : 0.1366    recall@50 : 0.1999    ndcg@10 : 0.0547    ndcg@20 : 0.0652    ndcg@50 : 0.0782    
20 Oct 15:05    INFO  epoch 128 training [time: 2.25s, train loss: -1.1580]
20 Oct 15:05    INFO  epoch 128 evaluating [time: 9.55s, valid_score: 0.065500]
20 Oct 15:05    INFO  valid result: 
recall@10 : 0.0978    recall@20 : 0.137    recall@50 : 0.2006    ndcg@10 : 0.0552    ndcg@20 : 0.0655    ndcg@50 : 0.0785    
20 Oct 15:05    INFO  Saving current best: saved/DirectAU-Oct-20-2023_14-36-32.pth
20 Oct 15:05    INFO  epoch 129 training [time: 2.25s, train loss: -1.1579]
20 Oct 15:05    INFO  epoch 129 evaluating [time: 9.53s, valid_score: 0.065100]
20 Oct 15:05    INFO  valid result: 
recall@10 : 0.0968    recall@20 : 0.1371    recall@50 : 0.1994    ndcg@10 : 0.0545    ndcg@20 : 0.0651    ndcg@50 : 0.0779    
20 Oct 15:05    INFO  epoch 130 training [time: 2.12s, train loss: -1.1582]
20 Oct 15:05    INFO  epoch 130 evaluating [time: 9.63s, valid_score: 0.065400]
20 Oct 15:05    INFO  valid result: 
recall@10 : 0.0981    recall@20 : 0.1365    recall@50 : 0.2001    ndcg@10 : 0.0553    ndcg@20 : 0.0654    ndcg@50 : 0.0784    
20 Oct 15:05    INFO  epoch 131 training [time: 2.12s, train loss: -1.1584]
20 Oct 15:05    INFO  epoch 131 evaluating [time: 9.49s, valid_score: 0.065500]
20 Oct 15:05    INFO  valid result: 
recall@10 : 0.0977    recall@20 : 0.1368    recall@50 : 0.1995    ndcg@10 : 0.0552    ndcg@20 : 0.0655    ndcg@50 : 0.0783    
20 Oct 15:05    INFO  epoch 132 training [time: 2.23s, train loss: -1.1582]
20 Oct 15:06    INFO  epoch 132 evaluating [time: 9.61s, valid_score: 0.065500]
20 Oct 15:06    INFO  valid result: 
recall@10 : 0.0978    recall@20 : 0.1371    recall@50 : 0.1999    ndcg@10 : 0.0552    ndcg@20 : 0.0655    ndcg@50 : 0.0784    
20 Oct 15:06    INFO  epoch 133 training [time: 2.25s, train loss: -1.1584]
20 Oct 15:06    INFO  epoch 133 evaluating [time: 9.55s, valid_score: 0.065500]
20 Oct 15:06    INFO  valid result: 
recall@10 : 0.0972    recall@20 : 0.137    recall@50 : 0.1998    ndcg@10 : 0.0551    ndcg@20 : 0.0655    ndcg@50 : 0.0784    
20 Oct 15:06    INFO  epoch 134 training [time: 2.00s, train loss: -1.1586]
20 Oct 15:06    INFO  epoch 134 evaluating [time: 9.74s, valid_score: 0.065500]
20 Oct 15:06    INFO  valid result: 
recall@10 : 0.0969    recall@20 : 0.1372    recall@50 : 0.1996    ndcg@10 : 0.055    ndcg@20 : 0.0655    ndcg@50 : 0.0783    
20 Oct 15:06    INFO  epoch 135 training [time: 2.22s, train loss: -1.1584]
20 Oct 15:06    INFO  epoch 135 evaluating [time: 9.50s, valid_score: 0.065500]
20 Oct 15:06    INFO  valid result: 
recall@10 : 0.097    recall@20 : 0.1372    recall@50 : 0.1998    ndcg@10 : 0.055    ndcg@20 : 0.0655    ndcg@50 : 0.0783    
20 Oct 15:06    INFO  epoch 136 training [time: 2.20s, train loss: -1.1588]
20 Oct 15:06    INFO  epoch 136 evaluating [time: 9.61s, valid_score: 0.065300]
20 Oct 15:06    INFO  valid result: 
recall@10 : 0.0979    recall@20 : 0.1371    recall@50 : 0.2005    ndcg@10 : 0.055    ndcg@20 : 0.0653    ndcg@50 : 0.0782    
20 Oct 15:06    INFO  epoch 137 training [time: 2.29s, train loss: -1.1586]
20 Oct 15:07    INFO  epoch 137 evaluating [time: 11.61s, valid_score: 0.065600]
20 Oct 15:07    INFO  valid result: 
recall@10 : 0.0987    recall@20 : 0.1371    recall@50 : 0.2    ndcg@10 : 0.0555    ndcg@20 : 0.0656    ndcg@50 : 0.0784    
20 Oct 15:07    INFO  Saving current best: saved/DirectAU-Oct-20-2023_14-36-32.pth
20 Oct 15:07    INFO  epoch 138 training [time: 2.02s, train loss: -1.1587]
20 Oct 15:07    INFO  epoch 138 evaluating [time: 9.61s, valid_score: 0.065400]
20 Oct 15:07    INFO  valid result: 
recall@10 : 0.0983    recall@20 : 0.1366    recall@50 : 0.2007    ndcg@10 : 0.0554    ndcg@20 : 0.0654    ndcg@50 : 0.0786    
20 Oct 15:07    INFO  epoch 139 training [time: 2.27s, train loss: -1.1589]
20 Oct 15:07    INFO  epoch 139 evaluating [time: 9.47s, valid_score: 0.065800]
20 Oct 15:07    INFO  valid result: 
recall@10 : 0.0983    recall@20 : 0.1376    recall@50 : 0.2001    ndcg@10 : 0.0555    ndcg@20 : 0.0658    ndcg@50 : 0.0786    
20 Oct 15:07    INFO  Saving current best: saved/DirectAU-Oct-20-2023_14-36-32.pth
20 Oct 15:07    INFO  epoch 140 training [time: 2.22s, train loss: -1.1589]
20 Oct 15:07    INFO  epoch 140 evaluating [time: 9.38s, valid_score: 0.066100]
20 Oct 15:07    INFO  valid result: 
recall@10 : 0.0985    recall@20 : 0.1381    recall@50 : 0.1998    ndcg@10 : 0.0557    ndcg@20 : 0.0661    ndcg@50 : 0.0787    
20 Oct 15:07    INFO  Saving current best: saved/DirectAU-Oct-20-2023_14-36-32.pth
20 Oct 15:07    INFO  epoch 141 training [time: 2.19s, train loss: -1.1591]
20 Oct 15:08    INFO  epoch 141 evaluating [time: 10.83s, valid_score: 0.065900]
20 Oct 15:08    INFO  valid result: 
recall@10 : 0.0985    recall@20 : 0.1378    recall@50 : 0.1999    ndcg@10 : 0.0557    ndcg@20 : 0.0659    ndcg@50 : 0.0787    
20 Oct 15:08    INFO  epoch 142 training [time: 2.32s, train loss: -1.1592]
20 Oct 15:08    INFO  epoch 142 evaluating [time: 9.43s, valid_score: 0.065900]
20 Oct 15:08    INFO  valid result: 
recall@10 : 0.0991    recall@20 : 0.1376    recall@50 : 0.1999    ndcg@10 : 0.0558    ndcg@20 : 0.0659    ndcg@50 : 0.0786    
20 Oct 15:08    INFO  epoch 143 training [time: 2.19s, train loss: -1.1590]
20 Oct 15:08    INFO  epoch 143 evaluating [time: 9.64s, valid_score: 0.065900]
20 Oct 15:08    INFO  valid result: 
recall@10 : 0.0981    recall@20 : 0.1378    recall@50 : 0.2009    ndcg@10 : 0.0555    ndcg@20 : 0.0659    ndcg@50 : 0.0788    
20 Oct 15:08    INFO  epoch 144 training [time: 2.23s, train loss: -1.1593]
20 Oct 15:08    INFO  epoch 144 evaluating [time: 9.50s, valid_score: 0.065700]
20 Oct 15:08    INFO  valid result: 
recall@10 : 0.0988    recall@20 : 0.1377    recall@50 : 0.2    ndcg@10 : 0.0555    ndcg@20 : 0.0657    ndcg@50 : 0.0785    
20 Oct 15:08    INFO  epoch 145 training [time: 2.12s, train loss: -1.1594]
20 Oct 15:08    INFO  epoch 145 evaluating [time: 9.59s, valid_score: 0.066000]
20 Oct 15:08    INFO  valid result: 
recall@10 : 0.0991    recall@20 : 0.1382    recall@50 : 0.2    ndcg@10 : 0.0558    ndcg@20 : 0.066    ndcg@50 : 0.0787    
20 Oct 15:08    INFO  epoch 146 training [time: 2.15s, train loss: -1.1594]
20 Oct 15:08    INFO  epoch 146 evaluating [time: 9.47s, valid_score: 0.066000]
20 Oct 15:08    INFO  valid result: 
recall@10 : 0.0988    recall@20 : 0.1381    recall@50 : 0.1997    ndcg@10 : 0.0558    ndcg@20 : 0.066    ndcg@50 : 0.0787    
20 Oct 15:09    INFO  epoch 147 training [time: 2.14s, train loss: -1.1592]
20 Oct 15:09    INFO  epoch 147 evaluating [time: 9.69s, valid_score: 0.065800]
20 Oct 15:09    INFO  valid result: 
recall@10 : 0.0986    recall@20 : 0.1375    recall@50 : 0.1999    ndcg@10 : 0.0556    ndcg@20 : 0.0658    ndcg@50 : 0.0786    
20 Oct 15:09    INFO  epoch 148 training [time: 2.15s, train loss: -1.1594]
20 Oct 15:09    INFO  epoch 148 evaluating [time: 9.40s, valid_score: 0.065900]
20 Oct 15:09    INFO  valid result: 
recall@10 : 0.0982    recall@20 : 0.1381    recall@50 : 0.2006    ndcg@10 : 0.0555    ndcg@20 : 0.0659    ndcg@50 : 0.0787    
20 Oct 15:09    INFO  epoch 149 training [time: 2.23s, train loss: -1.1599]
20 Oct 15:09    INFO  epoch 149 evaluating [time: 11.70s, valid_score: 0.066100]
20 Oct 15:09    INFO  valid result: 
recall@10 : 0.0978    recall@20 : 0.1381    recall@50 : 0.2013    ndcg@10 : 0.0555    ndcg@20 : 0.0661    ndcg@50 : 0.079    
20 Oct 15:09    INFO  epoch 150 training [time: 2.35s, train loss: -1.1598]
20 Oct 15:09    INFO  epoch 150 evaluating [time: 9.44s, valid_score: 0.065800]
20 Oct 15:09    INFO  valid result: 
recall@10 : 0.0981    recall@20 : 0.1376    recall@50 : 0.2013    ndcg@10 : 0.0555    ndcg@20 : 0.0658    ndcg@50 : 0.0789    
20 Oct 15:09    INFO  epoch 151 training [time: 2.19s, train loss: -1.1597]
20 Oct 15:09    INFO  epoch 151 evaluating [time: 9.42s, valid_score: 0.065900]
20 Oct 15:09    INFO  valid result: 
recall@10 : 0.098    recall@20 : 0.1378    recall@50 : 0.2019    ndcg@10 : 0.0555    ndcg@20 : 0.0659    ndcg@50 : 0.079    
20 Oct 15:09    INFO  Finished training, best eval result in epoch 140
20 Oct 15:09    INFO  Loading model structure and parameters from saved/DirectAU-Oct-20-2023_14-36-32.pth
20 Oct 15:10    INFO  best valid : {'recall@10': 0.0985, 'recall@20': 0.1381, 'recall@50': 0.1998, 'ndcg@10': 0.0557, 'ndcg@20': 0.0661, 'ndcg@50': 0.0787}
20 Oct 15:10    INFO  test result: {'recall@10': 0.0991, 'recall@20': 0.1385, 'recall@50': 0.2046, 'ndcg@10': 0.0575, 'ndcg@20': 0.0677, 'ndcg@50': 0.0812}
