command line args [--zc 0.01] will not be used in RecBole
20 Oct 17:49    INFO  
General Hyper Parameters:
gpu_id = 0
use_gpu = True
seed = 0
state = INFO
reproducibility = True
data_path = dataset/Yelp
show_progress = False

Training Hyper Parameters:
checkpoint_dir = saved
epochs = 500
train_batch_size = 1024
learner = adam
learning_rate = 0.001
training_neg_sample_num = 0
training_neg_sample_distribution = uniform
eval_step = 1
stopping_step = 10
clip_grad_norm = None
weight_decay = 1e-06
draw_loss_pic = False
loss_decimal_place = 4

Evaluation Hyper Parameters:
eval_setting = RO_RS,full
group_by_user = True
split_ratio = [0.8, 0.1, 0.1]
leave_one_num = 2
real_time_process = False
metrics = ['Recall', 'NDCG']
topk = [10, 20, 50]
valid_metric = NDCG@20
eval_batch_size = 4096
metric_decimal_place = 4

Dataset Hyper Parameters:
field_separator = 	
seq_separator =  
USER_ID_FIELD = user_id
ITEM_ID_FIELD = item_id
RATING_FIELD = rating
TIME_FIELD = timestamp
seq_len = None
LABEL_FIELD = label
threshold = None
NEG_PREFIX = neg_
load_col = {'inter': ['user_id', 'item_id', 'timestamp']}
unload_col = None
unused_col = None
additional_feat_suffix = None
lowest_val = None
highest_val = None
equal_val = None
not_equal_val = None
max_user_inter_num = None
min_user_inter_num = 5
max_item_inter_num = None
min_item_inter_num = 5
fields_in_same_space = None
preload_weight = None
normalize_field = None
normalize_all = None
ITEM_LIST_LENGTH_FIELD = item_length
LIST_SUFFIX = _list
MAX_ITEM_LIST_LENGTH = 50
POSITION_FIELD = position_id
HEAD_ENTITY_ID_FIELD = head_id
TAIL_ENTITY_ID_FIELD = tail_id
RELATION_ID_FIELD = relation_id
ENTITY_ID_FIELD = entity_id

Other Hyper Parameters: 
valid_metric_bigger = True
BT = 0.1
bt = 0.001
embedding_size = 64
encoder = MF
gamma = 0.5
times = 1
witem = 0.1
wuser = 0.8
zc = 0.01
rm_dup_inter = None
filter_inter_by_user_or_item = True
SOURCE_ID_FIELD = source_id
TARGET_ID_FIELD = target_id
benchmark_filename = None
MODEL_TYPE = ModelType.GENERAL
MODEL_INPUT_TYPE = InputType.POINTWISE
eval_type = EvaluatorType.RANKING
device = cuda
train_neg_sample_args = {'strategy': 'none'}


20 Oct 17:49    INFO  Yelp
The number of users: 31669
Average actions of users: 49.305481874447395
The number of items: 38049
Average actions of items: 41.037794365012616
The number of inters: 1561406
The sparsity of the dataset: 99.87041991912021%
Remain Fields: ['user_id', 'item_id']
20 Oct 17:49    INFO  Build [GeneralDataLoader] for [train] with format [InputType.POINTWISE]
20 Oct 17:49    INFO  [train] No Negative Sampling
20 Oct 17:49    INFO  [train] batch_size = [1024], shuffle = [True]

20 Oct 17:49    INFO  Build [GeneralFullDataLoader] for [evaluation] with format [InputType.POINTWISE]
20 Oct 17:49    INFO  Evaluation Setting:
	Group by user_id
	Ordering: {'strategy': 'shuffle'}
	Splitting: {'strategy': 'by_ratio', 'ratios': [0.8, 0.1, 0.1]}
	Negative Sampling: {'strategy': 'full', 'distribution': 'uniform'}
20 Oct 17:49    INFO  [evaluation] batch_size = [4096], shuffle = [False]

20 Oct 17:49    WARNING  Batch size is changed to 38049.
20 Oct 17:49    WARNING  Batch size is changed to 38049.
{'BT': 0.1, 'bt': 0.001, 'embedding_size': 64, 'encoder': 'MF', 'gamma': None, 'times': 1, 'training_neg_sample_num': 0, 'witem': 0.1, 'wuser': 0.8, 'zc': 0.01}
this is encoder MF...
这是directau 的 WUBT 版本...
20 Oct 17:49    INFO  DirectAU(
  (encoder): MFEncoder(
    (user_embedding): Embedding(31669, 64)
    (item_embedding): Embedding(38049, 64)
  )
  (bn): BatchNorm1d(64, eps=1e-05, momentum=0.1, affine=False, track_running_stats=True)
  (projector): Sequential(
    (0): Linear(in_features=64, out_features=64, bias=False)
    (1): BatchNorm1d(64, eps=1e-05, momentum=0.1, affine=True, track_running_stats=True)
    (2): ReLU(inplace=True)
    (3): Linear(in_features=64, out_features=64, bias=False)
    (4): BatchNorm1d(64, eps=1e-05, momentum=0.1, affine=True, track_running_stats=True)
    (5): ReLU(inplace=True)
    (6): Linear(in_features=64, out_features=64, bias=False)
  )
)
Trainable parameters: 4474496
20 Oct 17:50    INFO  epoch 0 training [time: 24.29s, train loss: -0.2939]
20 Oct 17:50    INFO  epoch 0 evaluating [time: 16.71s, valid_score: 0.023900]
20 Oct 17:50    INFO  valid result: 
recall@10 : 0.0224    recall@20 : 0.0393    recall@50 : 0.0801    ndcg@10 : 0.018    ndcg@20 : 0.0239    ndcg@50 : 0.0361    
20 Oct 17:50    INFO  Saving current best: saved/DirectAU-Oct-20-2023_17-49-55.pth
20 Oct 17:51    INFO  epoch 1 training [time: 24.06s, train loss: -0.7315]
20 Oct 17:51    INFO  epoch 1 evaluating [time: 15.39s, valid_score: 0.032900]
20 Oct 17:51    INFO  valid result: 
recall@10 : 0.0316    recall@20 : 0.0544    recall@50 : 0.1055    ndcg@10 : 0.0251    ndcg@20 : 0.0329    ndcg@50 : 0.048    
20 Oct 17:51    INFO  Saving current best: saved/DirectAU-Oct-20-2023_17-49-55.pth
20 Oct 17:51    INFO  epoch 2 training [time: 23.90s, train loss: -0.8095]
20 Oct 17:51    INFO  epoch 2 evaluating [time: 15.69s, valid_score: 0.036700]
20 Oct 17:51    INFO  valid result: 
recall@10 : 0.0361    recall@20 : 0.0608    recall@50 : 0.1169    ndcg@10 : 0.0282    ndcg@20 : 0.0367    ndcg@50 : 0.0531    
20 Oct 17:51    INFO  Saving current best: saved/DirectAU-Oct-20-2023_17-49-55.pth
20 Oct 17:52    INFO  epoch 3 training [time: 24.00s, train loss: -0.8483]
20 Oct 17:52    INFO  epoch 3 evaluating [time: 15.49s, valid_score: 0.039800]
20 Oct 17:52    INFO  valid result: 
recall@10 : 0.0385    recall@20 : 0.0667    recall@50 : 0.123    ndcg@10 : 0.0302    ndcg@20 : 0.0398    ndcg@50 : 0.0564    
20 Oct 17:52    INFO  Saving current best: saved/DirectAU-Oct-20-2023_17-49-55.pth
20 Oct 17:52    INFO  epoch 4 training [time: 24.06s, train loss: -0.8744]
20 Oct 17:53    INFO  epoch 4 evaluating [time: 15.46s, valid_score: 0.041900]
20 Oct 17:53    INFO  valid result: 
recall@10 : 0.0413    recall@20 : 0.0689    recall@50 : 0.128    ndcg@10 : 0.0325    ndcg@20 : 0.0419    ndcg@50 : 0.0592    
20 Oct 17:53    INFO  Saving current best: saved/DirectAU-Oct-20-2023_17-49-55.pth
20 Oct 17:53    INFO  epoch 5 training [time: 24.07s, train loss: -0.8942]
20 Oct 17:53    INFO  epoch 5 evaluating [time: 15.61s, valid_score: 0.044000]
20 Oct 17:53    INFO  valid result: 
recall@10 : 0.0438    recall@20 : 0.0732    recall@50 : 0.1338    ndcg@10 : 0.034    ndcg@20 : 0.044    ndcg@50 : 0.0617    
20 Oct 17:53    INFO  Saving current best: saved/DirectAU-Oct-20-2023_17-49-55.pth
20 Oct 17:54    INFO  epoch 6 training [time: 24.06s, train loss: -0.9101]
20 Oct 17:54    INFO  epoch 6 evaluating [time: 15.30s, valid_score: 0.045900]
20 Oct 17:54    INFO  valid result: 
recall@10 : 0.0457    recall@20 : 0.0759    recall@50 : 0.1382    ndcg@10 : 0.0357    ndcg@20 : 0.0459    ndcg@50 : 0.0641    
20 Oct 17:54    INFO  Saving current best: saved/DirectAU-Oct-20-2023_17-49-55.pth
20 Oct 17:54    INFO  epoch 7 training [time: 24.09s, train loss: -0.9238]
20 Oct 17:55    INFO  epoch 7 evaluating [time: 15.65s, valid_score: 0.047600]
20 Oct 17:55    INFO  valid result: 
recall@10 : 0.0477    recall@20 : 0.0785    recall@50 : 0.1423    ndcg@10 : 0.0371    ndcg@20 : 0.0476    ndcg@50 : 0.0662    
20 Oct 17:55    INFO  Saving current best: saved/DirectAU-Oct-20-2023_17-49-55.pth
20 Oct 17:55    INFO  epoch 8 training [time: 23.81s, train loss: -0.9353]
20 Oct 17:55    INFO  epoch 8 evaluating [time: 15.41s, valid_score: 0.048900]
20 Oct 17:55    INFO  valid result: 
recall@10 : 0.0485    recall@20 : 0.0801    recall@50 : 0.1455    ndcg@10 : 0.0381    ndcg@20 : 0.0489    ndcg@50 : 0.068    
20 Oct 17:55    INFO  Saving current best: saved/DirectAU-Oct-20-2023_17-49-55.pth
20 Oct 17:56    INFO  epoch 9 training [time: 24.05s, train loss: -0.9451]
20 Oct 17:56    INFO  epoch 9 evaluating [time: 15.66s, valid_score: 0.050500]
20 Oct 17:56    INFO  valid result: 
recall@10 : 0.0507    recall@20 : 0.0829    recall@50 : 0.1493    ndcg@10 : 0.0396    ndcg@20 : 0.0505    ndcg@50 : 0.0698    
20 Oct 17:56    INFO  Saving current best: saved/DirectAU-Oct-20-2023_17-49-55.pth
20 Oct 17:56    INFO  epoch 10 training [time: 24.04s, train loss: -0.9537]
20 Oct 17:57    INFO  epoch 10 evaluating [time: 15.31s, valid_score: 0.051700]
20 Oct 17:57    INFO  valid result: 
recall@10 : 0.051    recall@20 : 0.0838    recall@50 : 0.1522    ndcg@10 : 0.0405    ndcg@20 : 0.0517    ndcg@50 : 0.0716    
20 Oct 17:57    INFO  Saving current best: saved/DirectAU-Oct-20-2023_17-49-55.pth
20 Oct 17:57    INFO  epoch 11 training [time: 24.07s, train loss: -0.9609]
20 Oct 17:57    INFO  epoch 11 evaluating [time: 15.70s, valid_score: 0.052700]
20 Oct 17:57    INFO  valid result: 
recall@10 : 0.0528    recall@20 : 0.0858    recall@50 : 0.155    ndcg@10 : 0.0415    ndcg@20 : 0.0527    ndcg@50 : 0.0728    
20 Oct 17:57    INFO  Saving current best: saved/DirectAU-Oct-20-2023_17-49-55.pth
20 Oct 17:58    INFO  epoch 12 training [time: 24.10s, train loss: -0.9672]
20 Oct 17:58    INFO  epoch 12 evaluating [time: 15.32s, valid_score: 0.054300]
20 Oct 17:58    INFO  valid result: 
recall@10 : 0.0541    recall@20 : 0.0882    recall@50 : 0.158    ndcg@10 : 0.0428    ndcg@20 : 0.0543    ndcg@50 : 0.0747    
20 Oct 17:58    INFO  Saving current best: saved/DirectAU-Oct-20-2023_17-49-55.pth
20 Oct 17:58    INFO  epoch 13 training [time: 24.09s, train loss: -0.9727]
20 Oct 17:59    INFO  epoch 13 evaluating [time: 15.72s, valid_score: 0.054600]
20 Oct 17:59    INFO  valid result: 
recall@10 : 0.0542    recall@20 : 0.0885    recall@50 : 0.16    ndcg@10 : 0.0429    ndcg@20 : 0.0546    ndcg@50 : 0.0754    
20 Oct 17:59    INFO  Saving current best: saved/DirectAU-Oct-20-2023_17-49-55.pth
20 Oct 17:59    INFO  epoch 14 training [time: 24.09s, train loss: -0.9772]
20 Oct 17:59    INFO  epoch 14 evaluating [time: 15.38s, valid_score: 0.056000]
20 Oct 17:59    INFO  valid result: 
recall@10 : 0.0564    recall@20 : 0.0903    recall@50 : 0.1617    ndcg@10 : 0.0445    ndcg@20 : 0.056    ndcg@50 : 0.0768    
20 Oct 17:59    INFO  Saving current best: saved/DirectAU-Oct-20-2023_17-49-55.pth
20 Oct 18:00    INFO  epoch 15 training [time: 24.07s, train loss: -0.9814]
20 Oct 18:00    INFO  epoch 15 evaluating [time: 15.56s, valid_score: 0.056400]
20 Oct 18:00    INFO  valid result: 
recall@10 : 0.0563    recall@20 : 0.0913    recall@50 : 0.1635    ndcg@10 : 0.0445    ndcg@20 : 0.0564    ndcg@50 : 0.0773    
20 Oct 18:00    INFO  Saving current best: saved/DirectAU-Oct-20-2023_17-49-55.pth
20 Oct 18:00    INFO  epoch 16 training [time: 24.03s, train loss: -0.9848]
20 Oct 18:01    INFO  epoch 16 evaluating [time: 15.53s, valid_score: 0.056900]
20 Oct 18:01    INFO  valid result: 
recall@10 : 0.0568    recall@20 : 0.0919    recall@50 : 0.1657    ndcg@10 : 0.0451    ndcg@20 : 0.0569    ndcg@50 : 0.0783    
20 Oct 18:01    INFO  Saving current best: saved/DirectAU-Oct-20-2023_17-49-55.pth
20 Oct 18:01    INFO  epoch 17 training [time: 24.03s, train loss: -0.9881]
20 Oct 18:01    INFO  epoch 17 evaluating [time: 15.43s, valid_score: 0.057100]
20 Oct 18:01    INFO  valid result: 
recall@10 : 0.0563    recall@20 : 0.0922    recall@50 : 0.1663    ndcg@10 : 0.0449    ndcg@20 : 0.0571    ndcg@50 : 0.0786    
20 Oct 18:01    INFO  Saving current best: saved/DirectAU-Oct-20-2023_17-49-55.pth
20 Oct 18:02    INFO  epoch 18 training [time: 24.19s, train loss: -0.9908]
20 Oct 18:02    INFO  epoch 18 evaluating [time: 15.77s, valid_score: 0.057500]
20 Oct 18:02    INFO  valid result: 
recall@10 : 0.0573    recall@20 : 0.0922    recall@50 : 0.1674    ndcg@10 : 0.0457    ndcg@20 : 0.0575    ndcg@50 : 0.0793    
20 Oct 18:02    INFO  Saving current best: saved/DirectAU-Oct-20-2023_17-49-55.pth
20 Oct 18:02    INFO  epoch 19 training [time: 24.23s, train loss: -0.9931]
20 Oct 18:03    INFO  epoch 19 evaluating [time: 15.40s, valid_score: 0.058300]
20 Oct 18:03    INFO  valid result: 
recall@10 : 0.0584    recall@20 : 0.0932    recall@50 : 0.1691    ndcg@10 : 0.0465    ndcg@20 : 0.0583    ndcg@50 : 0.0803    
20 Oct 18:03    INFO  Saving current best: saved/DirectAU-Oct-20-2023_17-49-55.pth
20 Oct 18:03    INFO  epoch 20 training [time: 24.02s, train loss: -0.9951]
20 Oct 18:03    INFO  epoch 20 evaluating [time: 15.75s, valid_score: 0.058500]
20 Oct 18:03    INFO  valid result: 
recall@10 : 0.0586    recall@20 : 0.0938    recall@50 : 0.1686    ndcg@10 : 0.0466    ndcg@20 : 0.0585    ndcg@50 : 0.0803    
20 Oct 18:03    INFO  Saving current best: saved/DirectAU-Oct-20-2023_17-49-55.pth
20 Oct 18:04    INFO  epoch 21 training [time: 24.09s, train loss: -0.9968]
20 Oct 18:04    INFO  epoch 21 evaluating [time: 15.46s, valid_score: 0.058800]
20 Oct 18:04    INFO  valid result: 
recall@10 : 0.0586    recall@20 : 0.0943    recall@50 : 0.171    ndcg@10 : 0.0467    ndcg@20 : 0.0588    ndcg@50 : 0.0811    
20 Oct 18:04    INFO  Saving current best: saved/DirectAU-Oct-20-2023_17-49-55.pth
20 Oct 18:04    INFO  epoch 22 training [time: 24.11s, train loss: -0.9982]
20 Oct 18:05    INFO  epoch 22 evaluating [time: 15.75s, valid_score: 0.058800]
20 Oct 18:05    INFO  valid result: 
recall@10 : 0.0589    recall@20 : 0.0944    recall@50 : 0.1706    ndcg@10 : 0.0468    ndcg@20 : 0.0588    ndcg@50 : 0.0808    
20 Oct 18:05    INFO  epoch 23 training [time: 24.05s, train loss: -0.9996]
20 Oct 18:05    INFO  epoch 23 evaluating [time: 15.45s, valid_score: 0.059500]
20 Oct 18:05    INFO  valid result: 
recall@10 : 0.0597    recall@20 : 0.0954    recall@50 : 0.171    ndcg@10 : 0.0475    ndcg@20 : 0.0595    ndcg@50 : 0.0814    
20 Oct 18:05    INFO  Saving current best: saved/DirectAU-Oct-20-2023_17-49-55.pth
20 Oct 18:06    INFO  epoch 24 training [time: 24.10s, train loss: -1.0008]
20 Oct 18:06    INFO  epoch 24 evaluating [time: 15.71s, valid_score: 0.059400]
20 Oct 18:06    INFO  valid result: 
recall@10 : 0.0599    recall@20 : 0.0954    recall@50 : 0.1709    ndcg@10 : 0.0475    ndcg@20 : 0.0594    ndcg@50 : 0.0814    
20 Oct 18:06    INFO  epoch 25 training [time: 24.30s, train loss: -1.0017]
20 Oct 18:07    INFO  epoch 25 evaluating [time: 15.41s, valid_score: 0.059400]
20 Oct 18:07    INFO  valid result: 
recall@10 : 0.0592    recall@20 : 0.0954    recall@50 : 0.1725    ndcg@10 : 0.0473    ndcg@20 : 0.0594    ndcg@50 : 0.0817    
20 Oct 18:07    INFO  epoch 26 training [time: 24.33s, train loss: -1.0025]
20 Oct 18:07    INFO  epoch 26 evaluating [time: 15.61s, valid_score: 0.059800]
20 Oct 18:07    INFO  valid result: 
recall@10 : 0.059    recall@20 : 0.0961    recall@50 : 0.172    ndcg@10 : 0.0474    ndcg@20 : 0.0598    ndcg@50 : 0.0819    
20 Oct 18:07    INFO  Saving current best: saved/DirectAU-Oct-20-2023_17-49-55.pth
20 Oct 18:08    INFO  epoch 27 training [time: 23.82s, train loss: -1.0034]
20 Oct 18:08    INFO  epoch 27 evaluating [time: 17.82s, valid_score: 0.059600]
20 Oct 18:08    INFO  valid result: 
recall@10 : 0.0598    recall@20 : 0.0954    recall@50 : 0.1719    ndcg@10 : 0.0475    ndcg@20 : 0.0596    ndcg@50 : 0.0817    
20 Oct 18:08    INFO  epoch 28 training [time: 24.11s, train loss: -1.0041]
20 Oct 18:09    INFO  epoch 28 evaluating [time: 15.74s, valid_score: 0.060000]
20 Oct 18:09    INFO  valid result: 
recall@10 : 0.0602    recall@20 : 0.096    recall@50 : 0.1719    ndcg@10 : 0.048    ndcg@20 : 0.06    ndcg@50 : 0.0821    
20 Oct 18:09    INFO  Saving current best: saved/DirectAU-Oct-20-2023_17-49-55.pth
20 Oct 18:09    INFO  epoch 29 training [time: 24.08s, train loss: -1.0047]
20 Oct 18:09    INFO  epoch 29 evaluating [time: 15.78s, valid_score: 0.059900]
20 Oct 18:09    INFO  valid result: 
recall@10 : 0.0601    recall@20 : 0.0962    recall@50 : 0.1721    ndcg@10 : 0.0478    ndcg@20 : 0.0599    ndcg@50 : 0.0818    
20 Oct 18:10    INFO  epoch 30 training [time: 24.09s, train loss: -1.0052]
20 Oct 18:10    INFO  epoch 30 evaluating [time: 15.45s, valid_score: 0.059900]
20 Oct 18:10    INFO  valid result: 
recall@10 : 0.0599    recall@20 : 0.0956    recall@50 : 0.1731    ndcg@10 : 0.0478    ndcg@20 : 0.0599    ndcg@50 : 0.0823    
20 Oct 18:10    INFO  epoch 31 training [time: 23.97s, train loss: -1.0057]
20 Oct 18:11    INFO  epoch 31 evaluating [time: 15.74s, valid_score: 0.060200]
20 Oct 18:11    INFO  valid result: 
recall@10 : 0.0603    recall@20 : 0.097    recall@50 : 0.1722    ndcg@10 : 0.0478    ndcg@20 : 0.0602    ndcg@50 : 0.082    
20 Oct 18:11    INFO  Saving current best: saved/DirectAU-Oct-20-2023_17-49-55.pth
20 Oct 18:11    INFO  epoch 32 training [time: 24.02s, train loss: -1.0062]
20 Oct 18:11    INFO  epoch 32 evaluating [time: 15.39s, valid_score: 0.060000]
20 Oct 18:11    INFO  valid result: 
recall@10 : 0.0592    recall@20 : 0.0966    recall@50 : 0.1728    ndcg@10 : 0.0474    ndcg@20 : 0.06    ndcg@50 : 0.082    
20 Oct 18:12    INFO  epoch 33 training [time: 24.14s, train loss: -1.0067]
20 Oct 18:12    INFO  epoch 33 evaluating [time: 15.58s, valid_score: 0.059900]
20 Oct 18:12    INFO  valid result: 
recall@10 : 0.0601    recall@20 : 0.0963    recall@50 : 0.1732    ndcg@10 : 0.0477    ndcg@20 : 0.0599    ndcg@50 : 0.0821    
20 Oct 18:12    INFO  epoch 34 training [time: 24.25s, train loss: -1.0071]
20 Oct 18:13    INFO  epoch 34 evaluating [time: 15.30s, valid_score: 0.060200]
20 Oct 18:13    INFO  valid result: 
recall@10 : 0.0604    recall@20 : 0.0964    recall@50 : 0.1732    ndcg@10 : 0.0481    ndcg@20 : 0.0602    ndcg@50 : 0.0824    
20 Oct 18:13    INFO  epoch 35 training [time: 24.03s, train loss: -1.0074]
20 Oct 18:13    INFO  epoch 35 evaluating [time: 15.68s, valid_score: 0.060100]
20 Oct 18:13    INFO  valid result: 
recall@10 : 0.0603    recall@20 : 0.0967    recall@50 : 0.1734    ndcg@10 : 0.0478    ndcg@20 : 0.0601    ndcg@50 : 0.0823    
20 Oct 18:14    INFO  epoch 36 training [time: 24.06s, train loss: -1.0078]
20 Oct 18:14    INFO  epoch 36 evaluating [time: 15.43s, valid_score: 0.059900]
20 Oct 18:14    INFO  valid result: 
recall@10 : 0.0602    recall@20 : 0.0962    recall@50 : 0.173    ndcg@10 : 0.0477    ndcg@20 : 0.0599    ndcg@50 : 0.0821    
20 Oct 18:14    INFO  epoch 37 training [time: 24.02s, train loss: -1.0081]
20 Oct 18:15    INFO  epoch 37 evaluating [time: 15.70s, valid_score: 0.060000]
20 Oct 18:15    INFO  valid result: 
recall@10 : 0.0599    recall@20 : 0.0965    recall@50 : 0.1734    ndcg@10 : 0.0476    ndcg@20 : 0.06    ndcg@50 : 0.0823    
20 Oct 18:15    INFO  epoch 38 training [time: 24.03s, train loss: -1.0083]
20 Oct 18:15    INFO  epoch 38 evaluating [time: 15.36s, valid_score: 0.060000]
20 Oct 18:15    INFO  valid result: 
recall@10 : 0.0603    recall@20 : 0.0963    recall@50 : 0.1735    ndcg@10 : 0.0479    ndcg@20 : 0.06    ndcg@50 : 0.0824    
20 Oct 18:16    INFO  epoch 39 training [time: 24.05s, train loss: -1.0085]
20 Oct 18:16    INFO  epoch 39 evaluating [time: 15.54s, valid_score: 0.060200]
20 Oct 18:16    INFO  valid result: 
recall@10 : 0.0603    recall@20 : 0.0964    recall@50 : 0.1735    ndcg@10 : 0.048    ndcg@20 : 0.0602    ndcg@50 : 0.0825    
20 Oct 18:16    INFO  epoch 40 training [time: 24.06s, train loss: -1.0086]
20 Oct 18:17    INFO  epoch 40 evaluating [time: 15.40s, valid_score: 0.060200]
20 Oct 18:17    INFO  valid result: 
recall@10 : 0.06    recall@20 : 0.0968    recall@50 : 0.1734    ndcg@10 : 0.0479    ndcg@20 : 0.0602    ndcg@50 : 0.0825    
20 Oct 18:17    INFO  epoch 41 training [time: 24.02s, train loss: -1.0086]
20 Oct 18:17    INFO  epoch 41 evaluating [time: 15.66s, valid_score: 0.060400]
20 Oct 18:17    INFO  valid result: 
recall@10 : 0.0597    recall@20 : 0.0973    recall@50 : 0.1738    ndcg@10 : 0.0478    ndcg@20 : 0.0604    ndcg@50 : 0.0826    
20 Oct 18:17    INFO  Saving current best: saved/DirectAU-Oct-20-2023_17-49-55.pth
20 Oct 18:18    INFO  epoch 42 training [time: 23.97s, train loss: -1.0088]
20 Oct 18:18    INFO  epoch 42 evaluating [time: 15.73s, valid_score: 0.060000]
20 Oct 18:18    INFO  valid result: 
recall@10 : 0.059    recall@20 : 0.0962    recall@50 : 0.1738    ndcg@10 : 0.0474    ndcg@20 : 0.06    ndcg@50 : 0.0825    
20 Oct 18:18    INFO  epoch 43 training [time: 24.06s, train loss: -1.0088]
20 Oct 18:19    INFO  epoch 43 evaluating [time: 15.45s, valid_score: 0.060300]
20 Oct 18:19    INFO  valid result: 
recall@10 : 0.06    recall@20 : 0.0969    recall@50 : 0.1736    ndcg@10 : 0.0479    ndcg@20 : 0.0603    ndcg@50 : 0.0826    
20 Oct 18:19    INFO  epoch 44 training [time: 23.65s, train loss: -1.0090]
20 Oct 18:19    INFO  epoch 44 evaluating [time: 15.68s, valid_score: 0.060000]
20 Oct 18:19    INFO  valid result: 
recall@10 : 0.0597    recall@20 : 0.0965    recall@50 : 0.1738    ndcg@10 : 0.0476    ndcg@20 : 0.06    ndcg@50 : 0.0824    
20 Oct 18:20    INFO  epoch 45 training [time: 23.86s, train loss: -1.0091]
20 Oct 18:20    INFO  epoch 45 evaluating [time: 15.65s, valid_score: 0.060100]
20 Oct 18:20    INFO  valid result: 
recall@10 : 0.0599    recall@20 : 0.0966    recall@50 : 0.174    ndcg@10 : 0.0476    ndcg@20 : 0.0601    ndcg@50 : 0.0825    
20 Oct 18:20    INFO  epoch 46 training [time: 24.01s, train loss: -1.0091]
20 Oct 18:21    INFO  epoch 46 evaluating [time: 15.61s, valid_score: 0.060200]
20 Oct 18:21    INFO  valid result: 
recall@10 : 0.0601    recall@20 : 0.0966    recall@50 : 0.174    ndcg@10 : 0.0479    ndcg@20 : 0.0602    ndcg@50 : 0.0827    
20 Oct 18:21    INFO  epoch 47 training [time: 24.03s, train loss: -1.0092]
20 Oct 18:21    INFO  epoch 47 evaluating [time: 15.27s, valid_score: 0.060200]
20 Oct 18:21    INFO  valid result: 
recall@10 : 0.0603    recall@20 : 0.0964    recall@50 : 0.1741    ndcg@10 : 0.0481    ndcg@20 : 0.0602    ndcg@50 : 0.0828    
20 Oct 18:22    INFO  epoch 48 training [time: 24.11s, train loss: -1.0092]
20 Oct 18:22    INFO  epoch 48 evaluating [time: 15.54s, valid_score: 0.060200]
20 Oct 18:22    INFO  valid result: 
recall@10 : 0.0602    recall@20 : 0.0967    recall@50 : 0.1741    ndcg@10 : 0.0479    ndcg@20 : 0.0602    ndcg@50 : 0.0826    
20 Oct 18:22    INFO  epoch 49 training [time: 24.04s, train loss: -1.0093]
20 Oct 18:23    INFO  epoch 49 evaluating [time: 15.34s, valid_score: 0.060200]
20 Oct 18:23    INFO  valid result: 
recall@10 : 0.06    recall@20 : 0.0968    recall@50 : 0.1741    ndcg@10 : 0.0478    ndcg@20 : 0.0602    ndcg@50 : 0.0826    
20 Oct 18:23    INFO  epoch 50 training [time: 24.10s, train loss: -1.0094]
20 Oct 18:23    INFO  epoch 50 evaluating [time: 15.63s, valid_score: 0.060400]
20 Oct 18:23    INFO  valid result: 
recall@10 : 0.0601    recall@20 : 0.0966    recall@50 : 0.1739    ndcg@10 : 0.0481    ndcg@20 : 0.0604    ndcg@50 : 0.0828    
20 Oct 18:24    INFO  epoch 51 training [time: 24.11s, train loss: -1.0094]
20 Oct 18:24    INFO  epoch 51 evaluating [time: 15.31s, valid_score: 0.060500]
20 Oct 18:24    INFO  valid result: 
recall@10 : 0.06    recall@20 : 0.0972    recall@50 : 0.1732    ndcg@10 : 0.048    ndcg@20 : 0.0605    ndcg@50 : 0.0826    
20 Oct 18:24    INFO  Saving current best: saved/DirectAU-Oct-20-2023_17-49-55.pth
20 Oct 18:24    INFO  epoch 52 training [time: 24.06s, train loss: -1.0094]
20 Oct 18:25    INFO  epoch 52 evaluating [time: 15.46s, valid_score: 0.060200]
20 Oct 18:25    INFO  valid result: 
recall@10 : 0.0599    recall@20 : 0.0965    recall@50 : 0.1739    ndcg@10 : 0.0479    ndcg@20 : 0.0602    ndcg@50 : 0.0826    
20 Oct 18:25    INFO  epoch 53 training [time: 23.49s, train loss: -1.0095]
20 Oct 18:25    INFO  epoch 53 evaluating [time: 15.18s, valid_score: 0.060400]
20 Oct 18:25    INFO  valid result: 
recall@10 : 0.0599    recall@20 : 0.0968    recall@50 : 0.1737    ndcg@10 : 0.048    ndcg@20 : 0.0604    ndcg@50 : 0.0827    
20 Oct 18:26    INFO  epoch 54 training [time: 23.96s, train loss: -1.0096]
20 Oct 18:26    INFO  epoch 54 evaluating [time: 15.52s, valid_score: 0.060300]
20 Oct 18:26    INFO  valid result: 
recall@10 : 0.0596    recall@20 : 0.0968    recall@50 : 0.1734    ndcg@10 : 0.0477    ndcg@20 : 0.0603    ndcg@50 : 0.0824    
20 Oct 18:26    INFO  epoch 55 training [time: 24.14s, train loss: -1.0095]
20 Oct 18:26    INFO  epoch 55 evaluating [time: 15.53s, valid_score: 0.060200]
20 Oct 18:26    INFO  valid result: 
recall@10 : 0.0601    recall@20 : 0.0967    recall@50 : 0.1735    ndcg@10 : 0.0479    ndcg@20 : 0.0602    ndcg@50 : 0.0825    
20 Oct 18:27    INFO  epoch 56 training [time: 24.14s, train loss: -1.0096]
20 Oct 18:27    INFO  epoch 56 evaluating [time: 15.30s, valid_score: 0.060000]
20 Oct 18:27    INFO  valid result: 
recall@10 : 0.0595    recall@20 : 0.0961    recall@50 : 0.1744    ndcg@10 : 0.0476    ndcg@20 : 0.06    ndcg@50 : 0.0826    
20 Oct 18:28    INFO  epoch 57 training [time: 24.13s, train loss: -1.0096]
20 Oct 18:28    INFO  epoch 57 evaluating [time: 15.64s, valid_score: 0.060300]
20 Oct 18:28    INFO  valid result: 
recall@10 : 0.0593    recall@20 : 0.0967    recall@50 : 0.1745    ndcg@10 : 0.0477    ndcg@20 : 0.0603    ndcg@50 : 0.0827    
20 Oct 18:28    INFO  epoch 58 training [time: 24.10s, train loss: -1.0097]
20 Oct 18:28    INFO  epoch 58 evaluating [time: 15.16s, valid_score: 0.060200]
20 Oct 18:28    INFO  valid result: 
recall@10 : 0.0595    recall@20 : 0.0969    recall@50 : 0.1746    ndcg@10 : 0.0476    ndcg@20 : 0.0602    ndcg@50 : 0.0827    
20 Oct 18:29    INFO  epoch 59 training [time: 24.11s, train loss: -1.0098]
20 Oct 18:29    INFO  epoch 59 evaluating [time: 15.50s, valid_score: 0.060100]
20 Oct 18:29    INFO  valid result: 
recall@10 : 0.0598    recall@20 : 0.0966    recall@50 : 0.174    ndcg@10 : 0.0477    ndcg@20 : 0.0601    ndcg@50 : 0.0825    
20 Oct 18:30    INFO  epoch 60 training [time: 24.07s, train loss: -1.0098]
20 Oct 18:30    INFO  epoch 60 evaluating [time: 15.21s, valid_score: 0.060000]
20 Oct 18:30    INFO  valid result: 
recall@10 : 0.0596    recall@20 : 0.0964    recall@50 : 0.174    ndcg@10 : 0.0476    ndcg@20 : 0.06    ndcg@50 : 0.0825    
20 Oct 18:30    INFO  epoch 61 training [time: 24.10s, train loss: -1.0098]
20 Oct 18:30    INFO  epoch 61 evaluating [time: 15.58s, valid_score: 0.059900]
20 Oct 18:30    INFO  valid result: 
recall@10 : 0.0598    recall@20 : 0.0961    recall@50 : 0.1742    ndcg@10 : 0.0477    ndcg@20 : 0.0599    ndcg@50 : 0.0825    
20 Oct 18:31    INFO  epoch 62 training [time: 24.16s, train loss: -1.0099]
20 Oct 18:31    INFO  epoch 62 evaluating [time: 16.43s, valid_score: 0.060200]
20 Oct 18:31    INFO  valid result: 
recall@10 : 0.0595    recall@20 : 0.0965    recall@50 : 0.1743    ndcg@10 : 0.0476    ndcg@20 : 0.0602    ndcg@50 : 0.0827    
20 Oct 18:31    INFO  Finished training, best eval result in epoch 51
20 Oct 18:31    INFO  Loading model structure and parameters from saved/DirectAU-Oct-20-2023_17-49-55.pth
20 Oct 18:31    INFO  best valid : {'recall@10': 0.06, 'recall@20': 0.0972, 'recall@50': 0.1732, 'ndcg@10': 0.048, 'ndcg@20': 0.0605, 'ndcg@50': 0.0826}
20 Oct 18:31    INFO  test result: {'recall@10': 0.0612, 'recall@20': 0.0971, 'recall@50': 0.1731, 'ndcg@10': 0.0488, 'ndcg@20': 0.0608, 'ndcg@50': 0.0828}
