command line args [--zc 1] will not be used in RecBole
24 Oct 17:47    INFO  
General Hyper Parameters:
gpu_id = 8
use_gpu = True
seed = 0
state = INFO
reproducibility = True
data_path = dataset/Yelp
show_progress = False

Training Hyper Parameters:
checkpoint_dir = saved
epochs = 500
train_batch_size = 1024
learner = adam
learning_rate = 0.001
training_neg_sample_num = 0
training_neg_sample_distribution = uniform
eval_step = 1
stopping_step = 10
clip_grad_norm = None
weight_decay = 1e-06
draw_loss_pic = False
loss_decimal_place = 4

Evaluation Hyper Parameters:
eval_setting = RO_RS,full
group_by_user = True
split_ratio = [0.8, 0.1, 0.1]
leave_one_num = 2
real_time_process = False
metrics = ['Recall', 'NDCG']
topk = [10, 20, 50]
valid_metric = NDCG@20
eval_batch_size = 4096
metric_decimal_place = 4

Dataset Hyper Parameters:
field_separator = 	
seq_separator =  
USER_ID_FIELD = user_id
ITEM_ID_FIELD = item_id
RATING_FIELD = rating
TIME_FIELD = timestamp
seq_len = None
LABEL_FIELD = label
threshold = None
NEG_PREFIX = neg_
load_col = {'inter': ['user_id', 'item_id', 'timestamp']}
unload_col = None
unused_col = None
additional_feat_suffix = None
lowest_val = None
highest_val = None
equal_val = None
not_equal_val = None
max_user_inter_num = None
min_user_inter_num = 5
max_item_inter_num = None
min_item_inter_num = 5
fields_in_same_space = None
preload_weight = None
normalize_field = None
normalize_all = None
ITEM_LIST_LENGTH_FIELD = item_length
LIST_SUFFIX = _list
MAX_ITEM_LIST_LENGTH = 50
POSITION_FIELD = position_id
HEAD_ENTITY_ID_FIELD = head_id
TAIL_ENTITY_ID_FIELD = tail_id
RELATION_ID_FIELD = relation_id
ENTITY_ID_FIELD = entity_id

Other Hyper Parameters: 
valid_metric_bigger = True
BT = 0.1
bt = 0.001
embedding_size = 64
encoder = MF
gamma = 0.5
times = 1
witem = 0.1
wuser = 0.8
zc = 1.0
rm_dup_inter = None
filter_inter_by_user_or_item = True
SOURCE_ID_FIELD = source_id
TARGET_ID_FIELD = target_id
benchmark_filename = None
MODEL_TYPE = ModelType.GENERAL
MODEL_INPUT_TYPE = InputType.POINTWISE
eval_type = EvaluatorType.RANKING
device = cuda
train_neg_sample_args = {'strategy': 'none'}


24 Oct 17:47    INFO  Yelp
The number of users: 31669
Average actions of users: 49.305481874447395
The number of items: 38049
Average actions of items: 41.037794365012616
The number of inters: 1561406
The sparsity of the dataset: 99.87041991912021%
Remain Fields: ['user_id', 'item_id']
24 Oct 17:47    INFO  Build [GeneralDataLoader] for [train] with format [InputType.POINTWISE]
24 Oct 17:47    INFO  [train] No Negative Sampling
24 Oct 17:47    INFO  [train] batch_size = [1024], shuffle = [True]

24 Oct 17:47    INFO  Build [GeneralFullDataLoader] for [evaluation] with format [InputType.POINTWISE]
24 Oct 17:47    INFO  Evaluation Setting:
	Group by user_id
	Ordering: {'strategy': 'shuffle'}
	Splitting: {'strategy': 'by_ratio', 'ratios': [0.8, 0.1, 0.1]}
	Negative Sampling: {'strategy': 'full', 'distribution': 'uniform'}
24 Oct 17:47    INFO  [evaluation] batch_size = [4096], shuffle = [False]

24 Oct 17:47    WARNING  Batch size is changed to 38049.
24 Oct 17:47    WARNING  Batch size is changed to 38049.
{'BT': 0.1, 'bt': 0.001, 'embedding_size': 64, 'encoder': 'MF', 'gamma': None, 'times': 1, 'training_neg_sample_num': 0, 'witem': 0.1, 'wuser': 0.8, 'zc': 1.0}
this is encoder MF...
这是directau 的 WUBT 版本...
24 Oct 17:47    INFO  DirectAU(
  (encoder): MFEncoder(
    (user_embedding): Embedding(31669, 64)
    (item_embedding): Embedding(38049, 64)
  )
  (bn): BatchNorm1d(64, eps=1e-05, momentum=0.1, affine=False, track_running_stats=True)
  (projector): Sequential(
    (0): Linear(in_features=64, out_features=64, bias=False)
    (1): BatchNorm1d(64, eps=1e-05, momentum=0.1, affine=True, track_running_stats=True)
    (2): ReLU(inplace=True)
    (3): Linear(in_features=64, out_features=64, bias=False)
    (4): BatchNorm1d(64, eps=1e-05, momentum=0.1, affine=True, track_running_stats=True)
    (5): ReLU(inplace=True)
    (6): Linear(in_features=64, out_features=64, bias=False)
  )
)
Trainable parameters: 4474496
24 Oct 17:47    INFO  epoch 0 training [time: 23.65s, train loss: -0.2207]
24 Oct 17:47    INFO  epoch 0 evaluating [time: 15.06s, valid_score: 0.024100]
24 Oct 17:47    INFO  valid result: 
recall@10 : 0.0227    recall@20 : 0.0396    recall@50 : 0.0801    ndcg@10 : 0.0182    ndcg@20 : 0.0241    ndcg@50 : 0.0361    
24 Oct 17:48    INFO  Saving current best: saved/DirectAU-Oct-24-2023_17-47-21.pth
24 Oct 17:48    INFO  epoch 1 training [time: 23.56s, train loss: -0.6410]
24 Oct 17:48    INFO  epoch 1 evaluating [time: 14.97s, valid_score: 0.033700]
24 Oct 17:48    INFO  valid result: 
recall@10 : 0.0323    recall@20 : 0.0558    recall@50 : 0.1074    ndcg@10 : 0.0257    ndcg@20 : 0.0337    ndcg@50 : 0.0489    
24 Oct 17:48    INFO  Saving current best: saved/DirectAU-Oct-24-2023_17-47-21.pth
24 Oct 17:49    INFO  epoch 2 training [time: 23.67s, train loss: -0.7199]
24 Oct 17:49    INFO  epoch 2 evaluating [time: 15.29s, valid_score: 0.037500]
24 Oct 17:49    INFO  valid result: 
recall@10 : 0.0372    recall@20 : 0.0623    recall@50 : 0.1187    ndcg@10 : 0.0289    ndcg@20 : 0.0375    ndcg@50 : 0.054    
24 Oct 17:49    INFO  Saving current best: saved/DirectAU-Oct-24-2023_17-47-21.pth
24 Oct 17:49    INFO  epoch 3 training [time: 23.82s, train loss: -0.7591]
24 Oct 17:49    INFO  epoch 3 evaluating [time: 17.48s, valid_score: 0.040600]
24 Oct 17:49    INFO  valid result: 
recall@10 : 0.04    recall@20 : 0.0676    recall@50 : 0.1257    ndcg@10 : 0.0312    ndcg@20 : 0.0406    ndcg@50 : 0.0577    
24 Oct 17:49    INFO  Saving current best: saved/DirectAU-Oct-24-2023_17-47-21.pth
24 Oct 17:50    INFO  epoch 4 training [time: 23.67s, train loss: -0.7854]
24 Oct 17:50    INFO  epoch 4 evaluating [time: 14.91s, valid_score: 0.042800]
24 Oct 17:50    INFO  valid result: 
recall@10 : 0.0423    recall@20 : 0.0704    recall@50 : 0.1304    ndcg@10 : 0.0332    ndcg@20 : 0.0428    ndcg@50 : 0.0604    
24 Oct 17:50    INFO  Saving current best: saved/DirectAU-Oct-24-2023_17-47-21.pth
24 Oct 17:51    INFO  epoch 5 training [time: 23.72s, train loss: -0.8052]
24 Oct 17:51    INFO  epoch 5 evaluating [time: 15.26s, valid_score: 0.044900]
24 Oct 17:51    INFO  valid result: 
recall@10 : 0.0452    recall@20 : 0.0741    recall@50 : 0.1363    ndcg@10 : 0.035    ndcg@20 : 0.0449    ndcg@50 : 0.063    
24 Oct 17:51    INFO  Saving current best: saved/DirectAU-Oct-24-2023_17-47-21.pth
24 Oct 17:51    INFO  epoch 6 training [time: 23.69s, train loss: -0.8211]
24 Oct 17:51    INFO  epoch 6 evaluating [time: 14.89s, valid_score: 0.046800]
24 Oct 17:51    INFO  valid result: 
recall@10 : 0.0465    recall@20 : 0.0774    recall@50 : 0.1409    ndcg@10 : 0.0363    ndcg@20 : 0.0468    ndcg@50 : 0.0654    
24 Oct 17:51    INFO  Saving current best: saved/DirectAU-Oct-24-2023_17-47-21.pth
24 Oct 17:52    INFO  epoch 7 training [time: 23.73s, train loss: -0.8349]
24 Oct 17:52    INFO  epoch 7 evaluating [time: 15.26s, valid_score: 0.048700]
24 Oct 17:52    INFO  valid result: 
recall@10 : 0.049    recall@20 : 0.0799    recall@50 : 0.1446    ndcg@10 : 0.0381    ndcg@20 : 0.0487    ndcg@50 : 0.0676    
24 Oct 17:52    INFO  Saving current best: saved/DirectAU-Oct-24-2023_17-47-21.pth
24 Oct 17:52    INFO  epoch 8 training [time: 23.69s, train loss: -0.8464]
24 Oct 17:53    INFO  epoch 8 evaluating [time: 15.13s, valid_score: 0.049800]
24 Oct 17:53    INFO  valid result: 
recall@10 : 0.0498    recall@20 : 0.0816    recall@50 : 0.148    ndcg@10 : 0.0389    ndcg@20 : 0.0498    ndcg@50 : 0.0691    
24 Oct 17:53    INFO  Saving current best: saved/DirectAU-Oct-24-2023_17-47-21.pth
24 Oct 17:53    INFO  epoch 9 training [time: 23.66s, train loss: -0.8562]
24 Oct 17:53    INFO  epoch 9 evaluating [time: 15.58s, valid_score: 0.051400]
24 Oct 17:53    INFO  valid result: 
recall@10 : 0.0516    recall@20 : 0.084    recall@50 : 0.1517    ndcg@10 : 0.0404    ndcg@20 : 0.0514    ndcg@50 : 0.0711    
24 Oct 17:53    INFO  Saving current best: saved/DirectAU-Oct-24-2023_17-47-21.pth
24 Oct 17:54    INFO  epoch 10 training [time: 23.73s, train loss: -0.8649]
24 Oct 17:54    INFO  epoch 10 evaluating [time: 15.31s, valid_score: 0.052700]
24 Oct 17:54    INFO  valid result: 
recall@10 : 0.0528    recall@20 : 0.0855    recall@50 : 0.1557    ndcg@10 : 0.0417    ndcg@20 : 0.0527    ndcg@50 : 0.0731    
24 Oct 17:54    INFO  Saving current best: saved/DirectAU-Oct-24-2023_17-47-21.pth
24 Oct 17:54    INFO  epoch 11 training [time: 23.69s, train loss: -0.8722]
24 Oct 17:55    INFO  epoch 11 evaluating [time: 15.31s, valid_score: 0.053900]
24 Oct 17:55    INFO  valid result: 
recall@10 : 0.0535    recall@20 : 0.0884    recall@50 : 0.1582    ndcg@10 : 0.0421    ndcg@20 : 0.0539    ndcg@50 : 0.0742    
24 Oct 17:55    INFO  Saving current best: saved/DirectAU-Oct-24-2023_17-47-21.pth
24 Oct 17:55    INFO  epoch 12 training [time: 23.68s, train loss: -0.8786]
24 Oct 17:55    INFO  epoch 12 evaluating [time: 14.91s, valid_score: 0.055300]
24 Oct 17:55    INFO  valid result: 
recall@10 : 0.0556    recall@20 : 0.0898    recall@50 : 0.1617    ndcg@10 : 0.0436    ndcg@20 : 0.0553    ndcg@50 : 0.0763    
24 Oct 17:55    INFO  Saving current best: saved/DirectAU-Oct-24-2023_17-47-21.pth
24 Oct 17:56    INFO  epoch 13 training [time: 23.67s, train loss: -0.8841]
24 Oct 17:56    INFO  epoch 13 evaluating [time: 15.31s, valid_score: 0.056100]
24 Oct 17:56    INFO  valid result: 
recall@10 : 0.0558    recall@20 : 0.0913    recall@50 : 0.1637    ndcg@10 : 0.044    ndcg@20 : 0.0561    ndcg@50 : 0.0771    
24 Oct 17:56    INFO  Saving current best: saved/DirectAU-Oct-24-2023_17-47-21.pth
24 Oct 17:56    INFO  epoch 14 training [time: 23.79s, train loss: -0.8887]
24 Oct 17:57    INFO  epoch 14 evaluating [time: 14.91s, valid_score: 0.057100]
24 Oct 17:57    INFO  valid result: 
recall@10 : 0.0572    recall@20 : 0.0927    recall@50 : 0.1662    ndcg@10 : 0.045    ndcg@20 : 0.0571    ndcg@50 : 0.0785    
24 Oct 17:57    INFO  Saving current best: saved/DirectAU-Oct-24-2023_17-47-21.pth
24 Oct 17:57    INFO  epoch 15 training [time: 23.66s, train loss: -0.8929]
24 Oct 17:57    INFO  epoch 15 evaluating [time: 15.23s, valid_score: 0.058000]
24 Oct 17:57    INFO  valid result: 
recall@10 : 0.0578    recall@20 : 0.0936    recall@50 : 0.1678    ndcg@10 : 0.0458    ndcg@20 : 0.058    ndcg@50 : 0.0794    
24 Oct 17:57    INFO  Saving current best: saved/DirectAU-Oct-24-2023_17-47-21.pth
24 Oct 17:58    INFO  epoch 16 training [time: 23.69s, train loss: -0.8965]
24 Oct 17:58    INFO  epoch 16 evaluating [time: 15.22s, valid_score: 0.058700]
24 Oct 17:58    INFO  valid result: 
recall@10 : 0.0582    recall@20 : 0.0947    recall@50 : 0.1696    ndcg@10 : 0.0462    ndcg@20 : 0.0587    ndcg@50 : 0.0804    
24 Oct 17:58    INFO  Saving current best: saved/DirectAU-Oct-24-2023_17-47-21.pth
24 Oct 17:58    INFO  epoch 17 training [time: 23.69s, train loss: -0.8998]
24 Oct 17:59    INFO  epoch 17 evaluating [time: 14.86s, valid_score: 0.058400]
24 Oct 17:59    INFO  valid result: 
recall@10 : 0.0583    recall@20 : 0.0944    recall@50 : 0.1703    ndcg@10 : 0.0461    ndcg@20 : 0.0584    ndcg@50 : 0.0804    
24 Oct 17:59    INFO  epoch 18 training [time: 23.74s, train loss: -0.9026]
24 Oct 17:59    INFO  epoch 18 evaluating [time: 17.43s, valid_score: 0.059100]
24 Oct 17:59    INFO  valid result: 
recall@10 : 0.0593    recall@20 : 0.0947    recall@50 : 0.1713    ndcg@10 : 0.0471    ndcg@20 : 0.0591    ndcg@50 : 0.0813    
24 Oct 17:59    INFO  Saving current best: saved/DirectAU-Oct-24-2023_17-47-21.pth
24 Oct 18:00    INFO  epoch 19 training [time: 23.82s, train loss: -0.9049]
24 Oct 18:00    INFO  epoch 19 evaluating [time: 14.92s, valid_score: 0.059700]
24 Oct 18:00    INFO  valid result: 
recall@10 : 0.0595    recall@20 : 0.0957    recall@50 : 0.1731    ndcg@10 : 0.0475    ndcg@20 : 0.0597    ndcg@50 : 0.0822    
24 Oct 18:00    INFO  Saving current best: saved/DirectAU-Oct-24-2023_17-47-21.pth
24 Oct 18:00    INFO  epoch 20 training [time: 23.70s, train loss: -0.9070]
24 Oct 18:01    INFO  epoch 20 evaluating [time: 15.29s, valid_score: 0.060100]
24 Oct 18:01    INFO  valid result: 
recall@10 : 0.0604    recall@20 : 0.0962    recall@50 : 0.1735    ndcg@10 : 0.0479    ndcg@20 : 0.0601    ndcg@50 : 0.0825    
24 Oct 18:01    INFO  Saving current best: saved/DirectAU-Oct-24-2023_17-47-21.pth
24 Oct 18:01    INFO  epoch 21 training [time: 23.73s, train loss: -0.9087]
24 Oct 18:01    INFO  epoch 21 evaluating [time: 15.08s, valid_score: 0.060600]
24 Oct 18:01    INFO  valid result: 
recall@10 : 0.0606    recall@20 : 0.0973    recall@50 : 0.1756    ndcg@10 : 0.0482    ndcg@20 : 0.0606    ndcg@50 : 0.0833    
24 Oct 18:01    INFO  Saving current best: saved/DirectAU-Oct-24-2023_17-47-21.pth
24 Oct 18:02    INFO  epoch 22 training [time: 23.70s, train loss: -0.9102]
24 Oct 18:02    INFO  epoch 22 evaluating [time: 15.21s, valid_score: 0.060700]
24 Oct 18:02    INFO  valid result: 
recall@10 : 0.0608    recall@20 : 0.0975    recall@50 : 0.1749    ndcg@10 : 0.0483    ndcg@20 : 0.0607    ndcg@50 : 0.0831    
24 Oct 18:02    INFO  Saving current best: saved/DirectAU-Oct-24-2023_17-47-21.pth
24 Oct 18:02    INFO  epoch 23 training [time: 23.73s, train loss: -0.9116]
24 Oct 18:03    INFO  epoch 23 evaluating [time: 15.04s, valid_score: 0.061200]
24 Oct 18:03    INFO  valid result: 
recall@10 : 0.0615    recall@20 : 0.0978    recall@50 : 0.1762    ndcg@10 : 0.0489    ndcg@20 : 0.0612    ndcg@50 : 0.0839    
24 Oct 18:03    INFO  Saving current best: saved/DirectAU-Oct-24-2023_17-47-21.pth
24 Oct 18:03    INFO  epoch 24 training [time: 23.73s, train loss: -0.9129]
24 Oct 18:03    INFO  epoch 24 evaluating [time: 15.37s, valid_score: 0.061500]
24 Oct 18:03    INFO  valid result: 
recall@10 : 0.061    recall@20 : 0.0987    recall@50 : 0.176    ndcg@10 : 0.0488    ndcg@20 : 0.0615    ndcg@50 : 0.084    
24 Oct 18:03    INFO  Saving current best: saved/DirectAU-Oct-24-2023_17-47-21.pth
24 Oct 18:04    INFO  epoch 25 training [time: 23.69s, train loss: -0.9138]
24 Oct 18:04    INFO  epoch 25 evaluating [time: 15.31s, valid_score: 0.061500]
24 Oct 18:04    INFO  valid result: 
recall@10 : 0.0615    recall@20 : 0.0991    recall@50 : 0.1775    ndcg@10 : 0.0489    ndcg@20 : 0.0615    ndcg@50 : 0.0842    
24 Oct 18:04    INFO  epoch 26 training [time: 23.82s, train loss: -0.9147]
24 Oct 18:04    INFO  epoch 26 evaluating [time: 15.33s, valid_score: 0.061400]
24 Oct 18:04    INFO  valid result: 
recall@10 : 0.0614    recall@20 : 0.0981    recall@50 : 0.1772    ndcg@10 : 0.049    ndcg@20 : 0.0614    ndcg@50 : 0.0844    
24 Oct 18:05    INFO  epoch 27 training [time: 23.57s, train loss: -0.9156]
24 Oct 18:05    INFO  epoch 27 evaluating [time: 15.05s, valid_score: 0.061800]
24 Oct 18:05    INFO  valid result: 
recall@10 : 0.0617    recall@20 : 0.0989    recall@50 : 0.1769    ndcg@10 : 0.0492    ndcg@20 : 0.0618    ndcg@50 : 0.0844    
24 Oct 18:05    INFO  Saving current best: saved/DirectAU-Oct-24-2023_17-47-21.pth
24 Oct 18:06    INFO  epoch 28 training [time: 23.72s, train loss: -0.9163]
24 Oct 18:06    INFO  epoch 28 evaluating [time: 15.59s, valid_score: 0.062200]
24 Oct 18:06    INFO  valid result: 
recall@10 : 0.0621    recall@20 : 0.0993    recall@50 : 0.1774    ndcg@10 : 0.0497    ndcg@20 : 0.0622    ndcg@50 : 0.0849    
24 Oct 18:06    INFO  Saving current best: saved/DirectAU-Oct-24-2023_17-47-21.pth
24 Oct 18:06    INFO  epoch 29 training [time: 23.71s, train loss: -0.9170]
24 Oct 18:06    INFO  epoch 29 evaluating [time: 15.22s, valid_score: 0.062200]
24 Oct 18:06    INFO  valid result: 
recall@10 : 0.062    recall@20 : 0.0993    recall@50 : 0.1778    ndcg@10 : 0.0496    ndcg@20 : 0.0622    ndcg@50 : 0.0849    
24 Oct 18:07    INFO  epoch 30 training [time: 23.70s, train loss: -0.9175]
24 Oct 18:07    INFO  epoch 30 evaluating [time: 15.27s, valid_score: 0.062600]
24 Oct 18:07    INFO  valid result: 
recall@10 : 0.062    recall@20 : 0.0997    recall@50 : 0.1784    ndcg@10 : 0.0498    ndcg@20 : 0.0626    ndcg@50 : 0.0854    
24 Oct 18:07    INFO  Saving current best: saved/DirectAU-Oct-24-2023_17-47-21.pth
24 Oct 18:07    INFO  epoch 31 training [time: 23.72s, train loss: -0.9181]
24 Oct 18:08    INFO  epoch 31 evaluating [time: 15.29s, valid_score: 0.062400]
24 Oct 18:08    INFO  valid result: 
recall@10 : 0.0625    recall@20 : 0.1004    recall@50 : 0.1784    ndcg@10 : 0.0497    ndcg@20 : 0.0624    ndcg@50 : 0.0851    
24 Oct 18:08    INFO  epoch 32 training [time: 23.72s, train loss: -0.9186]
24 Oct 18:08    INFO  epoch 32 evaluating [time: 14.98s, valid_score: 0.062400]
24 Oct 18:08    INFO  valid result: 
recall@10 : 0.0617    recall@20 : 0.1004    recall@50 : 0.1788    ndcg@10 : 0.0494    ndcg@20 : 0.0624    ndcg@50 : 0.0852    
24 Oct 18:09    INFO  epoch 33 training [time: 23.70s, train loss: -0.9191]
24 Oct 18:09    INFO  epoch 33 evaluating [time: 15.28s, valid_score: 0.062300]
24 Oct 18:09    INFO  valid result: 
recall@10 : 0.062    recall@20 : 0.0999    recall@50 : 0.1795    ndcg@10 : 0.0495    ndcg@20 : 0.0623    ndcg@50 : 0.0853    
24 Oct 18:09    INFO  epoch 34 training [time: 23.71s, train loss: -0.9195]
24 Oct 18:10    INFO  epoch 34 evaluating [time: 14.94s, valid_score: 0.062600]
24 Oct 18:10    INFO  valid result: 
recall@10 : 0.0625    recall@20 : 0.1001    recall@50 : 0.1786    ndcg@10 : 0.0499    ndcg@20 : 0.0626    ndcg@50 : 0.0853    
24 Oct 18:10    INFO  epoch 35 training [time: 23.68s, train loss: -0.9199]
24 Oct 18:10    INFO  epoch 35 evaluating [time: 15.26s, valid_score: 0.062700]
24 Oct 18:10    INFO  valid result: 
recall@10 : 0.0626    recall@20 : 0.1004    recall@50 : 0.1795    ndcg@10 : 0.05    ndcg@20 : 0.0627    ndcg@50 : 0.0856    
24 Oct 18:10    INFO  Saving current best: saved/DirectAU-Oct-24-2023_17-47-21.pth
24 Oct 18:11    INFO  epoch 36 training [time: 23.71s, train loss: -0.9203]
24 Oct 18:11    INFO  epoch 36 evaluating [time: 14.81s, valid_score: 0.062500]
24 Oct 18:11    INFO  valid result: 
recall@10 : 0.0622    recall@20 : 0.1002    recall@50 : 0.1802    ndcg@10 : 0.0498    ndcg@20 : 0.0625    ndcg@50 : 0.0857    
24 Oct 18:11    INFO  epoch 37 training [time: 23.71s, train loss: -0.9206]
24 Oct 18:12    INFO  epoch 37 evaluating [time: 15.28s, valid_score: 0.062800]
24 Oct 18:12    INFO  valid result: 
recall@10 : 0.0622    recall@20 : 0.1008    recall@50 : 0.1796    ndcg@10 : 0.0498    ndcg@20 : 0.0628    ndcg@50 : 0.0857    
24 Oct 18:12    INFO  Saving current best: saved/DirectAU-Oct-24-2023_17-47-21.pth
24 Oct 18:12    INFO  epoch 38 training [time: 23.83s, train loss: -0.9208]
24 Oct 18:12    INFO  epoch 38 evaluating [time: 17.12s, valid_score: 0.063000]
24 Oct 18:12    INFO  valid result: 
recall@10 : 0.062    recall@20 : 0.1006    recall@50 : 0.1799    ndcg@10 : 0.05    ndcg@20 : 0.063    ndcg@50 : 0.0859    
24 Oct 18:12    INFO  Saving current best: saved/DirectAU-Oct-24-2023_17-47-21.pth
24 Oct 18:13    INFO  epoch 39 training [time: 23.81s, train loss: -0.9210]
24 Oct 18:13    INFO  epoch 39 evaluating [time: 15.28s, valid_score: 0.062900]
24 Oct 18:13    INFO  valid result: 
recall@10 : 0.0622    recall@20 : 0.1006    recall@50 : 0.18    ndcg@10 : 0.0499    ndcg@20 : 0.0629    ndcg@50 : 0.0859    
24 Oct 18:13    INFO  epoch 40 training [time: 23.68s, train loss: -0.9211]
24 Oct 18:14    INFO  epoch 40 evaluating [time: 14.99s, valid_score: 0.063000]
24 Oct 18:14    INFO  valid result: 
recall@10 : 0.0624    recall@20 : 0.1007    recall@50 : 0.1802    ndcg@10 : 0.0501    ndcg@20 : 0.063    ndcg@50 : 0.086    
24 Oct 18:14    INFO  epoch 41 training [time: 23.72s, train loss: -0.9212]
24 Oct 18:14    INFO  epoch 41 evaluating [time: 15.38s, valid_score: 0.062900]
24 Oct 18:14    INFO  valid result: 
recall@10 : 0.0626    recall@20 : 0.1006    recall@50 : 0.1789    ndcg@10 : 0.0502    ndcg@20 : 0.0629    ndcg@50 : 0.0857    
24 Oct 18:15    INFO  epoch 42 training [time: 23.71s, train loss: -0.9213]
24 Oct 18:15    INFO  epoch 42 evaluating [time: 15.35s, valid_score: 0.062800]
24 Oct 18:15    INFO  valid result: 
recall@10 : 0.0627    recall@20 : 0.1003    recall@50 : 0.1806    ndcg@10 : 0.0501    ndcg@20 : 0.0628    ndcg@50 : 0.086    
24 Oct 18:15    INFO  epoch 43 training [time: 23.72s, train loss: -0.9214]
24 Oct 18:16    INFO  epoch 43 evaluating [time: 14.96s, valid_score: 0.062800]
24 Oct 18:16    INFO  valid result: 
recall@10 : 0.0627    recall@20 : 0.1004    recall@50 : 0.1803    ndcg@10 : 0.0501    ndcg@20 : 0.0628    ndcg@50 : 0.086    
24 Oct 18:16    INFO  epoch 44 training [time: 23.68s, train loss: -0.9216]
24 Oct 18:16    INFO  epoch 44 evaluating [time: 15.14s, valid_score: 0.062900]
24 Oct 18:16    INFO  valid result: 
recall@10 : 0.063    recall@20 : 0.1005    recall@50 : 0.1808    ndcg@10 : 0.0502    ndcg@20 : 0.0629    ndcg@50 : 0.0861    
24 Oct 18:17    INFO  epoch 45 training [time: 23.72s, train loss: -0.9216]
24 Oct 18:17    INFO  epoch 45 evaluating [time: 15.13s, valid_score: 0.062900]
24 Oct 18:17    INFO  valid result: 
recall@10 : 0.0632    recall@20 : 0.1006    recall@50 : 0.1805    ndcg@10 : 0.0502    ndcg@20 : 0.0629    ndcg@50 : 0.086    
24 Oct 18:17    INFO  epoch 46 training [time: 23.72s, train loss: -0.9217]
24 Oct 18:17    INFO  epoch 46 evaluating [time: 15.40s, valid_score: 0.063000]
24 Oct 18:17    INFO  valid result: 
recall@10 : 0.0629    recall@20 : 0.1007    recall@50 : 0.1807    ndcg@10 : 0.0503    ndcg@20 : 0.063    ndcg@50 : 0.0862    
24 Oct 18:18    INFO  epoch 47 training [time: 23.71s, train loss: -0.9218]
24 Oct 18:18    INFO  epoch 47 evaluating [time: 15.04s, valid_score: 0.063300]
24 Oct 18:18    INFO  valid result: 
recall@10 : 0.0632    recall@20 : 0.101    recall@50 : 0.1809    ndcg@10 : 0.0505    ndcg@20 : 0.0633    ndcg@50 : 0.0864    
24 Oct 18:18    INFO  Saving current best: saved/DirectAU-Oct-24-2023_17-47-21.pth
24 Oct 18:19    INFO  epoch 48 training [time: 23.70s, train loss: -0.9218]
24 Oct 18:19    INFO  epoch 48 evaluating [time: 15.20s, valid_score: 0.063000]
24 Oct 18:19    INFO  valid result: 
recall@10 : 0.0631    recall@20 : 0.1009    recall@50 : 0.1805    ndcg@10 : 0.0502    ndcg@20 : 0.063    ndcg@50 : 0.0861    
24 Oct 18:19    INFO  epoch 49 training [time: 23.72s, train loss: -0.9219]
24 Oct 18:19    INFO  epoch 49 evaluating [time: 14.98s, valid_score: 0.063000]
24 Oct 18:19    INFO  valid result: 
recall@10 : 0.0629    recall@20 : 0.1011    recall@50 : 0.18    ndcg@10 : 0.0501    ndcg@20 : 0.063    ndcg@50 : 0.0859    
24 Oct 18:20    INFO  epoch 50 training [time: 23.69s, train loss: -0.9220]
24 Oct 18:20    INFO  epoch 50 evaluating [time: 15.16s, valid_score: 0.063100]
24 Oct 18:20    INFO  valid result: 
recall@10 : 0.0627    recall@20 : 0.1006    recall@50 : 0.1808    ndcg@10 : 0.0503    ndcg@20 : 0.0631    ndcg@50 : 0.0863    
24 Oct 18:20    INFO  epoch 51 training [time: 23.69s, train loss: -0.9219]
24 Oct 18:21    INFO  epoch 51 evaluating [time: 15.04s, valid_score: 0.063400]
24 Oct 18:21    INFO  valid result: 
recall@10 : 0.063    recall@20 : 0.1014    recall@50 : 0.1806    ndcg@10 : 0.0505    ndcg@20 : 0.0634    ndcg@50 : 0.0864    
24 Oct 18:21    INFO  Saving current best: saved/DirectAU-Oct-24-2023_17-47-21.pth
24 Oct 18:21    INFO  epoch 52 training [time: 23.68s, train loss: -0.9220]
24 Oct 18:21    INFO  epoch 52 evaluating [time: 15.37s, valid_score: 0.063000]
24 Oct 18:21    INFO  valid result: 
recall@10 : 0.0629    recall@20 : 0.1005    recall@50 : 0.1809    ndcg@10 : 0.0503    ndcg@20 : 0.063    ndcg@50 : 0.0862    
24 Oct 18:22    INFO  epoch 53 training [time: 23.66s, train loss: -0.9221]
24 Oct 18:22    INFO  epoch 53 evaluating [time: 15.05s, valid_score: 0.063200]
24 Oct 18:22    INFO  valid result: 
recall@10 : 0.0631    recall@20 : 0.101    recall@50 : 0.1801    ndcg@10 : 0.0505    ndcg@20 : 0.0632    ndcg@50 : 0.0862    
24 Oct 18:22    INFO  epoch 54 training [time: 23.72s, train loss: -0.9221]
24 Oct 18:23    INFO  epoch 54 evaluating [time: 17.33s, valid_score: 0.062900]
24 Oct 18:23    INFO  valid result: 
recall@10 : 0.0626    recall@20 : 0.1005    recall@50 : 0.1803    ndcg@10 : 0.0501    ndcg@20 : 0.0629    ndcg@50 : 0.0861    
24 Oct 18:23    INFO  epoch 55 training [time: 23.83s, train loss: -0.9221]
24 Oct 18:23    INFO  epoch 55 evaluating [time: 15.30s, valid_score: 0.063100]
24 Oct 18:23    INFO  valid result: 
recall@10 : 0.0632    recall@20 : 0.1009    recall@50 : 0.181    ndcg@10 : 0.0503    ndcg@20 : 0.0631    ndcg@50 : 0.0863    
24 Oct 18:24    INFO  epoch 56 training [time: 23.69s, train loss: -0.9222]
24 Oct 18:24    INFO  epoch 56 evaluating [time: 15.02s, valid_score: 0.063000]
24 Oct 18:24    INFO  valid result: 
recall@10 : 0.063    recall@20 : 0.1006    recall@50 : 0.1808    ndcg@10 : 0.0502    ndcg@20 : 0.063    ndcg@50 : 0.0862    
24 Oct 18:24    INFO  epoch 57 training [time: 23.71s, train loss: -0.9222]
24 Oct 18:25    INFO  epoch 57 evaluating [time: 15.27s, valid_score: 0.063200]
24 Oct 18:25    INFO  valid result: 
recall@10 : 0.0625    recall@20 : 0.101    recall@50 : 0.1806    ndcg@10 : 0.0502    ndcg@20 : 0.0632    ndcg@50 : 0.0862    
24 Oct 18:25    INFO  epoch 58 training [time: 23.69s, train loss: -0.9222]
24 Oct 18:25    INFO  epoch 58 evaluating [time: 15.10s, valid_score: 0.063200]
24 Oct 18:25    INFO  valid result: 
recall@10 : 0.0625    recall@20 : 0.1011    recall@50 : 0.181    ndcg@10 : 0.0502    ndcg@20 : 0.0632    ndcg@50 : 0.0864    
24 Oct 18:26    INFO  epoch 59 training [time: 23.67s, train loss: -0.9224]
24 Oct 18:26    INFO  epoch 59 evaluating [time: 15.34s, valid_score: 0.063000]
24 Oct 18:26    INFO  valid result: 
recall@10 : 0.0631    recall@20 : 0.1006    recall@50 : 0.1813    ndcg@10 : 0.0503    ndcg@20 : 0.063    ndcg@50 : 0.0863    
24 Oct 18:26    INFO  epoch 60 training [time: 23.72s, train loss: -0.9223]
24 Oct 18:27    INFO  epoch 60 evaluating [time: 15.08s, valid_score: 0.063200]
24 Oct 18:27    INFO  valid result: 
recall@10 : 0.0627    recall@20 : 0.1006    recall@50 : 0.1809    ndcg@10 : 0.0504    ndcg@20 : 0.0632    ndcg@50 : 0.0864    
24 Oct 18:27    INFO  epoch 61 training [time: 23.77s, train loss: -0.9223]
24 Oct 18:27    INFO  epoch 61 evaluating [time: 17.27s, valid_score: 0.062900]
24 Oct 18:27    INFO  valid result: 
recall@10 : 0.0627    recall@20 : 0.1004    recall@50 : 0.1814    ndcg@10 : 0.0502    ndcg@20 : 0.0629    ndcg@50 : 0.0863    
24 Oct 18:28    INFO  epoch 62 training [time: 23.77s, train loss: -0.9224]
24 Oct 18:28    INFO  epoch 62 evaluating [time: 14.89s, valid_score: 0.063200]
24 Oct 18:28    INFO  valid result: 
recall@10 : 0.0622    recall@20 : 0.1009    recall@50 : 0.1809    ndcg@10 : 0.0501    ndcg@20 : 0.0632    ndcg@50 : 0.0864    
24 Oct 18:28    INFO  Finished training, best eval result in epoch 51
24 Oct 18:28    INFO  Loading model structure and parameters from saved/DirectAU-Oct-24-2023_17-47-21.pth
24 Oct 18:28    INFO  best valid : {'recall@10': 0.063, 'recall@20': 0.1014, 'recall@50': 0.1806, 'ndcg@10': 0.0505, 'ndcg@20': 0.0634, 'ndcg@50': 0.0864}
24 Oct 18:28    INFO  test result: {'recall@10': 0.0639, 'recall@20': 0.1019, 'recall@50': 0.1806, 'ndcg@10': 0.0511, 'ndcg@20': 0.0637, 'ndcg@50': 0.0864}
