command line args [--zc 1] will not be used in RecBole
24 Oct 21:13    INFO  
General Hyper Parameters:
gpu_id = 4
use_gpu = True
seed = 0
state = INFO
reproducibility = True
data_path = dataset/Yelp
show_progress = False

Training Hyper Parameters:
checkpoint_dir = saved
epochs = 500
train_batch_size = 1024
learner = adam
learning_rate = 0.001
training_neg_sample_num = 0
training_neg_sample_distribution = uniform
eval_step = 1
stopping_step = 10
clip_grad_norm = None
weight_decay = 1e-06
draw_loss_pic = False
loss_decimal_place = 4

Evaluation Hyper Parameters:
eval_setting = RO_RS,full
group_by_user = True
split_ratio = [0.8, 0.1, 0.1]
leave_one_num = 2
real_time_process = False
metrics = ['Recall', 'NDCG']
topk = [10, 20, 50]
valid_metric = NDCG@20
eval_batch_size = 4096
metric_decimal_place = 4

Dataset Hyper Parameters:
field_separator = 	
seq_separator =  
USER_ID_FIELD = user_id
ITEM_ID_FIELD = item_id
RATING_FIELD = rating
TIME_FIELD = timestamp
seq_len = None
LABEL_FIELD = label
threshold = None
NEG_PREFIX = neg_
load_col = {'inter': ['user_id', 'item_id', 'timestamp']}
unload_col = None
unused_col = None
additional_feat_suffix = None
lowest_val = None
highest_val = None
equal_val = None
not_equal_val = None
max_user_inter_num = None
min_user_inter_num = 5
max_item_inter_num = None
min_item_inter_num = 5
fields_in_same_space = None
preload_weight = None
normalize_field = None
normalize_all = None
ITEM_LIST_LENGTH_FIELD = item_length
LIST_SUFFIX = _list
MAX_ITEM_LIST_LENGTH = 50
POSITION_FIELD = position_id
HEAD_ENTITY_ID_FIELD = head_id
TAIL_ENTITY_ID_FIELD = tail_id
RELATION_ID_FIELD = relation_id
ENTITY_ID_FIELD = entity_id

Other Hyper Parameters: 
valid_metric_bigger = True
BT = 0.1
bt = 0.001
embedding_size = 64
encoder = MF
gamma = 0.5
times = 1
witem = 0.1
wuser = 0.8
zc = 1.0
rm_dup_inter = None
filter_inter_by_user_or_item = True
SOURCE_ID_FIELD = source_id
TARGET_ID_FIELD = target_id
benchmark_filename = None
MODEL_TYPE = ModelType.GENERAL
MODEL_INPUT_TYPE = InputType.POINTWISE
eval_type = EvaluatorType.RANKING
device = cuda
train_neg_sample_args = {'strategy': 'none'}


24 Oct 21:13    INFO  Yelp
The number of users: 31669
Average actions of users: 49.305481874447395
The number of items: 38049
Average actions of items: 41.037794365012616
The number of inters: 1561406
The sparsity of the dataset: 99.87041991912021%
Remain Fields: ['user_id', 'item_id']
24 Oct 21:14    INFO  Build [GeneralDataLoader] for [train] with format [InputType.POINTWISE]
24 Oct 21:14    INFO  [train] No Negative Sampling
24 Oct 21:14    INFO  [train] batch_size = [1024], shuffle = [True]

24 Oct 21:14    INFO  Build [GeneralFullDataLoader] for [evaluation] with format [InputType.POINTWISE]
24 Oct 21:14    INFO  Evaluation Setting:
	Group by user_id
	Ordering: {'strategy': 'shuffle'}
	Splitting: {'strategy': 'by_ratio', 'ratios': [0.8, 0.1, 0.1]}
	Negative Sampling: {'strategy': 'full', 'distribution': 'uniform'}
24 Oct 21:14    INFO  [evaluation] batch_size = [4096], shuffle = [False]

24 Oct 21:14    WARNING  Batch size is changed to 38049.
24 Oct 21:14    WARNING  Batch size is changed to 38049.
{'BT': 0.1, 'bt': 0.001, 'embedding_size': 64, 'encoder': 'MF', 'gamma': None, 'times': 1, 'training_neg_sample_num': 0, 'witem': 0.1, 'wuser': 0.8, 'zc': 1.0}
this is encoder MF...
这是directau 的 WUBT 版本...
24 Oct 21:14    INFO  DirectAU(
  (encoder): MFEncoder(
    (user_embedding): Embedding(31669, 64)
    (item_embedding): Embedding(38049, 64)
  )
  (bn): BatchNorm1d(64, eps=1e-05, momentum=0.1, affine=False, track_running_stats=True)
  (projector): Sequential(
    (0): Linear(in_features=64, out_features=64, bias=False)
    (1): BatchNorm1d(64, eps=1e-05, momentum=0.1, affine=True, track_running_stats=True)
    (2): ReLU(inplace=True)
    (3): Linear(in_features=64, out_features=64, bias=False)
    (4): BatchNorm1d(64, eps=1e-05, momentum=0.1, affine=True, track_running_stats=True)
    (5): ReLU(inplace=True)
    (6): Linear(in_features=64, out_features=64, bias=False)
  )
)
Trainable parameters: 4474496
24 Oct 21:14    INFO  epoch 0 training [time: 23.83s, train loss: 0.0274]
24 Oct 21:14    INFO  epoch 0 evaluating [time: 15.85s, valid_score: 0.023400]
24 Oct 21:14    INFO  valid result: 
recall@10 : 0.0219    recall@20 : 0.0387    recall@50 : 0.077    ndcg@10 : 0.0176    ndcg@20 : 0.0234    ndcg@50 : 0.0349    
24 Oct 21:14    INFO  Saving current best: saved/DirectAU-Oct-24-2023_21-14-08.pth
24 Oct 21:15    INFO  epoch 1 training [time: 23.85s, train loss: -0.3566]
24 Oct 21:15    INFO  epoch 1 evaluating [time: 15.31s, valid_score: 0.033300]
24 Oct 21:15    INFO  valid result: 
recall@10 : 0.0323    recall@20 : 0.0551    recall@50 : 0.1064    ndcg@10 : 0.0254    ndcg@20 : 0.0333    ndcg@50 : 0.0484    
24 Oct 21:15    INFO  Saving current best: saved/DirectAU-Oct-24-2023_21-14-08.pth
24 Oct 21:15    INFO  epoch 2 training [time: 23.96s, train loss: -0.4394]
24 Oct 21:16    INFO  epoch 2 evaluating [time: 16.79s, valid_score: 0.038000]
24 Oct 21:16    INFO  valid result: 
recall@10 : 0.0367    recall@20 : 0.0629    recall@50 : 0.1187    ndcg@10 : 0.0291    ndcg@20 : 0.038    ndcg@50 : 0.0545    
24 Oct 21:16    INFO  Saving current best: saved/DirectAU-Oct-24-2023_21-14-08.pth
24 Oct 21:16    INFO  epoch 3 training [time: 23.89s, train loss: -0.4807]
24 Oct 21:16    INFO  epoch 3 evaluating [time: 15.40s, valid_score: 0.040800]
24 Oct 21:16    INFO  valid result: 
recall@10 : 0.0405    recall@20 : 0.068    recall@50 : 0.1272    ndcg@10 : 0.0314    ndcg@20 : 0.0408    ndcg@50 : 0.0582    
24 Oct 21:16    INFO  Saving current best: saved/DirectAU-Oct-24-2023_21-14-08.pth
24 Oct 21:17    INFO  epoch 4 training [time: 23.89s, train loss: -0.5082]
24 Oct 21:17    INFO  epoch 4 evaluating [time: 15.33s, valid_score: 0.043100]
24 Oct 21:17    INFO  valid result: 
recall@10 : 0.0428    recall@20 : 0.0713    recall@50 : 0.1322    ndcg@10 : 0.0334    ndcg@20 : 0.0431    ndcg@50 : 0.0608    
24 Oct 21:17    INFO  Saving current best: saved/DirectAU-Oct-24-2023_21-14-08.pth
24 Oct 21:17    INFO  epoch 5 training [time: 23.86s, train loss: -0.5289]
24 Oct 21:18    INFO  epoch 5 evaluating [time: 15.41s, valid_score: 0.045100]
24 Oct 21:18    INFO  valid result: 
recall@10 : 0.0454    recall@20 : 0.0742    recall@50 : 0.1363    ndcg@10 : 0.0353    ndcg@20 : 0.0451    ndcg@50 : 0.0632    
24 Oct 21:18    INFO  Saving current best: saved/DirectAU-Oct-24-2023_21-14-08.pth
24 Oct 21:18    INFO  epoch 6 training [time: 23.82s, train loss: -0.5453]
24 Oct 21:18    INFO  epoch 6 evaluating [time: 15.11s, valid_score: 0.047000]
24 Oct 21:18    INFO  valid result: 
recall@10 : 0.0465    recall@20 : 0.0771    recall@50 : 0.1413    ndcg@10 : 0.0366    ndcg@20 : 0.047    ndcg@50 : 0.0657    
24 Oct 21:18    INFO  Saving current best: saved/DirectAU-Oct-24-2023_21-14-08.pth
24 Oct 21:19    INFO  epoch 7 training [time: 23.91s, train loss: -0.5595]
24 Oct 21:19    INFO  epoch 7 evaluating [time: 15.31s, valid_score: 0.048600]
24 Oct 21:19    INFO  valid result: 
recall@10 : 0.0486    recall@20 : 0.0796    recall@50 : 0.1454    ndcg@10 : 0.0381    ndcg@20 : 0.0486    ndcg@50 : 0.0678    
24 Oct 21:19    INFO  Saving current best: saved/DirectAU-Oct-24-2023_21-14-08.pth
24 Oct 21:19    INFO  epoch 8 training [time: 23.86s, train loss: -0.5714]
24 Oct 21:20    INFO  epoch 8 evaluating [time: 15.06s, valid_score: 0.049900]
24 Oct 21:20    INFO  valid result: 
recall@10 : 0.0496    recall@20 : 0.0819    recall@50 : 0.1489    ndcg@10 : 0.0388    ndcg@20 : 0.0499    ndcg@50 : 0.0693    
24 Oct 21:20    INFO  Saving current best: saved/DirectAU-Oct-24-2023_21-14-08.pth
24 Oct 21:20    INFO  epoch 9 training [time: 23.86s, train loss: -0.5817]
24 Oct 21:20    INFO  epoch 9 evaluating [time: 15.57s, valid_score: 0.051400]
24 Oct 21:20    INFO  valid result: 
recall@10 : 0.0512    recall@20 : 0.084    recall@50 : 0.153    ndcg@10 : 0.0402    ndcg@20 : 0.0514    ndcg@50 : 0.0714    
24 Oct 21:20    INFO  Saving current best: saved/DirectAU-Oct-24-2023_21-14-08.pth
24 Oct 21:21    INFO  epoch 10 training [time: 23.87s, train loss: -0.5907]
24 Oct 21:21    INFO  epoch 10 evaluating [time: 15.17s, valid_score: 0.052800]
24 Oct 21:21    INFO  valid result: 
recall@10 : 0.0526    recall@20 : 0.0861    recall@50 : 0.1563    ndcg@10 : 0.0415    ndcg@20 : 0.0528    ndcg@50 : 0.0732    
24 Oct 21:21    INFO  Saving current best: saved/DirectAU-Oct-24-2023_21-14-08.pth
24 Oct 21:21    INFO  epoch 11 training [time: 23.86s, train loss: -0.5981]
24 Oct 21:22    INFO  epoch 11 evaluating [time: 17.59s, valid_score: 0.053800]
24 Oct 21:22    INFO  valid result: 
recall@10 : 0.0536    recall@20 : 0.088    recall@50 : 0.1598    ndcg@10 : 0.0422    ndcg@20 : 0.0538    ndcg@50 : 0.0747    
24 Oct 21:22    INFO  Saving current best: saved/DirectAU-Oct-24-2023_21-14-08.pth
24 Oct 21:22    INFO  epoch 12 training [time: 23.94s, train loss: -0.6048]
24 Oct 21:22    INFO  epoch 12 evaluating [time: 15.33s, valid_score: 0.055000]
24 Oct 21:22    INFO  valid result: 
recall@10 : 0.0557    recall@20 : 0.0894    recall@50 : 0.1632    ndcg@10 : 0.0436    ndcg@20 : 0.055    ndcg@50 : 0.0764    
24 Oct 21:22    INFO  Saving current best: saved/DirectAU-Oct-24-2023_21-14-08.pth
24 Oct 21:23    INFO  epoch 13 training [time: 23.76s, train loss: -0.6105]
24 Oct 21:23    INFO  epoch 13 evaluating [time: 15.18s, valid_score: 0.055800]
24 Oct 21:23    INFO  valid result: 
recall@10 : 0.0558    recall@20 : 0.0909    recall@50 : 0.1647    ndcg@10 : 0.044    ndcg@20 : 0.0558    ndcg@50 : 0.0772    
24 Oct 21:23    INFO  Saving current best: saved/DirectAU-Oct-24-2023_21-14-08.pth
24 Oct 21:23    INFO  epoch 14 training [time: 24.01s, train loss: -0.6154]
24 Oct 21:24    INFO  epoch 14 evaluating [time: 15.06s, valid_score: 0.057400]
24 Oct 21:24    INFO  valid result: 
recall@10 : 0.057    recall@20 : 0.0933    recall@50 : 0.1669    ndcg@10 : 0.045    ndcg@20 : 0.0574    ndcg@50 : 0.0788    
24 Oct 21:24    INFO  Saving current best: saved/DirectAU-Oct-24-2023_21-14-08.pth
24 Oct 21:24    INFO  epoch 15 training [time: 23.80s, train loss: -0.6198]
24 Oct 21:24    INFO  epoch 15 evaluating [time: 15.05s, valid_score: 0.058200]
24 Oct 21:24    INFO  valid result: 
recall@10 : 0.0578    recall@20 : 0.0949    recall@50 : 0.1702    ndcg@10 : 0.0457    ndcg@20 : 0.0582    ndcg@50 : 0.0801    
24 Oct 21:24    INFO  Saving current best: saved/DirectAU-Oct-24-2023_21-14-08.pth
24 Oct 21:25    INFO  epoch 16 training [time: 23.71s, train loss: -0.6235]
24 Oct 21:25    INFO  epoch 16 evaluating [time: 15.09s, valid_score: 0.059000]
24 Oct 21:25    INFO  valid result: 
recall@10 : 0.059    recall@20 : 0.0963    recall@50 : 0.1715    ndcg@10 : 0.0464    ndcg@20 : 0.059    ndcg@50 : 0.0809    
24 Oct 21:25    INFO  Saving current best: saved/DirectAU-Oct-24-2023_21-14-08.pth
24 Oct 21:25    INFO  epoch 17 training [time: 23.77s, train loss: -0.6270]
24 Oct 21:25    INFO  epoch 17 evaluating [time: 14.96s, valid_score: 0.059100]
24 Oct 21:25    INFO  valid result: 
recall@10 : 0.0587    recall@20 : 0.0965    recall@50 : 0.1723    ndcg@10 : 0.0463    ndcg@20 : 0.0591    ndcg@50 : 0.0811    
24 Oct 21:25    INFO  Saving current best: saved/DirectAU-Oct-24-2023_21-14-08.pth
24 Oct 21:26    INFO  epoch 18 training [time: 23.82s, train loss: -0.6299]
24 Oct 21:26    INFO  epoch 18 evaluating [time: 15.59s, valid_score: 0.059900]
24 Oct 21:26    INFO  valid result: 
recall@10 : 0.0596    recall@20 : 0.0974    recall@50 : 0.1735    ndcg@10 : 0.0471    ndcg@20 : 0.0599    ndcg@50 : 0.082    
24 Oct 21:26    INFO  Saving current best: saved/DirectAU-Oct-24-2023_21-14-08.pth
24 Oct 21:27    INFO  epoch 19 training [time: 23.83s, train loss: -0.6325]
24 Oct 21:27    INFO  epoch 19 evaluating [time: 15.10s, valid_score: 0.060600]
24 Oct 21:27    INFO  valid result: 
recall@10 : 0.06    recall@20 : 0.0984    recall@50 : 0.1755    ndcg@10 : 0.0476    ndcg@20 : 0.0606    ndcg@50 : 0.083    
24 Oct 21:27    INFO  Saving current best: saved/DirectAU-Oct-24-2023_21-14-08.pth
24 Oct 21:27    INFO  epoch 20 training [time: 23.84s, train loss: -0.6347]
24 Oct 21:27    INFO  epoch 20 evaluating [time: 15.25s, valid_score: 0.060900]
24 Oct 21:27    INFO  valid result: 
recall@10 : 0.0602    recall@20 : 0.099    recall@50 : 0.1758    ndcg@10 : 0.0478    ndcg@20 : 0.0609    ndcg@50 : 0.0832    
24 Oct 21:27    INFO  Saving current best: saved/DirectAU-Oct-24-2023_21-14-08.pth
24 Oct 21:28    INFO  epoch 21 training [time: 23.76s, train loss: -0.6366]
24 Oct 21:28    INFO  epoch 21 evaluating [time: 15.07s, valid_score: 0.061400]
24 Oct 21:28    INFO  valid result: 
recall@10 : 0.0607    recall@20 : 0.0994    recall@50 : 0.1776    ndcg@10 : 0.0483    ndcg@20 : 0.0614    ndcg@50 : 0.0841    
24 Oct 21:28    INFO  Saving current best: saved/DirectAU-Oct-24-2023_21-14-08.pth
24 Oct 21:29    INFO  epoch 22 training [time: 23.93s, train loss: -0.6382]
24 Oct 21:29    INFO  epoch 22 evaluating [time: 15.37s, valid_score: 0.061800]
24 Oct 21:29    INFO  valid result: 
recall@10 : 0.0611    recall@20 : 0.1002    recall@50 : 0.1781    ndcg@10 : 0.0486    ndcg@20 : 0.0618    ndcg@50 : 0.0844    
24 Oct 21:29    INFO  Saving current best: saved/DirectAU-Oct-24-2023_21-14-08.pth
24 Oct 21:29    INFO  epoch 23 training [time: 23.90s, train loss: -0.6398]
24 Oct 21:29    INFO  epoch 23 evaluating [time: 15.34s, valid_score: 0.062200]
24 Oct 21:29    INFO  valid result: 
recall@10 : 0.0616    recall@20 : 0.101    recall@50 : 0.1793    ndcg@10 : 0.0489    ndcg@20 : 0.0622    ndcg@50 : 0.0849    
24 Oct 21:29    INFO  Saving current best: saved/DirectAU-Oct-24-2023_21-14-08.pth
24 Oct 21:30    INFO  epoch 24 training [time: 23.85s, train loss: -0.6411]
24 Oct 21:30    INFO  epoch 24 evaluating [time: 15.40s, valid_score: 0.062700]
24 Oct 21:30    INFO  valid result: 
recall@10 : 0.0619    recall@20 : 0.1014    recall@50 : 0.1798    ndcg@10 : 0.0493    ndcg@20 : 0.0627    ndcg@50 : 0.0854    
24 Oct 21:30    INFO  Saving current best: saved/DirectAU-Oct-24-2023_21-14-08.pth
24 Oct 21:30    INFO  epoch 25 training [time: 24.00s, train loss: -0.6422]
24 Oct 21:31    INFO  epoch 25 evaluating [time: 16.88s, valid_score: 0.062600]
24 Oct 21:31    INFO  valid result: 
recall@10 : 0.0623    recall@20 : 0.1016    recall@50 : 0.1812    ndcg@10 : 0.0494    ndcg@20 : 0.0626    ndcg@50 : 0.0858    
24 Oct 21:31    INFO  epoch 26 training [time: 23.88s, train loss: -0.6432]
24 Oct 21:31    INFO  epoch 26 evaluating [time: 15.36s, valid_score: 0.063000]
24 Oct 21:31    INFO  valid result: 
recall@10 : 0.0622    recall@20 : 0.1023    recall@50 : 0.1815    ndcg@10 : 0.0495    ndcg@20 : 0.063    ndcg@50 : 0.086    
24 Oct 21:31    INFO  Saving current best: saved/DirectAU-Oct-24-2023_21-14-08.pth
24 Oct 21:32    INFO  epoch 27 training [time: 23.88s, train loss: -0.6442]
24 Oct 21:32    INFO  epoch 27 evaluating [time: 15.10s, valid_score: 0.063200]
24 Oct 21:32    INFO  valid result: 
recall@10 : 0.0626    recall@20 : 0.1025    recall@50 : 0.1821    ndcg@10 : 0.0498    ndcg@20 : 0.0632    ndcg@50 : 0.0864    
24 Oct 21:32    INFO  Saving current best: saved/DirectAU-Oct-24-2023_21-14-08.pth
24 Oct 21:32    INFO  epoch 28 training [time: 23.83s, train loss: -0.6450]
24 Oct 21:33    INFO  epoch 28 evaluating [time: 15.38s, valid_score: 0.063400]
24 Oct 21:33    INFO  valid result: 
recall@10 : 0.0626    recall@20 : 0.1022    recall@50 : 0.1825    ndcg@10 : 0.05    ndcg@20 : 0.0634    ndcg@50 : 0.0867    
24 Oct 21:33    INFO  Saving current best: saved/DirectAU-Oct-24-2023_21-14-08.pth
24 Oct 21:33    INFO  epoch 29 training [time: 23.86s, train loss: -0.6458]
24 Oct 21:33    INFO  epoch 29 evaluating [time: 15.66s, valid_score: 0.063300]
24 Oct 21:33    INFO  valid result: 
recall@10 : 0.0631    recall@20 : 0.1026    recall@50 : 0.183    ndcg@10 : 0.05    ndcg@20 : 0.0633    ndcg@50 : 0.0867    
24 Oct 21:34    INFO  epoch 30 training [time: 23.88s, train loss: -0.6464]
24 Oct 21:34    INFO  epoch 30 evaluating [time: 15.14s, valid_score: 0.063900]
24 Oct 21:34    INFO  valid result: 
recall@10 : 0.0637    recall@20 : 0.1034    recall@50 : 0.1825    ndcg@10 : 0.0505    ndcg@20 : 0.0639    ndcg@50 : 0.087    
24 Oct 21:34    INFO  Saving current best: saved/DirectAU-Oct-24-2023_21-14-08.pth
24 Oct 21:34    INFO  epoch 31 training [time: 23.87s, train loss: -0.6470]
24 Oct 21:35    INFO  epoch 31 evaluating [time: 15.31s, valid_score: 0.063800]
24 Oct 21:35    INFO  valid result: 
recall@10 : 0.0638    recall@20 : 0.1029    recall@50 : 0.1833    ndcg@10 : 0.0506    ndcg@20 : 0.0638    ndcg@50 : 0.0872    
24 Oct 21:35    INFO  epoch 32 training [time: 23.83s, train loss: -0.6475]
24 Oct 21:35    INFO  epoch 32 evaluating [time: 14.99s, valid_score: 0.064000]
24 Oct 21:35    INFO  valid result: 
recall@10 : 0.0642    recall@20 : 0.1034    recall@50 : 0.1848    ndcg@10 : 0.0508    ndcg@20 : 0.064    ndcg@50 : 0.0876    
24 Oct 21:35    INFO  Saving current best: saved/DirectAU-Oct-24-2023_21-14-08.pth
24 Oct 21:36    INFO  epoch 33 training [time: 23.79s, train loss: -0.6481]
24 Oct 21:36    INFO  epoch 33 evaluating [time: 15.40s, valid_score: 0.064400]
24 Oct 21:36    INFO  valid result: 
recall@10 : 0.0639    recall@20 : 0.1039    recall@50 : 0.1844    ndcg@10 : 0.051    ndcg@20 : 0.0644    ndcg@50 : 0.0878    
24 Oct 21:36    INFO  Saving current best: saved/DirectAU-Oct-24-2023_21-14-08.pth
24 Oct 21:36    INFO  epoch 34 training [time: 23.66s, train loss: -0.6486]
24 Oct 21:37    INFO  epoch 34 evaluating [time: 15.10s, valid_score: 0.064600]
24 Oct 21:37    INFO  valid result: 
recall@10 : 0.064    recall@20 : 0.1039    recall@50 : 0.185    ndcg@10 : 0.0511    ndcg@20 : 0.0646    ndcg@50 : 0.0881    
24 Oct 21:37    INFO  Saving current best: saved/DirectAU-Oct-24-2023_21-14-08.pth
24 Oct 21:37    INFO  epoch 35 training [time: 23.89s, train loss: -0.6490]
24 Oct 21:37    INFO  epoch 35 evaluating [time: 15.30s, valid_score: 0.064800]
24 Oct 21:37    INFO  valid result: 
recall@10 : 0.0645    recall@20 : 0.1044    recall@50 : 0.185    ndcg@10 : 0.0513    ndcg@20 : 0.0648    ndcg@50 : 0.0882    
24 Oct 21:37    INFO  Saving current best: saved/DirectAU-Oct-24-2023_21-14-08.pth
24 Oct 21:38    INFO  epoch 36 training [time: 23.82s, train loss: -0.6495]
24 Oct 21:38    INFO  epoch 36 evaluating [time: 15.07s, valid_score: 0.064700]
24 Oct 21:38    INFO  valid result: 
recall@10 : 0.0644    recall@20 : 0.1045    recall@50 : 0.1856    ndcg@10 : 0.0512    ndcg@20 : 0.0647    ndcg@50 : 0.0883    
24 Oct 21:38    INFO  epoch 37 training [time: 23.87s, train loss: -0.6498]
24 Oct 21:39    INFO  epoch 37 evaluating [time: 17.56s, valid_score: 0.064800]
24 Oct 21:39    INFO  valid result: 
recall@10 : 0.0644    recall@20 : 0.1046    recall@50 : 0.186    ndcg@10 : 0.0512    ndcg@20 : 0.0648    ndcg@50 : 0.0884    
24 Oct 21:39    INFO  epoch 38 training [time: 23.88s, train loss: -0.6501]
24 Oct 21:39    INFO  epoch 38 evaluating [time: 15.13s, valid_score: 0.065100]
24 Oct 21:39    INFO  valid result: 
recall@10 : 0.0638    recall@20 : 0.1048    recall@50 : 0.1862    ndcg@10 : 0.0513    ndcg@20 : 0.0651    ndcg@50 : 0.0887    
24 Oct 21:39    INFO  Saving current best: saved/DirectAU-Oct-24-2023_21-14-08.pth
24 Oct 21:40    INFO  epoch 39 training [time: 23.83s, train loss: -0.6503]
24 Oct 21:40    INFO  epoch 39 evaluating [time: 15.27s, valid_score: 0.065200]
24 Oct 21:40    INFO  valid result: 
recall@10 : 0.0645    recall@20 : 0.1043    recall@50 : 0.1869    ndcg@10 : 0.0517    ndcg@20 : 0.0652    ndcg@50 : 0.0891    
24 Oct 21:40    INFO  Saving current best: saved/DirectAU-Oct-24-2023_21-14-08.pth
24 Oct 21:40    INFO  epoch 40 training [time: 23.83s, train loss: -0.6505]
24 Oct 21:41    INFO  epoch 40 evaluating [time: 15.11s, valid_score: 0.065400]
24 Oct 21:41    INFO  valid result: 
recall@10 : 0.065    recall@20 : 0.1048    recall@50 : 0.1861    ndcg@10 : 0.0519    ndcg@20 : 0.0654    ndcg@50 : 0.089    
24 Oct 21:41    INFO  Saving current best: saved/DirectAU-Oct-24-2023_21-14-08.pth
24 Oct 21:41    INFO  epoch 41 training [time: 23.87s, train loss: -0.6506]
24 Oct 21:41    INFO  epoch 41 evaluating [time: 15.49s, valid_score: 0.065300]
24 Oct 21:41    INFO  valid result: 
recall@10 : 0.0644    recall@20 : 0.105    recall@50 : 0.187    ndcg@10 : 0.0516    ndcg@20 : 0.0653    ndcg@50 : 0.0891    
24 Oct 21:42    INFO  epoch 42 training [time: 23.87s, train loss: -0.6508]
24 Oct 21:42    INFO  epoch 42 evaluating [time: 15.52s, valid_score: 0.065400]
24 Oct 21:42    INFO  valid result: 
recall@10 : 0.0651    recall@20 : 0.1052    recall@50 : 0.187    ndcg@10 : 0.0519    ndcg@20 : 0.0654    ndcg@50 : 0.0891    
24 Oct 21:42    INFO  epoch 43 training [time: 23.87s, train loss: -0.6509]
24 Oct 21:43    INFO  epoch 43 evaluating [time: 15.15s, valid_score: 0.065500]
24 Oct 21:43    INFO  valid result: 
recall@10 : 0.0653    recall@20 : 0.1047    recall@50 : 0.1871    ndcg@10 : 0.0522    ndcg@20 : 0.0655    ndcg@50 : 0.0894    
24 Oct 21:43    INFO  Saving current best: saved/DirectAU-Oct-24-2023_21-14-08.pth
24 Oct 21:43    INFO  epoch 44 training [time: 23.86s, train loss: -0.6511]
24 Oct 21:43    INFO  epoch 44 evaluating [time: 15.21s, valid_score: 0.065500]
24 Oct 21:43    INFO  valid result: 
recall@10 : 0.0647    recall@20 : 0.1052    recall@50 : 0.1873    ndcg@10 : 0.0518    ndcg@20 : 0.0655    ndcg@50 : 0.0893    
24 Oct 21:44    INFO  epoch 45 training [time: 23.84s, train loss: -0.6512]
24 Oct 21:44    INFO  epoch 45 evaluating [time: 17.62s, valid_score: 0.065700]
24 Oct 21:44    INFO  valid result: 
recall@10 : 0.0649    recall@20 : 0.1059    recall@50 : 0.1876    ndcg@10 : 0.0519    ndcg@20 : 0.0657    ndcg@50 : 0.0894    
24 Oct 21:44    INFO  Saving current best: saved/DirectAU-Oct-24-2023_21-14-08.pth
24 Oct 21:44    INFO  epoch 46 training [time: 23.79s, train loss: -0.6513]
24 Oct 21:45    INFO  epoch 46 evaluating [time: 15.52s, valid_score: 0.065900]
24 Oct 21:45    INFO  valid result: 
recall@10 : 0.0651    recall@20 : 0.1059    recall@50 : 0.1872    ndcg@10 : 0.0522    ndcg@20 : 0.0659    ndcg@50 : 0.0895    
24 Oct 21:45    INFO  Saving current best: saved/DirectAU-Oct-24-2023_21-14-08.pth
24 Oct 21:45    INFO  epoch 47 training [time: 23.93s, train loss: -0.6513]
24 Oct 21:45    INFO  epoch 47 evaluating [time: 15.09s, valid_score: 0.066000]
24 Oct 21:45    INFO  valid result: 
recall@10 : 0.0656    recall@20 : 0.1059    recall@50 : 0.1872    ndcg@10 : 0.0524    ndcg@20 : 0.066    ndcg@50 : 0.0897    
24 Oct 21:45    INFO  Saving current best: saved/DirectAU-Oct-24-2023_21-14-08.pth
24 Oct 21:46    INFO  epoch 48 training [time: 23.85s, train loss: -0.6515]
24 Oct 21:46    INFO  epoch 48 evaluating [time: 16.72s, valid_score: 0.066000]
24 Oct 21:46    INFO  valid result: 
recall@10 : 0.0659    recall@20 : 0.1062    recall@50 : 0.1874    ndcg@10 : 0.0524    ndcg@20 : 0.066    ndcg@50 : 0.0896    
24 Oct 21:46    INFO  epoch 49 training [time: 23.78s, train loss: -0.6515]
24 Oct 21:47    INFO  epoch 49 evaluating [time: 15.21s, valid_score: 0.066300]
24 Oct 21:47    INFO  valid result: 
recall@10 : 0.0655    recall@20 : 0.1064    recall@50 : 0.1877    ndcg@10 : 0.0525    ndcg@20 : 0.0663    ndcg@50 : 0.0899    
24 Oct 21:47    INFO  Saving current best: saved/DirectAU-Oct-24-2023_21-14-08.pth
24 Oct 21:47    INFO  epoch 50 training [time: 23.77s, train loss: -0.6516]
24 Oct 21:47    INFO  epoch 50 evaluating [time: 15.32s, valid_score: 0.066300]
24 Oct 21:47    INFO  valid result: 
recall@10 : 0.0656    recall@20 : 0.1064    recall@50 : 0.1873    ndcg@10 : 0.0526    ndcg@20 : 0.0663    ndcg@50 : 0.0898    
24 Oct 21:48    INFO  epoch 51 training [time: 23.85s, train loss: -0.6515]
24 Oct 21:48    INFO  epoch 51 evaluating [time: 15.03s, valid_score: 0.066100]
24 Oct 21:48    INFO  valid result: 
recall@10 : 0.0658    recall@20 : 0.1062    recall@50 : 0.188    ndcg@10 : 0.0525    ndcg@20 : 0.0661    ndcg@50 : 0.0899    
24 Oct 21:48    INFO  epoch 52 training [time: 23.77s, train loss: -0.6516]
24 Oct 21:48    INFO  epoch 52 evaluating [time: 15.29s, valid_score: 0.066100]
24 Oct 21:48    INFO  valid result: 
recall@10 : 0.0657    recall@20 : 0.106    recall@50 : 0.1881    ndcg@10 : 0.0524    ndcg@20 : 0.0661    ndcg@50 : 0.0899    
24 Oct 21:49    INFO  epoch 53 training [time: 23.75s, train loss: -0.6518]
24 Oct 21:49    INFO  epoch 53 evaluating [time: 14.96s, valid_score: 0.066300]
24 Oct 21:49    INFO  valid result: 
recall@10 : 0.0659    recall@20 : 0.1066    recall@50 : 0.188    ndcg@10 : 0.0525    ndcg@20 : 0.0663    ndcg@50 : 0.0899    
24 Oct 21:50    INFO  epoch 54 training [time: 23.81s, train loss: -0.6518]
24 Oct 21:50    INFO  epoch 54 evaluating [time: 15.42s, valid_score: 0.066300]
24 Oct 21:50    INFO  valid result: 
recall@10 : 0.0654    recall@20 : 0.1071    recall@50 : 0.1885    ndcg@10 : 0.0523    ndcg@20 : 0.0663    ndcg@50 : 0.0899    
24 Oct 21:50    INFO  epoch 55 training [time: 23.86s, train loss: -0.6517]
24 Oct 21:50    INFO  epoch 55 evaluating [time: 15.23s, valid_score: 0.066300]
24 Oct 21:50    INFO  valid result: 
recall@10 : 0.0663    recall@20 : 0.1063    recall@50 : 0.1885    ndcg@10 : 0.0528    ndcg@20 : 0.0663    ndcg@50 : 0.0901    
24 Oct 21:51    INFO  epoch 56 training [time: 23.81s, train loss: -0.6519]
24 Oct 21:51    INFO  epoch 56 evaluating [time: 14.99s, valid_score: 0.066100]
24 Oct 21:51    INFO  valid result: 
recall@10 : 0.0658    recall@20 : 0.1058    recall@50 : 0.1882    ndcg@10 : 0.0526    ndcg@20 : 0.0661    ndcg@50 : 0.09    
24 Oct 21:51    INFO  epoch 57 training [time: 23.78s, train loss: -0.6519]
24 Oct 21:52    INFO  epoch 57 evaluating [time: 15.19s, valid_score: 0.066300]
24 Oct 21:52    INFO  valid result: 
recall@10 : 0.0658    recall@20 : 0.1061    recall@50 : 0.1888    ndcg@10 : 0.0527    ndcg@20 : 0.0663    ndcg@50 : 0.0903    
24 Oct 21:52    INFO  epoch 58 training [time: 23.85s, train loss: -0.6519]
24 Oct 21:52    INFO  epoch 58 evaluating [time: 14.86s, valid_score: 0.066300]
24 Oct 21:52    INFO  valid result: 
recall@10 : 0.0668    recall@20 : 0.1061    recall@50 : 0.1885    ndcg@10 : 0.053    ndcg@20 : 0.0663    ndcg@50 : 0.0902    
24 Oct 21:53    INFO  epoch 59 training [time: 23.72s, train loss: -0.6520]
24 Oct 21:53    INFO  epoch 59 evaluating [time: 15.22s, valid_score: 0.066400]
24 Oct 21:53    INFO  valid result: 
recall@10 : 0.0666    recall@20 : 0.1064    recall@50 : 0.1883    ndcg@10 : 0.053    ndcg@20 : 0.0664    ndcg@50 : 0.0902    
24 Oct 21:53    INFO  Saving current best: saved/DirectAU-Oct-24-2023_21-14-08.pth
24 Oct 21:53    INFO  epoch 60 training [time: 23.89s, train loss: -0.6520]
24 Oct 21:54    INFO  epoch 60 evaluating [time: 15.05s, valid_score: 0.066300]
24 Oct 21:54    INFO  valid result: 
recall@10 : 0.0666    recall@20 : 0.1062    recall@50 : 0.1891    ndcg@10 : 0.053    ndcg@20 : 0.0663    ndcg@50 : 0.0904    
24 Oct 21:54    INFO  epoch 61 training [time: 23.96s, train loss: -0.6520]
24 Oct 21:54    INFO  epoch 61 evaluating [time: 15.20s, valid_score: 0.066500]
24 Oct 21:54    INFO  valid result: 
recall@10 : 0.066    recall@20 : 0.1068    recall@50 : 0.1888    ndcg@10 : 0.0528    ndcg@20 : 0.0665    ndcg@50 : 0.0903    
24 Oct 21:54    INFO  Saving current best: saved/DirectAU-Oct-24-2023_21-14-08.pth
24 Oct 21:55    INFO  epoch 62 training [time: 23.96s, train loss: -0.6521]
24 Oct 21:55    INFO  epoch 62 evaluating [time: 17.41s, valid_score: 0.066700]
24 Oct 21:55    INFO  valid result: 
recall@10 : 0.066    recall@20 : 0.1072    recall@50 : 0.1887    ndcg@10 : 0.0529    ndcg@20 : 0.0667    ndcg@50 : 0.0904    
24 Oct 21:55    INFO  Saving current best: saved/DirectAU-Oct-24-2023_21-14-08.pth
24 Oct 21:55    INFO  epoch 63 training [time: 23.61s, train loss: -0.6520]
24 Oct 21:56    INFO  epoch 63 evaluating [time: 15.37s, valid_score: 0.066600]
24 Oct 21:56    INFO  valid result: 
recall@10 : 0.0663    recall@20 : 0.1068    recall@50 : 0.1884    ndcg@10 : 0.053    ndcg@20 : 0.0666    ndcg@50 : 0.0903    
24 Oct 21:56    INFO  epoch 64 training [time: 23.76s, train loss: -0.6522]
24 Oct 21:56    INFO  epoch 64 evaluating [time: 15.44s, valid_score: 0.066800]
24 Oct 21:56    INFO  valid result: 
recall@10 : 0.0663    recall@20 : 0.1073    recall@50 : 0.1888    ndcg@10 : 0.053    ndcg@20 : 0.0668    ndcg@50 : 0.0905    
24 Oct 21:56    INFO  Saving current best: saved/DirectAU-Oct-24-2023_21-14-08.pth
24 Oct 21:57    INFO  epoch 65 training [time: 23.90s, train loss: -0.6522]
24 Oct 21:57    INFO  epoch 65 evaluating [time: 15.27s, valid_score: 0.066700]
24 Oct 21:57    INFO  valid result: 
recall@10 : 0.0665    recall@20 : 0.1072    recall@50 : 0.1889    ndcg@10 : 0.053    ndcg@20 : 0.0667    ndcg@50 : 0.0904    
24 Oct 21:57    INFO  epoch 66 training [time: 23.81s, train loss: -0.6522]
24 Oct 21:58    INFO  epoch 66 evaluating [time: 15.11s, valid_score: 0.066400]
24 Oct 21:58    INFO  valid result: 
recall@10 : 0.0662    recall@20 : 0.1063    recall@50 : 0.1892    ndcg@10 : 0.0528    ndcg@20 : 0.0664    ndcg@50 : 0.0904    
24 Oct 21:58    INFO  epoch 67 training [time: 23.85s, train loss: -0.6523]
24 Oct 21:58    INFO  epoch 67 evaluating [time: 15.42s, valid_score: 0.066600]
24 Oct 21:58    INFO  valid result: 
recall@10 : 0.0663    recall@20 : 0.1069    recall@50 : 0.1888    ndcg@10 : 0.0529    ndcg@20 : 0.0666    ndcg@50 : 0.0903    
24 Oct 21:59    INFO  epoch 68 training [time: 23.83s, train loss: -0.6522]
24 Oct 21:59    INFO  epoch 68 evaluating [time: 15.25s, valid_score: 0.066500]
24 Oct 21:59    INFO  valid result: 
recall@10 : 0.0665    recall@20 : 0.1064    recall@50 : 0.1892    ndcg@10 : 0.053    ndcg@20 : 0.0665    ndcg@50 : 0.0905    
24 Oct 21:59    INFO  epoch 69 training [time: 23.81s, train loss: -0.6523]
24 Oct 22:00    INFO  epoch 69 evaluating [time: 15.27s, valid_score: 0.066800]
24 Oct 22:00    INFO  valid result: 
recall@10 : 0.0667    recall@20 : 0.1073    recall@50 : 0.1896    ndcg@10 : 0.0531    ndcg@20 : 0.0668    ndcg@50 : 0.0907    
24 Oct 22:00    INFO  epoch 70 training [time: 23.91s, train loss: -0.6523]
24 Oct 22:00    INFO  epoch 70 evaluating [time: 15.32s, valid_score: 0.067100]
24 Oct 22:00    INFO  valid result: 
recall@10 : 0.0667    recall@20 : 0.1077    recall@50 : 0.1898    ndcg@10 : 0.0532    ndcg@20 : 0.0671    ndcg@50 : 0.0908    
24 Oct 22:00    INFO  Saving current best: saved/DirectAU-Oct-24-2023_21-14-08.pth
24 Oct 22:01    INFO  epoch 71 training [time: 23.87s, train loss: -0.6524]
24 Oct 22:01    INFO  epoch 71 evaluating [time: 15.15s, valid_score: 0.066900]
24 Oct 22:01    INFO  valid result: 
recall@10 : 0.0664    recall@20 : 0.107    recall@50 : 0.1899    ndcg@10 : 0.0532    ndcg@20 : 0.0669    ndcg@50 : 0.091    
24 Oct 22:01    INFO  epoch 72 training [time: 23.90s, train loss: -0.6523]
24 Oct 22:02    INFO  epoch 72 evaluating [time: 15.18s, valid_score: 0.067000]
24 Oct 22:02    INFO  valid result: 
recall@10 : 0.0666    recall@20 : 0.1073    recall@50 : 0.1898    ndcg@10 : 0.0533    ndcg@20 : 0.067    ndcg@50 : 0.091    
24 Oct 22:02    INFO  epoch 73 training [time: 24.00s, train loss: -0.6524]
24 Oct 22:02    INFO  epoch 73 evaluating [time: 17.34s, valid_score: 0.066800]
24 Oct 22:02    INFO  valid result: 
recall@10 : 0.0666    recall@20 : 0.1072    recall@50 : 0.1898    ndcg@10 : 0.0531    ndcg@20 : 0.0668    ndcg@50 : 0.0908    
24 Oct 22:03    INFO  epoch 74 training [time: 23.78s, train loss: -0.6524]
24 Oct 22:03    INFO  epoch 74 evaluating [time: 15.23s, valid_score: 0.066900]
24 Oct 22:03    INFO  valid result: 
recall@10 : 0.0664    recall@20 : 0.1072    recall@50 : 0.1895    ndcg@10 : 0.0531    ndcg@20 : 0.0669    ndcg@50 : 0.0909    
24 Oct 22:03    INFO  epoch 75 training [time: 23.82s, train loss: -0.6524]
24 Oct 22:04    INFO  epoch 75 evaluating [time: 14.94s, valid_score: 0.067200]
24 Oct 22:04    INFO  valid result: 
recall@10 : 0.0663    recall@20 : 0.1073    recall@50 : 0.1897    ndcg@10 : 0.0533    ndcg@20 : 0.0672    ndcg@50 : 0.0911    
24 Oct 22:04    INFO  Saving current best: saved/DirectAU-Oct-24-2023_21-14-08.pth
24 Oct 22:04    INFO  epoch 76 training [time: 23.85s, train loss: -0.6524]
24 Oct 22:04    INFO  epoch 76 evaluating [time: 15.25s, valid_score: 0.066900]
24 Oct 22:04    INFO  valid result: 
recall@10 : 0.0665    recall@20 : 0.1072    recall@50 : 0.1893    ndcg@10 : 0.0532    ndcg@20 : 0.0669    ndcg@50 : 0.0907    
24 Oct 22:05    INFO  epoch 77 training [time: 23.79s, train loss: -0.6524]
24 Oct 22:05    INFO  epoch 77 evaluating [time: 14.87s, valid_score: 0.067100]
24 Oct 22:05    INFO  valid result: 
recall@10 : 0.0666    recall@20 : 0.1074    recall@50 : 0.1893    ndcg@10 : 0.0533    ndcg@20 : 0.0671    ndcg@50 : 0.0908    
24 Oct 22:05    INFO  epoch 78 training [time: 23.82s, train loss: -0.6524]
24 Oct 22:05    INFO  epoch 78 evaluating [time: 15.14s, valid_score: 0.067000]
24 Oct 22:05    INFO  valid result: 
recall@10 : 0.0662    recall@20 : 0.1072    recall@50 : 0.189    ndcg@10 : 0.0532    ndcg@20 : 0.067    ndcg@50 : 0.0908    
24 Oct 22:06    INFO  epoch 79 training [time: 23.88s, train loss: -0.6525]
24 Oct 22:06    INFO  epoch 79 evaluating [time: 14.90s, valid_score: 0.066800]
24 Oct 22:06    INFO  valid result: 
recall@10 : 0.0666    recall@20 : 0.1072    recall@50 : 0.1899    ndcg@10 : 0.0532    ndcg@20 : 0.0668    ndcg@50 : 0.0908    
24 Oct 22:07    INFO  epoch 80 training [time: 23.79s, train loss: -0.6525]
24 Oct 22:07    INFO  epoch 80 evaluating [time: 15.28s, valid_score: 0.066800]
24 Oct 22:07    INFO  valid result: 
recall@10 : 0.0665    recall@20 : 0.1068    recall@50 : 0.1897    ndcg@10 : 0.0532    ndcg@20 : 0.0668    ndcg@50 : 0.0909    
24 Oct 22:07    INFO  epoch 81 training [time: 23.70s, train loss: -0.6524]
24 Oct 22:07    INFO  epoch 81 evaluating [time: 15.26s, valid_score: 0.067000]
24 Oct 22:07    INFO  valid result: 
recall@10 : 0.0664    recall@20 : 0.1072    recall@50 : 0.1899    ndcg@10 : 0.0533    ndcg@20 : 0.067    ndcg@50 : 0.091    
24 Oct 22:08    INFO  epoch 82 training [time: 23.74s, train loss: -0.6525]
24 Oct 22:08    INFO  epoch 82 evaluating [time: 15.05s, valid_score: 0.067000]
24 Oct 22:08    INFO  valid result: 
recall@10 : 0.0664    recall@20 : 0.1067    recall@50 : 0.1898    ndcg@10 : 0.0534    ndcg@20 : 0.067    ndcg@50 : 0.0911    
24 Oct 22:08    INFO  epoch 83 training [time: 23.82s, train loss: -0.6526]
24 Oct 22:09    INFO  epoch 83 evaluating [time: 15.14s, valid_score: 0.067300]
24 Oct 22:09    INFO  valid result: 
recall@10 : 0.067    recall@20 : 0.1075    recall@50 : 0.1901    ndcg@10 : 0.0537    ndcg@20 : 0.0673    ndcg@50 : 0.0913    
24 Oct 22:09    INFO  Saving current best: saved/DirectAU-Oct-24-2023_21-14-08.pth
24 Oct 22:09    INFO  epoch 84 training [time: 23.82s, train loss: -0.6526]
24 Oct 22:09    INFO  epoch 84 evaluating [time: 14.94s, valid_score: 0.067200]
24 Oct 22:09    INFO  valid result: 
recall@10 : 0.0668    recall@20 : 0.1072    recall@50 : 0.1903    ndcg@10 : 0.0535    ndcg@20 : 0.0672    ndcg@50 : 0.0913    
24 Oct 22:10    INFO  epoch 85 training [time: 23.87s, train loss: -0.6526]
24 Oct 22:10    INFO  epoch 85 evaluating [time: 15.13s, valid_score: 0.067200]
24 Oct 22:10    INFO  valid result: 
recall@10 : 0.0666    recall@20 : 0.1072    recall@50 : 0.1902    ndcg@10 : 0.0535    ndcg@20 : 0.0672    ndcg@50 : 0.0913    
24 Oct 22:10    INFO  epoch 86 training [time: 23.55s, train loss: -0.6527]
24 Oct 22:11    INFO  epoch 86 evaluating [time: 14.94s, valid_score: 0.067300]
24 Oct 22:11    INFO  valid result: 
recall@10 : 0.0667    recall@20 : 0.1078    recall@50 : 0.1894    ndcg@10 : 0.0535    ndcg@20 : 0.0673    ndcg@50 : 0.091    
24 Oct 22:11    INFO  epoch 87 training [time: 23.90s, train loss: -0.6526]
24 Oct 22:11    INFO  epoch 87 evaluating [time: 15.13s, valid_score: 0.067300]
24 Oct 22:11    INFO  valid result: 
recall@10 : 0.0668    recall@20 : 0.1076    recall@50 : 0.1894    ndcg@10 : 0.0535    ndcg@20 : 0.0673    ndcg@50 : 0.091    
24 Oct 22:12    INFO  epoch 88 training [time: 23.83s, train loss: -0.6528]
24 Oct 22:12    INFO  epoch 88 evaluating [time: 14.98s, valid_score: 0.067200]
24 Oct 22:12    INFO  valid result: 
recall@10 : 0.0667    recall@20 : 0.1074    recall@50 : 0.1893    ndcg@10 : 0.0535    ndcg@20 : 0.0672    ndcg@50 : 0.0909    
24 Oct 22:12    INFO  epoch 89 training [time: 23.89s, train loss: -0.6526]
24 Oct 22:13    INFO  epoch 89 evaluating [time: 15.45s, valid_score: 0.067200]
24 Oct 22:13    INFO  valid result: 
recall@10 : 0.0666    recall@20 : 0.1075    recall@50 : 0.1896    ndcg@10 : 0.0533    ndcg@20 : 0.0672    ndcg@50 : 0.091    
24 Oct 22:13    INFO  epoch 90 training [time: 23.93s, train loss: -0.6527]
24 Oct 22:13    INFO  epoch 90 evaluating [time: 15.34s, valid_score: 0.067400]
24 Oct 22:13    INFO  valid result: 
recall@10 : 0.0666    recall@20 : 0.1078    recall@50 : 0.1904    ndcg@10 : 0.0535    ndcg@20 : 0.0674    ndcg@50 : 0.0913    
24 Oct 22:13    INFO  Saving current best: saved/DirectAU-Oct-24-2023_21-14-08.pth
24 Oct 22:14    INFO  epoch 91 training [time: 23.88s, train loss: -0.6527]
24 Oct 22:14    INFO  epoch 91 evaluating [time: 15.24s, valid_score: 0.067300]
24 Oct 22:14    INFO  valid result: 
recall@10 : 0.0666    recall@20 : 0.1079    recall@50 : 0.1898    ndcg@10 : 0.0534    ndcg@20 : 0.0673    ndcg@50 : 0.0911    
24 Oct 22:14    INFO  epoch 92 training [time: 23.84s, train loss: -0.6528]
24 Oct 22:15    INFO  epoch 92 evaluating [time: 15.00s, valid_score: 0.067400]
24 Oct 22:15    INFO  valid result: 
recall@10 : 0.0672    recall@20 : 0.1078    recall@50 : 0.1898    ndcg@10 : 0.0537    ndcg@20 : 0.0674    ndcg@50 : 0.0912    
24 Oct 22:15    INFO  epoch 93 training [time: 23.87s, train loss: -0.6528]
24 Oct 22:15    INFO  epoch 93 evaluating [time: 15.15s, valid_score: 0.067200]
24 Oct 22:15    INFO  valid result: 
recall@10 : 0.0672    recall@20 : 0.1072    recall@50 : 0.1891    ndcg@10 : 0.0538    ndcg@20 : 0.0672    ndcg@50 : 0.0911    
24 Oct 22:16    INFO  epoch 94 training [time: 23.82s, train loss: -0.6528]
24 Oct 22:16    INFO  epoch 94 evaluating [time: 15.21s, valid_score: 0.067400]
24 Oct 22:16    INFO  valid result: 
recall@10 : 0.0669    recall@20 : 0.1077    recall@50 : 0.1896    ndcg@10 : 0.0537    ndcg@20 : 0.0674    ndcg@50 : 0.0912    
24 Oct 22:16    INFO  epoch 95 training [time: 23.89s, train loss: -0.6528]
24 Oct 22:17    INFO  epoch 95 evaluating [time: 15.10s, valid_score: 0.067300]
24 Oct 22:17    INFO  valid result: 
recall@10 : 0.0668    recall@20 : 0.1075    recall@50 : 0.1899    ndcg@10 : 0.0536    ndcg@20 : 0.0673    ndcg@50 : 0.0912    
24 Oct 22:17    INFO  epoch 96 training [time: 23.87s, train loss: -0.6528]
24 Oct 22:17    INFO  epoch 96 evaluating [time: 15.43s, valid_score: 0.067400]
24 Oct 22:17    INFO  valid result: 
recall@10 : 0.0669    recall@20 : 0.1076    recall@50 : 0.1906    ndcg@10 : 0.0536    ndcg@20 : 0.0674    ndcg@50 : 0.0914    
24 Oct 22:18    INFO  epoch 97 training [time: 23.78s, train loss: -0.6528]
24 Oct 22:18    INFO  epoch 97 evaluating [time: 15.25s, valid_score: 0.067200]
24 Oct 22:18    INFO  valid result: 
recall@10 : 0.0669    recall@20 : 0.1073    recall@50 : 0.1898    ndcg@10 : 0.0535    ndcg@20 : 0.0672    ndcg@50 : 0.0911    
24 Oct 22:18    INFO  epoch 98 training [time: 23.85s, train loss: -0.6528]
24 Oct 22:19    INFO  epoch 98 evaluating [time: 17.77s, valid_score: 0.067500]
24 Oct 22:19    INFO  valid result: 
recall@10 : 0.0668    recall@20 : 0.1078    recall@50 : 0.1894    ndcg@10 : 0.0536    ndcg@20 : 0.0675    ndcg@50 : 0.0912    
24 Oct 22:19    INFO  Saving current best: saved/DirectAU-Oct-24-2023_21-14-08.pth
24 Oct 22:19    INFO  epoch 99 training [time: 24.13s, train loss: -0.6529]
24 Oct 22:19    INFO  epoch 99 evaluating [time: 17.77s, valid_score: 0.067300]
24 Oct 22:19    INFO  valid result: 
recall@10 : 0.067    recall@20 : 0.1074    recall@50 : 0.19    ndcg@10 : 0.0537    ndcg@20 : 0.0673    ndcg@50 : 0.0912    
24 Oct 22:20    INFO  epoch 100 training [time: 23.97s, train loss: -0.6529]
24 Oct 22:20    INFO  epoch 100 evaluating [time: 15.31s, valid_score: 0.067500]
24 Oct 22:20    INFO  valid result: 
recall@10 : 0.0671    recall@20 : 0.1076    recall@50 : 0.1898    ndcg@10 : 0.0538    ndcg@20 : 0.0675    ndcg@50 : 0.0913    
24 Oct 22:20    INFO  epoch 101 training [time: 24.00s, train loss: -0.6529]
24 Oct 22:21    INFO  epoch 101 evaluating [time: 14.90s, valid_score: 0.067200]
24 Oct 22:21    INFO  valid result: 
recall@10 : 0.067    recall@20 : 0.1072    recall@50 : 0.1898    ndcg@10 : 0.0537    ndcg@20 : 0.0672    ndcg@50 : 0.0912    
24 Oct 22:21    INFO  epoch 102 training [time: 23.83s, train loss: -0.6529]
24 Oct 22:21    INFO  epoch 102 evaluating [time: 15.16s, valid_score: 0.067200]
24 Oct 22:21    INFO  valid result: 
recall@10 : 0.0667    recall@20 : 0.1076    recall@50 : 0.1895    ndcg@10 : 0.0534    ndcg@20 : 0.0672    ndcg@50 : 0.0909    
24 Oct 22:22    INFO  epoch 103 training [time: 23.86s, train loss: -0.6529]
24 Oct 22:22    INFO  epoch 103 evaluating [time: 14.92s, valid_score: 0.067300]
24 Oct 22:22    INFO  valid result: 
recall@10 : 0.0668    recall@20 : 0.1075    recall@50 : 0.1895    ndcg@10 : 0.0536    ndcg@20 : 0.0673    ndcg@50 : 0.0911    
24 Oct 22:22    INFO  epoch 104 training [time: 23.97s, train loss: -0.6529]
24 Oct 22:22    INFO  epoch 104 evaluating [time: 15.12s, valid_score: 0.067600]
24 Oct 22:22    INFO  valid result: 
recall@10 : 0.0667    recall@20 : 0.108    recall@50 : 0.1895    ndcg@10 : 0.0536    ndcg@20 : 0.0676    ndcg@50 : 0.0912    
24 Oct 22:22    INFO  Saving current best: saved/DirectAU-Oct-24-2023_21-14-08.pth
24 Oct 22:23    INFO  epoch 105 training [time: 23.79s, train loss: -0.6529]
24 Oct 22:23    INFO  epoch 105 evaluating [time: 14.90s, valid_score: 0.067200]
24 Oct 22:23    INFO  valid result: 
recall@10 : 0.0675    recall@20 : 0.1071    recall@50 : 0.1901    ndcg@10 : 0.0539    ndcg@20 : 0.0672    ndcg@50 : 0.0913    
24 Oct 22:24    INFO  epoch 106 training [time: 23.86s, train loss: -0.6529]
24 Oct 22:24    INFO  epoch 106 evaluating [time: 15.17s, valid_score: 0.067400]
24 Oct 22:24    INFO  valid result: 
recall@10 : 0.067    recall@20 : 0.1072    recall@50 : 0.1905    ndcg@10 : 0.0537    ndcg@20 : 0.0674    ndcg@50 : 0.0915    
24 Oct 22:24    INFO  epoch 107 training [time: 23.84s, train loss: -0.6529]
24 Oct 22:24    INFO  epoch 107 evaluating [time: 15.20s, valid_score: 0.067300]
24 Oct 22:24    INFO  valid result: 
recall@10 : 0.0668    recall@20 : 0.1077    recall@50 : 0.1906    ndcg@10 : 0.0536    ndcg@20 : 0.0673    ndcg@50 : 0.0914    
24 Oct 22:25    INFO  epoch 108 training [time: 23.89s, train loss: -0.6530]
24 Oct 22:25    INFO  epoch 108 evaluating [time: 14.83s, valid_score: 0.067300]
24 Oct 22:25    INFO  valid result: 
recall@10 : 0.0669    recall@20 : 0.1082    recall@50 : 0.1897    ndcg@10 : 0.0533    ndcg@20 : 0.0673    ndcg@50 : 0.091    
24 Oct 22:25    INFO  epoch 109 training [time: 23.89s, train loss: -0.6529]
24 Oct 22:26    INFO  epoch 109 evaluating [time: 15.01s, valid_score: 0.067300]
24 Oct 22:26    INFO  valid result: 
recall@10 : 0.0672    recall@20 : 0.1073    recall@50 : 0.19    ndcg@10 : 0.0537    ndcg@20 : 0.0673    ndcg@50 : 0.0912    
24 Oct 22:26    INFO  epoch 110 training [time: 23.63s, train loss: -0.6530]
24 Oct 22:26    INFO  epoch 110 evaluating [time: 14.79s, valid_score: 0.067300]
24 Oct 22:26    INFO  valid result: 
recall@10 : 0.0671    recall@20 : 0.1078    recall@50 : 0.1898    ndcg@10 : 0.0536    ndcg@20 : 0.0673    ndcg@50 : 0.0911    
24 Oct 22:27    INFO  epoch 111 training [time: 23.35s, train loss: -0.6531]
24 Oct 22:27    INFO  epoch 111 evaluating [time: 15.06s, valid_score: 0.067400]
24 Oct 22:27    INFO  valid result: 
recall@10 : 0.0669    recall@20 : 0.1079    recall@50 : 0.19    ndcg@10 : 0.0535    ndcg@20 : 0.0674    ndcg@50 : 0.0912    
24 Oct 22:27    INFO  epoch 112 training [time: 23.46s, train loss: -0.6530]
24 Oct 22:28    INFO  epoch 112 evaluating [time: 14.71s, valid_score: 0.067400]
24 Oct 22:28    INFO  valid result: 
recall@10 : 0.0671    recall@20 : 0.1078    recall@50 : 0.1902    ndcg@10 : 0.0536    ndcg@20 : 0.0674    ndcg@50 : 0.0913    
24 Oct 22:28    INFO  epoch 113 training [time: 23.88s, train loss: -0.6531]
24 Oct 22:28    INFO  epoch 113 evaluating [time: 14.98s, valid_score: 0.067300]
24 Oct 22:28    INFO  valid result: 
recall@10 : 0.0672    recall@20 : 0.1081    recall@50 : 0.1902    ndcg@10 : 0.0536    ndcg@20 : 0.0673    ndcg@50 : 0.0911    
24 Oct 22:29    INFO  epoch 114 training [time: 23.90s, train loss: -0.6531]
24 Oct 22:29    INFO  epoch 114 evaluating [time: 14.73s, valid_score: 0.067100]
24 Oct 22:29    INFO  valid result: 
recall@10 : 0.0668    recall@20 : 0.1072    recall@50 : 0.1901    ndcg@10 : 0.0535    ndcg@20 : 0.0671    ndcg@50 : 0.0912    
24 Oct 22:29    INFO  epoch 115 training [time: 23.85s, train loss: -0.6531]
24 Oct 22:30    INFO  epoch 115 evaluating [time: 15.21s, valid_score: 0.067600]
24 Oct 22:30    INFO  valid result: 
recall@10 : 0.0669    recall@20 : 0.108    recall@50 : 0.1897    ndcg@10 : 0.0538    ndcg@20 : 0.0676    ndcg@50 : 0.0914    
24 Oct 22:30    INFO  Finished training, best eval result in epoch 104
24 Oct 22:30    INFO  Loading model structure and parameters from saved/DirectAU-Oct-24-2023_21-14-08.pth
24 Oct 22:30    INFO  best valid : {'recall@10': 0.0667, 'recall@20': 0.108, 'recall@50': 0.1895, 'ndcg@10': 0.0536, 'ndcg@20': 0.0676, 'ndcg@50': 0.0912}
24 Oct 22:30    INFO  test result: {'recall@10': 0.0684, 'recall@20': 0.1088, 'recall@50': 0.1903, 'ndcg@10': 0.0547, 'ndcg@20': 0.0682, 'ndcg@50': 0.0917}
