command line args [--zc 1.0] will not be used in RecBole
25 Oct 00:23    INFO  
General Hyper Parameters:
gpu_id = 5
use_gpu = True
seed = 0
state = INFO
reproducibility = True
data_path = dataset/Yelp
show_progress = False

Training Hyper Parameters:
checkpoint_dir = saved
epochs = 500
train_batch_size = 1024
learner = adam
learning_rate = 0.001
training_neg_sample_num = 0
training_neg_sample_distribution = uniform
eval_step = 1
stopping_step = 10
clip_grad_norm = None
weight_decay = 1e-06
draw_loss_pic = False
loss_decimal_place = 4

Evaluation Hyper Parameters:
eval_setting = RO_RS,full
group_by_user = True
split_ratio = [0.8, 0.1, 0.1]
leave_one_num = 2
real_time_process = False
metrics = ['Recall', 'NDCG']
topk = [10, 20, 50]
valid_metric = NDCG@20
eval_batch_size = 4096
metric_decimal_place = 4

Dataset Hyper Parameters:
field_separator = 	
seq_separator =  
USER_ID_FIELD = user_id
ITEM_ID_FIELD = item_id
RATING_FIELD = rating
TIME_FIELD = timestamp
seq_len = None
LABEL_FIELD = label
threshold = None
NEG_PREFIX = neg_
load_col = {'inter': ['user_id', 'item_id', 'timestamp']}
unload_col = None
unused_col = None
additional_feat_suffix = None
lowest_val = None
highest_val = None
equal_val = None
not_equal_val = None
max_user_inter_num = None
min_user_inter_num = 5
max_item_inter_num = None
min_item_inter_num = 5
fields_in_same_space = None
preload_weight = None
normalize_field = None
normalize_all = None
ITEM_LIST_LENGTH_FIELD = item_length
LIST_SUFFIX = _list
MAX_ITEM_LIST_LENGTH = 50
POSITION_FIELD = position_id
HEAD_ENTITY_ID_FIELD = head_id
TAIL_ENTITY_ID_FIELD = tail_id
RELATION_ID_FIELD = relation_id
ENTITY_ID_FIELD = entity_id

Other Hyper Parameters: 
valid_metric_bigger = True
BT = 0.1
bt = 0.001
embedding_size = 64
encoder = MF
gamma = 1
times = 1
witem = 0.1
wuser = 0.8
zc = 1.0
rm_dup_inter = None
filter_inter_by_user_or_item = True
SOURCE_ID_FIELD = source_id
TARGET_ID_FIELD = target_id
benchmark_filename = None
MODEL_TYPE = ModelType.GENERAL
MODEL_INPUT_TYPE = InputType.POINTWISE
eval_type = EvaluatorType.RANKING
device = cuda
train_neg_sample_args = {'strategy': 'none'}


25 Oct 00:23    INFO  Yelp
The number of users: 31669
Average actions of users: 49.305481874447395
The number of items: 38049
Average actions of items: 41.037794365012616
The number of inters: 1561406
The sparsity of the dataset: 99.87041991912021%
Remain Fields: ['user_id', 'item_id']
25 Oct 00:23    INFO  Build [GeneralDataLoader] for [train] with format [InputType.POINTWISE]
25 Oct 00:23    INFO  [train] No Negative Sampling
25 Oct 00:23    INFO  [train] batch_size = [1024], shuffle = [True]

25 Oct 00:23    INFO  Build [GeneralFullDataLoader] for [evaluation] with format [InputType.POINTWISE]
25 Oct 00:23    INFO  Evaluation Setting:
	Group by user_id
	Ordering: {'strategy': 'shuffle'}
	Splitting: {'strategy': 'by_ratio', 'ratios': [0.8, 0.1, 0.1]}
	Negative Sampling: {'strategy': 'full', 'distribution': 'uniform'}
25 Oct 00:23    INFO  [evaluation] batch_size = [4096], shuffle = [False]

25 Oct 00:23    WARNING  Batch size is changed to 38049.
25 Oct 00:23    WARNING  Batch size is changed to 38049.
{'BT': 0.1, 'bt': 0.001, 'embedding_size': 64, 'encoder': 'MF', 'gamma': None, 'times': 1, 'training_neg_sample_num': 0, 'witem': 0.1, 'wuser': 0.8, 'zc': 1.0}
this is encoder MF...
这是directau 的 WUBT 版本...
25 Oct 00:23    INFO  DirectAU(
  (encoder): MFEncoder(
    (user_embedding): Embedding(31669, 64)
    (item_embedding): Embedding(38049, 64)
  )
  (bn): BatchNorm1d(64, eps=1e-05, momentum=0.1, affine=False, track_running_stats=True)
  (projector): Sequential(
    (0): Linear(in_features=64, out_features=64, bias=False)
    (1): BatchNorm1d(64, eps=1e-05, momentum=0.1, affine=True, track_running_stats=True)
    (2): ReLU(inplace=True)
    (3): Linear(in_features=64, out_features=64, bias=False)
    (4): BatchNorm1d(64, eps=1e-05, momentum=0.1, affine=True, track_running_stats=True)
    (5): ReLU(inplace=True)
    (6): Linear(in_features=64, out_features=64, bias=False)
  )
)
Trainable parameters: 4474496
25 Oct 00:23    INFO  epoch 0 training [time: 23.65s, train loss: -1.2430]
25 Oct 00:24    INFO  epoch 0 evaluating [time: 15.45s, valid_score: 0.020100]
25 Oct 00:24    INFO  valid result: 
recall@10 : 0.0187    recall@20 : 0.0327    recall@50 : 0.0665    ndcg@10 : 0.0151    ndcg@20 : 0.0201    ndcg@50 : 0.0302    
25 Oct 00:24    INFO  Saving current best: saved/DirectAU-Oct-25-2023_00-23-31.pth
25 Oct 00:24    INFO  epoch 1 training [time: 23.68s, train loss: -1.5856]
25 Oct 00:24    INFO  epoch 1 evaluating [time: 15.21s, valid_score: 0.029900]
25 Oct 00:24    INFO  valid result: 
recall@10 : 0.0292    recall@20 : 0.0495    recall@50 : 0.0948    ndcg@10 : 0.0229    ndcg@20 : 0.0299    ndcg@50 : 0.0434    
25 Oct 00:24    INFO  Saving current best: saved/DirectAU-Oct-25-2023_00-23-31.pth
25 Oct 00:25    INFO  epoch 2 training [time: 23.75s, train loss: -1.6707]
25 Oct 00:25    INFO  epoch 2 evaluating [time: 15.32s, valid_score: 0.034500]
25 Oct 00:25    INFO  valid result: 
recall@10 : 0.034    recall@20 : 0.0565    recall@50 : 0.1083    ndcg@10 : 0.0268    ndcg@20 : 0.0345    ndcg@50 : 0.0497    
25 Oct 00:25    INFO  Saving current best: saved/DirectAU-Oct-25-2023_00-23-31.pth
25 Oct 00:25    INFO  epoch 3 training [time: 23.85s, train loss: -1.7132]
25 Oct 00:26    INFO  epoch 3 evaluating [time: 17.92s, valid_score: 0.037700]
25 Oct 00:26    INFO  valid result: 
recall@10 : 0.0369    recall@20 : 0.0624    recall@50 : 0.1171    ndcg@10 : 0.0289    ndcg@20 : 0.0377    ndcg@50 : 0.0537    
25 Oct 00:26    INFO  Saving current best: saved/DirectAU-Oct-25-2023_00-23-31.pth
25 Oct 00:26    INFO  epoch 4 training [time: 23.73s, train loss: -1.7412]
25 Oct 00:26    INFO  epoch 4 evaluating [time: 15.24s, valid_score: 0.039700]
25 Oct 00:26    INFO  valid result: 
recall@10 : 0.0394    recall@20 : 0.0653    recall@50 : 0.1234    ndcg@10 : 0.0308    ndcg@20 : 0.0397    ndcg@50 : 0.0566    
25 Oct 00:26    INFO  Saving current best: saved/DirectAU-Oct-25-2023_00-23-31.pth
25 Oct 00:27    INFO  epoch 5 training [time: 23.75s, train loss: -1.7620]
25 Oct 00:27    INFO  epoch 5 evaluating [time: 15.55s, valid_score: 0.041600]
25 Oct 00:27    INFO  valid result: 
recall@10 : 0.0418    recall@20 : 0.0686    recall@50 : 0.1283    ndcg@10 : 0.0325    ndcg@20 : 0.0416    ndcg@50 : 0.0591    
25 Oct 00:27    INFO  Saving current best: saved/DirectAU-Oct-25-2023_00-23-31.pth
25 Oct 00:27    INFO  epoch 6 training [time: 23.82s, train loss: -1.7787]
25 Oct 00:28    INFO  epoch 6 evaluating [time: 14.95s, valid_score: 0.043500]
25 Oct 00:28    INFO  valid result: 
recall@10 : 0.0436    recall@20 : 0.0718    recall@50 : 0.1329    ndcg@10 : 0.0339    ndcg@20 : 0.0435    ndcg@50 : 0.0613    
25 Oct 00:28    INFO  Saving current best: saved/DirectAU-Oct-25-2023_00-23-31.pth
25 Oct 00:28    INFO  epoch 7 training [time: 23.83s, train loss: -1.7931]
25 Oct 00:28    INFO  epoch 7 evaluating [time: 15.05s, valid_score: 0.044900]
25 Oct 00:28    INFO  valid result: 
recall@10 : 0.0443    recall@20 : 0.0738    recall@50 : 0.1376    ndcg@10 : 0.0348    ndcg@20 : 0.0449    ndcg@50 : 0.0634    
25 Oct 00:28    INFO  Saving current best: saved/DirectAU-Oct-25-2023_00-23-31.pth
25 Oct 00:29    INFO  epoch 8 training [time: 23.83s, train loss: -1.8051]
25 Oct 00:29    INFO  epoch 8 evaluating [time: 14.93s, valid_score: 0.045900]
25 Oct 00:29    INFO  valid result: 
recall@10 : 0.0457    recall@20 : 0.0756    recall@50 : 0.141    ndcg@10 : 0.0357    ndcg@20 : 0.0459    ndcg@50 : 0.0649    
25 Oct 00:29    INFO  Saving current best: saved/DirectAU-Oct-25-2023_00-23-31.pth
25 Oct 00:29    INFO  epoch 9 training [time: 23.67s, train loss: -1.8156]
25 Oct 00:30    INFO  epoch 9 evaluating [time: 15.09s, valid_score: 0.047700]
25 Oct 00:30    INFO  valid result: 
recall@10 : 0.0478    recall@20 : 0.0786    recall@50 : 0.1448    ndcg@10 : 0.0373    ndcg@20 : 0.0477    ndcg@50 : 0.067    
25 Oct 00:30    INFO  Saving current best: saved/DirectAU-Oct-25-2023_00-23-31.pth
25 Oct 00:30    INFO  epoch 10 training [time: 23.91s, train loss: -1.8248]
25 Oct 00:30    INFO  epoch 10 evaluating [time: 17.02s, valid_score: 0.048600]
25 Oct 00:30    INFO  valid result: 
recall@10 : 0.0485    recall@20 : 0.08    recall@50 : 0.1478    ndcg@10 : 0.0379    ndcg@20 : 0.0486    ndcg@50 : 0.0683    
25 Oct 00:30    INFO  Saving current best: saved/DirectAU-Oct-25-2023_00-23-31.pth
25 Oct 00:31    INFO  epoch 11 training [time: 23.88s, train loss: -1.8324]
25 Oct 00:31    INFO  epoch 11 evaluating [time: 15.12s, valid_score: 0.050100]
25 Oct 00:31    INFO  valid result: 
recall@10 : 0.0499    recall@20 : 0.0824    recall@50 : 0.1499    ndcg@10 : 0.0391    ndcg@20 : 0.0501    ndcg@50 : 0.0697    
25 Oct 00:31    INFO  Saving current best: saved/DirectAU-Oct-25-2023_00-23-31.pth
25 Oct 00:31    INFO  epoch 12 training [time: 23.87s, train loss: -1.8393]
25 Oct 00:32    INFO  epoch 12 evaluating [time: 14.89s, valid_score: 0.050800]
25 Oct 00:32    INFO  valid result: 
recall@10 : 0.0516    recall@20 : 0.0833    recall@50 : 0.153    ndcg@10 : 0.04    ndcg@20 : 0.0508    ndcg@50 : 0.071    
25 Oct 00:32    INFO  Saving current best: saved/DirectAU-Oct-25-2023_00-23-31.pth
25 Oct 00:32    INFO  epoch 13 training [time: 23.86s, train loss: -1.8453]
25 Oct 00:32    INFO  epoch 13 evaluating [time: 17.53s, valid_score: 0.051800]
25 Oct 00:32    INFO  valid result: 
recall@10 : 0.0524    recall@20 : 0.0847    recall@50 : 0.1558    ndcg@10 : 0.0408    ndcg@20 : 0.0518    ndcg@50 : 0.0724    
25 Oct 00:32    INFO  Saving current best: saved/DirectAU-Oct-25-2023_00-23-31.pth
25 Oct 00:33    INFO  epoch 14 training [time: 23.88s, train loss: -1.8504]
25 Oct 00:33    INFO  epoch 14 evaluating [time: 14.92s, valid_score: 0.053000]
25 Oct 00:33    INFO  valid result: 
recall@10 : 0.0543    recall@20 : 0.086    recall@50 : 0.1583    ndcg@10 : 0.0422    ndcg@20 : 0.053    ndcg@50 : 0.0739    
25 Oct 00:33    INFO  Saving current best: saved/DirectAU-Oct-25-2023_00-23-31.pth
25 Oct 00:33    INFO  epoch 15 training [time: 23.77s, train loss: -1.8550]
25 Oct 00:34    INFO  epoch 15 evaluating [time: 14.99s, valid_score: 0.053800]
25 Oct 00:34    INFO  valid result: 
recall@10 : 0.0544    recall@20 : 0.0881    recall@50 : 0.1614    ndcg@10 : 0.0423    ndcg@20 : 0.0538    ndcg@50 : 0.075    
25 Oct 00:34    INFO  Saving current best: saved/DirectAU-Oct-25-2023_00-23-31.pth
25 Oct 00:34    INFO  epoch 16 training [time: 23.77s, train loss: -1.8589]
25 Oct 00:34    INFO  epoch 16 evaluating [time: 15.22s, valid_score: 0.054800]
25 Oct 00:34    INFO  valid result: 
recall@10 : 0.0554    recall@20 : 0.0898    recall@50 : 0.1632    ndcg@10 : 0.0431    ndcg@20 : 0.0548    ndcg@50 : 0.076    
25 Oct 00:34    INFO  Saving current best: saved/DirectAU-Oct-25-2023_00-23-31.pth
25 Oct 00:35    INFO  epoch 17 training [time: 23.84s, train loss: -1.8626]
25 Oct 00:35    INFO  epoch 17 evaluating [time: 14.76s, valid_score: 0.055100]
25 Oct 00:35    INFO  valid result: 
recall@10 : 0.0558    recall@20 : 0.0907    recall@50 : 0.1641    ndcg@10 : 0.0434    ndcg@20 : 0.0551    ndcg@50 : 0.0765    
25 Oct 00:35    INFO  Saving current best: saved/DirectAU-Oct-25-2023_00-23-31.pth
25 Oct 00:35    INFO  epoch 18 training [time: 23.85s, train loss: -1.8657]
25 Oct 00:36    INFO  epoch 18 evaluating [time: 17.36s, valid_score: 0.055600]
25 Oct 00:36    INFO  valid result: 
recall@10 : 0.0562    recall@20 : 0.0908    recall@50 : 0.1658    ndcg@10 : 0.0439    ndcg@20 : 0.0556    ndcg@50 : 0.0773    
25 Oct 00:36    INFO  Saving current best: saved/DirectAU-Oct-25-2023_00-23-31.pth
25 Oct 00:36    INFO  epoch 19 training [time: 23.99s, train loss: -1.8685]
25 Oct 00:36    INFO  epoch 19 evaluating [time: 15.39s, valid_score: 0.056400]
25 Oct 00:36    INFO  valid result: 
recall@10 : 0.0566    recall@20 : 0.0922    recall@50 : 0.1679    ndcg@10 : 0.0443    ndcg@20 : 0.0564    ndcg@50 : 0.0783    
25 Oct 00:36    INFO  Saving current best: saved/DirectAU-Oct-25-2023_00-23-31.pth
25 Oct 00:37    INFO  epoch 20 training [time: 23.85s, train loss: -1.8708]
25 Oct 00:37    INFO  epoch 20 evaluating [time: 15.20s, valid_score: 0.056900]
25 Oct 00:37    INFO  valid result: 
recall@10 : 0.0571    recall@20 : 0.0935    recall@50 : 0.1682    ndcg@10 : 0.0446    ndcg@20 : 0.0569    ndcg@50 : 0.0786    
25 Oct 00:37    INFO  Saving current best: saved/DirectAU-Oct-25-2023_00-23-31.pth
25 Oct 00:37    INFO  epoch 21 training [time: 23.83s, train loss: -1.8729]
25 Oct 00:38    INFO  epoch 21 evaluating [time: 14.76s, valid_score: 0.057700]
25 Oct 00:38    INFO  valid result: 
recall@10 : 0.0581    recall@20 : 0.0946    recall@50 : 0.1695    ndcg@10 : 0.0454    ndcg@20 : 0.0577    ndcg@50 : 0.0795    
25 Oct 00:38    INFO  Saving current best: saved/DirectAU-Oct-25-2023_00-23-31.pth
25 Oct 00:38    INFO  epoch 22 training [time: 23.85s, train loss: -1.8747]
25 Oct 00:38    INFO  epoch 22 evaluating [time: 15.00s, valid_score: 0.058200]
25 Oct 00:38    INFO  valid result: 
recall@10 : 0.0582    recall@20 : 0.095    recall@50 : 0.1711    ndcg@10 : 0.0458    ndcg@20 : 0.0582    ndcg@50 : 0.0803    
25 Oct 00:38    INFO  Saving current best: saved/DirectAU-Oct-25-2023_00-23-31.pth
25 Oct 00:39    INFO  epoch 23 training [time: 23.88s, train loss: -1.8765]
25 Oct 00:39    INFO  epoch 23 evaluating [time: 14.89s, valid_score: 0.058600]
25 Oct 00:39    INFO  valid result: 
recall@10 : 0.0587    recall@20 : 0.0963    recall@50 : 0.1724    ndcg@10 : 0.046    ndcg@20 : 0.0586    ndcg@50 : 0.0807    
25 Oct 00:39    INFO  Saving current best: saved/DirectAU-Oct-25-2023_00-23-31.pth
25 Oct 00:39    INFO  epoch 24 training [time: 23.87s, train loss: -1.8779]
25 Oct 00:39    INFO  epoch 24 evaluating [time: 14.99s, valid_score: 0.059100]
25 Oct 00:39    INFO  valid result: 
recall@10 : 0.059    recall@20 : 0.0967    recall@50 : 0.1731    ndcg@10 : 0.0463    ndcg@20 : 0.0591    ndcg@50 : 0.0812    
25 Oct 00:39    INFO  Saving current best: saved/DirectAU-Oct-25-2023_00-23-31.pth
25 Oct 00:40    INFO  epoch 25 training [time: 23.87s, train loss: -1.8792]
25 Oct 00:40    INFO  epoch 25 evaluating [time: 17.29s, valid_score: 0.059400]
25 Oct 00:40    INFO  valid result: 
recall@10 : 0.0591    recall@20 : 0.0971    recall@50 : 0.1738    ndcg@10 : 0.0465    ndcg@20 : 0.0594    ndcg@50 : 0.0816    
25 Oct 00:40    INFO  Saving current best: saved/DirectAU-Oct-25-2023_00-23-31.pth
25 Oct 00:41    INFO  epoch 26 training [time: 23.88s, train loss: -1.8803]
25 Oct 00:41    INFO  epoch 26 evaluating [time: 15.27s, valid_score: 0.059500]
25 Oct 00:41    INFO  valid result: 
recall@10 : 0.0599    recall@20 : 0.0975    recall@50 : 0.1752    ndcg@10 : 0.0468    ndcg@20 : 0.0595    ndcg@50 : 0.0821    
25 Oct 00:41    INFO  Saving current best: saved/DirectAU-Oct-25-2023_00-23-31.pth
25 Oct 00:41    INFO  epoch 27 training [time: 23.87s, train loss: -1.8815]
25 Oct 00:41    INFO  epoch 27 evaluating [time: 14.76s, valid_score: 0.060000]
25 Oct 00:41    INFO  valid result: 
recall@10 : 0.06    recall@20 : 0.0986    recall@50 : 0.1766    ndcg@10 : 0.047    ndcg@20 : 0.06    ndcg@50 : 0.0827    
25 Oct 00:41    INFO  Saving current best: saved/DirectAU-Oct-25-2023_00-23-31.pth
25 Oct 00:42    INFO  epoch 28 training [time: 23.85s, train loss: -1.8824]
25 Oct 00:42    INFO  epoch 28 evaluating [time: 15.11s, valid_score: 0.060600]
25 Oct 00:42    INFO  valid result: 
recall@10 : 0.0602    recall@20 : 0.0989    recall@50 : 0.1776    ndcg@10 : 0.0476    ndcg@20 : 0.0606    ndcg@50 : 0.0834    
25 Oct 00:42    INFO  Saving current best: saved/DirectAU-Oct-25-2023_00-23-31.pth
25 Oct 00:42    INFO  epoch 29 training [time: 23.78s, train loss: -1.8834]
25 Oct 00:43    INFO  epoch 29 evaluating [time: 15.12s, valid_score: 0.060800]
25 Oct 00:43    INFO  valid result: 
recall@10 : 0.0605    recall@20 : 0.0991    recall@50 : 0.1783    ndcg@10 : 0.0478    ndcg@20 : 0.0608    ndcg@50 : 0.0838    
25 Oct 00:43    INFO  Saving current best: saved/DirectAU-Oct-25-2023_00-23-31.pth
25 Oct 00:43    INFO  epoch 30 training [time: 23.81s, train loss: -1.8840]
25 Oct 00:43    INFO  epoch 30 evaluating [time: 14.77s, valid_score: 0.061200]
25 Oct 00:43    INFO  valid result: 
recall@10 : 0.0612    recall@20 : 0.0999    recall@50 : 0.178    ndcg@10 : 0.0482    ndcg@20 : 0.0612    ndcg@50 : 0.0839    
25 Oct 00:43    INFO  Saving current best: saved/DirectAU-Oct-25-2023_00-23-31.pth
25 Oct 00:44    INFO  epoch 31 training [time: 23.84s, train loss: -1.8847]
25 Oct 00:44    INFO  epoch 31 evaluating [time: 15.10s, valid_score: 0.061400]
25 Oct 00:44    INFO  valid result: 
recall@10 : 0.061    recall@20 : 0.1002    recall@50 : 0.1791    ndcg@10 : 0.0481    ndcg@20 : 0.0614    ndcg@50 : 0.0842    
25 Oct 00:44    INFO  Saving current best: saved/DirectAU-Oct-25-2023_00-23-31.pth
25 Oct 00:44    INFO  epoch 32 training [time: 23.93s, train loss: -1.8853]
25 Oct 00:45    INFO  epoch 32 evaluating [time: 14.94s, valid_score: 0.061600]
25 Oct 00:45    INFO  valid result: 
recall@10 : 0.0615    recall@20 : 0.1008    recall@50 : 0.1791    ndcg@10 : 0.0484    ndcg@20 : 0.0616    ndcg@50 : 0.0844    
25 Oct 00:45    INFO  Saving current best: saved/DirectAU-Oct-25-2023_00-23-31.pth
25 Oct 00:45    INFO  epoch 33 training [time: 23.65s, train loss: -1.8860]
25 Oct 00:45    INFO  epoch 33 evaluating [time: 15.44s, valid_score: 0.061600]
25 Oct 00:45    INFO  valid result: 
recall@10 : 0.0613    recall@20 : 0.1006    recall@50 : 0.1794    ndcg@10 : 0.0484    ndcg@20 : 0.0616    ndcg@50 : 0.0846    
25 Oct 00:46    INFO  epoch 34 training [time: 23.73s, train loss: -1.8865]
25 Oct 00:46    INFO  epoch 34 evaluating [time: 15.07s, valid_score: 0.062100]
25 Oct 00:46    INFO  valid result: 
recall@10 : 0.0616    recall@20 : 0.101    recall@50 : 0.1802    ndcg@10 : 0.0488    ndcg@20 : 0.0621    ndcg@50 : 0.0851    
25 Oct 00:46    INFO  Saving current best: saved/DirectAU-Oct-25-2023_00-23-31.pth
25 Oct 00:46    INFO  epoch 35 training [time: 23.83s, train loss: -1.8869]
25 Oct 00:47    INFO  epoch 35 evaluating [time: 15.21s, valid_score: 0.062400]
25 Oct 00:47    INFO  valid result: 
recall@10 : 0.0618    recall@20 : 0.1019    recall@50 : 0.1811    ndcg@10 : 0.0489    ndcg@20 : 0.0624    ndcg@50 : 0.0854    
25 Oct 00:47    INFO  Saving current best: saved/DirectAU-Oct-25-2023_00-23-31.pth
25 Oct 00:47    INFO  epoch 36 training [time: 23.84s, train loss: -1.8875]
25 Oct 00:47    INFO  epoch 36 evaluating [time: 14.87s, valid_score: 0.062400]
25 Oct 00:47    INFO  valid result: 
recall@10 : 0.0626    recall@20 : 0.1017    recall@50 : 0.1818    ndcg@10 : 0.0492    ndcg@20 : 0.0624    ndcg@50 : 0.0857    
25 Oct 00:48    INFO  epoch 37 training [time: 23.82s, train loss: -1.8879]
25 Oct 00:48    INFO  epoch 37 evaluating [time: 15.19s, valid_score: 0.062600]
25 Oct 00:48    INFO  valid result: 
recall@10 : 0.0626    recall@20 : 0.102    recall@50 : 0.1814    ndcg@10 : 0.0493    ndcg@20 : 0.0626    ndcg@50 : 0.0857    
25 Oct 00:48    INFO  Saving current best: saved/DirectAU-Oct-25-2023_00-23-31.pth
25 Oct 00:48    INFO  epoch 38 training [time: 23.81s, train loss: -1.8884]
25 Oct 00:49    INFO  epoch 38 evaluating [time: 14.93s, valid_score: 0.062600]
25 Oct 00:49    INFO  valid result: 
recall@10 : 0.0623    recall@20 : 0.1021    recall@50 : 0.1821    ndcg@10 : 0.0491    ndcg@20 : 0.0626    ndcg@50 : 0.0859    
25 Oct 00:49    INFO  epoch 39 training [time: 23.87s, train loss: -1.8887]
25 Oct 00:49    INFO  epoch 39 evaluating [time: 15.15s, valid_score: 0.063000]
25 Oct 00:49    INFO  valid result: 
recall@10 : 0.0632    recall@20 : 0.1028    recall@50 : 0.1826    ndcg@10 : 0.0496    ndcg@20 : 0.063    ndcg@50 : 0.0861    
25 Oct 00:49    INFO  Saving current best: saved/DirectAU-Oct-25-2023_00-23-31.pth
25 Oct 00:50    INFO  epoch 40 training [time: 23.84s, train loss: -1.8890]
25 Oct 00:50    INFO  epoch 40 evaluating [time: 14.92s, valid_score: 0.063300]
25 Oct 00:50    INFO  valid result: 
recall@10 : 0.0627    recall@20 : 0.1034    recall@50 : 0.1833    ndcg@10 : 0.0496    ndcg@20 : 0.0633    ndcg@50 : 0.0865    
25 Oct 00:50    INFO  Saving current best: saved/DirectAU-Oct-25-2023_00-23-31.pth
25 Oct 00:50    INFO  epoch 41 training [time: 23.85s, train loss: -1.8892]
25 Oct 00:51    INFO  epoch 41 evaluating [time: 15.32s, valid_score: 0.063500]
25 Oct 00:51    INFO  valid result: 
recall@10 : 0.063    recall@20 : 0.1033    recall@50 : 0.1838    ndcg@10 : 0.05    ndcg@20 : 0.0635    ndcg@50 : 0.0868    
25 Oct 00:51    INFO  Saving current best: saved/DirectAU-Oct-25-2023_00-23-31.pth
25 Oct 00:51    INFO  epoch 42 training [time: 24.04s, train loss: -1.8893]
25 Oct 00:51    INFO  epoch 42 evaluating [time: 15.17s, valid_score: 0.063500]
25 Oct 00:51    INFO  valid result: 
recall@10 : 0.0637    recall@20 : 0.1034    recall@50 : 0.1836    ndcg@10 : 0.0502    ndcg@20 : 0.0635    ndcg@50 : 0.0867    
25 Oct 00:52    INFO  epoch 43 training [time: 23.93s, train loss: -1.8895]
25 Oct 00:52    INFO  epoch 43 evaluating [time: 14.77s, valid_score: 0.063700]
25 Oct 00:52    INFO  valid result: 
recall@10 : 0.0637    recall@20 : 0.1033    recall@50 : 0.1835    ndcg@10 : 0.0504    ndcg@20 : 0.0637    ndcg@50 : 0.087    
25 Oct 00:52    INFO  Saving current best: saved/DirectAU-Oct-25-2023_00-23-31.pth
25 Oct 00:52    INFO  epoch 44 training [time: 23.85s, train loss: -1.8899]
25 Oct 00:53    INFO  epoch 44 evaluating [time: 15.40s, valid_score: 0.063900]
25 Oct 00:53    INFO  valid result: 
recall@10 : 0.064    recall@20 : 0.1037    recall@50 : 0.1837    ndcg@10 : 0.0506    ndcg@20 : 0.0639    ndcg@50 : 0.0872    
25 Oct 00:53    INFO  Saving current best: saved/DirectAU-Oct-25-2023_00-23-31.pth
25 Oct 00:53    INFO  epoch 45 training [time: 23.84s, train loss: -1.8900]
25 Oct 00:53    INFO  epoch 45 evaluating [time: 15.22s, valid_score: 0.064000]
25 Oct 00:53    INFO  valid result: 
recall@10 : 0.0639    recall@20 : 0.1038    recall@50 : 0.1842    ndcg@10 : 0.0506    ndcg@20 : 0.064    ndcg@50 : 0.0874    
25 Oct 00:53    INFO  Saving current best: saved/DirectAU-Oct-25-2023_00-23-31.pth
25 Oct 00:54    INFO  epoch 46 training [time: 23.87s, train loss: -1.8901]
25 Oct 00:54    INFO  epoch 46 evaluating [time: 15.34s, valid_score: 0.064200]
25 Oct 00:54    INFO  valid result: 
recall@10 : 0.064    recall@20 : 0.1043    recall@50 : 0.1847    ndcg@10 : 0.0507    ndcg@20 : 0.0642    ndcg@50 : 0.0876    
25 Oct 00:54    INFO  Saving current best: saved/DirectAU-Oct-25-2023_00-23-31.pth
25 Oct 00:54    INFO  epoch 47 training [time: 23.81s, train loss: -1.8902]
25 Oct 00:54    INFO  epoch 47 evaluating [time: 14.92s, valid_score: 0.064500]
25 Oct 00:54    INFO  valid result: 
recall@10 : 0.0639    recall@20 : 0.1046    recall@50 : 0.1848    ndcg@10 : 0.0508    ndcg@20 : 0.0645    ndcg@50 : 0.0878    
25 Oct 00:54    INFO  Saving current best: saved/DirectAU-Oct-25-2023_00-23-31.pth
25 Oct 00:55    INFO  epoch 48 training [time: 23.85s, train loss: -1.8904]
25 Oct 00:55    INFO  epoch 48 evaluating [time: 15.16s, valid_score: 0.064400]
25 Oct 00:55    INFO  valid result: 
recall@10 : 0.0642    recall@20 : 0.1048    recall@50 : 0.1856    ndcg@10 : 0.0507    ndcg@20 : 0.0644    ndcg@50 : 0.0879    
25 Oct 00:56    INFO  epoch 49 training [time: 24.00s, train loss: -1.8905]
25 Oct 00:56    INFO  epoch 49 evaluating [time: 14.96s, valid_score: 0.064200]
25 Oct 00:56    INFO  valid result: 
recall@10 : 0.0641    recall@20 : 0.1043    recall@50 : 0.1854    ndcg@10 : 0.0507    ndcg@20 : 0.0642    ndcg@50 : 0.0878    
25 Oct 00:56    INFO  epoch 50 training [time: 23.71s, train loss: -1.8906]
25 Oct 00:56    INFO  epoch 50 evaluating [time: 15.17s, valid_score: 0.064500]
25 Oct 00:56    INFO  valid result: 
recall@10 : 0.0647    recall@20 : 0.1048    recall@50 : 0.1855    ndcg@10 : 0.051    ndcg@20 : 0.0645    ndcg@50 : 0.088    
25 Oct 00:57    INFO  epoch 51 training [time: 23.80s, train loss: -1.8904]
25 Oct 00:57    INFO  epoch 51 evaluating [time: 14.88s, valid_score: 0.064600]
25 Oct 00:57    INFO  valid result: 
recall@10 : 0.0645    recall@20 : 0.1045    recall@50 : 0.1858    ndcg@10 : 0.0511    ndcg@20 : 0.0646    ndcg@50 : 0.0882    
25 Oct 00:57    INFO  Saving current best: saved/DirectAU-Oct-25-2023_00-23-31.pth
25 Oct 00:57    INFO  epoch 52 training [time: 23.86s, train loss: -1.8907]
25 Oct 00:58    INFO  epoch 52 evaluating [time: 15.29s, valid_score: 0.064700]
25 Oct 00:58    INFO  valid result: 
recall@10 : 0.0644    recall@20 : 0.1055    recall@50 : 0.1862    ndcg@10 : 0.0508    ndcg@20 : 0.0647    ndcg@50 : 0.0881    
25 Oct 00:58    INFO  Saving current best: saved/DirectAU-Oct-25-2023_00-23-31.pth
25 Oct 00:58    INFO  epoch 53 training [time: 23.79s, train loss: -1.8909]
25 Oct 00:58    INFO  epoch 53 evaluating [time: 14.98s, valid_score: 0.064800]
25 Oct 00:58    INFO  valid result: 
recall@10 : 0.0643    recall@20 : 0.1055    recall@50 : 0.1862    ndcg@10 : 0.051    ndcg@20 : 0.0648    ndcg@50 : 0.0882    
25 Oct 00:58    INFO  Saving current best: saved/DirectAU-Oct-25-2023_00-23-31.pth
25 Oct 00:59    INFO  epoch 54 training [time: 23.82s, train loss: -1.8909]
25 Oct 00:59    INFO  epoch 54 evaluating [time: 15.21s, valid_score: 0.064600]
25 Oct 00:59    INFO  valid result: 
recall@10 : 0.0647    recall@20 : 0.1049    recall@50 : 0.1862    ndcg@10 : 0.0511    ndcg@20 : 0.0646    ndcg@50 : 0.0882    
25 Oct 00:59    INFO  epoch 55 training [time: 23.83s, train loss: -1.8908]
25 Oct 01:00    INFO  epoch 55 evaluating [time: 15.38s, valid_score: 0.064500]
25 Oct 01:00    INFO  valid result: 
recall@10 : 0.0646    recall@20 : 0.1049    recall@50 : 0.1865    ndcg@10 : 0.0509    ndcg@20 : 0.0645    ndcg@50 : 0.0882    
25 Oct 01:00    INFO  epoch 56 training [time: 23.73s, train loss: -1.8911]
25 Oct 01:00    INFO  epoch 56 evaluating [time: 14.96s, valid_score: 0.064900]
25 Oct 01:00    INFO  valid result: 
recall@10 : 0.0643    recall@20 : 0.1051    recall@50 : 0.1872    ndcg@10 : 0.0511    ndcg@20 : 0.0649    ndcg@50 : 0.0887    
25 Oct 01:00    INFO  Saving current best: saved/DirectAU-Oct-25-2023_00-23-31.pth
25 Oct 01:01    INFO  epoch 57 training [time: 23.80s, train loss: -1.8910]
25 Oct 01:01    INFO  epoch 57 evaluating [time: 15.20s, valid_score: 0.065200]
25 Oct 01:01    INFO  valid result: 
recall@10 : 0.0645    recall@20 : 0.1058    recall@50 : 0.1866    ndcg@10 : 0.0512    ndcg@20 : 0.0652    ndcg@50 : 0.0886    
25 Oct 01:01    INFO  Saving current best: saved/DirectAU-Oct-25-2023_00-23-31.pth
25 Oct 01:01    INFO  epoch 58 training [time: 23.76s, train loss: -1.8911]
25 Oct 01:02    INFO  epoch 58 evaluating [time: 15.09s, valid_score: 0.065300]
25 Oct 01:02    INFO  valid result: 
recall@10 : 0.0648    recall@20 : 0.1058    recall@50 : 0.1863    ndcg@10 : 0.0514    ndcg@20 : 0.0653    ndcg@50 : 0.0887    
25 Oct 01:02    INFO  Saving current best: saved/DirectAU-Oct-25-2023_00-23-31.pth
25 Oct 01:02    INFO  epoch 59 training [time: 23.64s, train loss: -1.8913]
25 Oct 01:02    INFO  epoch 59 evaluating [time: 15.44s, valid_score: 0.065400]
25 Oct 01:02    INFO  valid result: 
recall@10 : 0.0651    recall@20 : 0.1063    recall@50 : 0.1858    ndcg@10 : 0.0515    ndcg@20 : 0.0654    ndcg@50 : 0.0885    
25 Oct 01:02    INFO  Saving current best: saved/DirectAU-Oct-25-2023_00-23-31.pth
25 Oct 01:03    INFO  epoch 60 training [time: 23.86s, train loss: -1.8911]
25 Oct 01:03    INFO  epoch 60 evaluating [time: 14.95s, valid_score: 0.065200]
25 Oct 01:03    INFO  valid result: 
recall@10 : 0.0659    recall@20 : 0.1055    recall@50 : 0.1871    ndcg@10 : 0.0518    ndcg@20 : 0.0652    ndcg@50 : 0.0889    
25 Oct 01:03    INFO  epoch 61 training [time: 23.85s, train loss: -1.8912]
25 Oct 01:04    INFO  epoch 61 evaluating [time: 15.21s, valid_score: 0.065400]
25 Oct 01:04    INFO  valid result: 
recall@10 : 0.0657    recall@20 : 0.1058    recall@50 : 0.1871    ndcg@10 : 0.0519    ndcg@20 : 0.0654    ndcg@50 : 0.089    
25 Oct 01:04    INFO  epoch 62 training [time: 23.85s, train loss: -1.8913]
25 Oct 01:04    INFO  epoch 62 evaluating [time: 14.96s, valid_score: 0.065500]
25 Oct 01:04    INFO  valid result: 
recall@10 : 0.0649    recall@20 : 0.1061    recall@50 : 0.1878    ndcg@10 : 0.0516    ndcg@20 : 0.0655    ndcg@50 : 0.0892    
25 Oct 01:04    INFO  Saving current best: saved/DirectAU-Oct-25-2023_00-23-31.pth
25 Oct 01:05    INFO  epoch 63 training [time: 24.02s, train loss: -1.8911]
25 Oct 01:05    INFO  epoch 63 evaluating [time: 16.31s, valid_score: 0.065500]
25 Oct 01:05    INFO  valid result: 
recall@10 : 0.0655    recall@20 : 0.1058    recall@50 : 0.1878    ndcg@10 : 0.052    ndcg@20 : 0.0655    ndcg@50 : 0.0894    
25 Oct 01:05    INFO  epoch 64 training [time: 24.00s, train loss: -1.8915]
25 Oct 01:06    INFO  epoch 64 evaluating [time: 17.39s, valid_score: 0.065700]
25 Oct 01:06    INFO  valid result: 
recall@10 : 0.0654    recall@20 : 0.1065    recall@50 : 0.1876    ndcg@10 : 0.0519    ndcg@20 : 0.0657    ndcg@50 : 0.0893    
25 Oct 01:06    INFO  Saving current best: saved/DirectAU-Oct-25-2023_00-23-31.pth
25 Oct 01:06    INFO  epoch 65 training [time: 23.83s, train loss: -1.8914]
25 Oct 01:06    INFO  epoch 65 evaluating [time: 15.31s, valid_score: 0.065700]
25 Oct 01:06    INFO  valid result: 
recall@10 : 0.0654    recall@20 : 0.1062    recall@50 : 0.1875    ndcg@10 : 0.0519    ndcg@20 : 0.0657    ndcg@50 : 0.0893    
25 Oct 01:07    INFO  epoch 66 training [time: 23.86s, train loss: -1.8915]
25 Oct 01:07    INFO  epoch 66 evaluating [time: 14.87s, valid_score: 0.065300]
25 Oct 01:07    INFO  valid result: 
recall@10 : 0.0653    recall@20 : 0.1058    recall@50 : 0.1881    ndcg@10 : 0.0516    ndcg@20 : 0.0653    ndcg@50 : 0.0892    
25 Oct 01:07    INFO  epoch 67 training [time: 23.86s, train loss: -1.8915]
25 Oct 01:08    INFO  epoch 67 evaluating [time: 17.40s, valid_score: 0.065700]
25 Oct 01:08    INFO  valid result: 
recall@10 : 0.0653    recall@20 : 0.1064    recall@50 : 0.1881    ndcg@10 : 0.0519    ndcg@20 : 0.0657    ndcg@50 : 0.0894    
25 Oct 01:08    INFO  epoch 68 training [time: 23.87s, train loss: -1.8915]
25 Oct 01:08    INFO  epoch 68 evaluating [time: 15.13s, valid_score: 0.065500]
25 Oct 01:08    INFO  valid result: 
recall@10 : 0.0652    recall@20 : 0.1062    recall@50 : 0.1886    ndcg@10 : 0.0517    ndcg@20 : 0.0655    ndcg@50 : 0.0894    
25 Oct 01:09    INFO  epoch 69 training [time: 23.84s, train loss: -1.8915]
25 Oct 01:09    INFO  epoch 69 evaluating [time: 14.94s, valid_score: 0.065800]
25 Oct 01:09    INFO  valid result: 
recall@10 : 0.066    recall@20 : 0.1066    recall@50 : 0.1885    ndcg@10 : 0.0521    ndcg@20 : 0.0658    ndcg@50 : 0.0895    
25 Oct 01:09    INFO  Saving current best: saved/DirectAU-Oct-25-2023_00-23-31.pth
25 Oct 01:09    INFO  epoch 70 training [time: 23.87s, train loss: -1.8916]
25 Oct 01:10    INFO  epoch 70 evaluating [time: 15.26s, valid_score: 0.065800]
25 Oct 01:10    INFO  valid result: 
recall@10 : 0.066    recall@20 : 0.1063    recall@50 : 0.1882    ndcg@10 : 0.0522    ndcg@20 : 0.0658    ndcg@50 : 0.0896    
25 Oct 01:10    INFO  epoch 71 training [time: 23.83s, train loss: -1.8917]
25 Oct 01:10    INFO  epoch 71 evaluating [time: 15.10s, valid_score: 0.065800]
25 Oct 01:10    INFO  valid result: 
recall@10 : 0.0661    recall@20 : 0.1065    recall@50 : 0.1882    ndcg@10 : 0.0522    ndcg@20 : 0.0658    ndcg@50 : 0.0895    
25 Oct 01:11    INFO  epoch 72 training [time: 23.92s, train loss: -1.8917]
25 Oct 01:11    INFO  epoch 72 evaluating [time: 15.23s, valid_score: 0.065800]
25 Oct 01:11    INFO  valid result: 
recall@10 : 0.0656    recall@20 : 0.1067    recall@50 : 0.1878    ndcg@10 : 0.0519    ndcg@20 : 0.0658    ndcg@50 : 0.0894    
25 Oct 01:11    INFO  epoch 73 training [time: 23.82s, train loss: -1.8919]
25 Oct 01:11    INFO  epoch 73 evaluating [time: 15.52s, valid_score: 0.065800]
25 Oct 01:11    INFO  valid result: 
recall@10 : 0.0659    recall@20 : 0.1063    recall@50 : 0.1883    ndcg@10 : 0.0522    ndcg@20 : 0.0658    ndcg@50 : 0.0897    
25 Oct 01:12    INFO  epoch 74 training [time: 23.87s, train loss: -1.8918]
25 Oct 01:12    INFO  epoch 74 evaluating [time: 15.47s, valid_score: 0.066000]
25 Oct 01:12    INFO  valid result: 
recall@10 : 0.0657    recall@20 : 0.1065    recall@50 : 0.1886    ndcg@10 : 0.0523    ndcg@20 : 0.066    ndcg@50 : 0.0899    
25 Oct 01:12    INFO  Saving current best: saved/DirectAU-Oct-25-2023_00-23-31.pth
25 Oct 01:13    INFO  epoch 75 training [time: 23.82s, train loss: -1.8919]
25 Oct 01:13    INFO  epoch 75 evaluating [time: 17.74s, valid_score: 0.066300]
25 Oct 01:13    INFO  valid result: 
recall@10 : 0.0658    recall@20 : 0.1074    recall@50 : 0.1889    ndcg@10 : 0.0523    ndcg@20 : 0.0663    ndcg@50 : 0.09    
25 Oct 01:13    INFO  Saving current best: saved/DirectAU-Oct-25-2023_00-23-31.pth
25 Oct 01:13    INFO  epoch 76 training [time: 24.00s, train loss: -1.8918]
25 Oct 01:14    INFO  epoch 76 evaluating [time: 18.08s, valid_score: 0.066000]
25 Oct 01:14    INFO  valid result: 
recall@10 : 0.0658    recall@20 : 0.107    recall@50 : 0.1886    ndcg@10 : 0.0521    ndcg@20 : 0.066    ndcg@50 : 0.0897    
25 Oct 01:14    INFO  epoch 77 training [time: 23.85s, train loss: -1.8918]
25 Oct 01:14    INFO  epoch 77 evaluating [time: 15.32s, valid_score: 0.065800]
25 Oct 01:14    INFO  valid result: 
recall@10 : 0.0657    recall@20 : 0.1067    recall@50 : 0.1887    ndcg@10 : 0.0521    ndcg@20 : 0.0658    ndcg@50 : 0.0897    
25 Oct 01:15    INFO  epoch 78 training [time: 23.86s, train loss: -1.8919]
25 Oct 01:15    INFO  epoch 78 evaluating [time: 15.52s, valid_score: 0.066000]
25 Oct 01:15    INFO  valid result: 
recall@10 : 0.0659    recall@20 : 0.107    recall@50 : 0.1891    ndcg@10 : 0.0522    ndcg@20 : 0.066    ndcg@50 : 0.0898    
25 Oct 01:15    INFO  epoch 79 training [time: 23.79s, train loss: -1.8919]
25 Oct 01:15    INFO  epoch 79 evaluating [time: 15.60s, valid_score: 0.065800]
25 Oct 01:15    INFO  valid result: 
recall@10 : 0.066    recall@20 : 0.1069    recall@50 : 0.189    ndcg@10 : 0.0521    ndcg@20 : 0.0658    ndcg@50 : 0.0897    
25 Oct 01:16    INFO  epoch 80 training [time: 23.88s, train loss: -1.8919]
25 Oct 01:16    INFO  epoch 80 evaluating [time: 15.61s, valid_score: 0.066000]
25 Oct 01:16    INFO  valid result: 
recall@10 : 0.0656    recall@20 : 0.1072    recall@50 : 0.1887    ndcg@10 : 0.052    ndcg@20 : 0.066    ndcg@50 : 0.0896    
25 Oct 01:17    INFO  epoch 81 training [time: 23.91s, train loss: -1.8918]
25 Oct 01:17    INFO  epoch 81 evaluating [time: 15.59s, valid_score: 0.066200]
25 Oct 01:17    INFO  valid result: 
recall@10 : 0.066    recall@20 : 0.1073    recall@50 : 0.1887    ndcg@10 : 0.0523    ndcg@20 : 0.0662    ndcg@50 : 0.0899    
25 Oct 01:17    INFO  epoch 82 training [time: 23.96s, train loss: -1.8919]
25 Oct 01:17    INFO  epoch 82 evaluating [time: 15.31s, valid_score: 0.066500]
25 Oct 01:17    INFO  valid result: 
recall@10 : 0.0657    recall@20 : 0.1085    recall@50 : 0.1889    ndcg@10 : 0.0521    ndcg@20 : 0.0665    ndcg@50 : 0.0898    
25 Oct 01:17    INFO  Saving current best: saved/DirectAU-Oct-25-2023_00-23-31.pth
25 Oct 01:18    INFO  epoch 83 training [time: 23.97s, train loss: -1.8920]
25 Oct 01:18    INFO  epoch 83 evaluating [time: 15.67s, valid_score: 0.066500]
25 Oct 01:18    INFO  valid result: 
recall@10 : 0.0666    recall@20 : 0.1078    recall@50 : 0.1889    ndcg@10 : 0.0526    ndcg@20 : 0.0665    ndcg@50 : 0.09    
25 Oct 01:19    INFO  epoch 84 training [time: 23.97s, train loss: -1.8920]
25 Oct 01:19    INFO  epoch 84 evaluating [time: 15.56s, valid_score: 0.066600]
25 Oct 01:19    INFO  valid result: 
recall@10 : 0.0672    recall@20 : 0.1074    recall@50 : 0.1891    ndcg@10 : 0.0531    ndcg@20 : 0.0666    ndcg@50 : 0.0903    
25 Oct 01:19    INFO  Saving current best: saved/DirectAU-Oct-25-2023_00-23-31.pth
25 Oct 01:19    INFO  epoch 85 training [time: 23.95s, train loss: -1.8920]
25 Oct 01:19    INFO  epoch 85 evaluating [time: 15.36s, valid_score: 0.066600]
25 Oct 01:19    INFO  valid result: 
recall@10 : 0.0667    recall@20 : 0.1074    recall@50 : 0.1891    ndcg@10 : 0.0528    ndcg@20 : 0.0666    ndcg@50 : 0.0902    
25 Oct 01:20    INFO  epoch 86 training [time: 24.00s, train loss: -1.8922]
25 Oct 01:20    INFO  epoch 86 evaluating [time: 15.09s, valid_score: 0.066400]
25 Oct 01:20    INFO  valid result: 
recall@10 : 0.0665    recall@20 : 0.1073    recall@50 : 0.1894    ndcg@10 : 0.0527    ndcg@20 : 0.0664    ndcg@50 : 0.0902    
25 Oct 01:20    INFO  epoch 87 training [time: 23.97s, train loss: -1.8920]
25 Oct 01:21    INFO  epoch 87 evaluating [time: 15.16s, valid_score: 0.066500]
25 Oct 01:21    INFO  valid result: 
recall@10 : 0.0667    recall@20 : 0.1075    recall@50 : 0.1891    ndcg@10 : 0.0527    ndcg@20 : 0.0665    ndcg@50 : 0.0902    
25 Oct 01:21    INFO  epoch 88 training [time: 24.02s, train loss: -1.8922]
25 Oct 01:21    INFO  epoch 88 evaluating [time: 17.16s, valid_score: 0.066300]
25 Oct 01:21    INFO  valid result: 
recall@10 : 0.0659    recall@20 : 0.1074    recall@50 : 0.1894    ndcg@10 : 0.0523    ndcg@20 : 0.0663    ndcg@50 : 0.0901    
25 Oct 01:22    INFO  epoch 89 training [time: 23.94s, train loss: -1.8921]
25 Oct 01:22    INFO  epoch 89 evaluating [time: 15.34s, valid_score: 0.066400]
25 Oct 01:22    INFO  valid result: 
recall@10 : 0.0663    recall@20 : 0.1072    recall@50 : 0.1891    ndcg@10 : 0.0526    ndcg@20 : 0.0664    ndcg@50 : 0.0902    
25 Oct 01:22    INFO  epoch 90 training [time: 23.86s, train loss: -1.8921]
25 Oct 01:23    INFO  epoch 90 evaluating [time: 14.93s, valid_score: 0.066500]
25 Oct 01:23    INFO  valid result: 
recall@10 : 0.0664    recall@20 : 0.1073    recall@50 : 0.19    ndcg@10 : 0.0527    ndcg@20 : 0.0665    ndcg@50 : 0.0905    
25 Oct 01:23    INFO  epoch 91 training [time: 23.82s, train loss: -1.8922]
25 Oct 01:23    INFO  epoch 91 evaluating [time: 15.15s, valid_score: 0.066600]
25 Oct 01:23    INFO  valid result: 
recall@10 : 0.0666    recall@20 : 0.1075    recall@50 : 0.1891    ndcg@10 : 0.0527    ndcg@20 : 0.0666    ndcg@50 : 0.0902    
25 Oct 01:24    INFO  epoch 92 training [time: 23.82s, train loss: -1.8922]
25 Oct 01:24    INFO  epoch 92 evaluating [time: 15.08s, valid_score: 0.066700]
25 Oct 01:24    INFO  valid result: 
recall@10 : 0.0665    recall@20 : 0.1079    recall@50 : 0.1891    ndcg@10 : 0.0527    ndcg@20 : 0.0667    ndcg@50 : 0.0903    
25 Oct 01:24    INFO  Saving current best: saved/DirectAU-Oct-25-2023_00-23-31.pth
25 Oct 01:24    INFO  epoch 93 training [time: 23.79s, train loss: -1.8923]
25 Oct 01:25    INFO  epoch 93 evaluating [time: 15.08s, valid_score: 0.066500]
25 Oct 01:25    INFO  valid result: 
recall@10 : 0.0669    recall@20 : 0.1076    recall@50 : 0.1892    ndcg@10 : 0.0527    ndcg@20 : 0.0665    ndcg@50 : 0.0902    
25 Oct 01:25    INFO  epoch 94 training [time: 23.89s, train loss: -1.8923]
25 Oct 01:25    INFO  epoch 94 evaluating [time: 15.11s, valid_score: 0.066600]
25 Oct 01:25    INFO  valid result: 
recall@10 : 0.0663    recall@20 : 0.1078    recall@50 : 0.1891    ndcg@10 : 0.0526    ndcg@20 : 0.0666    ndcg@50 : 0.0902    
25 Oct 01:26    INFO  epoch 95 training [time: 23.92s, train loss: -1.8922]
25 Oct 01:26    INFO  epoch 95 evaluating [time: 14.95s, valid_score: 0.066700]
25 Oct 01:26    INFO  valid result: 
recall@10 : 0.0665    recall@20 : 0.1076    recall@50 : 0.1892    ndcg@10 : 0.0529    ndcg@20 : 0.0667    ndcg@50 : 0.0904    
25 Oct 01:26    INFO  epoch 96 training [time: 23.87s, train loss: -1.8923]
25 Oct 01:27    INFO  epoch 96 evaluating [time: 15.00s, valid_score: 0.066500]
25 Oct 01:27    INFO  valid result: 
recall@10 : 0.0667    recall@20 : 0.1072    recall@50 : 0.1896    ndcg@10 : 0.0528    ndcg@20 : 0.0665    ndcg@50 : 0.0904    
25 Oct 01:27    INFO  epoch 97 training [time: 23.93s, train loss: -1.8922]
25 Oct 01:27    INFO  epoch 97 evaluating [time: 16.90s, valid_score: 0.066500]
25 Oct 01:27    INFO  valid result: 
recall@10 : 0.0662    recall@20 : 0.1077    recall@50 : 0.1892    ndcg@10 : 0.0525    ndcg@20 : 0.0665    ndcg@50 : 0.0902    
25 Oct 01:28    INFO  epoch 98 training [time: 24.02s, train loss: -1.8924]
25 Oct 01:28    INFO  epoch 98 evaluating [time: 17.28s, valid_score: 0.066600]
25 Oct 01:28    INFO  valid result: 
recall@10 : 0.0666    recall@20 : 0.1078    recall@50 : 0.1892    ndcg@10 : 0.0527    ndcg@20 : 0.0666    ndcg@50 : 0.0903    
25 Oct 01:28    INFO  epoch 99 training [time: 23.80s, train loss: -1.8924]
25 Oct 01:29    INFO  epoch 99 evaluating [time: 14.81s, valid_score: 0.066400]
25 Oct 01:29    INFO  valid result: 
recall@10 : 0.0665    recall@20 : 0.1074    recall@50 : 0.1892    ndcg@10 : 0.0527    ndcg@20 : 0.0664    ndcg@50 : 0.0902    
25 Oct 01:29    INFO  epoch 100 training [time: 23.84s, train loss: -1.8924]
25 Oct 01:29    INFO  epoch 100 evaluating [time: 15.02s, valid_score: 0.066300]
25 Oct 01:29    INFO  valid result: 
recall@10 : 0.0662    recall@20 : 0.1072    recall@50 : 0.1896    ndcg@10 : 0.0524    ndcg@20 : 0.0663    ndcg@50 : 0.0902    
25 Oct 01:30    INFO  epoch 101 training [time: 23.89s, train loss: -1.8924]
25 Oct 01:30    INFO  epoch 101 evaluating [time: 14.88s, valid_score: 0.066300]
25 Oct 01:30    INFO  valid result: 
recall@10 : 0.0669    recall@20 : 0.1075    recall@50 : 0.1889    ndcg@10 : 0.0525    ndcg@20 : 0.0663    ndcg@50 : 0.0899    
25 Oct 01:30    INFO  epoch 102 training [time: 23.90s, train loss: -1.8923]
25 Oct 01:31    INFO  epoch 102 evaluating [time: 15.12s, valid_score: 0.066500]
25 Oct 01:31    INFO  valid result: 
recall@10 : 0.0664    recall@20 : 0.1076    recall@50 : 0.1894    ndcg@10 : 0.0526    ndcg@20 : 0.0665    ndcg@50 : 0.0903    
25 Oct 01:31    INFO  epoch 103 training [time: 23.88s, train loss: -1.8923]
25 Oct 01:31    INFO  epoch 103 evaluating [time: 14.76s, valid_score: 0.066600]
25 Oct 01:31    INFO  valid result: 
recall@10 : 0.0669    recall@20 : 0.1076    recall@50 : 0.1898    ndcg@10 : 0.053    ndcg@20 : 0.0666    ndcg@50 : 0.0905    
25 Oct 01:31    INFO  Finished training, best eval result in epoch 92
25 Oct 01:31    INFO  Loading model structure and parameters from saved/DirectAU-Oct-25-2023_00-23-31.pth
25 Oct 01:31    INFO  best valid : {'recall@10': 0.0665, 'recall@20': 0.1079, 'recall@50': 0.1891, 'ndcg@10': 0.0527, 'ndcg@20': 0.0667, 'ndcg@50': 0.0903}
25 Oct 01:31    INFO  test result: {'recall@10': 0.0674, 'recall@20': 0.1079, 'recall@50': 0.1904, 'ndcg@10': 0.0543, 'ndcg@20': 0.0677, 'ndcg@50': 0.0917}
