command line args [--zc 1] will not be used in RecBole
24 Oct 19:59    INFO  
General Hyper Parameters:
gpu_id = 9
use_gpu = True
seed = 0
state = INFO
reproducibility = True
data_path = dataset/Yelp
show_progress = False

Training Hyper Parameters:
checkpoint_dir = saved
epochs = 500
train_batch_size = 1024
learner = adam
learning_rate = 0.001
training_neg_sample_num = 0
training_neg_sample_distribution = uniform
eval_step = 1
stopping_step = 10
clip_grad_norm = None
weight_decay = 1e-06
draw_loss_pic = False
loss_decimal_place = 4

Evaluation Hyper Parameters:
eval_setting = RO_RS,full
group_by_user = True
split_ratio = [0.8, 0.1, 0.1]
leave_one_num = 2
real_time_process = False
metrics = ['Recall', 'NDCG']
topk = [10, 20, 50]
valid_metric = NDCG@20
eval_batch_size = 4096
metric_decimal_place = 4

Dataset Hyper Parameters:
field_separator = 	
seq_separator =  
USER_ID_FIELD = user_id
ITEM_ID_FIELD = item_id
RATING_FIELD = rating
TIME_FIELD = timestamp
seq_len = None
LABEL_FIELD = label
threshold = None
NEG_PREFIX = neg_
load_col = {'inter': ['user_id', 'item_id', 'timestamp']}
unload_col = None
unused_col = None
additional_feat_suffix = None
lowest_val = None
highest_val = None
equal_val = None
not_equal_val = None
max_user_inter_num = None
min_user_inter_num = 5
max_item_inter_num = None
min_item_inter_num = 5
fields_in_same_space = None
preload_weight = None
normalize_field = None
normalize_all = None
ITEM_LIST_LENGTH_FIELD = item_length
LIST_SUFFIX = _list
MAX_ITEM_LIST_LENGTH = 50
POSITION_FIELD = position_id
HEAD_ENTITY_ID_FIELD = head_id
TAIL_ENTITY_ID_FIELD = tail_id
RELATION_ID_FIELD = relation_id
ENTITY_ID_FIELD = entity_id

Other Hyper Parameters: 
valid_metric_bigger = True
BT = 0.1
bt = 0.001
embedding_size = 64
encoder = MF
gamma = 0.5
times = 1
witem = 0.1
wuser = 0.8
zc = 1.0
rm_dup_inter = None
filter_inter_by_user_or_item = True
SOURCE_ID_FIELD = source_id
TARGET_ID_FIELD = target_id
benchmark_filename = None
MODEL_TYPE = ModelType.GENERAL
MODEL_INPUT_TYPE = InputType.POINTWISE
eval_type = EvaluatorType.RANKING
device = cuda
train_neg_sample_args = {'strategy': 'none'}


24 Oct 19:59    INFO  Yelp
The number of users: 31669
Average actions of users: 49.305481874447395
The number of items: 38049
Average actions of items: 41.037794365012616
The number of inters: 1561406
The sparsity of the dataset: 99.87041991912021%
Remain Fields: ['user_id', 'item_id']
24 Oct 19:59    INFO  Build [GeneralDataLoader] for [train] with format [InputType.POINTWISE]
24 Oct 19:59    INFO  [train] No Negative Sampling
24 Oct 19:59    INFO  [train] batch_size = [1024], shuffle = [True]

24 Oct 19:59    INFO  Build [GeneralFullDataLoader] for [evaluation] with format [InputType.POINTWISE]
24 Oct 19:59    INFO  Evaluation Setting:
	Group by user_id
	Ordering: {'strategy': 'shuffle'}
	Splitting: {'strategy': 'by_ratio', 'ratios': [0.8, 0.1, 0.1]}
	Negative Sampling: {'strategy': 'full', 'distribution': 'uniform'}
24 Oct 19:59    INFO  [evaluation] batch_size = [4096], shuffle = [False]

24 Oct 19:59    WARNING  Batch size is changed to 38049.
24 Oct 19:59    WARNING  Batch size is changed to 38049.
{'BT': 0.1, 'bt': 0.001, 'embedding_size': 64, 'encoder': 'MF', 'gamma': None, 'times': 1, 'training_neg_sample_num': 0, 'witem': 0.1, 'wuser': 0.8, 'zc': 1.0}
this is encoder MF...
这是directau 的 WUBT 版本...
24 Oct 19:59    INFO  DirectAU(
  (encoder): MFEncoder(
    (user_embedding): Embedding(31669, 64)
    (item_embedding): Embedding(38049, 64)
  )
  (bn): BatchNorm1d(64, eps=1e-05, momentum=0.1, affine=False, track_running_stats=True)
  (projector): Sequential(
    (0): Linear(in_features=64, out_features=64, bias=False)
    (1): BatchNorm1d(64, eps=1e-05, momentum=0.1, affine=True, track_running_stats=True)
    (2): ReLU(inplace=True)
    (3): Linear(in_features=64, out_features=64, bias=False)
    (4): BatchNorm1d(64, eps=1e-05, momentum=0.1, affine=True, track_running_stats=True)
    (5): ReLU(inplace=True)
    (6): Linear(in_features=64, out_features=64, bias=False)
  )
)
Trainable parameters: 4474496
24 Oct 20:00    INFO  epoch 0 training [time: 24.30s, train loss: -0.1530]
24 Oct 20:00    INFO  epoch 0 evaluating [time: 15.20s, valid_score: 0.024200]
24 Oct 20:00    INFO  valid result: 
recall@10 : 0.0225    recall@20 : 0.0399    recall@50 : 0.0795    ndcg@10 : 0.0181    ndcg@20 : 0.0242    ndcg@50 : 0.036    
24 Oct 20:00    INFO  Saving current best: saved/DirectAU-Oct-24-2023_19-59-47.pth
24 Oct 20:00    INFO  epoch 1 training [time: 24.24s, train loss: -0.5606]
24 Oct 20:01    INFO  epoch 1 evaluating [time: 14.95s, valid_score: 0.033900]
24 Oct 20:01    INFO  valid result: 
recall@10 : 0.0327    recall@20 : 0.056    recall@50 : 0.1076    ndcg@10 : 0.0259    ndcg@20 : 0.0339    ndcg@50 : 0.0491    
24 Oct 20:01    INFO  Saving current best: saved/DirectAU-Oct-24-2023_19-59-47.pth
24 Oct 20:01    INFO  epoch 2 training [time: 24.37s, train loss: -0.6405]
24 Oct 20:01    INFO  epoch 2 evaluating [time: 15.22s, valid_score: 0.038000]
24 Oct 20:01    INFO  valid result: 
recall@10 : 0.0371    recall@20 : 0.0632    recall@50 : 0.1192    ndcg@10 : 0.0291    ndcg@20 : 0.038    ndcg@50 : 0.0545    
24 Oct 20:01    INFO  Saving current best: saved/DirectAU-Oct-24-2023_19-59-47.pth
24 Oct 20:02    INFO  epoch 3 training [time: 24.39s, train loss: -0.6803]
24 Oct 20:02    INFO  epoch 3 evaluating [time: 15.17s, valid_score: 0.041100]
24 Oct 20:02    INFO  valid result: 
recall@10 : 0.0406    recall@20 : 0.0682    recall@50 : 0.1272    ndcg@10 : 0.0316    ndcg@20 : 0.0411    ndcg@50 : 0.0584    
24 Oct 20:02    INFO  Saving current best: saved/DirectAU-Oct-24-2023_19-59-47.pth
24 Oct 20:02    INFO  epoch 4 training [time: 24.37s, train loss: -0.7068]
24 Oct 20:03    INFO  epoch 4 evaluating [time: 14.89s, valid_score: 0.043300]
24 Oct 20:03    INFO  valid result: 
recall@10 : 0.0431    recall@20 : 0.0718    recall@50 : 0.1321    ndcg@10 : 0.0334    ndcg@20 : 0.0433    ndcg@50 : 0.0609    
24 Oct 20:03    INFO  Saving current best: saved/DirectAU-Oct-24-2023_19-59-47.pth
24 Oct 20:03    INFO  epoch 5 training [time: 24.37s, train loss: -0.7269]
24 Oct 20:03    INFO  epoch 5 evaluating [time: 15.19s, valid_score: 0.045100]
24 Oct 20:03    INFO  valid result: 
recall@10 : 0.0451    recall@20 : 0.0743    recall@50 : 0.1375    ndcg@10 : 0.0352    ndcg@20 : 0.0451    ndcg@50 : 0.0636    
24 Oct 20:03    INFO  Saving current best: saved/DirectAU-Oct-24-2023_19-59-47.pth
24 Oct 20:04    INFO  epoch 6 training [time: 24.38s, train loss: -0.7429]
24 Oct 20:04    INFO  epoch 6 evaluating [time: 14.89s, valid_score: 0.047300]
24 Oct 20:04    INFO  valid result: 
recall@10 : 0.0472    recall@20 : 0.0779    recall@50 : 0.1417    ndcg@10 : 0.0368    ndcg@20 : 0.0473    ndcg@50 : 0.0659    
24 Oct 20:04    INFO  Saving current best: saved/DirectAU-Oct-24-2023_19-59-47.pth
24 Oct 20:04    INFO  epoch 7 training [time: 24.37s, train loss: -0.7568]
24 Oct 20:05    INFO  epoch 7 evaluating [time: 15.12s, valid_score: 0.048900]
24 Oct 20:05    INFO  valid result: 
recall@10 : 0.0492    recall@20 : 0.0803    recall@50 : 0.146    ndcg@10 : 0.0383    ndcg@20 : 0.0489    ndcg@50 : 0.0681    
24 Oct 20:05    INFO  Saving current best: saved/DirectAU-Oct-24-2023_19-59-47.pth
24 Oct 20:05    INFO  epoch 8 training [time: 24.38s, train loss: -0.7684]
24 Oct 20:05    INFO  epoch 8 evaluating [time: 14.85s, valid_score: 0.050200]
24 Oct 20:05    INFO  valid result: 
recall@10 : 0.0502    recall@20 : 0.0825    recall@50 : 0.1491    ndcg@10 : 0.0392    ndcg@20 : 0.0502    ndcg@50 : 0.0696    
24 Oct 20:05    INFO  Saving current best: saved/DirectAU-Oct-24-2023_19-59-47.pth
24 Oct 20:06    INFO  epoch 9 training [time: 24.38s, train loss: -0.7784]
24 Oct 20:06    INFO  epoch 9 evaluating [time: 15.23s, valid_score: 0.051700]
24 Oct 20:06    INFO  valid result: 
recall@10 : 0.0518    recall@20 : 0.0843    recall@50 : 0.1534    ndcg@10 : 0.0406    ndcg@20 : 0.0517    ndcg@50 : 0.0718    
24 Oct 20:06    INFO  Saving current best: saved/DirectAU-Oct-24-2023_19-59-47.pth
24 Oct 20:06    INFO  epoch 10 training [time: 24.38s, train loss: -0.7871]
24 Oct 20:07    INFO  epoch 10 evaluating [time: 14.91s, valid_score: 0.053000]
24 Oct 20:07    INFO  valid result: 
recall@10 : 0.0528    recall@20 : 0.0867    recall@50 : 0.1568    ndcg@10 : 0.0416    ndcg@20 : 0.053    ndcg@50 : 0.0734    
24 Oct 20:07    INFO  Saving current best: saved/DirectAU-Oct-24-2023_19-59-47.pth
24 Oct 20:07    INFO  epoch 11 training [time: 24.37s, train loss: -0.7945]
24 Oct 20:07    INFO  epoch 11 evaluating [time: 15.14s, valid_score: 0.054100]
24 Oct 20:07    INFO  valid result: 
recall@10 : 0.0539    recall@20 : 0.0885    recall@50 : 0.1596    ndcg@10 : 0.0424    ndcg@20 : 0.0541    ndcg@50 : 0.0748    
24 Oct 20:07    INFO  Saving current best: saved/DirectAU-Oct-24-2023_19-59-47.pth
24 Oct 20:08    INFO  epoch 12 training [time: 24.36s, train loss: -0.8009]
24 Oct 20:08    INFO  epoch 12 evaluating [time: 14.85s, valid_score: 0.055700]
24 Oct 20:08    INFO  valid result: 
recall@10 : 0.0554    recall@20 : 0.0907    recall@50 : 0.1632    ndcg@10 : 0.0437    ndcg@20 : 0.0557    ndcg@50 : 0.0768    
24 Oct 20:08    INFO  Saving current best: saved/DirectAU-Oct-24-2023_19-59-47.pth
24 Oct 20:08    INFO  epoch 13 training [time: 24.36s, train loss: -0.8065]
24 Oct 20:09    INFO  epoch 13 evaluating [time: 15.28s, valid_score: 0.056300]
24 Oct 20:09    INFO  valid result: 
recall@10 : 0.0564    recall@20 : 0.0916    recall@50 : 0.1648    ndcg@10 : 0.0444    ndcg@20 : 0.0563    ndcg@50 : 0.0776    
24 Oct 20:09    INFO  Saving current best: saved/DirectAU-Oct-24-2023_19-59-47.pth
24 Oct 20:09    INFO  epoch 14 training [time: 24.41s, train loss: -0.8113]
24 Oct 20:09    INFO  epoch 14 evaluating [time: 14.93s, valid_score: 0.057900]
24 Oct 20:09    INFO  valid result: 
recall@10 : 0.0575    recall@20 : 0.0941    recall@50 : 0.1678    ndcg@10 : 0.0456    ndcg@20 : 0.0579    ndcg@50 : 0.0794    
24 Oct 20:09    INFO  Saving current best: saved/DirectAU-Oct-24-2023_19-59-47.pth
24 Oct 20:10    INFO  epoch 15 training [time: 24.36s, train loss: -0.8155]
24 Oct 20:10    INFO  epoch 15 evaluating [time: 15.19s, valid_score: 0.058400]
24 Oct 20:10    INFO  valid result: 
recall@10 : 0.0584    recall@20 : 0.0947    recall@50 : 0.1693    ndcg@10 : 0.0461    ndcg@20 : 0.0584    ndcg@50 : 0.0801    
24 Oct 20:10    INFO  Saving current best: saved/DirectAU-Oct-24-2023_19-59-47.pth
24 Oct 20:10    INFO  epoch 16 training [time: 24.14s, train loss: -0.8191]
24 Oct 20:10    INFO  epoch 16 evaluating [time: 15.13s, valid_score: 0.059200]
24 Oct 20:10    INFO  valid result: 
recall@10 : 0.0589    recall@20 : 0.0959    recall@50 : 0.1707    ndcg@10 : 0.0467    ndcg@20 : 0.0592    ndcg@50 : 0.081    
24 Oct 20:11    INFO  Saving current best: saved/DirectAU-Oct-24-2023_19-59-47.pth
24 Oct 20:11    INFO  epoch 17 training [time: 23.90s, train loss: -0.8225]
24 Oct 20:11    INFO  epoch 17 evaluating [time: 14.87s, valid_score: 0.059000]
24 Oct 20:11    INFO  valid result: 
recall@10 : 0.0588    recall@20 : 0.0957    recall@50 : 0.1725    ndcg@10 : 0.0465    ndcg@20 : 0.059    ndcg@50 : 0.0814    
24 Oct 20:12    INFO  epoch 18 training [time: 23.87s, train loss: -0.8254]
24 Oct 20:12    INFO  epoch 18 evaluating [time: 15.14s, valid_score: 0.059700]
24 Oct 20:12    INFO  valid result: 
recall@10 : 0.0596    recall@20 : 0.0963    recall@50 : 0.1734    ndcg@10 : 0.0473    ndcg@20 : 0.0597    ndcg@50 : 0.0821    
24 Oct 20:12    INFO  Saving current best: saved/DirectAU-Oct-24-2023_19-59-47.pth
24 Oct 20:12    INFO  epoch 19 training [time: 23.88s, train loss: -0.8278]
24 Oct 20:12    INFO  epoch 19 evaluating [time: 14.94s, valid_score: 0.060600]
24 Oct 20:12    INFO  valid result: 
recall@10 : 0.0601    recall@20 : 0.0974    recall@50 : 0.175    ndcg@10 : 0.048    ndcg@20 : 0.0606    ndcg@50 : 0.0831    
24 Oct 20:12    INFO  Saving current best: saved/DirectAU-Oct-24-2023_19-59-47.pth
24 Oct 20:13    INFO  epoch 20 training [time: 24.40s, train loss: -0.8299]
24 Oct 20:13    INFO  epoch 20 evaluating [time: 15.28s, valid_score: 0.060600]
24 Oct 20:13    INFO  valid result: 
recall@10 : 0.0606    recall@20 : 0.0974    recall@50 : 0.1756    ndcg@10 : 0.0482    ndcg@20 : 0.0606    ndcg@50 : 0.0833    
24 Oct 20:14    INFO  epoch 21 training [time: 24.37s, train loss: -0.8317]
24 Oct 20:14    INFO  epoch 21 evaluating [time: 15.00s, valid_score: 0.061200]
24 Oct 20:14    INFO  valid result: 
recall@10 : 0.0612    recall@20 : 0.0989    recall@50 : 0.1774    ndcg@10 : 0.0485    ndcg@20 : 0.0612    ndcg@50 : 0.0839    
24 Oct 20:14    INFO  Saving current best: saved/DirectAU-Oct-24-2023_19-59-47.pth
24 Oct 20:14    INFO  epoch 22 training [time: 24.38s, train loss: -0.8332]
24 Oct 20:14    INFO  epoch 22 evaluating [time: 15.31s, valid_score: 0.061400]
24 Oct 20:14    INFO  valid result: 
recall@10 : 0.0615    recall@20 : 0.0987    recall@50 : 0.1775    ndcg@10 : 0.0488    ndcg@20 : 0.0614    ndcg@50 : 0.0842    
24 Oct 20:14    INFO  Saving current best: saved/DirectAU-Oct-24-2023_19-59-47.pth
24 Oct 20:15    INFO  epoch 23 training [time: 24.34s, train loss: -0.8347]
24 Oct 20:15    INFO  epoch 23 evaluating [time: 15.03s, valid_score: 0.062100]
24 Oct 20:15    INFO  valid result: 
recall@10 : 0.0621    recall@20 : 0.1    recall@50 : 0.1782    ndcg@10 : 0.0493    ndcg@20 : 0.0621    ndcg@50 : 0.0847    
24 Oct 20:15    INFO  Saving current best: saved/DirectAU-Oct-24-2023_19-59-47.pth
24 Oct 20:15    INFO  epoch 24 training [time: 24.39s, train loss: -0.8360]
24 Oct 20:16    INFO  epoch 24 evaluating [time: 15.29s, valid_score: 0.062100]
24 Oct 20:16    INFO  valid result: 
recall@10 : 0.062    recall@20 : 0.0998    recall@50 : 0.1791    ndcg@10 : 0.0493    ndcg@20 : 0.0621    ndcg@50 : 0.0851    
24 Oct 20:16    INFO  epoch 25 training [time: 24.39s, train loss: -0.8370]
24 Oct 20:16    INFO  epoch 25 evaluating [time: 14.98s, valid_score: 0.062300]
24 Oct 20:16    INFO  valid result: 
recall@10 : 0.0621    recall@20 : 0.1002    recall@50 : 0.18    ndcg@10 : 0.0494    ndcg@20 : 0.0623    ndcg@50 : 0.0854    
24 Oct 20:16    INFO  Saving current best: saved/DirectAU-Oct-24-2023_19-59-47.pth
24 Oct 20:17    INFO  epoch 26 training [time: 24.33s, train loss: -0.8379]
24 Oct 20:17    INFO  epoch 26 evaluating [time: 15.44s, valid_score: 0.062400]
24 Oct 20:17    INFO  valid result: 
recall@10 : 0.0622    recall@20 : 0.1005    recall@50 : 0.1798    ndcg@10 : 0.0495    ndcg@20 : 0.0624    ndcg@50 : 0.0854    
24 Oct 20:17    INFO  Saving current best: saved/DirectAU-Oct-24-2023_19-59-47.pth
24 Oct 20:17    INFO  epoch 27 training [time: 24.35s, train loss: -0.8388]
24 Oct 20:18    INFO  epoch 27 evaluating [time: 14.86s, valid_score: 0.062600]
24 Oct 20:18    INFO  valid result: 
recall@10 : 0.0619    recall@20 : 0.1008    recall@50 : 0.18    ndcg@10 : 0.0494    ndcg@20 : 0.0626    ndcg@50 : 0.0856    
24 Oct 20:18    INFO  Saving current best: saved/DirectAU-Oct-24-2023_19-59-47.pth
24 Oct 20:18    INFO  epoch 28 training [time: 24.38s, train loss: -0.8396]
24 Oct 20:18    INFO  epoch 28 evaluating [time: 15.20s, valid_score: 0.062900]
24 Oct 20:18    INFO  valid result: 
recall@10 : 0.0631    recall@20 : 0.1008    recall@50 : 0.1801    ndcg@10 : 0.0502    ndcg@20 : 0.0629    ndcg@50 : 0.0859    
24 Oct 20:18    INFO  Saving current best: saved/DirectAU-Oct-24-2023_19-59-47.pth
24 Oct 20:19    INFO  epoch 29 training [time: 24.36s, train loss: -0.8403]
24 Oct 20:19    INFO  epoch 29 evaluating [time: 15.17s, valid_score: 0.063100]
24 Oct 20:19    INFO  valid result: 
recall@10 : 0.0626    recall@20 : 0.1015    recall@50 : 0.1808    ndcg@10 : 0.05    ndcg@20 : 0.0631    ndcg@50 : 0.0861    
24 Oct 20:19    INFO  Saving current best: saved/DirectAU-Oct-24-2023_19-59-47.pth
24 Oct 20:19    INFO  epoch 30 training [time: 24.36s, train loss: -0.8408]
24 Oct 20:20    INFO  epoch 30 evaluating [time: 15.06s, valid_score: 0.063500]
24 Oct 20:20    INFO  valid result: 
recall@10 : 0.0629    recall@20 : 0.1017    recall@50 : 0.1814    ndcg@10 : 0.0503    ndcg@20 : 0.0635    ndcg@50 : 0.0866    
24 Oct 20:20    INFO  Saving current best: saved/DirectAU-Oct-24-2023_19-59-47.pth
24 Oct 20:20    INFO  epoch 31 training [time: 24.37s, train loss: -0.8414]
24 Oct 20:20    INFO  epoch 31 evaluating [time: 15.36s, valid_score: 0.063300]
24 Oct 20:20    INFO  valid result: 
recall@10 : 0.0638    recall@20 : 0.1019    recall@50 : 0.182    ndcg@10 : 0.0504    ndcg@20 : 0.0633    ndcg@50 : 0.0866    
24 Oct 20:21    INFO  epoch 32 training [time: 24.36s, train loss: -0.8419]
24 Oct 20:21    INFO  epoch 32 evaluating [time: 14.96s, valid_score: 0.063500]
24 Oct 20:21    INFO  valid result: 
recall@10 : 0.0635    recall@20 : 0.1019    recall@50 : 0.182    ndcg@10 : 0.0506    ndcg@20 : 0.0635    ndcg@50 : 0.0868    
24 Oct 20:21    INFO  epoch 33 training [time: 24.36s, train loss: -0.8424]
24 Oct 20:22    INFO  epoch 33 evaluating [time: 15.16s, valid_score: 0.063400]
24 Oct 20:22    INFO  valid result: 
recall@10 : 0.0634    recall@20 : 0.1015    recall@50 : 0.182    ndcg@10 : 0.0505    ndcg@20 : 0.0634    ndcg@50 : 0.0867    
24 Oct 20:22    INFO  epoch 34 training [time: 24.37s, train loss: -0.8429]
24 Oct 20:22    INFO  epoch 34 evaluating [time: 14.88s, valid_score: 0.063900]
24 Oct 20:22    INFO  valid result: 
recall@10 : 0.0637    recall@20 : 0.1022    recall@50 : 0.1822    ndcg@10 : 0.0509    ndcg@20 : 0.0639    ndcg@50 : 0.087    
24 Oct 20:22    INFO  Saving current best: saved/DirectAU-Oct-24-2023_19-59-47.pth
24 Oct 20:23    INFO  epoch 35 training [time: 24.36s, train loss: -0.8432]
24 Oct 20:23    INFO  epoch 35 evaluating [time: 15.20s, valid_score: 0.063700]
24 Oct 20:23    INFO  valid result: 
recall@10 : 0.064    recall@20 : 0.1023    recall@50 : 0.1821    ndcg@10 : 0.0508    ndcg@20 : 0.0637    ndcg@50 : 0.0868    
24 Oct 20:23    INFO  epoch 36 training [time: 24.37s, train loss: -0.8437]
24 Oct 20:24    INFO  epoch 36 evaluating [time: 14.92s, valid_score: 0.063800]
24 Oct 20:24    INFO  valid result: 
recall@10 : 0.0634    recall@20 : 0.1022    recall@50 : 0.1833    ndcg@10 : 0.0507    ndcg@20 : 0.0638    ndcg@50 : 0.0873    
24 Oct 20:24    INFO  epoch 37 training [time: 24.37s, train loss: -0.8440]
24 Oct 20:24    INFO  epoch 37 evaluating [time: 15.19s, valid_score: 0.064000]
24 Oct 20:24    INFO  valid result: 
recall@10 : 0.0636    recall@20 : 0.1026    recall@50 : 0.1832    ndcg@10 : 0.0508    ndcg@20 : 0.064    ndcg@50 : 0.0873    
24 Oct 20:24    INFO  Saving current best: saved/DirectAU-Oct-24-2023_19-59-47.pth
24 Oct 20:25    INFO  epoch 38 training [time: 24.37s, train loss: -0.8443]
24 Oct 20:25    INFO  epoch 38 evaluating [time: 14.89s, valid_score: 0.064200]
24 Oct 20:25    INFO  valid result: 
recall@10 : 0.0635    recall@20 : 0.1028    recall@50 : 0.1832    ndcg@10 : 0.051    ndcg@20 : 0.0642    ndcg@50 : 0.0875    
24 Oct 20:25    INFO  Saving current best: saved/DirectAU-Oct-24-2023_19-59-47.pth
24 Oct 20:25    INFO  epoch 39 training [time: 24.35s, train loss: -0.8444]
24 Oct 20:26    INFO  epoch 39 evaluating [time: 15.40s, valid_score: 0.064000]
24 Oct 20:26    INFO  valid result: 
recall@10 : 0.0634    recall@20 : 0.1024    recall@50 : 0.1831    ndcg@10 : 0.0508    ndcg@20 : 0.064    ndcg@50 : 0.0874    
24 Oct 20:26    INFO  epoch 40 training [time: 24.37s, train loss: -0.8446]
24 Oct 20:26    INFO  epoch 40 evaluating [time: 15.01s, valid_score: 0.064100]
24 Oct 20:26    INFO  valid result: 
recall@10 : 0.0638    recall@20 : 0.1026    recall@50 : 0.1834    ndcg@10 : 0.051    ndcg@20 : 0.0641    ndcg@50 : 0.0875    
24 Oct 20:27    INFO  epoch 41 training [time: 24.35s, train loss: -0.8447]
24 Oct 20:27    INFO  epoch 41 evaluating [time: 15.27s, valid_score: 0.064500]
24 Oct 20:27    INFO  valid result: 
recall@10 : 0.064    recall@20 : 0.1034    recall@50 : 0.1825    ndcg@10 : 0.0512    ndcg@20 : 0.0645    ndcg@50 : 0.0874    
24 Oct 20:27    INFO  Saving current best: saved/DirectAU-Oct-24-2023_19-59-47.pth
24 Oct 20:27    INFO  epoch 42 training [time: 24.35s, train loss: -0.8448]
24 Oct 20:28    INFO  epoch 42 evaluating [time: 15.25s, valid_score: 0.064200]
24 Oct 20:28    INFO  valid result: 
recall@10 : 0.0636    recall@20 : 0.1027    recall@50 : 0.1838    ndcg@10 : 0.051    ndcg@20 : 0.0642    ndcg@50 : 0.0877    
24 Oct 20:28    INFO  epoch 43 training [time: 24.35s, train loss: -0.8449]
24 Oct 20:28    INFO  epoch 43 evaluating [time: 14.93s, valid_score: 0.064300]
24 Oct 20:28    INFO  valid result: 
recall@10 : 0.0641    recall@20 : 0.1028    recall@50 : 0.1833    ndcg@10 : 0.0512    ndcg@20 : 0.0643    ndcg@50 : 0.0876    
24 Oct 20:29    INFO  epoch 44 training [time: 24.31s, train loss: -0.8451]
24 Oct 20:29    INFO  epoch 44 evaluating [time: 15.22s, valid_score: 0.064200]
24 Oct 20:29    INFO  valid result: 
recall@10 : 0.0642    recall@20 : 0.1029    recall@50 : 0.1834    ndcg@10 : 0.0511    ndcg@20 : 0.0642    ndcg@50 : 0.0876    
24 Oct 20:29    INFO  epoch 45 training [time: 24.35s, train loss: -0.8452]
24 Oct 20:30    INFO  epoch 45 evaluating [time: 14.94s, valid_score: 0.064300]
24 Oct 20:30    INFO  valid result: 
recall@10 : 0.064    recall@20 : 0.1033    recall@50 : 0.1839    ndcg@10 : 0.051    ndcg@20 : 0.0643    ndcg@50 : 0.0877    
24 Oct 20:30    INFO  epoch 46 training [time: 24.36s, train loss: -0.8452]
24 Oct 20:30    INFO  epoch 46 evaluating [time: 15.04s, valid_score: 0.064600]
24 Oct 20:30    INFO  valid result: 
recall@10 : 0.0645    recall@20 : 0.1032    recall@50 : 0.1836    ndcg@10 : 0.0516    ndcg@20 : 0.0646    ndcg@50 : 0.0879    
24 Oct 20:30    INFO  Saving current best: saved/DirectAU-Oct-24-2023_19-59-47.pth
24 Oct 20:31    INFO  epoch 47 training [time: 24.35s, train loss: -0.8453]
24 Oct 20:31    INFO  epoch 47 evaluating [time: 14.83s, valid_score: 0.064600]
24 Oct 20:31    INFO  valid result: 
recall@10 : 0.0644    recall@20 : 0.1031    recall@50 : 0.1835    ndcg@10 : 0.0515    ndcg@20 : 0.0646    ndcg@50 : 0.088    
24 Oct 20:31    INFO  epoch 48 training [time: 24.35s, train loss: -0.8454]
24 Oct 20:32    INFO  epoch 48 evaluating [time: 15.00s, valid_score: 0.064600]
24 Oct 20:32    INFO  valid result: 
recall@10 : 0.0645    recall@20 : 0.1034    recall@50 : 0.184    ndcg@10 : 0.0514    ndcg@20 : 0.0646    ndcg@50 : 0.0879    
24 Oct 20:32    INFO  epoch 49 training [time: 24.37s, train loss: -0.8454]
24 Oct 20:32    INFO  epoch 49 evaluating [time: 14.82s, valid_score: 0.064500]
24 Oct 20:32    INFO  valid result: 
recall@10 : 0.0641    recall@20 : 0.1032    recall@50 : 0.1837    ndcg@10 : 0.0513    ndcg@20 : 0.0645    ndcg@50 : 0.0879    
24 Oct 20:33    INFO  epoch 50 training [time: 24.37s, train loss: -0.8455]
24 Oct 20:33    INFO  epoch 50 evaluating [time: 15.16s, valid_score: 0.064600]
24 Oct 20:33    INFO  valid result: 
recall@10 : 0.064    recall@20 : 0.1032    recall@50 : 0.1839    ndcg@10 : 0.0514    ndcg@20 : 0.0646    ndcg@50 : 0.088    
24 Oct 20:33    INFO  epoch 51 training [time: 24.36s, train loss: -0.8455]
24 Oct 20:34    INFO  epoch 51 evaluating [time: 15.05s, valid_score: 0.064800]
24 Oct 20:34    INFO  valid result: 
recall@10 : 0.0639    recall@20 : 0.1038    recall@50 : 0.1845    ndcg@10 : 0.0513    ndcg@20 : 0.0648    ndcg@50 : 0.0882    
24 Oct 20:34    INFO  Saving current best: saved/DirectAU-Oct-24-2023_19-59-47.pth
24 Oct 20:34    INFO  epoch 52 training [time: 24.37s, train loss: -0.8455]
24 Oct 20:34    INFO  epoch 52 evaluating [time: 15.23s, valid_score: 0.064600]
24 Oct 20:34    INFO  valid result: 
recall@10 : 0.0642    recall@20 : 0.1027    recall@50 : 0.1846    ndcg@10 : 0.0515    ndcg@20 : 0.0646    ndcg@50 : 0.0882    
24 Oct 20:35    INFO  epoch 53 training [time: 24.38s, train loss: -0.8456]
24 Oct 20:35    INFO  epoch 53 evaluating [time: 14.91s, valid_score: 0.064400]
24 Oct 20:35    INFO  valid result: 
recall@10 : 0.0643    recall@20 : 0.1032    recall@50 : 0.1839    ndcg@10 : 0.0513    ndcg@20 : 0.0644    ndcg@50 : 0.0879    
24 Oct 20:35    INFO  epoch 54 training [time: 24.37s, train loss: -0.8457]
24 Oct 20:35    INFO  epoch 54 evaluating [time: 15.19s, valid_score: 0.064600]
24 Oct 20:35    INFO  valid result: 
recall@10 : 0.0645    recall@20 : 0.1033    recall@50 : 0.1846    ndcg@10 : 0.0516    ndcg@20 : 0.0646    ndcg@50 : 0.0882    
24 Oct 20:36    INFO  epoch 55 training [time: 24.47s, train loss: -0.8456]
24 Oct 20:36    INFO  epoch 55 evaluating [time: 15.79s, valid_score: 0.064600]
24 Oct 20:36    INFO  valid result: 
recall@10 : 0.0646    recall@20 : 0.1034    recall@50 : 0.1841    ndcg@10 : 0.0515    ndcg@20 : 0.0646    ndcg@50 : 0.088    
24 Oct 20:37    INFO  epoch 56 training [time: 24.45s, train loss: -0.8457]
24 Oct 20:37    INFO  epoch 56 evaluating [time: 15.22s, valid_score: 0.064400]
24 Oct 20:37    INFO  valid result: 
recall@10 : 0.0643    recall@20 : 0.1028    recall@50 : 0.1849    ndcg@10 : 0.0514    ndcg@20 : 0.0644    ndcg@50 : 0.0882    
24 Oct 20:37    INFO  epoch 57 training [time: 24.37s, train loss: -0.8457]
24 Oct 20:37    INFO  epoch 57 evaluating [time: 15.20s, valid_score: 0.064600]
24 Oct 20:37    INFO  valid result: 
recall@10 : 0.064    recall@20 : 0.103    recall@50 : 0.1849    ndcg@10 : 0.0515    ndcg@20 : 0.0646    ndcg@50 : 0.0884    
24 Oct 20:38    INFO  epoch 58 training [time: 24.47s, train loss: -0.8458]
24 Oct 20:38    INFO  epoch 58 evaluating [time: 14.88s, valid_score: 0.064700]
24 Oct 20:38    INFO  valid result: 
recall@10 : 0.0645    recall@20 : 0.1034    recall@50 : 0.1843    ndcg@10 : 0.0517    ndcg@20 : 0.0647    ndcg@50 : 0.0882    
24 Oct 20:39    INFO  epoch 59 training [time: 24.53s, train loss: -0.8459]
24 Oct 20:39    INFO  epoch 59 evaluating [time: 15.91s, valid_score: 0.064600]
24 Oct 20:39    INFO  valid result: 
recall@10 : 0.0649    recall@20 : 0.103    recall@50 : 0.1844    ndcg@10 : 0.0518    ndcg@20 : 0.0646    ndcg@50 : 0.0882    
24 Oct 20:39    INFO  epoch 60 training [time: 24.39s, train loss: -0.8458]
24 Oct 20:39    INFO  epoch 60 evaluating [time: 14.84s, valid_score: 0.064800]
24 Oct 20:39    INFO  valid result: 
recall@10 : 0.0648    recall@20 : 0.103    recall@50 : 0.1849    ndcg@10 : 0.0519    ndcg@20 : 0.0648    ndcg@50 : 0.0884    
24 Oct 20:40    INFO  epoch 61 training [time: 24.30s, train loss: -0.8458]
24 Oct 20:40    INFO  epoch 61 evaluating [time: 15.35s, valid_score: 0.064600]
24 Oct 20:40    INFO  valid result: 
recall@10 : 0.0646    recall@20 : 0.1032    recall@50 : 0.1854    ndcg@10 : 0.0517    ndcg@20 : 0.0646    ndcg@50 : 0.0884    
24 Oct 20:41    INFO  epoch 62 training [time: 24.22s, train loss: -0.8459]
24 Oct 20:41    INFO  epoch 62 evaluating [time: 14.70s, valid_score: 0.064500]
24 Oct 20:41    INFO  valid result: 
recall@10 : 0.0645    recall@20 : 0.1027    recall@50 : 0.1847    ndcg@10 : 0.0516    ndcg@20 : 0.0645    ndcg@50 : 0.0883    
24 Oct 20:41    INFO  Finished training, best eval result in epoch 51
24 Oct 20:41    INFO  Loading model structure and parameters from saved/DirectAU-Oct-24-2023_19-59-47.pth
24 Oct 20:41    INFO  best valid : {'recall@10': 0.0639, 'recall@20': 0.1038, 'recall@50': 0.1845, 'ndcg@10': 0.0513, 'ndcg@20': 0.0648, 'ndcg@50': 0.0882}
24 Oct 20:41    INFO  test result: {'recall@10': 0.0653, 'recall@20': 0.1043, 'recall@50': 0.1845, 'ndcg@10': 0.0523, 'ndcg@20': 0.0653, 'ndcg@50': 0.0884}
