command line args [--zc 1] will not be used in RecBole
24 Oct 21:11    INFO  
General Hyper Parameters:
gpu_id = 9
use_gpu = True
seed = 0
state = INFO
reproducibility = True
data_path = dataset/Yelp
show_progress = False

Training Hyper Parameters:
checkpoint_dir = saved
epochs = 500
train_batch_size = 1024
learner = adam
learning_rate = 0.001
training_neg_sample_num = 0
training_neg_sample_distribution = uniform
eval_step = 1
stopping_step = 10
clip_grad_norm = None
weight_decay = 1e-06
draw_loss_pic = False
loss_decimal_place = 4

Evaluation Hyper Parameters:
eval_setting = RO_RS,full
group_by_user = True
split_ratio = [0.8, 0.1, 0.1]
leave_one_num = 2
real_time_process = False
metrics = ['Recall', 'NDCG']
topk = [10, 20, 50]
valid_metric = NDCG@20
eval_batch_size = 4096
metric_decimal_place = 4

Dataset Hyper Parameters:
field_separator = 	
seq_separator =  
USER_ID_FIELD = user_id
ITEM_ID_FIELD = item_id
RATING_FIELD = rating
TIME_FIELD = timestamp
seq_len = None
LABEL_FIELD = label
threshold = None
NEG_PREFIX = neg_
load_col = {'inter': ['user_id', 'item_id', 'timestamp']}
unload_col = None
unused_col = None
additional_feat_suffix = None
lowest_val = None
highest_val = None
equal_val = None
not_equal_val = None
max_user_inter_num = None
min_user_inter_num = 5
max_item_inter_num = None
min_item_inter_num = 5
fields_in_same_space = None
preload_weight = None
normalize_field = None
normalize_all = None
ITEM_LIST_LENGTH_FIELD = item_length
LIST_SUFFIX = _list
MAX_ITEM_LIST_LENGTH = 50
POSITION_FIELD = position_id
HEAD_ENTITY_ID_FIELD = head_id
TAIL_ENTITY_ID_FIELD = tail_id
RELATION_ID_FIELD = relation_id
ENTITY_ID_FIELD = entity_id

Other Hyper Parameters: 
valid_metric_bigger = True
BT = 0.1
bt = 0.001
embedding_size = 64
encoder = MF
gamma = 0.5
times = 1
witem = 0.1
wuser = 0.8
zc = 1.0
rm_dup_inter = None
filter_inter_by_user_or_item = True
SOURCE_ID_FIELD = source_id
TARGET_ID_FIELD = target_id
benchmark_filename = None
MODEL_TYPE = ModelType.GENERAL
MODEL_INPUT_TYPE = InputType.POINTWISE
eval_type = EvaluatorType.RANKING
device = cuda
train_neg_sample_args = {'strategy': 'none'}


24 Oct 21:11    INFO  Yelp
The number of users: 31669
Average actions of users: 49.305481874447395
The number of items: 38049
Average actions of items: 41.037794365012616
The number of inters: 1561406
The sparsity of the dataset: 99.87041991912021%
Remain Fields: ['user_id', 'item_id']
24 Oct 21:11    INFO  Build [GeneralDataLoader] for [train] with format [InputType.POINTWISE]
24 Oct 21:11    INFO  [train] No Negative Sampling
24 Oct 21:11    INFO  [train] batch_size = [1024], shuffle = [True]

24 Oct 21:11    INFO  Build [GeneralFullDataLoader] for [evaluation] with format [InputType.POINTWISE]
24 Oct 21:11    INFO  Evaluation Setting:
	Group by user_id
	Ordering: {'strategy': 'shuffle'}
	Splitting: {'strategy': 'by_ratio', 'ratios': [0.8, 0.1, 0.1]}
	Negative Sampling: {'strategy': 'full', 'distribution': 'uniform'}
24 Oct 21:11    INFO  [evaluation] batch_size = [4096], shuffle = [False]

24 Oct 21:11    WARNING  Batch size is changed to 38049.
24 Oct 21:11    WARNING  Batch size is changed to 38049.
{'BT': 0.1, 'bt': 0.001, 'embedding_size': 64, 'encoder': 'MF', 'gamma': None, 'times': 1, 'training_neg_sample_num': 0, 'witem': 0.1, 'wuser': 0.8, 'zc': 1.0}
this is encoder MF...
这是directau 的 WUBT 版本...
24 Oct 21:11    INFO  DirectAU(
  (encoder): MFEncoder(
    (user_embedding): Embedding(31669, 64)
    (item_embedding): Embedding(38049, 64)
  )
  (bn): BatchNorm1d(64, eps=1e-05, momentum=0.1, affine=False, track_running_stats=True)
  (projector): Sequential(
    (0): Linear(in_features=64, out_features=64, bias=False)
    (1): BatchNorm1d(64, eps=1e-05, momentum=0.1, affine=True, track_running_stats=True)
    (2): ReLU(inplace=True)
    (3): Linear(in_features=64, out_features=64, bias=False)
    (4): BatchNorm1d(64, eps=1e-05, momentum=0.1, affine=True, track_running_stats=True)
    (5): ReLU(inplace=True)
    (6): Linear(in_features=64, out_features=64, bias=False)
  )
)
Trainable parameters: 4474496
24 Oct 21:12    INFO  epoch 0 training [time: 24.37s, train loss: -0.0898]
24 Oct 21:12    INFO  epoch 0 evaluating [time: 15.65s, valid_score: 0.023900]
24 Oct 21:12    INFO  valid result: 
recall@10 : 0.0223    recall@20 : 0.0396    recall@50 : 0.0787    ndcg@10 : 0.0179    ndcg@20 : 0.0239    ndcg@50 : 0.0356    
24 Oct 21:12    INFO  Saving current best: saved/DirectAU-Oct-24-2023_21-11-50.pth
24 Oct 21:12    INFO  epoch 1 training [time: 24.15s, train loss: -0.4876]
24 Oct 21:13    INFO  epoch 1 evaluating [time: 15.81s, valid_score: 0.033800]
24 Oct 21:13    INFO  valid result: 
recall@10 : 0.0327    recall@20 : 0.0555    recall@50 : 0.1075    ndcg@10 : 0.026    ndcg@20 : 0.0338    ndcg@50 : 0.0491    
24 Oct 21:13    INFO  Saving current best: saved/DirectAU-Oct-24-2023_21-11-50.pth
24 Oct 21:13    INFO  epoch 2 training [time: 24.38s, train loss: -0.5686]
24 Oct 21:13    INFO  epoch 2 evaluating [time: 16.16s, valid_score: 0.038100]
24 Oct 21:13    INFO  valid result: 
recall@10 : 0.0371    recall@20 : 0.0631    recall@50 : 0.1191    ndcg@10 : 0.0293    ndcg@20 : 0.0381    ndcg@50 : 0.0547    
24 Oct 21:13    INFO  Saving current best: saved/DirectAU-Oct-24-2023_21-11-50.pth
24 Oct 21:14    INFO  epoch 3 training [time: 24.23s, train loss: -0.6089]
24 Oct 21:14    INFO  epoch 3 evaluating [time: 15.66s, valid_score: 0.040900]
24 Oct 21:14    INFO  valid result: 
recall@10 : 0.0407    recall@20 : 0.0681    recall@50 : 0.1276    ndcg@10 : 0.0315    ndcg@20 : 0.0409    ndcg@50 : 0.0584    
24 Oct 21:14    INFO  Saving current best: saved/DirectAU-Oct-24-2023_21-11-50.pth
24 Oct 21:14    INFO  epoch 4 training [time: 24.29s, train loss: -0.6357]
24 Oct 21:15    INFO  epoch 4 evaluating [time: 15.52s, valid_score: 0.043500]
24 Oct 21:15    INFO  valid result: 
recall@10 : 0.0432    recall@20 : 0.0721    recall@50 : 0.1326    ndcg@10 : 0.0336    ndcg@20 : 0.0435    ndcg@50 : 0.0612    
24 Oct 21:15    INFO  Saving current best: saved/DirectAU-Oct-24-2023_21-11-50.pth
24 Oct 21:15    INFO  epoch 5 training [time: 24.50s, train loss: -0.6560]
24 Oct 21:15    INFO  epoch 5 evaluating [time: 15.62s, valid_score: 0.045400]
24 Oct 21:15    INFO  valid result: 
recall@10 : 0.0455    recall@20 : 0.075    recall@50 : 0.1376    ndcg@10 : 0.0354    ndcg@20 : 0.0454    ndcg@50 : 0.0637    
24 Oct 21:15    INFO  Saving current best: saved/DirectAU-Oct-24-2023_21-11-50.pth
24 Oct 21:16    INFO  epoch 6 training [time: 24.42s, train loss: -0.6722]
24 Oct 21:16    INFO  epoch 6 evaluating [time: 15.31s, valid_score: 0.047200]
24 Oct 21:16    INFO  valid result: 
recall@10 : 0.0471    recall@20 : 0.0778    recall@50 : 0.1428    ndcg@10 : 0.0368    ndcg@20 : 0.0472    ndcg@50 : 0.0662    
24 Oct 21:16    INFO  Saving current best: saved/DirectAU-Oct-24-2023_21-11-50.pth
24 Oct 21:16    INFO  epoch 7 training [time: 24.51s, train loss: -0.6862]
24 Oct 21:17    INFO  epoch 7 evaluating [time: 15.50s, valid_score: 0.049000]
24 Oct 21:17    INFO  valid result: 
recall@10 : 0.0492    recall@20 : 0.0805    recall@50 : 0.1462    ndcg@10 : 0.0384    ndcg@20 : 0.049    ndcg@50 : 0.0682    
24 Oct 21:17    INFO  Saving current best: saved/DirectAU-Oct-24-2023_21-11-50.pth
24 Oct 21:17    INFO  epoch 8 training [time: 24.45s, train loss: -0.6980]
24 Oct 21:17    INFO  epoch 8 evaluating [time: 16.87s, valid_score: 0.050200]
24 Oct 21:17    INFO  valid result: 
recall@10 : 0.0503    recall@20 : 0.0826    recall@50 : 0.1498    ndcg@10 : 0.0392    ndcg@20 : 0.0502    ndcg@50 : 0.0698    
24 Oct 21:17    INFO  Saving current best: saved/DirectAU-Oct-24-2023_21-11-50.pth
24 Oct 21:18    INFO  epoch 9 training [time: 24.38s, train loss: -0.7081]
24 Oct 21:18    INFO  epoch 9 evaluating [time: 17.29s, valid_score: 0.051700]
24 Oct 21:18    INFO  valid result: 
recall@10 : 0.0519    recall@20 : 0.0845    recall@50 : 0.1537    ndcg@10 : 0.0407    ndcg@20 : 0.0517    ndcg@50 : 0.0719    
24 Oct 21:18    INFO  Saving current best: saved/DirectAU-Oct-24-2023_21-11-50.pth
24 Oct 21:18    INFO  epoch 10 training [time: 24.38s, train loss: -0.7169]
24 Oct 21:19    INFO  epoch 10 evaluating [time: 15.35s, valid_score: 0.053200]
24 Oct 21:19    INFO  valid result: 
recall@10 : 0.0532    recall@20 : 0.0869    recall@50 : 0.1571    ndcg@10 : 0.0418    ndcg@20 : 0.0532    ndcg@50 : 0.0736    
24 Oct 21:19    INFO  Saving current best: saved/DirectAU-Oct-24-2023_21-11-50.pth
24 Oct 21:19    INFO  epoch 11 training [time: 24.44s, train loss: -0.7243]
24 Oct 21:19    INFO  epoch 11 evaluating [time: 15.65s, valid_score: 0.054000]
24 Oct 21:19    INFO  valid result: 
recall@10 : 0.0539    recall@20 : 0.0883    recall@50 : 0.1605    ndcg@10 : 0.0424    ndcg@20 : 0.054    ndcg@50 : 0.0751    
24 Oct 21:19    INFO  Saving current best: saved/DirectAU-Oct-24-2023_21-11-50.pth
24 Oct 21:20    INFO  epoch 12 training [time: 24.39s, train loss: -0.7309]
24 Oct 21:20    INFO  epoch 12 evaluating [time: 15.54s, valid_score: 0.055500]
24 Oct 21:20    INFO  valid result: 
recall@10 : 0.0559    recall@20 : 0.0906    recall@50 : 0.1635    ndcg@10 : 0.0438    ndcg@20 : 0.0555    ndcg@50 : 0.0767    
24 Oct 21:20    INFO  Saving current best: saved/DirectAU-Oct-24-2023_21-11-50.pth
24 Oct 21:20    INFO  epoch 13 training [time: 24.39s, train loss: -0.7365]
24 Oct 21:21    INFO  epoch 13 evaluating [time: 15.55s, valid_score: 0.056400]
24 Oct 21:21    INFO  valid result: 
recall@10 : 0.0563    recall@20 : 0.0923    recall@50 : 0.1651    ndcg@10 : 0.0442    ndcg@20 : 0.0564    ndcg@50 : 0.0776    
24 Oct 21:21    INFO  Saving current best: saved/DirectAU-Oct-24-2023_21-11-50.pth
24 Oct 21:21    INFO  epoch 14 training [time: 24.37s, train loss: -0.7413]
24 Oct 21:21    INFO  epoch 14 evaluating [time: 15.19s, valid_score: 0.057900]
24 Oct 21:21    INFO  valid result: 
recall@10 : 0.0579    recall@20 : 0.0944    recall@50 : 0.1676    ndcg@10 : 0.0457    ndcg@20 : 0.0579    ndcg@50 : 0.0793    
24 Oct 21:21    INFO  Saving current best: saved/DirectAU-Oct-24-2023_21-11-50.pth
24 Oct 21:22    INFO  epoch 15 training [time: 24.47s, train loss: -0.7456]
24 Oct 21:22    INFO  epoch 15 evaluating [time: 17.92s, valid_score: 0.058400]
24 Oct 21:22    INFO  valid result: 
recall@10 : 0.0587    recall@20 : 0.0946    recall@50 : 0.1704    ndcg@10 : 0.0463    ndcg@20 : 0.0584    ndcg@50 : 0.0805    
24 Oct 21:22    INFO  Saving current best: saved/DirectAU-Oct-24-2023_21-11-50.pth
24 Oct 21:23    INFO  epoch 16 training [time: 24.10s, train loss: -0.7493]
24 Oct 21:23    INFO  epoch 16 evaluating [time: 15.63s, valid_score: 0.059400]
24 Oct 21:23    INFO  valid result: 
recall@10 : 0.0591    recall@20 : 0.0966    recall@50 : 0.1714    ndcg@10 : 0.0467    ndcg@20 : 0.0594    ndcg@50 : 0.0812    
24 Oct 21:23    INFO  Saving current best: saved/DirectAU-Oct-24-2023_21-11-50.pth
24 Oct 21:23    INFO  epoch 17 training [time: 24.33s, train loss: -0.7528]
24 Oct 21:23    INFO  epoch 17 evaluating [time: 15.34s, valid_score: 0.059400]
24 Oct 21:23    INFO  valid result: 
recall@10 : 0.0595    recall@20 : 0.0968    recall@50 : 0.1737    ndcg@10 : 0.0468    ndcg@20 : 0.0594    ndcg@50 : 0.0817    
24 Oct 21:24    INFO  epoch 18 training [time: 24.40s, train loss: -0.7556]
24 Oct 21:24    INFO  epoch 18 evaluating [time: 17.35s, valid_score: 0.060000]
24 Oct 21:24    INFO  valid result: 
recall@10 : 0.0594    recall@20 : 0.0971    recall@50 : 0.174    ndcg@10 : 0.0472    ndcg@20 : 0.06    ndcg@50 : 0.0823    
24 Oct 21:24    INFO  Saving current best: saved/DirectAU-Oct-24-2023_21-11-50.pth
24 Oct 21:25    INFO  epoch 19 training [time: 24.43s, train loss: -0.7581]
24 Oct 21:25    INFO  epoch 19 evaluating [time: 17.41s, valid_score: 0.060700]
24 Oct 21:25    INFO  valid result: 
recall@10 : 0.0602    recall@20 : 0.0979    recall@50 : 0.1756    ndcg@10 : 0.0479    ndcg@20 : 0.0607    ndcg@50 : 0.0832    
24 Oct 21:25    INFO  Saving current best: saved/DirectAU-Oct-24-2023_21-11-50.pth
24 Oct 21:25    INFO  epoch 20 training [time: 24.40s, train loss: -0.7602]
24 Oct 21:26    INFO  epoch 20 evaluating [time: 15.65s, valid_score: 0.061000]
24 Oct 21:26    INFO  valid result: 
recall@10 : 0.0608    recall@20 : 0.0985    recall@50 : 0.176    ndcg@10 : 0.0483    ndcg@20 : 0.061    ndcg@50 : 0.0835    
24 Oct 21:26    INFO  Saving current best: saved/DirectAU-Oct-24-2023_21-11-50.pth
24 Oct 21:26    INFO  epoch 21 training [time: 24.36s, train loss: -0.7621]
24 Oct 21:26    INFO  epoch 21 evaluating [time: 15.53s, valid_score: 0.061300]
24 Oct 21:26    INFO  valid result: 
recall@10 : 0.0612    recall@20 : 0.0988    recall@50 : 0.1779    ndcg@10 : 0.0486    ndcg@20 : 0.0613    ndcg@50 : 0.0843    
24 Oct 21:26    INFO  Saving current best: saved/DirectAU-Oct-24-2023_21-11-50.pth
24 Oct 21:27    INFO  epoch 22 training [time: 24.37s, train loss: -0.7636]
24 Oct 21:27    INFO  epoch 22 evaluating [time: 15.84s, valid_score: 0.061600]
24 Oct 21:27    INFO  valid result: 
recall@10 : 0.0617    recall@20 : 0.0993    recall@50 : 0.1788    ndcg@10 : 0.0489    ndcg@20 : 0.0616    ndcg@50 : 0.0847    
24 Oct 21:27    INFO  Saving current best: saved/DirectAU-Oct-24-2023_21-11-50.pth
24 Oct 21:27    INFO  epoch 23 training [time: 24.32s, train loss: -0.7651]
24 Oct 21:28    INFO  epoch 23 evaluating [time: 15.53s, valid_score: 0.062200]
24 Oct 21:28    INFO  valid result: 
recall@10 : 0.0622    recall@20 : 0.1005    recall@50 : 0.1794    ndcg@10 : 0.0492    ndcg@20 : 0.0622    ndcg@50 : 0.085    
24 Oct 21:28    INFO  Saving current best: saved/DirectAU-Oct-24-2023_21-11-50.pth
24 Oct 21:28    INFO  epoch 24 training [time: 24.32s, train loss: -0.7665]
24 Oct 21:28    INFO  epoch 24 evaluating [time: 15.64s, valid_score: 0.062600]
24 Oct 21:28    INFO  valid result: 
recall@10 : 0.0625    recall@20 : 0.1009    recall@50 : 0.1797    ndcg@10 : 0.0496    ndcg@20 : 0.0626    ndcg@50 : 0.0855    
24 Oct 21:28    INFO  Saving current best: saved/DirectAU-Oct-24-2023_21-11-50.pth
24 Oct 21:29    INFO  epoch 25 training [time: 24.41s, train loss: -0.7675]
24 Oct 21:29    INFO  epoch 25 evaluating [time: 15.40s, valid_score: 0.062700]
24 Oct 21:29    INFO  valid result: 
recall@10 : 0.0624    recall@20 : 0.1014    recall@50 : 0.1806    ndcg@10 : 0.0496    ndcg@20 : 0.0627    ndcg@50 : 0.0857    
24 Oct 21:29    INFO  Saving current best: saved/DirectAU-Oct-24-2023_21-11-50.pth
24 Oct 21:29    INFO  epoch 26 training [time: 24.34s, train loss: -0.7685]
24 Oct 21:30    INFO  epoch 26 evaluating [time: 15.85s, valid_score: 0.062900]
24 Oct 21:30    INFO  valid result: 
recall@10 : 0.0624    recall@20 : 0.1013    recall@50 : 0.1813    ndcg@10 : 0.0498    ndcg@20 : 0.0629    ndcg@50 : 0.0861    
24 Oct 21:30    INFO  Saving current best: saved/DirectAU-Oct-24-2023_21-11-50.pth
24 Oct 21:30    INFO  epoch 27 training [time: 24.38s, train loss: -0.7694]
24 Oct 21:30    INFO  epoch 27 evaluating [time: 15.41s, valid_score: 0.063100]
24 Oct 21:30    INFO  valid result: 
recall@10 : 0.063    recall@20 : 0.1015    recall@50 : 0.1808    ndcg@10 : 0.05    ndcg@20 : 0.0631    ndcg@50 : 0.0861    
24 Oct 21:30    INFO  Saving current best: saved/DirectAU-Oct-24-2023_21-11-50.pth
24 Oct 21:31    INFO  epoch 28 training [time: 24.39s, train loss: -0.7702]
24 Oct 21:31    INFO  epoch 28 evaluating [time: 15.68s, valid_score: 0.063400]
24 Oct 21:31    INFO  valid result: 
recall@10 : 0.063    recall@20 : 0.1019    recall@50 : 0.1819    ndcg@10 : 0.0503    ndcg@20 : 0.0634    ndcg@50 : 0.0866    
24 Oct 21:31    INFO  Saving current best: saved/DirectAU-Oct-24-2023_21-11-50.pth
24 Oct 21:31    INFO  epoch 29 training [time: 24.26s, train loss: -0.7709]
24 Oct 21:32    INFO  epoch 29 evaluating [time: 15.69s, valid_score: 0.063500]
24 Oct 21:32    INFO  valid result: 
recall@10 : 0.0626    recall@20 : 0.1024    recall@50 : 0.1823    ndcg@10 : 0.05    ndcg@20 : 0.0635    ndcg@50 : 0.0867    
24 Oct 21:32    INFO  Saving current best: saved/DirectAU-Oct-24-2023_21-11-50.pth
24 Oct 21:32    INFO  epoch 30 training [time: 24.35s, train loss: -0.7715]
24 Oct 21:32    INFO  epoch 30 evaluating [time: 15.39s, valid_score: 0.063900]
24 Oct 21:32    INFO  valid result: 
recall@10 : 0.0634    recall@20 : 0.1027    recall@50 : 0.182    ndcg@10 : 0.0506    ndcg@20 : 0.0639    ndcg@50 : 0.0869    
24 Oct 21:32    INFO  Saving current best: saved/DirectAU-Oct-24-2023_21-11-50.pth
24 Oct 21:33    INFO  epoch 31 training [time: 24.51s, train loss: -0.7721]
24 Oct 21:33    INFO  epoch 31 evaluating [time: 15.61s, valid_score: 0.063600]
24 Oct 21:33    INFO  valid result: 
recall@10 : 0.0638    recall@20 : 0.1024    recall@50 : 0.1831    ndcg@10 : 0.0505    ndcg@20 : 0.0636    ndcg@50 : 0.087    
24 Oct 21:33    INFO  epoch 32 training [time: 24.48s, train loss: -0.7726]
24 Oct 21:34    INFO  epoch 32 evaluating [time: 17.59s, valid_score: 0.063700]
24 Oct 21:34    INFO  valid result: 
recall@10 : 0.0635    recall@20 : 0.1024    recall@50 : 0.1834    ndcg@10 : 0.0506    ndcg@20 : 0.0637    ndcg@50 : 0.0872    
24 Oct 21:34    INFO  epoch 33 training [time: 24.39s, train loss: -0.7731]
24 Oct 21:34    INFO  epoch 33 evaluating [time: 15.75s, valid_score: 0.063900]
24 Oct 21:34    INFO  valid result: 
recall@10 : 0.0638    recall@20 : 0.1026    recall@50 : 0.1836    ndcg@10 : 0.0509    ndcg@20 : 0.0639    ndcg@50 : 0.0875    
24 Oct 21:35    INFO  epoch 34 training [time: 24.39s, train loss: -0.7736]
24 Oct 21:35    INFO  epoch 34 evaluating [time: 15.40s, valid_score: 0.064200]
24 Oct 21:35    INFO  valid result: 
recall@10 : 0.0638    recall@20 : 0.103    recall@50 : 0.1839    ndcg@10 : 0.051    ndcg@20 : 0.0642    ndcg@50 : 0.0877    
24 Oct 21:35    INFO  Saving current best: saved/DirectAU-Oct-24-2023_21-11-50.pth
24 Oct 21:35    INFO  epoch 35 training [time: 24.38s, train loss: -0.7740]
24 Oct 21:36    INFO  epoch 35 evaluating [time: 15.63s, valid_score: 0.064400]
24 Oct 21:36    INFO  valid result: 
recall@10 : 0.0646    recall@20 : 0.1034    recall@50 : 0.1837    ndcg@10 : 0.0513    ndcg@20 : 0.0644    ndcg@50 : 0.0877    
24 Oct 21:36    INFO  Saving current best: saved/DirectAU-Oct-24-2023_21-11-50.pth
24 Oct 21:36    INFO  epoch 36 training [time: 24.62s, train loss: -0.7744]
24 Oct 21:36    INFO  epoch 36 evaluating [time: 15.67s, valid_score: 0.064200]
24 Oct 21:36    INFO  valid result: 
recall@10 : 0.0642    recall@20 : 0.1028    recall@50 : 0.1846    ndcg@10 : 0.0512    ndcg@20 : 0.0642    ndcg@50 : 0.0879    
24 Oct 21:37    INFO  epoch 37 training [time: 24.50s, train loss: -0.7747]
24 Oct 21:37    INFO  epoch 37 evaluating [time: 16.77s, valid_score: 0.064400]
24 Oct 21:37    INFO  valid result: 
recall@10 : 0.0643    recall@20 : 0.1036    recall@50 : 0.1848    ndcg@10 : 0.0511    ndcg@20 : 0.0644    ndcg@50 : 0.088    
24 Oct 21:37    INFO  epoch 38 training [time: 24.35s, train loss: -0.7750]
24 Oct 21:38    INFO  epoch 38 evaluating [time: 15.36s, valid_score: 0.064800]
24 Oct 21:38    INFO  valid result: 
recall@10 : 0.064    recall@20 : 0.1037    recall@50 : 0.1848    ndcg@10 : 0.0514    ndcg@20 : 0.0648    ndcg@50 : 0.0883    
24 Oct 21:38    INFO  Saving current best: saved/DirectAU-Oct-24-2023_21-11-50.pth
24 Oct 21:38    INFO  epoch 39 training [time: 24.42s, train loss: -0.7752]
24 Oct 21:38    INFO  epoch 39 evaluating [time: 15.59s, valid_score: 0.064600]
24 Oct 21:38    INFO  valid result: 
recall@10 : 0.0639    recall@20 : 0.1034    recall@50 : 0.1853    ndcg@10 : 0.0513    ndcg@20 : 0.0646    ndcg@50 : 0.0883    
24 Oct 21:39    INFO  epoch 40 training [time: 24.44s, train loss: -0.7754]
24 Oct 21:39    INFO  epoch 40 evaluating [time: 15.29s, valid_score: 0.064800]
24 Oct 21:39    INFO  valid result: 
recall@10 : 0.0644    recall@20 : 0.1039    recall@50 : 0.1846    ndcg@10 : 0.0515    ndcg@20 : 0.0648    ndcg@50 : 0.0882    
24 Oct 21:39    INFO  epoch 41 training [time: 24.46s, train loss: -0.7755]
24 Oct 21:40    INFO  epoch 41 evaluating [time: 17.89s, valid_score: 0.064900]
24 Oct 21:40    INFO  valid result: 
recall@10 : 0.0645    recall@20 : 0.1042    recall@50 : 0.1847    ndcg@10 : 0.0516    ndcg@20 : 0.0649    ndcg@50 : 0.0883    
24 Oct 21:40    INFO  Saving current best: saved/DirectAU-Oct-24-2023_21-11-50.pth
24 Oct 21:40    INFO  epoch 42 training [time: 24.44s, train loss: -0.7756]
24 Oct 21:40    INFO  epoch 42 evaluating [time: 17.31s, valid_score: 0.064800]
24 Oct 21:40    INFO  valid result: 
recall@10 : 0.0644    recall@20 : 0.1038    recall@50 : 0.1856    ndcg@10 : 0.0515    ndcg@20 : 0.0648    ndcg@50 : 0.0885    
24 Oct 21:41    INFO  epoch 43 training [time: 24.52s, train loss: -0.7757]
24 Oct 21:41    INFO  epoch 43 evaluating [time: 17.52s, valid_score: 0.065100]
24 Oct 21:41    INFO  valid result: 
recall@10 : 0.0647    recall@20 : 0.1042    recall@50 : 0.1851    ndcg@10 : 0.0518    ndcg@20 : 0.0651    ndcg@50 : 0.0886    
24 Oct 21:41    INFO  Saving current best: saved/DirectAU-Oct-24-2023_21-11-50.pth
24 Oct 21:41    INFO  epoch 44 training [time: 24.20s, train loss: -0.7759]
24 Oct 21:42    INFO  epoch 44 evaluating [time: 15.70s, valid_score: 0.065000]
24 Oct 21:42    INFO  valid result: 
recall@10 : 0.0649    recall@20 : 0.1041    recall@50 : 0.1857    ndcg@10 : 0.0518    ndcg@20 : 0.065    ndcg@50 : 0.0886    
24 Oct 21:42    INFO  epoch 45 training [time: 24.41s, train loss: -0.7760]
24 Oct 21:42    INFO  epoch 45 evaluating [time: 15.28s, valid_score: 0.065100]
24 Oct 21:42    INFO  valid result: 
recall@10 : 0.0651    recall@20 : 0.1043    recall@50 : 0.1849    ndcg@10 : 0.0519    ndcg@20 : 0.0651    ndcg@50 : 0.0885    
24 Oct 21:43    INFO  epoch 46 training [time: 24.42s, train loss: -0.7760]
24 Oct 21:43    INFO  epoch 46 evaluating [time: 17.69s, valid_score: 0.065400]
24 Oct 21:43    INFO  valid result: 
recall@10 : 0.0649    recall@20 : 0.1048    recall@50 : 0.1853    ndcg@10 : 0.052    ndcg@20 : 0.0654    ndcg@50 : 0.0888    
24 Oct 21:43    INFO  Saving current best: saved/DirectAU-Oct-24-2023_21-11-50.pth
24 Oct 21:43    INFO  epoch 47 training [time: 24.43s, train loss: -0.7761]
24 Oct 21:44    INFO  epoch 47 evaluating [time: 15.19s, valid_score: 0.065300]
24 Oct 21:44    INFO  valid result: 
recall@10 : 0.0652    recall@20 : 0.1047    recall@50 : 0.1851    ndcg@10 : 0.052    ndcg@20 : 0.0653    ndcg@50 : 0.0887    
24 Oct 21:44    INFO  epoch 48 training [time: 24.42s, train loss: -0.7762]
24 Oct 21:44    INFO  epoch 48 evaluating [time: 15.50s, valid_score: 0.065400]
24 Oct 21:44    INFO  valid result: 
recall@10 : 0.0656    recall@20 : 0.105    recall@50 : 0.1863    ndcg@10 : 0.0521    ndcg@20 : 0.0654    ndcg@50 : 0.0889    
24 Oct 21:45    INFO  epoch 49 training [time: 24.29s, train loss: -0.7763]
24 Oct 21:45    INFO  epoch 49 evaluating [time: 15.29s, valid_score: 0.065400]
24 Oct 21:45    INFO  valid result: 
recall@10 : 0.0653    recall@20 : 0.1048    recall@50 : 0.1857    ndcg@10 : 0.0521    ndcg@20 : 0.0654    ndcg@50 : 0.0888    
24 Oct 21:45    INFO  epoch 50 training [time: 24.34s, train loss: -0.7763]
24 Oct 21:46    INFO  epoch 50 evaluating [time: 15.57s, valid_score: 0.065400]
24 Oct 21:46    INFO  valid result: 
recall@10 : 0.0647    recall@20 : 0.1047    recall@50 : 0.1857    ndcg@10 : 0.052    ndcg@20 : 0.0654    ndcg@50 : 0.0889    
24 Oct 21:46    INFO  epoch 51 training [time: 24.39s, train loss: -0.7763]
24 Oct 21:46    INFO  epoch 51 evaluating [time: 15.26s, valid_score: 0.065600]
24 Oct 21:46    INFO  valid result: 
recall@10 : 0.0647    recall@20 : 0.105    recall@50 : 0.1858    ndcg@10 : 0.052    ndcg@20 : 0.0656    ndcg@50 : 0.0891    
24 Oct 21:46    INFO  Saving current best: saved/DirectAU-Oct-24-2023_21-11-50.pth
24 Oct 21:47    INFO  epoch 52 training [time: 24.45s, train loss: -0.7764]
24 Oct 21:47    INFO  epoch 52 evaluating [time: 15.54s, valid_score: 0.065400]
24 Oct 21:47    INFO  valid result: 
recall@10 : 0.0649    recall@20 : 0.1042    recall@50 : 0.1866    ndcg@10 : 0.0521    ndcg@20 : 0.0654    ndcg@50 : 0.0892    
24 Oct 21:47    INFO  epoch 53 training [time: 24.42s, train loss: -0.7765]
24 Oct 21:48    INFO  epoch 53 evaluating [time: 15.22s, valid_score: 0.065300]
24 Oct 21:48    INFO  valid result: 
recall@10 : 0.0648    recall@20 : 0.1047    recall@50 : 0.186    ndcg@10 : 0.0518    ndcg@20 : 0.0653    ndcg@50 : 0.0888    
24 Oct 21:48    INFO  epoch 54 training [time: 24.33s, train loss: -0.7765]
24 Oct 21:48    INFO  epoch 54 evaluating [time: 15.66s, valid_score: 0.065700]
24 Oct 21:48    INFO  valid result: 
recall@10 : 0.0646    recall@20 : 0.1053    recall@50 : 0.1864    ndcg@10 : 0.052    ndcg@20 : 0.0657    ndcg@50 : 0.0892    
24 Oct 21:48    INFO  Saving current best: saved/DirectAU-Oct-24-2023_21-11-50.pth
24 Oct 21:49    INFO  epoch 55 training [time: 24.38s, train loss: -0.7765]
24 Oct 21:49    INFO  epoch 55 evaluating [time: 15.66s, valid_score: 0.065400]
24 Oct 21:49    INFO  valid result: 
recall@10 : 0.0654    recall@20 : 0.1046    recall@50 : 0.1867    ndcg@10 : 0.0522    ndcg@20 : 0.0654    ndcg@50 : 0.0892    
24 Oct 21:49    INFO  epoch 56 training [time: 24.53s, train loss: -0.7766]
24 Oct 21:50    INFO  epoch 56 evaluating [time: 17.65s, valid_score: 0.065500]
24 Oct 21:50    INFO  valid result: 
recall@10 : 0.0654    recall@20 : 0.1049    recall@50 : 0.187    ndcg@10 : 0.0522    ndcg@20 : 0.0655    ndcg@50 : 0.0893    
24 Oct 21:50    INFO  epoch 57 training [time: 24.36s, train loss: -0.7766]
24 Oct 21:50    INFO  epoch 57 evaluating [time: 17.85s, valid_score: 0.065500]
24 Oct 21:50    INFO  valid result: 
recall@10 : 0.0651    recall@20 : 0.1045    recall@50 : 0.187    ndcg@10 : 0.0522    ndcg@20 : 0.0655    ndcg@50 : 0.0894    
24 Oct 21:51    INFO  epoch 58 training [time: 24.42s, train loss: -0.7766]
24 Oct 21:51    INFO  epoch 58 evaluating [time: 15.32s, valid_score: 0.065700]
24 Oct 21:51    INFO  valid result: 
recall@10 : 0.0652    recall@20 : 0.1049    recall@50 : 0.1869    ndcg@10 : 0.0523    ndcg@20 : 0.0657    ndcg@50 : 0.0894    
24 Oct 21:52    INFO  epoch 59 training [time: 24.40s, train loss: -0.7767]
24 Oct 21:52    INFO  epoch 59 evaluating [time: 15.50s, valid_score: 0.065600]
24 Oct 21:52    INFO  valid result: 
recall@10 : 0.0658    recall@20 : 0.1045    recall@50 : 0.1869    ndcg@10 : 0.0525    ndcg@20 : 0.0656    ndcg@50 : 0.0895    
24 Oct 21:52    INFO  epoch 60 training [time: 24.33s, train loss: -0.7767]
24 Oct 21:52    INFO  epoch 60 evaluating [time: 15.28s, valid_score: 0.065800]
24 Oct 21:52    INFO  valid result: 
recall@10 : 0.0654    recall@20 : 0.1046    recall@50 : 0.1868    ndcg@10 : 0.0526    ndcg@20 : 0.0658    ndcg@50 : 0.0896    
24 Oct 21:52    INFO  Saving current best: saved/DirectAU-Oct-24-2023_21-11-50.pth
24 Oct 21:53    INFO  epoch 61 training [time: 24.51s, train loss: -0.7767]
24 Oct 21:53    INFO  epoch 61 evaluating [time: 15.67s, valid_score: 0.065500]
24 Oct 21:53    INFO  valid result: 
recall@10 : 0.0652    recall@20 : 0.1046    recall@50 : 0.1872    ndcg@10 : 0.0522    ndcg@20 : 0.0655    ndcg@50 : 0.0894    
24 Oct 21:54    INFO  epoch 62 training [time: 24.46s, train loss: -0.7768]
24 Oct 21:54    INFO  epoch 62 evaluating [time: 15.24s, valid_score: 0.065600]
24 Oct 21:54    INFO  valid result: 
recall@10 : 0.065    recall@20 : 0.1045    recall@50 : 0.1865    ndcg@10 : 0.0522    ndcg@20 : 0.0656    ndcg@50 : 0.0894    
24 Oct 21:54    INFO  epoch 63 training [time: 24.49s, train loss: -0.7767]
24 Oct 21:54    INFO  epoch 63 evaluating [time: 15.43s, valid_score: 0.065700]
24 Oct 21:54    INFO  valid result: 
recall@10 : 0.0652    recall@20 : 0.1046    recall@50 : 0.1871    ndcg@10 : 0.0524    ndcg@20 : 0.0657    ndcg@50 : 0.0896    
24 Oct 21:55    INFO  epoch 64 training [time: 24.46s, train loss: -0.7769]
24 Oct 21:55    INFO  epoch 64 evaluating [time: 15.24s, valid_score: 0.065900]
24 Oct 21:55    INFO  valid result: 
recall@10 : 0.0652    recall@20 : 0.1056    recall@50 : 0.1866    ndcg@10 : 0.0523    ndcg@20 : 0.0659    ndcg@50 : 0.0894    
24 Oct 21:55    INFO  Saving current best: saved/DirectAU-Oct-24-2023_21-11-50.pth
24 Oct 21:56    INFO  epoch 65 training [time: 24.48s, train loss: -0.7769]
24 Oct 21:56    INFO  epoch 65 evaluating [time: 15.60s, valid_score: 0.065900]
24 Oct 21:56    INFO  valid result: 
recall@10 : 0.0658    recall@20 : 0.1051    recall@50 : 0.1868    ndcg@10 : 0.0527    ndcg@20 : 0.0659    ndcg@50 : 0.0896    
24 Oct 21:56    INFO  epoch 66 training [time: 24.47s, train loss: -0.7769]
24 Oct 21:56    INFO  epoch 66 evaluating [time: 15.34s, valid_score: 0.065800]
24 Oct 21:56    INFO  valid result: 
recall@10 : 0.0655    recall@20 : 0.1051    recall@50 : 0.1871    ndcg@10 : 0.0525    ndcg@20 : 0.0658    ndcg@50 : 0.0896    
24 Oct 21:57    INFO  epoch 67 training [time: 24.46s, train loss: -0.7770]
24 Oct 21:57    INFO  epoch 67 evaluating [time: 15.59s, valid_score: 0.065600]
24 Oct 21:57    INFO  valid result: 
recall@10 : 0.0654    recall@20 : 0.1049    recall@50 : 0.1867    ndcg@10 : 0.0524    ndcg@20 : 0.0656    ndcg@50 : 0.0894    
24 Oct 21:58    INFO  epoch 68 training [time: 24.41s, train loss: -0.7769]
24 Oct 21:58    INFO  epoch 68 evaluating [time: 15.54s, valid_score: 0.065500]
24 Oct 21:58    INFO  valid result: 
recall@10 : 0.0652    recall@20 : 0.1049    recall@50 : 0.1868    ndcg@10 : 0.0522    ndcg@20 : 0.0655    ndcg@50 : 0.0893    
24 Oct 21:58    INFO  epoch 69 training [time: 24.45s, train loss: -0.7770]
24 Oct 21:58    INFO  epoch 69 evaluating [time: 15.39s, valid_score: 0.065800]
24 Oct 21:58    INFO  valid result: 
recall@10 : 0.0658    recall@20 : 0.1051    recall@50 : 0.1873    ndcg@10 : 0.0526    ndcg@20 : 0.0658    ndcg@50 : 0.0895    
24 Oct 21:59    INFO  epoch 70 training [time: 24.44s, train loss: -0.7770]
24 Oct 21:59    INFO  epoch 70 evaluating [time: 15.50s, valid_score: 0.065900]
24 Oct 21:59    INFO  valid result: 
recall@10 : 0.0658    recall@20 : 0.1057    recall@50 : 0.1867    ndcg@10 : 0.0524    ndcg@20 : 0.0659    ndcg@50 : 0.0894    
24 Oct 22:00    INFO  epoch 71 training [time: 24.46s, train loss: -0.7771]
24 Oct 22:00    INFO  epoch 71 evaluating [time: 15.67s, valid_score: 0.066100]
24 Oct 22:00    INFO  valid result: 
recall@10 : 0.066    recall@20 : 0.1056    recall@50 : 0.1868    ndcg@10 : 0.0528    ndcg@20 : 0.0661    ndcg@50 : 0.0897    
24 Oct 22:00    INFO  Saving current best: saved/DirectAU-Oct-24-2023_21-11-50.pth
24 Oct 22:00    INFO  epoch 72 training [time: 24.43s, train loss: -0.7770]
24 Oct 22:00    INFO  epoch 72 evaluating [time: 15.64s, valid_score: 0.065900]
24 Oct 22:00    INFO  valid result: 
recall@10 : 0.0658    recall@20 : 0.1048    recall@50 : 0.1873    ndcg@10 : 0.0527    ndcg@20 : 0.0659    ndcg@50 : 0.0898    
24 Oct 22:01    INFO  epoch 73 training [time: 24.40s, train loss: -0.7771]
24 Oct 22:01    INFO  epoch 73 evaluating [time: 15.21s, valid_score: 0.065800]
24 Oct 22:01    INFO  valid result: 
recall@10 : 0.0655    recall@20 : 0.1048    recall@50 : 0.1868    ndcg@10 : 0.0525    ndcg@20 : 0.0658    ndcg@50 : 0.0896    
24 Oct 22:02    INFO  epoch 74 training [time: 24.52s, train loss: -0.7771]
24 Oct 22:02    INFO  epoch 74 evaluating [time: 15.50s, valid_score: 0.065900]
24 Oct 22:02    INFO  valid result: 
recall@10 : 0.0657    recall@20 : 0.105    recall@50 : 0.1869    ndcg@10 : 0.0526    ndcg@20 : 0.0659    ndcg@50 : 0.0897    
24 Oct 22:02    INFO  epoch 75 training [time: 24.33s, train loss: -0.7771]
24 Oct 22:02    INFO  epoch 75 evaluating [time: 15.21s, valid_score: 0.066100]
24 Oct 22:02    INFO  valid result: 
recall@10 : 0.0659    recall@20 : 0.1058    recall@50 : 0.1869    ndcg@10 : 0.0527    ndcg@20 : 0.0661    ndcg@50 : 0.0897    
24 Oct 22:03    INFO  epoch 76 training [time: 24.48s, train loss: -0.7771]
24 Oct 22:03    INFO  epoch 76 evaluating [time: 17.62s, valid_score: 0.066000]
24 Oct 22:03    INFO  valid result: 
recall@10 : 0.0658    recall@20 : 0.1049    recall@50 : 0.1869    ndcg@10 : 0.0528    ndcg@20 : 0.066    ndcg@50 : 0.0897    
24 Oct 22:04    INFO  epoch 77 training [time: 24.60s, train loss: -0.7771]
24 Oct 22:04    INFO  epoch 77 evaluating [time: 17.33s, valid_score: 0.065700]
24 Oct 22:04    INFO  valid result: 
recall@10 : 0.0655    recall@20 : 0.1049    recall@50 : 0.1869    ndcg@10 : 0.0524    ndcg@20 : 0.0657    ndcg@50 : 0.0895    
24 Oct 22:04    INFO  epoch 78 training [time: 24.55s, train loss: -0.7771]
24 Oct 22:04    INFO  epoch 78 evaluating [time: 15.55s, valid_score: 0.066000]
24 Oct 22:04    INFO  valid result: 
recall@10 : 0.0656    recall@20 : 0.1052    recall@50 : 0.187    ndcg@10 : 0.0526    ndcg@20 : 0.066    ndcg@50 : 0.0897    
24 Oct 22:05    INFO  epoch 79 training [time: 24.41s, train loss: -0.7772]
24 Oct 22:05    INFO  epoch 79 evaluating [time: 15.30s, valid_score: 0.066000]
24 Oct 22:05    INFO  valid result: 
recall@10 : 0.0657    recall@20 : 0.1052    recall@50 : 0.1876    ndcg@10 : 0.0527    ndcg@20 : 0.066    ndcg@50 : 0.0899    
24 Oct 22:06    INFO  epoch 80 training [time: 24.34s, train loss: -0.7772]
24 Oct 22:06    INFO  epoch 80 evaluating [time: 15.61s, valid_score: 0.065900]
24 Oct 22:06    INFO  valid result: 
recall@10 : 0.0657    recall@20 : 0.1049    recall@50 : 0.1868    ndcg@10 : 0.0527    ndcg@20 : 0.0659    ndcg@50 : 0.0896    
24 Oct 22:06    INFO  epoch 81 training [time: 24.57s, train loss: -0.7771]
24 Oct 22:06    INFO  epoch 81 evaluating [time: 15.51s, valid_score: 0.066000]
24 Oct 22:06    INFO  valid result: 
recall@10 : 0.0656    recall@20 : 0.105    recall@50 : 0.188    ndcg@10 : 0.0526    ndcg@20 : 0.066    ndcg@50 : 0.09    
24 Oct 22:07    INFO  epoch 82 training [time: 24.47s, train loss: -0.7772]
24 Oct 22:07    INFO  epoch 82 evaluating [time: 15.19s, valid_score: 0.066000]
24 Oct 22:07    INFO  valid result: 
recall@10 : 0.0649    recall@20 : 0.1051    recall@50 : 0.1875    ndcg@10 : 0.0525    ndcg@20 : 0.066    ndcg@50 : 0.0899    
24 Oct 22:07    INFO  Finished training, best eval result in epoch 71
24 Oct 22:07    INFO  Loading model structure and parameters from saved/DirectAU-Oct-24-2023_21-11-50.pth
24 Oct 22:07    INFO  best valid : {'recall@10': 0.066, 'recall@20': 0.1056, 'recall@50': 0.1868, 'ndcg@10': 0.0528, 'ndcg@20': 0.0661, 'ndcg@50': 0.0897}
24 Oct 22:07    INFO  test result: {'recall@10': 0.0667, 'recall@20': 0.107, 'recall@50': 0.1874, 'ndcg@10': 0.0534, 'ndcg@20': 0.0668, 'ndcg@50': 0.09}
