command line args [--zc 1] will not be used in RecBole
24 Oct 18:39    INFO  
General Hyper Parameters:
gpu_id = 8
use_gpu = True
seed = 0
state = INFO
reproducibility = True
data_path = dataset/Yelp
show_progress = False

Training Hyper Parameters:
checkpoint_dir = saved
epochs = 500
train_batch_size = 1024
learner = adam
learning_rate = 0.001
training_neg_sample_num = 0
training_neg_sample_distribution = uniform
eval_step = 1
stopping_step = 10
clip_grad_norm = None
weight_decay = 1e-06
draw_loss_pic = False
loss_decimal_place = 4

Evaluation Hyper Parameters:
eval_setting = RO_RS,full
group_by_user = True
split_ratio = [0.8, 0.1, 0.1]
leave_one_num = 2
real_time_process = False
metrics = ['Recall', 'NDCG']
topk = [10, 20, 50]
valid_metric = NDCG@20
eval_batch_size = 4096
metric_decimal_place = 4

Dataset Hyper Parameters:
field_separator = 	
seq_separator =  
USER_ID_FIELD = user_id
ITEM_ID_FIELD = item_id
RATING_FIELD = rating
TIME_FIELD = timestamp
seq_len = None
LABEL_FIELD = label
threshold = None
NEG_PREFIX = neg_
load_col = {'inter': ['user_id', 'item_id', 'timestamp']}
unload_col = None
unused_col = None
additional_feat_suffix = None
lowest_val = None
highest_val = None
equal_val = None
not_equal_val = None
max_user_inter_num = None
min_user_inter_num = 5
max_item_inter_num = None
min_item_inter_num = 5
fields_in_same_space = None
preload_weight = None
normalize_field = None
normalize_all = None
ITEM_LIST_LENGTH_FIELD = item_length
LIST_SUFFIX = _list
MAX_ITEM_LIST_LENGTH = 50
POSITION_FIELD = position_id
HEAD_ENTITY_ID_FIELD = head_id
TAIL_ENTITY_ID_FIELD = tail_id
RELATION_ID_FIELD = relation_id
ENTITY_ID_FIELD = entity_id

Other Hyper Parameters: 
valid_metric_bigger = True
BT = 0.1
bt = 0.001
embedding_size = 64
encoder = MF
gamma = 0.5
times = 1
witem = 0.1
wuser = 0.8
zc = 1.0
rm_dup_inter = None
filter_inter_by_user_or_item = True
SOURCE_ID_FIELD = source_id
TARGET_ID_FIELD = target_id
benchmark_filename = None
MODEL_TYPE = ModelType.GENERAL
MODEL_INPUT_TYPE = InputType.POINTWISE
eval_type = EvaluatorType.RANKING
device = cuda
train_neg_sample_args = {'strategy': 'none'}


24 Oct 18:39    INFO  Yelp
The number of users: 31669
Average actions of users: 49.305481874447395
The number of items: 38049
Average actions of items: 41.037794365012616
The number of inters: 1561406
The sparsity of the dataset: 99.87041991912021%
Remain Fields: ['user_id', 'item_id']
24 Oct 18:39    INFO  Build [GeneralDataLoader] for [train] with format [InputType.POINTWISE]
24 Oct 18:39    INFO  [train] No Negative Sampling
24 Oct 18:39    INFO  [train] batch_size = [1024], shuffle = [True]

24 Oct 18:39    INFO  Build [GeneralFullDataLoader] for [evaluation] with format [InputType.POINTWISE]
24 Oct 18:39    INFO  Evaluation Setting:
	Group by user_id
	Ordering: {'strategy': 'shuffle'}
	Splitting: {'strategy': 'by_ratio', 'ratios': [0.8, 0.1, 0.1]}
	Negative Sampling: {'strategy': 'full', 'distribution': 'uniform'}
24 Oct 18:39    INFO  [evaluation] batch_size = [4096], shuffle = [False]

24 Oct 18:39    WARNING  Batch size is changed to 38049.
24 Oct 18:39    WARNING  Batch size is changed to 38049.
{'BT': 0.1, 'bt': 0.001, 'embedding_size': 64, 'encoder': 'MF', 'gamma': None, 'times': 1, 'training_neg_sample_num': 0, 'witem': 0.1, 'wuser': 0.8, 'zc': 1.0}
this is encoder MF...
这是directau 的 WUBT 版本...
24 Oct 18:39    INFO  DirectAU(
  (encoder): MFEncoder(
    (user_embedding): Embedding(31669, 64)
    (item_embedding): Embedding(38049, 64)
  )
  (bn): BatchNorm1d(64, eps=1e-05, momentum=0.1, affine=False, track_running_stats=True)
  (projector): Sequential(
    (0): Linear(in_features=64, out_features=64, bias=False)
    (1): BatchNorm1d(64, eps=1e-05, momentum=0.1, affine=True, track_running_stats=True)
    (2): ReLU(inplace=True)
    (3): Linear(in_features=64, out_features=64, bias=False)
    (4): BatchNorm1d(64, eps=1e-05, momentum=0.1, affine=True, track_running_stats=True)
    (5): ReLU(inplace=True)
    (6): Linear(in_features=64, out_features=64, bias=False)
  )
)
Trainable parameters: 4474496
24 Oct 18:40    INFO  epoch 0 training [time: 23.71s, train loss: -0.2566]
24 Oct 18:40    INFO  epoch 0 evaluating [time: 15.23s, valid_score: 0.023900]
24 Oct 18:40    INFO  valid result: 
recall@10 : 0.0226    recall@20 : 0.0395    recall@50 : 0.08    ndcg@10 : 0.0181    ndcg@20 : 0.0239    ndcg@50 : 0.036    
24 Oct 18:40    INFO  Saving current best: saved/DirectAU-Oct-24-2023_18-39-47.pth
24 Oct 18:40    INFO  epoch 1 training [time: 23.62s, train loss: -0.6848]
24 Oct 18:41    INFO  epoch 1 evaluating [time: 14.93s, valid_score: 0.033500]
24 Oct 18:41    INFO  valid result: 
recall@10 : 0.0318    recall@20 : 0.0555    recall@50 : 0.1066    ndcg@10 : 0.0254    ndcg@20 : 0.0335    ndcg@50 : 0.0485    
24 Oct 18:41    INFO  Saving current best: saved/DirectAU-Oct-24-2023_18-39-47.pth
24 Oct 18:41    INFO  epoch 2 training [time: 23.77s, train loss: -0.7632]
24 Oct 18:41    INFO  epoch 2 evaluating [time: 15.43s, valid_score: 0.037100]
24 Oct 18:41    INFO  valid result: 
recall@10 : 0.0366    recall@20 : 0.0615    recall@50 : 0.118    ndcg@10 : 0.0286    ndcg@20 : 0.0371    ndcg@50 : 0.0536    
24 Oct 18:41    INFO  Saving current best: saved/DirectAU-Oct-24-2023_18-39-47.pth
24 Oct 18:42    INFO  epoch 3 training [time: 23.71s, train loss: -0.8023]
24 Oct 18:42    INFO  epoch 3 evaluating [time: 15.14s, valid_score: 0.040300]
24 Oct 18:42    INFO  valid result: 
recall@10 : 0.0393    recall@20 : 0.0671    recall@50 : 0.1243    ndcg@10 : 0.0307    ndcg@20 : 0.0403    ndcg@50 : 0.0571    
24 Oct 18:42    INFO  Saving current best: saved/DirectAU-Oct-24-2023_18-39-47.pth
24 Oct 18:42    INFO  epoch 4 training [time: 23.78s, train loss: -0.8284]
24 Oct 18:43    INFO  epoch 4 evaluating [time: 15.05s, valid_score: 0.042700]
24 Oct 18:43    INFO  valid result: 
recall@10 : 0.0419    recall@20 : 0.0702    recall@50 : 0.1297    ndcg@10 : 0.0331    ndcg@20 : 0.0427    ndcg@50 : 0.0601    
24 Oct 18:43    INFO  Saving current best: saved/DirectAU-Oct-24-2023_18-39-47.pth
24 Oct 18:43    INFO  epoch 5 training [time: 23.77s, train loss: -0.8482]
24 Oct 18:43    INFO  epoch 5 evaluating [time: 15.38s, valid_score: 0.044500]
24 Oct 18:43    INFO  valid result: 
recall@10 : 0.0444    recall@20 : 0.0737    recall@50 : 0.1355    ndcg@10 : 0.0345    ndcg@20 : 0.0445    ndcg@50 : 0.0625    
24 Oct 18:43    INFO  Saving current best: saved/DirectAU-Oct-24-2023_18-39-47.pth
24 Oct 18:44    INFO  epoch 6 training [time: 23.81s, train loss: -0.8641]
24 Oct 18:44    INFO  epoch 6 evaluating [time: 15.13s, valid_score: 0.046500]
24 Oct 18:44    INFO  valid result: 
recall@10 : 0.0463    recall@20 : 0.077    recall@50 : 0.1399    ndcg@10 : 0.036    ndcg@20 : 0.0465    ndcg@50 : 0.0649    
24 Oct 18:44    INFO  Saving current best: saved/DirectAU-Oct-24-2023_18-39-47.pth
24 Oct 18:44    INFO  epoch 7 training [time: 23.76s, train loss: -0.8778]
24 Oct 18:44    INFO  epoch 7 evaluating [time: 15.22s, valid_score: 0.048400]
24 Oct 18:44    INFO  valid result: 
recall@10 : 0.0485    recall@20 : 0.0794    recall@50 : 0.1436    ndcg@10 : 0.0378    ndcg@20 : 0.0484    ndcg@50 : 0.0671    
24 Oct 18:45    INFO  Saving current best: saved/DirectAU-Oct-24-2023_18-39-47.pth
24 Oct 18:45    INFO  epoch 8 training [time: 23.69s, train loss: -0.8893]
24 Oct 18:45    INFO  epoch 8 evaluating [time: 14.99s, valid_score: 0.049600]
24 Oct 18:45    INFO  valid result: 
recall@10 : 0.0494    recall@20 : 0.0814    recall@50 : 0.1471    ndcg@10 : 0.0387    ndcg@20 : 0.0496    ndcg@50 : 0.0688    
24 Oct 18:45    INFO  Saving current best: saved/DirectAU-Oct-24-2023_18-39-47.pth
24 Oct 18:46    INFO  epoch 9 training [time: 23.75s, train loss: -0.8991]
24 Oct 18:46    INFO  epoch 9 evaluating [time: 15.54s, valid_score: 0.051000]
24 Oct 18:46    INFO  valid result: 
recall@10 : 0.0514    recall@20 : 0.0835    recall@50 : 0.1504    ndcg@10 : 0.0402    ndcg@20 : 0.051    ndcg@50 : 0.0705    
24 Oct 18:46    INFO  Saving current best: saved/DirectAU-Oct-24-2023_18-39-47.pth
24 Oct 18:46    INFO  epoch 10 training [time: 23.33s, train loss: -0.9077]
24 Oct 18:46    INFO  epoch 10 evaluating [time: 15.11s, valid_score: 0.052300]
24 Oct 18:46    INFO  valid result: 
recall@10 : 0.052    recall@20 : 0.0845    recall@50 : 0.1541    ndcg@10 : 0.0413    ndcg@20 : 0.0523    ndcg@50 : 0.0726    
24 Oct 18:46    INFO  Saving current best: saved/DirectAU-Oct-24-2023_18-39-47.pth
24 Oct 18:47    INFO  epoch 11 training [time: 23.56s, train loss: -0.9149]
24 Oct 18:47    INFO  epoch 11 evaluating [time: 15.20s, valid_score: 0.053400]
24 Oct 18:47    INFO  valid result: 
recall@10 : 0.053    recall@20 : 0.0869    recall@50 : 0.1573    ndcg@10 : 0.0418    ndcg@20 : 0.0534    ndcg@50 : 0.0738    
24 Oct 18:47    INFO  Saving current best: saved/DirectAU-Oct-24-2023_18-39-47.pth
24 Oct 18:47    INFO  epoch 12 training [time: 23.79s, train loss: -0.9213]
24 Oct 18:48    INFO  epoch 12 evaluating [time: 15.07s, valid_score: 0.055000]
24 Oct 18:48    INFO  valid result: 
recall@10 : 0.0548    recall@20 : 0.0893    recall@50 : 0.1602    ndcg@10 : 0.0433    ndcg@20 : 0.055    ndcg@50 : 0.0757    
24 Oct 18:48    INFO  Saving current best: saved/DirectAU-Oct-24-2023_18-39-47.pth
24 Oct 18:48    INFO  epoch 13 training [time: 23.81s, train loss: -0.9267]
24 Oct 18:48    INFO  epoch 13 evaluating [time: 17.35s, valid_score: 0.055400]
24 Oct 18:48    INFO  valid result: 
recall@10 : 0.0552    recall@20 : 0.0901    recall@50 : 0.1622    ndcg@10 : 0.0435    ndcg@20 : 0.0554    ndcg@50 : 0.0764    
24 Oct 18:48    INFO  Saving current best: saved/DirectAU-Oct-24-2023_18-39-47.pth
24 Oct 18:49    INFO  epoch 14 training [time: 23.88s, train loss: -0.9313]
24 Oct 18:49    INFO  epoch 14 evaluating [time: 15.05s, valid_score: 0.056700]
24 Oct 18:49    INFO  valid result: 
recall@10 : 0.0572    recall@20 : 0.0914    recall@50 : 0.1642    ndcg@10 : 0.0451    ndcg@20 : 0.0567    ndcg@50 : 0.0778    
24 Oct 18:49    INFO  Saving current best: saved/DirectAU-Oct-24-2023_18-39-47.pth
24 Oct 18:49    INFO  epoch 15 training [time: 23.77s, train loss: -0.9355]
24 Oct 18:50    INFO  epoch 15 evaluating [time: 15.32s, valid_score: 0.057400]
24 Oct 18:50    INFO  valid result: 
recall@10 : 0.0573    recall@20 : 0.0928    recall@50 : 0.1657    ndcg@10 : 0.0453    ndcg@20 : 0.0574    ndcg@50 : 0.0785    
24 Oct 18:50    INFO  Saving current best: saved/DirectAU-Oct-24-2023_18-39-47.pth
24 Oct 18:50    INFO  epoch 16 training [time: 23.71s, train loss: -0.9390]
24 Oct 18:50    INFO  epoch 16 evaluating [time: 15.42s, valid_score: 0.058000]
24 Oct 18:50    INFO  valid result: 
recall@10 : 0.0577    recall@20 : 0.0936    recall@50 : 0.1678    ndcg@10 : 0.0459    ndcg@20 : 0.058    ndcg@50 : 0.0796    
24 Oct 18:50    INFO  Saving current best: saved/DirectAU-Oct-24-2023_18-39-47.pth
24 Oct 18:51    INFO  epoch 17 training [time: 23.78s, train loss: -0.9423]
24 Oct 18:51    INFO  epoch 17 evaluating [time: 15.11s, valid_score: 0.058000]
24 Oct 18:51    INFO  valid result: 
recall@10 : 0.0581    recall@20 : 0.0939    recall@50 : 0.1688    ndcg@10 : 0.0459    ndcg@20 : 0.058    ndcg@50 : 0.0798    
24 Oct 18:51    INFO  epoch 18 training [time: 23.80s, train loss: -0.9450]
24 Oct 18:52    INFO  epoch 18 evaluating [time: 15.18s, valid_score: 0.058500]
24 Oct 18:52    INFO  valid result: 
recall@10 : 0.0584    recall@20 : 0.0935    recall@50 : 0.1693    ndcg@10 : 0.0466    ndcg@20 : 0.0585    ndcg@50 : 0.0805    
24 Oct 18:52    INFO  Saving current best: saved/DirectAU-Oct-24-2023_18-39-47.pth
24 Oct 18:52    INFO  epoch 19 training [time: 23.78s, train loss: -0.9473]
24 Oct 18:52    INFO  epoch 19 evaluating [time: 15.22s, valid_score: 0.059200]
24 Oct 18:52    INFO  valid result: 
recall@10 : 0.0588    recall@20 : 0.0948    recall@50 : 0.1715    ndcg@10 : 0.047    ndcg@20 : 0.0592    ndcg@50 : 0.0814    
24 Oct 18:52    INFO  Saving current best: saved/DirectAU-Oct-24-2023_18-39-47.pth
24 Oct 18:53    INFO  epoch 20 training [time: 23.78s, train loss: -0.9494]
24 Oct 18:53    INFO  epoch 20 evaluating [time: 15.43s, valid_score: 0.059400]
24 Oct 18:53    INFO  valid result: 
recall@10 : 0.0593    recall@20 : 0.0952    recall@50 : 0.1716    ndcg@10 : 0.0472    ndcg@20 : 0.0594    ndcg@50 : 0.0816    
24 Oct 18:53    INFO  Saving current best: saved/DirectAU-Oct-24-2023_18-39-47.pth
24 Oct 18:53    INFO  epoch 21 training [time: 23.82s, train loss: -0.9511]
24 Oct 18:54    INFO  epoch 21 evaluating [time: 17.71s, valid_score: 0.059800]
24 Oct 18:54    INFO  valid result: 
recall@10 : 0.0599    recall@20 : 0.0958    recall@50 : 0.1733    ndcg@10 : 0.0477    ndcg@20 : 0.0598    ndcg@50 : 0.0823    
24 Oct 18:54    INFO  Saving current best: saved/DirectAU-Oct-24-2023_18-39-47.pth
24 Oct 18:54    INFO  epoch 22 training [time: 23.96s, train loss: -0.9526]
24 Oct 18:54    INFO  epoch 22 evaluating [time: 17.58s, valid_score: 0.059900]
24 Oct 18:54    INFO  valid result: 
recall@10 : 0.0598    recall@20 : 0.0962    recall@50 : 0.1731    ndcg@10 : 0.0477    ndcg@20 : 0.0599    ndcg@50 : 0.0822    
24 Oct 18:54    INFO  Saving current best: saved/DirectAU-Oct-24-2023_18-39-47.pth
24 Oct 18:55    INFO  epoch 23 training [time: 23.92s, train loss: -0.9540]
24 Oct 18:55    INFO  epoch 23 evaluating [time: 15.09s, valid_score: 0.060600]
24 Oct 18:55    INFO  valid result: 
recall@10 : 0.0608    recall@20 : 0.0972    recall@50 : 0.1742    ndcg@10 : 0.0484    ndcg@20 : 0.0606    ndcg@50 : 0.0829    
24 Oct 18:55    INFO  Saving current best: saved/DirectAU-Oct-24-2023_18-39-47.pth
24 Oct 18:55    INFO  epoch 24 training [time: 23.21s, train loss: -0.9552]
24 Oct 18:56    INFO  epoch 24 evaluating [time: 15.28s, valid_score: 0.060700]
24 Oct 18:56    INFO  valid result: 
recall@10 : 0.0605    recall@20 : 0.0972    recall@50 : 0.1739    ndcg@10 : 0.0483    ndcg@20 : 0.0607    ndcg@50 : 0.083    
24 Oct 18:56    INFO  Saving current best: saved/DirectAU-Oct-24-2023_18-39-47.pth
24 Oct 18:56    INFO  epoch 25 training [time: 23.20s, train loss: -0.9561]
24 Oct 18:56    INFO  epoch 25 evaluating [time: 15.04s, valid_score: 0.060700]
24 Oct 18:56    INFO  valid result: 
recall@10 : 0.0603    recall@20 : 0.0973    recall@50 : 0.1753    ndcg@10 : 0.0482    ndcg@20 : 0.0607    ndcg@50 : 0.0833    
24 Oct 18:57    INFO  epoch 26 training [time: 23.20s, train loss: -0.9570]
24 Oct 18:57    INFO  epoch 26 evaluating [time: 15.23s, valid_score: 0.060800]
24 Oct 18:57    INFO  valid result: 
recall@10 : 0.0607    recall@20 : 0.0972    recall@50 : 0.1754    ndcg@10 : 0.0485    ndcg@20 : 0.0608    ndcg@50 : 0.0835    
24 Oct 18:57    INFO  Saving current best: saved/DirectAU-Oct-24-2023_18-39-47.pth
24 Oct 18:57    INFO  epoch 27 training [time: 23.19s, train loss: -0.9579]
24 Oct 18:58    INFO  epoch 27 evaluating [time: 15.15s, valid_score: 0.061100]
24 Oct 18:58    INFO  valid result: 
recall@10 : 0.0609    recall@20 : 0.0977    recall@50 : 0.1753    ndcg@10 : 0.0486    ndcg@20 : 0.0611    ndcg@50 : 0.0835    
24 Oct 18:58    INFO  Saving current best: saved/DirectAU-Oct-24-2023_18-39-47.pth
24 Oct 18:58    INFO  epoch 28 training [time: 23.71s, train loss: -0.9586]
24 Oct 18:58    INFO  epoch 28 evaluating [time: 15.24s, valid_score: 0.061300]
24 Oct 18:58    INFO  valid result: 
recall@10 : 0.0613    recall@20 : 0.0978    recall@50 : 0.1751    ndcg@10 : 0.049    ndcg@20 : 0.0613    ndcg@50 : 0.0838    
24 Oct 18:58    INFO  Saving current best: saved/DirectAU-Oct-24-2023_18-39-47.pth
24 Oct 18:59    INFO  epoch 29 training [time: 23.46s, train loss: -0.9592]
24 Oct 18:59    INFO  epoch 29 evaluating [time: 15.36s, valid_score: 0.061400]
24 Oct 18:59    INFO  valid result: 
recall@10 : 0.0615    recall@20 : 0.0982    recall@50 : 0.1754    ndcg@10 : 0.0491    ndcg@20 : 0.0614    ndcg@50 : 0.0837    
24 Oct 18:59    INFO  Saving current best: saved/DirectAU-Oct-24-2023_18-39-47.pth
24 Oct 18:59    INFO  epoch 30 training [time: 23.78s, train loss: -0.9597]
24 Oct 19:00    INFO  epoch 30 evaluating [time: 15.04s, valid_score: 0.061300]
24 Oct 19:00    INFO  valid result: 
recall@10 : 0.061    recall@20 : 0.0977    recall@50 : 0.1759    ndcg@10 : 0.0488    ndcg@20 : 0.0613    ndcg@50 : 0.084    
24 Oct 19:00    INFO  epoch 31 training [time: 23.71s, train loss: -0.9603]
24 Oct 19:00    INFO  epoch 31 evaluating [time: 15.22s, valid_score: 0.061700]
24 Oct 19:00    INFO  valid result: 
recall@10 : 0.0613    recall@20 : 0.0995    recall@50 : 0.1761    ndcg@10 : 0.0488    ndcg@20 : 0.0617    ndcg@50 : 0.0839    
24 Oct 19:00    INFO  Saving current best: saved/DirectAU-Oct-24-2023_18-39-47.pth
24 Oct 19:01    INFO  epoch 32 training [time: 23.76s, train loss: -0.9608]
24 Oct 19:01    INFO  epoch 32 evaluating [time: 15.02s, valid_score: 0.061300]
24 Oct 19:01    INFO  valid result: 
recall@10 : 0.0605    recall@20 : 0.0987    recall@50 : 0.1765    ndcg@10 : 0.0485    ndcg@20 : 0.0613    ndcg@50 : 0.0839    
24 Oct 19:01    INFO  epoch 33 training [time: 24.03s, train loss: -0.9613]
24 Oct 19:01    INFO  epoch 33 evaluating [time: 15.23s, valid_score: 0.061200]
24 Oct 19:01    INFO  valid result: 
recall@10 : 0.0611    recall@20 : 0.098    recall@50 : 0.1769    ndcg@10 : 0.0487    ndcg@20 : 0.0612    ndcg@50 : 0.084    
24 Oct 19:02    INFO  epoch 34 training [time: 24.04s, train loss: -0.9617]
24 Oct 19:02    INFO  epoch 34 evaluating [time: 15.04s, valid_score: 0.061600]
24 Oct 19:02    INFO  valid result: 
recall@10 : 0.0618    recall@20 : 0.0983    recall@50 : 0.1767    ndcg@10 : 0.0492    ndcg@20 : 0.0616    ndcg@50 : 0.0842    
24 Oct 19:03    INFO  epoch 35 training [time: 24.05s, train loss: -0.9620]
24 Oct 19:03    INFO  epoch 35 evaluating [time: 15.32s, valid_score: 0.061500]
24 Oct 19:03    INFO  valid result: 
recall@10 : 0.0614    recall@20 : 0.0988    recall@50 : 0.1769    ndcg@10 : 0.0489    ndcg@20 : 0.0615    ndcg@50 : 0.0841    
24 Oct 19:03    INFO  epoch 36 training [time: 24.04s, train loss: -0.9624]
24 Oct 19:03    INFO  epoch 36 evaluating [time: 14.86s, valid_score: 0.061500]
24 Oct 19:03    INFO  valid result: 
recall@10 : 0.0612    recall@20 : 0.0989    recall@50 : 0.1776    ndcg@10 : 0.0488    ndcg@20 : 0.0615    ndcg@50 : 0.0842    
24 Oct 19:04    INFO  epoch 37 training [time: 24.04s, train loss: -0.9627]
24 Oct 19:04    INFO  epoch 37 evaluating [time: 15.26s, valid_score: 0.061700]
24 Oct 19:04    INFO  valid result: 
recall@10 : 0.0614    recall@20 : 0.0989    recall@50 : 0.1772    ndcg@10 : 0.0491    ndcg@20 : 0.0617    ndcg@50 : 0.0844    
24 Oct 19:05    INFO  epoch 38 training [time: 23.80s, train loss: -0.9629]
24 Oct 19:05    INFO  epoch 38 evaluating [time: 14.88s, valid_score: 0.061800]
24 Oct 19:05    INFO  valid result: 
recall@10 : 0.0611    recall@20 : 0.0986    recall@50 : 0.177    ndcg@10 : 0.0491    ndcg@20 : 0.0618    ndcg@50 : 0.0845    
24 Oct 19:05    INFO  Saving current best: saved/DirectAU-Oct-24-2023_18-39-47.pth
24 Oct 19:05    INFO  epoch 39 training [time: 23.86s, train loss: -0.9631]
24 Oct 19:05    INFO  epoch 39 evaluating [time: 15.27s, valid_score: 0.061700]
24 Oct 19:05    INFO  valid result: 
recall@10 : 0.0618    recall@20 : 0.0988    recall@50 : 0.177    ndcg@10 : 0.0492    ndcg@20 : 0.0617    ndcg@50 : 0.0844    
24 Oct 19:06    INFO  epoch 40 training [time: 24.01s, train loss: -0.9632]
24 Oct 19:06    INFO  epoch 40 evaluating [time: 15.22s, valid_score: 0.061900]
24 Oct 19:06    INFO  valid result: 
recall@10 : 0.0614    recall@20 : 0.0992    recall@50 : 0.1771    ndcg@10 : 0.0492    ndcg@20 : 0.0619    ndcg@50 : 0.0845    
24 Oct 19:06    INFO  Saving current best: saved/DirectAU-Oct-24-2023_18-39-47.pth
24 Oct 19:06    INFO  epoch 41 training [time: 23.92s, train loss: -0.9633]
24 Oct 19:07    INFO  epoch 41 evaluating [time: 15.32s, valid_score: 0.061800]
24 Oct 19:07    INFO  valid result: 
recall@10 : 0.0614    recall@20 : 0.099    recall@50 : 0.1761    ndcg@10 : 0.0492    ndcg@20 : 0.0618    ndcg@50 : 0.0842    
24 Oct 19:07    INFO  epoch 42 training [time: 23.73s, train loss: -0.9634]
24 Oct 19:07    INFO  epoch 42 evaluating [time: 15.36s, valid_score: 0.061500]
24 Oct 19:07    INFO  valid result: 
recall@10 : 0.0615    recall@20 : 0.0983    recall@50 : 0.177    ndcg@10 : 0.0491    ndcg@20 : 0.0615    ndcg@50 : 0.0844    
24 Oct 19:08    INFO  epoch 43 training [time: 23.79s, train loss: -0.9635]
24 Oct 19:08    INFO  epoch 43 evaluating [time: 14.90s, valid_score: 0.061800]
24 Oct 19:08    INFO  valid result: 
recall@10 : 0.0616    recall@20 : 0.099    recall@50 : 0.177    ndcg@10 : 0.0492    ndcg@20 : 0.0618    ndcg@50 : 0.0844    
24 Oct 19:08    INFO  epoch 44 training [time: 23.77s, train loss: -0.9636]
24 Oct 19:09    INFO  epoch 44 evaluating [time: 15.34s, valid_score: 0.061600]
24 Oct 19:09    INFO  valid result: 
recall@10 : 0.0615    recall@20 : 0.0985    recall@50 : 0.1783    ndcg@10 : 0.0491    ndcg@20 : 0.0616    ndcg@50 : 0.0847    
24 Oct 19:09    INFO  epoch 45 training [time: 23.71s, train loss: -0.9637]
24 Oct 19:09    INFO  epoch 45 evaluating [time: 15.14s, valid_score: 0.061600]
24 Oct 19:09    INFO  valid result: 
recall@10 : 0.0618    recall@20 : 0.0986    recall@50 : 0.178    ndcg@10 : 0.0491    ndcg@20 : 0.0616    ndcg@50 : 0.0846    
24 Oct 19:10    INFO  epoch 46 training [time: 23.77s, train loss: -0.9638]
24 Oct 19:10    INFO  epoch 46 evaluating [time: 15.47s, valid_score: 0.061800]
24 Oct 19:10    INFO  valid result: 
recall@10 : 0.0618    recall@20 : 0.0989    recall@50 : 0.1778    ndcg@10 : 0.0493    ndcg@20 : 0.0618    ndcg@50 : 0.0846    
24 Oct 19:10    INFO  epoch 47 training [time: 23.78s, train loss: -0.9638]
24 Oct 19:11    INFO  epoch 47 evaluating [time: 14.91s, valid_score: 0.062100]
24 Oct 19:11    INFO  valid result: 
recall@10 : 0.062    recall@20 : 0.0993    recall@50 : 0.1774    ndcg@10 : 0.0495    ndcg@20 : 0.0621    ndcg@50 : 0.0847    
24 Oct 19:11    INFO  Saving current best: saved/DirectAU-Oct-24-2023_18-39-47.pth
24 Oct 19:11    INFO  epoch 48 training [time: 23.78s, train loss: -0.9639]
24 Oct 19:11    INFO  epoch 48 evaluating [time: 15.38s, valid_score: 0.061800]
24 Oct 19:11    INFO  valid result: 
recall@10 : 0.0615    recall@20 : 0.0989    recall@50 : 0.1778    ndcg@10 : 0.0492    ndcg@20 : 0.0618    ndcg@50 : 0.0847    
24 Oct 19:12    INFO  epoch 49 training [time: 23.82s, train loss: -0.9640]
24 Oct 19:12    INFO  epoch 49 evaluating [time: 17.07s, valid_score: 0.062000]
24 Oct 19:12    INFO  valid result: 
recall@10 : 0.0615    recall@20 : 0.0996    recall@50 : 0.1777    ndcg@10 : 0.0491    ndcg@20 : 0.062    ndcg@50 : 0.0846    
24 Oct 19:12    INFO  epoch 50 training [time: 23.95s, train loss: -0.9641]
24 Oct 19:13    INFO  epoch 50 evaluating [time: 17.46s, valid_score: 0.061900]
24 Oct 19:13    INFO  valid result: 
recall@10 : 0.0617    recall@20 : 0.0987    recall@50 : 0.1778    ndcg@10 : 0.0494    ndcg@20 : 0.0619    ndcg@50 : 0.0848    
24 Oct 19:13    INFO  epoch 51 training [time: 23.90s, train loss: -0.9640]
24 Oct 19:13    INFO  epoch 51 evaluating [time: 17.19s, valid_score: 0.062200]
24 Oct 19:13    INFO  valid result: 
recall@10 : 0.0617    recall@20 : 0.0996    recall@50 : 0.1775    ndcg@10 : 0.0494    ndcg@20 : 0.0622    ndcg@50 : 0.0848    
24 Oct 19:13    INFO  Saving current best: saved/DirectAU-Oct-24-2023_18-39-47.pth
24 Oct 19:14    INFO  epoch 52 training [time: 23.83s, train loss: -0.9640]
24 Oct 19:14    INFO  epoch 52 evaluating [time: 15.20s, valid_score: 0.061800]
24 Oct 19:14    INFO  valid result: 
recall@10 : 0.0619    recall@20 : 0.0987    recall@50 : 0.1781    ndcg@10 : 0.0494    ndcg@20 : 0.0618    ndcg@50 : 0.0848    
24 Oct 19:14    INFO  epoch 53 training [time: 23.77s, train loss: -0.9642]
24 Oct 19:15    INFO  epoch 53 evaluating [time: 15.10s, valid_score: 0.062000]
24 Oct 19:15    INFO  valid result: 
recall@10 : 0.0618    recall@20 : 0.0989    recall@50 : 0.1775    ndcg@10 : 0.0494    ndcg@20 : 0.062    ndcg@50 : 0.0847    
24 Oct 19:15    INFO  epoch 54 training [time: 23.76s, train loss: -0.9642]
24 Oct 19:15    INFO  epoch 54 evaluating [time: 15.46s, valid_score: 0.061800]
24 Oct 19:15    INFO  valid result: 
recall@10 : 0.0615    recall@20 : 0.0989    recall@50 : 0.1774    ndcg@10 : 0.0492    ndcg@20 : 0.0618    ndcg@50 : 0.0845    
24 Oct 19:16    INFO  epoch 55 training [time: 23.76s, train loss: -0.9642]
24 Oct 19:16    INFO  epoch 55 evaluating [time: 15.31s, valid_score: 0.062000]
24 Oct 19:16    INFO  valid result: 
recall@10 : 0.0619    recall@20 : 0.0993    recall@50 : 0.178    ndcg@10 : 0.0495    ndcg@20 : 0.062    ndcg@50 : 0.0848    
24 Oct 19:16    INFO  epoch 56 training [time: 23.79s, train loss: -0.9643]
24 Oct 19:17    INFO  epoch 56 evaluating [time: 15.12s, valid_score: 0.061600]
24 Oct 19:17    INFO  valid result: 
recall@10 : 0.0614    recall@20 : 0.0983    recall@50 : 0.1784    ndcg@10 : 0.0492    ndcg@20 : 0.0616    ndcg@50 : 0.0848    
24 Oct 19:17    INFO  epoch 57 training [time: 23.74s, train loss: -0.9643]
24 Oct 19:17    INFO  epoch 57 evaluating [time: 15.23s, valid_score: 0.062100]
24 Oct 19:17    INFO  valid result: 
recall@10 : 0.0611    recall@20 : 0.0991    recall@50 : 0.178    ndcg@10 : 0.0493    ndcg@20 : 0.0621    ndcg@50 : 0.0849    
24 Oct 19:18    INFO  epoch 58 training [time: 23.57s, train loss: -0.9643]
24 Oct 19:18    INFO  epoch 58 evaluating [time: 14.97s, valid_score: 0.061900]
24 Oct 19:18    INFO  valid result: 
recall@10 : 0.061    recall@20 : 0.0994    recall@50 : 0.1783    ndcg@10 : 0.049    ndcg@20 : 0.0619    ndcg@50 : 0.0848    
24 Oct 19:18    INFO  epoch 59 training [time: 23.77s, train loss: -0.9644]
24 Oct 19:19    INFO  epoch 59 evaluating [time: 15.29s, valid_score: 0.061800]
24 Oct 19:19    INFO  valid result: 
recall@10 : 0.0619    recall@20 : 0.0988    recall@50 : 0.1778    ndcg@10 : 0.0494    ndcg@20 : 0.0618    ndcg@50 : 0.0847    
24 Oct 19:19    INFO  epoch 60 training [time: 23.71s, train loss: -0.9644]
24 Oct 19:19    INFO  epoch 60 evaluating [time: 14.90s, valid_score: 0.061800]
24 Oct 19:19    INFO  valid result: 
recall@10 : 0.0613    recall@20 : 0.0987    recall@50 : 0.1777    ndcg@10 : 0.0493    ndcg@20 : 0.0618    ndcg@50 : 0.0847    
24 Oct 19:20    INFO  epoch 61 training [time: 23.79s, train loss: -0.9644]
24 Oct 19:20    INFO  epoch 61 evaluating [time: 17.23s, valid_score: 0.061700]
24 Oct 19:20    INFO  valid result: 
recall@10 : 0.0615    recall@20 : 0.0989    recall@50 : 0.1781    ndcg@10 : 0.0491    ndcg@20 : 0.0617    ndcg@50 : 0.0847    
24 Oct 19:20    INFO  epoch 62 training [time: 24.00s, train loss: -0.9645]
24 Oct 19:20    INFO  epoch 62 evaluating [time: 14.89s, valid_score: 0.061900]
24 Oct 19:20    INFO  valid result: 
recall@10 : 0.061    recall@20 : 0.0986    recall@50 : 0.1781    ndcg@10 : 0.0491    ndcg@20 : 0.0619    ndcg@50 : 0.0849    
24 Oct 19:20    INFO  Finished training, best eval result in epoch 51
24 Oct 19:20    INFO  Loading model structure and parameters from saved/DirectAU-Oct-24-2023_18-39-47.pth
24 Oct 19:21    INFO  best valid : {'recall@10': 0.0617, 'recall@20': 0.0996, 'recall@50': 0.1775, 'ndcg@10': 0.0494, 'ndcg@20': 0.0622, 'ndcg@50': 0.0848}
24 Oct 19:21    INFO  test result: {'recall@10': 0.0626, 'recall@20': 0.1, 'recall@50': 0.1772, 'ndcg@10': 0.0501, 'ndcg@20': 0.0625, 'ndcg@50': 0.0848}
