command line args [--zc 1] will not be used in RecBole
24 Oct 16:42    INFO  
General Hyper Parameters:
gpu_id = 9
use_gpu = True
seed = 0
state = INFO
reproducibility = True
data_path = dataset/Beauty
show_progress = False

Training Hyper Parameters:
checkpoint_dir = saved
epochs = 500
train_batch_size = 256
learner = adam
learning_rate = 0.001
training_neg_sample_num = 0
training_neg_sample_distribution = uniform
eval_step = 1
stopping_step = 10
clip_grad_norm = None
weight_decay = 1e-06
draw_loss_pic = False
loss_decimal_place = 4

Evaluation Hyper Parameters:
eval_setting = RO_RS,full
group_by_user = True
split_ratio = [0.8, 0.1, 0.1]
leave_one_num = 2
real_time_process = False
metrics = ['Recall', 'NDCG']
topk = [10, 20, 50]
valid_metric = NDCG@20
eval_batch_size = 4096
metric_decimal_place = 4

Dataset Hyper Parameters:
field_separator = 	
seq_separator =  
USER_ID_FIELD = user_id
ITEM_ID_FIELD = item_id
RATING_FIELD = rating
TIME_FIELD = timestamp
seq_len = None
LABEL_FIELD = label
threshold = None
NEG_PREFIX = neg_
load_col = {'inter': ['user_id', 'item_id', 'timestamp']}
unload_col = None
unused_col = None
additional_feat_suffix = None
lowest_val = None
highest_val = None
equal_val = None
not_equal_val = None
max_user_inter_num = None
min_user_inter_num = 5
max_item_inter_num = None
min_item_inter_num = 5
fields_in_same_space = None
preload_weight = None
normalize_field = None
normalize_all = None
ITEM_LIST_LENGTH_FIELD = item_length
LIST_SUFFIX = _list
MAX_ITEM_LIST_LENGTH = 50
POSITION_FIELD = position_id
HEAD_ENTITY_ID_FIELD = head_id
TAIL_ENTITY_ID_FIELD = tail_id
RELATION_ID_FIELD = relation_id
ENTITY_ID_FIELD = entity_id

Other Hyper Parameters: 
valid_metric_bigger = True
BT = 0.1
bt = 0.001
embedding_size = 64
encoder = MF
gamma = 0.5
times = 1
witem = 0.1
wuser = 0.8
zc = 1.0
rm_dup_inter = None
filter_inter_by_user_or_item = True
SOURCE_ID_FIELD = source_id
TARGET_ID_FIELD = target_id
benchmark_filename = None
MODEL_TYPE = ModelType.GENERAL
MODEL_INPUT_TYPE = InputType.POINTWISE
eval_type = EvaluatorType.RANKING
device = cuda
train_neg_sample_args = {'strategy': 'none'}


24 Oct 16:42    INFO  Beauty
The number of users: 22364
Average actions of users: 8.876358270357287
The number of items: 12102
Average actions of items: 16.403768283612923
The number of inters: 198502
The sparsity of the dataset: 99.92665707018277%
Remain Fields: ['user_id', 'item_id', 'timestamp']
24 Oct 16:42    INFO  Build [GeneralDataLoader] for [train] with format [InputType.POINTWISE]
24 Oct 16:42    INFO  [train] No Negative Sampling
24 Oct 16:42    INFO  [train] batch_size = [256], shuffle = [True]

24 Oct 16:42    INFO  Build [GeneralFullDataLoader] for [evaluation] with format [InputType.POINTWISE]
24 Oct 16:42    INFO  Evaluation Setting:
	Group by user_id
	Ordering: {'strategy': 'shuffle'}
	Splitting: {'strategy': 'by_ratio', 'ratios': [0.8, 0.1, 0.1]}
	Negative Sampling: {'strategy': 'full', 'distribution': 'uniform'}
24 Oct 16:42    INFO  [evaluation] batch_size = [4096], shuffle = [False]

24 Oct 16:43    WARNING  Batch size is changed to 12102.
24 Oct 16:43    WARNING  Batch size is changed to 12102.
{'BT': 0.1, 'bt': 0.001, 'embedding_size': 64, 'encoder': 'MF', 'gamma': None, 'times': 1, 'training_neg_sample_num': 0, 'witem': 0.1, 'wuser': 0.8, 'zc': 1.0}
this is encoder MF...
这是directau 的 WUBT 版本...
24 Oct 16:43    INFO  DirectAU(
  (encoder): MFEncoder(
    (user_embedding): Embedding(22364, 64)
    (item_embedding): Embedding(12102, 64)
  )
  (bn): BatchNorm1d(64, eps=1e-05, momentum=0.1, affine=False, track_running_stats=True)
  (projector): Sequential(
    (0): Linear(in_features=64, out_features=64, bias=False)
    (1): BatchNorm1d(64, eps=1e-05, momentum=0.1, affine=True, track_running_stats=True)
    (2): ReLU(inplace=True)
    (3): Linear(in_features=64, out_features=64, bias=False)
    (4): BatchNorm1d(64, eps=1e-05, momentum=0.1, affine=True, track_running_stats=True)
    (5): ReLU(inplace=True)
    (6): Linear(in_features=64, out_features=64, bias=False)
  )
)
Trainable parameters: 2218368
24 Oct 16:43    INFO  epoch 0 training [time: 1.95s, train loss: -0.8878]
24 Oct 16:43    INFO  epoch 0 evaluating [time: 10.49s, valid_score: 0.013900]
24 Oct 16:43    INFO  valid result: 
recall@10 : 0.02    recall@20 : 0.0303    recall@50 : 0.0502    ndcg@10 : 0.0111    ndcg@20 : 0.0139    ndcg@50 : 0.0182    
24 Oct 16:43    INFO  Saving current best: saved/DirectAU-Oct-24-2023_16-43-04.pth
24 Oct 16:43    INFO  epoch 1 training [time: 2.03s, train loss: -1.1787]
24 Oct 16:43    INFO  epoch 1 evaluating [time: 9.59s, valid_score: 0.019600]
24 Oct 16:43    INFO  valid result: 
recall@10 : 0.0273    recall@20 : 0.0427    recall@50 : 0.0709    ndcg@10 : 0.0154    ndcg@20 : 0.0196    ndcg@50 : 0.0255    
24 Oct 16:43    INFO  Saving current best: saved/DirectAU-Oct-24-2023_16-43-04.pth
24 Oct 16:43    INFO  epoch 2 training [time: 2.00s, train loss: -1.2449]
24 Oct 16:43    INFO  epoch 2 evaluating [time: 10.89s, valid_score: 0.022900]
24 Oct 16:43    INFO  valid result: 
recall@10 : 0.0326    recall@20 : 0.0504    recall@50 : 0.082    ndcg@10 : 0.0181    ndcg@20 : 0.0229    ndcg@50 : 0.0295    
24 Oct 16:43    INFO  Saving current best: saved/DirectAU-Oct-24-2023_16-43-04.pth
24 Oct 16:43    INFO  epoch 3 training [time: 1.97s, train loss: -1.2724]
24 Oct 16:43    INFO  epoch 3 evaluating [time: 9.35s, valid_score: 0.025300]
24 Oct 16:43    INFO  valid result: 
recall@10 : 0.036    recall@20 : 0.0552    recall@50 : 0.0907    ndcg@10 : 0.0201    ndcg@20 : 0.0253    ndcg@50 : 0.0326    
24 Oct 16:43    INFO  Saving current best: saved/DirectAU-Oct-24-2023_16-43-04.pth
24 Oct 16:43    INFO  epoch 4 training [time: 1.98s, train loss: -1.2803]
24 Oct 16:44    INFO  epoch 4 evaluating [time: 9.32s, valid_score: 0.027000]
24 Oct 16:44    INFO  valid result: 
recall@10 : 0.0381    recall@20 : 0.0589    recall@50 : 0.0959    ndcg@10 : 0.0214    ndcg@20 : 0.027    ndcg@50 : 0.0347    
24 Oct 16:44    INFO  Saving current best: saved/DirectAU-Oct-24-2023_16-43-04.pth
24 Oct 16:44    INFO  epoch 5 training [time: 2.03s, train loss: -1.2948]
24 Oct 16:44    INFO  epoch 5 evaluating [time: 9.79s, valid_score: 0.028700]
24 Oct 16:44    INFO  valid result: 
recall@10 : 0.0411    recall@20 : 0.063    recall@50 : 0.0995    ndcg@10 : 0.0229    ndcg@20 : 0.0287    ndcg@50 : 0.0363    
24 Oct 16:44    INFO  Saving current best: saved/DirectAU-Oct-24-2023_16-43-04.pth
24 Oct 16:44    INFO  epoch 6 training [time: 1.85s, train loss: -1.3156]
24 Oct 16:44    INFO  epoch 6 evaluating [time: 9.37s, valid_score: 0.030200]
24 Oct 16:44    INFO  valid result: 
recall@10 : 0.0437    recall@20 : 0.0658    recall@50 : 0.1046    ndcg@10 : 0.0244    ndcg@20 : 0.0302    ndcg@50 : 0.0383    
24 Oct 16:44    INFO  Saving current best: saved/DirectAU-Oct-24-2023_16-43-04.pth
24 Oct 16:44    INFO  epoch 7 training [time: 2.03s, train loss: -1.3122]
24 Oct 16:44    INFO  epoch 7 evaluating [time: 9.79s, valid_score: 0.031500]
24 Oct 16:44    INFO  valid result: 
recall@10 : 0.046    recall@20 : 0.0683    recall@50 : 0.1094    ndcg@10 : 0.0255    ndcg@20 : 0.0315    ndcg@50 : 0.04    
24 Oct 16:44    INFO  Saving current best: saved/DirectAU-Oct-24-2023_16-43-04.pth
24 Oct 16:44    INFO  epoch 8 training [time: 2.01s, train loss: -1.3157]
24 Oct 16:44    INFO  epoch 8 evaluating [time: 9.25s, valid_score: 0.032600]
24 Oct 16:44    INFO  valid result: 
recall@10 : 0.0473    recall@20 : 0.0712    recall@50 : 0.113    ndcg@10 : 0.0263    ndcg@20 : 0.0326    ndcg@50 : 0.0414    
24 Oct 16:44    INFO  Saving current best: saved/DirectAU-Oct-24-2023_16-43-04.pth
24 Oct 16:44    INFO  epoch 9 training [time: 2.19s, train loss: -1.3260]
24 Oct 16:45    INFO  epoch 9 evaluating [time: 10.92s, valid_score: 0.033800]
24 Oct 16:45    INFO  valid result: 
recall@10 : 0.0495    recall@20 : 0.0741    recall@50 : 0.1176    ndcg@10 : 0.0273    ndcg@20 : 0.0338    ndcg@50 : 0.0428    
24 Oct 16:45    INFO  Saving current best: saved/DirectAU-Oct-24-2023_16-43-04.pth
24 Oct 16:45    INFO  epoch 10 training [time: 2.20s, train loss: -1.3366]
24 Oct 16:45    INFO  epoch 10 evaluating [time: 10.37s, valid_score: 0.035100]
24 Oct 16:45    INFO  valid result: 
recall@10 : 0.0508    recall@20 : 0.0767    recall@50 : 0.12    ndcg@10 : 0.0283    ndcg@20 : 0.0351    ndcg@50 : 0.0441    
24 Oct 16:45    INFO  Saving current best: saved/DirectAU-Oct-24-2023_16-43-04.pth
24 Oct 16:45    INFO  epoch 11 training [time: 1.97s, train loss: -1.3376]
24 Oct 16:45    INFO  epoch 11 evaluating [time: 9.36s, valid_score: 0.036200]
24 Oct 16:45    INFO  valid result: 
recall@10 : 0.0525    recall@20 : 0.0794    recall@50 : 0.124    ndcg@10 : 0.0291    ndcg@20 : 0.0362    ndcg@50 : 0.0455    
24 Oct 16:45    INFO  Saving current best: saved/DirectAU-Oct-24-2023_16-43-04.pth
24 Oct 16:45    INFO  epoch 12 training [time: 2.03s, train loss: -1.3401]
24 Oct 16:45    INFO  epoch 12 evaluating [time: 9.54s, valid_score: 0.036700]
24 Oct 16:45    INFO  valid result: 
recall@10 : 0.0528    recall@20 : 0.0805    recall@50 : 0.1265    ndcg@10 : 0.0294    ndcg@20 : 0.0367    ndcg@50 : 0.0463    
24 Oct 16:45    INFO  Saving current best: saved/DirectAU-Oct-24-2023_16-43-04.pth
24 Oct 16:45    INFO  epoch 13 training [time: 1.96s, train loss: -1.3611]
24 Oct 16:45    INFO  epoch 13 evaluating [time: 10.13s, valid_score: 0.038200]
24 Oct 16:45    INFO  valid result: 
recall@10 : 0.0565    recall@20 : 0.083    recall@50 : 0.1289    ndcg@10 : 0.0312    ndcg@20 : 0.0382    ndcg@50 : 0.0477    
24 Oct 16:45    INFO  Saving current best: saved/DirectAU-Oct-24-2023_16-43-04.pth
24 Oct 16:45    INFO  epoch 14 training [time: 2.17s, train loss: -1.3632]
24 Oct 16:46    INFO  epoch 14 evaluating [time: 9.30s, valid_score: 0.039000]
24 Oct 16:46    INFO  valid result: 
recall@10 : 0.0578    recall@20 : 0.0859    recall@50 : 0.1313    ndcg@10 : 0.0316    ndcg@20 : 0.039    ndcg@50 : 0.0484    
24 Oct 16:46    INFO  Saving current best: saved/DirectAU-Oct-24-2023_16-43-04.pth
24 Oct 16:46    INFO  epoch 15 training [time: 1.93s, train loss: -1.3644]
24 Oct 16:46    INFO  epoch 15 evaluating [time: 9.43s, valid_score: 0.039700]
24 Oct 16:46    INFO  valid result: 
recall@10 : 0.0586    recall@20 : 0.087    recall@50 : 0.1325    ndcg@10 : 0.0322    ndcg@20 : 0.0397    ndcg@50 : 0.0491    
24 Oct 16:46    INFO  Saving current best: saved/DirectAU-Oct-24-2023_16-43-04.pth
24 Oct 16:46    INFO  epoch 16 training [time: 2.15s, train loss: -1.3653]
24 Oct 16:46    INFO  epoch 16 evaluating [time: 10.28s, valid_score: 0.041100]
24 Oct 16:46    INFO  valid result: 
recall@10 : 0.0599    recall@20 : 0.0888    recall@50 : 0.1351    ndcg@10 : 0.0334    ndcg@20 : 0.0411    ndcg@50 : 0.0506    
24 Oct 16:46    INFO  Saving current best: saved/DirectAU-Oct-24-2023_16-43-04.pth
24 Oct 16:46    INFO  epoch 17 training [time: 2.28s, train loss: -1.3743]
24 Oct 16:46    INFO  epoch 17 evaluating [time: 9.75s, valid_score: 0.041800]
24 Oct 16:46    INFO  valid result: 
recall@10 : 0.0611    recall@20 : 0.0903    recall@50 : 0.1366    ndcg@10 : 0.0341    ndcg@20 : 0.0418    ndcg@50 : 0.0514    
24 Oct 16:46    INFO  Saving current best: saved/DirectAU-Oct-24-2023_16-43-04.pth
24 Oct 16:46    INFO  epoch 18 training [time: 1.91s, train loss: -1.3748]
24 Oct 16:46    INFO  epoch 18 evaluating [time: 9.36s, valid_score: 0.042400]
24 Oct 16:46    INFO  valid result: 
recall@10 : 0.0625    recall@20 : 0.0919    recall@50 : 0.1388    ndcg@10 : 0.0346    ndcg@20 : 0.0424    ndcg@50 : 0.0521    
24 Oct 16:46    INFO  Saving current best: saved/DirectAU-Oct-24-2023_16-43-04.pth
24 Oct 16:46    INFO  epoch 19 training [time: 1.60s, train loss: -1.3886]
24 Oct 16:47    INFO  epoch 19 evaluating [time: 10.89s, valid_score: 0.042900]
24 Oct 16:47    INFO  valid result: 
recall@10 : 0.0642    recall@20 : 0.0933    recall@50 : 0.1411    ndcg@10 : 0.0353    ndcg@20 : 0.0429    ndcg@50 : 0.0528    
24 Oct 16:47    INFO  Saving current best: saved/DirectAU-Oct-24-2023_16-43-04.pth
24 Oct 16:47    INFO  epoch 20 training [time: 2.09s, train loss: -1.3895]
24 Oct 16:47    INFO  epoch 20 evaluating [time: 10.35s, valid_score: 0.043600]
24 Oct 16:47    INFO  valid result: 
recall@10 : 0.0635    recall@20 : 0.0941    recall@50 : 0.1426    ndcg@10 : 0.0355    ndcg@20 : 0.0436    ndcg@50 : 0.0536    
24 Oct 16:47    INFO  Saving current best: saved/DirectAU-Oct-24-2023_16-43-04.pth
24 Oct 16:47    INFO  epoch 21 training [time: 2.00s, train loss: -1.3864]
24 Oct 16:47    INFO  epoch 21 evaluating [time: 9.53s, valid_score: 0.044300]
24 Oct 16:47    INFO  valid result: 
recall@10 : 0.065    recall@20 : 0.0961    recall@50 : 0.1453    ndcg@10 : 0.0361    ndcg@20 : 0.0443    ndcg@50 : 0.0545    
24 Oct 16:47    INFO  Saving current best: saved/DirectAU-Oct-24-2023_16-43-04.pth
24 Oct 16:47    INFO  epoch 22 training [time: 1.96s, train loss: -1.3981]
24 Oct 16:47    INFO  epoch 22 evaluating [time: 9.56s, valid_score: 0.044800]
24 Oct 16:47    INFO  valid result: 
recall@10 : 0.0661    recall@20 : 0.0968    recall@50 : 0.147    ndcg@10 : 0.0367    ndcg@20 : 0.0448    ndcg@50 : 0.0552    
24 Oct 16:47    INFO  Saving current best: saved/DirectAU-Oct-24-2023_16-43-04.pth
24 Oct 16:47    INFO  epoch 23 training [time: 1.93s, train loss: -1.3934]
24 Oct 16:47    INFO  epoch 23 evaluating [time: 9.23s, valid_score: 0.045600]
24 Oct 16:47    INFO  valid result: 
recall@10 : 0.0661    recall@20 : 0.0984    recall@50 : 0.1479    ndcg@10 : 0.0371    ndcg@20 : 0.0456    ndcg@50 : 0.0558    
24 Oct 16:47    INFO  Saving current best: saved/DirectAU-Oct-24-2023_16-43-04.pth
24 Oct 16:47    INFO  epoch 24 training [time: 1.96s, train loss: -1.4009]
24 Oct 16:48    INFO  epoch 24 evaluating [time: 11.57s, valid_score: 0.046600]
24 Oct 16:48    INFO  valid result: 
recall@10 : 0.0685    recall@20 : 0.0999    recall@50 : 0.1507    ndcg@10 : 0.0383    ndcg@20 : 0.0466    ndcg@50 : 0.0571    
24 Oct 16:48    INFO  Saving current best: saved/DirectAU-Oct-24-2023_16-43-04.pth
24 Oct 16:48    INFO  epoch 25 training [time: 2.18s, train loss: -1.4082]
24 Oct 16:48    INFO  epoch 25 evaluating [time: 9.50s, valid_score: 0.047500]
24 Oct 16:48    INFO  valid result: 
recall@10 : 0.0686    recall@20 : 0.1025    recall@50 : 0.1523    ndcg@10 : 0.0386    ndcg@20 : 0.0475    ndcg@50 : 0.0577    
24 Oct 16:48    INFO  Saving current best: saved/DirectAU-Oct-24-2023_16-43-04.pth
24 Oct 16:48    INFO  epoch 26 training [time: 1.99s, train loss: -1.4092]
24 Oct 16:48    INFO  epoch 26 evaluating [time: 11.46s, valid_score: 0.047800]
24 Oct 16:48    INFO  valid result: 
recall@10 : 0.0703    recall@20 : 0.1022    recall@50 : 0.1539    ndcg@10 : 0.0393    ndcg@20 : 0.0478    ndcg@50 : 0.0584    
24 Oct 16:48    INFO  Saving current best: saved/DirectAU-Oct-24-2023_16-43-04.pth
24 Oct 16:48    INFO  epoch 27 training [time: 1.97s, train loss: -1.4155]
24 Oct 16:48    INFO  epoch 27 evaluating [time: 11.19s, valid_score: 0.048400]
24 Oct 16:48    INFO  valid result: 
recall@10 : 0.0714    recall@20 : 0.1045    recall@50 : 0.1555    ndcg@10 : 0.0397    ndcg@20 : 0.0484    ndcg@50 : 0.0588    
24 Oct 16:48    INFO  Saving current best: saved/DirectAU-Oct-24-2023_16-43-04.pth
24 Oct 16:48    INFO  epoch 28 training [time: 2.13s, train loss: -1.4144]
24 Oct 16:48    INFO  epoch 28 evaluating [time: 10.80s, valid_score: 0.048800]
24 Oct 16:48    INFO  valid result: 
recall@10 : 0.0714    recall@20 : 0.105    recall@50 : 0.1573    ndcg@10 : 0.04    ndcg@20 : 0.0488    ndcg@50 : 0.0595    
24 Oct 16:48    INFO  Saving current best: saved/DirectAU-Oct-24-2023_16-43-04.pth
24 Oct 16:48    INFO  epoch 29 training [time: 2.14s, train loss: -1.4231]
24 Oct 16:49    INFO  epoch 29 evaluating [time: 11.59s, valid_score: 0.049400]
24 Oct 16:49    INFO  valid result: 
recall@10 : 0.072    recall@20 : 0.1064    recall@50 : 0.1583    ndcg@10 : 0.0404    ndcg@20 : 0.0494    ndcg@50 : 0.0601    
24 Oct 16:49    INFO  Saving current best: saved/DirectAU-Oct-24-2023_16-43-04.pth
24 Oct 16:49    INFO  epoch 30 training [time: 2.11s, train loss: -1.4268]
24 Oct 16:49    INFO  epoch 30 evaluating [time: 9.39s, valid_score: 0.049900]
24 Oct 16:49    INFO  valid result: 
recall@10 : 0.0731    recall@20 : 0.107    recall@50 : 0.1592    ndcg@10 : 0.041    ndcg@20 : 0.0499    ndcg@50 : 0.0607    
24 Oct 16:49    INFO  Saving current best: saved/DirectAU-Oct-24-2023_16-43-04.pth
24 Oct 16:49    INFO  epoch 31 training [time: 1.88s, train loss: -1.4285]
24 Oct 16:49    INFO  epoch 31 evaluating [time: 9.86s, valid_score: 0.050600]
24 Oct 16:49    INFO  valid result: 
recall@10 : 0.0746    recall@20 : 0.1083    recall@50 : 0.161    ndcg@10 : 0.0418    ndcg@20 : 0.0506    ndcg@50 : 0.0614    
24 Oct 16:49    INFO  Saving current best: saved/DirectAU-Oct-24-2023_16-43-04.pth
24 Oct 16:49    INFO  epoch 32 training [time: 1.91s, train loss: -1.4346]
24 Oct 16:49    INFO  epoch 32 evaluating [time: 9.52s, valid_score: 0.051200]
24 Oct 16:49    INFO  valid result: 
recall@10 : 0.0755    recall@20 : 0.1096    recall@50 : 0.1615    ndcg@10 : 0.0423    ndcg@20 : 0.0512    ndcg@50 : 0.0619    
24 Oct 16:49    INFO  Saving current best: saved/DirectAU-Oct-24-2023_16-43-04.pth
24 Oct 16:49    INFO  epoch 33 training [time: 1.99s, train loss: -1.4299]
24 Oct 16:49    INFO  epoch 33 evaluating [time: 9.25s, valid_score: 0.051500]
24 Oct 16:49    INFO  valid result: 
recall@10 : 0.0758    recall@20 : 0.1096    recall@50 : 0.1641    ndcg@10 : 0.0426    ndcg@20 : 0.0515    ndcg@50 : 0.0627    
24 Oct 16:49    INFO  Saving current best: saved/DirectAU-Oct-24-2023_16-43-04.pth
24 Oct 16:49    INFO  epoch 34 training [time: 1.91s, train loss: -1.4392]
24 Oct 16:50    INFO  epoch 34 evaluating [time: 9.50s, valid_score: 0.052200]
24 Oct 16:50    INFO  valid result: 
recall@10 : 0.0775    recall@20 : 0.111    recall@50 : 0.1652    ndcg@10 : 0.0434    ndcg@20 : 0.0522    ndcg@50 : 0.0634    
24 Oct 16:50    INFO  Saving current best: saved/DirectAU-Oct-24-2023_16-43-04.pth
24 Oct 16:50    INFO  epoch 35 training [time: 1.81s, train loss: -1.4278]
24 Oct 16:50    INFO  epoch 35 evaluating [time: 9.36s, valid_score: 0.052900]
24 Oct 16:50    INFO  valid result: 
recall@10 : 0.0779    recall@20 : 0.1123    recall@50 : 0.1663    ndcg@10 : 0.0439    ndcg@20 : 0.0529    ndcg@50 : 0.0641    
24 Oct 16:50    INFO  Saving current best: saved/DirectAU-Oct-24-2023_16-43-04.pth
24 Oct 16:50    INFO  epoch 36 training [time: 1.98s, train loss: -1.4364]
24 Oct 16:50    INFO  epoch 36 evaluating [time: 9.47s, valid_score: 0.053000]
24 Oct 16:50    INFO  valid result: 
recall@10 : 0.0788    recall@20 : 0.1125    recall@50 : 0.1668    ndcg@10 : 0.0441    ndcg@20 : 0.053    ndcg@50 : 0.0642    
24 Oct 16:50    INFO  Saving current best: saved/DirectAU-Oct-24-2023_16-43-04.pth
24 Oct 16:50    INFO  epoch 37 training [time: 2.01s, train loss: -1.4423]
24 Oct 16:50    INFO  epoch 37 evaluating [time: 9.28s, valid_score: 0.053800]
24 Oct 16:50    INFO  valid result: 
recall@10 : 0.0792    recall@20 : 0.114    recall@50 : 0.1678    ndcg@10 : 0.0447    ndcg@20 : 0.0538    ndcg@50 : 0.0649    
24 Oct 16:50    INFO  Saving current best: saved/DirectAU-Oct-24-2023_16-43-04.pth
24 Oct 16:50    INFO  epoch 38 training [time: 2.02s, train loss: -1.4443]
24 Oct 16:50    INFO  epoch 38 evaluating [time: 9.29s, valid_score: 0.053900]
24 Oct 16:50    INFO  valid result: 
recall@10 : 0.0798    recall@20 : 0.1141    recall@50 : 0.169    ndcg@10 : 0.0449    ndcg@20 : 0.0539    ndcg@50 : 0.0652    
24 Oct 16:50    INFO  Saving current best: saved/DirectAU-Oct-24-2023_16-43-04.pth
24 Oct 16:50    INFO  epoch 39 training [time: 1.99s, train loss: -1.4477]
24 Oct 16:51    INFO  epoch 39 evaluating [time: 9.41s, valid_score: 0.054400]
24 Oct 16:51    INFO  valid result: 
recall@10 : 0.0801    recall@20 : 0.1157    recall@50 : 0.17    ndcg@10 : 0.0451    ndcg@20 : 0.0544    ndcg@50 : 0.0656    
24 Oct 16:51    INFO  Saving current best: saved/DirectAU-Oct-24-2023_16-43-04.pth
24 Oct 16:51    INFO  epoch 40 training [time: 1.97s, train loss: -1.4489]
24 Oct 16:51    INFO  epoch 40 evaluating [time: 9.27s, valid_score: 0.054600]
24 Oct 16:51    INFO  valid result: 
recall@10 : 0.081    recall@20 : 0.1159    recall@50 : 0.1714    ndcg@10 : 0.0455    ndcg@20 : 0.0546    ndcg@50 : 0.0661    
24 Oct 16:51    INFO  Saving current best: saved/DirectAU-Oct-24-2023_16-43-04.pth
24 Oct 16:51    INFO  epoch 41 training [time: 1.90s, train loss: -1.4453]
24 Oct 16:51    INFO  epoch 41 evaluating [time: 9.40s, valid_score: 0.055000]
24 Oct 16:51    INFO  valid result: 
recall@10 : 0.081    recall@20 : 0.1167    recall@50 : 0.1728    ndcg@10 : 0.0456    ndcg@20 : 0.055    ndcg@50 : 0.0665    
24 Oct 16:51    INFO  Saving current best: saved/DirectAU-Oct-24-2023_16-43-04.pth
24 Oct 16:51    INFO  epoch 42 training [time: 1.96s, train loss: -1.4485]
24 Oct 16:51    INFO  epoch 42 evaluating [time: 9.24s, valid_score: 0.055700]
24 Oct 16:51    INFO  valid result: 
recall@10 : 0.0827    recall@20 : 0.1176    recall@50 : 0.174    ndcg@10 : 0.0465    ndcg@20 : 0.0557    ndcg@50 : 0.0672    
24 Oct 16:51    INFO  Saving current best: saved/DirectAU-Oct-24-2023_16-43-04.pth
24 Oct 16:51    INFO  epoch 43 training [time: 1.93s, train loss: -1.4519]
24 Oct 16:51    INFO  epoch 43 evaluating [time: 9.31s, valid_score: 0.055900]
24 Oct 16:51    INFO  valid result: 
recall@10 : 0.0825    recall@20 : 0.1178    recall@50 : 0.1748    ndcg@10 : 0.0466    ndcg@20 : 0.0559    ndcg@50 : 0.0675    
24 Oct 16:51    INFO  Saving current best: saved/DirectAU-Oct-24-2023_16-43-04.pth
24 Oct 16:51    INFO  epoch 44 training [time: 1.91s, train loss: -1.4524]
24 Oct 16:51    INFO  epoch 44 evaluating [time: 9.27s, valid_score: 0.056200]
24 Oct 16:51    INFO  valid result: 
recall@10 : 0.0826    recall@20 : 0.1194    recall@50 : 0.1755    ndcg@10 : 0.0466    ndcg@20 : 0.0562    ndcg@50 : 0.0677    
24 Oct 16:51    INFO  Saving current best: saved/DirectAU-Oct-24-2023_16-43-04.pth
24 Oct 16:52    INFO  epoch 45 training [time: 1.98s, train loss: -1.4589]
24 Oct 16:52    INFO  epoch 45 evaluating [time: 9.38s, valid_score: 0.056400]
24 Oct 16:52    INFO  valid result: 
recall@10 : 0.0828    recall@20 : 0.119    recall@50 : 0.1763    ndcg@10 : 0.0469    ndcg@20 : 0.0564    ndcg@50 : 0.0681    
24 Oct 16:52    INFO  Saving current best: saved/DirectAU-Oct-24-2023_16-43-04.pth
24 Oct 16:52    INFO  epoch 46 training [time: 1.96s, train loss: -1.4574]
24 Oct 16:52    INFO  epoch 46 evaluating [time: 9.29s, valid_score: 0.056900]
24 Oct 16:52    INFO  valid result: 
recall@10 : 0.0834    recall@20 : 0.1204    recall@50 : 0.1761    ndcg@10 : 0.0472    ndcg@20 : 0.0569    ndcg@50 : 0.0683    
24 Oct 16:52    INFO  Saving current best: saved/DirectAU-Oct-24-2023_16-43-04.pth
24 Oct 16:52    INFO  epoch 47 training [time: 1.95s, train loss: -1.4613]
24 Oct 16:52    INFO  epoch 47 evaluating [time: 9.38s, valid_score: 0.057100]
24 Oct 16:52    INFO  valid result: 
recall@10 : 0.0842    recall@20 : 0.1209    recall@50 : 0.1769    ndcg@10 : 0.0476    ndcg@20 : 0.0571    ndcg@50 : 0.0687    
24 Oct 16:52    INFO  Saving current best: saved/DirectAU-Oct-24-2023_16-43-04.pth
24 Oct 16:52    INFO  epoch 48 training [time: 1.99s, train loss: -1.4624]
24 Oct 16:52    INFO  epoch 48 evaluating [time: 9.24s, valid_score: 0.057500]
24 Oct 16:52    INFO  valid result: 
recall@10 : 0.085    recall@20 : 0.1217    recall@50 : 0.1784    ndcg@10 : 0.0479    ndcg@20 : 0.0575    ndcg@50 : 0.0691    
24 Oct 16:52    INFO  Saving current best: saved/DirectAU-Oct-24-2023_16-43-04.pth
24 Oct 16:52    INFO  epoch 49 training [time: 2.01s, train loss: -1.4646]
24 Oct 16:52    INFO  epoch 49 evaluating [time: 9.34s, valid_score: 0.057900]
24 Oct 16:52    INFO  valid result: 
recall@10 : 0.0851    recall@20 : 0.122    recall@50 : 0.1788    ndcg@10 : 0.0483    ndcg@20 : 0.0579    ndcg@50 : 0.0696    
24 Oct 16:52    INFO  Saving current best: saved/DirectAU-Oct-24-2023_16-43-04.pth
24 Oct 16:52    INFO  epoch 50 training [time: 1.94s, train loss: -1.4703]
24 Oct 16:53    INFO  epoch 50 evaluating [time: 9.28s, valid_score: 0.057600]
24 Oct 16:53    INFO  valid result: 
recall@10 : 0.0852    recall@20 : 0.1215    recall@50 : 0.1788    ndcg@10 : 0.0481    ndcg@20 : 0.0576    ndcg@50 : 0.0694    
24 Oct 16:53    INFO  epoch 51 training [time: 1.97s, train loss: -1.4668]
24 Oct 16:53    INFO  epoch 51 evaluating [time: 9.36s, valid_score: 0.058100]
24 Oct 16:53    INFO  valid result: 
recall@10 : 0.0859    recall@20 : 0.1227    recall@50 : 0.1798    ndcg@10 : 0.0484    ndcg@20 : 0.0581    ndcg@50 : 0.0698    
24 Oct 16:53    INFO  Saving current best: saved/DirectAU-Oct-24-2023_16-43-04.pth
24 Oct 16:53    INFO  epoch 52 training [time: 1.99s, train loss: -1.4675]
24 Oct 16:53    INFO  epoch 52 evaluating [time: 9.29s, valid_score: 0.058100]
24 Oct 16:53    INFO  valid result: 
recall@10 : 0.0866    recall@20 : 0.123    recall@50 : 0.18    ndcg@10 : 0.0486    ndcg@20 : 0.0581    ndcg@50 : 0.0699    
24 Oct 16:53    INFO  epoch 53 training [time: 1.91s, train loss: -1.4684]
24 Oct 16:53    INFO  epoch 53 evaluating [time: 9.40s, valid_score: 0.058500]
24 Oct 16:53    INFO  valid result: 
recall@10 : 0.0868    recall@20 : 0.1241    recall@50 : 0.18    ndcg@10 : 0.0488    ndcg@20 : 0.0585    ndcg@50 : 0.07    
24 Oct 16:53    INFO  Saving current best: saved/DirectAU-Oct-24-2023_16-43-04.pth
24 Oct 16:53    INFO  epoch 54 training [time: 1.98s, train loss: -1.4687]
24 Oct 16:53    INFO  epoch 54 evaluating [time: 9.18s, valid_score: 0.059000]
24 Oct 16:53    INFO  valid result: 
recall@10 : 0.0869    recall@20 : 0.1244    recall@50 : 0.1809    ndcg@10 : 0.0492    ndcg@20 : 0.059    ndcg@50 : 0.0707    
24 Oct 16:53    INFO  Saving current best: saved/DirectAU-Oct-24-2023_16-43-04.pth
24 Oct 16:53    INFO  epoch 55 training [time: 1.95s, train loss: -1.4737]
24 Oct 16:54    INFO  epoch 55 evaluating [time: 9.22s, valid_score: 0.058900]
24 Oct 16:54    INFO  valid result: 
recall@10 : 0.0875    recall@20 : 0.1249    recall@50 : 0.1818    ndcg@10 : 0.0492    ndcg@20 : 0.0589    ndcg@50 : 0.0706    
24 Oct 16:54    INFO  epoch 56 training [time: 2.01s, train loss: -1.4737]
24 Oct 16:54    INFO  epoch 56 evaluating [time: 9.29s, valid_score: 0.059200]
24 Oct 16:54    INFO  valid result: 
recall@10 : 0.0871    recall@20 : 0.124    recall@50 : 0.1818    ndcg@10 : 0.0495    ndcg@20 : 0.0592    ndcg@50 : 0.0711    
24 Oct 16:54    INFO  Saving current best: saved/DirectAU-Oct-24-2023_16-43-04.pth
24 Oct 16:54    INFO  epoch 57 training [time: 1.99s, train loss: -1.4781]
24 Oct 16:54    INFO  epoch 57 evaluating [time: 9.24s, valid_score: 0.059500]
24 Oct 16:54    INFO  valid result: 
recall@10 : 0.0879    recall@20 : 0.1256    recall@50 : 0.1839    ndcg@10 : 0.0497    ndcg@20 : 0.0595    ndcg@50 : 0.0714    
24 Oct 16:54    INFO  Saving current best: saved/DirectAU-Oct-24-2023_16-43-04.pth
24 Oct 16:54    INFO  epoch 58 training [time: 2.03s, train loss: -1.4769]
24 Oct 16:54    INFO  epoch 58 evaluating [time: 9.32s, valid_score: 0.059900]
24 Oct 16:54    INFO  valid result: 
recall@10 : 0.0889    recall@20 : 0.126    recall@50 : 0.1836    ndcg@10 : 0.0502    ndcg@20 : 0.0599    ndcg@50 : 0.0717    
24 Oct 16:54    INFO  Saving current best: saved/DirectAU-Oct-24-2023_16-43-04.pth
24 Oct 16:54    INFO  epoch 59 training [time: 2.00s, train loss: -1.4712]
24 Oct 16:54    INFO  epoch 59 evaluating [time: 9.24s, valid_score: 0.059900]
24 Oct 16:54    INFO  valid result: 
recall@10 : 0.0888    recall@20 : 0.1265    recall@50 : 0.1841    ndcg@10 : 0.05    ndcg@20 : 0.0599    ndcg@50 : 0.0717    
24 Oct 16:54    INFO  epoch 60 training [time: 1.89s, train loss: -1.4772]
24 Oct 16:55    INFO  epoch 60 evaluating [time: 9.36s, valid_score: 0.060800]
24 Oct 16:55    INFO  valid result: 
recall@10 : 0.0901    recall@20 : 0.1275    recall@50 : 0.1849    ndcg@10 : 0.051    ndcg@20 : 0.0608    ndcg@50 : 0.0726    
24 Oct 16:55    INFO  Saving current best: saved/DirectAU-Oct-24-2023_16-43-04.pth
24 Oct 16:55    INFO  epoch 61 training [time: 1.79s, train loss: -1.4766]
24 Oct 16:55    INFO  epoch 61 evaluating [time: 9.17s, valid_score: 0.060800]
24 Oct 16:55    INFO  valid result: 
recall@10 : 0.0902    recall@20 : 0.1281    recall@50 : 0.1861    ndcg@10 : 0.051    ndcg@20 : 0.0608    ndcg@50 : 0.0727    
24 Oct 16:55    INFO  epoch 62 training [time: 1.88s, train loss: -1.4863]
24 Oct 16:55    INFO  epoch 62 evaluating [time: 9.43s, valid_score: 0.060800]
24 Oct 16:55    INFO  valid result: 
recall@10 : 0.0903    recall@20 : 0.1274    recall@50 : 0.1862    ndcg@10 : 0.0512    ndcg@20 : 0.0608    ndcg@50 : 0.0729    
24 Oct 16:55    INFO  epoch 63 training [time: 1.91s, train loss: -1.4760]
24 Oct 16:55    INFO  epoch 63 evaluating [time: 9.28s, valid_score: 0.060900]
24 Oct 16:55    INFO  valid result: 
recall@10 : 0.0903    recall@20 : 0.1278    recall@50 : 0.1856    ndcg@10 : 0.0511    ndcg@20 : 0.0609    ndcg@50 : 0.0728    
24 Oct 16:55    INFO  Saving current best: saved/DirectAU-Oct-24-2023_16-43-04.pth
24 Oct 16:55    INFO  epoch 64 training [time: 1.90s, train loss: -1.4788]
24 Oct 16:55    INFO  epoch 64 evaluating [time: 9.42s, valid_score: 0.061500]
24 Oct 16:55    INFO  valid result: 
recall@10 : 0.0904    recall@20 : 0.1286    recall@50 : 0.1865    ndcg@10 : 0.0515    ndcg@20 : 0.0615    ndcg@50 : 0.0734    
24 Oct 16:55    INFO  Saving current best: saved/DirectAU-Oct-24-2023_16-43-04.pth
24 Oct 16:55    INFO  epoch 65 training [time: 1.93s, train loss: -1.4835]
24 Oct 16:55    INFO  epoch 65 evaluating [time: 9.21s, valid_score: 0.061500]
24 Oct 16:55    INFO  valid result: 
recall@10 : 0.0906    recall@20 : 0.1286    recall@50 : 0.1862    ndcg@10 : 0.0516    ndcg@20 : 0.0615    ndcg@50 : 0.0733    
24 Oct 16:55    INFO  epoch 66 training [time: 1.88s, train loss: -1.4802]
24 Oct 16:56    INFO  epoch 66 evaluating [time: 9.40s, valid_score: 0.061500]
24 Oct 16:56    INFO  valid result: 
recall@10 : 0.091    recall@20 : 0.1286    recall@50 : 0.1868    ndcg@10 : 0.0517    ndcg@20 : 0.0615    ndcg@50 : 0.0735    
24 Oct 16:56    INFO  epoch 67 training [time: 1.96s, train loss: -1.4813]
24 Oct 16:56    INFO  epoch 67 evaluating [time: 9.27s, valid_score: 0.061700]
24 Oct 16:56    INFO  valid result: 
recall@10 : 0.0902    recall@20 : 0.1292    recall@50 : 0.1889    ndcg@10 : 0.0516    ndcg@20 : 0.0617    ndcg@50 : 0.074    
24 Oct 16:56    INFO  Saving current best: saved/DirectAU-Oct-24-2023_16-43-04.pth
24 Oct 16:56    INFO  epoch 68 training [time: 1.91s, train loss: -1.4790]
24 Oct 16:56    INFO  epoch 68 evaluating [time: 9.41s, valid_score: 0.061900]
24 Oct 16:56    INFO  valid result: 
recall@10 : 0.0907    recall@20 : 0.1293    recall@50 : 0.1888    ndcg@10 : 0.0519    ndcg@20 : 0.0619    ndcg@50 : 0.0742    
24 Oct 16:56    INFO  Saving current best: saved/DirectAU-Oct-24-2023_16-43-04.pth
24 Oct 16:56    INFO  epoch 69 training [time: 1.91s, train loss: -1.4811]
24 Oct 16:56    INFO  epoch 69 evaluating [time: 9.20s, valid_score: 0.062000]
24 Oct 16:56    INFO  valid result: 
recall@10 : 0.0906    recall@20 : 0.1297    recall@50 : 0.1892    ndcg@10 : 0.0518    ndcg@20 : 0.062    ndcg@50 : 0.0742    
24 Oct 16:56    INFO  Saving current best: saved/DirectAU-Oct-24-2023_16-43-04.pth
24 Oct 16:56    INFO  epoch 70 training [time: 1.98s, train loss: -1.4794]
24 Oct 16:56    INFO  epoch 70 evaluating [time: 9.36s, valid_score: 0.061800]
24 Oct 16:56    INFO  valid result: 
recall@10 : 0.0911    recall@20 : 0.1292    recall@50 : 0.1887    ndcg@10 : 0.0519    ndcg@20 : 0.0618    ndcg@50 : 0.074    
24 Oct 16:56    INFO  epoch 71 training [time: 1.90s, train loss: -1.4806]
24 Oct 16:57    INFO  epoch 71 evaluating [time: 9.24s, valid_score: 0.062100]
24 Oct 16:57    INFO  valid result: 
recall@10 : 0.092    recall@20 : 0.1293    recall@50 : 0.1896    ndcg@10 : 0.0523    ndcg@20 : 0.0621    ndcg@50 : 0.0745    
24 Oct 16:57    INFO  Saving current best: saved/DirectAU-Oct-24-2023_16-43-04.pth
24 Oct 16:57    INFO  epoch 72 training [time: 1.91s, train loss: -1.4794]
24 Oct 16:57    INFO  epoch 72 evaluating [time: 9.23s, valid_score: 0.062200]
24 Oct 16:57    INFO  valid result: 
recall@10 : 0.0919    recall@20 : 0.13    recall@50 : 0.1897    ndcg@10 : 0.0522    ndcg@20 : 0.0622    ndcg@50 : 0.0744    
24 Oct 16:57    INFO  Saving current best: saved/DirectAU-Oct-24-2023_16-43-04.pth
24 Oct 16:57    INFO  epoch 73 training [time: 1.99s, train loss: -1.4840]
24 Oct 16:57    INFO  epoch 73 evaluating [time: 9.41s, valid_score: 0.062500]
24 Oct 16:57    INFO  valid result: 
recall@10 : 0.0922    recall@20 : 0.13    recall@50 : 0.1903    ndcg@10 : 0.0526    ndcg@20 : 0.0625    ndcg@50 : 0.0748    
24 Oct 16:57    INFO  Saving current best: saved/DirectAU-Oct-24-2023_16-43-04.pth
24 Oct 16:57    INFO  epoch 74 training [time: 2.00s, train loss: -1.4885]
24 Oct 16:57    INFO  epoch 74 evaluating [time: 9.17s, valid_score: 0.062400]
24 Oct 16:57    INFO  valid result: 
recall@10 : 0.093    recall@20 : 0.13    recall@50 : 0.1906    ndcg@10 : 0.0527    ndcg@20 : 0.0624    ndcg@50 : 0.0748    
24 Oct 16:57    INFO  epoch 75 training [time: 2.04s, train loss: -1.4852]
24 Oct 16:57    INFO  epoch 75 evaluating [time: 9.33s, valid_score: 0.062400]
24 Oct 16:57    INFO  valid result: 
recall@10 : 0.0926    recall@20 : 0.1306    recall@50 : 0.1901    ndcg@10 : 0.0525    ndcg@20 : 0.0624    ndcg@50 : 0.0746    
24 Oct 16:57    INFO  epoch 76 training [time: 2.00s, train loss: -1.4847]
24 Oct 16:58    INFO  epoch 76 evaluating [time: 9.31s, valid_score: 0.062500]
24 Oct 16:58    INFO  valid result: 
recall@10 : 0.0928    recall@20 : 0.1304    recall@50 : 0.1905    ndcg@10 : 0.0527    ndcg@20 : 0.0625    ndcg@50 : 0.0749    
24 Oct 16:58    INFO  epoch 77 training [time: 2.00s, train loss: -1.4832]
24 Oct 16:58    INFO  epoch 77 evaluating [time: 9.40s, valid_score: 0.062800]
24 Oct 16:58    INFO  valid result: 
recall@10 : 0.0931    recall@20 : 0.1305    recall@50 : 0.1907    ndcg@10 : 0.0531    ndcg@20 : 0.0628    ndcg@50 : 0.0752    
24 Oct 16:58    INFO  Saving current best: saved/DirectAU-Oct-24-2023_16-43-04.pth
24 Oct 16:58    INFO  epoch 78 training [time: 2.02s, train loss: -1.4916]
24 Oct 16:58    INFO  epoch 78 evaluating [time: 9.23s, valid_score: 0.063200]
24 Oct 16:58    INFO  valid result: 
recall@10 : 0.0934    recall@20 : 0.131    recall@50 : 0.1913    ndcg@10 : 0.0534    ndcg@20 : 0.0632    ndcg@50 : 0.0755    
24 Oct 16:58    INFO  Saving current best: saved/DirectAU-Oct-24-2023_16-43-04.pth
24 Oct 16:58    INFO  epoch 79 training [time: 1.96s, train loss: -1.4933]
24 Oct 16:58    INFO  epoch 79 evaluating [time: 9.25s, valid_score: 0.063200]
24 Oct 16:58    INFO  valid result: 
recall@10 : 0.093    recall@20 : 0.1312    recall@50 : 0.1921    ndcg@10 : 0.0532    ndcg@20 : 0.0632    ndcg@50 : 0.0756    
24 Oct 16:58    INFO  epoch 80 training [time: 2.01s, train loss: -1.4852]
24 Oct 16:58    INFO  epoch 80 evaluating [time: 9.24s, valid_score: 0.063300]
24 Oct 16:58    INFO  valid result: 
recall@10 : 0.0934    recall@20 : 0.1315    recall@50 : 0.1916    ndcg@10 : 0.0534    ndcg@20 : 0.0633    ndcg@50 : 0.0757    
24 Oct 16:58    INFO  Saving current best: saved/DirectAU-Oct-24-2023_16-43-04.pth
24 Oct 16:58    INFO  epoch 81 training [time: 2.02s, train loss: -1.4868]
24 Oct 16:58    INFO  epoch 81 evaluating [time: 9.26s, valid_score: 0.063400]
24 Oct 16:58    INFO  valid result: 
recall@10 : 0.0934    recall@20 : 0.1324    recall@50 : 0.1917    ndcg@10 : 0.0533    ndcg@20 : 0.0634    ndcg@50 : 0.0756    
24 Oct 16:58    INFO  Saving current best: saved/DirectAU-Oct-24-2023_16-43-04.pth
24 Oct 16:58    INFO  epoch 82 training [time: 1.90s, train loss: -1.4870]
24 Oct 16:59    INFO  epoch 82 evaluating [time: 9.25s, valid_score: 0.063300]
24 Oct 16:59    INFO  valid result: 
recall@10 : 0.0944    recall@20 : 0.1311    recall@50 : 0.192    ndcg@10 : 0.0537    ndcg@20 : 0.0633    ndcg@50 : 0.0759    
24 Oct 16:59    INFO  epoch 83 training [time: 2.01s, train loss: -1.4926]
24 Oct 16:59    INFO  epoch 83 evaluating [time: 9.36s, valid_score: 0.063700]
24 Oct 16:59    INFO  valid result: 
recall@10 : 0.0937    recall@20 : 0.1317    recall@50 : 0.1925    ndcg@10 : 0.0537    ndcg@20 : 0.0637    ndcg@50 : 0.0761    
24 Oct 16:59    INFO  Saving current best: saved/DirectAU-Oct-24-2023_16-43-04.pth
24 Oct 16:59    INFO  epoch 84 training [time: 1.82s, train loss: -1.4961]
24 Oct 16:59    INFO  epoch 84 evaluating [time: 9.18s, valid_score: 0.063400]
24 Oct 16:59    INFO  valid result: 
recall@10 : 0.0941    recall@20 : 0.1319    recall@50 : 0.1924    ndcg@10 : 0.0536    ndcg@20 : 0.0634    ndcg@50 : 0.0758    
24 Oct 16:59    INFO  epoch 85 training [time: 2.02s, train loss: -1.4950]
24 Oct 16:59    INFO  epoch 85 evaluating [time: 9.39s, valid_score: 0.063500]
24 Oct 16:59    INFO  valid result: 
recall@10 : 0.0939    recall@20 : 0.1326    recall@50 : 0.1936    ndcg@10 : 0.0534    ndcg@20 : 0.0635    ndcg@50 : 0.076    
24 Oct 16:59    INFO  epoch 86 training [time: 1.98s, train loss: -1.4982]
24 Oct 16:59    INFO  epoch 86 evaluating [time: 9.29s, valid_score: 0.063200]
24 Oct 16:59    INFO  valid result: 
recall@10 : 0.094    recall@20 : 0.1317    recall@50 : 0.1935    ndcg@10 : 0.0533    ndcg@20 : 0.0632    ndcg@50 : 0.0759    
24 Oct 16:59    INFO  epoch 87 training [time: 1.82s, train loss: -1.4874]
24 Oct 17:00    INFO  epoch 87 evaluating [time: 9.48s, valid_score: 0.063500]
24 Oct 17:00    INFO  valid result: 
recall@10 : 0.0938    recall@20 : 0.1322    recall@50 : 0.1939    ndcg@10 : 0.0535    ndcg@20 : 0.0635    ndcg@50 : 0.0762    
24 Oct 17:00    INFO  epoch 88 training [time: 1.90s, train loss: -1.4882]
24 Oct 17:00    INFO  epoch 88 evaluating [time: 9.33s, valid_score: 0.063700]
24 Oct 17:00    INFO  valid result: 
recall@10 : 0.0938    recall@20 : 0.1328    recall@50 : 0.1948    ndcg@10 : 0.0535    ndcg@20 : 0.0637    ndcg@50 : 0.0764    
24 Oct 17:00    INFO  epoch 89 training [time: 1.50s, train loss: -1.4948]
24 Oct 17:00    INFO  epoch 89 evaluating [time: 9.36s, valid_score: 0.063700]
24 Oct 17:00    INFO  valid result: 
recall@10 : 0.0938    recall@20 : 0.1329    recall@50 : 0.1938    ndcg@10 : 0.0535    ndcg@20 : 0.0637    ndcg@50 : 0.0763    
24 Oct 17:00    INFO  epoch 90 training [time: 1.98s, train loss: -1.4894]
24 Oct 17:00    INFO  epoch 90 evaluating [time: 9.50s, valid_score: 0.063500]
24 Oct 17:00    INFO  valid result: 
recall@10 : 0.0939    recall@20 : 0.1318    recall@50 : 0.194    ndcg@10 : 0.0536    ndcg@20 : 0.0635    ndcg@50 : 0.0763    
24 Oct 17:00    INFO  epoch 91 training [time: 1.88s, train loss: -1.4951]
24 Oct 17:00    INFO  epoch 91 evaluating [time: 9.33s, valid_score: 0.063700]
24 Oct 17:00    INFO  valid result: 
recall@10 : 0.094    recall@20 : 0.1324    recall@50 : 0.1941    ndcg@10 : 0.0536    ndcg@20 : 0.0637    ndcg@50 : 0.0763    
24 Oct 17:00    INFO  epoch 92 training [time: 1.97s, train loss: -1.4933]
24 Oct 17:01    INFO  epoch 92 evaluating [time: 9.67s, valid_score: 0.063800]
24 Oct 17:01    INFO  valid result: 
recall@10 : 0.0943    recall@20 : 0.1324    recall@50 : 0.1944    ndcg@10 : 0.0539    ndcg@20 : 0.0638    ndcg@50 : 0.0765    
24 Oct 17:01    INFO  Saving current best: saved/DirectAU-Oct-24-2023_16-43-04.pth
24 Oct 17:01    INFO  epoch 93 training [time: 2.03s, train loss: -1.4934]
24 Oct 17:01    INFO  epoch 93 evaluating [time: 9.56s, valid_score: 0.064200]
24 Oct 17:01    INFO  valid result: 
recall@10 : 0.094    recall@20 : 0.1333    recall@50 : 0.1943    ndcg@10 : 0.0538    ndcg@20 : 0.0642    ndcg@50 : 0.0767    
24 Oct 17:01    INFO  Saving current best: saved/DirectAU-Oct-24-2023_16-43-04.pth
24 Oct 17:01    INFO  epoch 94 training [time: 1.91s, train loss: -1.4908]
24 Oct 17:01    INFO  epoch 94 evaluating [time: 9.15s, valid_score: 0.063700]
24 Oct 17:01    INFO  valid result: 
recall@10 : 0.0942    recall@20 : 0.1329    recall@50 : 0.1948    ndcg@10 : 0.0536    ndcg@20 : 0.0637    ndcg@50 : 0.0764    
24 Oct 17:01    INFO  epoch 95 training [time: 1.93s, train loss: -1.4934]
24 Oct 17:01    INFO  epoch 95 evaluating [time: 9.30s, valid_score: 0.064000]
24 Oct 17:01    INFO  valid result: 
recall@10 : 0.0948    recall@20 : 0.1329    recall@50 : 0.1949    ndcg@10 : 0.054    ndcg@20 : 0.064    ndcg@50 : 0.0767    
24 Oct 17:01    INFO  epoch 96 training [time: 2.01s, train loss: -1.4921]
24 Oct 17:01    INFO  epoch 96 evaluating [time: 9.46s, valid_score: 0.064200]
24 Oct 17:01    INFO  valid result: 
recall@10 : 0.0948    recall@20 : 0.1335    recall@50 : 0.1951    ndcg@10 : 0.0541    ndcg@20 : 0.0642    ndcg@50 : 0.0768    
24 Oct 17:01    INFO  epoch 97 training [time: 2.10s, train loss: -1.4897]
24 Oct 17:01    INFO  epoch 97 evaluating [time: 9.32s, valid_score: 0.064100]
24 Oct 17:01    INFO  valid result: 
recall@10 : 0.0945    recall@20 : 0.1336    recall@50 : 0.1947    ndcg@10 : 0.0539    ndcg@20 : 0.0641    ndcg@50 : 0.0766    
24 Oct 17:01    INFO  epoch 98 training [time: 1.93s, train loss: -1.4911]
24 Oct 17:02    INFO  epoch 98 evaluating [time: 9.48s, valid_score: 0.064100]
24 Oct 17:02    INFO  valid result: 
recall@10 : 0.0943    recall@20 : 0.1332    recall@50 : 0.1951    ndcg@10 : 0.0539    ndcg@20 : 0.0641    ndcg@50 : 0.0768    
24 Oct 17:02    INFO  epoch 99 training [time: 1.89s, train loss: -1.4898]
24 Oct 17:02    INFO  epoch 99 evaluating [time: 9.53s, valid_score: 0.064100]
24 Oct 17:02    INFO  valid result: 
recall@10 : 0.0945    recall@20 : 0.1335    recall@50 : 0.195    ndcg@10 : 0.0539    ndcg@20 : 0.0641    ndcg@50 : 0.0767    
24 Oct 17:02    INFO  epoch 100 training [time: 2.00s, train loss: -1.4904]
24 Oct 17:02    INFO  epoch 100 evaluating [time: 9.37s, valid_score: 0.064400]
24 Oct 17:02    INFO  valid result: 
recall@10 : 0.095    recall@20 : 0.1339    recall@50 : 0.1952    ndcg@10 : 0.0542    ndcg@20 : 0.0644    ndcg@50 : 0.0769    
24 Oct 17:02    INFO  Saving current best: saved/DirectAU-Oct-24-2023_16-43-04.pth
24 Oct 17:02    INFO  epoch 101 training [time: 1.87s, train loss: -1.4942]
24 Oct 17:02    INFO  epoch 101 evaluating [time: 9.51s, valid_score: 0.064600]
24 Oct 17:02    INFO  valid result: 
recall@10 : 0.0946    recall@20 : 0.1344    recall@50 : 0.1955    ndcg@10 : 0.0542    ndcg@20 : 0.0646    ndcg@50 : 0.0771    
24 Oct 17:02    INFO  Saving current best: saved/DirectAU-Oct-24-2023_16-43-04.pth
24 Oct 17:02    INFO  epoch 102 training [time: 1.94s, train loss: -1.4962]
24 Oct 17:02    INFO  epoch 102 evaluating [time: 9.52s, valid_score: 0.064600]
24 Oct 17:02    INFO  valid result: 
recall@10 : 0.0947    recall@20 : 0.1341    recall@50 : 0.1961    ndcg@10 : 0.0543    ndcg@20 : 0.0646    ndcg@50 : 0.0773    
24 Oct 17:02    INFO  epoch 103 training [time: 1.89s, train loss: -1.4932]
24 Oct 17:03    INFO  epoch 103 evaluating [time: 9.15s, valid_score: 0.064400]
24 Oct 17:03    INFO  valid result: 
recall@10 : 0.0951    recall@20 : 0.1341    recall@50 : 0.1964    ndcg@10 : 0.0542    ndcg@20 : 0.0644    ndcg@50 : 0.0772    
24 Oct 17:03    INFO  epoch 104 training [time: 1.51s, train loss: -1.4879]
24 Oct 17:03    INFO  epoch 104 evaluating [time: 9.45s, valid_score: 0.064700]
24 Oct 17:03    INFO  valid result: 
recall@10 : 0.0948    recall@20 : 0.1343    recall@50 : 0.1966    ndcg@10 : 0.0543    ndcg@20 : 0.0647    ndcg@50 : 0.0774    
24 Oct 17:03    INFO  Saving current best: saved/DirectAU-Oct-24-2023_16-43-04.pth
24 Oct 17:03    INFO  epoch 105 training [time: 1.92s, train loss: -1.4886]
24 Oct 17:03    INFO  epoch 105 evaluating [time: 9.25s, valid_score: 0.064500]
24 Oct 17:03    INFO  valid result: 
recall@10 : 0.0939    recall@20 : 0.1346    recall@50 : 0.196    ndcg@10 : 0.0539    ndcg@20 : 0.0645    ndcg@50 : 0.0771    
24 Oct 17:03    INFO  epoch 106 training [time: 1.91s, train loss: -1.4936]
24 Oct 17:03    INFO  epoch 106 evaluating [time: 9.19s, valid_score: 0.064600]
24 Oct 17:03    INFO  valid result: 
recall@10 : 0.0942    recall@20 : 0.1345    recall@50 : 0.1967    ndcg@10 : 0.0541    ndcg@20 : 0.0646    ndcg@50 : 0.0774    
24 Oct 17:03    INFO  epoch 107 training [time: 1.82s, train loss: -1.4914]
24 Oct 17:03    INFO  epoch 107 evaluating [time: 9.39s, valid_score: 0.064600]
24 Oct 17:03    INFO  valid result: 
recall@10 : 0.0952    recall@20 : 0.1346    recall@50 : 0.1973    ndcg@10 : 0.0543    ndcg@20 : 0.0646    ndcg@50 : 0.0774    
24 Oct 17:03    INFO  epoch 108 training [time: 1.88s, train loss: -1.4890]
24 Oct 17:04    INFO  epoch 108 evaluating [time: 9.36s, valid_score: 0.064700]
24 Oct 17:04    INFO  valid result: 
recall@10 : 0.0951    recall@20 : 0.1343    recall@50 : 0.1971    ndcg@10 : 0.0544    ndcg@20 : 0.0647    ndcg@50 : 0.0776    
24 Oct 17:04    INFO  epoch 109 training [time: 1.90s, train loss: -1.4896]
24 Oct 17:04    INFO  epoch 109 evaluating [time: 9.53s, valid_score: 0.064900]
24 Oct 17:04    INFO  valid result: 
recall@10 : 0.0949    recall@20 : 0.1357    recall@50 : 0.1973    ndcg@10 : 0.0543    ndcg@20 : 0.0649    ndcg@50 : 0.0775    
24 Oct 17:04    INFO  Saving current best: saved/DirectAU-Oct-24-2023_16-43-04.pth
24 Oct 17:04    INFO  epoch 110 training [time: 1.99s, train loss: -1.4897]
24 Oct 17:04    INFO  epoch 110 evaluating [time: 9.36s, valid_score: 0.065000]
24 Oct 17:04    INFO  valid result: 
recall@10 : 0.0955    recall@20 : 0.1359    recall@50 : 0.1974    ndcg@10 : 0.0544    ndcg@20 : 0.065    ndcg@50 : 0.0775    
24 Oct 17:04    INFO  Saving current best: saved/DirectAU-Oct-24-2023_16-43-04.pth
24 Oct 17:04    INFO  epoch 111 training [time: 1.82s, train loss: -1.4979]
24 Oct 17:04    INFO  epoch 111 evaluating [time: 9.51s, valid_score: 0.064800]
24 Oct 17:04    INFO  valid result: 
recall@10 : 0.0956    recall@20 : 0.1355    recall@50 : 0.1974    ndcg@10 : 0.0544    ndcg@20 : 0.0648    ndcg@50 : 0.0775    
24 Oct 17:04    INFO  epoch 112 training [time: 1.96s, train loss: -1.4950]
24 Oct 17:04    INFO  epoch 112 evaluating [time: 9.39s, valid_score: 0.064900]
24 Oct 17:04    INFO  valid result: 
recall@10 : 0.0951    recall@20 : 0.1352    recall@50 : 0.1975    ndcg@10 : 0.0545    ndcg@20 : 0.0649    ndcg@50 : 0.0777    
24 Oct 17:04    INFO  epoch 113 training [time: 2.03s, train loss: -1.4932]
24 Oct 17:04    INFO  epoch 113 evaluating [time: 9.39s, valid_score: 0.064900]
24 Oct 17:04    INFO  valid result: 
recall@10 : 0.0956    recall@20 : 0.1354    recall@50 : 0.1974    ndcg@10 : 0.0545    ndcg@20 : 0.0649    ndcg@50 : 0.0776    
24 Oct 17:05    INFO  epoch 114 training [time: 1.97s, train loss: -1.4883]
24 Oct 17:05    INFO  epoch 114 evaluating [time: 9.31s, valid_score: 0.065000]
24 Oct 17:05    INFO  valid result: 
recall@10 : 0.0954    recall@20 : 0.1358    recall@50 : 0.1971    ndcg@10 : 0.0544    ndcg@20 : 0.065    ndcg@50 : 0.0775    
24 Oct 17:05    INFO  epoch 115 training [time: 2.04s, train loss: -1.4968]
24 Oct 17:05    INFO  epoch 115 evaluating [time: 9.35s, valid_score: 0.065200]
24 Oct 17:05    INFO  valid result: 
recall@10 : 0.0945    recall@20 : 0.1358    recall@50 : 0.1978    ndcg@10 : 0.0544    ndcg@20 : 0.0652    ndcg@50 : 0.0779    
24 Oct 17:05    INFO  Saving current best: saved/DirectAU-Oct-24-2023_16-43-04.pth
24 Oct 17:05    INFO  epoch 116 training [time: 2.02s, train loss: -1.4925]
24 Oct 17:05    INFO  epoch 116 evaluating [time: 9.23s, valid_score: 0.064900]
24 Oct 17:05    INFO  valid result: 
recall@10 : 0.0949    recall@20 : 0.1362    recall@50 : 0.1971    ndcg@10 : 0.0541    ndcg@20 : 0.0649    ndcg@50 : 0.0773    
24 Oct 17:05    INFO  epoch 117 training [time: 1.99s, train loss: -1.4938]
24 Oct 17:05    INFO  epoch 117 evaluating [time: 9.15s, valid_score: 0.065100]
24 Oct 17:05    INFO  valid result: 
recall@10 : 0.0948    recall@20 : 0.1362    recall@50 : 0.1976    ndcg@10 : 0.0543    ndcg@20 : 0.0651    ndcg@50 : 0.0777    
24 Oct 17:05    INFO  epoch 118 training [time: 1.85s, train loss: -1.4948]
24 Oct 17:05    INFO  epoch 118 evaluating [time: 9.19s, valid_score: 0.065200]
24 Oct 17:05    INFO  valid result: 
recall@10 : 0.0952    recall@20 : 0.1361    recall@50 : 0.1975    ndcg@10 : 0.0545    ndcg@20 : 0.0652    ndcg@50 : 0.0778    
24 Oct 17:05    INFO  epoch 119 training [time: 1.90s, train loss: -1.4996]
24 Oct 17:06    INFO  epoch 119 evaluating [time: 9.38s, valid_score: 0.065000]
24 Oct 17:06    INFO  valid result: 
recall@10 : 0.0952    recall@20 : 0.1354    recall@50 : 0.198    ndcg@10 : 0.0544    ndcg@20 : 0.065    ndcg@50 : 0.0778    
24 Oct 17:06    INFO  epoch 120 training [time: 1.75s, train loss: -1.4939]
24 Oct 17:06    INFO  epoch 120 evaluating [time: 9.29s, valid_score: 0.065300]
24 Oct 17:06    INFO  valid result: 
recall@10 : 0.0948    recall@20 : 0.1367    recall@50 : 0.198    ndcg@10 : 0.0544    ndcg@20 : 0.0653    ndcg@50 : 0.0779    
24 Oct 17:06    INFO  Saving current best: saved/DirectAU-Oct-24-2023_16-43-04.pth
24 Oct 17:06    INFO  epoch 121 training [time: 1.90s, train loss: -1.4967]
24 Oct 17:06    INFO  epoch 121 evaluating [time: 9.32s, valid_score: 0.065000]
24 Oct 17:06    INFO  valid result: 
recall@10 : 0.0957    recall@20 : 0.136    recall@50 : 0.1977    ndcg@10 : 0.0545    ndcg@20 : 0.065    ndcg@50 : 0.0777    
24 Oct 17:06    INFO  epoch 122 training [time: 1.96s, train loss: -1.4926]
24 Oct 17:06    INFO  epoch 122 evaluating [time: 9.18s, valid_score: 0.065300]
24 Oct 17:06    INFO  valid result: 
recall@10 : 0.0956    recall@20 : 0.1363    recall@50 : 0.1982    ndcg@10 : 0.0547    ndcg@20 : 0.0653    ndcg@50 : 0.078    
24 Oct 17:06    INFO  epoch 123 training [time: 2.03s, train loss: -1.5020]
24 Oct 17:06    INFO  epoch 123 evaluating [time: 9.27s, valid_score: 0.065200]
24 Oct 17:06    INFO  valid result: 
recall@10 : 0.0961    recall@20 : 0.1362    recall@50 : 0.1975    ndcg@10 : 0.0546    ndcg@20 : 0.0652    ndcg@50 : 0.0777    
24 Oct 17:06    INFO  epoch 124 training [time: 1.98s, train loss: -1.4921]
24 Oct 17:07    INFO  epoch 124 evaluating [time: 9.36s, valid_score: 0.065400]
24 Oct 17:07    INFO  valid result: 
recall@10 : 0.0959    recall@20 : 0.1361    recall@50 : 0.1985    ndcg@10 : 0.0549    ndcg@20 : 0.0654    ndcg@50 : 0.0782    
24 Oct 17:07    INFO  Saving current best: saved/DirectAU-Oct-24-2023_16-43-04.pth
24 Oct 17:07    INFO  epoch 125 training [time: 2.09s, train loss: -1.4970]
24 Oct 17:07    INFO  epoch 125 evaluating [time: 9.26s, valid_score: 0.065200]
24 Oct 17:07    INFO  valid result: 
recall@10 : 0.0955    recall@20 : 0.1363    recall@50 : 0.1983    ndcg@10 : 0.0545    ndcg@20 : 0.0652    ndcg@50 : 0.0779    
24 Oct 17:07    INFO  epoch 126 training [time: 2.02s, train loss: -1.4935]
24 Oct 17:07    INFO  epoch 126 evaluating [time: 9.43s, valid_score: 0.065200]
24 Oct 17:07    INFO  valid result: 
recall@10 : 0.0959    recall@20 : 0.1356    recall@50 : 0.1991    ndcg@10 : 0.0548    ndcg@20 : 0.0652    ndcg@50 : 0.0782    
24 Oct 17:07    INFO  epoch 127 training [time: 1.96s, train loss: -1.4915]
24 Oct 17:07    INFO  epoch 127 evaluating [time: 9.19s, valid_score: 0.065300]
24 Oct 17:07    INFO  valid result: 
recall@10 : 0.0961    recall@20 : 0.1363    recall@50 : 0.1991    ndcg@10 : 0.0548    ndcg@20 : 0.0653    ndcg@50 : 0.0782    
24 Oct 17:07    INFO  epoch 128 training [time: 2.01s, train loss: -1.4940]
24 Oct 17:07    INFO  epoch 128 evaluating [time: 9.18s, valid_score: 0.065400]
24 Oct 17:07    INFO  valid result: 
recall@10 : 0.0963    recall@20 : 0.1361    recall@50 : 0.1992    ndcg@10 : 0.0549    ndcg@20 : 0.0654    ndcg@50 : 0.0783    
24 Oct 17:07    INFO  epoch 129 training [time: 2.02s, train loss: -1.4997]
24 Oct 17:07    INFO  epoch 129 evaluating [time: 9.22s, valid_score: 0.065200]
24 Oct 17:07    INFO  valid result: 
recall@10 : 0.0957    recall@20 : 0.1364    recall@50 : 0.1988    ndcg@10 : 0.0545    ndcg@20 : 0.0652    ndcg@50 : 0.078    
24 Oct 17:08    INFO  epoch 130 training [time: 2.02s, train loss: -1.4949]
24 Oct 17:08    INFO  epoch 130 evaluating [time: 9.26s, valid_score: 0.065200]
24 Oct 17:08    INFO  valid result: 
recall@10 : 0.0961    recall@20 : 0.1358    recall@50 : 0.1993    ndcg@10 : 0.0548    ndcg@20 : 0.0652    ndcg@50 : 0.0782    
24 Oct 17:08    INFO  epoch 131 training [time: 1.97s, train loss: -1.4986]
24 Oct 17:08    INFO  epoch 131 evaluating [time: 9.27s, valid_score: 0.065400]
24 Oct 17:08    INFO  valid result: 
recall@10 : 0.0961    recall@20 : 0.1362    recall@50 : 0.1988    ndcg@10 : 0.0549    ndcg@20 : 0.0654    ndcg@50 : 0.0782    
24 Oct 17:08    INFO  epoch 132 training [time: 1.89s, train loss: -1.4917]
24 Oct 17:08    INFO  epoch 132 evaluating [time: 9.29s, valid_score: 0.065600]
24 Oct 17:08    INFO  valid result: 
recall@10 : 0.0964    recall@20 : 0.1364    recall@50 : 0.1991    ndcg@10 : 0.0552    ndcg@20 : 0.0656    ndcg@50 : 0.0785    
24 Oct 17:08    INFO  Saving current best: saved/DirectAU-Oct-24-2023_16-43-04.pth
24 Oct 17:08    INFO  epoch 133 training [time: 1.89s, train loss: -1.4969]
24 Oct 17:08    INFO  epoch 133 evaluating [time: 9.10s, valid_score: 0.065500]
24 Oct 17:08    INFO  valid result: 
recall@10 : 0.0962    recall@20 : 0.1361    recall@50 : 0.1994    ndcg@10 : 0.055    ndcg@20 : 0.0655    ndcg@50 : 0.0785    
24 Oct 17:08    INFO  epoch 134 training [time: 2.01s, train loss: -1.4924]
24 Oct 17:08    INFO  epoch 134 evaluating [time: 9.33s, valid_score: 0.065400]
24 Oct 17:08    INFO  valid result: 
recall@10 : 0.0962    recall@20 : 0.1359    recall@50 : 0.1991    ndcg@10 : 0.055    ndcg@20 : 0.0654    ndcg@50 : 0.0784    
24 Oct 17:08    INFO  epoch 135 training [time: 1.89s, train loss: -1.4920]
24 Oct 17:09    INFO  epoch 135 evaluating [time: 9.31s, valid_score: 0.065300]
24 Oct 17:09    INFO  valid result: 
recall@10 : 0.0958    recall@20 : 0.1362    recall@50 : 0.1996    ndcg@10 : 0.0547    ndcg@20 : 0.0653    ndcg@50 : 0.0783    
24 Oct 17:09    INFO  epoch 136 training [time: 1.97s, train loss: -1.4968]
24 Oct 17:09    INFO  epoch 136 evaluating [time: 9.41s, valid_score: 0.065300]
24 Oct 17:09    INFO  valid result: 
recall@10 : 0.0968    recall@20 : 0.1356    recall@50 : 0.1993    ndcg@10 : 0.0551    ndcg@20 : 0.0653    ndcg@50 : 0.0783    
24 Oct 17:09    INFO  epoch 137 training [time: 1.95s, train loss: -1.4974]
24 Oct 17:09    INFO  epoch 137 evaluating [time: 9.08s, valid_score: 0.065400]
24 Oct 17:09    INFO  valid result: 
recall@10 : 0.0971    recall@20 : 0.1362    recall@50 : 0.1998    ndcg@10 : 0.0551    ndcg@20 : 0.0654    ndcg@50 : 0.0785    
24 Oct 17:09    INFO  epoch 138 training [time: 1.95s, train loss: -1.4964]
24 Oct 17:09    INFO  epoch 138 evaluating [time: 9.28s, valid_score: 0.065600]
24 Oct 17:09    INFO  valid result: 
recall@10 : 0.0967    recall@20 : 0.1373    recall@50 : 0.2006    ndcg@10 : 0.055    ndcg@20 : 0.0656    ndcg@50 : 0.0786    
24 Oct 17:09    INFO  epoch 139 training [time: 2.02s, train loss: -1.4982]
24 Oct 17:09    INFO  epoch 139 evaluating [time: 9.16s, valid_score: 0.065800]
24 Oct 17:09    INFO  valid result: 
recall@10 : 0.0965    recall@20 : 0.1367    recall@50 : 0.1999    ndcg@10 : 0.0552    ndcg@20 : 0.0658    ndcg@50 : 0.0787    
24 Oct 17:09    INFO  Saving current best: saved/DirectAU-Oct-24-2023_16-43-04.pth
24 Oct 17:09    INFO  epoch 140 training [time: 1.99s, train loss: -1.5004]
24 Oct 17:10    INFO  epoch 140 evaluating [time: 9.20s, valid_score: 0.065700]
24 Oct 17:10    INFO  valid result: 
recall@10 : 0.0968    recall@20 : 0.1371    recall@50 : 0.1996    ndcg@10 : 0.0551    ndcg@20 : 0.0657    ndcg@50 : 0.0785    
24 Oct 17:10    INFO  epoch 141 training [time: 2.00s, train loss: -1.4953]
24 Oct 17:10    INFO  epoch 141 evaluating [time: 9.15s, valid_score: 0.065700]
24 Oct 17:10    INFO  valid result: 
recall@10 : 0.0964    recall@20 : 0.1372    recall@50 : 0.2002    ndcg@10 : 0.055    ndcg@20 : 0.0657    ndcg@50 : 0.0786    
24 Oct 17:10    INFO  epoch 142 training [time: 1.96s, train loss: -1.4981]
24 Oct 17:10    INFO  epoch 142 evaluating [time: 9.32s, valid_score: 0.065700]
24 Oct 17:10    INFO  valid result: 
recall@10 : 0.0968    recall@20 : 0.1367    recall@50 : 0.1998    ndcg@10 : 0.0552    ndcg@20 : 0.0657    ndcg@50 : 0.0786    
24 Oct 17:10    INFO  epoch 143 training [time: 1.92s, train loss: -1.4936]
24 Oct 17:10    INFO  epoch 143 evaluating [time: 9.50s, valid_score: 0.065700]
24 Oct 17:10    INFO  valid result: 
recall@10 : 0.0968    recall@20 : 0.1369    recall@50 : 0.1997    ndcg@10 : 0.0552    ndcg@20 : 0.0657    ndcg@50 : 0.0786    
24 Oct 17:10    INFO  epoch 144 training [time: 1.99s, train loss: -1.4910]
24 Oct 17:10    INFO  epoch 144 evaluating [time: 9.27s, valid_score: 0.065800]
24 Oct 17:10    INFO  valid result: 
recall@10 : 0.0971    recall@20 : 0.1373    recall@50 : 0.2    ndcg@10 : 0.0553    ndcg@20 : 0.0658    ndcg@50 : 0.0786    
24 Oct 17:10    INFO  epoch 145 training [time: 2.02s, train loss: -1.4980]
24 Oct 17:10    INFO  epoch 145 evaluating [time: 9.37s, valid_score: 0.065800]
24 Oct 17:10    INFO  valid result: 
recall@10 : 0.0969    recall@20 : 0.1372    recall@50 : 0.1993    ndcg@10 : 0.0553    ndcg@20 : 0.0658    ndcg@50 : 0.0786    
24 Oct 17:11    INFO  epoch 146 training [time: 1.99s, train loss: -1.4976]
24 Oct 17:11    INFO  epoch 146 evaluating [time: 9.26s, valid_score: 0.065800]
24 Oct 17:11    INFO  valid result: 
recall@10 : 0.0971    recall@20 : 0.1375    recall@50 : 0.2    ndcg@10 : 0.0553    ndcg@20 : 0.0658    ndcg@50 : 0.0787    
24 Oct 17:11    INFO  epoch 147 training [time: 1.92s, train loss: -1.4959]
24 Oct 17:11    INFO  epoch 147 evaluating [time: 9.39s, valid_score: 0.065800]
24 Oct 17:11    INFO  valid result: 
recall@10 : 0.0967    recall@20 : 0.1374    recall@50 : 0.2004    ndcg@10 : 0.0551    ndcg@20 : 0.0658    ndcg@50 : 0.0787    
24 Oct 17:11    INFO  epoch 148 training [time: 1.86s, train loss: -1.5008]
24 Oct 17:11    INFO  epoch 148 evaluating [time: 9.28s, valid_score: 0.066000]
24 Oct 17:11    INFO  valid result: 
recall@10 : 0.0969    recall@20 : 0.1375    recall@50 : 0.2003    ndcg@10 : 0.0554    ndcg@20 : 0.066    ndcg@50 : 0.0789    
24 Oct 17:11    INFO  Saving current best: saved/DirectAU-Oct-24-2023_16-43-04.pth
24 Oct 17:11    INFO  epoch 149 training [time: 1.98s, train loss: -1.4996]
24 Oct 17:11    INFO  epoch 149 evaluating [time: 9.17s, valid_score: 0.066000]
24 Oct 17:11    INFO  valid result: 
recall@10 : 0.0964    recall@20 : 0.1376    recall@50 : 0.2006    ndcg@10 : 0.0552    ndcg@20 : 0.066    ndcg@50 : 0.079    
24 Oct 17:11    INFO  epoch 150 training [time: 2.00s, train loss: -1.4939]
24 Oct 17:11    INFO  epoch 150 evaluating [time: 9.21s, valid_score: 0.065900]
24 Oct 17:11    INFO  valid result: 
recall@10 : 0.0967    recall@20 : 0.1374    recall@50 : 0.2007    ndcg@10 : 0.0553    ndcg@20 : 0.0659    ndcg@50 : 0.0789    
24 Oct 17:11    INFO  epoch 151 training [time: 1.69s, train loss: -1.4969]
24 Oct 17:12    INFO  epoch 151 evaluating [time: 9.41s, valid_score: 0.066100]
24 Oct 17:12    INFO  valid result: 
recall@10 : 0.0963    recall@20 : 0.1375    recall@50 : 0.2005    ndcg@10 : 0.0553    ndcg@20 : 0.0661    ndcg@50 : 0.079    
24 Oct 17:12    INFO  Saving current best: saved/DirectAU-Oct-24-2023_16-43-04.pth
24 Oct 17:12    INFO  epoch 152 training [time: 1.96s, train loss: -1.4981]
24 Oct 17:12    INFO  epoch 152 evaluating [time: 9.27s, valid_score: 0.065900]
24 Oct 17:12    INFO  valid result: 
recall@10 : 0.0968    recall@20 : 0.1376    recall@50 : 0.2009    ndcg@10 : 0.0552    ndcg@20 : 0.0659    ndcg@50 : 0.0789    
24 Oct 17:12    INFO  epoch 153 training [time: 1.86s, train loss: -1.4956]
24 Oct 17:12    INFO  epoch 153 evaluating [time: 9.39s, valid_score: 0.066100]
24 Oct 17:12    INFO  valid result: 
recall@10 : 0.097    recall@20 : 0.1378    recall@50 : 0.1999    ndcg@10 : 0.0554    ndcg@20 : 0.0661    ndcg@50 : 0.0788    
24 Oct 17:12    INFO  epoch 154 training [time: 1.90s, train loss: -1.4961]
24 Oct 17:12    INFO  epoch 154 evaluating [time: 9.22s, valid_score: 0.066100]
24 Oct 17:12    INFO  valid result: 
recall@10 : 0.0969    recall@20 : 0.1378    recall@50 : 0.2009    ndcg@10 : 0.0554    ndcg@20 : 0.0661    ndcg@50 : 0.0791    
24 Oct 17:12    INFO  epoch 155 training [time: 1.95s, train loss: -1.5003]
24 Oct 17:12    INFO  epoch 155 evaluating [time: 9.40s, valid_score: 0.066300]
24 Oct 17:12    INFO  valid result: 
recall@10 : 0.0974    recall@20 : 0.1379    recall@50 : 0.2008    ndcg@10 : 0.0557    ndcg@20 : 0.0663    ndcg@50 : 0.0792    
24 Oct 17:12    INFO  Saving current best: saved/DirectAU-Oct-24-2023_16-43-04.pth
24 Oct 17:12    INFO  epoch 156 training [time: 2.01s, train loss: -1.4949]
24 Oct 17:13    INFO  epoch 156 evaluating [time: 9.32s, valid_score: 0.066300]
24 Oct 17:13    INFO  valid result: 
recall@10 : 0.0976    recall@20 : 0.1378    recall@50 : 0.2007    ndcg@10 : 0.0558    ndcg@20 : 0.0663    ndcg@50 : 0.0793    
24 Oct 17:13    INFO  epoch 157 training [time: 2.00s, train loss: -1.4953]
24 Oct 17:13    INFO  epoch 157 evaluating [time: 9.32s, valid_score: 0.066000]
24 Oct 17:13    INFO  valid result: 
recall@10 : 0.0972    recall@20 : 0.1382    recall@50 : 0.2005    ndcg@10 : 0.0553    ndcg@20 : 0.066    ndcg@50 : 0.0788    
24 Oct 17:13    INFO  epoch 158 training [time: 1.97s, train loss: -1.4942]
24 Oct 17:13    INFO  epoch 158 evaluating [time: 9.34s, valid_score: 0.066000]
24 Oct 17:13    INFO  valid result: 
recall@10 : 0.0974    recall@20 : 0.1373    recall@50 : 0.2011    ndcg@10 : 0.0556    ndcg@20 : 0.066    ndcg@50 : 0.0791    
24 Oct 17:13    INFO  epoch 159 training [time: 1.89s, train loss: -1.4910]
24 Oct 17:13    INFO  epoch 159 evaluating [time: 9.14s, valid_score: 0.066100]
24 Oct 17:13    INFO  valid result: 
recall@10 : 0.0982    recall@20 : 0.1376    recall@50 : 0.2016    ndcg@10 : 0.0558    ndcg@20 : 0.0661    ndcg@50 : 0.0792    
24 Oct 17:13    INFO  epoch 160 training [time: 1.89s, train loss: -1.4948]
24 Oct 17:13    INFO  epoch 160 evaluating [time: 9.60s, valid_score: 0.066200]
24 Oct 17:13    INFO  valid result: 
recall@10 : 0.0979    recall@20 : 0.1377    recall@50 : 0.2009    ndcg@10 : 0.0558    ndcg@20 : 0.0662    ndcg@50 : 0.0792    
24 Oct 17:13    INFO  epoch 161 training [time: 2.00s, train loss: -1.4954]
24 Oct 17:13    INFO  epoch 161 evaluating [time: 9.37s, valid_score: 0.066400]
24 Oct 17:13    INFO  valid result: 
recall@10 : 0.098    recall@20 : 0.1388    recall@50 : 0.201    ndcg@10 : 0.0557    ndcg@20 : 0.0664    ndcg@50 : 0.0792    
24 Oct 17:13    INFO  Saving current best: saved/DirectAU-Oct-24-2023_16-43-04.pth
24 Oct 17:14    INFO  epoch 162 training [time: 1.95s, train loss: -1.4914]
24 Oct 17:14    INFO  epoch 162 evaluating [time: 9.37s, valid_score: 0.066000]
24 Oct 17:14    INFO  valid result: 
recall@10 : 0.0976    recall@20 : 0.1383    recall@50 : 0.2014    ndcg@10 : 0.0554    ndcg@20 : 0.066    ndcg@50 : 0.079    
24 Oct 17:14    INFO  epoch 163 training [time: 2.03s, train loss: -1.4896]
24 Oct 17:14    INFO  epoch 163 evaluating [time: 9.12s, valid_score: 0.065900]
24 Oct 17:14    INFO  valid result: 
recall@10 : 0.0968    recall@20 : 0.1382    recall@50 : 0.2027    ndcg@10 : 0.0551    ndcg@20 : 0.0659    ndcg@50 : 0.0791    
24 Oct 17:14    INFO  epoch 164 training [time: 1.93s, train loss: -1.4974]
24 Oct 17:14    INFO  epoch 164 evaluating [time: 9.24s, valid_score: 0.066100]
24 Oct 17:14    INFO  valid result: 
recall@10 : 0.0972    recall@20 : 0.138    recall@50 : 0.2024    ndcg@10 : 0.0554    ndcg@20 : 0.0661    ndcg@50 : 0.0793    
24 Oct 17:14    INFO  epoch 165 training [time: 1.89s, train loss: -1.4904]
24 Oct 17:14    INFO  epoch 165 evaluating [time: 9.21s, valid_score: 0.066300]
24 Oct 17:14    INFO  valid result: 
recall@10 : 0.0973    recall@20 : 0.1386    recall@50 : 0.202    ndcg@10 : 0.0555    ndcg@20 : 0.0663    ndcg@50 : 0.0793    
24 Oct 17:14    INFO  epoch 166 training [time: 2.03s, train loss: -1.4942]
24 Oct 17:14    INFO  epoch 166 evaluating [time: 9.36s, valid_score: 0.066500]
24 Oct 17:14    INFO  valid result: 
recall@10 : 0.0977    recall@20 : 0.1386    recall@50 : 0.2018    ndcg@10 : 0.0558    ndcg@20 : 0.0665    ndcg@50 : 0.0794    
24 Oct 17:14    INFO  Saving current best: saved/DirectAU-Oct-24-2023_16-43-04.pth
24 Oct 17:14    INFO  epoch 167 training [time: 1.96s, train loss: -1.4961]
24 Oct 17:15    INFO  epoch 167 evaluating [time: 9.18s, valid_score: 0.066200]
24 Oct 17:15    INFO  valid result: 
recall@10 : 0.098    recall@20 : 0.1377    recall@50 : 0.202    ndcg@10 : 0.0558    ndcg@20 : 0.0662    ndcg@50 : 0.0794    
24 Oct 17:15    INFO  epoch 168 training [time: 1.90s, train loss: -1.5005]
24 Oct 17:15    INFO  epoch 168 evaluating [time: 9.45s, valid_score: 0.066300]
24 Oct 17:15    INFO  valid result: 
recall@10 : 0.0977    recall@20 : 0.1383    recall@50 : 0.2017    ndcg@10 : 0.0556    ndcg@20 : 0.0663    ndcg@50 : 0.0793    
24 Oct 17:15    INFO  epoch 169 training [time: 1.95s, train loss: -1.4964]
24 Oct 17:15    INFO  epoch 169 evaluating [time: 9.22s, valid_score: 0.066300]
24 Oct 17:15    INFO  valid result: 
recall@10 : 0.0979    recall@20 : 0.1386    recall@50 : 0.2024    ndcg@10 : 0.0557    ndcg@20 : 0.0663    ndcg@50 : 0.0793    
24 Oct 17:15    INFO  epoch 170 training [time: 1.91s, train loss: -1.4978]
24 Oct 17:15    INFO  epoch 170 evaluating [time: 9.41s, valid_score: 0.066000]
24 Oct 17:15    INFO  valid result: 
recall@10 : 0.0979    recall@20 : 0.1377    recall@50 : 0.2019    ndcg@10 : 0.0555    ndcg@20 : 0.066    ndcg@50 : 0.0791    
24 Oct 17:15    INFO  epoch 171 training [time: 1.90s, train loss: -1.5004]
24 Oct 17:15    INFO  epoch 171 evaluating [time: 9.34s, valid_score: 0.066100]
24 Oct 17:15    INFO  valid result: 
recall@10 : 0.0979    recall@20 : 0.1382    recall@50 : 0.2028    ndcg@10 : 0.0556    ndcg@20 : 0.0661    ndcg@50 : 0.0794    
24 Oct 17:15    INFO  epoch 172 training [time: 1.89s, train loss: -1.4949]
24 Oct 17:16    INFO  epoch 172 evaluating [time: 9.31s, valid_score: 0.066500]
24 Oct 17:16    INFO  valid result: 
recall@10 : 0.0979    recall@20 : 0.1384    recall@50 : 0.2031    ndcg@10 : 0.056    ndcg@20 : 0.0665    ndcg@50 : 0.0798    
24 Oct 17:16    INFO  epoch 173 training [time: 1.92s, train loss: -1.4940]
24 Oct 17:16    INFO  epoch 173 evaluating [time: 9.25s, valid_score: 0.066400]
24 Oct 17:16    INFO  valid result: 
recall@10 : 0.0981    recall@20 : 0.1383    recall@50 : 0.2019    ndcg@10 : 0.0559    ndcg@20 : 0.0664    ndcg@50 : 0.0794    
24 Oct 17:16    INFO  epoch 174 training [time: 1.88s, train loss: -1.4923]
24 Oct 17:16    INFO  epoch 174 evaluating [time: 9.24s, valid_score: 0.066500]
24 Oct 17:16    INFO  valid result: 
recall@10 : 0.098    recall@20 : 0.1387    recall@50 : 0.2022    ndcg@10 : 0.0559    ndcg@20 : 0.0665    ndcg@50 : 0.0795    
24 Oct 17:16    INFO  epoch 175 training [time: 1.98s, train loss: -1.4990]
24 Oct 17:16    INFO  epoch 175 evaluating [time: 9.24s, valid_score: 0.066500]
24 Oct 17:16    INFO  valid result: 
recall@10 : 0.0977    recall@20 : 0.1389    recall@50 : 0.2019    ndcg@10 : 0.0557    ndcg@20 : 0.0665    ndcg@50 : 0.0794    
24 Oct 17:16    INFO  epoch 176 training [time: 1.90s, train loss: -1.5000]
24 Oct 17:16    INFO  epoch 176 evaluating [time: 9.10s, valid_score: 0.066200]
24 Oct 17:16    INFO  valid result: 
recall@10 : 0.098    recall@20 : 0.1383    recall@50 : 0.2029    ndcg@10 : 0.0556    ndcg@20 : 0.0662    ndcg@50 : 0.0794    
24 Oct 17:16    INFO  epoch 177 training [time: 1.99s, train loss: -1.4942]
24 Oct 17:16    INFO  epoch 177 evaluating [time: 9.34s, valid_score: 0.066400]
24 Oct 17:16    INFO  valid result: 
recall@10 : 0.0985    recall@20 : 0.138    recall@50 : 0.2024    ndcg@10 : 0.056    ndcg@20 : 0.0664    ndcg@50 : 0.0796    
24 Oct 17:16    INFO  Finished training, best eval result in epoch 166
24 Oct 17:16    INFO  Loading model structure and parameters from saved/DirectAU-Oct-24-2023_16-43-04.pth
24 Oct 17:17    INFO  best valid : {'recall@10': 0.0977, 'recall@20': 0.1386, 'recall@50': 0.2018, 'ndcg@10': 0.0558, 'ndcg@20': 0.0665, 'ndcg@50': 0.0794}
24 Oct 17:17    INFO  test result: {'recall@10': 0.0994, 'recall@20': 0.1409, 'recall@50': 0.2068, 'ndcg@10': 0.058, 'ndcg@20': 0.0688, 'ndcg@50': 0.0823}
