command line args [--zc 1.0] will not be used in RecBole
25 Oct 15:22    INFO  
General Hyper Parameters:
gpu_id = 5
use_gpu = True
seed = 0
state = INFO
reproducibility = True
data_path = dataset/Gowalla
show_progress = False

Training Hyper Parameters:
checkpoint_dir = saved
epochs = 500
train_batch_size = 1024
learner = adam
learning_rate = 0.001
training_neg_sample_num = 0
training_neg_sample_distribution = uniform
eval_step = 1
stopping_step = 10
clip_grad_norm = None
weight_decay = 1e-06
draw_loss_pic = False
loss_decimal_place = 4

Evaluation Hyper Parameters:
eval_setting = RO_RS,full
group_by_user = True
split_ratio = [0.8, 0.1, 0.1]
leave_one_num = 2
real_time_process = False
metrics = ['Recall', 'NDCG']
topk = [10, 20, 50]
valid_metric = NDCG@20
eval_batch_size = 4096
metric_decimal_place = 4

Dataset Hyper Parameters:
field_separator = 	
seq_separator =  
USER_ID_FIELD = user_id
ITEM_ID_FIELD = item_id
RATING_FIELD = rating
TIME_FIELD = timestamp
seq_len = None
LABEL_FIELD = label
threshold = None
NEG_PREFIX = neg_
load_col = {'inter': ['user_id', 'item_id', 'timestamp']}
unload_col = None
unused_col = None
additional_feat_suffix = None
lowest_val = None
highest_val = None
equal_val = None
not_equal_val = None
max_user_inter_num = None
min_user_inter_num = 5
max_item_inter_num = None
min_item_inter_num = 5
fields_in_same_space = None
preload_weight = None
normalize_field = None
normalize_all = None
ITEM_LIST_LENGTH_FIELD = item_length
LIST_SUFFIX = _list
MAX_ITEM_LIST_LENGTH = 50
POSITION_FIELD = position_id
HEAD_ENTITY_ID_FIELD = head_id
TAIL_ENTITY_ID_FIELD = tail_id
RELATION_ID_FIELD = relation_id
ENTITY_ID_FIELD = entity_id

Other Hyper Parameters: 
valid_metric_bigger = True
BT = 0.1
bt = 0.001
embedding_size = 64
encoder = MF
gamma = 5
times = 1
witem = 0.1
wuser = 0.8
zc = 1.0
rm_dup_inter = None
filter_inter_by_user_or_item = True
SOURCE_ID_FIELD = source_id
TARGET_ID_FIELD = target_id
benchmark_filename = None
MODEL_TYPE = ModelType.GENERAL
MODEL_INPUT_TYPE = InputType.POINTWISE
eval_type = EvaluatorType.RANKING
device = cuda
train_neg_sample_args = {'strategy': 'none'}


25 Oct 15:22    INFO  Gowalla
The number of users: 29859
Average actions of users: 34.408533726304505
The number of items: 40982
Average actions of items: 25.06942241526561
The number of inters: 1027370
The sparsity of the dataset: 99.91604269835769%
Remain Fields: ['user_id', 'item_id']
25 Oct 15:22    INFO  Build [GeneralDataLoader] for [train] with format [InputType.POINTWISE]
25 Oct 15:22    INFO  [train] No Negative Sampling
25 Oct 15:22    INFO  [train] batch_size = [1024], shuffle = [True]

25 Oct 15:22    INFO  Build [GeneralFullDataLoader] for [evaluation] with format [InputType.POINTWISE]
25 Oct 15:22    INFO  Evaluation Setting:
	Group by user_id
	Ordering: {'strategy': 'shuffle'}
	Splitting: {'strategy': 'by_ratio', 'ratios': [0.8, 0.1, 0.1]}
	Negative Sampling: {'strategy': 'full', 'distribution': 'uniform'}
25 Oct 15:22    INFO  [evaluation] batch_size = [4096], shuffle = [False]

25 Oct 15:22    WARNING  Batch size is changed to 40982.
25 Oct 15:22    WARNING  Batch size is changed to 40982.
{'BT': 0.1, 'bt': 0.001, 'embedding_size': 64, 'encoder': 'MF', 'gamma': None, 'times': 1, 'training_neg_sample_num': 0, 'witem': 0.1, 'wuser': 0.8, 'zc': 1.0}
this is encoder MF...
这是directau 的 WUBT 版本...
25 Oct 15:22    INFO  DirectAU(
  (encoder): MFEncoder(
    (user_embedding): Embedding(29859, 64)
    (item_embedding): Embedding(40982, 64)
  )
  (bn): BatchNorm1d(64, eps=1e-05, momentum=0.1, affine=False, track_running_stats=True)
  (projector): Sequential(
    (0): Linear(in_features=64, out_features=64, bias=False)
    (1): BatchNorm1d(64, eps=1e-05, momentum=0.1, affine=True, track_running_stats=True)
    (2): ReLU(inplace=True)
    (3): Linear(in_features=64, out_features=64, bias=False)
    (4): BatchNorm1d(64, eps=1e-05, momentum=0.1, affine=True, track_running_stats=True)
    (5): ReLU(inplace=True)
    (6): Linear(in_features=64, out_features=64, bias=False)
  )
)
Trainable parameters: 4546368
25 Oct 15:22    INFO  epoch 0 training [time: 15.95s, train loss: -17.4928]
25 Oct 15:23    INFO  epoch 0 evaluating [time: 14.85s, valid_score: 0.029600]
25 Oct 15:23    INFO  valid result: 
recall@10 : 0.0336    recall@20 : 0.0526    recall@50 : 0.0877    ndcg@10 : 0.0237    ndcg@20 : 0.0296    ndcg@50 : 0.0388    
25 Oct 15:23    INFO  Saving current best: saved/DirectAU-Oct-25-2023_15-22-33.pth
25 Oct 15:23    INFO  epoch 1 training [time: 15.63s, train loss: -17.9000]
25 Oct 15:23    INFO  epoch 1 evaluating [time: 14.45s, valid_score: 0.045200]
25 Oct 15:23    INFO  valid result: 
recall@10 : 0.0529    recall@20 : 0.0823    recall@50 : 0.1381    ndcg@10 : 0.0365    ndcg@20 : 0.0452    ndcg@50 : 0.0593    
25 Oct 15:23    INFO  Saving current best: saved/DirectAU-Oct-25-2023_15-22-33.pth
25 Oct 15:23    INFO  epoch 2 training [time: 15.69s, train loss: -18.0093]
25 Oct 15:24    INFO  epoch 2 evaluating [time: 14.47s, valid_score: 0.053400]
25 Oct 15:24    INFO  valid result: 
recall@10 : 0.0642    recall@20 : 0.0966    recall@50 : 0.1605    ndcg@10 : 0.0436    ndcg@20 : 0.0534    ndcg@50 : 0.0694    
25 Oct 15:24    INFO  Saving current best: saved/DirectAU-Oct-25-2023_15-22-33.pth
25 Oct 15:24    INFO  epoch 3 training [time: 15.72s, train loss: -18.0628]
25 Oct 15:24    INFO  epoch 3 evaluating [time: 14.50s, valid_score: 0.057500]
25 Oct 15:24    INFO  valid result: 
recall@10 : 0.0686    recall@20 : 0.1042    recall@50 : 0.1738    ndcg@10 : 0.0469    ndcg@20 : 0.0575    ndcg@50 : 0.0748    
25 Oct 15:24    INFO  Saving current best: saved/DirectAU-Oct-25-2023_15-22-33.pth
25 Oct 15:24    INFO  epoch 4 training [time: 15.78s, train loss: -18.0971]
25 Oct 15:25    INFO  epoch 4 evaluating [time: 14.45s, valid_score: 0.060700]
25 Oct 15:25    INFO  valid result: 
recall@10 : 0.0727    recall@20 : 0.1096    recall@50 : 0.183    ndcg@10 : 0.0497    ndcg@20 : 0.0607    ndcg@50 : 0.0789    
25 Oct 15:25    INFO  Saving current best: saved/DirectAU-Oct-25-2023_15-22-33.pth
25 Oct 15:25    INFO  epoch 5 training [time: 15.71s, train loss: -18.1219]
25 Oct 15:25    INFO  epoch 5 evaluating [time: 14.36s, valid_score: 0.063300]
25 Oct 15:25    INFO  valid result: 
recall@10 : 0.0761    recall@20 : 0.115    recall@50 : 0.1922    ndcg@10 : 0.0518    ndcg@20 : 0.0633    ndcg@50 : 0.0823    
25 Oct 15:25    INFO  Saving current best: saved/DirectAU-Oct-25-2023_15-22-33.pth
25 Oct 15:25    INFO  epoch 6 training [time: 15.75s, train loss: -18.1419]
25 Oct 15:26    INFO  epoch 6 evaluating [time: 14.68s, valid_score: 0.065700]
25 Oct 15:26    INFO  valid result: 
recall@10 : 0.0777    recall@20 : 0.1183    recall@50 : 0.1975    ndcg@10 : 0.0537    ndcg@20 : 0.0657    ndcg@50 : 0.0853    
25 Oct 15:26    INFO  Saving current best: saved/DirectAU-Oct-25-2023_15-22-33.pth
25 Oct 15:26    INFO  epoch 7 training [time: 15.78s, train loss: -18.1581]
25 Oct 15:26    INFO  epoch 7 evaluating [time: 14.35s, valid_score: 0.068200]
25 Oct 15:26    INFO  valid result: 
recall@10 : 0.0814    recall@20 : 0.1233    recall@50 : 0.2048    ndcg@10 : 0.0559    ndcg@20 : 0.0682    ndcg@50 : 0.0882    
25 Oct 15:26    INFO  Saving current best: saved/DirectAU-Oct-25-2023_15-22-33.pth
25 Oct 15:26    INFO  epoch 8 training [time: 15.83s, train loss: -18.1720]
25 Oct 15:27    INFO  epoch 8 evaluating [time: 14.66s, valid_score: 0.070100]
25 Oct 15:27    INFO  valid result: 
recall@10 : 0.0841    recall@20 : 0.1279    recall@50 : 0.2122    ndcg@10 : 0.0573    ndcg@20 : 0.0701    ndcg@50 : 0.0908    
25 Oct 15:27    INFO  Saving current best: saved/DirectAU-Oct-25-2023_15-22-33.pth
25 Oct 15:27    INFO  epoch 9 training [time: 15.80s, train loss: -18.1850]
25 Oct 15:27    INFO  epoch 9 evaluating [time: 15.98s, valid_score: 0.071900]
25 Oct 15:27    INFO  valid result: 
recall@10 : 0.0875    recall@20 : 0.1302    recall@50 : 0.2162    ndcg@10 : 0.0592    ndcg@20 : 0.0719    ndcg@50 : 0.0931    
25 Oct 15:27    INFO  Saving current best: saved/DirectAU-Oct-25-2023_15-22-33.pth
25 Oct 15:27    INFO  epoch 10 training [time: 15.77s, train loss: -18.1962]
25 Oct 15:28    INFO  epoch 10 evaluating [time: 14.73s, valid_score: 0.073800]
25 Oct 15:28    INFO  valid result: 
recall@10 : 0.0887    recall@20 : 0.1343    recall@50 : 0.2225    ndcg@10 : 0.0604    ndcg@20 : 0.0738    ndcg@50 : 0.0955    
25 Oct 15:28    INFO  Saving current best: saved/DirectAU-Oct-25-2023_15-22-33.pth
25 Oct 15:28    INFO  epoch 11 training [time: 15.80s, train loss: -18.2061]
25 Oct 15:28    INFO  epoch 11 evaluating [time: 14.66s, valid_score: 0.075100]
25 Oct 15:28    INFO  valid result: 
recall@10 : 0.09    recall@20 : 0.1366    recall@50 : 0.2267    ndcg@10 : 0.0614    ndcg@20 : 0.0751    ndcg@50 : 0.0973    
25 Oct 15:28    INFO  Saving current best: saved/DirectAU-Oct-25-2023_15-22-33.pth
25 Oct 15:28    INFO  epoch 12 training [time: 15.78s, train loss: -18.2151]
25 Oct 15:29    INFO  epoch 12 evaluating [time: 14.25s, valid_score: 0.077500]
25 Oct 15:29    INFO  valid result: 
recall@10 : 0.0926    recall@20 : 0.1418    recall@50 : 0.2303    ndcg@10 : 0.063    ndcg@20 : 0.0775    ndcg@50 : 0.0992    
25 Oct 15:29    INFO  Saving current best: saved/DirectAU-Oct-25-2023_15-22-33.pth
25 Oct 15:29    INFO  epoch 13 training [time: 15.74s, train loss: -18.2234]
25 Oct 15:29    INFO  epoch 13 evaluating [time: 14.63s, valid_score: 0.078800]
25 Oct 15:29    INFO  valid result: 
recall@10 : 0.0945    recall@20 : 0.1437    recall@50 : 0.2355    ndcg@10 : 0.0644    ndcg@20 : 0.0788    ndcg@50 : 0.1013    
25 Oct 15:29    INFO  Saving current best: saved/DirectAU-Oct-25-2023_15-22-33.pth
25 Oct 15:29    INFO  epoch 14 training [time: 15.76s, train loss: -18.2306]
25 Oct 15:30    INFO  epoch 14 evaluating [time: 16.52s, valid_score: 0.080600]
25 Oct 15:30    INFO  valid result: 
recall@10 : 0.0967    recall@20 : 0.1471    recall@50 : 0.2381    ndcg@10 : 0.0658    ndcg@20 : 0.0806    ndcg@50 : 0.103    
25 Oct 15:30    INFO  Saving current best: saved/DirectAU-Oct-25-2023_15-22-33.pth
25 Oct 15:30    INFO  epoch 15 training [time: 15.89s, train loss: -18.2373]
25 Oct 15:30    INFO  epoch 15 evaluating [time: 16.90s, valid_score: 0.081800]
25 Oct 15:30    INFO  valid result: 
recall@10 : 0.099    recall@20 : 0.1497    recall@50 : 0.2412    ndcg@10 : 0.067    ndcg@20 : 0.0818    ndcg@50 : 0.1043    
25 Oct 15:30    INFO  Saving current best: saved/DirectAU-Oct-25-2023_15-22-33.pth
25 Oct 15:31    INFO  epoch 16 training [time: 15.85s, train loss: -18.2435]
25 Oct 15:31    INFO  epoch 16 evaluating [time: 14.41s, valid_score: 0.083600]
25 Oct 15:31    INFO  valid result: 
recall@10 : 0.1    recall@20 : 0.1531    recall@50 : 0.2475    ndcg@10 : 0.0681    ndcg@20 : 0.0836    ndcg@50 : 0.1068    
25 Oct 15:31    INFO  Saving current best: saved/DirectAU-Oct-25-2023_15-22-33.pth
25 Oct 15:31    INFO  epoch 17 training [time: 15.83s, train loss: -18.2483]
25 Oct 15:31    INFO  epoch 17 evaluating [time: 14.60s, valid_score: 0.085200]
25 Oct 15:31    INFO  valid result: 
recall@10 : 0.1036    recall@20 : 0.1545    recall@50 : 0.249    ndcg@10 : 0.0702    ndcg@20 : 0.0852    ndcg@50 : 0.1083    
25 Oct 15:31    INFO  Saving current best: saved/DirectAU-Oct-25-2023_15-22-33.pth
25 Oct 15:32    INFO  epoch 18 training [time: 15.58s, train loss: -18.2533]
25 Oct 15:32    INFO  epoch 18 evaluating [time: 14.47s, valid_score: 0.086800]
25 Oct 15:32    INFO  valid result: 
recall@10 : 0.1045    recall@20 : 0.1578    recall@50 : 0.2507    ndcg@10 : 0.0713    ndcg@20 : 0.0868    ndcg@50 : 0.1097    
25 Oct 15:32    INFO  Saving current best: saved/DirectAU-Oct-25-2023_15-22-33.pth
25 Oct 15:32    INFO  epoch 19 training [time: 15.81s, train loss: -18.2585]
25 Oct 15:32    INFO  epoch 19 evaluating [time: 14.59s, valid_score: 0.088000]
25 Oct 15:32    INFO  valid result: 
recall@10 : 0.1071    recall@20 : 0.1588    recall@50 : 0.2555    ndcg@10 : 0.0729    ndcg@20 : 0.088    ndcg@50 : 0.1117    
25 Oct 15:32    INFO  Saving current best: saved/DirectAU-Oct-25-2023_15-22-33.pth
25 Oct 15:33    INFO  epoch 20 training [time: 15.75s, train loss: -18.2623]
25 Oct 15:33    INFO  epoch 20 evaluating [time: 14.34s, valid_score: 0.088800]
25 Oct 15:33    INFO  valid result: 
recall@10 : 0.1085    recall@20 : 0.1609    recall@50 : 0.2573    ndcg@10 : 0.0735    ndcg@20 : 0.0888    ndcg@50 : 0.1124    
25 Oct 15:33    INFO  Saving current best: saved/DirectAU-Oct-25-2023_15-22-33.pth
25 Oct 15:33    INFO  epoch 21 training [time: 15.79s, train loss: -18.2659]
25 Oct 15:33    INFO  epoch 21 evaluating [time: 14.56s, valid_score: 0.090000]
25 Oct 15:33    INFO  valid result: 
recall@10 : 0.1096    recall@20 : 0.1625    recall@50 : 0.2597    ndcg@10 : 0.0744    ndcg@20 : 0.09    ndcg@50 : 0.1137    
25 Oct 15:33    INFO  Saving current best: saved/DirectAU-Oct-25-2023_15-22-33.pth
25 Oct 15:34    INFO  epoch 22 training [time: 15.76s, train loss: -18.2694]
25 Oct 15:34    INFO  epoch 22 evaluating [time: 14.32s, valid_score: 0.091100]
25 Oct 15:34    INFO  valid result: 
recall@10 : 0.1112    recall@20 : 0.164    recall@50 : 0.2625    ndcg@10 : 0.0756    ndcg@20 : 0.0911    ndcg@50 : 0.1151    
25 Oct 15:34    INFO  Saving current best: saved/DirectAU-Oct-25-2023_15-22-33.pth
25 Oct 15:34    INFO  epoch 23 training [time: 15.80s, train loss: -18.2725]
25 Oct 15:34    INFO  epoch 23 evaluating [time: 14.54s, valid_score: 0.092100]
25 Oct 15:34    INFO  valid result: 
recall@10 : 0.1123    recall@20 : 0.1668    recall@50 : 0.2667    ndcg@10 : 0.0762    ndcg@20 : 0.0921    ndcg@50 : 0.1165    
25 Oct 15:34    INFO  Saving current best: saved/DirectAU-Oct-25-2023_15-22-33.pth
25 Oct 15:35    INFO  epoch 24 training [time: 15.76s, train loss: -18.2756]
25 Oct 15:35    INFO  epoch 24 evaluating [time: 14.35s, valid_score: 0.093200]
25 Oct 15:35    INFO  valid result: 
recall@10 : 0.1135    recall@20 : 0.1674    recall@50 : 0.267    ndcg@10 : 0.0775    ndcg@20 : 0.0932    ndcg@50 : 0.1177    
25 Oct 15:35    INFO  Saving current best: saved/DirectAU-Oct-25-2023_15-22-33.pth
25 Oct 15:35    INFO  epoch 25 training [time: 15.75s, train loss: -18.2779]
25 Oct 15:35    INFO  epoch 25 evaluating [time: 14.55s, valid_score: 0.094000]
25 Oct 15:35    INFO  valid result: 
recall@10 : 0.1146    recall@20 : 0.1688    recall@50 : 0.2696    ndcg@10 : 0.0782    ndcg@20 : 0.094    ndcg@50 : 0.1186    
25 Oct 15:35    INFO  Saving current best: saved/DirectAU-Oct-25-2023_15-22-33.pth
25 Oct 15:36    INFO  epoch 26 training [time: 15.76s, train loss: -18.2804]
25 Oct 15:36    INFO  epoch 26 evaluating [time: 14.44s, valid_score: 0.094700]
25 Oct 15:36    INFO  valid result: 
recall@10 : 0.1146    recall@20 : 0.1696    recall@50 : 0.2709    ndcg@10 : 0.0786    ndcg@20 : 0.0947    ndcg@50 : 0.1194    
25 Oct 15:36    INFO  Saving current best: saved/DirectAU-Oct-25-2023_15-22-33.pth
25 Oct 15:36    INFO  epoch 27 training [time: 15.76s, train loss: -18.2823]
25 Oct 15:36    INFO  epoch 27 evaluating [time: 14.26s, valid_score: 0.095500]
25 Oct 15:36    INFO  valid result: 
recall@10 : 0.116    recall@20 : 0.1697    recall@50 : 0.2729    ndcg@10 : 0.0797    ndcg@20 : 0.0955    ndcg@50 : 0.1206    
25 Oct 15:36    INFO  Saving current best: saved/DirectAU-Oct-25-2023_15-22-33.pth
25 Oct 15:37    INFO  epoch 28 training [time: 15.76s, train loss: -18.2843]
25 Oct 15:37    INFO  epoch 28 evaluating [time: 14.53s, valid_score: 0.095700]
25 Oct 15:37    INFO  valid result: 
recall@10 : 0.1165    recall@20 : 0.1715    recall@50 : 0.274    ndcg@10 : 0.0797    ndcg@20 : 0.0957    ndcg@50 : 0.1207    
25 Oct 15:37    INFO  Saving current best: saved/DirectAU-Oct-25-2023_15-22-33.pth
25 Oct 15:37    INFO  epoch 29 training [time: 15.82s, train loss: -18.2866]
25 Oct 15:37    INFO  epoch 29 evaluating [time: 14.27s, valid_score: 0.096500]
25 Oct 15:37    INFO  valid result: 
recall@10 : 0.118    recall@20 : 0.172    recall@50 : 0.276    ndcg@10 : 0.0807    ndcg@20 : 0.0965    ndcg@50 : 0.1219    
25 Oct 15:37    INFO  Saving current best: saved/DirectAU-Oct-25-2023_15-22-33.pth
25 Oct 15:38    INFO  epoch 30 training [time: 15.86s, train loss: -18.2883]
25 Oct 15:38    INFO  epoch 30 evaluating [time: 16.52s, valid_score: 0.097500]
25 Oct 15:38    INFO  valid result: 
recall@10 : 0.1181    recall@20 : 0.1732    recall@50 : 0.2766    ndcg@10 : 0.0815    ndcg@20 : 0.0975    ndcg@50 : 0.1228    
25 Oct 15:38    INFO  Saving current best: saved/DirectAU-Oct-25-2023_15-22-33.pth
25 Oct 15:38    INFO  epoch 31 training [time: 15.79s, train loss: -18.2900]
25 Oct 15:38    INFO  epoch 31 evaluating [time: 14.48s, valid_score: 0.098400]
25 Oct 15:38    INFO  valid result: 
recall@10 : 0.1201    recall@20 : 0.1753    recall@50 : 0.2791    ndcg@10 : 0.0823    ndcg@20 : 0.0984    ndcg@50 : 0.1238    
25 Oct 15:38    INFO  Saving current best: saved/DirectAU-Oct-25-2023_15-22-33.pth
25 Oct 15:39    INFO  epoch 32 training [time: 15.72s, train loss: -18.2911]
25 Oct 15:39    INFO  epoch 32 evaluating [time: 14.24s, valid_score: 0.098600]
25 Oct 15:39    INFO  valid result: 
recall@10 : 0.1201    recall@20 : 0.176    recall@50 : 0.2808    ndcg@10 : 0.0823    ndcg@20 : 0.0986    ndcg@50 : 0.1241    
25 Oct 15:39    INFO  Saving current best: saved/DirectAU-Oct-25-2023_15-22-33.pth
25 Oct 15:39    INFO  epoch 33 training [time: 15.75s, train loss: -18.2926]
25 Oct 15:39    INFO  epoch 33 evaluating [time: 14.43s, valid_score: 0.099600]
25 Oct 15:39    INFO  valid result: 
recall@10 : 0.1204    recall@20 : 0.1771    recall@50 : 0.2822    ndcg@10 : 0.083    ndcg@20 : 0.0996    ndcg@50 : 0.1253    
25 Oct 15:39    INFO  Saving current best: saved/DirectAU-Oct-25-2023_15-22-33.pth
25 Oct 15:40    INFO  epoch 34 training [time: 15.79s, train loss: -18.2938]
25 Oct 15:40    INFO  epoch 34 evaluating [time: 17.11s, valid_score: 0.100400]
25 Oct 15:40    INFO  valid result: 
recall@10 : 0.1217    recall@20 : 0.1795    recall@50 : 0.2838    ndcg@10 : 0.0835    ndcg@20 : 0.1004    ndcg@50 : 0.1258    
25 Oct 15:40    INFO  Saving current best: saved/DirectAU-Oct-25-2023_15-22-33.pth
25 Oct 15:40    INFO  epoch 35 training [time: 15.80s, train loss: -18.2945]
25 Oct 15:40    INFO  epoch 35 evaluating [time: 14.48s, valid_score: 0.100400]
25 Oct 15:40    INFO  valid result: 
recall@10 : 0.1217    recall@20 : 0.1789    recall@50 : 0.2842    ndcg@10 : 0.0837    ndcg@20 : 0.1004    ndcg@50 : 0.1262    
25 Oct 15:41    INFO  epoch 36 training [time: 15.74s, train loss: -18.2958]
25 Oct 15:41    INFO  epoch 36 evaluating [time: 14.47s, valid_score: 0.101300]
25 Oct 15:41    INFO  valid result: 
recall@10 : 0.122    recall@20 : 0.1801    recall@50 : 0.2859    ndcg@10 : 0.0843    ndcg@20 : 0.1013    ndcg@50 : 0.1272    
25 Oct 15:41    INFO  Saving current best: saved/DirectAU-Oct-25-2023_15-22-33.pth
25 Oct 15:41    INFO  epoch 37 training [time: 15.76s, train loss: -18.2970]
25 Oct 15:41    INFO  epoch 37 evaluating [time: 14.92s, valid_score: 0.101700]
25 Oct 15:41    INFO  valid result: 
recall@10 : 0.1223    recall@20 : 0.1801    recall@50 : 0.2876    ndcg@10 : 0.0848    ndcg@20 : 0.1017    ndcg@50 : 0.1279    
25 Oct 15:41    INFO  Saving current best: saved/DirectAU-Oct-25-2023_15-22-33.pth
25 Oct 15:42    INFO  epoch 38 training [time: 15.76s, train loss: -18.2977]
25 Oct 15:42    INFO  epoch 38 evaluating [time: 14.31s, valid_score: 0.102100]
25 Oct 15:42    INFO  valid result: 
recall@10 : 0.1247    recall@20 : 0.1817    recall@50 : 0.2877    ndcg@10 : 0.0854    ndcg@20 : 0.1021    ndcg@50 : 0.128    
25 Oct 15:42    INFO  Saving current best: saved/DirectAU-Oct-25-2023_15-22-33.pth
25 Oct 15:42    INFO  epoch 39 training [time: 15.74s, train loss: -18.2985]
25 Oct 15:43    INFO  epoch 39 evaluating [time: 14.77s, valid_score: 0.102900]
25 Oct 15:43    INFO  valid result: 
recall@10 : 0.1246    recall@20 : 0.1828    recall@50 : 0.2901    ndcg@10 : 0.0859    ndcg@20 : 0.1029    ndcg@50 : 0.1289    
25 Oct 15:43    INFO  Saving current best: saved/DirectAU-Oct-25-2023_15-22-33.pth
25 Oct 15:43    INFO  epoch 40 training [time: 15.77s, train loss: -18.2990]
25 Oct 15:43    INFO  epoch 40 evaluating [time: 14.27s, valid_score: 0.102700]
25 Oct 15:43    INFO  valid result: 
recall@10 : 0.1243    recall@20 : 0.1833    recall@50 : 0.291    ndcg@10 : 0.0856    ndcg@20 : 0.1027    ndcg@50 : 0.1289    
25 Oct 15:43    INFO  epoch 41 training [time: 15.76s, train loss: -18.2996]
25 Oct 15:44    INFO  epoch 41 evaluating [time: 14.49s, valid_score: 0.102800]
25 Oct 15:44    INFO  valid result: 
recall@10 : 0.1236    recall@20 : 0.1833    recall@50 : 0.2907    ndcg@10 : 0.0854    ndcg@20 : 0.1028    ndcg@50 : 0.1291    
25 Oct 15:44    INFO  epoch 42 training [time: 15.74s, train loss: -18.3007]
25 Oct 15:44    INFO  epoch 42 evaluating [time: 14.35s, valid_score: 0.103500]
25 Oct 15:44    INFO  valid result: 
recall@10 : 0.125    recall@20 : 0.1847    recall@50 : 0.292    ndcg@10 : 0.0861    ndcg@20 : 0.1035    ndcg@50 : 0.1297    
25 Oct 15:44    INFO  Saving current best: saved/DirectAU-Oct-25-2023_15-22-33.pth
25 Oct 15:44    INFO  epoch 43 training [time: 15.64s, train loss: -18.3006]
25 Oct 15:45    INFO  epoch 43 evaluating [time: 14.58s, valid_score: 0.103800]
25 Oct 15:45    INFO  valid result: 
recall@10 : 0.1256    recall@20 : 0.1849    recall@50 : 0.2928    ndcg@10 : 0.0865    ndcg@20 : 0.1038    ndcg@50 : 0.1302    
25 Oct 15:45    INFO  Saving current best: saved/DirectAU-Oct-25-2023_15-22-33.pth
25 Oct 15:45    INFO  epoch 44 training [time: 15.81s, train loss: -18.3016]
25 Oct 15:45    INFO  epoch 44 evaluating [time: 16.64s, valid_score: 0.104000]
25 Oct 15:45    INFO  valid result: 
recall@10 : 0.1258    recall@20 : 0.1852    recall@50 : 0.2941    ndcg@10 : 0.0866    ndcg@20 : 0.104    ndcg@50 : 0.1305    
25 Oct 15:45    INFO  Saving current best: saved/DirectAU-Oct-25-2023_15-22-33.pth
25 Oct 15:45    INFO  epoch 45 training [time: 15.79s, train loss: -18.3021]
25 Oct 15:46    INFO  epoch 45 evaluating [time: 14.33s, valid_score: 0.104300]
25 Oct 15:46    INFO  valid result: 
recall@10 : 0.1261    recall@20 : 0.1861    recall@50 : 0.2936    ndcg@10 : 0.0869    ndcg@20 : 0.1043    ndcg@50 : 0.1306    
25 Oct 15:46    INFO  Saving current best: saved/DirectAU-Oct-25-2023_15-22-33.pth
25 Oct 15:46    INFO  epoch 46 training [time: 15.74s, train loss: -18.3025]
25 Oct 15:46    INFO  epoch 46 evaluating [time: 14.54s, valid_score: 0.104500]
25 Oct 15:46    INFO  valid result: 
recall@10 : 0.1271    recall@20 : 0.1869    recall@50 : 0.2947    ndcg@10 : 0.0871    ndcg@20 : 0.1045    ndcg@50 : 0.1309    
25 Oct 15:46    INFO  Saving current best: saved/DirectAU-Oct-25-2023_15-22-33.pth
25 Oct 15:46    INFO  epoch 47 training [time: 15.71s, train loss: -18.3028]
25 Oct 15:47    INFO  epoch 47 evaluating [time: 14.62s, valid_score: 0.105200]
25 Oct 15:47    INFO  valid result: 
recall@10 : 0.1277    recall@20 : 0.1877    recall@50 : 0.2952    ndcg@10 : 0.0877    ndcg@20 : 0.1052    ndcg@50 : 0.1314    
25 Oct 15:47    INFO  Saving current best: saved/DirectAU-Oct-25-2023_15-22-33.pth
25 Oct 15:47    INFO  epoch 48 training [time: 15.75s, train loss: -18.3035]
25 Oct 15:47    INFO  epoch 48 evaluating [time: 14.52s, valid_score: 0.104900]
25 Oct 15:47    INFO  valid result: 
recall@10 : 0.1268    recall@20 : 0.1874    recall@50 : 0.295    ndcg@10 : 0.0872    ndcg@20 : 0.1049    ndcg@50 : 0.1312    
25 Oct 15:47    INFO  epoch 49 training [time: 15.71s, train loss: -18.3035]
25 Oct 15:48    INFO  epoch 49 evaluating [time: 14.48s, valid_score: 0.104900]
25 Oct 15:48    INFO  valid result: 
recall@10 : 0.1269    recall@20 : 0.1875    recall@50 : 0.2957    ndcg@10 : 0.0872    ndcg@20 : 0.1049    ndcg@50 : 0.1313    
25 Oct 15:48    INFO  epoch 50 training [time: 15.77s, train loss: -18.3043]
25 Oct 15:48    INFO  epoch 50 evaluating [time: 14.59s, valid_score: 0.105600]
25 Oct 15:48    INFO  valid result: 
recall@10 : 0.1272    recall@20 : 0.1885    recall@50 : 0.2974    ndcg@10 : 0.0878    ndcg@20 : 0.1056    ndcg@50 : 0.1321    
25 Oct 15:48    INFO  Saving current best: saved/DirectAU-Oct-25-2023_15-22-33.pth
25 Oct 15:48    INFO  epoch 51 training [time: 15.77s, train loss: -18.3042]
25 Oct 15:49    INFO  epoch 51 evaluating [time: 14.35s, valid_score: 0.105800]
25 Oct 15:49    INFO  valid result: 
recall@10 : 0.1278    recall@20 : 0.1896    recall@50 : 0.2989    ndcg@10 : 0.0879    ndcg@20 : 0.1058    ndcg@50 : 0.1324    
25 Oct 15:49    INFO  Saving current best: saved/DirectAU-Oct-25-2023_15-22-33.pth
25 Oct 15:49    INFO  epoch 52 training [time: 15.73s, train loss: -18.3046]
25 Oct 15:49    INFO  epoch 52 evaluating [time: 14.47s, valid_score: 0.106000]
25 Oct 15:49    INFO  valid result: 
recall@10 : 0.1281    recall@20 : 0.1896    recall@50 : 0.2979    ndcg@10 : 0.0881    ndcg@20 : 0.106    ndcg@50 : 0.1325    
25 Oct 15:49    INFO  Saving current best: saved/DirectAU-Oct-25-2023_15-22-33.pth
25 Oct 15:49    INFO  epoch 53 training [time: 15.76s, train loss: -18.3050]
25 Oct 15:50    INFO  epoch 53 evaluating [time: 14.39s, valid_score: 0.106100]
25 Oct 15:50    INFO  valid result: 
recall@10 : 0.1283    recall@20 : 0.1891    recall@50 : 0.2988    ndcg@10 : 0.0884    ndcg@20 : 0.1061    ndcg@50 : 0.1328    
25 Oct 15:50    INFO  Saving current best: saved/DirectAU-Oct-25-2023_15-22-33.pth
25 Oct 15:50    INFO  epoch 54 training [time: 15.76s, train loss: -18.3050]
25 Oct 15:50    INFO  epoch 54 evaluating [time: 14.51s, valid_score: 0.106400]
25 Oct 15:50    INFO  valid result: 
recall@10 : 0.1287    recall@20 : 0.1899    recall@50 : 0.299    ndcg@10 : 0.0886    ndcg@20 : 0.1064    ndcg@50 : 0.133    
25 Oct 15:50    INFO  Saving current best: saved/DirectAU-Oct-25-2023_15-22-33.pth
25 Oct 15:50    INFO  epoch 55 training [time: 15.74s, train loss: -18.3053]
25 Oct 15:51    INFO  epoch 55 evaluating [time: 14.30s, valid_score: 0.106400]
25 Oct 15:51    INFO  valid result: 
recall@10 : 0.1287    recall@20 : 0.1893    recall@50 : 0.3004    ndcg@10 : 0.0888    ndcg@20 : 0.1064    ndcg@50 : 0.1335    
25 Oct 15:51    INFO  epoch 56 training [time: 15.76s, train loss: -18.3059]
25 Oct 15:51    INFO  epoch 56 evaluating [time: 14.68s, valid_score: 0.106300]
25 Oct 15:51    INFO  valid result: 
recall@10 : 0.1288    recall@20 : 0.1892    recall@50 : 0.2984    ndcg@10 : 0.0887    ndcg@20 : 0.1063    ndcg@50 : 0.133    
25 Oct 15:51    INFO  epoch 57 training [time: 15.76s, train loss: -18.3061]
25 Oct 15:52    INFO  epoch 57 evaluating [time: 14.23s, valid_score: 0.107100]
25 Oct 15:52    INFO  valid result: 
recall@10 : 0.1294    recall@20 : 0.19    recall@50 : 0.2995    ndcg@10 : 0.0895    ndcg@20 : 0.1071    ndcg@50 : 0.1339    
25 Oct 15:52    INFO  Saving current best: saved/DirectAU-Oct-25-2023_15-22-33.pth
25 Oct 15:52    INFO  epoch 58 training [time: 15.72s, train loss: -18.3058]
25 Oct 15:52    INFO  epoch 58 evaluating [time: 14.65s, valid_score: 0.107100]
25 Oct 15:52    INFO  valid result: 
recall@10 : 0.1299    recall@20 : 0.1901    recall@50 : 0.3008    ndcg@10 : 0.0895    ndcg@20 : 0.1071    ndcg@50 : 0.1341    
25 Oct 15:52    INFO  epoch 59 training [time: 15.76s, train loss: -18.3061]
25 Oct 15:53    INFO  epoch 59 evaluating [time: 14.68s, valid_score: 0.106700]
25 Oct 15:53    INFO  valid result: 
recall@10 : 0.1298    recall@20 : 0.1901    recall@50 : 0.3    ndcg@10 : 0.089    ndcg@20 : 0.1067    ndcg@50 : 0.1336    
25 Oct 15:53    INFO  epoch 60 training [time: 15.75s, train loss: -18.3065]
25 Oct 15:53    INFO  epoch 60 evaluating [time: 14.55s, valid_score: 0.107300]
25 Oct 15:53    INFO  valid result: 
recall@10 : 0.1294    recall@20 : 0.1915    recall@50 : 0.3017    ndcg@10 : 0.0892    ndcg@20 : 0.1073    ndcg@50 : 0.1342    
25 Oct 15:53    INFO  Saving current best: saved/DirectAU-Oct-25-2023_15-22-33.pth
25 Oct 15:53    INFO  epoch 61 training [time: 15.88s, train loss: -18.3069]
25 Oct 15:54    INFO  epoch 61 evaluating [time: 14.58s, valid_score: 0.107800]
25 Oct 15:54    INFO  valid result: 
recall@10 : 0.13    recall@20 : 0.1917    recall@50 : 0.301    ndcg@10 : 0.0898    ndcg@20 : 0.1078    ndcg@50 : 0.1346    
25 Oct 15:54    INFO  Saving current best: saved/DirectAU-Oct-25-2023_15-22-33.pth
25 Oct 15:54    INFO  epoch 62 training [time: 15.70s, train loss: -18.3068]
25 Oct 15:54    INFO  epoch 62 evaluating [time: 14.41s, valid_score: 0.107400]
25 Oct 15:54    INFO  valid result: 
recall@10 : 0.1301    recall@20 : 0.191    recall@50 : 0.3011    ndcg@10 : 0.0897    ndcg@20 : 0.1074    ndcg@50 : 0.1344    
25 Oct 15:54    INFO  epoch 63 training [time: 15.71s, train loss: -18.3071]
25 Oct 15:55    INFO  epoch 63 evaluating [time: 14.59s, valid_score: 0.107800]
25 Oct 15:55    INFO  valid result: 
recall@10 : 0.1319    recall@20 : 0.1913    recall@50 : 0.3027    ndcg@10 : 0.0904    ndcg@20 : 0.1078    ndcg@50 : 0.1349    
25 Oct 15:55    INFO  epoch 64 training [time: 15.74s, train loss: -18.3071]
25 Oct 15:55    INFO  epoch 64 evaluating [time: 14.63s, valid_score: 0.108000]
25 Oct 15:55    INFO  valid result: 
recall@10 : 0.1319    recall@20 : 0.1922    recall@50 : 0.3036    ndcg@10 : 0.0905    ndcg@20 : 0.108    ndcg@50 : 0.1352    
25 Oct 15:55    INFO  Saving current best: saved/DirectAU-Oct-25-2023_15-22-33.pth
25 Oct 15:55    INFO  epoch 65 training [time: 15.75s, train loss: -18.3074]
25 Oct 15:56    INFO  epoch 65 evaluating [time: 14.52s, valid_score: 0.108100]
25 Oct 15:56    INFO  valid result: 
recall@10 : 0.1311    recall@20 : 0.1908    recall@50 : 0.3031    ndcg@10 : 0.0907    ndcg@20 : 0.1081    ndcg@50 : 0.1355    
25 Oct 15:56    INFO  Saving current best: saved/DirectAU-Oct-25-2023_15-22-33.pth
25 Oct 15:56    INFO  epoch 66 training [time: 15.73s, train loss: -18.3069]
25 Oct 15:56    INFO  epoch 66 evaluating [time: 14.45s, valid_score: 0.108100]
25 Oct 15:56    INFO  valid result: 
recall@10 : 0.1303    recall@20 : 0.1929    recall@50 : 0.304    ndcg@10 : 0.0898    ndcg@20 : 0.1081    ndcg@50 : 0.1351    
25 Oct 15:56    INFO  epoch 67 training [time: 15.72s, train loss: -18.3076]
25 Oct 15:57    INFO  epoch 67 evaluating [time: 14.50s, valid_score: 0.108300]
25 Oct 15:57    INFO  valid result: 
recall@10 : 0.1304    recall@20 : 0.192    recall@50 : 0.3033    ndcg@10 : 0.0902    ndcg@20 : 0.1083    ndcg@50 : 0.1355    
25 Oct 15:57    INFO  Saving current best: saved/DirectAU-Oct-25-2023_15-22-33.pth
25 Oct 15:57    INFO  epoch 68 training [time: 15.72s, train loss: -18.3078]
25 Oct 15:57    INFO  epoch 68 evaluating [time: 14.60s, valid_score: 0.108500]
25 Oct 15:57    INFO  valid result: 
recall@10 : 0.1303    recall@20 : 0.1927    recall@50 : 0.3037    ndcg@10 : 0.0903    ndcg@20 : 0.1085    ndcg@50 : 0.1357    
25 Oct 15:57    INFO  Saving current best: saved/DirectAU-Oct-25-2023_15-22-33.pth
25 Oct 15:57    INFO  epoch 69 training [time: 15.74s, train loss: -18.3078]
25 Oct 15:58    INFO  epoch 69 evaluating [time: 14.51s, valid_score: 0.109000]
25 Oct 15:58    INFO  valid result: 
recall@10 : 0.1312    recall@20 : 0.1945    recall@50 : 0.3045    ndcg@10 : 0.0906    ndcg@20 : 0.109    ndcg@50 : 0.1358    
25 Oct 15:58    INFO  Saving current best: saved/DirectAU-Oct-25-2023_15-22-33.pth
25 Oct 15:58    INFO  epoch 70 training [time: 15.73s, train loss: -18.3080]
25 Oct 15:58    INFO  epoch 70 evaluating [time: 14.64s, valid_score: 0.108700]
25 Oct 15:58    INFO  valid result: 
recall@10 : 0.1316    recall@20 : 0.1935    recall@50 : 0.3053    ndcg@10 : 0.0907    ndcg@20 : 0.1087    ndcg@50 : 0.136    
25 Oct 15:58    INFO  epoch 71 training [time: 15.75s, train loss: -18.3080]
25 Oct 15:59    INFO  epoch 71 evaluating [time: 14.55s, valid_score: 0.108700]
25 Oct 15:59    INFO  valid result: 
recall@10 : 0.1313    recall@20 : 0.1936    recall@50 : 0.3051    ndcg@10 : 0.0905    ndcg@20 : 0.1087    ndcg@50 : 0.1359    
25 Oct 15:59    INFO  epoch 72 training [time: 15.70s, train loss: -18.3080]
25 Oct 15:59    INFO  epoch 72 evaluating [time: 14.82s, valid_score: 0.108800]
25 Oct 15:59    INFO  valid result: 
recall@10 : 0.1319    recall@20 : 0.1936    recall@50 : 0.3066    ndcg@10 : 0.0908    ndcg@20 : 0.1088    ndcg@50 : 0.1363    
25 Oct 15:59    INFO  epoch 73 training [time: 15.74s, train loss: -18.3081]
25 Oct 16:00    INFO  epoch 73 evaluating [time: 14.44s, valid_score: 0.109100]
25 Oct 16:00    INFO  valid result: 
recall@10 : 0.1313    recall@20 : 0.1941    recall@50 : 0.3056    ndcg@10 : 0.0908    ndcg@20 : 0.1091    ndcg@50 : 0.1363    
25 Oct 16:00    INFO  Saving current best: saved/DirectAU-Oct-25-2023_15-22-33.pth
25 Oct 16:00    INFO  epoch 74 training [time: 15.74s, train loss: -18.3087]
25 Oct 16:00    INFO  epoch 74 evaluating [time: 14.69s, valid_score: 0.109200]
25 Oct 16:00    INFO  valid result: 
recall@10 : 0.1322    recall@20 : 0.1951    recall@50 : 0.307    ndcg@10 : 0.0909    ndcg@20 : 0.1092    ndcg@50 : 0.1365    
25 Oct 16:00    INFO  Saving current best: saved/DirectAU-Oct-25-2023_15-22-33.pth
25 Oct 16:01    INFO  epoch 75 training [time: 15.73s, train loss: -18.3084]
25 Oct 16:01    INFO  epoch 75 evaluating [time: 14.48s, valid_score: 0.109100]
25 Oct 16:01    INFO  valid result: 
recall@10 : 0.1324    recall@20 : 0.1943    recall@50 : 0.3065    ndcg@10 : 0.091    ndcg@20 : 0.1091    ndcg@50 : 0.1365    
25 Oct 16:01    INFO  epoch 76 training [time: 15.73s, train loss: -18.3087]
25 Oct 16:01    INFO  epoch 76 evaluating [time: 14.75s, valid_score: 0.109300]
25 Oct 16:01    INFO  valid result: 
recall@10 : 0.1326    recall@20 : 0.1945    recall@50 : 0.3062    ndcg@10 : 0.0913    ndcg@20 : 0.1093    ndcg@50 : 0.1365    
25 Oct 16:01    INFO  Saving current best: saved/DirectAU-Oct-25-2023_15-22-33.pth
25 Oct 16:02    INFO  epoch 77 training [time: 15.74s, train loss: -18.3085]
25 Oct 16:02    INFO  epoch 77 evaluating [time: 14.65s, valid_score: 0.109500]
25 Oct 16:02    INFO  valid result: 
recall@10 : 0.1325    recall@20 : 0.1949    recall@50 : 0.3064    ndcg@10 : 0.0913    ndcg@20 : 0.1095    ndcg@50 : 0.1367    
25 Oct 16:02    INFO  Saving current best: saved/DirectAU-Oct-25-2023_15-22-33.pth
25 Oct 16:02    INFO  epoch 78 training [time: 15.74s, train loss: -18.3086]
25 Oct 16:02    INFO  epoch 78 evaluating [time: 14.36s, valid_score: 0.109500]
25 Oct 16:02    INFO  valid result: 
recall@10 : 0.1325    recall@20 : 0.1948    recall@50 : 0.307    ndcg@10 : 0.0914    ndcg@20 : 0.1095    ndcg@50 : 0.1369    
25 Oct 16:03    INFO  epoch 79 training [time: 15.74s, train loss: -18.3089]
25 Oct 16:03    INFO  epoch 79 evaluating [time: 14.74s, valid_score: 0.109800]
25 Oct 16:03    INFO  valid result: 
recall@10 : 0.1328    recall@20 : 0.1947    recall@50 : 0.3072    ndcg@10 : 0.0917    ndcg@20 : 0.1098    ndcg@50 : 0.1373    
25 Oct 16:03    INFO  Saving current best: saved/DirectAU-Oct-25-2023_15-22-33.pth
25 Oct 16:03    INFO  epoch 80 training [time: 15.76s, train loss: -18.3091]
25 Oct 16:03    INFO  epoch 80 evaluating [time: 14.46s, valid_score: 0.110400]
25 Oct 16:03    INFO  valid result: 
recall@10 : 0.133    recall@20 : 0.1958    recall@50 : 0.3082    ndcg@10 : 0.0921    ndcg@20 : 0.1104    ndcg@50 : 0.1378    
25 Oct 16:03    INFO  Saving current best: saved/DirectAU-Oct-25-2023_15-22-33.pth
25 Oct 16:04    INFO  epoch 81 training [time: 15.75s, train loss: -18.3089]
25 Oct 16:04    INFO  epoch 81 evaluating [time: 14.86s, valid_score: 0.110100]
25 Oct 16:04    INFO  valid result: 
recall@10 : 0.1331    recall@20 : 0.1956    recall@50 : 0.3086    ndcg@10 : 0.0919    ndcg@20 : 0.1101    ndcg@50 : 0.1377    
25 Oct 16:04    INFO  epoch 82 training [time: 15.74s, train loss: -18.3091]
25 Oct 16:04    INFO  epoch 82 evaluating [time: 14.49s, valid_score: 0.110500]
25 Oct 16:04    INFO  valid result: 
recall@10 : 0.1344    recall@20 : 0.1966    recall@50 : 0.3074    ndcg@10 : 0.0924    ndcg@20 : 0.1105    ndcg@50 : 0.1376    
25 Oct 16:04    INFO  Saving current best: saved/DirectAU-Oct-25-2023_15-22-33.pth
25 Oct 16:05    INFO  epoch 83 training [time: 15.75s, train loss: -18.3093]
25 Oct 16:05    INFO  epoch 83 evaluating [time: 14.70s, valid_score: 0.110800]
25 Oct 16:05    INFO  valid result: 
recall@10 : 0.1342    recall@20 : 0.1968    recall@50 : 0.3082    ndcg@10 : 0.0926    ndcg@20 : 0.1108    ndcg@50 : 0.1381    
25 Oct 16:05    INFO  Saving current best: saved/DirectAU-Oct-25-2023_15-22-33.pth
25 Oct 16:05    INFO  epoch 84 training [time: 15.76s, train loss: -18.3094]
25 Oct 16:05    INFO  epoch 84 evaluating [time: 14.52s, valid_score: 0.110700]
25 Oct 16:05    INFO  valid result: 
recall@10 : 0.1341    recall@20 : 0.1966    recall@50 : 0.3082    ndcg@10 : 0.0925    ndcg@20 : 0.1107    ndcg@50 : 0.1379    
25 Oct 16:06    INFO  epoch 85 training [time: 15.75s, train loss: -18.3092]
25 Oct 16:06    INFO  epoch 85 evaluating [time: 14.78s, valid_score: 0.110800]
25 Oct 16:06    INFO  valid result: 
recall@10 : 0.1347    recall@20 : 0.1965    recall@50 : 0.3095    ndcg@10 : 0.0927    ndcg@20 : 0.1108    ndcg@50 : 0.1384    
25 Oct 16:06    INFO  epoch 86 training [time: 15.76s, train loss: -18.3092]
25 Oct 16:06    INFO  epoch 86 evaluating [time: 14.43s, valid_score: 0.110700]
25 Oct 16:06    INFO  valid result: 
recall@10 : 0.1347    recall@20 : 0.1965    recall@50 : 0.3075    ndcg@10 : 0.0928    ndcg@20 : 0.1107    ndcg@50 : 0.1379    
25 Oct 16:07    INFO  epoch 87 training [time: 15.75s, train loss: -18.3095]
25 Oct 16:07    INFO  epoch 87 evaluating [time: 14.70s, valid_score: 0.110700]
25 Oct 16:07    INFO  valid result: 
recall@10 : 0.1336    recall@20 : 0.1966    recall@50 : 0.3072    ndcg@10 : 0.0924    ndcg@20 : 0.1107    ndcg@50 : 0.1378    
25 Oct 16:07    INFO  epoch 88 training [time: 15.76s, train loss: -18.3098]
25 Oct 16:07    INFO  epoch 88 evaluating [time: 14.66s, valid_score: 0.110500]
25 Oct 16:07    INFO  valid result: 
recall@10 : 0.1344    recall@20 : 0.1962    recall@50 : 0.3087    ndcg@10 : 0.0924    ndcg@20 : 0.1105    ndcg@50 : 0.138    
25 Oct 16:08    INFO  epoch 89 training [time: 15.65s, train loss: -18.3097]
25 Oct 16:08    INFO  epoch 89 evaluating [time: 14.75s, valid_score: 0.110700]
25 Oct 16:08    INFO  valid result: 
recall@10 : 0.1344    recall@20 : 0.1964    recall@50 : 0.3094    ndcg@10 : 0.0927    ndcg@20 : 0.1107    ndcg@50 : 0.1384    
25 Oct 16:08    INFO  epoch 90 training [time: 15.75s, train loss: -18.3096]
25 Oct 16:08    INFO  epoch 90 evaluating [time: 14.48s, valid_score: 0.110700]
25 Oct 16:08    INFO  valid result: 
recall@10 : 0.1347    recall@20 : 0.1962    recall@50 : 0.3099    ndcg@10 : 0.0929    ndcg@20 : 0.1107    ndcg@50 : 0.1386    
25 Oct 16:09    INFO  epoch 91 training [time: 15.71s, train loss: -18.3096]
25 Oct 16:09    INFO  epoch 91 evaluating [time: 14.71s, valid_score: 0.110900]
25 Oct 16:09    INFO  valid result: 
recall@10 : 0.1344    recall@20 : 0.1966    recall@50 : 0.3101    ndcg@10 : 0.0928    ndcg@20 : 0.1109    ndcg@50 : 0.1387    
25 Oct 16:09    INFO  Saving current best: saved/DirectAU-Oct-25-2023_15-22-33.pth
25 Oct 16:09    INFO  epoch 92 training [time: 15.76s, train loss: -18.3097]
25 Oct 16:09    INFO  epoch 92 evaluating [time: 14.56s, valid_score: 0.111200]
25 Oct 16:09    INFO  valid result: 
recall@10 : 0.135    recall@20 : 0.198    recall@50 : 0.3095    ndcg@10 : 0.0929    ndcg@20 : 0.1112    ndcg@50 : 0.1384    
25 Oct 16:09    INFO  Saving current best: saved/DirectAU-Oct-25-2023_15-22-33.pth
25 Oct 16:10    INFO  epoch 93 training [time: 15.70s, train loss: -18.3099]
25 Oct 16:10    INFO  epoch 93 evaluating [time: 14.44s, valid_score: 0.111400]
25 Oct 16:10    INFO  valid result: 
recall@10 : 0.1347    recall@20 : 0.1979    recall@50 : 0.3091    ndcg@10 : 0.0931    ndcg@20 : 0.1114    ndcg@50 : 0.1387    
25 Oct 16:10    INFO  Saving current best: saved/DirectAU-Oct-25-2023_15-22-33.pth
25 Oct 16:10    INFO  epoch 94 training [time: 15.72s, train loss: -18.3101]
25 Oct 16:10    INFO  epoch 94 evaluating [time: 14.81s, valid_score: 0.111300]
25 Oct 16:10    INFO  valid result: 
recall@10 : 0.1348    recall@20 : 0.1979    recall@50 : 0.3082    ndcg@10 : 0.0931    ndcg@20 : 0.1113    ndcg@50 : 0.1384    
25 Oct 16:11    INFO  epoch 95 training [time: 15.75s, train loss: -18.3099]
25 Oct 16:11    INFO  epoch 95 evaluating [time: 14.55s, valid_score: 0.111700]
25 Oct 16:11    INFO  valid result: 
recall@10 : 0.135    recall@20 : 0.1977    recall@50 : 0.3101    ndcg@10 : 0.0933    ndcg@20 : 0.1117    ndcg@50 : 0.139    
25 Oct 16:11    INFO  Saving current best: saved/DirectAU-Oct-25-2023_15-22-33.pth
25 Oct 16:11    INFO  epoch 96 training [time: 15.73s, train loss: -18.3102]
25 Oct 16:11    INFO  epoch 96 evaluating [time: 14.71s, valid_score: 0.111900]
25 Oct 16:11    INFO  valid result: 
recall@10 : 0.1349    recall@20 : 0.1985    recall@50 : 0.3096    ndcg@10 : 0.0935    ndcg@20 : 0.1119    ndcg@50 : 0.1391    
25 Oct 16:11    INFO  Saving current best: saved/DirectAU-Oct-25-2023_15-22-33.pth
25 Oct 16:12    INFO  epoch 97 training [time: 15.77s, train loss: -18.3103]
25 Oct 16:12    INFO  epoch 97 evaluating [time: 14.58s, valid_score: 0.111800]
25 Oct 16:12    INFO  valid result: 
recall@10 : 0.1352    recall@20 : 0.1987    recall@50 : 0.3092    ndcg@10 : 0.0934    ndcg@20 : 0.1118    ndcg@50 : 0.1389    
25 Oct 16:12    INFO  epoch 98 training [time: 15.73s, train loss: -18.3105]
25 Oct 16:12    INFO  epoch 98 evaluating [time: 14.41s, valid_score: 0.112000]
25 Oct 16:12    INFO  valid result: 
recall@10 : 0.1353    recall@20 : 0.1989    recall@50 : 0.309    ndcg@10 : 0.0935    ndcg@20 : 0.112    ndcg@50 : 0.139    
25 Oct 16:12    INFO  Saving current best: saved/DirectAU-Oct-25-2023_15-22-33.pth
25 Oct 16:13    INFO  epoch 99 training [time: 15.47s, train loss: -18.3099]
25 Oct 16:13    INFO  epoch 99 evaluating [time: 14.39s, valid_score: 0.111800]
25 Oct 16:13    INFO  valid result: 
recall@10 : 0.1346    recall@20 : 0.1978    recall@50 : 0.3106    ndcg@10 : 0.0934    ndcg@20 : 0.1118    ndcg@50 : 0.1394    
25 Oct 16:13    INFO  epoch 100 training [time: 15.43s, train loss: -18.3101]
25 Oct 16:13    INFO  epoch 100 evaluating [time: 14.66s, valid_score: 0.111500]
25 Oct 16:13    INFO  valid result: 
recall@10 : 0.1352    recall@20 : 0.1977    recall@50 : 0.3106    ndcg@10 : 0.0933    ndcg@20 : 0.1115    ndcg@50 : 0.1391    
25 Oct 16:14    INFO  epoch 101 training [time: 15.75s, train loss: -18.3103]
25 Oct 16:14    INFO  epoch 101 evaluating [time: 14.64s, valid_score: 0.111700]
25 Oct 16:14    INFO  valid result: 
recall@10 : 0.1351    recall@20 : 0.1978    recall@50 : 0.3108    ndcg@10 : 0.0934    ndcg@20 : 0.1117    ndcg@50 : 0.1393    
25 Oct 16:14    INFO  epoch 102 training [time: 15.74s, train loss: -18.3105]
25 Oct 16:14    INFO  epoch 102 evaluating [time: 14.54s, valid_score: 0.112200]
25 Oct 16:14    INFO  valid result: 
recall@10 : 0.1353    recall@20 : 0.1989    recall@50 : 0.3112    ndcg@10 : 0.0938    ndcg@20 : 0.1122    ndcg@50 : 0.1396    
25 Oct 16:14    INFO  Saving current best: saved/DirectAU-Oct-25-2023_15-22-33.pth
25 Oct 16:15    INFO  epoch 103 training [time: 15.85s, train loss: -18.3106]
25 Oct 16:15    INFO  epoch 103 evaluating [time: 14.66s, valid_score: 0.112300]
25 Oct 16:15    INFO  valid result: 
recall@10 : 0.1355    recall@20 : 0.1985    recall@50 : 0.3112    ndcg@10 : 0.0939    ndcg@20 : 0.1123    ndcg@50 : 0.1398    
25 Oct 16:15    INFO  Saving current best: saved/DirectAU-Oct-25-2023_15-22-33.pth
25 Oct 16:15    INFO  epoch 104 training [time: 15.89s, train loss: -18.3104]
25 Oct 16:15    INFO  epoch 104 evaluating [time: 14.49s, valid_score: 0.112200]
25 Oct 16:15    INFO  valid result: 
recall@10 : 0.1356    recall@20 : 0.1989    recall@50 : 0.3105    ndcg@10 : 0.0938    ndcg@20 : 0.1122    ndcg@50 : 0.1395    
25 Oct 16:16    INFO  epoch 105 training [time: 15.57s, train loss: -18.3106]
25 Oct 16:16    INFO  epoch 105 evaluating [time: 14.69s, valid_score: 0.112400]
25 Oct 16:16    INFO  valid result: 
recall@10 : 0.1346    recall@20 : 0.1994    recall@50 : 0.3108    ndcg@10 : 0.0935    ndcg@20 : 0.1124    ndcg@50 : 0.1396    
25 Oct 16:16    INFO  Saving current best: saved/DirectAU-Oct-25-2023_15-22-33.pth
25 Oct 16:16    INFO  epoch 106 training [time: 15.74s, train loss: -18.3107]
25 Oct 16:16    INFO  epoch 106 evaluating [time: 14.40s, valid_score: 0.111900]
25 Oct 16:16    INFO  valid result: 
recall@10 : 0.1354    recall@20 : 0.1981    recall@50 : 0.3115    ndcg@10 : 0.0937    ndcg@20 : 0.1119    ndcg@50 : 0.1396    
25 Oct 16:17    INFO  epoch 107 training [time: 15.72s, train loss: -18.3106]
25 Oct 16:17    INFO  epoch 107 evaluating [time: 14.73s, valid_score: 0.112700]
25 Oct 16:17    INFO  valid result: 
recall@10 : 0.1363    recall@20 : 0.2002    recall@50 : 0.3111    ndcg@10 : 0.0942    ndcg@20 : 0.1127    ndcg@50 : 0.1399    
25 Oct 16:17    INFO  Saving current best: saved/DirectAU-Oct-25-2023_15-22-33.pth
25 Oct 16:17    INFO  epoch 108 training [time: 15.76s, train loss: -18.3107]
25 Oct 16:17    INFO  epoch 108 evaluating [time: 14.36s, valid_score: 0.112600]
25 Oct 16:17    INFO  valid result: 
recall@10 : 0.1355    recall@20 : 0.1989    recall@50 : 0.312    ndcg@10 : 0.0941    ndcg@20 : 0.1126    ndcg@50 : 0.1402    
25 Oct 16:18    INFO  epoch 109 training [time: 15.62s, train loss: -18.3105]
25 Oct 16:18    INFO  epoch 109 evaluating [time: 14.59s, valid_score: 0.112800]
25 Oct 16:18    INFO  valid result: 
recall@10 : 0.1359    recall@20 : 0.1992    recall@50 : 0.3119    ndcg@10 : 0.0945    ndcg@20 : 0.1128    ndcg@50 : 0.1403    
25 Oct 16:18    INFO  Saving current best: saved/DirectAU-Oct-25-2023_15-22-33.pth
25 Oct 16:18    INFO  epoch 110 training [time: 15.75s, train loss: -18.3109]
25 Oct 16:18    INFO  epoch 110 evaluating [time: 14.81s, valid_score: 0.112800]
25 Oct 16:18    INFO  valid result: 
recall@10 : 0.1358    recall@20 : 0.1988    recall@50 : 0.3109    ndcg@10 : 0.0945    ndcg@20 : 0.1128    ndcg@50 : 0.1402    
25 Oct 16:19    INFO  epoch 111 training [time: 15.69s, train loss: -18.3106]
25 Oct 16:19    INFO  epoch 111 evaluating [time: 14.50s, valid_score: 0.112600]
25 Oct 16:19    INFO  valid result: 
recall@10 : 0.1364    recall@20 : 0.1998    recall@50 : 0.3107    ndcg@10 : 0.0942    ndcg@20 : 0.1126    ndcg@50 : 0.1398    
25 Oct 16:19    INFO  epoch 112 training [time: 15.75s, train loss: -18.3110]
25 Oct 16:20    INFO  epoch 112 evaluating [time: 16.57s, valid_score: 0.112500]
25 Oct 16:20    INFO  valid result: 
recall@10 : 0.136    recall@20 : 0.1985    recall@50 : 0.3108    ndcg@10 : 0.0943    ndcg@20 : 0.1125    ndcg@50 : 0.1399    
25 Oct 16:20    INFO  epoch 113 training [time: 15.80s, train loss: -18.3105]
25 Oct 16:20    INFO  epoch 113 evaluating [time: 16.81s, valid_score: 0.113000]
25 Oct 16:20    INFO  valid result: 
recall@10 : 0.1356    recall@20 : 0.1992    recall@50 : 0.3125    ndcg@10 : 0.0945    ndcg@20 : 0.113    ndcg@50 : 0.1407    
25 Oct 16:20    INFO  Saving current best: saved/DirectAU-Oct-25-2023_15-22-33.pth
25 Oct 16:20    INFO  epoch 114 training [time: 15.79s, train loss: -18.3109]
25 Oct 16:21    INFO  epoch 114 evaluating [time: 17.22s, valid_score: 0.112600]
25 Oct 16:21    INFO  valid result: 
recall@10 : 0.1352    recall@20 : 0.1987    recall@50 : 0.3113    ndcg@10 : 0.0941    ndcg@20 : 0.1126    ndcg@50 : 0.1402    
25 Oct 16:21    INFO  epoch 115 training [time: 15.79s, train loss: -18.3111]
25 Oct 16:21    INFO  epoch 115 evaluating [time: 14.44s, valid_score: 0.113000]
25 Oct 16:21    INFO  valid result: 
recall@10 : 0.1356    recall@20 : 0.1994    recall@50 : 0.3118    ndcg@10 : 0.0944    ndcg@20 : 0.113    ndcg@50 : 0.1404    
25 Oct 16:21    INFO  epoch 116 training [time: 15.67s, train loss: -18.3108]
25 Oct 16:22    INFO  epoch 116 evaluating [time: 14.62s, valid_score: 0.112600]
25 Oct 16:22    INFO  valid result: 
recall@10 : 0.1361    recall@20 : 0.1987    recall@50 : 0.3127    ndcg@10 : 0.0944    ndcg@20 : 0.1126    ndcg@50 : 0.1404    
25 Oct 16:22    INFO  epoch 117 training [time: 15.67s, train loss: -18.3106]
25 Oct 16:22    INFO  epoch 117 evaluating [time: 14.47s, valid_score: 0.112800]
25 Oct 16:22    INFO  valid result: 
recall@10 : 0.1357    recall@20 : 0.1996    recall@50 : 0.3114    ndcg@10 : 0.0943    ndcg@20 : 0.1128    ndcg@50 : 0.1402    
25 Oct 16:22    INFO  epoch 118 training [time: 15.73s, train loss: -18.3108]
25 Oct 16:23    INFO  epoch 118 evaluating [time: 14.44s, valid_score: 0.112800]
25 Oct 16:23    INFO  valid result: 
recall@10 : 0.1364    recall@20 : 0.1992    recall@50 : 0.3121    ndcg@10 : 0.0945    ndcg@20 : 0.1128    ndcg@50 : 0.1404    
25 Oct 16:23    INFO  epoch 119 training [time: 15.72s, train loss: -18.3112]
25 Oct 16:23    INFO  epoch 119 evaluating [time: 14.30s, valid_score: 0.112800]
25 Oct 16:23    INFO  valid result: 
recall@10 : 0.1364    recall@20 : 0.1991    recall@50 : 0.312    ndcg@10 : 0.0946    ndcg@20 : 0.1128    ndcg@50 : 0.1404    
25 Oct 16:23    INFO  epoch 120 training [time: 15.57s, train loss: -18.3107]
25 Oct 16:24    INFO  epoch 120 evaluating [time: 14.52s, valid_score: 0.112400]
25 Oct 16:24    INFO  valid result: 
recall@10 : 0.1371    recall@20 : 0.1986    recall@50 : 0.3117    ndcg@10 : 0.0944    ndcg@20 : 0.1124    ndcg@50 : 0.14    
25 Oct 16:24    INFO  epoch 121 training [time: 15.69s, train loss: -18.3112]
25 Oct 16:24    INFO  epoch 121 evaluating [time: 14.32s, valid_score: 0.112400]
25 Oct 16:24    INFO  valid result: 
recall@10 : 0.1361    recall@20 : 0.1985    recall@50 : 0.3126    ndcg@10 : 0.0942    ndcg@20 : 0.1124    ndcg@50 : 0.1402    
25 Oct 16:24    INFO  epoch 122 training [time: 15.67s, train loss: -18.3110]
25 Oct 16:25    INFO  epoch 122 evaluating [time: 14.57s, valid_score: 0.112300]
25 Oct 16:25    INFO  valid result: 
recall@10 : 0.1363    recall@20 : 0.1978    recall@50 : 0.3123    ndcg@10 : 0.0943    ndcg@20 : 0.1123    ndcg@50 : 0.1402    
25 Oct 16:25    INFO  epoch 123 training [time: 15.69s, train loss: -18.3111]
25 Oct 16:25    INFO  epoch 123 evaluating [time: 14.44s, valid_score: 0.112700]
25 Oct 16:25    INFO  valid result: 
recall@10 : 0.1361    recall@20 : 0.1992    recall@50 : 0.313    ndcg@10 : 0.0943    ndcg@20 : 0.1127    ndcg@50 : 0.1405    
25 Oct 16:25    INFO  epoch 124 training [time: 15.74s, train loss: -18.3107]
25 Oct 16:26    INFO  epoch 124 evaluating [time: 14.51s, valid_score: 0.113000]
25 Oct 16:26    INFO  valid result: 
recall@10 : 0.1361    recall@20 : 0.1996    recall@50 : 0.3123    ndcg@10 : 0.0945    ndcg@20 : 0.113    ndcg@50 : 0.1405    
25 Oct 16:26    INFO  Finished training, best eval result in epoch 113
25 Oct 16:26    INFO  Loading model structure and parameters from saved/DirectAU-Oct-25-2023_15-22-33.pth
25 Oct 16:26    INFO  best valid : {'recall@10': 0.1356, 'recall@20': 0.1992, 'recall@50': 0.3125, 'ndcg@10': 0.0945, 'ndcg@20': 0.113, 'ndcg@50': 0.1407}
25 Oct 16:26    INFO  test result: {'recall@10': 0.1376, 'recall@20': 0.1999, 'recall@50': 0.3116, 'ndcg@10': 0.0987, 'ndcg@20': 0.1165, 'ndcg@50': 0.1438}
