command line args [--zc 1] will not be used in RecBole
25 Oct 08:04    INFO  
General Hyper Parameters:
gpu_id = 4
use_gpu = True
seed = 0
state = INFO
reproducibility = True
data_path = dataset/Yelp
show_progress = False

Training Hyper Parameters:
checkpoint_dir = saved
epochs = 500
train_batch_size = 1024
learner = adam
learning_rate = 0.001
training_neg_sample_num = 0
training_neg_sample_distribution = uniform
eval_step = 1
stopping_step = 10
clip_grad_norm = None
weight_decay = 1e-06
draw_loss_pic = False
loss_decimal_place = 4

Evaluation Hyper Parameters:
eval_setting = RO_RS,full
group_by_user = True
split_ratio = [0.8, 0.1, 0.1]
leave_one_num = 2
real_time_process = False
metrics = ['Recall', 'NDCG']
topk = [10, 20, 50]
valid_metric = NDCG@20
eval_batch_size = 4096
metric_decimal_place = 4

Dataset Hyper Parameters:
field_separator = 	
seq_separator =  
USER_ID_FIELD = user_id
ITEM_ID_FIELD = item_id
RATING_FIELD = rating
TIME_FIELD = timestamp
seq_len = None
LABEL_FIELD = label
threshold = None
NEG_PREFIX = neg_
load_col = {'inter': ['user_id', 'item_id', 'timestamp']}
unload_col = None
unused_col = None
additional_feat_suffix = None
lowest_val = None
highest_val = None
equal_val = None
not_equal_val = None
max_user_inter_num = None
min_user_inter_num = 5
max_item_inter_num = None
min_item_inter_num = 5
fields_in_same_space = None
preload_weight = None
normalize_field = None
normalize_all = None
ITEM_LIST_LENGTH_FIELD = item_length
LIST_SUFFIX = _list
MAX_ITEM_LIST_LENGTH = 50
POSITION_FIELD = position_id
HEAD_ENTITY_ID_FIELD = head_id
TAIL_ENTITY_ID_FIELD = tail_id
RELATION_ID_FIELD = relation_id
ENTITY_ID_FIELD = entity_id

Other Hyper Parameters: 
valid_metric_bigger = True
BT = 0.1
bt = 0.001
embedding_size = 64
encoder = MF
gamma = 0.5
times = 1
witem = 0.1
wuser = 0.8
zc = 1.0
rm_dup_inter = None
filter_inter_by_user_or_item = True
SOURCE_ID_FIELD = source_id
TARGET_ID_FIELD = target_id
benchmark_filename = None
MODEL_TYPE = ModelType.GENERAL
MODEL_INPUT_TYPE = InputType.POINTWISE
eval_type = EvaluatorType.RANKING
device = cuda
train_neg_sample_args = {'strategy': 'none'}


25 Oct 08:04    INFO  Yelp
The number of users: 31669
Average actions of users: 49.305481874447395
The number of items: 38049
Average actions of items: 41.037794365012616
The number of inters: 1561406
The sparsity of the dataset: 99.87041991912021%
Remain Fields: ['user_id', 'item_id']
25 Oct 08:04    INFO  Build [GeneralDataLoader] for [train] with format [InputType.POINTWISE]
25 Oct 08:04    INFO  [train] No Negative Sampling
25 Oct 08:04    INFO  [train] batch_size = [1024], shuffle = [True]

25 Oct 08:04    INFO  Build [GeneralFullDataLoader] for [evaluation] with format [InputType.POINTWISE]
25 Oct 08:04    INFO  Evaluation Setting:
	Group by user_id
	Ordering: {'strategy': 'shuffle'}
	Splitting: {'strategy': 'by_ratio', 'ratios': [0.8, 0.1, 0.1]}
	Negative Sampling: {'strategy': 'full', 'distribution': 'uniform'}
25 Oct 08:04    INFO  [evaluation] batch_size = [4096], shuffle = [False]

25 Oct 08:04    WARNING  Batch size is changed to 38049.
25 Oct 08:05    WARNING  Batch size is changed to 38049.
{'BT': 0.1, 'bt': 0.001, 'embedding_size': 64, 'encoder': 'MF', 'gamma': None, 'times': 1, 'training_neg_sample_num': 0, 'witem': 0.1, 'wuser': 0.8, 'zc': 1.0}
this is encoder MF...
这是directau 的 WUBT 版本...
25 Oct 08:05    INFO  DirectAU(
  (encoder): MFEncoder(
    (user_embedding): Embedding(31669, 64)
    (item_embedding): Embedding(38049, 64)
  )
  (bn): BatchNorm1d(64, eps=1e-05, momentum=0.1, affine=False, track_running_stats=True)
  (projector): Sequential(
    (0): Linear(in_features=64, out_features=64, bias=False)
    (1): BatchNorm1d(64, eps=1e-05, momentum=0.1, affine=True, track_running_stats=True)
    (2): ReLU(inplace=True)
    (3): Linear(in_features=64, out_features=64, bias=False)
    (4): BatchNorm1d(64, eps=1e-05, momentum=0.1, affine=True, track_running_stats=True)
    (5): ReLU(inplace=True)
    (6): Linear(in_features=64, out_features=64, bias=False)
  )
)
Trainable parameters: 4474496
25 Oct 08:05    INFO  epoch 0 training [time: 23.58s, train loss: -0.2138]
25 Oct 08:05    INFO  epoch 0 evaluating [time: 15.67s, valid_score: 0.024100]
25 Oct 08:05    INFO  valid result: 
recall@10 : 0.0225    recall@20 : 0.0397    recall@50 : 0.0796    ndcg@10 : 0.0181    ndcg@20 : 0.0241    ndcg@50 : 0.036    
25 Oct 08:05    INFO  Saving current best: saved/DirectAU-Oct-25-2023_08-05-04.pth
25 Oct 08:06    INFO  epoch 1 training [time: 23.68s, train loss: -0.6208]
25 Oct 08:06    INFO  epoch 1 evaluating [time: 15.43s, valid_score: 0.033900]
25 Oct 08:06    INFO  valid result: 
recall@10 : 0.0331    recall@20 : 0.0557    recall@50 : 0.1081    ndcg@10 : 0.0261    ndcg@20 : 0.0339    ndcg@50 : 0.0493    
25 Oct 08:06    INFO  Saving current best: saved/DirectAU-Oct-25-2023_08-05-04.pth
25 Oct 08:06    INFO  epoch 2 training [time: 23.74s, train loss: -0.7010]
25 Oct 08:07    INFO  epoch 2 evaluating [time: 15.44s, valid_score: 0.037900]
25 Oct 08:07    INFO  valid result: 
recall@10 : 0.0371    recall@20 : 0.063    recall@50 : 0.1195    ndcg@10 : 0.0291    ndcg@20 : 0.0379    ndcg@50 : 0.0545    
25 Oct 08:07    INFO  Saving current best: saved/DirectAU-Oct-25-2023_08-05-04.pth
25 Oct 08:07    INFO  epoch 3 training [time: 23.83s, train loss: -0.7410]
25 Oct 08:07    INFO  epoch 3 evaluating [time: 17.93s, valid_score: 0.041100]
25 Oct 08:07    INFO  valid result: 
recall@10 : 0.0408    recall@20 : 0.0683    recall@50 : 0.1276    ndcg@10 : 0.0317    ndcg@20 : 0.0411    ndcg@50 : 0.0585    
25 Oct 08:07    INFO  Saving current best: saved/DirectAU-Oct-25-2023_08-05-04.pth
25 Oct 08:08    INFO  epoch 4 training [time: 23.81s, train loss: -0.7676]
25 Oct 08:08    INFO  epoch 4 evaluating [time: 15.04s, valid_score: 0.043200]
25 Oct 08:08    INFO  valid result: 
recall@10 : 0.043    recall@20 : 0.0718    recall@50 : 0.1324    ndcg@10 : 0.0334    ndcg@20 : 0.0432    ndcg@50 : 0.061    
25 Oct 08:08    INFO  Saving current best: saved/DirectAU-Oct-25-2023_08-05-04.pth
25 Oct 08:08    INFO  epoch 5 training [time: 23.81s, train loss: -0.7876]
25 Oct 08:09    INFO  epoch 5 evaluating [time: 15.69s, valid_score: 0.045200]
25 Oct 08:09    INFO  valid result: 
recall@10 : 0.0452    recall@20 : 0.0746    recall@50 : 0.1374    ndcg@10 : 0.0352    ndcg@20 : 0.0452    ndcg@50 : 0.0635    
25 Oct 08:09    INFO  Saving current best: saved/DirectAU-Oct-25-2023_08-05-04.pth
25 Oct 08:09    INFO  epoch 6 training [time: 23.76s, train loss: -0.8037]
25 Oct 08:09    INFO  epoch 6 evaluating [time: 15.24s, valid_score: 0.047300]
25 Oct 08:09    INFO  valid result: 
recall@10 : 0.0472    recall@20 : 0.0779    recall@50 : 0.1416    ndcg@10 : 0.0368    ndcg@20 : 0.0473    ndcg@50 : 0.0659    
25 Oct 08:09    INFO  Saving current best: saved/DirectAU-Oct-25-2023_08-05-04.pth
25 Oct 08:10    INFO  epoch 7 training [time: 23.72s, train loss: -0.8176]
25 Oct 08:10    INFO  epoch 7 evaluating [time: 15.55s, valid_score: 0.048800]
25 Oct 08:10    INFO  valid result: 
recall@10 : 0.0491    recall@20 : 0.0802    recall@50 : 0.1457    ndcg@10 : 0.0382    ndcg@20 : 0.0488    ndcg@50 : 0.0679    
25 Oct 08:10    INFO  Saving current best: saved/DirectAU-Oct-25-2023_08-05-04.pth
25 Oct 08:10    INFO  epoch 8 training [time: 23.83s, train loss: -0.8293]
25 Oct 08:11    INFO  epoch 8 evaluating [time: 17.20s, valid_score: 0.050300]
25 Oct 08:11    INFO  valid result: 
recall@10 : 0.0504    recall@20 : 0.0825    recall@50 : 0.1492    ndcg@10 : 0.0394    ndcg@20 : 0.0503    ndcg@50 : 0.0697    
25 Oct 08:11    INFO  Saving current best: saved/DirectAU-Oct-25-2023_08-05-04.pth
25 Oct 08:11    INFO  epoch 9 training [time: 23.82s, train loss: -0.8393]
25 Oct 08:11    INFO  epoch 9 evaluating [time: 15.42s, valid_score: 0.051600]
25 Oct 08:11    INFO  valid result: 
recall@10 : 0.0518    recall@20 : 0.0842    recall@50 : 0.1536    ndcg@10 : 0.0406    ndcg@20 : 0.0516    ndcg@50 : 0.0718    
25 Oct 08:11    INFO  Saving current best: saved/DirectAU-Oct-25-2023_08-05-04.pth
25 Oct 08:12    INFO  epoch 10 training [time: 23.73s, train loss: -0.8481]
25 Oct 08:12    INFO  epoch 10 evaluating [time: 15.26s, valid_score: 0.053000]
25 Oct 08:12    INFO  valid result: 
recall@10 : 0.0528    recall@20 : 0.0865    recall@50 : 0.1572    ndcg@10 : 0.0416    ndcg@20 : 0.053    ndcg@50 : 0.0736    
25 Oct 08:12    INFO  Saving current best: saved/DirectAU-Oct-25-2023_08-05-04.pth
25 Oct 08:12    INFO  epoch 11 training [time: 23.78s, train loss: -0.8554]
25 Oct 08:13    INFO  epoch 11 evaluating [time: 15.44s, valid_score: 0.054000]
25 Oct 08:13    INFO  valid result: 
recall@10 : 0.0537    recall@20 : 0.0885    recall@50 : 0.16    ndcg@10 : 0.0422    ndcg@20 : 0.054    ndcg@50 : 0.0748    
25 Oct 08:13    INFO  Saving current best: saved/DirectAU-Oct-25-2023_08-05-04.pth
25 Oct 08:13    INFO  epoch 12 training [time: 23.77s, train loss: -0.8619]
25 Oct 08:13    INFO  epoch 12 evaluating [time: 15.09s, valid_score: 0.055600]
25 Oct 08:13    INFO  valid result: 
recall@10 : 0.0555    recall@20 : 0.0908    recall@50 : 0.1634    ndcg@10 : 0.0437    ndcg@20 : 0.0556    ndcg@50 : 0.0768    
25 Oct 08:13    INFO  Saving current best: saved/DirectAU-Oct-25-2023_08-05-04.pth
25 Oct 08:14    INFO  epoch 13 training [time: 23.78s, train loss: -0.8676]
25 Oct 08:14    INFO  epoch 13 evaluating [time: 15.51s, valid_score: 0.056200]
25 Oct 08:14    INFO  valid result: 
recall@10 : 0.0559    recall@20 : 0.0919    recall@50 : 0.1647    ndcg@10 : 0.044    ndcg@20 : 0.0562    ndcg@50 : 0.0774    
25 Oct 08:14    INFO  Saving current best: saved/DirectAU-Oct-25-2023_08-05-04.pth
25 Oct 08:14    INFO  epoch 14 training [time: 23.86s, train loss: -0.8723]
25 Oct 08:14    INFO  epoch 14 evaluating [time: 15.30s, valid_score: 0.057900]
25 Oct 08:14    INFO  valid result: 
recall@10 : 0.0576    recall@20 : 0.0942    recall@50 : 0.1681    ndcg@10 : 0.0455    ndcg@20 : 0.0579    ndcg@50 : 0.0794    
25 Oct 08:14    INFO  Saving current best: saved/DirectAU-Oct-25-2023_08-05-04.pth
25 Oct 08:15    INFO  epoch 15 training [time: 23.71s, train loss: -0.8766]
25 Oct 08:15    INFO  epoch 15 evaluating [time: 15.53s, valid_score: 0.058300]
25 Oct 08:15    INFO  valid result: 
recall@10 : 0.0587    recall@20 : 0.0945    recall@50 : 0.1696    ndcg@10 : 0.0461    ndcg@20 : 0.0583    ndcg@50 : 0.0801    
25 Oct 08:15    INFO  Saving current best: saved/DirectAU-Oct-25-2023_08-05-04.pth
25 Oct 08:16    INFO  epoch 16 training [time: 23.73s, train loss: -0.8802]
25 Oct 08:16    INFO  epoch 16 evaluating [time: 15.39s, valid_score: 0.059100]
25 Oct 08:16    INFO  valid result: 
recall@10 : 0.0587    recall@20 : 0.0959    recall@50 : 0.1707    ndcg@10 : 0.0466    ndcg@20 : 0.0591    ndcg@50 : 0.0809    
25 Oct 08:16    INFO  Saving current best: saved/DirectAU-Oct-25-2023_08-05-04.pth
25 Oct 08:16    INFO  epoch 17 training [time: 23.73s, train loss: -0.8836]
25 Oct 08:16    INFO  epoch 17 evaluating [time: 16.92s, valid_score: 0.059200]
25 Oct 08:16    INFO  valid result: 
recall@10 : 0.0587    recall@20 : 0.0963    recall@50 : 0.1733    ndcg@10 : 0.0464    ndcg@20 : 0.0592    ndcg@50 : 0.0815    
25 Oct 08:16    INFO  Saving current best: saved/DirectAU-Oct-25-2023_08-05-04.pth
25 Oct 08:17    INFO  epoch 18 training [time: 23.75s, train loss: -0.8864]
25 Oct 08:17    INFO  epoch 18 evaluating [time: 15.38s, valid_score: 0.059800]
25 Oct 08:17    INFO  valid result: 
recall@10 : 0.0595    recall@20 : 0.0966    recall@50 : 0.1735    ndcg@10 : 0.0472    ndcg@20 : 0.0598    ndcg@50 : 0.0821    
25 Oct 08:17    INFO  Saving current best: saved/DirectAU-Oct-25-2023_08-05-04.pth
25 Oct 08:18    INFO  epoch 19 training [time: 23.86s, train loss: -0.8888]
25 Oct 08:18    INFO  epoch 19 evaluating [time: 15.22s, valid_score: 0.060500]
25 Oct 08:18    INFO  valid result: 
recall@10 : 0.06    recall@20 : 0.0976    recall@50 : 0.1749    ndcg@10 : 0.0478    ndcg@20 : 0.0605    ndcg@50 : 0.083    
25 Oct 08:18    INFO  Saving current best: saved/DirectAU-Oct-25-2023_08-05-04.pth
25 Oct 08:18    INFO  epoch 20 training [time: 23.86s, train loss: -0.8910]
25 Oct 08:18    INFO  epoch 20 evaluating [time: 17.77s, valid_score: 0.060700]
25 Oct 08:18    INFO  valid result: 
recall@10 : 0.0608    recall@20 : 0.0977    recall@50 : 0.1755    ndcg@10 : 0.0483    ndcg@20 : 0.0607    ndcg@50 : 0.0833    
25 Oct 08:18    INFO  Saving current best: saved/DirectAU-Oct-25-2023_08-05-04.pth
25 Oct 08:19    INFO  epoch 21 training [time: 23.65s, train loss: -0.8928]
25 Oct 08:19    INFO  epoch 21 evaluating [time: 15.11s, valid_score: 0.061300]
25 Oct 08:19    INFO  valid result: 
recall@10 : 0.0608    recall@20 : 0.0992    recall@50 : 0.1778    ndcg@10 : 0.0483    ndcg@20 : 0.0613    ndcg@50 : 0.084    
25 Oct 08:19    INFO  Saving current best: saved/DirectAU-Oct-25-2023_08-05-04.pth
25 Oct 08:20    INFO  epoch 22 training [time: 23.70s, train loss: -0.8943]
25 Oct 08:20    INFO  epoch 22 evaluating [time: 15.45s, valid_score: 0.061400]
25 Oct 08:20    INFO  valid result: 
recall@10 : 0.0618    recall@20 : 0.099    recall@50 : 0.1778    ndcg@10 : 0.0488    ndcg@20 : 0.0614    ndcg@50 : 0.0843    
25 Oct 08:20    INFO  Saving current best: saved/DirectAU-Oct-25-2023_08-05-04.pth
25 Oct 08:20    INFO  epoch 23 training [time: 23.78s, train loss: -0.8958]
25 Oct 08:20    INFO  epoch 23 evaluating [time: 15.27s, valid_score: 0.062200]
25 Oct 08:20    INFO  valid result: 
recall@10 : 0.062    recall@20 : 0.1005    recall@50 : 0.1782    ndcg@10 : 0.0492    ndcg@20 : 0.0622    ndcg@50 : 0.0847    
25 Oct 08:20    INFO  Saving current best: saved/DirectAU-Oct-25-2023_08-05-04.pth
25 Oct 08:21    INFO  epoch 24 training [time: 23.74s, train loss: -0.8971]
25 Oct 08:21    INFO  epoch 24 evaluating [time: 15.32s, valid_score: 0.062200]
25 Oct 08:21    INFO  valid result: 
recall@10 : 0.0621    recall@20 : 0.1002    recall@50 : 0.179    ndcg@10 : 0.0493    ndcg@20 : 0.0622    ndcg@50 : 0.0851    
25 Oct 08:21    INFO  epoch 25 training [time: 23.70s, train loss: -0.8981]
25 Oct 08:22    INFO  epoch 25 evaluating [time: 15.12s, valid_score: 0.062300]
25 Oct 08:22    INFO  valid result: 
recall@10 : 0.0621    recall@20 : 0.1004    recall@50 : 0.1805    ndcg@10 : 0.0494    ndcg@20 : 0.0623    ndcg@50 : 0.0855    
25 Oct 08:22    INFO  Saving current best: saved/DirectAU-Oct-25-2023_08-05-04.pth
25 Oct 08:22    INFO  epoch 26 training [time: 23.64s, train loss: -0.8991]
25 Oct 08:22    INFO  epoch 26 evaluating [time: 15.62s, valid_score: 0.062700]
25 Oct 08:22    INFO  valid result: 
recall@10 : 0.0625    recall@20 : 0.101    recall@50 : 0.1801    ndcg@10 : 0.0497    ndcg@20 : 0.0627    ndcg@50 : 0.0856    
25 Oct 08:22    INFO  Saving current best: saved/DirectAU-Oct-25-2023_08-05-04.pth
25 Oct 08:23    INFO  epoch 27 training [time: 23.73s, train loss: -0.9000]
25 Oct 08:23    INFO  epoch 27 evaluating [time: 15.34s, valid_score: 0.062600]
25 Oct 08:23    INFO  valid result: 
recall@10 : 0.0622    recall@20 : 0.1008    recall@50 : 0.1799    ndcg@10 : 0.0495    ndcg@20 : 0.0626    ndcg@50 : 0.0856    
25 Oct 08:23    INFO  epoch 28 training [time: 23.76s, train loss: -0.9007]
25 Oct 08:24    INFO  epoch 28 evaluating [time: 15.41s, valid_score: 0.063100]
25 Oct 08:24    INFO  valid result: 
recall@10 : 0.0629    recall@20 : 0.1013    recall@50 : 0.1805    ndcg@10 : 0.0501    ndcg@20 : 0.0631    ndcg@50 : 0.086    
25 Oct 08:24    INFO  Saving current best: saved/DirectAU-Oct-25-2023_08-05-04.pth
25 Oct 08:24    INFO  epoch 29 training [time: 23.88s, train loss: -0.9015]
25 Oct 08:24    INFO  epoch 29 evaluating [time: 15.56s, valid_score: 0.063100]
25 Oct 08:24    INFO  valid result: 
recall@10 : 0.0629    recall@20 : 0.1014    recall@50 : 0.1806    ndcg@10 : 0.0501    ndcg@20 : 0.0631    ndcg@50 : 0.0861    
25 Oct 08:25    INFO  epoch 30 training [time: 23.75s, train loss: -0.9020]
25 Oct 08:25    INFO  epoch 30 evaluating [time: 15.26s, valid_score: 0.063600]
25 Oct 08:25    INFO  valid result: 
recall@10 : 0.0631    recall@20 : 0.1018    recall@50 : 0.1818    ndcg@10 : 0.0504    ndcg@20 : 0.0636    ndcg@50 : 0.0867    
25 Oct 08:25    INFO  Saving current best: saved/DirectAU-Oct-25-2023_08-05-04.pth
25 Oct 08:25    INFO  epoch 31 training [time: 23.82s, train loss: -0.9026]
25 Oct 08:26    INFO  epoch 31 evaluating [time: 15.44s, valid_score: 0.063500]
25 Oct 08:26    INFO  valid result: 
recall@10 : 0.064    recall@20 : 0.1021    recall@50 : 0.1827    ndcg@10 : 0.0507    ndcg@20 : 0.0635    ndcg@50 : 0.0868    
25 Oct 08:26    INFO  epoch 32 training [time: 23.70s, train loss: -0.9031]
25 Oct 08:26    INFO  epoch 32 evaluating [time: 15.31s, valid_score: 0.063500]
25 Oct 08:26    INFO  valid result: 
recall@10 : 0.0633    recall@20 : 0.1021    recall@50 : 0.1823    ndcg@10 : 0.0504    ndcg@20 : 0.0635    ndcg@50 : 0.0868    
25 Oct 08:27    INFO  epoch 33 training [time: 23.78s, train loss: -0.9036]
25 Oct 08:27    INFO  epoch 33 evaluating [time: 15.55s, valid_score: 0.063500]
25 Oct 08:27    INFO  valid result: 
recall@10 : 0.0632    recall@20 : 0.1017    recall@50 : 0.1829    ndcg@10 : 0.0504    ndcg@20 : 0.0635    ndcg@50 : 0.087    
25 Oct 08:27    INFO  epoch 34 training [time: 23.79s, train loss: -0.9041]
25 Oct 08:28    INFO  epoch 34 evaluating [time: 15.36s, valid_score: 0.063900]
25 Oct 08:28    INFO  valid result: 
recall@10 : 0.064    recall@20 : 0.1023    recall@50 : 0.183    ndcg@10 : 0.051    ndcg@20 : 0.0639    ndcg@50 : 0.0873    
25 Oct 08:28    INFO  Saving current best: saved/DirectAU-Oct-25-2023_08-05-04.pth
25 Oct 08:28    INFO  epoch 35 training [time: 23.78s, train loss: -0.9044]
25 Oct 08:28    INFO  epoch 35 evaluating [time: 15.63s, valid_score: 0.063800]
25 Oct 08:28    INFO  valid result: 
recall@10 : 0.064    recall@20 : 0.1024    recall@50 : 0.1826    ndcg@10 : 0.0508    ndcg@20 : 0.0638    ndcg@50 : 0.0871    
25 Oct 08:29    INFO  epoch 36 training [time: 23.76s, train loss: -0.9049]
25 Oct 08:29    INFO  epoch 36 evaluating [time: 15.23s, valid_score: 0.063900]
25 Oct 08:29    INFO  valid result: 
recall@10 : 0.0636    recall@20 : 0.1023    recall@50 : 0.1837    ndcg@10 : 0.0508    ndcg@20 : 0.0639    ndcg@50 : 0.0875    
25 Oct 08:29    INFO  epoch 37 training [time: 23.67s, train loss: -0.9052]
25 Oct 08:30    INFO  epoch 37 evaluating [time: 15.83s, valid_score: 0.064000]
25 Oct 08:30    INFO  valid result: 
recall@10 : 0.0638    recall@20 : 0.1029    recall@50 : 0.1841    ndcg@10 : 0.0508    ndcg@20 : 0.064    ndcg@50 : 0.0875    
25 Oct 08:30    INFO  Saving current best: saved/DirectAU-Oct-25-2023_08-05-04.pth
25 Oct 08:30    INFO  epoch 38 training [time: 23.79s, train loss: -0.9055]
25 Oct 08:30    INFO  epoch 38 evaluating [time: 15.90s, valid_score: 0.064200]
25 Oct 08:30    INFO  valid result: 
recall@10 : 0.0636    recall@20 : 0.1026    recall@50 : 0.1835    ndcg@10 : 0.051    ndcg@20 : 0.0642    ndcg@50 : 0.0877    
25 Oct 08:30    INFO  Saving current best: saved/DirectAU-Oct-25-2023_08-05-04.pth
25 Oct 08:31    INFO  epoch 39 training [time: 23.67s, train loss: -0.9057]
25 Oct 08:31    INFO  epoch 39 evaluating [time: 15.73s, valid_score: 0.064200]
25 Oct 08:31    INFO  valid result: 
recall@10 : 0.0637    recall@20 : 0.1028    recall@50 : 0.1838    ndcg@10 : 0.051    ndcg@20 : 0.0642    ndcg@50 : 0.0877    
25 Oct 08:31    INFO  epoch 40 training [time: 23.71s, train loss: -0.9058]
25 Oct 08:32    INFO  epoch 40 evaluating [time: 15.39s, valid_score: 0.064300]
25 Oct 08:32    INFO  valid result: 
recall@10 : 0.0638    recall@20 : 0.1032    recall@50 : 0.1836    ndcg@10 : 0.051    ndcg@20 : 0.0643    ndcg@50 : 0.0876    
25 Oct 08:32    INFO  Saving current best: saved/DirectAU-Oct-25-2023_08-05-04.pth
25 Oct 08:32    INFO  epoch 41 training [time: 23.77s, train loss: -0.9059]
25 Oct 08:32    INFO  epoch 41 evaluating [time: 17.13s, valid_score: 0.064600]
25 Oct 08:32    INFO  valid result: 
recall@10 : 0.0642    recall@20 : 0.1035    recall@50 : 0.1832    ndcg@10 : 0.0514    ndcg@20 : 0.0646    ndcg@50 : 0.0877    
25 Oct 08:32    INFO  Saving current best: saved/DirectAU-Oct-25-2023_08-05-04.pth
25 Oct 08:33    INFO  epoch 42 training [time: 23.77s, train loss: -0.9060]
25 Oct 08:33    INFO  epoch 42 evaluating [time: 15.40s, valid_score: 0.064400]
25 Oct 08:33    INFO  valid result: 
recall@10 : 0.0639    recall@20 : 0.1031    recall@50 : 0.1838    ndcg@10 : 0.0512    ndcg@20 : 0.0644    ndcg@50 : 0.0878    
25 Oct 08:33    INFO  epoch 43 training [time: 23.84s, train loss: -0.9061]
25 Oct 08:34    INFO  epoch 43 evaluating [time: 15.31s, valid_score: 0.064500]
25 Oct 08:34    INFO  valid result: 
recall@10 : 0.0643    recall@20 : 0.1033    recall@50 : 0.1844    ndcg@10 : 0.0513    ndcg@20 : 0.0645    ndcg@50 : 0.0879    
25 Oct 08:34    INFO  epoch 44 training [time: 23.81s, train loss: -0.9063]
25 Oct 08:34    INFO  epoch 44 evaluating [time: 15.70s, valid_score: 0.064500]
25 Oct 08:34    INFO  valid result: 
recall@10 : 0.0645    recall@20 : 0.1032    recall@50 : 0.1842    ndcg@10 : 0.0514    ndcg@20 : 0.0645    ndcg@50 : 0.0879    
25 Oct 08:35    INFO  epoch 45 training [time: 23.71s, train loss: -0.9064]
25 Oct 08:35    INFO  epoch 45 evaluating [time: 15.94s, valid_score: 0.064500]
25 Oct 08:35    INFO  valid result: 
recall@10 : 0.0642    recall@20 : 0.1037    recall@50 : 0.1845    ndcg@10 : 0.0512    ndcg@20 : 0.0645    ndcg@50 : 0.088    
25 Oct 08:35    INFO  epoch 46 training [time: 23.82s, train loss: -0.9064]
25 Oct 08:36    INFO  epoch 46 evaluating [time: 16.34s, valid_score: 0.064900]
25 Oct 08:36    INFO  valid result: 
recall@10 : 0.0646    recall@20 : 0.1037    recall@50 : 0.1841    ndcg@10 : 0.0517    ndcg@20 : 0.0649    ndcg@50 : 0.0882    
25 Oct 08:36    INFO  Saving current best: saved/DirectAU-Oct-25-2023_08-05-04.pth
25 Oct 08:36    INFO  epoch 47 training [time: 23.55s, train loss: -0.9065]
25 Oct 08:36    INFO  epoch 47 evaluating [time: 15.52s, valid_score: 0.064800]
25 Oct 08:36    INFO  valid result: 
recall@10 : 0.0646    recall@20 : 0.1037    recall@50 : 0.1839    ndcg@10 : 0.0516    ndcg@20 : 0.0648    ndcg@50 : 0.0881    
25 Oct 08:37    INFO  epoch 48 training [time: 23.87s, train loss: -0.9066]
25 Oct 08:37    INFO  epoch 48 evaluating [time: 16.22s, valid_score: 0.064700]
25 Oct 08:37    INFO  valid result: 
recall@10 : 0.0646    recall@20 : 0.1037    recall@50 : 0.1851    ndcg@10 : 0.0515    ndcg@20 : 0.0647    ndcg@50 : 0.0882    
25 Oct 08:37    INFO  epoch 49 training [time: 23.68s, train loss: -0.9067]
25 Oct 08:38    INFO  epoch 49 evaluating [time: 15.27s, valid_score: 0.064800]
25 Oct 08:38    INFO  valid result: 
recall@10 : 0.0644    recall@20 : 0.1039    recall@50 : 0.1845    ndcg@10 : 0.0514    ndcg@20 : 0.0648    ndcg@50 : 0.0881    
25 Oct 08:38    INFO  epoch 50 training [time: 23.69s, train loss: -0.9067]
25 Oct 08:38    INFO  epoch 50 evaluating [time: 16.22s, valid_score: 0.064800]
25 Oct 08:38    INFO  valid result: 
recall@10 : 0.0642    recall@20 : 0.1034    recall@50 : 0.1846    ndcg@10 : 0.0516    ndcg@20 : 0.0648    ndcg@50 : 0.0883    
25 Oct 08:39    INFO  epoch 51 training [time: 23.69s, train loss: -0.9067]
25 Oct 08:39    INFO  epoch 51 evaluating [time: 15.39s, valid_score: 0.065000]
25 Oct 08:39    INFO  valid result: 
recall@10 : 0.0645    recall@20 : 0.1041    recall@50 : 0.1847    ndcg@10 : 0.0517    ndcg@20 : 0.065    ndcg@50 : 0.0884    
25 Oct 08:39    INFO  Saving current best: saved/DirectAU-Oct-25-2023_08-05-04.pth
25 Oct 08:39    INFO  epoch 52 training [time: 23.52s, train loss: -0.9067]
25 Oct 08:39    INFO  epoch 52 evaluating [time: 15.49s, valid_score: 0.064900]
25 Oct 08:39    INFO  valid result: 
recall@10 : 0.0644    recall@20 : 0.1034    recall@50 : 0.1848    ndcg@10 : 0.0517    ndcg@20 : 0.0649    ndcg@50 : 0.0884    
25 Oct 08:40    INFO  epoch 53 training [time: 23.59s, train loss: -0.9069]
25 Oct 08:40    INFO  epoch 53 evaluating [time: 15.13s, valid_score: 0.064600]
25 Oct 08:40    INFO  valid result: 
recall@10 : 0.0647    recall@20 : 0.1037    recall@50 : 0.1845    ndcg@10 : 0.0515    ndcg@20 : 0.0646    ndcg@50 : 0.088    
25 Oct 08:41    INFO  epoch 54 training [time: 23.57s, train loss: -0.9069]
25 Oct 08:41    INFO  epoch 54 evaluating [time: 16.50s, valid_score: 0.064900]
25 Oct 08:41    INFO  valid result: 
recall@10 : 0.0645    recall@20 : 0.1038    recall@50 : 0.185    ndcg@10 : 0.0517    ndcg@20 : 0.0649    ndcg@50 : 0.0884    
25 Oct 08:41    INFO  epoch 55 training [time: 23.83s, train loss: -0.9068]
25 Oct 08:41    INFO  epoch 55 evaluating [time: 16.04s, valid_score: 0.064800]
25 Oct 08:41    INFO  valid result: 
recall@10 : 0.0648    recall@20 : 0.1036    recall@50 : 0.1847    ndcg@10 : 0.0518    ndcg@20 : 0.0648    ndcg@50 : 0.0884    
25 Oct 08:42    INFO  epoch 56 training [time: 23.94s, train loss: -0.9069]
25 Oct 08:42    INFO  epoch 56 evaluating [time: 15.35s, valid_score: 0.064800]
25 Oct 08:42    INFO  valid result: 
recall@10 : 0.0648    recall@20 : 0.1034    recall@50 : 0.1855    ndcg@10 : 0.0517    ndcg@20 : 0.0648    ndcg@50 : 0.0885    
25 Oct 08:43    INFO  epoch 57 training [time: 23.66s, train loss: -0.9070]
25 Oct 08:43    INFO  epoch 57 evaluating [time: 15.17s, valid_score: 0.064900]
25 Oct 08:43    INFO  valid result: 
recall@10 : 0.0641    recall@20 : 0.1033    recall@50 : 0.1853    ndcg@10 : 0.0517    ndcg@20 : 0.0649    ndcg@50 : 0.0887    
25 Oct 08:43    INFO  epoch 58 training [time: 23.81s, train loss: -0.9070]
25 Oct 08:43    INFO  epoch 58 evaluating [time: 15.17s, valid_score: 0.065000]
25 Oct 08:43    INFO  valid result: 
recall@10 : 0.0648    recall@20 : 0.1039    recall@50 : 0.1853    ndcg@10 : 0.0519    ndcg@20 : 0.065    ndcg@50 : 0.0886    
25 Oct 08:44    INFO  epoch 59 training [time: 23.77s, train loss: -0.9071]
25 Oct 08:44    INFO  epoch 59 evaluating [time: 17.52s, valid_score: 0.064800]
25 Oct 08:44    INFO  valid result: 
recall@10 : 0.0652    recall@20 : 0.1034    recall@50 : 0.1849    ndcg@10 : 0.0519    ndcg@20 : 0.0648    ndcg@50 : 0.0884    
25 Oct 08:44    INFO  epoch 60 training [time: 23.53s, train loss: -0.9070]
25 Oct 08:45    INFO  epoch 60 evaluating [time: 16.27s, valid_score: 0.065100]
25 Oct 08:45    INFO  valid result: 
recall@10 : 0.065    recall@20 : 0.1035    recall@50 : 0.1855    ndcg@10 : 0.0521    ndcg@20 : 0.0651    ndcg@50 : 0.0888    
25 Oct 08:45    INFO  Saving current best: saved/DirectAU-Oct-25-2023_08-05-04.pth
25 Oct 08:45    INFO  epoch 61 training [time: 23.87s, train loss: -0.9071]
25 Oct 08:45    INFO  epoch 61 evaluating [time: 16.05s, valid_score: 0.064900]
25 Oct 08:45    INFO  valid result: 
recall@10 : 0.0649    recall@20 : 0.1037    recall@50 : 0.1857    ndcg@10 : 0.0519    ndcg@20 : 0.0649    ndcg@50 : 0.0886    
25 Oct 08:46    INFO  epoch 62 training [time: 23.82s, train loss: -0.9072]
25 Oct 08:46    INFO  epoch 62 evaluating [time: 15.17s, valid_score: 0.064800]
25 Oct 08:46    INFO  valid result: 
recall@10 : 0.0648    recall@20 : 0.1031    recall@50 : 0.1853    ndcg@10 : 0.0519    ndcg@20 : 0.0648    ndcg@50 : 0.0887    
25 Oct 08:46    INFO  epoch 63 training [time: 23.80s, train loss: -0.9070]
25 Oct 08:47    INFO  epoch 63 evaluating [time: 16.95s, valid_score: 0.065300]
25 Oct 08:47    INFO  valid result: 
recall@10 : 0.0644    recall@20 : 0.1038    recall@50 : 0.1856    ndcg@10 : 0.0519    ndcg@20 : 0.0653    ndcg@50 : 0.0889    
25 Oct 08:47    INFO  Saving current best: saved/DirectAU-Oct-25-2023_08-05-04.pth
25 Oct 08:47    INFO  epoch 64 training [time: 23.79s, train loss: -0.9072]
25 Oct 08:47    INFO  epoch 64 evaluating [time: 16.33s, valid_score: 0.065200]
25 Oct 08:47    INFO  valid result: 
recall@10 : 0.0647    recall@20 : 0.1044    recall@50 : 0.1846    ndcg@10 : 0.0518    ndcg@20 : 0.0652    ndcg@50 : 0.0885    
25 Oct 08:48    INFO  epoch 65 training [time: 23.85s, train loss: -0.9072]
25 Oct 08:48    INFO  epoch 65 evaluating [time: 16.32s, valid_score: 0.065300]
25 Oct 08:48    INFO  valid result: 
recall@10 : 0.0647    recall@20 : 0.1039    recall@50 : 0.1855    ndcg@10 : 0.052    ndcg@20 : 0.0653    ndcg@50 : 0.0889    
25 Oct 08:48    INFO  epoch 66 training [time: 23.87s, train loss: -0.9073]
25 Oct 08:49    INFO  epoch 66 evaluating [time: 16.65s, valid_score: 0.064900]
25 Oct 08:49    INFO  valid result: 
recall@10 : 0.0647    recall@20 : 0.1036    recall@50 : 0.1854    ndcg@10 : 0.0518    ndcg@20 : 0.0649    ndcg@50 : 0.0886    
25 Oct 08:49    INFO  epoch 67 training [time: 23.93s, train loss: -0.9073]
25 Oct 08:49    INFO  epoch 67 evaluating [time: 17.13s, valid_score: 0.064900]
25 Oct 08:49    INFO  valid result: 
recall@10 : 0.0649    recall@20 : 0.1034    recall@50 : 0.1853    ndcg@10 : 0.0519    ndcg@20 : 0.0649    ndcg@50 : 0.0886    
25 Oct 08:50    INFO  epoch 68 training [time: 23.93s, train loss: -0.9072]
25 Oct 08:50    INFO  epoch 68 evaluating [time: 15.51s, valid_score: 0.064700]
25 Oct 08:50    INFO  valid result: 
recall@10 : 0.0645    recall@20 : 0.1036    recall@50 : 0.1849    ndcg@10 : 0.0515    ndcg@20 : 0.0647    ndcg@50 : 0.0883    
25 Oct 08:51    INFO  epoch 69 training [time: 23.86s, train loss: -0.9073]
25 Oct 08:51    INFO  epoch 69 evaluating [time: 17.05s, valid_score: 0.065100]
25 Oct 08:51    INFO  valid result: 
recall@10 : 0.0648    recall@20 : 0.1037    recall@50 : 0.1859    ndcg@10 : 0.052    ndcg@20 : 0.0651    ndcg@50 : 0.0889    
25 Oct 08:51    INFO  epoch 70 training [time: 23.99s, train loss: -0.9074]
25 Oct 08:51    INFO  epoch 70 evaluating [time: 16.05s, valid_score: 0.065400]
25 Oct 08:51    INFO  valid result: 
recall@10 : 0.0655    recall@20 : 0.1051    recall@50 : 0.1855    ndcg@10 : 0.0521    ndcg@20 : 0.0654    ndcg@50 : 0.0887    
25 Oct 08:51    INFO  Saving current best: saved/DirectAU-Oct-25-2023_08-05-04.pth
25 Oct 08:52    INFO  epoch 71 training [time: 24.00s, train loss: -0.9075]
25 Oct 08:52    INFO  epoch 71 evaluating [time: 15.56s, valid_score: 0.065400]
25 Oct 08:52    INFO  valid result: 
recall@10 : 0.0652    recall@20 : 0.1044    recall@50 : 0.1857    ndcg@10 : 0.0522    ndcg@20 : 0.0654    ndcg@50 : 0.089    
25 Oct 08:53    INFO  epoch 72 training [time: 23.95s, train loss: -0.9073]
25 Oct 08:53    INFO  epoch 72 evaluating [time: 15.99s, valid_score: 0.065300]
25 Oct 08:53    INFO  valid result: 
recall@10 : 0.0654    recall@20 : 0.1042    recall@50 : 0.1856    ndcg@10 : 0.0522    ndcg@20 : 0.0653    ndcg@50 : 0.0888    
25 Oct 08:53    INFO  epoch 73 training [time: 23.89s, train loss: -0.9075]
25 Oct 08:53    INFO  epoch 73 evaluating [time: 15.98s, valid_score: 0.065200]
25 Oct 08:53    INFO  valid result: 
recall@10 : 0.065    recall@20 : 0.1038    recall@50 : 0.1855    ndcg@10 : 0.0521    ndcg@20 : 0.0652    ndcg@50 : 0.0889    
25 Oct 08:54    INFO  epoch 74 training [time: 23.87s, train loss: -0.9075]
25 Oct 08:54    INFO  epoch 74 evaluating [time: 16.67s, valid_score: 0.065200]
25 Oct 08:54    INFO  valid result: 
recall@10 : 0.0651    recall@20 : 0.1037    recall@50 : 0.1858    ndcg@10 : 0.0522    ndcg@20 : 0.0652    ndcg@50 : 0.089    
25 Oct 08:55    INFO  epoch 75 training [time: 24.03s, train loss: -0.9075]
25 Oct 08:55    INFO  epoch 75 evaluating [time: 17.01s, valid_score: 0.065300]
25 Oct 08:55    INFO  valid result: 
recall@10 : 0.0653    recall@20 : 0.1045    recall@50 : 0.1852    ndcg@10 : 0.0521    ndcg@20 : 0.0653    ndcg@50 : 0.0887    
25 Oct 08:55    INFO  epoch 76 training [time: 23.97s, train loss: -0.9074]
25 Oct 08:55    INFO  epoch 76 evaluating [time: 16.57s, valid_score: 0.065300]
25 Oct 08:55    INFO  valid result: 
recall@10 : 0.0651    recall@20 : 0.1039    recall@50 : 0.1859    ndcg@10 : 0.0522    ndcg@20 : 0.0653    ndcg@50 : 0.089    
25 Oct 08:56    INFO  epoch 77 training [time: 24.01s, train loss: -0.9075]
25 Oct 08:56    INFO  epoch 77 evaluating [time: 16.77s, valid_score: 0.065100]
25 Oct 08:56    INFO  valid result: 
recall@10 : 0.0646    recall@20 : 0.1041    recall@50 : 0.1857    ndcg@10 : 0.0518    ndcg@20 : 0.0651    ndcg@50 : 0.0887    
25 Oct 08:57    INFO  epoch 78 training [time: 23.98s, train loss: -0.9075]
25 Oct 08:57    INFO  epoch 78 evaluating [time: 15.33s, valid_score: 0.065200]
25 Oct 08:57    INFO  valid result: 
recall@10 : 0.0648    recall@20 : 0.1041    recall@50 : 0.1855    ndcg@10 : 0.0519    ndcg@20 : 0.0652    ndcg@50 : 0.0888    
25 Oct 08:57    INFO  epoch 79 training [time: 23.94s, train loss: -0.9075]
25 Oct 08:57    INFO  epoch 79 evaluating [time: 16.27s, valid_score: 0.065200]
25 Oct 08:57    INFO  valid result: 
recall@10 : 0.0648    recall@20 : 0.1041    recall@50 : 0.1859    ndcg@10 : 0.052    ndcg@20 : 0.0652    ndcg@50 : 0.0889    
25 Oct 08:58    INFO  epoch 80 training [time: 23.86s, train loss: -0.9075]
25 Oct 08:58    INFO  epoch 80 evaluating [time: 15.68s, valid_score: 0.065100]
25 Oct 08:58    INFO  valid result: 
recall@10 : 0.0649    recall@20 : 0.1038    recall@50 : 0.1858    ndcg@10 : 0.052    ndcg@20 : 0.0651    ndcg@50 : 0.0888    
25 Oct 08:59    INFO  epoch 81 training [time: 24.02s, train loss: -0.9075]
25 Oct 08:59    INFO  epoch 81 evaluating [time: 17.03s, valid_score: 0.065400]
25 Oct 08:59    INFO  valid result: 
recall@10 : 0.0644    recall@20 : 0.104    recall@50 : 0.1859    ndcg@10 : 0.052    ndcg@20 : 0.0654    ndcg@50 : 0.0891    
25 Oct 08:59    INFO  Finished training, best eval result in epoch 70
25 Oct 08:59    INFO  Loading model structure and parameters from saved/DirectAU-Oct-25-2023_08-05-04.pth
25 Oct 08:59    INFO  best valid : {'recall@10': 0.0655, 'recall@20': 0.1051, 'recall@50': 0.1855, 'ndcg@10': 0.0521, 'ndcg@20': 0.0654, 'ndcg@50': 0.0887}
25 Oct 08:59    INFO  test result: {'recall@10': 0.0661, 'recall@20': 0.1055, 'recall@50': 0.1857, 'ndcg@10': 0.0528, 'ndcg@20': 0.0659, 'ndcg@50': 0.089}
