command line args [--zc 1.0] will not be used in RecBole
25 Oct 11:52    INFO  
General Hyper Parameters:
gpu_id = 5
use_gpu = True
seed = 0
state = INFO
reproducibility = True
data_path = dataset/Gowalla
show_progress = False

Training Hyper Parameters:
checkpoint_dir = saved
epochs = 500
train_batch_size = 1024
learner = adam
learning_rate = 0.001
training_neg_sample_num = 0
training_neg_sample_distribution = uniform
eval_step = 1
stopping_step = 10
clip_grad_norm = None
weight_decay = 1e-06
draw_loss_pic = False
loss_decimal_place = 4

Evaluation Hyper Parameters:
eval_setting = RO_RS,full
group_by_user = True
split_ratio = [0.8, 0.1, 0.1]
leave_one_num = 2
real_time_process = False
metrics = ['Recall', 'NDCG']
topk = [10, 20, 50]
valid_metric = NDCG@20
eval_batch_size = 4096
metric_decimal_place = 4

Dataset Hyper Parameters:
field_separator = 	
seq_separator =  
USER_ID_FIELD = user_id
ITEM_ID_FIELD = item_id
RATING_FIELD = rating
TIME_FIELD = timestamp
seq_len = None
LABEL_FIELD = label
threshold = None
NEG_PREFIX = neg_
load_col = {'inter': ['user_id', 'item_id', 'timestamp']}
unload_col = None
unused_col = None
additional_feat_suffix = None
lowest_val = None
highest_val = None
equal_val = None
not_equal_val = None
max_user_inter_num = None
min_user_inter_num = 5
max_item_inter_num = None
min_item_inter_num = 5
fields_in_same_space = None
preload_weight = None
normalize_field = None
normalize_all = None
ITEM_LIST_LENGTH_FIELD = item_length
LIST_SUFFIX = _list
MAX_ITEM_LIST_LENGTH = 50
POSITION_FIELD = position_id
HEAD_ENTITY_ID_FIELD = head_id
TAIL_ENTITY_ID_FIELD = tail_id
RELATION_ID_FIELD = relation_id
ENTITY_ID_FIELD = entity_id

Other Hyper Parameters: 
valid_metric_bigger = True
BT = 0.1
bt = 0.001
embedding_size = 64
encoder = MF
gamma = 5
times = 1
witem = 0.1
wuser = 0.8
zc = 1.0
rm_dup_inter = None
filter_inter_by_user_or_item = True
SOURCE_ID_FIELD = source_id
TARGET_ID_FIELD = target_id
benchmark_filename = None
MODEL_TYPE = ModelType.GENERAL
MODEL_INPUT_TYPE = InputType.POINTWISE
eval_type = EvaluatorType.RANKING
device = cuda
train_neg_sample_args = {'strategy': 'none'}


25 Oct 11:52    INFO  Gowalla
The number of users: 29859
Average actions of users: 34.408533726304505
The number of items: 40982
Average actions of items: 25.06942241526561
The number of inters: 1027370
The sparsity of the dataset: 99.91604269835769%
Remain Fields: ['user_id', 'item_id']
25 Oct 11:52    INFO  Build [GeneralDataLoader] for [train] with format [InputType.POINTWISE]
25 Oct 11:52    INFO  [train] No Negative Sampling
25 Oct 11:52    INFO  [train] batch_size = [1024], shuffle = [True]

25 Oct 11:53    INFO  Build [GeneralFullDataLoader] for [evaluation] with format [InputType.POINTWISE]
25 Oct 11:53    INFO  Evaluation Setting:
	Group by user_id
	Ordering: {'strategy': 'shuffle'}
	Splitting: {'strategy': 'by_ratio', 'ratios': [0.8, 0.1, 0.1]}
	Negative Sampling: {'strategy': 'full', 'distribution': 'uniform'}
25 Oct 11:53    INFO  [evaluation] batch_size = [4096], shuffle = [False]

25 Oct 11:53    WARNING  Batch size is changed to 40982.
25 Oct 11:53    WARNING  Batch size is changed to 40982.
{'BT': 0.1, 'bt': 0.001, 'embedding_size': 64, 'encoder': 'MF', 'gamma': None, 'times': 1, 'training_neg_sample_num': 0, 'witem': 0.1, 'wuser': 0.8, 'zc': 1.0}
this is encoder MF...
这是directau 的 WUBT 版本...
25 Oct 11:53    INFO  DirectAU(
  (encoder): MFEncoder(
    (user_embedding): Embedding(29859, 64)
    (item_embedding): Embedding(40982, 64)
  )
  (bn): BatchNorm1d(64, eps=1e-05, momentum=0.1, affine=False, track_running_stats=True)
  (projector): Sequential(
    (0): Linear(in_features=64, out_features=64, bias=False)
    (1): BatchNorm1d(64, eps=1e-05, momentum=0.1, affine=True, track_running_stats=True)
    (2): ReLU(inplace=True)
    (3): Linear(in_features=64, out_features=64, bias=False)
    (4): BatchNorm1d(64, eps=1e-05, momentum=0.1, affine=True, track_running_stats=True)
    (5): ReLU(inplace=True)
    (6): Linear(in_features=64, out_features=64, bias=False)
  )
)
Trainable parameters: 4546368
25 Oct 11:53    INFO  epoch 0 training [time: 15.73s, train loss: -17.4003]
25 Oct 11:53    INFO  epoch 0 evaluating [time: 14.80s, valid_score: 0.020200]
25 Oct 11:53    INFO  valid result: 
recall@10 : 0.0219    recall@20 : 0.034    recall@50 : 0.0573    ndcg@10 : 0.0164    ndcg@20 : 0.0202    ndcg@50 : 0.0265    
25 Oct 11:53    INFO  Saving current best: saved/DirectAU-Oct-25-2023_11-53-06.pth
25 Oct 11:53    INFO  epoch 1 training [time: 15.69s, train loss: -17.7895]
25 Oct 11:54    INFO  epoch 1 evaluating [time: 14.48s, valid_score: 0.038000]
25 Oct 11:54    INFO  valid result: 
recall@10 : 0.0444    recall@20 : 0.0684    recall@50 : 0.1158    ndcg@10 : 0.0306    ndcg@20 : 0.038    ndcg@50 : 0.0502    
25 Oct 11:54    INFO  Saving current best: saved/DirectAU-Oct-25-2023_11-53-06.pth
25 Oct 11:54    INFO  epoch 2 training [time: 15.76s, train loss: -17.9239]
25 Oct 11:54    INFO  epoch 2 evaluating [time: 14.55s, valid_score: 0.046800]
25 Oct 11:54    INFO  valid result: 
recall@10 : 0.0549    recall@20 : 0.0839    recall@50 : 0.1417    ndcg@10 : 0.0381    ndcg@20 : 0.0468    ndcg@50 : 0.0614    
25 Oct 11:54    INFO  Saving current best: saved/DirectAU-Oct-25-2023_11-53-06.pth
25 Oct 11:54    INFO  epoch 3 training [time: 15.72s, train loss: -17.9894]
25 Oct 11:55    INFO  epoch 3 evaluating [time: 14.45s, valid_score: 0.051800]
25 Oct 11:55    INFO  valid result: 
recall@10 : 0.0612    recall@20 : 0.0943    recall@50 : 0.1583    ndcg@10 : 0.0418    ndcg@20 : 0.0518    ndcg@50 : 0.0677    
25 Oct 11:55    INFO  Saving current best: saved/DirectAU-Oct-25-2023_11-53-06.pth
25 Oct 11:55    INFO  epoch 4 training [time: 15.67s, train loss: -18.0301]
25 Oct 11:55    INFO  epoch 4 evaluating [time: 14.62s, valid_score: 0.055000]
25 Oct 11:55    INFO  valid result: 
recall@10 : 0.066    recall@20 : 0.1005    recall@50 : 0.1699    ndcg@10 : 0.0447    ndcg@20 : 0.055    ndcg@50 : 0.0723    
25 Oct 11:55    INFO  Saving current best: saved/DirectAU-Oct-25-2023_11-53-06.pth
25 Oct 11:55    INFO  epoch 5 training [time: 15.64s, train loss: -18.0596]
25 Oct 11:56    INFO  epoch 5 evaluating [time: 14.20s, valid_score: 0.058100]
25 Oct 11:56    INFO  valid result: 
recall@10 : 0.0704    recall@20 : 0.1065    recall@50 : 0.1784    ndcg@10 : 0.0474    ndcg@20 : 0.0581    ndcg@50 : 0.076    
25 Oct 11:56    INFO  Saving current best: saved/DirectAU-Oct-25-2023_11-53-06.pth
25 Oct 11:56    INFO  epoch 6 training [time: 15.74s, train loss: -18.0830]
25 Oct 11:56    INFO  epoch 6 evaluating [time: 14.65s, valid_score: 0.061200]
25 Oct 11:56    INFO  valid result: 
recall@10 : 0.0738    recall@20 : 0.1115    recall@50 : 0.187    ndcg@10 : 0.0499    ndcg@20 : 0.0612    ndcg@50 : 0.0798    
25 Oct 11:56    INFO  Saving current best: saved/DirectAU-Oct-25-2023_11-53-06.pth
25 Oct 11:56    INFO  epoch 7 training [time: 15.76s, train loss: -18.1018]
25 Oct 11:57    INFO  epoch 7 evaluating [time: 14.23s, valid_score: 0.063400]
25 Oct 11:57    INFO  valid result: 
recall@10 : 0.0762    recall@20 : 0.1155    recall@50 : 0.1956    ndcg@10 : 0.0518    ndcg@20 : 0.0634    ndcg@50 : 0.0831    
25 Oct 11:57    INFO  Saving current best: saved/DirectAU-Oct-25-2023_11-53-06.pth
25 Oct 11:57    INFO  epoch 8 training [time: 15.65s, train loss: -18.1178]
25 Oct 11:57    INFO  epoch 8 evaluating [time: 14.62s, valid_score: 0.066000]
25 Oct 11:57    INFO  valid result: 
recall@10 : 0.0788    recall@20 : 0.1217    recall@50 : 0.202    ndcg@10 : 0.0534    ndcg@20 : 0.066    ndcg@50 : 0.0858    
25 Oct 11:57    INFO  Saving current best: saved/DirectAU-Oct-25-2023_11-53-06.pth
25 Oct 11:57    INFO  epoch 9 training [time: 15.78s, train loss: -18.1327]
25 Oct 11:58    INFO  epoch 9 evaluating [time: 14.29s, valid_score: 0.068500]
25 Oct 11:58    INFO  valid result: 
recall@10 : 0.0826    recall@20 : 0.1255    recall@50 : 0.207    ndcg@10 : 0.0558    ndcg@20 : 0.0685    ndcg@50 : 0.0886    
25 Oct 11:58    INFO  Saving current best: saved/DirectAU-Oct-25-2023_11-53-06.pth
25 Oct 11:58    INFO  epoch 10 training [time: 15.78s, train loss: -18.1459]
25 Oct 11:58    INFO  epoch 10 evaluating [time: 14.73s, valid_score: 0.069600]
25 Oct 11:58    INFO  valid result: 
recall@10 : 0.0833    recall@20 : 0.1274    recall@50 : 0.2129    ndcg@10 : 0.0566    ndcg@20 : 0.0696    ndcg@50 : 0.0906    
25 Oct 11:58    INFO  Saving current best: saved/DirectAU-Oct-25-2023_11-53-06.pth
25 Oct 11:58    INFO  epoch 11 training [time: 15.78s, train loss: -18.1570]
25 Oct 11:59    INFO  epoch 11 evaluating [time: 14.62s, valid_score: 0.070800]
25 Oct 11:59    INFO  valid result: 
recall@10 : 0.0847    recall@20 : 0.1299    recall@50 : 0.2171    ndcg@10 : 0.0575    ndcg@20 : 0.0708    ndcg@50 : 0.0922    
25 Oct 11:59    INFO  Saving current best: saved/DirectAU-Oct-25-2023_11-53-06.pth
25 Oct 11:59    INFO  epoch 12 training [time: 15.82s, train loss: -18.1674]
25 Oct 11:59    INFO  epoch 12 evaluating [time: 14.36s, valid_score: 0.073100]
25 Oct 11:59    INFO  valid result: 
recall@10 : 0.0871    recall@20 : 0.133    recall@50 : 0.2215    ndcg@10 : 0.0596    ndcg@20 : 0.0731    ndcg@50 : 0.0948    
25 Oct 11:59    INFO  Saving current best: saved/DirectAU-Oct-25-2023_11-53-06.pth
25 Oct 11:59    INFO  epoch 13 training [time: 15.76s, train loss: -18.1769]
25 Oct 12:00    INFO  epoch 13 evaluating [time: 14.68s, valid_score: 0.074600]
25 Oct 12:00    INFO  valid result: 
recall@10 : 0.0897    recall@20 : 0.1361    recall@50 : 0.2261    ndcg@10 : 0.0609    ndcg@20 : 0.0746    ndcg@50 : 0.0966    
25 Oct 12:00    INFO  Saving current best: saved/DirectAU-Oct-25-2023_11-53-06.pth
25 Oct 12:00    INFO  epoch 14 training [time: 15.77s, train loss: -18.1853]
25 Oct 12:00    INFO  epoch 14 evaluating [time: 14.29s, valid_score: 0.076000]
25 Oct 12:00    INFO  valid result: 
recall@10 : 0.0919    recall@20 : 0.1397    recall@50 : 0.2299    ndcg@10 : 0.062    ndcg@20 : 0.076    ndcg@50 : 0.0982    
25 Oct 12:00    INFO  Saving current best: saved/DirectAU-Oct-25-2023_11-53-06.pth
25 Oct 12:00    INFO  epoch 15 training [time: 15.83s, train loss: -18.1924]
25 Oct 12:01    INFO  epoch 15 evaluating [time: 14.57s, valid_score: 0.077900]
25 Oct 12:01    INFO  valid result: 
recall@10 : 0.0946    recall@20 : 0.1422    recall@50 : 0.2336    ndcg@10 : 0.0639    ndcg@20 : 0.0779    ndcg@50 : 0.1003    
25 Oct 12:01    INFO  Saving current best: saved/DirectAU-Oct-25-2023_11-53-06.pth
25 Oct 12:01    INFO  epoch 16 training [time: 15.80s, train loss: -18.1998]
25 Oct 12:01    INFO  epoch 16 evaluating [time: 14.54s, valid_score: 0.079000]
25 Oct 12:01    INFO  valid result: 
recall@10 : 0.096    recall@20 : 0.1442    recall@50 : 0.2376    ndcg@10 : 0.0648    ndcg@20 : 0.079    ndcg@50 : 0.1018    
25 Oct 12:01    INFO  Saving current best: saved/DirectAU-Oct-25-2023_11-53-06.pth
25 Oct 12:01    INFO  epoch 17 training [time: 15.82s, train loss: -18.2053]
25 Oct 12:02    INFO  epoch 17 evaluating [time: 14.68s, valid_score: 0.080600]
25 Oct 12:02    INFO  valid result: 
recall@10 : 0.0982    recall@20 : 0.1478    recall@50 : 0.2405    ndcg@10 : 0.0662    ndcg@20 : 0.0806    ndcg@50 : 0.1033    
25 Oct 12:02    INFO  Saving current best: saved/DirectAU-Oct-25-2023_11-53-06.pth
25 Oct 12:02    INFO  epoch 18 training [time: 15.83s, train loss: -18.2109]
25 Oct 12:02    INFO  epoch 18 evaluating [time: 14.52s, valid_score: 0.082200]
25 Oct 12:02    INFO  valid result: 
recall@10 : 0.0999    recall@20 : 0.1497    recall@50 : 0.2437    ndcg@10 : 0.0677    ndcg@20 : 0.0822    ndcg@50 : 0.1053    
25 Oct 12:02    INFO  Saving current best: saved/DirectAU-Oct-25-2023_11-53-06.pth
25 Oct 12:02    INFO  epoch 19 training [time: 15.71s, train loss: -18.2166]
25 Oct 12:03    INFO  epoch 19 evaluating [time: 14.73s, valid_score: 0.083500]
25 Oct 12:03    INFO  valid result: 
recall@10 : 0.1017    recall@20 : 0.1521    recall@50 : 0.2471    ndcg@10 : 0.0687    ndcg@20 : 0.0835    ndcg@50 : 0.1067    
25 Oct 12:03    INFO  Saving current best: saved/DirectAU-Oct-25-2023_11-53-06.pth
25 Oct 12:03    INFO  epoch 20 training [time: 15.71s, train loss: -18.2212]
25 Oct 12:03    INFO  epoch 20 evaluating [time: 14.49s, valid_score: 0.085000]
25 Oct 12:03    INFO  valid result: 
recall@10 : 0.1029    recall@20 : 0.154    recall@50 : 0.2486    ndcg@10 : 0.0702    ndcg@20 : 0.085    ndcg@50 : 0.1082    
25 Oct 12:03    INFO  Saving current best: saved/DirectAU-Oct-25-2023_11-53-06.pth
25 Oct 12:04    INFO  epoch 21 training [time: 15.78s, train loss: -18.2253]
25 Oct 12:04    INFO  epoch 21 evaluating [time: 14.72s, valid_score: 0.086200]
25 Oct 12:04    INFO  valid result: 
recall@10 : 0.1053    recall@20 : 0.1557    recall@50 : 0.2514    ndcg@10 : 0.0715    ndcg@20 : 0.0862    ndcg@50 : 0.1095    
25 Oct 12:04    INFO  Saving current best: saved/DirectAU-Oct-25-2023_11-53-06.pth
25 Oct 12:04    INFO  epoch 22 training [time: 15.78s, train loss: -18.2297]
25 Oct 12:04    INFO  epoch 22 evaluating [time: 14.37s, valid_score: 0.086800]
25 Oct 12:04    INFO  valid result: 
recall@10 : 0.106    recall@20 : 0.1563    recall@50 : 0.2538    ndcg@10 : 0.0721    ndcg@20 : 0.0868    ndcg@50 : 0.1106    
25 Oct 12:04    INFO  Saving current best: saved/DirectAU-Oct-25-2023_11-53-06.pth
25 Oct 12:05    INFO  epoch 23 training [time: 15.76s, train loss: -18.2332]
25 Oct 12:05    INFO  epoch 23 evaluating [time: 14.43s, valid_score: 0.088200]
25 Oct 12:05    INFO  valid result: 
recall@10 : 0.1079    recall@20 : 0.1596    recall@50 : 0.2554    ndcg@10 : 0.0731    ndcg@20 : 0.0882    ndcg@50 : 0.1116    
25 Oct 12:05    INFO  Saving current best: saved/DirectAU-Oct-25-2023_11-53-06.pth
25 Oct 12:05    INFO  epoch 24 training [time: 15.75s, train loss: -18.2368]
25 Oct 12:05    INFO  epoch 24 evaluating [time: 14.44s, valid_score: 0.088600]
25 Oct 12:05    INFO  valid result: 
recall@10 : 0.109    recall@20 : 0.161    recall@50 : 0.2581    ndcg@10 : 0.0733    ndcg@20 : 0.0886    ndcg@50 : 0.1122    
25 Oct 12:05    INFO  Saving current best: saved/DirectAU-Oct-25-2023_11-53-06.pth
25 Oct 12:06    INFO  epoch 25 training [time: 15.77s, train loss: -18.2397]
25 Oct 12:06    INFO  epoch 25 evaluating [time: 14.54s, valid_score: 0.089800]
25 Oct 12:06    INFO  valid result: 
recall@10 : 0.1104    recall@20 : 0.1613    recall@50 : 0.2589    ndcg@10 : 0.0749    ndcg@20 : 0.0898    ndcg@50 : 0.1136    
25 Oct 12:06    INFO  Saving current best: saved/DirectAU-Oct-25-2023_11-53-06.pth
25 Oct 12:06    INFO  epoch 26 training [time: 15.77s, train loss: -18.2424]
25 Oct 12:06    INFO  epoch 26 evaluating [time: 14.48s, valid_score: 0.090400]
25 Oct 12:06    INFO  valid result: 
recall@10 : 0.1108    recall@20 : 0.1629    recall@50 : 0.2622    ndcg@10 : 0.0751    ndcg@20 : 0.0904    ndcg@50 : 0.1146    
25 Oct 12:06    INFO  Saving current best: saved/DirectAU-Oct-25-2023_11-53-06.pth
25 Oct 12:07    INFO  epoch 27 training [time: 15.78s, train loss: -18.2446]
25 Oct 12:07    INFO  epoch 27 evaluating [time: 14.23s, valid_score: 0.091700]
25 Oct 12:07    INFO  valid result: 
recall@10 : 0.1112    recall@20 : 0.1637    recall@50 : 0.2631    ndcg@10 : 0.0762    ndcg@20 : 0.0917    ndcg@50 : 0.1159    
25 Oct 12:07    INFO  Saving current best: saved/DirectAU-Oct-25-2023_11-53-06.pth
25 Oct 12:07    INFO  epoch 28 training [time: 15.77s, train loss: -18.2468]
25 Oct 12:07    INFO  epoch 28 evaluating [time: 14.41s, valid_score: 0.092000]
25 Oct 12:07    INFO  valid result: 
recall@10 : 0.1126    recall@20 : 0.165    recall@50 : 0.2663    ndcg@10 : 0.0766    ndcg@20 : 0.092    ndcg@50 : 0.1167    
25 Oct 12:07    INFO  Saving current best: saved/DirectAU-Oct-25-2023_11-53-06.pth
25 Oct 12:08    INFO  epoch 29 training [time: 15.80s, train loss: -18.2497]
25 Oct 12:08    INFO  epoch 29 evaluating [time: 14.34s, valid_score: 0.093300]
25 Oct 12:08    INFO  valid result: 
recall@10 : 0.1136    recall@20 : 0.168    recall@50 : 0.2672    ndcg@10 : 0.0774    ndcg@20 : 0.0933    ndcg@50 : 0.1176    
25 Oct 12:08    INFO  Saving current best: saved/DirectAU-Oct-25-2023_11-53-06.pth
25 Oct 12:08    INFO  epoch 30 training [time: 15.74s, train loss: -18.2514]
25 Oct 12:08    INFO  epoch 30 evaluating [time: 14.65s, valid_score: 0.093800]
25 Oct 12:08    INFO  valid result: 
recall@10 : 0.115    recall@20 : 0.1679    recall@50 : 0.2688    ndcg@10 : 0.0782    ndcg@20 : 0.0938    ndcg@50 : 0.1184    
25 Oct 12:08    INFO  Saving current best: saved/DirectAU-Oct-25-2023_11-53-06.pth
25 Oct 12:09    INFO  epoch 31 training [time: 15.70s, train loss: -18.2535]
25 Oct 12:09    INFO  epoch 31 evaluating [time: 14.58s, valid_score: 0.094500]
25 Oct 12:09    INFO  valid result: 
recall@10 : 0.1149    recall@20 : 0.1693    recall@50 : 0.2708    ndcg@10 : 0.0785    ndcg@20 : 0.0945    ndcg@50 : 0.1192    
25 Oct 12:09    INFO  Saving current best: saved/DirectAU-Oct-25-2023_11-53-06.pth
25 Oct 12:09    INFO  epoch 32 training [time: 15.77s, train loss: -18.2550]
25 Oct 12:09    INFO  epoch 32 evaluating [time: 14.58s, valid_score: 0.095100]
25 Oct 12:09    INFO  valid result: 
recall@10 : 0.1168    recall@20 : 0.1702    recall@50 : 0.2713    ndcg@10 : 0.0795    ndcg@20 : 0.0951    ndcg@50 : 0.1198    
25 Oct 12:09    INFO  Saving current best: saved/DirectAU-Oct-25-2023_11-53-06.pth
25 Oct 12:10    INFO  epoch 33 training [time: 15.78s, train loss: -18.2568]
25 Oct 12:10    INFO  epoch 33 evaluating [time: 14.33s, valid_score: 0.096000]
25 Oct 12:10    INFO  valid result: 
recall@10 : 0.1158    recall@20 : 0.1714    recall@50 : 0.2718    ndcg@10 : 0.0798    ndcg@20 : 0.096    ndcg@50 : 0.1205    
25 Oct 12:10    INFO  Saving current best: saved/DirectAU-Oct-25-2023_11-53-06.pth
25 Oct 12:10    INFO  epoch 34 training [time: 15.78s, train loss: -18.2583]
25 Oct 12:10    INFO  epoch 34 evaluating [time: 14.48s, valid_score: 0.095900]
25 Oct 12:10    INFO  valid result: 
recall@10 : 0.1164    recall@20 : 0.1726    recall@50 : 0.2746    ndcg@10 : 0.0795    ndcg@20 : 0.0959    ndcg@50 : 0.1207    
25 Oct 12:11    INFO  epoch 35 training [time: 15.78s, train loss: -18.2593]
25 Oct 12:11    INFO  epoch 35 evaluating [time: 14.74s, valid_score: 0.096000]
25 Oct 12:11    INFO  valid result: 
recall@10 : 0.1174    recall@20 : 0.1719    recall@50 : 0.2746    ndcg@10 : 0.08    ndcg@20 : 0.096    ndcg@50 : 0.1211    
25 Oct 12:11    INFO  epoch 36 training [time: 15.77s, train loss: -18.2606]
25 Oct 12:11    INFO  epoch 36 evaluating [time: 14.30s, valid_score: 0.097300]
25 Oct 12:11    INFO  valid result: 
recall@10 : 0.1174    recall@20 : 0.1734    recall@50 : 0.2771    ndcg@10 : 0.0809    ndcg@20 : 0.0973    ndcg@50 : 0.1226    
25 Oct 12:11    INFO  Saving current best: saved/DirectAU-Oct-25-2023_11-53-06.pth
25 Oct 12:12    INFO  epoch 37 training [time: 15.77s, train loss: -18.2620]
25 Oct 12:12    INFO  epoch 37 evaluating [time: 14.55s, valid_score: 0.097700]
25 Oct 12:12    INFO  valid result: 
recall@10 : 0.1181    recall@20 : 0.1738    recall@50 : 0.2787    ndcg@10 : 0.0814    ndcg@20 : 0.0977    ndcg@50 : 0.1232    
25 Oct 12:12    INFO  Saving current best: saved/DirectAU-Oct-25-2023_11-53-06.pth
25 Oct 12:12    INFO  epoch 38 training [time: 15.77s, train loss: -18.2628]
25 Oct 12:12    INFO  epoch 38 evaluating [time: 14.31s, valid_score: 0.097800]
25 Oct 12:12    INFO  valid result: 
recall@10 : 0.1179    recall@20 : 0.1746    recall@50 : 0.2793    ndcg@10 : 0.0812    ndcg@20 : 0.0978    ndcg@50 : 0.1233    
25 Oct 12:12    INFO  Saving current best: saved/DirectAU-Oct-25-2023_11-53-06.pth
25 Oct 12:13    INFO  epoch 39 training [time: 15.76s, train loss: -18.2639]
25 Oct 12:13    INFO  epoch 39 evaluating [time: 14.45s, valid_score: 0.099100]
25 Oct 12:13    INFO  valid result: 
recall@10 : 0.1195    recall@20 : 0.1776    recall@50 : 0.2808    ndcg@10 : 0.0822    ndcg@20 : 0.0991    ndcg@50 : 0.1243    
25 Oct 12:13    INFO  Saving current best: saved/DirectAU-Oct-25-2023_11-53-06.pth
25 Oct 12:13    INFO  epoch 40 training [time: 15.76s, train loss: -18.2647]
25 Oct 12:13    INFO  epoch 40 evaluating [time: 14.35s, valid_score: 0.098800]
25 Oct 12:13    INFO  valid result: 
recall@10 : 0.1194    recall@20 : 0.1768    recall@50 : 0.2826    ndcg@10 : 0.0821    ndcg@20 : 0.0988    ndcg@50 : 0.1246    
25 Oct 12:14    INFO  epoch 41 training [time: 15.86s, train loss: -18.2656]
25 Oct 12:14    INFO  epoch 41 evaluating [time: 16.66s, valid_score: 0.099300]
25 Oct 12:14    INFO  valid result: 
recall@10 : 0.12    recall@20 : 0.1774    recall@50 : 0.2835    ndcg@10 : 0.0826    ndcg@20 : 0.0993    ndcg@50 : 0.1252    
25 Oct 12:14    INFO  Saving current best: saved/DirectAU-Oct-25-2023_11-53-06.pth
25 Oct 12:14    INFO  epoch 42 training [time: 15.88s, train loss: -18.2667]
25 Oct 12:14    INFO  epoch 42 evaluating [time: 14.38s, valid_score: 0.100300]
25 Oct 12:14    INFO  valid result: 
recall@10 : 0.1205    recall@20 : 0.1793    recall@50 : 0.283    ndcg@10 : 0.0832    ndcg@20 : 0.1003    ndcg@50 : 0.1257    
25 Oct 12:14    INFO  Saving current best: saved/DirectAU-Oct-25-2023_11-53-06.pth
25 Oct 12:15    INFO  epoch 43 training [time: 15.67s, train loss: -18.2666]
25 Oct 12:15    INFO  epoch 43 evaluating [time: 14.54s, valid_score: 0.100200]
25 Oct 12:15    INFO  valid result: 
recall@10 : 0.122    recall@20 : 0.1792    recall@50 : 0.2848    ndcg@10 : 0.0835    ndcg@20 : 0.1002    ndcg@50 : 0.126    
25 Oct 12:15    INFO  epoch 44 training [time: 15.67s, train loss: -18.2677]
25 Oct 12:15    INFO  epoch 44 evaluating [time: 14.55s, valid_score: 0.100500]
25 Oct 12:15    INFO  valid result: 
recall@10 : 0.1221    recall@20 : 0.1796    recall@50 : 0.2854    ndcg@10 : 0.0838    ndcg@20 : 0.1005    ndcg@50 : 0.1264    
25 Oct 12:15    INFO  Saving current best: saved/DirectAU-Oct-25-2023_11-53-06.pth
25 Oct 12:16    INFO  epoch 45 training [time: 15.69s, train loss: -18.2687]
25 Oct 12:16    INFO  epoch 45 evaluating [time: 14.36s, valid_score: 0.101600]
25 Oct 12:16    INFO  valid result: 
recall@10 : 0.1227    recall@20 : 0.1807    recall@50 : 0.2858    ndcg@10 : 0.0846    ndcg@20 : 0.1016    ndcg@50 : 0.1272    
25 Oct 12:16    INFO  Saving current best: saved/DirectAU-Oct-25-2023_11-53-06.pth
25 Oct 12:16    INFO  epoch 46 training [time: 15.74s, train loss: -18.2692]
25 Oct 12:16    INFO  epoch 46 evaluating [time: 14.52s, valid_score: 0.101300]
25 Oct 12:16    INFO  valid result: 
recall@10 : 0.1219    recall@20 : 0.1812    recall@50 : 0.287    ndcg@10 : 0.084    ndcg@20 : 0.1013    ndcg@50 : 0.1271    
25 Oct 12:17    INFO  epoch 47 training [time: 15.75s, train loss: -18.2693]
25 Oct 12:17    INFO  epoch 47 evaluating [time: 14.40s, valid_score: 0.101100]
25 Oct 12:17    INFO  valid result: 
recall@10 : 0.124    recall@20 : 0.1802    recall@50 : 0.2881    ndcg@10 : 0.0847    ndcg@20 : 0.1011    ndcg@50 : 0.1274    
25 Oct 12:17    INFO  epoch 48 training [time: 15.63s, train loss: -18.2702]
25 Oct 12:17    INFO  epoch 48 evaluating [time: 14.58s, valid_score: 0.101600]
25 Oct 12:17    INFO  valid result: 
recall@10 : 0.1224    recall@20 : 0.1816    recall@50 : 0.2879    ndcg@10 : 0.0845    ndcg@20 : 0.1016    ndcg@50 : 0.1276    
25 Oct 12:18    INFO  epoch 49 training [time: 15.76s, train loss: -18.2705]
25 Oct 12:18    INFO  epoch 49 evaluating [time: 14.42s, valid_score: 0.101800]
25 Oct 12:18    INFO  valid result: 
recall@10 : 0.1231    recall@20 : 0.182    recall@50 : 0.2892    ndcg@10 : 0.0847    ndcg@20 : 0.1018    ndcg@50 : 0.1279    
25 Oct 12:18    INFO  Saving current best: saved/DirectAU-Oct-25-2023_11-53-06.pth
25 Oct 12:18    INFO  epoch 50 training [time: 15.76s, train loss: -18.2714]
25 Oct 12:18    INFO  epoch 50 evaluating [time: 14.54s, valid_score: 0.102700]
25 Oct 12:18    INFO  valid result: 
recall@10 : 0.1241    recall@20 : 0.1827    recall@50 : 0.2893    ndcg@10 : 0.0857    ndcg@20 : 0.1027    ndcg@50 : 0.1287    
25 Oct 12:18    INFO  Saving current best: saved/DirectAU-Oct-25-2023_11-53-06.pth
25 Oct 12:19    INFO  epoch 51 training [time: 15.75s, train loss: -18.2714]
25 Oct 12:19    INFO  epoch 51 evaluating [time: 14.53s, valid_score: 0.103200]
25 Oct 12:19    INFO  valid result: 
recall@10 : 0.1252    recall@20 : 0.1836    recall@50 : 0.2901    ndcg@10 : 0.0863    ndcg@20 : 0.1032    ndcg@50 : 0.1293    
25 Oct 12:19    INFO  Saving current best: saved/DirectAU-Oct-25-2023_11-53-06.pth
25 Oct 12:19    INFO  epoch 52 training [time: 15.75s, train loss: -18.2720]
25 Oct 12:19    INFO  epoch 52 evaluating [time: 14.73s, valid_score: 0.103400]
25 Oct 12:19    INFO  valid result: 
recall@10 : 0.1249    recall@20 : 0.1841    recall@50 : 0.292    ndcg@10 : 0.0861    ndcg@20 : 0.1034    ndcg@50 : 0.1296    
25 Oct 12:19    INFO  Saving current best: saved/DirectAU-Oct-25-2023_11-53-06.pth
25 Oct 12:20    INFO  epoch 53 training [time: 15.74s, train loss: -18.2721]
25 Oct 12:20    INFO  epoch 53 evaluating [time: 14.29s, valid_score: 0.102900]
25 Oct 12:20    INFO  valid result: 
recall@10 : 0.1243    recall@20 : 0.1832    recall@50 : 0.2915    ndcg@10 : 0.0858    ndcg@20 : 0.1029    ndcg@50 : 0.1293    
25 Oct 12:20    INFO  epoch 54 training [time: 15.75s, train loss: -18.2723]
25 Oct 12:20    INFO  epoch 54 evaluating [time: 14.40s, valid_score: 0.104100]
25 Oct 12:20    INFO  valid result: 
recall@10 : 0.1259    recall@20 : 0.1846    recall@50 : 0.2922    ndcg@10 : 0.0871    ndcg@20 : 0.1041    ndcg@50 : 0.1303    
25 Oct 12:20    INFO  Saving current best: saved/DirectAU-Oct-25-2023_11-53-06.pth
25 Oct 12:21    INFO  epoch 55 training [time: 15.75s, train loss: -18.2726]
25 Oct 12:21    INFO  epoch 55 evaluating [time: 14.37s, valid_score: 0.104500]
25 Oct 12:21    INFO  valid result: 
recall@10 : 0.126    recall@20 : 0.1859    recall@50 : 0.2926    ndcg@10 : 0.0872    ndcg@20 : 0.1045    ndcg@50 : 0.1305    
25 Oct 12:21    INFO  Saving current best: saved/DirectAU-Oct-25-2023_11-53-06.pth
25 Oct 12:21    INFO  epoch 56 training [time: 15.83s, train loss: -18.2735]
25 Oct 12:21    INFO  epoch 56 evaluating [time: 14.66s, valid_score: 0.104500]
25 Oct 12:21    INFO  valid result: 
recall@10 : 0.1255    recall@20 : 0.1857    recall@50 : 0.2922    ndcg@10 : 0.087    ndcg@20 : 0.1045    ndcg@50 : 0.1305    
25 Oct 12:22    INFO  epoch 57 training [time: 15.78s, train loss: -18.2739]
25 Oct 12:22    INFO  epoch 57 evaluating [time: 14.34s, valid_score: 0.104800]
25 Oct 12:22    INFO  valid result: 
recall@10 : 0.1269    recall@20 : 0.1853    recall@50 : 0.2927    ndcg@10 : 0.0878    ndcg@20 : 0.1048    ndcg@50 : 0.131    
25 Oct 12:22    INFO  Saving current best: saved/DirectAU-Oct-25-2023_11-53-06.pth
25 Oct 12:22    INFO  epoch 58 training [time: 15.77s, train loss: -18.2736]
25 Oct 12:22    INFO  epoch 58 evaluating [time: 14.64s, valid_score: 0.105100]
25 Oct 12:22    INFO  valid result: 
recall@10 : 0.1263    recall@20 : 0.1863    recall@50 : 0.2938    ndcg@10 : 0.0876    ndcg@20 : 0.1051    ndcg@50 : 0.1313    
25 Oct 12:23    INFO  Saving current best: saved/DirectAU-Oct-25-2023_11-53-06.pth
25 Oct 12:23    INFO  epoch 59 training [time: 15.74s, train loss: -18.2738]
25 Oct 12:23    INFO  epoch 59 evaluating [time: 14.67s, valid_score: 0.104200]
25 Oct 12:23    INFO  valid result: 
recall@10 : 0.1259    recall@20 : 0.1856    recall@50 : 0.294    ndcg@10 : 0.0868    ndcg@20 : 0.1042    ndcg@50 : 0.1306    
25 Oct 12:23    INFO  epoch 60 training [time: 15.71s, train loss: -18.2743]
25 Oct 12:24    INFO  epoch 60 evaluating [time: 16.11s, valid_score: 0.105000]
25 Oct 12:24    INFO  valid result: 
recall@10 : 0.1279    recall@20 : 0.1868    recall@50 : 0.2949    ndcg@10 : 0.0879    ndcg@20 : 0.105    ndcg@50 : 0.1315    
25 Oct 12:24    INFO  epoch 61 training [time: 15.75s, train loss: -18.2746]
25 Oct 12:24    INFO  epoch 61 evaluating [time: 14.54s, valid_score: 0.105700]
25 Oct 12:24    INFO  valid result: 
recall@10 : 0.1282    recall@20 : 0.1875    recall@50 : 0.2958    ndcg@10 : 0.0884    ndcg@20 : 0.1057    ndcg@50 : 0.1322    
25 Oct 12:24    INFO  Saving current best: saved/DirectAU-Oct-25-2023_11-53-06.pth
25 Oct 12:24    INFO  epoch 62 training [time: 15.77s, train loss: -18.2746]
25 Oct 12:25    INFO  epoch 62 evaluating [time: 14.44s, valid_score: 0.105300]
25 Oct 12:25    INFO  valid result: 
recall@10 : 0.1282    recall@20 : 0.1867    recall@50 : 0.2957    ndcg@10 : 0.0882    ndcg@20 : 0.1053    ndcg@50 : 0.1319    
25 Oct 12:25    INFO  epoch 63 training [time: 15.76s, train loss: -18.2749]
25 Oct 12:25    INFO  epoch 63 evaluating [time: 14.60s, valid_score: 0.105700]
25 Oct 12:25    INFO  valid result: 
recall@10 : 0.1289    recall@20 : 0.1866    recall@50 : 0.2967    ndcg@10 : 0.0887    ndcg@20 : 0.1057    ndcg@50 : 0.1324    
25 Oct 12:25    INFO  epoch 64 training [time: 15.76s, train loss: -18.2751]
25 Oct 12:26    INFO  epoch 64 evaluating [time: 16.56s, valid_score: 0.105900]
25 Oct 12:26    INFO  valid result: 
recall@10 : 0.1289    recall@20 : 0.1868    recall@50 : 0.2959    ndcg@10 : 0.0889    ndcg@20 : 0.1059    ndcg@50 : 0.1325    
25 Oct 12:26    INFO  Saving current best: saved/DirectAU-Oct-25-2023_11-53-06.pth
25 Oct 12:26    INFO  epoch 65 training [time: 15.85s, train loss: -18.2754]
25 Oct 12:26    INFO  epoch 65 evaluating [time: 14.49s, valid_score: 0.105900]
25 Oct 12:26    INFO  valid result: 
recall@10 : 0.1276    recall@20 : 0.1876    recall@50 : 0.297    ndcg@10 : 0.0884    ndcg@20 : 0.1059    ndcg@50 : 0.1326    
25 Oct 12:26    INFO  epoch 66 training [time: 15.73s, train loss: -18.2748]
25 Oct 12:27    INFO  epoch 66 evaluating [time: 14.43s, valid_score: 0.106400]
25 Oct 12:27    INFO  valid result: 
recall@10 : 0.1271    recall@20 : 0.1885    recall@50 : 0.2971    ndcg@10 : 0.0884    ndcg@20 : 0.1064    ndcg@50 : 0.1328    
25 Oct 12:27    INFO  Saving current best: saved/DirectAU-Oct-25-2023_11-53-06.pth
25 Oct 12:27    INFO  epoch 67 training [time: 15.77s, train loss: -18.2759]
25 Oct 12:27    INFO  epoch 67 evaluating [time: 16.72s, valid_score: 0.106500]
25 Oct 12:27    INFO  valid result: 
recall@10 : 0.1281    recall@20 : 0.1882    recall@50 : 0.2979    ndcg@10 : 0.0891    ndcg@20 : 0.1065    ndcg@50 : 0.1333    
25 Oct 12:27    INFO  Saving current best: saved/DirectAU-Oct-25-2023_11-53-06.pth
25 Oct 12:27    INFO  epoch 68 training [time: 15.86s, train loss: -18.2760]
25 Oct 12:28    INFO  epoch 68 evaluating [time: 15.82s, valid_score: 0.106700]
25 Oct 12:28    INFO  valid result: 
recall@10 : 0.129    recall@20 : 0.1894    recall@50 : 0.2966    ndcg@10 : 0.0892    ndcg@20 : 0.1067    ndcg@50 : 0.1331    
25 Oct 12:28    INFO  Saving current best: saved/DirectAU-Oct-25-2023_11-53-06.pth
25 Oct 12:28    INFO  epoch 69 training [time: 15.78s, train loss: -18.2760]
25 Oct 12:28    INFO  epoch 69 evaluating [time: 14.69s, valid_score: 0.106600]
25 Oct 12:28    INFO  valid result: 
recall@10 : 0.1284    recall@20 : 0.1893    recall@50 : 0.2979    ndcg@10 : 0.0889    ndcg@20 : 0.1066    ndcg@50 : 0.1332    
25 Oct 12:28    INFO  epoch 70 training [time: 15.76s, train loss: -18.2764]
25 Oct 12:29    INFO  epoch 70 evaluating [time: 14.73s, valid_score: 0.106700]
25 Oct 12:29    INFO  valid result: 
recall@10 : 0.1287    recall@20 : 0.1896    recall@50 : 0.2977    ndcg@10 : 0.0889    ndcg@20 : 0.1067    ndcg@50 : 0.1331    
25 Oct 12:29    INFO  epoch 71 training [time: 15.71s, train loss: -18.2763]
25 Oct 12:29    INFO  epoch 71 evaluating [time: 14.46s, valid_score: 0.106900]
25 Oct 12:29    INFO  valid result: 
recall@10 : 0.1288    recall@20 : 0.1894    recall@50 : 0.2987    ndcg@10 : 0.0892    ndcg@20 : 0.1069    ndcg@50 : 0.1336    
25 Oct 12:29    INFO  Saving current best: saved/DirectAU-Oct-25-2023_11-53-06.pth
25 Oct 12:29    INFO  epoch 72 training [time: 15.71s, train loss: -18.2763]
25 Oct 12:30    INFO  epoch 72 evaluating [time: 14.67s, valid_score: 0.106200]
25 Oct 12:30    INFO  valid result: 
recall@10 : 0.1287    recall@20 : 0.1882    recall@50 : 0.2988    ndcg@10 : 0.089    ndcg@20 : 0.1062    ndcg@50 : 0.1332    
25 Oct 12:30    INFO  epoch 73 training [time: 15.73s, train loss: -18.2764]
25 Oct 12:30    INFO  epoch 73 evaluating [time: 14.44s, valid_score: 0.106500]
25 Oct 12:30    INFO  valid result: 
recall@10 : 0.1293    recall@20 : 0.1896    recall@50 : 0.2989    ndcg@10 : 0.089    ndcg@20 : 0.1065    ndcg@50 : 0.1332    
25 Oct 12:30    INFO  epoch 74 training [time: 15.75s, train loss: -18.2769]
25 Oct 12:31    INFO  epoch 74 evaluating [time: 14.53s, valid_score: 0.107000]
25 Oct 12:31    INFO  valid result: 
recall@10 : 0.1287    recall@20 : 0.1896    recall@50 : 0.2995    ndcg@10 : 0.0892    ndcg@20 : 0.107    ndcg@50 : 0.1337    
25 Oct 12:31    INFO  Saving current best: saved/DirectAU-Oct-25-2023_11-53-06.pth
25 Oct 12:31    INFO  epoch 75 training [time: 15.76s, train loss: -18.2768]
25 Oct 12:31    INFO  epoch 75 evaluating [time: 14.38s, valid_score: 0.107700]
25 Oct 12:31    INFO  valid result: 
recall@10 : 0.1291    recall@20 : 0.1906    recall@50 : 0.2986    ndcg@10 : 0.0897    ndcg@20 : 0.1077    ndcg@50 : 0.1342    
25 Oct 12:31    INFO  Saving current best: saved/DirectAU-Oct-25-2023_11-53-06.pth
25 Oct 12:31    INFO  epoch 76 training [time: 15.77s, train loss: -18.2771]
25 Oct 12:32    INFO  epoch 76 evaluating [time: 14.54s, valid_score: 0.107100]
25 Oct 12:32    INFO  valid result: 
recall@10 : 0.1296    recall@20 : 0.1901    recall@50 : 0.3001    ndcg@10 : 0.0896    ndcg@20 : 0.1071    ndcg@50 : 0.134    
25 Oct 12:32    INFO  epoch 77 training [time: 15.72s, train loss: -18.2768]
25 Oct 12:32    INFO  epoch 77 evaluating [time: 14.50s, valid_score: 0.107300]
25 Oct 12:32    INFO  valid result: 
recall@10 : 0.1305    recall@20 : 0.1903    recall@50 : 0.2994    ndcg@10 : 0.0899    ndcg@20 : 0.1073    ndcg@50 : 0.134    
25 Oct 12:32    INFO  epoch 78 training [time: 15.75s, train loss: -18.2770]
25 Oct 12:33    INFO  epoch 78 evaluating [time: 14.46s, valid_score: 0.107600]
25 Oct 12:33    INFO  valid result: 
recall@10 : 0.1301    recall@20 : 0.1907    recall@50 : 0.301    ndcg@10 : 0.09    ndcg@20 : 0.1076    ndcg@50 : 0.1346    
25 Oct 12:33    INFO  epoch 79 training [time: 15.75s, train loss: -18.2776]
25 Oct 12:33    INFO  epoch 79 evaluating [time: 14.59s, valid_score: 0.108400]
25 Oct 12:33    INFO  valid result: 
recall@10 : 0.1296    recall@20 : 0.192    recall@50 : 0.3018    ndcg@10 : 0.0903    ndcg@20 : 0.1084    ndcg@50 : 0.1353    
25 Oct 12:33    INFO  Saving current best: saved/DirectAU-Oct-25-2023_11-53-06.pth
25 Oct 12:34    INFO  epoch 80 training [time: 15.72s, train loss: -18.2776]
25 Oct 12:34    INFO  epoch 80 evaluating [time: 14.37s, valid_score: 0.108100]
25 Oct 12:34    INFO  valid result: 
recall@10 : 0.1301    recall@20 : 0.1915    recall@50 : 0.3022    ndcg@10 : 0.0902    ndcg@20 : 0.1081    ndcg@50 : 0.1351    
25 Oct 12:34    INFO  epoch 81 training [time: 15.74s, train loss: -18.2776]
25 Oct 12:34    INFO  epoch 81 evaluating [time: 14.63s, valid_score: 0.108500]
25 Oct 12:34    INFO  valid result: 
recall@10 : 0.1312    recall@20 : 0.1923    recall@50 : 0.3032    ndcg@10 : 0.0907    ndcg@20 : 0.1085    ndcg@50 : 0.1355    
25 Oct 12:34    INFO  Saving current best: saved/DirectAU-Oct-25-2023_11-53-06.pth
25 Oct 12:35    INFO  epoch 82 training [time: 15.74s, train loss: -18.2778]
25 Oct 12:35    INFO  epoch 82 evaluating [time: 14.29s, valid_score: 0.108400]
25 Oct 12:35    INFO  valid result: 
recall@10 : 0.1311    recall@20 : 0.1925    recall@50 : 0.3017    ndcg@10 : 0.0905    ndcg@20 : 0.1084    ndcg@50 : 0.135    
25 Oct 12:35    INFO  epoch 83 training [time: 15.76s, train loss: -18.2779]
25 Oct 12:35    INFO  epoch 83 evaluating [time: 14.63s, valid_score: 0.108600]
25 Oct 12:35    INFO  valid result: 
recall@10 : 0.1308    recall@20 : 0.1922    recall@50 : 0.303    ndcg@10 : 0.0907    ndcg@20 : 0.1086    ndcg@50 : 0.1356    
25 Oct 12:35    INFO  Saving current best: saved/DirectAU-Oct-25-2023_11-53-06.pth
25 Oct 12:36    INFO  epoch 84 training [time: 15.77s, train loss: -18.2778]
25 Oct 12:36    INFO  epoch 84 evaluating [time: 14.36s, valid_score: 0.108200]
25 Oct 12:36    INFO  valid result: 
recall@10 : 0.1316    recall@20 : 0.1926    recall@50 : 0.3026    ndcg@10 : 0.0905    ndcg@20 : 0.1082    ndcg@50 : 0.1351    
25 Oct 12:36    INFO  epoch 85 training [time: 15.75s, train loss: -18.2779]
25 Oct 12:36    INFO  epoch 85 evaluating [time: 14.55s, valid_score: 0.107900]
25 Oct 12:36    INFO  valid result: 
recall@10 : 0.1313    recall@20 : 0.1911    recall@50 : 0.3028    ndcg@10 : 0.0905    ndcg@20 : 0.1079    ndcg@50 : 0.1352    
25 Oct 12:37    INFO  epoch 86 training [time: 15.75s, train loss: -18.2780]
25 Oct 12:37    INFO  epoch 86 evaluating [time: 14.30s, valid_score: 0.108300]
25 Oct 12:37    INFO  valid result: 
recall@10 : 0.1308    recall@20 : 0.1915    recall@50 : 0.3016    ndcg@10 : 0.0907    ndcg@20 : 0.1083    ndcg@50 : 0.1353    
25 Oct 12:37    INFO  epoch 87 training [time: 15.73s, train loss: -18.2780]
25 Oct 12:37    INFO  epoch 87 evaluating [time: 14.59s, valid_score: 0.108900]
25 Oct 12:37    INFO  valid result: 
recall@10 : 0.1313    recall@20 : 0.1927    recall@50 : 0.3018    ndcg@10 : 0.091    ndcg@20 : 0.1089    ndcg@50 : 0.1356    
25 Oct 12:37    INFO  Saving current best: saved/DirectAU-Oct-25-2023_11-53-06.pth
25 Oct 12:38    INFO  epoch 88 training [time: 15.76s, train loss: -18.2785]
25 Oct 12:38    INFO  epoch 88 evaluating [time: 14.44s, valid_score: 0.108800]
25 Oct 12:38    INFO  valid result: 
recall@10 : 0.1316    recall@20 : 0.1923    recall@50 : 0.3038    ndcg@10 : 0.0911    ndcg@20 : 0.1088    ndcg@50 : 0.1361    
25 Oct 12:38    INFO  epoch 89 training [time: 15.80s, train loss: -18.2783]
25 Oct 12:38    INFO  epoch 89 evaluating [time: 14.62s, valid_score: 0.109000]
25 Oct 12:38    INFO  valid result: 
recall@10 : 0.1318    recall@20 : 0.1926    recall@50 : 0.3017    ndcg@10 : 0.0912    ndcg@20 : 0.109    ndcg@50 : 0.1357    
25 Oct 12:38    INFO  Saving current best: saved/DirectAU-Oct-25-2023_11-53-06.pth
25 Oct 12:39    INFO  epoch 90 training [time: 15.80s, train loss: -18.2781]
25 Oct 12:39    INFO  epoch 90 evaluating [time: 14.40s, valid_score: 0.109500]
25 Oct 12:39    INFO  valid result: 
recall@10 : 0.132    recall@20 : 0.1931    recall@50 : 0.3029    ndcg@10 : 0.0918    ndcg@20 : 0.1095    ndcg@50 : 0.1365    
25 Oct 12:39    INFO  Saving current best: saved/DirectAU-Oct-25-2023_11-53-06.pth
25 Oct 12:39    INFO  epoch 91 training [time: 15.74s, train loss: -18.2782]
25 Oct 12:39    INFO  epoch 91 evaluating [time: 14.59s, valid_score: 0.109600]
25 Oct 12:39    INFO  valid result: 
recall@10 : 0.1326    recall@20 : 0.1932    recall@50 : 0.3046    ndcg@10 : 0.0919    ndcg@20 : 0.1096    ndcg@50 : 0.1368    
25 Oct 12:39    INFO  Saving current best: saved/DirectAU-Oct-25-2023_11-53-06.pth
25 Oct 12:40    INFO  epoch 92 training [time: 15.79s, train loss: -18.2785]
25 Oct 12:40    INFO  epoch 92 evaluating [time: 14.62s, valid_score: 0.109700]
25 Oct 12:40    INFO  valid result: 
recall@10 : 0.1332    recall@20 : 0.1934    recall@50 : 0.3051    ndcg@10 : 0.0921    ndcg@20 : 0.1097    ndcg@50 : 0.1369    
25 Oct 12:40    INFO  Saving current best: saved/DirectAU-Oct-25-2023_11-53-06.pth
25 Oct 12:40    INFO  epoch 93 training [time: 15.72s, train loss: -18.2790]
25 Oct 12:40    INFO  epoch 93 evaluating [time: 14.28s, valid_score: 0.109900]
25 Oct 12:40    INFO  valid result: 
recall@10 : 0.1335    recall@20 : 0.1938    recall@50 : 0.3058    ndcg@10 : 0.0924    ndcg@20 : 0.1099    ndcg@50 : 0.1373    
25 Oct 12:40    INFO  Saving current best: saved/DirectAU-Oct-25-2023_11-53-06.pth
25 Oct 12:41    INFO  epoch 94 training [time: 15.69s, train loss: -18.2789]
25 Oct 12:41    INFO  epoch 94 evaluating [time: 14.49s, valid_score: 0.109600]
25 Oct 12:41    INFO  valid result: 
recall@10 : 0.1328    recall@20 : 0.1937    recall@50 : 0.3048    ndcg@10 : 0.0917    ndcg@20 : 0.1096    ndcg@50 : 0.1367    
25 Oct 12:41    INFO  epoch 95 training [time: 15.77s, train loss: -18.2785]
25 Oct 12:41    INFO  epoch 95 evaluating [time: 14.36s, valid_score: 0.109800]
25 Oct 12:41    INFO  valid result: 
recall@10 : 0.1326    recall@20 : 0.1944    recall@50 : 0.3043    ndcg@10 : 0.0918    ndcg@20 : 0.1098    ndcg@50 : 0.1366    
25 Oct 12:42    INFO  epoch 96 training [time: 15.76s, train loss: -18.2789]
25 Oct 12:42    INFO  epoch 96 evaluating [time: 14.58s, valid_score: 0.110100]
25 Oct 12:42    INFO  valid result: 
recall@10 : 0.1323    recall@20 : 0.1933    recall@50 : 0.3041    ndcg@10 : 0.0923    ndcg@20 : 0.1101    ndcg@50 : 0.1371    
25 Oct 12:42    INFO  Saving current best: saved/DirectAU-Oct-25-2023_11-53-06.pth
25 Oct 12:42    INFO  epoch 97 training [time: 15.72s, train loss: -18.2789]
25 Oct 12:42    INFO  epoch 97 evaluating [time: 14.53s, valid_score: 0.109700]
25 Oct 12:42    INFO  valid result: 
recall@10 : 0.1327    recall@20 : 0.1937    recall@50 : 0.3044    ndcg@10 : 0.0919    ndcg@20 : 0.1097    ndcg@50 : 0.1367    
25 Oct 12:43    INFO  epoch 98 training [time: 15.74s, train loss: -18.2794]
25 Oct 12:43    INFO  epoch 98 evaluating [time: 14.47s, valid_score: 0.109800]
25 Oct 12:43    INFO  valid result: 
recall@10 : 0.1324    recall@20 : 0.1938    recall@50 : 0.304    ndcg@10 : 0.0919    ndcg@20 : 0.1098    ndcg@50 : 0.1368    
25 Oct 12:43    INFO  epoch 99 training [time: 15.75s, train loss: -18.2788]
25 Oct 12:43    INFO  epoch 99 evaluating [time: 14.31s, valid_score: 0.109800]
25 Oct 12:43    INFO  valid result: 
recall@10 : 0.134    recall@20 : 0.1944    recall@50 : 0.3054    ndcg@10 : 0.0922    ndcg@20 : 0.1098    ndcg@50 : 0.1369    
25 Oct 12:44    INFO  epoch 100 training [time: 15.74s, train loss: -18.2791]
25 Oct 12:44    INFO  epoch 100 evaluating [time: 14.54s, valid_score: 0.109700]
25 Oct 12:44    INFO  valid result: 
recall@10 : 0.1337    recall@20 : 0.1941    recall@50 : 0.3058    ndcg@10 : 0.0921    ndcg@20 : 0.1097    ndcg@50 : 0.137    
25 Oct 12:44    INFO  epoch 101 training [time: 15.82s, train loss: -18.2794]
25 Oct 12:44    INFO  epoch 101 evaluating [time: 14.67s, valid_score: 0.110100]
25 Oct 12:44    INFO  valid result: 
recall@10 : 0.1332    recall@20 : 0.1951    recall@50 : 0.3053    ndcg@10 : 0.0921    ndcg@20 : 0.1101    ndcg@50 : 0.1371    
25 Oct 12:45    INFO  epoch 102 training [time: 15.72s, train loss: -18.2794]
25 Oct 12:45    INFO  epoch 102 evaluating [time: 14.40s, valid_score: 0.110500]
25 Oct 12:45    INFO  valid result: 
recall@10 : 0.1337    recall@20 : 0.195    recall@50 : 0.3069    ndcg@10 : 0.0927    ndcg@20 : 0.1105    ndcg@50 : 0.1378    
25 Oct 12:45    INFO  Saving current best: saved/DirectAU-Oct-25-2023_11-53-06.pth
25 Oct 12:45    INFO  epoch 103 training [time: 15.73s, train loss: -18.2795]
25 Oct 12:45    INFO  epoch 103 evaluating [time: 14.71s, valid_score: 0.110900]
25 Oct 12:45    INFO  valid result: 
recall@10 : 0.1341    recall@20 : 0.1956    recall@50 : 0.3063    ndcg@10 : 0.093    ndcg@20 : 0.1109    ndcg@50 : 0.1379    
25 Oct 12:45    INFO  Saving current best: saved/DirectAU-Oct-25-2023_11-53-06.pth
25 Oct 12:46    INFO  epoch 104 training [time: 15.40s, train loss: -18.2796]
25 Oct 12:46    INFO  epoch 104 evaluating [time: 14.55s, valid_score: 0.110800]
25 Oct 12:46    INFO  valid result: 
recall@10 : 0.1329    recall@20 : 0.1951    recall@50 : 0.3058    ndcg@10 : 0.0927    ndcg@20 : 0.1108    ndcg@50 : 0.1379    
25 Oct 12:46    INFO  epoch 105 training [time: 15.57s, train loss: -18.2795]
25 Oct 12:46    INFO  epoch 105 evaluating [time: 16.69s, valid_score: 0.110500]
25 Oct 12:46    INFO  valid result: 
recall@10 : 0.1337    recall@20 : 0.1946    recall@50 : 0.3064    ndcg@10 : 0.0928    ndcg@20 : 0.1105    ndcg@50 : 0.1379    
25 Oct 12:47    INFO  epoch 106 training [time: 15.73s, train loss: -18.2797]
25 Oct 12:47    INFO  epoch 106 evaluating [time: 14.33s, valid_score: 0.110200]
25 Oct 12:47    INFO  valid result: 
recall@10 : 0.1332    recall@20 : 0.1942    recall@50 : 0.3076    ndcg@10 : 0.0924    ndcg@20 : 0.1102    ndcg@50 : 0.1379    
25 Oct 12:47    INFO  epoch 107 training [time: 15.72s, train loss: -18.2794]
25 Oct 12:47    INFO  epoch 107 evaluating [time: 14.68s, valid_score: 0.110700]
25 Oct 12:47    INFO  valid result: 
recall@10 : 0.1336    recall@20 : 0.1948    recall@50 : 0.3062    ndcg@10 : 0.0928    ndcg@20 : 0.1107    ndcg@50 : 0.1379    
25 Oct 12:48    INFO  epoch 108 training [time: 15.72s, train loss: -18.2798]
25 Oct 12:48    INFO  epoch 108 evaluating [time: 14.38s, valid_score: 0.110800]
25 Oct 12:48    INFO  valid result: 
recall@10 : 0.1337    recall@20 : 0.1957    recall@50 : 0.3073    ndcg@10 : 0.0928    ndcg@20 : 0.1108    ndcg@50 : 0.1381    
25 Oct 12:48    INFO  epoch 109 training [time: 15.69s, train loss: -18.2794]
25 Oct 12:48    INFO  epoch 109 evaluating [time: 14.56s, valid_score: 0.111300]
25 Oct 12:48    INFO  valid result: 
recall@10 : 0.1346    recall@20 : 0.1954    recall@50 : 0.307    ndcg@10 : 0.0936    ndcg@20 : 0.1113    ndcg@50 : 0.1387    
25 Oct 12:48    INFO  Saving current best: saved/DirectAU-Oct-25-2023_11-53-06.pth
25 Oct 12:49    INFO  epoch 110 training [time: 15.78s, train loss: -18.2797]
25 Oct 12:49    INFO  epoch 110 evaluating [time: 16.61s, valid_score: 0.111400]
25 Oct 12:49    INFO  valid result: 
recall@10 : 0.1333    recall@20 : 0.1965    recall@50 : 0.3071    ndcg@10 : 0.0931    ndcg@20 : 0.1114    ndcg@50 : 0.1385    
25 Oct 12:49    INFO  Saving current best: saved/DirectAU-Oct-25-2023_11-53-06.pth
25 Oct 12:49    INFO  epoch 111 training [time: 15.85s, train loss: -18.2796]
25 Oct 12:50    INFO  epoch 111 evaluating [time: 16.55s, valid_score: 0.111300]
25 Oct 12:50    INFO  valid result: 
recall@10 : 0.133    recall@20 : 0.1969    recall@50 : 0.3072    ndcg@10 : 0.0927    ndcg@20 : 0.1113    ndcg@50 : 0.1382    
25 Oct 12:50    INFO  epoch 112 training [time: 15.80s, train loss: -18.2799]
25 Oct 12:50    INFO  epoch 112 evaluating [time: 14.63s, valid_score: 0.110800]
25 Oct 12:50    INFO  valid result: 
recall@10 : 0.1337    recall@20 : 0.1952    recall@50 : 0.3076    ndcg@10 : 0.0928    ndcg@20 : 0.1108    ndcg@50 : 0.1382    
25 Oct 12:50    INFO  epoch 113 training [time: 15.75s, train loss: -18.2794]
25 Oct 12:51    INFO  epoch 113 evaluating [time: 14.44s, valid_score: 0.111200]
25 Oct 12:51    INFO  valid result: 
recall@10 : 0.1341    recall@20 : 0.1951    recall@50 : 0.308    ndcg@10 : 0.0934    ndcg@20 : 0.1112    ndcg@50 : 0.1388    
25 Oct 12:51    INFO  epoch 114 training [time: 15.75s, train loss: -18.2801]
25 Oct 12:51    INFO  epoch 114 evaluating [time: 14.61s, valid_score: 0.111100]
25 Oct 12:51    INFO  valid result: 
recall@10 : 0.1337    recall@20 : 0.1957    recall@50 : 0.3079    ndcg@10 : 0.0929    ndcg@20 : 0.1111    ndcg@50 : 0.1385    
25 Oct 12:51    INFO  epoch 115 training [time: 15.76s, train loss: -18.2803]
25 Oct 12:52    INFO  epoch 115 evaluating [time: 14.37s, valid_score: 0.111600]
25 Oct 12:52    INFO  valid result: 
recall@10 : 0.1339    recall@20 : 0.1957    recall@50 : 0.3088    ndcg@10 : 0.0936    ndcg@20 : 0.1116    ndcg@50 : 0.1392    
25 Oct 12:52    INFO  Saving current best: saved/DirectAU-Oct-25-2023_11-53-06.pth
25 Oct 12:52    INFO  epoch 116 training [time: 15.75s, train loss: -18.2799]
25 Oct 12:52    INFO  epoch 116 evaluating [time: 14.69s, valid_score: 0.111500]
25 Oct 12:52    INFO  valid result: 
recall@10 : 0.1342    recall@20 : 0.1968    recall@50 : 0.3075    ndcg@10 : 0.0933    ndcg@20 : 0.1115    ndcg@50 : 0.1385    
25 Oct 12:52    INFO  epoch 117 training [time: 15.74s, train loss: -18.2796]
25 Oct 12:53    INFO  epoch 117 evaluating [time: 14.32s, valid_score: 0.111300]
25 Oct 12:53    INFO  valid result: 
recall@10 : 0.1333    recall@20 : 0.196    recall@50 : 0.3073    ndcg@10 : 0.093    ndcg@20 : 0.1113    ndcg@50 : 0.1385    
25 Oct 12:53    INFO  epoch 118 training [time: 15.75s, train loss: -18.2800]
25 Oct 12:53    INFO  epoch 118 evaluating [time: 14.58s, valid_score: 0.111100]
25 Oct 12:53    INFO  valid result: 
recall@10 : 0.1345    recall@20 : 0.1967    recall@50 : 0.3061    ndcg@10 : 0.093    ndcg@20 : 0.1111    ndcg@50 : 0.1379    
25 Oct 12:53    INFO  epoch 119 training [time: 15.64s, train loss: -18.2801]
25 Oct 12:54    INFO  epoch 119 evaluating [time: 14.32s, valid_score: 0.110900]
25 Oct 12:54    INFO  valid result: 
recall@10 : 0.1339    recall@20 : 0.1951    recall@50 : 0.3056    ndcg@10 : 0.0931    ndcg@20 : 0.1109    ndcg@50 : 0.138    
25 Oct 12:54    INFO  epoch 120 training [time: 15.75s, train loss: -18.2796]
25 Oct 12:54    INFO  epoch 120 evaluating [time: 14.62s, valid_score: 0.110900]
25 Oct 12:54    INFO  valid result: 
recall@10 : 0.134    recall@20 : 0.195    recall@50 : 0.3066    ndcg@10 : 0.093    ndcg@20 : 0.1109    ndcg@50 : 0.1382    
25 Oct 12:54    INFO  epoch 121 training [time: 15.86s, train loss: -18.2806]
25 Oct 12:55    INFO  epoch 121 evaluating [time: 16.26s, valid_score: 0.110700]
25 Oct 12:55    INFO  valid result: 
recall@10 : 0.1338    recall@20 : 0.1947    recall@50 : 0.307    ndcg@10 : 0.0929    ndcg@20 : 0.1107    ndcg@50 : 0.1382    
25 Oct 12:55    INFO  epoch 122 training [time: 15.75s, train loss: -18.2802]
25 Oct 12:55    INFO  epoch 122 evaluating [time: 14.56s, valid_score: 0.111000]
25 Oct 12:55    INFO  valid result: 
recall@10 : 0.1342    recall@20 : 0.1955    recall@50 : 0.3076    ndcg@10 : 0.0932    ndcg@20 : 0.111    ndcg@50 : 0.1385    
25 Oct 12:55    INFO  epoch 123 training [time: 15.76s, train loss: -18.2801]
25 Oct 12:56    INFO  epoch 123 evaluating [time: 14.49s, valid_score: 0.111100]
25 Oct 12:56    INFO  valid result: 
recall@10 : 0.1332    recall@20 : 0.1957    recall@50 : 0.308    ndcg@10 : 0.0929    ndcg@20 : 0.1111    ndcg@50 : 0.1386    
25 Oct 12:56    INFO  epoch 124 training [time: 15.71s, train loss: -18.2796]
25 Oct 12:56    INFO  epoch 124 evaluating [time: 14.55s, valid_score: 0.111300]
25 Oct 12:56    INFO  valid result: 
recall@10 : 0.1352    recall@20 : 0.1962    recall@50 : 0.3077    ndcg@10 : 0.0936    ndcg@20 : 0.1113    ndcg@50 : 0.1387    
25 Oct 12:56    INFO  epoch 125 training [time: 15.72s, train loss: -18.2810]
25 Oct 12:57    INFO  epoch 125 evaluating [time: 14.51s, valid_score: 0.111500]
25 Oct 12:57    INFO  valid result: 
recall@10 : 0.1357    recall@20 : 0.1962    recall@50 : 0.3074    ndcg@10 : 0.0938    ndcg@20 : 0.1115    ndcg@50 : 0.1388    
25 Oct 12:57    INFO  epoch 126 training [time: 15.68s, train loss: -18.2802]
25 Oct 12:57    INFO  epoch 126 evaluating [time: 14.56s, valid_score: 0.111800]
25 Oct 12:57    INFO  valid result: 
recall@10 : 0.1353    recall@20 : 0.1962    recall@50 : 0.3079    ndcg@10 : 0.094    ndcg@20 : 0.1118    ndcg@50 : 0.1391    
25 Oct 12:57    INFO  Saving current best: saved/DirectAU-Oct-25-2023_11-53-06.pth
25 Oct 12:57    INFO  epoch 127 training [time: 15.75s, train loss: -18.2800]
25 Oct 12:58    INFO  epoch 127 evaluating [time: 14.97s, valid_score: 0.111800]
25 Oct 12:58    INFO  valid result: 
recall@10 : 0.135    recall@20 : 0.1964    recall@50 : 0.3085    ndcg@10 : 0.0939    ndcg@20 : 0.1118    ndcg@50 : 0.1393    
25 Oct 12:58    INFO  epoch 128 training [time: 15.73s, train loss: -18.2805]
25 Oct 12:58    INFO  epoch 128 evaluating [time: 14.56s, valid_score: 0.111300]
25 Oct 12:58    INFO  valid result: 
recall@10 : 0.1342    recall@20 : 0.1964    recall@50 : 0.309    ndcg@10 : 0.0931    ndcg@20 : 0.1113    ndcg@50 : 0.1389    
25 Oct 12:58    INFO  epoch 129 training [time: 15.75s, train loss: -18.2807]
25 Oct 12:59    INFO  epoch 129 evaluating [time: 14.67s, valid_score: 0.111500]
25 Oct 12:59    INFO  valid result: 
recall@10 : 0.1341    recall@20 : 0.1959    recall@50 : 0.3097    ndcg@10 : 0.0935    ndcg@20 : 0.1115    ndcg@50 : 0.1393    
25 Oct 12:59    INFO  epoch 130 training [time: 15.74s, train loss: -18.2808]
25 Oct 12:59    INFO  epoch 130 evaluating [time: 14.46s, valid_score: 0.111600]
25 Oct 12:59    INFO  valid result: 
recall@10 : 0.1339    recall@20 : 0.1963    recall@50 : 0.3089    ndcg@10 : 0.0933    ndcg@20 : 0.1116    ndcg@50 : 0.1391    
25 Oct 12:59    INFO  epoch 131 training [time: 15.70s, train loss: -18.2810]
25 Oct 13:00    INFO  epoch 131 evaluating [time: 14.31s, valid_score: 0.111400]
25 Oct 13:00    INFO  valid result: 
recall@10 : 0.1343    recall@20 : 0.1962    recall@50 : 0.3091    ndcg@10 : 0.0933    ndcg@20 : 0.1114    ndcg@50 : 0.1391    
25 Oct 13:00    INFO  epoch 132 training [time: 15.78s, train loss: -18.2807]
25 Oct 13:00    INFO  epoch 132 evaluating [time: 15.27s, valid_score: 0.111300]
25 Oct 13:00    INFO  valid result: 
recall@10 : 0.1342    recall@20 : 0.1958    recall@50 : 0.3084    ndcg@10 : 0.0933    ndcg@20 : 0.1113    ndcg@50 : 0.1389    
25 Oct 13:00    INFO  epoch 133 training [time: 15.74s, train loss: -18.2809]
25 Oct 13:01    INFO  epoch 133 evaluating [time: 14.55s, valid_score: 0.111800]
25 Oct 13:01    INFO  valid result: 
recall@10 : 0.1352    recall@20 : 0.1972    recall@50 : 0.3099    ndcg@10 : 0.0937    ndcg@20 : 0.1118    ndcg@50 : 0.1394    
25 Oct 13:01    INFO  epoch 134 training [time: 15.78s, train loss: -18.2806]
25 Oct 13:01    INFO  epoch 134 evaluating [time: 17.07s, valid_score: 0.112000]
25 Oct 13:01    INFO  valid result: 
recall@10 : 0.135    recall@20 : 0.1971    recall@50 : 0.3095    ndcg@10 : 0.0938    ndcg@20 : 0.112    ndcg@50 : 0.1395    
25 Oct 13:01    INFO  Saving current best: saved/DirectAU-Oct-25-2023_11-53-06.pth
25 Oct 13:01    INFO  epoch 135 training [time: 15.83s, train loss: -18.2807]
25 Oct 13:02    INFO  epoch 135 evaluating [time: 16.61s, valid_score: 0.112100]
25 Oct 13:02    INFO  valid result: 
recall@10 : 0.1351    recall@20 : 0.1967    recall@50 : 0.3102    ndcg@10 : 0.094    ndcg@20 : 0.1121    ndcg@50 : 0.1397    
25 Oct 13:02    INFO  Saving current best: saved/DirectAU-Oct-25-2023_11-53-06.pth
25 Oct 13:02    INFO  epoch 136 training [time: 15.78s, train loss: -18.2810]
25 Oct 13:02    INFO  epoch 136 evaluating [time: 14.67s, valid_score: 0.112300]
25 Oct 13:02    INFO  valid result: 
recall@10 : 0.1355    recall@20 : 0.1976    recall@50 : 0.3082    ndcg@10 : 0.0942    ndcg@20 : 0.1123    ndcg@50 : 0.1394    
25 Oct 13:02    INFO  Saving current best: saved/DirectAU-Oct-25-2023_11-53-06.pth
25 Oct 13:03    INFO  epoch 137 training [time: 15.75s, train loss: -18.2806]
25 Oct 13:03    INFO  epoch 137 evaluating [time: 14.35s, valid_score: 0.112300]
25 Oct 13:03    INFO  valid result: 
recall@10 : 0.1351    recall@20 : 0.1972    recall@50 : 0.3083    ndcg@10 : 0.0942    ndcg@20 : 0.1123    ndcg@50 : 0.1395    
25 Oct 13:03    INFO  epoch 138 training [time: 15.76s, train loss: -18.2808]
25 Oct 13:03    INFO  epoch 138 evaluating [time: 14.51s, valid_score: 0.112200]
25 Oct 13:03    INFO  valid result: 
recall@10 : 0.1349    recall@20 : 0.1975    recall@50 : 0.3081    ndcg@10 : 0.094    ndcg@20 : 0.1122    ndcg@50 : 0.1393    
25 Oct 13:04    INFO  epoch 139 training [time: 15.74s, train loss: -18.2807]
25 Oct 13:04    INFO  epoch 139 evaluating [time: 14.39s, valid_score: 0.112500]
25 Oct 13:04    INFO  valid result: 
recall@10 : 0.1344    recall@20 : 0.1975    recall@50 : 0.3082    ndcg@10 : 0.0941    ndcg@20 : 0.1125    ndcg@50 : 0.1396    
25 Oct 13:04    INFO  Saving current best: saved/DirectAU-Oct-25-2023_11-53-06.pth
25 Oct 13:04    INFO  epoch 140 training [time: 15.77s, train loss: -18.2806]
25 Oct 13:04    INFO  epoch 140 evaluating [time: 14.58s, valid_score: 0.112300]
25 Oct 13:04    INFO  valid result: 
recall@10 : 0.1357    recall@20 : 0.1975    recall@50 : 0.3092    ndcg@10 : 0.0944    ndcg@20 : 0.1123    ndcg@50 : 0.1397    
25 Oct 13:05    INFO  epoch 141 training [time: 15.75s, train loss: -18.2806]
25 Oct 13:05    INFO  epoch 141 evaluating [time: 14.34s, valid_score: 0.112500]
25 Oct 13:05    INFO  valid result: 
recall@10 : 0.1366    recall@20 : 0.1984    recall@50 : 0.3092    ndcg@10 : 0.0946    ndcg@20 : 0.1125    ndcg@50 : 0.1397    
25 Oct 13:05    INFO  epoch 142 training [time: 15.70s, train loss: -18.2806]
25 Oct 13:05    INFO  epoch 142 evaluating [time: 14.50s, valid_score: 0.112800]
25 Oct 13:05    INFO  valid result: 
recall@10 : 0.1352    recall@20 : 0.1986    recall@50 : 0.3103    ndcg@10 : 0.0944    ndcg@20 : 0.1128    ndcg@50 : 0.1402    
25 Oct 13:05    INFO  Saving current best: saved/DirectAU-Oct-25-2023_11-53-06.pth
25 Oct 13:06    INFO  epoch 143 training [time: 15.77s, train loss: -18.2810]
25 Oct 13:06    INFO  epoch 143 evaluating [time: 14.63s, valid_score: 0.112300]
25 Oct 13:06    INFO  valid result: 
recall@10 : 0.1361    recall@20 : 0.1974    recall@50 : 0.3096    ndcg@10 : 0.0945    ndcg@20 : 0.1123    ndcg@50 : 0.1399    
25 Oct 13:06    INFO  epoch 144 training [time: 15.78s, train loss: -18.2809]
25 Oct 13:06    INFO  epoch 144 evaluating [time: 14.37s, valid_score: 0.112700]
25 Oct 13:06    INFO  valid result: 
recall@10 : 0.1364    recall@20 : 0.1966    recall@50 : 0.3104    ndcg@10 : 0.0952    ndcg@20 : 0.1127    ndcg@50 : 0.1406    
25 Oct 13:07    INFO  epoch 145 training [time: 15.81s, train loss: -18.2809]
25 Oct 13:07    INFO  epoch 145 evaluating [time: 14.56s, valid_score: 0.112900]
25 Oct 13:07    INFO  valid result: 
recall@10 : 0.1365    recall@20 : 0.1975    recall@50 : 0.309    ndcg@10 : 0.095    ndcg@20 : 0.1129    ndcg@50 : 0.1402    
25 Oct 13:07    INFO  Saving current best: saved/DirectAU-Oct-25-2023_11-53-06.pth
25 Oct 13:07    INFO  epoch 146 training [time: 15.76s, train loss: -18.2809]
25 Oct 13:07    INFO  epoch 146 evaluating [time: 14.29s, valid_score: 0.112900]
25 Oct 13:07    INFO  valid result: 
recall@10 : 0.1362    recall@20 : 0.1983    recall@50 : 0.3094    ndcg@10 : 0.0949    ndcg@20 : 0.1129    ndcg@50 : 0.1401    
25 Oct 13:08    INFO  epoch 147 training [time: 15.79s, train loss: -18.2812]
25 Oct 13:08    INFO  epoch 147 evaluating [time: 14.45s, valid_score: 0.112900]
25 Oct 13:08    INFO  valid result: 
recall@10 : 0.1355    recall@20 : 0.1974    recall@50 : 0.3102    ndcg@10 : 0.0948    ndcg@20 : 0.1129    ndcg@50 : 0.1404    
25 Oct 13:08    INFO  epoch 148 training [time: 15.77s, train loss: -18.2810]
25 Oct 13:08    INFO  epoch 148 evaluating [time: 14.35s, valid_score: 0.112700]
25 Oct 13:08    INFO  valid result: 
recall@10 : 0.1367    recall@20 : 0.1986    recall@50 : 0.31    ndcg@10 : 0.0946    ndcg@20 : 0.1127    ndcg@50 : 0.1399    
25 Oct 13:09    INFO  epoch 149 training [time: 15.85s, train loss: -18.2807]
25 Oct 13:09    INFO  epoch 149 evaluating [time: 14.54s, valid_score: 0.112400]
25 Oct 13:09    INFO  valid result: 
recall@10 : 0.136    recall@20 : 0.1977    recall@50 : 0.3094    ndcg@10 : 0.0944    ndcg@20 : 0.1124    ndcg@50 : 0.1398    
25 Oct 13:09    INFO  epoch 150 training [time: 15.79s, train loss: -18.2812]
25 Oct 13:09    INFO  epoch 150 evaluating [time: 14.25s, valid_score: 0.112700]
25 Oct 13:09    INFO  valid result: 
recall@10 : 0.1354    recall@20 : 0.1984    recall@50 : 0.3111    ndcg@10 : 0.0943    ndcg@20 : 0.1127    ndcg@50 : 0.1402    
25 Oct 13:10    INFO  epoch 151 training [time: 15.82s, train loss: -18.2811]
25 Oct 13:10    INFO  epoch 151 evaluating [time: 14.55s, valid_score: 0.112400]
25 Oct 13:10    INFO  valid result: 
recall@10 : 0.1351    recall@20 : 0.1976    recall@50 : 0.3114    ndcg@10 : 0.0942    ndcg@20 : 0.1124    ndcg@50 : 0.1402    
25 Oct 13:10    INFO  epoch 152 training [time: 15.76s, train loss: -18.2814]
25 Oct 13:10    INFO  epoch 152 evaluating [time: 14.27s, valid_score: 0.112900]
25 Oct 13:10    INFO  valid result: 
recall@10 : 0.1366    recall@20 : 0.199    recall@50 : 0.3104    ndcg@10 : 0.0947    ndcg@20 : 0.1129    ndcg@50 : 0.1401    
25 Oct 13:11    INFO  epoch 153 training [time: 15.77s, train loss: -18.2811]
25 Oct 13:11    INFO  epoch 153 evaluating [time: 14.54s, valid_score: 0.112800]
25 Oct 13:11    INFO  valid result: 
recall@10 : 0.1358    recall@20 : 0.1991    recall@50 : 0.3104    ndcg@10 : 0.0944    ndcg@20 : 0.1128    ndcg@50 : 0.14    
25 Oct 13:11    INFO  epoch 154 training [time: 15.78s, train loss: -18.2808]
25 Oct 13:11    INFO  epoch 154 evaluating [time: 14.29s, valid_score: 0.112500]
25 Oct 13:11    INFO  valid result: 
recall@10 : 0.1356    recall@20 : 0.1974    recall@50 : 0.3111    ndcg@10 : 0.0945    ndcg@20 : 0.1125    ndcg@50 : 0.1403    
25 Oct 13:12    INFO  epoch 155 training [time: 15.77s, train loss: -18.2813]
25 Oct 13:12    INFO  epoch 155 evaluating [time: 14.39s, valid_score: 0.112600]
25 Oct 13:12    INFO  valid result: 
recall@10 : 0.1362    recall@20 : 0.1973    recall@50 : 0.3103    ndcg@10 : 0.0949    ndcg@20 : 0.1126    ndcg@50 : 0.1403    
25 Oct 13:12    INFO  epoch 156 training [time: 15.83s, train loss: -18.2812]
25 Oct 13:12    INFO  epoch 156 evaluating [time: 14.33s, valid_score: 0.112600]
25 Oct 13:12    INFO  valid result: 
recall@10 : 0.136    recall@20 : 0.197    recall@50 : 0.3103    ndcg@10 : 0.0948    ndcg@20 : 0.1126    ndcg@50 : 0.1403    
25 Oct 13:12    INFO  Finished training, best eval result in epoch 145
25 Oct 13:12    INFO  Loading model structure and parameters from saved/DirectAU-Oct-25-2023_11-53-06.pth
25 Oct 13:13    INFO  best valid : {'recall@10': 0.1365, 'recall@20': 0.1975, 'recall@50': 0.309, 'ndcg@10': 0.095, 'ndcg@20': 0.1129, 'ndcg@50': 0.1402}
25 Oct 13:13    INFO  test result: {'recall@10': 0.1398, 'recall@20': 0.1991, 'recall@50': 0.3124, 'ndcg@10': 0.0997, 'ndcg@20': 0.1167, 'ndcg@50': 0.1443}
