command line args [--zc 1] will not be used in RecBole
25 Oct 10:28    INFO  
General Hyper Parameters:
gpu_id = 4
use_gpu = True
seed = 0
state = INFO
reproducibility = True
data_path = dataset/Yelp
show_progress = False

Training Hyper Parameters:
checkpoint_dir = saved
epochs = 500
train_batch_size = 1024
learner = adam
learning_rate = 0.001
training_neg_sample_num = 0
training_neg_sample_distribution = uniform
eval_step = 1
stopping_step = 10
clip_grad_norm = None
weight_decay = 1e-05
draw_loss_pic = False
loss_decimal_place = 4

Evaluation Hyper Parameters:
eval_setting = RO_RS,full
group_by_user = True
split_ratio = [0.8, 0.1, 0.1]
leave_one_num = 2
real_time_process = False
metrics = ['Recall', 'NDCG']
topk = [10, 20, 50]
valid_metric = NDCG@20
eval_batch_size = 4096
metric_decimal_place = 4

Dataset Hyper Parameters:
field_separator = 	
seq_separator =  
USER_ID_FIELD = user_id
ITEM_ID_FIELD = item_id
RATING_FIELD = rating
TIME_FIELD = timestamp
seq_len = None
LABEL_FIELD = label
threshold = None
NEG_PREFIX = neg_
load_col = {'inter': ['user_id', 'item_id', 'timestamp']}
unload_col = None
unused_col = None
additional_feat_suffix = None
lowest_val = None
highest_val = None
equal_val = None
not_equal_val = None
max_user_inter_num = None
min_user_inter_num = 5
max_item_inter_num = None
min_item_inter_num = 5
fields_in_same_space = None
preload_weight = None
normalize_field = None
normalize_all = None
ITEM_LIST_LENGTH_FIELD = item_length
LIST_SUFFIX = _list
MAX_ITEM_LIST_LENGTH = 50
POSITION_FIELD = position_id
HEAD_ENTITY_ID_FIELD = head_id
TAIL_ENTITY_ID_FIELD = tail_id
RELATION_ID_FIELD = relation_id
ENTITY_ID_FIELD = entity_id

Other Hyper Parameters: 
valid_metric_bigger = True
BT = 0.1
bt = 0.001
embedding_size = 64
encoder = MF
gamma = 0.5
times = 1
witem = 0.1
wuser = 0.8
zc = 1.0
rm_dup_inter = None
filter_inter_by_user_or_item = True
SOURCE_ID_FIELD = source_id
TARGET_ID_FIELD = target_id
benchmark_filename = None
MODEL_TYPE = ModelType.GENERAL
MODEL_INPUT_TYPE = InputType.POINTWISE
eval_type = EvaluatorType.RANKING
device = cuda
train_neg_sample_args = {'strategy': 'none'}


25 Oct 10:28    INFO  Yelp
The number of users: 31669
Average actions of users: 49.305481874447395
The number of items: 38049
Average actions of items: 41.037794365012616
The number of inters: 1561406
The sparsity of the dataset: 99.87041991912021%
Remain Fields: ['user_id', 'item_id']
25 Oct 10:28    INFO  Build [GeneralDataLoader] for [train] with format [InputType.POINTWISE]
25 Oct 10:28    INFO  [train] No Negative Sampling
25 Oct 10:28    INFO  [train] batch_size = [1024], shuffle = [True]

25 Oct 10:28    INFO  Build [GeneralFullDataLoader] for [evaluation] with format [InputType.POINTWISE]
25 Oct 10:28    INFO  Evaluation Setting:
	Group by user_id
	Ordering: {'strategy': 'shuffle'}
	Splitting: {'strategy': 'by_ratio', 'ratios': [0.8, 0.1, 0.1]}
	Negative Sampling: {'strategy': 'full', 'distribution': 'uniform'}
25 Oct 10:28    INFO  [evaluation] batch_size = [4096], shuffle = [False]

25 Oct 10:28    WARNING  Batch size is changed to 38049.
25 Oct 10:28    WARNING  Batch size is changed to 38049.
{'BT': 0.1, 'bt': 0.001, 'embedding_size': 64, 'encoder': 'MF', 'gamma': None, 'times': 1, 'training_neg_sample_num': 0, 'witem': 0.1, 'wuser': 0.8, 'zc': 1.0}
this is encoder MF...
这是directau 的 WUBT 版本...
25 Oct 10:28    INFO  DirectAU(
  (encoder): MFEncoder(
    (user_embedding): Embedding(31669, 64)
    (item_embedding): Embedding(38049, 64)
  )
  (bn): BatchNorm1d(64, eps=1e-05, momentum=0.1, affine=False, track_running_stats=True)
  (projector): Sequential(
    (0): Linear(in_features=64, out_features=64, bias=False)
    (1): BatchNorm1d(64, eps=1e-05, momentum=0.1, affine=True, track_running_stats=True)
    (2): ReLU(inplace=True)
    (3): Linear(in_features=64, out_features=64, bias=False)
    (4): BatchNorm1d(64, eps=1e-05, momentum=0.1, affine=True, track_running_stats=True)
    (5): ReLU(inplace=True)
    (6): Linear(in_features=64, out_features=64, bias=False)
  )
)
Trainable parameters: 4474496
25 Oct 10:29    INFO  epoch 0 training [time: 23.82s, train loss: -0.2462]
25 Oct 10:29    INFO  epoch 0 evaluating [time: 17.64s, valid_score: 0.023200]
25 Oct 10:29    INFO  valid result: 
recall@10 : 0.0216    recall@20 : 0.038    recall@50 : 0.0771    ndcg@10 : 0.0175    ndcg@20 : 0.0232    ndcg@50 : 0.0348    
25 Oct 10:29    INFO  Saving current best: saved/DirectAU-Oct-25-2023_10-28-53.pth
25 Oct 10:29    INFO  epoch 1 training [time: 23.69s, train loss: -0.6625]
25 Oct 10:30    INFO  epoch 1 evaluating [time: 15.15s, valid_score: 0.033500]
25 Oct 10:30    INFO  valid result: 
recall@10 : 0.0327    recall@20 : 0.0547    recall@50 : 0.1047    ndcg@10 : 0.026    ndcg@20 : 0.0335    ndcg@50 : 0.0482    
25 Oct 10:30    INFO  Saving current best: saved/DirectAU-Oct-25-2023_10-28-53.pth
25 Oct 10:30    INFO  epoch 2 training [time: 23.75s, train loss: -0.7415]
25 Oct 10:30    INFO  epoch 2 evaluating [time: 15.24s, valid_score: 0.039300]
25 Oct 10:30    INFO  valid result: 
recall@10 : 0.0378    recall@20 : 0.0637    recall@50 : 0.1204    ndcg@10 : 0.0304    ndcg@20 : 0.0393    ndcg@50 : 0.0559    
25 Oct 10:30    INFO  Saving current best: saved/DirectAU-Oct-25-2023_10-28-53.pth
25 Oct 10:31    INFO  epoch 3 training [time: 23.79s, train loss: -0.7797]
25 Oct 10:31    INFO  epoch 3 evaluating [time: 15.28s, valid_score: 0.044300]
25 Oct 10:31    INFO  valid result: 
recall@10 : 0.0433    recall@20 : 0.0721    recall@50 : 0.1315    ndcg@10 : 0.0345    ndcg@20 : 0.0443    ndcg@50 : 0.0617    
25 Oct 10:31    INFO  Saving current best: saved/DirectAU-Oct-25-2023_10-28-53.pth
25 Oct 10:31    INFO  epoch 4 training [time: 23.77s, train loss: -0.8041]
25 Oct 10:32    INFO  epoch 4 evaluating [time: 15.00s, valid_score: 0.047800]
25 Oct 10:32    INFO  valid result: 
recall@10 : 0.0472    recall@20 : 0.077    recall@50 : 0.141    ndcg@10 : 0.0377    ndcg@20 : 0.0478    ndcg@50 : 0.0665    
25 Oct 10:32    INFO  Saving current best: saved/DirectAU-Oct-25-2023_10-28-53.pth
25 Oct 10:32    INFO  epoch 5 training [time: 23.97s, train loss: -0.8218]
25 Oct 10:32    INFO  epoch 5 evaluating [time: 15.39s, valid_score: 0.051400]
25 Oct 10:32    INFO  valid result: 
recall@10 : 0.0515    recall@20 : 0.083    recall@50 : 0.1499    ndcg@10 : 0.0407    ndcg@20 : 0.0514    ndcg@50 : 0.071    
25 Oct 10:32    INFO  Saving current best: saved/DirectAU-Oct-25-2023_10-28-53.pth
25 Oct 10:33    INFO  epoch 6 training [time: 23.97s, train loss: -0.8353]
25 Oct 10:33    INFO  epoch 6 evaluating [time: 15.06s, valid_score: 0.053900]
25 Oct 10:33    INFO  valid result: 
recall@10 : 0.0537    recall@20 : 0.0864    recall@50 : 0.1566    ndcg@10 : 0.0428    ndcg@20 : 0.0539    ndcg@50 : 0.0744    
25 Oct 10:33    INFO  Saving current best: saved/DirectAU-Oct-25-2023_10-28-53.pth
25 Oct 10:33    INFO  epoch 7 training [time: 23.84s, train loss: -0.8466]
25 Oct 10:34    INFO  epoch 7 evaluating [time: 15.40s, valid_score: 0.055400]
25 Oct 10:34    INFO  valid result: 
recall@10 : 0.0542    recall@20 : 0.0892    recall@50 : 0.1609    ndcg@10 : 0.0435    ndcg@20 : 0.0554    ndcg@50 : 0.0763    
25 Oct 10:34    INFO  Saving current best: saved/DirectAU-Oct-25-2023_10-28-53.pth
25 Oct 10:34    INFO  epoch 8 training [time: 23.84s, train loss: -0.8556]
25 Oct 10:34    INFO  epoch 8 evaluating [time: 17.14s, valid_score: 0.056800]
25 Oct 10:34    INFO  valid result: 
recall@10 : 0.0564    recall@20 : 0.091    recall@50 : 0.1633    ndcg@10 : 0.0451    ndcg@20 : 0.0568    ndcg@50 : 0.0778    
25 Oct 10:34    INFO  Saving current best: saved/DirectAU-Oct-25-2023_10-28-53.pth
25 Oct 10:35    INFO  epoch 9 training [time: 23.83s, train loss: -0.8630]
25 Oct 10:35    INFO  epoch 9 evaluating [time: 15.48s, valid_score: 0.058000]
25 Oct 10:35    INFO  valid result: 
recall@10 : 0.0578    recall@20 : 0.0929    recall@50 : 0.1663    ndcg@10 : 0.0461    ndcg@20 : 0.058    ndcg@50 : 0.0794    
25 Oct 10:35    INFO  Saving current best: saved/DirectAU-Oct-25-2023_10-28-53.pth
25 Oct 10:35    INFO  epoch 10 training [time: 23.83s, train loss: -0.8694]
25 Oct 10:36    INFO  epoch 10 evaluating [time: 15.09s, valid_score: 0.058700]
25 Oct 10:36    INFO  valid result: 
recall@10 : 0.0587    recall@20 : 0.0936    recall@50 : 0.1676    ndcg@10 : 0.0469    ndcg@20 : 0.0587    ndcg@50 : 0.0801    
25 Oct 10:36    INFO  Saving current best: saved/DirectAU-Oct-25-2023_10-28-53.pth
25 Oct 10:36    INFO  epoch 11 training [time: 23.84s, train loss: -0.8745]
25 Oct 10:36    INFO  epoch 11 evaluating [time: 15.38s, valid_score: 0.058500]
25 Oct 10:36    INFO  valid result: 
recall@10 : 0.0589    recall@20 : 0.0939    recall@50 : 0.1694    ndcg@10 : 0.0467    ndcg@20 : 0.0585    ndcg@50 : 0.0805    
25 Oct 10:37    INFO  epoch 12 training [time: 23.69s, train loss: -0.8789]
25 Oct 10:37    INFO  epoch 12 evaluating [time: 15.29s, valid_score: 0.059500]
25 Oct 10:37    INFO  valid result: 
recall@10 : 0.0589    recall@20 : 0.095    recall@50 : 0.1718    ndcg@10 : 0.0474    ndcg@20 : 0.0595    ndcg@50 : 0.0818    
25 Oct 10:37    INFO  Saving current best: saved/DirectAU-Oct-25-2023_10-28-53.pth
25 Oct 10:37    INFO  epoch 13 training [time: 23.90s, train loss: -0.8827]
25 Oct 10:38    INFO  epoch 13 evaluating [time: 15.56s, valid_score: 0.059400]
25 Oct 10:38    INFO  valid result: 
recall@10 : 0.059    recall@20 : 0.0946    recall@50 : 0.1721    ndcg@10 : 0.0474    ndcg@20 : 0.0594    ndcg@50 : 0.0818    
25 Oct 10:38    INFO  epoch 14 training [time: 23.91s, train loss: -0.8857]
25 Oct 10:38    INFO  epoch 14 evaluating [time: 15.14s, valid_score: 0.060400]
25 Oct 10:38    INFO  valid result: 
recall@10 : 0.0606    recall@20 : 0.097    recall@50 : 0.1723    ndcg@10 : 0.0481    ndcg@20 : 0.0604    ndcg@50 : 0.0823    
25 Oct 10:38    INFO  Saving current best: saved/DirectAU-Oct-25-2023_10-28-53.pth
25 Oct 10:39    INFO  epoch 15 training [time: 23.77s, train loss: -0.8885]
25 Oct 10:39    INFO  epoch 15 evaluating [time: 15.40s, valid_score: 0.060200]
25 Oct 10:39    INFO  valid result: 
recall@10 : 0.0602    recall@20 : 0.0966    recall@50 : 0.1736    ndcg@10 : 0.0479    ndcg@20 : 0.0602    ndcg@50 : 0.0825    
25 Oct 10:39    INFO  epoch 16 training [time: 23.89s, train loss: -0.8907]
25 Oct 10:40    INFO  epoch 16 evaluating [time: 15.52s, valid_score: 0.060700]
25 Oct 10:40    INFO  valid result: 
recall@10 : 0.0603    recall@20 : 0.0974    recall@50 : 0.1741    ndcg@10 : 0.0482    ndcg@20 : 0.0607    ndcg@50 : 0.0829    
25 Oct 10:40    INFO  Saving current best: saved/DirectAU-Oct-25-2023_10-28-53.pth
25 Oct 10:40    INFO  epoch 17 training [time: 23.84s, train loss: -0.8929]
25 Oct 10:40    INFO  epoch 17 evaluating [time: 15.15s, valid_score: 0.059900]
25 Oct 10:40    INFO  valid result: 
recall@10 : 0.0597    recall@20 : 0.0966    recall@50 : 0.1733    ndcg@10 : 0.0475    ndcg@20 : 0.0599    ndcg@50 : 0.0822    
25 Oct 10:41    INFO  epoch 18 training [time: 23.83s, train loss: -0.8946]
25 Oct 10:41    INFO  epoch 18 evaluating [time: 17.52s, valid_score: 0.060300]
25 Oct 10:41    INFO  valid result: 
recall@10 : 0.06    recall@20 : 0.0971    recall@50 : 0.1746    ndcg@10 : 0.0479    ndcg@20 : 0.0603    ndcg@50 : 0.0829    
25 Oct 10:41    INFO  epoch 19 training [time: 23.95s, train loss: -0.8961]
25 Oct 10:42    INFO  epoch 19 evaluating [time: 15.31s, valid_score: 0.061000]
25 Oct 10:42    INFO  valid result: 
recall@10 : 0.0606    recall@20 : 0.0972    recall@50 : 0.1744    ndcg@10 : 0.0486    ndcg@20 : 0.061    ndcg@50 : 0.0834    
25 Oct 10:42    INFO  Saving current best: saved/DirectAU-Oct-25-2023_10-28-53.pth
25 Oct 10:42    INFO  epoch 20 training [time: 23.83s, train loss: -0.8974]
25 Oct 10:42    INFO  epoch 20 evaluating [time: 15.47s, valid_score: 0.060600]
25 Oct 10:42    INFO  valid result: 
recall@10 : 0.0613    recall@20 : 0.0975    recall@50 : 0.1739    ndcg@10 : 0.0485    ndcg@20 : 0.0606    ndcg@50 : 0.0828    
25 Oct 10:43    INFO  epoch 21 training [time: 23.82s, train loss: -0.8984]
25 Oct 10:43    INFO  epoch 21 evaluating [time: 15.04s, valid_score: 0.060900]
25 Oct 10:43    INFO  valid result: 
recall@10 : 0.0609    recall@20 : 0.0975    recall@50 : 0.1767    ndcg@10 : 0.0485    ndcg@20 : 0.0609    ndcg@50 : 0.0838    
25 Oct 10:43    INFO  epoch 22 training [time: 23.82s, train loss: -0.8993]
25 Oct 10:44    INFO  epoch 22 evaluating [time: 15.31s, valid_score: 0.060800]
25 Oct 10:44    INFO  valid result: 
recall@10 : 0.061    recall@20 : 0.0973    recall@50 : 0.1749    ndcg@10 : 0.0485    ndcg@20 : 0.0608    ndcg@50 : 0.0832    
25 Oct 10:44    INFO  epoch 23 training [time: 23.83s, train loss: -0.9002]
25 Oct 10:44    INFO  epoch 23 evaluating [time: 15.15s, valid_score: 0.061200]
25 Oct 10:44    INFO  valid result: 
recall@10 : 0.0614    recall@20 : 0.0974    recall@50 : 0.1761    ndcg@10 : 0.0491    ndcg@20 : 0.0612    ndcg@50 : 0.084    
25 Oct 10:44    INFO  Saving current best: saved/DirectAU-Oct-25-2023_10-28-53.pth
25 Oct 10:45    INFO  epoch 24 training [time: 23.75s, train loss: -0.9009]
25 Oct 10:45    INFO  epoch 24 evaluating [time: 15.34s, valid_score: 0.061300]
25 Oct 10:45    INFO  valid result: 
recall@10 : 0.0608    recall@20 : 0.0981    recall@50 : 0.1751    ndcg@10 : 0.0487    ndcg@20 : 0.0613    ndcg@50 : 0.0836    
25 Oct 10:45    INFO  Saving current best: saved/DirectAU-Oct-25-2023_10-28-53.pth
25 Oct 10:45    INFO  epoch 25 training [time: 24.01s, train loss: -0.9015]
25 Oct 10:45    INFO  epoch 25 evaluating [time: 15.24s, valid_score: 0.061000]
25 Oct 10:45    INFO  valid result: 
recall@10 : 0.0606    recall@20 : 0.0978    recall@50 : 0.1767    ndcg@10 : 0.0485    ndcg@20 : 0.061    ndcg@50 : 0.0838    
25 Oct 10:46    INFO  epoch 26 training [time: 23.87s, train loss: -0.9021]
25 Oct 10:46    INFO  epoch 26 evaluating [time: 15.58s, valid_score: 0.060800]
25 Oct 10:46    INFO  valid result: 
recall@10 : 0.0603    recall@20 : 0.0972    recall@50 : 0.1748    ndcg@10 : 0.0483    ndcg@20 : 0.0608    ndcg@50 : 0.0833    
25 Oct 10:47    INFO  epoch 27 training [time: 23.69s, train loss: -0.9027]
25 Oct 10:47    INFO  epoch 27 evaluating [time: 15.45s, valid_score: 0.060800]
25 Oct 10:47    INFO  valid result: 
recall@10 : 0.0614    recall@20 : 0.0974    recall@50 : 0.1752    ndcg@10 : 0.0486    ndcg@20 : 0.0608    ndcg@50 : 0.0834    
25 Oct 10:47    INFO  epoch 28 training [time: 23.77s, train loss: -0.9032]
25 Oct 10:47    INFO  epoch 28 evaluating [time: 15.52s, valid_score: 0.061400]
25 Oct 10:47    INFO  valid result: 
recall@10 : 0.0607    recall@20 : 0.0979    recall@50 : 0.1746    ndcg@10 : 0.0489    ndcg@20 : 0.0614    ndcg@50 : 0.0837    
25 Oct 10:47    INFO  Saving current best: saved/DirectAU-Oct-25-2023_10-28-53.pth
25 Oct 10:48    INFO  epoch 29 training [time: 23.80s, train loss: -0.9037]
25 Oct 10:48    INFO  epoch 29 evaluating [time: 15.55s, valid_score: 0.060900]
25 Oct 10:48    INFO  valid result: 
recall@10 : 0.0604    recall@20 : 0.0976    recall@50 : 0.1755    ndcg@10 : 0.0484    ndcg@20 : 0.0609    ndcg@50 : 0.0836    
25 Oct 10:49    INFO  epoch 30 training [time: 23.77s, train loss: -0.9040]
25 Oct 10:49    INFO  epoch 30 evaluating [time: 15.29s, valid_score: 0.061100]
25 Oct 10:49    INFO  valid result: 
recall@10 : 0.0607    recall@20 : 0.0975    recall@50 : 0.1757    ndcg@10 : 0.0487    ndcg@20 : 0.0611    ndcg@50 : 0.0838    
25 Oct 10:49    INFO  epoch 31 training [time: 23.87s, train loss: -0.9045]
25 Oct 10:49    INFO  epoch 31 evaluating [time: 15.37s, valid_score: 0.061100]
25 Oct 10:49    INFO  valid result: 
recall@10 : 0.0619    recall@20 : 0.0982    recall@50 : 0.1751    ndcg@10 : 0.0489    ndcg@20 : 0.0611    ndcg@50 : 0.0835    
25 Oct 10:50    INFO  epoch 32 training [time: 23.79s, train loss: -0.9049]
25 Oct 10:50    INFO  epoch 32 evaluating [time: 15.12s, valid_score: 0.060700]
25 Oct 10:50    INFO  valid result: 
recall@10 : 0.0602    recall@20 : 0.0976    recall@50 : 0.1759    ndcg@10 : 0.0481    ndcg@20 : 0.0607    ndcg@50 : 0.0834    
25 Oct 10:50    INFO  epoch 33 training [time: 23.76s, train loss: -0.9053]
25 Oct 10:51    INFO  epoch 33 evaluating [time: 15.34s, valid_score: 0.060700]
25 Oct 10:51    INFO  valid result: 
recall@10 : 0.0603    recall@20 : 0.0967    recall@50 : 0.176    ndcg@10 : 0.0484    ndcg@20 : 0.0607    ndcg@50 : 0.0836    
25 Oct 10:51    INFO  epoch 34 training [time: 23.83s, train loss: -0.9058]
25 Oct 10:51    INFO  epoch 34 evaluating [time: 15.03s, valid_score: 0.061000]
25 Oct 10:51    INFO  valid result: 
recall@10 : 0.0598    recall@20 : 0.0981    recall@50 : 0.1765    ndcg@10 : 0.0481    ndcg@20 : 0.061    ndcg@50 : 0.0837    
25 Oct 10:52    INFO  epoch 35 training [time: 23.87s, train loss: -0.9061]
25 Oct 10:52    INFO  epoch 35 evaluating [time: 15.44s, valid_score: 0.061000]
25 Oct 10:52    INFO  valid result: 
recall@10 : 0.061    recall@20 : 0.0982    recall@50 : 0.1764    ndcg@10 : 0.0485    ndcg@20 : 0.061    ndcg@50 : 0.0837    
25 Oct 10:52    INFO  epoch 36 training [time: 23.97s, train loss: -0.9065]
25 Oct 10:53    INFO  epoch 36 evaluating [time: 15.17s, valid_score: 0.061100]
25 Oct 10:53    INFO  valid result: 
recall@10 : 0.061    recall@20 : 0.0983    recall@50 : 0.1764    ndcg@10 : 0.0485    ndcg@20 : 0.0611    ndcg@50 : 0.0838    
25 Oct 10:53    INFO  epoch 37 training [time: 23.92s, train loss: -0.9068]
25 Oct 10:53    INFO  epoch 37 evaluating [time: 15.41s, valid_score: 0.060900]
25 Oct 10:53    INFO  valid result: 
recall@10 : 0.0608    recall@20 : 0.0974    recall@50 : 0.1763    ndcg@10 : 0.0486    ndcg@20 : 0.0609    ndcg@50 : 0.0838    
25 Oct 10:54    INFO  epoch 38 training [time: 23.77s, train loss: -0.9071]
25 Oct 10:54    INFO  epoch 38 evaluating [time: 15.13s, valid_score: 0.061200]
25 Oct 10:54    INFO  valid result: 
recall@10 : 0.0608    recall@20 : 0.0978    recall@50 : 0.1756    ndcg@10 : 0.0488    ndcg@20 : 0.0612    ndcg@50 : 0.0838    
25 Oct 10:54    INFO  epoch 39 training [time: 23.74s, train loss: -0.9074]
25 Oct 10:55    INFO  epoch 39 evaluating [time: 15.80s, valid_score: 0.061300]
25 Oct 10:55    INFO  valid result: 
recall@10 : 0.061    recall@20 : 0.0981    recall@50 : 0.1763    ndcg@10 : 0.0489    ndcg@20 : 0.0613    ndcg@50 : 0.0841    
25 Oct 10:55    INFO  Finished training, best eval result in epoch 28
25 Oct 10:55    INFO  Loading model structure and parameters from saved/DirectAU-Oct-25-2023_10-28-53.pth
25 Oct 10:55    INFO  best valid : {'recall@10': 0.0607, 'recall@20': 0.0979, 'recall@50': 0.1746, 'ndcg@10': 0.0489, 'ndcg@20': 0.0614, 'ndcg@50': 0.0837}
25 Oct 10:55    INFO  test result: {'recall@10': 0.0612, 'recall@20': 0.098, 'recall@50': 0.1754, 'ndcg@10': 0.0491, 'ndcg@20': 0.0613, 'ndcg@50': 0.0837}
