command line args [--zc 1] will not be used in RecBole
25 Oct 17:46    INFO  
General Hyper Parameters:
gpu_id = 2
use_gpu = True
seed = 0
state = INFO
reproducibility = True
data_path = dataset/Yelp
show_progress = False

Training Hyper Parameters:
checkpoint_dir = saved
epochs = 500
train_batch_size = 1024
learner = adam
learning_rate = 0.001
training_neg_sample_num = 0
training_neg_sample_distribution = uniform
eval_step = 1
stopping_step = 10
clip_grad_norm = None
weight_decay = 1e-06
draw_loss_pic = False
loss_decimal_place = 4

Evaluation Hyper Parameters:
eval_setting = RO_RS,full
group_by_user = True
split_ratio = [0.8, 0.1, 0.1]
leave_one_num = 2
real_time_process = False
metrics = ['Recall', 'NDCG']
topk = [10, 20, 50]
valid_metric = NDCG@20
eval_batch_size = 4096
metric_decimal_place = 4

Dataset Hyper Parameters:
field_separator = 	
seq_separator =  
USER_ID_FIELD = user_id
ITEM_ID_FIELD = item_id
RATING_FIELD = rating
TIME_FIELD = timestamp
seq_len = None
LABEL_FIELD = label
threshold = None
NEG_PREFIX = neg_
load_col = {'inter': ['user_id', 'item_id', 'timestamp']}
unload_col = None
unused_col = None
additional_feat_suffix = None
lowest_val = None
highest_val = None
equal_val = None
not_equal_val = None
max_user_inter_num = None
min_user_inter_num = 5
max_item_inter_num = None
min_item_inter_num = 5
fields_in_same_space = None
preload_weight = None
normalize_field = None
normalize_all = None
ITEM_LIST_LENGTH_FIELD = item_length
LIST_SUFFIX = _list
MAX_ITEM_LIST_LENGTH = 50
POSITION_FIELD = position_id
HEAD_ENTITY_ID_FIELD = head_id
TAIL_ENTITY_ID_FIELD = tail_id
RELATION_ID_FIELD = relation_id
ENTITY_ID_FIELD = entity_id

Other Hyper Parameters: 
valid_metric_bigger = True
BT = 0.1
bt = 0.001
embedding_size = 64
encoder = MF
gamma = 0.5
times = 1
witem = 0.1
wuser = 0.8
zc = 1.0
rm_dup_inter = None
filter_inter_by_user_or_item = True
SOURCE_ID_FIELD = source_id
TARGET_ID_FIELD = target_id
benchmark_filename = None
MODEL_TYPE = ModelType.GENERAL
MODEL_INPUT_TYPE = InputType.POINTWISE
eval_type = EvaluatorType.RANKING
device = cuda
train_neg_sample_args = {'strategy': 'none'}


25 Oct 17:46    INFO  Yelp
The number of users: 31669
Average actions of users: 49.305481874447395
The number of items: 38049
Average actions of items: 41.037794365012616
The number of inters: 1561406
The sparsity of the dataset: 99.87041991912021%
Remain Fields: ['user_id', 'item_id']
25 Oct 17:46    INFO  Build [GeneralDataLoader] for [train] with format [InputType.POINTWISE]
25 Oct 17:46    INFO  [train] No Negative Sampling
25 Oct 17:46    INFO  [train] batch_size = [1024], shuffle = [True]

25 Oct 17:46    INFO  Build [GeneralFullDataLoader] for [evaluation] with format [InputType.POINTWISE]
25 Oct 17:46    INFO  Evaluation Setting:
	Group by user_id
	Ordering: {'strategy': 'shuffle'}
	Splitting: {'strategy': 'by_ratio', 'ratios': [0.8, 0.1, 0.1]}
	Negative Sampling: {'strategy': 'full', 'distribution': 'uniform'}
25 Oct 17:46    INFO  [evaluation] batch_size = [4096], shuffle = [False]

25 Oct 17:46    WARNING  Batch size is changed to 38049.
25 Oct 17:46    WARNING  Batch size is changed to 38049.
{'BT': 0.1, 'bt': 0.001, 'embedding_size': 64, 'encoder': 'MF', 'gamma': None, 'times': 1, 'training_neg_sample_num': 0, 'witem': 0.1, 'wuser': 0.8, 'zc': 1.0}
this is encoder MF...
这是directau 的 WUBT 版本...
25 Oct 17:46    INFO  DirectAU(
  (encoder): MFEncoder(
    (user_embedding): Embedding(31669, 64)
    (item_embedding): Embedding(38049, 64)
  )
  (bn): BatchNorm1d(64, eps=1e-05, momentum=0.1, affine=False, track_running_stats=True)
  (projector): Sequential(
    (0): Linear(in_features=64, out_features=64, bias=False)
    (1): BatchNorm1d(64, eps=1e-05, momentum=0.1, affine=True, track_running_stats=True)
    (2): ReLU(inplace=True)
    (3): Linear(in_features=64, out_features=64, bias=False)
    (4): BatchNorm1d(64, eps=1e-05, momentum=0.1, affine=True, track_running_stats=True)
    (5): ReLU(inplace=True)
    (6): Linear(in_features=64, out_features=64, bias=False)
  )
)
Trainable parameters: 4474496
25 Oct 17:46    INFO  epoch 0 training [time: 23.69s, train loss: -0.1955]
25 Oct 17:47    INFO  epoch 0 evaluating [time: 15.34s, valid_score: 0.022900]
25 Oct 17:47    INFO  valid result: 
recall@10 : 0.0218    recall@20 : 0.0376    recall@50 : 0.0764    ndcg@10 : 0.0174    ndcg@20 : 0.0229    ndcg@50 : 0.0345    
25 Oct 17:47    INFO  Saving current best: saved/DirectAU-Oct-25-2023_17-46-28.pth
25 Oct 17:47    INFO  epoch 1 training [time: 23.62s, train loss: -0.5796]
25 Oct 17:47    INFO  epoch 1 evaluating [time: 14.97s, valid_score: 0.033900]
25 Oct 17:47    INFO  valid result: 
recall@10 : 0.0328    recall@20 : 0.0559    recall@50 : 0.1071    ndcg@10 : 0.026    ndcg@20 : 0.0339    ndcg@50 : 0.0491    
25 Oct 17:47    INFO  Saving current best: saved/DirectAU-Oct-25-2023_17-46-28.pth
25 Oct 17:48    INFO  epoch 2 training [time: 23.72s, train loss: -0.6545]
25 Oct 17:48    INFO  epoch 2 evaluating [time: 15.24s, valid_score: 0.038600]
25 Oct 17:48    INFO  valid result: 
recall@10 : 0.0376    recall@20 : 0.0635    recall@50 : 0.1195    ndcg@10 : 0.0297    ndcg@20 : 0.0386    ndcg@50 : 0.0551    
25 Oct 17:48    INFO  Saving current best: saved/DirectAU-Oct-25-2023_17-46-28.pth
25 Oct 17:48    INFO  epoch 3 training [time: 23.81s, train loss: -0.6924]
25 Oct 17:49    INFO  epoch 3 evaluating [time: 15.26s, valid_score: 0.041400]
25 Oct 17:49    INFO  valid result: 
recall@10 : 0.041    recall@20 : 0.0684    recall@50 : 0.1281    ndcg@10 : 0.032    ndcg@20 : 0.0414    ndcg@50 : 0.0589    
25 Oct 17:49    INFO  Saving current best: saved/DirectAU-Oct-25-2023_17-46-28.pth
25 Oct 17:49    INFO  epoch 4 training [time: 23.85s, train loss: -0.7177]
25 Oct 17:49    INFO  epoch 4 evaluating [time: 15.08s, valid_score: 0.043700]
25 Oct 17:49    INFO  valid result: 
recall@10 : 0.0436    recall@20 : 0.0722    recall@50 : 0.1332    ndcg@10 : 0.034    ndcg@20 : 0.0437    ndcg@50 : 0.0615    
25 Oct 17:49    INFO  Saving current best: saved/DirectAU-Oct-25-2023_17-46-28.pth
25 Oct 17:50    INFO  epoch 5 training [time: 23.86s, train loss: -0.7370]
25 Oct 17:50    INFO  epoch 5 evaluating [time: 15.35s, valid_score: 0.045900]
25 Oct 17:50    INFO  valid result: 
recall@10 : 0.0456    recall@20 : 0.0759    recall@50 : 0.1392    ndcg@10 : 0.0356    ndcg@20 : 0.0459    ndcg@50 : 0.0644    
25 Oct 17:50    INFO  Saving current best: saved/DirectAU-Oct-25-2023_17-46-28.pth
25 Oct 17:50    INFO  epoch 6 training [time: 23.80s, train loss: -0.7527]
25 Oct 17:51    INFO  epoch 6 evaluating [time: 15.07s, valid_score: 0.047900]
25 Oct 17:51    INFO  valid result: 
recall@10 : 0.0477    recall@20 : 0.0791    recall@50 : 0.1442    ndcg@10 : 0.0371    ndcg@20 : 0.0479    ndcg@50 : 0.0669    
25 Oct 17:51    INFO  Saving current best: saved/DirectAU-Oct-25-2023_17-46-28.pth
25 Oct 17:51    INFO  epoch 7 training [time: 23.80s, train loss: -0.7661]
25 Oct 17:51    INFO  epoch 7 evaluating [time: 15.28s, valid_score: 0.049400]
25 Oct 17:51    INFO  valid result: 
recall@10 : 0.0496    recall@20 : 0.0816    recall@50 : 0.1481    ndcg@10 : 0.0385    ndcg@20 : 0.0494    ndcg@50 : 0.0688    
25 Oct 17:51    INFO  Saving current best: saved/DirectAU-Oct-25-2023_17-46-28.pth
25 Oct 17:52    INFO  epoch 8 training [time: 23.81s, train loss: -0.7775]
25 Oct 17:52    INFO  epoch 8 evaluating [time: 14.96s, valid_score: 0.050900]
25 Oct 17:52    INFO  valid result: 
recall@10 : 0.0502    recall@20 : 0.0839    recall@50 : 0.1522    ndcg@10 : 0.0394    ndcg@20 : 0.0509    ndcg@50 : 0.0708    
25 Oct 17:52    INFO  Saving current best: saved/DirectAU-Oct-25-2023_17-46-28.pth
25 Oct 17:52    INFO  epoch 9 training [time: 23.78s, train loss: -0.7872]
25 Oct 17:52    INFO  epoch 9 evaluating [time: 15.40s, valid_score: 0.052700]
25 Oct 17:52    INFO  valid result: 
recall@10 : 0.0527    recall@20 : 0.0862    recall@50 : 0.1569    ndcg@10 : 0.0413    ndcg@20 : 0.0527    ndcg@50 : 0.0733    
25 Oct 17:53    INFO  Saving current best: saved/DirectAU-Oct-25-2023_17-46-28.pth
25 Oct 17:53    INFO  epoch 10 training [time: 23.79s, train loss: -0.7958]
25 Oct 17:53    INFO  epoch 10 evaluating [time: 15.00s, valid_score: 0.054000]
25 Oct 17:53    INFO  valid result: 
recall@10 : 0.0532    recall@20 : 0.0882    recall@50 : 0.1612    ndcg@10 : 0.0422    ndcg@20 : 0.054    ndcg@50 : 0.0752    
25 Oct 17:53    INFO  Saving current best: saved/DirectAU-Oct-25-2023_17-46-28.pth
25 Oct 17:54    INFO  epoch 11 training [time: 23.85s, train loss: -0.8030]
25 Oct 17:54    INFO  epoch 11 evaluating [time: 15.25s, valid_score: 0.055000]
25 Oct 17:54    INFO  valid result: 
recall@10 : 0.0545    recall@20 : 0.0902    recall@50 : 0.164    ndcg@10 : 0.0429    ndcg@20 : 0.055    ndcg@50 : 0.0765    
25 Oct 17:54    INFO  Saving current best: saved/DirectAU-Oct-25-2023_17-46-28.pth
25 Oct 17:54    INFO  epoch 12 training [time: 23.82s, train loss: -0.8094]
25 Oct 17:54    INFO  epoch 12 evaluating [time: 15.01s, valid_score: 0.056700]
25 Oct 17:54    INFO  valid result: 
recall@10 : 0.0565    recall@20 : 0.0926    recall@50 : 0.1687    ndcg@10 : 0.0444    ndcg@20 : 0.0567    ndcg@50 : 0.0786    
25 Oct 17:54    INFO  Saving current best: saved/DirectAU-Oct-25-2023_17-46-28.pth
25 Oct 17:55    INFO  epoch 13 training [time: 23.84s, train loss: -0.8149]
25 Oct 17:55    INFO  epoch 13 evaluating [time: 15.17s, valid_score: 0.057600]
25 Oct 17:55    INFO  valid result: 
recall@10 : 0.057    recall@20 : 0.0945    recall@50 : 0.1699    ndcg@10 : 0.0448    ndcg@20 : 0.0576    ndcg@50 : 0.0795    
25 Oct 17:55    INFO  Saving current best: saved/DirectAU-Oct-25-2023_17-46-28.pth
25 Oct 17:56    INFO  epoch 14 training [time: 23.80s, train loss: -0.8196]
25 Oct 17:56    INFO  epoch 14 evaluating [time: 14.75s, valid_score: 0.059400]
25 Oct 17:56    INFO  valid result: 
recall@10 : 0.0594    recall@20 : 0.0967    recall@50 : 0.1727    ndcg@10 : 0.0468    ndcg@20 : 0.0594    ndcg@50 : 0.0815    
25 Oct 17:56    INFO  Saving current best: saved/DirectAU-Oct-25-2023_17-46-28.pth
25 Oct 17:56    INFO  epoch 15 training [time: 23.83s, train loss: -0.8238]
25 Oct 17:56    INFO  epoch 15 evaluating [time: 15.19s, valid_score: 0.060000]
25 Oct 17:56    INFO  valid result: 
recall@10 : 0.06    recall@20 : 0.0981    recall@50 : 0.1757    ndcg@10 : 0.0471    ndcg@20 : 0.06    ndcg@50 : 0.0825    
25 Oct 17:56    INFO  Saving current best: saved/DirectAU-Oct-25-2023_17-46-28.pth
25 Oct 17:57    INFO  epoch 16 training [time: 23.85s, train loss: -0.8274]
25 Oct 17:57    INFO  epoch 16 evaluating [time: 15.07s, valid_score: 0.060800]
25 Oct 17:57    INFO  valid result: 
recall@10 : 0.0608    recall@20 : 0.0995    recall@50 : 0.178    ndcg@10 : 0.0477    ndcg@20 : 0.0608    ndcg@50 : 0.0835    
25 Oct 17:57    INFO  Saving current best: saved/DirectAU-Oct-25-2023_17-46-28.pth
25 Oct 17:57    INFO  epoch 17 training [time: 23.73s, train loss: -0.8308]
25 Oct 17:58    INFO  epoch 17 evaluating [time: 14.96s, valid_score: 0.061100]
25 Oct 17:58    INFO  valid result: 
recall@10 : 0.0611    recall@20 : 0.0998    recall@50 : 0.1796    ndcg@10 : 0.048    ndcg@20 : 0.0611    ndcg@50 : 0.0843    
25 Oct 17:58    INFO  Saving current best: saved/DirectAU-Oct-25-2023_17-46-28.pth
25 Oct 17:58    INFO  epoch 18 training [time: 23.86s, train loss: -0.8335]
25 Oct 17:58    INFO  epoch 18 evaluating [time: 17.25s, valid_score: 0.062000]
25 Oct 17:58    INFO  valid result: 
recall@10 : 0.0613    recall@20 : 0.1008    recall@50 : 0.1812    ndcg@10 : 0.0485    ndcg@20 : 0.062    ndcg@50 : 0.0852    
25 Oct 17:58    INFO  Saving current best: saved/DirectAU-Oct-25-2023_17-46-28.pth
25 Oct 17:59    INFO  epoch 19 training [time: 23.97s, train loss: -0.8360]
25 Oct 17:59    INFO  epoch 19 evaluating [time: 17.04s, valid_score: 0.062300]
25 Oct 17:59    INFO  valid result: 
recall@10 : 0.0619    recall@20 : 0.1013    recall@50 : 0.1834    ndcg@10 : 0.049    ndcg@20 : 0.0623    ndcg@50 : 0.0861    
25 Oct 17:59    INFO  Saving current best: saved/DirectAU-Oct-25-2023_17-46-28.pth
25 Oct 17:59    INFO  epoch 20 training [time: 23.90s, train loss: -0.8381]
25 Oct 18:00    INFO  epoch 20 evaluating [time: 17.24s, valid_score: 0.062900]
25 Oct 18:00    INFO  valid result: 
recall@10 : 0.063    recall@20 : 0.102    recall@50 : 0.1834    ndcg@10 : 0.0498    ndcg@20 : 0.0629    ndcg@50 : 0.0866    
25 Oct 18:00    INFO  Saving current best: saved/DirectAU-Oct-25-2023_17-46-28.pth
25 Oct 18:00    INFO  epoch 21 training [time: 23.79s, train loss: -0.8399]
25 Oct 18:00    INFO  epoch 21 evaluating [time: 14.96s, valid_score: 0.063300]
25 Oct 18:00    INFO  valid result: 
recall@10 : 0.0627    recall@20 : 0.1029    recall@50 : 0.185    ndcg@10 : 0.0498    ndcg@20 : 0.0633    ndcg@50 : 0.0872    
25 Oct 18:00    INFO  Saving current best: saved/DirectAU-Oct-25-2023_17-46-28.pth
25 Oct 18:01    INFO  epoch 22 training [time: 23.83s, train loss: -0.8415]
25 Oct 18:01    INFO  epoch 22 evaluating [time: 15.26s, valid_score: 0.063900]
25 Oct 18:01    INFO  valid result: 
recall@10 : 0.0638    recall@20 : 0.1035    recall@50 : 0.1859    ndcg@10 : 0.0505    ndcg@20 : 0.0639    ndcg@50 : 0.0877    
25 Oct 18:01    INFO  Saving current best: saved/DirectAU-Oct-25-2023_17-46-28.pth
25 Oct 18:01    INFO  epoch 23 training [time: 23.80s, train loss: -0.8430]
25 Oct 18:02    INFO  epoch 23 evaluating [time: 17.06s, valid_score: 0.064600]
25 Oct 18:02    INFO  valid result: 
recall@10 : 0.0647    recall@20 : 0.1046    recall@50 : 0.1871    ndcg@10 : 0.0511    ndcg@20 : 0.0646    ndcg@50 : 0.0885    
25 Oct 18:02    INFO  Saving current best: saved/DirectAU-Oct-25-2023_17-46-28.pth
25 Oct 18:02    INFO  epoch 24 training [time: 23.84s, train loss: -0.8442]
25 Oct 18:02    INFO  epoch 24 evaluating [time: 15.71s, valid_score: 0.064300]
25 Oct 18:02    INFO  valid result: 
recall@10 : 0.0648    recall@20 : 0.1041    recall@50 : 0.1876    ndcg@10 : 0.0511    ndcg@20 : 0.0643    ndcg@50 : 0.0886    
25 Oct 18:03    INFO  epoch 25 training [time: 23.88s, train loss: -0.8453]
25 Oct 18:03    INFO  epoch 25 evaluating [time: 14.96s, valid_score: 0.065000]
25 Oct 18:03    INFO  valid result: 
recall@10 : 0.0645    recall@20 : 0.1056    recall@50 : 0.1882    ndcg@10 : 0.0513    ndcg@20 : 0.065    ndcg@50 : 0.089    
25 Oct 18:03    INFO  Saving current best: saved/DirectAU-Oct-25-2023_17-46-28.pth
25 Oct 18:03    INFO  epoch 26 training [time: 23.80s, train loss: -0.8463]
25 Oct 18:04    INFO  epoch 26 evaluating [time: 15.26s, valid_score: 0.065300]
25 Oct 18:04    INFO  valid result: 
recall@10 : 0.0649    recall@20 : 0.1059    recall@50 : 0.1881    ndcg@10 : 0.0515    ndcg@20 : 0.0653    ndcg@50 : 0.0891    
25 Oct 18:04    INFO  Saving current best: saved/DirectAU-Oct-25-2023_17-46-28.pth
25 Oct 18:04    INFO  epoch 27 training [time: 23.80s, train loss: -0.8472]
25 Oct 18:04    INFO  epoch 27 evaluating [time: 15.00s, valid_score: 0.065500]
25 Oct 18:04    INFO  valid result: 
recall@10 : 0.0653    recall@20 : 0.106    recall@50 : 0.189    ndcg@10 : 0.0517    ndcg@20 : 0.0655    ndcg@50 : 0.0896    
25 Oct 18:04    INFO  Saving current best: saved/DirectAU-Oct-25-2023_17-46-28.pth
25 Oct 18:05    INFO  epoch 28 training [time: 23.81s, train loss: -0.8480]
25 Oct 18:05    INFO  epoch 28 evaluating [time: 15.31s, valid_score: 0.065800]
25 Oct 18:05    INFO  valid result: 
recall@10 : 0.0656    recall@20 : 0.1064    recall@50 : 0.1894    ndcg@10 : 0.0521    ndcg@20 : 0.0658    ndcg@50 : 0.0899    
25 Oct 18:05    INFO  Saving current best: saved/DirectAU-Oct-25-2023_17-46-28.pth
25 Oct 18:05    INFO  epoch 29 training [time: 23.83s, train loss: -0.8487]
25 Oct 18:06    INFO  epoch 29 evaluating [time: 15.25s, valid_score: 0.065700]
25 Oct 18:06    INFO  valid result: 
recall@10 : 0.0658    recall@20 : 0.1062    recall@50 : 0.1891    ndcg@10 : 0.052    ndcg@20 : 0.0657    ndcg@50 : 0.0898    
25 Oct 18:06    INFO  epoch 30 training [time: 23.76s, train loss: -0.8493]
25 Oct 18:06    INFO  epoch 30 evaluating [time: 17.69s, valid_score: 0.066300]
25 Oct 18:06    INFO  valid result: 
recall@10 : 0.0659    recall@20 : 0.1071    recall@50 : 0.1896    ndcg@10 : 0.0524    ndcg@20 : 0.0663    ndcg@50 : 0.0903    
25 Oct 18:06    INFO  Saving current best: saved/DirectAU-Oct-25-2023_17-46-28.pth
25 Oct 18:07    INFO  epoch 31 training [time: 23.89s, train loss: -0.8499]
25 Oct 18:07    INFO  epoch 31 evaluating [time: 17.69s, valid_score: 0.066000]
25 Oct 18:07    INFO  valid result: 
recall@10 : 0.0665    recall@20 : 0.1064    recall@50 : 0.1898    ndcg@10 : 0.0525    ndcg@20 : 0.066    ndcg@50 : 0.0903    
25 Oct 18:07    INFO  epoch 32 training [time: 23.83s, train loss: -0.8504]
25 Oct 18:08    INFO  epoch 32 evaluating [time: 15.02s, valid_score: 0.066500]
25 Oct 18:08    INFO  valid result: 
recall@10 : 0.0663    recall@20 : 0.1075    recall@50 : 0.1906    ndcg@10 : 0.0526    ndcg@20 : 0.0665    ndcg@50 : 0.0906    
25 Oct 18:08    INFO  Saving current best: saved/DirectAU-Oct-25-2023_17-46-28.pth
25 Oct 18:08    INFO  epoch 33 training [time: 23.86s, train loss: -0.8509]
25 Oct 18:08    INFO  epoch 33 evaluating [time: 15.56s, valid_score: 0.066500]
25 Oct 18:08    INFO  valid result: 
recall@10 : 0.0658    recall@20 : 0.1069    recall@50 : 0.1907    ndcg@10 : 0.0526    ndcg@20 : 0.0665    ndcg@50 : 0.0908    
25 Oct 18:09    INFO  epoch 34 training [time: 23.82s, train loss: -0.8514]
25 Oct 18:09    INFO  epoch 34 evaluating [time: 15.20s, valid_score: 0.066600]
25 Oct 18:09    INFO  valid result: 
recall@10 : 0.0666    recall@20 : 0.1072    recall@50 : 0.1912    ndcg@10 : 0.053    ndcg@20 : 0.0666    ndcg@50 : 0.091    
25 Oct 18:09    INFO  Saving current best: saved/DirectAU-Oct-25-2023_17-46-28.pth
25 Oct 18:09    INFO  epoch 35 training [time: 23.88s, train loss: -0.8517]
25 Oct 18:10    INFO  epoch 35 evaluating [time: 15.28s, valid_score: 0.066900]
25 Oct 18:10    INFO  valid result: 
recall@10 : 0.0665    recall@20 : 0.1077    recall@50 : 0.1911    ndcg@10 : 0.0529    ndcg@20 : 0.0669    ndcg@50 : 0.0911    
25 Oct 18:10    INFO  Saving current best: saved/DirectAU-Oct-25-2023_17-46-28.pth
25 Oct 18:10    INFO  epoch 36 training [time: 23.73s, train loss: -0.8522]
25 Oct 18:10    INFO  epoch 36 evaluating [time: 15.07s, valid_score: 0.067000]
25 Oct 18:10    INFO  valid result: 
recall@10 : 0.0667    recall@20 : 0.1073    recall@50 : 0.1926    ndcg@10 : 0.0532    ndcg@20 : 0.067    ndcg@50 : 0.0916    
25 Oct 18:10    INFO  Saving current best: saved/DirectAU-Oct-25-2023_17-46-28.pth
25 Oct 18:11    INFO  epoch 37 training [time: 23.82s, train loss: -0.8525]
25 Oct 18:11    INFO  epoch 37 evaluating [time: 15.35s, valid_score: 0.067000]
25 Oct 18:11    INFO  valid result: 
recall@10 : 0.0668    recall@20 : 0.1078    recall@50 : 0.1925    ndcg@10 : 0.0532    ndcg@20 : 0.067    ndcg@50 : 0.0916    
25 Oct 18:11    INFO  epoch 38 training [time: 23.87s, train loss: -0.8528]
25 Oct 18:12    INFO  epoch 38 evaluating [time: 15.02s, valid_score: 0.067100]
25 Oct 18:12    INFO  valid result: 
recall@10 : 0.0668    recall@20 : 0.1076    recall@50 : 0.1924    ndcg@10 : 0.0533    ndcg@20 : 0.0671    ndcg@50 : 0.0917    
25 Oct 18:12    INFO  Saving current best: saved/DirectAU-Oct-25-2023_17-46-28.pth
25 Oct 18:12    INFO  epoch 39 training [time: 24.06s, train loss: -0.8530]
25 Oct 18:12    INFO  epoch 39 evaluating [time: 15.28s, valid_score: 0.067600]
25 Oct 18:12    INFO  valid result: 
recall@10 : 0.0668    recall@20 : 0.1081    recall@50 : 0.1928    ndcg@10 : 0.0536    ndcg@20 : 0.0676    ndcg@50 : 0.0921    
25 Oct 18:12    INFO  Saving current best: saved/DirectAU-Oct-25-2023_17-46-28.pth
25 Oct 18:13    INFO  epoch 40 training [time: 23.78s, train loss: -0.8532]
25 Oct 18:13    INFO  epoch 40 evaluating [time: 15.02s, valid_score: 0.067500]
25 Oct 18:13    INFO  valid result: 
recall@10 : 0.0674    recall@20 : 0.1082    recall@50 : 0.1927    ndcg@10 : 0.0538    ndcg@20 : 0.0675    ndcg@50 : 0.092    
25 Oct 18:13    INFO  epoch 41 training [time: 23.84s, train loss: -0.8533]
25 Oct 18:14    INFO  epoch 41 evaluating [time: 17.38s, valid_score: 0.067600]
25 Oct 18:14    INFO  valid result: 
recall@10 : 0.0673    recall@20 : 0.108    recall@50 : 0.1919    ndcg@10 : 0.0538    ndcg@20 : 0.0676    ndcg@50 : 0.0919    
25 Oct 18:14    INFO  epoch 42 training [time: 23.96s, train loss: -0.8534]
25 Oct 18:14    INFO  epoch 42 evaluating [time: 15.55s, valid_score: 0.067300]
25 Oct 18:14    INFO  valid result: 
recall@10 : 0.0675    recall@20 : 0.1075    recall@50 : 0.1925    ndcg@10 : 0.0538    ndcg@20 : 0.0673    ndcg@50 : 0.092    
25 Oct 18:15    INFO  epoch 43 training [time: 23.79s, train loss: -0.8536]
25 Oct 18:15    INFO  epoch 43 evaluating [time: 15.04s, valid_score: 0.067700]
25 Oct 18:15    INFO  valid result: 
recall@10 : 0.0674    recall@20 : 0.1081    recall@50 : 0.1917    ndcg@10 : 0.0539    ndcg@20 : 0.0677    ndcg@50 : 0.092    
25 Oct 18:15    INFO  Saving current best: saved/DirectAU-Oct-25-2023_17-46-28.pth
25 Oct 18:15    INFO  epoch 44 training [time: 23.83s, train loss: -0.8538]
25 Oct 18:16    INFO  epoch 44 evaluating [time: 15.18s, valid_score: 0.067700]
25 Oct 18:16    INFO  valid result: 
recall@10 : 0.0672    recall@20 : 0.108    recall@50 : 0.1929    ndcg@10 : 0.0539    ndcg@20 : 0.0677    ndcg@50 : 0.0924    
25 Oct 18:16    INFO  epoch 45 training [time: 23.85s, train loss: -0.8539]
25 Oct 18:16    INFO  epoch 45 evaluating [time: 15.07s, valid_score: 0.067800]
25 Oct 18:16    INFO  valid result: 
recall@10 : 0.0672    recall@20 : 0.1087    recall@50 : 0.1928    ndcg@10 : 0.0538    ndcg@20 : 0.0678    ndcg@50 : 0.0922    
25 Oct 18:16    INFO  Saving current best: saved/DirectAU-Oct-25-2023_17-46-28.pth
25 Oct 18:17    INFO  epoch 46 training [time: 23.78s, train loss: -0.8539]
25 Oct 18:17    INFO  epoch 46 evaluating [time: 15.32s, valid_score: 0.067900]
25 Oct 18:17    INFO  valid result: 
recall@10 : 0.0678    recall@20 : 0.1084    recall@50 : 0.1923    ndcg@10 : 0.0542    ndcg@20 : 0.0679    ndcg@50 : 0.0923    
25 Oct 18:17    INFO  Saving current best: saved/DirectAU-Oct-25-2023_17-46-28.pth
25 Oct 18:17    INFO  epoch 47 training [time: 23.79s, train loss: -0.8540]
25 Oct 18:18    INFO  epoch 47 evaluating [time: 14.91s, valid_score: 0.067900]
25 Oct 18:18    INFO  valid result: 
recall@10 : 0.0685    recall@20 : 0.1083    recall@50 : 0.193    ndcg@10 : 0.0545    ndcg@20 : 0.0679    ndcg@50 : 0.0925    
25 Oct 18:18    INFO  epoch 48 training [time: 23.78s, train loss: -0.8541]
25 Oct 18:18    INFO  epoch 48 evaluating [time: 15.07s, valid_score: 0.067900]
25 Oct 18:18    INFO  valid result: 
recall@10 : 0.0677    recall@20 : 0.1086    recall@50 : 0.1934    ndcg@10 : 0.0541    ndcg@20 : 0.0679    ndcg@50 : 0.0925    
25 Oct 18:19    INFO  epoch 49 training [time: 23.79s, train loss: -0.8542]
25 Oct 18:19    INFO  epoch 49 evaluating [time: 14.94s, valid_score: 0.068000]
25 Oct 18:19    INFO  valid result: 
recall@10 : 0.0678    recall@20 : 0.1085    recall@50 : 0.1932    ndcg@10 : 0.0542    ndcg@20 : 0.068    ndcg@50 : 0.0926    
25 Oct 18:19    INFO  Saving current best: saved/DirectAU-Oct-25-2023_17-46-28.pth
25 Oct 18:19    INFO  epoch 50 training [time: 23.75s, train loss: -0.8542]
25 Oct 18:19    INFO  epoch 50 evaluating [time: 17.35s, valid_score: 0.068000]
25 Oct 18:19    INFO  valid result: 
recall@10 : 0.0677    recall@20 : 0.1082    recall@50 : 0.1933    ndcg@10 : 0.0543    ndcg@20 : 0.068    ndcg@50 : 0.0927    
25 Oct 18:20    INFO  epoch 51 training [time: 23.75s, train loss: -0.8542]
25 Oct 18:20    INFO  epoch 51 evaluating [time: 15.09s, valid_score: 0.068200]
25 Oct 18:20    INFO  valid result: 
recall@10 : 0.0675    recall@20 : 0.1089    recall@50 : 0.1935    ndcg@10 : 0.0542    ndcg@20 : 0.0682    ndcg@50 : 0.0927    
25 Oct 18:20    INFO  Saving current best: saved/DirectAU-Oct-25-2023_17-46-28.pth
25 Oct 18:21    INFO  epoch 52 training [time: 23.81s, train loss: -0.8543]
25 Oct 18:21    INFO  epoch 52 evaluating [time: 15.29s, valid_score: 0.068000]
25 Oct 18:21    INFO  valid result: 
recall@10 : 0.0678    recall@20 : 0.1087    recall@50 : 0.1933    ndcg@10 : 0.0543    ndcg@20 : 0.068    ndcg@50 : 0.0926    
25 Oct 18:21    INFO  epoch 53 training [time: 23.70s, train loss: -0.8544]
25 Oct 18:21    INFO  epoch 53 evaluating [time: 14.86s, valid_score: 0.068000]
25 Oct 18:21    INFO  valid result: 
recall@10 : 0.0681    recall@20 : 0.1083    recall@50 : 0.1935    ndcg@10 : 0.0544    ndcg@20 : 0.068    ndcg@50 : 0.0927    
25 Oct 18:22    INFO  epoch 54 training [time: 23.72s, train loss: -0.8545]
25 Oct 18:22    INFO  epoch 54 evaluating [time: 15.23s, valid_score: 0.067900]
25 Oct 18:22    INFO  valid result: 
recall@10 : 0.0677    recall@20 : 0.1084    recall@50 : 0.1938    ndcg@10 : 0.0542    ndcg@20 : 0.0679    ndcg@50 : 0.0927    
25 Oct 18:22    INFO  epoch 55 training [time: 23.71s, train loss: -0.8544]
25 Oct 18:23    INFO  epoch 55 evaluating [time: 15.27s, valid_score: 0.068200]
25 Oct 18:23    INFO  valid result: 
recall@10 : 0.068    recall@20 : 0.1084    recall@50 : 0.1939    ndcg@10 : 0.0546    ndcg@20 : 0.0682    ndcg@50 : 0.093    
25 Oct 18:23    INFO  epoch 56 training [time: 23.92s, train loss: -0.8545]
25 Oct 18:23    INFO  epoch 56 evaluating [time: 17.03s, valid_score: 0.068000]
25 Oct 18:23    INFO  valid result: 
recall@10 : 0.0677    recall@20 : 0.108    recall@50 : 0.1941    ndcg@10 : 0.0544    ndcg@20 : 0.068    ndcg@50 : 0.093    
25 Oct 18:24    INFO  epoch 57 training [time: 23.87s, train loss: -0.8545]
25 Oct 18:24    INFO  epoch 57 evaluating [time: 15.14s, valid_score: 0.068300]
25 Oct 18:24    INFO  valid result: 
recall@10 : 0.0675    recall@20 : 0.1089    recall@50 : 0.1938    ndcg@10 : 0.0543    ndcg@20 : 0.0683    ndcg@50 : 0.0929    
25 Oct 18:24    INFO  Saving current best: saved/DirectAU-Oct-25-2023_17-46-28.pth
25 Oct 18:24    INFO  epoch 58 training [time: 23.76s, train loss: -0.8546]
25 Oct 18:25    INFO  epoch 58 evaluating [time: 15.00s, valid_score: 0.068400]
25 Oct 18:25    INFO  valid result: 
recall@10 : 0.0681    recall@20 : 0.1089    recall@50 : 0.1934    ndcg@10 : 0.0547    ndcg@20 : 0.0684    ndcg@50 : 0.0929    
25 Oct 18:25    INFO  Saving current best: saved/DirectAU-Oct-25-2023_17-46-28.pth
25 Oct 18:25    INFO  epoch 59 training [time: 23.74s, train loss: -0.8547]
25 Oct 18:25    INFO  epoch 59 evaluating [time: 15.12s, valid_score: 0.068200]
25 Oct 18:25    INFO  valid result: 
recall@10 : 0.0686    recall@20 : 0.1085    recall@50 : 0.1938    ndcg@10 : 0.0547    ndcg@20 : 0.0682    ndcg@50 : 0.093    
25 Oct 18:26    INFO  epoch 60 training [time: 23.92s, train loss: -0.8546]
25 Oct 18:26    INFO  epoch 60 evaluating [time: 14.87s, valid_score: 0.068400]
25 Oct 18:26    INFO  valid result: 
recall@10 : 0.0687    recall@20 : 0.1085    recall@50 : 0.1943    ndcg@10 : 0.055    ndcg@20 : 0.0684    ndcg@50 : 0.0932    
25 Oct 18:26    INFO  epoch 61 training [time: 23.94s, train loss: -0.8547]
25 Oct 18:27    INFO  epoch 61 evaluating [time: 15.14s, valid_score: 0.068300]
25 Oct 18:27    INFO  valid result: 
recall@10 : 0.068    recall@20 : 0.1085    recall@50 : 0.194    ndcg@10 : 0.0547    ndcg@20 : 0.0683    ndcg@50 : 0.0931    
25 Oct 18:27    INFO  epoch 62 training [time: 23.74s, train loss: -0.8547]
25 Oct 18:27    INFO  epoch 62 evaluating [time: 15.00s, valid_score: 0.068400]
25 Oct 18:27    INFO  valid result: 
recall@10 : 0.068    recall@20 : 0.109    recall@50 : 0.1948    ndcg@10 : 0.0546    ndcg@20 : 0.0684    ndcg@50 : 0.0933    
25 Oct 18:28    INFO  epoch 63 training [time: 23.78s, train loss: -0.8546]
25 Oct 18:28    INFO  epoch 63 evaluating [time: 15.18s, valid_score: 0.068300]
25 Oct 18:28    INFO  valid result: 
recall@10 : 0.0685    recall@20 : 0.1089    recall@50 : 0.1942    ndcg@10 : 0.0547    ndcg@20 : 0.0683    ndcg@50 : 0.0931    
25 Oct 18:28    INFO  epoch 64 training [time: 23.79s, train loss: -0.8548]
25 Oct 18:29    INFO  epoch 64 evaluating [time: 15.01s, valid_score: 0.068200]
25 Oct 18:29    INFO  valid result: 
recall@10 : 0.0685    recall@20 : 0.1084    recall@50 : 0.1938    ndcg@10 : 0.0548    ndcg@20 : 0.0682    ndcg@50 : 0.093    
25 Oct 18:29    INFO  epoch 65 training [time: 23.76s, train loss: -0.8548]
25 Oct 18:29    INFO  epoch 65 evaluating [time: 15.20s, valid_score: 0.068500]
25 Oct 18:29    INFO  valid result: 
recall@10 : 0.0683    recall@20 : 0.1087    recall@50 : 0.1942    ndcg@10 : 0.0549    ndcg@20 : 0.0685    ndcg@50 : 0.0933    
25 Oct 18:29    INFO  Saving current best: saved/DirectAU-Oct-25-2023_17-46-28.pth
25 Oct 18:30    INFO  epoch 66 training [time: 23.80s, train loss: -0.8549]
25 Oct 18:30    INFO  epoch 66 evaluating [time: 14.91s, valid_score: 0.068400]
25 Oct 18:30    INFO  valid result: 
recall@10 : 0.0678    recall@20 : 0.1088    recall@50 : 0.1948    ndcg@10 : 0.0546    ndcg@20 : 0.0684    ndcg@50 : 0.0933    
25 Oct 18:30    INFO  epoch 67 training [time: 23.92s, train loss: -0.8549]
25 Oct 18:31    INFO  epoch 67 evaluating [time: 15.20s, valid_score: 0.068400]
25 Oct 18:31    INFO  valid result: 
recall@10 : 0.0683    recall@20 : 0.1089    recall@50 : 0.1938    ndcg@10 : 0.0548    ndcg@20 : 0.0684    ndcg@50 : 0.0931    
25 Oct 18:31    INFO  epoch 68 training [time: 23.71s, train loss: -0.8548]
25 Oct 18:31    INFO  epoch 68 evaluating [time: 15.22s, valid_score: 0.068400]
25 Oct 18:31    INFO  valid result: 
recall@10 : 0.0682    recall@20 : 0.109    recall@50 : 0.1949    ndcg@10 : 0.0548    ndcg@20 : 0.0684    ndcg@50 : 0.0933    
25 Oct 18:32    INFO  epoch 69 training [time: 23.85s, train loss: -0.8549]
25 Oct 18:32    INFO  epoch 69 evaluating [time: 17.08s, valid_score: 0.068600]
25 Oct 18:32    INFO  valid result: 
recall@10 : 0.0682    recall@20 : 0.1092    recall@50 : 0.1945    ndcg@10 : 0.0548    ndcg@20 : 0.0686    ndcg@50 : 0.0933    
25 Oct 18:32    INFO  Saving current best: saved/DirectAU-Oct-25-2023_17-46-28.pth
25 Oct 18:32    INFO  epoch 70 training [time: 23.93s, train loss: -0.8550]
25 Oct 18:33    INFO  epoch 70 evaluating [time: 15.19s, valid_score: 0.068700]
25 Oct 18:33    INFO  valid result: 
recall@10 : 0.0681    recall@20 : 0.1097    recall@50 : 0.195    ndcg@10 : 0.0547    ndcg@20 : 0.0687    ndcg@50 : 0.0934    
25 Oct 18:33    INFO  Saving current best: saved/DirectAU-Oct-25-2023_17-46-28.pth
25 Oct 18:33    INFO  epoch 71 training [time: 23.93s, train loss: -0.8550]
25 Oct 18:33    INFO  epoch 71 evaluating [time: 15.01s, valid_score: 0.068700]
25 Oct 18:33    INFO  valid result: 
recall@10 : 0.068    recall@20 : 0.1091    recall@50 : 0.1953    ndcg@10 : 0.0549    ndcg@20 : 0.0687    ndcg@50 : 0.0937    
25 Oct 18:34    INFO  epoch 72 training [time: 23.68s, train loss: -0.8550]
25 Oct 18:34    INFO  epoch 72 evaluating [time: 16.26s, valid_score: 0.068600]
25 Oct 18:34    INFO  valid result: 
recall@10 : 0.0679    recall@20 : 0.1088    recall@50 : 0.195    ndcg@10 : 0.0548    ndcg@20 : 0.0686    ndcg@50 : 0.0937    
25 Oct 18:34    INFO  epoch 73 training [time: 23.75s, train loss: -0.8551]
25 Oct 18:35    INFO  epoch 73 evaluating [time: 15.10s, valid_score: 0.068600]
25 Oct 18:35    INFO  valid result: 
recall@10 : 0.0681    recall@20 : 0.1085    recall@50 : 0.1949    ndcg@10 : 0.055    ndcg@20 : 0.0686    ndcg@50 : 0.0937    
25 Oct 18:35    INFO  epoch 74 training [time: 23.79s, train loss: -0.8551]
25 Oct 18:35    INFO  epoch 74 evaluating [time: 15.33s, valid_score: 0.068700]
25 Oct 18:35    INFO  valid result: 
recall@10 : 0.0683    recall@20 : 0.1088    recall@50 : 0.1945    ndcg@10 : 0.055    ndcg@20 : 0.0687    ndcg@50 : 0.0936    
25 Oct 18:36    INFO  epoch 75 training [time: 23.80s, train loss: -0.8551]
25 Oct 18:36    INFO  epoch 75 evaluating [time: 15.00s, valid_score: 0.068800]
25 Oct 18:36    INFO  valid result: 
recall@10 : 0.0687    recall@20 : 0.1092    recall@50 : 0.1949    ndcg@10 : 0.0551    ndcg@20 : 0.0688    ndcg@50 : 0.0937    
25 Oct 18:36    INFO  Saving current best: saved/DirectAU-Oct-25-2023_17-46-28.pth
25 Oct 18:36    INFO  epoch 76 training [time: 23.87s, train loss: -0.8551]
25 Oct 18:36    INFO  epoch 76 evaluating [time: 15.41s, valid_score: 0.068300]
25 Oct 18:36    INFO  valid result: 
recall@10 : 0.0679    recall@20 : 0.1087    recall@50 : 0.1951    ndcg@10 : 0.0546    ndcg@20 : 0.0683    ndcg@50 : 0.0934    
25 Oct 18:37    INFO  epoch 77 training [time: 23.96s, train loss: -0.8551]
25 Oct 18:37    INFO  epoch 77 evaluating [time: 15.00s, valid_score: 0.068500]
25 Oct 18:37    INFO  valid result: 
recall@10 : 0.0682    recall@20 : 0.1086    recall@50 : 0.1947    ndcg@10 : 0.055    ndcg@20 : 0.0685    ndcg@50 : 0.0935    
25 Oct 18:38    INFO  epoch 78 training [time: 23.90s, train loss: -0.8551]
25 Oct 18:38    INFO  epoch 78 evaluating [time: 15.05s, valid_score: 0.068500]
25 Oct 18:38    INFO  valid result: 
recall@10 : 0.068    recall@20 : 0.109    recall@50 : 0.1949    ndcg@10 : 0.0548    ndcg@20 : 0.0685    ndcg@50 : 0.0934    
25 Oct 18:38    INFO  epoch 79 training [time: 23.88s, train loss: -0.8551]
25 Oct 18:38    INFO  epoch 79 evaluating [time: 15.01s, valid_score: 0.068500]
25 Oct 18:38    INFO  valid result: 
recall@10 : 0.0683    recall@20 : 0.1088    recall@50 : 0.1953    ndcg@10 : 0.0549    ndcg@20 : 0.0685    ndcg@50 : 0.0935    
25 Oct 18:39    INFO  epoch 80 training [time: 23.92s, train loss: -0.8551]
25 Oct 18:39    INFO  epoch 80 evaluating [time: 17.47s, valid_score: 0.068200]
25 Oct 18:39    INFO  valid result: 
recall@10 : 0.0682    recall@20 : 0.1083    recall@50 : 0.1946    ndcg@10 : 0.0548    ndcg@20 : 0.0682    ndcg@50 : 0.0933    
25 Oct 18:40    INFO  epoch 81 training [time: 23.90s, train loss: -0.8551]
25 Oct 18:40    INFO  epoch 81 evaluating [time: 15.44s, valid_score: 0.068700]
25 Oct 18:40    INFO  valid result: 
recall@10 : 0.0683    recall@20 : 0.1094    recall@50 : 0.195    ndcg@10 : 0.0549    ndcg@20 : 0.0687    ndcg@50 : 0.0935    
25 Oct 18:40    INFO  epoch 82 training [time: 23.90s, train loss: -0.8551]
25 Oct 18:40    INFO  epoch 82 evaluating [time: 14.98s, valid_score: 0.068900]
25 Oct 18:40    INFO  valid result: 
recall@10 : 0.0683    recall@20 : 0.1097    recall@50 : 0.1947    ndcg@10 : 0.055    ndcg@20 : 0.0689    ndcg@50 : 0.0936    
25 Oct 18:40    INFO  Saving current best: saved/DirectAU-Oct-25-2023_17-46-28.pth
25 Oct 18:41    INFO  epoch 83 training [time: 23.92s, train loss: -0.8552]
25 Oct 18:41    INFO  epoch 83 evaluating [time: 15.23s, valid_score: 0.069000]
25 Oct 18:41    INFO  valid result: 
recall@10 : 0.0688    recall@20 : 0.1096    recall@50 : 0.1947    ndcg@10 : 0.0554    ndcg@20 : 0.069    ndcg@50 : 0.0938    
25 Oct 18:41    INFO  Saving current best: saved/DirectAU-Oct-25-2023_17-46-28.pth
25 Oct 18:41    INFO  epoch 84 training [time: 23.93s, train loss: -0.8552]
25 Oct 18:42    INFO  epoch 84 evaluating [time: 15.01s, valid_score: 0.069100]
25 Oct 18:42    INFO  valid result: 
recall@10 : 0.0685    recall@20 : 0.1096    recall@50 : 0.1948    ndcg@10 : 0.0552    ndcg@20 : 0.0691    ndcg@50 : 0.0938    
25 Oct 18:42    INFO  Saving current best: saved/DirectAU-Oct-25-2023_17-46-28.pth
25 Oct 18:42    INFO  epoch 85 training [time: 23.89s, train loss: -0.8552]
25 Oct 18:42    INFO  epoch 85 evaluating [time: 15.31s, valid_score: 0.068900]
25 Oct 18:42    INFO  valid result: 
recall@10 : 0.0684    recall@20 : 0.1092    recall@50 : 0.1945    ndcg@10 : 0.0552    ndcg@20 : 0.0689    ndcg@50 : 0.0937    
25 Oct 18:43    INFO  epoch 86 training [time: 24.04s, train loss: -0.8553]
25 Oct 18:43    INFO  epoch 86 evaluating [time: 17.05s, valid_score: 0.068800]
25 Oct 18:43    INFO  valid result: 
recall@10 : 0.0681    recall@20 : 0.1094    recall@50 : 0.1949    ndcg@10 : 0.0549    ndcg@20 : 0.0688    ndcg@50 : 0.0936    
25 Oct 18:43    INFO  epoch 87 training [time: 23.89s, train loss: -0.8552]
25 Oct 18:44    INFO  epoch 87 evaluating [time: 15.32s, valid_score: 0.069000]
25 Oct 18:44    INFO  valid result: 
recall@10 : 0.0689    recall@20 : 0.1094    recall@50 : 0.1951    ndcg@10 : 0.0553    ndcg@20 : 0.069    ndcg@50 : 0.0938    
25 Oct 18:44    INFO  epoch 88 training [time: 23.82s, train loss: -0.8553]
25 Oct 18:44    INFO  epoch 88 evaluating [time: 15.30s, valid_score: 0.068600]
25 Oct 18:44    INFO  valid result: 
recall@10 : 0.0685    recall@20 : 0.109    recall@50 : 0.1952    ndcg@10 : 0.0549    ndcg@20 : 0.0686    ndcg@50 : 0.0936    
25 Oct 18:45    INFO  epoch 89 training [time: 23.83s, train loss: -0.8553]
25 Oct 18:45    INFO  epoch 89 evaluating [time: 17.46s, valid_score: 0.068700]
25 Oct 18:45    INFO  valid result: 
recall@10 : 0.0683    recall@20 : 0.1092    recall@50 : 0.1955    ndcg@10 : 0.0549    ndcg@20 : 0.0687    ndcg@50 : 0.0937    
25 Oct 18:45    INFO  epoch 90 training [time: 23.78s, train loss: -0.8553]
25 Oct 18:46    INFO  epoch 90 evaluating [time: 15.03s, valid_score: 0.068900]
25 Oct 18:46    INFO  valid result: 
recall@10 : 0.0683    recall@20 : 0.1094    recall@50 : 0.1956    ndcg@10 : 0.055    ndcg@20 : 0.0689    ndcg@50 : 0.0938    
25 Oct 18:46    INFO  epoch 91 training [time: 23.87s, train loss: -0.8553]
25 Oct 18:46    INFO  epoch 91 evaluating [time: 15.30s, valid_score: 0.068600]
25 Oct 18:46    INFO  valid result: 
recall@10 : 0.0682    recall@20 : 0.1088    recall@50 : 0.1947    ndcg@10 : 0.0549    ndcg@20 : 0.0686    ndcg@50 : 0.0935    
25 Oct 18:47    INFO  epoch 92 training [time: 23.80s, train loss: -0.8554]
25 Oct 18:47    INFO  epoch 92 evaluating [time: 15.02s, valid_score: 0.068900]
25 Oct 18:47    INFO  valid result: 
recall@10 : 0.0684    recall@20 : 0.1095    recall@50 : 0.1948    ndcg@10 : 0.0551    ndcg@20 : 0.0689    ndcg@50 : 0.0936    
25 Oct 18:47    INFO  epoch 93 training [time: 23.97s, train loss: -0.8554]
25 Oct 18:48    INFO  epoch 93 evaluating [time: 15.19s, valid_score: 0.068800]
25 Oct 18:48    INFO  valid result: 
recall@10 : 0.0686    recall@20 : 0.1091    recall@50 : 0.1946    ndcg@10 : 0.0552    ndcg@20 : 0.0688    ndcg@50 : 0.0936    
25 Oct 18:48    INFO  epoch 94 training [time: 23.78s, train loss: -0.8554]
25 Oct 18:48    INFO  epoch 94 evaluating [time: 17.36s, valid_score: 0.068600]
25 Oct 18:48    INFO  valid result: 
recall@10 : 0.0687    recall@20 : 0.1088    recall@50 : 0.1943    ndcg@10 : 0.0552    ndcg@20 : 0.0686    ndcg@50 : 0.0934    
25 Oct 18:49    INFO  epoch 95 training [time: 23.88s, train loss: -0.8554]
25 Oct 18:49    INFO  epoch 95 evaluating [time: 16.01s, valid_score: 0.068900]
25 Oct 18:49    INFO  valid result: 
recall@10 : 0.068    recall@20 : 0.1097    recall@50 : 0.1943    ndcg@10 : 0.0549    ndcg@20 : 0.0689    ndcg@50 : 0.0935    
25 Oct 18:49    INFO  Finished training, best eval result in epoch 84
25 Oct 18:49    INFO  Loading model structure and parameters from saved/DirectAU-Oct-25-2023_17-46-28.pth
25 Oct 18:49    INFO  best valid : {'recall@10': 0.0685, 'recall@20': 0.1096, 'recall@50': 0.1948, 'ndcg@10': 0.0552, 'ndcg@20': 0.0691, 'ndcg@50': 0.0938}
25 Oct 18:49    INFO  test result: {'recall@10': 0.0702, 'recall@20': 0.1125, 'recall@50': 0.1949, 'ndcg@10': 0.0564, 'ndcg@20': 0.0705, 'ndcg@50': 0.0944}
