command line args [--zc 1] will not be used in RecBole
25 Oct 09:58    INFO  
General Hyper Parameters:
gpu_id = 4
use_gpu = True
seed = 0
state = INFO
reproducibility = True
data_path = dataset/Yelp
show_progress = False

Training Hyper Parameters:
checkpoint_dir = saved
epochs = 500
train_batch_size = 1024
learner = adam
learning_rate = 0.001
training_neg_sample_num = 0
training_neg_sample_distribution = uniform
eval_step = 1
stopping_step = 10
clip_grad_norm = None
weight_decay = 1e-05
draw_loss_pic = False
loss_decimal_place = 4

Evaluation Hyper Parameters:
eval_setting = RO_RS,full
group_by_user = True
split_ratio = [0.8, 0.1, 0.1]
leave_one_num = 2
real_time_process = False
metrics = ['Recall', 'NDCG']
topk = [10, 20, 50]
valid_metric = NDCG@20
eval_batch_size = 4096
metric_decimal_place = 4

Dataset Hyper Parameters:
field_separator = 	
seq_separator =  
USER_ID_FIELD = user_id
ITEM_ID_FIELD = item_id
RATING_FIELD = rating
TIME_FIELD = timestamp
seq_len = None
LABEL_FIELD = label
threshold = None
NEG_PREFIX = neg_
load_col = {'inter': ['user_id', 'item_id', 'timestamp']}
unload_col = None
unused_col = None
additional_feat_suffix = None
lowest_val = None
highest_val = None
equal_val = None
not_equal_val = None
max_user_inter_num = None
min_user_inter_num = 5
max_item_inter_num = None
min_item_inter_num = 5
fields_in_same_space = None
preload_weight = None
normalize_field = None
normalize_all = None
ITEM_LIST_LENGTH_FIELD = item_length
LIST_SUFFIX = _list
MAX_ITEM_LIST_LENGTH = 50
POSITION_FIELD = position_id
HEAD_ENTITY_ID_FIELD = head_id
TAIL_ENTITY_ID_FIELD = tail_id
RELATION_ID_FIELD = relation_id
ENTITY_ID_FIELD = entity_id

Other Hyper Parameters: 
valid_metric_bigger = True
BT = 0.1
bt = 0.001
embedding_size = 64
encoder = MF
gamma = 0.5
times = 1
witem = 0.1
wuser = 0.8
zc = 1.0
rm_dup_inter = None
filter_inter_by_user_or_item = True
SOURCE_ID_FIELD = source_id
TARGET_ID_FIELD = target_id
benchmark_filename = None
MODEL_TYPE = ModelType.GENERAL
MODEL_INPUT_TYPE = InputType.POINTWISE
eval_type = EvaluatorType.RANKING
device = cuda
train_neg_sample_args = {'strategy': 'none'}


25 Oct 09:58    INFO  Yelp
The number of users: 31669
Average actions of users: 49.305481874447395
The number of items: 38049
Average actions of items: 41.037794365012616
The number of inters: 1561406
The sparsity of the dataset: 99.87041991912021%
Remain Fields: ['user_id', 'item_id']
25 Oct 09:58    INFO  Build [GeneralDataLoader] for [train] with format [InputType.POINTWISE]
25 Oct 09:58    INFO  [train] No Negative Sampling
25 Oct 09:58    INFO  [train] batch_size = [1024], shuffle = [True]

25 Oct 09:58    INFO  Build [GeneralFullDataLoader] for [evaluation] with format [InputType.POINTWISE]
25 Oct 09:58    INFO  Evaluation Setting:
	Group by user_id
	Ordering: {'strategy': 'shuffle'}
	Splitting: {'strategy': 'by_ratio', 'ratios': [0.8, 0.1, 0.1]}
	Negative Sampling: {'strategy': 'full', 'distribution': 'uniform'}
25 Oct 09:58    INFO  [evaluation] batch_size = [4096], shuffle = [False]

25 Oct 09:58    WARNING  Batch size is changed to 38049.
25 Oct 09:58    WARNING  Batch size is changed to 38049.
{'BT': 0.1, 'bt': 0.001, 'embedding_size': 64, 'encoder': 'MF', 'gamma': None, 'times': 1, 'training_neg_sample_num': 0, 'witem': 0.1, 'wuser': 0.8, 'zc': 1.0}
this is encoder MF...
这是directau 的 WUBT 版本...
25 Oct 09:58    INFO  DirectAU(
  (encoder): MFEncoder(
    (user_embedding): Embedding(31669, 64)
    (item_embedding): Embedding(38049, 64)
  )
  (bn): BatchNorm1d(64, eps=1e-05, momentum=0.1, affine=False, track_running_stats=True)
  (projector): Sequential(
    (0): Linear(in_features=64, out_features=64, bias=False)
    (1): BatchNorm1d(64, eps=1e-05, momentum=0.1, affine=True, track_running_stats=True)
    (2): ReLU(inplace=True)
    (3): Linear(in_features=64, out_features=64, bias=False)
    (4): BatchNorm1d(64, eps=1e-05, momentum=0.1, affine=True, track_running_stats=True)
    (5): ReLU(inplace=True)
    (6): Linear(in_features=64, out_features=64, bias=False)
  )
)
Trainable parameters: 4474496
25 Oct 09:58    INFO  epoch 0 training [time: 23.75s, train loss: -0.2097]
25 Oct 09:58    INFO  epoch 0 evaluating [time: 15.07s, valid_score: 0.023200]
25 Oct 09:58    INFO  valid result: 
recall@10 : 0.0213    recall@20 : 0.0381    recall@50 : 0.0772    ndcg@10 : 0.0174    ndcg@20 : 0.0232    ndcg@50 : 0.0348    
25 Oct 09:58    INFO  Saving current best: saved/DirectAU-Oct-25-2023_09-58-12.pth
25 Oct 09:59    INFO  epoch 1 training [time: 23.13s, train loss: -0.6144]
25 Oct 09:59    INFO  epoch 1 evaluating [time: 14.94s, valid_score: 0.033600]
25 Oct 09:59    INFO  valid result: 
recall@10 : 0.0324    recall@20 : 0.0551    recall@50 : 0.1051    ndcg@10 : 0.0259    ndcg@20 : 0.0336    ndcg@50 : 0.0484    
25 Oct 09:59    INFO  Saving current best: saved/DirectAU-Oct-25-2023_09-58-12.pth
25 Oct 09:59    INFO  epoch 2 training [time: 23.54s, train loss: -0.6945]
25 Oct 10:00    INFO  epoch 2 evaluating [time: 15.37s, valid_score: 0.039700]
25 Oct 10:00    INFO  valid result: 
recall@10 : 0.0382    recall@20 : 0.0645    recall@50 : 0.1216    ndcg@10 : 0.0307    ndcg@20 : 0.0397    ndcg@50 : 0.0564    
25 Oct 10:00    INFO  Saving current best: saved/DirectAU-Oct-25-2023_09-58-12.pth
25 Oct 10:00    INFO  epoch 3 training [time: 23.80s, train loss: -0.7332]
25 Oct 10:00    INFO  epoch 3 evaluating [time: 15.08s, valid_score: 0.044700]
25 Oct 10:00    INFO  valid result: 
recall@10 : 0.0436    recall@20 : 0.0726    recall@50 : 0.1324    ndcg@10 : 0.0348    ndcg@20 : 0.0447    ndcg@50 : 0.0622    
25 Oct 10:00    INFO  Saving current best: saved/DirectAU-Oct-25-2023_09-58-12.pth
25 Oct 10:01    INFO  epoch 4 training [time: 23.75s, train loss: -0.7579]
25 Oct 10:01    INFO  epoch 4 evaluating [time: 14.81s, valid_score: 0.048400]
25 Oct 10:01    INFO  valid result: 
recall@10 : 0.0475    recall@20 : 0.078    recall@50 : 0.1424    ndcg@10 : 0.038    ndcg@20 : 0.0484    ndcg@50 : 0.0672    
25 Oct 10:01    INFO  Saving current best: saved/DirectAU-Oct-25-2023_09-58-12.pth
25 Oct 10:01    INFO  epoch 5 training [time: 23.84s, train loss: -0.7757]
25 Oct 10:02    INFO  epoch 5 evaluating [time: 15.09s, valid_score: 0.051800]
25 Oct 10:02    INFO  valid result: 
recall@10 : 0.0519    recall@20 : 0.0834    recall@50 : 0.1513    ndcg@10 : 0.0411    ndcg@20 : 0.0518    ndcg@50 : 0.0717    
25 Oct 10:02    INFO  Saving current best: saved/DirectAU-Oct-25-2023_09-58-12.pth
25 Oct 10:02    INFO  epoch 6 training [time: 23.73s, train loss: -0.7893]
25 Oct 10:02    INFO  epoch 6 evaluating [time: 14.96s, valid_score: 0.054600]
25 Oct 10:02    INFO  valid result: 
recall@10 : 0.0544    recall@20 : 0.0878    recall@50 : 0.1581    ndcg@10 : 0.0433    ndcg@20 : 0.0546    ndcg@50 : 0.0752    
25 Oct 10:02    INFO  Saving current best: saved/DirectAU-Oct-25-2023_09-58-12.pth
25 Oct 10:03    INFO  epoch 7 training [time: 23.79s, train loss: -0.8006]
25 Oct 10:03    INFO  epoch 7 evaluating [time: 15.24s, valid_score: 0.056300]
25 Oct 10:03    INFO  valid result: 
recall@10 : 0.0555    recall@20 : 0.0907    recall@50 : 0.1629    ndcg@10 : 0.0444    ndcg@20 : 0.0563    ndcg@50 : 0.0773    
25 Oct 10:03    INFO  Saving current best: saved/DirectAU-Oct-25-2023_09-58-12.pth
25 Oct 10:03    INFO  epoch 8 training [time: 23.82s, train loss: -0.8097]
25 Oct 10:04    INFO  epoch 8 evaluating [time: 14.97s, valid_score: 0.057800]
25 Oct 10:04    INFO  valid result: 
recall@10 : 0.0577    recall@20 : 0.0924    recall@50 : 0.1658    ndcg@10 : 0.046    ndcg@20 : 0.0578    ndcg@50 : 0.0791    
25 Oct 10:04    INFO  Saving current best: saved/DirectAU-Oct-25-2023_09-58-12.pth
25 Oct 10:04    INFO  epoch 9 training [time: 23.77s, train loss: -0.8171]
25 Oct 10:04    INFO  epoch 9 evaluating [time: 15.07s, valid_score: 0.059000]
25 Oct 10:04    INFO  valid result: 
recall@10 : 0.0592    recall@20 : 0.0945    recall@50 : 0.1688    ndcg@10 : 0.047    ndcg@20 : 0.059    ndcg@50 : 0.0806    
25 Oct 10:04    INFO  Saving current best: saved/DirectAU-Oct-25-2023_09-58-12.pth
25 Oct 10:05    INFO  epoch 10 training [time: 23.81s, train loss: -0.8235]
25 Oct 10:05    INFO  epoch 10 evaluating [time: 14.90s, valid_score: 0.060000]
25 Oct 10:05    INFO  valid result: 
recall@10 : 0.0604    recall@20 : 0.0954    recall@50 : 0.17    ndcg@10 : 0.0482    ndcg@20 : 0.06    ndcg@50 : 0.0816    
25 Oct 10:05    INFO  Saving current best: saved/DirectAU-Oct-25-2023_09-58-12.pth
25 Oct 10:05    INFO  epoch 11 training [time: 23.76s, train loss: -0.8286]
25 Oct 10:05    INFO  epoch 11 evaluating [time: 15.08s, valid_score: 0.059800]
25 Oct 10:05    INFO  valid result: 
recall@10 : 0.0603    recall@20 : 0.0957    recall@50 : 0.1723    ndcg@10 : 0.0479    ndcg@20 : 0.0598    ndcg@50 : 0.082    
25 Oct 10:06    INFO  epoch 12 training [time: 23.87s, train loss: -0.8330]
25 Oct 10:06    INFO  epoch 12 evaluating [time: 14.98s, valid_score: 0.060900]
25 Oct 10:06    INFO  valid result: 
recall@10 : 0.0605    recall@20 : 0.0969    recall@50 : 0.1742    ndcg@10 : 0.0487    ndcg@20 : 0.0609    ndcg@50 : 0.0833    
25 Oct 10:06    INFO  Saving current best: saved/DirectAU-Oct-25-2023_09-58-12.pth
25 Oct 10:07    INFO  epoch 13 training [time: 23.85s, train loss: -0.8368]
25 Oct 10:07    INFO  epoch 13 evaluating [time: 15.27s, valid_score: 0.060700]
25 Oct 10:07    INFO  valid result: 
recall@10 : 0.0605    recall@20 : 0.0966    recall@50 : 0.1747    ndcg@10 : 0.0486    ndcg@20 : 0.0607    ndcg@50 : 0.0834    
25 Oct 10:07    INFO  epoch 14 training [time: 23.80s, train loss: -0.8398]
25 Oct 10:07    INFO  epoch 14 evaluating [time: 14.89s, valid_score: 0.062000]
25 Oct 10:07    INFO  valid result: 
recall@10 : 0.0625    recall@20 : 0.0994    recall@50 : 0.1756    ndcg@10 : 0.0496    ndcg@20 : 0.062    ndcg@50 : 0.0842    
25 Oct 10:07    INFO  Saving current best: saved/DirectAU-Oct-25-2023_09-58-12.pth
25 Oct 10:08    INFO  epoch 15 training [time: 23.75s, train loss: -0.8425]
25 Oct 10:08    INFO  epoch 15 evaluating [time: 15.07s, valid_score: 0.062100]
25 Oct 10:08    INFO  valid result: 
recall@10 : 0.0614    recall@20 : 0.0991    recall@50 : 0.1775    ndcg@10 : 0.0494    ndcg@20 : 0.0621    ndcg@50 : 0.0848    
25 Oct 10:08    INFO  Saving current best: saved/DirectAU-Oct-25-2023_09-58-12.pth
25 Oct 10:08    INFO  epoch 16 training [time: 23.96s, train loss: -0.8447]
25 Oct 10:09    INFO  epoch 16 evaluating [time: 15.36s, valid_score: 0.062000]
25 Oct 10:09    INFO  valid result: 
recall@10 : 0.0615    recall@20 : 0.0997    recall@50 : 0.1776    ndcg@10 : 0.0491    ndcg@20 : 0.062    ndcg@50 : 0.0846    
25 Oct 10:09    INFO  epoch 17 training [time: 23.87s, train loss: -0.8469]
25 Oct 10:09    INFO  epoch 17 evaluating [time: 14.98s, valid_score: 0.061400]
25 Oct 10:09    INFO  valid result: 
recall@10 : 0.0615    recall@20 : 0.0985    recall@50 : 0.1773    ndcg@10 : 0.0489    ndcg@20 : 0.0614    ndcg@50 : 0.0843    
25 Oct 10:10    INFO  epoch 18 training [time: 23.90s, train loss: -0.8486]
25 Oct 10:10    INFO  epoch 18 evaluating [time: 15.19s, valid_score: 0.062200]
25 Oct 10:10    INFO  valid result: 
recall@10 : 0.0621    recall@20 : 0.0995    recall@50 : 0.1782    ndcg@10 : 0.0496    ndcg@20 : 0.0622    ndcg@50 : 0.085    
25 Oct 10:10    INFO  Saving current best: saved/DirectAU-Oct-25-2023_09-58-12.pth
25 Oct 10:10    INFO  epoch 19 training [time: 23.85s, train loss: -0.8500]
25 Oct 10:11    INFO  epoch 19 evaluating [time: 14.88s, valid_score: 0.062700]
25 Oct 10:11    INFO  valid result: 
recall@10 : 0.0623    recall@20 : 0.0998    recall@50 : 0.1774    ndcg@10 : 0.05    ndcg@20 : 0.0627    ndcg@50 : 0.0852    
25 Oct 10:11    INFO  Saving current best: saved/DirectAU-Oct-25-2023_09-58-12.pth
25 Oct 10:11    INFO  epoch 20 training [time: 23.80s, train loss: -0.8513]
25 Oct 10:11    INFO  epoch 20 evaluating [time: 15.27s, valid_score: 0.062200]
25 Oct 10:11    INFO  valid result: 
recall@10 : 0.0627    recall@20 : 0.0999    recall@50 : 0.1771    ndcg@10 : 0.0496    ndcg@20 : 0.0622    ndcg@50 : 0.0846    
25 Oct 10:12    INFO  epoch 21 training [time: 23.88s, train loss: -0.8523]
25 Oct 10:12    INFO  epoch 21 evaluating [time: 14.88s, valid_score: 0.062600]
25 Oct 10:12    INFO  valid result: 
recall@10 : 0.0623    recall@20 : 0.1    recall@50 : 0.1801    ndcg@10 : 0.0499    ndcg@20 : 0.0626    ndcg@50 : 0.0858    
25 Oct 10:12    INFO  epoch 22 training [time: 23.70s, train loss: -0.8532]
25 Oct 10:13    INFO  epoch 22 evaluating [time: 15.13s, valid_score: 0.062500]
25 Oct 10:13    INFO  valid result: 
recall@10 : 0.0624    recall@20 : 0.1002    recall@50 : 0.179    ndcg@10 : 0.0498    ndcg@20 : 0.0625    ndcg@50 : 0.0852    
25 Oct 10:13    INFO  epoch 23 training [time: 23.79s, train loss: -0.8541]
25 Oct 10:13    INFO  epoch 23 evaluating [time: 14.90s, valid_score: 0.063000]
25 Oct 10:13    INFO  valid result: 
recall@10 : 0.0629    recall@20 : 0.1003    recall@50 : 0.1796    ndcg@10 : 0.0504    ndcg@20 : 0.063    ndcg@50 : 0.0859    
25 Oct 10:13    INFO  Saving current best: saved/DirectAU-Oct-25-2023_09-58-12.pth
25 Oct 10:14    INFO  epoch 24 training [time: 23.78s, train loss: -0.8548]
25 Oct 10:14    INFO  epoch 24 evaluating [time: 15.05s, valid_score: 0.062900]
25 Oct 10:14    INFO  valid result: 
recall@10 : 0.0628    recall@20 : 0.1006    recall@50 : 0.1788    ndcg@10 : 0.0502    ndcg@20 : 0.0629    ndcg@50 : 0.0857    
25 Oct 10:14    INFO  epoch 25 training [time: 23.88s, train loss: -0.8554]
25 Oct 10:15    INFO  epoch 25 evaluating [time: 14.96s, valid_score: 0.062700]
25 Oct 10:15    INFO  valid result: 
recall@10 : 0.0624    recall@20 : 0.1    recall@50 : 0.1802    ndcg@10 : 0.0501    ndcg@20 : 0.0627    ndcg@50 : 0.086    
25 Oct 10:15    INFO  epoch 26 training [time: 23.78s, train loss: -0.8559]
25 Oct 10:15    INFO  epoch 26 evaluating [time: 15.16s, valid_score: 0.062500]
25 Oct 10:15    INFO  valid result: 
recall@10 : 0.0618    recall@20 : 0.0999    recall@50 : 0.1786    ndcg@10 : 0.0497    ndcg@20 : 0.0625    ndcg@50 : 0.0854    
25 Oct 10:16    INFO  epoch 27 training [time: 23.86s, train loss: -0.8564]
25 Oct 10:16    INFO  epoch 27 evaluating [time: 14.94s, valid_score: 0.062700]
25 Oct 10:16    INFO  valid result: 
recall@10 : 0.0625    recall@20 : 0.1003    recall@50 : 0.1788    ndcg@10 : 0.05    ndcg@20 : 0.0627    ndcg@50 : 0.0855    
25 Oct 10:16    INFO  epoch 28 training [time: 23.82s, train loss: -0.8569]
25 Oct 10:17    INFO  epoch 28 evaluating [time: 15.32s, valid_score: 0.063200]
25 Oct 10:17    INFO  valid result: 
recall@10 : 0.0625    recall@20 : 0.1007    recall@50 : 0.1783    ndcg@10 : 0.0504    ndcg@20 : 0.0632    ndcg@50 : 0.0857    
25 Oct 10:17    INFO  Saving current best: saved/DirectAU-Oct-25-2023_09-58-12.pth
25 Oct 10:17    INFO  epoch 29 training [time: 23.76s, train loss: -0.8574]
25 Oct 10:17    INFO  epoch 29 evaluating [time: 15.18s, valid_score: 0.062600]
25 Oct 10:17    INFO  valid result: 
recall@10 : 0.0625    recall@20 : 0.1    recall@50 : 0.1788    ndcg@10 : 0.05    ndcg@20 : 0.0626    ndcg@50 : 0.0855    
25 Oct 10:18    INFO  epoch 30 training [time: 23.80s, train loss: -0.8577]
25 Oct 10:18    INFO  epoch 30 evaluating [time: 14.99s, valid_score: 0.062900]
25 Oct 10:18    INFO  valid result: 
recall@10 : 0.0626    recall@20 : 0.1006    recall@50 : 0.1798    ndcg@10 : 0.0501    ndcg@20 : 0.0629    ndcg@50 : 0.0859    
25 Oct 10:18    INFO  epoch 31 training [time: 23.80s, train loss: -0.8582]
25 Oct 10:18    INFO  epoch 31 evaluating [time: 15.23s, valid_score: 0.062900]
25 Oct 10:18    INFO  valid result: 
recall@10 : 0.0634    recall@20 : 0.1011    recall@50 : 0.1798    ndcg@10 : 0.0501    ndcg@20 : 0.0629    ndcg@50 : 0.0857    
25 Oct 10:19    INFO  epoch 32 training [time: 23.74s, train loss: -0.8585]
25 Oct 10:19    INFO  epoch 32 evaluating [time: 15.05s, valid_score: 0.062500]
25 Oct 10:19    INFO  valid result: 
recall@10 : 0.0622    recall@20 : 0.1001    recall@50 : 0.1797    ndcg@10 : 0.0497    ndcg@20 : 0.0625    ndcg@50 : 0.0856    
25 Oct 10:20    INFO  epoch 33 training [time: 23.82s, train loss: -0.8589]
25 Oct 10:20    INFO  epoch 33 evaluating [time: 15.16s, valid_score: 0.062400]
25 Oct 10:20    INFO  valid result: 
recall@10 : 0.062    recall@20 : 0.0993    recall@50 : 0.1797    ndcg@10 : 0.0499    ndcg@20 : 0.0624    ndcg@50 : 0.0857    
25 Oct 10:20    INFO  epoch 34 training [time: 24.03s, train loss: -0.8593]
25 Oct 10:20    INFO  epoch 34 evaluating [time: 16.99s, valid_score: 0.062800]
25 Oct 10:20    INFO  valid result: 
recall@10 : 0.0621    recall@20 : 0.1005    recall@50 : 0.1799    ndcg@10 : 0.0498    ndcg@20 : 0.0628    ndcg@50 : 0.0858    
25 Oct 10:21    INFO  epoch 35 training [time: 23.87s, train loss: -0.8596]
25 Oct 10:21    INFO  epoch 35 evaluating [time: 15.15s, valid_score: 0.062700]
25 Oct 10:21    INFO  valid result: 
recall@10 : 0.0621    recall@20 : 0.1005    recall@50 : 0.1806    ndcg@10 : 0.0497    ndcg@20 : 0.0627    ndcg@50 : 0.0859    
25 Oct 10:21    INFO  epoch 36 training [time: 23.81s, train loss: -0.8599]
25 Oct 10:22    INFO  epoch 36 evaluating [time: 14.93s, valid_score: 0.062600]
25 Oct 10:22    INFO  valid result: 
recall@10 : 0.063    recall@20 : 0.1003    recall@50 : 0.1804    ndcg@10 : 0.0501    ndcg@20 : 0.0626    ndcg@50 : 0.0859    
25 Oct 10:22    INFO  epoch 37 training [time: 23.76s, train loss: -0.8602]
25 Oct 10:22    INFO  epoch 37 evaluating [time: 15.23s, valid_score: 0.062900]
25 Oct 10:22    INFO  valid result: 
recall@10 : 0.0624    recall@20 : 0.1005    recall@50 : 0.1792    ndcg@10 : 0.05    ndcg@20 : 0.0629    ndcg@50 : 0.0858    
25 Oct 10:23    INFO  epoch 38 training [time: 23.77s, train loss: -0.8605]
25 Oct 10:23    INFO  epoch 38 evaluating [time: 14.88s, valid_score: 0.063000]
25 Oct 10:23    INFO  valid result: 
recall@10 : 0.0624    recall@20 : 0.1003    recall@50 : 0.1803    ndcg@10 : 0.0503    ndcg@20 : 0.063    ndcg@50 : 0.0862    
25 Oct 10:23    INFO  epoch 39 training [time: 23.74s, train loss: -0.8607]
25 Oct 10:24    INFO  epoch 39 evaluating [time: 15.12s, valid_score: 0.063100]
25 Oct 10:24    INFO  valid result: 
recall@10 : 0.0625    recall@20 : 0.1006    recall@50 : 0.1798    ndcg@10 : 0.0502    ndcg@20 : 0.0631    ndcg@50 : 0.0861    
25 Oct 10:24    INFO  Finished training, best eval result in epoch 28
25 Oct 10:24    INFO  Loading model structure and parameters from saved/DirectAU-Oct-25-2023_09-58-12.pth
25 Oct 10:24    INFO  best valid : {'recall@10': 0.0625, 'recall@20': 0.1007, 'recall@50': 0.1783, 'ndcg@10': 0.0504, 'ndcg@20': 0.0632, 'ndcg@50': 0.0857}
25 Oct 10:24    INFO  test result: {'recall@10': 0.0629, 'recall@20': 0.1004, 'recall@50': 0.1792, 'ndcg@10': 0.0503, 'ndcg@20': 0.0628, 'ndcg@50': 0.0856}
