command line args [--zc 1] will not be used in RecBole
26 Oct 21:29    INFO  
General Hyper Parameters:
gpu_id = 5
use_gpu = True
seed = 0
state = INFO
reproducibility = True
data_path = dataset/Yelp
show_progress = False

Training Hyper Parameters:
checkpoint_dir = saved
epochs = 500
train_batch_size = 1024
learner = adam
learning_rate = 0.001
training_neg_sample_num = 0
training_neg_sample_distribution = uniform
eval_step = 1
stopping_step = 10
clip_grad_norm = None
weight_decay = 1e-06
draw_loss_pic = False
loss_decimal_place = 4

Evaluation Hyper Parameters:
eval_setting = RO_RS,full
group_by_user = True
split_ratio = [0.8, 0.1, 0.1]
leave_one_num = 2
real_time_process = False
metrics = ['Recall', 'NDCG']
topk = [10, 20, 50]
valid_metric = NDCG@20
eval_batch_size = 4096
metric_decimal_place = 4

Dataset Hyper Parameters:
field_separator = 	
seq_separator =  
USER_ID_FIELD = user_id
ITEM_ID_FIELD = item_id
RATING_FIELD = rating
TIME_FIELD = timestamp
seq_len = None
LABEL_FIELD = label
threshold = None
NEG_PREFIX = neg_
load_col = {'inter': ['user_id', 'item_id', 'timestamp']}
unload_col = None
unused_col = None
additional_feat_suffix = None
lowest_val = None
highest_val = None
equal_val = None
not_equal_val = None
max_user_inter_num = None
min_user_inter_num = 5
max_item_inter_num = None
min_item_inter_num = 5
fields_in_same_space = None
preload_weight = None
normalize_field = None
normalize_all = None
ITEM_LIST_LENGTH_FIELD = item_length
LIST_SUFFIX = _list
MAX_ITEM_LIST_LENGTH = 50
POSITION_FIELD = position_id
HEAD_ENTITY_ID_FIELD = head_id
TAIL_ENTITY_ID_FIELD = tail_id
RELATION_ID_FIELD = relation_id
ENTITY_ID_FIELD = entity_id

Other Hyper Parameters: 
valid_metric_bigger = True
BT = 0.1
bt = 0.001
embedding_size = 64
encoder = MF
gamma = 1.5
times = 1
witem = 0.1
wuser = 0.8
zc = 1.0
rm_dup_inter = None
filter_inter_by_user_or_item = True
SOURCE_ID_FIELD = source_id
TARGET_ID_FIELD = target_id
benchmark_filename = None
MODEL_TYPE = ModelType.GENERAL
MODEL_INPUT_TYPE = InputType.POINTWISE
eval_type = EvaluatorType.RANKING
device = cuda
train_neg_sample_args = {'strategy': 'none'}


26 Oct 21:30    INFO  Yelp
The number of users: 31669
Average actions of users: 49.305481874447395
The number of items: 38049
Average actions of items: 41.037794365012616
The number of inters: 1561406
The sparsity of the dataset: 99.87041991912021%
Remain Fields: ['user_id', 'item_id']
26 Oct 21:30    INFO  Build [GeneralDataLoader] for [train] with format [InputType.POINTWISE]
26 Oct 21:30    INFO  [train] No Negative Sampling
26 Oct 21:30    INFO  [train] batch_size = [1024], shuffle = [True]

26 Oct 21:30    INFO  Build [GeneralFullDataLoader] for [evaluation] with format [InputType.POINTWISE]
26 Oct 21:30    INFO  Evaluation Setting:
	Group by user_id
	Ordering: {'strategy': 'shuffle'}
	Splitting: {'strategy': 'by_ratio', 'ratios': [0.8, 0.1, 0.1]}
	Negative Sampling: {'strategy': 'full', 'distribution': 'uniform'}
26 Oct 21:30    INFO  [evaluation] batch_size = [4096], shuffle = [False]

26 Oct 21:30    WARNING  Batch size is changed to 38049.
26 Oct 21:30    WARNING  Batch size is changed to 38049.
{'BT': 0.1, 'bt': 0.001, 'embedding_size': 64, 'encoder': 'MF', 'gamma': None, 'times': 1, 'training_neg_sample_num': 0, 'witem': 0.1, 'wuser': 0.8, 'zc': 1.0}
this is encoder MF...
这是directau 的 WUBT 版本...1.0
26 Oct 21:30    INFO  DirectAU(
  (encoder): MFEncoder(
    (user_embedding): Embedding(31669, 64)
    (item_embedding): Embedding(38049, 64)
  )
  (bn): BatchNorm1d(64, eps=1e-05, momentum=0.1, affine=False, track_running_stats=True)
  (projector): Sequential(
    (0): Linear(in_features=64, out_features=64, bias=False)
    (1): BatchNorm1d(64, eps=1e-05, momentum=0.1, affine=True, track_running_stats=True)
    (2): ReLU(inplace=True)
    (3): Linear(in_features=64, out_features=64, bias=False)
    (4): BatchNorm1d(64, eps=1e-05, momentum=0.1, affine=True, track_running_stats=True)
    (5): ReLU(inplace=True)
    (6): Linear(in_features=64, out_features=64, bias=False)
  )
)
Trainable parameters: 4474496
26 Oct 21:30    INFO  epoch 0 training [time: 27.95s, train loss: -3.8145]
26 Oct 21:32    INFO  epoch 0 evaluating [time: 82.01s, valid_score: 0.018700]
26 Oct 21:32    INFO  valid result: 
recall@10 : 0.0173    recall@20 : 0.0308    recall@50 : 0.0631    ndcg@10 : 0.014    ndcg@20 : 0.0187    ndcg@50 : 0.0285    
26 Oct 21:32    INFO  Saving current best: saved/DirectAU-Oct-26-2023_21-30-10.pth
26 Oct 21:32    INFO  epoch 1 training [time: 27.98s, train loss: -4.1338]
26 Oct 21:33    INFO  epoch 1 evaluating [time: 77.59s, valid_score: 0.027500]
26 Oct 21:33    INFO  valid result: 
recall@10 : 0.027    recall@20 : 0.0461    recall@50 : 0.09    ndcg@10 : 0.0209    ndcg@20 : 0.0275    ndcg@50 : 0.0406    
26 Oct 21:33    INFO  Saving current best: saved/DirectAU-Oct-26-2023_21-30-10.pth
26 Oct 21:34    INFO  epoch 2 training [time: 31.29s, train loss: -4.2102]
26 Oct 21:35    INFO  epoch 2 evaluating [time: 78.53s, valid_score: 0.031500]
26 Oct 21:35    INFO  valid result: 
recall@10 : 0.0309    recall@20 : 0.0522    recall@50 : 0.1013    ndcg@10 : 0.0241    ndcg@20 : 0.0315    ndcg@50 : 0.0459    
26 Oct 21:35    INFO  Saving current best: saved/DirectAU-Oct-26-2023_21-30-10.pth
26 Oct 21:36    INFO  epoch 3 training [time: 31.33s, train loss: -4.2488]
26 Oct 21:37    INFO  epoch 3 evaluating [time: 71.35s, valid_score: 0.034500]
26 Oct 21:37    INFO  valid result: 
recall@10 : 0.0336    recall@20 : 0.0571    recall@50 : 0.109    ndcg@10 : 0.0263    ndcg@20 : 0.0345    ndcg@50 : 0.0497    
26 Oct 21:37    INFO  Saving current best: saved/DirectAU-Oct-26-2023_21-30-10.pth
26 Oct 21:37    INFO  epoch 4 training [time: 38.13s, train loss: -4.2745]
26 Oct 21:39    INFO  epoch 4 evaluating [time: 64.28s, valid_score: 0.035800]
26 Oct 21:39    INFO  valid result: 
recall@10 : 0.0351    recall@20 : 0.0599    recall@50 : 0.1143    ndcg@10 : 0.0273    ndcg@20 : 0.0358    ndcg@50 : 0.0518    
26 Oct 21:39    INFO  Saving current best: saved/DirectAU-Oct-26-2023_21-30-10.pth
26 Oct 21:39    INFO  epoch 5 training [time: 44.94s, train loss: -4.2941]
26 Oct 21:40    INFO  epoch 5 evaluating [time: 59.45s, valid_score: 0.038000]
26 Oct 21:40    INFO  valid result: 
recall@10 : 0.0378    recall@20 : 0.0634    recall@50 : 0.12    ndcg@10 : 0.0292    ndcg@20 : 0.038    ndcg@50 : 0.0545    
26 Oct 21:40    INFO  Saving current best: saved/DirectAU-Oct-26-2023_21-30-10.pth
26 Oct 21:41    INFO  epoch 6 training [time: 49.60s, train loss: -4.3100]
26 Oct 21:42    INFO  epoch 6 evaluating [time: 60.66s, valid_score: 0.039100]
26 Oct 21:42    INFO  valid result: 
recall@10 : 0.0392    recall@20 : 0.0657    recall@50 : 0.1231    ndcg@10 : 0.03    ndcg@20 : 0.0391    ndcg@50 : 0.0559    
26 Oct 21:42    INFO  Saving current best: saved/DirectAU-Oct-26-2023_21-30-10.pth
26 Oct 21:43    INFO  epoch 7 training [time: 49.64s, train loss: -4.3238]
26 Oct 21:44    INFO  epoch 7 evaluating [time: 60.29s, valid_score: 0.040400]
26 Oct 21:44    INFO  valid result: 
recall@10 : 0.0406    recall@20 : 0.0675    recall@50 : 0.1281    ndcg@10 : 0.0312    ndcg@20 : 0.0404    ndcg@50 : 0.0581    
26 Oct 21:44    INFO  Saving current best: saved/DirectAU-Oct-26-2023_21-30-10.pth
26 Oct 21:45    INFO  epoch 8 training [time: 49.57s, train loss: -4.3353]
26 Oct 21:46    INFO  epoch 8 evaluating [time: 60.98s, valid_score: 0.041100]
26 Oct 21:46    INFO  valid result: 
recall@10 : 0.041    recall@20 : 0.0688    recall@50 : 0.1322    ndcg@10 : 0.0315    ndcg@20 : 0.0411    ndcg@50 : 0.0595    
26 Oct 21:46    INFO  Saving current best: saved/DirectAU-Oct-26-2023_21-30-10.pth
26 Oct 21:47    INFO  epoch 9 training [time: 49.72s, train loss: -4.3456]
26 Oct 21:48    INFO  epoch 9 evaluating [time: 60.18s, valid_score: 0.042700]
26 Oct 21:48    INFO  valid result: 
recall@10 : 0.0427    recall@20 : 0.071    recall@50 : 0.1349    ndcg@10 : 0.033    ndcg@20 : 0.0427    ndcg@50 : 0.0613    
26 Oct 21:48    INFO  Saving current best: saved/DirectAU-Oct-26-2023_21-30-10.pth
26 Oct 21:48    INFO  epoch 10 training [time: 49.59s, train loss: -4.3543]
26 Oct 21:49    INFO  epoch 10 evaluating [time: 60.68s, valid_score: 0.043800]
26 Oct 21:49    INFO  valid result: 
recall@10 : 0.044    recall@20 : 0.0725    recall@50 : 0.1384    ndcg@10 : 0.0341    ndcg@20 : 0.0438    ndcg@50 : 0.0629    
26 Oct 21:49    INFO  Saving current best: saved/DirectAU-Oct-26-2023_21-30-10.pth
26 Oct 21:50    INFO  epoch 11 training [time: 49.46s, train loss: -4.3615]
26 Oct 21:51    INFO  epoch 11 evaluating [time: 60.24s, valid_score: 0.044900]
26 Oct 21:51    INFO  valid result: 
recall@10 : 0.0447    recall@20 : 0.0743    recall@50 : 0.1406    ndcg@10 : 0.0348    ndcg@20 : 0.0449    ndcg@50 : 0.0642    
26 Oct 21:51    INFO  Saving current best: saved/DirectAU-Oct-26-2023_21-30-10.pth
26 Oct 21:52    INFO  epoch 12 training [time: 49.72s, train loss: -4.3684]
26 Oct 21:53    INFO  epoch 12 evaluating [time: 60.79s, valid_score: 0.045800]
26 Oct 21:53    INFO  valid result: 
recall@10 : 0.0457    recall@20 : 0.0762    recall@50 : 0.1432    ndcg@10 : 0.0354    ndcg@20 : 0.0458    ndcg@50 : 0.0653    
26 Oct 21:53    INFO  Saving current best: saved/DirectAU-Oct-26-2023_21-30-10.pth
26 Oct 21:54    INFO  epoch 13 training [time: 49.63s, train loss: -4.3743]
26 Oct 21:55    INFO  epoch 13 evaluating [time: 60.22s, valid_score: 0.046600]
26 Oct 21:55    INFO  valid result: 
recall@10 : 0.0464    recall@20 : 0.0775    recall@50 : 0.1455    ndcg@10 : 0.0361    ndcg@20 : 0.0466    ndcg@50 : 0.0664    
26 Oct 21:55    INFO  Saving current best: saved/DirectAU-Oct-26-2023_21-30-10.pth
26 Oct 21:56    INFO  epoch 14 training [time: 50.35s, train loss: -4.3793]
26 Oct 21:57    INFO  epoch 14 evaluating [time: 60.13s, valid_score: 0.048100]
26 Oct 21:57    INFO  valid result: 
recall@10 : 0.0481    recall@20 : 0.0795    recall@50 : 0.1477    ndcg@10 : 0.0374    ndcg@20 : 0.0481    ndcg@50 : 0.0679    
26 Oct 21:57    INFO  Saving current best: saved/DirectAU-Oct-26-2023_21-30-10.pth
26 Oct 21:58    INFO  epoch 15 training [time: 49.04s, train loss: -4.3838]
26 Oct 21:59    INFO  epoch 15 evaluating [time: 61.12s, valid_score: 0.049000]
26 Oct 21:59    INFO  valid result: 
recall@10 : 0.0485    recall@20 : 0.0809    recall@50 : 0.1502    ndcg@10 : 0.0379    ndcg@20 : 0.049    ndcg@50 : 0.0691    
26 Oct 21:59    INFO  Saving current best: saved/DirectAU-Oct-26-2023_21-30-10.pth
26 Oct 22:00    INFO  epoch 16 training [time: 49.32s, train loss: -4.3876]
26 Oct 22:01    INFO  epoch 16 evaluating [time: 60.59s, valid_score: 0.049800]
26 Oct 22:01    INFO  valid result: 
recall@10 : 0.0494    recall@20 : 0.0822    recall@50 : 0.1518    ndcg@10 : 0.0386    ndcg@20 : 0.0498    ndcg@50 : 0.07    
26 Oct 22:01    INFO  Saving current best: saved/DirectAU-Oct-26-2023_21-30-10.pth
26 Oct 22:01    INFO  epoch 17 training [time: 49.53s, train loss: -4.3912]
26 Oct 22:02    INFO  epoch 17 evaluating [time: 60.71s, valid_score: 0.050200]
26 Oct 22:02    INFO  valid result: 
recall@10 : 0.0503    recall@20 : 0.0831    recall@50 : 0.1539    ndcg@10 : 0.039    ndcg@20 : 0.0502    ndcg@50 : 0.0708    
26 Oct 22:02    INFO  Saving current best: saved/DirectAU-Oct-26-2023_21-30-10.pth
26 Oct 22:03    INFO  epoch 18 training [time: 49.87s, train loss: -4.3942]
26 Oct 22:04    INFO  epoch 18 evaluating [time: 60.31s, valid_score: 0.051000]
26 Oct 22:04    INFO  valid result: 
recall@10 : 0.051    recall@20 : 0.0841    recall@50 : 0.1545    ndcg@10 : 0.0397    ndcg@20 : 0.051    ndcg@50 : 0.0714    
26 Oct 22:04    INFO  Saving current best: saved/DirectAU-Oct-26-2023_21-30-10.pth
26 Oct 22:05    INFO  epoch 19 training [time: 49.61s, train loss: -4.3970]
26 Oct 22:06    INFO  epoch 19 evaluating [time: 60.62s, valid_score: 0.051600]
26 Oct 22:06    INFO  valid result: 
recall@10 : 0.0517    recall@20 : 0.0849    recall@50 : 0.1565    ndcg@10 : 0.0404    ndcg@20 : 0.0516    ndcg@50 : 0.0724    
26 Oct 22:06    INFO  Saving current best: saved/DirectAU-Oct-26-2023_21-30-10.pth
26 Oct 22:07    INFO  epoch 20 training [time: 49.58s, train loss: -4.3994]
26 Oct 22:08    INFO  epoch 20 evaluating [time: 60.12s, valid_score: 0.052100]
26 Oct 22:08    INFO  valid result: 
recall@10 : 0.0524    recall@20 : 0.0851    recall@50 : 0.158    ndcg@10 : 0.0409    ndcg@20 : 0.0521    ndcg@50 : 0.0732    
26 Oct 22:08    INFO  Saving current best: saved/DirectAU-Oct-26-2023_21-30-10.pth
26 Oct 22:09    INFO  epoch 21 training [time: 49.77s, train loss: -4.4015]
26 Oct 22:10    INFO  epoch 21 evaluating [time: 60.63s, valid_score: 0.052500]
26 Oct 22:10    INFO  valid result: 
recall@10 : 0.0526    recall@20 : 0.0862    recall@50 : 0.159    ndcg@10 : 0.0411    ndcg@20 : 0.0525    ndcg@50 : 0.0737    
26 Oct 22:10    INFO  Saving current best: saved/DirectAU-Oct-26-2023_21-30-10.pth
26 Oct 22:11    INFO  epoch 22 training [time: 49.97s, train loss: -4.4032]
26 Oct 22:12    INFO  epoch 22 evaluating [time: 60.24s, valid_score: 0.053200]
26 Oct 22:12    INFO  valid result: 
recall@10 : 0.053    recall@20 : 0.0872    recall@50 : 0.1603    ndcg@10 : 0.0415    ndcg@20 : 0.0532    ndcg@50 : 0.0744    
26 Oct 22:12    INFO  Saving current best: saved/DirectAU-Oct-26-2023_21-30-10.pth
26 Oct 22:12    INFO  epoch 23 training [time: 49.72s, train loss: -4.4053]
26 Oct 22:13    INFO  epoch 23 evaluating [time: 60.65s, valid_score: 0.053700]
26 Oct 22:13    INFO  valid result: 
recall@10 : 0.0538    recall@20 : 0.0878    recall@50 : 0.1624    ndcg@10 : 0.0421    ndcg@20 : 0.0537    ndcg@50 : 0.0754    
26 Oct 22:13    INFO  Saving current best: saved/DirectAU-Oct-26-2023_21-30-10.pth
26 Oct 22:14    INFO  epoch 24 training [time: 49.29s, train loss: -4.4065]
26 Oct 22:15    INFO  epoch 24 evaluating [time: 60.09s, valid_score: 0.054100]
26 Oct 22:15    INFO  valid result: 
recall@10 : 0.0544    recall@20 : 0.0887    recall@50 : 0.1627    ndcg@10 : 0.0425    ndcg@20 : 0.0541    ndcg@50 : 0.0757    
26 Oct 22:15    INFO  Saving current best: saved/DirectAU-Oct-26-2023_21-30-10.pth
26 Oct 22:16    INFO  epoch 25 training [time: 49.62s, train loss: -4.4079]
26 Oct 22:17    INFO  epoch 25 evaluating [time: 60.59s, valid_score: 0.054300]
26 Oct 22:17    INFO  valid result: 
recall@10 : 0.0541    recall@20 : 0.0893    recall@50 : 0.1639    ndcg@10 : 0.0423    ndcg@20 : 0.0543    ndcg@50 : 0.076    
26 Oct 22:17    INFO  Saving current best: saved/DirectAU-Oct-26-2023_21-30-10.pth
26 Oct 22:18    INFO  epoch 26 training [time: 48.92s, train loss: -4.4090]
26 Oct 22:19    INFO  epoch 26 evaluating [time: 60.01s, valid_score: 0.054400]
26 Oct 22:19    INFO  valid result: 
recall@10 : 0.0541    recall@20 : 0.0896    recall@50 : 0.1651    ndcg@10 : 0.0423    ndcg@20 : 0.0544    ndcg@50 : 0.0763    
26 Oct 22:19    INFO  Saving current best: saved/DirectAU-Oct-26-2023_21-30-10.pth
26 Oct 22:20    INFO  epoch 27 training [time: 49.72s, train loss: -4.4102]
26 Oct 22:21    INFO  epoch 27 evaluating [time: 59.95s, valid_score: 0.055100]
26 Oct 22:21    INFO  valid result: 
recall@10 : 0.0548    recall@20 : 0.0907    recall@50 : 0.1661    ndcg@10 : 0.0429    ndcg@20 : 0.0551    ndcg@50 : 0.077    
26 Oct 22:21    INFO  Saving current best: saved/DirectAU-Oct-26-2023_21-30-10.pth
26 Oct 22:22    INFO  epoch 28 training [time: 49.30s, train loss: -4.4111]
26 Oct 22:23    INFO  epoch 28 evaluating [time: 60.43s, valid_score: 0.055700]
26 Oct 22:23    INFO  valid result: 
recall@10 : 0.0551    recall@20 : 0.0916    recall@50 : 0.167    ndcg@10 : 0.0433    ndcg@20 : 0.0557    ndcg@50 : 0.0776    
26 Oct 22:23    INFO  Saving current best: saved/DirectAU-Oct-26-2023_21-30-10.pth
26 Oct 22:23    INFO  epoch 29 training [time: 49.18s, train loss: -4.4121]
26 Oct 22:24    INFO  epoch 29 evaluating [time: 60.41s, valid_score: 0.056000]
26 Oct 22:24    INFO  valid result: 
recall@10 : 0.056    recall@20 : 0.092    recall@50 : 0.1666    ndcg@10 : 0.0438    ndcg@20 : 0.056    ndcg@50 : 0.0778    
26 Oct 22:24    INFO  Saving current best: saved/DirectAU-Oct-26-2023_21-30-10.pth
26 Oct 22:25    INFO  epoch 30 training [time: 49.61s, train loss: -4.4127]
26 Oct 22:26    INFO  epoch 30 evaluating [time: 60.62s, valid_score: 0.056100]
26 Oct 22:26    INFO  valid result: 
recall@10 : 0.0563    recall@20 : 0.0925    recall@50 : 0.1681    ndcg@10 : 0.0439    ndcg@20 : 0.0561    ndcg@50 : 0.0781    
26 Oct 22:26    INFO  Saving current best: saved/DirectAU-Oct-26-2023_21-30-10.pth
26 Oct 22:27    INFO  epoch 31 training [time: 49.33s, train loss: -4.4134]
26 Oct 22:28    INFO  epoch 31 evaluating [time: 60.02s, valid_score: 0.056000]
26 Oct 22:28    INFO  valid result: 
recall@10 : 0.0567    recall@20 : 0.0925    recall@50 : 0.1687    ndcg@10 : 0.0439    ndcg@20 : 0.056    ndcg@50 : 0.0782    
26 Oct 22:29    INFO  epoch 32 training [time: 49.72s, train loss: -4.4141]
26 Oct 22:30    INFO  epoch 32 evaluating [time: 60.67s, valid_score: 0.056500]
26 Oct 22:30    INFO  valid result: 
recall@10 : 0.0568    recall@20 : 0.0931    recall@50 : 0.1699    ndcg@10 : 0.0442    ndcg@20 : 0.0565    ndcg@50 : 0.0789    
26 Oct 22:30    INFO  Saving current best: saved/DirectAU-Oct-26-2023_21-30-10.pth
26 Oct 22:31    INFO  epoch 33 training [time: 49.68s, train loss: -4.4148]
26 Oct 22:32    INFO  epoch 33 evaluating [time: 59.97s, valid_score: 0.056700]
26 Oct 22:32    INFO  valid result: 
recall@10 : 0.0565    recall@20 : 0.0932    recall@50 : 0.1696    ndcg@10 : 0.0442    ndcg@20 : 0.0567    ndcg@50 : 0.0789    
26 Oct 22:32    INFO  Saving current best: saved/DirectAU-Oct-26-2023_21-30-10.pth
26 Oct 22:33    INFO  epoch 34 training [time: 49.88s, train loss: -4.4152]
26 Oct 22:34    INFO  epoch 34 evaluating [time: 60.57s, valid_score: 0.056800]
26 Oct 22:34    INFO  valid result: 
recall@10 : 0.0574    recall@20 : 0.0933    recall@50 : 0.1705    ndcg@10 : 0.0446    ndcg@20 : 0.0568    ndcg@50 : 0.0792    
26 Oct 22:34    INFO  Saving current best: saved/DirectAU-Oct-26-2023_21-30-10.pth
26 Oct 22:34    INFO  epoch 35 training [time: 49.39s, train loss: -4.4157]
26 Oct 22:35    INFO  epoch 35 evaluating [time: 60.03s, valid_score: 0.057300]
26 Oct 22:35    INFO  valid result: 
recall@10 : 0.0574    recall@20 : 0.094    recall@50 : 0.171    ndcg@10 : 0.0448    ndcg@20 : 0.0573    ndcg@50 : 0.0797    
26 Oct 22:35    INFO  Saving current best: saved/DirectAU-Oct-26-2023_21-30-10.pth
26 Oct 22:36    INFO  epoch 36 training [time: 49.67s, train loss: -4.4164]
26 Oct 22:37    INFO  epoch 36 evaluating [time: 60.61s, valid_score: 0.057400]
26 Oct 22:37    INFO  valid result: 
recall@10 : 0.0581    recall@20 : 0.0941    recall@50 : 0.1718    ndcg@10 : 0.0453    ndcg@20 : 0.0574    ndcg@50 : 0.08    
26 Oct 22:37    INFO  Saving current best: saved/DirectAU-Oct-26-2023_21-30-10.pth
26 Oct 22:38    INFO  epoch 37 training [time: 49.54s, train loss: -4.4168]
26 Oct 22:39    INFO  epoch 37 evaluating [time: 60.05s, valid_score: 0.057900]
26 Oct 22:39    INFO  valid result: 
recall@10 : 0.0582    recall@20 : 0.0954    recall@50 : 0.1714    ndcg@10 : 0.0453    ndcg@20 : 0.0579    ndcg@50 : 0.0799    
26 Oct 22:39    INFO  Saving current best: saved/DirectAU-Oct-26-2023_21-30-10.pth
26 Oct 22:40    INFO  epoch 38 training [time: 50.28s, train loss: -4.4175]
26 Oct 22:41    INFO  epoch 38 evaluating [time: 60.59s, valid_score: 0.058100]
26 Oct 22:41    INFO  valid result: 
recall@10 : 0.058    recall@20 : 0.0955    recall@50 : 0.1719    ndcg@10 : 0.0454    ndcg@20 : 0.0581    ndcg@50 : 0.0804    
26 Oct 22:41    INFO  Saving current best: saved/DirectAU-Oct-26-2023_21-30-10.pth
26 Oct 22:42    INFO  epoch 39 training [time: 50.41s, train loss: -4.4177]
26 Oct 22:43    INFO  epoch 39 evaluating [time: 60.01s, valid_score: 0.058400]
26 Oct 22:43    INFO  valid result: 
recall@10 : 0.0589    recall@20 : 0.0956    recall@50 : 0.1731    ndcg@10 : 0.046    ndcg@20 : 0.0584    ndcg@50 : 0.081    
26 Oct 22:43    INFO  Saving current best: saved/DirectAU-Oct-26-2023_21-30-10.pth
26 Oct 22:44    INFO  epoch 40 training [time: 49.34s, train loss: -4.4178]
26 Oct 22:45    INFO  epoch 40 evaluating [time: 59.85s, valid_score: 0.058500]
26 Oct 22:45    INFO  valid result: 
recall@10 : 0.0584    recall@20 : 0.0959    recall@50 : 0.1729    ndcg@10 : 0.0458    ndcg@20 : 0.0585    ndcg@50 : 0.0809    
26 Oct 22:45    INFO  Saving current best: saved/DirectAU-Oct-26-2023_21-30-10.pth
26 Oct 22:45    INFO  epoch 41 training [time: 49.70s, train loss: -4.4183]
26 Oct 22:46    INFO  epoch 41 evaluating [time: 60.26s, valid_score: 0.058500]
26 Oct 22:46    INFO  valid result: 
recall@10 : 0.0583    recall@20 : 0.0959    recall@50 : 0.1731    ndcg@10 : 0.0458    ndcg@20 : 0.0585    ndcg@50 : 0.081    
26 Oct 22:47    INFO  epoch 42 training [time: 49.36s, train loss: -4.4183]
26 Oct 22:48    INFO  epoch 42 evaluating [time: 60.32s, valid_score: 0.058800]
26 Oct 22:48    INFO  valid result: 
recall@10 : 0.0589    recall@20 : 0.0963    recall@50 : 0.1742    ndcg@10 : 0.0461    ndcg@20 : 0.0588    ndcg@50 : 0.0814    
26 Oct 22:48    INFO  Saving current best: saved/DirectAU-Oct-26-2023_21-30-10.pth
26 Oct 22:49    INFO  epoch 43 training [time: 49.69s, train loss: -4.4187]
26 Oct 22:50    INFO  epoch 43 evaluating [time: 60.61s, valid_score: 0.059100]
26 Oct 22:50    INFO  valid result: 
recall@10 : 0.0592    recall@20 : 0.0969    recall@50 : 0.174    ndcg@10 : 0.0463    ndcg@20 : 0.0591    ndcg@50 : 0.0815    
26 Oct 22:50    INFO  Saving current best: saved/DirectAU-Oct-26-2023_21-30-10.pth
26 Oct 22:51    INFO  epoch 44 training [time: 49.71s, train loss: -4.4190]
26 Oct 22:52    INFO  epoch 44 evaluating [time: 60.07s, valid_score: 0.059200]
26 Oct 22:52    INFO  valid result: 
recall@10 : 0.0593    recall@20 : 0.0968    recall@50 : 0.1738    ndcg@10 : 0.0465    ndcg@20 : 0.0592    ndcg@50 : 0.0816    
26 Oct 22:52    INFO  Saving current best: saved/DirectAU-Oct-26-2023_21-30-10.pth
26 Oct 22:53    INFO  epoch 45 training [time: 49.17s, train loss: -4.4192]
26 Oct 22:54    INFO  epoch 45 evaluating [time: 60.65s, valid_score: 0.059400]
26 Oct 22:54    INFO  valid result: 
recall@10 : 0.0592    recall@20 : 0.0968    recall@50 : 0.1733    ndcg@10 : 0.0466    ndcg@20 : 0.0594    ndcg@50 : 0.0816    
26 Oct 22:54    INFO  Saving current best: saved/DirectAU-Oct-26-2023_21-30-10.pth
26 Oct 22:55    INFO  epoch 46 training [time: 49.30s, train loss: -4.4193]
26 Oct 22:56    INFO  epoch 46 evaluating [time: 59.97s, valid_score: 0.059600]
26 Oct 22:56    INFO  valid result: 
recall@10 : 0.0591    recall@20 : 0.0975    recall@50 : 0.1744    ndcg@10 : 0.0466    ndcg@20 : 0.0596    ndcg@50 : 0.082    
26 Oct 22:56    INFO  Saving current best: saved/DirectAU-Oct-26-2023_21-30-10.pth
26 Oct 22:56    INFO  epoch 47 training [time: 49.44s, train loss: -4.4194]
26 Oct 22:57    INFO  epoch 47 evaluating [time: 60.61s, valid_score: 0.059900]
26 Oct 22:57    INFO  valid result: 
recall@10 : 0.0592    recall@20 : 0.0979    recall@50 : 0.1748    ndcg@10 : 0.0468    ndcg@20 : 0.0599    ndcg@50 : 0.0824    
26 Oct 22:57    INFO  Saving current best: saved/DirectAU-Oct-26-2023_21-30-10.pth
26 Oct 22:58    INFO  epoch 48 training [time: 49.18s, train loss: -4.4198]
26 Oct 22:59    INFO  epoch 48 evaluating [time: 60.05s, valid_score: 0.059900]
26 Oct 22:59    INFO  valid result: 
recall@10 : 0.0596    recall@20 : 0.0982    recall@50 : 0.1756    ndcg@10 : 0.0468    ndcg@20 : 0.0599    ndcg@50 : 0.0824    
26 Oct 23:00    INFO  epoch 49 training [time: 49.30s, train loss: -4.4198]
26 Oct 23:01    INFO  epoch 49 evaluating [time: 60.61s, valid_score: 0.059800]
26 Oct 23:01    INFO  valid result: 
recall@10 : 0.0603    recall@20 : 0.0979    recall@50 : 0.176    ndcg@10 : 0.0471    ndcg@20 : 0.0598    ndcg@50 : 0.0825    
26 Oct 23:02    INFO  epoch 50 training [time: 49.66s, train loss: -4.4199]
26 Oct 23:03    INFO  epoch 50 evaluating [time: 60.18s, valid_score: 0.059700]
26 Oct 23:03    INFO  valid result: 
recall@10 : 0.06    recall@20 : 0.0973    recall@50 : 0.1764    ndcg@10 : 0.047    ndcg@20 : 0.0597    ndcg@50 : 0.0826    
26 Oct 23:04    INFO  epoch 51 training [time: 49.65s, train loss: -4.4198]
26 Oct 23:05    INFO  epoch 51 evaluating [time: 60.76s, valid_score: 0.060100]
26 Oct 23:05    INFO  valid result: 
recall@10 : 0.0599    recall@20 : 0.0983    recall@50 : 0.1759    ndcg@10 : 0.047    ndcg@20 : 0.0601    ndcg@50 : 0.0827    
26 Oct 23:05    INFO  Saving current best: saved/DirectAU-Oct-26-2023_21-30-10.pth
26 Oct 23:06    INFO  epoch 52 training [time: 49.52s, train loss: -4.4200]
26 Oct 23:07    INFO  epoch 52 evaluating [time: 60.09s, valid_score: 0.060100]
26 Oct 23:07    INFO  valid result: 
recall@10 : 0.0599    recall@20 : 0.0982    recall@50 : 0.1757    ndcg@10 : 0.0471    ndcg@20 : 0.0601    ndcg@50 : 0.0826    
26 Oct 23:07    INFO  epoch 53 training [time: 49.77s, train loss: -4.4202]
26 Oct 23:08    INFO  epoch 53 evaluating [time: 59.83s, valid_score: 0.059800]
26 Oct 23:08    INFO  valid result: 
recall@10 : 0.0601    recall@20 : 0.098    recall@50 : 0.1764    ndcg@10 : 0.047    ndcg@20 : 0.0598    ndcg@50 : 0.0826    
26 Oct 23:09    INFO  epoch 54 training [time: 48.25s, train loss: -4.4203]
26 Oct 23:10    INFO  epoch 54 evaluating [time: 62.07s, valid_score: 0.060200]
26 Oct 23:10    INFO  valid result: 
recall@10 : 0.0607    recall@20 : 0.0985    recall@50 : 0.1763    ndcg@10 : 0.0474    ndcg@20 : 0.0602    ndcg@50 : 0.0828    
26 Oct 23:10    INFO  Saving current best: saved/DirectAU-Oct-26-2023_21-30-10.pth
26 Oct 23:11    INFO  epoch 55 training [time: 49.20s, train loss: -4.4202]
26 Oct 23:12    INFO  epoch 55 evaluating [time: 60.48s, valid_score: 0.060200]
26 Oct 23:12    INFO  valid result: 
recall@10 : 0.0601    recall@20 : 0.0983    recall@50 : 0.1765    ndcg@10 : 0.0473    ndcg@20 : 0.0602    ndcg@50 : 0.083    
26 Oct 23:13    INFO  epoch 56 training [time: 50.55s, train loss: -4.4206]
26 Oct 23:14    INFO  epoch 56 evaluating [time: 60.71s, valid_score: 0.060300]
26 Oct 23:14    INFO  valid result: 
recall@10 : 0.0602    recall@20 : 0.0985    recall@50 : 0.1769    ndcg@10 : 0.0474    ndcg@20 : 0.0603    ndcg@50 : 0.0832    
26 Oct 23:14    INFO  Saving current best: saved/DirectAU-Oct-26-2023_21-30-10.pth
26 Oct 23:15    INFO  epoch 57 training [time: 49.68s, train loss: -4.4205]
26 Oct 23:16    INFO  epoch 57 evaluating [time: 60.08s, valid_score: 0.060400]
26 Oct 23:16    INFO  valid result: 
recall@10 : 0.0604    recall@20 : 0.099    recall@50 : 0.1768    ndcg@10 : 0.0473    ndcg@20 : 0.0604    ndcg@50 : 0.0831    
26 Oct 23:16    INFO  Saving current best: saved/DirectAU-Oct-26-2023_21-30-10.pth
26 Oct 23:17    INFO  epoch 58 training [time: 49.56s, train loss: -4.4208]
26 Oct 23:18    INFO  epoch 58 evaluating [time: 60.69s, valid_score: 0.060700]
26 Oct 23:18    INFO  valid result: 
recall@10 : 0.0605    recall@20 : 0.0993    recall@50 : 0.1778    ndcg@10 : 0.0475    ndcg@20 : 0.0607    ndcg@50 : 0.0835    
26 Oct 23:18    INFO  Saving current best: saved/DirectAU-Oct-26-2023_21-30-10.pth
26 Oct 23:18    INFO  epoch 59 training [time: 49.32s, train loss: -4.4208]
26 Oct 23:19    INFO  epoch 59 evaluating [time: 60.12s, valid_score: 0.060700]
26 Oct 23:19    INFO  valid result: 
recall@10 : 0.0607    recall@20 : 0.099    recall@50 : 0.1774    ndcg@10 : 0.0476    ndcg@20 : 0.0607    ndcg@50 : 0.0835    
26 Oct 23:20    INFO  epoch 60 training [time: 49.73s, train loss: -4.4206]
26 Oct 23:21    INFO  epoch 60 evaluating [time: 60.86s, valid_score: 0.061000]
26 Oct 23:21    INFO  valid result: 
recall@10 : 0.061    recall@20 : 0.0997    recall@50 : 0.1776    ndcg@10 : 0.0479    ndcg@20 : 0.061    ndcg@50 : 0.0837    
26 Oct 23:21    INFO  Saving current best: saved/DirectAU-Oct-26-2023_21-30-10.pth
26 Oct 23:22    INFO  epoch 61 training [time: 49.26s, train loss: -4.4209]
26 Oct 23:23    INFO  epoch 61 evaluating [time: 60.35s, valid_score: 0.060900]
26 Oct 23:23    INFO  valid result: 
recall@10 : 0.0608    recall@20 : 0.0997    recall@50 : 0.1775    ndcg@10 : 0.0477    ndcg@20 : 0.0609    ndcg@50 : 0.0836    
26 Oct 23:24    INFO  epoch 62 training [time: 49.90s, train loss: -4.4207]
26 Oct 23:25    INFO  epoch 62 evaluating [time: 60.89s, valid_score: 0.061300]
26 Oct 23:25    INFO  valid result: 
recall@10 : 0.0612    recall@20 : 0.1003    recall@50 : 0.1778    ndcg@10 : 0.0481    ndcg@20 : 0.0613    ndcg@50 : 0.0839    
26 Oct 23:25    INFO  Saving current best: saved/DirectAU-Oct-26-2023_21-30-10.pth
26 Oct 23:26    INFO  epoch 63 training [time: 49.77s, train loss: -4.4207]
26 Oct 23:27    INFO  epoch 63 evaluating [time: 60.31s, valid_score: 0.061300]
26 Oct 23:27    INFO  valid result: 
recall@10 : 0.0618    recall@20 : 0.0996    recall@50 : 0.1778    ndcg@10 : 0.0485    ndcg@20 : 0.0613    ndcg@50 : 0.084    
26 Oct 23:28    INFO  epoch 64 training [time: 49.39s, train loss: -4.4210]
26 Oct 23:29    INFO  epoch 64 evaluating [time: 60.86s, valid_score: 0.061300]
26 Oct 23:29    INFO  valid result: 
recall@10 : 0.0615    recall@20 : 0.0996    recall@50 : 0.1787    ndcg@10 : 0.0484    ndcg@20 : 0.0613    ndcg@50 : 0.0843    
26 Oct 23:29    INFO  epoch 65 training [time: 49.88s, train loss: -4.4210]
26 Oct 23:30    INFO  epoch 65 evaluating [time: 60.32s, valid_score: 0.061200]
26 Oct 23:30    INFO  valid result: 
recall@10 : 0.0616    recall@20 : 0.0997    recall@50 : 0.1775    ndcg@10 : 0.0483    ndcg@20 : 0.0612    ndcg@50 : 0.0839    
26 Oct 23:31    INFO  epoch 66 training [time: 49.83s, train loss: -4.4209]
26 Oct 23:32    INFO  epoch 66 evaluating [time: 60.16s, valid_score: 0.061400]
26 Oct 23:32    INFO  valid result: 
recall@10 : 0.0614    recall@20 : 0.0998    recall@50 : 0.1778    ndcg@10 : 0.0483    ndcg@20 : 0.0614    ndcg@50 : 0.0841    
26 Oct 23:32    INFO  Saving current best: saved/DirectAU-Oct-26-2023_21-30-10.pth
26 Oct 23:33    INFO  epoch 67 training [time: 49.73s, train loss: -4.4210]
26 Oct 23:34    INFO  epoch 67 evaluating [time: 62.17s, valid_score: 0.061400]
26 Oct 23:34    INFO  valid result: 
recall@10 : 0.0613    recall@20 : 0.0999    recall@50 : 0.1788    ndcg@10 : 0.0483    ndcg@20 : 0.0614    ndcg@50 : 0.0843    
26 Oct 23:35    INFO  epoch 68 training [time: 48.03s, train loss: -4.4211]
26 Oct 23:36    INFO  epoch 68 evaluating [time: 59.99s, valid_score: 0.061300]
26 Oct 23:36    INFO  valid result: 
recall@10 : 0.0611    recall@20 : 0.1002    recall@50 : 0.1785    ndcg@10 : 0.0481    ndcg@20 : 0.0613    ndcg@50 : 0.0841    
26 Oct 23:37    INFO  epoch 69 training [time: 49.85s, train loss: -4.4210]
26 Oct 23:38    INFO  epoch 69 evaluating [time: 60.90s, valid_score: 0.061400]
26 Oct 23:38    INFO  valid result: 
recall@10 : 0.061    recall@20 : 0.1005    recall@50 : 0.1785    ndcg@10 : 0.048    ndcg@20 : 0.0614    ndcg@50 : 0.0841    
26 Oct 23:39    INFO  epoch 70 training [time: 49.76s, train loss: -4.4212]
26 Oct 23:40    INFO  epoch 70 evaluating [time: 60.22s, valid_score: 0.061400]
26 Oct 23:40    INFO  valid result: 
recall@10 : 0.0613    recall@20 : 0.1003    recall@50 : 0.1794    ndcg@10 : 0.0482    ndcg@20 : 0.0614    ndcg@50 : 0.0844    
26 Oct 23:40    INFO  epoch 71 training [time: 49.74s, train loss: -4.4213]
26 Oct 23:42    INFO  epoch 71 evaluating [time: 60.96s, valid_score: 0.061400]
26 Oct 23:42    INFO  valid result: 
recall@10 : 0.0617    recall@20 : 0.1001    recall@50 : 0.1786    ndcg@10 : 0.0483    ndcg@20 : 0.0614    ndcg@50 : 0.0842    
26 Oct 23:42    INFO  epoch 72 training [time: 49.82s, train loss: -4.4214]
26 Oct 23:43    INFO  epoch 72 evaluating [time: 60.19s, valid_score: 0.061600]
26 Oct 23:43    INFO  valid result: 
recall@10 : 0.0615    recall@20 : 0.1006    recall@50 : 0.1785    ndcg@10 : 0.0483    ndcg@20 : 0.0616    ndcg@50 : 0.0843    
26 Oct 23:43    INFO  Saving current best: saved/DirectAU-Oct-26-2023_21-30-10.pth
26 Oct 23:44    INFO  epoch 73 training [time: 50.37s, train loss: -4.4215]
26 Oct 23:45    INFO  epoch 73 evaluating [time: 60.77s, valid_score: 0.061500]
26 Oct 23:45    INFO  valid result: 
recall@10 : 0.0618    recall@20 : 0.0995    recall@50 : 0.1784    ndcg@10 : 0.0486    ndcg@20 : 0.0615    ndcg@50 : 0.0844    
26 Oct 23:46    INFO  epoch 74 training [time: 49.29s, train loss: -4.4215]
26 Oct 23:47    INFO  epoch 74 evaluating [time: 60.28s, valid_score: 0.061800]
26 Oct 23:47    INFO  valid result: 
recall@10 : 0.0623    recall@20 : 0.1006    recall@50 : 0.1786    ndcg@10 : 0.0488    ndcg@20 : 0.0618    ndcg@50 : 0.0845    
26 Oct 23:47    INFO  Saving current best: saved/DirectAU-Oct-26-2023_21-30-10.pth
26 Oct 23:48    INFO  epoch 75 training [time: 49.64s, train loss: -4.4214]
26 Oct 23:49    INFO  epoch 75 evaluating [time: 60.78s, valid_score: 0.062000]
26 Oct 23:49    INFO  valid result: 
recall@10 : 0.0619    recall@20 : 0.1007    recall@50 : 0.1789    ndcg@10 : 0.0489    ndcg@20 : 0.062    ndcg@50 : 0.0848    
26 Oct 23:49    INFO  Saving current best: saved/DirectAU-Oct-26-2023_21-30-10.pth
26 Oct 23:50    INFO  epoch 76 training [time: 49.65s, train loss: -4.4215]
26 Oct 23:51    INFO  epoch 76 evaluating [time: 60.21s, valid_score: 0.062100]
26 Oct 23:51    INFO  valid result: 
recall@10 : 0.062    recall@20 : 0.1017    recall@50 : 0.1793    ndcg@10 : 0.0486    ndcg@20 : 0.0621    ndcg@50 : 0.0846    
26 Oct 23:51    INFO  Saving current best: saved/DirectAU-Oct-26-2023_21-30-10.pth
26 Oct 23:52    INFO  epoch 77 training [time: 49.57s, train loss: -4.4215]
26 Oct 23:53    INFO  epoch 77 evaluating [time: 60.79s, valid_score: 0.061900]
26 Oct 23:53    INFO  valid result: 
recall@10 : 0.0619    recall@20 : 0.1008    recall@50 : 0.1787    ndcg@10 : 0.0487    ndcg@20 : 0.0619    ndcg@50 : 0.0846    
26 Oct 23:53    INFO  epoch 78 training [time: 49.51s, train loss: -4.4215]
26 Oct 23:54    INFO  epoch 78 evaluating [time: 60.19s, valid_score: 0.061600]
26 Oct 23:54    INFO  valid result: 
recall@10 : 0.0615    recall@20 : 0.1006    recall@50 : 0.1795    ndcg@10 : 0.0483    ndcg@20 : 0.0616    ndcg@50 : 0.0846    
26 Oct 23:55    INFO  epoch 79 training [time: 49.28s, train loss: -4.4217]
26 Oct 23:56    INFO  epoch 79 evaluating [time: 59.99s, valid_score: 0.061700]
26 Oct 23:56    INFO  valid result: 
recall@10 : 0.062    recall@20 : 0.1007    recall@50 : 0.1795    ndcg@10 : 0.0486    ndcg@20 : 0.0617    ndcg@50 : 0.0846    
26 Oct 23:57    INFO  epoch 80 training [time: 48.72s, train loss: -4.4216]
26 Oct 23:58    INFO  epoch 80 evaluating [time: 61.74s, valid_score: 0.061800]
26 Oct 23:58    INFO  valid result: 
recall@10 : 0.0619    recall@20 : 0.1009    recall@50 : 0.1787    ndcg@10 : 0.0486    ndcg@20 : 0.0618    ndcg@50 : 0.0845    
26 Oct 23:59    INFO  epoch 81 training [time: 49.53s, train loss: -4.4215]
27 Oct 00:00    INFO  epoch 81 evaluating [time: 60.31s, valid_score: 0.061900]
27 Oct 00:00    INFO  valid result: 
recall@10 : 0.0621    recall@20 : 0.1006    recall@50 : 0.1794    ndcg@10 : 0.0489    ndcg@20 : 0.0619    ndcg@50 : 0.0848    
27 Oct 00:01    INFO  epoch 82 training [time: 49.83s, train loss: -4.4216]
27 Oct 00:02    INFO  epoch 82 evaluating [time: 60.81s, valid_score: 0.062100]
27 Oct 00:02    INFO  valid result: 
recall@10 : 0.0623    recall@20 : 0.1009    recall@50 : 0.179    ndcg@10 : 0.049    ndcg@20 : 0.0621    ndcg@50 : 0.0848    
27 Oct 00:03    INFO  epoch 83 training [time: 49.72s, train loss: -4.4218]
27 Oct 00:04    INFO  epoch 83 evaluating [time: 60.37s, valid_score: 0.061900]
27 Oct 00:04    INFO  valid result: 
recall@10 : 0.0623    recall@20 : 0.1012    recall@50 : 0.1797    ndcg@10 : 0.0487    ndcg@20 : 0.0619    ndcg@50 : 0.0848    
27 Oct 00:04    INFO  epoch 84 training [time: 49.42s, train loss: -4.4218]
27 Oct 00:05    INFO  epoch 84 evaluating [time: 60.87s, valid_score: 0.062000]
27 Oct 00:05    INFO  valid result: 
recall@10 : 0.0621    recall@20 : 0.1015    recall@50 : 0.1802    ndcg@10 : 0.0487    ndcg@20 : 0.062    ndcg@50 : 0.0849    
27 Oct 00:06    INFO  epoch 85 training [time: 49.23s, train loss: -4.4219]
27 Oct 00:07    INFO  epoch 85 evaluating [time: 60.39s, valid_score: 0.061800]
27 Oct 00:07    INFO  valid result: 
recall@10 : 0.0622    recall@20 : 0.1007    recall@50 : 0.18    ndcg@10 : 0.0487    ndcg@20 : 0.0618    ndcg@50 : 0.0849    
27 Oct 00:08    INFO  epoch 86 training [time: 50.56s, train loss: -4.4220]
27 Oct 00:09    INFO  epoch 86 evaluating [time: 60.89s, valid_score: 0.061700]
27 Oct 00:09    INFO  valid result: 
recall@10 : 0.0618    recall@20 : 0.1002    recall@50 : 0.1794    ndcg@10 : 0.0486    ndcg@20 : 0.0617    ndcg@50 : 0.0848    
27 Oct 00:10    INFO  epoch 87 training [time: 49.64s, train loss: -4.4219]
27 Oct 00:11    INFO  epoch 87 evaluating [time: 60.20s, valid_score: 0.061900]
27 Oct 00:11    INFO  valid result: 
recall@10 : 0.0627    recall@20 : 0.1008    recall@50 : 0.1795    ndcg@10 : 0.0489    ndcg@20 : 0.0619    ndcg@50 : 0.0848    
27 Oct 00:11    INFO  Finished training, best eval result in epoch 76
27 Oct 00:11    INFO  Loading model structure and parameters from saved/DirectAU-Oct-26-2023_21-30-10.pth
27 Oct 00:12    INFO  best valid : {'recall@10': 0.062, 'recall@20': 0.1017, 'recall@50': 0.1793, 'ndcg@10': 0.0486, 'ndcg@20': 0.0621, 'ndcg@50': 0.0846}
27 Oct 00:12    INFO  test result: {'recall@10': 0.0628, 'recall@20': 0.1018, 'recall@50': 0.1816, 'ndcg@10': 0.0503, 'ndcg@20': 0.0634, 'ndcg@50': 0.0864}
