command line args [--gpu_id 3] will not be used in RecBole
25 Oct 15:22    INFO  
General Hyper Parameters:
gpu_id = 8
use_gpu = True
seed = 0
state = INFO
reproducibility = True
data_path = dataset/Gowalla
show_progress = False

Training Hyper Parameters:
checkpoint_dir = saved
epochs = 500
train_batch_size = 1024
learner = adam
learning_rate = 0.001
training_neg_sample_num = 0
training_neg_sample_distribution = uniform
eval_step = 1
stopping_step = 10
clip_grad_norm = None
weight_decay = 1e-06
draw_loss_pic = False
loss_decimal_place = 4

Evaluation Hyper Parameters:
eval_setting = RO_RS,full
group_by_user = True
split_ratio = [0.8, 0.1, 0.1]
leave_one_num = 2
real_time_process = False
metrics = ['Recall', 'NDCG']
topk = [10, 20, 50]
valid_metric = NDCG@20
eval_batch_size = 4096
metric_decimal_place = 4

Dataset Hyper Parameters:
field_separator = 	
seq_separator =  
USER_ID_FIELD = user_id
ITEM_ID_FIELD = item_id
RATING_FIELD = rating
TIME_FIELD = timestamp
seq_len = None
LABEL_FIELD = label
threshold = None
NEG_PREFIX = neg_
load_col = {'inter': ['user_id', 'item_id', 'timestamp']}
unload_col = None
unused_col = None
additional_feat_suffix = None
lowest_val = None
highest_val = None
equal_val = None
not_equal_val = None
max_user_inter_num = None
min_user_inter_num = 5
max_item_inter_num = None
min_item_inter_num = 5
fields_in_same_space = None
preload_weight = None
normalize_field = None
normalize_all = None
ITEM_LIST_LENGTH_FIELD = item_length
LIST_SUFFIX = _list
MAX_ITEM_LIST_LENGTH = 50
POSITION_FIELD = position_id
HEAD_ENTITY_ID_FIELD = head_id
TAIL_ENTITY_ID_FIELD = tail_id
RELATION_ID_FIELD = relation_id
ENTITY_ID_FIELD = entity_id

Other Hyper Parameters: 
valid_metric_bigger = True
BT = 0.1
bt = 0.001
embedding_size = 64
encoder = MF
gamma = 5
times = 1
witem = 0.1
wuser = 0.8
zc = None
rm_dup_inter = None
filter_inter_by_user_or_item = True
SOURCE_ID_FIELD = source_id
TARGET_ID_FIELD = target_id
benchmark_filename = None
MODEL_TYPE = ModelType.GENERAL
MODEL_INPUT_TYPE = InputType.POINTWISE
eval_type = EvaluatorType.RANKING
device = cuda
train_neg_sample_args = {'strategy': 'none'}


25 Oct 15:22    INFO  Gowalla
The number of users: 29859
Average actions of users: 34.408533726304505
The number of items: 40982
Average actions of items: 25.06942241526561
The number of inters: 1027370
The sparsity of the dataset: 99.91604269835769%
Remain Fields: ['user_id', 'item_id']
25 Oct 15:22    INFO  Build [GeneralDataLoader] for [train] with format [InputType.POINTWISE]
25 Oct 15:22    INFO  [train] No Negative Sampling
25 Oct 15:22    INFO  [train] batch_size = [1024], shuffle = [True]

25 Oct 15:22    INFO  Build [GeneralFullDataLoader] for [evaluation] with format [InputType.POINTWISE]
25 Oct 15:22    INFO  Evaluation Setting:
	Group by user_id
	Ordering: {'strategy': 'shuffle'}
	Splitting: {'strategy': 'by_ratio', 'ratios': [0.8, 0.1, 0.1]}
	Negative Sampling: {'strategy': 'full', 'distribution': 'uniform'}
25 Oct 15:22    INFO  [evaluation] batch_size = [4096], shuffle = [False]

25 Oct 15:22    WARNING  Batch size is changed to 40982.
25 Oct 15:22    WARNING  Batch size is changed to 40982.
{'BT': 0.1, 'bt': 0.001, 'embedding_size': 64, 'encoder': 'MF', 'gamma': None, 'times': 1, 'training_neg_sample_num': 0, 'witem': 0.1, 'wuser': 0.8, 'zc': None}
this is encoder MF...
这是directau 的 WUBT 版本...
25 Oct 15:22    INFO  DirectAU(
  (encoder): MFEncoder(
    (user_embedding): Embedding(29859, 64)
    (item_embedding): Embedding(40982, 64)
  )
  (bn): BatchNorm1d(64, eps=1e-05, momentum=0.1, affine=False, track_running_stats=True)
  (projector): Sequential(
    (0): Linear(in_features=64, out_features=64, bias=False)
    (1): BatchNorm1d(64, eps=1e-05, momentum=0.1, affine=True, track_running_stats=True)
    (2): ReLU(inplace=True)
    (3): Linear(in_features=64, out_features=64, bias=False)
    (4): BatchNorm1d(64, eps=1e-05, momentum=0.1, affine=True, track_running_stats=True)
    (5): ReLU(inplace=True)
    (6): Linear(in_features=64, out_features=64, bias=False)
  )
)
Trainable parameters: 4546368
25 Oct 15:23    INFO  epoch 0 training [time: 15.78s, train loss: -17.4961]
25 Oct 15:23    INFO  epoch 0 evaluating [time: 14.86s, valid_score: 0.029900]
25 Oct 15:23    INFO  valid result: 
recall@10 : 0.0341    recall@20 : 0.0522    recall@50 : 0.0886    ndcg@10 : 0.0243    ndcg@20 : 0.0299    ndcg@50 : 0.0395    
25 Oct 15:23    INFO  Saving current best: saved/DirectAU-Oct-25-2023_15-22-48.pth
25 Oct 15:23    INFO  epoch 1 training [time: 15.80s, train loss: -17.9030]
25 Oct 15:23    INFO  epoch 1 evaluating [time: 14.53s, valid_score: 0.045500]
25 Oct 15:23    INFO  valid result: 
recall@10 : 0.053    recall@20 : 0.082    recall@50 : 0.1396    ndcg@10 : 0.0368    ndcg@20 : 0.0455    ndcg@50 : 0.0599    
25 Oct 15:23    INFO  Saving current best: saved/DirectAU-Oct-25-2023_15-22-48.pth
25 Oct 15:24    INFO  epoch 2 training [time: 15.69s, train loss: -18.0117]
25 Oct 15:24    INFO  epoch 2 evaluating [time: 16.66s, valid_score: 0.053400]
25 Oct 15:24    INFO  valid result: 
recall@10 : 0.064    recall@20 : 0.0967    recall@50 : 0.161    ndcg@10 : 0.0435    ndcg@20 : 0.0534    ndcg@50 : 0.0694    
25 Oct 15:24    INFO  Saving current best: saved/DirectAU-Oct-25-2023_15-22-48.pth
25 Oct 15:24    INFO  epoch 3 training [time: 15.65s, train loss: -18.0649]
25 Oct 15:24    INFO  epoch 3 evaluating [time: 14.33s, valid_score: 0.057500]
25 Oct 15:24    INFO  valid result: 
recall@10 : 0.0684    recall@20 : 0.1049    recall@50 : 0.1741    ndcg@10 : 0.0466    ndcg@20 : 0.0575    ndcg@50 : 0.0747    
25 Oct 15:24    INFO  Saving current best: saved/DirectAU-Oct-25-2023_15-22-48.pth
25 Oct 15:25    INFO  epoch 4 training [time: 15.68s, train loss: -18.0990]
25 Oct 15:25    INFO  epoch 4 evaluating [time: 16.51s, valid_score: 0.060700]
25 Oct 15:25    INFO  valid result: 
recall@10 : 0.0726    recall@20 : 0.1102    recall@50 : 0.1841    ndcg@10 : 0.0495    ndcg@20 : 0.0607    ndcg@50 : 0.079    
25 Oct 15:25    INFO  Saving current best: saved/DirectAU-Oct-25-2023_15-22-48.pth
25 Oct 15:25    INFO  epoch 5 training [time: 15.66s, train loss: -18.1239]
25 Oct 15:25    INFO  epoch 5 evaluating [time: 14.33s, valid_score: 0.063200]
25 Oct 15:25    INFO  valid result: 
recall@10 : 0.0759    recall@20 : 0.1152    recall@50 : 0.1922    ndcg@10 : 0.0517    ndcg@20 : 0.0632    ndcg@50 : 0.0823    
25 Oct 15:25    INFO  Saving current best: saved/DirectAU-Oct-25-2023_15-22-48.pth
25 Oct 15:26    INFO  epoch 6 training [time: 15.74s, train loss: -18.1438]
25 Oct 15:26    INFO  epoch 6 evaluating [time: 14.77s, valid_score: 0.065300]
25 Oct 15:26    INFO  valid result: 
recall@10 : 0.079    recall@20 : 0.1182    recall@50 : 0.199    ndcg@10 : 0.0538    ndcg@20 : 0.0653    ndcg@50 : 0.0853    
25 Oct 15:26    INFO  Saving current best: saved/DirectAU-Oct-25-2023_15-22-48.pth
25 Oct 15:26    INFO  epoch 7 training [time: 15.72s, train loss: -18.1599]
25 Oct 15:26    INFO  epoch 7 evaluating [time: 14.37s, valid_score: 0.068200]
25 Oct 15:26    INFO  valid result: 
recall@10 : 0.0813    recall@20 : 0.1242    recall@50 : 0.2057    ndcg@10 : 0.0556    ndcg@20 : 0.0682    ndcg@50 : 0.0882    
25 Oct 15:26    INFO  Saving current best: saved/DirectAU-Oct-25-2023_15-22-48.pth
25 Oct 15:27    INFO  epoch 8 training [time: 15.80s, train loss: -18.1737]
25 Oct 15:27    INFO  epoch 8 evaluating [time: 14.65s, valid_score: 0.070100]
25 Oct 15:27    INFO  valid result: 
recall@10 : 0.0843    recall@20 : 0.1279    recall@50 : 0.2112    ndcg@10 : 0.0573    ndcg@20 : 0.0701    ndcg@50 : 0.0906    
25 Oct 15:27    INFO  Saving current best: saved/DirectAU-Oct-25-2023_15-22-48.pth
25 Oct 15:27    INFO  epoch 9 training [time: 15.78s, train loss: -18.1867]
25 Oct 15:27    INFO  epoch 9 evaluating [time: 14.46s, valid_score: 0.072200]
25 Oct 15:27    INFO  valid result: 
recall@10 : 0.0875    recall@20 : 0.131    recall@50 : 0.2164    ndcg@10 : 0.0593    ndcg@20 : 0.0722    ndcg@50 : 0.0932    
25 Oct 15:27    INFO  Saving current best: saved/DirectAU-Oct-25-2023_15-22-48.pth
25 Oct 15:28    INFO  epoch 10 training [time: 15.76s, train loss: -18.1979]
25 Oct 15:28    INFO  epoch 10 evaluating [time: 14.64s, valid_score: 0.074300]
25 Oct 15:28    INFO  valid result: 
recall@10 : 0.0884    recall@20 : 0.1353    recall@50 : 0.2217    ndcg@10 : 0.0605    ndcg@20 : 0.0743    ndcg@50 : 0.0954    
25 Oct 15:28    INFO  Saving current best: saved/DirectAU-Oct-25-2023_15-22-48.pth
25 Oct 15:28    INFO  epoch 11 training [time: 15.72s, train loss: -18.2078]
25 Oct 15:28    INFO  epoch 11 evaluating [time: 14.73s, valid_score: 0.074900]
25 Oct 15:28    INFO  valid result: 
recall@10 : 0.0912    recall@20 : 0.1361    recall@50 : 0.2268    ndcg@10 : 0.0617    ndcg@20 : 0.0749    ndcg@50 : 0.0972    
25 Oct 15:28    INFO  Saving current best: saved/DirectAU-Oct-25-2023_15-22-48.pth
25 Oct 15:29    INFO  epoch 12 training [time: 15.76s, train loss: -18.2168]
25 Oct 15:29    INFO  epoch 12 evaluating [time: 16.56s, valid_score: 0.077100]
25 Oct 15:29    INFO  valid result: 
recall@10 : 0.0933    recall@20 : 0.1415    recall@50 : 0.2305    ndcg@10 : 0.063    ndcg@20 : 0.0771    ndcg@50 : 0.099    
25 Oct 15:29    INFO  Saving current best: saved/DirectAU-Oct-25-2023_15-22-48.pth
25 Oct 15:29    INFO  epoch 13 training [time: 15.72s, train loss: -18.2249]
25 Oct 15:30    INFO  epoch 13 evaluating [time: 14.88s, valid_score: 0.078900]
25 Oct 15:30    INFO  valid result: 
recall@10 : 0.0948    recall@20 : 0.144    recall@50 : 0.2354    ndcg@10 : 0.0645    ndcg@20 : 0.0789    ndcg@50 : 0.1014    
25 Oct 15:30    INFO  Saving current best: saved/DirectAU-Oct-25-2023_15-22-48.pth
25 Oct 15:30    INFO  epoch 14 training [time: 15.72s, train loss: -18.2322]
25 Oct 15:30    INFO  epoch 14 evaluating [time: 14.35s, valid_score: 0.080800]
25 Oct 15:30    INFO  valid result: 
recall@10 : 0.0973    recall@20 : 0.1468    recall@50 : 0.2389    ndcg@10 : 0.0663    ndcg@20 : 0.0808    ndcg@50 : 0.1033    
25 Oct 15:30    INFO  Saving current best: saved/DirectAU-Oct-25-2023_15-22-48.pth
25 Oct 15:30    INFO  epoch 15 training [time: 15.68s, train loss: -18.2388]
25 Oct 15:31    INFO  epoch 15 evaluating [time: 14.77s, valid_score: 0.082200]
25 Oct 15:31    INFO  valid result: 
recall@10 : 0.0987    recall@20 : 0.1497    recall@50 : 0.2427    ndcg@10 : 0.0673    ndcg@20 : 0.0822    ndcg@50 : 0.105    
25 Oct 15:31    INFO  Saving current best: saved/DirectAU-Oct-25-2023_15-22-48.pth
25 Oct 15:31    INFO  epoch 16 training [time: 15.65s, train loss: -18.2450]
25 Oct 15:31    INFO  epoch 16 evaluating [time: 14.54s, valid_score: 0.084000]
25 Oct 15:31    INFO  valid result: 
recall@10 : 0.1013    recall@20 : 0.1532    recall@50 : 0.2475    ndcg@10 : 0.0688    ndcg@20 : 0.084    ndcg@50 : 0.1071    
25 Oct 15:31    INFO  Saving current best: saved/DirectAU-Oct-25-2023_15-22-48.pth
25 Oct 15:31    INFO  epoch 17 training [time: 15.73s, train loss: -18.2498]
25 Oct 15:32    INFO  epoch 17 evaluating [time: 17.08s, valid_score: 0.085500]
25 Oct 15:32    INFO  valid result: 
recall@10 : 0.1035    recall@20 : 0.1544    recall@50 : 0.2496    ndcg@10 : 0.0707    ndcg@20 : 0.0855    ndcg@50 : 0.1089    
25 Oct 15:32    INFO  Saving current best: saved/DirectAU-Oct-25-2023_15-22-48.pth
25 Oct 15:32    INFO  epoch 18 training [time: 15.93s, train loss: -18.2547]
25 Oct 15:32    INFO  epoch 18 evaluating [time: 14.45s, valid_score: 0.087000]
25 Oct 15:32    INFO  valid result: 
recall@10 : 0.1045    recall@20 : 0.157    recall@50 : 0.2521    ndcg@10 : 0.0717    ndcg@20 : 0.087    ndcg@50 : 0.1103    
25 Oct 15:32    INFO  Saving current best: saved/DirectAU-Oct-25-2023_15-22-48.pth
25 Oct 15:32    INFO  epoch 19 training [time: 15.81s, train loss: -18.2598]
25 Oct 15:33    INFO  epoch 19 evaluating [time: 14.72s, valid_score: 0.088500]
25 Oct 15:33    INFO  valid result: 
recall@10 : 0.1077    recall@20 : 0.1594    recall@50 : 0.2549    ndcg@10 : 0.0734    ndcg@20 : 0.0885    ndcg@50 : 0.1119    
25 Oct 15:33    INFO  Saving current best: saved/DirectAU-Oct-25-2023_15-22-48.pth
25 Oct 15:33    INFO  epoch 20 training [time: 15.67s, train loss: -18.2637]
25 Oct 15:33    INFO  epoch 20 evaluating [time: 14.28s, valid_score: 0.089200]
25 Oct 15:33    INFO  valid result: 
recall@10 : 0.109    recall@20 : 0.161    recall@50 : 0.2582    ndcg@10 : 0.074    ndcg@20 : 0.0892    ndcg@50 : 0.113    
25 Oct 15:33    INFO  Saving current best: saved/DirectAU-Oct-25-2023_15-22-48.pth
25 Oct 15:33    INFO  epoch 21 training [time: 15.69s, train loss: -18.2674]
25 Oct 15:34    INFO  epoch 21 evaluating [time: 14.64s, valid_score: 0.090500]
25 Oct 15:34    INFO  valid result: 
recall@10 : 0.1099    recall@20 : 0.163    recall@50 : 0.2595    ndcg@10 : 0.0749    ndcg@20 : 0.0905    ndcg@50 : 0.1141    
25 Oct 15:34    INFO  Saving current best: saved/DirectAU-Oct-25-2023_15-22-48.pth
25 Oct 15:34    INFO  epoch 22 training [time: 15.70s, train loss: -18.2708]
25 Oct 15:34    INFO  epoch 22 evaluating [time: 14.38s, valid_score: 0.091600]
25 Oct 15:34    INFO  valid result: 
recall@10 : 0.1116    recall@20 : 0.1642    recall@50 : 0.2626    ndcg@10 : 0.0763    ndcg@20 : 0.0916    ndcg@50 : 0.1157    
25 Oct 15:34    INFO  Saving current best: saved/DirectAU-Oct-25-2023_15-22-48.pth
25 Oct 15:34    INFO  epoch 23 training [time: 15.69s, train loss: -18.2739]
25 Oct 15:35    INFO  epoch 23 evaluating [time: 14.68s, valid_score: 0.092700]
25 Oct 15:35    INFO  valid result: 
recall@10 : 0.1128    recall@20 : 0.1668    recall@50 : 0.2645    ndcg@10 : 0.0769    ndcg@20 : 0.0927    ndcg@50 : 0.1166    
25 Oct 15:35    INFO  Saving current best: saved/DirectAU-Oct-25-2023_15-22-48.pth
25 Oct 15:35    INFO  epoch 24 training [time: 15.71s, train loss: -18.2770]
25 Oct 15:35    INFO  epoch 24 evaluating [time: 14.40s, valid_score: 0.093400]
25 Oct 15:35    INFO  valid result: 
recall@10 : 0.1137    recall@20 : 0.1678    recall@50 : 0.2667    ndcg@10 : 0.0776    ndcg@20 : 0.0934    ndcg@50 : 0.1176    
25 Oct 15:35    INFO  Saving current best: saved/DirectAU-Oct-25-2023_15-22-48.pth
25 Oct 15:35    INFO  epoch 25 training [time: 15.71s, train loss: -18.2793]
25 Oct 15:36    INFO  epoch 25 evaluating [time: 14.48s, valid_score: 0.094100]
25 Oct 15:36    INFO  valid result: 
recall@10 : 0.1151    recall@20 : 0.1682    recall@50 : 0.268    ndcg@10 : 0.0786    ndcg@20 : 0.0941    ndcg@50 : 0.1184    
25 Oct 15:36    INFO  Saving current best: saved/DirectAU-Oct-25-2023_15-22-48.pth
25 Oct 15:36    INFO  epoch 26 training [time: 15.70s, train loss: -18.2818]
25 Oct 15:36    INFO  epoch 26 evaluating [time: 14.57s, valid_score: 0.094800]
25 Oct 15:36    INFO  valid result: 
recall@10 : 0.1152    recall@20 : 0.1698    recall@50 : 0.2692    ndcg@10 : 0.0789    ndcg@20 : 0.0948    ndcg@50 : 0.1191    
25 Oct 15:36    INFO  Saving current best: saved/DirectAU-Oct-25-2023_15-22-48.pth
25 Oct 15:36    INFO  epoch 27 training [time: 15.70s, train loss: -18.2837]
25 Oct 15:37    INFO  epoch 27 evaluating [time: 14.41s, valid_score: 0.095200]
25 Oct 15:37    INFO  valid result: 
recall@10 : 0.1161    recall@20 : 0.1701    recall@50 : 0.2736    ndcg@10 : 0.0794    ndcg@20 : 0.0952    ndcg@50 : 0.1203    
25 Oct 15:37    INFO  Saving current best: saved/DirectAU-Oct-25-2023_15-22-48.pth
25 Oct 15:37    INFO  epoch 28 training [time: 15.69s, train loss: -18.2856]
25 Oct 15:37    INFO  epoch 28 evaluating [time: 14.58s, valid_score: 0.096100]
25 Oct 15:37    INFO  valid result: 
recall@10 : 0.1161    recall@20 : 0.172    recall@50 : 0.2737    ndcg@10 : 0.0798    ndcg@20 : 0.0961    ndcg@50 : 0.1209    
25 Oct 15:37    INFO  Saving current best: saved/DirectAU-Oct-25-2023_15-22-48.pth
25 Oct 15:37    INFO  epoch 29 training [time: 15.71s, train loss: -18.2879]
25 Oct 15:38    INFO  epoch 29 evaluating [time: 14.33s, valid_score: 0.096700]
25 Oct 15:38    INFO  valid result: 
recall@10 : 0.1172    recall@20 : 0.1719    recall@50 : 0.2758    ndcg@10 : 0.0807    ndcg@20 : 0.0967    ndcg@50 : 0.1221    
25 Oct 15:38    INFO  Saving current best: saved/DirectAU-Oct-25-2023_15-22-48.pth
25 Oct 15:38    INFO  epoch 30 training [time: 15.72s, train loss: -18.2896]
25 Oct 15:38    INFO  epoch 30 evaluating [time: 14.68s, valid_score: 0.097500]
25 Oct 15:38    INFO  valid result: 
recall@10 : 0.118    recall@20 : 0.1745    recall@50 : 0.2776    ndcg@10 : 0.081    ndcg@20 : 0.0975    ndcg@50 : 0.1226    
25 Oct 15:38    INFO  Saving current best: saved/DirectAU-Oct-25-2023_15-22-48.pth
25 Oct 15:38    INFO  epoch 31 training [time: 15.68s, train loss: -18.2913]
25 Oct 15:39    INFO  epoch 31 evaluating [time: 14.48s, valid_score: 0.098400]
25 Oct 15:39    INFO  valid result: 
recall@10 : 0.1201    recall@20 : 0.1751    recall@50 : 0.2796    ndcg@10 : 0.0822    ndcg@20 : 0.0984    ndcg@50 : 0.1239    
25 Oct 15:39    INFO  Saving current best: saved/DirectAU-Oct-25-2023_15-22-48.pth
25 Oct 15:39    INFO  epoch 32 training [time: 15.64s, train loss: -18.2925]
25 Oct 15:39    INFO  epoch 32 evaluating [time: 14.43s, valid_score: 0.099300]
25 Oct 15:39    INFO  valid result: 
recall@10 : 0.1204    recall@20 : 0.1767    recall@50 : 0.2809    ndcg@10 : 0.0828    ndcg@20 : 0.0993    ndcg@50 : 0.1246    
25 Oct 15:39    INFO  Saving current best: saved/DirectAU-Oct-25-2023_15-22-48.pth
25 Oct 15:39    INFO  epoch 33 training [time: 15.78s, train loss: -18.2940]
25 Oct 15:40    INFO  epoch 33 evaluating [time: 14.74s, valid_score: 0.100100]
25 Oct 15:40    INFO  valid result: 
recall@10 : 0.1203    recall@20 : 0.178    recall@50 : 0.2826    ndcg@10 : 0.0833    ndcg@20 : 0.1001    ndcg@50 : 0.1256    
25 Oct 15:40    INFO  Saving current best: saved/DirectAU-Oct-25-2023_15-22-48.pth
25 Oct 15:40    INFO  epoch 34 training [time: 15.72s, train loss: -18.2951]
25 Oct 15:40    INFO  epoch 34 evaluating [time: 14.78s, valid_score: 0.100600]
25 Oct 15:40    INFO  valid result: 
recall@10 : 0.1209    recall@20 : 0.1798    recall@50 : 0.2843    ndcg@10 : 0.0834    ndcg@20 : 0.1006    ndcg@50 : 0.1261    
25 Oct 15:40    INFO  Saving current best: saved/DirectAU-Oct-25-2023_15-22-48.pth
25 Oct 15:40    INFO  epoch 35 training [time: 15.72s, train loss: -18.2958]
25 Oct 15:41    INFO  epoch 35 evaluating [time: 14.70s, valid_score: 0.100600]
25 Oct 15:41    INFO  valid result: 
recall@10 : 0.1212    recall@20 : 0.1792    recall@50 : 0.2836    ndcg@10 : 0.0836    ndcg@20 : 0.1006    ndcg@50 : 0.1261    
25 Oct 15:41    INFO  epoch 36 training [time: 15.71s, train loss: -18.2971]
25 Oct 15:41    INFO  epoch 36 evaluating [time: 14.29s, valid_score: 0.101200]
25 Oct 15:41    INFO  valid result: 
recall@10 : 0.1226    recall@20 : 0.1808    recall@50 : 0.2855    ndcg@10 : 0.0842    ndcg@20 : 0.1012    ndcg@50 : 0.1268    
25 Oct 15:41    INFO  Saving current best: saved/DirectAU-Oct-25-2023_15-22-48.pth
25 Oct 15:41    INFO  epoch 37 training [time: 15.72s, train loss: -18.2983]
25 Oct 15:42    INFO  epoch 37 evaluating [time: 16.98s, valid_score: 0.101400]
25 Oct 15:42    INFO  valid result: 
recall@10 : 0.1223    recall@20 : 0.1798    recall@50 : 0.2876    ndcg@10 : 0.0846    ndcg@20 : 0.1014    ndcg@50 : 0.1277    
25 Oct 15:42    INFO  Saving current best: saved/DirectAU-Oct-25-2023_15-22-48.pth
25 Oct 15:42    INFO  epoch 38 training [time: 15.79s, train loss: -18.2989]
25 Oct 15:42    INFO  epoch 38 evaluating [time: 14.37s, valid_score: 0.101900]
25 Oct 15:42    INFO  valid result: 
recall@10 : 0.1241    recall@20 : 0.1812    recall@50 : 0.2883    ndcg@10 : 0.0851    ndcg@20 : 0.1019    ndcg@50 : 0.128    
25 Oct 15:42    INFO  Saving current best: saved/DirectAU-Oct-25-2023_15-22-48.pth
25 Oct 15:43    INFO  epoch 39 training [time: 15.81s, train loss: -18.2998]
25 Oct 15:43    INFO  epoch 39 evaluating [time: 14.48s, valid_score: 0.102700]
25 Oct 15:43    INFO  valid result: 
recall@10 : 0.1237    recall@20 : 0.1825    recall@50 : 0.2897    ndcg@10 : 0.0855    ndcg@20 : 0.1027    ndcg@50 : 0.1289    
25 Oct 15:43    INFO  Saving current best: saved/DirectAU-Oct-25-2023_15-22-48.pth
25 Oct 15:43    INFO  epoch 40 training [time: 15.72s, train loss: -18.3003]
25 Oct 15:43    INFO  epoch 40 evaluating [time: 14.28s, valid_score: 0.102600]
25 Oct 15:43    INFO  valid result: 
recall@10 : 0.123    recall@20 : 0.1832    recall@50 : 0.2908    ndcg@10 : 0.085    ndcg@20 : 0.1026    ndcg@50 : 0.1288    
25 Oct 15:44    INFO  epoch 41 training [time: 15.70s, train loss: -18.3009]
25 Oct 15:44    INFO  epoch 41 evaluating [time: 14.64s, valid_score: 0.102700]
25 Oct 15:44    INFO  valid result: 
recall@10 : 0.124    recall@20 : 0.1838    recall@50 : 0.2907    ndcg@10 : 0.0852    ndcg@20 : 0.1027    ndcg@50 : 0.1287    
25 Oct 15:44    INFO  epoch 42 training [time: 15.69s, train loss: -18.3019]
25 Oct 15:44    INFO  epoch 42 evaluating [time: 14.37s, valid_score: 0.103000]
25 Oct 15:44    INFO  valid result: 
recall@10 : 0.1254    recall@20 : 0.1837    recall@50 : 0.2913    ndcg@10 : 0.0859    ndcg@20 : 0.103    ndcg@50 : 0.1293    
25 Oct 15:44    INFO  Saving current best: saved/DirectAU-Oct-25-2023_15-22-48.pth
25 Oct 15:45    INFO  epoch 43 training [time: 15.74s, train loss: -18.3019]
25 Oct 15:45    INFO  epoch 43 evaluating [time: 14.59s, valid_score: 0.103800]
25 Oct 15:45    INFO  valid result: 
recall@10 : 0.1259    recall@20 : 0.1854    recall@50 : 0.2928    ndcg@10 : 0.0865    ndcg@20 : 0.1038    ndcg@50 : 0.1301    
25 Oct 15:45    INFO  Saving current best: saved/DirectAU-Oct-25-2023_15-22-48.pth
25 Oct 15:45    INFO  epoch 44 training [time: 15.72s, train loss: -18.3029]
25 Oct 15:45    INFO  epoch 44 evaluating [time: 14.53s, valid_score: 0.103900]
25 Oct 15:45    INFO  valid result: 
recall@10 : 0.1261    recall@20 : 0.1846    recall@50 : 0.2943    ndcg@10 : 0.0868    ndcg@20 : 0.1039    ndcg@50 : 0.1306    
25 Oct 15:45    INFO  Saving current best: saved/DirectAU-Oct-25-2023_15-22-48.pth
25 Oct 15:46    INFO  epoch 45 training [time: 15.69s, train loss: -18.3034]
25 Oct 15:46    INFO  epoch 45 evaluating [time: 14.34s, valid_score: 0.104500]
25 Oct 15:46    INFO  valid result: 
recall@10 : 0.1262    recall@20 : 0.1853    recall@50 : 0.2932    ndcg@10 : 0.0873    ndcg@20 : 0.1045    ndcg@50 : 0.1308    
25 Oct 15:46    INFO  Saving current best: saved/DirectAU-Oct-25-2023_15-22-48.pth
25 Oct 15:46    INFO  epoch 46 training [time: 15.70s, train loss: -18.3039]
25 Oct 15:46    INFO  epoch 46 evaluating [time: 14.52s, valid_score: 0.104600]
25 Oct 15:46    INFO  valid result: 
recall@10 : 0.1271    recall@20 : 0.1859    recall@50 : 0.2935    ndcg@10 : 0.0874    ndcg@20 : 0.1046    ndcg@50 : 0.1309    
25 Oct 15:46    INFO  Saving current best: saved/DirectAU-Oct-25-2023_15-22-48.pth
25 Oct 15:47    INFO  epoch 47 training [time: 15.66s, train loss: -18.3041]
25 Oct 15:47    INFO  epoch 47 evaluating [time: 14.44s, valid_score: 0.105300]
25 Oct 15:47    INFO  valid result: 
recall@10 : 0.127    recall@20 : 0.1882    recall@50 : 0.2946    ndcg@10 : 0.0874    ndcg@20 : 0.1053    ndcg@50 : 0.1312    
25 Oct 15:47    INFO  Saving current best: saved/DirectAU-Oct-25-2023_15-22-48.pth
25 Oct 15:47    INFO  epoch 48 training [time: 15.74s, train loss: -18.3048]
25 Oct 15:47    INFO  epoch 48 evaluating [time: 16.66s, valid_score: 0.105200]
25 Oct 15:47    INFO  valid result: 
recall@10 : 0.1271    recall@20 : 0.1877    recall@50 : 0.2961    ndcg@10 : 0.0876    ndcg@20 : 0.1052    ndcg@50 : 0.1316    
25 Oct 15:48    INFO  epoch 49 training [time: 15.77s, train loss: -18.3048]
25 Oct 15:48    INFO  epoch 49 evaluating [time: 16.61s, valid_score: 0.105000]
25 Oct 15:48    INFO  valid result: 
recall@10 : 0.1265    recall@20 : 0.188    recall@50 : 0.2973    ndcg@10 : 0.087    ndcg@20 : 0.105    ndcg@50 : 0.1317    
25 Oct 15:48    INFO  epoch 50 training [time: 15.73s, train loss: -18.3056]
25 Oct 15:48    INFO  epoch 50 evaluating [time: 14.47s, valid_score: 0.105400]
25 Oct 15:48    INFO  valid result: 
recall@10 : 0.127    recall@20 : 0.1882    recall@50 : 0.2977    ndcg@10 : 0.0875    ndcg@20 : 0.1054    ndcg@50 : 0.132    
25 Oct 15:48    INFO  Saving current best: saved/DirectAU-Oct-25-2023_15-22-48.pth
25 Oct 15:49    INFO  epoch 51 training [time: 15.67s, train loss: -18.3055]
25 Oct 15:49    INFO  epoch 51 evaluating [time: 14.71s, valid_score: 0.105800]
25 Oct 15:49    INFO  valid result: 
recall@10 : 0.1281    recall@20 : 0.1891    recall@50 : 0.2992    ndcg@10 : 0.0879    ndcg@20 : 0.1058    ndcg@50 : 0.1326    
25 Oct 15:49    INFO  Saving current best: saved/DirectAU-Oct-25-2023_15-22-48.pth
25 Oct 15:49    INFO  epoch 52 training [time: 15.71s, train loss: -18.3058]
25 Oct 15:49    INFO  epoch 52 evaluating [time: 14.62s, valid_score: 0.105800]
25 Oct 15:49    INFO  valid result: 
recall@10 : 0.1289    recall@20 : 0.1888    recall@50 : 0.2989    ndcg@10 : 0.0884    ndcg@20 : 0.1058    ndcg@50 : 0.1327    
25 Oct 15:50    INFO  epoch 53 training [time: 15.66s, train loss: -18.3062]
25 Oct 15:50    INFO  epoch 53 evaluating [time: 14.47s, valid_score: 0.106000]
25 Oct 15:50    INFO  valid result: 
recall@10 : 0.128    recall@20 : 0.1897    recall@50 : 0.2987    ndcg@10 : 0.0881    ndcg@20 : 0.106    ndcg@50 : 0.1326    
25 Oct 15:50    INFO  Saving current best: saved/DirectAU-Oct-25-2023_15-22-48.pth
25 Oct 15:50    INFO  epoch 54 training [time: 15.63s, train loss: -18.3063]
25 Oct 15:50    INFO  epoch 54 evaluating [time: 14.67s, valid_score: 0.106500]
25 Oct 15:50    INFO  valid result: 
recall@10 : 0.1281    recall@20 : 0.1907    recall@50 : 0.3004    ndcg@10 : 0.0884    ndcg@20 : 0.1065    ndcg@50 : 0.1332    
25 Oct 15:50    INFO  Saving current best: saved/DirectAU-Oct-25-2023_15-22-48.pth
25 Oct 15:51    INFO  epoch 55 training [time: 15.69s, train loss: -18.3066]
25 Oct 15:51    INFO  epoch 55 evaluating [time: 14.25s, valid_score: 0.106800]
25 Oct 15:51    INFO  valid result: 
recall@10 : 0.1284    recall@20 : 0.191    recall@50 : 0.3013    ndcg@10 : 0.0886    ndcg@20 : 0.1068    ndcg@50 : 0.1336    
25 Oct 15:51    INFO  Saving current best: saved/DirectAU-Oct-25-2023_15-22-48.pth
25 Oct 15:51    INFO  epoch 56 training [time: 15.70s, train loss: -18.3072]
25 Oct 15:51    INFO  epoch 56 evaluating [time: 14.52s, valid_score: 0.106900]
25 Oct 15:51    INFO  valid result: 
recall@10 : 0.129    recall@20 : 0.1904    recall@50 : 0.3001    ndcg@10 : 0.089    ndcg@20 : 0.1069    ndcg@50 : 0.1336    
25 Oct 15:51    INFO  Saving current best: saved/DirectAU-Oct-25-2023_15-22-48.pth
25 Oct 15:52    INFO  epoch 57 training [time: 15.67s, train loss: -18.3073]
25 Oct 15:52    INFO  epoch 57 evaluating [time: 14.48s, valid_score: 0.107300]
25 Oct 15:52    INFO  valid result: 
recall@10 : 0.1296    recall@20 : 0.1906    recall@50 : 0.3001    ndcg@10 : 0.0895    ndcg@20 : 0.1073    ndcg@50 : 0.134    
25 Oct 15:52    INFO  Saving current best: saved/DirectAU-Oct-25-2023_15-22-48.pth
25 Oct 15:52    INFO  epoch 58 training [time: 15.68s, train loss: -18.3071]
25 Oct 15:52    INFO  epoch 58 evaluating [time: 14.82s, valid_score: 0.107200]
25 Oct 15:52    INFO  valid result: 
recall@10 : 0.1299    recall@20 : 0.1907    recall@50 : 0.3014    ndcg@10 : 0.0894    ndcg@20 : 0.1072    ndcg@50 : 0.1342    
25 Oct 15:53    INFO  epoch 59 training [time: 15.73s, train loss: -18.3073]
25 Oct 15:53    INFO  epoch 59 evaluating [time: 14.63s, valid_score: 0.107200]
25 Oct 15:53    INFO  valid result: 
recall@10 : 0.1289    recall@20 : 0.1911    recall@50 : 0.3015    ndcg@10 : 0.0891    ndcg@20 : 0.1072    ndcg@50 : 0.1342    
25 Oct 15:53    INFO  epoch 60 training [time: 15.82s, train loss: -18.3079]
25 Oct 15:53    INFO  epoch 60 evaluating [time: 14.41s, valid_score: 0.107400]
25 Oct 15:53    INFO  valid result: 
recall@10 : 0.1297    recall@20 : 0.192    recall@50 : 0.3006    ndcg@10 : 0.0893    ndcg@20 : 0.1074    ndcg@50 : 0.134    
25 Oct 15:53    INFO  Saving current best: saved/DirectAU-Oct-25-2023_15-22-48.pth
25 Oct 15:54    INFO  epoch 61 training [time: 15.71s, train loss: -18.3080]
25 Oct 15:54    INFO  epoch 61 evaluating [time: 16.95s, valid_score: 0.108200]
25 Oct 15:54    INFO  valid result: 
recall@10 : 0.1309    recall@20 : 0.1931    recall@50 : 0.3015    ndcg@10 : 0.0901    ndcg@20 : 0.1082    ndcg@50 : 0.1347    
25 Oct 15:54    INFO  Saving current best: saved/DirectAU-Oct-25-2023_15-22-48.pth
25 Oct 15:54    INFO  epoch 62 training [time: 15.76s, train loss: -18.3081]
25 Oct 15:54    INFO  epoch 62 evaluating [time: 14.26s, valid_score: 0.108000]
25 Oct 15:54    INFO  valid result: 
recall@10 : 0.1308    recall@20 : 0.1915    recall@50 : 0.3023    ndcg@10 : 0.0903    ndcg@20 : 0.108    ndcg@50 : 0.1351    
25 Oct 15:55    INFO  epoch 63 training [time: 15.71s, train loss: -18.3083]
25 Oct 15:55    INFO  epoch 63 evaluating [time: 14.55s, valid_score: 0.108000]
25 Oct 15:55    INFO  valid result: 
recall@10 : 0.13    recall@20 : 0.1924    recall@50 : 0.3017    ndcg@10 : 0.0899    ndcg@20 : 0.108    ndcg@50 : 0.1348    
25 Oct 15:55    INFO  epoch 64 training [time: 15.68s, train loss: -18.3083]
25 Oct 15:55    INFO  epoch 64 evaluating [time: 14.43s, valid_score: 0.108300]
25 Oct 15:55    INFO  valid result: 
recall@10 : 0.131    recall@20 : 0.1933    recall@50 : 0.3035    ndcg@10 : 0.0902    ndcg@20 : 0.1083    ndcg@50 : 0.1352    
25 Oct 15:56    INFO  Saving current best: saved/DirectAU-Oct-25-2023_15-22-48.pth
25 Oct 15:56    INFO  epoch 65 training [time: 15.69s, train loss: -18.3087]
25 Oct 15:56    INFO  epoch 65 evaluating [time: 14.50s, valid_score: 0.108200]
25 Oct 15:56    INFO  valid result: 
recall@10 : 0.1302    recall@20 : 0.1923    recall@50 : 0.3051    ndcg@10 : 0.0901    ndcg@20 : 0.1082    ndcg@50 : 0.1356    
25 Oct 15:56    INFO  epoch 66 training [time: 15.67s, train loss: -18.3083]
25 Oct 15:57    INFO  epoch 66 evaluating [time: 14.54s, valid_score: 0.108200]
25 Oct 15:57    INFO  valid result: 
recall@10 : 0.1304    recall@20 : 0.1931    recall@50 : 0.3036    ndcg@10 : 0.0899    ndcg@20 : 0.1082    ndcg@50 : 0.1352    
25 Oct 15:57    INFO  epoch 67 training [time: 15.67s, train loss: -18.3089]
25 Oct 15:57    INFO  epoch 67 evaluating [time: 14.76s, valid_score: 0.108300]
25 Oct 15:57    INFO  valid result: 
recall@10 : 0.1307    recall@20 : 0.1924    recall@50 : 0.3033    ndcg@10 : 0.0903    ndcg@20 : 0.1083    ndcg@50 : 0.1354    
25 Oct 15:57    INFO  epoch 68 training [time: 15.69s, train loss: -18.3091]
25 Oct 15:58    INFO  epoch 68 evaluating [time: 14.61s, valid_score: 0.108400]
25 Oct 15:58    INFO  valid result: 
recall@10 : 0.1302    recall@20 : 0.1937    recall@50 : 0.3039    ndcg@10 : 0.09    ndcg@20 : 0.1084    ndcg@50 : 0.1353    
25 Oct 15:58    INFO  Saving current best: saved/DirectAU-Oct-25-2023_15-22-48.pth
25 Oct 15:58    INFO  epoch 69 training [time: 15.67s, train loss: -18.3091]
25 Oct 15:58    INFO  epoch 69 evaluating [time: 14.46s, valid_score: 0.109100]
25 Oct 15:58    INFO  valid result: 
recall@10 : 0.1315    recall@20 : 0.194    recall@50 : 0.3045    ndcg@10 : 0.0908    ndcg@20 : 0.1091    ndcg@50 : 0.1361    
25 Oct 15:58    INFO  Saving current best: saved/DirectAU-Oct-25-2023_15-22-48.pth
25 Oct 15:58    INFO  epoch 70 training [time: 15.71s, train loss: -18.3094]
25 Oct 15:59    INFO  epoch 70 evaluating [time: 14.63s, valid_score: 0.109400]
25 Oct 15:59    INFO  valid result: 
recall@10 : 0.131    recall@20 : 0.1962    recall@50 : 0.3048    ndcg@10 : 0.0905    ndcg@20 : 0.1094    ndcg@50 : 0.136    
25 Oct 15:59    INFO  Saving current best: saved/DirectAU-Oct-25-2023_15-22-48.pth
25 Oct 15:59    INFO  epoch 71 training [time: 15.67s, train loss: -18.3094]
25 Oct 15:59    INFO  epoch 71 evaluating [time: 14.48s, valid_score: 0.109300]
25 Oct 15:59    INFO  valid result: 
recall@10 : 0.1314    recall@20 : 0.1945    recall@50 : 0.3044    ndcg@10 : 0.091    ndcg@20 : 0.1093    ndcg@50 : 0.1362    
25 Oct 15:59    INFO  epoch 72 training [time: 15.67s, train loss: -18.3093]
25 Oct 16:00    INFO  epoch 72 evaluating [time: 14.45s, valid_score: 0.109300]
25 Oct 16:00    INFO  valid result: 
recall@10 : 0.1315    recall@20 : 0.1946    recall@50 : 0.306    ndcg@10 : 0.0909    ndcg@20 : 0.1093    ndcg@50 : 0.1364    
25 Oct 16:00    INFO  epoch 73 training [time: 15.68s, train loss: -18.3094]
25 Oct 16:00    INFO  epoch 73 evaluating [time: 14.41s, valid_score: 0.109300]
25 Oct 16:00    INFO  valid result: 
recall@10 : 0.1305    recall@20 : 0.1955    recall@50 : 0.3062    ndcg@10 : 0.0904    ndcg@20 : 0.1093    ndcg@50 : 0.1363    
25 Oct 16:00    INFO  epoch 74 training [time: 15.67s, train loss: -18.3100]
25 Oct 16:01    INFO  epoch 74 evaluating [time: 14.81s, valid_score: 0.109500]
25 Oct 16:01    INFO  valid result: 
recall@10 : 0.1325    recall@20 : 0.1958    recall@50 : 0.3055    ndcg@10 : 0.091    ndcg@20 : 0.1095    ndcg@50 : 0.1363    
25 Oct 16:01    INFO  Saving current best: saved/DirectAU-Oct-25-2023_15-22-48.pth
25 Oct 16:01    INFO  epoch 75 training [time: 15.68s, train loss: -18.3097]
25 Oct 16:01    INFO  epoch 75 evaluating [time: 14.53s, valid_score: 0.109500]
25 Oct 16:01    INFO  valid result: 
recall@10 : 0.1322    recall@20 : 0.1958    recall@50 : 0.3066    ndcg@10 : 0.0909    ndcg@20 : 0.1095    ndcg@50 : 0.1365    
25 Oct 16:01    INFO  epoch 76 training [time: 15.65s, train loss: -18.3100]
25 Oct 16:02    INFO  epoch 76 evaluating [time: 14.73s, valid_score: 0.109200]
25 Oct 16:02    INFO  valid result: 
recall@10 : 0.1329    recall@20 : 0.1945    recall@50 : 0.3056    ndcg@10 : 0.0912    ndcg@20 : 0.1092    ndcg@50 : 0.1364    
25 Oct 16:02    INFO  epoch 77 training [time: 15.55s, train loss: -18.3098]
25 Oct 16:02    INFO  epoch 77 evaluating [time: 14.72s, valid_score: 0.109200]
25 Oct 16:02    INFO  valid result: 
recall@10 : 0.1336    recall@20 : 0.1949    recall@50 : 0.3059    ndcg@10 : 0.0913    ndcg@20 : 0.1092    ndcg@50 : 0.1363    
25 Oct 16:02    INFO  epoch 78 training [time: 15.64s, train loss: -18.3100]
25 Oct 16:03    INFO  epoch 78 evaluating [time: 14.43s, valid_score: 0.109800]
25 Oct 16:03    INFO  valid result: 
recall@10 : 0.1328    recall@20 : 0.195    recall@50 : 0.3075    ndcg@10 : 0.0917    ndcg@20 : 0.1098    ndcg@50 : 0.1372    
25 Oct 16:03    INFO  Saving current best: saved/DirectAU-Oct-25-2023_15-22-48.pth
25 Oct 16:03    INFO  epoch 79 training [time: 15.64s, train loss: -18.3103]
25 Oct 16:03    INFO  epoch 79 evaluating [time: 14.78s, valid_score: 0.110100]
25 Oct 16:03    INFO  valid result: 
recall@10 : 0.133    recall@20 : 0.196    recall@50 : 0.3072    ndcg@10 : 0.0918    ndcg@20 : 0.1101    ndcg@50 : 0.1373    
25 Oct 16:03    INFO  Saving current best: saved/DirectAU-Oct-25-2023_15-22-48.pth
25 Oct 16:03    INFO  epoch 80 training [time: 15.61s, train loss: -18.3104]
25 Oct 16:04    INFO  epoch 80 evaluating [time: 14.41s, valid_score: 0.110500]
25 Oct 16:04    INFO  valid result: 
recall@10 : 0.1336    recall@20 : 0.196    recall@50 : 0.3079    ndcg@10 : 0.0924    ndcg@20 : 0.1105    ndcg@50 : 0.1379    
25 Oct 16:04    INFO  Saving current best: saved/DirectAU-Oct-25-2023_15-22-48.pth
25 Oct 16:04    INFO  epoch 81 training [time: 15.59s, train loss: -18.3103]
25 Oct 16:04    INFO  epoch 81 evaluating [time: 14.80s, valid_score: 0.110400]
25 Oct 16:04    INFO  valid result: 
recall@10 : 0.1332    recall@20 : 0.197    recall@50 : 0.3086    ndcg@10 : 0.0917    ndcg@20 : 0.1104    ndcg@50 : 0.1376    
25 Oct 16:04    INFO  epoch 82 training [time: 15.69s, train loss: -18.3105]
25 Oct 16:05    INFO  epoch 82 evaluating [time: 14.27s, valid_score: 0.110600]
25 Oct 16:05    INFO  valid result: 
recall@10 : 0.1338    recall@20 : 0.1975    recall@50 : 0.3065    ndcg@10 : 0.092    ndcg@20 : 0.1106    ndcg@50 : 0.1373    
25 Oct 16:05    INFO  Saving current best: saved/DirectAU-Oct-25-2023_15-22-48.pth
25 Oct 16:05    INFO  epoch 83 training [time: 15.70s, train loss: -18.3106]
25 Oct 16:05    INFO  epoch 83 evaluating [time: 14.47s, valid_score: 0.110500]
25 Oct 16:05    INFO  valid result: 
recall@10 : 0.1337    recall@20 : 0.197    recall@50 : 0.3083    ndcg@10 : 0.0921    ndcg@20 : 0.1105    ndcg@50 : 0.1377    
25 Oct 16:05    INFO  epoch 84 training [time: 15.69s, train loss: -18.3107]
25 Oct 16:06    INFO  epoch 84 evaluating [time: 14.25s, valid_score: 0.110900]
25 Oct 16:06    INFO  valid result: 
recall@10 : 0.1339    recall@20 : 0.1978    recall@50 : 0.3083    ndcg@10 : 0.0923    ndcg@20 : 0.1109    ndcg@50 : 0.1379    
25 Oct 16:06    INFO  Saving current best: saved/DirectAU-Oct-25-2023_15-22-48.pth
25 Oct 16:06    INFO  epoch 85 training [time: 15.60s, train loss: -18.3105]
25 Oct 16:06    INFO  epoch 85 evaluating [time: 14.46s, valid_score: 0.110700]
25 Oct 16:06    INFO  valid result: 
recall@10 : 0.1331    recall@20 : 0.1973    recall@50 : 0.3075    ndcg@10 : 0.0921    ndcg@20 : 0.1107    ndcg@50 : 0.1377    
25 Oct 16:06    INFO  epoch 86 training [time: 15.68s, train loss: -18.3105]
25 Oct 16:07    INFO  epoch 86 evaluating [time: 14.39s, valid_score: 0.110400]
25 Oct 16:07    INFO  valid result: 
recall@10 : 0.1327    recall@20 : 0.1969    recall@50 : 0.3078    ndcg@10 : 0.0917    ndcg@20 : 0.1104    ndcg@50 : 0.1375    
25 Oct 16:07    INFO  epoch 87 training [time: 15.71s, train loss: -18.3108]
25 Oct 16:07    INFO  epoch 87 evaluating [time: 14.64s, valid_score: 0.110500]
25 Oct 16:07    INFO  valid result: 
recall@10 : 0.134    recall@20 : 0.1969    recall@50 : 0.3081    ndcg@10 : 0.0922    ndcg@20 : 0.1105    ndcg@50 : 0.1377    
25 Oct 16:07    INFO  epoch 88 training [time: 15.65s, train loss: -18.3111]
25 Oct 16:08    INFO  epoch 88 evaluating [time: 14.38s, valid_score: 0.110500]
25 Oct 16:08    INFO  valid result: 
recall@10 : 0.1334    recall@20 : 0.1971    recall@50 : 0.3078    ndcg@10 : 0.092    ndcg@20 : 0.1105    ndcg@50 : 0.1377    
25 Oct 16:08    INFO  epoch 89 training [time: 15.68s, train loss: -18.3111]
25 Oct 16:08    INFO  epoch 89 evaluating [time: 14.76s, valid_score: 0.110700]
25 Oct 16:08    INFO  valid result: 
recall@10 : 0.1341    recall@20 : 0.1969    recall@50 : 0.3084    ndcg@10 : 0.0924    ndcg@20 : 0.1107    ndcg@50 : 0.138    
25 Oct 16:08    INFO  epoch 90 training [time: 15.70s, train loss: -18.3110]
25 Oct 16:09    INFO  epoch 90 evaluating [time: 14.39s, valid_score: 0.110900]
25 Oct 16:09    INFO  valid result: 
recall@10 : 0.1345    recall@20 : 0.1972    recall@50 : 0.3088    ndcg@10 : 0.0926    ndcg@20 : 0.1109    ndcg@50 : 0.1382    
25 Oct 16:09    INFO  epoch 91 training [time: 15.70s, train loss: -18.3109]
25 Oct 16:09    INFO  epoch 91 evaluating [time: 14.69s, valid_score: 0.111500]
25 Oct 16:09    INFO  valid result: 
recall@10 : 0.1346    recall@20 : 0.1983    recall@50 : 0.31    ndcg@10 : 0.0931    ndcg@20 : 0.1115    ndcg@50 : 0.1388    
25 Oct 16:09    INFO  Saving current best: saved/DirectAU-Oct-25-2023_15-22-48.pth
25 Oct 16:09    INFO  epoch 92 training [time: 15.72s, train loss: -18.3111]
25 Oct 16:10    INFO  epoch 92 evaluating [time: 14.69s, valid_score: 0.111500]
25 Oct 16:10    INFO  valid result: 
recall@10 : 0.134    recall@20 : 0.1991    recall@50 : 0.3093    ndcg@10 : 0.0925    ndcg@20 : 0.1115    ndcg@50 : 0.1384    
25 Oct 16:10    INFO  epoch 93 training [time: 15.69s, train loss: -18.3113]
25 Oct 16:10    INFO  epoch 93 evaluating [time: 14.46s, valid_score: 0.111000]
25 Oct 16:10    INFO  valid result: 
recall@10 : 0.1352    recall@20 : 0.1975    recall@50 : 0.3093    ndcg@10 : 0.0929    ndcg@20 : 0.111    ndcg@50 : 0.1384    
25 Oct 16:10    INFO  epoch 94 training [time: 15.70s, train loss: -18.3114]
25 Oct 16:11    INFO  epoch 94 evaluating [time: 14.58s, valid_score: 0.111100]
25 Oct 16:11    INFO  valid result: 
recall@10 : 0.1348    recall@20 : 0.1975    recall@50 : 0.3093    ndcg@10 : 0.0928    ndcg@20 : 0.1111    ndcg@50 : 0.1384    
25 Oct 16:11    INFO  epoch 95 training [time: 15.63s, train loss: -18.3112]
25 Oct 16:11    INFO  epoch 95 evaluating [time: 14.41s, valid_score: 0.111200]
25 Oct 16:11    INFO  valid result: 
recall@10 : 0.1359    recall@20 : 0.1979    recall@50 : 0.3113    ndcg@10 : 0.0932    ndcg@20 : 0.1112    ndcg@50 : 0.1389    
25 Oct 16:11    INFO  epoch 96 training [time: 15.66s, train loss: -18.3114]
25 Oct 16:12    INFO  epoch 96 evaluating [time: 14.64s, valid_score: 0.111500]
25 Oct 16:12    INFO  valid result: 
recall@10 : 0.1351    recall@20 : 0.1983    recall@50 : 0.31    ndcg@10 : 0.0931    ndcg@20 : 0.1115    ndcg@50 : 0.1388    
25 Oct 16:12    INFO  epoch 97 training [time: 15.71s, train loss: -18.3117]
25 Oct 16:12    INFO  epoch 97 evaluating [time: 14.64s, valid_score: 0.111200]
25 Oct 16:12    INFO  valid result: 
recall@10 : 0.1346    recall@20 : 0.1978    recall@50 : 0.3112    ndcg@10 : 0.0927    ndcg@20 : 0.1112    ndcg@50 : 0.1389    
25 Oct 16:12    INFO  epoch 98 training [time: 15.72s, train loss: -18.3118]
25 Oct 16:13    INFO  epoch 98 evaluating [time: 14.37s, valid_score: 0.112000]
25 Oct 16:13    INFO  valid result: 
recall@10 : 0.1351    recall@20 : 0.1992    recall@50 : 0.3095    ndcg@10 : 0.0934    ndcg@20 : 0.112    ndcg@50 : 0.139    
25 Oct 16:13    INFO  Saving current best: saved/DirectAU-Oct-25-2023_15-22-48.pth
25 Oct 16:13    INFO  epoch 99 training [time: 15.64s, train loss: -18.3113]
25 Oct 16:13    INFO  epoch 99 evaluating [time: 14.39s, valid_score: 0.111800]
25 Oct 16:13    INFO  valid result: 
recall@10 : 0.1353    recall@20 : 0.1995    recall@50 : 0.3107    ndcg@10 : 0.0931    ndcg@20 : 0.1118    ndcg@50 : 0.1389    
25 Oct 16:13    INFO  epoch 100 training [time: 15.64s, train loss: -18.3115]
25 Oct 16:14    INFO  epoch 100 evaluating [time: 14.59s, valid_score: 0.111700]
25 Oct 16:14    INFO  valid result: 
recall@10 : 0.1355    recall@20 : 0.1985    recall@50 : 0.3112    ndcg@10 : 0.0934    ndcg@20 : 0.1117    ndcg@50 : 0.1392    
25 Oct 16:14    INFO  epoch 101 training [time: 15.71s, train loss: -18.3116]
25 Oct 16:14    INFO  epoch 101 evaluating [time: 14.72s, valid_score: 0.112200]
25 Oct 16:14    INFO  valid result: 
recall@10 : 0.1358    recall@20 : 0.1993    recall@50 : 0.3108    ndcg@10 : 0.0936    ndcg@20 : 0.1122    ndcg@50 : 0.1394    
25 Oct 16:14    INFO  Saving current best: saved/DirectAU-Oct-25-2023_15-22-48.pth
25 Oct 16:14    INFO  epoch 102 training [time: 15.71s, train loss: -18.3119]
25 Oct 16:15    INFO  epoch 102 evaluating [time: 14.37s, valid_score: 0.112200]
25 Oct 16:15    INFO  valid result: 
recall@10 : 0.1354    recall@20 : 0.1993    recall@50 : 0.3114    ndcg@10 : 0.0936    ndcg@20 : 0.1122    ndcg@50 : 0.1396    
25 Oct 16:15    INFO  epoch 103 training [time: 15.70s, train loss: -18.3120]
25 Oct 16:15    INFO  epoch 103 evaluating [time: 14.51s, valid_score: 0.112400]
25 Oct 16:15    INFO  valid result: 
recall@10 : 0.1354    recall@20 : 0.1998    recall@50 : 0.3117    ndcg@10 : 0.0937    ndcg@20 : 0.1124    ndcg@50 : 0.1398    
25 Oct 16:15    INFO  Saving current best: saved/DirectAU-Oct-25-2023_15-22-48.pth
25 Oct 16:15    INFO  epoch 104 training [time: 15.70s, train loss: -18.3118]
25 Oct 16:16    INFO  epoch 104 evaluating [time: 14.68s, valid_score: 0.112400]
25 Oct 16:16    INFO  valid result: 
recall@10 : 0.1356    recall@20 : 0.1998    recall@50 : 0.3106    ndcg@10 : 0.0937    ndcg@20 : 0.1124    ndcg@50 : 0.1395    
25 Oct 16:16    INFO  epoch 105 training [time: 15.68s, train loss: -18.3120]
25 Oct 16:16    INFO  epoch 105 evaluating [time: 14.61s, valid_score: 0.112000]
25 Oct 16:16    INFO  valid result: 
recall@10 : 0.1351    recall@20 : 0.1989    recall@50 : 0.3115    ndcg@10 : 0.0934    ndcg@20 : 0.112    ndcg@50 : 0.1396    
25 Oct 16:16    INFO  epoch 106 training [time: 15.70s, train loss: -18.3122]
25 Oct 16:17    INFO  epoch 106 evaluating [time: 14.38s, valid_score: 0.111600]
25 Oct 16:17    INFO  valid result: 
recall@10 : 0.1351    recall@20 : 0.198    recall@50 : 0.312    ndcg@10 : 0.0932    ndcg@20 : 0.1116    ndcg@50 : 0.1395    
25 Oct 16:17    INFO  epoch 107 training [time: 15.68s, train loss: -18.3119]
25 Oct 16:17    INFO  epoch 107 evaluating [time: 14.56s, valid_score: 0.112200]
25 Oct 16:17    INFO  valid result: 
recall@10 : 0.1362    recall@20 : 0.1994    recall@50 : 0.3124    ndcg@10 : 0.0938    ndcg@20 : 0.1122    ndcg@50 : 0.1398    
25 Oct 16:17    INFO  epoch 108 training [time: 15.72s, train loss: -18.3121]
25 Oct 16:18    INFO  epoch 108 evaluating [time: 14.35s, valid_score: 0.112300]
25 Oct 16:18    INFO  valid result: 
recall@10 : 0.1358    recall@20 : 0.1988    recall@50 : 0.3122    ndcg@10 : 0.0939    ndcg@20 : 0.1123    ndcg@50 : 0.14    
25 Oct 16:18    INFO  epoch 109 training [time: 15.68s, train loss: -18.3119]
25 Oct 16:18    INFO  epoch 109 evaluating [time: 15.08s, valid_score: 0.112800]
25 Oct 16:18    INFO  valid result: 
recall@10 : 0.1359    recall@20 : 0.1994    recall@50 : 0.312    ndcg@10 : 0.0944    ndcg@20 : 0.1128    ndcg@50 : 0.1403    
25 Oct 16:18    INFO  Saving current best: saved/DirectAU-Oct-25-2023_15-22-48.pth
25 Oct 16:18    INFO  epoch 110 training [time: 15.66s, train loss: -18.3123]
25 Oct 16:19    INFO  epoch 110 evaluating [time: 14.56s, valid_score: 0.112500]
25 Oct 16:19    INFO  valid result: 
recall@10 : 0.1366    recall@20 : 0.198    recall@50 : 0.3124    ndcg@10 : 0.0945    ndcg@20 : 0.1125    ndcg@50 : 0.1404    
25 Oct 16:19    INFO  epoch 111 training [time: 15.67s, train loss: -18.3119]
25 Oct 16:19    INFO  epoch 111 evaluating [time: 14.34s, valid_score: 0.112400]
25 Oct 16:19    INFO  valid result: 
recall@10 : 0.1363    recall@20 : 0.199    recall@50 : 0.3125    ndcg@10 : 0.0941    ndcg@20 : 0.1124    ndcg@50 : 0.1402    
25 Oct 16:19    INFO  epoch 112 training [time: 15.70s, train loss: -18.3123]
25 Oct 16:20    INFO  epoch 112 evaluating [time: 14.71s, valid_score: 0.112000]
25 Oct 16:20    INFO  valid result: 
recall@10 : 0.137    recall@20 : 0.1981    recall@50 : 0.3124    ndcg@10 : 0.0942    ndcg@20 : 0.112    ndcg@50 : 0.1399    
25 Oct 16:20    INFO  epoch 113 training [time: 15.67s, train loss: -18.3119]
25 Oct 16:20    INFO  epoch 113 evaluating [time: 14.49s, valid_score: 0.112900]
25 Oct 16:20    INFO  valid result: 
recall@10 : 0.1374    recall@20 : 0.2003    recall@50 : 0.3124    ndcg@10 : 0.0946    ndcg@20 : 0.1129    ndcg@50 : 0.1404    
25 Oct 16:20    INFO  Saving current best: saved/DirectAU-Oct-25-2023_15-22-48.pth
25 Oct 16:20    INFO  epoch 114 training [time: 15.63s, train loss: -18.3123]
25 Oct 16:21    INFO  epoch 114 evaluating [time: 14.80s, valid_score: 0.112600]
25 Oct 16:21    INFO  valid result: 
recall@10 : 0.1368    recall@20 : 0.2002    recall@50 : 0.3119    ndcg@10 : 0.0942    ndcg@20 : 0.1126    ndcg@50 : 0.14    
25 Oct 16:21    INFO  epoch 115 training [time: 15.68s, train loss: -18.3126]
25 Oct 16:21    INFO  epoch 115 evaluating [time: 14.53s, valid_score: 0.112800]
25 Oct 16:21    INFO  valid result: 
recall@10 : 0.1367    recall@20 : 0.2009    recall@50 : 0.3118    ndcg@10 : 0.0942    ndcg@20 : 0.1128    ndcg@50 : 0.1399    
25 Oct 16:21    INFO  epoch 116 training [time: 15.68s, train loss: -18.3121]
25 Oct 16:22    INFO  epoch 116 evaluating [time: 14.61s, valid_score: 0.112800]
25 Oct 16:22    INFO  valid result: 
recall@10 : 0.1363    recall@20 : 0.2006    recall@50 : 0.3116    ndcg@10 : 0.094    ndcg@20 : 0.1128    ndcg@50 : 0.14    
25 Oct 16:22    INFO  epoch 117 training [time: 15.69s, train loss: -18.3120]
25 Oct 16:22    INFO  epoch 117 evaluating [time: 14.50s, valid_score: 0.112300]
25 Oct 16:22    INFO  valid result: 
recall@10 : 0.1364    recall@20 : 0.1997    recall@50 : 0.3116    ndcg@10 : 0.0939    ndcg@20 : 0.1123    ndcg@50 : 0.1398    
25 Oct 16:22    INFO  epoch 118 training [time: 15.69s, train loss: -18.3121]
25 Oct 16:23    INFO  epoch 118 evaluating [time: 14.45s, valid_score: 0.112700]
25 Oct 16:23    INFO  valid result: 
recall@10 : 0.1367    recall@20 : 0.1995    recall@50 : 0.3106    ndcg@10 : 0.0944    ndcg@20 : 0.1127    ndcg@50 : 0.14    
25 Oct 16:23    INFO  epoch 119 training [time: 15.64s, train loss: -18.3125]
25 Oct 16:23    INFO  epoch 119 evaluating [time: 14.28s, valid_score: 0.112900]
25 Oct 16:23    INFO  valid result: 
recall@10 : 0.1361    recall@20 : 0.2001    recall@50 : 0.3115    ndcg@10 : 0.0943    ndcg@20 : 0.1129    ndcg@50 : 0.1402    
25 Oct 16:23    INFO  epoch 120 training [time: 15.66s, train loss: -18.3121]
25 Oct 16:24    INFO  epoch 120 evaluating [time: 14.50s, valid_score: 0.112600]
25 Oct 16:24    INFO  valid result: 
recall@10 : 0.1364    recall@20 : 0.2004    recall@50 : 0.3124    ndcg@10 : 0.0939    ndcg@20 : 0.1126    ndcg@50 : 0.1399    
25 Oct 16:24    INFO  epoch 121 training [time: 15.61s, train loss: -18.3126]
25 Oct 16:24    INFO  epoch 121 evaluating [time: 14.28s, valid_score: 0.112400]
25 Oct 16:24    INFO  valid result: 
recall@10 : 0.1357    recall@20 : 0.1996    recall@50 : 0.3118    ndcg@10 : 0.0938    ndcg@20 : 0.1124    ndcg@50 : 0.1399    
25 Oct 16:24    INFO  epoch 122 training [time: 15.59s, train loss: -18.3124]
25 Oct 16:25    INFO  epoch 122 evaluating [time: 14.52s, valid_score: 0.112300]
25 Oct 16:25    INFO  valid result: 
recall@10 : 0.1354    recall@20 : 0.1989    recall@50 : 0.3116    ndcg@10 : 0.0938    ndcg@20 : 0.1123    ndcg@50 : 0.1399    
25 Oct 16:25    INFO  epoch 123 training [time: 15.67s, train loss: -18.3126]
25 Oct 16:25    INFO  epoch 123 evaluating [time: 14.56s, valid_score: 0.113000]
25 Oct 16:25    INFO  valid result: 
recall@10 : 0.1361    recall@20 : 0.2003    recall@50 : 0.3117    ndcg@10 : 0.0943    ndcg@20 : 0.113    ndcg@50 : 0.1404    
25 Oct 16:25    INFO  Saving current best: saved/DirectAU-Oct-25-2023_15-22-48.pth
25 Oct 16:26    INFO  epoch 124 training [time: 15.69s, train loss: -18.3121]
25 Oct 16:26    INFO  epoch 124 evaluating [time: 14.48s, valid_score: 0.113200]
25 Oct 16:26    INFO  valid result: 
recall@10 : 0.1375    recall@20 : 0.2005    recall@50 : 0.3129    ndcg@10 : 0.0948    ndcg@20 : 0.1132    ndcg@50 : 0.1407    
25 Oct 16:26    INFO  Saving current best: saved/DirectAU-Oct-25-2023_15-22-48.pth
25 Oct 16:26    INFO  epoch 125 training [time: 15.72s, train loss: -18.3129]
25 Oct 16:26    INFO  epoch 125 evaluating [time: 14.51s, valid_score: 0.112900]
25 Oct 16:26    INFO  valid result: 
recall@10 : 0.1369    recall@20 : 0.1999    recall@50 : 0.3129    ndcg@10 : 0.0945    ndcg@20 : 0.1129    ndcg@50 : 0.1405    
25 Oct 16:27    INFO  epoch 126 training [time: 15.72s, train loss: -18.3124]
25 Oct 16:27    INFO  epoch 126 evaluating [time: 14.45s, valid_score: 0.113400]
25 Oct 16:27    INFO  valid result: 
recall@10 : 0.1369    recall@20 : 0.2    recall@50 : 0.3139    ndcg@10 : 0.0949    ndcg@20 : 0.1134    ndcg@50 : 0.1412    
25 Oct 16:27    INFO  Saving current best: saved/DirectAU-Oct-25-2023_15-22-48.pth
25 Oct 16:27    INFO  epoch 127 training [time: 15.68s, train loss: -18.3123]
25 Oct 16:27    INFO  epoch 127 evaluating [time: 14.44s, valid_score: 0.113200]
25 Oct 16:27    INFO  valid result: 
recall@10 : 0.1368    recall@20 : 0.1994    recall@50 : 0.3134    ndcg@10 : 0.0949    ndcg@20 : 0.1132    ndcg@50 : 0.1411    
25 Oct 16:28    INFO  epoch 128 training [time: 15.72s, train loss: -18.3127]
25 Oct 16:28    INFO  epoch 128 evaluating [time: 14.28s, valid_score: 0.112900]
25 Oct 16:28    INFO  valid result: 
recall@10 : 0.1371    recall@20 : 0.1999    recall@50 : 0.3135    ndcg@10 : 0.0946    ndcg@20 : 0.1129    ndcg@50 : 0.1407    
25 Oct 16:28    INFO  epoch 129 training [time: 15.70s, train loss: -18.3128]
25 Oct 16:28    INFO  epoch 129 evaluating [time: 14.64s, valid_score: 0.113000]
25 Oct 16:28    INFO  valid result: 
recall@10 : 0.1367    recall@20 : 0.1996    recall@50 : 0.3132    ndcg@10 : 0.0947    ndcg@20 : 0.113    ndcg@50 : 0.1409    
25 Oct 16:29    INFO  epoch 130 training [time: 15.69s, train loss: -18.3128]
25 Oct 16:29    INFO  epoch 130 evaluating [time: 14.59s, valid_score: 0.113400]
25 Oct 16:29    INFO  valid result: 
recall@10 : 0.1381    recall@20 : 0.2007    recall@50 : 0.315    ndcg@10 : 0.0951    ndcg@20 : 0.1134    ndcg@50 : 0.1414    
25 Oct 16:29    INFO  epoch 131 training [time: 15.68s, train loss: -18.3133]
25 Oct 16:29    INFO  epoch 131 evaluating [time: 14.40s, valid_score: 0.112800]
25 Oct 16:29    INFO  valid result: 
recall@10 : 0.137    recall@20 : 0.1997    recall@50 : 0.3132    ndcg@10 : 0.0946    ndcg@20 : 0.1128    ndcg@50 : 0.1407    
25 Oct 16:30    INFO  epoch 132 training [time: 15.69s, train loss: -18.3130]
25 Oct 16:30    INFO  epoch 132 evaluating [time: 14.37s, valid_score: 0.113400]
25 Oct 16:30    INFO  valid result: 
recall@10 : 0.1374    recall@20 : 0.2004    recall@50 : 0.3142    ndcg@10 : 0.095    ndcg@20 : 0.1134    ndcg@50 : 0.1412    
25 Oct 16:30    INFO  epoch 133 training [time: 15.68s, train loss: -18.3130]
25 Oct 16:30    INFO  epoch 133 evaluating [time: 14.61s, valid_score: 0.112700]
25 Oct 16:30    INFO  valid result: 
recall@10 : 0.1371    recall@20 : 0.1995    recall@50 : 0.3134    ndcg@10 : 0.0945    ndcg@20 : 0.1127    ndcg@50 : 0.1406    
25 Oct 16:31    INFO  epoch 134 training [time: 15.67s, train loss: -18.3124]
25 Oct 16:31    INFO  epoch 134 evaluating [time: 14.55s, valid_score: 0.113200]
25 Oct 16:31    INFO  valid result: 
recall@10 : 0.1368    recall@20 : 0.1997    recall@50 : 0.3133    ndcg@10 : 0.0948    ndcg@20 : 0.1132    ndcg@50 : 0.1409    
25 Oct 16:31    INFO  epoch 135 training [time: 15.81s, train loss: -18.3129]
25 Oct 16:31    INFO  epoch 135 evaluating [time: 14.62s, valid_score: 0.112900]
25 Oct 16:31    INFO  valid result: 
recall@10 : 0.1373    recall@20 : 0.1999    recall@50 : 0.3136    ndcg@10 : 0.0946    ndcg@20 : 0.1129    ndcg@50 : 0.1407    
25 Oct 16:32    INFO  epoch 136 training [time: 15.79s, train loss: -18.3130]
25 Oct 16:32    INFO  epoch 136 evaluating [time: 14.69s, valid_score: 0.113300]
25 Oct 16:32    INFO  valid result: 
recall@10 : 0.1377    recall@20 : 0.2001    recall@50 : 0.3141    ndcg@10 : 0.0951    ndcg@20 : 0.1133    ndcg@50 : 0.1412    
25 Oct 16:32    INFO  epoch 137 training [time: 15.71s, train loss: -18.3129]
25 Oct 16:32    INFO  epoch 137 evaluating [time: 14.59s, valid_score: 0.113600]
25 Oct 16:32    INFO  valid result: 
recall@10 : 0.1369    recall@20 : 0.2003    recall@50 : 0.3142    ndcg@10 : 0.0951    ndcg@20 : 0.1136    ndcg@50 : 0.1414    
25 Oct 16:32    INFO  Saving current best: saved/DirectAU-Oct-25-2023_15-22-48.pth
25 Oct 16:33    INFO  epoch 138 training [time: 15.70s, train loss: -18.3130]
25 Oct 16:33    INFO  epoch 138 evaluating [time: 14.67s, valid_score: 0.113700]
25 Oct 16:33    INFO  valid result: 
recall@10 : 0.1374    recall@20 : 0.2004    recall@50 : 0.3149    ndcg@10 : 0.0953    ndcg@20 : 0.1137    ndcg@50 : 0.1417    
25 Oct 16:33    INFO  Saving current best: saved/DirectAU-Oct-25-2023_15-22-48.pth
25 Oct 16:33    INFO  epoch 139 training [time: 15.66s, train loss: -18.3127]
25 Oct 16:33    INFO  epoch 139 evaluating [time: 14.57s, valid_score: 0.113300]
25 Oct 16:33    INFO  valid result: 
recall@10 : 0.1373    recall@20 : 0.2002    recall@50 : 0.3145    ndcg@10 : 0.095    ndcg@20 : 0.1133    ndcg@50 : 0.1412    
25 Oct 16:34    INFO  epoch 140 training [time: 15.63s, train loss: -18.3129]
25 Oct 16:34    INFO  epoch 140 evaluating [time: 14.54s, valid_score: 0.113600]
25 Oct 16:34    INFO  valid result: 
recall@10 : 0.138    recall@20 : 0.2015    recall@50 : 0.3128    ndcg@10 : 0.0951    ndcg@20 : 0.1136    ndcg@50 : 0.1409    
25 Oct 16:34    INFO  epoch 141 training [time: 15.62s, train loss: -18.3127]
25 Oct 16:34    INFO  epoch 141 evaluating [time: 14.24s, valid_score: 0.113200]
25 Oct 16:34    INFO  valid result: 
recall@10 : 0.1374    recall@20 : 0.2006    recall@50 : 0.3137    ndcg@10 : 0.0948    ndcg@20 : 0.1132    ndcg@50 : 0.1409    
25 Oct 16:35    INFO  epoch 142 training [time: 15.68s, train loss: -18.3127]
25 Oct 16:35    INFO  epoch 142 evaluating [time: 14.55s, valid_score: 0.113200]
25 Oct 16:35    INFO  valid result: 
recall@10 : 0.1372    recall@20 : 0.2001    recall@50 : 0.3143    ndcg@10 : 0.0949    ndcg@20 : 0.1132    ndcg@50 : 0.1412    
25 Oct 16:35    INFO  epoch 143 training [time: 15.71s, train loss: -18.3132]
25 Oct 16:35    INFO  epoch 143 evaluating [time: 14.38s, valid_score: 0.113500]
25 Oct 16:35    INFO  valid result: 
recall@10 : 0.1372    recall@20 : 0.2006    recall@50 : 0.3137    ndcg@10 : 0.0951    ndcg@20 : 0.1135    ndcg@50 : 0.1412    
25 Oct 16:36    INFO  epoch 144 training [time: 15.72s, train loss: -18.3130]
25 Oct 16:36    INFO  epoch 144 evaluating [time: 14.21s, valid_score: 0.113500]
25 Oct 16:36    INFO  valid result: 
recall@10 : 0.1374    recall@20 : 0.2007    recall@50 : 0.3139    ndcg@10 : 0.0951    ndcg@20 : 0.1135    ndcg@50 : 0.1412    
25 Oct 16:36    INFO  epoch 145 training [time: 15.68s, train loss: -18.3129]
25 Oct 16:36    INFO  epoch 145 evaluating [time: 14.43s, valid_score: 0.113700]
25 Oct 16:36    INFO  valid result: 
recall@10 : 0.1373    recall@20 : 0.2    recall@50 : 0.3141    ndcg@10 : 0.0955    ndcg@20 : 0.1137    ndcg@50 : 0.1416    
25 Oct 16:37    INFO  epoch 146 training [time: 15.71s, train loss: -18.3133]
25 Oct 16:37    INFO  epoch 146 evaluating [time: 14.19s, valid_score: 0.113400]
25 Oct 16:37    INFO  valid result: 
recall@10 : 0.138    recall@20 : 0.2007    recall@50 : 0.3133    ndcg@10 : 0.0951    ndcg@20 : 0.1134    ndcg@50 : 0.141    
25 Oct 16:37    INFO  epoch 147 training [time: 15.67s, train loss: -18.3132]
25 Oct 16:37    INFO  epoch 147 evaluating [time: 14.67s, valid_score: 0.113400]
25 Oct 16:37    INFO  valid result: 
recall@10 : 0.138    recall@20 : 0.2011    recall@50 : 0.3135    ndcg@10 : 0.0951    ndcg@20 : 0.1134    ndcg@50 : 0.1409    
25 Oct 16:38    INFO  epoch 148 training [time: 15.69s, train loss: -18.3134]
25 Oct 16:38    INFO  epoch 148 evaluating [time: 14.33s, valid_score: 0.113100]
25 Oct 16:38    INFO  valid result: 
recall@10 : 0.1381    recall@20 : 0.1998    recall@50 : 0.3139    ndcg@10 : 0.0951    ndcg@20 : 0.1131    ndcg@50 : 0.1409    
25 Oct 16:38    INFO  epoch 149 training [time: 15.71s, train loss: -18.3131]
25 Oct 16:38    INFO  epoch 149 evaluating [time: 14.62s, valid_score: 0.113600]
25 Oct 16:38    INFO  valid result: 
recall@10 : 0.1384    recall@20 : 0.2014    recall@50 : 0.3142    ndcg@10 : 0.0953    ndcg@20 : 0.1136    ndcg@50 : 0.1412    
25 Oct 16:38    INFO  Finished training, best eval result in epoch 138
25 Oct 16:38    INFO  Loading model structure and parameters from saved/DirectAU-Oct-25-2023_15-22-48.pth
25 Oct 16:39    INFO  best valid : {'recall@10': 0.1374, 'recall@20': 0.2004, 'recall@50': 0.3149, 'ndcg@10': 0.0953, 'ndcg@20': 0.1137, 'ndcg@50': 0.1417}
25 Oct 16:39    INFO  test result: {'recall@10': 0.1387, 'recall@20': 0.2016, 'recall@50': 0.3134, 'ndcg@10': 0.0996, 'ndcg@20': 0.1177, 'ndcg@50': 0.145}
