command line args [--zc 1] will not be used in RecBole
26 Oct 21:29    INFO  
General Hyper Parameters:
gpu_id = 8
use_gpu = True
seed = 0
state = INFO
reproducibility = True
data_path = dataset/Yelp
show_progress = False

Training Hyper Parameters:
checkpoint_dir = saved
epochs = 500
train_batch_size = 1024
learner = adam
learning_rate = 0.001
training_neg_sample_num = 0
training_neg_sample_distribution = uniform
eval_step = 1
stopping_step = 10
clip_grad_norm = None
weight_decay = 1e-06
draw_loss_pic = False
loss_decimal_place = 4

Evaluation Hyper Parameters:
eval_setting = RO_RS,full
group_by_user = True
split_ratio = [0.8, 0.1, 0.1]
leave_one_num = 2
real_time_process = False
metrics = ['Recall', 'NDCG']
topk = [10, 20, 50]
valid_metric = NDCG@20
eval_batch_size = 4096
metric_decimal_place = 4

Dataset Hyper Parameters:
field_separator = 	
seq_separator =  
USER_ID_FIELD = user_id
ITEM_ID_FIELD = item_id
RATING_FIELD = rating
TIME_FIELD = timestamp
seq_len = None
LABEL_FIELD = label
threshold = None
NEG_PREFIX = neg_
load_col = {'inter': ['user_id', 'item_id', 'timestamp']}
unload_col = None
unused_col = None
additional_feat_suffix = None
lowest_val = None
highest_val = None
equal_val = None
not_equal_val = None
max_user_inter_num = None
min_user_inter_num = 5
max_item_inter_num = None
min_item_inter_num = 5
fields_in_same_space = None
preload_weight = None
normalize_field = None
normalize_all = None
ITEM_LIST_LENGTH_FIELD = item_length
LIST_SUFFIX = _list
MAX_ITEM_LIST_LENGTH = 50
POSITION_FIELD = position_id
HEAD_ENTITY_ID_FIELD = head_id
TAIL_ENTITY_ID_FIELD = tail_id
RELATION_ID_FIELD = relation_id
ENTITY_ID_FIELD = entity_id

Other Hyper Parameters: 
valid_metric_bigger = True
BT = 0.1
bt = 0.001
embedding_size = 64
encoder = MF
gamma = 0.5
times = 1
witem = 0.1
wuser = 0.8
zc = 1.0
rm_dup_inter = None
filter_inter_by_user_or_item = True
SOURCE_ID_FIELD = source_id
TARGET_ID_FIELD = target_id
benchmark_filename = None
MODEL_TYPE = ModelType.GENERAL
MODEL_INPUT_TYPE = InputType.POINTWISE
eval_type = EvaluatorType.RANKING
device = cuda
train_neg_sample_args = {'strategy': 'none'}


26 Oct 21:29    INFO  Yelp
The number of users: 31669
Average actions of users: 49.305481874447395
The number of items: 38049
Average actions of items: 41.037794365012616
The number of inters: 1561406
The sparsity of the dataset: 99.87041991912021%
Remain Fields: ['user_id', 'item_id']
26 Oct 21:29    INFO  Build [GeneralDataLoader] for [train] with format [InputType.POINTWISE]
26 Oct 21:29    INFO  [train] No Negative Sampling
26 Oct 21:29    INFO  [train] batch_size = [1024], shuffle = [True]

26 Oct 21:29    INFO  Build [GeneralFullDataLoader] for [evaluation] with format [InputType.POINTWISE]
26 Oct 21:29    INFO  Evaluation Setting:
	Group by user_id
	Ordering: {'strategy': 'shuffle'}
	Splitting: {'strategy': 'by_ratio', 'ratios': [0.8, 0.1, 0.1]}
	Negative Sampling: {'strategy': 'full', 'distribution': 'uniform'}
26 Oct 21:29    INFO  [evaluation] batch_size = [4096], shuffle = [False]

26 Oct 21:29    WARNING  Batch size is changed to 38049.
26 Oct 21:29    WARNING  Batch size is changed to 38049.
{'BT': 0.1, 'bt': 0.001, 'embedding_size': 64, 'encoder': 'MF', 'gamma': None, 'times': 1, 'training_neg_sample_num': 0, 'witem': 0.1, 'wuser': 0.8, 'zc': 1.0}
this is encoder MF...
这是directau 的 WUBT 版本...1.0
26 Oct 21:29    INFO  DirectAU(
  (encoder): MFEncoder(
    (user_embedding): Embedding(31669, 64)
    (item_embedding): Embedding(38049, 64)
  )
  (bn): BatchNorm1d(64, eps=1e-05, momentum=0.1, affine=False, track_running_stats=True)
  (projector): Sequential(
    (0): Linear(in_features=64, out_features=64, bias=False)
    (1): BatchNorm1d(64, eps=1e-05, momentum=0.1, affine=True, track_running_stats=True)
    (2): ReLU(inplace=True)
    (3): Linear(in_features=64, out_features=64, bias=False)
    (4): BatchNorm1d(64, eps=1e-05, momentum=0.1, affine=True, track_running_stats=True)
    (5): ReLU(inplace=True)
    (6): Linear(in_features=64, out_features=64, bias=False)
  )
)
Trainable parameters: 4474496
26 Oct 21:29    INFO  epoch 0 training [time: 23.50s, train loss: -0.1628]
26 Oct 21:29    INFO  epoch 0 evaluating [time: 16.23s, valid_score: 0.022300]
26 Oct 21:29    INFO  valid result: 
recall@10 : 0.0213    recall@20 : 0.0366    recall@50 : 0.0751    ndcg@10 : 0.017    ndcg@20 : 0.0223    ndcg@50 : 0.0338    
26 Oct 21:29    INFO  Saving current best: saved/DirectAU-Oct-26-2023_21-29-19.pth
26 Oct 21:30    INFO  epoch 1 training [time: 23.59s, train loss: -0.5346]
26 Oct 21:30    INFO  epoch 1 evaluating [time: 16.08s, valid_score: 0.033400]
26 Oct 21:30    INFO  valid result: 
recall@10 : 0.0322    recall@20 : 0.0552    recall@50 : 0.106    ndcg@10 : 0.0255    ndcg@20 : 0.0334    ndcg@50 : 0.0485    
26 Oct 21:30    INFO  Saving current best: saved/DirectAU-Oct-26-2023_21-29-19.pth
26 Oct 21:31    INFO  epoch 2 training [time: 23.70s, train loss: -0.6090]
26 Oct 21:31    INFO  epoch 2 evaluating [time: 16.26s, valid_score: 0.038100]
26 Oct 21:31    INFO  valid result: 
recall@10 : 0.0374    recall@20 : 0.0628    recall@50 : 0.1181    ndcg@10 : 0.0294    ndcg@20 : 0.0381    ndcg@50 : 0.0543    
26 Oct 21:31    INFO  Saving current best: saved/DirectAU-Oct-26-2023_21-29-19.pth
26 Oct 21:31    INFO  epoch 3 training [time: 23.78s, train loss: -0.6467]
26 Oct 21:31    INFO  epoch 3 evaluating [time: 16.66s, valid_score: 0.040900]
26 Oct 21:31    INFO  valid result: 
recall@10 : 0.0405    recall@20 : 0.0676    recall@50 : 0.1267    ndcg@10 : 0.0315    ndcg@20 : 0.0409    ndcg@50 : 0.0582    
26 Oct 21:31    INFO  Saving current best: saved/DirectAU-Oct-26-2023_21-29-19.pth
26 Oct 21:32    INFO  epoch 4 training [time: 23.76s, train loss: -0.6720]
26 Oct 21:32    INFO  epoch 4 evaluating [time: 16.24s, valid_score: 0.043100]
26 Oct 21:32    INFO  valid result: 
recall@10 : 0.0428    recall@20 : 0.0711    recall@50 : 0.1319    ndcg@10 : 0.0334    ndcg@20 : 0.0431    ndcg@50 : 0.0608    
26 Oct 21:32    INFO  Saving current best: saved/DirectAU-Oct-26-2023_21-29-19.pth
26 Oct 21:33    INFO  epoch 5 training [time: 23.91s, train loss: -0.6912]
26 Oct 21:33    INFO  epoch 5 evaluating [time: 16.20s, valid_score: 0.045300]
26 Oct 21:33    INFO  valid result: 
recall@10 : 0.0447    recall@20 : 0.0746    recall@50 : 0.138    ndcg@10 : 0.0351    ndcg@20 : 0.0453    ndcg@50 : 0.0638    
26 Oct 21:33    INFO  Saving current best: saved/DirectAU-Oct-26-2023_21-29-19.pth
26 Oct 21:33    INFO  epoch 6 training [time: 23.94s, train loss: -0.7067]
26 Oct 21:34    INFO  epoch 6 evaluating [time: 16.51s, valid_score: 0.047100]
26 Oct 21:34    INFO  valid result: 
recall@10 : 0.047    recall@20 : 0.0779    recall@50 : 0.1422    ndcg@10 : 0.0365    ndcg@20 : 0.0471    ndcg@50 : 0.0658    
26 Oct 21:34    INFO  Saving current best: saved/DirectAU-Oct-26-2023_21-29-19.pth
26 Oct 21:34    INFO  epoch 7 training [time: 23.85s, train loss: -0.7202]
26 Oct 21:34    INFO  epoch 7 evaluating [time: 16.54s, valid_score: 0.048600]
26 Oct 21:34    INFO  valid result: 
recall@10 : 0.0487    recall@20 : 0.0802    recall@50 : 0.147    ndcg@10 : 0.0379    ndcg@20 : 0.0486    ndcg@50 : 0.0681    
26 Oct 21:34    INFO  Saving current best: saved/DirectAU-Oct-26-2023_21-29-19.pth
26 Oct 21:35    INFO  epoch 8 training [time: 23.58s, train loss: -0.7315]
26 Oct 21:35    INFO  epoch 8 evaluating [time: 16.08s, valid_score: 0.050100]
26 Oct 21:35    INFO  valid result: 
recall@10 : 0.0496    recall@20 : 0.0824    recall@50 : 0.1504    ndcg@10 : 0.0389    ndcg@20 : 0.0501    ndcg@50 : 0.0699    
26 Oct 21:35    INFO  Saving current best: saved/DirectAU-Oct-26-2023_21-29-19.pth
26 Oct 21:35    INFO  epoch 9 training [time: 23.82s, train loss: -0.7413]
26 Oct 21:36    INFO  epoch 9 evaluating [time: 16.48s, valid_score: 0.051900]
26 Oct 21:36    INFO  valid result: 
recall@10 : 0.0518    recall@20 : 0.0853    recall@50 : 0.1548    ndcg@10 : 0.0406    ndcg@20 : 0.0519    ndcg@50 : 0.0722    
26 Oct 21:36    INFO  Saving current best: saved/DirectAU-Oct-26-2023_21-29-19.pth
26 Oct 21:36    INFO  epoch 10 training [time: 23.94s, train loss: -0.7499]
26 Oct 21:36    INFO  epoch 10 evaluating [time: 16.14s, valid_score: 0.052800]
26 Oct 21:36    INFO  valid result: 
recall@10 : 0.0525    recall@20 : 0.0864    recall@50 : 0.1594    ndcg@10 : 0.0414    ndcg@20 : 0.0528    ndcg@50 : 0.074    
26 Oct 21:36    INFO  Saving current best: saved/DirectAU-Oct-26-2023_21-29-19.pth
26 Oct 21:37    INFO  epoch 11 training [time: 23.93s, train loss: -0.7570]
26 Oct 21:37    INFO  epoch 11 evaluating [time: 16.51s, valid_score: 0.054200]
26 Oct 21:37    INFO  valid result: 
recall@10 : 0.0537    recall@20 : 0.089    recall@50 : 0.1624    ndcg@10 : 0.0422    ndcg@20 : 0.0542    ndcg@50 : 0.0755    
26 Oct 21:37    INFO  Saving current best: saved/DirectAU-Oct-26-2023_21-29-19.pth
26 Oct 21:37    INFO  epoch 12 training [time: 23.85s, train loss: -0.7635]
26 Oct 21:38    INFO  epoch 12 evaluating [time: 15.91s, valid_score: 0.055900]
26 Oct 21:38    INFO  valid result: 
recall@10 : 0.0553    recall@20 : 0.0913    recall@50 : 0.1665    ndcg@10 : 0.0436    ndcg@20 : 0.0559    ndcg@50 : 0.0776    
26 Oct 21:38    INFO  Saving current best: saved/DirectAU-Oct-26-2023_21-29-19.pth
26 Oct 21:38    INFO  epoch 13 training [time: 23.93s, train loss: -0.7690]
26 Oct 21:38    INFO  epoch 13 evaluating [time: 16.32s, valid_score: 0.056800]
26 Oct 21:38    INFO  valid result: 
recall@10 : 0.0564    recall@20 : 0.0933    recall@50 : 0.1683    ndcg@10 : 0.0443    ndcg@20 : 0.0568    ndcg@50 : 0.0785    
26 Oct 21:38    INFO  Saving current best: saved/DirectAU-Oct-26-2023_21-29-19.pth
26 Oct 21:39    INFO  epoch 14 training [time: 23.88s, train loss: -0.7737]
26 Oct 21:39    INFO  epoch 14 evaluating [time: 16.07s, valid_score: 0.058500]
26 Oct 21:39    INFO  valid result: 
recall@10 : 0.0588    recall@20 : 0.0954    recall@50 : 0.1714    ndcg@10 : 0.0461    ndcg@20 : 0.0585    ndcg@50 : 0.0805    
26 Oct 21:39    INFO  Saving current best: saved/DirectAU-Oct-26-2023_21-29-19.pth
26 Oct 21:39    INFO  epoch 15 training [time: 23.86s, train loss: -0.7780]
26 Oct 21:40    INFO  epoch 15 evaluating [time: 16.47s, valid_score: 0.059100]
26 Oct 21:40    INFO  valid result: 
recall@10 : 0.059    recall@20 : 0.0969    recall@50 : 0.1741    ndcg@10 : 0.0463    ndcg@20 : 0.0591    ndcg@50 : 0.0815    
26 Oct 21:40    INFO  Saving current best: saved/DirectAU-Oct-26-2023_21-29-19.pth
26 Oct 21:40    INFO  epoch 16 training [time: 23.85s, train loss: -0.7816]
26 Oct 21:40    INFO  epoch 16 evaluating [time: 16.29s, valid_score: 0.059900]
26 Oct 21:40    INFO  valid result: 
recall@10 : 0.0604    recall@20 : 0.098    recall@50 : 0.1767    ndcg@10 : 0.0471    ndcg@20 : 0.0599    ndcg@50 : 0.0827    
26 Oct 21:40    INFO  Saving current best: saved/DirectAU-Oct-26-2023_21-29-19.pth
26 Oct 21:41    INFO  epoch 17 training [time: 23.90s, train loss: -0.7850]
26 Oct 21:41    INFO  epoch 17 evaluating [time: 16.12s, valid_score: 0.060300]
26 Oct 21:41    INFO  valid result: 
recall@10 : 0.0603    recall@20 : 0.0987    recall@50 : 0.1788    ndcg@10 : 0.0474    ndcg@20 : 0.0603    ndcg@50 : 0.0836    
26 Oct 21:41    INFO  Saving current best: saved/DirectAU-Oct-26-2023_21-29-19.pth
26 Oct 21:41    INFO  epoch 18 training [time: 23.92s, train loss: -0.7878]
26 Oct 21:42    INFO  epoch 18 evaluating [time: 16.38s, valid_score: 0.061200]
26 Oct 21:42    INFO  valid result: 
recall@10 : 0.0605    recall@20 : 0.1    recall@50 : 0.1802    ndcg@10 : 0.0478    ndcg@20 : 0.0612    ndcg@50 : 0.0844    
26 Oct 21:42    INFO  Saving current best: saved/DirectAU-Oct-26-2023_21-29-19.pth
26 Oct 21:42    INFO  epoch 19 training [time: 23.91s, train loss: -0.7902]
26 Oct 21:42    INFO  epoch 19 evaluating [time: 16.09s, valid_score: 0.061700]
26 Oct 21:42    INFO  valid result: 
recall@10 : 0.0612    recall@20 : 0.1003    recall@50 : 0.1822    ndcg@10 : 0.0485    ndcg@20 : 0.0617    ndcg@50 : 0.0855    
26 Oct 21:42    INFO  Saving current best: saved/DirectAU-Oct-26-2023_21-29-19.pth
26 Oct 21:43    INFO  epoch 20 training [time: 23.91s, train loss: -0.7924]
26 Oct 21:43    INFO  epoch 20 evaluating [time: 16.39s, valid_score: 0.062200]
26 Oct 21:43    INFO  valid result: 
recall@10 : 0.0622    recall@20 : 0.1013    recall@50 : 0.1827    ndcg@10 : 0.049    ndcg@20 : 0.0622    ndcg@50 : 0.0858    
26 Oct 21:43    INFO  Saving current best: saved/DirectAU-Oct-26-2023_21-29-19.pth
26 Oct 21:43    INFO  epoch 21 training [time: 23.92s, train loss: -0.7942]
26 Oct 21:44    INFO  epoch 21 evaluating [time: 15.81s, valid_score: 0.062400]
26 Oct 21:44    INFO  valid result: 
recall@10 : 0.0623    recall@20 : 0.1016    recall@50 : 0.1841    ndcg@10 : 0.0491    ndcg@20 : 0.0624    ndcg@50 : 0.0863    
26 Oct 21:44    INFO  Saving current best: saved/DirectAU-Oct-26-2023_21-29-19.pth
26 Oct 21:44    INFO  epoch 22 training [time: 23.88s, train loss: -0.7958]
26 Oct 21:44    INFO  epoch 22 evaluating [time: 16.72s, valid_score: 0.063400]
26 Oct 21:44    INFO  valid result: 
recall@10 : 0.0635    recall@20 : 0.1034    recall@50 : 0.1848    ndcg@10 : 0.0499    ndcg@20 : 0.0634    ndcg@50 : 0.0871    
26 Oct 21:44    INFO  Saving current best: saved/DirectAU-Oct-26-2023_21-29-19.pth
26 Oct 21:45    INFO  epoch 23 training [time: 23.87s, train loss: -0.7974]
26 Oct 21:45    INFO  epoch 23 evaluating [time: 16.35s, valid_score: 0.063700]
26 Oct 21:45    INFO  valid result: 
recall@10 : 0.0639    recall@20 : 0.1039    recall@50 : 0.1862    ndcg@10 : 0.0502    ndcg@20 : 0.0637    ndcg@50 : 0.0877    
26 Oct 21:45    INFO  Saving current best: saved/DirectAU-Oct-26-2023_21-29-19.pth
26 Oct 21:45    INFO  epoch 24 training [time: 23.86s, train loss: -0.7987]
26 Oct 21:46    INFO  epoch 24 evaluating [time: 16.27s, valid_score: 0.063900]
26 Oct 21:46    INFO  valid result: 
recall@10 : 0.0641    recall@20 : 0.1035    recall@50 : 0.1872    ndcg@10 : 0.0506    ndcg@20 : 0.0639    ndcg@50 : 0.0882    
26 Oct 21:46    INFO  Saving current best: saved/DirectAU-Oct-26-2023_21-29-19.pth
26 Oct 21:46    INFO  epoch 25 training [time: 23.92s, train loss: -0.7998]
26 Oct 21:46    INFO  epoch 25 evaluating [time: 16.10s, valid_score: 0.064500]
26 Oct 21:46    INFO  valid result: 
recall@10 : 0.0645    recall@20 : 0.1049    recall@50 : 0.1876    ndcg@10 : 0.0509    ndcg@20 : 0.0645    ndcg@50 : 0.0885    
26 Oct 21:46    INFO  Saving current best: saved/DirectAU-Oct-26-2023_21-29-19.pth
26 Oct 21:47    INFO  epoch 26 training [time: 23.83s, train loss: -0.8008]
26 Oct 21:47    INFO  epoch 26 evaluating [time: 16.21s, valid_score: 0.064500]
26 Oct 21:47    INFO  valid result: 
recall@10 : 0.0647    recall@20 : 0.105    recall@50 : 0.1879    ndcg@10 : 0.051    ndcg@20 : 0.0645    ndcg@50 : 0.0887    
26 Oct 21:47    INFO  epoch 27 training [time: 23.85s, train loss: -0.8017]
26 Oct 21:48    INFO  epoch 27 evaluating [time: 16.02s, valid_score: 0.064900]
26 Oct 21:48    INFO  valid result: 
recall@10 : 0.0652    recall@20 : 0.1058    recall@50 : 0.1892    ndcg@10 : 0.0513    ndcg@20 : 0.0649    ndcg@50 : 0.0892    
26 Oct 21:48    INFO  Saving current best: saved/DirectAU-Oct-26-2023_21-29-19.pth
26 Oct 21:48    INFO  epoch 28 training [time: 23.80s, train loss: -0.8025]
26 Oct 21:48    INFO  epoch 28 evaluating [time: 16.47s, valid_score: 0.065700]
26 Oct 21:48    INFO  valid result: 
recall@10 : 0.065    recall@20 : 0.1065    recall@50 : 0.1896    ndcg@10 : 0.0517    ndcg@20 : 0.0657    ndcg@50 : 0.0899    
26 Oct 21:48    INFO  Saving current best: saved/DirectAU-Oct-26-2023_21-29-19.pth
26 Oct 21:49    INFO  epoch 29 training [time: 23.84s, train loss: -0.8033]
26 Oct 21:49    INFO  epoch 29 evaluating [time: 16.17s, valid_score: 0.065500]
26 Oct 21:49    INFO  valid result: 
recall@10 : 0.066    recall@20 : 0.1064    recall@50 : 0.189    ndcg@10 : 0.0519    ndcg@20 : 0.0655    ndcg@50 : 0.0896    
26 Oct 21:49    INFO  epoch 30 training [time: 23.90s, train loss: -0.8039]
26 Oct 21:50    INFO  epoch 30 evaluating [time: 16.05s, valid_score: 0.066100]
26 Oct 21:50    INFO  valid result: 
recall@10 : 0.0655    recall@20 : 0.1068    recall@50 : 0.1903    ndcg@10 : 0.0521    ndcg@20 : 0.0661    ndcg@50 : 0.0903    
26 Oct 21:50    INFO  Saving current best: saved/DirectAU-Oct-26-2023_21-29-19.pth
26 Oct 21:50    INFO  epoch 31 training [time: 23.94s, train loss: -0.8045]
26 Oct 21:50    INFO  epoch 31 evaluating [time: 16.58s, valid_score: 0.065800]
26 Oct 21:50    INFO  valid result: 
recall@10 : 0.0662    recall@20 : 0.1065    recall@50 : 0.1902    ndcg@10 : 0.0522    ndcg@20 : 0.0658    ndcg@50 : 0.0901    
26 Oct 21:51    INFO  epoch 32 training [time: 23.88s, train loss: -0.8050]
26 Oct 21:51    INFO  epoch 32 evaluating [time: 16.15s, valid_score: 0.066000]
26 Oct 21:51    INFO  valid result: 
recall@10 : 0.0657    recall@20 : 0.107    recall@50 : 0.1904    ndcg@10 : 0.0521    ndcg@20 : 0.066    ndcg@50 : 0.0903    
26 Oct 21:51    INFO  epoch 33 training [time: 23.99s, train loss: -0.8056]
26 Oct 21:52    INFO  epoch 33 evaluating [time: 16.28s, valid_score: 0.066300]
26 Oct 21:52    INFO  valid result: 
recall@10 : 0.0661    recall@20 : 0.1071    recall@50 : 0.1904    ndcg@10 : 0.0525    ndcg@20 : 0.0663    ndcg@50 : 0.0906    
26 Oct 21:52    INFO  Saving current best: saved/DirectAU-Oct-26-2023_21-29-19.pth
26 Oct 21:52    INFO  epoch 34 training [time: 23.75s, train loss: -0.8061]
26 Oct 21:52    INFO  epoch 34 evaluating [time: 16.21s, valid_score: 0.066700]
26 Oct 21:52    INFO  valid result: 
recall@10 : 0.0668    recall@20 : 0.1075    recall@50 : 0.1909    ndcg@10 : 0.053    ndcg@20 : 0.0667    ndcg@50 : 0.091    
26 Oct 21:52    INFO  Saving current best: saved/DirectAU-Oct-26-2023_21-29-19.pth
26 Oct 21:53    INFO  epoch 35 training [time: 23.95s, train loss: -0.8064]
26 Oct 21:53    INFO  epoch 35 evaluating [time: 16.54s, valid_score: 0.066600]
26 Oct 21:53    INFO  valid result: 
recall@10 : 0.0664    recall@20 : 0.1077    recall@50 : 0.1919    ndcg@10 : 0.0527    ndcg@20 : 0.0666    ndcg@50 : 0.091    
26 Oct 21:53    INFO  epoch 36 training [time: 23.90s, train loss: -0.8069]
26 Oct 21:54    INFO  epoch 36 evaluating [time: 16.05s, valid_score: 0.066800]
26 Oct 21:54    INFO  valid result: 
recall@10 : 0.067    recall@20 : 0.1075    recall@50 : 0.1923    ndcg@10 : 0.0531    ndcg@20 : 0.0668    ndcg@50 : 0.0914    
26 Oct 21:54    INFO  Saving current best: saved/DirectAU-Oct-26-2023_21-29-19.pth
26 Oct 21:54    INFO  epoch 37 training [time: 23.85s, train loss: -0.8072]
26 Oct 21:54    INFO  epoch 37 evaluating [time: 16.27s, valid_score: 0.067000]
26 Oct 21:54    INFO  valid result: 
recall@10 : 0.067    recall@20 : 0.108    recall@50 : 0.1924    ndcg@10 : 0.0532    ndcg@20 : 0.067    ndcg@50 : 0.0915    
26 Oct 21:54    INFO  Saving current best: saved/DirectAU-Oct-26-2023_21-29-19.pth
26 Oct 21:55    INFO  epoch 38 training [time: 23.91s, train loss: -0.8076]
26 Oct 21:55    INFO  epoch 38 evaluating [time: 16.20s, valid_score: 0.067100]
26 Oct 21:55    INFO  valid result: 
recall@10 : 0.067    recall@20 : 0.1078    recall@50 : 0.1923    ndcg@10 : 0.0533    ndcg@20 : 0.0671    ndcg@50 : 0.0916    
26 Oct 21:55    INFO  Saving current best: saved/DirectAU-Oct-26-2023_21-29-19.pth
26 Oct 21:55    INFO  epoch 39 training [time: 23.87s, train loss: -0.8078]
26 Oct 21:56    INFO  epoch 39 evaluating [time: 16.40s, valid_score: 0.067500]
26 Oct 21:56    INFO  valid result: 
recall@10 : 0.0669    recall@20 : 0.1086    recall@50 : 0.1923    ndcg@10 : 0.0534    ndcg@20 : 0.0675    ndcg@50 : 0.0918    
26 Oct 21:56    INFO  Saving current best: saved/DirectAU-Oct-26-2023_21-29-19.pth
26 Oct 21:56    INFO  epoch 40 training [time: 23.89s, train loss: -0.8079]
26 Oct 21:56    INFO  epoch 40 evaluating [time: 16.04s, valid_score: 0.067400]
26 Oct 21:56    INFO  valid result: 
recall@10 : 0.0675    recall@20 : 0.1082    recall@50 : 0.1923    ndcg@10 : 0.0537    ndcg@20 : 0.0674    ndcg@50 : 0.0918    
26 Oct 21:57    INFO  epoch 41 training [time: 23.85s, train loss: -0.8081]
26 Oct 21:57    INFO  epoch 41 evaluating [time: 16.38s, valid_score: 0.067500]
26 Oct 21:57    INFO  valid result: 
recall@10 : 0.0677    recall@20 : 0.1082    recall@50 : 0.1926    ndcg@10 : 0.0538    ndcg@20 : 0.0675    ndcg@50 : 0.092    
26 Oct 21:57    INFO  epoch 42 training [time: 23.82s, train loss: -0.8082]
26 Oct 21:58    INFO  epoch 42 evaluating [time: 16.59s, valid_score: 0.067400]
26 Oct 21:58    INFO  valid result: 
recall@10 : 0.0672    recall@20 : 0.1081    recall@50 : 0.1928    ndcg@10 : 0.0536    ndcg@20 : 0.0674    ndcg@50 : 0.092    
26 Oct 21:58    INFO  epoch 43 training [time: 23.91s, train loss: -0.8084]
26 Oct 21:58    INFO  epoch 43 evaluating [time: 16.40s, valid_score: 0.067600]
26 Oct 21:58    INFO  valid result: 
recall@10 : 0.0677    recall@20 : 0.1082    recall@50 : 0.193    ndcg@10 : 0.0539    ndcg@20 : 0.0676    ndcg@50 : 0.0922    
26 Oct 21:58    INFO  Saving current best: saved/DirectAU-Oct-26-2023_21-29-19.pth
26 Oct 21:59    INFO  epoch 44 training [time: 23.96s, train loss: -0.8086]
26 Oct 21:59    INFO  epoch 44 evaluating [time: 16.51s, valid_score: 0.067700]
26 Oct 21:59    INFO  valid result: 
recall@10 : 0.0672    recall@20 : 0.1088    recall@50 : 0.1931    ndcg@10 : 0.0537    ndcg@20 : 0.0677    ndcg@50 : 0.0922    
26 Oct 21:59    INFO  Saving current best: saved/DirectAU-Oct-26-2023_21-29-19.pth
26 Oct 21:59    INFO  epoch 45 training [time: 23.86s, train loss: -0.8087]
26 Oct 22:00    INFO  epoch 45 evaluating [time: 16.02s, valid_score: 0.067700]
26 Oct 22:00    INFO  valid result: 
recall@10 : 0.0667    recall@20 : 0.1087    recall@50 : 0.1928    ndcg@10 : 0.0535    ndcg@20 : 0.0677    ndcg@50 : 0.0922    
26 Oct 22:00    INFO  epoch 46 training [time: 23.85s, train loss: -0.8088]
26 Oct 22:00    INFO  epoch 46 evaluating [time: 16.39s, valid_score: 0.068000]
26 Oct 22:00    INFO  valid result: 
recall@10 : 0.0678    recall@20 : 0.1091    recall@50 : 0.1933    ndcg@10 : 0.0541    ndcg@20 : 0.068    ndcg@50 : 0.0925    
26 Oct 22:00    INFO  Saving current best: saved/DirectAU-Oct-26-2023_21-29-19.pth
26 Oct 22:01    INFO  epoch 47 training [time: 23.88s, train loss: -0.8089]
26 Oct 22:01    INFO  epoch 47 evaluating [time: 16.06s, valid_score: 0.067900]
26 Oct 22:01    INFO  valid result: 
recall@10 : 0.0682    recall@20 : 0.1089    recall@50 : 0.1935    ndcg@10 : 0.0541    ndcg@20 : 0.0679    ndcg@50 : 0.0925    
26 Oct 22:01    INFO  epoch 48 training [time: 23.84s, train loss: -0.8090]
26 Oct 22:02    INFO  epoch 48 evaluating [time: 16.11s, valid_score: 0.067900]
26 Oct 22:02    INFO  valid result: 
recall@10 : 0.0681    recall@20 : 0.1092    recall@50 : 0.1939    ndcg@10 : 0.054    ndcg@20 : 0.0679    ndcg@50 : 0.0925    
26 Oct 22:02    INFO  epoch 49 training [time: 23.67s, train loss: -0.8091]
26 Oct 22:02    INFO  epoch 49 evaluating [time: 15.84s, valid_score: 0.068100]
26 Oct 22:02    INFO  valid result: 
recall@10 : 0.0678    recall@20 : 0.1091    recall@50 : 0.1935    ndcg@10 : 0.0541    ndcg@20 : 0.0681    ndcg@50 : 0.0926    
26 Oct 22:02    INFO  Saving current best: saved/DirectAU-Oct-26-2023_21-29-19.pth
26 Oct 22:03    INFO  epoch 50 training [time: 23.89s, train loss: -0.8091]
26 Oct 22:03    INFO  epoch 50 evaluating [time: 16.24s, valid_score: 0.068100]
26 Oct 22:03    INFO  valid result: 
recall@10 : 0.0679    recall@20 : 0.109    recall@50 : 0.1936    ndcg@10 : 0.0542    ndcg@20 : 0.0681    ndcg@50 : 0.0926    
26 Oct 22:03    INFO  epoch 51 training [time: 23.89s, train loss: -0.8091]
26 Oct 22:04    INFO  epoch 51 evaluating [time: 16.03s, valid_score: 0.068400]
26 Oct 22:04    INFO  valid result: 
recall@10 : 0.0679    recall@20 : 0.1096    recall@50 : 0.1941    ndcg@10 : 0.0544    ndcg@20 : 0.0684    ndcg@50 : 0.093    
26 Oct 22:04    INFO  Saving current best: saved/DirectAU-Oct-26-2023_21-29-19.pth
26 Oct 22:04    INFO  epoch 52 training [time: 23.61s, train loss: -0.8092]
26 Oct 22:04    INFO  epoch 52 evaluating [time: 16.10s, valid_score: 0.068300]
26 Oct 22:04    INFO  valid result: 
recall@10 : 0.0681    recall@20 : 0.1093    recall@50 : 0.194    ndcg@10 : 0.0544    ndcg@20 : 0.0683    ndcg@50 : 0.0929    
26 Oct 22:05    INFO  epoch 53 training [time: 23.86s, train loss: -0.8093]
26 Oct 22:05    INFO  epoch 53 evaluating [time: 15.84s, valid_score: 0.068200]
26 Oct 22:05    INFO  valid result: 
recall@10 : 0.068    recall@20 : 0.1093    recall@50 : 0.1943    ndcg@10 : 0.0543    ndcg@20 : 0.0682    ndcg@50 : 0.0929    
26 Oct 22:05    INFO  epoch 54 training [time: 23.91s, train loss: -0.8093]
26 Oct 22:06    INFO  epoch 54 evaluating [time: 16.18s, valid_score: 0.068100]
26 Oct 22:06    INFO  valid result: 
recall@10 : 0.0677    recall@20 : 0.1093    recall@50 : 0.1943    ndcg@10 : 0.054    ndcg@20 : 0.0681    ndcg@50 : 0.0928    
26 Oct 22:06    INFO  epoch 55 training [time: 23.95s, train loss: -0.8093]
26 Oct 22:06    INFO  epoch 55 evaluating [time: 16.21s, valid_score: 0.068200]
26 Oct 22:06    INFO  valid result: 
recall@10 : 0.0678    recall@20 : 0.1094    recall@50 : 0.1938    ndcg@10 : 0.0541    ndcg@20 : 0.0682    ndcg@50 : 0.0927    
26 Oct 22:07    INFO  epoch 56 training [time: 23.90s, train loss: -0.8094]
26 Oct 22:07    INFO  epoch 56 evaluating [time: 15.92s, valid_score: 0.068400]
26 Oct 22:07    INFO  valid result: 
recall@10 : 0.0683    recall@20 : 0.1092    recall@50 : 0.1946    ndcg@10 : 0.0546    ndcg@20 : 0.0684    ndcg@50 : 0.0932    
26 Oct 22:07    INFO  epoch 57 training [time: 23.82s, train loss: -0.8095]
26 Oct 22:08    INFO  epoch 57 evaluating [time: 16.08s, valid_score: 0.068300]
26 Oct 22:08    INFO  valid result: 
recall@10 : 0.0677    recall@20 : 0.1095    recall@50 : 0.1936    ndcg@10 : 0.0542    ndcg@20 : 0.0683    ndcg@50 : 0.0928    
26 Oct 22:08    INFO  epoch 58 training [time: 23.97s, train loss: -0.8095]
26 Oct 22:08    INFO  epoch 58 evaluating [time: 15.85s, valid_score: 0.068500]
26 Oct 22:08    INFO  valid result: 
recall@10 : 0.0681    recall@20 : 0.1097    recall@50 : 0.1938    ndcg@10 : 0.0546    ndcg@20 : 0.0685    ndcg@50 : 0.093    
26 Oct 22:08    INFO  Saving current best: saved/DirectAU-Oct-26-2023_21-29-19.pth
26 Oct 22:09    INFO  epoch 59 training [time: 23.87s, train loss: -0.8096]
26 Oct 22:09    INFO  epoch 59 evaluating [time: 16.15s, valid_score: 0.068500]
26 Oct 22:09    INFO  valid result: 
recall@10 : 0.0681    recall@20 : 0.1095    recall@50 : 0.1943    ndcg@10 : 0.0546    ndcg@20 : 0.0685    ndcg@50 : 0.0932    
26 Oct 22:09    INFO  epoch 60 training [time: 23.85s, train loss: -0.8095]
26 Oct 22:10    INFO  epoch 60 evaluating [time: 15.80s, valid_score: 0.068500]
26 Oct 22:10    INFO  valid result: 
recall@10 : 0.0686    recall@20 : 0.1095    recall@50 : 0.1948    ndcg@10 : 0.0547    ndcg@20 : 0.0685    ndcg@50 : 0.0933    
26 Oct 22:10    INFO  epoch 61 training [time: 23.81s, train loss: -0.8096]
26 Oct 22:10    INFO  epoch 61 evaluating [time: 16.30s, valid_score: 0.068400]
26 Oct 22:10    INFO  valid result: 
recall@10 : 0.0681    recall@20 : 0.1091    recall@50 : 0.1951    ndcg@10 : 0.0546    ndcg@20 : 0.0684    ndcg@50 : 0.0934    
26 Oct 22:11    INFO  epoch 62 training [time: 23.95s, train loss: -0.8097]
26 Oct 22:11    INFO  epoch 62 evaluating [time: 15.98s, valid_score: 0.068500]
26 Oct 22:11    INFO  valid result: 
recall@10 : 0.0681    recall@20 : 0.1094    recall@50 : 0.1948    ndcg@10 : 0.0546    ndcg@20 : 0.0685    ndcg@50 : 0.0934    
26 Oct 22:11    INFO  epoch 63 training [time: 23.87s, train loss: -0.8096]
26 Oct 22:12    INFO  epoch 63 evaluating [time: 16.13s, valid_score: 0.068700]
26 Oct 22:12    INFO  valid result: 
recall@10 : 0.0682    recall@20 : 0.11    recall@50 : 0.1949    ndcg@10 : 0.0547    ndcg@20 : 0.0687    ndcg@50 : 0.0934    
26 Oct 22:12    INFO  Saving current best: saved/DirectAU-Oct-26-2023_21-29-19.pth
26 Oct 22:12    INFO  epoch 64 training [time: 23.88s, train loss: -0.8097]
26 Oct 22:12    INFO  epoch 64 evaluating [time: 15.90s, valid_score: 0.068400]
26 Oct 22:12    INFO  valid result: 
recall@10 : 0.0686    recall@20 : 0.1095    recall@50 : 0.1941    ndcg@10 : 0.0547    ndcg@20 : 0.0684    ndcg@50 : 0.093    
26 Oct 22:13    INFO  epoch 65 training [time: 23.92s, train loss: -0.8098]
26 Oct 22:13    INFO  epoch 65 evaluating [time: 16.17s, valid_score: 0.068700]
26 Oct 22:13    INFO  valid result: 
recall@10 : 0.0682    recall@20 : 0.1096    recall@50 : 0.1942    ndcg@10 : 0.0548    ndcg@20 : 0.0687    ndcg@50 : 0.0933    
26 Oct 22:13    INFO  epoch 66 training [time: 23.98s, train loss: -0.8098]
26 Oct 22:14    INFO  epoch 66 evaluating [time: 16.01s, valid_score: 0.068700]
26 Oct 22:14    INFO  valid result: 
recall@10 : 0.0682    recall@20 : 0.1098    recall@50 : 0.1943    ndcg@10 : 0.0546    ndcg@20 : 0.0687    ndcg@50 : 0.0932    
26 Oct 22:14    INFO  epoch 67 training [time: 23.84s, train loss: -0.8098]
26 Oct 22:14    INFO  epoch 67 evaluating [time: 16.11s, valid_score: 0.068800]
26 Oct 22:14    INFO  valid result: 
recall@10 : 0.0682    recall@20 : 0.1098    recall@50 : 0.1948    ndcg@10 : 0.0548    ndcg@20 : 0.0688    ndcg@50 : 0.0935    
26 Oct 22:14    INFO  Saving current best: saved/DirectAU-Oct-26-2023_21-29-19.pth
26 Oct 22:15    INFO  epoch 68 training [time: 23.96s, train loss: -0.8098]
26 Oct 22:15    INFO  epoch 68 evaluating [time: 16.28s, valid_score: 0.068400]
26 Oct 22:15    INFO  valid result: 
recall@10 : 0.0685    recall@20 : 0.109    recall@50 : 0.1949    ndcg@10 : 0.0547    ndcg@20 : 0.0684    ndcg@50 : 0.0934    
26 Oct 22:15    INFO  epoch 69 training [time: 23.88s, train loss: -0.8098]
26 Oct 22:16    INFO  epoch 69 evaluating [time: 15.91s, valid_score: 0.068900]
26 Oct 22:16    INFO  valid result: 
recall@10 : 0.0687    recall@20 : 0.1099    recall@50 : 0.195    ndcg@10 : 0.055    ndcg@20 : 0.0689    ndcg@50 : 0.0936    
26 Oct 22:16    INFO  Saving current best: saved/DirectAU-Oct-26-2023_21-29-19.pth
26 Oct 22:16    INFO  epoch 70 training [time: 23.91s, train loss: -0.8099]
26 Oct 22:16    INFO  epoch 70 evaluating [time: 16.15s, valid_score: 0.068900]
26 Oct 22:16    INFO  valid result: 
recall@10 : 0.0687    recall@20 : 0.11    recall@50 : 0.1953    ndcg@10 : 0.055    ndcg@20 : 0.0689    ndcg@50 : 0.0937    
26 Oct 22:17    INFO  epoch 71 training [time: 23.96s, train loss: -0.8100]
26 Oct 22:17    INFO  epoch 71 evaluating [time: 15.82s, valid_score: 0.068900]
26 Oct 22:17    INFO  valid result: 
recall@10 : 0.0683    recall@20 : 0.1097    recall@50 : 0.1949    ndcg@10 : 0.0549    ndcg@20 : 0.0689    ndcg@50 : 0.0936    
26 Oct 22:17    INFO  epoch 72 training [time: 23.89s, train loss: -0.8099]
26 Oct 22:18    INFO  epoch 72 evaluating [time: 16.31s, valid_score: 0.069000]
26 Oct 22:18    INFO  valid result: 
recall@10 : 0.0681    recall@20 : 0.1098    recall@50 : 0.1953    ndcg@10 : 0.055    ndcg@20 : 0.069    ndcg@50 : 0.0939    
26 Oct 22:18    INFO  Saving current best: saved/DirectAU-Oct-26-2023_21-29-19.pth
26 Oct 22:18    INFO  epoch 73 training [time: 23.88s, train loss: -0.8100]
26 Oct 22:18    INFO  epoch 73 evaluating [time: 16.01s, valid_score: 0.069100]
26 Oct 22:18    INFO  valid result: 
recall@10 : 0.0681    recall@20 : 0.1097    recall@50 : 0.1953    ndcg@10 : 0.0551    ndcg@20 : 0.0691    ndcg@50 : 0.094    
26 Oct 22:18    INFO  Saving current best: saved/DirectAU-Oct-26-2023_21-29-19.pth
26 Oct 22:19    INFO  epoch 74 training [time: 23.90s, train loss: -0.8100]
26 Oct 22:19    INFO  epoch 74 evaluating [time: 16.20s, valid_score: 0.069000]
26 Oct 22:19    INFO  valid result: 
recall@10 : 0.0686    recall@20 : 0.1098    recall@50 : 0.1954    ndcg@10 : 0.0551    ndcg@20 : 0.069    ndcg@50 : 0.0939    
26 Oct 22:19    INFO  epoch 75 training [time: 23.88s, train loss: -0.8100]
26 Oct 22:20    INFO  epoch 75 evaluating [time: 16.00s, valid_score: 0.069300]
26 Oct 22:20    INFO  valid result: 
recall@10 : 0.0688    recall@20 : 0.1104    recall@50 : 0.1953    ndcg@10 : 0.0553    ndcg@20 : 0.0693    ndcg@50 : 0.094    
26 Oct 22:20    INFO  Saving current best: saved/DirectAU-Oct-26-2023_21-29-19.pth
26 Oct 22:20    INFO  epoch 76 training [time: 23.92s, train loss: -0.8100]
26 Oct 22:20    INFO  epoch 76 evaluating [time: 16.01s, valid_score: 0.068900]
26 Oct 22:20    INFO  valid result: 
recall@10 : 0.069    recall@20 : 0.1097    recall@50 : 0.1955    ndcg@10 : 0.0552    ndcg@20 : 0.0689    ndcg@50 : 0.0938    
26 Oct 22:21    INFO  epoch 77 training [time: 23.96s, train loss: -0.8100]
26 Oct 22:21    INFO  epoch 77 evaluating [time: 15.93s, valid_score: 0.068700]
26 Oct 22:21    INFO  valid result: 
recall@10 : 0.0686    recall@20 : 0.1096    recall@50 : 0.1952    ndcg@10 : 0.0549    ndcg@20 : 0.0687    ndcg@50 : 0.0936    
26 Oct 22:21    INFO  epoch 78 training [time: 23.91s, train loss: -0.8100]
26 Oct 22:22    INFO  epoch 78 evaluating [time: 16.05s, valid_score: 0.068700]
26 Oct 22:22    INFO  valid result: 
recall@10 : 0.0685    recall@20 : 0.1098    recall@50 : 0.1954    ndcg@10 : 0.0549    ndcg@20 : 0.0687    ndcg@50 : 0.0936    
26 Oct 22:22    INFO  epoch 79 training [time: 23.89s, train loss: -0.8101]
26 Oct 22:22    INFO  epoch 79 evaluating [time: 15.94s, valid_score: 0.069000]
26 Oct 22:22    INFO  valid result: 
recall@10 : 0.0684    recall@20 : 0.11    recall@50 : 0.1954    ndcg@10 : 0.055    ndcg@20 : 0.069    ndcg@50 : 0.0937    
26 Oct 22:23    INFO  epoch 80 training [time: 23.81s, train loss: -0.8101]
26 Oct 22:23    INFO  epoch 80 evaluating [time: 16.09s, valid_score: 0.068500]
26 Oct 22:23    INFO  valid result: 
recall@10 : 0.0684    recall@20 : 0.1089    recall@50 : 0.1948    ndcg@10 : 0.0549    ndcg@20 : 0.0685    ndcg@50 : 0.0934    
26 Oct 22:23    INFO  epoch 81 training [time: 23.90s, train loss: -0.8100]
26 Oct 22:24    INFO  epoch 81 evaluating [time: 16.10s, valid_score: 0.068900]
26 Oct 22:24    INFO  valid result: 
recall@10 : 0.0685    recall@20 : 0.1105    recall@50 : 0.1955    ndcg@10 : 0.0548    ndcg@20 : 0.0689    ndcg@50 : 0.0936    
26 Oct 22:24    INFO  epoch 82 training [time: 23.84s, train loss: -0.8101]
26 Oct 22:24    INFO  epoch 82 evaluating [time: 15.77s, valid_score: 0.069200]
26 Oct 22:24    INFO  valid result: 
recall@10 : 0.069    recall@20 : 0.1104    recall@50 : 0.1955    ndcg@10 : 0.0554    ndcg@20 : 0.0692    ndcg@50 : 0.094    
26 Oct 22:25    INFO  epoch 83 training [time: 23.84s, train loss: -0.8101]
26 Oct 22:25    INFO  epoch 83 evaluating [time: 16.16s, valid_score: 0.069200]
26 Oct 22:25    INFO  valid result: 
recall@10 : 0.0692    recall@20 : 0.1104    recall@50 : 0.1954    ndcg@10 : 0.0553    ndcg@20 : 0.0692    ndcg@50 : 0.0939    
26 Oct 22:25    INFO  epoch 84 training [time: 23.94s, train loss: -0.8102]
26 Oct 22:26    INFO  epoch 84 evaluating [time: 15.93s, valid_score: 0.069300]
26 Oct 22:26    INFO  valid result: 
recall@10 : 0.0685    recall@20 : 0.1102    recall@50 : 0.1956    ndcg@10 : 0.0551    ndcg@20 : 0.0693    ndcg@50 : 0.0941    
26 Oct 22:26    INFO  epoch 85 training [time: 23.81s, train loss: -0.8102]
26 Oct 22:26    INFO  epoch 85 evaluating [time: 16.21s, valid_score: 0.069200]
26 Oct 22:26    INFO  valid result: 
recall@10 : 0.0689    recall@20 : 0.1095    recall@50 : 0.1955    ndcg@10 : 0.0556    ndcg@20 : 0.0692    ndcg@50 : 0.0942    
26 Oct 22:27    INFO  epoch 86 training [time: 23.89s, train loss: -0.8103]
26 Oct 22:27    INFO  epoch 86 evaluating [time: 15.84s, valid_score: 0.069100]
26 Oct 22:27    INFO  valid result: 
recall@10 : 0.0685    recall@20 : 0.1102    recall@50 : 0.1954    ndcg@10 : 0.0551    ndcg@20 : 0.0691    ndcg@50 : 0.0939    
26 Oct 22:27    INFO  Finished training, best eval result in epoch 75
26 Oct 22:27    INFO  Loading model structure and parameters from saved/DirectAU-Oct-26-2023_21-29-19.pth
26 Oct 22:27    INFO  best valid : {'recall@10': 0.0688, 'recall@20': 0.1104, 'recall@50': 0.1953, 'ndcg@10': 0.0553, 'ndcg@20': 0.0693, 'ndcg@50': 0.094}
26 Oct 22:27    INFO  test result: {'recall@10': 0.07, 'recall@20': 0.1124, 'recall@50': 0.1966, 'ndcg@10': 0.0562, 'ndcg@20': 0.0704, 'ndcg@50': 0.0948}
