command line args [--zc 1.0] will not be used in RecBole
25 Oct 08:05    INFO  
General Hyper Parameters:
gpu_id = 5
use_gpu = True
seed = 0
state = INFO
reproducibility = True
data_path = dataset/Yelp
show_progress = False

Training Hyper Parameters:
checkpoint_dir = saved
epochs = 500
train_batch_size = 1024
learner = adam
learning_rate = 0.001
training_neg_sample_num = 0
training_neg_sample_distribution = uniform
eval_step = 1
stopping_step = 10
clip_grad_norm = None
weight_decay = 1e-06
draw_loss_pic = False
loss_decimal_place = 4

Evaluation Hyper Parameters:
eval_setting = RO_RS,full
group_by_user = True
split_ratio = [0.8, 0.1, 0.1]
leave_one_num = 2
real_time_process = False
metrics = ['Recall', 'NDCG']
topk = [10, 20, 50]
valid_metric = NDCG@20
eval_batch_size = 4096
metric_decimal_place = 4

Dataset Hyper Parameters:
field_separator = 	
seq_separator =  
USER_ID_FIELD = user_id
ITEM_ID_FIELD = item_id
RATING_FIELD = rating
TIME_FIELD = timestamp
seq_len = None
LABEL_FIELD = label
threshold = None
NEG_PREFIX = neg_
load_col = {'inter': ['user_id', 'item_id', 'timestamp']}
unload_col = None
unused_col = None
additional_feat_suffix = None
lowest_val = None
highest_val = None
equal_val = None
not_equal_val = None
max_user_inter_num = None
min_user_inter_num = 5
max_item_inter_num = None
min_item_inter_num = 5
fields_in_same_space = None
preload_weight = None
normalize_field = None
normalize_all = None
ITEM_LIST_LENGTH_FIELD = item_length
LIST_SUFFIX = _list
MAX_ITEM_LIST_LENGTH = 50
POSITION_FIELD = position_id
HEAD_ENTITY_ID_FIELD = head_id
TAIL_ENTITY_ID_FIELD = tail_id
RELATION_ID_FIELD = relation_id
ENTITY_ID_FIELD = entity_id

Other Hyper Parameters: 
valid_metric_bigger = True
BT = 0.1
bt = 0.001
embedding_size = 64
encoder = MF
gamma = 0.5
times = 1
witem = 0.1
wuser = 0.8
zc = 1.0
rm_dup_inter = None
filter_inter_by_user_or_item = True
SOURCE_ID_FIELD = source_id
TARGET_ID_FIELD = target_id
benchmark_filename = None
MODEL_TYPE = ModelType.GENERAL
MODEL_INPUT_TYPE = InputType.POINTWISE
eval_type = EvaluatorType.RANKING
device = cuda
train_neg_sample_args = {'strategy': 'none'}


25 Oct 08:05    INFO  Yelp
The number of users: 31669
Average actions of users: 49.305481874447395
The number of items: 38049
Average actions of items: 41.037794365012616
The number of inters: 1561406
The sparsity of the dataset: 99.87041991912021%
Remain Fields: ['user_id', 'item_id']
25 Oct 08:05    INFO  Build [GeneralDataLoader] for [train] with format [InputType.POINTWISE]
25 Oct 08:05    INFO  [train] No Negative Sampling
25 Oct 08:05    INFO  [train] batch_size = [1024], shuffle = [True]

25 Oct 08:05    INFO  Build [GeneralFullDataLoader] for [evaluation] with format [InputType.POINTWISE]
25 Oct 08:05    INFO  Evaluation Setting:
	Group by user_id
	Ordering: {'strategy': 'shuffle'}
	Splitting: {'strategy': 'by_ratio', 'ratios': [0.8, 0.1, 0.1]}
	Negative Sampling: {'strategy': 'full', 'distribution': 'uniform'}
25 Oct 08:05    INFO  [evaluation] batch_size = [4096], shuffle = [False]

25 Oct 08:05    WARNING  Batch size is changed to 38049.
25 Oct 08:05    WARNING  Batch size is changed to 38049.
{'BT': 0.1, 'bt': 0.001, 'embedding_size': 64, 'encoder': 'MF', 'gamma': None, 'times': 1, 'training_neg_sample_num': 0, 'witem': 0.1, 'wuser': 0.8, 'zc': 1.0}
this is encoder MF...
这是directau 的 WUBT 版本...
25 Oct 08:05    INFO  DirectAU(
  (encoder): MFEncoder(
    (user_embedding): Embedding(31669, 64)
    (item_embedding): Embedding(38049, 64)
  )
  (bn): BatchNorm1d(64, eps=1e-05, momentum=0.1, affine=False, track_running_stats=True)
  (projector): Sequential(
    (0): Linear(in_features=64, out_features=64, bias=False)
    (1): BatchNorm1d(64, eps=1e-05, momentum=0.1, affine=True, track_running_stats=True)
    (2): ReLU(inplace=True)
    (3): Linear(in_features=64, out_features=64, bias=False)
    (4): BatchNorm1d(64, eps=1e-05, momentum=0.1, affine=True, track_running_stats=True)
    (5): ReLU(inplace=True)
    (6): Linear(in_features=64, out_features=64, bias=False)
  )
)
Trainable parameters: 4474496
25 Oct 08:06    INFO  epoch 0 training [time: 23.55s, train loss: -0.2503]
25 Oct 08:06    INFO  epoch 0 evaluating [time: 15.38s, valid_score: 0.024100]
25 Oct 08:06    INFO  valid result: 
recall@10 : 0.0227    recall@20 : 0.0396    recall@50 : 0.0802    ndcg@10 : 0.0182    ndcg@20 : 0.0241    ndcg@50 : 0.0362    
25 Oct 08:06    INFO  Saving current best: saved/DirectAU-Oct-25-2023_08-05-36.pth
25 Oct 08:06    INFO  epoch 1 training [time: 23.45s, train loss: -0.6689]
25 Oct 08:06    INFO  epoch 1 evaluating [time: 17.50s, valid_score: 0.033800]
25 Oct 08:06    INFO  valid result: 
recall@10 : 0.0326    recall@20 : 0.0557    recall@50 : 0.1077    ndcg@10 : 0.0258    ndcg@20 : 0.0338    ndcg@50 : 0.0491    
25 Oct 08:06    INFO  Saving current best: saved/DirectAU-Oct-25-2023_08-05-36.pth
25 Oct 08:07    INFO  epoch 2 training [time: 23.65s, train loss: -0.7480]
25 Oct 08:07    INFO  epoch 2 evaluating [time: 15.53s, valid_score: 0.037500]
25 Oct 08:07    INFO  valid result: 
recall@10 : 0.0371    recall@20 : 0.0621    recall@50 : 0.1191    ndcg@10 : 0.0289    ndcg@20 : 0.0375    ndcg@50 : 0.0542    
25 Oct 08:07    INFO  Saving current best: saved/DirectAU-Oct-25-2023_08-05-36.pth
25 Oct 08:07    INFO  epoch 3 training [time: 23.63s, train loss: -0.7874]
25 Oct 08:08    INFO  epoch 3 evaluating [time: 15.61s, valid_score: 0.040800]
25 Oct 08:08    INFO  valid result: 
recall@10 : 0.0401    recall@20 : 0.0679    recall@50 : 0.1259    ndcg@10 : 0.0312    ndcg@20 : 0.0408    ndcg@50 : 0.0578    
25 Oct 08:08    INFO  Saving current best: saved/DirectAU-Oct-25-2023_08-05-36.pth
25 Oct 08:08    INFO  epoch 4 training [time: 23.70s, train loss: -0.8137]
25 Oct 08:08    INFO  epoch 4 evaluating [time: 16.11s, valid_score: 0.042900]
25 Oct 08:08    INFO  valid result: 
recall@10 : 0.0428    recall@20 : 0.0708    recall@50 : 0.131    ndcg@10 : 0.0334    ndcg@20 : 0.0429    ndcg@50 : 0.0606    
25 Oct 08:08    INFO  Saving current best: saved/DirectAU-Oct-25-2023_08-05-36.pth
25 Oct 08:09    INFO  epoch 5 training [time: 23.69s, train loss: -0.8336]
25 Oct 08:09    INFO  epoch 5 evaluating [time: 15.95s, valid_score: 0.045200]
25 Oct 08:09    INFO  valid result: 
recall@10 : 0.0451    recall@20 : 0.0746    recall@50 : 0.1371    ndcg@10 : 0.0351    ndcg@20 : 0.0452    ndcg@50 : 0.0634    
25 Oct 08:09    INFO  Saving current best: saved/DirectAU-Oct-25-2023_08-05-36.pth
25 Oct 08:09    INFO  epoch 6 training [time: 23.80s, train loss: -0.8495]
25 Oct 08:10    INFO  epoch 6 evaluating [time: 17.43s, valid_score: 0.047000]
25 Oct 08:10    INFO  valid result: 
recall@10 : 0.047    recall@20 : 0.0777    recall@50 : 0.1411    ndcg@10 : 0.0365    ndcg@20 : 0.047    ndcg@50 : 0.0655    
25 Oct 08:10    INFO  Saving current best: saved/DirectAU-Oct-25-2023_08-05-36.pth
25 Oct 08:10    INFO  epoch 7 training [time: 23.73s, train loss: -0.8633]
25 Oct 08:10    INFO  epoch 7 evaluating [time: 15.31s, valid_score: 0.048800]
25 Oct 08:10    INFO  valid result: 
recall@10 : 0.0491    recall@20 : 0.0801    recall@50 : 0.1451    ndcg@10 : 0.0383    ndcg@20 : 0.0488    ndcg@50 : 0.0678    
25 Oct 08:10    INFO  Saving current best: saved/DirectAU-Oct-25-2023_08-05-36.pth
25 Oct 08:11    INFO  epoch 8 training [time: 23.71s, train loss: -0.8749]
25 Oct 08:11    INFO  epoch 8 evaluating [time: 16.58s, valid_score: 0.050100]
25 Oct 08:11    INFO  valid result: 
recall@10 : 0.0501    recall@20 : 0.0821    recall@50 : 0.1485    ndcg@10 : 0.0392    ndcg@20 : 0.0501    ndcg@50 : 0.0694    
25 Oct 08:11    INFO  Saving current best: saved/DirectAU-Oct-25-2023_08-05-36.pth
25 Oct 08:12    INFO  epoch 9 training [time: 23.74s, train loss: -0.8847]
25 Oct 08:12    INFO  epoch 9 evaluating [time: 15.36s, valid_score: 0.051600]
25 Oct 08:12    INFO  valid result: 
recall@10 : 0.052    recall@20 : 0.0843    recall@50 : 0.1525    ndcg@10 : 0.0406    ndcg@20 : 0.0516    ndcg@50 : 0.0714    
25 Oct 08:12    INFO  Saving current best: saved/DirectAU-Oct-25-2023_08-05-36.pth
25 Oct 08:12    INFO  epoch 10 training [time: 23.68s, train loss: -0.8934]
25 Oct 08:12    INFO  epoch 10 evaluating [time: 15.12s, valid_score: 0.052900]
25 Oct 08:12    INFO  valid result: 
recall@10 : 0.0528    recall@20 : 0.0857    recall@50 : 0.1562    ndcg@10 : 0.0418    ndcg@20 : 0.0529    ndcg@50 : 0.0734    
25 Oct 08:12    INFO  Saving current best: saved/DirectAU-Oct-25-2023_08-05-36.pth
25 Oct 08:13    INFO  epoch 11 training [time: 23.76s, train loss: -0.9007]
25 Oct 08:13    INFO  epoch 11 evaluating [time: 15.32s, valid_score: 0.054100]
25 Oct 08:13    INFO  valid result: 
recall@10 : 0.0535    recall@20 : 0.0887    recall@50 : 0.1591    ndcg@10 : 0.0422    ndcg@20 : 0.0541    ndcg@50 : 0.0746    
25 Oct 08:13    INFO  Saving current best: saved/DirectAU-Oct-25-2023_08-05-36.pth
25 Oct 08:13    INFO  epoch 12 training [time: 23.77s, train loss: -0.9071]
25 Oct 08:14    INFO  epoch 12 evaluating [time: 16.03s, valid_score: 0.055500]
25 Oct 08:14    INFO  valid result: 
recall@10 : 0.0554    recall@20 : 0.0903    recall@50 : 0.1623    ndcg@10 : 0.0437    ndcg@20 : 0.0555    ndcg@50 : 0.0765    
25 Oct 08:14    INFO  Saving current best: saved/DirectAU-Oct-25-2023_08-05-36.pth
25 Oct 08:14    INFO  epoch 13 training [time: 23.79s, train loss: -0.9126]
25 Oct 08:14    INFO  epoch 13 evaluating [time: 15.75s, valid_score: 0.056200]
25 Oct 08:14    INFO  valid result: 
recall@10 : 0.0565    recall@20 : 0.0914    recall@50 : 0.1644    ndcg@10 : 0.0443    ndcg@20 : 0.0562    ndcg@50 : 0.0774    
25 Oct 08:14    INFO  Saving current best: saved/DirectAU-Oct-25-2023_08-05-36.pth
25 Oct 08:15    INFO  epoch 14 training [time: 23.73s, train loss: -0.9173]
25 Oct 08:15    INFO  epoch 14 evaluating [time: 15.28s, valid_score: 0.057500]
25 Oct 08:15    INFO  valid result: 
recall@10 : 0.0571    recall@20 : 0.0933    recall@50 : 0.1666    ndcg@10 : 0.0452    ndcg@20 : 0.0575    ndcg@50 : 0.0788    
25 Oct 08:15    INFO  Saving current best: saved/DirectAU-Oct-25-2023_08-05-36.pth
25 Oct 08:15    INFO  epoch 15 training [time: 23.73s, train loss: -0.9215]
25 Oct 08:16    INFO  epoch 15 evaluating [time: 15.40s, valid_score: 0.058300]
25 Oct 08:16    INFO  valid result: 
recall@10 : 0.0585    recall@20 : 0.0941    recall@50 : 0.1686    ndcg@10 : 0.0461    ndcg@20 : 0.0583    ndcg@50 : 0.0798    
25 Oct 08:16    INFO  Saving current best: saved/DirectAU-Oct-25-2023_08-05-36.pth
25 Oct 08:16    INFO  epoch 16 training [time: 23.63s, train loss: -0.9251]
25 Oct 08:16    INFO  epoch 16 evaluating [time: 15.37s, valid_score: 0.058900]
25 Oct 08:16    INFO  valid result: 
recall@10 : 0.0586    recall@20 : 0.0952    recall@50 : 0.1702    ndcg@10 : 0.0465    ndcg@20 : 0.0589    ndcg@50 : 0.0807    
25 Oct 08:16    INFO  Saving current best: saved/DirectAU-Oct-25-2023_08-05-36.pth
25 Oct 08:17    INFO  epoch 17 training [time: 23.70s, train loss: -0.9284]
25 Oct 08:17    INFO  epoch 17 evaluating [time: 17.59s, valid_score: 0.058800]
25 Oct 08:17    INFO  valid result: 
recall@10 : 0.0589    recall@20 : 0.0952    recall@50 : 0.1711    ndcg@10 : 0.0465    ndcg@20 : 0.0588    ndcg@50 : 0.0809    
25 Oct 08:17    INFO  epoch 18 training [time: 23.78s, train loss: -0.9312]
25 Oct 08:18    INFO  epoch 18 evaluating [time: 15.35s, valid_score: 0.059300]
25 Oct 08:18    INFO  valid result: 
recall@10 : 0.0593    recall@20 : 0.0951    recall@50 : 0.1722    ndcg@10 : 0.0472    ndcg@20 : 0.0593    ndcg@50 : 0.0817    
25 Oct 08:18    INFO  Saving current best: saved/DirectAU-Oct-25-2023_08-05-36.pth
25 Oct 08:18    INFO  epoch 19 training [time: 23.69s, train loss: -0.9336]
25 Oct 08:18    INFO  epoch 19 evaluating [time: 15.05s, valid_score: 0.060200]
25 Oct 08:18    INFO  valid result: 
recall@10 : 0.0597    recall@20 : 0.0962    recall@50 : 0.1737    ndcg@10 : 0.0478    ndcg@20 : 0.0602    ndcg@50 : 0.0826    
25 Oct 08:18    INFO  Saving current best: saved/DirectAU-Oct-25-2023_08-05-36.pth
25 Oct 08:19    INFO  epoch 20 training [time: 23.69s, train loss: -0.9356]
25 Oct 08:19    INFO  epoch 20 evaluating [time: 15.44s, valid_score: 0.060400]
25 Oct 08:19    INFO  valid result: 
recall@10 : 0.0605    recall@20 : 0.0968    recall@50 : 0.1745    ndcg@10 : 0.048    ndcg@20 : 0.0604    ndcg@50 : 0.0829    
25 Oct 08:19    INFO  Saving current best: saved/DirectAU-Oct-25-2023_08-05-36.pth
25 Oct 08:19    INFO  epoch 21 training [time: 23.70s, train loss: -0.9374]
25 Oct 08:20    INFO  epoch 21 evaluating [time: 15.08s, valid_score: 0.060900]
25 Oct 08:20    INFO  valid result: 
recall@10 : 0.0608    recall@20 : 0.098    recall@50 : 0.1762    ndcg@10 : 0.0483    ndcg@20 : 0.0609    ndcg@50 : 0.0835    
25 Oct 08:20    INFO  Saving current best: saved/DirectAU-Oct-25-2023_08-05-36.pth
25 Oct 08:20    INFO  epoch 22 training [time: 23.62s, train loss: -0.9389]
25 Oct 08:20    INFO  epoch 22 evaluating [time: 15.50s, valid_score: 0.060900]
25 Oct 08:20    INFO  valid result: 
recall@10 : 0.0613    recall@20 : 0.0977    recall@50 : 0.1758    ndcg@10 : 0.0486    ndcg@20 : 0.0609    ndcg@50 : 0.0836    
25 Oct 08:21    INFO  epoch 23 training [time: 23.72s, train loss: -0.9404]
25 Oct 08:21    INFO  epoch 23 evaluating [time: 17.30s, valid_score: 0.061500]
25 Oct 08:21    INFO  valid result: 
recall@10 : 0.0621    recall@20 : 0.0985    recall@50 : 0.1769    ndcg@10 : 0.0493    ndcg@20 : 0.0615    ndcg@50 : 0.0842    
25 Oct 08:21    INFO  Saving current best: saved/DirectAU-Oct-25-2023_08-05-36.pth
25 Oct 08:21    INFO  epoch 24 training [time: 23.85s, train loss: -0.9416]
25 Oct 08:22    INFO  epoch 24 evaluating [time: 17.51s, valid_score: 0.061900]
25 Oct 08:22    INFO  valid result: 
recall@10 : 0.0611    recall@20 : 0.0994    recall@50 : 0.177    ndcg@10 : 0.0489    ndcg@20 : 0.0619    ndcg@50 : 0.0844    
25 Oct 08:22    INFO  Saving current best: saved/DirectAU-Oct-25-2023_08-05-36.pth
25 Oct 08:22    INFO  epoch 25 training [time: 23.70s, train loss: -0.9426]
25 Oct 08:22    INFO  epoch 25 evaluating [time: 15.31s, valid_score: 0.061700]
25 Oct 08:22    INFO  valid result: 
recall@10 : 0.0618    recall@20 : 0.0993    recall@50 : 0.1784    ndcg@10 : 0.0491    ndcg@20 : 0.0617    ndcg@50 : 0.0846    
25 Oct 08:23    INFO  epoch 26 training [time: 23.69s, train loss: -0.9435]
25 Oct 08:23    INFO  epoch 26 evaluating [time: 15.60s, valid_score: 0.061800]
25 Oct 08:23    INFO  valid result: 
recall@10 : 0.062    recall@20 : 0.0989    recall@50 : 0.178    ndcg@10 : 0.0493    ndcg@20 : 0.0618    ndcg@50 : 0.0848    
25 Oct 08:23    INFO  epoch 27 training [time: 23.69s, train loss: -0.9444]
25 Oct 08:24    INFO  epoch 27 evaluating [time: 16.33s, valid_score: 0.062200]
25 Oct 08:24    INFO  valid result: 
recall@10 : 0.0619    recall@20 : 0.0998    recall@50 : 0.1782    ndcg@10 : 0.0494    ndcg@20 : 0.0622    ndcg@50 : 0.0849    
25 Oct 08:24    INFO  Saving current best: saved/DirectAU-Oct-25-2023_08-05-36.pth
25 Oct 08:24    INFO  epoch 28 training [time: 23.79s, train loss: -0.9451]
25 Oct 08:24    INFO  epoch 28 evaluating [time: 15.54s, valid_score: 0.062500]
25 Oct 08:24    INFO  valid result: 
recall@10 : 0.0627    recall@20 : 0.0999    recall@50 : 0.1782    ndcg@10 : 0.05    ndcg@20 : 0.0625    ndcg@50 : 0.0852    
25 Oct 08:24    INFO  Saving current best: saved/DirectAU-Oct-25-2023_08-05-36.pth
25 Oct 08:25    INFO  epoch 29 training [time: 23.63s, train loss: -0.9458]
25 Oct 08:25    INFO  epoch 29 evaluating [time: 15.49s, valid_score: 0.062500]
25 Oct 08:25    INFO  valid result: 
recall@10 : 0.0622    recall@20 : 0.1002    recall@50 : 0.1786    ndcg@10 : 0.0497    ndcg@20 : 0.0625    ndcg@50 : 0.0853    
25 Oct 08:25    INFO  epoch 30 training [time: 23.70s, train loss: -0.9463]
25 Oct 08:26    INFO  epoch 30 evaluating [time: 15.27s, valid_score: 0.062800]
25 Oct 08:26    INFO  valid result: 
recall@10 : 0.0627    recall@20 : 0.1003    recall@50 : 0.1795    ndcg@10 : 0.0501    ndcg@20 : 0.0628    ndcg@50 : 0.0858    
25 Oct 08:26    INFO  Saving current best: saved/DirectAU-Oct-25-2023_08-05-36.pth
25 Oct 08:26    INFO  epoch 31 training [time: 23.72s, train loss: -0.9469]
25 Oct 08:26    INFO  epoch 31 evaluating [time: 15.53s, valid_score: 0.062800]
25 Oct 08:26    INFO  valid result: 
recall@10 : 0.0631    recall@20 : 0.1013    recall@50 : 0.1798    ndcg@10 : 0.05    ndcg@20 : 0.0628    ndcg@50 : 0.0856    
25 Oct 08:27    INFO  epoch 32 training [time: 23.70s, train loss: -0.9474]
25 Oct 08:27    INFO  epoch 32 evaluating [time: 15.13s, valid_score: 0.062800]
25 Oct 08:27    INFO  valid result: 
recall@10 : 0.0626    recall@20 : 0.1008    recall@50 : 0.1795    ndcg@10 : 0.0499    ndcg@20 : 0.0628    ndcg@50 : 0.0856    
25 Oct 08:27    INFO  epoch 33 training [time: 23.84s, train loss: -0.9479]
25 Oct 08:28    INFO  epoch 33 evaluating [time: 15.51s, valid_score: 0.062700]
25 Oct 08:28    INFO  valid result: 
recall@10 : 0.0625    recall@20 : 0.1005    recall@50 : 0.1805    ndcg@10 : 0.0499    ndcg@20 : 0.0627    ndcg@50 : 0.0859    
25 Oct 08:28    INFO  epoch 34 training [time: 23.71s, train loss: -0.9483]
25 Oct 08:28    INFO  epoch 34 evaluating [time: 17.62s, valid_score: 0.063100]
25 Oct 08:28    INFO  valid result: 
recall@10 : 0.0632    recall@20 : 0.1007    recall@50 : 0.1801    ndcg@10 : 0.0504    ndcg@20 : 0.0631    ndcg@50 : 0.0861    
25 Oct 08:28    INFO  Saving current best: saved/DirectAU-Oct-25-2023_08-05-36.pth
25 Oct 08:29    INFO  epoch 35 training [time: 23.73s, train loss: -0.9487]
25 Oct 08:29    INFO  epoch 35 evaluating [time: 16.06s, valid_score: 0.063200]
25 Oct 08:29    INFO  valid result: 
recall@10 : 0.0634    recall@20 : 0.1011    recall@50 : 0.1804    ndcg@10 : 0.0505    ndcg@20 : 0.0632    ndcg@50 : 0.0861    
25 Oct 08:29    INFO  Saving current best: saved/DirectAU-Oct-25-2023_08-05-36.pth
25 Oct 08:29    INFO  epoch 36 training [time: 23.62s, train loss: -0.9491]
25 Oct 08:30    INFO  epoch 36 evaluating [time: 15.25s, valid_score: 0.062800]
25 Oct 08:30    INFO  valid result: 
recall@10 : 0.0623    recall@20 : 0.1007    recall@50 : 0.1813    ndcg@10 : 0.0499    ndcg@20 : 0.0628    ndcg@50 : 0.0862    
25 Oct 08:30    INFO  epoch 37 training [time: 23.65s, train loss: -0.9494]
25 Oct 08:30    INFO  epoch 37 evaluating [time: 16.26s, valid_score: 0.063100]
25 Oct 08:30    INFO  valid result: 
recall@10 : 0.0627    recall@20 : 0.1014    recall@50 : 0.1809    ndcg@10 : 0.05    ndcg@20 : 0.0631    ndcg@50 : 0.0861    
25 Oct 08:31    INFO  epoch 38 training [time: 23.75s, train loss: -0.9496]
25 Oct 08:31    INFO  epoch 38 evaluating [time: 15.19s, valid_score: 0.063400]
25 Oct 08:31    INFO  valid result: 
recall@10 : 0.0624    recall@20 : 0.1011    recall@50 : 0.1813    ndcg@10 : 0.0504    ndcg@20 : 0.0634    ndcg@50 : 0.0867    
25 Oct 08:31    INFO  Saving current best: saved/DirectAU-Oct-25-2023_08-05-36.pth
25 Oct 08:31    INFO  epoch 39 training [time: 23.63s, train loss: -0.9498]
25 Oct 08:32    INFO  epoch 39 evaluating [time: 15.56s, valid_score: 0.063400]
25 Oct 08:32    INFO  valid result: 
recall@10 : 0.0628    recall@20 : 0.1017    recall@50 : 0.1808    ndcg@10 : 0.0503    ndcg@20 : 0.0634    ndcg@50 : 0.0864    
25 Oct 08:32    INFO  epoch 40 training [time: 23.73s, train loss: -0.9500]
25 Oct 08:32    INFO  epoch 40 evaluating [time: 15.23s, valid_score: 0.063300]
25 Oct 08:32    INFO  valid result: 
recall@10 : 0.0628    recall@20 : 0.1012    recall@50 : 0.1809    ndcg@10 : 0.0505    ndcg@20 : 0.0633    ndcg@50 : 0.0865    
25 Oct 08:33    INFO  epoch 41 training [time: 23.68s, train loss: -0.9500]
25 Oct 08:33    INFO  epoch 41 evaluating [time: 15.40s, valid_score: 0.063400]
25 Oct 08:33    INFO  valid result: 
recall@10 : 0.0633    recall@20 : 0.1012    recall@50 : 0.1805    ndcg@10 : 0.0507    ndcg@20 : 0.0634    ndcg@50 : 0.0864    
25 Oct 08:33    INFO  epoch 42 training [time: 23.61s, train loss: -0.9501]
25 Oct 08:34    INFO  epoch 42 evaluating [time: 15.54s, valid_score: 0.063300]
25 Oct 08:34    INFO  valid result: 
recall@10 : 0.0631    recall@20 : 0.1011    recall@50 : 0.1816    ndcg@10 : 0.0505    ndcg@20 : 0.0633    ndcg@50 : 0.0866    
25 Oct 08:34    INFO  epoch 43 training [time: 23.68s, train loss: -0.9502]
25 Oct 08:34    INFO  epoch 43 evaluating [time: 16.42s, valid_score: 0.063400]
25 Oct 08:34    INFO  valid result: 
recall@10 : 0.0628    recall@20 : 0.1013    recall@50 : 0.1815    ndcg@10 : 0.0504    ndcg@20 : 0.0634    ndcg@50 : 0.0866    
25 Oct 08:35    INFO  epoch 44 training [time: 23.68s, train loss: -0.9504]
25 Oct 08:35    INFO  epoch 44 evaluating [time: 15.60s, valid_score: 0.063200]
25 Oct 08:35    INFO  valid result: 
recall@10 : 0.0633    recall@20 : 0.1011    recall@50 : 0.1818    ndcg@10 : 0.0504    ndcg@20 : 0.0632    ndcg@50 : 0.0865    
25 Oct 08:35    INFO  epoch 45 training [time: 23.71s, train loss: -0.9505]
25 Oct 08:35    INFO  epoch 45 evaluating [time: 15.48s, valid_score: 0.063400]
25 Oct 08:35    INFO  valid result: 
recall@10 : 0.0634    recall@20 : 0.1013    recall@50 : 0.1815    ndcg@10 : 0.0506    ndcg@20 : 0.0634    ndcg@50 : 0.0866    
25 Oct 08:36    INFO  epoch 46 training [time: 23.64s, train loss: -0.9505]
25 Oct 08:36    INFO  epoch 46 evaluating [time: 15.54s, valid_score: 0.063500]
25 Oct 08:36    INFO  valid result: 
recall@10 : 0.0631    recall@20 : 0.1015    recall@50 : 0.1815    ndcg@10 : 0.0505    ndcg@20 : 0.0635    ndcg@50 : 0.0867    
25 Oct 08:36    INFO  Saving current best: saved/DirectAU-Oct-25-2023_08-05-36.pth
25 Oct 08:37    INFO  epoch 47 training [time: 23.71s, train loss: -0.9506]
25 Oct 08:37    INFO  epoch 47 evaluating [time: 15.19s, valid_score: 0.063800]
25 Oct 08:37    INFO  valid result: 
recall@10 : 0.0636    recall@20 : 0.1018    recall@50 : 0.1814    ndcg@10 : 0.0509    ndcg@20 : 0.0638    ndcg@50 : 0.0868    
25 Oct 08:37    INFO  Saving current best: saved/DirectAU-Oct-25-2023_08-05-36.pth
25 Oct 08:37    INFO  epoch 48 training [time: 23.64s, train loss: -0.9507]
25 Oct 08:37    INFO  epoch 48 evaluating [time: 15.51s, valid_score: 0.063500]
25 Oct 08:37    INFO  valid result: 
recall@10 : 0.0634    recall@20 : 0.1018    recall@50 : 0.1817    ndcg@10 : 0.0505    ndcg@20 : 0.0635    ndcg@50 : 0.0866    
25 Oct 08:38    INFO  epoch 49 training [time: 23.72s, train loss: -0.9508]
25 Oct 08:38    INFO  epoch 49 evaluating [time: 16.35s, valid_score: 0.063500]
25 Oct 08:38    INFO  valid result: 
recall@10 : 0.0634    recall@20 : 0.1017    recall@50 : 0.1815    ndcg@10 : 0.0505    ndcg@20 : 0.0635    ndcg@50 : 0.0866    
25 Oct 08:39    INFO  epoch 50 training [time: 23.82s, train loss: -0.9508]
25 Oct 08:39    INFO  epoch 50 evaluating [time: 16.29s, valid_score: 0.063500]
25 Oct 08:39    INFO  valid result: 
recall@10 : 0.063    recall@20 : 0.101    recall@50 : 0.1814    ndcg@10 : 0.0507    ndcg@20 : 0.0635    ndcg@50 : 0.0868    
25 Oct 08:39    INFO  epoch 51 training [time: 23.60s, train loss: -0.9508]
25 Oct 08:39    INFO  epoch 51 evaluating [time: 17.72s, valid_score: 0.063800]
25 Oct 08:39    INFO  valid result: 
recall@10 : 0.0634    recall@20 : 0.1018    recall@50 : 0.1815    ndcg@10 : 0.0509    ndcg@20 : 0.0638    ndcg@50 : 0.0869    
25 Oct 08:40    INFO  epoch 52 training [time: 23.53s, train loss: -0.9508]
25 Oct 08:40    INFO  epoch 52 evaluating [time: 15.37s, valid_score: 0.063400]
25 Oct 08:40    INFO  valid result: 
recall@10 : 0.0632    recall@20 : 0.1008    recall@50 : 0.1821    ndcg@10 : 0.0507    ndcg@20 : 0.0634    ndcg@50 : 0.0869    
25 Oct 08:41    INFO  epoch 53 training [time: 23.40s, train loss: -0.9510]
25 Oct 08:41    INFO  epoch 53 evaluating [time: 14.94s, valid_score: 0.063700]
25 Oct 08:41    INFO  valid result: 
recall@10 : 0.0636    recall@20 : 0.1019    recall@50 : 0.1815    ndcg@10 : 0.0509    ndcg@20 : 0.0637    ndcg@50 : 0.0868    
25 Oct 08:41    INFO  epoch 54 training [time: 23.72s, train loss: -0.9510]
25 Oct 08:41    INFO  epoch 54 evaluating [time: 16.47s, valid_score: 0.063500]
25 Oct 08:41    INFO  valid result: 
recall@10 : 0.063    recall@20 : 0.1012    recall@50 : 0.1821    ndcg@10 : 0.0506    ndcg@20 : 0.0635    ndcg@50 : 0.0869    
25 Oct 08:42    INFO  epoch 55 training [time: 23.70s, train loss: -0.9509]
25 Oct 08:42    INFO  epoch 55 evaluating [time: 15.77s, valid_score: 0.063600]
25 Oct 08:42    INFO  valid result: 
recall@10 : 0.0636    recall@20 : 0.1017    recall@50 : 0.1823    ndcg@10 : 0.0507    ndcg@20 : 0.0636    ndcg@50 : 0.0869    
25 Oct 08:42    INFO  epoch 56 training [time: 23.79s, train loss: -0.9510]
25 Oct 08:43    INFO  epoch 56 evaluating [time: 15.60s, valid_score: 0.063400]
25 Oct 08:43    INFO  valid result: 
recall@10 : 0.0633    recall@20 : 0.1012    recall@50 : 0.182    ndcg@10 : 0.0506    ndcg@20 : 0.0634    ndcg@50 : 0.0868    
25 Oct 08:43    INFO  epoch 57 training [time: 23.89s, train loss: -0.9511]
25 Oct 08:43    INFO  epoch 57 evaluating [time: 16.51s, valid_score: 0.063700]
25 Oct 08:43    INFO  valid result: 
recall@10 : 0.0628    recall@20 : 0.1016    recall@50 : 0.1826    ndcg@10 : 0.0506    ndcg@20 : 0.0637    ndcg@50 : 0.0871    
25 Oct 08:44    INFO  epoch 58 training [time: 23.56s, train loss: -0.9511]
25 Oct 08:44    INFO  epoch 58 evaluating [time: 15.38s, valid_score: 0.063700]
25 Oct 08:44    INFO  valid result: 
recall@10 : 0.063    recall@20 : 0.102    recall@50 : 0.1824    ndcg@10 : 0.0506    ndcg@20 : 0.0637    ndcg@50 : 0.087    
25 Oct 08:44    INFO  Finished training, best eval result in epoch 47
25 Oct 08:44    INFO  Loading model structure and parameters from saved/DirectAU-Oct-25-2023_08-05-36.pth
25 Oct 08:44    INFO  best valid : {'recall@10': 0.0636, 'recall@20': 0.1018, 'recall@50': 0.1814, 'ndcg@10': 0.0509, 'ndcg@20': 0.0638, 'ndcg@50': 0.0868}
25 Oct 08:44    INFO  test result: {'recall@10': 0.0649, 'recall@20': 0.1029, 'recall@50': 0.1813, 'ndcg@10': 0.0513, 'ndcg@20': 0.064, 'ndcg@50': 0.0866}
