command line args [--zc 1] will not be used in RecBole
25 Oct 08:27    INFO  
General Hyper Parameters:
gpu_id = 6
use_gpu = True
seed = 0
state = INFO
reproducibility = True
data_path = dataset/Yelp
show_progress = False

Training Hyper Parameters:
checkpoint_dir = saved
epochs = 500
train_batch_size = 1024
learner = adam
learning_rate = 0.001
training_neg_sample_num = 0
training_neg_sample_distribution = uniform
eval_step = 1
stopping_step = 10
clip_grad_norm = None
weight_decay = 1e-06
draw_loss_pic = False
loss_decimal_place = 4

Evaluation Hyper Parameters:
eval_setting = RO_RS,full
group_by_user = True
split_ratio = [0.8, 0.1, 0.1]
leave_one_num = 2
real_time_process = False
metrics = ['Recall', 'NDCG']
topk = [10, 20, 50]
valid_metric = NDCG@20
eval_batch_size = 4096
metric_decimal_place = 4

Dataset Hyper Parameters:
field_separator = 	
seq_separator =  
USER_ID_FIELD = user_id
ITEM_ID_FIELD = item_id
RATING_FIELD = rating
TIME_FIELD = timestamp
seq_len = None
LABEL_FIELD = label
threshold = None
NEG_PREFIX = neg_
load_col = {'inter': ['user_id', 'item_id', 'timestamp']}
unload_col = None
unused_col = None
additional_feat_suffix = None
lowest_val = None
highest_val = None
equal_val = None
not_equal_val = None
max_user_inter_num = None
min_user_inter_num = 5
max_item_inter_num = None
min_item_inter_num = 5
fields_in_same_space = None
preload_weight = None
normalize_field = None
normalize_all = None
ITEM_LIST_LENGTH_FIELD = item_length
LIST_SUFFIX = _list
MAX_ITEM_LIST_LENGTH = 50
POSITION_FIELD = position_id
HEAD_ENTITY_ID_FIELD = head_id
TAIL_ENTITY_ID_FIELD = tail_id
RELATION_ID_FIELD = relation_id
ENTITY_ID_FIELD = entity_id

Other Hyper Parameters: 
valid_metric_bigger = True
BT = 0.1
bt = 0.001
embedding_size = 64
encoder = MF
gamma = 0.5
times = 1
witem = 0.1
wuser = 0.8
zc = 1.0
rm_dup_inter = None
filter_inter_by_user_or_item = True
SOURCE_ID_FIELD = source_id
TARGET_ID_FIELD = target_id
benchmark_filename = None
MODEL_TYPE = ModelType.GENERAL
MODEL_INPUT_TYPE = InputType.POINTWISE
eval_type = EvaluatorType.RANKING
device = cuda
train_neg_sample_args = {'strategy': 'none'}


25 Oct 08:27    INFO  Yelp
The number of users: 31669
Average actions of users: 49.305481874447395
The number of items: 38049
Average actions of items: 41.037794365012616
The number of inters: 1561406
The sparsity of the dataset: 99.87041991912021%
Remain Fields: ['user_id', 'item_id']
25 Oct 08:27    INFO  Build [GeneralDataLoader] for [train] with format [InputType.POINTWISE]
25 Oct 08:27    INFO  [train] No Negative Sampling
25 Oct 08:27    INFO  [train] batch_size = [1024], shuffle = [True]

25 Oct 08:27    INFO  Build [GeneralFullDataLoader] for [evaluation] with format [InputType.POINTWISE]
25 Oct 08:27    INFO  Evaluation Setting:
	Group by user_id
	Ordering: {'strategy': 'shuffle'}
	Splitting: {'strategy': 'by_ratio', 'ratios': [0.8, 0.1, 0.1]}
	Negative Sampling: {'strategy': 'full', 'distribution': 'uniform'}
25 Oct 08:27    INFO  [evaluation] batch_size = [4096], shuffle = [False]

25 Oct 08:27    WARNING  Batch size is changed to 38049.
25 Oct 08:27    WARNING  Batch size is changed to 38049.
{'BT': 0.1, 'bt': 0.001, 'embedding_size': 64, 'encoder': 'MF', 'gamma': None, 'times': 1, 'training_neg_sample_num': 0, 'witem': 0.1, 'wuser': 0.8, 'zc': 1.0}
this is encoder MF...
这是directau 的 WUBT 版本...
25 Oct 08:27    INFO  DirectAU(
  (encoder): MFEncoder(
    (user_embedding): Embedding(31669, 64)
    (item_embedding): Embedding(38049, 64)
  )
  (bn): BatchNorm1d(64, eps=1e-05, momentum=0.1, affine=False, track_running_stats=True)
  (projector): Sequential(
    (0): Linear(in_features=64, out_features=64, bias=False)
    (1): BatchNorm1d(64, eps=1e-05, momentum=0.1, affine=True, track_running_stats=True)
    (2): ReLU(inplace=True)
    (3): Linear(in_features=64, out_features=64, bias=False)
    (4): BatchNorm1d(64, eps=1e-05, momentum=0.1, affine=True, track_running_stats=True)
    (5): ReLU(inplace=True)
    (6): Linear(in_features=64, out_features=64, bias=False)
  )
)
Trainable parameters: 4474496
25 Oct 08:27    INFO  epoch 0 training [time: 23.70s, train loss: 0.3893]
25 Oct 08:28    INFO  epoch 0 evaluating [time: 15.44s, valid_score: 0.021800]
25 Oct 08:28    INFO  valid result: 
recall@10 : 0.0199    recall@20 : 0.0349    recall@50 : 0.0714    ndcg@10 : 0.0166    ndcg@20 : 0.0218    ndcg@50 : 0.0327    
25 Oct 08:28    INFO  Saving current best: saved/DirectAU-Oct-25-2023_08-27-35.pth
25 Oct 08:28    INFO  epoch 1 training [time: 23.54s, train loss: -0.0037]
25 Oct 08:28    INFO  epoch 1 evaluating [time: 14.95s, valid_score: 0.031200]
25 Oct 08:28    INFO  valid result: 
recall@10 : 0.0302    recall@20 : 0.0512    recall@50 : 0.0985    ndcg@10 : 0.024    ndcg@20 : 0.0312    ndcg@50 : 0.0453    
25 Oct 08:28    INFO  Saving current best: saved/DirectAU-Oct-25-2023_08-27-35.pth
25 Oct 08:29    INFO  epoch 2 training [time: 23.69s, train loss: -0.1046]
25 Oct 08:29    INFO  epoch 2 evaluating [time: 15.33s, valid_score: 0.035500]
25 Oct 08:29    INFO  valid result: 
recall@10 : 0.0346    recall@20 : 0.0587    recall@50 : 0.1125    ndcg@10 : 0.0272    ndcg@20 : 0.0355    ndcg@50 : 0.0513    
25 Oct 08:29    INFO  Saving current best: saved/DirectAU-Oct-25-2023_08-27-35.pth
25 Oct 08:29    INFO  epoch 3 training [time: 23.79s, train loss: -0.1551]
25 Oct 08:30    INFO  epoch 3 evaluating [time: 15.30s, valid_score: 0.038800]
25 Oct 08:30    INFO  valid result: 
recall@10 : 0.0384    recall@20 : 0.0643    recall@50 : 0.1208    ndcg@10 : 0.0299    ndcg@20 : 0.0388    ndcg@50 : 0.0553    
25 Oct 08:30    INFO  Saving current best: saved/DirectAU-Oct-25-2023_08-27-35.pth
25 Oct 08:30    INFO  epoch 4 training [time: 23.90s, train loss: -0.1880]
25 Oct 08:30    INFO  epoch 4 evaluating [time: 15.26s, valid_score: 0.040900]
25 Oct 08:30    INFO  valid result: 
recall@10 : 0.0406    recall@20 : 0.0671    recall@50 : 0.1265    ndcg@10 : 0.0318    ndcg@20 : 0.0409    ndcg@50 : 0.0582    
25 Oct 08:30    INFO  Saving current best: saved/DirectAU-Oct-25-2023_08-27-35.pth
25 Oct 08:31    INFO  epoch 5 training [time: 23.84s, train loss: -0.2122]
25 Oct 08:31    INFO  epoch 5 evaluating [time: 15.24s, valid_score: 0.043100]
25 Oct 08:31    INFO  valid result: 
recall@10 : 0.0429    recall@20 : 0.0707    recall@50 : 0.1305    ndcg@10 : 0.0336    ndcg@20 : 0.0431    ndcg@50 : 0.0606    
25 Oct 08:31    INFO  Saving current best: saved/DirectAU-Oct-25-2023_08-27-35.pth
25 Oct 08:31    INFO  epoch 6 training [time: 23.76s, train loss: -0.2311]
25 Oct 08:32    INFO  epoch 6 evaluating [time: 15.26s, valid_score: 0.044800]
25 Oct 08:32    INFO  valid result: 
recall@10 : 0.0441    recall@20 : 0.0736    recall@50 : 0.1357    ndcg@10 : 0.0347    ndcg@20 : 0.0448    ndcg@50 : 0.0628    
25 Oct 08:32    INFO  Saving current best: saved/DirectAU-Oct-25-2023_08-27-35.pth
25 Oct 08:32    INFO  epoch 7 training [time: 23.76s, train loss: -0.2472]
25 Oct 08:32    INFO  epoch 7 evaluating [time: 15.26s, valid_score: 0.046100]
25 Oct 08:32    INFO  valid result: 
recall@10 : 0.0463    recall@20 : 0.0759    recall@50 : 0.1382    ndcg@10 : 0.036    ndcg@20 : 0.0461    ndcg@50 : 0.0643    
25 Oct 08:32    INFO  Saving current best: saved/DirectAU-Oct-25-2023_08-27-35.pth
25 Oct 08:33    INFO  epoch 8 training [time: 23.79s, train loss: -0.2605]
25 Oct 08:33    INFO  epoch 8 evaluating [time: 15.08s, valid_score: 0.047000]
25 Oct 08:33    INFO  valid result: 
recall@10 : 0.0469    recall@20 : 0.0772    recall@50 : 0.1421    ndcg@10 : 0.0367    ndcg@20 : 0.047    ndcg@50 : 0.0659    
25 Oct 08:33    INFO  Saving current best: saved/DirectAU-Oct-25-2023_08-27-35.pth
25 Oct 08:33    INFO  epoch 9 training [time: 23.70s, train loss: -0.2719]
25 Oct 08:34    INFO  epoch 9 evaluating [time: 15.53s, valid_score: 0.048200]
25 Oct 08:34    INFO  valid result: 
recall@10 : 0.0488    recall@20 : 0.079    recall@50 : 0.1446    ndcg@10 : 0.038    ndcg@20 : 0.0482    ndcg@50 : 0.0673    
25 Oct 08:34    INFO  Saving current best: saved/DirectAU-Oct-25-2023_08-27-35.pth
25 Oct 08:34    INFO  epoch 10 training [time: 23.85s, train loss: -0.2820]
25 Oct 08:34    INFO  epoch 10 evaluating [time: 15.03s, valid_score: 0.050000]
25 Oct 08:34    INFO  valid result: 
recall@10 : 0.0499    recall@20 : 0.0813    recall@50 : 0.1481    ndcg@10 : 0.0393    ndcg@20 : 0.05    ndcg@50 : 0.0694    
25 Oct 08:34    INFO  Saving current best: saved/DirectAU-Oct-25-2023_08-27-35.pth
25 Oct 08:35    INFO  epoch 11 training [time: 23.75s, train loss: -0.2902]
25 Oct 08:35    INFO  epoch 11 evaluating [time: 15.97s, valid_score: 0.050700]
25 Oct 08:35    INFO  valid result: 
recall@10 : 0.05    recall@20 : 0.0824    recall@50 : 0.1508    ndcg@10 : 0.0397    ndcg@20 : 0.0507    ndcg@50 : 0.0705    
25 Oct 08:35    INFO  Saving current best: saved/DirectAU-Oct-25-2023_08-27-35.pth
25 Oct 08:35    INFO  epoch 12 training [time: 23.84s, train loss: -0.2975]
25 Oct 08:36    INFO  epoch 12 evaluating [time: 15.24s, valid_score: 0.051900]
25 Oct 08:36    INFO  valid result: 
recall@10 : 0.0519    recall@20 : 0.0846    recall@50 : 0.1526    ndcg@10 : 0.0408    ndcg@20 : 0.0519    ndcg@50 : 0.0717    
25 Oct 08:36    INFO  Saving current best: saved/DirectAU-Oct-25-2023_08-27-35.pth
25 Oct 08:36    INFO  epoch 13 training [time: 23.67s, train loss: -0.3038]
25 Oct 08:36    INFO  epoch 13 evaluating [time: 15.44s, valid_score: 0.052600]
25 Oct 08:36    INFO  valid result: 
recall@10 : 0.053    recall@20 : 0.0856    recall@50 : 0.1541    ndcg@10 : 0.0415    ndcg@20 : 0.0526    ndcg@50 : 0.0725    
25 Oct 08:36    INFO  Saving current best: saved/DirectAU-Oct-25-2023_08-27-35.pth
25 Oct 08:37    INFO  epoch 14 training [time: 23.79s, train loss: -0.3092]
25 Oct 08:37    INFO  epoch 14 evaluating [time: 15.18s, valid_score: 0.054100]
25 Oct 08:37    INFO  valid result: 
recall@10 : 0.0535    recall@20 : 0.0878    recall@50 : 0.1566    ndcg@10 : 0.0425    ndcg@20 : 0.0541    ndcg@50 : 0.0741    
25 Oct 08:37    INFO  Saving current best: saved/DirectAU-Oct-25-2023_08-27-35.pth
25 Oct 08:37    INFO  epoch 15 training [time: 23.81s, train loss: -0.3139]
25 Oct 08:38    INFO  epoch 15 evaluating [time: 17.65s, valid_score: 0.054600]
25 Oct 08:38    INFO  valid result: 
recall@10 : 0.0544    recall@20 : 0.0888    recall@50 : 0.1588    ndcg@10 : 0.043    ndcg@20 : 0.0546    ndcg@50 : 0.0749    
25 Oct 08:38    INFO  Saving current best: saved/DirectAU-Oct-25-2023_08-27-35.pth
25 Oct 08:38    INFO  epoch 16 training [time: 23.78s, train loss: -0.3180]
25 Oct 08:38    INFO  epoch 16 evaluating [time: 15.95s, valid_score: 0.055400]
25 Oct 08:38    INFO  valid result: 
recall@10 : 0.0548    recall@20 : 0.0899    recall@50 : 0.1606    ndcg@10 : 0.0434    ndcg@20 : 0.0554    ndcg@50 : 0.0759    
25 Oct 08:38    INFO  Saving current best: saved/DirectAU-Oct-25-2023_08-27-35.pth
25 Oct 08:39    INFO  epoch 17 training [time: 23.79s, train loss: -0.3219]
25 Oct 08:39    INFO  epoch 17 evaluating [time: 17.07s, valid_score: 0.055400]
25 Oct 08:39    INFO  valid result: 
recall@10 : 0.0548    recall@20 : 0.0902    recall@50 : 0.1607    ndcg@10 : 0.0434    ndcg@20 : 0.0554    ndcg@50 : 0.0759    
25 Oct 08:39    INFO  epoch 18 training [time: 23.83s, train loss: -0.3250]
25 Oct 08:40    INFO  epoch 18 evaluating [time: 15.47s, valid_score: 0.055700]
25 Oct 08:40    INFO  valid result: 
recall@10 : 0.056    recall@20 : 0.0904    recall@50 : 0.1624    ndcg@10 : 0.044    ndcg@20 : 0.0557    ndcg@50 : 0.0766    
25 Oct 08:40    INFO  Saving current best: saved/DirectAU-Oct-25-2023_08-27-35.pth
25 Oct 08:40    INFO  epoch 19 training [time: 23.66s, train loss: -0.3278]
25 Oct 08:40    INFO  epoch 19 evaluating [time: 15.23s, valid_score: 0.056600]
25 Oct 08:40    INFO  valid result: 
recall@10 : 0.0565    recall@20 : 0.0916    recall@50 : 0.1642    ndcg@10 : 0.0447    ndcg@20 : 0.0566    ndcg@50 : 0.0776    
25 Oct 08:40    INFO  Saving current best: saved/DirectAU-Oct-25-2023_08-27-35.pth
25 Oct 08:41    INFO  epoch 20 training [time: 23.74s, train loss: -0.3302]
25 Oct 08:41    INFO  epoch 20 evaluating [time: 15.30s, valid_score: 0.056800]
25 Oct 08:41    INFO  valid result: 
recall@10 : 0.0562    recall@20 : 0.092    recall@50 : 0.1646    ndcg@10 : 0.0446    ndcg@20 : 0.0568    ndcg@50 : 0.0779    
25 Oct 08:41    INFO  Saving current best: saved/DirectAU-Oct-25-2023_08-27-35.pth
25 Oct 08:41    INFO  epoch 21 training [time: 23.80s, train loss: -0.3323]
25 Oct 08:42    INFO  epoch 21 evaluating [time: 15.24s, valid_score: 0.057200]
25 Oct 08:42    INFO  valid result: 
recall@10 : 0.0571    recall@20 : 0.0928    recall@50 : 0.166    ndcg@10 : 0.0452    ndcg@20 : 0.0572    ndcg@50 : 0.0784    
25 Oct 08:42    INFO  Saving current best: saved/DirectAU-Oct-25-2023_08-27-35.pth
25 Oct 08:42    INFO  epoch 22 training [time: 23.83s, train loss: -0.3340]
25 Oct 08:42    INFO  epoch 22 evaluating [time: 16.19s, valid_score: 0.057800]
25 Oct 08:42    INFO  valid result: 
recall@10 : 0.0581    recall@20 : 0.0935    recall@50 : 0.1665    ndcg@10 : 0.0458    ndcg@20 : 0.0578    ndcg@50 : 0.0789    
25 Oct 08:42    INFO  Saving current best: saved/DirectAU-Oct-25-2023_08-27-35.pth
25 Oct 08:43    INFO  epoch 23 training [time: 23.84s, train loss: -0.3357]
25 Oct 08:43    INFO  epoch 23 evaluating [time: 14.90s, valid_score: 0.058000]
25 Oct 08:43    INFO  valid result: 
recall@10 : 0.0582    recall@20 : 0.0941    recall@50 : 0.1674    ndcg@10 : 0.0458    ndcg@20 : 0.058    ndcg@50 : 0.0792    
25 Oct 08:43    INFO  Saving current best: saved/DirectAU-Oct-25-2023_08-27-35.pth
25 Oct 08:43    INFO  epoch 24 training [time: 23.85s, train loss: -0.3372]
25 Oct 08:44    INFO  epoch 24 evaluating [time: 15.35s, valid_score: 0.058100]
25 Oct 08:44    INFO  valid result: 
recall@10 : 0.058    recall@20 : 0.094    recall@50 : 0.1687    ndcg@10 : 0.046    ndcg@20 : 0.0581    ndcg@50 : 0.0797    
25 Oct 08:44    INFO  Saving current best: saved/DirectAU-Oct-25-2023_08-27-35.pth
25 Oct 08:44    INFO  epoch 25 training [time: 23.56s, train loss: -0.3383]
25 Oct 08:44    INFO  epoch 25 evaluating [time: 14.88s, valid_score: 0.058200]
25 Oct 08:44    INFO  valid result: 
recall@10 : 0.0582    recall@20 : 0.094    recall@50 : 0.1692    ndcg@10 : 0.0461    ndcg@20 : 0.0582    ndcg@50 : 0.08    
25 Oct 08:44    INFO  Saving current best: saved/DirectAU-Oct-25-2023_08-27-35.pth
25 Oct 08:45    INFO  epoch 26 training [time: 23.56s, train loss: -0.3394]
25 Oct 08:45    INFO  epoch 26 evaluating [time: 15.30s, valid_score: 0.058700]
25 Oct 08:45    INFO  valid result: 
recall@10 : 0.0584    recall@20 : 0.0948    recall@50 : 0.1698    ndcg@10 : 0.0463    ndcg@20 : 0.0587    ndcg@50 : 0.0804    
25 Oct 08:45    INFO  Saving current best: saved/DirectAU-Oct-25-2023_08-27-35.pth
25 Oct 08:45    INFO  epoch 27 training [time: 23.92s, train loss: -0.3406]
25 Oct 08:45    INFO  epoch 27 evaluating [time: 14.96s, valid_score: 0.058800]
25 Oct 08:45    INFO  valid result: 
recall@10 : 0.0587    recall@20 : 0.095    recall@50 : 0.1703    ndcg@10 : 0.0465    ndcg@20 : 0.0588    ndcg@50 : 0.0806    
25 Oct 08:45    INFO  Saving current best: saved/DirectAU-Oct-25-2023_08-27-35.pth
25 Oct 08:46    INFO  epoch 28 training [time: 23.71s, train loss: -0.3414]
25 Oct 08:46    INFO  epoch 28 evaluating [time: 15.15s, valid_score: 0.059200]
25 Oct 08:46    INFO  valid result: 
recall@10 : 0.0592    recall@20 : 0.0954    recall@50 : 0.1695    ndcg@10 : 0.0469    ndcg@20 : 0.0592    ndcg@50 : 0.0807    
25 Oct 08:46    INFO  Saving current best: saved/DirectAU-Oct-25-2023_08-27-35.pth
25 Oct 08:47    INFO  epoch 29 training [time: 23.82s, train loss: -0.3423]
25 Oct 08:47    INFO  epoch 29 evaluating [time: 15.24s, valid_score: 0.059200]
25 Oct 08:47    INFO  valid result: 
recall@10 : 0.0588    recall@20 : 0.0955    recall@50 : 0.1706    ndcg@10 : 0.0468    ndcg@20 : 0.0592    ndcg@50 : 0.081    
25 Oct 08:47    INFO  epoch 30 training [time: 24.01s, train loss: -0.3430]
25 Oct 08:47    INFO  epoch 30 evaluating [time: 15.33s, valid_score: 0.059500]
25 Oct 08:47    INFO  valid result: 
recall@10 : 0.0595    recall@20 : 0.0959    recall@50 : 0.1711    ndcg@10 : 0.0472    ndcg@20 : 0.0595    ndcg@50 : 0.0813    
25 Oct 08:47    INFO  Saving current best: saved/DirectAU-Oct-25-2023_08-27-35.pth
25 Oct 08:48    INFO  epoch 31 training [time: 23.75s, train loss: -0.3436]
25 Oct 08:48    INFO  epoch 31 evaluating [time: 15.21s, valid_score: 0.059600]
25 Oct 08:48    INFO  valid result: 
recall@10 : 0.0602    recall@20 : 0.096    recall@50 : 0.1716    ndcg@10 : 0.0475    ndcg@20 : 0.0596    ndcg@50 : 0.0816    
25 Oct 08:48    INFO  Saving current best: saved/DirectAU-Oct-25-2023_08-27-35.pth
25 Oct 08:48    INFO  epoch 32 training [time: 23.83s, train loss: -0.3441]
25 Oct 08:49    INFO  epoch 32 evaluating [time: 14.91s, valid_score: 0.059400]
25 Oct 08:49    INFO  valid result: 
recall@10 : 0.0599    recall@20 : 0.0957    recall@50 : 0.1724    ndcg@10 : 0.0472    ndcg@20 : 0.0594    ndcg@50 : 0.0816    
25 Oct 08:49    INFO  epoch 33 training [time: 23.86s, train loss: -0.3448]
25 Oct 08:49    INFO  epoch 33 evaluating [time: 15.01s, valid_score: 0.059800]
25 Oct 08:49    INFO  valid result: 
recall@10 : 0.0601    recall@20 : 0.0965    recall@50 : 0.1726    ndcg@10 : 0.0474    ndcg@20 : 0.0598    ndcg@50 : 0.0818    
25 Oct 08:49    INFO  Saving current best: saved/DirectAU-Oct-25-2023_08-27-35.pth
25 Oct 08:50    INFO  epoch 34 training [time: 23.90s, train loss: -0.3453]
25 Oct 08:50    INFO  epoch 34 evaluating [time: 14.77s, valid_score: 0.060100]
25 Oct 08:50    INFO  valid result: 
recall@10 : 0.0604    recall@20 : 0.0963    recall@50 : 0.1723    ndcg@10 : 0.0479    ndcg@20 : 0.0601    ndcg@50 : 0.0821    
25 Oct 08:50    INFO  Saving current best: saved/DirectAU-Oct-25-2023_08-27-35.pth
25 Oct 08:50    INFO  epoch 35 training [time: 23.73s, train loss: -0.3456]
25 Oct 08:51    INFO  epoch 35 evaluating [time: 15.15s, valid_score: 0.060000]
25 Oct 08:51    INFO  valid result: 
recall@10 : 0.0602    recall@20 : 0.0968    recall@50 : 0.1736    ndcg@10 : 0.0475    ndcg@20 : 0.06    ndcg@50 : 0.0822    
25 Oct 08:51    INFO  epoch 36 training [time: 23.83s, train loss: -0.3462]
25 Oct 08:51    INFO  epoch 36 evaluating [time: 14.87s, valid_score: 0.060200]
25 Oct 08:51    INFO  valid result: 
recall@10 : 0.0604    recall@20 : 0.0968    recall@50 : 0.1738    ndcg@10 : 0.0479    ndcg@20 : 0.0602    ndcg@50 : 0.0825    
25 Oct 08:51    INFO  Saving current best: saved/DirectAU-Oct-25-2023_08-27-35.pth
25 Oct 08:52    INFO  epoch 37 training [time: 23.97s, train loss: -0.3465]
25 Oct 08:52    INFO  epoch 37 evaluating [time: 15.17s, valid_score: 0.060200]
25 Oct 08:52    INFO  valid result: 
recall@10 : 0.0607    recall@20 : 0.0968    recall@50 : 0.1736    ndcg@10 : 0.048    ndcg@20 : 0.0602    ndcg@50 : 0.0825    
25 Oct 08:52    INFO  epoch 38 training [time: 23.94s, train loss: -0.3470]
25 Oct 08:53    INFO  epoch 38 evaluating [time: 15.01s, valid_score: 0.060400]
25 Oct 08:53    INFO  valid result: 
recall@10 : 0.0604    recall@20 : 0.0971    recall@50 : 0.1733    ndcg@10 : 0.0479    ndcg@20 : 0.0604    ndcg@50 : 0.0825    
25 Oct 08:53    INFO  Saving current best: saved/DirectAU-Oct-25-2023_08-27-35.pth
25 Oct 08:53    INFO  epoch 39 training [time: 23.97s, train loss: -0.3473]
25 Oct 08:53    INFO  epoch 39 evaluating [time: 15.19s, valid_score: 0.060300]
25 Oct 08:53    INFO  valid result: 
recall@10 : 0.0606    recall@20 : 0.0968    recall@50 : 0.1736    ndcg@10 : 0.048    ndcg@20 : 0.0603    ndcg@50 : 0.0826    
25 Oct 08:54    INFO  epoch 40 training [time: 24.12s, train loss: -0.3475]
25 Oct 08:54    INFO  epoch 40 evaluating [time: 15.07s, valid_score: 0.060900]
25 Oct 08:54    INFO  valid result: 
recall@10 : 0.0606    recall@20 : 0.0978    recall@50 : 0.1737    ndcg@10 : 0.0482    ndcg@20 : 0.0609    ndcg@50 : 0.0829    
25 Oct 08:54    INFO  Saving current best: saved/DirectAU-Oct-25-2023_08-27-35.pth
25 Oct 08:54    INFO  epoch 41 training [time: 23.88s, train loss: -0.3476]
25 Oct 08:55    INFO  epoch 41 evaluating [time: 15.06s, valid_score: 0.060900]
25 Oct 08:55    INFO  valid result: 
recall@10 : 0.0611    recall@20 : 0.0982    recall@50 : 0.1746    ndcg@10 : 0.0483    ndcg@20 : 0.0609    ndcg@50 : 0.083    
25 Oct 08:55    INFO  epoch 42 training [time: 23.88s, train loss: -0.3477]
25 Oct 08:55    INFO  epoch 42 evaluating [time: 15.27s, valid_score: 0.061000]
25 Oct 08:55    INFO  valid result: 
recall@10 : 0.0611    recall@20 : 0.098    recall@50 : 0.1744    ndcg@10 : 0.0486    ndcg@20 : 0.061    ndcg@50 : 0.0832    
25 Oct 08:55    INFO  Saving current best: saved/DirectAU-Oct-25-2023_08-27-35.pth
25 Oct 08:56    INFO  epoch 43 training [time: 23.82s, train loss: -0.3478]
25 Oct 08:56    INFO  epoch 43 evaluating [time: 14.97s, valid_score: 0.060900]
25 Oct 08:56    INFO  valid result: 
recall@10 : 0.0614    recall@20 : 0.0979    recall@50 : 0.1748    ndcg@10 : 0.0486    ndcg@20 : 0.0609    ndcg@50 : 0.0832    
25 Oct 08:56    INFO  epoch 44 training [time: 23.91s, train loss: -0.3481]
25 Oct 08:57    INFO  epoch 44 evaluating [time: 17.14s, valid_score: 0.061000]
25 Oct 08:57    INFO  valid result: 
recall@10 : 0.0608    recall@20 : 0.0978    recall@50 : 0.175    ndcg@10 : 0.0484    ndcg@20 : 0.061    ndcg@50 : 0.0833    
25 Oct 08:57    INFO  epoch 45 training [time: 23.97s, train loss: -0.3482]
25 Oct 08:57    INFO  epoch 45 evaluating [time: 15.00s, valid_score: 0.060900]
25 Oct 08:57    INFO  valid result: 
recall@10 : 0.0614    recall@20 : 0.0981    recall@50 : 0.1749    ndcg@10 : 0.0485    ndcg@20 : 0.0609    ndcg@50 : 0.0833    
25 Oct 08:58    INFO  epoch 46 training [time: 23.93s, train loss: -0.3482]
25 Oct 08:58    INFO  epoch 46 evaluating [time: 15.11s, valid_score: 0.061300]
25 Oct 08:58    INFO  valid result: 
recall@10 : 0.0613    recall@20 : 0.0987    recall@50 : 0.175    ndcg@10 : 0.0486    ndcg@20 : 0.0613    ndcg@50 : 0.0835    
25 Oct 08:58    INFO  Saving current best: saved/DirectAU-Oct-25-2023_08-27-35.pth
25 Oct 08:58    INFO  epoch 47 training [time: 23.83s, train loss: -0.3483]
25 Oct 08:59    INFO  epoch 47 evaluating [time: 14.90s, valid_score: 0.061200]
25 Oct 08:59    INFO  valid result: 
recall@10 : 0.0614    recall@20 : 0.0984    recall@50 : 0.1754    ndcg@10 : 0.0486    ndcg@20 : 0.0612    ndcg@50 : 0.0836    
25 Oct 08:59    INFO  epoch 48 training [time: 23.91s, train loss: -0.3485]
25 Oct 08:59    INFO  epoch 48 evaluating [time: 15.22s, valid_score: 0.061400]
25 Oct 08:59    INFO  valid result: 
recall@10 : 0.0617    recall@20 : 0.0986    recall@50 : 0.1754    ndcg@10 : 0.0489    ndcg@20 : 0.0614    ndcg@50 : 0.0837    
25 Oct 08:59    INFO  Saving current best: saved/DirectAU-Oct-25-2023_08-27-35.pth
25 Oct 09:00    INFO  epoch 49 training [time: 23.78s, train loss: -0.3486]
25 Oct 09:00    INFO  epoch 49 evaluating [time: 14.83s, valid_score: 0.061400]
25 Oct 09:00    INFO  valid result: 
recall@10 : 0.0611    recall@20 : 0.0986    recall@50 : 0.1759    ndcg@10 : 0.0487    ndcg@20 : 0.0614    ndcg@50 : 0.0838    
25 Oct 09:00    INFO  epoch 50 training [time: 23.81s, train loss: -0.3486]
25 Oct 09:00    INFO  epoch 50 evaluating [time: 15.19s, valid_score: 0.061200]
25 Oct 09:00    INFO  valid result: 
recall@10 : 0.0613    recall@20 : 0.098    recall@50 : 0.1762    ndcg@10 : 0.0488    ndcg@20 : 0.0612    ndcg@50 : 0.0839    
25 Oct 09:01    INFO  epoch 51 training [time: 23.83s, train loss: -0.3484]
25 Oct 09:01    INFO  epoch 51 evaluating [time: 14.92s, valid_score: 0.061500]
25 Oct 09:01    INFO  valid result: 
recall@10 : 0.0615    recall@20 : 0.0985    recall@50 : 0.1768    ndcg@10 : 0.0489    ndcg@20 : 0.0615    ndcg@50 : 0.0841    
25 Oct 09:01    INFO  Saving current best: saved/DirectAU-Oct-25-2023_08-27-35.pth
25 Oct 09:02    INFO  epoch 52 training [time: 23.84s, train loss: -0.3485]
25 Oct 09:02    INFO  epoch 52 evaluating [time: 15.17s, valid_score: 0.061500]
25 Oct 09:02    INFO  valid result: 
recall@10 : 0.061    recall@20 : 0.0987    recall@50 : 0.1764    ndcg@10 : 0.0488    ndcg@20 : 0.0615    ndcg@50 : 0.084    
25 Oct 09:02    INFO  epoch 53 training [time: 23.81s, train loss: -0.3488]
25 Oct 09:02    INFO  epoch 53 evaluating [time: 14.97s, valid_score: 0.061700]
25 Oct 09:02    INFO  valid result: 
recall@10 : 0.0613    recall@20 : 0.0992    recall@50 : 0.1763    ndcg@10 : 0.0489    ndcg@20 : 0.0617    ndcg@50 : 0.0841    
25 Oct 09:02    INFO  Saving current best: saved/DirectAU-Oct-25-2023_08-27-35.pth
25 Oct 09:03    INFO  epoch 54 training [time: 23.81s, train loss: -0.3487]
25 Oct 09:03    INFO  epoch 54 evaluating [time: 15.24s, valid_score: 0.061600]
25 Oct 09:03    INFO  valid result: 
recall@10 : 0.0616    recall@20 : 0.099    recall@50 : 0.177    ndcg@10 : 0.049    ndcg@20 : 0.0616    ndcg@50 : 0.0842    
25 Oct 09:03    INFO  epoch 55 training [time: 23.77s, train loss: -0.3486]
25 Oct 09:04    INFO  epoch 55 evaluating [time: 15.11s, valid_score: 0.061600]
25 Oct 09:04    INFO  valid result: 
recall@10 : 0.0617    recall@20 : 0.099    recall@50 : 0.1768    ndcg@10 : 0.0489    ndcg@20 : 0.0616    ndcg@50 : 0.0841    
25 Oct 09:04    INFO  epoch 56 training [time: 23.77s, train loss: -0.3488]
25 Oct 09:04    INFO  epoch 56 evaluating [time: 14.98s, valid_score: 0.061600]
25 Oct 09:04    INFO  valid result: 
recall@10 : 0.0613    recall@20 : 0.099    recall@50 : 0.1768    ndcg@10 : 0.0489    ndcg@20 : 0.0616    ndcg@50 : 0.0842    
25 Oct 09:05    INFO  epoch 57 training [time: 23.82s, train loss: -0.3489]
25 Oct 09:05    INFO  epoch 57 evaluating [time: 15.15s, valid_score: 0.061600]
25 Oct 09:05    INFO  valid result: 
recall@10 : 0.0613    recall@20 : 0.099    recall@50 : 0.1769    ndcg@10 : 0.0489    ndcg@20 : 0.0616    ndcg@50 : 0.0842    
25 Oct 09:05    INFO  epoch 58 training [time: 23.88s, train loss: -0.3488]
25 Oct 09:06    INFO  epoch 58 evaluating [time: 14.83s, valid_score: 0.061700]
25 Oct 09:06    INFO  valid result: 
recall@10 : 0.0616    recall@20 : 0.099    recall@50 : 0.1769    ndcg@10 : 0.0491    ndcg@20 : 0.0617    ndcg@50 : 0.0843    
25 Oct 09:06    INFO  epoch 59 training [time: 24.00s, train loss: -0.3490]
25 Oct 09:06    INFO  epoch 59 evaluating [time: 15.19s, valid_score: 0.061900]
25 Oct 09:06    INFO  valid result: 
recall@10 : 0.0616    recall@20 : 0.0996    recall@50 : 0.1773    ndcg@10 : 0.049    ndcg@20 : 0.0619    ndcg@50 : 0.0843    
25 Oct 09:06    INFO  Saving current best: saved/DirectAU-Oct-25-2023_08-27-35.pth
25 Oct 09:07    INFO  epoch 60 training [time: 24.06s, train loss: -0.3488]
25 Oct 09:07    INFO  epoch 60 evaluating [time: 15.12s, valid_score: 0.061900]
25 Oct 09:07    INFO  valid result: 
recall@10 : 0.0618    recall@20 : 0.0992    recall@50 : 0.1775    ndcg@10 : 0.0492    ndcg@20 : 0.0619    ndcg@50 : 0.0846    
25 Oct 09:07    INFO  epoch 61 training [time: 23.89s, train loss: -0.3489]
25 Oct 09:08    INFO  epoch 61 evaluating [time: 15.20s, valid_score: 0.061700]
25 Oct 09:08    INFO  valid result: 
recall@10 : 0.0615    recall@20 : 0.0992    recall@50 : 0.1773    ndcg@10 : 0.049    ndcg@20 : 0.0617    ndcg@50 : 0.0844    
25 Oct 09:08    INFO  epoch 62 training [time: 23.90s, train loss: -0.3491]
25 Oct 09:08    INFO  epoch 62 evaluating [time: 14.84s, valid_score: 0.061800]
25 Oct 09:08    INFO  valid result: 
recall@10 : 0.0618    recall@20 : 0.0989    recall@50 : 0.1774    ndcg@10 : 0.0493    ndcg@20 : 0.0618    ndcg@50 : 0.0846    
25 Oct 09:09    INFO  epoch 63 training [time: 23.80s, train loss: -0.3487]
25 Oct 09:09    INFO  epoch 63 evaluating [time: 15.03s, valid_score: 0.061800]
25 Oct 09:09    INFO  valid result: 
recall@10 : 0.062    recall@20 : 0.099    recall@50 : 0.1769    ndcg@10 : 0.0492    ndcg@20 : 0.0618    ndcg@50 : 0.0843    
25 Oct 09:09    INFO  epoch 64 training [time: 23.80s, train loss: -0.3491]
25 Oct 09:10    INFO  epoch 64 evaluating [time: 14.85s, valid_score: 0.062200]
25 Oct 09:10    INFO  valid result: 
recall@10 : 0.0619    recall@20 : 0.1001    recall@50 : 0.1772    ndcg@10 : 0.0492    ndcg@20 : 0.0622    ndcg@50 : 0.0845    
25 Oct 09:10    INFO  Saving current best: saved/DirectAU-Oct-25-2023_08-27-35.pth
25 Oct 09:10    INFO  epoch 65 training [time: 23.82s, train loss: -0.3491]
25 Oct 09:10    INFO  epoch 65 evaluating [time: 15.19s, valid_score: 0.062000]
25 Oct 09:10    INFO  valid result: 
recall@10 : 0.062    recall@20 : 0.0995    recall@50 : 0.1771    ndcg@10 : 0.0493    ndcg@20 : 0.062    ndcg@50 : 0.0844    
25 Oct 09:11    INFO  epoch 66 training [time: 23.85s, train loss: -0.3491]
25 Oct 09:11    INFO  epoch 66 evaluating [time: 14.78s, valid_score: 0.061900]
25 Oct 09:11    INFO  valid result: 
recall@10 : 0.0621    recall@20 : 0.0995    recall@50 : 0.1774    ndcg@10 : 0.0492    ndcg@20 : 0.0619    ndcg@50 : 0.0845    
25 Oct 09:11    INFO  epoch 67 training [time: 23.45s, train loss: -0.3492]
25 Oct 09:11    INFO  epoch 67 evaluating [time: 14.95s, valid_score: 0.062000]
25 Oct 09:11    INFO  valid result: 
recall@10 : 0.0622    recall@20 : 0.0997    recall@50 : 0.1772    ndcg@10 : 0.0493    ndcg@20 : 0.062    ndcg@50 : 0.0844    
25 Oct 09:12    INFO  epoch 68 training [time: 23.74s, train loss: -0.3491]
25 Oct 09:12    INFO  epoch 68 evaluating [time: 15.22s, valid_score: 0.061800]
25 Oct 09:12    INFO  valid result: 
recall@10 : 0.0619    recall@20 : 0.0993    recall@50 : 0.1773    ndcg@10 : 0.0491    ndcg@20 : 0.0618    ndcg@50 : 0.0844    
25 Oct 09:13    INFO  epoch 69 training [time: 23.77s, train loss: -0.3492]
25 Oct 09:13    INFO  epoch 69 evaluating [time: 14.87s, valid_score: 0.062100]
25 Oct 09:13    INFO  valid result: 
recall@10 : 0.0622    recall@20 : 0.1001    recall@50 : 0.1775    ndcg@10 : 0.0493    ndcg@20 : 0.0621    ndcg@50 : 0.0845    
25 Oct 09:13    INFO  epoch 70 training [time: 23.66s, train loss: -0.3492]
25 Oct 09:13    INFO  epoch 70 evaluating [time: 15.11s, valid_score: 0.062100]
25 Oct 09:13    INFO  valid result: 
recall@10 : 0.0623    recall@20 : 0.0999    recall@50 : 0.1783    ndcg@10 : 0.0494    ndcg@20 : 0.0621    ndcg@50 : 0.0848    
25 Oct 09:14    INFO  epoch 71 training [time: 23.83s, train loss: -0.3494]
25 Oct 09:14    INFO  epoch 71 evaluating [time: 14.92s, valid_score: 0.062200]
25 Oct 09:14    INFO  valid result: 
recall@10 : 0.0623    recall@20 : 0.0999    recall@50 : 0.1781    ndcg@10 : 0.0495    ndcg@20 : 0.0622    ndcg@50 : 0.0849    
25 Oct 09:14    INFO  epoch 72 training [time: 23.87s, train loss: -0.3491]
25 Oct 09:15    INFO  epoch 72 evaluating [time: 15.23s, valid_score: 0.062300]
25 Oct 09:15    INFO  valid result: 
recall@10 : 0.0624    recall@20 : 0.1001    recall@50 : 0.178    ndcg@10 : 0.0495    ndcg@20 : 0.0623    ndcg@50 : 0.0848    
25 Oct 09:15    INFO  Saving current best: saved/DirectAU-Oct-25-2023_08-27-35.pth
25 Oct 09:15    INFO  epoch 73 training [time: 23.83s, train loss: -0.3493]
25 Oct 09:15    INFO  epoch 73 evaluating [time: 14.97s, valid_score: 0.062200]
25 Oct 09:15    INFO  valid result: 
recall@10 : 0.0622    recall@20 : 0.1002    recall@50 : 0.1779    ndcg@10 : 0.0492    ndcg@20 : 0.0622    ndcg@50 : 0.0847    
25 Oct 09:16    INFO  epoch 74 training [time: 23.82s, train loss: -0.3493]
25 Oct 09:16    INFO  epoch 74 evaluating [time: 15.27s, valid_score: 0.062400]
25 Oct 09:16    INFO  valid result: 
recall@10 : 0.0623    recall@20 : 0.0997    recall@50 : 0.1778    ndcg@10 : 0.0497    ndcg@20 : 0.0624    ndcg@50 : 0.085    
25 Oct 09:16    INFO  Saving current best: saved/DirectAU-Oct-25-2023_08-27-35.pth
25 Oct 09:16    INFO  epoch 75 training [time: 23.81s, train loss: -0.3494]
25 Oct 09:17    INFO  epoch 75 evaluating [time: 14.88s, valid_score: 0.062300]
25 Oct 09:17    INFO  valid result: 
recall@10 : 0.0629    recall@20 : 0.1    recall@50 : 0.1784    ndcg@10 : 0.0498    ndcg@20 : 0.0623    ndcg@50 : 0.085    
25 Oct 09:17    INFO  epoch 76 training [time: 23.85s, train loss: -0.3492]
25 Oct 09:17    INFO  epoch 76 evaluating [time: 15.20s, valid_score: 0.062200]
25 Oct 09:17    INFO  valid result: 
recall@10 : 0.0618    recall@20 : 0.0999    recall@50 : 0.1786    ndcg@10 : 0.0492    ndcg@20 : 0.0622    ndcg@50 : 0.0849    
25 Oct 09:18    INFO  epoch 77 training [time: 23.78s, train loss: -0.3493]
25 Oct 09:18    INFO  epoch 77 evaluating [time: 16.97s, valid_score: 0.062100]
25 Oct 09:18    INFO  valid result: 
recall@10 : 0.0622    recall@20 : 0.0997    recall@50 : 0.1783    ndcg@10 : 0.0495    ndcg@20 : 0.0621    ndcg@50 : 0.0849    
25 Oct 09:18    INFO  epoch 78 training [time: 23.88s, train loss: -0.3493]
25 Oct 09:19    INFO  epoch 78 evaluating [time: 15.05s, valid_score: 0.062200]
25 Oct 09:19    INFO  valid result: 
recall@10 : 0.0625    recall@20 : 0.0997    recall@50 : 0.1781    ndcg@10 : 0.0496    ndcg@20 : 0.0622    ndcg@50 : 0.0849    
25 Oct 09:19    INFO  epoch 79 training [time: 23.86s, train loss: -0.3494]
25 Oct 09:19    INFO  epoch 79 evaluating [time: 17.06s, valid_score: 0.062200]
25 Oct 09:19    INFO  valid result: 
recall@10 : 0.0625    recall@20 : 0.0995    recall@50 : 0.1785    ndcg@10 : 0.0497    ndcg@20 : 0.0622    ndcg@50 : 0.085    
25 Oct 09:20    INFO  epoch 80 training [time: 23.79s, train loss: -0.3493]
25 Oct 09:20    INFO  epoch 80 evaluating [time: 17.03s, valid_score: 0.062200]
25 Oct 09:20    INFO  valid result: 
recall@10 : 0.0627    recall@20 : 0.0998    recall@50 : 0.1779    ndcg@10 : 0.0497    ndcg@20 : 0.0622    ndcg@50 : 0.0849    
25 Oct 09:20    INFO  epoch 81 training [time: 23.85s, train loss: -0.3493]
25 Oct 09:21    INFO  epoch 81 evaluating [time: 15.02s, valid_score: 0.062100]
25 Oct 09:21    INFO  valid result: 
recall@10 : 0.0624    recall@20 : 0.0997    recall@50 : 0.1778    ndcg@10 : 0.0495    ndcg@20 : 0.0621    ndcg@50 : 0.0848    
25 Oct 09:21    INFO  epoch 82 training [time: 23.79s, train loss: -0.3493]
25 Oct 09:21    INFO  epoch 82 evaluating [time: 14.84s, valid_score: 0.062400]
25 Oct 09:21    INFO  valid result: 
recall@10 : 0.0621    recall@20 : 0.1    recall@50 : 0.1784    ndcg@10 : 0.0496    ndcg@20 : 0.0624    ndcg@50 : 0.0851    
25 Oct 09:22    INFO  epoch 83 training [time: 23.82s, train loss: -0.3494]
25 Oct 09:22    INFO  epoch 83 evaluating [time: 15.00s, valid_score: 0.062500]
25 Oct 09:22    INFO  valid result: 
recall@10 : 0.0625    recall@20 : 0.1002    recall@50 : 0.1781    ndcg@10 : 0.0497    ndcg@20 : 0.0625    ndcg@50 : 0.0851    
25 Oct 09:22    INFO  Saving current best: saved/DirectAU-Oct-25-2023_08-27-35.pth
25 Oct 09:22    INFO  epoch 84 training [time: 23.83s, train loss: -0.3494]
25 Oct 09:23    INFO  epoch 84 evaluating [time: 14.76s, valid_score: 0.062400]
25 Oct 09:23    INFO  valid result: 
recall@10 : 0.0623    recall@20 : 0.1005    recall@50 : 0.1785    ndcg@10 : 0.0495    ndcg@20 : 0.0624    ndcg@50 : 0.085    
25 Oct 09:23    INFO  epoch 85 training [time: 23.81s, train loss: -0.3493]
25 Oct 09:23    INFO  epoch 85 evaluating [time: 15.03s, valid_score: 0.062400]
25 Oct 09:23    INFO  valid result: 
recall@10 : 0.0626    recall@20 : 0.1001    recall@50 : 0.1785    ndcg@10 : 0.0498    ndcg@20 : 0.0624    ndcg@50 : 0.0851    
25 Oct 09:24    INFO  epoch 86 training [time: 23.83s, train loss: -0.3495]
25 Oct 09:24    INFO  epoch 86 evaluating [time: 14.90s, valid_score: 0.062700]
25 Oct 09:24    INFO  valid result: 
recall@10 : 0.0621    recall@20 : 0.1009    recall@50 : 0.1786    ndcg@10 : 0.0495    ndcg@20 : 0.0627    ndcg@50 : 0.0852    
25 Oct 09:24    INFO  Saving current best: saved/DirectAU-Oct-25-2023_08-27-35.pth
25 Oct 09:24    INFO  epoch 87 training [time: 23.81s, train loss: -0.3494]
25 Oct 09:25    INFO  epoch 87 evaluating [time: 15.14s, valid_score: 0.062400]
25 Oct 09:25    INFO  valid result: 
recall@10 : 0.0631    recall@20 : 0.1001    recall@50 : 0.1784    ndcg@10 : 0.0499    ndcg@20 : 0.0624    ndcg@50 : 0.0851    
25 Oct 09:25    INFO  epoch 88 training [time: 23.83s, train loss: -0.3497]
25 Oct 09:25    INFO  epoch 88 evaluating [time: 14.85s, valid_score: 0.062400]
25 Oct 09:25    INFO  valid result: 
recall@10 : 0.0634    recall@20 : 0.1    recall@50 : 0.178    ndcg@10 : 0.05    ndcg@20 : 0.0624    ndcg@50 : 0.085    
25 Oct 09:26    INFO  epoch 89 training [time: 23.80s, train loss: -0.3495]
25 Oct 09:26    INFO  epoch 89 evaluating [time: 15.07s, valid_score: 0.062700]
25 Oct 09:26    INFO  valid result: 
recall@10 : 0.0626    recall@20 : 0.1009    recall@50 : 0.1781    ndcg@10 : 0.0497    ndcg@20 : 0.0627    ndcg@50 : 0.0851    
25 Oct 09:26    INFO  epoch 90 training [time: 23.79s, train loss: -0.3496]
25 Oct 09:26    INFO  epoch 90 evaluating [time: 14.85s, valid_score: 0.062600]
25 Oct 09:26    INFO  valid result: 
recall@10 : 0.0627    recall@20 : 0.1003    recall@50 : 0.1783    ndcg@10 : 0.0499    ndcg@20 : 0.0626    ndcg@50 : 0.0852    
25 Oct 09:27    INFO  epoch 91 training [time: 23.80s, train loss: -0.3495]
25 Oct 09:27    INFO  epoch 91 evaluating [time: 15.14s, valid_score: 0.062300]
25 Oct 09:27    INFO  valid result: 
recall@10 : 0.0623    recall@20 : 0.1002    recall@50 : 0.1776    ndcg@10 : 0.0495    ndcg@20 : 0.0623    ndcg@50 : 0.0848    
25 Oct 09:28    INFO  epoch 92 training [time: 23.78s, train loss: -0.3496]
25 Oct 09:28    INFO  epoch 92 evaluating [time: 14.83s, valid_score: 0.062700]
25 Oct 09:28    INFO  valid result: 
recall@10 : 0.0626    recall@20 : 0.1009    recall@50 : 0.1784    ndcg@10 : 0.0497    ndcg@20 : 0.0627    ndcg@50 : 0.0851    
25 Oct 09:28    INFO  epoch 93 training [time: 23.79s, train loss: -0.3497]
25 Oct 09:28    INFO  epoch 93 evaluating [time: 14.96s, valid_score: 0.062700]
25 Oct 09:28    INFO  valid result: 
recall@10 : 0.0625    recall@20 : 0.1008    recall@50 : 0.1781    ndcg@10 : 0.0497    ndcg@20 : 0.0627    ndcg@50 : 0.0851    
25 Oct 09:29    INFO  epoch 94 training [time: 23.87s, train loss: -0.3497]
25 Oct 09:29    INFO  epoch 94 evaluating [time: 16.03s, valid_score: 0.062600]
25 Oct 09:29    INFO  valid result: 
recall@10 : 0.0625    recall@20 : 0.1004    recall@50 : 0.1777    ndcg@10 : 0.0497    ndcg@20 : 0.0626    ndcg@50 : 0.085    
25 Oct 09:29    INFO  epoch 95 training [time: 23.88s, train loss: -0.3496]
25 Oct 09:30    INFO  epoch 95 evaluating [time: 14.73s, valid_score: 0.062300]
25 Oct 09:30    INFO  valid result: 
recall@10 : 0.0622    recall@20 : 0.1002    recall@50 : 0.178    ndcg@10 : 0.0495    ndcg@20 : 0.0623    ndcg@50 : 0.0849    
25 Oct 09:30    INFO  epoch 96 training [time: 24.01s, train loss: -0.3497]
25 Oct 09:30    INFO  epoch 96 evaluating [time: 15.10s, valid_score: 0.062500]
25 Oct 09:30    INFO  valid result: 
recall@10 : 0.0627    recall@20 : 0.1006    recall@50 : 0.1787    ndcg@10 : 0.0496    ndcg@20 : 0.0625    ndcg@50 : 0.0851    
25 Oct 09:31    INFO  epoch 97 training [time: 23.98s, train loss: -0.3496]
25 Oct 09:31    INFO  epoch 97 evaluating [time: 15.06s, valid_score: 0.062400]
25 Oct 09:31    INFO  valid result: 
recall@10 : 0.0621    recall@20 : 0.1004    recall@50 : 0.1786    ndcg@10 : 0.0495    ndcg@20 : 0.0624    ndcg@50 : 0.085    
25 Oct 09:31    INFO  Finished training, best eval result in epoch 86
25 Oct 09:31    INFO  Loading model structure and parameters from saved/DirectAU-Oct-25-2023_08-27-35.pth
25 Oct 09:31    INFO  best valid : {'recall@10': 0.0621, 'recall@20': 0.1009, 'recall@50': 0.1786, 'ndcg@10': 0.0495, 'ndcg@20': 0.0627, 'ndcg@50': 0.0852}
25 Oct 09:31    INFO  test result: {'recall@10': 0.063, 'recall@20': 0.1012, 'recall@50': 0.1785, 'ndcg@10': 0.0502, 'ndcg@20': 0.0629, 'ndcg@50': 0.0852}
