command line args [--zc 1] will not be used in RecBole
25 Oct 18:49    INFO  
General Hyper Parameters:
gpu_id = 3
use_gpu = True
seed = 0
state = INFO
reproducibility = True
data_path = dataset/Yelp
show_progress = False

Training Hyper Parameters:
checkpoint_dir = saved
epochs = 500
train_batch_size = 1024
learner = adam
learning_rate = 0.001
training_neg_sample_num = 0
training_neg_sample_distribution = uniform
eval_step = 1
stopping_step = 10
clip_grad_norm = None
weight_decay = 1e-06
draw_loss_pic = False
loss_decimal_place = 4

Evaluation Hyper Parameters:
eval_setting = RO_RS,full
group_by_user = True
split_ratio = [0.8, 0.1, 0.1]
leave_one_num = 2
real_time_process = False
metrics = ['Recall', 'NDCG']
topk = [10, 20, 50]
valid_metric = NDCG@20
eval_batch_size = 4096
metric_decimal_place = 4

Dataset Hyper Parameters:
field_separator = 	
seq_separator =  
USER_ID_FIELD = user_id
ITEM_ID_FIELD = item_id
RATING_FIELD = rating
TIME_FIELD = timestamp
seq_len = None
LABEL_FIELD = label
threshold = None
NEG_PREFIX = neg_
load_col = {'inter': ['user_id', 'item_id', 'timestamp']}
unload_col = None
unused_col = None
additional_feat_suffix = None
lowest_val = None
highest_val = None
equal_val = None
not_equal_val = None
max_user_inter_num = None
min_user_inter_num = 5
max_item_inter_num = None
min_item_inter_num = 5
fields_in_same_space = None
preload_weight = None
normalize_field = None
normalize_all = None
ITEM_LIST_LENGTH_FIELD = item_length
LIST_SUFFIX = _list
MAX_ITEM_LIST_LENGTH = 50
POSITION_FIELD = position_id
HEAD_ENTITY_ID_FIELD = head_id
TAIL_ENTITY_ID_FIELD = tail_id
RELATION_ID_FIELD = relation_id
ENTITY_ID_FIELD = entity_id

Other Hyper Parameters: 
valid_metric_bigger = True
BT = 0.1
bt = 0.001
embedding_size = 64
encoder = MF
gamma = 0.5
times = 1
witem = 0.1
wuser = 0.8
zc = 1.0
rm_dup_inter = None
filter_inter_by_user_or_item = True
SOURCE_ID_FIELD = source_id
TARGET_ID_FIELD = target_id
benchmark_filename = None
MODEL_TYPE = ModelType.GENERAL
MODEL_INPUT_TYPE = InputType.POINTWISE
eval_type = EvaluatorType.RANKING
device = cuda
train_neg_sample_args = {'strategy': 'none'}


25 Oct 18:49    INFO  Yelp
The number of users: 31669
Average actions of users: 49.305481874447395
The number of items: 38049
Average actions of items: 41.037794365012616
The number of inters: 1561406
The sparsity of the dataset: 99.87041991912021%
Remain Fields: ['user_id', 'item_id']
25 Oct 18:49    INFO  Build [GeneralDataLoader] for [train] with format [InputType.POINTWISE]
25 Oct 18:49    INFO  [train] No Negative Sampling
25 Oct 18:49    INFO  [train] batch_size = [1024], shuffle = [True]

25 Oct 18:49    INFO  Build [GeneralFullDataLoader] for [evaluation] with format [InputType.POINTWISE]
25 Oct 18:49    INFO  Evaluation Setting:
	Group by user_id
	Ordering: {'strategy': 'shuffle'}
	Splitting: {'strategy': 'by_ratio', 'ratios': [0.8, 0.1, 0.1]}
	Negative Sampling: {'strategy': 'full', 'distribution': 'uniform'}
25 Oct 18:49    INFO  [evaluation] batch_size = [4096], shuffle = [False]

25 Oct 18:49    WARNING  Batch size is changed to 38049.
25 Oct 18:49    WARNING  Batch size is changed to 38049.
{'BT': 0.1, 'bt': 0.001, 'embedding_size': 64, 'encoder': 'MF', 'gamma': None, 'times': 1, 'training_neg_sample_num': 0, 'witem': 0.1, 'wuser': 0.8, 'zc': 1.0}
this is encoder MF...
这是directau 的 WUBT 版本...
25 Oct 18:49    INFO  DirectAU(
  (encoder): MFEncoder(
    (user_embedding): Embedding(31669, 64)
    (item_embedding): Embedding(38049, 64)
  )
  (bn): BatchNorm1d(64, eps=1e-05, momentum=0.1, affine=False, track_running_stats=True)
  (projector): Sequential(
    (0): Linear(in_features=64, out_features=64, bias=False)
    (1): BatchNorm1d(64, eps=1e-05, momentum=0.1, affine=True, track_running_stats=True)
    (2): ReLU(inplace=True)
    (3): Linear(in_features=64, out_features=64, bias=False)
    (4): BatchNorm1d(64, eps=1e-05, momentum=0.1, affine=True, track_running_stats=True)
    (5): ReLU(inplace=True)
    (6): Linear(in_features=64, out_features=64, bias=False)
  )
)
Trainable parameters: 4474496
25 Oct 18:49    INFO  epoch 0 training [time: 24.23s, train loss: -0.1691]
25 Oct 18:50    INFO  epoch 0 evaluating [time: 17.35s, valid_score: 0.022500]
25 Oct 18:50    INFO  valid result: 
recall@10 : 0.0216    recall@20 : 0.0368    recall@50 : 0.0753    ndcg@10 : 0.0171    ndcg@20 : 0.0225    ndcg@50 : 0.0339    
25 Oct 18:50    INFO  Saving current best: saved/DirectAU-Oct-25-2023_18-49-26.pth
25 Oct 18:50    INFO  epoch 1 training [time: 24.08s, train loss: -0.5432]
25 Oct 18:50    INFO  epoch 1 evaluating [time: 16.51s, valid_score: 0.033500]
25 Oct 18:50    INFO  valid result: 
recall@10 : 0.0326    recall@20 : 0.0554    recall@50 : 0.1057    ndcg@10 : 0.0257    ndcg@20 : 0.0335    ndcg@50 : 0.0484    
25 Oct 18:50    INFO  Saving current best: saved/DirectAU-Oct-25-2023_18-49-26.pth
25 Oct 18:51    INFO  epoch 2 training [time: 24.25s, train loss: -0.6176]
25 Oct 18:51    INFO  epoch 2 evaluating [time: 16.28s, valid_score: 0.038100]
25 Oct 18:51    INFO  valid result: 
recall@10 : 0.0372    recall@20 : 0.0625    recall@50 : 0.1184    ndcg@10 : 0.0295    ndcg@20 : 0.0381    ndcg@50 : 0.0546    
25 Oct 18:51    INFO  Saving current best: saved/DirectAU-Oct-25-2023_18-49-26.pth
25 Oct 18:51    INFO  epoch 3 training [time: 24.27s, train loss: -0.6553]
25 Oct 18:52    INFO  epoch 3 evaluating [time: 16.49s, valid_score: 0.041000]
25 Oct 18:52    INFO  valid result: 
recall@10 : 0.0406    recall@20 : 0.0677    recall@50 : 0.1274    ndcg@10 : 0.0316    ndcg@20 : 0.041    ndcg@50 : 0.0585    
25 Oct 18:52    INFO  Saving current best: saved/DirectAU-Oct-25-2023_18-49-26.pth
25 Oct 18:52    INFO  epoch 4 training [time: 24.23s, train loss: -0.6806]
25 Oct 18:52    INFO  epoch 4 evaluating [time: 16.78s, valid_score: 0.043300]
25 Oct 18:52    INFO  valid result: 
recall@10 : 0.0428    recall@20 : 0.0715    recall@50 : 0.132    ndcg@10 : 0.0335    ndcg@20 : 0.0433    ndcg@50 : 0.061    
25 Oct 18:52    INFO  Saving current best: saved/DirectAU-Oct-25-2023_18-49-26.pth
25 Oct 18:53    INFO  epoch 5 training [time: 24.30s, train loss: -0.6998]
25 Oct 18:53    INFO  epoch 5 evaluating [time: 17.17s, valid_score: 0.045400]
25 Oct 18:53    INFO  valid result: 
recall@10 : 0.0452    recall@20 : 0.075    recall@50 : 0.1379    ndcg@10 : 0.0352    ndcg@20 : 0.0454    ndcg@50 : 0.0638    
25 Oct 18:53    INFO  Saving current best: saved/DirectAU-Oct-25-2023_18-49-26.pth
25 Oct 18:53    INFO  epoch 6 training [time: 24.41s, train loss: -0.7154]
25 Oct 18:54    INFO  epoch 6 evaluating [time: 15.72s, valid_score: 0.047200]
25 Oct 18:54    INFO  valid result: 
recall@10 : 0.0472    recall@20 : 0.0779    recall@50 : 0.1425    ndcg@10 : 0.0367    ndcg@20 : 0.0472    ndcg@50 : 0.0661    
25 Oct 18:54    INFO  Saving current best: saved/DirectAU-Oct-25-2023_18-49-26.pth
25 Oct 18:54    INFO  epoch 7 training [time: 24.36s, train loss: -0.7289]
25 Oct 18:54    INFO  epoch 7 evaluating [time: 16.95s, valid_score: 0.048800]
25 Oct 18:54    INFO  valid result: 
recall@10 : 0.0491    recall@20 : 0.0803    recall@50 : 0.147    ndcg@10 : 0.0382    ndcg@20 : 0.0488    ndcg@50 : 0.0682    
25 Oct 18:54    INFO  Saving current best: saved/DirectAU-Oct-25-2023_18-49-26.pth
25 Oct 18:55    INFO  epoch 8 training [time: 24.20s, train loss: -0.7402]
25 Oct 18:55    INFO  epoch 8 evaluating [time: 16.23s, valid_score: 0.050000]
25 Oct 18:55    INFO  valid result: 
recall@10 : 0.0497    recall@20 : 0.0824    recall@50 : 0.1509    ndcg@10 : 0.0389    ndcg@20 : 0.05    ndcg@50 : 0.07    
25 Oct 18:55    INFO  Saving current best: saved/DirectAU-Oct-25-2023_18-49-26.pth
25 Oct 18:56    INFO  epoch 9 training [time: 24.29s, train loss: -0.7500]
25 Oct 18:56    INFO  epoch 9 evaluating [time: 16.76s, valid_score: 0.052100]
25 Oct 18:56    INFO  valid result: 
recall@10 : 0.0522    recall@20 : 0.0854    recall@50 : 0.155    ndcg@10 : 0.0409    ndcg@20 : 0.0521    ndcg@50 : 0.0724    
25 Oct 18:56    INFO  Saving current best: saved/DirectAU-Oct-25-2023_18-49-26.pth
25 Oct 18:56    INFO  epoch 10 training [time: 24.27s, train loss: -0.7585]
25 Oct 18:56    INFO  epoch 10 evaluating [time: 15.76s, valid_score: 0.053100]
25 Oct 18:56    INFO  valid result: 
recall@10 : 0.0528    recall@20 : 0.0869    recall@50 : 0.1598    ndcg@10 : 0.0417    ndcg@20 : 0.0531    ndcg@50 : 0.0743    
25 Oct 18:56    INFO  Saving current best: saved/DirectAU-Oct-25-2023_18-49-26.pth
25 Oct 18:57    INFO  epoch 11 training [time: 24.35s, train loss: -0.7657]
25 Oct 18:57    INFO  epoch 11 evaluating [time: 16.77s, valid_score: 0.054300]
25 Oct 18:57    INFO  valid result: 
recall@10 : 0.0537    recall@20 : 0.0894    recall@50 : 0.1628    ndcg@10 : 0.0422    ndcg@20 : 0.0543    ndcg@50 : 0.0757    
25 Oct 18:57    INFO  Saving current best: saved/DirectAU-Oct-25-2023_18-49-26.pth
25 Oct 18:58    INFO  epoch 12 training [time: 24.35s, train loss: -0.7721]
25 Oct 18:58    INFO  epoch 12 evaluating [time: 17.51s, valid_score: 0.056100]
25 Oct 18:58    INFO  valid result: 
recall@10 : 0.0555    recall@20 : 0.0917    recall@50 : 0.167    ndcg@10 : 0.0439    ndcg@20 : 0.0561    ndcg@50 : 0.0779    
25 Oct 18:58    INFO  Saving current best: saved/DirectAU-Oct-25-2023_18-49-26.pth
25 Oct 18:58    INFO  epoch 13 training [time: 24.21s, train loss: -0.7777]
25 Oct 18:59    INFO  epoch 13 evaluating [time: 17.69s, valid_score: 0.056900]
25 Oct 18:59    INFO  valid result: 
recall@10 : 0.0565    recall@20 : 0.0936    recall@50 : 0.1689    ndcg@10 : 0.0444    ndcg@20 : 0.0569    ndcg@50 : 0.0788    
25 Oct 18:59    INFO  Saving current best: saved/DirectAU-Oct-25-2023_18-49-26.pth
25 Oct 18:59    INFO  epoch 14 training [time: 24.25s, train loss: -0.7824]
25 Oct 18:59    INFO  epoch 14 evaluating [time: 15.15s, valid_score: 0.058600]
25 Oct 18:59    INFO  valid result: 
recall@10 : 0.0588    recall@20 : 0.0958    recall@50 : 0.172    ndcg@10 : 0.0461    ndcg@20 : 0.0586    ndcg@50 : 0.0807    
25 Oct 18:59    INFO  Saving current best: saved/DirectAU-Oct-25-2023_18-49-26.pth
25 Oct 19:00    INFO  epoch 15 training [time: 24.18s, train loss: -0.7866]
25 Oct 19:00    INFO  epoch 15 evaluating [time: 17.04s, valid_score: 0.059400]
25 Oct 19:00    INFO  valid result: 
recall@10 : 0.0594    recall@20 : 0.0974    recall@50 : 0.1746    ndcg@10 : 0.0466    ndcg@20 : 0.0594    ndcg@50 : 0.0819    
25 Oct 19:00    INFO  Saving current best: saved/DirectAU-Oct-25-2023_18-49-26.pth
25 Oct 19:00    INFO  epoch 16 training [time: 24.34s, train loss: -0.7902]
25 Oct 19:01    INFO  epoch 16 evaluating [time: 16.92s, valid_score: 0.060100]
25 Oct 19:01    INFO  valid result: 
recall@10 : 0.0608    recall@20 : 0.0983    recall@50 : 0.1769    ndcg@10 : 0.0474    ndcg@20 : 0.0601    ndcg@50 : 0.0829    
25 Oct 19:01    INFO  Saving current best: saved/DirectAU-Oct-25-2023_18-49-26.pth
25 Oct 19:01    INFO  epoch 17 training [time: 24.12s, train loss: -0.7936]
25 Oct 19:01    INFO  epoch 17 evaluating [time: 15.36s, valid_score: 0.060500]
25 Oct 19:01    INFO  valid result: 
recall@10 : 0.0605    recall@20 : 0.099    recall@50 : 0.1789    ndcg@10 : 0.0474    ndcg@20 : 0.0605    ndcg@50 : 0.0836    
25 Oct 19:01    INFO  Saving current best: saved/DirectAU-Oct-25-2023_18-49-26.pth
25 Oct 19:02    INFO  epoch 18 training [time: 23.99s, train loss: -0.7964]
25 Oct 19:02    INFO  epoch 18 evaluating [time: 15.68s, valid_score: 0.061500]
25 Oct 19:02    INFO  valid result: 
recall@10 : 0.0609    recall@20 : 0.1005    recall@50 : 0.1804    ndcg@10 : 0.048    ndcg@20 : 0.0615    ndcg@50 : 0.0846    
25 Oct 19:02    INFO  Saving current best: saved/DirectAU-Oct-25-2023_18-49-26.pth
25 Oct 19:02    INFO  epoch 19 training [time: 24.17s, train loss: -0.7989]
25 Oct 19:03    INFO  epoch 19 evaluating [time: 16.08s, valid_score: 0.061800]
25 Oct 19:03    INFO  valid result: 
recall@10 : 0.0616    recall@20 : 0.1006    recall@50 : 0.1826    ndcg@10 : 0.0487    ndcg@20 : 0.0618    ndcg@50 : 0.0856    
25 Oct 19:03    INFO  Saving current best: saved/DirectAU-Oct-25-2023_18-49-26.pth
25 Oct 19:03    INFO  epoch 20 training [time: 24.10s, train loss: -0.8010]
25 Oct 19:03    INFO  epoch 20 evaluating [time: 16.58s, valid_score: 0.062200]
25 Oct 19:03    INFO  valid result: 
recall@10 : 0.0623    recall@20 : 0.1015    recall@50 : 0.1831    ndcg@10 : 0.049    ndcg@20 : 0.0622    ndcg@50 : 0.0859    
25 Oct 19:03    INFO  Saving current best: saved/DirectAU-Oct-25-2023_18-49-26.pth
25 Oct 19:04    INFO  epoch 21 training [time: 24.16s, train loss: -0.8029]
25 Oct 19:04    INFO  epoch 21 evaluating [time: 16.34s, valid_score: 0.062600]
25 Oct 19:04    INFO  valid result: 
recall@10 : 0.0624    recall@20 : 0.1021    recall@50 : 0.1846    ndcg@10 : 0.0492    ndcg@20 : 0.0626    ndcg@50 : 0.0865    
25 Oct 19:04    INFO  Saving current best: saved/DirectAU-Oct-25-2023_18-49-26.pth
25 Oct 19:04    INFO  epoch 22 training [time: 24.11s, train loss: -0.8045]
25 Oct 19:05    INFO  epoch 22 evaluating [time: 15.63s, valid_score: 0.063500]
25 Oct 19:05    INFO  valid result: 
recall@10 : 0.0634    recall@20 : 0.1035    recall@50 : 0.185    ndcg@10 : 0.05    ndcg@20 : 0.0635    ndcg@50 : 0.0872    
25 Oct 19:05    INFO  Saving current best: saved/DirectAU-Oct-25-2023_18-49-26.pth
25 Oct 19:05    INFO  epoch 23 training [time: 24.13s, train loss: -0.8060]
25 Oct 19:05    INFO  epoch 23 evaluating [time: 17.38s, valid_score: 0.064000]
25 Oct 19:05    INFO  valid result: 
recall@10 : 0.0643    recall@20 : 0.1042    recall@50 : 0.1864    ndcg@10 : 0.0505    ndcg@20 : 0.064    ndcg@50 : 0.0879    
25 Oct 19:05    INFO  Saving current best: saved/DirectAU-Oct-25-2023_18-49-26.pth
25 Oct 19:06    INFO  epoch 24 training [time: 24.25s, train loss: -0.8073]
25 Oct 19:06    INFO  epoch 24 evaluating [time: 16.19s, valid_score: 0.064100]
25 Oct 19:06    INFO  valid result: 
recall@10 : 0.0643    recall@20 : 0.104    recall@50 : 0.1878    ndcg@10 : 0.0508    ndcg@20 : 0.0641    ndcg@50 : 0.0884    
25 Oct 19:06    INFO  Saving current best: saved/DirectAU-Oct-25-2023_18-49-26.pth
25 Oct 19:06    INFO  epoch 25 training [time: 24.20s, train loss: -0.8084]
25 Oct 19:07    INFO  epoch 25 evaluating [time: 16.04s, valid_score: 0.064700]
25 Oct 19:07    INFO  valid result: 
recall@10 : 0.0643    recall@20 : 0.105    recall@50 : 0.1882    ndcg@10 : 0.051    ndcg@20 : 0.0647    ndcg@50 : 0.0888    
25 Oct 19:07    INFO  Saving current best: saved/DirectAU-Oct-25-2023_18-49-26.pth
25 Oct 19:07    INFO  epoch 26 training [time: 24.33s, train loss: -0.8094]
25 Oct 19:07    INFO  epoch 26 evaluating [time: 16.44s, valid_score: 0.064800]
25 Oct 19:07    INFO  valid result: 
recall@10 : 0.0647    recall@20 : 0.1053    recall@50 : 0.188    ndcg@10 : 0.0511    ndcg@20 : 0.0648    ndcg@50 : 0.0888    
25 Oct 19:07    INFO  Saving current best: saved/DirectAU-Oct-25-2023_18-49-26.pth
25 Oct 19:08    INFO  epoch 27 training [time: 24.06s, train loss: -0.8103]
25 Oct 19:08    INFO  epoch 27 evaluating [time: 15.93s, valid_score: 0.065200]
25 Oct 19:08    INFO  valid result: 
recall@10 : 0.0657    recall@20 : 0.1062    recall@50 : 0.1887    ndcg@10 : 0.0515    ndcg@20 : 0.0652    ndcg@50 : 0.0892    
25 Oct 19:08    INFO  Saving current best: saved/DirectAU-Oct-25-2023_18-49-26.pth
25 Oct 19:08    INFO  epoch 28 training [time: 24.35s, train loss: -0.8111]
25 Oct 19:09    INFO  epoch 28 evaluating [time: 16.89s, valid_score: 0.065800]
25 Oct 19:09    INFO  valid result: 
recall@10 : 0.065    recall@20 : 0.1067    recall@50 : 0.1891    ndcg@10 : 0.0518    ndcg@20 : 0.0658    ndcg@50 : 0.0898    
25 Oct 19:09    INFO  Saving current best: saved/DirectAU-Oct-25-2023_18-49-26.pth
25 Oct 19:09    INFO  epoch 29 training [time: 24.35s, train loss: -0.8119]
25 Oct 19:09    INFO  epoch 29 evaluating [time: 15.93s, valid_score: 0.065600]
25 Oct 19:09    INFO  valid result: 
recall@10 : 0.0661    recall@20 : 0.1065    recall@50 : 0.1892    ndcg@10 : 0.052    ndcg@20 : 0.0656    ndcg@50 : 0.0897    
25 Oct 19:10    INFO  epoch 30 training [time: 24.31s, train loss: -0.8124]
25 Oct 19:10    INFO  epoch 30 evaluating [time: 16.48s, valid_score: 0.066200]
25 Oct 19:10    INFO  valid result: 
recall@10 : 0.0657    recall@20 : 0.107    recall@50 : 0.1905    ndcg@10 : 0.0522    ndcg@20 : 0.0662    ndcg@50 : 0.0904    
25 Oct 19:10    INFO  Saving current best: saved/DirectAU-Oct-25-2023_18-49-26.pth
25 Oct 19:10    INFO  epoch 31 training [time: 24.23s, train loss: -0.8131]
25 Oct 19:11    INFO  epoch 31 evaluating [time: 16.71s, valid_score: 0.066000]
25 Oct 19:11    INFO  valid result: 
recall@10 : 0.0663    recall@20 : 0.1068    recall@50 : 0.19    ndcg@10 : 0.0523    ndcg@20 : 0.066    ndcg@50 : 0.0902    
25 Oct 19:11    INFO  epoch 32 training [time: 24.19s, train loss: -0.8136]
25 Oct 19:11    INFO  epoch 32 evaluating [time: 17.02s, valid_score: 0.066400]
25 Oct 19:11    INFO  valid result: 
recall@10 : 0.0655    recall@20 : 0.1074    recall@50 : 0.1908    ndcg@10 : 0.0523    ndcg@20 : 0.0664    ndcg@50 : 0.0906    
25 Oct 19:11    INFO  Saving current best: saved/DirectAU-Oct-25-2023_18-49-26.pth
25 Oct 19:12    INFO  epoch 33 training [time: 24.13s, train loss: -0.8141]
25 Oct 19:12    INFO  epoch 33 evaluating [time: 17.01s, valid_score: 0.066400]
25 Oct 19:12    INFO  valid result: 
recall@10 : 0.066    recall@20 : 0.1071    recall@50 : 0.1903    ndcg@10 : 0.0525    ndcg@20 : 0.0664    ndcg@50 : 0.0906    
25 Oct 19:12    INFO  epoch 34 training [time: 24.16s, train loss: -0.8146]
25 Oct 19:13    INFO  epoch 34 evaluating [time: 17.35s, valid_score: 0.066700]
25 Oct 19:13    INFO  valid result: 
recall@10 : 0.067    recall@20 : 0.1074    recall@50 : 0.1912    ndcg@10 : 0.0531    ndcg@20 : 0.0667    ndcg@50 : 0.091    
25 Oct 19:13    INFO  Saving current best: saved/DirectAU-Oct-25-2023_18-49-26.pth
25 Oct 19:13    INFO  epoch 35 training [time: 24.42s, train loss: -0.8150]
25 Oct 19:13    INFO  epoch 35 evaluating [time: 17.60s, valid_score: 0.066700]
25 Oct 19:13    INFO  valid result: 
recall@10 : 0.0664    recall@20 : 0.1079    recall@50 : 0.1923    ndcg@10 : 0.0527    ndcg@20 : 0.0667    ndcg@50 : 0.0912    
25 Oct 19:14    INFO  epoch 36 training [time: 24.29s, train loss: -0.8155]
25 Oct 19:14    INFO  epoch 36 evaluating [time: 15.25s, valid_score: 0.066900]
25 Oct 19:14    INFO  valid result: 
recall@10 : 0.067    recall@20 : 0.1076    recall@50 : 0.1922    ndcg@10 : 0.0532    ndcg@20 : 0.0669    ndcg@50 : 0.0915    
25 Oct 19:14    INFO  Saving current best: saved/DirectAU-Oct-25-2023_18-49-26.pth
25 Oct 19:15    INFO  epoch 37 training [time: 24.17s, train loss: -0.8158]
25 Oct 19:15    INFO  epoch 37 evaluating [time: 15.67s, valid_score: 0.066900]
25 Oct 19:15    INFO  valid result: 
recall@10 : 0.0668    recall@20 : 0.1079    recall@50 : 0.1925    ndcg@10 : 0.0531    ndcg@20 : 0.0669    ndcg@50 : 0.0915    
25 Oct 19:15    INFO  epoch 38 training [time: 24.34s, train loss: -0.8161]
25 Oct 19:15    INFO  epoch 38 evaluating [time: 16.64s, valid_score: 0.067100]
25 Oct 19:15    INFO  valid result: 
recall@10 : 0.067    recall@20 : 0.1077    recall@50 : 0.1925    ndcg@10 : 0.0533    ndcg@20 : 0.0671    ndcg@50 : 0.0917    
25 Oct 19:16    INFO  Saving current best: saved/DirectAU-Oct-25-2023_18-49-26.pth
25 Oct 19:16    INFO  epoch 39 training [time: 24.25s, train loss: -0.8163]
25 Oct 19:16    INFO  epoch 39 evaluating [time: 17.48s, valid_score: 0.067500]
25 Oct 19:16    INFO  valid result: 
recall@10 : 0.0667    recall@20 : 0.1085    recall@50 : 0.1924    ndcg@10 : 0.0534    ndcg@20 : 0.0675    ndcg@50 : 0.0919    
25 Oct 19:16    INFO  Saving current best: saved/DirectAU-Oct-25-2023_18-49-26.pth
25 Oct 19:17    INFO  epoch 40 training [time: 24.23s, train loss: -0.8165]
25 Oct 19:17    INFO  epoch 40 evaluating [time: 17.07s, valid_score: 0.067500]
25 Oct 19:17    INFO  valid result: 
recall@10 : 0.0675    recall@20 : 0.1084    recall@50 : 0.1925    ndcg@10 : 0.0538    ndcg@20 : 0.0675    ndcg@50 : 0.092    
25 Oct 19:17    INFO  epoch 41 training [time: 24.31s, train loss: -0.8166]
25 Oct 19:18    INFO  epoch 41 evaluating [time: 15.54s, valid_score: 0.067500]
25 Oct 19:18    INFO  valid result: 
recall@10 : 0.0676    recall@20 : 0.108    recall@50 : 0.1928    ndcg@10 : 0.0538    ndcg@20 : 0.0675    ndcg@50 : 0.0921    
25 Oct 19:18    INFO  epoch 42 training [time: 24.29s, train loss: -0.8168]
25 Oct 19:18    INFO  epoch 42 evaluating [time: 17.48s, valid_score: 0.067400]
25 Oct 19:18    INFO  valid result: 
recall@10 : 0.0671    recall@20 : 0.1083    recall@50 : 0.1927    ndcg@10 : 0.0535    ndcg@20 : 0.0674    ndcg@50 : 0.092    
25 Oct 19:19    INFO  epoch 43 training [time: 24.30s, train loss: -0.8169]
25 Oct 19:19    INFO  epoch 43 evaluating [time: 17.23s, valid_score: 0.067600]
25 Oct 19:19    INFO  valid result: 
recall@10 : 0.0675    recall@20 : 0.1079    recall@50 : 0.193    ndcg@10 : 0.0539    ndcg@20 : 0.0676    ndcg@50 : 0.0922    
25 Oct 19:19    INFO  Saving current best: saved/DirectAU-Oct-25-2023_18-49-26.pth
25 Oct 19:19    INFO  epoch 44 training [time: 24.34s, train loss: -0.8171]
25 Oct 19:20    INFO  epoch 44 evaluating [time: 17.54s, valid_score: 0.067800]
25 Oct 19:20    INFO  valid result: 
recall@10 : 0.0672    recall@20 : 0.1092    recall@50 : 0.1933    ndcg@10 : 0.0536    ndcg@20 : 0.0678    ndcg@50 : 0.0922    
25 Oct 19:20    INFO  Saving current best: saved/DirectAU-Oct-25-2023_18-49-26.pth
25 Oct 19:20    INFO  epoch 45 training [time: 24.33s, train loss: -0.8172]
25 Oct 19:20    INFO  epoch 45 evaluating [time: 17.20s, valid_score: 0.067600]
25 Oct 19:20    INFO  valid result: 
recall@10 : 0.067    recall@20 : 0.1084    recall@50 : 0.1929    ndcg@10 : 0.0536    ndcg@20 : 0.0676    ndcg@50 : 0.0922    
25 Oct 19:21    INFO  epoch 46 training [time: 24.28s, train loss: -0.8173]
25 Oct 19:21    INFO  epoch 46 evaluating [time: 17.60s, valid_score: 0.068000]
25 Oct 19:21    INFO  valid result: 
recall@10 : 0.0677    recall@20 : 0.109    recall@50 : 0.1933    ndcg@10 : 0.0541    ndcg@20 : 0.068    ndcg@50 : 0.0925    
25 Oct 19:21    INFO  Saving current best: saved/DirectAU-Oct-25-2023_18-49-26.pth
25 Oct 19:21    INFO  epoch 47 training [time: 24.28s, train loss: -0.8174]
25 Oct 19:22    INFO  epoch 47 evaluating [time: 17.43s, valid_score: 0.067900]
25 Oct 19:22    INFO  valid result: 
recall@10 : 0.0683    recall@20 : 0.1088    recall@50 : 0.1931    ndcg@10 : 0.0542    ndcg@20 : 0.0679    ndcg@50 : 0.0924    
25 Oct 19:22    INFO  epoch 48 training [time: 24.13s, train loss: -0.8175]
25 Oct 19:22    INFO  epoch 48 evaluating [time: 15.42s, valid_score: 0.067900]
25 Oct 19:22    INFO  valid result: 
recall@10 : 0.068    recall@20 : 0.1092    recall@50 : 0.1936    ndcg@10 : 0.0541    ndcg@20 : 0.0679    ndcg@50 : 0.0925    
25 Oct 19:23    INFO  epoch 49 training [time: 24.24s, train loss: -0.8176]
25 Oct 19:23    INFO  epoch 49 evaluating [time: 15.15s, valid_score: 0.068000]
25 Oct 19:23    INFO  valid result: 
recall@10 : 0.0677    recall@20 : 0.1091    recall@50 : 0.1934    ndcg@10 : 0.0541    ndcg@20 : 0.068    ndcg@50 : 0.0925    
25 Oct 19:23    INFO  epoch 50 training [time: 24.31s, train loss: -0.8176]
25 Oct 19:24    INFO  epoch 50 evaluating [time: 17.37s, valid_score: 0.068200]
25 Oct 19:24    INFO  valid result: 
recall@10 : 0.0676    recall@20 : 0.1089    recall@50 : 0.1932    ndcg@10 : 0.0542    ndcg@20 : 0.0682    ndcg@50 : 0.0926    
25 Oct 19:24    INFO  Saving current best: saved/DirectAU-Oct-25-2023_18-49-26.pth
25 Oct 19:24    INFO  epoch 51 training [time: 24.28s, train loss: -0.8176]
25 Oct 19:24    INFO  epoch 51 evaluating [time: 17.09s, valid_score: 0.068400]
25 Oct 19:24    INFO  valid result: 
recall@10 : 0.0679    recall@20 : 0.1093    recall@50 : 0.1939    ndcg@10 : 0.0544    ndcg@20 : 0.0684    ndcg@50 : 0.0929    
25 Oct 19:24    INFO  Saving current best: saved/DirectAU-Oct-25-2023_18-49-26.pth
25 Oct 19:25    INFO  epoch 52 training [time: 24.30s, train loss: -0.8177]
25 Oct 19:25    INFO  epoch 52 evaluating [time: 17.44s, valid_score: 0.068100]
25 Oct 19:25    INFO  valid result: 
recall@10 : 0.0679    recall@20 : 0.1091    recall@50 : 0.1939    ndcg@10 : 0.0543    ndcg@20 : 0.0681    ndcg@50 : 0.0928    
25 Oct 19:26    INFO  epoch 53 training [time: 24.25s, train loss: -0.8179]
25 Oct 19:26    INFO  epoch 53 evaluating [time: 17.12s, valid_score: 0.068100]
25 Oct 19:26    INFO  valid result: 
recall@10 : 0.0681    recall@20 : 0.109    recall@50 : 0.1942    ndcg@10 : 0.0543    ndcg@20 : 0.0681    ndcg@50 : 0.0929    
25 Oct 19:26    INFO  epoch 54 training [time: 24.26s, train loss: -0.8179]
25 Oct 19:27    INFO  epoch 54 evaluating [time: 17.57s, valid_score: 0.068000]
25 Oct 19:27    INFO  valid result: 
recall@10 : 0.0675    recall@20 : 0.109    recall@50 : 0.194    ndcg@10 : 0.054    ndcg@20 : 0.068    ndcg@50 : 0.0927    
25 Oct 19:27    INFO  epoch 55 training [time: 24.29s, train loss: -0.8178]
25 Oct 19:27    INFO  epoch 55 evaluating [time: 17.51s, valid_score: 0.068300]
25 Oct 19:27    INFO  valid result: 
recall@10 : 0.0679    recall@20 : 0.1093    recall@50 : 0.1939    ndcg@10 : 0.0542    ndcg@20 : 0.0683    ndcg@50 : 0.0928    
25 Oct 19:28    INFO  epoch 56 training [time: 24.15s, train loss: -0.8180]
25 Oct 19:28    INFO  epoch 56 evaluating [time: 15.22s, valid_score: 0.068400]
25 Oct 19:28    INFO  valid result: 
recall@10 : 0.068    recall@20 : 0.1091    recall@50 : 0.1944    ndcg@10 : 0.0545    ndcg@20 : 0.0684    ndcg@50 : 0.0931    
25 Oct 19:28    INFO  epoch 57 training [time: 24.05s, train loss: -0.8180]
25 Oct 19:29    INFO  epoch 57 evaluating [time: 15.42s, valid_score: 0.068300]
25 Oct 19:29    INFO  valid result: 
recall@10 : 0.0678    recall@20 : 0.1094    recall@50 : 0.1939    ndcg@10 : 0.0543    ndcg@20 : 0.0683    ndcg@50 : 0.0929    
25 Oct 19:29    INFO  epoch 58 training [time: 24.11s, train loss: -0.8180]
25 Oct 19:29    INFO  epoch 58 evaluating [time: 15.03s, valid_score: 0.068500]
25 Oct 19:29    INFO  valid result: 
recall@10 : 0.0679    recall@20 : 0.1096    recall@50 : 0.1937    ndcg@10 : 0.0544    ndcg@20 : 0.0685    ndcg@50 : 0.0929    
25 Oct 19:29    INFO  Saving current best: saved/DirectAU-Oct-25-2023_18-49-26.pth
25 Oct 19:30    INFO  epoch 59 training [time: 24.10s, train loss: -0.8181]
25 Oct 19:30    INFO  epoch 59 evaluating [time: 15.32s, valid_score: 0.068400]
25 Oct 19:30    INFO  valid result: 
recall@10 : 0.0683    recall@20 : 0.109    recall@50 : 0.1942    ndcg@10 : 0.0547    ndcg@20 : 0.0684    ndcg@50 : 0.0931    
25 Oct 19:30    INFO  epoch 60 training [time: 23.57s, train loss: -0.8181]
25 Oct 19:30    INFO  epoch 60 evaluating [time: 15.08s, valid_score: 0.068700]
25 Oct 19:30    INFO  valid result: 
recall@10 : 0.0686    recall@20 : 0.1094    recall@50 : 0.195    ndcg@10 : 0.0549    ndcg@20 : 0.0687    ndcg@50 : 0.0935    
25 Oct 19:30    INFO  Saving current best: saved/DirectAU-Oct-25-2023_18-49-26.pth
25 Oct 19:31    INFO  epoch 61 training [time: 24.01s, train loss: -0.8181]
25 Oct 19:31    INFO  epoch 61 evaluating [time: 15.44s, valid_score: 0.068300]
25 Oct 19:31    INFO  valid result: 
recall@10 : 0.0684    recall@20 : 0.1089    recall@50 : 0.1952    ndcg@10 : 0.0547    ndcg@20 : 0.0683    ndcg@50 : 0.0934    
25 Oct 19:32    INFO  epoch 62 training [time: 23.93s, train loss: -0.8182]
25 Oct 19:32    INFO  epoch 62 evaluating [time: 15.29s, valid_score: 0.068700]
25 Oct 19:32    INFO  valid result: 
recall@10 : 0.0681    recall@20 : 0.1096    recall@50 : 0.1946    ndcg@10 : 0.0547    ndcg@20 : 0.0687    ndcg@50 : 0.0934    
25 Oct 19:32    INFO  epoch 63 training [time: 24.06s, train loss: -0.8181]
25 Oct 19:32    INFO  epoch 63 evaluating [time: 15.44s, valid_score: 0.068700]
25 Oct 19:32    INFO  valid result: 
recall@10 : 0.0685    recall@20 : 0.1097    recall@50 : 0.1947    ndcg@10 : 0.0548    ndcg@20 : 0.0687    ndcg@50 : 0.0933    
25 Oct 19:33    INFO  epoch 64 training [time: 23.86s, train loss: -0.8183]
25 Oct 19:33    INFO  epoch 64 evaluating [time: 15.04s, valid_score: 0.068600]
25 Oct 19:33    INFO  valid result: 
recall@10 : 0.0686    recall@20 : 0.1095    recall@50 : 0.1944    ndcg@10 : 0.0548    ndcg@20 : 0.0686    ndcg@50 : 0.0932    
25 Oct 19:33    INFO  epoch 65 training [time: 23.57s, train loss: -0.8183]
25 Oct 19:34    INFO  epoch 65 evaluating [time: 15.28s, valid_score: 0.068800]
25 Oct 19:34    INFO  valid result: 
recall@10 : 0.0684    recall@20 : 0.1096    recall@50 : 0.1942    ndcg@10 : 0.0549    ndcg@20 : 0.0688    ndcg@50 : 0.0934    
25 Oct 19:34    INFO  Saving current best: saved/DirectAU-Oct-25-2023_18-49-26.pth
25 Oct 19:34    INFO  epoch 66 training [time: 23.57s, train loss: -0.8183]
25 Oct 19:34    INFO  epoch 66 evaluating [time: 15.13s, valid_score: 0.068700]
25 Oct 19:34    INFO  valid result: 
recall@10 : 0.0684    recall@20 : 0.1098    recall@50 : 0.1941    ndcg@10 : 0.0547    ndcg@20 : 0.0687    ndcg@50 : 0.0932    
25 Oct 19:35    INFO  epoch 67 training [time: 23.56s, train loss: -0.8183]
25 Oct 19:35    INFO  epoch 67 evaluating [time: 15.38s, valid_score: 0.068900]
25 Oct 19:35    INFO  valid result: 
recall@10 : 0.068    recall@20 : 0.1098    recall@50 : 0.1943    ndcg@10 : 0.0548    ndcg@20 : 0.0689    ndcg@50 : 0.0934    
25 Oct 19:35    INFO  Saving current best: saved/DirectAU-Oct-25-2023_18-49-26.pth
25 Oct 19:35    INFO  epoch 68 training [time: 23.56s, train loss: -0.8183]
25 Oct 19:36    INFO  epoch 68 evaluating [time: 15.25s, valid_score: 0.068500]
25 Oct 19:36    INFO  valid result: 
recall@10 : 0.0685    recall@20 : 0.1091    recall@50 : 0.1948    ndcg@10 : 0.0548    ndcg@20 : 0.0685    ndcg@50 : 0.0934    
25 Oct 19:36    INFO  epoch 69 training [time: 23.56s, train loss: -0.8184]
25 Oct 19:36    INFO  epoch 69 evaluating [time: 15.05s, valid_score: 0.068800]
25 Oct 19:36    INFO  valid result: 
recall@10 : 0.0687    recall@20 : 0.1096    recall@50 : 0.1949    ndcg@10 : 0.055    ndcg@20 : 0.0688    ndcg@50 : 0.0936    
25 Oct 19:37    INFO  epoch 70 training [time: 23.75s, train loss: -0.8184]
25 Oct 19:37    INFO  epoch 70 evaluating [time: 15.42s, valid_score: 0.068800]
25 Oct 19:37    INFO  valid result: 
recall@10 : 0.0685    recall@20 : 0.1098    recall@50 : 0.1958    ndcg@10 : 0.055    ndcg@20 : 0.0688    ndcg@50 : 0.0938    
25 Oct 19:37    INFO  epoch 71 training [time: 24.13s, train loss: -0.8185]
25 Oct 19:38    INFO  epoch 71 evaluating [time: 15.19s, valid_score: 0.068900]
25 Oct 19:38    INFO  valid result: 
recall@10 : 0.068    recall@20 : 0.1098    recall@50 : 0.195    ndcg@10 : 0.0548    ndcg@20 : 0.0689    ndcg@50 : 0.0937    
25 Oct 19:38    INFO  epoch 72 training [time: 24.09s, train loss: -0.8184]
25 Oct 19:38    INFO  epoch 72 evaluating [time: 16.04s, valid_score: 0.069100]
25 Oct 19:38    INFO  valid result: 
recall@10 : 0.0678    recall@20 : 0.1097    recall@50 : 0.1952    ndcg@10 : 0.055    ndcg@20 : 0.0691    ndcg@50 : 0.094    
25 Oct 19:38    INFO  Saving current best: saved/DirectAU-Oct-25-2023_18-49-26.pth
25 Oct 19:39    INFO  epoch 73 training [time: 24.12s, train loss: -0.8185]
25 Oct 19:39    INFO  epoch 73 evaluating [time: 15.65s, valid_score: 0.069100]
25 Oct 19:39    INFO  valid result: 
recall@10 : 0.068    recall@20 : 0.1098    recall@50 : 0.1952    ndcg@10 : 0.055    ndcg@20 : 0.0691    ndcg@50 : 0.0939    
25 Oct 19:39    INFO  epoch 74 training [time: 24.29s, train loss: -0.8185]
25 Oct 19:40    INFO  epoch 74 evaluating [time: 15.54s, valid_score: 0.069000]
25 Oct 19:40    INFO  valid result: 
recall@10 : 0.0686    recall@20 : 0.1095    recall@50 : 0.1949    ndcg@10 : 0.0552    ndcg@20 : 0.069    ndcg@50 : 0.0939    
25 Oct 19:40    INFO  epoch 75 training [time: 24.12s, train loss: -0.8185]
25 Oct 19:40    INFO  epoch 75 evaluating [time: 15.26s, valid_score: 0.069200]
25 Oct 19:40    INFO  valid result: 
recall@10 : 0.0689    recall@20 : 0.1101    recall@50 : 0.1954    ndcg@10 : 0.0554    ndcg@20 : 0.0692    ndcg@50 : 0.0941    
25 Oct 19:40    INFO  Saving current best: saved/DirectAU-Oct-25-2023_18-49-26.pth
25 Oct 19:41    INFO  epoch 76 training [time: 24.10s, train loss: -0.8185]
25 Oct 19:41    INFO  epoch 76 evaluating [time: 15.36s, valid_score: 0.068700]
25 Oct 19:41    INFO  valid result: 
recall@10 : 0.0688    recall@20 : 0.1094    recall@50 : 0.1954    ndcg@10 : 0.0551    ndcg@20 : 0.0687    ndcg@50 : 0.0937    
25 Oct 19:41    INFO  epoch 77 training [time: 24.13s, train loss: -0.8185]
25 Oct 19:42    INFO  epoch 77 evaluating [time: 15.12s, valid_score: 0.068800]
25 Oct 19:42    INFO  valid result: 
recall@10 : 0.0686    recall@20 : 0.1096    recall@50 : 0.1951    ndcg@10 : 0.0551    ndcg@20 : 0.0688    ndcg@50 : 0.0937    
25 Oct 19:42    INFO  epoch 78 training [time: 24.09s, train loss: -0.8186]
25 Oct 19:42    INFO  epoch 78 evaluating [time: 15.35s, valid_score: 0.068600]
25 Oct 19:42    INFO  valid result: 
recall@10 : 0.0683    recall@20 : 0.1092    recall@50 : 0.1956    ndcg@10 : 0.0549    ndcg@20 : 0.0686    ndcg@50 : 0.0937    
25 Oct 19:43    INFO  epoch 79 training [time: 24.12s, train loss: -0.8186]
25 Oct 19:43    INFO  epoch 79 evaluating [time: 15.29s, valid_score: 0.068900]
25 Oct 19:43    INFO  valid result: 
recall@10 : 0.0685    recall@20 : 0.11    recall@50 : 0.1954    ndcg@10 : 0.055    ndcg@20 : 0.0689    ndcg@50 : 0.0937    
25 Oct 19:43    INFO  epoch 80 training [time: 24.03s, train loss: -0.8186]
25 Oct 19:44    INFO  epoch 80 evaluating [time: 15.28s, valid_score: 0.068600]
25 Oct 19:44    INFO  valid result: 
recall@10 : 0.0686    recall@20 : 0.1093    recall@50 : 0.1949    ndcg@10 : 0.0549    ndcg@20 : 0.0686    ndcg@50 : 0.0934    
25 Oct 19:44    INFO  epoch 81 training [time: 24.06s, train loss: -0.8185]
25 Oct 19:44    INFO  epoch 81 evaluating [time: 15.54s, valid_score: 0.069000]
25 Oct 19:44    INFO  valid result: 
recall@10 : 0.0689    recall@20 : 0.1105    recall@50 : 0.1956    ndcg@10 : 0.0551    ndcg@20 : 0.069    ndcg@50 : 0.0937    
25 Oct 19:45    INFO  epoch 82 training [time: 24.08s, train loss: -0.8186]
25 Oct 19:45    INFO  epoch 82 evaluating [time: 15.11s, valid_score: 0.069200]
25 Oct 19:45    INFO  valid result: 
recall@10 : 0.0691    recall@20 : 0.1101    recall@50 : 0.1956    ndcg@10 : 0.0555    ndcg@20 : 0.0692    ndcg@50 : 0.0941    
25 Oct 19:45    INFO  epoch 83 training [time: 24.10s, train loss: -0.8187]
25 Oct 19:46    INFO  epoch 83 evaluating [time: 15.47s, valid_score: 0.069100]
25 Oct 19:46    INFO  valid result: 
recall@10 : 0.0692    recall@20 : 0.11    recall@50 : 0.1956    ndcg@10 : 0.0554    ndcg@20 : 0.0691    ndcg@50 : 0.094    
25 Oct 19:46    INFO  epoch 84 training [time: 24.17s, train loss: -0.8187]
25 Oct 19:46    INFO  epoch 84 evaluating [time: 15.26s, valid_score: 0.069300]
25 Oct 19:46    INFO  valid result: 
recall@10 : 0.0685    recall@20 : 0.1102    recall@50 : 0.1955    ndcg@10 : 0.0552    ndcg@20 : 0.0693    ndcg@50 : 0.0941    
25 Oct 19:46    INFO  Saving current best: saved/DirectAU-Oct-25-2023_18-49-26.pth
25 Oct 19:47    INFO  epoch 85 training [time: 24.01s, train loss: -0.8187]
25 Oct 19:47    INFO  epoch 85 evaluating [time: 15.37s, valid_score: 0.069300]
25 Oct 19:47    INFO  valid result: 
recall@10 : 0.0686    recall@20 : 0.1098    recall@50 : 0.1954    ndcg@10 : 0.0555    ndcg@20 : 0.0693    ndcg@50 : 0.0942    
25 Oct 19:47    INFO  epoch 86 training [time: 24.01s, train loss: -0.8188]
25 Oct 19:48    INFO  epoch 86 evaluating [time: 15.19s, valid_score: 0.069100]
25 Oct 19:48    INFO  valid result: 
recall@10 : 0.0688    recall@20 : 0.1099    recall@50 : 0.1954    ndcg@10 : 0.0553    ndcg@20 : 0.0691    ndcg@50 : 0.0939    
25 Oct 19:48    INFO  epoch 87 training [time: 24.09s, train loss: -0.8187]
25 Oct 19:48    INFO  epoch 87 evaluating [time: 15.40s, valid_score: 0.069500]
25 Oct 19:48    INFO  valid result: 
recall@10 : 0.0687    recall@20 : 0.1106    recall@50 : 0.1955    ndcg@10 : 0.0554    ndcg@20 : 0.0695    ndcg@50 : 0.0941    
25 Oct 19:48    INFO  Saving current best: saved/DirectAU-Oct-25-2023_18-49-26.pth
25 Oct 19:49    INFO  epoch 88 training [time: 24.07s, train loss: -0.8188]
25 Oct 19:49    INFO  epoch 88 evaluating [time: 15.26s, valid_score: 0.069200]
25 Oct 19:49    INFO  valid result: 
recall@10 : 0.0688    recall@20 : 0.1099    recall@50 : 0.1956    ndcg@10 : 0.0553    ndcg@20 : 0.0692    ndcg@50 : 0.094    
25 Oct 19:49    INFO  epoch 89 training [time: 24.13s, train loss: -0.8187]
25 Oct 19:50    INFO  epoch 89 evaluating [time: 15.59s, valid_score: 0.069200]
25 Oct 19:50    INFO  valid result: 
recall@10 : 0.0688    recall@20 : 0.1102    recall@50 : 0.1964    ndcg@10 : 0.0553    ndcg@20 : 0.0692    ndcg@50 : 0.0942    
25 Oct 19:50    INFO  epoch 90 training [time: 24.13s, train loss: -0.8188]
25 Oct 19:50    INFO  epoch 90 evaluating [time: 15.19s, valid_score: 0.069200]
25 Oct 19:50    INFO  valid result: 
recall@10 : 0.0684    recall@20 : 0.1098    recall@50 : 0.1963    ndcg@10 : 0.0552    ndcg@20 : 0.0692    ndcg@50 : 0.0942    
25 Oct 19:51    INFO  epoch 91 training [time: 24.10s, train loss: -0.8188]
25 Oct 19:51    INFO  epoch 91 evaluating [time: 15.51s, valid_score: 0.069200]
25 Oct 19:51    INFO  valid result: 
recall@10 : 0.0687    recall@20 : 0.1097    recall@50 : 0.1951    ndcg@10 : 0.0554    ndcg@20 : 0.0692    ndcg@50 : 0.094    
25 Oct 19:51    INFO  epoch 92 training [time: 24.13s, train loss: -0.8188]
25 Oct 19:51    INFO  epoch 92 evaluating [time: 15.22s, valid_score: 0.069300]
25 Oct 19:51    INFO  valid result: 
recall@10 : 0.0688    recall@20 : 0.1102    recall@50 : 0.1955    ndcg@10 : 0.0554    ndcg@20 : 0.0693    ndcg@50 : 0.0941    
25 Oct 19:52    INFO  epoch 93 training [time: 24.16s, train loss: -0.8189]
25 Oct 19:52    INFO  epoch 93 evaluating [time: 15.40s, valid_score: 0.069200]
25 Oct 19:52    INFO  valid result: 
recall@10 : 0.069    recall@20 : 0.1101    recall@50 : 0.1955    ndcg@10 : 0.0554    ndcg@20 : 0.0692    ndcg@50 : 0.094    
25 Oct 19:53    INFO  epoch 94 training [time: 24.16s, train loss: -0.8189]
25 Oct 19:53    INFO  epoch 94 evaluating [time: 15.33s, valid_score: 0.069200]
25 Oct 19:53    INFO  valid result: 
recall@10 : 0.0691    recall@20 : 0.11    recall@50 : 0.1949    ndcg@10 : 0.0555    ndcg@20 : 0.0692    ndcg@50 : 0.0938    
25 Oct 19:53    INFO  epoch 95 training [time: 24.17s, train loss: -0.8189]
25 Oct 19:53    INFO  epoch 95 evaluating [time: 15.29s, valid_score: 0.069400]
25 Oct 19:53    INFO  valid result: 
recall@10 : 0.0685    recall@20 : 0.1101    recall@50 : 0.1955    ndcg@10 : 0.0554    ndcg@20 : 0.0694    ndcg@50 : 0.0942    
25 Oct 19:54    INFO  epoch 96 training [time: 24.17s, train loss: -0.8189]
25 Oct 19:54    INFO  epoch 96 evaluating [time: 15.45s, valid_score: 0.069300]
25 Oct 19:54    INFO  valid result: 
recall@10 : 0.0692    recall@20 : 0.1099    recall@50 : 0.1955    ndcg@10 : 0.0556    ndcg@20 : 0.0693    ndcg@50 : 0.0941    
25 Oct 19:55    INFO  epoch 97 training [time: 24.17s, train loss: -0.8188]
25 Oct 19:55    INFO  epoch 97 evaluating [time: 15.26s, valid_score: 0.069100]
25 Oct 19:55    INFO  valid result: 
recall@10 : 0.069    recall@20 : 0.1099    recall@50 : 0.1955    ndcg@10 : 0.0553    ndcg@20 : 0.0691    ndcg@50 : 0.0939    
25 Oct 19:55    INFO  epoch 98 training [time: 24.22s, train loss: -0.8189]
25 Oct 19:55    INFO  epoch 98 evaluating [time: 15.32s, valid_score: 0.069500]
25 Oct 19:55    INFO  valid result: 
recall@10 : 0.0689    recall@20 : 0.1102    recall@50 : 0.1956    ndcg@10 : 0.0556    ndcg@20 : 0.0695    ndcg@50 : 0.0943    
25 Oct 19:55    INFO  Finished training, best eval result in epoch 87
25 Oct 19:55    INFO  Loading model structure and parameters from saved/DirectAU-Oct-25-2023_18-49-26.pth
25 Oct 19:56    INFO  best valid : {'recall@10': 0.0687, 'recall@20': 0.1106, 'recall@50': 0.1955, 'ndcg@10': 0.0554, 'ndcg@20': 0.0695, 'ndcg@50': 0.0941}
25 Oct 19:56    INFO  test result: {'recall@10': 0.0701, 'recall@20': 0.1127, 'recall@50': 0.1959, 'ndcg@10': 0.0564, 'ndcg@20': 0.0707, 'ndcg@50': 0.0947}
