command line args [--zc 1] will not be used in RecBole
25 Oct 17:34    INFO  
General Hyper Parameters:
gpu_id = 8
use_gpu = True
seed = 0
state = INFO
reproducibility = True
data_path = dataset/Yelp
show_progress = False

Training Hyper Parameters:
checkpoint_dir = saved
epochs = 500
train_batch_size = 1024
learner = adam
learning_rate = 0.001
training_neg_sample_num = 0
training_neg_sample_distribution = uniform
eval_step = 1
stopping_step = 10
clip_grad_norm = None
weight_decay = 1e-06
draw_loss_pic = False
loss_decimal_place = 4

Evaluation Hyper Parameters:
eval_setting = RO_RS,full
group_by_user = True
split_ratio = [0.8, 0.1, 0.1]
leave_one_num = 2
real_time_process = False
metrics = ['Recall', 'NDCG']
topk = [10, 20, 50]
valid_metric = NDCG@20
eval_batch_size = 4096
metric_decimal_place = 4

Dataset Hyper Parameters:
field_separator = 	
seq_separator =  
USER_ID_FIELD = user_id
ITEM_ID_FIELD = item_id
RATING_FIELD = rating
TIME_FIELD = timestamp
seq_len = None
LABEL_FIELD = label
threshold = None
NEG_PREFIX = neg_
load_col = {'inter': ['user_id', 'item_id', 'timestamp']}
unload_col = None
unused_col = None
additional_feat_suffix = None
lowest_val = None
highest_val = None
equal_val = None
not_equal_val = None
max_user_inter_num = None
min_user_inter_num = 5
max_item_inter_num = None
min_item_inter_num = 5
fields_in_same_space = None
preload_weight = None
normalize_field = None
normalize_all = None
ITEM_LIST_LENGTH_FIELD = item_length
LIST_SUFFIX = _list
MAX_ITEM_LIST_LENGTH = 50
POSITION_FIELD = position_id
HEAD_ENTITY_ID_FIELD = head_id
TAIL_ENTITY_ID_FIELD = tail_id
RELATION_ID_FIELD = relation_id
ENTITY_ID_FIELD = entity_id

Other Hyper Parameters: 
valid_metric_bigger = True
BT = 0.1
bt = 0.001
embedding_size = 64
encoder = MF
gamma = 0.5
times = 1
witem = 0.1
wuser = 0.8
zc = 1.0
rm_dup_inter = None
filter_inter_by_user_or_item = True
SOURCE_ID_FIELD = source_id
TARGET_ID_FIELD = target_id
benchmark_filename = None
MODEL_TYPE = ModelType.GENERAL
MODEL_INPUT_TYPE = InputType.POINTWISE
eval_type = EvaluatorType.RANKING
device = cuda
train_neg_sample_args = {'strategy': 'none'}


25 Oct 17:34    INFO  Yelp
The number of users: 31669
Average actions of users: 49.305481874447395
The number of items: 38049
Average actions of items: 41.037794365012616
The number of inters: 1561406
The sparsity of the dataset: 99.87041991912021%
Remain Fields: ['user_id', 'item_id']
25 Oct 17:34    INFO  Build [GeneralDataLoader] for [train] with format [InputType.POINTWISE]
25 Oct 17:34    INFO  [train] No Negative Sampling
25 Oct 17:34    INFO  [train] batch_size = [1024], shuffle = [True]

25 Oct 17:34    INFO  Build [GeneralFullDataLoader] for [evaluation] with format [InputType.POINTWISE]
25 Oct 17:34    INFO  Evaluation Setting:
	Group by user_id
	Ordering: {'strategy': 'shuffle'}
	Splitting: {'strategy': 'by_ratio', 'ratios': [0.8, 0.1, 0.1]}
	Negative Sampling: {'strategy': 'full', 'distribution': 'uniform'}
25 Oct 17:34    INFO  [evaluation] batch_size = [4096], shuffle = [False]

25 Oct 17:34    WARNING  Batch size is changed to 38049.
25 Oct 17:34    WARNING  Batch size is changed to 38049.
{'BT': 0.1, 'bt': 0.001, 'embedding_size': 64, 'encoder': 'MF', 'gamma': None, 'times': 1, 'training_neg_sample_num': 0, 'witem': 0.1, 'wuser': 0.8, 'zc': 1.0}
this is encoder MF...
这是directau 的 WUBT 版本...
25 Oct 17:34    INFO  DirectAU(
  (encoder): MFEncoder(
    (user_embedding): Embedding(31669, 64)
    (item_embedding): Embedding(38049, 64)
  )
  (bn): BatchNorm1d(64, eps=1e-05, momentum=0.1, affine=False, track_running_stats=True)
  (projector): Sequential(
    (0): Linear(in_features=64, out_features=64, bias=False)
    (1): BatchNorm1d(64, eps=1e-05, momentum=0.1, affine=True, track_running_stats=True)
    (2): ReLU(inplace=True)
    (3): Linear(in_features=64, out_features=64, bias=False)
    (4): BatchNorm1d(64, eps=1e-05, momentum=0.1, affine=True, track_running_stats=True)
    (5): ReLU(inplace=True)
    (6): Linear(in_features=64, out_features=64, bias=False)
  )
)
Trainable parameters: 4474496
25 Oct 17:35    INFO  epoch 0 training [time: 23.43s, train loss: -0.2939]
25 Oct 17:35    INFO  epoch 0 evaluating [time: 15.37s, valid_score: 0.023800]
25 Oct 17:35    INFO  valid result: 
recall@10 : 0.0225    recall@20 : 0.0393    recall@50 : 0.0799    ndcg@10 : 0.018    ndcg@20 : 0.0238    ndcg@50 : 0.0359    
25 Oct 17:35    INFO  Saving current best: saved/DirectAU-Oct-25-2023_17-34-43.pth
25 Oct 17:35    INFO  epoch 1 training [time: 23.46s, train loss: -0.7315]
25 Oct 17:36    INFO  epoch 1 evaluating [time: 15.23s, valid_score: 0.033100]
25 Oct 17:36    INFO  valid result: 
recall@10 : 0.0315    recall@20 : 0.0545    recall@50 : 0.1052    ndcg@10 : 0.0252    ndcg@20 : 0.0331    ndcg@50 : 0.048    
25 Oct 17:36    INFO  Saving current best: saved/DirectAU-Oct-25-2023_17-34-43.pth
25 Oct 17:36    INFO  epoch 2 training [time: 23.66s, train loss: -0.8096]
25 Oct 17:36    INFO  epoch 2 evaluating [time: 15.52s, valid_score: 0.036500]
25 Oct 17:36    INFO  valid result: 
recall@10 : 0.0361    recall@20 : 0.0605    recall@50 : 0.117    ndcg@10 : 0.0281    ndcg@20 : 0.0365    ndcg@50 : 0.053    
25 Oct 17:36    INFO  Saving current best: saved/DirectAU-Oct-25-2023_17-34-43.pth
25 Oct 17:37    INFO  epoch 3 training [time: 23.86s, train loss: -0.8484]
25 Oct 17:37    INFO  epoch 3 evaluating [time: 15.38s, valid_score: 0.039800]
25 Oct 17:37    INFO  valid result: 
recall@10 : 0.0389    recall@20 : 0.0666    recall@50 : 0.1232    ndcg@10 : 0.0303    ndcg@20 : 0.0398    ndcg@50 : 0.0564    
25 Oct 17:37    INFO  Saving current best: saved/DirectAU-Oct-25-2023_17-34-43.pth
25 Oct 17:37    INFO  epoch 4 training [time: 23.64s, train loss: -0.8745]
25 Oct 17:37    INFO  epoch 4 evaluating [time: 15.01s, valid_score: 0.041900]
25 Oct 17:37    INFO  valid result: 
recall@10 : 0.0414    recall@20 : 0.0687    recall@50 : 0.1279    ndcg@10 : 0.0326    ndcg@20 : 0.0419    ndcg@50 : 0.0591    
25 Oct 17:37    INFO  Saving current best: saved/DirectAU-Oct-25-2023_17-34-43.pth
25 Oct 17:38    INFO  epoch 5 training [time: 23.43s, train loss: -0.8943]
25 Oct 17:38    INFO  epoch 5 evaluating [time: 15.48s, valid_score: 0.044000]
25 Oct 17:38    INFO  valid result: 
recall@10 : 0.0439    recall@20 : 0.0731    recall@50 : 0.1337    ndcg@10 : 0.034    ndcg@20 : 0.044    ndcg@50 : 0.0617    
25 Oct 17:38    INFO  Saving current best: saved/DirectAU-Oct-25-2023_17-34-43.pth
25 Oct 17:39    INFO  epoch 6 training [time: 23.67s, train loss: -0.9102]
25 Oct 17:39    INFO  epoch 6 evaluating [time: 15.21s, valid_score: 0.045900]
25 Oct 17:39    INFO  valid result: 
recall@10 : 0.0455    recall@20 : 0.076    recall@50 : 0.1382    ndcg@10 : 0.0355    ndcg@20 : 0.0459    ndcg@50 : 0.0641    
25 Oct 17:39    INFO  Saving current best: saved/DirectAU-Oct-25-2023_17-34-43.pth
25 Oct 17:39    INFO  epoch 7 training [time: 23.67s, train loss: -0.9239]
25 Oct 17:39    INFO  epoch 7 evaluating [time: 15.54s, valid_score: 0.047600]
25 Oct 17:39    INFO  valid result: 
recall@10 : 0.0477    recall@20 : 0.0783    recall@50 : 0.1421    ndcg@10 : 0.0372    ndcg@20 : 0.0476    ndcg@50 : 0.0663    
25 Oct 17:39    INFO  Saving current best: saved/DirectAU-Oct-25-2023_17-34-43.pth
25 Oct 17:40    INFO  epoch 8 training [time: 23.72s, train loss: -0.9354]
25 Oct 17:40    INFO  epoch 8 evaluating [time: 15.14s, valid_score: 0.048900]
25 Oct 17:40    INFO  valid result: 
recall@10 : 0.0486    recall@20 : 0.0801    recall@50 : 0.1457    ndcg@10 : 0.0381    ndcg@20 : 0.0489    ndcg@50 : 0.068    
25 Oct 17:40    INFO  Saving current best: saved/DirectAU-Oct-25-2023_17-34-43.pth
25 Oct 17:40    INFO  epoch 9 training [time: 23.71s, train loss: -0.9452]
25 Oct 17:41    INFO  epoch 9 evaluating [time: 15.43s, valid_score: 0.050500]
25 Oct 17:41    INFO  valid result: 
recall@10 : 0.0507    recall@20 : 0.0825    recall@50 : 0.1491    ndcg@10 : 0.0397    ndcg@20 : 0.0505    ndcg@50 : 0.0698    
25 Oct 17:41    INFO  Saving current best: saved/DirectAU-Oct-25-2023_17-34-43.pth
Traceback (most recent call last):
  File "run_recbole.py", line 35, in <module>
    run_recbole(model=args.model, dataset=args.dataset, config_file_list=config_file_list)
  File "/data/danzhang/wuxi/DirectAU/recbole/quick_start/quick_start.py", line 58, in run_recbole
    train_data, valid_data, saved=saved, show_progress=config['show_progress']
  File "/data/danzhang/wuxi/DirectAU/recbole/trainer/trainer.py", line 298, in fit
    train_loss = self._train_epoch(train_data, epoch_idx, show_progress=show_progress)
  File "/data/danzhang/wuxi/DirectAU/recbole/trainer/trainer.py", line 185, in _train_epoch
    total_loss = losses.item() if total_loss is None else total_loss + losses.item()
KeyboardInterrupt
