command line args [--zc 1] will not be used in RecBole
26 Oct 21:29    INFO  
General Hyper Parameters:
gpu_id = 9
use_gpu = True
seed = 0
state = INFO
reproducibility = True
data_path = dataset/Yelp
show_progress = False

Training Hyper Parameters:
checkpoint_dir = saved
epochs = 500
train_batch_size = 1024
learner = adam
learning_rate = 0.001
training_neg_sample_num = 0
training_neg_sample_distribution = uniform
eval_step = 1
stopping_step = 10
clip_grad_norm = None
weight_decay = 1e-06
draw_loss_pic = False
loss_decimal_place = 4

Evaluation Hyper Parameters:
eval_setting = RO_RS,full
group_by_user = True
split_ratio = [0.8, 0.1, 0.1]
leave_one_num = 2
real_time_process = False
metrics = ['Recall', 'NDCG']
topk = [10, 20, 50]
valid_metric = NDCG@20
eval_batch_size = 4096
metric_decimal_place = 4

Dataset Hyper Parameters:
field_separator = 	
seq_separator =  
USER_ID_FIELD = user_id
ITEM_ID_FIELD = item_id
RATING_FIELD = rating
TIME_FIELD = timestamp
seq_len = None
LABEL_FIELD = label
threshold = None
NEG_PREFIX = neg_
load_col = {'inter': ['user_id', 'item_id', 'timestamp']}
unload_col = None
unused_col = None
additional_feat_suffix = None
lowest_val = None
highest_val = None
equal_val = None
not_equal_val = None
max_user_inter_num = None
min_user_inter_num = 5
max_item_inter_num = None
min_item_inter_num = 5
fields_in_same_space = None
preload_weight = None
normalize_field = None
normalize_all = None
ITEM_LIST_LENGTH_FIELD = item_length
LIST_SUFFIX = _list
MAX_ITEM_LIST_LENGTH = 50
POSITION_FIELD = position_id
HEAD_ENTITY_ID_FIELD = head_id
TAIL_ENTITY_ID_FIELD = tail_id
RELATION_ID_FIELD = relation_id
ENTITY_ID_FIELD = entity_id

Other Hyper Parameters: 
valid_metric_bigger = True
BT = 0.1
bt = 0.001
embedding_size = 64
encoder = MF
gamma = 1
times = 1
witem = 0.1
wuser = 0.8
zc = 1.0
rm_dup_inter = None
filter_inter_by_user_or_item = True
SOURCE_ID_FIELD = source_id
TARGET_ID_FIELD = target_id
benchmark_filename = None
MODEL_TYPE = ModelType.GENERAL
MODEL_INPUT_TYPE = InputType.POINTWISE
eval_type = EvaluatorType.RANKING
device = cuda
train_neg_sample_args = {'strategy': 'none'}


26 Oct 21:29    INFO  Yelp
The number of users: 31669
Average actions of users: 49.305481874447395
The number of items: 38049
Average actions of items: 41.037794365012616
The number of inters: 1561406
The sparsity of the dataset: 99.87041991912021%
Remain Fields: ['user_id', 'item_id']
26 Oct 21:29    INFO  Build [GeneralDataLoader] for [train] with format [InputType.POINTWISE]
26 Oct 21:29    INFO  [train] No Negative Sampling
26 Oct 21:29    INFO  [train] batch_size = [1024], shuffle = [True]

26 Oct 21:29    INFO  Build [GeneralFullDataLoader] for [evaluation] with format [InputType.POINTWISE]
26 Oct 21:29    INFO  Evaluation Setting:
	Group by user_id
	Ordering: {'strategy': 'shuffle'}
	Splitting: {'strategy': 'by_ratio', 'ratios': [0.8, 0.1, 0.1]}
	Negative Sampling: {'strategy': 'full', 'distribution': 'uniform'}
26 Oct 21:29    INFO  [evaluation] batch_size = [4096], shuffle = [False]

26 Oct 21:29    WARNING  Batch size is changed to 38049.
26 Oct 21:29    WARNING  Batch size is changed to 38049.
{'BT': 0.1, 'bt': 0.001, 'embedding_size': 64, 'encoder': 'MF', 'gamma': None, 'times': 1, 'training_neg_sample_num': 0, 'witem': 0.1, 'wuser': 0.8, 'zc': 1.0}
this is encoder MF...
这是directau 的 WUBT 版本...1.0
26 Oct 21:29    INFO  DirectAU(
  (encoder): MFEncoder(
    (user_embedding): Embedding(31669, 64)
    (item_embedding): Embedding(38049, 64)
  )
  (bn): BatchNorm1d(64, eps=1e-05, momentum=0.1, affine=False, track_running_stats=True)
  (projector): Sequential(
    (0): Linear(in_features=64, out_features=64, bias=False)
    (1): BatchNorm1d(64, eps=1e-05, momentum=0.1, affine=True, track_running_stats=True)
    (2): ReLU(inplace=True)
    (3): Linear(in_features=64, out_features=64, bias=False)
    (4): BatchNorm1d(64, eps=1e-05, momentum=0.1, affine=True, track_running_stats=True)
    (5): ReLU(inplace=True)
    (6): Linear(in_features=64, out_features=64, bias=False)
  )
)
Trainable parameters: 4474496
26 Oct 21:30    INFO  epoch 0 training [time: 24.20s, train loss: -1.9689]
26 Oct 21:30    INFO  epoch 0 evaluating [time: 16.46s, valid_score: 0.020500]
26 Oct 21:30    INFO  valid result: 
recall@10 : 0.0194    recall@20 : 0.0338    recall@50 : 0.0686    ndcg@10 : 0.0155    ndcg@20 : 0.0205    ndcg@50 : 0.031    
26 Oct 21:30    INFO  Saving current best: saved/DirectAU-Oct-26-2023_21-29-41.pth
26 Oct 21:30    INFO  epoch 1 training [time: 24.19s, train loss: -2.3020]
26 Oct 21:31    INFO  epoch 1 evaluating [time: 16.25s, valid_score: 0.030200]
26 Oct 21:31    INFO  valid result: 
recall@10 : 0.0294    recall@20 : 0.0503    recall@50 : 0.0971    ndcg@10 : 0.0229    ndcg@20 : 0.0302    ndcg@50 : 0.044    
26 Oct 21:31    INFO  Saving current best: saved/DirectAU-Oct-26-2023_21-29-41.pth
26 Oct 21:31    INFO  epoch 2 training [time: 24.26s, train loss: -2.3778]
26 Oct 21:31    INFO  epoch 2 evaluating [time: 16.47s, valid_score: 0.034600]
26 Oct 21:31    INFO  valid result: 
recall@10 : 0.0335    recall@20 : 0.0576    recall@50 : 0.1087    ndcg@10 : 0.0263    ndcg@20 : 0.0346    ndcg@50 : 0.0497    
26 Oct 21:31    INFO  Saving current best: saved/DirectAU-Oct-26-2023_21-29-41.pth
26 Oct 21:32    INFO  epoch 3 training [time: 24.47s, train loss: -2.4162]
26 Oct 21:32    INFO  epoch 3 evaluating [time: 16.66s, valid_score: 0.037500]
26 Oct 21:32    INFO  valid result: 
recall@10 : 0.0371    recall@20 : 0.062    recall@50 : 0.1171    ndcg@10 : 0.0288    ndcg@20 : 0.0375    ndcg@50 : 0.0536    
26 Oct 21:32    INFO  Saving current best: saved/DirectAU-Oct-26-2023_21-29-41.pth
26 Oct 21:32    INFO  epoch 4 training [time: 24.42s, train loss: -2.4418]
26 Oct 21:33    INFO  epoch 4 evaluating [time: 16.28s, valid_score: 0.039000]
26 Oct 21:33    INFO  valid result: 
recall@10 : 0.039    recall@20 : 0.065    recall@50 : 0.1221    ndcg@10 : 0.0301    ndcg@20 : 0.039    ndcg@50 : 0.0558    
26 Oct 21:33    INFO  Saving current best: saved/DirectAU-Oct-26-2023_21-29-41.pth
26 Oct 21:33    INFO  epoch 5 training [time: 24.53s, train loss: -2.4612]
26 Oct 21:33    INFO  epoch 5 evaluating [time: 16.71s, valid_score: 0.041100]
26 Oct 21:33    INFO  valid result: 
recall@10 : 0.0412    recall@20 : 0.0685    recall@50 : 0.1273    ndcg@10 : 0.0318    ndcg@20 : 0.0411    ndcg@50 : 0.0584    
26 Oct 21:33    INFO  Saving current best: saved/DirectAU-Oct-26-2023_21-29-41.pth
26 Oct 21:34    INFO  epoch 6 training [time: 24.20s, train loss: -2.4771]
26 Oct 21:34    INFO  epoch 6 evaluating [time: 15.99s, valid_score: 0.042500]
26 Oct 21:34    INFO  valid result: 
recall@10 : 0.0426    recall@20 : 0.0705    recall@50 : 0.1318    ndcg@10 : 0.0329    ndcg@20 : 0.0425    ndcg@50 : 0.0604    
26 Oct 21:34    INFO  Saving current best: saved/DirectAU-Oct-26-2023_21-29-41.pth
26 Oct 21:34    INFO  epoch 7 training [time: 24.38s, train loss: -2.4907]
26 Oct 21:35    INFO  epoch 7 evaluating [time: 16.42s, valid_score: 0.044000]
26 Oct 21:35    INFO  valid result: 
recall@10 : 0.0438    recall@20 : 0.0729    recall@50 : 0.1364    ndcg@10 : 0.034    ndcg@20 : 0.044    ndcg@50 : 0.0625    
26 Oct 21:35    INFO  Saving current best: saved/DirectAU-Oct-26-2023_21-29-41.pth
26 Oct 21:35    INFO  epoch 8 training [time: 24.44s, train loss: -2.5022]
26 Oct 21:35    INFO  epoch 8 evaluating [time: 16.35s, valid_score: 0.044900]
26 Oct 21:35    INFO  valid result: 
recall@10 : 0.045    recall@20 : 0.0744    recall@50 : 0.1403    ndcg@10 : 0.0349    ndcg@20 : 0.0449    ndcg@50 : 0.0641    
26 Oct 21:35    INFO  Saving current best: saved/DirectAU-Oct-26-2023_21-29-41.pth
26 Oct 21:36    INFO  epoch 9 training [time: 24.52s, train loss: -2.5123]
26 Oct 21:36    INFO  epoch 9 evaluating [time: 16.52s, valid_score: 0.046800]
26 Oct 21:36    INFO  valid result: 
recall@10 : 0.0468    recall@20 : 0.0777    recall@50 : 0.1444    ndcg@10 : 0.0361    ndcg@20 : 0.0468    ndcg@50 : 0.0662    
26 Oct 21:36    INFO  Saving current best: saved/DirectAU-Oct-26-2023_21-29-41.pth
26 Oct 21:36    INFO  epoch 10 training [time: 24.52s, train loss: -2.5209]
26 Oct 21:37    INFO  epoch 10 evaluating [time: 16.26s, valid_score: 0.047700]
26 Oct 21:37    INFO  valid result: 
recall@10 : 0.0478    recall@20 : 0.0788    recall@50 : 0.1479    ndcg@10 : 0.0372    ndcg@20 : 0.0477    ndcg@50 : 0.0678    
26 Oct 21:37    INFO  Saving current best: saved/DirectAU-Oct-26-2023_21-29-41.pth
26 Oct 21:37    INFO  epoch 11 training [time: 24.52s, train loss: -2.5282]
26 Oct 21:37    INFO  epoch 11 evaluating [time: 16.48s, valid_score: 0.048800]
26 Oct 21:37    INFO  valid result: 
recall@10 : 0.0486    recall@20 : 0.0805    recall@50 : 0.1499    ndcg@10 : 0.0379    ndcg@20 : 0.0488    ndcg@50 : 0.069    
26 Oct 21:37    INFO  Saving current best: saved/DirectAU-Oct-26-2023_21-29-41.pth
26 Oct 21:38    INFO  epoch 12 training [time: 24.50s, train loss: -2.5348]
26 Oct 21:38    INFO  epoch 12 evaluating [time: 16.15s, valid_score: 0.050200]
26 Oct 21:38    INFO  valid result: 
recall@10 : 0.0504    recall@20 : 0.0827    recall@50 : 0.1543    ndcg@10 : 0.0393    ndcg@20 : 0.0502    ndcg@50 : 0.0709    
26 Oct 21:38    INFO  Saving current best: saved/DirectAU-Oct-26-2023_21-29-41.pth
26 Oct 21:38    INFO  epoch 13 training [time: 24.53s, train loss: -2.5406]
26 Oct 21:39    INFO  epoch 13 evaluating [time: 16.49s, valid_score: 0.050800]
26 Oct 21:39    INFO  valid result: 
recall@10 : 0.0509    recall@20 : 0.0844    recall@50 : 0.1563    ndcg@10 : 0.0394    ndcg@20 : 0.0508    ndcg@50 : 0.0717    
26 Oct 21:39    INFO  Saving current best: saved/DirectAU-Oct-26-2023_21-29-41.pth
26 Oct 21:39    INFO  epoch 14 training [time: 24.44s, train loss: -2.5455]
26 Oct 21:39    INFO  epoch 14 evaluating [time: 16.34s, valid_score: 0.052200]
26 Oct 21:39    INFO  valid result: 
recall@10 : 0.0524    recall@20 : 0.086    recall@50 : 0.1586    ndcg@10 : 0.0408    ndcg@20 : 0.0522    ndcg@50 : 0.0734    
26 Oct 21:39    INFO  Saving current best: saved/DirectAU-Oct-26-2023_21-29-41.pth
26 Oct 21:40    INFO  epoch 15 training [time: 24.50s, train loss: -2.5499]
26 Oct 21:40    INFO  epoch 15 evaluating [time: 16.40s, valid_score: 0.053100]
26 Oct 21:40    INFO  valid result: 
recall@10 : 0.0533    recall@20 : 0.0873    recall@50 : 0.1611    ndcg@10 : 0.0415    ndcg@20 : 0.0531    ndcg@50 : 0.0745    
26 Oct 21:40    INFO  Saving current best: saved/DirectAU-Oct-26-2023_21-29-41.pth
26 Oct 21:41    INFO  epoch 16 training [time: 24.59s, train loss: -2.5536]
26 Oct 21:41    INFO  epoch 16 evaluating [time: 16.47s, valid_score: 0.053800]
26 Oct 21:41    INFO  valid result: 
recall@10 : 0.054    recall@20 : 0.089    recall@50 : 0.163    ndcg@10 : 0.0419    ndcg@20 : 0.0538    ndcg@50 : 0.0753    
26 Oct 21:41    INFO  Saving current best: saved/DirectAU-Oct-26-2023_21-29-41.pth
26 Oct 21:41    INFO  epoch 17 training [time: 24.47s, train loss: -2.5572]
26 Oct 21:41    INFO  epoch 17 evaluating [time: 15.93s, valid_score: 0.054500]
26 Oct 21:41    INFO  valid result: 
recall@10 : 0.0541    recall@20 : 0.0898    recall@50 : 0.165    ndcg@10 : 0.0423    ndcg@20 : 0.0545    ndcg@50 : 0.0763    
26 Oct 21:41    INFO  Saving current best: saved/DirectAU-Oct-26-2023_21-29-41.pth
26 Oct 21:42    INFO  epoch 18 training [time: 24.50s, train loss: -2.5601]
26 Oct 21:42    INFO  epoch 18 evaluating [time: 16.47s, valid_score: 0.055100]
26 Oct 21:42    INFO  valid result: 
recall@10 : 0.0553    recall@20 : 0.0902    recall@50 : 0.1672    ndcg@10 : 0.0433    ndcg@20 : 0.0551    ndcg@50 : 0.0774    
26 Oct 21:42    INFO  Saving current best: saved/DirectAU-Oct-26-2023_21-29-41.pth
26 Oct 21:43    INFO  epoch 19 training [time: 24.50s, train loss: -2.5628]
26 Oct 21:43    INFO  epoch 19 evaluating [time: 16.26s, valid_score: 0.056100]
26 Oct 21:43    INFO  valid result: 
recall@10 : 0.0556    recall@20 : 0.0917    recall@50 : 0.1689    ndcg@10 : 0.0438    ndcg@20 : 0.0561    ndcg@50 : 0.0785    
26 Oct 21:43    INFO  Saving current best: saved/DirectAU-Oct-26-2023_21-29-41.pth
26 Oct 21:43    INFO  epoch 20 training [time: 24.46s, train loss: -2.5651]
26 Oct 21:44    INFO  epoch 20 evaluating [time: 16.21s, valid_score: 0.056600]
26 Oct 21:44    INFO  valid result: 
recall@10 : 0.0565    recall@20 : 0.0928    recall@50 : 0.1691    ndcg@10 : 0.0443    ndcg@20 : 0.0566    ndcg@50 : 0.0788    
26 Oct 21:44    INFO  Saving current best: saved/DirectAU-Oct-26-2023_21-29-41.pth
26 Oct 21:44    INFO  epoch 21 training [time: 24.48s, train loss: -2.5671]
26 Oct 21:44    INFO  epoch 21 evaluating [time: 16.24s, valid_score: 0.056700]
26 Oct 21:44    INFO  valid result: 
recall@10 : 0.0571    recall@20 : 0.0928    recall@50 : 0.1708    ndcg@10 : 0.0446    ndcg@20 : 0.0567    ndcg@50 : 0.0794    
26 Oct 21:44    INFO  Saving current best: saved/DirectAU-Oct-26-2023_21-29-41.pth
26 Oct 21:45    INFO  epoch 22 training [time: 24.48s, train loss: -2.5689]
26 Oct 21:45    INFO  epoch 22 evaluating [time: 16.51s, valid_score: 0.057600]
26 Oct 21:45    INFO  valid result: 
recall@10 : 0.0573    recall@20 : 0.0942    recall@50 : 0.1719    ndcg@10 : 0.0451    ndcg@20 : 0.0576    ndcg@50 : 0.0802    
26 Oct 21:45    INFO  Saving current best: saved/DirectAU-Oct-26-2023_21-29-41.pth
26 Oct 21:45    INFO  epoch 23 training [time: 24.50s, train loss: -2.5707]
26 Oct 21:46    INFO  epoch 23 evaluating [time: 16.06s, valid_score: 0.058100]
26 Oct 21:46    INFO  valid result: 
recall@10 : 0.0579    recall@20 : 0.0954    recall@50 : 0.1736    ndcg@10 : 0.0453    ndcg@20 : 0.0581    ndcg@50 : 0.0807    
26 Oct 21:46    INFO  Saving current best: saved/DirectAU-Oct-26-2023_21-29-41.pth
26 Oct 21:46    INFO  epoch 24 training [time: 24.40s, train loss: -2.5720]
26 Oct 21:46    INFO  epoch 24 evaluating [time: 16.55s, valid_score: 0.058600]
26 Oct 21:46    INFO  valid result: 
recall@10 : 0.0584    recall@20 : 0.0961    recall@50 : 0.1739    ndcg@10 : 0.0458    ndcg@20 : 0.0586    ndcg@50 : 0.0812    
26 Oct 21:46    INFO  Saving current best: saved/DirectAU-Oct-26-2023_21-29-41.pth
26 Oct 21:47    INFO  epoch 25 training [time: 24.37s, train loss: -2.5733]
26 Oct 21:47    INFO  epoch 25 evaluating [time: 16.14s, valid_score: 0.058600]
26 Oct 21:47    INFO  valid result: 
recall@10 : 0.0586    recall@20 : 0.096    recall@50 : 0.1755    ndcg@10 : 0.0459    ndcg@20 : 0.0586    ndcg@50 : 0.0817    
26 Oct 21:47    INFO  epoch 26 training [time: 24.59s, train loss: -2.5743]
26 Oct 21:48    INFO  epoch 26 evaluating [time: 16.43s, valid_score: 0.059000]
26 Oct 21:48    INFO  valid result: 
recall@10 : 0.0589    recall@20 : 0.0966    recall@50 : 0.1753    ndcg@10 : 0.0462    ndcg@20 : 0.059    ndcg@50 : 0.0819    
26 Oct 21:48    INFO  Saving current best: saved/DirectAU-Oct-26-2023_21-29-41.pth
26 Oct 21:48    INFO  epoch 27 training [time: 24.48s, train loss: -2.5755]
26 Oct 21:48    INFO  epoch 27 evaluating [time: 16.22s, valid_score: 0.059600]
26 Oct 21:48    INFO  valid result: 
recall@10 : 0.0594    recall@20 : 0.0977    recall@50 : 0.1773    ndcg@10 : 0.0466    ndcg@20 : 0.0596    ndcg@50 : 0.0827    
26 Oct 21:48    INFO  Saving current best: saved/DirectAU-Oct-26-2023_21-29-41.pth
26 Oct 21:49    INFO  epoch 28 training [time: 24.44s, train loss: -2.5764]
26 Oct 21:49    INFO  epoch 28 evaluating [time: 16.38s, valid_score: 0.060000]
26 Oct 21:49    INFO  valid result: 
recall@10 : 0.06    recall@20 : 0.0981    recall@50 : 0.1779    ndcg@10 : 0.0472    ndcg@20 : 0.06    ndcg@50 : 0.0832    
26 Oct 21:49    INFO  Saving current best: saved/DirectAU-Oct-26-2023_21-29-41.pth
26 Oct 21:49    INFO  epoch 29 training [time: 24.53s, train loss: -2.5773]
26 Oct 21:50    INFO  epoch 29 evaluating [time: 16.57s, valid_score: 0.060400]
26 Oct 21:50    INFO  valid result: 
recall@10 : 0.0602    recall@20 : 0.0988    recall@50 : 0.1781    ndcg@10 : 0.0473    ndcg@20 : 0.0604    ndcg@50 : 0.0834    
26 Oct 21:50    INFO  Saving current best: saved/DirectAU-Oct-26-2023_21-29-41.pth
26 Oct 21:50    INFO  epoch 30 training [time: 24.39s, train loss: -2.5779]
26 Oct 21:50    INFO  epoch 30 evaluating [time: 16.33s, valid_score: 0.060700]
26 Oct 21:50    INFO  valid result: 
recall@10 : 0.0603    recall@20 : 0.0995    recall@50 : 0.1789    ndcg@10 : 0.0474    ndcg@20 : 0.0607    ndcg@50 : 0.0837    
26 Oct 21:50    INFO  Saving current best: saved/DirectAU-Oct-26-2023_21-29-41.pth
26 Oct 21:51    INFO  epoch 31 training [time: 24.49s, train loss: -2.5785]
26 Oct 21:51    INFO  epoch 31 evaluating [time: 16.54s, valid_score: 0.060700]
26 Oct 21:51    INFO  valid result: 
recall@10 : 0.0605    recall@20 : 0.0994    recall@50 : 0.1798    ndcg@10 : 0.0476    ndcg@20 : 0.0607    ndcg@50 : 0.0841    
26 Oct 21:51    INFO  epoch 32 training [time: 24.51s, train loss: -2.5792]
26 Oct 21:52    INFO  epoch 32 evaluating [time: 16.21s, valid_score: 0.061000]
26 Oct 21:52    INFO  valid result: 
recall@10 : 0.0607    recall@20 : 0.0996    recall@50 : 0.1798    ndcg@10 : 0.0479    ndcg@20 : 0.061    ndcg@50 : 0.0843    
26 Oct 21:52    INFO  Saving current best: saved/DirectAU-Oct-26-2023_21-29-41.pth
26 Oct 21:52    INFO  epoch 33 training [time: 24.49s, train loss: -2.5798]
26 Oct 21:52    INFO  epoch 33 evaluating [time: 16.58s, valid_score: 0.061200]
26 Oct 21:52    INFO  valid result: 
recall@10 : 0.061    recall@20 : 0.1002    recall@50 : 0.1803    ndcg@10 : 0.0479    ndcg@20 : 0.0612    ndcg@50 : 0.0844    
26 Oct 21:52    INFO  Saving current best: saved/DirectAU-Oct-26-2023_21-29-41.pth
26 Oct 21:53    INFO  epoch 34 training [time: 24.50s, train loss: -2.5803]
26 Oct 21:53    INFO  epoch 34 evaluating [time: 16.45s, valid_score: 0.061400]
26 Oct 21:53    INFO  valid result: 
recall@10 : 0.0612    recall@20 : 0.1003    recall@50 : 0.1807    ndcg@10 : 0.0482    ndcg@20 : 0.0614    ndcg@50 : 0.0848    
26 Oct 21:53    INFO  Saving current best: saved/DirectAU-Oct-26-2023_21-29-41.pth
26 Oct 21:53    INFO  epoch 35 training [time: 24.48s, train loss: -2.5807]
26 Oct 21:54    INFO  epoch 35 evaluating [time: 16.38s, valid_score: 0.061700]
26 Oct 21:54    INFO  valid result: 
recall@10 : 0.0619    recall@20 : 0.1007    recall@50 : 0.1818    ndcg@10 : 0.0485    ndcg@20 : 0.0617    ndcg@50 : 0.0852    
26 Oct 21:54    INFO  Saving current best: saved/DirectAU-Oct-26-2023_21-29-41.pth
26 Oct 21:54    INFO  epoch 36 training [time: 24.49s, train loss: -2.5814]
26 Oct 21:54    INFO  epoch 36 evaluating [time: 16.14s, valid_score: 0.061800]
26 Oct 21:54    INFO  valid result: 
recall@10 : 0.0618    recall@20 : 0.1005    recall@50 : 0.1826    ndcg@10 : 0.0486    ndcg@20 : 0.0618    ndcg@50 : 0.0856    
26 Oct 21:54    INFO  Saving current best: saved/DirectAU-Oct-26-2023_21-29-41.pth
26 Oct 21:55    INFO  epoch 37 training [time: 24.31s, train loss: -2.5817]
26 Oct 21:55    INFO  epoch 37 evaluating [time: 16.56s, valid_score: 0.061800]
26 Oct 21:55    INFO  valid result: 
recall@10 : 0.0618    recall@20 : 0.1007    recall@50 : 0.1824    ndcg@10 : 0.0486    ndcg@20 : 0.0618    ndcg@50 : 0.0856    
26 Oct 21:56    INFO  epoch 38 training [time: 24.46s, train loss: -2.5823]
26 Oct 21:56    INFO  epoch 38 evaluating [time: 16.19s, valid_score: 0.062400]
26 Oct 21:56    INFO  valid result: 
recall@10 : 0.0625    recall@20 : 0.1015    recall@50 : 0.1821    ndcg@10 : 0.0492    ndcg@20 : 0.0624    ndcg@50 : 0.0859    
26 Oct 21:56    INFO  Saving current best: saved/DirectAU-Oct-26-2023_21-29-41.pth
26 Oct 21:56    INFO  epoch 39 training [time: 24.47s, train loss: -2.5825]
26 Oct 21:57    INFO  epoch 39 evaluating [time: 16.64s, valid_score: 0.062800]
26 Oct 21:57    INFO  valid result: 
recall@10 : 0.0625    recall@20 : 0.1024    recall@50 : 0.1834    ndcg@10 : 0.0493    ndcg@20 : 0.0628    ndcg@50 : 0.0863    
26 Oct 21:57    INFO  Saving current best: saved/DirectAU-Oct-26-2023_21-29-41.pth
26 Oct 21:57    INFO  epoch 40 training [time: 24.58s, train loss: -2.5827]
26 Oct 21:57    INFO  epoch 40 evaluating [time: 16.14s, valid_score: 0.063000]
26 Oct 21:57    INFO  valid result: 
recall@10 : 0.0624    recall@20 : 0.1026    recall@50 : 0.1825    ndcg@10 : 0.0494    ndcg@20 : 0.063    ndcg@50 : 0.0863    
26 Oct 21:57    INFO  Saving current best: saved/DirectAU-Oct-26-2023_21-29-41.pth
26 Oct 21:58    INFO  epoch 41 training [time: 24.50s, train loss: -2.5830]
26 Oct 21:58    INFO  epoch 41 evaluating [time: 16.41s, valid_score: 0.062900]
26 Oct 21:58    INFO  valid result: 
recall@10 : 0.0624    recall@20 : 0.1021    recall@50 : 0.183    ndcg@10 : 0.0494    ndcg@20 : 0.0629    ndcg@50 : 0.0865    
26 Oct 21:58    INFO  epoch 42 training [time: 24.49s, train loss: -2.5831]
26 Oct 21:59    INFO  epoch 42 evaluating [time: 16.46s, valid_score: 0.062800]
26 Oct 21:59    INFO  valid result: 
recall@10 : 0.0625    recall@20 : 0.1021    recall@50 : 0.1843    ndcg@10 : 0.0494    ndcg@20 : 0.0628    ndcg@50 : 0.0867    
26 Oct 21:59    INFO  epoch 43 training [time: 24.43s, train loss: -2.5834]
26 Oct 21:59    INFO  epoch 43 evaluating [time: 16.22s, valid_score: 0.063300]
26 Oct 21:59    INFO  valid result: 
recall@10 : 0.0627    recall@20 : 0.1026    recall@50 : 0.184    ndcg@10 : 0.0498    ndcg@20 : 0.0633    ndcg@50 : 0.0869    
26 Oct 21:59    INFO  Saving current best: saved/DirectAU-Oct-26-2023_21-29-41.pth
26 Oct 22:00    INFO  epoch 44 training [time: 24.49s, train loss: -2.5836]
26 Oct 22:00    INFO  epoch 44 evaluating [time: 16.42s, valid_score: 0.063700]
26 Oct 22:00    INFO  valid result: 
recall@10 : 0.0631    recall@20 : 0.1031    recall@50 : 0.1843    ndcg@10 : 0.0501    ndcg@20 : 0.0637    ndcg@50 : 0.0872    
26 Oct 22:00    INFO  Saving current best: saved/DirectAU-Oct-26-2023_21-29-41.pth
26 Oct 22:00    INFO  epoch 45 training [time: 24.55s, train loss: -2.5838]
26 Oct 22:01    INFO  epoch 45 evaluating [time: 16.25s, valid_score: 0.063200]
26 Oct 22:01    INFO  valid result: 
recall@10 : 0.0631    recall@20 : 0.1023    recall@50 : 0.1842    ndcg@10 : 0.0499    ndcg@20 : 0.0632    ndcg@50 : 0.087    
26 Oct 22:01    INFO  epoch 46 training [time: 24.22s, train loss: -2.5839]
26 Oct 22:01    INFO  epoch 46 evaluating [time: 16.35s, valid_score: 0.063400]
26 Oct 22:01    INFO  valid result: 
recall@10 : 0.0631    recall@20 : 0.1026    recall@50 : 0.1849    ndcg@10 : 0.05    ndcg@20 : 0.0634    ndcg@50 : 0.0873    
26 Oct 22:02    INFO  epoch 47 training [time: 24.39s, train loss: -2.5840]
26 Oct 22:02    INFO  epoch 47 evaluating [time: 15.95s, valid_score: 0.063800]
26 Oct 22:02    INFO  valid result: 
recall@10 : 0.0634    recall@20 : 0.1033    recall@50 : 0.185    ndcg@10 : 0.0503    ndcg@20 : 0.0638    ndcg@50 : 0.0875    
26 Oct 22:02    INFO  Saving current best: saved/DirectAU-Oct-26-2023_21-29-41.pth
26 Oct 22:02    INFO  epoch 48 training [time: 24.33s, train loss: -2.5843]
26 Oct 22:03    INFO  epoch 48 evaluating [time: 16.32s, valid_score: 0.063800]
26 Oct 22:03    INFO  valid result: 
recall@10 : 0.0637    recall@20 : 0.1037    recall@50 : 0.1855    ndcg@10 : 0.0502    ndcg@20 : 0.0638    ndcg@50 : 0.0876    
26 Oct 22:03    INFO  epoch 49 training [time: 24.38s, train loss: -2.5843]
26 Oct 22:03    INFO  epoch 49 evaluating [time: 16.00s, valid_score: 0.063800]
26 Oct 22:03    INFO  valid result: 
recall@10 : 0.0635    recall@20 : 0.1036    recall@50 : 0.1856    ndcg@10 : 0.0502    ndcg@20 : 0.0638    ndcg@50 : 0.0877    
26 Oct 22:04    INFO  epoch 50 training [time: 24.48s, train loss: -2.5844]
26 Oct 22:04    INFO  epoch 50 evaluating [time: 16.18s, valid_score: 0.063700]
26 Oct 22:04    INFO  valid result: 
recall@10 : 0.0635    recall@20 : 0.1027    recall@50 : 0.186    ndcg@10 : 0.0504    ndcg@20 : 0.0637    ndcg@50 : 0.0878    
26 Oct 22:04    INFO  epoch 51 training [time: 24.25s, train loss: -2.5843]
26 Oct 22:05    INFO  epoch 51 evaluating [time: 15.93s, valid_score: 0.064300]
26 Oct 22:05    INFO  valid result: 
recall@10 : 0.0636    recall@20 : 0.1042    recall@50 : 0.1858    ndcg@10 : 0.0505    ndcg@20 : 0.0643    ndcg@50 : 0.0879    
26 Oct 22:05    INFO  Saving current best: saved/DirectAU-Oct-26-2023_21-29-41.pth
26 Oct 22:05    INFO  epoch 52 training [time: 24.40s, train loss: -2.5845]
26 Oct 22:05    INFO  epoch 52 evaluating [time: 16.15s, valid_score: 0.064200]
26 Oct 22:05    INFO  valid result: 
recall@10 : 0.0634    recall@20 : 0.104    recall@50 : 0.1856    ndcg@10 : 0.0504    ndcg@20 : 0.0642    ndcg@50 : 0.0879    
26 Oct 22:06    INFO  epoch 53 training [time: 24.36s, train loss: -2.5847]
26 Oct 22:06    INFO  epoch 53 evaluating [time: 16.06s, valid_score: 0.064000]
26 Oct 22:06    INFO  valid result: 
recall@10 : 0.0639    recall@20 : 0.1034    recall@50 : 0.1863    ndcg@10 : 0.0506    ndcg@20 : 0.064    ndcg@50 : 0.088    
26 Oct 22:06    INFO  epoch 54 training [time: 24.42s, train loss: -2.5847]
26 Oct 22:07    INFO  epoch 54 evaluating [time: 16.27s, valid_score: 0.064100]
26 Oct 22:07    INFO  valid result: 
recall@10 : 0.0641    recall@20 : 0.1041    recall@50 : 0.1863    ndcg@10 : 0.0506    ndcg@20 : 0.0641    ndcg@50 : 0.088    
26 Oct 22:07    INFO  epoch 55 training [time: 24.37s, train loss: -2.5847]
26 Oct 22:07    INFO  epoch 55 evaluating [time: 16.29s, valid_score: 0.064200]
26 Oct 22:07    INFO  valid result: 
recall@10 : 0.0639    recall@20 : 0.1041    recall@50 : 0.1854    ndcg@10 : 0.0505    ndcg@20 : 0.0642    ndcg@50 : 0.0878    
26 Oct 22:08    INFO  epoch 56 training [time: 24.44s, train loss: -2.5849]
26 Oct 22:08    INFO  epoch 56 evaluating [time: 15.95s, valid_score: 0.064200]
26 Oct 22:08    INFO  valid result: 
recall@10 : 0.0638    recall@20 : 0.1042    recall@50 : 0.1863    ndcg@10 : 0.0505    ndcg@20 : 0.0642    ndcg@50 : 0.088    
26 Oct 22:08    INFO  epoch 57 training [time: 24.29s, train loss: -2.5849]
26 Oct 22:09    INFO  epoch 57 evaluating [time: 16.35s, valid_score: 0.064300]
26 Oct 22:09    INFO  valid result: 
recall@10 : 0.0639    recall@20 : 0.1042    recall@50 : 0.1857    ndcg@10 : 0.0506    ndcg@20 : 0.0643    ndcg@50 : 0.088    
26 Oct 22:09    INFO  epoch 58 training [time: 24.35s, train loss: -2.5850]
26 Oct 22:09    INFO  epoch 58 evaluating [time: 15.99s, valid_score: 0.064500]
26 Oct 22:09    INFO  valid result: 
recall@10 : 0.0642    recall@20 : 0.1047    recall@50 : 0.1859    ndcg@10 : 0.0507    ndcg@20 : 0.0645    ndcg@50 : 0.0881    
26 Oct 22:09    INFO  Saving current best: saved/DirectAU-Oct-26-2023_21-29-41.pth
26 Oct 22:10    INFO  epoch 59 training [time: 24.39s, train loss: -2.5851]
26 Oct 22:10    INFO  epoch 59 evaluating [time: 16.27s, valid_score: 0.064600]
26 Oct 22:10    INFO  valid result: 
recall@10 : 0.0645    recall@20 : 0.1047    recall@50 : 0.1865    ndcg@10 : 0.0509    ndcg@20 : 0.0646    ndcg@50 : 0.0884    
26 Oct 22:10    INFO  Saving current best: saved/DirectAU-Oct-26-2023_21-29-41.pth
26 Oct 22:10    INFO  epoch 60 training [time: 24.24s, train loss: -2.5850]
26 Oct 22:11    INFO  epoch 60 evaluating [time: 15.74s, valid_score: 0.064700]
26 Oct 22:11    INFO  valid result: 
recall@10 : 0.0647    recall@20 : 0.1046    recall@50 : 0.1869    ndcg@10 : 0.0511    ndcg@20 : 0.0647    ndcg@50 : 0.0886    
26 Oct 22:11    INFO  Saving current best: saved/DirectAU-Oct-26-2023_21-29-41.pth
26 Oct 22:11    INFO  epoch 61 training [time: 24.39s, train loss: -2.5852]
26 Oct 22:11    INFO  epoch 61 evaluating [time: 16.09s, valid_score: 0.064800]
26 Oct 22:11    INFO  valid result: 
recall@10 : 0.0642    recall@20 : 0.1048    recall@50 : 0.1866    ndcg@10 : 0.051    ndcg@20 : 0.0648    ndcg@50 : 0.0886    
26 Oct 22:11    INFO  Saving current best: saved/DirectAU-Oct-26-2023_21-29-41.pth
26 Oct 22:12    INFO  epoch 62 training [time: 24.38s, train loss: -2.5851]
26 Oct 22:12    INFO  epoch 62 evaluating [time: 15.92s, valid_score: 0.065100]
26 Oct 22:12    INFO  valid result: 
recall@10 : 0.0641    recall@20 : 0.1053    recall@50 : 0.1867    ndcg@10 : 0.0511    ndcg@20 : 0.0651    ndcg@50 : 0.0887    
26 Oct 22:12    INFO  Saving current best: saved/DirectAU-Oct-26-2023_21-29-41.pth
26 Oct 22:12    INFO  epoch 63 training [time: 24.13s, train loss: -2.5851]
26 Oct 22:13    INFO  epoch 63 evaluating [time: 16.34s, valid_score: 0.065000]
26 Oct 22:13    INFO  valid result: 
recall@10 : 0.0645    recall@20 : 0.105    recall@50 : 0.1872    ndcg@10 : 0.0512    ndcg@20 : 0.065    ndcg@50 : 0.0889    
26 Oct 22:13    INFO  epoch 64 training [time: 24.45s, train loss: -2.5853]
26 Oct 22:13    INFO  epoch 64 evaluating [time: 15.97s, valid_score: 0.065100]
26 Oct 22:13    INFO  valid result: 
recall@10 : 0.065    recall@20 : 0.1054    recall@50 : 0.1866    ndcg@10 : 0.0514    ndcg@20 : 0.0651    ndcg@50 : 0.0888    
26 Oct 22:14    INFO  epoch 65 training [time: 24.34s, train loss: -2.5853]
26 Oct 22:14    INFO  epoch 65 evaluating [time: 16.40s, valid_score: 0.065100]
26 Oct 22:14    INFO  valid result: 
recall@10 : 0.065    recall@20 : 0.1051    recall@50 : 0.1868    ndcg@10 : 0.0515    ndcg@20 : 0.0651    ndcg@50 : 0.0888    
26 Oct 22:15    INFO  epoch 66 training [time: 24.45s, train loss: -2.5853]
26 Oct 22:15    INFO  epoch 66 evaluating [time: 16.09s, valid_score: 0.064800]
26 Oct 22:15    INFO  valid result: 
recall@10 : 0.065    recall@20 : 0.1047    recall@50 : 0.1867    ndcg@10 : 0.0514    ndcg@20 : 0.0648    ndcg@50 : 0.0887    
26 Oct 22:15    INFO  epoch 67 training [time: 24.42s, train loss: -2.5854]
26 Oct 22:15    INFO  epoch 67 evaluating [time: 16.52s, valid_score: 0.064900]
26 Oct 22:15    INFO  valid result: 
recall@10 : 0.0648    recall@20 : 0.1053    recall@50 : 0.1871    ndcg@10 : 0.0512    ndcg@20 : 0.0649    ndcg@50 : 0.0887    
26 Oct 22:16    INFO  epoch 68 training [time: 24.33s, train loss: -2.5854]
26 Oct 22:16    INFO  epoch 68 evaluating [time: 16.30s, valid_score: 0.065000]
26 Oct 22:16    INFO  valid result: 
recall@10 : 0.0651    recall@20 : 0.1052    recall@50 : 0.1875    ndcg@10 : 0.0514    ndcg@20 : 0.065    ndcg@50 : 0.0889    
26 Oct 22:17    INFO  epoch 69 training [time: 24.43s, train loss: -2.5854]
26 Oct 22:17    INFO  epoch 69 evaluating [time: 16.02s, valid_score: 0.065100]
26 Oct 22:17    INFO  valid result: 
recall@10 : 0.0653    recall@20 : 0.1056    recall@50 : 0.1874    ndcg@10 : 0.0515    ndcg@20 : 0.0651    ndcg@50 : 0.0889    
26 Oct 22:17    INFO  epoch 70 training [time: 24.36s, train loss: -2.5855]
26 Oct 22:17    INFO  epoch 70 evaluating [time: 16.24s, valid_score: 0.065300]
26 Oct 22:17    INFO  valid result: 
recall@10 : 0.065    recall@20 : 0.106    recall@50 : 0.1875    ndcg@10 : 0.0515    ndcg@20 : 0.0653    ndcg@50 : 0.0891    
26 Oct 22:17    INFO  Saving current best: saved/DirectAU-Oct-26-2023_21-29-41.pth
26 Oct 22:18    INFO  epoch 71 training [time: 24.46s, train loss: -2.5856]
26 Oct 22:18    INFO  epoch 71 evaluating [time: 16.18s, valid_score: 0.065300]
26 Oct 22:18    INFO  valid result: 
recall@10 : 0.0653    recall@20 : 0.1054    recall@50 : 0.1872    ndcg@10 : 0.0517    ndcg@20 : 0.0653    ndcg@50 : 0.0891    
26 Oct 22:19    INFO  epoch 72 training [time: 24.36s, train loss: -2.5856]
26 Oct 22:19    INFO  epoch 72 evaluating [time: 16.30s, valid_score: 0.065500]
26 Oct 22:19    INFO  valid result: 
recall@10 : 0.0653    recall@20 : 0.1056    recall@50 : 0.188    ndcg@10 : 0.0518    ndcg@20 : 0.0655    ndcg@50 : 0.0894    
26 Oct 22:19    INFO  Saving current best: saved/DirectAU-Oct-26-2023_21-29-41.pth
26 Oct 22:19    INFO  epoch 73 training [time: 24.30s, train loss: -2.5858]
26 Oct 22:20    INFO  epoch 73 evaluating [time: 16.01s, valid_score: 0.065300]
26 Oct 22:20    INFO  valid result: 
recall@10 : 0.0653    recall@20 : 0.1051    recall@50 : 0.1879    ndcg@10 : 0.0518    ndcg@20 : 0.0653    ndcg@50 : 0.0893    
26 Oct 22:20    INFO  epoch 74 training [time: 24.27s, train loss: -2.5857]
26 Oct 22:20    INFO  epoch 74 evaluating [time: 16.21s, valid_score: 0.065500]
26 Oct 22:20    INFO  valid result: 
recall@10 : 0.0658    recall@20 : 0.1053    recall@50 : 0.1875    ndcg@10 : 0.0521    ndcg@20 : 0.0655    ndcg@50 : 0.0894    
26 Oct 22:21    INFO  epoch 75 training [time: 24.36s, train loss: -2.5857]
26 Oct 22:21    INFO  epoch 75 evaluating [time: 16.16s, valid_score: 0.065600]
26 Oct 22:21    INFO  valid result: 
recall@10 : 0.0658    recall@20 : 0.1055    recall@50 : 0.188    ndcg@10 : 0.0521    ndcg@20 : 0.0656    ndcg@50 : 0.0895    
26 Oct 22:21    INFO  Saving current best: saved/DirectAU-Oct-26-2023_21-29-41.pth
26 Oct 22:21    INFO  epoch 76 training [time: 24.41s, train loss: -2.5857]
26 Oct 22:22    INFO  epoch 76 evaluating [time: 16.20s, valid_score: 0.065600]
26 Oct 22:22    INFO  valid result: 
recall@10 : 0.0656    recall@20 : 0.106    recall@50 : 0.1882    ndcg@10 : 0.0519    ndcg@20 : 0.0656    ndcg@50 : 0.0894    
26 Oct 22:22    INFO  epoch 77 training [time: 24.34s, train loss: -2.5857]
26 Oct 22:22    INFO  epoch 77 evaluating [time: 15.91s, valid_score: 0.065400]
26 Oct 22:22    INFO  valid result: 
recall@10 : 0.0654    recall@20 : 0.1053    recall@50 : 0.1881    ndcg@10 : 0.0518    ndcg@20 : 0.0654    ndcg@50 : 0.0894    
26 Oct 22:23    INFO  epoch 78 training [time: 24.35s, train loss: -2.5858]
26 Oct 22:23    INFO  epoch 78 evaluating [time: 16.26s, valid_score: 0.065400]
26 Oct 22:23    INFO  valid result: 
recall@10 : 0.0651    recall@20 : 0.1057    recall@50 : 0.1876    ndcg@10 : 0.0517    ndcg@20 : 0.0654    ndcg@50 : 0.0892    
26 Oct 22:23    INFO  epoch 79 training [time: 24.33s, train loss: -2.5859]
26 Oct 22:24    INFO  epoch 79 evaluating [time: 15.94s, valid_score: 0.065400]
26 Oct 22:24    INFO  valid result: 
recall@10 : 0.0655    recall@20 : 0.1055    recall@50 : 0.1876    ndcg@10 : 0.0518    ndcg@20 : 0.0654    ndcg@50 : 0.0892    
26 Oct 22:24    INFO  epoch 80 training [time: 24.36s, train loss: -2.5858]
26 Oct 22:24    INFO  epoch 80 evaluating [time: 16.24s, valid_score: 0.065500]
26 Oct 22:24    INFO  valid result: 
recall@10 : 0.0655    recall@20 : 0.1059    recall@50 : 0.1881    ndcg@10 : 0.0518    ndcg@20 : 0.0655    ndcg@50 : 0.0893    
26 Oct 22:25    INFO  epoch 81 training [time: 24.37s, train loss: -2.5857]
26 Oct 22:25    INFO  epoch 81 evaluating [time: 16.40s, valid_score: 0.065600]
26 Oct 22:25    INFO  valid result: 
recall@10 : 0.0659    recall@20 : 0.1056    recall@50 : 0.1876    ndcg@10 : 0.0522    ndcg@20 : 0.0656    ndcg@50 : 0.0895    
26 Oct 22:25    INFO  epoch 82 training [time: 24.40s, train loss: -2.5858]
26 Oct 22:26    INFO  epoch 82 evaluating [time: 16.35s, valid_score: 0.065500]
26 Oct 22:26    INFO  valid result: 
recall@10 : 0.0656    recall@20 : 0.1056    recall@50 : 0.1882    ndcg@10 : 0.052    ndcg@20 : 0.0655    ndcg@50 : 0.0895    
26 Oct 22:26    INFO  epoch 83 training [time: 24.32s, train loss: -2.5859]
26 Oct 22:26    INFO  epoch 83 evaluating [time: 16.23s, valid_score: 0.065600]
26 Oct 22:26    INFO  valid result: 
recall@10 : 0.0656    recall@20 : 0.1057    recall@50 : 0.1882    ndcg@10 : 0.052    ndcg@20 : 0.0656    ndcg@50 : 0.0896    
26 Oct 22:27    INFO  epoch 84 training [time: 24.29s, train loss: -2.5860]
26 Oct 22:27    INFO  epoch 84 evaluating [time: 15.97s, valid_score: 0.065700]
26 Oct 22:27    INFO  valid result: 
recall@10 : 0.0658    recall@20 : 0.1061    recall@50 : 0.1887    ndcg@10 : 0.0521    ndcg@20 : 0.0657    ndcg@50 : 0.0897    
26 Oct 22:27    INFO  Saving current best: saved/DirectAU-Oct-26-2023_21-29-41.pth
26 Oct 22:27    INFO  epoch 85 training [time: 24.44s, train loss: -2.5860]
26 Oct 22:28    INFO  epoch 85 evaluating [time: 16.33s, valid_score: 0.065600]
26 Oct 22:28    INFO  valid result: 
recall@10 : 0.0657    recall@20 : 0.1056    recall@50 : 0.188    ndcg@10 : 0.0522    ndcg@20 : 0.0656    ndcg@50 : 0.0896    
26 Oct 22:28    INFO  epoch 86 training [time: 24.41s, train loss: -2.5861]
26 Oct 22:28    INFO  epoch 86 evaluating [time: 15.78s, valid_score: 0.065800]
26 Oct 22:28    INFO  valid result: 
recall@10 : 0.0654    recall@20 : 0.1061    recall@50 : 0.1878    ndcg@10 : 0.052    ndcg@20 : 0.0658    ndcg@50 : 0.0896    
26 Oct 22:28    INFO  Saving current best: saved/DirectAU-Oct-26-2023_21-29-41.pth
26 Oct 22:29    INFO  epoch 87 training [time: 24.40s, train loss: -2.5860]
26 Oct 22:29    INFO  epoch 87 evaluating [time: 16.21s, valid_score: 0.065700]
26 Oct 22:29    INFO  valid result: 
recall@10 : 0.0657    recall@20 : 0.1055    recall@50 : 0.1881    ndcg@10 : 0.0522    ndcg@20 : 0.0657    ndcg@50 : 0.0897    
26 Oct 22:29    INFO  epoch 88 training [time: 24.37s, train loss: -2.5860]
26 Oct 22:30    INFO  epoch 88 evaluating [time: 15.88s, valid_score: 0.065600]
26 Oct 22:30    INFO  valid result: 
recall@10 : 0.0653    recall@20 : 0.106    recall@50 : 0.1889    ndcg@10 : 0.0518    ndcg@20 : 0.0656    ndcg@50 : 0.0896    
26 Oct 22:30    INFO  epoch 89 training [time: 24.34s, train loss: -2.5860]
26 Oct 22:30    INFO  epoch 89 evaluating [time: 15.89s, valid_score: 0.065400]
26 Oct 22:30    INFO  valid result: 
recall@10 : 0.0653    recall@20 : 0.1053    recall@50 : 0.1884    ndcg@10 : 0.0519    ndcg@20 : 0.0654    ndcg@50 : 0.0896    
26 Oct 22:31    INFO  epoch 90 training [time: 24.35s, train loss: -2.5860]
26 Oct 22:31    INFO  epoch 90 evaluating [time: 15.63s, valid_score: 0.065700]
26 Oct 22:31    INFO  valid result: 
recall@10 : 0.0658    recall@20 : 0.1058    recall@50 : 0.1889    ndcg@10 : 0.0521    ndcg@20 : 0.0657    ndcg@50 : 0.0898    
26 Oct 22:31    INFO  epoch 91 training [time: 24.29s, train loss: -2.5861]
26 Oct 22:32    INFO  epoch 91 evaluating [time: 15.78s, valid_score: 0.065500]
26 Oct 22:32    INFO  valid result: 
recall@10 : 0.0652    recall@20 : 0.1057    recall@50 : 0.1884    ndcg@10 : 0.0519    ndcg@20 : 0.0655    ndcg@50 : 0.0896    
26 Oct 22:32    INFO  epoch 92 training [time: 24.42s, train loss: -2.5862]
26 Oct 22:32    INFO  epoch 92 evaluating [time: 15.66s, valid_score: 0.065700]
26 Oct 22:32    INFO  valid result: 
recall@10 : 0.0658    recall@20 : 0.1058    recall@50 : 0.1888    ndcg@10 : 0.0522    ndcg@20 : 0.0657    ndcg@50 : 0.0898    
26 Oct 22:33    INFO  epoch 93 training [time: 24.35s, train loss: -2.5861]
26 Oct 22:33    INFO  epoch 93 evaluating [time: 15.74s, valid_score: 0.065700]
26 Oct 22:33    INFO  valid result: 
recall@10 : 0.0658    recall@20 : 0.1063    recall@50 : 0.1883    ndcg@10 : 0.052    ndcg@20 : 0.0657    ndcg@50 : 0.0896    
26 Oct 22:33    INFO  epoch 94 training [time: 24.38s, train loss: -2.5862]
26 Oct 22:34    INFO  epoch 94 evaluating [time: 15.99s, valid_score: 0.065800]
26 Oct 22:34    INFO  valid result: 
recall@10 : 0.0663    recall@20 : 0.1061    recall@50 : 0.1884    ndcg@10 : 0.0524    ndcg@20 : 0.0658    ndcg@50 : 0.0897    
26 Oct 22:34    INFO  epoch 95 training [time: 24.31s, train loss: -2.5862]
26 Oct 22:34    INFO  epoch 95 evaluating [time: 15.66s, valid_score: 0.066000]
26 Oct 22:34    INFO  valid result: 
recall@10 : 0.0655    recall@20 : 0.1062    recall@50 : 0.1886    ndcg@10 : 0.0522    ndcg@20 : 0.066    ndcg@50 : 0.0898    
26 Oct 22:34    INFO  Saving current best: saved/DirectAU-Oct-26-2023_21-29-41.pth
26 Oct 22:35    INFO  epoch 96 training [time: 24.38s, train loss: -2.5862]
26 Oct 22:35    INFO  epoch 96 evaluating [time: 15.87s, valid_score: 0.065900]
26 Oct 22:35    INFO  valid result: 
recall@10 : 0.066    recall@20 : 0.1062    recall@50 : 0.1884    ndcg@10 : 0.0523    ndcg@20 : 0.0659    ndcg@50 : 0.0898    
26 Oct 22:35    INFO  epoch 97 training [time: 24.41s, train loss: -2.5860]
26 Oct 22:36    INFO  epoch 97 evaluating [time: 15.89s, valid_score: 0.065800]
26 Oct 22:36    INFO  valid result: 
recall@10 : 0.0652    recall@20 : 0.1061    recall@50 : 0.1879    ndcg@10 : 0.0519    ndcg@20 : 0.0658    ndcg@50 : 0.0896    
26 Oct 22:36    INFO  epoch 98 training [time: 24.45s, train loss: -2.5863]
26 Oct 22:36    INFO  epoch 98 evaluating [time: 15.82s, valid_score: 0.065800]
26 Oct 22:36    INFO  valid result: 
recall@10 : 0.0662    recall@20 : 0.1057    recall@50 : 0.1882    ndcg@10 : 0.0524    ndcg@20 : 0.0658    ndcg@50 : 0.0898    
26 Oct 22:37    INFO  epoch 99 training [time: 24.46s, train loss: -2.5862]
26 Oct 22:37    INFO  epoch 99 evaluating [time: 15.74s, valid_score: 0.065500]
26 Oct 22:37    INFO  valid result: 
recall@10 : 0.0653    recall@20 : 0.1055    recall@50 : 0.1888    ndcg@10 : 0.0519    ndcg@20 : 0.0655    ndcg@50 : 0.0896    
26 Oct 22:37    INFO  epoch 100 training [time: 24.45s, train loss: -2.5864]
26 Oct 22:38    INFO  epoch 100 evaluating [time: 16.26s, valid_score: 0.065800]
26 Oct 22:38    INFO  valid result: 
recall@10 : 0.0658    recall@20 : 0.1061    recall@50 : 0.1889    ndcg@10 : 0.0522    ndcg@20 : 0.0658    ndcg@50 : 0.0899    
26 Oct 22:38    INFO  epoch 101 training [time: 24.46s, train loss: -2.5863]
26 Oct 22:38    INFO  epoch 101 evaluating [time: 16.11s, valid_score: 0.065700]
26 Oct 22:38    INFO  valid result: 
recall@10 : 0.0657    recall@20 : 0.1061    recall@50 : 0.1884    ndcg@10 : 0.052    ndcg@20 : 0.0657    ndcg@50 : 0.0896    
26 Oct 22:39    INFO  epoch 102 training [time: 24.55s, train loss: -2.5863]
26 Oct 22:39    INFO  epoch 102 evaluating [time: 16.42s, valid_score: 0.065900]
26 Oct 22:39    INFO  valid result: 
recall@10 : 0.0658    recall@20 : 0.1065    recall@50 : 0.1887    ndcg@10 : 0.0521    ndcg@20 : 0.0659    ndcg@50 : 0.0898    
26 Oct 22:39    INFO  epoch 103 training [time: 24.41s, train loss: -2.5863]
26 Oct 22:40    INFO  epoch 103 evaluating [time: 16.39s, valid_score: 0.066000]
26 Oct 22:40    INFO  valid result: 
recall@10 : 0.0658    recall@20 : 0.1065    recall@50 : 0.1888    ndcg@10 : 0.0523    ndcg@20 : 0.066    ndcg@50 : 0.09    
26 Oct 22:40    INFO  epoch 104 training [time: 24.52s, train loss: -2.5863]
26 Oct 22:40    INFO  epoch 104 evaluating [time: 15.86s, valid_score: 0.065800]
26 Oct 22:40    INFO  valid result: 
recall@10 : 0.0658    recall@20 : 0.106    recall@50 : 0.188    ndcg@10 : 0.0522    ndcg@20 : 0.0658    ndcg@50 : 0.0896    
26 Oct 22:41    INFO  epoch 105 training [time: 24.41s, train loss: -2.5863]
26 Oct 22:41    INFO  epoch 105 evaluating [time: 15.29s, valid_score: 0.065900]
26 Oct 22:41    INFO  valid result: 
recall@10 : 0.0655    recall@20 : 0.1064    recall@50 : 0.1886    ndcg@10 : 0.0521    ndcg@20 : 0.0659    ndcg@50 : 0.0898    
26 Oct 22:41    INFO  epoch 106 training [time: 24.33s, train loss: -2.5863]
26 Oct 22:42    INFO  epoch 106 evaluating [time: 15.88s, valid_score: 0.065900]
26 Oct 22:42    INFO  valid result: 
recall@10 : 0.0658    recall@20 : 0.1065    recall@50 : 0.1886    ndcg@10 : 0.0521    ndcg@20 : 0.0659    ndcg@50 : 0.0898    
26 Oct 22:42    INFO  Finished training, best eval result in epoch 95
26 Oct 22:42    INFO  Loading model structure and parameters from saved/DirectAU-Oct-26-2023_21-29-41.pth
26 Oct 22:42    INFO  best valid : {'recall@10': 0.0655, 'recall@20': 0.1062, 'recall@50': 0.1886, 'ndcg@10': 0.0522, 'ndcg@20': 0.066, 'ndcg@50': 0.0898}
26 Oct 22:42    INFO  test result: {'recall@10': 0.0675, 'recall@20': 0.1074, 'recall@50': 0.1898, 'ndcg@10': 0.0541, 'ndcg@20': 0.0674, 'ndcg@50': 0.0914}
