command line args [--zc 1] will not be used in RecBole
25 Oct 08:28    INFO  
General Hyper Parameters:
gpu_id = 7
use_gpu = True
seed = 0
state = INFO
reproducibility = True
data_path = dataset/Yelp
show_progress = False

Training Hyper Parameters:
checkpoint_dir = saved
epochs = 500
train_batch_size = 1024
learner = adam
learning_rate = 0.001
training_neg_sample_num = 0
training_neg_sample_distribution = uniform
eval_step = 1
stopping_step = 10
clip_grad_norm = None
weight_decay = 1e-06
draw_loss_pic = False
loss_decimal_place = 4

Evaluation Hyper Parameters:
eval_setting = RO_RS,full
group_by_user = True
split_ratio = [0.8, 0.1, 0.1]
leave_one_num = 2
real_time_process = False
metrics = ['Recall', 'NDCG']
topk = [10, 20, 50]
valid_metric = NDCG@20
eval_batch_size = 4096
metric_decimal_place = 4

Dataset Hyper Parameters:
field_separator = 	
seq_separator =  
USER_ID_FIELD = user_id
ITEM_ID_FIELD = item_id
RATING_FIELD = rating
TIME_FIELD = timestamp
seq_len = None
LABEL_FIELD = label
threshold = None
NEG_PREFIX = neg_
load_col = {'inter': ['user_id', 'item_id', 'timestamp']}
unload_col = None
unused_col = None
additional_feat_suffix = None
lowest_val = None
highest_val = None
equal_val = None
not_equal_val = None
max_user_inter_num = None
min_user_inter_num = 5
max_item_inter_num = None
min_item_inter_num = 5
fields_in_same_space = None
preload_weight = None
normalize_field = None
normalize_all = None
ITEM_LIST_LENGTH_FIELD = item_length
LIST_SUFFIX = _list
MAX_ITEM_LIST_LENGTH = 50
POSITION_FIELD = position_id
HEAD_ENTITY_ID_FIELD = head_id
TAIL_ENTITY_ID_FIELD = tail_id
RELATION_ID_FIELD = relation_id
ENTITY_ID_FIELD = entity_id

Other Hyper Parameters: 
valid_metric_bigger = True
BT = 0.1
bt = 0.001
embedding_size = 64
encoder = MF
gamma = 0.5
times = 1
witem = 0.1
wuser = 0.8
zc = 1.0
rm_dup_inter = None
filter_inter_by_user_or_item = True
SOURCE_ID_FIELD = source_id
TARGET_ID_FIELD = target_id
benchmark_filename = None
MODEL_TYPE = ModelType.GENERAL
MODEL_INPUT_TYPE = InputType.POINTWISE
eval_type = EvaluatorType.RANKING
device = cuda
train_neg_sample_args = {'strategy': 'none'}


25 Oct 08:28    INFO  Yelp
The number of users: 31669
Average actions of users: 49.305481874447395
The number of items: 38049
Average actions of items: 41.037794365012616
The number of inters: 1561406
The sparsity of the dataset: 99.87041991912021%
Remain Fields: ['user_id', 'item_id']
25 Oct 08:28    INFO  Build [GeneralDataLoader] for [train] with format [InputType.POINTWISE]
25 Oct 08:28    INFO  [train] No Negative Sampling
25 Oct 08:28    INFO  [train] batch_size = [1024], shuffle = [True]

25 Oct 08:28    INFO  Build [GeneralFullDataLoader] for [evaluation] with format [InputType.POINTWISE]
25 Oct 08:28    INFO  Evaluation Setting:
	Group by user_id
	Ordering: {'strategy': 'shuffle'}
	Splitting: {'strategy': 'by_ratio', 'ratios': [0.8, 0.1, 0.1]}
	Negative Sampling: {'strategy': 'full', 'distribution': 'uniform'}
25 Oct 08:28    INFO  [evaluation] batch_size = [4096], shuffle = [False]

25 Oct 08:28    WARNING  Batch size is changed to 38049.
25 Oct 08:28    WARNING  Batch size is changed to 38049.
{'BT': 0.1, 'bt': 0.001, 'embedding_size': 64, 'encoder': 'MF', 'gamma': None, 'times': 1, 'training_neg_sample_num': 0, 'witem': 0.1, 'wuser': 0.8, 'zc': 1.0}
this is encoder MF...
这是directau 的 WUBT 版本...
25 Oct 08:28    INFO  DirectAU(
  (encoder): MFEncoder(
    (user_embedding): Embedding(31669, 64)
    (item_embedding): Embedding(38049, 64)
  )
  (bn): BatchNorm1d(64, eps=1e-05, momentum=0.1, affine=False, track_running_stats=True)
  (projector): Sequential(
    (0): Linear(in_features=64, out_features=64, bias=False)
    (1): BatchNorm1d(64, eps=1e-05, momentum=0.1, affine=True, track_running_stats=True)
    (2): ReLU(inplace=True)
    (3): Linear(in_features=64, out_features=64, bias=False)
    (4): BatchNorm1d(64, eps=1e-05, momentum=0.1, affine=True, track_running_stats=True)
    (5): ReLU(inplace=True)
    (6): Linear(in_features=64, out_features=64, bias=False)
  )
)
Trainable parameters: 4474496
25 Oct 08:28    INFO  epoch 0 training [time: 23.82s, train loss: 0.0960]
25 Oct 08:28    INFO  epoch 0 evaluating [time: 16.24s, valid_score: 0.022700]
25 Oct 08:28    INFO  valid result: 
recall@10 : 0.0212    recall@20 : 0.037    recall@50 : 0.0746    ndcg@10 : 0.0172    ndcg@20 : 0.0227    ndcg@50 : 0.034    
25 Oct 08:28    INFO  Saving current best: saved/DirectAU-Oct-25-2023_08-28-10.pth
25 Oct 08:29    INFO  epoch 1 training [time: 24.01s, train loss: -0.2996]
25 Oct 08:29    INFO  epoch 1 evaluating [time: 16.63s, valid_score: 0.032500]
25 Oct 08:29    INFO  valid result: 
recall@10 : 0.0315    recall@20 : 0.0535    recall@50 : 0.1019    ndcg@10 : 0.0249    ndcg@20 : 0.0325    ndcg@50 : 0.0469    
25 Oct 08:29    INFO  Saving current best: saved/DirectAU-Oct-25-2023_08-28-10.pth
25 Oct 08:29    INFO  epoch 2 training [time: 23.94s, train loss: -0.3936]
25 Oct 08:30    INFO  epoch 2 evaluating [time: 16.24s, valid_score: 0.036800]
25 Oct 08:30    INFO  valid result: 
recall@10 : 0.0361    recall@20 : 0.0609    recall@50 : 0.1156    ndcg@10 : 0.0283    ndcg@20 : 0.0368    ndcg@50 : 0.0529    
25 Oct 08:30    INFO  Saving current best: saved/DirectAU-Oct-25-2023_08-28-10.pth
25 Oct 08:30    INFO  epoch 3 training [time: 24.08s, train loss: -0.4404]
25 Oct 08:30    INFO  epoch 3 evaluating [time: 15.74s, valid_score: 0.039700]
25 Oct 08:30    INFO  valid result: 
recall@10 : 0.0399    recall@20 : 0.0656    recall@50 : 0.1233    ndcg@10 : 0.0309    ndcg@20 : 0.0397    ndcg@50 : 0.0566    
25 Oct 08:30    INFO  Saving current best: saved/DirectAU-Oct-25-2023_08-28-10.pth
25 Oct 08:31    INFO  epoch 4 training [time: 24.11s, train loss: -0.4711]
25 Oct 08:31    INFO  epoch 4 evaluating [time: 15.45s, valid_score: 0.042200]
25 Oct 08:31    INFO  valid result: 
recall@10 : 0.0413    recall@20 : 0.0695    recall@50 : 0.1289    ndcg@10 : 0.0326    ndcg@20 : 0.0422    ndcg@50 : 0.0595    
25 Oct 08:31    INFO  Saving current best: saved/DirectAU-Oct-25-2023_08-28-10.pth
25 Oct 08:31    INFO  epoch 5 training [time: 23.95s, train loss: -0.4939]
25 Oct 08:32    INFO  epoch 5 evaluating [time: 17.51s, valid_score: 0.043900]
25 Oct 08:32    INFO  valid result: 
recall@10 : 0.0441    recall@20 : 0.0729    recall@50 : 0.133    ndcg@10 : 0.0342    ndcg@20 : 0.0439    ndcg@50 : 0.0615    
25 Oct 08:32    INFO  Saving current best: saved/DirectAU-Oct-25-2023_08-28-10.pth
25 Oct 08:32    INFO  epoch 6 training [time: 24.06s, train loss: -0.5118]
25 Oct 08:32    INFO  epoch 6 evaluating [time: 15.77s, valid_score: 0.045700]
25 Oct 08:32    INFO  valid result: 
recall@10 : 0.0456    recall@20 : 0.0753    recall@50 : 0.1374    ndcg@10 : 0.0357    ndcg@20 : 0.0457    ndcg@50 : 0.0638    
25 Oct 08:32    INFO  Saving current best: saved/DirectAU-Oct-25-2023_08-28-10.pth
25 Oct 08:33    INFO  epoch 7 training [time: 24.07s, train loss: -0.5272]
25 Oct 08:33    INFO  epoch 7 evaluating [time: 16.26s, valid_score: 0.047200]
25 Oct 08:33    INFO  valid result: 
recall@10 : 0.0465    recall@20 : 0.0778    recall@50 : 0.1411    ndcg@10 : 0.0366    ndcg@20 : 0.0472    ndcg@50 : 0.0657    
25 Oct 08:33    INFO  Saving current best: saved/DirectAU-Oct-25-2023_08-28-10.pth
25 Oct 08:33    INFO  epoch 8 training [time: 23.98s, train loss: -0.5400]
25 Oct 08:34    INFO  epoch 8 evaluating [time: 16.29s, valid_score: 0.047900]
25 Oct 08:34    INFO  valid result: 
recall@10 : 0.0476    recall@20 : 0.0787    recall@50 : 0.144    ndcg@10 : 0.0373    ndcg@20 : 0.0479    ndcg@50 : 0.0669    
25 Oct 08:34    INFO  Saving current best: saved/DirectAU-Oct-25-2023_08-28-10.pth
25 Oct 08:34    INFO  epoch 9 training [time: 24.12s, train loss: -0.5509]
25 Oct 08:34    INFO  epoch 9 evaluating [time: 15.69s, valid_score: 0.049400]
25 Oct 08:34    INFO  valid result: 
recall@10 : 0.0495    recall@20 : 0.0809    recall@50 : 0.1476    ndcg@10 : 0.0388    ndcg@20 : 0.0494    ndcg@50 : 0.0688    
25 Oct 08:34    INFO  Saving current best: saved/DirectAU-Oct-25-2023_08-28-10.pth
25 Oct 08:35    INFO  epoch 10 training [time: 23.85s, train loss: -0.5605]
25 Oct 08:35    INFO  epoch 10 evaluating [time: 15.31s, valid_score: 0.050700]
25 Oct 08:35    INFO  valid result: 
recall@10 : 0.0508    recall@20 : 0.0826    recall@50 : 0.151    ndcg@10 : 0.04    ndcg@20 : 0.0507    ndcg@50 : 0.0706    
25 Oct 08:35    INFO  Saving current best: saved/DirectAU-Oct-25-2023_08-28-10.pth
25 Oct 08:35    INFO  epoch 11 training [time: 24.04s, train loss: -0.5684]
25 Oct 08:36    INFO  epoch 11 evaluating [time: 16.27s, valid_score: 0.051400]
25 Oct 08:36    INFO  valid result: 
recall@10 : 0.0511    recall@20 : 0.0842    recall@50 : 0.1539    ndcg@10 : 0.0402    ndcg@20 : 0.0514    ndcg@50 : 0.0717    
25 Oct 08:36    INFO  Saving current best: saved/DirectAU-Oct-25-2023_08-28-10.pth
25 Oct 08:36    INFO  epoch 12 training [time: 23.85s, train loss: -0.5755]
25 Oct 08:36    INFO  epoch 12 evaluating [time: 15.74s, valid_score: 0.052800]
25 Oct 08:36    INFO  valid result: 
recall@10 : 0.0534    recall@20 : 0.0863    recall@50 : 0.1563    ndcg@10 : 0.0416    ndcg@20 : 0.0528    ndcg@50 : 0.0732    
25 Oct 08:36    INFO  Saving current best: saved/DirectAU-Oct-25-2023_08-28-10.pth
25 Oct 08:37    INFO  epoch 13 training [time: 24.02s, train loss: -0.5816]
25 Oct 08:37    INFO  epoch 13 evaluating [time: 16.94s, valid_score: 0.053700]
25 Oct 08:37    INFO  valid result: 
recall@10 : 0.0541    recall@20 : 0.0874    recall@50 : 0.1575    ndcg@10 : 0.0424    ndcg@20 : 0.0537    ndcg@50 : 0.074    
25 Oct 08:37    INFO  Saving current best: saved/DirectAU-Oct-25-2023_08-28-10.pth
25 Oct 08:37    INFO  epoch 14 training [time: 24.01s, train loss: -0.5867]
25 Oct 08:38    INFO  epoch 14 evaluating [time: 15.49s, valid_score: 0.055100]
25 Oct 08:38    INFO  valid result: 
recall@10 : 0.0548    recall@20 : 0.0895    recall@50 : 0.1601    ndcg@10 : 0.0433    ndcg@20 : 0.0551    ndcg@50 : 0.0756    
25 Oct 08:38    INFO  Saving current best: saved/DirectAU-Oct-25-2023_08-28-10.pth
25 Oct 08:38    INFO  epoch 15 training [time: 24.00s, train loss: -0.5913]
25 Oct 08:38    INFO  epoch 15 evaluating [time: 16.56s, valid_score: 0.055400]
25 Oct 08:38    INFO  valid result: 
recall@10 : 0.0557    recall@20 : 0.0903    recall@50 : 0.1622    ndcg@10 : 0.0436    ndcg@20 : 0.0554    ndcg@50 : 0.0763    
25 Oct 08:38    INFO  Saving current best: saved/DirectAU-Oct-25-2023_08-28-10.pth
25 Oct 08:39    INFO  epoch 16 training [time: 23.94s, train loss: -0.5953]
25 Oct 08:39    INFO  epoch 16 evaluating [time: 16.29s, valid_score: 0.056500]
25 Oct 08:39    INFO  valid result: 
recall@10 : 0.0561    recall@20 : 0.092    recall@50 : 0.1637    ndcg@10 : 0.0444    ndcg@20 : 0.0565    ndcg@50 : 0.0774    
25 Oct 08:39    INFO  Saving current best: saved/DirectAU-Oct-25-2023_08-28-10.pth
25 Oct 08:40    INFO  epoch 17 training [time: 23.92s, train loss: -0.5990]
25 Oct 08:40    INFO  epoch 17 evaluating [time: 17.41s, valid_score: 0.056500]
25 Oct 08:40    INFO  valid result: 
recall@10 : 0.0559    recall@20 : 0.0922    recall@50 : 0.1647    ndcg@10 : 0.0442    ndcg@20 : 0.0565    ndcg@50 : 0.0776    
25 Oct 08:40    INFO  epoch 18 training [time: 23.63s, train loss: -0.6020]
25 Oct 08:40    INFO  epoch 18 evaluating [time: 15.46s, valid_score: 0.057300]
25 Oct 08:40    INFO  valid result: 
recall@10 : 0.0571    recall@20 : 0.0933    recall@50 : 0.1659    ndcg@10 : 0.045    ndcg@20 : 0.0573    ndcg@50 : 0.0783    
25 Oct 08:40    INFO  Saving current best: saved/DirectAU-Oct-25-2023_08-28-10.pth
25 Oct 08:41    INFO  epoch 19 training [time: 23.82s, train loss: -0.6047]
25 Oct 08:41    INFO  epoch 19 evaluating [time: 15.38s, valid_score: 0.057900]
25 Oct 08:41    INFO  valid result: 
recall@10 : 0.0581    recall@20 : 0.0939    recall@50 : 0.1672    ndcg@10 : 0.0457    ndcg@20 : 0.0579    ndcg@50 : 0.0791    
25 Oct 08:41    INFO  Saving current best: saved/DirectAU-Oct-25-2023_08-28-10.pth
25 Oct 08:42    INFO  epoch 20 training [time: 23.96s, train loss: -0.6070]
25 Oct 08:42    INFO  epoch 20 evaluating [time: 17.59s, valid_score: 0.058000]
25 Oct 08:42    INFO  valid result: 
recall@10 : 0.0581    recall@20 : 0.0944    recall@50 : 0.1672    ndcg@10 : 0.0458    ndcg@20 : 0.058    ndcg@50 : 0.0792    
25 Oct 08:42    INFO  Saving current best: saved/DirectAU-Oct-25-2023_08-28-10.pth
25 Oct 08:42    INFO  epoch 21 training [time: 24.00s, train loss: -0.6090]
25 Oct 08:42    INFO  epoch 21 evaluating [time: 15.20s, valid_score: 0.058400]
25 Oct 08:42    INFO  valid result: 
recall@10 : 0.0584    recall@20 : 0.0944    recall@50 : 0.169    ndcg@10 : 0.0462    ndcg@20 : 0.0584    ndcg@50 : 0.0801    
25 Oct 08:42    INFO  Saving current best: saved/DirectAU-Oct-25-2023_08-28-10.pth
25 Oct 08:43    INFO  epoch 22 training [time: 23.94s, train loss: -0.6107]
25 Oct 08:43    INFO  epoch 22 evaluating [time: 15.22s, valid_score: 0.058800]
25 Oct 08:43    INFO  valid result: 
recall@10 : 0.0587    recall@20 : 0.0953    recall@50 : 0.1701    ndcg@10 : 0.0464    ndcg@20 : 0.0588    ndcg@50 : 0.0805    
25 Oct 08:43    INFO  Saving current best: saved/DirectAU-Oct-25-2023_08-28-10.pth
25 Oct 08:44    INFO  epoch 23 training [time: 23.81s, train loss: -0.6124]
25 Oct 08:44    INFO  epoch 23 evaluating [time: 15.25s, valid_score: 0.059200]
25 Oct 08:44    INFO  valid result: 
recall@10 : 0.0592    recall@20 : 0.0957    recall@50 : 0.1707    ndcg@10 : 0.0468    ndcg@20 : 0.0592    ndcg@50 : 0.0809    
25 Oct 08:44    INFO  Saving current best: saved/DirectAU-Oct-25-2023_08-28-10.pth
25 Oct 08:44    INFO  epoch 24 training [time: 23.81s, train loss: -0.6138]
25 Oct 08:44    INFO  epoch 24 evaluating [time: 15.22s, valid_score: 0.059500]
25 Oct 08:44    INFO  valid result: 
recall@10 : 0.0596    recall@20 : 0.096    recall@50 : 0.1714    ndcg@10 : 0.0471    ndcg@20 : 0.0595    ndcg@50 : 0.0814    
25 Oct 08:44    INFO  Saving current best: saved/DirectAU-Oct-25-2023_08-28-10.pth
25 Oct 08:45    INFO  epoch 25 training [time: 23.91s, train loss: -0.6149]
25 Oct 08:45    INFO  epoch 25 evaluating [time: 15.14s, valid_score: 0.059600]
25 Oct 08:45    INFO  valid result: 
recall@10 : 0.0601    recall@20 : 0.0962    recall@50 : 0.1717    ndcg@10 : 0.0474    ndcg@20 : 0.0596    ndcg@50 : 0.0815    
25 Oct 08:45    INFO  Saving current best: saved/DirectAU-Oct-25-2023_08-28-10.pth
25 Oct 08:45    INFO  epoch 26 training [time: 23.99s, train loss: -0.6160]
25 Oct 08:46    INFO  epoch 26 evaluating [time: 15.50s, valid_score: 0.059700]
25 Oct 08:46    INFO  valid result: 
recall@10 : 0.0604    recall@20 : 0.0963    recall@50 : 0.1723    ndcg@10 : 0.0476    ndcg@20 : 0.0597    ndcg@50 : 0.0819    
25 Oct 08:46    INFO  Saving current best: saved/DirectAU-Oct-25-2023_08-28-10.pth
25 Oct 08:46    INFO  epoch 27 training [time: 23.88s, train loss: -0.6171]
25 Oct 08:46    INFO  epoch 27 evaluating [time: 15.15s, valid_score: 0.060200]
25 Oct 08:46    INFO  valid result: 
recall@10 : 0.0603    recall@20 : 0.0972    recall@50 : 0.1734    ndcg@10 : 0.0477    ndcg@20 : 0.0602    ndcg@50 : 0.0823    
25 Oct 08:46    INFO  Saving current best: saved/DirectAU-Oct-25-2023_08-28-10.pth
25 Oct 08:47    INFO  epoch 28 training [time: 23.97s, train loss: -0.6179]
25 Oct 08:47    INFO  epoch 28 evaluating [time: 15.19s, valid_score: 0.060700]
25 Oct 08:47    INFO  valid result: 
recall@10 : 0.0606    recall@20 : 0.0979    recall@50 : 0.1731    ndcg@10 : 0.048    ndcg@20 : 0.0607    ndcg@50 : 0.0825    
25 Oct 08:47    INFO  Saving current best: saved/DirectAU-Oct-25-2023_08-28-10.pth
25 Oct 08:47    INFO  epoch 29 training [time: 23.90s, train loss: -0.6187]
25 Oct 08:48    INFO  epoch 29 evaluating [time: 15.15s, valid_score: 0.060600]
25 Oct 08:48    INFO  valid result: 
recall@10 : 0.0604    recall@20 : 0.0974    recall@50 : 0.1741    ndcg@10 : 0.048    ndcg@20 : 0.0606    ndcg@50 : 0.0828    
25 Oct 08:48    INFO  epoch 30 training [time: 24.11s, train loss: -0.6194]
25 Oct 08:48    INFO  epoch 30 evaluating [time: 14.94s, valid_score: 0.060800]
25 Oct 08:48    INFO  valid result: 
recall@10 : 0.061    recall@20 : 0.0981    recall@50 : 0.1744    ndcg@10 : 0.0482    ndcg@20 : 0.0608    ndcg@50 : 0.0829    
25 Oct 08:48    INFO  Saving current best: saved/DirectAU-Oct-25-2023_08-28-10.pth
25 Oct 08:49    INFO  epoch 31 training [time: 23.98s, train loss: -0.6200]
25 Oct 08:49    INFO  epoch 31 evaluating [time: 17.53s, valid_score: 0.061100]
25 Oct 08:49    INFO  valid result: 
recall@10 : 0.0614    recall@20 : 0.0985    recall@50 : 0.1747    ndcg@10 : 0.0486    ndcg@20 : 0.0611    ndcg@50 : 0.0833    
25 Oct 08:49    INFO  Saving current best: saved/DirectAU-Oct-25-2023_08-28-10.pth
25 Oct 08:49    INFO  epoch 32 training [time: 23.92s, train loss: -0.6205]
25 Oct 08:50    INFO  epoch 32 evaluating [time: 14.93s, valid_score: 0.061000]
25 Oct 08:50    INFO  valid result: 
recall@10 : 0.0611    recall@20 : 0.0983    recall@50 : 0.1755    ndcg@10 : 0.0484    ndcg@20 : 0.061    ndcg@50 : 0.0834    
25 Oct 08:50    INFO  epoch 33 training [time: 23.76s, train loss: -0.6211]
25 Oct 08:50    INFO  epoch 33 evaluating [time: 15.17s, valid_score: 0.061300]
25 Oct 08:50    INFO  valid result: 
recall@10 : 0.0618    recall@20 : 0.0985    recall@50 : 0.176    ndcg@10 : 0.0488    ndcg@20 : 0.0613    ndcg@50 : 0.0837    
25 Oct 08:50    INFO  Saving current best: saved/DirectAU-Oct-25-2023_08-28-10.pth
25 Oct 08:51    INFO  epoch 34 training [time: 23.97s, train loss: -0.6216]
25 Oct 08:51    INFO  epoch 34 evaluating [time: 14.82s, valid_score: 0.061600]
25 Oct 08:51    INFO  valid result: 
recall@10 : 0.0618    recall@20 : 0.0989    recall@50 : 0.1759    ndcg@10 : 0.049    ndcg@20 : 0.0616    ndcg@50 : 0.0839    
25 Oct 08:51    INFO  Saving current best: saved/DirectAU-Oct-25-2023_08-28-10.pth
25 Oct 08:51    INFO  epoch 35 training [time: 24.00s, train loss: -0.6220]
25 Oct 08:52    INFO  epoch 35 evaluating [time: 15.19s, valid_score: 0.061700]
25 Oct 08:52    INFO  valid result: 
recall@10 : 0.0621    recall@20 : 0.0996    recall@50 : 0.1764    ndcg@10 : 0.049    ndcg@20 : 0.0617    ndcg@50 : 0.084    
25 Oct 08:52    INFO  Saving current best: saved/DirectAU-Oct-25-2023_08-28-10.pth
25 Oct 08:52    INFO  epoch 36 training [time: 23.95s, train loss: -0.6225]
25 Oct 08:52    INFO  epoch 36 evaluating [time: 17.39s, valid_score: 0.061700]
25 Oct 08:52    INFO  valid result: 
recall@10 : 0.0616    recall@20 : 0.0993    recall@50 : 0.1762    ndcg@10 : 0.0489    ndcg@20 : 0.0617    ndcg@50 : 0.084    
25 Oct 08:53    INFO  epoch 37 training [time: 24.02s, train loss: -0.6228]
25 Oct 08:53    INFO  epoch 37 evaluating [time: 17.46s, valid_score: 0.061700]
25 Oct 08:53    INFO  valid result: 
recall@10 : 0.0623    recall@20 : 0.0991    recall@50 : 0.177    ndcg@10 : 0.0493    ndcg@20 : 0.0617    ndcg@50 : 0.0843    
25 Oct 08:53    INFO  epoch 38 training [time: 23.98s, train loss: -0.6232]
25 Oct 08:54    INFO  epoch 38 evaluating [time: 14.93s, valid_score: 0.061700]
25 Oct 08:54    INFO  valid result: 
recall@10 : 0.0615    recall@20 : 0.0992    recall@50 : 0.1771    ndcg@10 : 0.0489    ndcg@20 : 0.0617    ndcg@50 : 0.0843    
25 Oct 08:54    INFO  epoch 39 training [time: 23.87s, train loss: -0.6235]
25 Oct 08:54    INFO  epoch 39 evaluating [time: 17.39s, valid_score: 0.062000]
25 Oct 08:54    INFO  valid result: 
recall@10 : 0.0621    recall@20 : 0.0994    recall@50 : 0.1768    ndcg@10 : 0.0493    ndcg@20 : 0.062    ndcg@50 : 0.0844    
25 Oct 08:54    INFO  Saving current best: saved/DirectAU-Oct-25-2023_08-28-10.pth
25 Oct 08:55    INFO  epoch 40 training [time: 23.89s, train loss: -0.6237]
25 Oct 08:55    INFO  epoch 40 evaluating [time: 14.93s, valid_score: 0.062200]
25 Oct 08:55    INFO  valid result: 
recall@10 : 0.0621    recall@20 : 0.1002    recall@50 : 0.1773    ndcg@10 : 0.0493    ndcg@20 : 0.0622    ndcg@50 : 0.0846    
25 Oct 08:55    INFO  Saving current best: saved/DirectAU-Oct-25-2023_08-28-10.pth
25 Oct 08:55    INFO  epoch 41 training [time: 23.89s, train loss: -0.6237]
25 Oct 08:56    INFO  epoch 41 evaluating [time: 15.14s, valid_score: 0.062400]
25 Oct 08:56    INFO  valid result: 
recall@10 : 0.0619    recall@20 : 0.1005    recall@50 : 0.1776    ndcg@10 : 0.0493    ndcg@20 : 0.0624    ndcg@50 : 0.0848    
25 Oct 08:56    INFO  Saving current best: saved/DirectAU-Oct-25-2023_08-28-10.pth
25 Oct 08:56    INFO  epoch 42 training [time: 23.89s, train loss: -0.6239]
25 Oct 08:56    INFO  epoch 42 evaluating [time: 15.34s, valid_score: 0.062300]
25 Oct 08:56    INFO  valid result: 
recall@10 : 0.0623    recall@20 : 0.0999    recall@50 : 0.1782    ndcg@10 : 0.0496    ndcg@20 : 0.0623    ndcg@50 : 0.085    
25 Oct 08:57    INFO  epoch 43 training [time: 23.88s, train loss: -0.6240]
25 Oct 08:57    INFO  epoch 43 evaluating [time: 14.96s, valid_score: 0.062300]
25 Oct 08:57    INFO  valid result: 
recall@10 : 0.0628    recall@20 : 0.1002    recall@50 : 0.1779    ndcg@10 : 0.0497    ndcg@20 : 0.0623    ndcg@50 : 0.0849    
25 Oct 08:57    INFO  epoch 44 training [time: 23.84s, train loss: -0.6242]
25 Oct 08:58    INFO  epoch 44 evaluating [time: 17.38s, valid_score: 0.062300]
25 Oct 08:58    INFO  valid result: 
recall@10 : 0.0625    recall@20 : 0.0996    recall@50 : 0.1785    ndcg@10 : 0.0498    ndcg@20 : 0.0623    ndcg@50 : 0.0852    
25 Oct 08:58    INFO  epoch 45 training [time: 23.92s, train loss: -0.6243]
25 Oct 08:58    INFO  epoch 45 evaluating [time: 17.09s, valid_score: 0.062300]
25 Oct 08:58    INFO  valid result: 
recall@10 : 0.0626    recall@20 : 0.1002    recall@50 : 0.1783    ndcg@10 : 0.0496    ndcg@20 : 0.0623    ndcg@50 : 0.085    
25 Oct 08:59    INFO  epoch 46 training [time: 23.87s, train loss: -0.6244]
25 Oct 08:59    INFO  epoch 46 evaluating [time: 16.79s, valid_score: 0.062600]
25 Oct 08:59    INFO  valid result: 
recall@10 : 0.0626    recall@20 : 0.1005    recall@50 : 0.1791    ndcg@10 : 0.0498    ndcg@20 : 0.0626    ndcg@50 : 0.0854    
25 Oct 08:59    INFO  Saving current best: saved/DirectAU-Oct-25-2023_08-28-10.pth
25 Oct 08:59    INFO  epoch 47 training [time: 23.61s, train loss: -0.6244]
25 Oct 09:00    INFO  epoch 47 evaluating [time: 14.91s, valid_score: 0.062700]
25 Oct 09:00    INFO  valid result: 
recall@10 : 0.063    recall@20 : 0.1005    recall@50 : 0.1781    ndcg@10 : 0.0499    ndcg@20 : 0.0627    ndcg@50 : 0.0852    
25 Oct 09:00    INFO  Saving current best: saved/DirectAU-Oct-25-2023_08-28-10.pth
25 Oct 09:00    INFO  epoch 48 training [time: 23.82s, train loss: -0.6246]
25 Oct 09:00    INFO  epoch 48 evaluating [time: 15.10s, valid_score: 0.062700]
25 Oct 09:00    INFO  valid result: 
recall@10 : 0.0632    recall@20 : 0.1007    recall@50 : 0.1787    ndcg@10 : 0.05    ndcg@20 : 0.0627    ndcg@50 : 0.0854    
25 Oct 09:01    INFO  epoch 49 training [time: 23.86s, train loss: -0.6247]
25 Oct 09:01    INFO  epoch 49 evaluating [time: 14.90s, valid_score: 0.062700]
25 Oct 09:01    INFO  valid result: 
recall@10 : 0.0625    recall@20 : 0.1003    recall@50 : 0.1788    ndcg@10 : 0.0498    ndcg@20 : 0.0627    ndcg@50 : 0.0854    
25 Oct 09:01    INFO  epoch 50 training [time: 23.81s, train loss: -0.6247]
25 Oct 09:02    INFO  epoch 50 evaluating [time: 15.38s, valid_score: 0.062900]
25 Oct 09:02    INFO  valid result: 
recall@10 : 0.0624    recall@20 : 0.1007    recall@50 : 0.1783    ndcg@10 : 0.0499    ndcg@20 : 0.0629    ndcg@50 : 0.0854    
25 Oct 09:02    INFO  Saving current best: saved/DirectAU-Oct-25-2023_08-28-10.pth
25 Oct 09:02    INFO  epoch 51 training [time: 23.83s, train loss: -0.6246]
25 Oct 09:02    INFO  epoch 51 evaluating [time: 15.28s, valid_score: 0.063100]
25 Oct 09:02    INFO  valid result: 
recall@10 : 0.0634    recall@20 : 0.101    recall@50 : 0.1785    ndcg@10 : 0.0503    ndcg@20 : 0.0631    ndcg@50 : 0.0856    
25 Oct 09:02    INFO  Saving current best: saved/DirectAU-Oct-25-2023_08-28-10.pth
25 Oct 09:03    INFO  epoch 52 training [time: 23.72s, train loss: -0.6247]
25 Oct 09:03    INFO  epoch 52 evaluating [time: 15.22s, valid_score: 0.063000]
25 Oct 09:03    INFO  valid result: 
recall@10 : 0.0627    recall@20 : 0.1006    recall@50 : 0.1797    ndcg@10 : 0.0501    ndcg@20 : 0.063    ndcg@50 : 0.0859    
25 Oct 09:03    INFO  epoch 53 training [time: 23.81s, train loss: -0.6249]
25 Oct 09:04    INFO  epoch 53 evaluating [time: 15.08s, valid_score: 0.063100]
25 Oct 09:04    INFO  valid result: 
recall@10 : 0.0628    recall@20 : 0.1014    recall@50 : 0.1787    ndcg@10 : 0.0501    ndcg@20 : 0.0631    ndcg@50 : 0.0856    
25 Oct 09:04    INFO  epoch 54 training [time: 23.83s, train loss: -0.6249]
25 Oct 09:04    INFO  epoch 54 evaluating [time: 15.21s, valid_score: 0.062900]
25 Oct 09:04    INFO  valid result: 
recall@10 : 0.063    recall@20 : 0.1009    recall@50 : 0.1792    ndcg@10 : 0.0501    ndcg@20 : 0.0629    ndcg@50 : 0.0856    
25 Oct 09:05    INFO  epoch 55 training [time: 23.78s, train loss: -0.6248]
25 Oct 09:05    INFO  epoch 55 evaluating [time: 15.26s, valid_score: 0.063000]
25 Oct 09:05    INFO  valid result: 
recall@10 : 0.0629    recall@20 : 0.101    recall@50 : 0.1792    ndcg@10 : 0.0501    ndcg@20 : 0.063    ndcg@50 : 0.0857    
25 Oct 09:05    INFO  epoch 56 training [time: 23.83s, train loss: -0.6249]
25 Oct 09:06    INFO  epoch 56 evaluating [time: 14.96s, valid_score: 0.063100]
25 Oct 09:06    INFO  valid result: 
recall@10 : 0.063    recall@20 : 0.1009    recall@50 : 0.1796    ndcg@10 : 0.0503    ndcg@20 : 0.0631    ndcg@50 : 0.0859    
25 Oct 09:06    INFO  epoch 57 training [time: 23.78s, train loss: -0.6250]
25 Oct 09:06    INFO  epoch 57 evaluating [time: 15.23s, valid_score: 0.062900]
25 Oct 09:06    INFO  valid result: 
recall@10 : 0.0632    recall@20 : 0.1009    recall@50 : 0.1798    ndcg@10 : 0.0501    ndcg@20 : 0.0629    ndcg@50 : 0.0857    
25 Oct 09:07    INFO  epoch 58 training [time: 23.78s, train loss: -0.6250]
25 Oct 09:07    INFO  epoch 58 evaluating [time: 15.35s, valid_score: 0.063000]
25 Oct 09:07    INFO  valid result: 
recall@10 : 0.0635    recall@20 : 0.101    recall@50 : 0.1802    ndcg@10 : 0.0504    ndcg@20 : 0.063    ndcg@50 : 0.086    
25 Oct 09:07    INFO  epoch 59 training [time: 23.80s, train loss: -0.6251]
25 Oct 09:07    INFO  epoch 59 evaluating [time: 15.27s, valid_score: 0.063300]
25 Oct 09:07    INFO  valid result: 
recall@10 : 0.0634    recall@20 : 0.1015    recall@50 : 0.18    ndcg@10 : 0.0504    ndcg@20 : 0.0633    ndcg@50 : 0.086    
25 Oct 09:07    INFO  Saving current best: saved/DirectAU-Oct-25-2023_08-28-10.pth
25 Oct 09:08    INFO  epoch 60 training [time: 23.77s, train loss: -0.6250]
25 Oct 09:08    INFO  epoch 60 evaluating [time: 14.87s, valid_score: 0.063500]
25 Oct 09:08    INFO  valid result: 
recall@10 : 0.0636    recall@20 : 0.1019    recall@50 : 0.1801    ndcg@10 : 0.0506    ndcg@20 : 0.0635    ndcg@50 : 0.0862    
25 Oct 09:08    INFO  Saving current best: saved/DirectAU-Oct-25-2023_08-28-10.pth
25 Oct 09:09    INFO  epoch 61 training [time: 23.84s, train loss: -0.6250]
25 Oct 09:09    INFO  epoch 61 evaluating [time: 15.00s, valid_score: 0.063000]
25 Oct 09:09    INFO  valid result: 
recall@10 : 0.0629    recall@20 : 0.1012    recall@50 : 0.1797    ndcg@10 : 0.0501    ndcg@20 : 0.063    ndcg@50 : 0.0858    
25 Oct 09:09    INFO  epoch 62 training [time: 23.83s, train loss: -0.6252]
25 Oct 09:09    INFO  epoch 62 evaluating [time: 14.95s, valid_score: 0.063200]
25 Oct 09:09    INFO  valid result: 
recall@10 : 0.0631    recall@20 : 0.1012    recall@50 : 0.1796    ndcg@10 : 0.0503    ndcg@20 : 0.0632    ndcg@50 : 0.086    
25 Oct 09:10    INFO  epoch 63 training [time: 23.74s, train loss: -0.6250]
25 Oct 09:10    INFO  epoch 63 evaluating [time: 15.17s, valid_score: 0.063400]
25 Oct 09:10    INFO  valid result: 
recall@10 : 0.0633    recall@20 : 0.1017    recall@50 : 0.1796    ndcg@10 : 0.0504    ndcg@20 : 0.0634    ndcg@50 : 0.086    
25 Oct 09:10    INFO  epoch 64 training [time: 23.78s, train loss: -0.6252]
25 Oct 09:11    INFO  epoch 64 evaluating [time: 14.83s, valid_score: 0.063400]
25 Oct 09:11    INFO  valid result: 
recall@10 : 0.0633    recall@20 : 0.1019    recall@50 : 0.1797    ndcg@10 : 0.0504    ndcg@20 : 0.0634    ndcg@50 : 0.086    
25 Oct 09:11    INFO  epoch 65 training [time: 23.78s, train loss: -0.6252]
25 Oct 09:11    INFO  epoch 65 evaluating [time: 15.37s, valid_score: 0.063200]
25 Oct 09:11    INFO  valid result: 
recall@10 : 0.0635    recall@20 : 0.1012    recall@50 : 0.1803    ndcg@10 : 0.0504    ndcg@20 : 0.0632    ndcg@50 : 0.0861    
25 Oct 09:12    INFO  epoch 66 training [time: 23.86s, train loss: -0.6252]
25 Oct 09:12    INFO  epoch 66 evaluating [time: 17.09s, valid_score: 0.063200]
25 Oct 09:12    INFO  valid result: 
recall@10 : 0.0639    recall@20 : 0.1013    recall@50 : 0.1801    ndcg@10 : 0.0505    ndcg@20 : 0.0632    ndcg@50 : 0.086    
25 Oct 09:12    INFO  epoch 67 training [time: 23.74s, train loss: -0.6253]
25 Oct 09:13    INFO  epoch 67 evaluating [time: 15.33s, valid_score: 0.063400]
25 Oct 09:13    INFO  valid result: 
recall@10 : 0.0635    recall@20 : 0.1019    recall@50 : 0.1797    ndcg@10 : 0.0505    ndcg@20 : 0.0634    ndcg@50 : 0.086    
25 Oct 09:13    INFO  epoch 68 training [time: 23.72s, train loss: -0.6252]
25 Oct 09:13    INFO  epoch 68 evaluating [time: 15.26s, valid_score: 0.063100]
25 Oct 09:13    INFO  valid result: 
recall@10 : 0.0635    recall@20 : 0.1013    recall@50 : 0.1799    ndcg@10 : 0.0503    ndcg@20 : 0.0631    ndcg@50 : 0.086    
25 Oct 09:14    INFO  epoch 69 training [time: 23.82s, train loss: -0.6253]
25 Oct 09:14    INFO  epoch 69 evaluating [time: 14.96s, valid_score: 0.063300]
25 Oct 09:14    INFO  valid result: 
recall@10 : 0.0637    recall@20 : 0.102    recall@50 : 0.1801    ndcg@10 : 0.0504    ndcg@20 : 0.0633    ndcg@50 : 0.086    
25 Oct 09:14    INFO  epoch 70 training [time: 23.81s, train loss: -0.6254]
25 Oct 09:15    INFO  epoch 70 evaluating [time: 15.17s, valid_score: 0.063400]
25 Oct 09:15    INFO  valid result: 
recall@10 : 0.0637    recall@20 : 0.1018    recall@50 : 0.1808    ndcg@10 : 0.0505    ndcg@20 : 0.0634    ndcg@50 : 0.0863    
25 Oct 09:15    INFO  epoch 71 training [time: 23.95s, train loss: -0.6255]
25 Oct 09:15    INFO  epoch 71 evaluating [time: 14.89s, valid_score: 0.063600]
25 Oct 09:15    INFO  valid result: 
recall@10 : 0.0639    recall@20 : 0.1018    recall@50 : 0.181    ndcg@10 : 0.0508    ndcg@20 : 0.0636    ndcg@50 : 0.0866    
25 Oct 09:15    INFO  Saving current best: saved/DirectAU-Oct-25-2023_08-28-10.pth
25 Oct 09:16    INFO  epoch 72 training [time: 23.88s, train loss: -0.6253]
25 Oct 09:16    INFO  epoch 72 evaluating [time: 15.29s, valid_score: 0.063500]
25 Oct 09:16    INFO  valid result: 
recall@10 : 0.0637    recall@20 : 0.1021    recall@50 : 0.1803    ndcg@10 : 0.0505    ndcg@20 : 0.0635    ndcg@50 : 0.0862    
25 Oct 09:16    INFO  epoch 73 training [time: 23.79s, train loss: -0.6255]
25 Oct 09:17    INFO  epoch 73 evaluating [time: 14.78s, valid_score: 0.063600]
25 Oct 09:17    INFO  valid result: 
recall@10 : 0.0632    recall@20 : 0.1026    recall@50 : 0.1808    ndcg@10 : 0.0503    ndcg@20 : 0.0636    ndcg@50 : 0.0863    
25 Oct 09:17    INFO  epoch 74 training [time: 23.76s, train loss: -0.6254]
25 Oct 09:17    INFO  epoch 74 evaluating [time: 15.10s, valid_score: 0.063700]
25 Oct 09:17    INFO  valid result: 
recall@10 : 0.0636    recall@20 : 0.102    recall@50 : 0.1809    ndcg@10 : 0.0507    ndcg@20 : 0.0637    ndcg@50 : 0.0866    
25 Oct 09:17    INFO  Saving current best: saved/DirectAU-Oct-25-2023_08-28-10.pth
25 Oct 09:18    INFO  epoch 75 training [time: 23.85s, train loss: -0.6255]
25 Oct 09:18    INFO  epoch 75 evaluating [time: 14.86s, valid_score: 0.063600]
25 Oct 09:18    INFO  valid result: 
recall@10 : 0.064    recall@20 : 0.1022    recall@50 : 0.1811    ndcg@10 : 0.0507    ndcg@20 : 0.0636    ndcg@50 : 0.0865    
25 Oct 09:18    INFO  epoch 76 training [time: 23.81s, train loss: -0.6254]
25 Oct 09:19    INFO  epoch 76 evaluating [time: 15.10s, valid_score: 0.063600]
25 Oct 09:19    INFO  valid result: 
recall@10 : 0.0638    recall@20 : 0.1023    recall@50 : 0.1805    ndcg@10 : 0.0506    ndcg@20 : 0.0636    ndcg@50 : 0.0863    
25 Oct 09:19    INFO  epoch 77 training [time: 23.96s, train loss: -0.6254]
25 Oct 09:19    INFO  epoch 77 evaluating [time: 14.88s, valid_score: 0.063400]
25 Oct 09:19    INFO  valid result: 
recall@10 : 0.0636    recall@20 : 0.1019    recall@50 : 0.1809    ndcg@10 : 0.0505    ndcg@20 : 0.0634    ndcg@50 : 0.0863    
25 Oct 09:20    INFO  epoch 78 training [time: 23.76s, train loss: -0.6255]
25 Oct 09:20    INFO  epoch 78 evaluating [time: 14.98s, valid_score: 0.063300]
25 Oct 09:20    INFO  valid result: 
recall@10 : 0.064    recall@20 : 0.1014    recall@50 : 0.1808    ndcg@10 : 0.0507    ndcg@20 : 0.0633    ndcg@50 : 0.0863    
25 Oct 09:20    INFO  epoch 79 training [time: 23.81s, train loss: -0.6255]
25 Oct 09:20    INFO  epoch 79 evaluating [time: 14.71s, valid_score: 0.063500]
25 Oct 09:20    INFO  valid result: 
recall@10 : 0.0636    recall@20 : 0.1018    recall@50 : 0.1808    ndcg@10 : 0.0507    ndcg@20 : 0.0635    ndcg@50 : 0.0864    
25 Oct 09:21    INFO  epoch 80 training [time: 23.88s, train loss: -0.6254]
25 Oct 09:21    INFO  epoch 80 evaluating [time: 15.34s, valid_score: 0.063600]
25 Oct 09:21    INFO  valid result: 
recall@10 : 0.0637    recall@20 : 0.1019    recall@50 : 0.1804    ndcg@10 : 0.0507    ndcg@20 : 0.0636    ndcg@50 : 0.0864    
25 Oct 09:22    INFO  epoch 81 training [time: 23.98s, train loss: -0.6254]
25 Oct 09:22    INFO  epoch 81 evaluating [time: 15.12s, valid_score: 0.063400]
25 Oct 09:22    INFO  valid result: 
recall@10 : 0.064    recall@20 : 0.1012    recall@50 : 0.1806    ndcg@10 : 0.0508    ndcg@20 : 0.0634    ndcg@50 : 0.0864    
25 Oct 09:22    INFO  epoch 82 training [time: 23.92s, train loss: -0.6255]
25 Oct 09:22    INFO  epoch 82 evaluating [time: 14.89s, valid_score: 0.063600]
25 Oct 09:22    INFO  valid result: 
recall@10 : 0.0638    recall@20 : 0.1016    recall@50 : 0.1806    ndcg@10 : 0.0508    ndcg@20 : 0.0636    ndcg@50 : 0.0864    
25 Oct 09:23    INFO  epoch 83 training [time: 23.79s, train loss: -0.6255]
25 Oct 09:23    INFO  epoch 83 evaluating [time: 17.16s, valid_score: 0.063700]
25 Oct 09:23    INFO  valid result: 
recall@10 : 0.0642    recall@20 : 0.1021    recall@50 : 0.1809    ndcg@10 : 0.0509    ndcg@20 : 0.0637    ndcg@50 : 0.0865    
25 Oct 09:23    INFO  epoch 84 training [time: 23.94s, train loss: -0.6256]
25 Oct 09:24    INFO  epoch 84 evaluating [time: 17.04s, valid_score: 0.063800]
25 Oct 09:24    INFO  valid result: 
recall@10 : 0.0639    recall@20 : 0.1023    recall@50 : 0.181    ndcg@10 : 0.0509    ndcg@20 : 0.0638    ndcg@50 : 0.0866    
25 Oct 09:24    INFO  Saving current best: saved/DirectAU-Oct-25-2023_08-28-10.pth
25 Oct 09:24    INFO  epoch 85 training [time: 23.84s, train loss: -0.6255]
25 Oct 09:24    INFO  epoch 85 evaluating [time: 14.99s, valid_score: 0.063600]
25 Oct 09:24    INFO  valid result: 
recall@10 : 0.0637    recall@20 : 0.1019    recall@50 : 0.1811    ndcg@10 : 0.0506    ndcg@20 : 0.0636    ndcg@50 : 0.0865    
25 Oct 09:25    INFO  epoch 86 training [time: 23.82s, train loss: -0.6257]
25 Oct 09:25    INFO  epoch 86 evaluating [time: 14.81s, valid_score: 0.063900]
25 Oct 09:25    INFO  valid result: 
recall@10 : 0.0636    recall@20 : 0.1029    recall@50 : 0.1815    ndcg@10 : 0.0506    ndcg@20 : 0.0639    ndcg@50 : 0.0867    
25 Oct 09:25    INFO  Saving current best: saved/DirectAU-Oct-25-2023_08-28-10.pth
25 Oct 09:25    INFO  epoch 87 training [time: 23.79s, train loss: -0.6256]
25 Oct 09:26    INFO  epoch 87 evaluating [time: 14.96s, valid_score: 0.063900]
25 Oct 09:26    INFO  valid result: 
recall@10 : 0.0642    recall@20 : 0.1025    recall@50 : 0.1804    ndcg@10 : 0.0509    ndcg@20 : 0.0639    ndcg@50 : 0.0865    
25 Oct 09:26    INFO  epoch 88 training [time: 23.73s, train loss: -0.6258]
25 Oct 09:26    INFO  epoch 88 evaluating [time: 14.70s, valid_score: 0.063800]
25 Oct 09:26    INFO  valid result: 
recall@10 : 0.0635    recall@20 : 0.1023    recall@50 : 0.1803    ndcg@10 : 0.0506    ndcg@20 : 0.0638    ndcg@50 : 0.0864    
25 Oct 09:27    INFO  epoch 89 training [time: 23.76s, train loss: -0.6256]
25 Oct 09:27    INFO  epoch 89 evaluating [time: 15.02s, valid_score: 0.064000]
25 Oct 09:27    INFO  valid result: 
recall@10 : 0.0637    recall@20 : 0.1024    recall@50 : 0.181    ndcg@10 : 0.0509    ndcg@20 : 0.064    ndcg@50 : 0.0867    
25 Oct 09:27    INFO  Saving current best: saved/DirectAU-Oct-25-2023_08-28-10.pth
25 Oct 09:27    INFO  epoch 90 training [time: 23.77s, train loss: -0.6257]
25 Oct 09:28    INFO  epoch 90 evaluating [time: 14.71s, valid_score: 0.064100]
25 Oct 09:28    INFO  valid result: 
recall@10 : 0.0641    recall@20 : 0.1027    recall@50 : 0.1813    ndcg@10 : 0.0511    ndcg@20 : 0.0641    ndcg@50 : 0.0869    
25 Oct 09:28    INFO  Saving current best: saved/DirectAU-Oct-25-2023_08-28-10.pth
25 Oct 09:28    INFO  epoch 91 training [time: 23.73s, train loss: -0.6257]
25 Oct 09:28    INFO  epoch 91 evaluating [time: 15.03s, valid_score: 0.063800]
25 Oct 09:28    INFO  valid result: 
recall@10 : 0.0637    recall@20 : 0.1022    recall@50 : 0.1807    ndcg@10 : 0.0507    ndcg@20 : 0.0638    ndcg@50 : 0.0865    
25 Oct 09:29    INFO  epoch 92 training [time: 23.81s, train loss: -0.6258]
25 Oct 09:29    INFO  epoch 92 evaluating [time: 14.99s, valid_score: 0.063900]
25 Oct 09:29    INFO  valid result: 
recall@10 : 0.0639    recall@20 : 0.1026    recall@50 : 0.1811    ndcg@10 : 0.0508    ndcg@20 : 0.0639    ndcg@50 : 0.0866    
25 Oct 09:29    INFO  epoch 93 training [time: 23.96s, train loss: -0.6259]
25 Oct 09:30    INFO  epoch 93 evaluating [time: 17.38s, valid_score: 0.063800]
25 Oct 09:30    INFO  valid result: 
recall@10 : 0.0643    recall@20 : 0.1023    recall@50 : 0.1809    ndcg@10 : 0.0509    ndcg@20 : 0.0638    ndcg@50 : 0.0865    
25 Oct 09:30    INFO  epoch 94 training [time: 23.87s, train loss: -0.6258]
25 Oct 09:30    INFO  epoch 94 evaluating [time: 15.20s, valid_score: 0.063900]
25 Oct 09:30    INFO  valid result: 
recall@10 : 0.0637    recall@20 : 0.1021    recall@50 : 0.1809    ndcg@10 : 0.0508    ndcg@20 : 0.0639    ndcg@50 : 0.0867    
25 Oct 09:31    INFO  epoch 95 training [time: 23.85s, train loss: -0.6258]
25 Oct 09:31    INFO  epoch 95 evaluating [time: 17.32s, valid_score: 0.063600]
25 Oct 09:31    INFO  valid result: 
recall@10 : 0.064    recall@20 : 0.102    recall@50 : 0.181    ndcg@10 : 0.0508    ndcg@20 : 0.0636    ndcg@50 : 0.0865    
25 Oct 09:31    INFO  epoch 96 training [time: 23.97s, train loss: -0.6258]
25 Oct 09:32    INFO  epoch 96 evaluating [time: 15.09s, valid_score: 0.063900]
25 Oct 09:32    INFO  valid result: 
recall@10 : 0.0644    recall@20 : 0.1026    recall@50 : 0.1812    ndcg@10 : 0.051    ndcg@20 : 0.0639    ndcg@50 : 0.0867    
25 Oct 09:32    INFO  epoch 97 training [time: 23.73s, train loss: -0.6258]
25 Oct 09:32    INFO  epoch 97 evaluating [time: 14.82s, valid_score: 0.063600]
25 Oct 09:32    INFO  valid result: 
recall@10 : 0.0639    recall@20 : 0.1019    recall@50 : 0.1811    ndcg@10 : 0.0508    ndcg@20 : 0.0636    ndcg@50 : 0.0866    
25 Oct 09:33    INFO  epoch 98 training [time: 23.70s, train loss: -0.6259]
25 Oct 09:33    INFO  epoch 98 evaluating [time: 15.06s, valid_score: 0.064000]
25 Oct 09:33    INFO  valid result: 
recall@10 : 0.0647    recall@20 : 0.1023    recall@50 : 0.1811    ndcg@10 : 0.0512    ndcg@20 : 0.064    ndcg@50 : 0.0868    
25 Oct 09:33    INFO  epoch 99 training [time: 23.80s, train loss: -0.6259]
25 Oct 09:34    INFO  epoch 99 evaluating [time: 14.81s, valid_score: 0.063500]
25 Oct 09:34    INFO  valid result: 
recall@10 : 0.0643    recall@20 : 0.1015    recall@50 : 0.1811    ndcg@10 : 0.0509    ndcg@20 : 0.0635    ndcg@50 : 0.0865    
25 Oct 09:34    INFO  epoch 100 training [time: 23.82s, train loss: -0.6259]
25 Oct 09:34    INFO  epoch 100 evaluating [time: 14.99s, valid_score: 0.063700]
25 Oct 09:34    INFO  valid result: 
recall@10 : 0.0639    recall@20 : 0.102    recall@50 : 0.1815    ndcg@10 : 0.0508    ndcg@20 : 0.0637    ndcg@50 : 0.0867    
25 Oct 09:35    INFO  epoch 101 training [time: 23.79s, train loss: -0.6260]
25 Oct 09:35    INFO  epoch 101 evaluating [time: 14.77s, valid_score: 0.063900]
25 Oct 09:35    INFO  valid result: 
recall@10 : 0.0641    recall@20 : 0.1023    recall@50 : 0.1808    ndcg@10 : 0.051    ndcg@20 : 0.0639    ndcg@50 : 0.0867    
25 Oct 09:35    INFO  Finished training, best eval result in epoch 90
25 Oct 09:35    INFO  Loading model structure and parameters from saved/DirectAU-Oct-25-2023_08-28-10.pth
25 Oct 09:35    INFO  best valid : {'recall@10': 0.0641, 'recall@20': 0.1027, 'recall@50': 0.1813, 'ndcg@10': 0.0511, 'ndcg@20': 0.0641, 'ndcg@50': 0.0869}
25 Oct 09:35    INFO  test result: {'recall@10': 0.0644, 'recall@20': 0.1031, 'recall@50': 0.1813, 'ndcg@10': 0.0513, 'ndcg@20': 0.0642, 'ndcg@50': 0.0868}
