command line args [--pud_id 3] will not be used in RecBole
25 Oct 12:02    INFO  
General Hyper Parameters:
gpu_id = 8
use_gpu = True
seed = 0
state = INFO
reproducibility = True
data_path = dataset/Gowalla
show_progress = False

Training Hyper Parameters:
checkpoint_dir = saved
epochs = 500
train_batch_size = 1024
learner = adam
learning_rate = 0.001
training_neg_sample_num = 0
training_neg_sample_distribution = uniform
eval_step = 1
stopping_step = 10
clip_grad_norm = None
weight_decay = 1e-06
draw_loss_pic = False
loss_decimal_place = 4

Evaluation Hyper Parameters:
eval_setting = RO_RS,full
group_by_user = True
split_ratio = [0.8, 0.1, 0.1]
leave_one_num = 2
real_time_process = False
metrics = ['Recall', 'NDCG']
topk = [10, 20, 50]
valid_metric = NDCG@20
eval_batch_size = 4096
metric_decimal_place = 4

Dataset Hyper Parameters:
field_separator = 	
seq_separator =  
USER_ID_FIELD = user_id
ITEM_ID_FIELD = item_id
RATING_FIELD = rating
TIME_FIELD = timestamp
seq_len = None
LABEL_FIELD = label
threshold = None
NEG_PREFIX = neg_
load_col = {'inter': ['user_id', 'item_id', 'timestamp']}
unload_col = None
unused_col = None
additional_feat_suffix = None
lowest_val = None
highest_val = None
equal_val = None
not_equal_val = None
max_user_inter_num = None
min_user_inter_num = 5
max_item_inter_num = None
min_item_inter_num = 5
fields_in_same_space = None
preload_weight = None
normalize_field = None
normalize_all = None
ITEM_LIST_LENGTH_FIELD = item_length
LIST_SUFFIX = _list
MAX_ITEM_LIST_LENGTH = 50
POSITION_FIELD = position_id
HEAD_ENTITY_ID_FIELD = head_id
TAIL_ENTITY_ID_FIELD = tail_id
RELATION_ID_FIELD = relation_id
ENTITY_ID_FIELD = entity_id

Other Hyper Parameters: 
valid_metric_bigger = True
BT = 0.1
bt = 0.001
embedding_size = 64
encoder = MF
gamma = 5
times = 1
witem = 0.1
wuser = 0.8
zc = None
rm_dup_inter = None
filter_inter_by_user_or_item = True
SOURCE_ID_FIELD = source_id
TARGET_ID_FIELD = target_id
benchmark_filename = None
MODEL_TYPE = ModelType.GENERAL
MODEL_INPUT_TYPE = InputType.POINTWISE
eval_type = EvaluatorType.RANKING
device = cuda
train_neg_sample_args = {'strategy': 'none'}


25 Oct 12:02    INFO  Gowalla
The number of users: 29859
Average actions of users: 34.408533726304505
The number of items: 40982
Average actions of items: 25.06942241526561
The number of inters: 1027370
The sparsity of the dataset: 99.91604269835769%
Remain Fields: ['user_id', 'item_id']
25 Oct 12:02    INFO  Build [GeneralDataLoader] for [train] with format [InputType.POINTWISE]
25 Oct 12:02    INFO  [train] No Negative Sampling
25 Oct 12:02    INFO  [train] batch_size = [1024], shuffle = [True]

25 Oct 12:02    INFO  Build [GeneralFullDataLoader] for [evaluation] with format [InputType.POINTWISE]
25 Oct 12:02    INFO  Evaluation Setting:
	Group by user_id
	Ordering: {'strategy': 'shuffle'}
	Splitting: {'strategy': 'by_ratio', 'ratios': [0.8, 0.1, 0.1]}
	Negative Sampling: {'strategy': 'full', 'distribution': 'uniform'}
25 Oct 12:02    INFO  [evaluation] batch_size = [4096], shuffle = [False]

25 Oct 12:02    WARNING  Batch size is changed to 40982.
25 Oct 12:02    WARNING  Batch size is changed to 40982.
{'BT': 0.1, 'bt': 0.001, 'embedding_size': 64, 'encoder': 'MF', 'gamma': None, 'times': 1, 'training_neg_sample_num': 0, 'witem': 0.1, 'wuser': 0.8, 'zc': None}
this is encoder MF...
这是directau 的 WUBT 版本...
25 Oct 12:02    INFO  DirectAU(
  (encoder): MFEncoder(
    (user_embedding): Embedding(29859, 64)
    (item_embedding): Embedding(40982, 64)
  )
  (bn): BatchNorm1d(64, eps=1e-05, momentum=0.1, affine=False, track_running_stats=True)
  (projector): Sequential(
    (0): Linear(in_features=64, out_features=64, bias=False)
    (1): BatchNorm1d(64, eps=1e-05, momentum=0.1, affine=True, track_running_stats=True)
    (2): ReLU(inplace=True)
    (3): Linear(in_features=64, out_features=64, bias=False)
    (4): BatchNorm1d(64, eps=1e-05, momentum=0.1, affine=True, track_running_stats=True)
    (5): ReLU(inplace=True)
    (6): Linear(in_features=64, out_features=64, bias=False)
  )
)
Trainable parameters: 4546368
25 Oct 12:03    INFO  epoch 0 training [time: 15.83s, train loss: -17.4523]
25 Oct 12:03    INFO  epoch 0 evaluating [time: 15.09s, valid_score: 0.026300]
25 Oct 12:03    INFO  valid result: 
recall@10 : 0.0301    recall@20 : 0.0461    recall@50 : 0.0766    ndcg@10 : 0.0213    ndcg@20 : 0.0263    ndcg@50 : 0.0344    
25 Oct 12:03    INFO  Saving current best: saved/DirectAU-Oct-25-2023_12-02-57.pth
25 Oct 12:03    INFO  epoch 1 training [time: 15.80s, train loss: -17.8558]
25 Oct 12:03    INFO  epoch 1 evaluating [time: 14.83s, valid_score: 0.042600]
25 Oct 12:03    INFO  valid result: 
recall@10 : 0.0502    recall@20 : 0.0772    recall@50 : 0.1315    ndcg@10 : 0.0345    ndcg@20 : 0.0426    ndcg@50 : 0.0564    
25 Oct 12:03    INFO  Saving current best: saved/DirectAU-Oct-25-2023_12-02-57.pth
25 Oct 12:04    INFO  epoch 2 training [time: 15.81s, train loss: -17.9747]
25 Oct 12:04    INFO  epoch 2 evaluating [time: 14.84s, valid_score: 0.050700]
25 Oct 12:04    INFO  valid result: 
recall@10 : 0.0601    recall@20 : 0.0926    recall@50 : 0.1538    ndcg@10 : 0.041    ndcg@20 : 0.0507    ndcg@50 : 0.066    
25 Oct 12:04    INFO  Saving current best: saved/DirectAU-Oct-25-2023_12-02-57.pth
25 Oct 12:04    INFO  epoch 3 training [time: 15.81s, train loss: -18.0324]
25 Oct 12:05    INFO  epoch 3 evaluating [time: 14.52s, valid_score: 0.055800]
25 Oct 12:05    INFO  valid result: 
recall@10 : 0.0663    recall@20 : 0.1017    recall@50 : 0.1688    ndcg@10 : 0.0453    ndcg@20 : 0.0558    ndcg@50 : 0.0726    
25 Oct 12:05    INFO  Saving current best: saved/DirectAU-Oct-25-2023_12-02-57.pth
25 Oct 12:05    INFO  epoch 4 training [time: 15.81s, train loss: -18.0692]
25 Oct 12:05    INFO  epoch 4 evaluating [time: 14.67s, valid_score: 0.058700]
25 Oct 12:05    INFO  valid result: 
recall@10 : 0.071    recall@20 : 0.1062    recall@50 : 0.1789    ndcg@10 : 0.0481    ndcg@20 : 0.0587    ndcg@50 : 0.0767    
25 Oct 12:05    INFO  Saving current best: saved/DirectAU-Oct-25-2023_12-02-57.pth
25 Oct 12:05    INFO  epoch 5 training [time: 15.80s, train loss: -18.0957]
25 Oct 12:06    INFO  epoch 5 evaluating [time: 14.52s, valid_score: 0.061900]
25 Oct 12:06    INFO  valid result: 
recall@10 : 0.0749    recall@20 : 0.1119    recall@50 : 0.1861    ndcg@10 : 0.051    ndcg@20 : 0.0619    ndcg@50 : 0.0803    
25 Oct 12:06    INFO  Saving current best: saved/DirectAU-Oct-25-2023_12-02-57.pth
25 Oct 12:06    INFO  epoch 6 training [time: 15.87s, train loss: -18.1169]
25 Oct 12:06    INFO  epoch 6 evaluating [time: 16.79s, valid_score: 0.064000]
25 Oct 12:06    INFO  valid result: 
recall@10 : 0.0768    recall@20 : 0.1152    recall@50 : 0.1933    ndcg@10 : 0.0526    ndcg@20 : 0.064    ndcg@50 : 0.0832    
25 Oct 12:06    INFO  Saving current best: saved/DirectAU-Oct-25-2023_12-02-57.pth
25 Oct 12:06    INFO  epoch 7 training [time: 15.86s, train loss: -18.1344]
25 Oct 12:07    INFO  epoch 7 evaluating [time: 14.36s, valid_score: 0.066100]
25 Oct 12:07    INFO  valid result: 
recall@10 : 0.0796    recall@20 : 0.121    recall@50 : 0.2022    ndcg@10 : 0.054    ndcg@20 : 0.0661    ndcg@50 : 0.0861    
25 Oct 12:07    INFO  Saving current best: saved/DirectAU-Oct-25-2023_12-02-57.pth
25 Oct 12:07    INFO  epoch 8 training [time: 15.81s, train loss: -18.1489]
25 Oct 12:07    INFO  epoch 8 evaluating [time: 14.49s, valid_score: 0.068800]
25 Oct 12:07    INFO  valid result: 
recall@10 : 0.0818    recall@20 : 0.1251    recall@50 : 0.2076    ndcg@10 : 0.056    ndcg@20 : 0.0688    ndcg@50 : 0.0891    
25 Oct 12:07    INFO  Saving current best: saved/DirectAU-Oct-25-2023_12-02-57.pth
25 Oct 12:07    INFO  epoch 9 training [time: 15.79s, train loss: -18.1627]
25 Oct 12:08    INFO  epoch 9 evaluating [time: 14.35s, valid_score: 0.070900]
25 Oct 12:08    INFO  valid result: 
recall@10 : 0.085    recall@20 : 0.1283    recall@50 : 0.2126    ndcg@10 : 0.0581    ndcg@20 : 0.0709    ndcg@50 : 0.0917    
25 Oct 12:08    INFO  Saving current best: saved/DirectAU-Oct-25-2023_12-02-57.pth
25 Oct 12:08    INFO  epoch 10 training [time: 15.77s, train loss: -18.1746]
25 Oct 12:08    INFO  epoch 10 evaluating [time: 14.59s, valid_score: 0.072200]
25 Oct 12:08    INFO  valid result: 
recall@10 : 0.0873    recall@20 : 0.1309    recall@50 : 0.2179    ndcg@10 : 0.0594    ndcg@20 : 0.0722    ndcg@50 : 0.0937    
25 Oct 12:08    INFO  Saving current best: saved/DirectAU-Oct-25-2023_12-02-57.pth
25 Oct 12:08    INFO  epoch 11 training [time: 15.77s, train loss: -18.1850]
25 Oct 12:09    INFO  epoch 11 evaluating [time: 14.77s, valid_score: 0.073600]
25 Oct 12:09    INFO  valid result: 
recall@10 : 0.0879    recall@20 : 0.1334    recall@50 : 0.2231    ndcg@10 : 0.0602    ndcg@20 : 0.0736    ndcg@50 : 0.0957    
25 Oct 12:09    INFO  Saving current best: saved/DirectAU-Oct-25-2023_12-02-57.pth
25 Oct 12:09    INFO  epoch 12 training [time: 15.78s, train loss: -18.1947]
25 Oct 12:09    INFO  epoch 12 evaluating [time: 14.89s, valid_score: 0.075800]
25 Oct 12:09    INFO  valid result: 
recall@10 : 0.0908    recall@20 : 0.1378    recall@50 : 0.2263    ndcg@10 : 0.062    ndcg@20 : 0.0758    ndcg@50 : 0.0976    
25 Oct 12:09    INFO  Saving current best: saved/DirectAU-Oct-25-2023_12-02-57.pth
25 Oct 12:09    INFO  epoch 13 training [time: 15.83s, train loss: -18.2033]
25 Oct 12:10    INFO  epoch 13 evaluating [time: 16.65s, valid_score: 0.077100]
25 Oct 12:10    INFO  valid result: 
recall@10 : 0.0928    recall@20 : 0.1405    recall@50 : 0.2308    ndcg@10 : 0.0631    ndcg@20 : 0.0771    ndcg@50 : 0.0993    
25 Oct 12:10    INFO  Saving current best: saved/DirectAU-Oct-25-2023_12-02-57.pth
25 Oct 12:10    INFO  epoch 14 training [time: 15.85s, train loss: -18.2110]
25 Oct 12:10    INFO  epoch 14 evaluating [time: 16.10s, valid_score: 0.078800]
25 Oct 12:10    INFO  valid result: 
recall@10 : 0.0947    recall@20 : 0.1432    recall@50 : 0.2354    ndcg@10 : 0.0646    ndcg@20 : 0.0788    ndcg@50 : 0.1014    
25 Oct 12:10    INFO  Saving current best: saved/DirectAU-Oct-25-2023_12-02-57.pth
25 Oct 12:10    INFO  epoch 15 training [time: 15.78s, train loss: -18.2179]
25 Oct 12:11    INFO  epoch 15 evaluating [time: 14.74s, valid_score: 0.080700]
25 Oct 12:11    INFO  valid result: 
recall@10 : 0.0981    recall@20 : 0.1458    recall@50 : 0.2381    ndcg@10 : 0.0667    ndcg@20 : 0.0807    ndcg@50 : 0.1034    
25 Oct 12:11    INFO  Saving current best: saved/DirectAU-Oct-25-2023_12-02-57.pth
25 Oct 12:11    INFO  epoch 16 training [time: 15.74s, train loss: -18.2244]
25 Oct 12:11    INFO  epoch 16 evaluating [time: 14.46s, valid_score: 0.081700]
25 Oct 12:11    INFO  valid result: 
recall@10 : 0.0991    recall@20 : 0.1488    recall@50 : 0.2425    ndcg@10 : 0.0672    ndcg@20 : 0.0817    ndcg@50 : 0.1048    
25 Oct 12:11    INFO  Saving current best: saved/DirectAU-Oct-25-2023_12-02-57.pth
25 Oct 12:11    INFO  epoch 17 training [time: 15.76s, train loss: -18.2297]
25 Oct 12:12    INFO  epoch 17 evaluating [time: 14.65s, valid_score: 0.083900]
25 Oct 12:12    INFO  valid result: 
recall@10 : 0.1009    recall@20 : 0.1525    recall@50 : 0.2439    ndcg@10 : 0.0688    ndcg@20 : 0.0839    ndcg@50 : 0.1064    
25 Oct 12:12    INFO  Saving current best: saved/DirectAU-Oct-25-2023_12-02-57.pth
25 Oct 12:12    INFO  epoch 18 training [time: 15.70s, train loss: -18.2347]
25 Oct 12:12    INFO  epoch 18 evaluating [time: 14.50s, valid_score: 0.084700]
25 Oct 12:12    INFO  valid result: 
recall@10 : 0.1026    recall@20 : 0.154    recall@50 : 0.2477    ndcg@10 : 0.0698    ndcg@20 : 0.0847    ndcg@50 : 0.1078    
25 Oct 12:12    INFO  Saving current best: saved/DirectAU-Oct-25-2023_12-02-57.pth
25 Oct 12:13    INFO  epoch 19 training [time: 15.80s, train loss: -18.2400]
25 Oct 12:13    INFO  epoch 19 evaluating [time: 14.64s, valid_score: 0.086200]
25 Oct 12:13    INFO  valid result: 
recall@10 : 0.1056    recall@20 : 0.1558    recall@50 : 0.2505    ndcg@10 : 0.0714    ndcg@20 : 0.0862    ndcg@50 : 0.1095    
25 Oct 12:13    INFO  Saving current best: saved/DirectAU-Oct-25-2023_12-02-57.pth
25 Oct 12:13    INFO  epoch 20 training [time: 15.78s, train loss: -18.2442]
25 Oct 12:13    INFO  epoch 20 evaluating [time: 14.37s, valid_score: 0.087500]
25 Oct 12:13    INFO  valid result: 
recall@10 : 0.1059    recall@20 : 0.1589    recall@50 : 0.2531    ndcg@10 : 0.0721    ndcg@20 : 0.0875    ndcg@50 : 0.1106    
25 Oct 12:13    INFO  Saving current best: saved/DirectAU-Oct-25-2023_12-02-57.pth
25 Oct 12:14    INFO  epoch 21 training [time: 15.77s, train loss: -18.2482]
25 Oct 12:14    INFO  epoch 21 evaluating [time: 14.68s, valid_score: 0.088500]
25 Oct 12:14    INFO  valid result: 
recall@10 : 0.1073    recall@20 : 0.1599    recall@50 : 0.2561    ndcg@10 : 0.0731    ndcg@20 : 0.0885    ndcg@50 : 0.1121    
25 Oct 12:14    INFO  Saving current best: saved/DirectAU-Oct-25-2023_12-02-57.pth
25 Oct 12:14    INFO  epoch 22 training [time: 15.71s, train loss: -18.2520]
25 Oct 12:14    INFO  epoch 22 evaluating [time: 14.38s, valid_score: 0.089700]
25 Oct 12:14    INFO  valid result: 
recall@10 : 0.1097    recall@20 : 0.1616    recall@50 : 0.2595    ndcg@10 : 0.0745    ndcg@20 : 0.0897    ndcg@50 : 0.1136    
25 Oct 12:14    INFO  Saving current best: saved/DirectAU-Oct-25-2023_12-02-57.pth
25 Oct 12:15    INFO  epoch 23 training [time: 15.77s, train loss: -18.2550]
25 Oct 12:15    INFO  epoch 23 evaluating [time: 14.63s, valid_score: 0.090900]
25 Oct 12:15    INFO  valid result: 
recall@10 : 0.1112    recall@20 : 0.1634    recall@50 : 0.2616    ndcg@10 : 0.0757    ndcg@20 : 0.0909    ndcg@50 : 0.115    
25 Oct 12:15    INFO  Saving current best: saved/DirectAU-Oct-25-2023_12-02-57.pth
25 Oct 12:15    INFO  epoch 24 training [time: 15.78s, train loss: -18.2584]
25 Oct 12:15    INFO  epoch 24 evaluating [time: 14.36s, valid_score: 0.091200]
25 Oct 12:15    INFO  valid result: 
recall@10 : 0.1121    recall@20 : 0.1642    recall@50 : 0.2625    ndcg@10 : 0.0759    ndcg@20 : 0.0912    ndcg@50 : 0.1153    
25 Oct 12:15    INFO  Saving current best: saved/DirectAU-Oct-25-2023_12-02-57.pth
25 Oct 12:16    INFO  epoch 25 training [time: 15.83s, train loss: -18.2609]
25 Oct 12:16    INFO  epoch 25 evaluating [time: 14.73s, valid_score: 0.092500]
25 Oct 12:16    INFO  valid result: 
recall@10 : 0.1138    recall@20 : 0.1655    recall@50 : 0.265    ndcg@10 : 0.0773    ndcg@20 : 0.0925    ndcg@50 : 0.1168    
25 Oct 12:16    INFO  Saving current best: saved/DirectAU-Oct-25-2023_12-02-57.pth
25 Oct 12:16    INFO  epoch 26 training [time: 15.87s, train loss: -18.2635]
25 Oct 12:16    INFO  epoch 26 evaluating [time: 14.75s, valid_score: 0.093000]
25 Oct 12:16    INFO  valid result: 
recall@10 : 0.1126    recall@20 : 0.1677    recall@50 : 0.2675    ndcg@10 : 0.0769    ndcg@20 : 0.093    ndcg@50 : 0.1173    
25 Oct 12:16    INFO  Saving current best: saved/DirectAU-Oct-25-2023_12-02-57.pth
25 Oct 12:17    INFO  epoch 27 training [time: 15.84s, train loss: -18.2656]
25 Oct 12:17    INFO  epoch 27 evaluating [time: 16.66s, valid_score: 0.094100]
25 Oct 12:17    INFO  valid result: 
recall@10 : 0.1157    recall@20 : 0.1684    recall@50 : 0.2692    ndcg@10 : 0.0787    ndcg@20 : 0.0941    ndcg@50 : 0.1187    
25 Oct 12:17    INFO  Saving current best: saved/DirectAU-Oct-25-2023_12-02-57.pth
25 Oct 12:17    INFO  epoch 28 training [time: 15.76s, train loss: -18.2675]
25 Oct 12:17    INFO  epoch 28 evaluating [time: 14.74s, valid_score: 0.094400]
25 Oct 12:17    INFO  valid result: 
recall@10 : 0.1151    recall@20 : 0.1688    recall@50 : 0.2722    ndcg@10 : 0.0788    ndcg@20 : 0.0944    ndcg@50 : 0.1196    
25 Oct 12:17    INFO  Saving current best: saved/DirectAU-Oct-25-2023_12-02-57.pth
25 Oct 12:18    INFO  epoch 29 training [time: 15.77s, train loss: -18.2701]
25 Oct 12:18    INFO  epoch 29 evaluating [time: 14.40s, valid_score: 0.095300]
25 Oct 12:18    INFO  valid result: 
recall@10 : 0.1162    recall@20 : 0.17    recall@50 : 0.2718    ndcg@10 : 0.0795    ndcg@20 : 0.0953    ndcg@50 : 0.1201    
25 Oct 12:18    INFO  Saving current best: saved/DirectAU-Oct-25-2023_12-02-57.pth
25 Oct 12:18    INFO  epoch 30 training [time: 15.77s, train loss: -18.2720]
25 Oct 12:18    INFO  epoch 30 evaluating [time: 14.65s, valid_score: 0.095500]
25 Oct 12:18    INFO  valid result: 
recall@10 : 0.1167    recall@20 : 0.1706    recall@50 : 0.2733    ndcg@10 : 0.0797    ndcg@20 : 0.0955    ndcg@50 : 0.1205    
25 Oct 12:18    INFO  Saving current best: saved/DirectAU-Oct-25-2023_12-02-57.pth
25 Oct 12:19    INFO  epoch 31 training [time: 15.78s, train loss: -18.2737]
25 Oct 12:19    INFO  epoch 31 evaluating [time: 14.76s, valid_score: 0.096600]
25 Oct 12:19    INFO  valid result: 
recall@10 : 0.1174    recall@20 : 0.1731    recall@50 : 0.2748    ndcg@10 : 0.0804    ndcg@20 : 0.0966    ndcg@50 : 0.1214    
25 Oct 12:19    INFO  Saving current best: saved/DirectAU-Oct-25-2023_12-02-57.pth
25 Oct 12:19    INFO  epoch 32 training [time: 15.71s, train loss: -18.2750]
25 Oct 12:19    INFO  epoch 32 evaluating [time: 14.52s, valid_score: 0.097500]
25 Oct 12:19    INFO  valid result: 
recall@10 : 0.1179    recall@20 : 0.1738    recall@50 : 0.2773    ndcg@10 : 0.0813    ndcg@20 : 0.0975    ndcg@50 : 0.1226    
25 Oct 12:19    INFO  Saving current best: saved/DirectAU-Oct-25-2023_12-02-57.pth
25 Oct 12:20    INFO  epoch 33 training [time: 15.84s, train loss: -18.2766]
25 Oct 12:20    INFO  epoch 33 evaluating [time: 14.39s, valid_score: 0.098400]
25 Oct 12:20    INFO  valid result: 
recall@10 : 0.119    recall@20 : 0.1761    recall@50 : 0.2788    ndcg@10 : 0.0818    ndcg@20 : 0.0984    ndcg@50 : 0.1235    
25 Oct 12:20    INFO  Saving current best: saved/DirectAU-Oct-25-2023_12-02-57.pth
25 Oct 12:20    INFO  epoch 34 training [time: 15.78s, train loss: -18.2779]
25 Oct 12:20    INFO  epoch 34 evaluating [time: 14.63s, valid_score: 0.099000]
25 Oct 12:20    INFO  valid result: 
recall@10 : 0.1199    recall@20 : 0.1772    recall@50 : 0.2798    ndcg@10 : 0.0824    ndcg@20 : 0.099    ndcg@50 : 0.1241    
25 Oct 12:20    INFO  Saving current best: saved/DirectAU-Oct-25-2023_12-02-57.pth
25 Oct 12:21    INFO  epoch 35 training [time: 15.74s, train loss: -18.2787]
25 Oct 12:21    INFO  epoch 35 evaluating [time: 14.53s, valid_score: 0.099700]
25 Oct 12:21    INFO  valid result: 
recall@10 : 0.121    recall@20 : 0.1779    recall@50 : 0.2805    ndcg@10 : 0.0832    ndcg@20 : 0.0997    ndcg@50 : 0.1248    
25 Oct 12:21    INFO  Saving current best: saved/DirectAU-Oct-25-2023_12-02-57.pth
25 Oct 12:21    INFO  epoch 36 training [time: 15.72s, train loss: -18.2798]
25 Oct 12:21    INFO  epoch 36 evaluating [time: 14.45s, valid_score: 0.099700]
25 Oct 12:21    INFO  valid result: 
recall@10 : 0.1195    recall@20 : 0.1783    recall@50 : 0.2824    ndcg@10 : 0.0826    ndcg@20 : 0.0997    ndcg@50 : 0.1251    
25 Oct 12:22    INFO  epoch 37 training [time: 15.76s, train loss: -18.2812]
25 Oct 12:22    INFO  epoch 37 evaluating [time: 14.55s, valid_score: 0.100300]
25 Oct 12:22    INFO  valid result: 
recall@10 : 0.1201    recall@20 : 0.1786    recall@50 : 0.2846    ndcg@10 : 0.0832    ndcg@20 : 0.1003    ndcg@50 : 0.1261    
25 Oct 12:22    INFO  Saving current best: saved/DirectAU-Oct-25-2023_12-02-57.pth
25 Oct 12:22    INFO  epoch 38 training [time: 15.73s, train loss: -18.2819]
25 Oct 12:22    INFO  epoch 38 evaluating [time: 14.48s, valid_score: 0.100800]
25 Oct 12:22    INFO  valid result: 
recall@10 : 0.1218    recall@20 : 0.18    recall@50 : 0.2845    ndcg@10 : 0.0838    ndcg@20 : 0.1008    ndcg@50 : 0.1262    
25 Oct 12:22    INFO  Saving current best: saved/DirectAU-Oct-25-2023_12-02-57.pth
25 Oct 12:23    INFO  epoch 39 training [time: 15.80s, train loss: -18.2829]
25 Oct 12:23    INFO  epoch 39 evaluating [time: 14.62s, valid_score: 0.101700]
25 Oct 12:23    INFO  valid result: 
recall@10 : 0.1234    recall@20 : 0.1817    recall@50 : 0.2856    ndcg@10 : 0.0847    ndcg@20 : 0.1017    ndcg@50 : 0.1271    
25 Oct 12:23    INFO  Saving current best: saved/DirectAU-Oct-25-2023_12-02-57.pth
25 Oct 12:23    INFO  epoch 40 training [time: 15.75s, train loss: -18.2835]
25 Oct 12:23    INFO  epoch 40 evaluating [time: 14.45s, valid_score: 0.101800]
25 Oct 12:23    INFO  valid result: 
recall@10 : 0.1225    recall@20 : 0.1827    recall@50 : 0.2864    ndcg@10 : 0.0843    ndcg@20 : 0.1018    ndcg@50 : 0.1271    
25 Oct 12:23    INFO  Saving current best: saved/DirectAU-Oct-25-2023_12-02-57.pth
25 Oct 12:24    INFO  epoch 41 training [time: 15.75s, train loss: -18.2842]
25 Oct 12:24    INFO  epoch 41 evaluating [time: 14.47s, valid_score: 0.101400]
25 Oct 12:24    INFO  valid result: 
recall@10 : 0.1228    recall@20 : 0.1813    recall@50 : 0.2861    ndcg@10 : 0.0843    ndcg@20 : 0.1014    ndcg@50 : 0.1271    
25 Oct 12:24    INFO  epoch 42 training [time: 15.72s, train loss: -18.2851]
25 Oct 12:24    INFO  epoch 42 evaluating [time: 14.43s, valid_score: 0.102000]
25 Oct 12:24    INFO  valid result: 
recall@10 : 0.1245    recall@20 : 0.1821    recall@50 : 0.2888    ndcg@10 : 0.0852    ndcg@20 : 0.102    ndcg@50 : 0.128    
25 Oct 12:24    INFO  Saving current best: saved/DirectAU-Oct-25-2023_12-02-57.pth
25 Oct 12:25    INFO  epoch 43 training [time: 15.82s, train loss: -18.2852]
25 Oct 12:25    INFO  epoch 43 evaluating [time: 16.70s, valid_score: 0.102400]
25 Oct 12:25    INFO  valid result: 
recall@10 : 0.1241    recall@20 : 0.1821    recall@50 : 0.2892    ndcg@10 : 0.0854    ndcg@20 : 0.1024    ndcg@50 : 0.1285    
25 Oct 12:25    INFO  Saving current best: saved/DirectAU-Oct-25-2023_12-02-57.pth
25 Oct 12:25    INFO  epoch 44 training [time: 15.74s, train loss: -18.2861]
25 Oct 12:26    INFO  epoch 44 evaluating [time: 14.61s, valid_score: 0.102900]
25 Oct 12:26    INFO  valid result: 
recall@10 : 0.1237    recall@20 : 0.1836    recall@50 : 0.2901    ndcg@10 : 0.0855    ndcg@20 : 0.1029    ndcg@50 : 0.129    
25 Oct 12:26    INFO  Saving current best: saved/DirectAU-Oct-25-2023_12-02-57.pth
25 Oct 12:26    INFO  epoch 45 training [time: 15.67s, train loss: -18.2870]
25 Oct 12:26    INFO  epoch 45 evaluating [time: 14.64s, valid_score: 0.103300]
25 Oct 12:26    INFO  valid result: 
recall@10 : 0.124    recall@20 : 0.1839    recall@50 : 0.2903    ndcg@10 : 0.0858    ndcg@20 : 0.1033    ndcg@50 : 0.1293    
25 Oct 12:26    INFO  Saving current best: saved/DirectAU-Oct-25-2023_12-02-57.pth
25 Oct 12:26    INFO  epoch 46 training [time: 15.71s, train loss: -18.2874]
25 Oct 12:27    INFO  epoch 46 evaluating [time: 14.71s, valid_score: 0.103300]
25 Oct 12:27    INFO  valid result: 
recall@10 : 0.1248    recall@20 : 0.1843    recall@50 : 0.2915    ndcg@10 : 0.0858    ndcg@20 : 0.1033    ndcg@50 : 0.1294    
25 Oct 12:27    INFO  epoch 47 training [time: 15.75s, train loss: -18.2876]
25 Oct 12:27    INFO  epoch 47 evaluating [time: 14.44s, valid_score: 0.104300]
25 Oct 12:27    INFO  valid result: 
recall@10 : 0.1257    recall@20 : 0.1856    recall@50 : 0.2911    ndcg@10 : 0.0868    ndcg@20 : 0.1043    ndcg@50 : 0.1301    
25 Oct 12:27    INFO  Saving current best: saved/DirectAU-Oct-25-2023_12-02-57.pth
25 Oct 12:27    INFO  epoch 48 training [time: 15.77s, train loss: -18.2883]
25 Oct 12:28    INFO  epoch 48 evaluating [time: 14.87s, valid_score: 0.104200]
25 Oct 12:28    INFO  valid result: 
recall@10 : 0.1251    recall@20 : 0.1859    recall@50 : 0.2923    ndcg@10 : 0.0864    ndcg@20 : 0.1042    ndcg@50 : 0.1302    
25 Oct 12:28    INFO  epoch 49 training [time: 15.68s, train loss: -18.2885]
25 Oct 12:28    INFO  epoch 49 evaluating [time: 14.52s, valid_score: 0.103500]
25 Oct 12:28    INFO  valid result: 
recall@10 : 0.1256    recall@20 : 0.1849    recall@50 : 0.293    ndcg@10 : 0.0862    ndcg@20 : 0.1035    ndcg@50 : 0.13    
25 Oct 12:28    INFO  epoch 50 training [time: 15.77s, train loss: -18.2892]
25 Oct 12:29    INFO  epoch 50 evaluating [time: 14.74s, valid_score: 0.104900]
25 Oct 12:29    INFO  valid result: 
recall@10 : 0.1264    recall@20 : 0.1867    recall@50 : 0.2946    ndcg@10 : 0.0873    ndcg@20 : 0.1049    ndcg@50 : 0.1312    
25 Oct 12:29    INFO  Saving current best: saved/DirectAU-Oct-25-2023_12-02-57.pth
25 Oct 12:29    INFO  epoch 51 training [time: 15.77s, train loss: -18.2892]
25 Oct 12:29    INFO  epoch 51 evaluating [time: 14.46s, valid_score: 0.104600]
25 Oct 12:29    INFO  valid result: 
recall@10 : 0.1275    recall@20 : 0.1865    recall@50 : 0.2945    ndcg@10 : 0.0873    ndcg@20 : 0.1046    ndcg@50 : 0.131    
25 Oct 12:29    INFO  epoch 52 training [time: 15.61s, train loss: -18.2896]
25 Oct 12:30    INFO  epoch 52 evaluating [time: 14.74s, valid_score: 0.105300]
25 Oct 12:30    INFO  valid result: 
recall@10 : 0.1272    recall@20 : 0.1879    recall@50 : 0.2944    ndcg@10 : 0.0875    ndcg@20 : 0.1053    ndcg@50 : 0.1313    
25 Oct 12:30    INFO  Saving current best: saved/DirectAU-Oct-25-2023_12-02-57.pth
25 Oct 12:30    INFO  epoch 53 training [time: 15.74s, train loss: -18.2899]
25 Oct 12:30    INFO  epoch 53 evaluating [time: 14.41s, valid_score: 0.105400]
25 Oct 12:30    INFO  valid result: 
recall@10 : 0.1276    recall@20 : 0.1885    recall@50 : 0.2955    ndcg@10 : 0.0877    ndcg@20 : 0.1054    ndcg@50 : 0.1316    
25 Oct 12:30    INFO  Saving current best: saved/DirectAU-Oct-25-2023_12-02-57.pth
25 Oct 12:30    INFO  epoch 54 training [time: 15.74s, train loss: -18.2902]
25 Oct 12:31    INFO  epoch 54 evaluating [time: 14.57s, valid_score: 0.106000]
25 Oct 12:31    INFO  valid result: 
recall@10 : 0.1281    recall@20 : 0.1887    recall@50 : 0.2961    ndcg@10 : 0.0883    ndcg@20 : 0.106    ndcg@50 : 0.1322    
25 Oct 12:31    INFO  Saving current best: saved/DirectAU-Oct-25-2023_12-02-57.pth
25 Oct 12:31    INFO  epoch 55 training [time: 15.75s, train loss: -18.2903]
25 Oct 12:31    INFO  epoch 55 evaluating [time: 14.45s, valid_score: 0.105900]
25 Oct 12:31    INFO  valid result: 
recall@10 : 0.1282    recall@20 : 0.1886    recall@50 : 0.2953    ndcg@10 : 0.0884    ndcg@20 : 0.1059    ndcg@50 : 0.1322    
25 Oct 12:31    INFO  epoch 56 training [time: 15.85s, train loss: -18.2910]
25 Oct 12:32    INFO  epoch 56 evaluating [time: 14.55s, valid_score: 0.106100]
25 Oct 12:32    INFO  valid result: 
recall@10 : 0.128    recall@20 : 0.1886    recall@50 : 0.2959    ndcg@10 : 0.0884    ndcg@20 : 0.1061    ndcg@50 : 0.1324    
25 Oct 12:32    INFO  Saving current best: saved/DirectAU-Oct-25-2023_12-02-57.pth
25 Oct 12:32    INFO  epoch 57 training [time: 15.79s, train loss: -18.2911]
25 Oct 12:32    INFO  epoch 57 evaluating [time: 14.48s, valid_score: 0.106600]
25 Oct 12:32    INFO  valid result: 
recall@10 : 0.1292    recall@20 : 0.1898    recall@50 : 0.2981    ndcg@10 : 0.0889    ndcg@20 : 0.1066    ndcg@50 : 0.1331    
25 Oct 12:32    INFO  Saving current best: saved/DirectAU-Oct-25-2023_12-02-57.pth
25 Oct 12:32    INFO  epoch 58 training [time: 15.78s, train loss: -18.2910]
25 Oct 12:33    INFO  epoch 58 evaluating [time: 14.79s, valid_score: 0.106700]
25 Oct 12:33    INFO  valid result: 
recall@10 : 0.1301    recall@20 : 0.1898    recall@50 : 0.2974    ndcg@10 : 0.0893    ndcg@20 : 0.1067    ndcg@50 : 0.133    
25 Oct 12:33    INFO  Saving current best: saved/DirectAU-Oct-25-2023_12-02-57.pth
25 Oct 12:33    INFO  epoch 59 training [time: 15.87s, train loss: -18.2910]
25 Oct 12:33    INFO  epoch 59 evaluating [time: 14.77s, valid_score: 0.106400]
25 Oct 12:33    INFO  valid result: 
recall@10 : 0.129    recall@20 : 0.189    recall@50 : 0.2972    ndcg@10 : 0.0889    ndcg@20 : 0.1064    ndcg@50 : 0.1329    
25 Oct 12:33    INFO  epoch 60 training [time: 15.73s, train loss: -18.2916]
25 Oct 12:34    INFO  epoch 60 evaluating [time: 14.50s, valid_score: 0.106600]
25 Oct 12:34    INFO  valid result: 
recall@10 : 0.129    recall@20 : 0.1897    recall@50 : 0.2987    ndcg@10 : 0.0889    ndcg@20 : 0.1066    ndcg@50 : 0.1332    
25 Oct 12:34    INFO  epoch 61 training [time: 15.78s, train loss: -18.2919]
25 Oct 12:34    INFO  epoch 61 evaluating [time: 14.81s, valid_score: 0.107300]
25 Oct 12:34    INFO  valid result: 
recall@10 : 0.1305    recall@20 : 0.1913    recall@50 : 0.3002    ndcg@10 : 0.0897    ndcg@20 : 0.1073    ndcg@50 : 0.1339    
25 Oct 12:34    INFO  Saving current best: saved/DirectAU-Oct-25-2023_12-02-57.pth
25 Oct 12:34    INFO  epoch 62 training [time: 15.69s, train loss: -18.2921]
25 Oct 12:35    INFO  epoch 62 evaluating [time: 14.33s, valid_score: 0.107100]
25 Oct 12:35    INFO  valid result: 
recall@10 : 0.1294    recall@20 : 0.1905    recall@50 : 0.3001    ndcg@10 : 0.0895    ndcg@20 : 0.1071    ndcg@50 : 0.134    
25 Oct 12:35    INFO  epoch 63 training [time: 15.73s, train loss: -18.2922]
25 Oct 12:35    INFO  epoch 63 evaluating [time: 14.58s, valid_score: 0.107800]
25 Oct 12:35    INFO  valid result: 
recall@10 : 0.1305    recall@20 : 0.191    recall@50 : 0.3001    ndcg@10 : 0.0902    ndcg@20 : 0.1078    ndcg@50 : 0.1344    
25 Oct 12:35    INFO  Saving current best: saved/DirectAU-Oct-25-2023_12-02-57.pth
25 Oct 12:35    INFO  epoch 64 training [time: 15.77s, train loss: -18.2924]
25 Oct 12:36    INFO  epoch 64 evaluating [time: 14.58s, valid_score: 0.108000]
25 Oct 12:36    INFO  valid result: 
recall@10 : 0.13    recall@20 : 0.1916    recall@50 : 0.3014    ndcg@10 : 0.0901    ndcg@20 : 0.108    ndcg@50 : 0.1347    
25 Oct 12:36    INFO  Saving current best: saved/DirectAU-Oct-25-2023_12-02-57.pth
25 Oct 12:36    INFO  epoch 65 training [time: 15.60s, train loss: -18.2926]
25 Oct 12:36    INFO  epoch 65 evaluating [time: 14.46s, valid_score: 0.107600]
25 Oct 12:36    INFO  valid result: 
recall@10 : 0.131    recall@20 : 0.1912    recall@50 : 0.3014    ndcg@10 : 0.0902    ndcg@20 : 0.1076    ndcg@50 : 0.1346    
25 Oct 12:36    INFO  epoch 66 training [time: 15.87s, train loss: -18.2922]
25 Oct 12:37    INFO  epoch 66 evaluating [time: 16.48s, valid_score: 0.107900]
25 Oct 12:37    INFO  valid result: 
recall@10 : 0.13    recall@20 : 0.1918    recall@50 : 0.301    ndcg@10 : 0.0898    ndcg@20 : 0.1079    ndcg@50 : 0.1346    
25 Oct 12:37    INFO  epoch 67 training [time: 15.84s, train loss: -18.2930]
25 Oct 12:37    INFO  epoch 67 evaluating [time: 16.72s, valid_score: 0.108000]
25 Oct 12:37    INFO  valid result: 
recall@10 : 0.1303    recall@20 : 0.1922    recall@50 : 0.3011    ndcg@10 : 0.09    ndcg@20 : 0.108    ndcg@50 : 0.1346    
25 Oct 12:37    INFO  epoch 68 training [time: 15.83s, train loss: -18.2932]
25 Oct 12:38    INFO  epoch 68 evaluating [time: 16.97s, valid_score: 0.108300]
25 Oct 12:38    INFO  valid result: 
recall@10 : 0.1308    recall@20 : 0.1925    recall@50 : 0.3014    ndcg@10 : 0.0904    ndcg@20 : 0.1083    ndcg@50 : 0.135    
25 Oct 12:38    INFO  Saving current best: saved/DirectAU-Oct-25-2023_12-02-57.pth
25 Oct 12:38    INFO  epoch 69 training [time: 15.38s, train loss: -18.2931]
25 Oct 12:38    INFO  epoch 69 evaluating [time: 14.39s, valid_score: 0.108400]
25 Oct 12:38    INFO  valid result: 
recall@10 : 0.1313    recall@20 : 0.1918    recall@50 : 0.3009    ndcg@10 : 0.0907    ndcg@20 : 0.1084    ndcg@50 : 0.1351    
25 Oct 12:38    INFO  Saving current best: saved/DirectAU-Oct-25-2023_12-02-57.pth
25 Oct 12:39    INFO  epoch 70 training [time: 15.38s, train loss: -18.2936]
25 Oct 12:39    INFO  epoch 70 evaluating [time: 14.56s, valid_score: 0.108300]
25 Oct 12:39    INFO  valid result: 
recall@10 : 0.1305    recall@20 : 0.1921    recall@50 : 0.3028    ndcg@10 : 0.0903    ndcg@20 : 0.1083    ndcg@50 : 0.1353    
25 Oct 12:39    INFO  epoch 71 training [time: 15.71s, train loss: -18.2932]
25 Oct 12:39    INFO  epoch 71 evaluating [time: 14.55s, valid_score: 0.108300]
25 Oct 12:39    INFO  valid result: 
recall@10 : 0.1295    recall@20 : 0.1924    recall@50 : 0.3041    ndcg@10 : 0.0899    ndcg@20 : 0.1083    ndcg@50 : 0.1355    
25 Oct 12:40    INFO  epoch 72 training [time: 15.86s, train loss: -18.2933]
25 Oct 12:40    INFO  epoch 72 evaluating [time: 16.80s, valid_score: 0.108400]
25 Oct 12:40    INFO  valid result: 
recall@10 : 0.1299    recall@20 : 0.1924    recall@50 : 0.3045    ndcg@10 : 0.0902    ndcg@20 : 0.1084    ndcg@50 : 0.1357    
25 Oct 12:40    INFO  epoch 73 training [time: 15.68s, train loss: -18.2935]
25 Oct 12:40    INFO  epoch 73 evaluating [time: 14.47s, valid_score: 0.108500]
25 Oct 12:40    INFO  valid result: 
recall@10 : 0.1305    recall@20 : 0.1929    recall@50 : 0.3041    ndcg@10 : 0.0904    ndcg@20 : 0.1085    ndcg@50 : 0.1356    
25 Oct 12:40    INFO  Saving current best: saved/DirectAU-Oct-25-2023_12-02-57.pth
25 Oct 12:41    INFO  epoch 74 training [time: 15.73s, train loss: -18.2939]
25 Oct 12:41    INFO  epoch 74 evaluating [time: 14.73s, valid_score: 0.108500]
25 Oct 12:41    INFO  valid result: 
recall@10 : 0.1309    recall@20 : 0.1936    recall@50 : 0.3049    ndcg@10 : 0.0904    ndcg@20 : 0.1085    ndcg@50 : 0.1357    
25 Oct 12:41    INFO  epoch 75 training [time: 15.74s, train loss: -18.2938]
25 Oct 12:41    INFO  epoch 75 evaluating [time: 14.41s, valid_score: 0.108800]
25 Oct 12:41    INFO  valid result: 
recall@10 : 0.1318    recall@20 : 0.1934    recall@50 : 0.3055    ndcg@10 : 0.0908    ndcg@20 : 0.1088    ndcg@50 : 0.1361    
25 Oct 12:41    INFO  Saving current best: saved/DirectAU-Oct-25-2023_12-02-57.pth
25 Oct 12:42    INFO  epoch 76 training [time: 15.75s, train loss: -18.2939]
25 Oct 12:42    INFO  epoch 76 evaluating [time: 14.76s, valid_score: 0.108900]
25 Oct 12:42    INFO  valid result: 
recall@10 : 0.1321    recall@20 : 0.1932    recall@50 : 0.3046    ndcg@10 : 0.0911    ndcg@20 : 0.1089    ndcg@50 : 0.1361    
25 Oct 12:42    INFO  Saving current best: saved/DirectAU-Oct-25-2023_12-02-57.pth
25 Oct 12:42    INFO  epoch 77 training [time: 15.71s, train loss: -18.2939]
25 Oct 12:42    INFO  epoch 77 evaluating [time: 14.71s, valid_score: 0.109500]
25 Oct 12:42    INFO  valid result: 
recall@10 : 0.1316    recall@20 : 0.1948    recall@50 : 0.3062    ndcg@10 : 0.0912    ndcg@20 : 0.1095    ndcg@50 : 0.1367    
25 Oct 12:42    INFO  Saving current best: saved/DirectAU-Oct-25-2023_12-02-57.pth
25 Oct 12:43    INFO  epoch 78 training [time: 15.74s, train loss: -18.2940]
25 Oct 12:43    INFO  epoch 78 evaluating [time: 14.53s, valid_score: 0.109700]
25 Oct 12:43    INFO  valid result: 
recall@10 : 0.1326    recall@20 : 0.1939    recall@50 : 0.3064    ndcg@10 : 0.0919    ndcg@20 : 0.1097    ndcg@50 : 0.1372    
25 Oct 12:43    INFO  Saving current best: saved/DirectAU-Oct-25-2023_12-02-57.pth
25 Oct 12:43    INFO  epoch 79 training [time: 15.72s, train loss: -18.2944]
25 Oct 12:43    INFO  epoch 79 evaluating [time: 14.63s, valid_score: 0.109500]
25 Oct 12:43    INFO  valid result: 
recall@10 : 0.1323    recall@20 : 0.194    recall@50 : 0.3066    ndcg@10 : 0.0916    ndcg@20 : 0.1095    ndcg@50 : 0.1371    
25 Oct 12:44    INFO  epoch 80 training [time: 15.76s, train loss: -18.2945]
25 Oct 12:44    INFO  epoch 80 evaluating [time: 14.52s, valid_score: 0.109500]
25 Oct 12:44    INFO  valid result: 
recall@10 : 0.1325    recall@20 : 0.1944    recall@50 : 0.3064    ndcg@10 : 0.0916    ndcg@20 : 0.1095    ndcg@50 : 0.1369    
25 Oct 12:44    INFO  epoch 81 training [time: 15.74s, train loss: -18.2943]
25 Oct 12:44    INFO  epoch 81 evaluating [time: 14.64s, valid_score: 0.109500]
25 Oct 12:44    INFO  valid result: 
recall@10 : 0.1317    recall@20 : 0.1938    recall@50 : 0.3072    ndcg@10 : 0.0914    ndcg@20 : 0.1095    ndcg@50 : 0.1372    
25 Oct 12:45    INFO  epoch 82 training [time: 15.79s, train loss: -18.2945]
25 Oct 12:45    INFO  epoch 82 evaluating [time: 14.39s, valid_score: 0.109600]
25 Oct 12:45    INFO  valid result: 
recall@10 : 0.1322    recall@20 : 0.1937    recall@50 : 0.3066    ndcg@10 : 0.0916    ndcg@20 : 0.1096    ndcg@50 : 0.1371    
25 Oct 12:45    INFO  epoch 83 training [time: 15.69s, train loss: -18.2946]
25 Oct 12:45    INFO  epoch 83 evaluating [time: 14.81s, valid_score: 0.110300]
25 Oct 12:45    INFO  valid result: 
recall@10 : 0.1328    recall@20 : 0.1946    recall@50 : 0.3068    ndcg@10 : 0.0923    ndcg@20 : 0.1103    ndcg@50 : 0.1377    
25 Oct 12:45    INFO  Saving current best: saved/DirectAU-Oct-25-2023_12-02-57.pth
25 Oct 12:46    INFO  epoch 84 training [time: 15.73s, train loss: -18.2947]
25 Oct 12:46    INFO  epoch 84 evaluating [time: 14.47s, valid_score: 0.110300]
25 Oct 12:46    INFO  valid result: 
recall@10 : 0.133    recall@20 : 0.1955    recall@50 : 0.3076    ndcg@10 : 0.0922    ndcg@20 : 0.1103    ndcg@50 : 0.1377    
25 Oct 12:46    INFO  epoch 85 training [time: 15.76s, train loss: -18.2945]
25 Oct 12:46    INFO  epoch 85 evaluating [time: 14.73s, valid_score: 0.110500]
25 Oct 12:46    INFO  valid result: 
recall@10 : 0.1333    recall@20 : 0.1962    recall@50 : 0.3073    ndcg@10 : 0.0923    ndcg@20 : 0.1105    ndcg@50 : 0.1377    
25 Oct 12:46    INFO  Saving current best: saved/DirectAU-Oct-25-2023_12-02-57.pth
25 Oct 12:47    INFO  epoch 86 training [time: 15.85s, train loss: -18.2945]
25 Oct 12:47    INFO  epoch 86 evaluating [time: 14.56s, valid_score: 0.110200]
25 Oct 12:47    INFO  valid result: 
recall@10 : 0.1318    recall@20 : 0.1953    recall@50 : 0.3072    ndcg@10 : 0.0918    ndcg@20 : 0.1102    ndcg@50 : 0.1376    
25 Oct 12:47    INFO  epoch 87 training [time: 15.73s, train loss: -18.2947]
25 Oct 12:47    INFO  epoch 87 evaluating [time: 14.74s, valid_score: 0.110100]
25 Oct 12:47    INFO  valid result: 
recall@10 : 0.1319    recall@20 : 0.1961    recall@50 : 0.3065    ndcg@10 : 0.0915    ndcg@20 : 0.1101    ndcg@50 : 0.1372    
25 Oct 12:48    INFO  epoch 88 training [time: 15.74s, train loss: -18.2952]
25 Oct 12:48    INFO  epoch 88 evaluating [time: 14.45s, valid_score: 0.110000]
25 Oct 12:48    INFO  valid result: 
recall@10 : 0.1332    recall@20 : 0.1956    recall@50 : 0.3086    ndcg@10 : 0.0919    ndcg@20 : 0.11    ndcg@50 : 0.1377    
25 Oct 12:48    INFO  epoch 89 training [time: 15.75s, train loss: -18.2950]
25 Oct 12:48    INFO  epoch 89 evaluating [time: 14.56s, valid_score: 0.110600]
25 Oct 12:48    INFO  valid result: 
recall@10 : 0.1328    recall@20 : 0.197    recall@50 : 0.308    ndcg@10 : 0.0919    ndcg@20 : 0.1106    ndcg@50 : 0.1378    
25 Oct 12:48    INFO  Saving current best: saved/DirectAU-Oct-25-2023_12-02-57.pth
25 Oct 12:49    INFO  epoch 90 training [time: 15.76s, train loss: -18.2949]
25 Oct 12:49    INFO  epoch 90 evaluating [time: 14.58s, valid_score: 0.110700]
25 Oct 12:49    INFO  valid result: 
recall@10 : 0.134    recall@20 : 0.197    recall@50 : 0.3077    ndcg@10 : 0.0924    ndcg@20 : 0.1107    ndcg@50 : 0.1379    
25 Oct 12:49    INFO  Saving current best: saved/DirectAU-Oct-25-2023_12-02-57.pth
25 Oct 12:49    INFO  epoch 91 training [time: 15.76s, train loss: -18.2948]
25 Oct 12:49    INFO  epoch 91 evaluating [time: 14.82s, valid_score: 0.110600]
25 Oct 12:49    INFO  valid result: 
recall@10 : 0.134    recall@20 : 0.1967    recall@50 : 0.3085    ndcg@10 : 0.0925    ndcg@20 : 0.1106    ndcg@50 : 0.138    
25 Oct 12:50    INFO  epoch 92 training [time: 15.75s, train loss: -18.2950]
25 Oct 12:50    INFO  epoch 92 evaluating [time: 14.56s, valid_score: 0.110700]
25 Oct 12:50    INFO  valid result: 
recall@10 : 0.1333    recall@20 : 0.1972    recall@50 : 0.3087    ndcg@10 : 0.0921    ndcg@20 : 0.1107    ndcg@50 : 0.138    
25 Oct 12:50    INFO  epoch 93 training [time: 15.82s, train loss: -18.2955]
25 Oct 12:50    INFO  epoch 93 evaluating [time: 14.41s, valid_score: 0.110800]
25 Oct 12:50    INFO  valid result: 
recall@10 : 0.1341    recall@20 : 0.1971    recall@50 : 0.309    ndcg@10 : 0.0924    ndcg@20 : 0.1108    ndcg@50 : 0.1383    
25 Oct 12:50    INFO  Saving current best: saved/DirectAU-Oct-25-2023_12-02-57.pth
25 Oct 12:51    INFO  epoch 94 training [time: 15.78s, train loss: -18.2955]
25 Oct 12:51    INFO  epoch 94 evaluating [time: 14.67s, valid_score: 0.111000]
25 Oct 12:51    INFO  valid result: 
recall@10 : 0.1347    recall@20 : 0.1973    recall@50 : 0.309    ndcg@10 : 0.0928    ndcg@20 : 0.111    ndcg@50 : 0.1384    
25 Oct 12:51    INFO  Saving current best: saved/DirectAU-Oct-25-2023_12-02-57.pth
25 Oct 12:51    INFO  epoch 95 training [time: 15.73s, train loss: -18.2953]
25 Oct 12:51    INFO  epoch 95 evaluating [time: 14.42s, valid_score: 0.111100]
25 Oct 12:51    INFO  valid result: 
recall@10 : 0.1345    recall@20 : 0.1972    recall@50 : 0.3097    ndcg@10 : 0.0929    ndcg@20 : 0.1111    ndcg@50 : 0.1387    
25 Oct 12:51    INFO  Saving current best: saved/DirectAU-Oct-25-2023_12-02-57.pth
25 Oct 12:52    INFO  epoch 96 training [time: 15.82s, train loss: -18.2956]
25 Oct 12:52    INFO  epoch 96 evaluating [time: 16.66s, valid_score: 0.111100]
25 Oct 12:52    INFO  valid result: 
recall@10 : 0.1346    recall@20 : 0.1975    recall@50 : 0.3094    ndcg@10 : 0.0929    ndcg@20 : 0.1111    ndcg@50 : 0.1384    
25 Oct 12:52    INFO  epoch 97 training [time: 15.77s, train loss: -18.2956]
25 Oct 12:53    INFO  epoch 97 evaluating [time: 14.72s, valid_score: 0.111200]
25 Oct 12:53    INFO  valid result: 
recall@10 : 0.135    recall@20 : 0.1968    recall@50 : 0.3094    ndcg@10 : 0.0932    ndcg@20 : 0.1112    ndcg@50 : 0.1388    
25 Oct 12:53    INFO  Saving current best: saved/DirectAU-Oct-25-2023_12-02-57.pth
25 Oct 12:53    INFO  epoch 98 training [time: 15.76s, train loss: -18.2960]
25 Oct 12:53    INFO  epoch 98 evaluating [time: 14.46s, valid_score: 0.111600]
25 Oct 12:53    INFO  valid result: 
recall@10 : 0.1342    recall@20 : 0.1976    recall@50 : 0.3095    ndcg@10 : 0.0932    ndcg@20 : 0.1116    ndcg@50 : 0.139    
25 Oct 12:53    INFO  Saving current best: saved/DirectAU-Oct-25-2023_12-02-57.pth
25 Oct 12:53    INFO  epoch 99 training [time: 15.75s, train loss: -18.2952]
25 Oct 12:54    INFO  epoch 99 evaluating [time: 14.52s, valid_score: 0.111400]
25 Oct 12:54    INFO  valid result: 
recall@10 : 0.1348    recall@20 : 0.1987    recall@50 : 0.3086    ndcg@10 : 0.0929    ndcg@20 : 0.1114    ndcg@50 : 0.1384    
25 Oct 12:54    INFO  epoch 100 training [time: 15.76s, train loss: -18.2956]
25 Oct 12:54    INFO  epoch 100 evaluating [time: 14.68s, valid_score: 0.111700]
25 Oct 12:54    INFO  valid result: 
recall@10 : 0.1349    recall@20 : 0.1978    recall@50 : 0.3085    ndcg@10 : 0.0933    ndcg@20 : 0.1117    ndcg@50 : 0.1388    
25 Oct 12:54    INFO  Saving current best: saved/DirectAU-Oct-25-2023_12-02-57.pth
25 Oct 12:54    INFO  epoch 101 training [time: 15.81s, train loss: -18.2959]
25 Oct 12:55    INFO  epoch 101 evaluating [time: 14.61s, valid_score: 0.112000]
25 Oct 12:55    INFO  valid result: 
recall@10 : 0.1351    recall@20 : 0.1991    recall@50 : 0.3104    ndcg@10 : 0.0933    ndcg@20 : 0.112    ndcg@50 : 0.1391    
25 Oct 12:55    INFO  Saving current best: saved/DirectAU-Oct-25-2023_12-02-57.pth
25 Oct 12:55    INFO  epoch 102 training [time: 15.75s, train loss: -18.2959]
25 Oct 12:55    INFO  epoch 102 evaluating [time: 14.45s, valid_score: 0.112100]
25 Oct 12:55    INFO  valid result: 
recall@10 : 0.1354    recall@20 : 0.1993    recall@50 : 0.3111    ndcg@10 : 0.0936    ndcg@20 : 0.1121    ndcg@50 : 0.1394    
25 Oct 12:55    INFO  Saving current best: saved/DirectAU-Oct-25-2023_12-02-57.pth
25 Oct 12:55    INFO  epoch 103 training [time: 15.75s, train loss: -18.2960]
25 Oct 12:56    INFO  epoch 103 evaluating [time: 14.78s, valid_score: 0.112200]
25 Oct 12:56    INFO  valid result: 
recall@10 : 0.1348    recall@20 : 0.1979    recall@50 : 0.3109    ndcg@10 : 0.0939    ndcg@20 : 0.1122    ndcg@50 : 0.1399    
25 Oct 12:56    INFO  Saving current best: saved/DirectAU-Oct-25-2023_12-02-57.pth
25 Oct 12:56    INFO  epoch 104 training [time: 15.82s, train loss: -18.2958]
25 Oct 12:56    INFO  epoch 104 evaluating [time: 14.43s, valid_score: 0.112100]
25 Oct 12:56    INFO  valid result: 
recall@10 : 0.1345    recall@20 : 0.1986    recall@50 : 0.3111    ndcg@10 : 0.0935    ndcg@20 : 0.1121    ndcg@50 : 0.1397    
25 Oct 12:56    INFO  epoch 105 training [time: 15.75s, train loss: -18.2960]
25 Oct 12:57    INFO  epoch 105 evaluating [time: 14.57s, valid_score: 0.112100]
25 Oct 12:57    INFO  valid result: 
recall@10 : 0.1348    recall@20 : 0.1982    recall@50 : 0.3107    ndcg@10 : 0.0937    ndcg@20 : 0.1121    ndcg@50 : 0.1396    
25 Oct 12:57    INFO  epoch 106 training [time: 15.70s, train loss: -18.2962]
25 Oct 12:57    INFO  epoch 106 evaluating [time: 14.49s, valid_score: 0.111700]
25 Oct 12:57    INFO  valid result: 
recall@10 : 0.1343    recall@20 : 0.1977    recall@50 : 0.3106    ndcg@10 : 0.0932    ndcg@20 : 0.1117    ndcg@50 : 0.1393    
25 Oct 12:57    INFO  epoch 107 training [time: 15.79s, train loss: -18.2960]
25 Oct 12:58    INFO  epoch 107 evaluating [time: 14.91s, valid_score: 0.112400]
25 Oct 12:58    INFO  valid result: 
recall@10 : 0.1356    recall@20 : 0.1989    recall@50 : 0.311    ndcg@10 : 0.0941    ndcg@20 : 0.1124    ndcg@50 : 0.1399    
25 Oct 12:58    INFO  Saving current best: saved/DirectAU-Oct-25-2023_12-02-57.pth
25 Oct 12:58    INFO  epoch 108 training [time: 15.82s, train loss: -18.2963]
25 Oct 12:58    INFO  epoch 108 evaluating [time: 14.52s, valid_score: 0.112300]
25 Oct 12:58    INFO  valid result: 
recall@10 : 0.1354    recall@20 : 0.1987    recall@50 : 0.3111    ndcg@10 : 0.0938    ndcg@20 : 0.1123    ndcg@50 : 0.1398    
25 Oct 12:58    INFO  epoch 109 training [time: 15.74s, train loss: -18.2958]
25 Oct 12:59    INFO  epoch 109 evaluating [time: 14.58s, valid_score: 0.112700]
25 Oct 12:59    INFO  valid result: 
recall@10 : 0.1362    recall@20 : 0.1987    recall@50 : 0.3106    ndcg@10 : 0.0945    ndcg@20 : 0.1127    ndcg@50 : 0.1401    
25 Oct 12:59    INFO  Saving current best: saved/DirectAU-Oct-25-2023_12-02-57.pth
25 Oct 12:59    INFO  epoch 110 training [time: 15.75s, train loss: -18.2963]
25 Oct 12:59    INFO  epoch 110 evaluating [time: 14.65s, valid_score: 0.112400]
25 Oct 12:59    INFO  valid result: 
recall@10 : 0.1358    recall@20 : 0.1987    recall@50 : 0.3101    ndcg@10 : 0.0942    ndcg@20 : 0.1124    ndcg@50 : 0.1398    
25 Oct 12:59    INFO  epoch 111 training [time: 15.74s, train loss: -18.2960]
25 Oct 13:00    INFO  epoch 111 evaluating [time: 14.46s, valid_score: 0.112200]
25 Oct 13:00    INFO  valid result: 
recall@10 : 0.1355    recall@20 : 0.1975    recall@50 : 0.3112    ndcg@10 : 0.0942    ndcg@20 : 0.1122    ndcg@50 : 0.1401    
25 Oct 13:00    INFO  epoch 112 training [time: 15.76s, train loss: -18.2964]
25 Oct 13:00    INFO  epoch 112 evaluating [time: 14.74s, valid_score: 0.112500]
25 Oct 13:00    INFO  valid result: 
recall@10 : 0.1356    recall@20 : 0.1991    recall@50 : 0.3107    ndcg@10 : 0.094    ndcg@20 : 0.1125    ndcg@50 : 0.1399    
25 Oct 13:00    INFO  epoch 113 training [time: 15.74s, train loss: -18.2958]
25 Oct 13:01    INFO  epoch 113 evaluating [time: 14.38s, valid_score: 0.112200]
25 Oct 13:01    INFO  valid result: 
recall@10 : 0.1358    recall@20 : 0.1985    recall@50 : 0.3112    ndcg@10 : 0.094    ndcg@20 : 0.1122    ndcg@50 : 0.1399    
25 Oct 13:01    INFO  epoch 114 training [time: 15.76s, train loss: -18.2963]
25 Oct 13:01    INFO  epoch 114 evaluating [time: 14.64s, valid_score: 0.112600]
25 Oct 13:01    INFO  valid result: 
recall@10 : 0.1363    recall@20 : 0.199    recall@50 : 0.3122    ndcg@10 : 0.0943    ndcg@20 : 0.1126    ndcg@50 : 0.1403    
25 Oct 13:01    INFO  epoch 115 training [time: 15.68s, train loss: -18.2966]
25 Oct 13:02    INFO  epoch 115 evaluating [time: 14.43s, valid_score: 0.112400]
25 Oct 13:02    INFO  valid result: 
recall@10 : 0.1362    recall@20 : 0.1987    recall@50 : 0.3117    ndcg@10 : 0.0942    ndcg@20 : 0.1124    ndcg@50 : 0.1401    
25 Oct 13:02    INFO  epoch 116 training [time: 15.69s, train loss: -18.2963]
25 Oct 13:02    INFO  epoch 116 evaluating [time: 14.60s, valid_score: 0.112400]
25 Oct 13:02    INFO  valid result: 
recall@10 : 0.1361    recall@20 : 0.1983    recall@50 : 0.3119    ndcg@10 : 0.0942    ndcg@20 : 0.1124    ndcg@50 : 0.1402    
25 Oct 13:02    INFO  epoch 117 training [time: 15.54s, train loss: -18.2959]
25 Oct 13:03    INFO  epoch 117 evaluating [time: 14.41s, valid_score: 0.112100]
25 Oct 13:03    INFO  valid result: 
recall@10 : 0.1365    recall@20 : 0.1985    recall@50 : 0.3102    ndcg@10 : 0.0941    ndcg@20 : 0.1121    ndcg@50 : 0.1395    
25 Oct 13:03    INFO  epoch 118 training [time: 15.41s, train loss: -18.2962]
25 Oct 13:03    INFO  epoch 118 evaluating [time: 14.57s, valid_score: 0.112500]
25 Oct 13:03    INFO  valid result: 
recall@10 : 0.1368    recall@20 : 0.1994    recall@50 : 0.3103    ndcg@10 : 0.0942    ndcg@20 : 0.1125    ndcg@50 : 0.1397    
25 Oct 13:03    INFO  epoch 119 training [time: 15.58s, train loss: -18.2966]
25 Oct 13:04    INFO  epoch 119 evaluating [time: 14.59s, valid_score: 0.112600]
25 Oct 13:04    INFO  valid result: 
recall@10 : 0.1362    recall@20 : 0.1991    recall@50 : 0.3109    ndcg@10 : 0.0942    ndcg@20 : 0.1126    ndcg@50 : 0.14    
25 Oct 13:04    INFO  epoch 120 training [time: 15.76s, train loss: -18.2961]
25 Oct 13:04    INFO  epoch 120 evaluating [time: 14.68s, valid_score: 0.112300]
25 Oct 13:04    INFO  valid result: 
recall@10 : 0.1359    recall@20 : 0.1977    recall@50 : 0.3106    ndcg@10 : 0.0942    ndcg@20 : 0.1123    ndcg@50 : 0.1399    
25 Oct 13:04    INFO  Finished training, best eval result in epoch 109
25 Oct 13:04    INFO  Loading model structure and parameters from saved/DirectAU-Oct-25-2023_12-02-57.pth
25 Oct 13:04    INFO  best valid : {'recall@10': 0.1362, 'recall@20': 0.1987, 'recall@50': 0.3106, 'ndcg@10': 0.0945, 'ndcg@20': 0.1127, 'ndcg@50': 0.1401}
25 Oct 13:04    INFO  test result: {'recall@10': 0.1395, 'recall@20': 0.1993, 'recall@50': 0.3109, 'ndcg@10': 0.0992, 'ndcg@20': 0.1164, 'ndcg@50': 0.1436}
