command line args [--zc 1] will not be used in RecBole
25 Oct 17:42    INFO  
General Hyper Parameters:
gpu_id = 8
use_gpu = True
seed = 0
state = INFO
reproducibility = True
data_path = dataset/Yelp
show_progress = False

Training Hyper Parameters:
checkpoint_dir = saved
epochs = 500
train_batch_size = 1024
learner = adam
learning_rate = 0.001
training_neg_sample_num = 0
training_neg_sample_distribution = uniform
eval_step = 1
stopping_step = 10
clip_grad_norm = None
weight_decay = 1e-06
draw_loss_pic = False
loss_decimal_place = 4

Evaluation Hyper Parameters:
eval_setting = RO_RS,full
group_by_user = True
split_ratio = [0.8, 0.1, 0.1]
leave_one_num = 2
real_time_process = False
metrics = ['Recall', 'NDCG']
topk = [10, 20, 50]
valid_metric = NDCG@20
eval_batch_size = 4096
metric_decimal_place = 4

Dataset Hyper Parameters:
field_separator = 	
seq_separator =  
USER_ID_FIELD = user_id
ITEM_ID_FIELD = item_id
RATING_FIELD = rating
TIME_FIELD = timestamp
seq_len = None
LABEL_FIELD = label
threshold = None
NEG_PREFIX = neg_
load_col = {'inter': ['user_id', 'item_id', 'timestamp']}
unload_col = None
unused_col = None
additional_feat_suffix = None
lowest_val = None
highest_val = None
equal_val = None
not_equal_val = None
max_user_inter_num = None
min_user_inter_num = 5
max_item_inter_num = None
min_item_inter_num = 5
fields_in_same_space = None
preload_weight = None
normalize_field = None
normalize_all = None
ITEM_LIST_LENGTH_FIELD = item_length
LIST_SUFFIX = _list
MAX_ITEM_LIST_LENGTH = 50
POSITION_FIELD = position_id
HEAD_ENTITY_ID_FIELD = head_id
TAIL_ENTITY_ID_FIELD = tail_id
RELATION_ID_FIELD = relation_id
ENTITY_ID_FIELD = entity_id

Other Hyper Parameters: 
valid_metric_bigger = True
BT = 0.1
bt = 0.001
embedding_size = 64
encoder = MF
gamma = 0.5
times = 1
witem = 0.1
wuser = 0.8
zc = 1.0
rm_dup_inter = None
filter_inter_by_user_or_item = True
SOURCE_ID_FIELD = source_id
TARGET_ID_FIELD = target_id
benchmark_filename = None
MODEL_TYPE = ModelType.GENERAL
MODEL_INPUT_TYPE = InputType.POINTWISE
eval_type = EvaluatorType.RANKING
device = cuda
train_neg_sample_args = {'strategy': 'none'}


25 Oct 17:42    INFO  Yelp
The number of users: 31669
Average actions of users: 49.305481874447395
The number of items: 38049
Average actions of items: 41.037794365012616
The number of inters: 1561406
The sparsity of the dataset: 99.87041991912021%
Remain Fields: ['user_id', 'item_id']
25 Oct 17:42    INFO  Build [GeneralDataLoader] for [train] with format [InputType.POINTWISE]
25 Oct 17:42    INFO  [train] No Negative Sampling
25 Oct 17:42    INFO  [train] batch_size = [1024], shuffle = [True]

25 Oct 17:42    INFO  Build [GeneralFullDataLoader] for [evaluation] with format [InputType.POINTWISE]
25 Oct 17:42    INFO  Evaluation Setting:
	Group by user_id
	Ordering: {'strategy': 'shuffle'}
	Splitting: {'strategy': 'by_ratio', 'ratios': [0.8, 0.1, 0.1]}
	Negative Sampling: {'strategy': 'full', 'distribution': 'uniform'}
25 Oct 17:42    INFO  [evaluation] batch_size = [4096], shuffle = [False]

25 Oct 17:42    WARNING  Batch size is changed to 38049.
25 Oct 17:42    WARNING  Batch size is changed to 38049.
{'BT': 0.1, 'bt': 0.001, 'embedding_size': 64, 'encoder': 'MF', 'gamma': None, 'times': 1, 'training_neg_sample_num': 0, 'witem': 0.1, 'wuser': 0.8, 'zc': 1.0}
this is encoder MF...
这是directau 的 WUBT 版本...
25 Oct 17:42    INFO  DirectAU(
  (encoder): MFEncoder(
    (user_embedding): Embedding(31669, 64)
    (item_embedding): Embedding(38049, 64)
  )
  (bn): BatchNorm1d(64, eps=1e-05, momentum=0.1, affine=False, track_running_stats=True)
  (projector): Sequential(
    (0): Linear(in_features=64, out_features=64, bias=False)
    (1): BatchNorm1d(64, eps=1e-05, momentum=0.1, affine=True, track_running_stats=True)
    (2): ReLU(inplace=True)
    (3): Linear(in_features=64, out_features=64, bias=False)
    (4): BatchNorm1d(64, eps=1e-05, momentum=0.1, affine=True, track_running_stats=True)
    (5): ReLU(inplace=True)
    (6): Linear(in_features=64, out_features=64, bias=False)
  )
)
Trainable parameters: 4474496
25 Oct 17:42    INFO  epoch 0 training [time: 23.49s, train loss: -0.2945]
25 Oct 17:43    INFO  epoch 0 evaluating [time: 15.88s, valid_score: 0.023800]
25 Oct 17:43    INFO  valid result: 
recall@10 : 0.0226    recall@20 : 0.0392    recall@50 : 0.0804    ndcg@10 : 0.018    ndcg@20 : 0.0238    ndcg@50 : 0.036    
25 Oct 17:43    INFO  Saving current best: saved/DirectAU-Oct-25-2023_17-42-27.pth
25 Oct 17:43    INFO  epoch 1 training [time: 23.41s, train loss: -0.7319]
25 Oct 17:43    INFO  epoch 1 evaluating [time: 16.14s, valid_score: 0.033100]
25 Oct 17:43    INFO  valid result: 
recall@10 : 0.0317    recall@20 : 0.0545    recall@50 : 0.1049    ndcg@10 : 0.0252    ndcg@20 : 0.0331    ndcg@50 : 0.048    
25 Oct 17:43    INFO  Saving current best: saved/DirectAU-Oct-25-2023_17-42-27.pth
25 Oct 17:44    INFO  epoch 2 training [time: 23.53s, train loss: -0.8099]
25 Oct 17:44    INFO  epoch 2 evaluating [time: 15.41s, valid_score: 0.036700]
25 Oct 17:44    INFO  valid result: 
recall@10 : 0.0363    recall@20 : 0.0608    recall@50 : 0.1173    ndcg@10 : 0.0282    ndcg@20 : 0.0367    ndcg@50 : 0.0532    
25 Oct 17:44    INFO  Saving current best: saved/DirectAU-Oct-25-2023_17-42-27.pth
25 Oct 17:44    INFO  epoch 3 training [time: 23.51s, train loss: -0.8487]
25 Oct 17:45    INFO  epoch 3 evaluating [time: 15.43s, valid_score: 0.039900]
25 Oct 17:45    INFO  valid result: 
recall@10 : 0.0388    recall@20 : 0.0665    recall@50 : 0.1234    ndcg@10 : 0.0304    ndcg@20 : 0.0399    ndcg@50 : 0.0566    
25 Oct 17:45    INFO  Saving current best: saved/DirectAU-Oct-25-2023_17-42-27.pth
25 Oct 17:45    INFO  epoch 4 training [time: 23.49s, train loss: -0.8748]
25 Oct 17:45    INFO  epoch 4 evaluating [time: 15.28s, valid_score: 0.041900]
25 Oct 17:45    INFO  valid result: 
recall@10 : 0.0414    recall@20 : 0.0687    recall@50 : 0.1278    ndcg@10 : 0.0326    ndcg@20 : 0.0419    ndcg@50 : 0.0591    
25 Oct 17:45    INFO  Saving current best: saved/DirectAU-Oct-25-2023_17-42-27.pth
25 Oct 17:46    INFO  epoch 5 training [time: 23.52s, train loss: -0.8945]
25 Oct 17:46    INFO  epoch 5 evaluating [time: 15.50s, valid_score: 0.044100]
25 Oct 17:46    INFO  valid result: 
recall@10 : 0.044    recall@20 : 0.0731    recall@50 : 0.1338    ndcg@10 : 0.0342    ndcg@20 : 0.0441    ndcg@50 : 0.0619    
25 Oct 17:46    INFO  Saving current best: saved/DirectAU-Oct-25-2023_17-42-27.pth
25 Oct 17:46    INFO  epoch 6 training [time: 23.52s, train loss: -0.9104]
25 Oct 17:47    INFO  epoch 6 evaluating [time: 15.09s, valid_score: 0.045900]
25 Oct 17:47    INFO  valid result: 
recall@10 : 0.0457    recall@20 : 0.0761    recall@50 : 0.1381    ndcg@10 : 0.0356    ndcg@20 : 0.0459    ndcg@50 : 0.064    
25 Oct 17:47    INFO  Saving current best: saved/DirectAU-Oct-25-2023_17-42-27.pth
25 Oct 17:47    INFO  epoch 7 training [time: 23.56s, train loss: -0.9241]
25 Oct 17:47    INFO  epoch 7 evaluating [time: 15.57s, valid_score: 0.047700]
25 Oct 17:47    INFO  valid result: 
recall@10 : 0.0478    recall@20 : 0.0781    recall@50 : 0.1419    ndcg@10 : 0.0373    ndcg@20 : 0.0477    ndcg@50 : 0.0663    
25 Oct 17:47    INFO  Saving current best: saved/DirectAU-Oct-25-2023_17-42-27.pth
25 Oct 17:48    INFO  epoch 8 training [time: 23.56s, train loss: -0.9356]
25 Oct 17:48    INFO  epoch 8 evaluating [time: 15.31s, valid_score: 0.048900]
25 Oct 17:48    INFO  valid result: 
recall@10 : 0.0489    recall@20 : 0.0802    recall@50 : 0.1452    ndcg@10 : 0.0382    ndcg@20 : 0.0489    ndcg@50 : 0.0679    
25 Oct 17:48    INFO  Saving current best: saved/DirectAU-Oct-25-2023_17-42-27.pth
25 Oct 17:48    INFO  epoch 9 training [time: 23.57s, train loss: -0.9454]
25 Oct 17:48    INFO  epoch 9 evaluating [time: 15.48s, valid_score: 0.050500]
25 Oct 17:48    INFO  valid result: 
recall@10 : 0.0507    recall@20 : 0.0827    recall@50 : 0.149    ndcg@10 : 0.0396    ndcg@20 : 0.0505    ndcg@50 : 0.0697    
25 Oct 17:48    INFO  Saving current best: saved/DirectAU-Oct-25-2023_17-42-27.pth
25 Oct 17:49    INFO  epoch 10 training [time: 23.55s, train loss: -0.9540]
25 Oct 17:49    INFO  epoch 10 evaluating [time: 15.24s, valid_score: 0.051700]
25 Oct 17:49    INFO  valid result: 
recall@10 : 0.0509    recall@20 : 0.0836    recall@50 : 0.1526    ndcg@10 : 0.0405    ndcg@20 : 0.0517    ndcg@50 : 0.0717    
25 Oct 17:49    INFO  Saving current best: saved/DirectAU-Oct-25-2023_17-42-27.pth
25 Oct 17:50    INFO  epoch 11 training [time: 23.56s, train loss: -0.9612]
25 Oct 17:50    INFO  epoch 11 evaluating [time: 15.38s, valid_score: 0.052400]
25 Oct 17:50    INFO  valid result: 
recall@10 : 0.0525    recall@20 : 0.0855    recall@50 : 0.1547    ndcg@10 : 0.0412    ndcg@20 : 0.0524    ndcg@50 : 0.0726    
25 Oct 17:50    INFO  Saving current best: saved/DirectAU-Oct-25-2023_17-42-27.pth
25 Oct 17:50    INFO  epoch 12 training [time: 23.57s, train loss: -0.9675]
25 Oct 17:50    INFO  epoch 12 evaluating [time: 15.15s, valid_score: 0.054400]
25 Oct 17:50    INFO  valid result: 
recall@10 : 0.054    recall@20 : 0.0884    recall@50 : 0.1585    ndcg@10 : 0.0427    ndcg@20 : 0.0544    ndcg@50 : 0.0748    
25 Oct 17:50    INFO  Saving current best: saved/DirectAU-Oct-25-2023_17-42-27.pth
25 Oct 17:51    INFO  epoch 13 training [time: 23.57s, train loss: -0.9729]
25 Oct 17:51    INFO  epoch 13 evaluating [time: 15.40s, valid_score: 0.054500]
25 Oct 17:51    INFO  valid result: 
recall@10 : 0.0542    recall@20 : 0.0886    recall@50 : 0.1599    ndcg@10 : 0.0427    ndcg@20 : 0.0545    ndcg@50 : 0.0752    
25 Oct 17:51    INFO  Saving current best: saved/DirectAU-Oct-25-2023_17-42-27.pth
25 Oct 17:51    INFO  epoch 14 training [time: 23.58s, train loss: -0.9775]
25 Oct 17:52    INFO  epoch 14 evaluating [time: 15.16s, valid_score: 0.056000]
25 Oct 17:52    INFO  valid result: 
recall@10 : 0.0562    recall@20 : 0.0904    recall@50 : 0.1616    ndcg@10 : 0.0444    ndcg@20 : 0.056    ndcg@50 : 0.0767    
25 Oct 17:52    INFO  Saving current best: saved/DirectAU-Oct-25-2023_17-42-27.pth
25 Oct 17:52    INFO  epoch 15 training [time: 23.62s, train loss: -0.9816]
25 Oct 17:52    INFO  epoch 15 evaluating [time: 15.41s, valid_score: 0.056500]
25 Oct 17:52    INFO  valid result: 
recall@10 : 0.0564    recall@20 : 0.0914    recall@50 : 0.1635    ndcg@10 : 0.0446    ndcg@20 : 0.0565    ndcg@50 : 0.0774    
25 Oct 17:52    INFO  Saving current best: saved/DirectAU-Oct-25-2023_17-42-27.pth
25 Oct 17:53    INFO  epoch 16 training [time: 23.58s, train loss: -0.9851]
25 Oct 17:53    INFO  epoch 16 evaluating [time: 15.47s, valid_score: 0.057000]
25 Oct 17:53    INFO  valid result: 
recall@10 : 0.0568    recall@20 : 0.0921    recall@50 : 0.1657    ndcg@10 : 0.0451    ndcg@20 : 0.057    ndcg@50 : 0.0783    
25 Oct 17:53    INFO  Saving current best: saved/DirectAU-Oct-25-2023_17-42-27.pth
25 Oct 17:53    INFO  epoch 17 training [time: 23.57s, train loss: -0.9884]
25 Oct 17:54    INFO  epoch 17 evaluating [time: 15.24s, valid_score: 0.057200]
25 Oct 17:54    INFO  valid result: 
recall@10 : 0.0567    recall@20 : 0.0924    recall@50 : 0.1665    ndcg@10 : 0.045    ndcg@20 : 0.0572    ndcg@50 : 0.0787    
25 Oct 17:54    INFO  Saving current best: saved/DirectAU-Oct-25-2023_17-42-27.pth
25 Oct 17:54    INFO  epoch 18 training [time: 23.60s, train loss: -0.9911]
25 Oct 17:54    INFO  epoch 18 evaluating [time: 15.40s, valid_score: 0.057600]
25 Oct 17:54    INFO  valid result: 
recall@10 : 0.0573    recall@20 : 0.0924    recall@50 : 0.1673    ndcg@10 : 0.0457    ndcg@20 : 0.0576    ndcg@50 : 0.0793    
25 Oct 17:54    INFO  Saving current best: saved/DirectAU-Oct-25-2023_17-42-27.pth
25 Oct 17:55    INFO  epoch 19 training [time: 23.57s, train loss: -0.9933]
25 Oct 17:55    INFO  epoch 19 evaluating [time: 15.25s, valid_score: 0.058400]
25 Oct 17:55    INFO  valid result: 
recall@10 : 0.0583    recall@20 : 0.0934    recall@50 : 0.1692    ndcg@10 : 0.0465    ndcg@20 : 0.0584    ndcg@50 : 0.0803    
25 Oct 17:55    INFO  Saving current best: saved/DirectAU-Oct-25-2023_17-42-27.pth
25 Oct 17:55    INFO  epoch 20 training [time: 23.55s, train loss: -0.9953]
25 Oct 17:56    INFO  epoch 20 evaluating [time: 15.50s, valid_score: 0.058400]
25 Oct 17:56    INFO  valid result: 
recall@10 : 0.0586    recall@20 : 0.0937    recall@50 : 0.1687    ndcg@10 : 0.0465    ndcg@20 : 0.0584    ndcg@50 : 0.0802    
25 Oct 17:56    INFO  epoch 21 training [time: 23.57s, train loss: -0.9970]
25 Oct 17:56    INFO  epoch 21 evaluating [time: 15.16s, valid_score: 0.058900]
25 Oct 17:56    INFO  valid result: 
recall@10 : 0.0585    recall@20 : 0.0945    recall@50 : 0.1709    ndcg@10 : 0.0467    ndcg@20 : 0.0589    ndcg@50 : 0.081    
25 Oct 17:56    INFO  Saving current best: saved/DirectAU-Oct-25-2023_17-42-27.pth
25 Oct 17:57    INFO  epoch 22 training [time: 23.60s, train loss: -0.9985]
25 Oct 17:57    INFO  epoch 22 evaluating [time: 15.46s, valid_score: 0.058800]
25 Oct 17:57    INFO  valid result: 
recall@10 : 0.059    recall@20 : 0.0946    recall@50 : 0.1708    ndcg@10 : 0.0468    ndcg@20 : 0.0588    ndcg@50 : 0.0809    
25 Oct 17:57    INFO  epoch 23 training [time: 23.55s, train loss: -0.9998]
25 Oct 17:58    INFO  epoch 23 evaluating [time: 15.22s, valid_score: 0.059600]
25 Oct 17:58    INFO  valid result: 
recall@10 : 0.0597    recall@20 : 0.0955    recall@50 : 0.171    ndcg@10 : 0.0475    ndcg@20 : 0.0596    ndcg@50 : 0.0814    
25 Oct 17:58    INFO  Saving current best: saved/DirectAU-Oct-25-2023_17-42-27.pth
25 Oct 17:58    INFO  epoch 24 training [time: 23.55s, train loss: -1.0010]
25 Oct 17:58    INFO  epoch 24 evaluating [time: 15.49s, valid_score: 0.059400]
25 Oct 17:58    INFO  valid result: 
recall@10 : 0.0598    recall@20 : 0.0953    recall@50 : 0.1709    ndcg@10 : 0.0475    ndcg@20 : 0.0594    ndcg@50 : 0.0814    
25 Oct 17:59    INFO  epoch 25 training [time: 23.54s, train loss: -1.0019]
25 Oct 17:59    INFO  epoch 25 evaluating [time: 15.22s, valid_score: 0.059400]
25 Oct 17:59    INFO  valid result: 
recall@10 : 0.0594    recall@20 : 0.0953    recall@50 : 0.1722    ndcg@10 : 0.0474    ndcg@20 : 0.0594    ndcg@50 : 0.0817    
25 Oct 17:59    INFO  epoch 26 training [time: 23.55s, train loss: -1.0028]
25 Oct 18:00    INFO  epoch 26 evaluating [time: 15.48s, valid_score: 0.059900]
25 Oct 18:00    INFO  valid result: 
recall@10 : 0.0591    recall@20 : 0.0962    recall@50 : 0.1722    ndcg@10 : 0.0474    ndcg@20 : 0.0599    ndcg@50 : 0.0819    
25 Oct 18:00    INFO  Saving current best: saved/DirectAU-Oct-25-2023_17-42-27.pth
25 Oct 18:00    INFO  epoch 27 training [time: 23.55s, train loss: -1.0036]
25 Oct 18:00    INFO  epoch 27 evaluating [time: 15.11s, valid_score: 0.059700]
25 Oct 18:00    INFO  valid result: 
recall@10 : 0.0598    recall@20 : 0.0958    recall@50 : 0.1721    ndcg@10 : 0.0475    ndcg@20 : 0.0597    ndcg@50 : 0.0818    
25 Oct 18:01    INFO  epoch 28 training [time: 23.55s, train loss: -1.0043]
25 Oct 18:01    INFO  epoch 28 evaluating [time: 15.48s, valid_score: 0.060100]
25 Oct 18:01    INFO  valid result: 
recall@10 : 0.0601    recall@20 : 0.096    recall@50 : 0.172    ndcg@10 : 0.048    ndcg@20 : 0.0601    ndcg@50 : 0.0821    
25 Oct 18:01    INFO  Saving current best: saved/DirectAU-Oct-25-2023_17-42-27.pth
25 Oct 18:01    INFO  epoch 29 training [time: 23.55s, train loss: -1.0049]
25 Oct 18:01    INFO  epoch 29 evaluating [time: 15.49s, valid_score: 0.060000]
25 Oct 18:01    INFO  valid result: 
recall@10 : 0.0601    recall@20 : 0.0963    recall@50 : 0.1724    ndcg@10 : 0.0477    ndcg@20 : 0.06    ndcg@50 : 0.0819    
25 Oct 18:02    INFO  epoch 30 training [time: 23.55s, train loss: -1.0054]
25 Oct 18:02    INFO  epoch 30 evaluating [time: 15.26s, valid_score: 0.059900]
25 Oct 18:02    INFO  valid result: 
recall@10 : 0.0597    recall@20 : 0.0957    recall@50 : 0.1729    ndcg@10 : 0.0477    ndcg@20 : 0.0599    ndcg@50 : 0.0823    
25 Oct 18:03    INFO  epoch 31 training [time: 23.54s, train loss: -1.0060]
25 Oct 18:03    INFO  epoch 31 evaluating [time: 15.32s, valid_score: 0.060100]
25 Oct 18:03    INFO  valid result: 
recall@10 : 0.0603    recall@20 : 0.0969    recall@50 : 0.1725    ndcg@10 : 0.0476    ndcg@20 : 0.0601    ndcg@50 : 0.082    
25 Oct 18:03    INFO  epoch 32 training [time: 23.52s, train loss: -1.0064]
25 Oct 18:03    INFO  epoch 32 evaluating [time: 15.15s, valid_score: 0.060000]
25 Oct 18:03    INFO  valid result: 
recall@10 : 0.0595    recall@20 : 0.0966    recall@50 : 0.1728    ndcg@10 : 0.0475    ndcg@20 : 0.06    ndcg@50 : 0.0821    
25 Oct 18:04    INFO  epoch 33 training [time: 23.53s, train loss: -1.0069]
25 Oct 18:04    INFO  epoch 33 evaluating [time: 15.44s, valid_score: 0.059900]
25 Oct 18:04    INFO  valid result: 
recall@10 : 0.0602    recall@20 : 0.0963    recall@50 : 0.1733    ndcg@10 : 0.0477    ndcg@20 : 0.0599    ndcg@50 : 0.0822    
25 Oct 18:04    INFO  epoch 34 training [time: 23.52s, train loss: -1.0073]
25 Oct 18:05    INFO  epoch 34 evaluating [time: 15.09s, valid_score: 0.060200]
25 Oct 18:05    INFO  valid result: 
recall@10 : 0.0603    recall@20 : 0.0965    recall@50 : 0.1734    ndcg@10 : 0.0481    ndcg@20 : 0.0602    ndcg@50 : 0.0824    
25 Oct 18:05    INFO  Saving current best: saved/DirectAU-Oct-25-2023_17-42-27.pth
25 Oct 18:05    INFO  epoch 35 training [time: 23.55s, train loss: -1.0077]
25 Oct 18:05    INFO  epoch 35 evaluating [time: 15.37s, valid_score: 0.060200]
25 Oct 18:05    INFO  valid result: 
recall@10 : 0.0602    recall@20 : 0.0968    recall@50 : 0.1733    ndcg@10 : 0.0478    ndcg@20 : 0.0602    ndcg@50 : 0.0823    
25 Oct 18:06    INFO  epoch 36 training [time: 23.55s, train loss: -1.0081]
25 Oct 18:06    INFO  epoch 36 evaluating [time: 15.09s, valid_score: 0.060000]
25 Oct 18:06    INFO  valid result: 
recall@10 : 0.0602    recall@20 : 0.0965    recall@50 : 0.173    ndcg@10 : 0.0477    ndcg@20 : 0.06    ndcg@50 : 0.0822    
25 Oct 18:06    INFO  epoch 37 training [time: 23.55s, train loss: -1.0084]
25 Oct 18:07    INFO  epoch 37 evaluating [time: 15.65s, valid_score: 0.059900]
25 Oct 18:07    INFO  valid result: 
recall@10 : 0.0601    recall@20 : 0.0965    recall@50 : 0.1735    ndcg@10 : 0.0477    ndcg@20 : 0.0599    ndcg@50 : 0.0823    
25 Oct 18:07    INFO  epoch 38 training [time: 23.54s, train loss: -1.0086]
25 Oct 18:07    INFO  epoch 38 evaluating [time: 15.21s, valid_score: 0.060200]
25 Oct 18:07    INFO  valid result: 
recall@10 : 0.0603    recall@20 : 0.0965    recall@50 : 0.1735    ndcg@10 : 0.048    ndcg@20 : 0.0602    ndcg@50 : 0.0825    
25 Oct 18:08    INFO  epoch 39 training [time: 23.55s, train loss: -1.0087]
25 Oct 18:08    INFO  epoch 39 evaluating [time: 15.53s, valid_score: 0.060100]
25 Oct 18:08    INFO  valid result: 
recall@10 : 0.0604    recall@20 : 0.0965    recall@50 : 0.1738    ndcg@10 : 0.048    ndcg@20 : 0.0601    ndcg@50 : 0.0825    
25 Oct 18:08    INFO  epoch 40 training [time: 23.48s, train loss: -1.0088]
25 Oct 18:09    INFO  epoch 40 evaluating [time: 15.07s, valid_score: 0.060300]
25 Oct 18:09    INFO  valid result: 
recall@10 : 0.0601    recall@20 : 0.0969    recall@50 : 0.1737    ndcg@10 : 0.0479    ndcg@20 : 0.0603    ndcg@50 : 0.0826    
25 Oct 18:09    INFO  Saving current best: saved/DirectAU-Oct-25-2023_17-42-27.pth
25 Oct 18:09    INFO  epoch 41 training [time: 23.52s, train loss: -1.0089]
25 Oct 18:09    INFO  epoch 41 evaluating [time: 15.40s, valid_score: 0.060400]
25 Oct 18:09    INFO  valid result: 
recall@10 : 0.0597    recall@20 : 0.0973    recall@50 : 0.1737    ndcg@10 : 0.0478    ndcg@20 : 0.0604    ndcg@50 : 0.0825    
25 Oct 18:09    INFO  Saving current best: saved/DirectAU-Oct-25-2023_17-42-27.pth
25 Oct 18:10    INFO  epoch 42 training [time: 23.56s, train loss: -1.0090]
25 Oct 18:10    INFO  epoch 42 evaluating [time: 15.44s, valid_score: 0.060100]
25 Oct 18:10    INFO  valid result: 
recall@10 : 0.059    recall@20 : 0.0963    recall@50 : 0.1738    ndcg@10 : 0.0474    ndcg@20 : 0.0601    ndcg@50 : 0.0825    
25 Oct 18:10    INFO  epoch 43 training [time: 23.54s, train loss: -1.0091]
25 Oct 18:11    INFO  epoch 43 evaluating [time: 15.11s, valid_score: 0.060200]
25 Oct 18:11    INFO  valid result: 
recall@10 : 0.0598    recall@20 : 0.0968    recall@50 : 0.1737    ndcg@10 : 0.0478    ndcg@20 : 0.0602    ndcg@50 : 0.0825    
25 Oct 18:11    INFO  epoch 44 training [time: 23.54s, train loss: -1.0092]
25 Oct 18:11    INFO  epoch 44 evaluating [time: 15.47s, valid_score: 0.060000]
25 Oct 18:11    INFO  valid result: 
recall@10 : 0.0597    recall@20 : 0.0965    recall@50 : 0.174    ndcg@10 : 0.0476    ndcg@20 : 0.06    ndcg@50 : 0.0824    
25 Oct 18:12    INFO  epoch 45 training [time: 23.55s, train loss: -1.0093]
25 Oct 18:12    INFO  epoch 45 evaluating [time: 15.20s, valid_score: 0.060100]
25 Oct 18:12    INFO  valid result: 
recall@10 : 0.0602    recall@20 : 0.0967    recall@50 : 0.1742    ndcg@10 : 0.0478    ndcg@20 : 0.0601    ndcg@50 : 0.0825    
25 Oct 18:12    INFO  epoch 46 training [time: 23.53s, train loss: -1.0094]
25 Oct 18:13    INFO  epoch 46 evaluating [time: 15.58s, valid_score: 0.060300]
25 Oct 18:13    INFO  valid result: 
recall@10 : 0.0601    recall@20 : 0.0967    recall@50 : 0.1741    ndcg@10 : 0.0479    ndcg@20 : 0.0603    ndcg@50 : 0.0827    
25 Oct 18:13    INFO  epoch 47 training [time: 23.54s, train loss: -1.0094]
25 Oct 18:13    INFO  epoch 47 evaluating [time: 15.11s, valid_score: 0.060200]
25 Oct 18:13    INFO  valid result: 
recall@10 : 0.0604    recall@20 : 0.0965    recall@50 : 0.1739    ndcg@10 : 0.048    ndcg@20 : 0.0602    ndcg@50 : 0.0827    
25 Oct 18:14    INFO  epoch 48 training [time: 23.55s, train loss: -1.0095]
25 Oct 18:14    INFO  epoch 48 evaluating [time: 15.60s, valid_score: 0.060200]
25 Oct 18:14    INFO  valid result: 
recall@10 : 0.06    recall@20 : 0.0967    recall@50 : 0.174    ndcg@10 : 0.0478    ndcg@20 : 0.0602    ndcg@50 : 0.0826    
25 Oct 18:14    INFO  epoch 49 training [time: 23.55s, train loss: -1.0096]
25 Oct 18:14    INFO  epoch 49 evaluating [time: 15.30s, valid_score: 0.060200]
25 Oct 18:14    INFO  valid result: 
recall@10 : 0.0601    recall@20 : 0.0968    recall@50 : 0.174    ndcg@10 : 0.0478    ndcg@20 : 0.0602    ndcg@50 : 0.0826    
25 Oct 18:15    INFO  epoch 50 training [time: 23.56s, train loss: -1.0096]
25 Oct 18:15    INFO  epoch 50 evaluating [time: 15.49s, valid_score: 0.060400]
25 Oct 18:15    INFO  valid result: 
recall@10 : 0.0601    recall@20 : 0.0967    recall@50 : 0.1739    ndcg@10 : 0.0481    ndcg@20 : 0.0604    ndcg@50 : 0.0827    
25 Oct 18:15    INFO  epoch 51 training [time: 23.53s, train loss: -1.0096]
25 Oct 18:16    INFO  epoch 51 evaluating [time: 15.02s, valid_score: 0.060600]
25 Oct 18:16    INFO  valid result: 
recall@10 : 0.06    recall@20 : 0.0974    recall@50 : 0.1736    ndcg@10 : 0.048    ndcg@20 : 0.0606    ndcg@50 : 0.0827    
25 Oct 18:16    INFO  Saving current best: saved/DirectAU-Oct-25-2023_17-42-27.pth
25 Oct 18:16    INFO  epoch 52 training [time: 23.50s, train loss: -1.0096]
25 Oct 18:16    INFO  epoch 52 evaluating [time: 15.31s, valid_score: 0.060300]
25 Oct 18:16    INFO  valid result: 
recall@10 : 0.0601    recall@20 : 0.0967    recall@50 : 0.174    ndcg@10 : 0.048    ndcg@20 : 0.0603    ndcg@50 : 0.0827    
25 Oct 18:17    INFO  epoch 53 training [time: 23.53s, train loss: -1.0098]
25 Oct 18:17    INFO  epoch 53 evaluating [time: 15.04s, valid_score: 0.060400]
25 Oct 18:17    INFO  valid result: 
recall@10 : 0.06    recall@20 : 0.0967    recall@50 : 0.1736    ndcg@10 : 0.048    ndcg@20 : 0.0604    ndcg@50 : 0.0826    
25 Oct 18:17    INFO  epoch 54 training [time: 23.53s, train loss: -1.0098]
25 Oct 18:18    INFO  epoch 54 evaluating [time: 15.35s, valid_score: 0.060100]
25 Oct 18:18    INFO  valid result: 
recall@10 : 0.0597    recall@20 : 0.0964    recall@50 : 0.1732    ndcg@10 : 0.0477    ndcg@20 : 0.0601    ndcg@50 : 0.0824    
25 Oct 18:18    INFO  epoch 55 training [time: 23.54s, train loss: -1.0097]
25 Oct 18:18    INFO  epoch 55 evaluating [time: 15.24s, valid_score: 0.060300]
25 Oct 18:18    INFO  valid result: 
recall@10 : 0.0601    recall@20 : 0.0969    recall@50 : 0.1734    ndcg@10 : 0.0479    ndcg@20 : 0.0603    ndcg@50 : 0.0825    
25 Oct 18:19    INFO  epoch 56 training [time: 23.55s, train loss: -1.0099]
25 Oct 18:19    INFO  epoch 56 evaluating [time: 15.11s, valid_score: 0.060000]
25 Oct 18:19    INFO  valid result: 
recall@10 : 0.0594    recall@20 : 0.0962    recall@50 : 0.1745    ndcg@10 : 0.0476    ndcg@20 : 0.06    ndcg@50 : 0.0827    
25 Oct 18:19    INFO  epoch 57 training [time: 23.53s, train loss: -1.0099]
25 Oct 18:20    INFO  epoch 57 evaluating [time: 15.39s, valid_score: 0.060200]
25 Oct 18:20    INFO  valid result: 
recall@10 : 0.0592    recall@20 : 0.0964    recall@50 : 0.1746    ndcg@10 : 0.0476    ndcg@20 : 0.0602    ndcg@50 : 0.0827    
25 Oct 18:20    INFO  epoch 58 training [time: 23.52s, train loss: -1.0099]
25 Oct 18:20    INFO  epoch 58 evaluating [time: 15.18s, valid_score: 0.060100]
25 Oct 18:20    INFO  valid result: 
recall@10 : 0.0594    recall@20 : 0.0966    recall@50 : 0.1749    ndcg@10 : 0.0475    ndcg@20 : 0.0601    ndcg@50 : 0.0827    
25 Oct 18:21    INFO  epoch 59 training [time: 23.55s, train loss: -1.0101]
25 Oct 18:21    INFO  epoch 59 evaluating [time: 15.47s, valid_score: 0.060000]
25 Oct 18:21    INFO  valid result: 
recall@10 : 0.0598    recall@20 : 0.0964    recall@50 : 0.1738    ndcg@10 : 0.0477    ndcg@20 : 0.06    ndcg@50 : 0.0825    
25 Oct 18:21    INFO  epoch 60 training [time: 23.56s, train loss: -1.0100]
25 Oct 18:22    INFO  epoch 60 evaluating [time: 15.20s, valid_score: 0.060200]
25 Oct 18:22    INFO  valid result: 
recall@10 : 0.0596    recall@20 : 0.0969    recall@50 : 0.174    ndcg@10 : 0.0476    ndcg@20 : 0.0602    ndcg@50 : 0.0825    
25 Oct 18:22    INFO  epoch 61 training [time: 23.53s, train loss: -1.0100]
25 Oct 18:22    INFO  epoch 61 evaluating [time: 15.53s, valid_score: 0.060000]
25 Oct 18:22    INFO  valid result: 
recall@10 : 0.0596    recall@20 : 0.0964    recall@50 : 0.1742    ndcg@10 : 0.0476    ndcg@20 : 0.06    ndcg@50 : 0.0825    
25 Oct 18:23    INFO  epoch 62 training [time: 23.53s, train loss: -1.0101]
25 Oct 18:23    INFO  epoch 62 evaluating [time: 15.17s, valid_score: 0.060200]
25 Oct 18:23    INFO  valid result: 
recall@10 : 0.0596    recall@20 : 0.0965    recall@50 : 0.1743    ndcg@10 : 0.0477    ndcg@20 : 0.0602    ndcg@50 : 0.0828    
25 Oct 18:23    INFO  Finished training, best eval result in epoch 51
25 Oct 18:23    INFO  Loading model structure and parameters from saved/DirectAU-Oct-25-2023_17-42-27.pth
25 Oct 18:23    INFO  best valid : {'recall@10': 0.06, 'recall@20': 0.0974, 'recall@50': 0.1736, 'ndcg@10': 0.048, 'ndcg@20': 0.0606, 'ndcg@50': 0.0827}
25 Oct 18:23    INFO  test result: {'recall@10': 0.0613, 'recall@20': 0.0971, 'recall@50': 0.1733, 'ndcg@10': 0.0489, 'ndcg@20': 0.0609, 'ndcg@50': 0.0829}
