command line args [--zc 1.0] will not be used in RecBole
25 Oct 16:39    INFO  
General Hyper Parameters:
gpu_id = 5
use_gpu = True
seed = 0
state = INFO
reproducibility = True
data_path = dataset/Gowalla
show_progress = False

Training Hyper Parameters:
checkpoint_dir = saved
epochs = 500
train_batch_size = 1024
learner = adam
learning_rate = 0.001
training_neg_sample_num = 0
training_neg_sample_distribution = uniform
eval_step = 1
stopping_step = 10
clip_grad_norm = None
weight_decay = 1e-06
draw_loss_pic = False
loss_decimal_place = 4

Evaluation Hyper Parameters:
eval_setting = RO_RS,full
group_by_user = True
split_ratio = [0.8, 0.1, 0.1]
leave_one_num = 2
real_time_process = False
metrics = ['Recall', 'NDCG']
topk = [10, 20, 50]
valid_metric = NDCG@20
eval_batch_size = 4096
metric_decimal_place = 4

Dataset Hyper Parameters:
field_separator = 	
seq_separator =  
USER_ID_FIELD = user_id
ITEM_ID_FIELD = item_id
RATING_FIELD = rating
TIME_FIELD = timestamp
seq_len = None
LABEL_FIELD = label
threshold = None
NEG_PREFIX = neg_
load_col = {'inter': ['user_id', 'item_id', 'timestamp']}
unload_col = None
unused_col = None
additional_feat_suffix = None
lowest_val = None
highest_val = None
equal_val = None
not_equal_val = None
max_user_inter_num = None
min_user_inter_num = 5
max_item_inter_num = None
min_item_inter_num = 5
fields_in_same_space = None
preload_weight = None
normalize_field = None
normalize_all = None
ITEM_LIST_LENGTH_FIELD = item_length
LIST_SUFFIX = _list
MAX_ITEM_LIST_LENGTH = 50
POSITION_FIELD = position_id
HEAD_ENTITY_ID_FIELD = head_id
TAIL_ENTITY_ID_FIELD = tail_id
RELATION_ID_FIELD = relation_id
ENTITY_ID_FIELD = entity_id

Other Hyper Parameters: 
valid_metric_bigger = True
BT = 0.1
bt = 0.001
embedding_size = 64
encoder = MF
gamma = 5
times = 1
witem = 0.1
wuser = 0.8
zc = 1.0
rm_dup_inter = None
filter_inter_by_user_or_item = True
SOURCE_ID_FIELD = source_id
TARGET_ID_FIELD = target_id
benchmark_filename = None
MODEL_TYPE = ModelType.GENERAL
MODEL_INPUT_TYPE = InputType.POINTWISE
eval_type = EvaluatorType.RANKING
device = cuda
train_neg_sample_args = {'strategy': 'none'}


25 Oct 16:39    INFO  Gowalla
The number of users: 29859
Average actions of users: 34.408533726304505
The number of items: 40982
Average actions of items: 25.06942241526561
The number of inters: 1027370
The sparsity of the dataset: 99.91604269835769%
Remain Fields: ['user_id', 'item_id']
25 Oct 16:39    INFO  Build [GeneralDataLoader] for [train] with format [InputType.POINTWISE]
25 Oct 16:39    INFO  [train] No Negative Sampling
25 Oct 16:39    INFO  [train] batch_size = [1024], shuffle = [True]

25 Oct 16:39    INFO  Build [GeneralFullDataLoader] for [evaluation] with format [InputType.POINTWISE]
25 Oct 16:39    INFO  Evaluation Setting:
	Group by user_id
	Ordering: {'strategy': 'shuffle'}
	Splitting: {'strategy': 'by_ratio', 'ratios': [0.8, 0.1, 0.1]}
	Negative Sampling: {'strategy': 'full', 'distribution': 'uniform'}
25 Oct 16:39    INFO  [evaluation] batch_size = [4096], shuffle = [False]

25 Oct 16:39    WARNING  Batch size is changed to 40982.
25 Oct 16:39    WARNING  Batch size is changed to 40982.
{'BT': 0.1, 'bt': 0.001, 'embedding_size': 64, 'encoder': 'MF', 'gamma': None, 'times': 1, 'training_neg_sample_num': 0, 'witem': 0.1, 'wuser': 0.8, 'zc': 1.0}
this is encoder MF...
这是directau 的 WUBT 版本...
25 Oct 16:39    INFO  DirectAU(
  (encoder): MFEncoder(
    (user_embedding): Embedding(29859, 64)
    (item_embedding): Embedding(40982, 64)
  )
  (bn): BatchNorm1d(64, eps=1e-05, momentum=0.1, affine=False, track_running_stats=True)
  (projector): Sequential(
    (0): Linear(in_features=64, out_features=64, bias=False)
    (1): BatchNorm1d(64, eps=1e-05, momentum=0.1, affine=True, track_running_stats=True)
    (2): ReLU(inplace=True)
    (3): Linear(in_features=64, out_features=64, bias=False)
    (4): BatchNorm1d(64, eps=1e-05, momentum=0.1, affine=True, track_running_stats=True)
    (5): ReLU(inplace=True)
    (6): Linear(in_features=64, out_features=64, bias=False)
  )
)
Trainable parameters: 4546368
25 Oct 16:40    INFO  epoch 0 training [time: 15.82s, train loss: -17.4963]
25 Oct 16:40    INFO  epoch 0 evaluating [time: 14.55s, valid_score: 0.029300]
25 Oct 16:40    INFO  valid result: 
recall@10 : 0.0338    recall@20 : 0.0519    recall@50 : 0.0878    ndcg@10 : 0.0237    ndcg@20 : 0.0293    ndcg@50 : 0.0387    
25 Oct 16:40    INFO  Saving current best: saved/DirectAU-Oct-25-2023_16-39-54.pth
25 Oct 16:40    INFO  epoch 1 training [time: 15.63s, train loss: -17.9033]
25 Oct 16:40    INFO  epoch 1 evaluating [time: 14.12s, valid_score: 0.045300]
25 Oct 16:40    INFO  valid result: 
recall@10 : 0.0533    recall@20 : 0.0816    recall@50 : 0.1392    ndcg@10 : 0.0368    ndcg@20 : 0.0453    ndcg@50 : 0.0597    
25 Oct 16:40    INFO  Saving current best: saved/DirectAU-Oct-25-2023_16-39-54.pth
25 Oct 16:41    INFO  epoch 2 training [time: 15.82s, train loss: -18.0119]
25 Oct 16:41    INFO  epoch 2 evaluating [time: 14.46s, valid_score: 0.053100]
25 Oct 16:41    INFO  valid result: 
recall@10 : 0.0637    recall@20 : 0.0964    recall@50 : 0.1609    ndcg@10 : 0.0433    ndcg@20 : 0.0531    ndcg@50 : 0.0692    
25 Oct 16:41    INFO  Saving current best: saved/DirectAU-Oct-25-2023_16-39-54.pth
25 Oct 16:41    INFO  epoch 3 training [time: 15.59s, train loss: -18.0652]
25 Oct 16:41    INFO  epoch 3 evaluating [time: 14.21s, valid_score: 0.057400]
25 Oct 16:41    INFO  valid result: 
recall@10 : 0.0676    recall@20 : 0.1045    recall@50 : 0.1747    ndcg@10 : 0.0464    ndcg@20 : 0.0574    ndcg@50 : 0.0748    
25 Oct 16:41    INFO  Saving current best: saved/DirectAU-Oct-25-2023_16-39-54.pth
25 Oct 16:42    INFO  epoch 4 training [time: 15.72s, train loss: -18.0994]
25 Oct 16:42    INFO  epoch 4 evaluating [time: 14.52s, valid_score: 0.060600]
25 Oct 16:42    INFO  valid result: 
recall@10 : 0.0725    recall@20 : 0.1091    recall@50 : 0.1841    ndcg@10 : 0.0497    ndcg@20 : 0.0606    ndcg@50 : 0.0791    
25 Oct 16:42    INFO  Saving current best: saved/DirectAU-Oct-25-2023_16-39-54.pth
25 Oct 16:42    INFO  epoch 5 training [time: 15.80s, train loss: -18.1242]
25 Oct 16:42    INFO  epoch 5 evaluating [time: 14.27s, valid_score: 0.063000]
25 Oct 16:42    INFO  valid result: 
recall@10 : 0.0756    recall@20 : 0.1148    recall@50 : 0.1916    ndcg@10 : 0.0514    ndcg@20 : 0.063    ndcg@50 : 0.0819    
25 Oct 16:42    INFO  Saving current best: saved/DirectAU-Oct-25-2023_16-39-54.pth
25 Oct 16:43    INFO  epoch 6 training [time: 15.86s, train loss: -18.1441]
25 Oct 16:43    INFO  epoch 6 evaluating [time: 14.35s, valid_score: 0.065200]
25 Oct 16:43    INFO  valid result: 
recall@10 : 0.0778    recall@20 : 0.1185    recall@50 : 0.1977    ndcg@10 : 0.0532    ndcg@20 : 0.0652    ndcg@50 : 0.0847    
25 Oct 16:43    INFO  Saving current best: saved/DirectAU-Oct-25-2023_16-39-54.pth
25 Oct 16:43    INFO  epoch 7 training [time: 15.87s, train loss: -18.1602]
25 Oct 16:43    INFO  epoch 7 evaluating [time: 14.15s, valid_score: 0.068100]
25 Oct 16:43    INFO  valid result: 
recall@10 : 0.0809    recall@20 : 0.1233    recall@50 : 0.2057    ndcg@10 : 0.0555    ndcg@20 : 0.0681    ndcg@50 : 0.0882    
25 Oct 16:43    INFO  Saving current best: saved/DirectAU-Oct-25-2023_16-39-54.pth
25 Oct 16:44    INFO  epoch 8 training [time: 15.67s, train loss: -18.1740]
25 Oct 16:44    INFO  epoch 8 evaluating [time: 14.33s, valid_score: 0.070000]
25 Oct 16:44    INFO  valid result: 
recall@10 : 0.0842    recall@20 : 0.1277    recall@50 : 0.2105    ndcg@10 : 0.0573    ndcg@20 : 0.07    ndcg@50 : 0.0905    
25 Oct 16:44    INFO  Saving current best: saved/DirectAU-Oct-25-2023_16-39-54.pth
25 Oct 16:44    INFO  epoch 9 training [time: 15.76s, train loss: -18.1870]
25 Oct 16:44    INFO  epoch 9 evaluating [time: 14.25s, valid_score: 0.072100]
25 Oct 16:44    INFO  valid result: 
recall@10 : 0.0869    recall@20 : 0.1299    recall@50 : 0.2164    ndcg@10 : 0.0594    ndcg@20 : 0.0721    ndcg@50 : 0.0933    
25 Oct 16:44    INFO  Saving current best: saved/DirectAU-Oct-25-2023_16-39-54.pth
25 Oct 16:45    INFO  epoch 10 training [time: 15.78s, train loss: -18.1981]
25 Oct 16:45    INFO  epoch 10 evaluating [time: 14.45s, valid_score: 0.073900]
25 Oct 16:45    INFO  valid result: 
recall@10 : 0.0882    recall@20 : 0.1345    recall@50 : 0.2218    ndcg@10 : 0.0603    ndcg@20 : 0.0739    ndcg@50 : 0.0953    
25 Oct 16:45    INFO  Saving current best: saved/DirectAU-Oct-25-2023_16-39-54.pth
25 Oct 16:45    INFO  epoch 11 training [time: 15.72s, train loss: -18.2080]
25 Oct 16:45    INFO  epoch 11 evaluating [time: 14.54s, valid_score: 0.075200]
25 Oct 16:45    INFO  valid result: 
recall@10 : 0.091    recall@20 : 0.1365    recall@50 : 0.2267    ndcg@10 : 0.0619    ndcg@20 : 0.0752    ndcg@50 : 0.0974    
25 Oct 16:45    INFO  Saving current best: saved/DirectAU-Oct-25-2023_16-39-54.pth
25 Oct 16:46    INFO  epoch 12 training [time: 15.77s, train loss: -18.2170]
25 Oct 16:46    INFO  epoch 12 evaluating [time: 14.29s, valid_score: 0.077400]
25 Oct 16:46    INFO  valid result: 
recall@10 : 0.0927    recall@20 : 0.1413    recall@50 : 0.2313    ndcg@10 : 0.0631    ndcg@20 : 0.0774    ndcg@50 : 0.0994    
25 Oct 16:46    INFO  Saving current best: saved/DirectAU-Oct-25-2023_16-39-54.pth
25 Oct 16:46    INFO  epoch 13 training [time: 15.77s, train loss: -18.2252]
25 Oct 16:46    INFO  epoch 13 evaluating [time: 14.35s, valid_score: 0.079000]
25 Oct 16:46    INFO  valid result: 
recall@10 : 0.0947    recall@20 : 0.1439    recall@50 : 0.2351    ndcg@10 : 0.0647    ndcg@20 : 0.079    ndcg@50 : 0.1014    
25 Oct 16:46    INFO  Saving current best: saved/DirectAU-Oct-25-2023_16-39-54.pth
25 Oct 16:47    INFO  epoch 14 training [time: 15.78s, train loss: -18.2325]
25 Oct 16:47    INFO  epoch 14 evaluating [time: 14.12s, valid_score: 0.080600]
25 Oct 16:47    INFO  valid result: 
recall@10 : 0.0967    recall@20 : 0.1465    recall@50 : 0.238    ndcg@10 : 0.066    ndcg@20 : 0.0806    ndcg@50 : 0.1031    
25 Oct 16:47    INFO  Saving current best: saved/DirectAU-Oct-25-2023_16-39-54.pth
25 Oct 16:47    INFO  epoch 15 training [time: 15.78s, train loss: -18.2391]
25 Oct 16:47    INFO  epoch 15 evaluating [time: 14.45s, valid_score: 0.081900]
25 Oct 16:47    INFO  valid result: 
recall@10 : 0.0989    recall@20 : 0.1494    recall@50 : 0.2421    ndcg@10 : 0.067    ndcg@20 : 0.0819    ndcg@50 : 0.1046    
25 Oct 16:47    INFO  Saving current best: saved/DirectAU-Oct-25-2023_16-39-54.pth
25 Oct 16:48    INFO  epoch 16 training [time: 15.77s, train loss: -18.2453]
25 Oct 16:48    INFO  epoch 16 evaluating [time: 14.17s, valid_score: 0.083800]
25 Oct 16:48    INFO  valid result: 
recall@10 : 0.1012    recall@20 : 0.1524    recall@50 : 0.2469    ndcg@10 : 0.0688    ndcg@20 : 0.0838    ndcg@50 : 0.107    
25 Oct 16:48    INFO  Saving current best: saved/DirectAU-Oct-25-2023_16-39-54.pth
25 Oct 16:48    INFO  epoch 17 training [time: 15.81s, train loss: -18.2500]
25 Oct 16:48    INFO  epoch 17 evaluating [time: 16.36s, valid_score: 0.085100]
25 Oct 16:48    INFO  valid result: 
recall@10 : 0.1029    recall@20 : 0.1537    recall@50 : 0.2496    ndcg@10 : 0.0702    ndcg@20 : 0.0851    ndcg@50 : 0.1086    
25 Oct 16:49    INFO  Saving current best: saved/DirectAU-Oct-25-2023_16-39-54.pth
25 Oct 16:49    INFO  epoch 18 training [time: 15.97s, train loss: -18.2550]
25 Oct 16:49    INFO  epoch 18 evaluating [time: 16.23s, valid_score: 0.087000]
25 Oct 16:49    INFO  valid result: 
recall@10 : 0.1049    recall@20 : 0.1577    recall@50 : 0.2532    ndcg@10 : 0.0716    ndcg@20 : 0.087    ndcg@50 : 0.1104    
25 Oct 16:49    INFO  Saving current best: saved/DirectAU-Oct-25-2023_16-39-54.pth
25 Oct 16:49    INFO  epoch 19 training [time: 15.93s, train loss: -18.2600]
25 Oct 16:50    INFO  epoch 19 evaluating [time: 16.55s, valid_score: 0.088500]
25 Oct 16:50    INFO  valid result: 
recall@10 : 0.1072    recall@20 : 0.1594    recall@50 : 0.2551    ndcg@10 : 0.0732    ndcg@20 : 0.0885    ndcg@50 : 0.112    
25 Oct 16:50    INFO  Saving current best: saved/DirectAU-Oct-25-2023_16-39-54.pth
25 Oct 16:50    INFO  epoch 20 training [time: 15.75s, train loss: -18.2639]
25 Oct 16:50    INFO  epoch 20 evaluating [time: 14.24s, valid_score: 0.089000]
25 Oct 16:50    INFO  valid result: 
recall@10 : 0.1088    recall@20 : 0.1605    recall@50 : 0.2583    ndcg@10 : 0.0739    ndcg@20 : 0.089    ndcg@50 : 0.113    
25 Oct 16:50    INFO  Saving current best: saved/DirectAU-Oct-25-2023_16-39-54.pth
25 Oct 16:50    INFO  epoch 21 training [time: 15.76s, train loss: -18.2676]
25 Oct 16:51    INFO  epoch 21 evaluating [time: 14.28s, valid_score: 0.090600]
25 Oct 16:51    INFO  valid result: 
recall@10 : 0.1104    recall@20 : 0.1629    recall@50 : 0.2592    ndcg@10 : 0.0753    ndcg@20 : 0.0906    ndcg@50 : 0.1143    
25 Oct 16:51    INFO  Saving current best: saved/DirectAU-Oct-25-2023_16-39-54.pth
25 Oct 16:51    INFO  epoch 22 training [time: 15.85s, train loss: -18.2710]
25 Oct 16:51    INFO  epoch 22 evaluating [time: 14.12s, valid_score: 0.091800]
25 Oct 16:51    INFO  valid result: 
recall@10 : 0.1115    recall@20 : 0.1645    recall@50 : 0.2617    ndcg@10 : 0.0763    ndcg@20 : 0.0918    ndcg@50 : 0.1155    
25 Oct 16:51    INFO  Saving current best: saved/DirectAU-Oct-25-2023_16-39-54.pth
25 Oct 16:51    INFO  epoch 23 training [time: 15.77s, train loss: -18.2741]
25 Oct 16:52    INFO  epoch 23 evaluating [time: 14.32s, valid_score: 0.092500]
25 Oct 16:52    INFO  valid result: 
recall@10 : 0.1121    recall@20 : 0.1664    recall@50 : 0.265    ndcg@10 : 0.0767    ndcg@20 : 0.0925    ndcg@50 : 0.1166    
25 Oct 16:52    INFO  Saving current best: saved/DirectAU-Oct-25-2023_16-39-54.pth
25 Oct 16:52    INFO  epoch 24 training [time: 15.79s, train loss: -18.2772]
25 Oct 16:52    INFO  epoch 24 evaluating [time: 14.21s, valid_score: 0.093300]
25 Oct 16:52    INFO  valid result: 
recall@10 : 0.1141    recall@20 : 0.1682    recall@50 : 0.2667    ndcg@10 : 0.0776    ndcg@20 : 0.0933    ndcg@50 : 0.1174    
25 Oct 16:52    INFO  Saving current best: saved/DirectAU-Oct-25-2023_16-39-54.pth
25 Oct 16:52    INFO  epoch 25 training [time: 15.76s, train loss: -18.2795]
25 Oct 16:53    INFO  epoch 25 evaluating [time: 14.31s, valid_score: 0.094300]
25 Oct 16:53    INFO  valid result: 
recall@10 : 0.1152    recall@20 : 0.168    recall@50 : 0.2686    ndcg@10 : 0.0789    ndcg@20 : 0.0943    ndcg@50 : 0.1189    
25 Oct 16:53    INFO  Saving current best: saved/DirectAU-Oct-25-2023_16-39-54.pth
25 Oct 16:53    INFO  epoch 26 training [time: 15.77s, train loss: -18.2820]
25 Oct 16:53    INFO  epoch 26 evaluating [time: 14.45s, valid_score: 0.094900]
25 Oct 16:53    INFO  valid result: 
recall@10 : 0.115    recall@20 : 0.1694    recall@50 : 0.27    ndcg@10 : 0.079    ndcg@20 : 0.0949    ndcg@50 : 0.1194    
25 Oct 16:53    INFO  Saving current best: saved/DirectAU-Oct-25-2023_16-39-54.pth
25 Oct 16:53    INFO  epoch 27 training [time: 15.77s, train loss: -18.2839]
25 Oct 16:54    INFO  epoch 27 evaluating [time: 14.24s, valid_score: 0.096000]
25 Oct 16:54    INFO  valid result: 
recall@10 : 0.1162    recall@20 : 0.1704    recall@50 : 0.2732    ndcg@10 : 0.0801    ndcg@20 : 0.096    ndcg@50 : 0.121    
25 Oct 16:54    INFO  Saving current best: saved/DirectAU-Oct-25-2023_16-39-54.pth
25 Oct 16:54    INFO  epoch 28 training [time: 15.78s, train loss: -18.2859]
25 Oct 16:54    INFO  epoch 28 evaluating [time: 14.37s, valid_score: 0.095900]
25 Oct 16:54    INFO  valid result: 
recall@10 : 0.117    recall@20 : 0.1706    recall@50 : 0.2743    ndcg@10 : 0.0802    ndcg@20 : 0.0959    ndcg@50 : 0.1211    
25 Oct 16:54    INFO  epoch 29 training [time: 15.77s, train loss: -18.2880]
25 Oct 16:55    INFO  epoch 29 evaluating [time: 14.27s, valid_score: 0.096800]
25 Oct 16:55    INFO  valid result: 
recall@10 : 0.1176    recall@20 : 0.1723    recall@50 : 0.2767    ndcg@10 : 0.0808    ndcg@20 : 0.0968    ndcg@50 : 0.1222    
25 Oct 16:55    INFO  Saving current best: saved/DirectAU-Oct-25-2023_16-39-54.pth
25 Oct 16:55    INFO  epoch 30 training [time: 15.74s, train loss: -18.2897]
25 Oct 16:55    INFO  epoch 30 evaluating [time: 14.23s, valid_score: 0.097300]
25 Oct 16:55    INFO  valid result: 
recall@10 : 0.1173    recall@20 : 0.1735    recall@50 : 0.2775    ndcg@10 : 0.0808    ndcg@20 : 0.0973    ndcg@50 : 0.1226    
25 Oct 16:55    INFO  Saving current best: saved/DirectAU-Oct-25-2023_16-39-54.pth
25 Oct 16:55    INFO  epoch 31 training [time: 15.78s, train loss: -18.2914]
25 Oct 16:56    INFO  epoch 31 evaluating [time: 14.33s, valid_score: 0.098300]
25 Oct 16:56    INFO  valid result: 
recall@10 : 0.1203    recall@20 : 0.1755    recall@50 : 0.2792    ndcg@10 : 0.0822    ndcg@20 : 0.0983    ndcg@50 : 0.1237    
25 Oct 16:56    INFO  Saving current best: saved/DirectAU-Oct-25-2023_16-39-54.pth
25 Oct 16:56    INFO  epoch 32 training [time: 15.77s, train loss: -18.2926]
25 Oct 16:56    INFO  epoch 32 evaluating [time: 14.23s, valid_score: 0.099500]
25 Oct 16:56    INFO  valid result: 
recall@10 : 0.1202    recall@20 : 0.1766    recall@50 : 0.2811    ndcg@10 : 0.0832    ndcg@20 : 0.0995    ndcg@50 : 0.125    
25 Oct 16:56    INFO  Saving current best: saved/DirectAU-Oct-25-2023_16-39-54.pth
25 Oct 16:56    INFO  epoch 33 training [time: 15.78s, train loss: -18.2942]
25 Oct 16:57    INFO  epoch 33 evaluating [time: 14.12s, valid_score: 0.099900]
25 Oct 16:57    INFO  valid result: 
recall@10 : 0.1203    recall@20 : 0.1785    recall@50 : 0.2825    ndcg@10 : 0.0831    ndcg@20 : 0.0999    ndcg@50 : 0.1254    
25 Oct 16:57    INFO  Saving current best: saved/DirectAU-Oct-25-2023_16-39-54.pth
25 Oct 16:57    INFO  epoch 34 training [time: 15.74s, train loss: -18.2952]
25 Oct 16:57    INFO  epoch 34 evaluating [time: 14.45s, valid_score: 0.100600]
25 Oct 16:57    INFO  valid result: 
recall@10 : 0.1214    recall@20 : 0.1793    recall@50 : 0.2844    ndcg@10 : 0.0837    ndcg@20 : 0.1006    ndcg@50 : 0.1263    
25 Oct 16:57    INFO  Saving current best: saved/DirectAU-Oct-25-2023_16-39-54.pth
25 Oct 16:57    INFO  epoch 35 training [time: 15.77s, train loss: -18.2960]
25 Oct 16:58    INFO  epoch 35 evaluating [time: 14.38s, valid_score: 0.100700]
25 Oct 16:58    INFO  valid result: 
recall@10 : 0.1216    recall@20 : 0.1796    recall@50 : 0.284    ndcg@10 : 0.0838    ndcg@20 : 0.1007    ndcg@50 : 0.1263    
25 Oct 16:58    INFO  Saving current best: saved/DirectAU-Oct-25-2023_16-39-54.pth
25 Oct 16:58    INFO  epoch 36 training [time: 15.77s, train loss: -18.2973]
25 Oct 16:58    INFO  epoch 36 evaluating [time: 14.10s, valid_score: 0.100900]
25 Oct 16:58    INFO  valid result: 
recall@10 : 0.1215    recall@20 : 0.18    recall@50 : 0.2858    ndcg@10 : 0.0838    ndcg@20 : 0.1009    ndcg@50 : 0.1268    
25 Oct 16:58    INFO  Saving current best: saved/DirectAU-Oct-25-2023_16-39-54.pth
25 Oct 16:58    INFO  epoch 37 training [time: 15.77s, train loss: -18.2984]
25 Oct 16:59    INFO  epoch 37 evaluating [time: 14.35s, valid_score: 0.101700]
25 Oct 16:59    INFO  valid result: 
recall@10 : 0.1215    recall@20 : 0.1811    recall@50 : 0.2881    ndcg@10 : 0.0844    ndcg@20 : 0.1017    ndcg@50 : 0.1278    
25 Oct 16:59    INFO  Saving current best: saved/DirectAU-Oct-25-2023_16-39-54.pth
25 Oct 16:59    INFO  epoch 38 training [time: 15.74s, train loss: -18.2991]
25 Oct 16:59    INFO  epoch 38 evaluating [time: 14.19s, valid_score: 0.102100]
25 Oct 16:59    INFO  valid result: 
recall@10 : 0.1236    recall@20 : 0.1817    recall@50 : 0.2882    ndcg@10 : 0.0852    ndcg@20 : 0.1021    ndcg@50 : 0.1282    
25 Oct 16:59    INFO  Saving current best: saved/DirectAU-Oct-25-2023_16-39-54.pth
25 Oct 16:59    INFO  epoch 39 training [time: 15.76s, train loss: -18.3000]
25 Oct 17:00    INFO  epoch 39 evaluating [time: 14.42s, valid_score: 0.102600]
25 Oct 17:00    INFO  valid result: 
recall@10 : 0.1237    recall@20 : 0.1823    recall@50 : 0.2895    ndcg@10 : 0.0856    ndcg@20 : 0.1026    ndcg@50 : 0.1289    
25 Oct 17:00    INFO  Saving current best: saved/DirectAU-Oct-25-2023_16-39-54.pth
25 Oct 17:00    INFO  epoch 40 training [time: 15.77s, train loss: -18.3005]
25 Oct 17:00    INFO  epoch 40 evaluating [time: 14.15s, valid_score: 0.102900]
25 Oct 17:00    INFO  valid result: 
recall@10 : 0.1235    recall@20 : 0.1827    recall@50 : 0.2909    ndcg@10 : 0.0857    ndcg@20 : 0.1029    ndcg@50 : 0.1293    
25 Oct 17:00    INFO  Saving current best: saved/DirectAU-Oct-25-2023_16-39-54.pth
25 Oct 17:00    INFO  epoch 41 training [time: 15.74s, train loss: -18.3010]
25 Oct 17:01    INFO  epoch 41 evaluating [time: 14.42s, valid_score: 0.103000]
25 Oct 17:01    INFO  valid result: 
recall@10 : 0.1236    recall@20 : 0.1844    recall@50 : 0.2902    ndcg@10 : 0.0853    ndcg@20 : 0.103    ndcg@50 : 0.129    
25 Oct 17:01    INFO  Saving current best: saved/DirectAU-Oct-25-2023_16-39-54.pth
25 Oct 17:01    INFO  epoch 42 training [time: 15.69s, train loss: -18.3020]
25 Oct 17:01    INFO  epoch 42 evaluating [time: 14.20s, valid_score: 0.103400]
25 Oct 17:01    INFO  valid result: 
recall@10 : 0.1247    recall@20 : 0.1844    recall@50 : 0.2927    ndcg@10 : 0.0859    ndcg@20 : 0.1034    ndcg@50 : 0.1298    
25 Oct 17:01    INFO  Saving current best: saved/DirectAU-Oct-25-2023_16-39-54.pth
25 Oct 17:01    INFO  epoch 43 training [time: 15.78s, train loss: -18.3020]
25 Oct 17:02    INFO  epoch 43 evaluating [time: 14.48s, valid_score: 0.103700]
25 Oct 17:02    INFO  valid result: 
recall@10 : 0.1253    recall@20 : 0.1851    recall@50 : 0.2932    ndcg@10 : 0.0862    ndcg@20 : 0.1037    ndcg@50 : 0.1301    
25 Oct 17:02    INFO  Saving current best: saved/DirectAU-Oct-25-2023_16-39-54.pth
25 Oct 17:02    INFO  epoch 44 training [time: 15.87s, train loss: -18.3030]
25 Oct 17:02    INFO  epoch 44 evaluating [time: 14.62s, valid_score: 0.104000]
25 Oct 17:02    INFO  valid result: 
recall@10 : 0.1251    recall@20 : 0.1851    recall@50 : 0.2941    ndcg@10 : 0.0864    ndcg@20 : 0.104    ndcg@50 : 0.1306    
25 Oct 17:02    INFO  Saving current best: saved/DirectAU-Oct-25-2023_16-39-54.pth
25 Oct 17:02    INFO  epoch 45 training [time: 15.86s, train loss: -18.3035]
25 Oct 17:03    INFO  epoch 45 evaluating [time: 14.26s, valid_score: 0.104700]
25 Oct 17:03    INFO  valid result: 
recall@10 : 0.1253    recall@20 : 0.1864    recall@50 : 0.2931    ndcg@10 : 0.0869    ndcg@20 : 0.1047    ndcg@50 : 0.1308    
25 Oct 17:03    INFO  Saving current best: saved/DirectAU-Oct-25-2023_16-39-54.pth
25 Oct 17:03    INFO  epoch 46 training [time: 15.76s, train loss: -18.3040]
25 Oct 17:03    INFO  epoch 46 evaluating [time: 14.34s, valid_score: 0.104400]
25 Oct 17:03    INFO  valid result: 
recall@10 : 0.1257    recall@20 : 0.1866    recall@50 : 0.2942    ndcg@10 : 0.0866    ndcg@20 : 0.1044    ndcg@50 : 0.1308    
25 Oct 17:03    INFO  epoch 47 training [time: 15.85s, train loss: -18.3042]
25 Oct 17:04    INFO  epoch 47 evaluating [time: 14.12s, valid_score: 0.105200]
25 Oct 17:04    INFO  valid result: 
recall@10 : 0.127    recall@20 : 0.1884    recall@50 : 0.2956    ndcg@10 : 0.0873    ndcg@20 : 0.1052    ndcg@50 : 0.1314    
25 Oct 17:04    INFO  Saving current best: saved/DirectAU-Oct-25-2023_16-39-54.pth
25 Oct 17:04    INFO  epoch 48 training [time: 15.71s, train loss: -18.3049]
25 Oct 17:04    INFO  epoch 48 evaluating [time: 14.62s, valid_score: 0.105200]
25 Oct 17:04    INFO  valid result: 
recall@10 : 0.127    recall@20 : 0.188    recall@50 : 0.2962    ndcg@10 : 0.0875    ndcg@20 : 0.1052    ndcg@50 : 0.1317    
25 Oct 17:04    INFO  epoch 49 training [time: 15.78s, train loss: -18.3050]
25 Oct 17:05    INFO  epoch 49 evaluating [time: 14.12s, valid_score: 0.105200]
25 Oct 17:05    INFO  valid result: 
recall@10 : 0.1264    recall@20 : 0.1886    recall@50 : 0.2966    ndcg@10 : 0.087    ndcg@20 : 0.1052    ndcg@50 : 0.1316    
25 Oct 17:05    INFO  epoch 50 training [time: 15.83s, train loss: -18.3057]
25 Oct 17:05    INFO  epoch 50 evaluating [time: 14.35s, valid_score: 0.105600]
25 Oct 17:05    INFO  valid result: 
recall@10 : 0.1271    recall@20 : 0.1888    recall@50 : 0.2983    ndcg@10 : 0.0876    ndcg@20 : 0.1056    ndcg@50 : 0.1323    
25 Oct 17:05    INFO  Saving current best: saved/DirectAU-Oct-25-2023_16-39-54.pth
25 Oct 17:05    INFO  epoch 51 training [time: 15.73s, train loss: -18.3055]
25 Oct 17:06    INFO  epoch 51 evaluating [time: 14.58s, valid_score: 0.105900]
25 Oct 17:06    INFO  valid result: 
recall@10 : 0.1271    recall@20 : 0.1895    recall@50 : 0.2997    ndcg@10 : 0.0877    ndcg@20 : 0.1059    ndcg@50 : 0.1328    
25 Oct 17:06    INFO  Saving current best: saved/DirectAU-Oct-25-2023_16-39-54.pth
25 Oct 17:06    INFO  epoch 52 training [time: 15.75s, train loss: -18.3059]
25 Oct 17:06    INFO  epoch 52 evaluating [time: 15.00s, valid_score: 0.106300]
25 Oct 17:06    INFO  valid result: 
recall@10 : 0.1276    recall@20 : 0.1905    recall@50 : 0.2984    ndcg@10 : 0.088    ndcg@20 : 0.1063    ndcg@50 : 0.1327    
25 Oct 17:06    INFO  Saving current best: saved/DirectAU-Oct-25-2023_16-39-54.pth
25 Oct 17:06    INFO  epoch 53 training [time: 15.74s, train loss: -18.3063]
25 Oct 17:07    INFO  epoch 53 evaluating [time: 14.93s, valid_score: 0.106500]
25 Oct 17:07    INFO  valid result: 
recall@10 : 0.1273    recall@20 : 0.1909    recall@50 : 0.3004    ndcg@10 : 0.0881    ndcg@20 : 0.1065    ndcg@50 : 0.1332    
25 Oct 17:07    INFO  Saving current best: saved/DirectAU-Oct-25-2023_16-39-54.pth
25 Oct 17:07    INFO  epoch 54 training [time: 15.73s, train loss: -18.3063]
25 Oct 17:07    INFO  epoch 54 evaluating [time: 14.98s, valid_score: 0.106500]
25 Oct 17:07    INFO  valid result: 
recall@10 : 0.1284    recall@20 : 0.1907    recall@50 : 0.3008    ndcg@10 : 0.0885    ndcg@20 : 0.1065    ndcg@50 : 0.1333    
25 Oct 17:07    INFO  epoch 55 training [time: 15.79s, train loss: -18.3066]
25 Oct 17:08    INFO  epoch 55 evaluating [time: 14.72s, valid_score: 0.106300]
25 Oct 17:08    INFO  valid result: 
recall@10 : 0.1286    recall@20 : 0.1907    recall@50 : 0.3017    ndcg@10 : 0.0883    ndcg@20 : 0.1063    ndcg@50 : 0.1334    
25 Oct 17:08    INFO  epoch 56 training [time: 15.82s, train loss: -18.3072]
25 Oct 17:08    INFO  epoch 56 evaluating [time: 15.10s, valid_score: 0.106500]
25 Oct 17:08    INFO  valid result: 
recall@10 : 0.1287    recall@20 : 0.1905    recall@50 : 0.3003    ndcg@10 : 0.0885    ndcg@20 : 0.1065    ndcg@50 : 0.1333    
25 Oct 17:09    INFO  epoch 57 training [time: 15.70s, train loss: -18.3074]
25 Oct 17:09    INFO  epoch 57 evaluating [time: 14.65s, valid_score: 0.107300]
25 Oct 17:09    INFO  valid result: 
recall@10 : 0.1292    recall@20 : 0.1914    recall@50 : 0.3011    ndcg@10 : 0.0892    ndcg@20 : 0.1073    ndcg@50 : 0.1341    
25 Oct 17:09    INFO  Saving current best: saved/DirectAU-Oct-25-2023_16-39-54.pth
25 Oct 17:09    INFO  epoch 58 training [time: 15.72s, train loss: -18.3072]
25 Oct 17:09    INFO  epoch 58 evaluating [time: 15.07s, valid_score: 0.106900]
25 Oct 17:09    INFO  valid result: 
recall@10 : 0.1294    recall@20 : 0.1904    recall@50 : 0.3016    ndcg@10 : 0.0891    ndcg@20 : 0.1069    ndcg@50 : 0.1341    
25 Oct 17:10    INFO  epoch 59 training [time: 15.75s, train loss: -18.3074]
25 Oct 17:10    INFO  epoch 59 evaluating [time: 14.72s, valid_score: 0.106800]
25 Oct 17:10    INFO  valid result: 
recall@10 : 0.1291    recall@20 : 0.1903    recall@50 : 0.3021    ndcg@10 : 0.089    ndcg@20 : 0.1068    ndcg@50 : 0.1341    
25 Oct 17:10    INFO  epoch 60 training [time: 15.73s, train loss: -18.3079]
25 Oct 17:10    INFO  epoch 60 evaluating [time: 14.78s, valid_score: 0.107400]
25 Oct 17:10    INFO  valid result: 
recall@10 : 0.1286    recall@20 : 0.192    recall@50 : 0.3014    ndcg@10 : 0.089    ndcg@20 : 0.1074    ndcg@50 : 0.1342    
25 Oct 17:10    INFO  Saving current best: saved/DirectAU-Oct-25-2023_16-39-54.pth
25 Oct 17:11    INFO  epoch 61 training [time: 15.74s, train loss: -18.3081]
25 Oct 17:11    INFO  epoch 61 evaluating [time: 15.16s, valid_score: 0.107800]
25 Oct 17:11    INFO  valid result: 
recall@10 : 0.1304    recall@20 : 0.1922    recall@50 : 0.302    ndcg@10 : 0.0899    ndcg@20 : 0.1078    ndcg@50 : 0.1347    
25 Oct 17:11    INFO  Saving current best: saved/DirectAU-Oct-25-2023_16-39-54.pth
25 Oct 17:11    INFO  epoch 62 training [time: 15.68s, train loss: -18.3080]
25 Oct 17:11    INFO  epoch 62 evaluating [time: 14.87s, valid_score: 0.107700]
25 Oct 17:11    INFO  valid result: 
recall@10 : 0.1311    recall@20 : 0.1903    recall@50 : 0.3018    ndcg@10 : 0.0904    ndcg@20 : 0.1077    ndcg@50 : 0.135    
25 Oct 17:12    INFO  epoch 63 training [time: 15.73s, train loss: -18.3083]
25 Oct 17:12    INFO  epoch 63 evaluating [time: 14.99s, valid_score: 0.107800]
25 Oct 17:12    INFO  valid result: 
recall@10 : 0.1304    recall@20 : 0.192    recall@50 : 0.3037    ndcg@10 : 0.0899    ndcg@20 : 0.1078    ndcg@50 : 0.1351    
25 Oct 17:12    INFO  epoch 64 training [time: 15.70s, train loss: -18.3083]
25 Oct 17:12    INFO  epoch 64 evaluating [time: 15.09s, valid_score: 0.108200]
25 Oct 17:12    INFO  valid result: 
recall@10 : 0.1304    recall@20 : 0.1927    recall@50 : 0.305    ndcg@10 : 0.0901    ndcg@20 : 0.1082    ndcg@50 : 0.1356    
25 Oct 17:12    INFO  Saving current best: saved/DirectAU-Oct-25-2023_16-39-54.pth
25 Oct 17:13    INFO  epoch 65 training [time: 15.77s, train loss: -18.3087]
25 Oct 17:13    INFO  epoch 65 evaluating [time: 14.79s, valid_score: 0.108500]
25 Oct 17:13    INFO  valid result: 
recall@10 : 0.1306    recall@20 : 0.1928    recall@50 : 0.3055    ndcg@10 : 0.0905    ndcg@20 : 0.1085    ndcg@50 : 0.136    
25 Oct 17:13    INFO  Saving current best: saved/DirectAU-Oct-25-2023_16-39-54.pth
25 Oct 17:13    INFO  epoch 66 training [time: 15.78s, train loss: -18.3083]
25 Oct 17:13    INFO  epoch 66 evaluating [time: 14.77s, valid_score: 0.108400]
25 Oct 17:13    INFO  valid result: 
recall@10 : 0.1297    recall@20 : 0.1937    recall@50 : 0.3049    ndcg@10 : 0.0898    ndcg@20 : 0.1084    ndcg@50 : 0.1356    
25 Oct 17:14    INFO  epoch 67 training [time: 15.75s, train loss: -18.3089]
25 Oct 17:14    INFO  epoch 67 evaluating [time: 14.89s, valid_score: 0.108700]
25 Oct 17:14    INFO  valid result: 
recall@10 : 0.1309    recall@20 : 0.1936    recall@50 : 0.3041    ndcg@10 : 0.0905    ndcg@20 : 0.1087    ndcg@50 : 0.1357    
25 Oct 17:14    INFO  Saving current best: saved/DirectAU-Oct-25-2023_16-39-54.pth
25 Oct 17:14    INFO  epoch 68 training [time: 15.74s, train loss: -18.3091]
25 Oct 17:14    INFO  epoch 68 evaluating [time: 14.70s, valid_score: 0.108700]
25 Oct 17:14    INFO  valid result: 
recall@10 : 0.1302    recall@20 : 0.1933    recall@50 : 0.3055    ndcg@10 : 0.0902    ndcg@20 : 0.1087    ndcg@50 : 0.1361    
25 Oct 17:15    INFO  epoch 69 training [time: 15.74s, train loss: -18.3091]
25 Oct 17:15    INFO  epoch 69 evaluating [time: 14.62s, valid_score: 0.108900]
25 Oct 17:15    INFO  valid result: 
recall@10 : 0.1318    recall@20 : 0.1937    recall@50 : 0.3059    ndcg@10 : 0.0908    ndcg@20 : 0.1089    ndcg@50 : 0.1363    
25 Oct 17:15    INFO  Saving current best: saved/DirectAU-Oct-25-2023_16-39-54.pth
25 Oct 17:15    INFO  epoch 70 training [time: 15.72s, train loss: -18.3094]
25 Oct 17:15    INFO  epoch 70 evaluating [time: 14.81s, valid_score: 0.109100]
25 Oct 17:15    INFO  valid result: 
recall@10 : 0.1311    recall@20 : 0.1947    recall@50 : 0.3073    ndcg@10 : 0.0906    ndcg@20 : 0.1091    ndcg@50 : 0.1365    
25 Oct 17:15    INFO  Saving current best: saved/DirectAU-Oct-25-2023_16-39-54.pth
25 Oct 17:16    INFO  epoch 71 training [time: 15.76s, train loss: -18.3094]
25 Oct 17:16    INFO  epoch 71 evaluating [time: 14.57s, valid_score: 0.109300]
25 Oct 17:16    INFO  valid result: 
recall@10 : 0.1312    recall@20 : 0.1947    recall@50 : 0.3045    ndcg@10 : 0.0909    ndcg@20 : 0.1093    ndcg@50 : 0.1362    
25 Oct 17:16    INFO  Saving current best: saved/DirectAU-Oct-25-2023_16-39-54.pth
25 Oct 17:16    INFO  epoch 72 training [time: 15.85s, train loss: -18.3094]
25 Oct 17:16    INFO  epoch 72 evaluating [time: 14.67s, valid_score: 0.109400]
25 Oct 17:16    INFO  valid result: 
recall@10 : 0.1307    recall@20 : 0.1949    recall@50 : 0.3065    ndcg@10 : 0.0907    ndcg@20 : 0.1094    ndcg@50 : 0.1366    
25 Oct 17:16    INFO  Saving current best: saved/DirectAU-Oct-25-2023_16-39-54.pth
25 Oct 17:17    INFO  epoch 73 training [time: 15.77s, train loss: -18.3094]
25 Oct 17:17    INFO  epoch 73 evaluating [time: 14.01s, valid_score: 0.109200]
25 Oct 17:17    INFO  valid result: 
recall@10 : 0.1306    recall@20 : 0.1955    recall@50 : 0.3067    ndcg@10 : 0.0904    ndcg@20 : 0.1092    ndcg@50 : 0.1364    
25 Oct 17:17    INFO  epoch 74 training [time: 15.76s, train loss: -18.3100]
25 Oct 17:17    INFO  epoch 74 evaluating [time: 14.39s, valid_score: 0.109300]
25 Oct 17:17    INFO  valid result: 
recall@10 : 0.1309    recall@20 : 0.196    recall@50 : 0.3069    ndcg@10 : 0.0904    ndcg@20 : 0.1093    ndcg@50 : 0.1364    
25 Oct 17:18    INFO  epoch 75 training [time: 15.78s, train loss: -18.3097]
25 Oct 17:18    INFO  epoch 75 evaluating [time: 14.18s, valid_score: 0.109800]
25 Oct 17:18    INFO  valid result: 
recall@10 : 0.1317    recall@20 : 0.1966    recall@50 : 0.3073    ndcg@10 : 0.0909    ndcg@20 : 0.1098    ndcg@50 : 0.1368    
25 Oct 17:18    INFO  Saving current best: saved/DirectAU-Oct-25-2023_16-39-54.pth
25 Oct 17:18    INFO  epoch 76 training [time: 15.87s, train loss: -18.3099]
25 Oct 17:18    INFO  epoch 76 evaluating [time: 14.46s, valid_score: 0.109500]
25 Oct 17:18    INFO  valid result: 
recall@10 : 0.133    recall@20 : 0.1958    recall@50 : 0.3063    ndcg@10 : 0.0913    ndcg@20 : 0.1095    ndcg@50 : 0.1366    
25 Oct 17:19    INFO  epoch 77 training [time: 15.76s, train loss: -18.3098]
25 Oct 17:19    INFO  epoch 77 evaluating [time: 14.35s, valid_score: 0.109700]
25 Oct 17:19    INFO  valid result: 
recall@10 : 0.1325    recall@20 : 0.1962    recall@50 : 0.3062    ndcg@10 : 0.0911    ndcg@20 : 0.1097    ndcg@50 : 0.1366    
25 Oct 17:19    INFO  epoch 78 training [time: 15.77s, train loss: -18.3099]
25 Oct 17:19    INFO  epoch 78 evaluating [time: 14.22s, valid_score: 0.109700]
25 Oct 17:19    INFO  valid result: 
recall@10 : 0.1326    recall@20 : 0.196    recall@50 : 0.3078    ndcg@10 : 0.0913    ndcg@20 : 0.1097    ndcg@50 : 0.137    
25 Oct 17:20    INFO  epoch 79 training [time: 15.78s, train loss: -18.3102]
25 Oct 17:20    INFO  epoch 79 evaluating [time: 14.35s, valid_score: 0.109900]
25 Oct 17:20    INFO  valid result: 
recall@10 : 0.1331    recall@20 : 0.1957    recall@50 : 0.3076    ndcg@10 : 0.0917    ndcg@20 : 0.1099    ndcg@50 : 0.1373    
25 Oct 17:20    INFO  Saving current best: saved/DirectAU-Oct-25-2023_16-39-54.pth
25 Oct 17:20    INFO  epoch 80 training [time: 15.77s, train loss: -18.3104]
25 Oct 17:20    INFO  epoch 80 evaluating [time: 14.10s, valid_score: 0.110200]
25 Oct 17:20    INFO  valid result: 
recall@10 : 0.1337    recall@20 : 0.1958    recall@50 : 0.3087    ndcg@10 : 0.0921    ndcg@20 : 0.1102    ndcg@50 : 0.1378    
25 Oct 17:20    INFO  Saving current best: saved/DirectAU-Oct-25-2023_16-39-54.pth
25 Oct 17:21    INFO  epoch 81 training [time: 15.78s, train loss: -18.3103]
25 Oct 17:21    INFO  epoch 81 evaluating [time: 14.40s, valid_score: 0.110300]
25 Oct 17:21    INFO  valid result: 
recall@10 : 0.1328    recall@20 : 0.1966    recall@50 : 0.3091    ndcg@10 : 0.0917    ndcg@20 : 0.1103    ndcg@50 : 0.1378    
25 Oct 17:21    INFO  Saving current best: saved/DirectAU-Oct-25-2023_16-39-54.pth
25 Oct 17:21    INFO  epoch 82 training [time: 15.77s, train loss: -18.3104]
25 Oct 17:21    INFO  epoch 82 evaluating [time: 14.22s, valid_score: 0.110500]
25 Oct 17:21    INFO  valid result: 
recall@10 : 0.1339    recall@20 : 0.1966    recall@50 : 0.3085    ndcg@10 : 0.0923    ndcg@20 : 0.1105    ndcg@50 : 0.1378    
25 Oct 17:21    INFO  Saving current best: saved/DirectAU-Oct-25-2023_16-39-54.pth
25 Oct 17:22    INFO  epoch 83 training [time: 15.77s, train loss: -18.3106]
25 Oct 17:22    INFO  epoch 83 evaluating [time: 14.39s, valid_score: 0.110800]
25 Oct 17:22    INFO  valid result: 
recall@10 : 0.1336    recall@20 : 0.1974    recall@50 : 0.3096    ndcg@10 : 0.0922    ndcg@20 : 0.1108    ndcg@50 : 0.1382    
25 Oct 17:22    INFO  Saving current best: saved/DirectAU-Oct-25-2023_16-39-54.pth
25 Oct 17:22    INFO  epoch 84 training [time: 15.72s, train loss: -18.3107]
25 Oct 17:22    INFO  epoch 84 evaluating [time: 14.22s, valid_score: 0.110500]
25 Oct 17:22    INFO  valid result: 
recall@10 : 0.1341    recall@20 : 0.1968    recall@50 : 0.3093    ndcg@10 : 0.0923    ndcg@20 : 0.1105    ndcg@50 : 0.138    
25 Oct 17:23    INFO  epoch 85 training [time: 15.76s, train loss: -18.3106]
25 Oct 17:23    INFO  epoch 85 evaluating [time: 14.38s, valid_score: 0.110900]
25 Oct 17:23    INFO  valid result: 
recall@10 : 0.134    recall@20 : 0.1967    recall@50 : 0.3087    ndcg@10 : 0.0926    ndcg@20 : 0.1109    ndcg@50 : 0.1383    
25 Oct 17:23    INFO  Saving current best: saved/DirectAU-Oct-25-2023_16-39-54.pth
25 Oct 17:23    INFO  epoch 86 training [time: 15.77s, train loss: -18.3104]
25 Oct 17:23    INFO  epoch 86 evaluating [time: 14.00s, valid_score: 0.110900]
25 Oct 17:23    INFO  valid result: 
recall@10 : 0.1335    recall@20 : 0.1968    recall@50 : 0.3091    ndcg@10 : 0.0924    ndcg@20 : 0.1109    ndcg@50 : 0.1383    
25 Oct 17:24    INFO  epoch 87 training [time: 15.78s, train loss: -18.3108]
25 Oct 17:24    INFO  epoch 87 evaluating [time: 14.45s, valid_score: 0.111200]
25 Oct 17:24    INFO  valid result: 
recall@10 : 0.1338    recall@20 : 0.1978    recall@50 : 0.3074    ndcg@10 : 0.0926    ndcg@20 : 0.1112    ndcg@50 : 0.1382    
25 Oct 17:24    INFO  Saving current best: saved/DirectAU-Oct-25-2023_16-39-54.pth
25 Oct 17:24    INFO  epoch 88 training [time: 15.78s, train loss: -18.3111]
25 Oct 17:24    INFO  epoch 88 evaluating [time: 14.23s, valid_score: 0.111000]
25 Oct 17:24    INFO  valid result: 
recall@10 : 0.1338    recall@20 : 0.1979    recall@50 : 0.3094    ndcg@10 : 0.0925    ndcg@20 : 0.111    ndcg@50 : 0.1383    
25 Oct 17:25    INFO  epoch 89 training [time: 15.73s, train loss: -18.3110]
25 Oct 17:25    INFO  epoch 89 evaluating [time: 14.45s, valid_score: 0.110900]
25 Oct 17:25    INFO  valid result: 
recall@10 : 0.1345    recall@20 : 0.1975    recall@50 : 0.3092    ndcg@10 : 0.0925    ndcg@20 : 0.1109    ndcg@50 : 0.1382    
25 Oct 17:25    INFO  epoch 90 training [time: 15.78s, train loss: -18.3109]
25 Oct 17:25    INFO  epoch 90 evaluating [time: 14.22s, valid_score: 0.110800]
25 Oct 17:25    INFO  valid result: 
recall@10 : 0.134    recall@20 : 0.1975    recall@50 : 0.3097    ndcg@10 : 0.0924    ndcg@20 : 0.1108    ndcg@50 : 0.1383    
25 Oct 17:26    INFO  epoch 91 training [time: 15.78s, train loss: -18.3109]
25 Oct 17:26    INFO  epoch 91 evaluating [time: 14.52s, valid_score: 0.111500]
25 Oct 17:26    INFO  valid result: 
recall@10 : 0.1349    recall@20 : 0.1984    recall@50 : 0.3103    ndcg@10 : 0.0931    ndcg@20 : 0.1115    ndcg@50 : 0.1389    
25 Oct 17:26    INFO  Saving current best: saved/DirectAU-Oct-25-2023_16-39-54.pth
25 Oct 17:26    INFO  epoch 92 training [time: 15.87s, train loss: -18.3111]
25 Oct 17:26    INFO  epoch 92 evaluating [time: 14.57s, valid_score: 0.111400]
25 Oct 17:26    INFO  valid result: 
recall@10 : 0.1347    recall@20 : 0.1994    recall@50 : 0.3102    ndcg@10 : 0.0925    ndcg@20 : 0.1114    ndcg@50 : 0.1385    
25 Oct 17:27    INFO  epoch 93 training [time: 15.76s, train loss: -18.3112]
25 Oct 17:27    INFO  epoch 93 evaluating [time: 14.21s, valid_score: 0.111200]
25 Oct 17:27    INFO  valid result: 
recall@10 : 0.1351    recall@20 : 0.1977    recall@50 : 0.3104    ndcg@10 : 0.0931    ndcg@20 : 0.1112    ndcg@50 : 0.1388    
25 Oct 17:27    INFO  epoch 94 training [time: 15.75s, train loss: -18.3114]
25 Oct 17:27    INFO  epoch 94 evaluating [time: 14.34s, valid_score: 0.111700]
25 Oct 17:27    INFO  valid result: 
recall@10 : 0.135    recall@20 : 0.1992    recall@50 : 0.309    ndcg@10 : 0.0931    ndcg@20 : 0.1117    ndcg@50 : 0.1386    
25 Oct 17:27    INFO  Saving current best: saved/DirectAU-Oct-25-2023_16-39-54.pth
25 Oct 17:28    INFO  epoch 95 training [time: 15.75s, train loss: -18.3112]
25 Oct 17:28    INFO  epoch 95 evaluating [time: 14.23s, valid_score: 0.111700]
25 Oct 17:28    INFO  valid result: 
recall@10 : 0.1348    recall@20 : 0.1983    recall@50 : 0.3099    ndcg@10 : 0.0933    ndcg@20 : 0.1117    ndcg@50 : 0.139    
25 Oct 17:28    INFO  epoch 96 training [time: 15.74s, train loss: -18.3114]
25 Oct 17:28    INFO  epoch 96 evaluating [time: 14.40s, valid_score: 0.111900]
25 Oct 17:28    INFO  valid result: 
recall@10 : 0.135    recall@20 : 0.1986    recall@50 : 0.3096    ndcg@10 : 0.0934    ndcg@20 : 0.1119    ndcg@50 : 0.1391    
25 Oct 17:28    INFO  Saving current best: saved/DirectAU-Oct-25-2023_16-39-54.pth
25 Oct 17:29    INFO  epoch 97 training [time: 15.77s, train loss: -18.3117]
25 Oct 17:29    INFO  epoch 97 evaluating [time: 14.38s, valid_score: 0.111800]
25 Oct 17:29    INFO  valid result: 
recall@10 : 0.135    recall@20 : 0.1993    recall@50 : 0.3112    ndcg@10 : 0.0932    ndcg@20 : 0.1118    ndcg@50 : 0.1392    
25 Oct 17:29    INFO  epoch 98 training [time: 15.78s, train loss: -18.3118]
25 Oct 17:29    INFO  epoch 98 evaluating [time: 14.16s, valid_score: 0.112100]
25 Oct 17:29    INFO  valid result: 
recall@10 : 0.1349    recall@20 : 0.1993    recall@50 : 0.3099    ndcg@10 : 0.0934    ndcg@20 : 0.1121    ndcg@50 : 0.1392    
25 Oct 17:29    INFO  Saving current best: saved/DirectAU-Oct-25-2023_16-39-54.pth
25 Oct 17:30    INFO  epoch 99 training [time: 15.71s, train loss: -18.3113]
25 Oct 17:30    INFO  epoch 99 evaluating [time: 14.27s, valid_score: 0.111900]
25 Oct 17:30    INFO  valid result: 
recall@10 : 0.136    recall@20 : 0.1994    recall@50 : 0.3108    ndcg@10 : 0.0935    ndcg@20 : 0.1119    ndcg@50 : 0.1392    
25 Oct 17:30    INFO  epoch 100 training [time: 15.80s, train loss: -18.3115]
25 Oct 17:30    INFO  epoch 100 evaluating [time: 14.60s, valid_score: 0.111900]
25 Oct 17:30    INFO  valid result: 
recall@10 : 0.1356    recall@20 : 0.1988    recall@50 : 0.31    ndcg@10 : 0.0935    ndcg@20 : 0.1119    ndcg@50 : 0.1391    
25 Oct 17:31    INFO  epoch 101 training [time: 15.78s, train loss: -18.3116]
25 Oct 17:31    INFO  epoch 101 evaluating [time: 14.49s, valid_score: 0.111900]
25 Oct 17:31    INFO  valid result: 
recall@10 : 0.1354    recall@20 : 0.1986    recall@50 : 0.3112    ndcg@10 : 0.0935    ndcg@20 : 0.1119    ndcg@50 : 0.1394    
25 Oct 17:31    INFO  epoch 102 training [time: 15.71s, train loss: -18.3120]
25 Oct 17:31    INFO  epoch 102 evaluating [time: 14.11s, valid_score: 0.112000]
25 Oct 17:31    INFO  valid result: 
recall@10 : 0.1356    recall@20 : 0.1988    recall@50 : 0.3121    ndcg@10 : 0.0937    ndcg@20 : 0.112    ndcg@50 : 0.1397    
25 Oct 17:32    INFO  epoch 103 training [time: 15.78s, train loss: -18.3120]
25 Oct 17:32    INFO  epoch 103 evaluating [time: 14.33s, valid_score: 0.112600]
25 Oct 17:32    INFO  valid result: 
recall@10 : 0.1349    recall@20 : 0.1991    recall@50 : 0.3121    ndcg@10 : 0.0939    ndcg@20 : 0.1126    ndcg@50 : 0.1402    
25 Oct 17:32    INFO  Saving current best: saved/DirectAU-Oct-25-2023_16-39-54.pth
25 Oct 17:32    INFO  epoch 104 training [time: 15.75s, train loss: -18.3118]
25 Oct 17:32    INFO  epoch 104 evaluating [time: 14.16s, valid_score: 0.112300]
25 Oct 17:32    INFO  valid result: 
recall@10 : 0.135    recall@20 : 0.1994    recall@50 : 0.3106    ndcg@10 : 0.0936    ndcg@20 : 0.1123    ndcg@50 : 0.1395    
25 Oct 17:33    INFO  epoch 105 training [time: 15.77s, train loss: -18.3120]
25 Oct 17:33    INFO  epoch 105 evaluating [time: 14.40s, valid_score: 0.112600]
25 Oct 17:33    INFO  valid result: 
recall@10 : 0.1355    recall@20 : 0.1998    recall@50 : 0.312    ndcg@10 : 0.0938    ndcg@20 : 0.1126    ndcg@50 : 0.14    
25 Oct 17:33    INFO  epoch 106 training [time: 15.78s, train loss: -18.3122]
25 Oct 17:33    INFO  epoch 106 evaluating [time: 14.18s, valid_score: 0.111900]
25 Oct 17:33    INFO  valid result: 
recall@10 : 0.1352    recall@20 : 0.1984    recall@50 : 0.3123    ndcg@10 : 0.0936    ndcg@20 : 0.1119    ndcg@50 : 0.1398    
25 Oct 17:34    INFO  epoch 107 training [time: 15.77s, train loss: -18.3120]
25 Oct 17:34    INFO  epoch 107 evaluating [time: 14.42s, valid_score: 0.112300]
25 Oct 17:34    INFO  valid result: 
recall@10 : 0.1356    recall@20 : 0.1995    recall@50 : 0.3128    ndcg@10 : 0.0937    ndcg@20 : 0.1123    ndcg@50 : 0.14    
25 Oct 17:34    INFO  epoch 108 training [time: 15.74s, train loss: -18.3122]
25 Oct 17:34    INFO  epoch 108 evaluating [time: 14.16s, valid_score: 0.112800]
25 Oct 17:34    INFO  valid result: 
recall@10 : 0.1361    recall@20 : 0.1988    recall@50 : 0.3115    ndcg@10 : 0.0944    ndcg@20 : 0.1128    ndcg@50 : 0.1403    
25 Oct 17:34    INFO  Saving current best: saved/DirectAU-Oct-25-2023_16-39-54.pth
25 Oct 17:35    INFO  epoch 109 training [time: 15.70s, train loss: -18.3119]
25 Oct 17:35    INFO  epoch 109 evaluating [time: 14.33s, valid_score: 0.113100]
25 Oct 17:35    INFO  valid result: 
recall@10 : 0.136    recall@20 : 0.1992    recall@50 : 0.3126    ndcg@10 : 0.0947    ndcg@20 : 0.1131    ndcg@50 : 0.1408    
25 Oct 17:35    INFO  Saving current best: saved/DirectAU-Oct-25-2023_16-39-54.pth
25 Oct 17:35    INFO  epoch 110 training [time: 15.74s, train loss: -18.3124]
25 Oct 17:35    INFO  epoch 110 evaluating [time: 14.58s, valid_score: 0.112800]
25 Oct 17:35    INFO  valid result: 
recall@10 : 0.1362    recall@20 : 0.1993    recall@50 : 0.3125    ndcg@10 : 0.0945    ndcg@20 : 0.1128    ndcg@50 : 0.1405    
25 Oct 17:36    INFO  epoch 111 training [time: 15.76s, train loss: -18.3120]
25 Oct 17:36    INFO  epoch 111 evaluating [time: 14.33s, valid_score: 0.112500]
25 Oct 17:36    INFO  valid result: 
recall@10 : 0.137    recall@20 : 0.199    recall@50 : 0.3121    ndcg@10 : 0.0945    ndcg@20 : 0.1125    ndcg@50 : 0.1402    
25 Oct 17:36    INFO  epoch 112 training [time: 15.75s, train loss: -18.3124]
25 Oct 17:36    INFO  epoch 112 evaluating [time: 14.37s, valid_score: 0.112400]
25 Oct 17:36    INFO  valid result: 
recall@10 : 0.1367    recall@20 : 0.1987    recall@50 : 0.3125    ndcg@10 : 0.0944    ndcg@20 : 0.1124    ndcg@50 : 0.1402    
25 Oct 17:37    INFO  epoch 113 training [time: 15.76s, train loss: -18.3120]
25 Oct 17:37    INFO  epoch 113 evaluating [time: 14.28s, valid_score: 0.112900]
25 Oct 17:37    INFO  valid result: 
recall@10 : 0.1361    recall@20 : 0.2001    recall@50 : 0.3127    ndcg@10 : 0.0944    ndcg@20 : 0.1129    ndcg@50 : 0.1405    
25 Oct 17:37    INFO  epoch 114 training [time: 15.74s, train loss: -18.3124]
25 Oct 17:37    INFO  epoch 114 evaluating [time: 14.39s, valid_score: 0.112600]
25 Oct 17:37    INFO  valid result: 
recall@10 : 0.1361    recall@20 : 0.1991    recall@50 : 0.3124    ndcg@10 : 0.0944    ndcg@20 : 0.1126    ndcg@50 : 0.1404    
25 Oct 17:38    INFO  epoch 115 training [time: 15.77s, train loss: -18.3127]
25 Oct 17:38    INFO  epoch 115 evaluating [time: 14.29s, valid_score: 0.112800]
25 Oct 17:38    INFO  valid result: 
recall@10 : 0.1355    recall@20 : 0.1999    recall@50 : 0.3117    ndcg@10 : 0.0942    ndcg@20 : 0.1128    ndcg@50 : 0.1403    
25 Oct 17:38    INFO  epoch 116 training [time: 15.80s, train loss: -18.3122]
25 Oct 17:39    INFO  epoch 116 evaluating [time: 14.70s, valid_score: 0.112700]
25 Oct 17:39    INFO  valid result: 
recall@10 : 0.1361    recall@20 : 0.1996    recall@50 : 0.3127    ndcg@10 : 0.0944    ndcg@20 : 0.1127    ndcg@50 : 0.1404    
25 Oct 17:39    INFO  epoch 117 training [time: 15.96s, train loss: -18.3121]
25 Oct 17:39    INFO  epoch 117 evaluating [time: 14.45s, valid_score: 0.112500]
25 Oct 17:39    INFO  valid result: 
recall@10 : 0.1368    recall@20 : 0.1993    recall@50 : 0.3123    ndcg@10 : 0.0944    ndcg@20 : 0.1125    ndcg@50 : 0.1402    
25 Oct 17:39    INFO  epoch 118 training [time: 15.59s, train loss: -18.3122]
25 Oct 17:40    INFO  epoch 118 evaluating [time: 16.46s, valid_score: 0.112700]
25 Oct 17:40    INFO  valid result: 
recall@10 : 0.1371    recall@20 : 0.1994    recall@50 : 0.3123    ndcg@10 : 0.0946    ndcg@20 : 0.1127    ndcg@50 : 0.1403    
25 Oct 17:40    INFO  epoch 119 training [time: 15.56s, train loss: -18.3125]
25 Oct 17:40    INFO  epoch 119 evaluating [time: 16.19s, valid_score: 0.112800]
25 Oct 17:40    INFO  valid result: 
recall@10 : 0.136    recall@20 : 0.2001    recall@50 : 0.3123    ndcg@10 : 0.0942    ndcg@20 : 0.1128    ndcg@50 : 0.1401    
25 Oct 17:40    INFO  epoch 120 training [time: 15.77s, train loss: -18.3121]
25 Oct 17:41    INFO  epoch 120 evaluating [time: 14.47s, valid_score: 0.113100]
25 Oct 17:41    INFO  valid result: 
recall@10 : 0.137    recall@20 : 0.2004    recall@50 : 0.3124    ndcg@10 : 0.0946    ndcg@20 : 0.1131    ndcg@50 : 0.1404    
25 Oct 17:41    INFO  Finished training, best eval result in epoch 109
25 Oct 17:41    INFO  Loading model structure and parameters from saved/DirectAU-Oct-25-2023_16-39-54.pth
25 Oct 17:41    INFO  best valid : {'recall@10': 0.136, 'recall@20': 0.1992, 'recall@50': 0.3126, 'ndcg@10': 0.0947, 'ndcg@20': 0.1131, 'ndcg@50': 0.1408}
25 Oct 17:41    INFO  test result: {'recall@10': 0.1382, 'recall@20': 0.2004, 'recall@50': 0.3123, 'ndcg@10': 0.0989, 'ndcg@20': 0.1167, 'ndcg@50': 0.144}
