25 Oct 12:03    INFO  
General Hyper Parameters:
gpu_id = 9
use_gpu = True
seed = 0
state = INFO
reproducibility = True
data_path = dataset/Gowalla
show_progress = False

Training Hyper Parameters:
checkpoint_dir = saved
epochs = 500
train_batch_size = 1024
learner = adam
learning_rate = 0.001
training_neg_sample_num = 0
training_neg_sample_distribution = uniform
eval_step = 1
stopping_step = 10
clip_grad_norm = None
weight_decay = 1e-06
draw_loss_pic = False
loss_decimal_place = 4

Evaluation Hyper Parameters:
eval_setting = RO_RS,full
group_by_user = True
split_ratio = [0.8, 0.1, 0.1]
leave_one_num = 2
real_time_process = False
metrics = ['Recall', 'NDCG']
topk = [10, 20, 50]
valid_metric = NDCG@20
eval_batch_size = 4096
metric_decimal_place = 4

Dataset Hyper Parameters:
field_separator = 	
seq_separator =  
USER_ID_FIELD = user_id
ITEM_ID_FIELD = item_id
RATING_FIELD = rating
TIME_FIELD = timestamp
seq_len = None
LABEL_FIELD = label
threshold = None
NEG_PREFIX = neg_
load_col = {'inter': ['user_id', 'item_id', 'timestamp']}
unload_col = None
unused_col = None
additional_feat_suffix = None
lowest_val = None
highest_val = None
equal_val = None
not_equal_val = None
max_user_inter_num = None
min_user_inter_num = 5
max_item_inter_num = None
min_item_inter_num = 5
fields_in_same_space = None
preload_weight = None
normalize_field = None
normalize_all = None
ITEM_LIST_LENGTH_FIELD = item_length
LIST_SUFFIX = _list
MAX_ITEM_LIST_LENGTH = 50
POSITION_FIELD = position_id
HEAD_ENTITY_ID_FIELD = head_id
TAIL_ENTITY_ID_FIELD = tail_id
RELATION_ID_FIELD = relation_id
ENTITY_ID_FIELD = entity_id

Other Hyper Parameters: 
valid_metric_bigger = True
BT = 0.1
bt = 0.001
embedding_size = 64
encoder = MF
gamma = 5
times = 1
witem = 0.1
wuser = 0.8
zc = None
rm_dup_inter = None
filter_inter_by_user_or_item = True
SOURCE_ID_FIELD = source_id
TARGET_ID_FIELD = target_id
benchmark_filename = None
MODEL_TYPE = ModelType.GENERAL
MODEL_INPUT_TYPE = InputType.POINTWISE
eval_type = EvaluatorType.RANKING
device = cuda
train_neg_sample_args = {'strategy': 'none'}


25 Oct 12:03    INFO  Gowalla
The number of users: 29859
Average actions of users: 34.408533726304505
The number of items: 40982
Average actions of items: 25.06942241526561
The number of inters: 1027370
The sparsity of the dataset: 99.91604269835769%
Remain Fields: ['user_id', 'item_id']
25 Oct 12:03    INFO  Build [GeneralDataLoader] for [train] with format [InputType.POINTWISE]
25 Oct 12:03    INFO  [train] No Negative Sampling
25 Oct 12:03    INFO  [train] batch_size = [1024], shuffle = [True]

25 Oct 12:03    INFO  Build [GeneralFullDataLoader] for [evaluation] with format [InputType.POINTWISE]
25 Oct 12:03    INFO  Evaluation Setting:
	Group by user_id
	Ordering: {'strategy': 'shuffle'}
	Splitting: {'strategy': 'by_ratio', 'ratios': [0.8, 0.1, 0.1]}
	Negative Sampling: {'strategy': 'full', 'distribution': 'uniform'}
25 Oct 12:03    INFO  [evaluation] batch_size = [4096], shuffle = [False]

25 Oct 12:03    WARNING  Batch size is changed to 40982.
25 Oct 12:03    WARNING  Batch size is changed to 40982.
{'BT': 0.1, 'bt': 0.001, 'embedding_size': 64, 'encoder': 'MF', 'gamma': None, 'times': 1, 'training_neg_sample_num': 0, 'witem': 0.1, 'wuser': 0.8, 'zc': None}
this is encoder MF...
这是directau 的 WUBT 版本...
25 Oct 12:03    INFO  DirectAU(
  (encoder): MFEncoder(
    (user_embedding): Embedding(29859, 64)
    (item_embedding): Embedding(40982, 64)
  )
  (bn): BatchNorm1d(64, eps=1e-05, momentum=0.1, affine=False, track_running_stats=True)
  (projector): Sequential(
    (0): Linear(in_features=64, out_features=64, bias=False)
    (1): BatchNorm1d(64, eps=1e-05, momentum=0.1, affine=True, track_running_stats=True)
    (2): ReLU(inplace=True)
    (3): Linear(in_features=64, out_features=64, bias=False)
    (4): BatchNorm1d(64, eps=1e-05, momentum=0.1, affine=True, track_running_stats=True)
    (5): ReLU(inplace=True)
    (6): Linear(in_features=64, out_features=64, bias=False)
  )
)
Trainable parameters: 4546368
25 Oct 12:03    INFO  epoch 0 training [time: 15.87s, train loss: -17.4968]
25 Oct 12:04    INFO  epoch 0 evaluating [time: 14.94s, valid_score: 0.029300]
25 Oct 12:04    INFO  valid result: 
recall@10 : 0.0338    recall@20 : 0.052    recall@50 : 0.0889    ndcg@10 : 0.0238    ndcg@20 : 0.0293    ndcg@50 : 0.039    
25 Oct 12:04    INFO  Saving current best: saved/DirectAU-Oct-25-2023_12-03-32.pth
25 Oct 12:04    INFO  epoch 1 training [time: 15.87s, train loss: -17.9039]
25 Oct 12:04    INFO  epoch 1 evaluating [time: 14.38s, valid_score: 0.045700]
25 Oct 12:04    INFO  valid result: 
recall@10 : 0.0536    recall@20 : 0.0824    recall@50 : 0.139    ndcg@10 : 0.037    ndcg@20 : 0.0457    ndcg@50 : 0.0599    
25 Oct 12:04    INFO  Saving current best: saved/DirectAU-Oct-25-2023_12-03-32.pth
25 Oct 12:04    INFO  epoch 2 training [time: 15.89s, train loss: -18.0124]
25 Oct 12:05    INFO  epoch 2 evaluating [time: 14.60s, valid_score: 0.053400]
25 Oct 12:05    INFO  valid result: 
recall@10 : 0.0639    recall@20 : 0.0966    recall@50 : 0.161    ndcg@10 : 0.0436    ndcg@20 : 0.0534    ndcg@50 : 0.0695    
25 Oct 12:05    INFO  Saving current best: saved/DirectAU-Oct-25-2023_12-03-32.pth
25 Oct 12:05    INFO  epoch 3 training [time: 15.98s, train loss: -18.0656]
25 Oct 12:05    INFO  epoch 3 evaluating [time: 14.35s, valid_score: 0.058200]
25 Oct 12:05    INFO  valid result: 
recall@10 : 0.0687    recall@20 : 0.1053    recall@50 : 0.1734    ndcg@10 : 0.0474    ndcg@20 : 0.0582    ndcg@50 : 0.0752    
25 Oct 12:05    INFO  Saving current best: saved/DirectAU-Oct-25-2023_12-03-32.pth
25 Oct 12:05    INFO  epoch 4 training [time: 15.97s, train loss: -18.0998]
25 Oct 12:06    INFO  epoch 4 evaluating [time: 14.57s, valid_score: 0.061000]
25 Oct 12:06    INFO  valid result: 
recall@10 : 0.073    recall@20 : 0.1103    recall@50 : 0.1841    ndcg@10 : 0.0499    ndcg@20 : 0.061    ndcg@50 : 0.0792    
25 Oct 12:06    INFO  Saving current best: saved/DirectAU-Oct-25-2023_12-03-32.pth
25 Oct 12:06    INFO  epoch 5 training [time: 15.96s, train loss: -18.1245]
25 Oct 12:06    INFO  epoch 5 evaluating [time: 14.39s, valid_score: 0.063400]
25 Oct 12:06    INFO  valid result: 
recall@10 : 0.0758    recall@20 : 0.1155    recall@50 : 0.1921    ndcg@10 : 0.0518    ndcg@20 : 0.0634    ndcg@50 : 0.0824    
25 Oct 12:06    INFO  Saving current best: saved/DirectAU-Oct-25-2023_12-03-32.pth
25 Oct 12:06    INFO  epoch 6 training [time: 15.95s, train loss: -18.1444]
25 Oct 12:07    INFO  epoch 6 evaluating [time: 14.63s, valid_score: 0.065500]
25 Oct 12:07    INFO  valid result: 
recall@10 : 0.0781    recall@20 : 0.1185    recall@50 : 0.1982    ndcg@10 : 0.0535    ndcg@20 : 0.0655    ndcg@50 : 0.0851    
25 Oct 12:07    INFO  Saving current best: saved/DirectAU-Oct-25-2023_12-03-32.pth
25 Oct 12:07    INFO  epoch 7 training [time: 15.95s, train loss: -18.1605]
25 Oct 12:07    INFO  epoch 7 evaluating [time: 14.39s, valid_score: 0.068300]
25 Oct 12:07    INFO  valid result: 
recall@10 : 0.0818    recall@20 : 0.1239    recall@50 : 0.2047    ndcg@10 : 0.0559    ndcg@20 : 0.0683    ndcg@50 : 0.0881    
25 Oct 12:07    INFO  Saving current best: saved/DirectAU-Oct-25-2023_12-03-32.pth
25 Oct 12:07    INFO  epoch 8 training [time: 15.97s, train loss: -18.1743]
25 Oct 12:08    INFO  epoch 8 evaluating [time: 14.54s, valid_score: 0.069900]
25 Oct 12:08    INFO  valid result: 
recall@10 : 0.0842    recall@20 : 0.1269    recall@50 : 0.2108    ndcg@10 : 0.0573    ndcg@20 : 0.0699    ndcg@50 : 0.0906    
25 Oct 12:08    INFO  Saving current best: saved/DirectAU-Oct-25-2023_12-03-32.pth
25 Oct 12:08    INFO  epoch 9 training [time: 15.97s, train loss: -18.1872]
25 Oct 12:08    INFO  epoch 9 evaluating [time: 14.36s, valid_score: 0.072200]
25 Oct 12:08    INFO  valid result: 
recall@10 : 0.0875    recall@20 : 0.1296    recall@50 : 0.216    ndcg@10 : 0.0597    ndcg@20 : 0.0722    ndcg@50 : 0.0934    
25 Oct 12:08    INFO  Saving current best: saved/DirectAU-Oct-25-2023_12-03-32.pth
25 Oct 12:08    INFO  epoch 10 training [time: 15.97s, train loss: -18.1984]
25 Oct 12:09    INFO  epoch 10 evaluating [time: 14.89s, valid_score: 0.074400]
25 Oct 12:09    INFO  valid result: 
recall@10 : 0.0887    recall@20 : 0.1346    recall@50 : 0.2228    ndcg@10 : 0.0609    ndcg@20 : 0.0744    ndcg@50 : 0.096    
25 Oct 12:09    INFO  Saving current best: saved/DirectAU-Oct-25-2023_12-03-32.pth
25 Oct 12:09    INFO  epoch 11 training [time: 15.97s, train loss: -18.2083]
25 Oct 12:09    INFO  epoch 11 evaluating [time: 14.91s, valid_score: 0.075300]
25 Oct 12:09    INFO  valid result: 
recall@10 : 0.0913    recall@20 : 0.1366    recall@50 : 0.2269    ndcg@10 : 0.062    ndcg@20 : 0.0753    ndcg@50 : 0.0975    
25 Oct 12:09    INFO  Saving current best: saved/DirectAU-Oct-25-2023_12-03-32.pth
25 Oct 12:09    INFO  epoch 12 training [time: 15.98s, train loss: -18.2173]
25 Oct 12:10    INFO  epoch 12 evaluating [time: 14.30s, valid_score: 0.077600]
25 Oct 12:10    INFO  valid result: 
recall@10 : 0.0935    recall@20 : 0.1413    recall@50 : 0.2307    ndcg@10 : 0.0636    ndcg@20 : 0.0776    ndcg@50 : 0.0995    
25 Oct 12:10    INFO  Saving current best: saved/DirectAU-Oct-25-2023_12-03-32.pth
25 Oct 12:10    INFO  epoch 13 training [time: 15.80s, train loss: -18.2254]
25 Oct 12:10    INFO  epoch 13 evaluating [time: 14.68s, valid_score: 0.079000]
25 Oct 12:10    INFO  valid result: 
recall@10 : 0.0946    recall@20 : 0.1438    recall@50 : 0.2351    ndcg@10 : 0.0646    ndcg@20 : 0.079    ndcg@50 : 0.1014    
25 Oct 12:10    INFO  Saving current best: saved/DirectAU-Oct-25-2023_12-03-32.pth
25 Oct 12:10    INFO  epoch 14 training [time: 15.65s, train loss: -18.2328]
25 Oct 12:11    INFO  epoch 14 evaluating [time: 14.45s, valid_score: 0.080600]
25 Oct 12:11    INFO  valid result: 
recall@10 : 0.0969    recall@20 : 0.1463    recall@50 : 0.2386    ndcg@10 : 0.066    ndcg@20 : 0.0806    ndcg@50 : 0.1031    
25 Oct 12:11    INFO  Saving current best: saved/DirectAU-Oct-25-2023_12-03-32.pth
25 Oct 12:11    INFO  epoch 15 training [time: 15.91s, train loss: -18.2394]
25 Oct 12:11    INFO  epoch 15 evaluating [time: 14.70s, valid_score: 0.082100]
25 Oct 12:11    INFO  valid result: 
recall@10 : 0.099    recall@20 : 0.1491    recall@50 : 0.2417    ndcg@10 : 0.0674    ndcg@20 : 0.0821    ndcg@50 : 0.1048    
25 Oct 12:11    INFO  Saving current best: saved/DirectAU-Oct-25-2023_12-03-32.pth
25 Oct 12:11    INFO  epoch 16 training [time: 15.96s, train loss: -18.2455]
25 Oct 12:12    INFO  epoch 16 evaluating [time: 14.41s, valid_score: 0.084300]
25 Oct 12:12    INFO  valid result: 
recall@10 : 0.1006    recall@20 : 0.1529    recall@50 : 0.2462    ndcg@10 : 0.0689    ndcg@20 : 0.0843    ndcg@50 : 0.1071    
25 Oct 12:12    INFO  Saving current best: saved/DirectAU-Oct-25-2023_12-03-32.pth
25 Oct 12:12    INFO  epoch 17 training [time: 15.96s, train loss: -18.2503]
25 Oct 12:12    INFO  epoch 17 evaluating [time: 14.51s, valid_score: 0.085100]
25 Oct 12:12    INFO  valid result: 
recall@10 : 0.1032    recall@20 : 0.1536    recall@50 : 0.2496    ndcg@10 : 0.0703    ndcg@20 : 0.0851    ndcg@50 : 0.1087    
25 Oct 12:12    INFO  Saving current best: saved/DirectAU-Oct-25-2023_12-03-32.pth
25 Oct 12:12    INFO  epoch 18 training [time: 15.98s, train loss: -18.2553]
25 Oct 12:13    INFO  epoch 18 evaluating [time: 14.41s, valid_score: 0.086900]
25 Oct 12:13    INFO  valid result: 
recall@10 : 0.1053    recall@20 : 0.1567    recall@50 : 0.2521    ndcg@10 : 0.0718    ndcg@20 : 0.0869    ndcg@50 : 0.1103    
25 Oct 12:13    INFO  Saving current best: saved/DirectAU-Oct-25-2023_12-03-32.pth
25 Oct 12:13    INFO  epoch 19 training [time: 15.97s, train loss: -18.2603]
25 Oct 12:13    INFO  epoch 19 evaluating [time: 14.64s, valid_score: 0.088400]
25 Oct 12:13    INFO  valid result: 
recall@10 : 0.1079    recall@20 : 0.1586    recall@50 : 0.2543    ndcg@10 : 0.0735    ndcg@20 : 0.0884    ndcg@50 : 0.1119    
25 Oct 12:13    INFO  Saving current best: saved/DirectAU-Oct-25-2023_12-03-32.pth
25 Oct 12:14    INFO  epoch 20 training [time: 15.96s, train loss: -18.2641]
25 Oct 12:14    INFO  epoch 20 evaluating [time: 14.43s, valid_score: 0.089200]
25 Oct 12:14    INFO  valid result: 
recall@10 : 0.1093    recall@20 : 0.1605    recall@50 : 0.2573    ndcg@10 : 0.0742    ndcg@20 : 0.0892    ndcg@50 : 0.1129    
25 Oct 12:14    INFO  Saving current best: saved/DirectAU-Oct-25-2023_12-03-32.pth
25 Oct 12:14    INFO  epoch 21 training [time: 15.96s, train loss: -18.2679]
25 Oct 12:14    INFO  epoch 21 evaluating [time: 14.50s, valid_score: 0.090600]
25 Oct 12:14    INFO  valid result: 
recall@10 : 0.1104    recall@20 : 0.1628    recall@50 : 0.2583    ndcg@10 : 0.0753    ndcg@20 : 0.0906    ndcg@50 : 0.1141    
25 Oct 12:14    INFO  Saving current best: saved/DirectAU-Oct-25-2023_12-03-32.pth
25 Oct 12:15    INFO  epoch 22 training [time: 15.72s, train loss: -18.2713]
25 Oct 12:15    INFO  epoch 22 evaluating [time: 14.43s, valid_score: 0.091700]
25 Oct 12:15    INFO  valid result: 
recall@10 : 0.11    recall@20 : 0.1639    recall@50 : 0.2615    ndcg@10 : 0.0759    ndcg@20 : 0.0917    ndcg@50 : 0.1156    
25 Oct 12:15    INFO  Saving current best: saved/DirectAU-Oct-25-2023_12-03-32.pth
25 Oct 12:15    INFO  epoch 23 training [time: 15.82s, train loss: -18.2743]
25 Oct 12:15    INFO  epoch 23 evaluating [time: 14.73s, valid_score: 0.092400]
25 Oct 12:15    INFO  valid result: 
recall@10 : 0.1125    recall@20 : 0.1658    recall@50 : 0.2642    ndcg@10 : 0.0768    ndcg@20 : 0.0924    ndcg@50 : 0.1164    
25 Oct 12:15    INFO  Saving current best: saved/DirectAU-Oct-25-2023_12-03-32.pth
25 Oct 12:16    INFO  epoch 24 training [time: 15.96s, train loss: -18.2775]
25 Oct 12:16    INFO  epoch 24 evaluating [time: 14.34s, valid_score: 0.093000]
25 Oct 12:16    INFO  valid result: 
recall@10 : 0.1141    recall@20 : 0.1669    recall@50 : 0.2672    ndcg@10 : 0.0775    ndcg@20 : 0.093    ndcg@50 : 0.1174    
25 Oct 12:16    INFO  Saving current best: saved/DirectAU-Oct-25-2023_12-03-32.pth
25 Oct 12:16    INFO  epoch 25 training [time: 15.94s, train loss: -18.2798]
25 Oct 12:16    INFO  epoch 25 evaluating [time: 14.58s, valid_score: 0.094200]
25 Oct 12:16    INFO  valid result: 
recall@10 : 0.1151    recall@20 : 0.1677    recall@50 : 0.2687    ndcg@10 : 0.0788    ndcg@20 : 0.0942    ndcg@50 : 0.1188    
25 Oct 12:16    INFO  Saving current best: saved/DirectAU-Oct-25-2023_12-03-32.pth
25 Oct 12:17    INFO  epoch 26 training [time: 15.95s, train loss: -18.2822]
25 Oct 12:17    INFO  epoch 26 evaluating [time: 14.52s, valid_score: 0.094400]
25 Oct 12:17    INFO  valid result: 
recall@10 : 0.1153    recall@20 : 0.1678    recall@50 : 0.2696    ndcg@10 : 0.079    ndcg@20 : 0.0944    ndcg@50 : 0.1192    
25 Oct 12:17    INFO  Saving current best: saved/DirectAU-Oct-25-2023_12-03-32.pth
25 Oct 12:17    INFO  epoch 27 training [time: 15.96s, train loss: -18.2842]
25 Oct 12:17    INFO  epoch 27 evaluating [time: 14.37s, valid_score: 0.095400]
25 Oct 12:17    INFO  valid result: 
recall@10 : 0.1159    recall@20 : 0.1697    recall@50 : 0.2721    ndcg@10 : 0.0796    ndcg@20 : 0.0954    ndcg@50 : 0.1204    
25 Oct 12:17    INFO  Saving current best: saved/DirectAU-Oct-25-2023_12-03-32.pth
25 Oct 12:18    INFO  epoch 28 training [time: 15.96s, train loss: -18.2861]
25 Oct 12:18    INFO  epoch 28 evaluating [time: 14.72s, valid_score: 0.096000]
25 Oct 12:18    INFO  valid result: 
recall@10 : 0.1158    recall@20 : 0.1717    recall@50 : 0.2729    ndcg@10 : 0.0797    ndcg@20 : 0.096    ndcg@50 : 0.1207    
25 Oct 12:18    INFO  Saving current best: saved/DirectAU-Oct-25-2023_12-03-32.pth
25 Oct 12:18    INFO  epoch 29 training [time: 15.92s, train loss: -18.2883]
25 Oct 12:18    INFO  epoch 29 evaluating [time: 14.39s, valid_score: 0.096600]
25 Oct 12:18    INFO  valid result: 
recall@10 : 0.1177    recall@20 : 0.1724    recall@50 : 0.2755    ndcg@10 : 0.0807    ndcg@20 : 0.0966    ndcg@50 : 0.1218    
25 Oct 12:18    INFO  Saving current best: saved/DirectAU-Oct-25-2023_12-03-32.pth
25 Oct 12:19    INFO  epoch 30 training [time: 15.98s, train loss: -18.2900]
25 Oct 12:19    INFO  epoch 30 evaluating [time: 14.55s, valid_score: 0.097800]
25 Oct 12:19    INFO  valid result: 
recall@10 : 0.1176    recall@20 : 0.1742    recall@50 : 0.2767    ndcg@10 : 0.0812    ndcg@20 : 0.0978    ndcg@50 : 0.1227    
25 Oct 12:19    INFO  Saving current best: saved/DirectAU-Oct-25-2023_12-03-32.pth
25 Oct 12:19    INFO  epoch 31 training [time: 15.95s, train loss: -18.2917]
25 Oct 12:19    INFO  epoch 31 evaluating [time: 14.69s, valid_score: 0.098700]
25 Oct 12:19    INFO  valid result: 
recall@10 : 0.1197    recall@20 : 0.1758    recall@50 : 0.2789    ndcg@10 : 0.0823    ndcg@20 : 0.0987    ndcg@50 : 0.1239    
25 Oct 12:19    INFO  Saving current best: saved/DirectAU-Oct-25-2023_12-03-32.pth
25 Oct 12:20    INFO  epoch 32 training [time: 15.97s, train loss: -18.2928]
25 Oct 12:20    INFO  epoch 32 evaluating [time: 14.38s, valid_score: 0.099100]
25 Oct 12:20    INFO  valid result: 
recall@10 : 0.1198    recall@20 : 0.1761    recall@50 : 0.2807    ndcg@10 : 0.0827    ndcg@20 : 0.0991    ndcg@50 : 0.1245    
25 Oct 12:20    INFO  Saving current best: saved/DirectAU-Oct-25-2023_12-03-32.pth
25 Oct 12:20    INFO  epoch 33 training [time: 15.95s, train loss: -18.2944]
25 Oct 12:20    INFO  epoch 33 evaluating [time: 14.46s, valid_score: 0.099900]
25 Oct 12:20    INFO  valid result: 
recall@10 : 0.1206    recall@20 : 0.1779    recall@50 : 0.2828    ndcg@10 : 0.0832    ndcg@20 : 0.0999    ndcg@50 : 0.1254    
25 Oct 12:20    INFO  Saving current best: saved/DirectAU-Oct-25-2023_12-03-32.pth
25 Oct 12:21    INFO  epoch 34 training [time: 15.95s, train loss: -18.2955]
25 Oct 12:21    INFO  epoch 34 evaluating [time: 14.54s, valid_score: 0.100300]
25 Oct 12:21    INFO  valid result: 
recall@10 : 0.1215    recall@20 : 0.1785    recall@50 : 0.2847    ndcg@10 : 0.0836    ndcg@20 : 0.1003    ndcg@50 : 0.1262    
25 Oct 12:21    INFO  Saving current best: saved/DirectAU-Oct-25-2023_12-03-32.pth
25 Oct 12:21    INFO  epoch 35 training [time: 15.95s, train loss: -18.2963]
25 Oct 12:21    INFO  epoch 35 evaluating [time: 14.55s, valid_score: 0.100700]
25 Oct 12:21    INFO  valid result: 
recall@10 : 0.1216    recall@20 : 0.1793    recall@50 : 0.2849    ndcg@10 : 0.0838    ndcg@20 : 0.1007    ndcg@50 : 0.1264    
25 Oct 12:21    INFO  Saving current best: saved/DirectAU-Oct-25-2023_12-03-32.pth
25 Oct 12:22    INFO  epoch 36 training [time: 15.95s, train loss: -18.2975]
25 Oct 12:22    INFO  epoch 36 evaluating [time: 14.33s, valid_score: 0.101300]
25 Oct 12:22    INFO  valid result: 
recall@10 : 0.1219    recall@20 : 0.1806    recall@50 : 0.2854    ndcg@10 : 0.0842    ndcg@20 : 0.1013    ndcg@50 : 0.1268    
25 Oct 12:22    INFO  Saving current best: saved/DirectAU-Oct-25-2023_12-03-32.pth
25 Oct 12:22    INFO  epoch 37 training [time: 15.98s, train loss: -18.2987]
25 Oct 12:22    INFO  epoch 37 evaluating [time: 14.69s, valid_score: 0.101600]
25 Oct 12:22    INFO  valid result: 
recall@10 : 0.1224    recall@20 : 0.1805    recall@50 : 0.2871    ndcg@10 : 0.0847    ndcg@20 : 0.1016    ndcg@50 : 0.1276    
25 Oct 12:22    INFO  Saving current best: saved/DirectAU-Oct-25-2023_12-03-32.pth
25 Oct 12:23    INFO  epoch 38 training [time: 15.95s, train loss: -18.2993]
25 Oct 12:23    INFO  epoch 38 evaluating [time: 14.48s, valid_score: 0.102400]
25 Oct 12:23    INFO  valid result: 
recall@10 : 0.1232    recall@20 : 0.1817    recall@50 : 0.2878    ndcg@10 : 0.0852    ndcg@20 : 0.1024    ndcg@50 : 0.1282    
25 Oct 12:23    INFO  Saving current best: saved/DirectAU-Oct-25-2023_12-03-32.pth
25 Oct 12:23    INFO  epoch 39 training [time: 15.97s, train loss: -18.3002]
25 Oct 12:23    INFO  epoch 39 evaluating [time: 14.73s, valid_score: 0.102800]
25 Oct 12:23    INFO  valid result: 
recall@10 : 0.123    recall@20 : 0.1832    recall@50 : 0.2896    ndcg@10 : 0.0853    ndcg@20 : 0.1028    ndcg@50 : 0.1288    
25 Oct 12:23    INFO  Saving current best: saved/DirectAU-Oct-25-2023_12-03-32.pth
25 Oct 12:24    INFO  epoch 40 training [time: 15.95s, train loss: -18.3007]
25 Oct 12:24    INFO  epoch 40 evaluating [time: 14.38s, valid_score: 0.102700]
25 Oct 12:24    INFO  valid result: 
recall@10 : 0.1228    recall@20 : 0.1832    recall@50 : 0.2913    ndcg@10 : 0.0851    ndcg@20 : 0.1027    ndcg@50 : 0.129    
25 Oct 12:24    INFO  epoch 41 training [time: 15.96s, train loss: -18.3012]
25 Oct 12:24    INFO  epoch 41 evaluating [time: 14.61s, valid_score: 0.103000]
25 Oct 12:24    INFO  valid result: 
recall@10 : 0.1242    recall@20 : 0.1843    recall@50 : 0.2897    ndcg@10 : 0.0854    ndcg@20 : 0.103    ndcg@50 : 0.1288    
25 Oct 12:24    INFO  Saving current best: saved/DirectAU-Oct-25-2023_12-03-32.pth
25 Oct 12:25    INFO  epoch 42 training [time: 15.95s, train loss: -18.3023]
25 Oct 12:25    INFO  epoch 42 evaluating [time: 14.42s, valid_score: 0.103500]
25 Oct 12:25    INFO  valid result: 
recall@10 : 0.1251    recall@20 : 0.1846    recall@50 : 0.2912    ndcg@10 : 0.086    ndcg@20 : 0.1035    ndcg@50 : 0.1295    
25 Oct 12:25    INFO  Saving current best: saved/DirectAU-Oct-25-2023_12-03-32.pth
25 Oct 12:25    INFO  epoch 43 training [time: 15.94s, train loss: -18.3023]
25 Oct 12:25    INFO  epoch 43 evaluating [time: 14.63s, valid_score: 0.103600]
25 Oct 12:25    INFO  valid result: 
recall@10 : 0.1253    recall@20 : 0.185    recall@50 : 0.2918    ndcg@10 : 0.0862    ndcg@20 : 0.1036    ndcg@50 : 0.1298    
25 Oct 12:25    INFO  Saving current best: saved/DirectAU-Oct-25-2023_12-03-32.pth
25 Oct 12:26    INFO  epoch 44 training [time: 15.96s, train loss: -18.3033]
25 Oct 12:26    INFO  epoch 44 evaluating [time: 14.59s, valid_score: 0.104200]
25 Oct 12:26    INFO  valid result: 
recall@10 : 0.1253    recall@20 : 0.1857    recall@50 : 0.2923    ndcg@10 : 0.0865    ndcg@20 : 0.1042    ndcg@50 : 0.1302    
25 Oct 12:26    INFO  Saving current best: saved/DirectAU-Oct-25-2023_12-03-32.pth
25 Oct 12:26    INFO  epoch 45 training [time: 15.96s, train loss: -18.3037]
25 Oct 12:27    INFO  epoch 45 evaluating [time: 14.43s, valid_score: 0.104400]
25 Oct 12:27    INFO  valid result: 
recall@10 : 0.126    recall@20 : 0.185    recall@50 : 0.2924    ndcg@10 : 0.0872    ndcg@20 : 0.1044    ndcg@50 : 0.1308    
25 Oct 12:27    INFO  Saving current best: saved/DirectAU-Oct-25-2023_12-03-32.pth
25 Oct 12:27    INFO  epoch 46 training [time: 15.97s, train loss: -18.3042]
25 Oct 12:27    INFO  epoch 46 evaluating [time: 14.67s, valid_score: 0.104500]
25 Oct 12:27    INFO  valid result: 
recall@10 : 0.1268    recall@20 : 0.1862    recall@50 : 0.293    ndcg@10 : 0.0871    ndcg@20 : 0.1045    ndcg@50 : 0.1306    
25 Oct 12:27    INFO  Saving current best: saved/DirectAU-Oct-25-2023_12-03-32.pth
25 Oct 12:27    INFO  epoch 47 training [time: 15.93s, train loss: -18.3045]
25 Oct 12:28    INFO  epoch 47 evaluating [time: 14.47s, valid_score: 0.105500]
25 Oct 12:28    INFO  valid result: 
recall@10 : 0.1265    recall@20 : 0.1883    recall@50 : 0.2942    ndcg@10 : 0.0875    ndcg@20 : 0.1055    ndcg@50 : 0.1314    
25 Oct 12:28    INFO  Saving current best: saved/DirectAU-Oct-25-2023_12-03-32.pth
25 Oct 12:28    INFO  epoch 48 training [time: 16.00s, train loss: -18.3051]
25 Oct 12:28    INFO  epoch 48 evaluating [time: 14.89s, valid_score: 0.105500]
25 Oct 12:28    INFO  valid result: 
recall@10 : 0.1277    recall@20 : 0.1879    recall@50 : 0.2948    ndcg@10 : 0.0879    ndcg@20 : 0.1055    ndcg@50 : 0.1316    
25 Oct 12:28    INFO  epoch 49 training [time: 15.95s, train loss: -18.3051]
25 Oct 12:29    INFO  epoch 49 evaluating [time: 14.44s, valid_score: 0.105100]
25 Oct 12:29    INFO  valid result: 
recall@10 : 0.1266    recall@20 : 0.188    recall@50 : 0.2957    ndcg@10 : 0.0872    ndcg@20 : 0.1051    ndcg@50 : 0.1315    
25 Oct 12:29    INFO  epoch 50 training [time: 15.95s, train loss: -18.3058]
25 Oct 12:29    INFO  epoch 50 evaluating [time: 14.65s, valid_score: 0.105600]
25 Oct 12:29    INFO  valid result: 
recall@10 : 0.1278    recall@20 : 0.1887    recall@50 : 0.2965    ndcg@10 : 0.0879    ndcg@20 : 0.1056    ndcg@50 : 0.1319    
25 Oct 12:29    INFO  Saving current best: saved/DirectAU-Oct-25-2023_12-03-32.pth
25 Oct 12:29    INFO  epoch 51 training [time: 15.95s, train loss: -18.3057]
25 Oct 12:30    INFO  epoch 51 evaluating [time: 14.35s, valid_score: 0.106300]
25 Oct 12:30    INFO  valid result: 
recall@10 : 0.1293    recall@20 : 0.19    recall@50 : 0.2986    ndcg@10 : 0.0886    ndcg@20 : 0.1063    ndcg@50 : 0.1327    
25 Oct 12:30    INFO  Saving current best: saved/DirectAU-Oct-25-2023_12-03-32.pth
25 Oct 12:30    INFO  epoch 52 training [time: 15.95s, train loss: -18.3061]
25 Oct 12:30    INFO  epoch 52 evaluating [time: 14.56s, valid_score: 0.106200]
25 Oct 12:30    INFO  valid result: 
recall@10 : 0.1288    recall@20 : 0.19    recall@50 : 0.2975    ndcg@10 : 0.0883    ndcg@20 : 0.1062    ndcg@50 : 0.1324    
25 Oct 12:30    INFO  epoch 53 training [time: 15.95s, train loss: -18.3065]
25 Oct 12:31    INFO  epoch 53 evaluating [time: 14.52s, valid_score: 0.106300]
25 Oct 12:31    INFO  valid result: 
recall@10 : 0.1277    recall@20 : 0.1898    recall@50 : 0.2991    ndcg@10 : 0.0882    ndcg@20 : 0.1063    ndcg@50 : 0.133    
25 Oct 12:31    INFO  epoch 54 training [time: 15.95s, train loss: -18.3066]
25 Oct 12:31    INFO  epoch 54 evaluating [time: 14.76s, valid_score: 0.106600]
25 Oct 12:31    INFO  valid result: 
recall@10 : 0.129    recall@20 : 0.1906    recall@50 : 0.2993    ndcg@10 : 0.0888    ndcg@20 : 0.1066    ndcg@50 : 0.1331    
25 Oct 12:31    INFO  Saving current best: saved/DirectAU-Oct-25-2023_12-03-32.pth
25 Oct 12:31    INFO  epoch 55 training [time: 15.96s, train loss: -18.3068]
25 Oct 12:32    INFO  epoch 55 evaluating [time: 14.49s, valid_score: 0.106800]
25 Oct 12:32    INFO  valid result: 
recall@10 : 0.1291    recall@20 : 0.1903    recall@50 : 0.2998    ndcg@10 : 0.0889    ndcg@20 : 0.1068    ndcg@50 : 0.1335    
25 Oct 12:32    INFO  Saving current best: saved/DirectAU-Oct-25-2023_12-03-32.pth
25 Oct 12:32    INFO  epoch 56 training [time: 15.95s, train loss: -18.3074]
25 Oct 12:32    INFO  epoch 56 evaluating [time: 14.73s, valid_score: 0.106800]
25 Oct 12:32    INFO  valid result: 
recall@10 : 0.1282    recall@20 : 0.1909    recall@50 : 0.2988    ndcg@10 : 0.0885    ndcg@20 : 0.1068    ndcg@50 : 0.1332    
25 Oct 12:32    INFO  epoch 57 training [time: 15.94s, train loss: -18.3076]
25 Oct 12:33    INFO  epoch 57 evaluating [time: 14.46s, valid_score: 0.107100]
25 Oct 12:33    INFO  valid result: 
recall@10 : 0.13    recall@20 : 0.191    recall@50 : 0.3001    ndcg@10 : 0.0893    ndcg@20 : 0.1071    ndcg@50 : 0.1338    
25 Oct 12:33    INFO  Saving current best: saved/DirectAU-Oct-25-2023_12-03-32.pth
25 Oct 12:33    INFO  epoch 58 training [time: 15.94s, train loss: -18.3074]
25 Oct 12:33    INFO  epoch 58 evaluating [time: 14.76s, valid_score: 0.107400]
25 Oct 12:33    INFO  valid result: 
recall@10 : 0.1298    recall@20 : 0.1915    recall@50 : 0.3012    ndcg@10 : 0.0895    ndcg@20 : 0.1074    ndcg@50 : 0.1342    
25 Oct 12:33    INFO  Saving current best: saved/DirectAU-Oct-25-2023_12-03-32.pth
25 Oct 12:33    INFO  epoch 59 training [time: 15.97s, train loss: -18.3076]
25 Oct 12:34    INFO  epoch 59 evaluating [time: 14.73s, valid_score: 0.106900]
25 Oct 12:34    INFO  valid result: 
recall@10 : 0.13    recall@20 : 0.1909    recall@50 : 0.3003    ndcg@10 : 0.0892    ndcg@20 : 0.1069    ndcg@50 : 0.1337    
25 Oct 12:34    INFO  epoch 60 training [time: 15.95s, train loss: -18.3081]
25 Oct 12:34    INFO  epoch 60 evaluating [time: 14.48s, valid_score: 0.107300]
25 Oct 12:34    INFO  valid result: 
recall@10 : 0.1296    recall@20 : 0.192    recall@50 : 0.3001    ndcg@10 : 0.0892    ndcg@20 : 0.1073    ndcg@50 : 0.1338    
25 Oct 12:34    INFO  epoch 61 training [time: 15.96s, train loss: -18.3083]
25 Oct 12:35    INFO  epoch 61 evaluating [time: 14.62s, valid_score: 0.108000]
25 Oct 12:35    INFO  valid result: 
recall@10 : 0.1307    recall@20 : 0.1919    recall@50 : 0.301    ndcg@10 : 0.0901    ndcg@20 : 0.108    ndcg@50 : 0.1347    
25 Oct 12:35    INFO  Saving current best: saved/DirectAU-Oct-25-2023_12-03-32.pth
25 Oct 12:35    INFO  epoch 62 training [time: 15.95s, train loss: -18.3082]
25 Oct 12:35    INFO  epoch 62 evaluating [time: 14.35s, valid_score: 0.108200]
25 Oct 12:35    INFO  valid result: 
recall@10 : 0.1312    recall@20 : 0.1921    recall@50 : 0.3018    ndcg@10 : 0.0904    ndcg@20 : 0.1082    ndcg@50 : 0.135    
25 Oct 12:35    INFO  Saving current best: saved/DirectAU-Oct-25-2023_12-03-32.pth
25 Oct 12:35    INFO  epoch 63 training [time: 15.94s, train loss: -18.3086]
25 Oct 12:36    INFO  epoch 63 evaluating [time: 14.57s, valid_score: 0.108000]
25 Oct 12:36    INFO  valid result: 
recall@10 : 0.1313    recall@20 : 0.1919    recall@50 : 0.3014    ndcg@10 : 0.0903    ndcg@20 : 0.108    ndcg@50 : 0.1348    
25 Oct 12:36    INFO  epoch 64 training [time: 15.95s, train loss: -18.3086]
25 Oct 12:36    INFO  epoch 64 evaluating [time: 14.57s, valid_score: 0.107900]
25 Oct 12:36    INFO  valid result: 
recall@10 : 0.1306    recall@20 : 0.1918    recall@50 : 0.3035    ndcg@10 : 0.09    ndcg@20 : 0.1079    ndcg@50 : 0.1351    
25 Oct 12:36    INFO  epoch 65 training [time: 15.95s, train loss: -18.3089]
25 Oct 12:37    INFO  epoch 65 evaluating [time: 14.36s, valid_score: 0.108100]
25 Oct 12:37    INFO  valid result: 
recall@10 : 0.1313    recall@20 : 0.192    recall@50 : 0.3039    ndcg@10 : 0.0904    ndcg@20 : 0.1081    ndcg@50 : 0.1355    
25 Oct 12:37    INFO  epoch 66 training [time: 15.98s, train loss: -18.3085]
25 Oct 12:37    INFO  epoch 66 evaluating [time: 14.44s, valid_score: 0.108500]
25 Oct 12:37    INFO  valid result: 
recall@10 : 0.13    recall@20 : 0.1937    recall@50 : 0.3036    ndcg@10 : 0.0901    ndcg@20 : 0.1085    ndcg@50 : 0.1354    
25 Oct 12:37    INFO  Saving current best: saved/DirectAU-Oct-25-2023_12-03-32.pth
25 Oct 12:37    INFO  epoch 67 training [time: 15.95s, train loss: -18.3092]
25 Oct 12:38    INFO  epoch 67 evaluating [time: 14.66s, valid_score: 0.108600]
25 Oct 12:38    INFO  valid result: 
recall@10 : 0.1312    recall@20 : 0.1931    recall@50 : 0.3028    ndcg@10 : 0.0905    ndcg@20 : 0.1086    ndcg@50 : 0.1354    
25 Oct 12:38    INFO  Saving current best: saved/DirectAU-Oct-25-2023_12-03-32.pth
25 Oct 12:38    INFO  epoch 68 training [time: 15.95s, train loss: -18.3094]
25 Oct 12:38    INFO  epoch 68 evaluating [time: 14.66s, valid_score: 0.108600]
25 Oct 12:38    INFO  valid result: 
recall@10 : 0.131    recall@20 : 0.1939    recall@50 : 0.3038    ndcg@10 : 0.0902    ndcg@20 : 0.1086    ndcg@50 : 0.1354    
25 Oct 12:39    INFO  epoch 69 training [time: 15.93s, train loss: -18.3092]
25 Oct 12:39    INFO  epoch 69 evaluating [time: 14.46s, valid_score: 0.109000]
25 Oct 12:39    INFO  valid result: 
recall@10 : 0.1321    recall@20 : 0.1944    recall@50 : 0.3057    ndcg@10 : 0.0909    ndcg@20 : 0.109    ndcg@50 : 0.1362    
25 Oct 12:39    INFO  Saving current best: saved/DirectAU-Oct-25-2023_12-03-32.pth
25 Oct 12:39    INFO  epoch 70 training [time: 15.94s, train loss: -18.3096]
25 Oct 12:39    INFO  epoch 70 evaluating [time: 14.74s, valid_score: 0.108900]
25 Oct 12:39    INFO  valid result: 
recall@10 : 0.1316    recall@20 : 0.1941    recall@50 : 0.3061    ndcg@10 : 0.0907    ndcg@20 : 0.1089    ndcg@50 : 0.1362    
25 Oct 12:40    INFO  epoch 71 training [time: 15.95s, train loss: -18.3095]
25 Oct 12:40    INFO  epoch 71 evaluating [time: 14.52s, valid_score: 0.109300]
25 Oct 12:40    INFO  valid result: 
recall@10 : 0.1318    recall@20 : 0.1948    recall@50 : 0.3046    ndcg@10 : 0.0911    ndcg@20 : 0.1093    ndcg@50 : 0.1362    
25 Oct 12:40    INFO  Saving current best: saved/DirectAU-Oct-25-2023_12-03-32.pth
25 Oct 12:40    INFO  epoch 72 training [time: 15.95s, train loss: -18.3095]
25 Oct 12:40    INFO  epoch 72 evaluating [time: 14.65s, valid_score: 0.109200]
25 Oct 12:40    INFO  valid result: 
recall@10 : 0.1315    recall@20 : 0.195    recall@50 : 0.3064    ndcg@10 : 0.0908    ndcg@20 : 0.1092    ndcg@50 : 0.1364    
25 Oct 12:41    INFO  epoch 73 training [time: 15.95s, train loss: -18.3096]
25 Oct 12:41    INFO  epoch 73 evaluating [time: 14.47s, valid_score: 0.109400]
25 Oct 12:41    INFO  valid result: 
recall@10 : 0.1312    recall@20 : 0.1954    recall@50 : 0.305    ndcg@10 : 0.0908    ndcg@20 : 0.1094    ndcg@50 : 0.1362    
25 Oct 12:41    INFO  Saving current best: saved/DirectAU-Oct-25-2023_12-03-32.pth
25 Oct 12:41    INFO  epoch 74 training [time: 15.96s, train loss: -18.3101]
25 Oct 12:41    INFO  epoch 74 evaluating [time: 14.67s, valid_score: 0.109400]
25 Oct 12:41    INFO  valid result: 
recall@10 : 0.1314    recall@20 : 0.1956    recall@50 : 0.3051    ndcg@10 : 0.0907    ndcg@20 : 0.1094    ndcg@50 : 0.1362    
25 Oct 12:42    INFO  epoch 75 training [time: 15.96s, train loss: -18.3099]
25 Oct 12:42    INFO  epoch 75 evaluating [time: 14.35s, valid_score: 0.109700]
25 Oct 12:42    INFO  valid result: 
recall@10 : 0.1324    recall@20 : 0.196    recall@50 : 0.3057    ndcg@10 : 0.0912    ndcg@20 : 0.1097    ndcg@50 : 0.1366    
25 Oct 12:42    INFO  Saving current best: saved/DirectAU-Oct-25-2023_12-03-32.pth
25 Oct 12:42    INFO  epoch 76 training [time: 15.93s, train loss: -18.3101]
25 Oct 12:42    INFO  epoch 76 evaluating [time: 14.67s, valid_score: 0.109200]
25 Oct 12:42    INFO  valid result: 
recall@10 : 0.1329    recall@20 : 0.1944    recall@50 : 0.3061    ndcg@10 : 0.0913    ndcg@20 : 0.1092    ndcg@50 : 0.1365    
25 Oct 12:43    INFO  epoch 77 training [time: 15.94s, train loss: -18.3100]
25 Oct 12:43    INFO  epoch 77 evaluating [time: 14.65s, valid_score: 0.109300]
25 Oct 12:43    INFO  valid result: 
recall@10 : 0.1337    recall@20 : 0.1951    recall@50 : 0.3056    ndcg@10 : 0.0915    ndcg@20 : 0.1093    ndcg@50 : 0.1364    
25 Oct 12:43    INFO  epoch 78 training [time: 15.95s, train loss: -18.3101]
25 Oct 12:43    INFO  epoch 78 evaluating [time: 14.49s, valid_score: 0.109700]
25 Oct 12:43    INFO  valid result: 
recall@10 : 0.1332    recall@20 : 0.1945    recall@50 : 0.3058    ndcg@10 : 0.0918    ndcg@20 : 0.1097    ndcg@50 : 0.1369    
25 Oct 12:44    INFO  epoch 79 training [time: 15.96s, train loss: -18.3105]
25 Oct 12:44    INFO  epoch 79 evaluating [time: 14.71s, valid_score: 0.110200]
25 Oct 12:44    INFO  valid result: 
recall@10 : 0.1333    recall@20 : 0.1964    recall@50 : 0.3064    ndcg@10 : 0.0919    ndcg@20 : 0.1102    ndcg@50 : 0.1371    
25 Oct 12:44    INFO  Saving current best: saved/DirectAU-Oct-25-2023_12-03-32.pth
25 Oct 12:44    INFO  epoch 80 training [time: 15.97s, train loss: -18.3106]
25 Oct 12:44    INFO  epoch 80 evaluating [time: 14.48s, valid_score: 0.110000]
25 Oct 12:44    INFO  valid result: 
recall@10 : 0.1337    recall@20 : 0.1958    recall@50 : 0.3078    ndcg@10 : 0.0919    ndcg@20 : 0.11    ndcg@50 : 0.1374    
25 Oct 12:45    INFO  epoch 81 training [time: 15.93s, train loss: -18.3105]
25 Oct 12:45    INFO  epoch 81 evaluating [time: 14.72s, valid_score: 0.110300]
25 Oct 12:45    INFO  valid result: 
recall@10 : 0.1332    recall@20 : 0.1964    recall@50 : 0.3082    ndcg@10 : 0.092    ndcg@20 : 0.1103    ndcg@50 : 0.1376    
25 Oct 12:45    INFO  Saving current best: saved/DirectAU-Oct-25-2023_12-03-32.pth
25 Oct 12:45    INFO  epoch 82 training [time: 15.95s, train loss: -18.3106]
25 Oct 12:45    INFO  epoch 82 evaluating [time: 14.35s, valid_score: 0.110600]
25 Oct 12:45    INFO  valid result: 
recall@10 : 0.1337    recall@20 : 0.1973    recall@50 : 0.3075    ndcg@10 : 0.0922    ndcg@20 : 0.1106    ndcg@50 : 0.1377    
25 Oct 12:45    INFO  Saving current best: saved/DirectAU-Oct-25-2023_12-03-32.pth
25 Oct 12:46    INFO  epoch 83 training [time: 15.95s, train loss: -18.3108]
25 Oct 12:46    INFO  epoch 83 evaluating [time: 14.75s, valid_score: 0.110700]
25 Oct 12:46    INFO  valid result: 
recall@10 : 0.1336    recall@20 : 0.1967    recall@50 : 0.3081    ndcg@10 : 0.0923    ndcg@20 : 0.1107    ndcg@50 : 0.138    
25 Oct 12:46    INFO  Saving current best: saved/DirectAU-Oct-25-2023_12-03-32.pth
25 Oct 12:46    INFO  epoch 84 training [time: 15.89s, train loss: -18.3109]
25 Oct 12:46    INFO  epoch 84 evaluating [time: 14.41s, valid_score: 0.110600]
25 Oct 12:46    INFO  valid result: 
recall@10 : 0.1345    recall@20 : 0.1967    recall@50 : 0.3082    ndcg@10 : 0.0926    ndcg@20 : 0.1106    ndcg@50 : 0.1379    
25 Oct 12:47    INFO  epoch 85 training [time: 15.72s, train loss: -18.3107]
25 Oct 12:47    INFO  epoch 85 evaluating [time: 14.80s, valid_score: 0.110900]
25 Oct 12:47    INFO  valid result: 
recall@10 : 0.1339    recall@20 : 0.1972    recall@50 : 0.3086    ndcg@10 : 0.0925    ndcg@20 : 0.1109    ndcg@50 : 0.1381    
25 Oct 12:47    INFO  Saving current best: saved/DirectAU-Oct-25-2023_12-03-32.pth
25 Oct 12:47    INFO  epoch 86 training [time: 15.95s, train loss: -18.3107]
25 Oct 12:47    INFO  epoch 86 evaluating [time: 14.35s, valid_score: 0.110600]
25 Oct 12:47    INFO  valid result: 
recall@10 : 0.1335    recall@20 : 0.1963    recall@50 : 0.3075    ndcg@10 : 0.0923    ndcg@20 : 0.1106    ndcg@50 : 0.1379    
25 Oct 12:48    INFO  epoch 87 training [time: 15.94s, train loss: -18.3110]
25 Oct 12:48    INFO  epoch 87 evaluating [time: 14.63s, valid_score: 0.110900]
25 Oct 12:48    INFO  valid result: 
recall@10 : 0.1347    recall@20 : 0.1973    recall@50 : 0.3075    ndcg@10 : 0.0927    ndcg@20 : 0.1109    ndcg@50 : 0.1379    
25 Oct 12:48    INFO  epoch 88 training [time: 15.95s, train loss: -18.3113]
25 Oct 12:48    INFO  epoch 88 evaluating [time: 14.38s, valid_score: 0.110700]
25 Oct 12:48    INFO  valid result: 
recall@10 : 0.1342    recall@20 : 0.1973    recall@50 : 0.3082    ndcg@10 : 0.0924    ndcg@20 : 0.1107    ndcg@50 : 0.138    
25 Oct 12:49    INFO  epoch 89 training [time: 15.95s, train loss: -18.3113]
25 Oct 12:49    INFO  epoch 89 evaluating [time: 14.65s, valid_score: 0.110800]
25 Oct 12:49    INFO  valid result: 
recall@10 : 0.1341    recall@20 : 0.1981    recall@50 : 0.3075    ndcg@10 : 0.0922    ndcg@20 : 0.1108    ndcg@50 : 0.1377    
25 Oct 12:49    INFO  epoch 90 training [time: 15.95s, train loss: -18.3112]
25 Oct 12:49    INFO  epoch 90 evaluating [time: 14.38s, valid_score: 0.110400]
25 Oct 12:49    INFO  valid result: 
recall@10 : 0.1345    recall@20 : 0.1967    recall@50 : 0.309    ndcg@10 : 0.0924    ndcg@20 : 0.1104    ndcg@50 : 0.138    
25 Oct 12:50    INFO  epoch 91 training [time: 15.96s, train loss: -18.3111]
25 Oct 12:50    INFO  epoch 91 evaluating [time: 14.62s, valid_score: 0.111300]
25 Oct 12:50    INFO  valid result: 
recall@10 : 0.1356    recall@20 : 0.1991    recall@50 : 0.3097    ndcg@10 : 0.093    ndcg@20 : 0.1113    ndcg@50 : 0.1384    
25 Oct 12:50    INFO  Saving current best: saved/DirectAU-Oct-25-2023_12-03-32.pth
25 Oct 12:50    INFO  epoch 92 training [time: 15.96s, train loss: -18.3113]
25 Oct 12:50    INFO  epoch 92 evaluating [time: 14.58s, valid_score: 0.111100]
25 Oct 12:50    INFO  valid result: 
recall@10 : 0.135    recall@20 : 0.1986    recall@50 : 0.3097    ndcg@10 : 0.0926    ndcg@20 : 0.1111    ndcg@50 : 0.1383    
25 Oct 12:51    INFO  epoch 93 training [time: 15.96s, train loss: -18.3115]
25 Oct 12:51    INFO  epoch 93 evaluating [time: 14.44s, valid_score: 0.111100]
25 Oct 12:51    INFO  valid result: 
recall@10 : 0.1353    recall@20 : 0.1988    recall@50 : 0.3096    ndcg@10 : 0.0928    ndcg@20 : 0.1111    ndcg@50 : 0.1384    
25 Oct 12:51    INFO  epoch 94 training [time: 15.96s, train loss: -18.3116]
25 Oct 12:51    INFO  epoch 94 evaluating [time: 14.69s, valid_score: 0.111200]
25 Oct 12:51    INFO  valid result: 
recall@10 : 0.1355    recall@20 : 0.1978    recall@50 : 0.3083    ndcg@10 : 0.0932    ndcg@20 : 0.1112    ndcg@50 : 0.1383    
25 Oct 12:52    INFO  epoch 95 training [time: 15.94s, train loss: -18.3114]
25 Oct 12:52    INFO  epoch 95 evaluating [time: 14.29s, valid_score: 0.111600]
25 Oct 12:52    INFO  valid result: 
recall@10 : 0.1354    recall@20 : 0.1985    recall@50 : 0.3095    ndcg@10 : 0.0932    ndcg@20 : 0.1116    ndcg@50 : 0.1387    
25 Oct 12:52    INFO  Saving current best: saved/DirectAU-Oct-25-2023_12-03-32.pth
25 Oct 12:52    INFO  epoch 96 training [time: 15.94s, train loss: -18.3116]
25 Oct 12:52    INFO  epoch 96 evaluating [time: 14.56s, valid_score: 0.111900]
25 Oct 12:52    INFO  valid result: 
recall@10 : 0.1348    recall@20 : 0.1992    recall@50 : 0.3089    ndcg@10 : 0.0931    ndcg@20 : 0.1119    ndcg@50 : 0.1388    
25 Oct 12:52    INFO  Saving current best: saved/DirectAU-Oct-25-2023_12-03-32.pth
25 Oct 12:53    INFO  epoch 97 training [time: 15.96s, train loss: -18.3119]
25 Oct 12:53    INFO  epoch 97 evaluating [time: 14.58s, valid_score: 0.111500]
25 Oct 12:53    INFO  valid result: 
recall@10 : 0.1357    recall@20 : 0.1991    recall@50 : 0.3102    ndcg@10 : 0.093    ndcg@20 : 0.1115    ndcg@50 : 0.1387    
25 Oct 12:53    INFO  epoch 98 training [time: 15.95s, train loss: -18.3120]
25 Oct 12:54    INFO  epoch 98 evaluating [time: 14.49s, valid_score: 0.111900]
25 Oct 12:54    INFO  valid result: 
recall@10 : 0.136    recall@20 : 0.1988    recall@50 : 0.31    ndcg@10 : 0.0935    ndcg@20 : 0.1119    ndcg@50 : 0.1391    
25 Oct 12:54    INFO  epoch 99 training [time: 15.93s, train loss: -18.3115]
25 Oct 12:54    INFO  epoch 99 evaluating [time: 14.48s, valid_score: 0.111800]
25 Oct 12:54    INFO  valid result: 
recall@10 : 0.1356    recall@20 : 0.1988    recall@50 : 0.3099    ndcg@10 : 0.0934    ndcg@20 : 0.1118    ndcg@50 : 0.139    
25 Oct 12:54    INFO  epoch 100 training [time: 15.95s, train loss: -18.3117]
25 Oct 12:55    INFO  epoch 100 evaluating [time: 14.74s, valid_score: 0.111700]
25 Oct 12:55    INFO  valid result: 
recall@10 : 0.1356    recall@20 : 0.1987    recall@50 : 0.3108    ndcg@10 : 0.0933    ndcg@20 : 0.1117    ndcg@50 : 0.1391    
25 Oct 12:55    INFO  epoch 101 training [time: 15.96s, train loss: -18.3118]
25 Oct 12:55    INFO  epoch 101 evaluating [time: 14.72s, valid_score: 0.111900]
25 Oct 12:55    INFO  valid result: 
recall@10 : 0.1359    recall@20 : 0.1993    recall@50 : 0.3107    ndcg@10 : 0.0935    ndcg@20 : 0.1119    ndcg@50 : 0.1391    
25 Oct 12:55    INFO  epoch 102 training [time: 15.95s, train loss: -18.3121]
25 Oct 12:56    INFO  epoch 102 evaluating [time: 14.48s, valid_score: 0.111900]
25 Oct 12:56    INFO  valid result: 
recall@10 : 0.1364    recall@20 : 0.199    recall@50 : 0.3118    ndcg@10 : 0.0937    ndcg@20 : 0.1119    ndcg@50 : 0.1394    
25 Oct 12:56    INFO  epoch 103 training [time: 15.95s, train loss: -18.3122]
25 Oct 12:56    INFO  epoch 103 evaluating [time: 14.72s, valid_score: 0.112100]
25 Oct 12:56    INFO  valid result: 
recall@10 : 0.1355    recall@20 : 0.1996    recall@50 : 0.3109    ndcg@10 : 0.0934    ndcg@20 : 0.1121    ndcg@50 : 0.1393    
25 Oct 12:56    INFO  Saving current best: saved/DirectAU-Oct-25-2023_12-03-32.pth
25 Oct 12:56    INFO  epoch 104 training [time: 15.96s, train loss: -18.3120]
25 Oct 12:57    INFO  epoch 104 evaluating [time: 14.47s, valid_score: 0.112100]
25 Oct 12:57    INFO  valid result: 
recall@10 : 0.1355    recall@20 : 0.1995    recall@50 : 0.3101    ndcg@10 : 0.0936    ndcg@20 : 0.1121    ndcg@50 : 0.1393    
25 Oct 12:57    INFO  epoch 105 training [time: 15.97s, train loss: -18.3122]
25 Oct 12:57    INFO  epoch 105 evaluating [time: 14.83s, valid_score: 0.112200]
25 Oct 12:57    INFO  valid result: 
recall@10 : 0.1362    recall@20 : 0.1992    recall@50 : 0.3114    ndcg@10 : 0.0939    ndcg@20 : 0.1122    ndcg@50 : 0.1396    
25 Oct 12:57    INFO  Saving current best: saved/DirectAU-Oct-25-2023_12-03-32.pth
25 Oct 12:57    INFO  epoch 106 training [time: 15.62s, train loss: -18.3124]
25 Oct 12:58    INFO  epoch 106 evaluating [time: 14.41s, valid_score: 0.111700]
25 Oct 12:58    INFO  valid result: 
recall@10 : 0.1356    recall@20 : 0.1993    recall@50 : 0.3113    ndcg@10 : 0.0932    ndcg@20 : 0.1117    ndcg@50 : 0.1391    
25 Oct 12:58    INFO  epoch 107 training [time: 15.60s, train loss: -18.3121]
25 Oct 12:58    INFO  epoch 107 evaluating [time: 14.62s, valid_score: 0.112200]
25 Oct 12:58    INFO  valid result: 
recall@10 : 0.136    recall@20 : 0.1996    recall@50 : 0.3109    ndcg@10 : 0.0938    ndcg@20 : 0.1122    ndcg@50 : 0.1395    
25 Oct 12:58    INFO  epoch 108 training [time: 15.78s, train loss: -18.3124]
25 Oct 12:59    INFO  epoch 108 evaluating [time: 14.42s, valid_score: 0.112400]
25 Oct 12:59    INFO  valid result: 
recall@10 : 0.1361    recall@20 : 0.199    recall@50 : 0.3106    ndcg@10 : 0.0941    ndcg@20 : 0.1124    ndcg@50 : 0.1398    
25 Oct 12:59    INFO  Saving current best: saved/DirectAU-Oct-25-2023_12-03-32.pth
25 Oct 12:59    INFO  epoch 109 training [time: 15.96s, train loss: -18.3121]
25 Oct 12:59    INFO  epoch 109 evaluating [time: 14.72s, valid_score: 0.112600]
25 Oct 12:59    INFO  valid result: 
recall@10 : 0.136    recall@20 : 0.1991    recall@50 : 0.3104    ndcg@10 : 0.0944    ndcg@20 : 0.1126    ndcg@50 : 0.1399    
25 Oct 12:59    INFO  Saving current best: saved/DirectAU-Oct-25-2023_12-03-32.pth
25 Oct 12:59    INFO  epoch 110 training [time: 15.94s, train loss: -18.3126]
25 Oct 13:00    INFO  epoch 110 evaluating [time: 14.72s, valid_score: 0.112400]
25 Oct 13:00    INFO  valid result: 
recall@10 : 0.1368    recall@20 : 0.1982    recall@50 : 0.3111    ndcg@10 : 0.0946    ndcg@20 : 0.1124    ndcg@50 : 0.1401    
25 Oct 13:00    INFO  epoch 111 training [time: 15.96s, train loss: -18.3122]
25 Oct 13:00    INFO  epoch 111 evaluating [time: 14.62s, valid_score: 0.112300]
25 Oct 13:00    INFO  valid result: 
recall@10 : 0.1366    recall@20 : 0.1992    recall@50 : 0.3114    ndcg@10 : 0.0941    ndcg@20 : 0.1123    ndcg@50 : 0.1397    
25 Oct 13:00    INFO  epoch 112 training [time: 15.95s, train loss: -18.3126]
25 Oct 13:01    INFO  epoch 112 evaluating [time: 14.73s, valid_score: 0.112100]
25 Oct 13:01    INFO  valid result: 
recall@10 : 0.1369    recall@20 : 0.1988    recall@50 : 0.3121    ndcg@10 : 0.0941    ndcg@20 : 0.1121    ndcg@50 : 0.1397    
25 Oct 13:01    INFO  epoch 113 training [time: 15.96s, train loss: -18.3122]
25 Oct 13:01    INFO  epoch 113 evaluating [time: 14.52s, valid_score: 0.112500]
25 Oct 13:01    INFO  valid result: 
recall@10 : 0.1371    recall@20 : 0.1993    recall@50 : 0.3124    ndcg@10 : 0.0945    ndcg@20 : 0.1125    ndcg@50 : 0.1402    
25 Oct 13:01    INFO  epoch 114 training [time: 15.96s, train loss: -18.3125]
25 Oct 13:02    INFO  epoch 114 evaluating [time: 14.67s, valid_score: 0.112500]
25 Oct 13:02    INFO  valid result: 
recall@10 : 0.1361    recall@20 : 0.1995    recall@50 : 0.3112    ndcg@10 : 0.0942    ndcg@20 : 0.1125    ndcg@50 : 0.1399    
25 Oct 13:02    INFO  epoch 115 training [time: 15.96s, train loss: -18.3128]
25 Oct 13:02    INFO  epoch 115 evaluating [time: 14.38s, valid_score: 0.112100]
25 Oct 13:02    INFO  valid result: 
recall@10 : 0.1371    recall@20 : 0.1989    recall@50 : 0.3114    ndcg@10 : 0.0941    ndcg@20 : 0.1121    ndcg@50 : 0.1396    
25 Oct 13:02    INFO  epoch 116 training [time: 15.95s, train loss: -18.3124]
25 Oct 13:03    INFO  epoch 116 evaluating [time: 14.61s, valid_score: 0.112500]
25 Oct 13:03    INFO  valid result: 
recall@10 : 0.1368    recall@20 : 0.1994    recall@50 : 0.3118    ndcg@10 : 0.0943    ndcg@20 : 0.1125    ndcg@50 : 0.1401    
25 Oct 13:03    INFO  epoch 117 training [time: 15.95s, train loss: -18.3123]
25 Oct 13:03    INFO  epoch 117 evaluating [time: 14.36s, valid_score: 0.112500]
25 Oct 13:03    INFO  valid result: 
recall@10 : 0.1369    recall@20 : 0.2003    recall@50 : 0.3102    ndcg@10 : 0.0941    ndcg@20 : 0.1125    ndcg@50 : 0.1394    
25 Oct 13:03    INFO  epoch 118 training [time: 15.94s, train loss: -18.3124]
25 Oct 13:04    INFO  epoch 118 evaluating [time: 14.59s, valid_score: 0.112800]
25 Oct 13:04    INFO  valid result: 
recall@10 : 0.1372    recall@20 : 0.2    recall@50 : 0.3114    ndcg@10 : 0.0946    ndcg@20 : 0.1128    ndcg@50 : 0.1401    
25 Oct 13:04    INFO  Saving current best: saved/DirectAU-Oct-25-2023_12-03-32.pth
25 Oct 13:04    INFO  epoch 119 training [time: 15.96s, train loss: -18.3127]
25 Oct 13:04    INFO  epoch 119 evaluating [time: 14.39s, valid_score: 0.112700]
25 Oct 13:04    INFO  valid result: 
recall@10 : 0.1366    recall@20 : 0.2004    recall@50 : 0.3107    ndcg@10 : 0.0941    ndcg@20 : 0.1127    ndcg@50 : 0.1397    
25 Oct 13:04    INFO  epoch 120 training [time: 15.96s, train loss: -18.3123]
25 Oct 13:05    INFO  epoch 120 evaluating [time: 14.64s, valid_score: 0.112800]
25 Oct 13:05    INFO  valid result: 
recall@10 : 0.138    recall@20 : 0.2008    recall@50 : 0.3107    ndcg@10 : 0.0946    ndcg@20 : 0.1128    ndcg@50 : 0.1396    
25 Oct 13:05    INFO  epoch 121 training [time: 15.96s, train loss: -18.3128]
25 Oct 13:05    INFO  epoch 121 evaluating [time: 14.33s, valid_score: 0.112600]
25 Oct 13:05    INFO  valid result: 
recall@10 : 0.1367    recall@20 : 0.1995    recall@50 : 0.3111    ndcg@10 : 0.0943    ndcg@20 : 0.1126    ndcg@50 : 0.14    
25 Oct 13:05    INFO  epoch 122 training [time: 15.98s, train loss: -18.3126]
25 Oct 13:06    INFO  epoch 122 evaluating [time: 14.61s, valid_score: 0.113000]
25 Oct 13:06    INFO  valid result: 
recall@10 : 0.1366    recall@20 : 0.2003    recall@50 : 0.3112    ndcg@10 : 0.0945    ndcg@20 : 0.113    ndcg@50 : 0.1402    
25 Oct 13:06    INFO  Saving current best: saved/DirectAU-Oct-25-2023_12-03-32.pth
25 Oct 13:06    INFO  epoch 123 training [time: 15.95s, train loss: -18.3128]
25 Oct 13:06    INFO  epoch 123 evaluating [time: 14.42s, valid_score: 0.113000]
25 Oct 13:06    INFO  valid result: 
recall@10 : 0.137    recall@20 : 0.2001    recall@50 : 0.312    ndcg@10 : 0.0946    ndcg@20 : 0.113    ndcg@50 : 0.1405    
25 Oct 13:06    INFO  epoch 124 training [time: 15.92s, train loss: -18.3124]
25 Oct 13:07    INFO  epoch 124 evaluating [time: 14.64s, valid_score: 0.113100]
25 Oct 13:07    INFO  valid result: 
recall@10 : 0.137    recall@20 : 0.2002    recall@50 : 0.3126    ndcg@10 : 0.0946    ndcg@20 : 0.1131    ndcg@50 : 0.1406    
25 Oct 13:07    INFO  Saving current best: saved/DirectAU-Oct-25-2023_12-03-32.pth
25 Oct 13:07    INFO  epoch 125 training [time: 16.13s, train loss: -18.3132]
25 Oct 13:07    INFO  epoch 125 evaluating [time: 14.81s, valid_score: 0.112700]
25 Oct 13:07    INFO  valid result: 
recall@10 : 0.137    recall@20 : 0.1995    recall@50 : 0.3126    ndcg@10 : 0.0944    ndcg@20 : 0.1127    ndcg@50 : 0.1404    
25 Oct 13:08    INFO  epoch 126 training [time: 15.94s, train loss: -18.3127]
25 Oct 13:08    INFO  epoch 126 evaluating [time: 14.51s, valid_score: 0.113400]
25 Oct 13:08    INFO  valid result: 
recall@10 : 0.1367    recall@20 : 0.2    recall@50 : 0.3124    ndcg@10 : 0.0949    ndcg@20 : 0.1134    ndcg@50 : 0.1408    
25 Oct 13:08    INFO  Saving current best: saved/DirectAU-Oct-25-2023_12-03-32.pth
25 Oct 13:08    INFO  epoch 127 training [time: 15.97s, train loss: -18.3126]
25 Oct 13:08    INFO  epoch 127 evaluating [time: 14.70s, valid_score: 0.113200]
25 Oct 13:08    INFO  valid result: 
recall@10 : 0.1362    recall@20 : 0.1998    recall@50 : 0.3122    ndcg@10 : 0.0947    ndcg@20 : 0.1132    ndcg@50 : 0.1407    
25 Oct 13:09    INFO  epoch 128 training [time: 15.91s, train loss: -18.3130]
25 Oct 13:09    INFO  epoch 128 evaluating [time: 14.29s, valid_score: 0.113000]
25 Oct 13:09    INFO  valid result: 
recall@10 : 0.1372    recall@20 : 0.2006    recall@50 : 0.3133    ndcg@10 : 0.0947    ndcg@20 : 0.113    ndcg@50 : 0.1406    
25 Oct 13:09    INFO  epoch 129 training [time: 15.98s, train loss: -18.3131]
25 Oct 13:09    INFO  epoch 129 evaluating [time: 14.72s, valid_score: 0.113200]
25 Oct 13:09    INFO  valid result: 
recall@10 : 0.1372    recall@20 : 0.2006    recall@50 : 0.3129    ndcg@10 : 0.0947    ndcg@20 : 0.1132    ndcg@50 : 0.1406    
25 Oct 13:10    INFO  epoch 130 training [time: 15.93s, train loss: -18.3132]
25 Oct 13:10    INFO  epoch 130 evaluating [time: 14.65s, valid_score: 0.113300]
25 Oct 13:10    INFO  valid result: 
recall@10 : 0.1378    recall@20 : 0.2011    recall@50 : 0.3137    ndcg@10 : 0.0949    ndcg@20 : 0.1133    ndcg@50 : 0.1409    
25 Oct 13:10    INFO  epoch 131 training [time: 15.97s, train loss: -18.3135]
25 Oct 13:10    INFO  epoch 131 evaluating [time: 14.35s, valid_score: 0.112700]
25 Oct 13:10    INFO  valid result: 
recall@10 : 0.1369    recall@20 : 0.1999    recall@50 : 0.3135    ndcg@10 : 0.0944    ndcg@20 : 0.1127    ndcg@50 : 0.1405    
25 Oct 13:11    INFO  epoch 132 training [time: 15.99s, train loss: -18.3133]
25 Oct 13:11    INFO  epoch 132 evaluating [time: 14.36s, valid_score: 0.113200]
25 Oct 13:11    INFO  valid result: 
recall@10 : 0.1376    recall@20 : 0.2005    recall@50 : 0.3127    ndcg@10 : 0.0949    ndcg@20 : 0.1132    ndcg@50 : 0.1407    
25 Oct 13:11    INFO  epoch 133 training [time: 15.97s, train loss: -18.3133]
25 Oct 13:11    INFO  epoch 133 evaluating [time: 14.62s, valid_score: 0.113000]
25 Oct 13:11    INFO  valid result: 
recall@10 : 0.1379    recall@20 : 0.2001    recall@50 : 0.3131    ndcg@10 : 0.0949    ndcg@20 : 0.113    ndcg@50 : 0.1406    
25 Oct 13:12    INFO  epoch 134 training [time: 16.01s, train loss: -18.3128]
25 Oct 13:12    INFO  epoch 134 evaluating [time: 15.21s, valid_score: 0.113000]
25 Oct 13:12    INFO  valid result: 
recall@10 : 0.1373    recall@20 : 0.1994    recall@50 : 0.3138    ndcg@10 : 0.095    ndcg@20 : 0.113    ndcg@50 : 0.1409    
25 Oct 13:12    INFO  epoch 135 training [time: 15.91s, train loss: -18.3132]
25 Oct 13:12    INFO  epoch 135 evaluating [time: 14.39s, valid_score: 0.113100]
25 Oct 13:12    INFO  valid result: 
recall@10 : 0.1375    recall@20 : 0.2001    recall@50 : 0.3139    ndcg@10 : 0.0949    ndcg@20 : 0.1131    ndcg@50 : 0.1409    
25 Oct 13:13    INFO  epoch 136 training [time: 15.92s, train loss: -18.3133]
25 Oct 13:13    INFO  epoch 136 evaluating [time: 14.97s, valid_score: 0.113200]
25 Oct 13:13    INFO  valid result: 
recall@10 : 0.1381    recall@20 : 0.1996    recall@50 : 0.3136    ndcg@10 : 0.0952    ndcg@20 : 0.1132    ndcg@50 : 0.1411    
25 Oct 13:13    INFO  epoch 137 training [time: 16.01s, train loss: -18.3133]
25 Oct 13:13    INFO  epoch 137 evaluating [time: 14.32s, valid_score: 0.113200]
25 Oct 13:13    INFO  valid result: 
recall@10 : 0.1376    recall@20 : 0.1997    recall@50 : 0.3138    ndcg@10 : 0.0951    ndcg@20 : 0.1132    ndcg@50 : 0.1411    
25 Oct 13:13    INFO  Finished training, best eval result in epoch 126
25 Oct 13:13    INFO  Loading model structure and parameters from saved/DirectAU-Oct-25-2023_12-03-32.pth
25 Oct 13:14    INFO  best valid : {'recall@10': 0.1367, 'recall@20': 0.2, 'recall@50': 0.3124, 'ndcg@10': 0.0949, 'ndcg@20': 0.1134, 'ndcg@50': 0.1408}
25 Oct 13:14    INFO  test result: {'recall@10': 0.1382, 'recall@20': 0.2001, 'recall@50': 0.3133, 'ndcg@10': 0.0988, 'ndcg@20': 0.1166, 'ndcg@50': 0.1443}
