command line args [--zc 1] will not be used in RecBole
26 Oct 21:28    INFO  
General Hyper Parameters:
gpu_id = 6
use_gpu = True
seed = 0
state = INFO
reproducibility = True
data_path = dataset/Yelp
show_progress = False

Training Hyper Parameters:
checkpoint_dir = saved
epochs = 500
train_batch_size = 256
learner = adam
learning_rate = 0.001
training_neg_sample_num = 0
training_neg_sample_distribution = uniform
eval_step = 1
stopping_step = 10
clip_grad_norm = None
weight_decay = 1e-06
draw_loss_pic = False
loss_decimal_place = 4

Evaluation Hyper Parameters:
eval_setting = RO_RS,full
group_by_user = True
split_ratio = [0.8, 0.1, 0.1]
leave_one_num = 2
real_time_process = False
metrics = ['Recall', 'NDCG']
topk = [10, 20, 50]
valid_metric = NDCG@20
eval_batch_size = 4096
metric_decimal_place = 4

Dataset Hyper Parameters:
field_separator = 	
seq_separator =  
USER_ID_FIELD = user_id
ITEM_ID_FIELD = item_id
RATING_FIELD = rating
TIME_FIELD = timestamp
seq_len = None
LABEL_FIELD = label
threshold = None
NEG_PREFIX = neg_
load_col = {'inter': ['user_id', 'item_id', 'timestamp']}
unload_col = None
unused_col = None
additional_feat_suffix = None
lowest_val = None
highest_val = None
equal_val = None
not_equal_val = None
max_user_inter_num = None
min_user_inter_num = 5
max_item_inter_num = None
min_item_inter_num = 5
fields_in_same_space = None
preload_weight = None
normalize_field = None
normalize_all = None
ITEM_LIST_LENGTH_FIELD = item_length
LIST_SUFFIX = _list
MAX_ITEM_LIST_LENGTH = 50
POSITION_FIELD = position_id
HEAD_ENTITY_ID_FIELD = head_id
TAIL_ENTITY_ID_FIELD = tail_id
RELATION_ID_FIELD = relation_id
ENTITY_ID_FIELD = entity_id

Other Hyper Parameters: 
valid_metric_bigger = True
BT = 0.1
bt = 0.001
embedding_size = 64
encoder = MF
gamma = 0.5
times = 1
witem = 0.1
wuser = 0.8
zc = 1.0
rm_dup_inter = None
filter_inter_by_user_or_item = True
SOURCE_ID_FIELD = source_id
TARGET_ID_FIELD = target_id
benchmark_filename = None
MODEL_TYPE = ModelType.GENERAL
MODEL_INPUT_TYPE = InputType.POINTWISE
eval_type = EvaluatorType.RANKING
device = cuda
train_neg_sample_args = {'strategy': 'none'}


26 Oct 21:28    INFO  Yelp
The number of users: 31669
Average actions of users: 49.305481874447395
The number of items: 38049
Average actions of items: 41.037794365012616
The number of inters: 1561406
The sparsity of the dataset: 99.87041991912021%
Remain Fields: ['user_id', 'item_id']
26 Oct 21:28    INFO  Build [GeneralDataLoader] for [train] with format [InputType.POINTWISE]
26 Oct 21:28    INFO  [train] No Negative Sampling
26 Oct 21:28    INFO  [train] batch_size = [256], shuffle = [True]

26 Oct 21:28    INFO  Build [GeneralFullDataLoader] for [evaluation] with format [InputType.POINTWISE]
26 Oct 21:28    INFO  Evaluation Setting:
	Group by user_id
	Ordering: {'strategy': 'shuffle'}
	Splitting: {'strategy': 'by_ratio', 'ratios': [0.8, 0.1, 0.1]}
	Negative Sampling: {'strategy': 'full', 'distribution': 'uniform'}
26 Oct 21:28    INFO  [evaluation] batch_size = [4096], shuffle = [False]

26 Oct 21:28    WARNING  Batch size is changed to 38049.
26 Oct 21:28    WARNING  Batch size is changed to 38049.
{'BT': 0.1, 'bt': 0.001, 'embedding_size': 64, 'encoder': 'MF', 'gamma': None, 'times': 1, 'training_neg_sample_num': 0, 'witem': 0.1, 'wuser': 0.8, 'zc': 1.0}
this is encoder MF...
这是directau 的 WUBT 版本...1.0
26 Oct 21:28    INFO  DirectAU(
  (encoder): MFEncoder(
    (user_embedding): Embedding(31669, 64)
    (item_embedding): Embedding(38049, 64)
  )
  (bn): BatchNorm1d(64, eps=1e-05, momentum=0.1, affine=False, track_running_stats=True)
  (projector): Sequential(
    (0): Linear(in_features=64, out_features=64, bias=False)
    (1): BatchNorm1d(64, eps=1e-05, momentum=0.1, affine=True, track_running_stats=True)
    (2): ReLU(inplace=True)
    (3): Linear(in_features=64, out_features=64, bias=False)
    (4): BatchNorm1d(64, eps=1e-05, momentum=0.1, affine=True, track_running_stats=True)
    (5): ReLU(inplace=True)
    (6): Linear(in_features=64, out_features=64, bias=False)
  )
)
Trainable parameters: 4474496
26 Oct 21:29    INFO  epoch 0 training [time: 20.53s, train loss: 0.0142]
26 Oct 21:29    INFO  epoch 0 evaluating [time: 16.60s, valid_score: 0.012900]
26 Oct 21:29    INFO  valid result: 
recall@10 : 0.0111    recall@20 : 0.0198    recall@50 : 0.0399    ndcg@10 : 0.0099    ndcg@20 : 0.0129    ndcg@50 : 0.0191    
26 Oct 21:29    INFO  Saving current best: saved/DirectAU-Oct-26-2023_21-28-47.pth
26 Oct 21:29    INFO  epoch 1 training [time: 19.51s, train loss: -0.2628]
26 Oct 21:30    INFO  epoch 1 evaluating [time: 16.09s, valid_score: 0.019500]
26 Oct 21:30    INFO  valid result: 
recall@10 : 0.0178    recall@20 : 0.0305    recall@50 : 0.0604    ndcg@10 : 0.0151    ndcg@20 : 0.0195    ndcg@50 : 0.0286    
26 Oct 21:30    INFO  Saving current best: saved/DirectAU-Oct-26-2023_21-28-47.pth
26 Oct 21:30    INFO  epoch 2 training [time: 19.67s, train loss: -0.3646]
26 Oct 21:31    INFO  epoch 2 evaluating [time: 52.26s, valid_score: 0.026000]
26 Oct 21:31    INFO  valid result: 
recall@10 : 0.0238    recall@20 : 0.0412    recall@50 : 0.0791    ndcg@10 : 0.02    ndcg@20 : 0.026    ndcg@50 : 0.0375    
26 Oct 21:31    INFO  Saving current best: saved/DirectAU-Oct-26-2023_21-28-47.pth
26 Oct 21:31    INFO  epoch 3 training [time: 23.28s, train loss: -0.4418]
26 Oct 21:32    INFO  epoch 3 evaluating [time: 82.45s, valid_score: 0.031900]
26 Oct 21:32    INFO  valid result: 
recall@10 : 0.0303    recall@20 : 0.0507    recall@50 : 0.0955    ndcg@10 : 0.0249    ndcg@20 : 0.0319    ndcg@50 : 0.0454    
26 Oct 21:32    INFO  Saving current best: saved/DirectAU-Oct-26-2023_21-28-47.pth
26 Oct 21:33    INFO  epoch 4 training [time: 23.93s, train loss: -0.5030]
26 Oct 21:34    INFO  epoch 4 evaluating [time: 81.48s, valid_score: 0.037300]
26 Oct 21:34    INFO  valid result: 
recall@10 : 0.0355    recall@20 : 0.0591    recall@50 : 0.111    ndcg@10 : 0.0293    ndcg@20 : 0.0373    ndcg@50 : 0.0529    
26 Oct 21:34    INFO  Saving current best: saved/DirectAU-Oct-26-2023_21-28-47.pth
26 Oct 21:35    INFO  epoch 5 training [time: 23.45s, train loss: -0.5514]
26 Oct 21:36    INFO  epoch 5 evaluating [time: 80.77s, valid_score: 0.042600]
26 Oct 21:36    INFO  valid result: 
recall@10 : 0.0417    recall@20 : 0.0678    recall@50 : 0.1241    ndcg@10 : 0.0336    ndcg@20 : 0.0426    ndcg@50 : 0.0593    
26 Oct 21:36    INFO  Saving current best: saved/DirectAU-Oct-26-2023_21-28-47.pth
26 Oct 21:36    INFO  epoch 6 training [time: 23.19s, train loss: -0.5908]
26 Oct 21:38    INFO  epoch 6 evaluating [time: 82.11s, valid_score: 0.046400]
26 Oct 21:38    INFO  valid result: 
recall@10 : 0.0449    recall@20 : 0.0745    recall@50 : 0.1348    ndcg@10 : 0.0363    ndcg@20 : 0.0464    ndcg@50 : 0.0643    
26 Oct 21:38    INFO  Saving current best: saved/DirectAU-Oct-26-2023_21-28-47.pth
26 Oct 21:38    INFO  epoch 7 training [time: 26.86s, train loss: -0.6244]
26 Oct 21:39    INFO  epoch 7 evaluating [time: 78.33s, valid_score: 0.049800]
26 Oct 21:39    INFO  valid result: 
recall@10 : 0.0491    recall@20 : 0.0802    recall@50 : 0.1464    ndcg@10 : 0.0392    ndcg@20 : 0.0498    ndcg@50 : 0.0692    
26 Oct 21:39    INFO  Saving current best: saved/DirectAU-Oct-26-2023_21-28-47.pth
26 Oct 21:40    INFO  epoch 8 training [time: 41.32s, train loss: -0.6600]
26 Oct 21:41    INFO  epoch 8 evaluating [time: 60.30s, valid_score: 0.053600]
26 Oct 21:41    INFO  valid result: 
recall@10 : 0.0524    recall@20 : 0.0867    recall@50 : 0.1567    ndcg@10 : 0.0419    ndcg@20 : 0.0536    ndcg@50 : 0.0742    
26 Oct 21:41    INFO  Saving current best: saved/DirectAU-Oct-26-2023_21-28-47.pth
26 Oct 21:42    INFO  epoch 9 training [time: 40.81s, train loss: -0.7122]
26 Oct 21:43    INFO  epoch 9 evaluating [time: 63.68s, valid_score: 0.058200]
26 Oct 21:43    INFO  valid result: 
recall@10 : 0.0572    recall@20 : 0.0938    recall@50 : 0.1701    ndcg@10 : 0.0458    ndcg@20 : 0.0582    ndcg@50 : 0.0804    
26 Oct 21:43    INFO  Saving current best: saved/DirectAU-Oct-26-2023_21-28-47.pth
26 Oct 21:44    INFO  epoch 10 training [time: 36.74s, train loss: -0.7463]
26 Oct 21:45    INFO  epoch 10 evaluating [time: 80.22s, valid_score: 0.060900]
26 Oct 21:45    INFO  valid result: 
recall@10 : 0.0603    recall@20 : 0.0978    recall@50 : 0.1759    ndcg@10 : 0.0483    ndcg@20 : 0.0609    ndcg@50 : 0.0835    
26 Oct 21:45    INFO  Saving current best: saved/DirectAU-Oct-26-2023_21-28-47.pth
26 Oct 21:45    INFO  epoch 11 training [time: 24.75s, train loss: -0.7572]
26 Oct 21:47    INFO  epoch 11 evaluating [time: 82.17s, valid_score: 0.062500]
26 Oct 21:47    INFO  valid result: 
recall@10 : 0.0623    recall@20 : 0.1007    recall@50 : 0.1798    ndcg@10 : 0.0495    ndcg@20 : 0.0625    ndcg@50 : 0.0854    
26 Oct 21:47    INFO  Saving current best: saved/DirectAU-Oct-26-2023_21-28-47.pth
26 Oct 21:47    INFO  epoch 12 training [time: 23.74s, train loss: -0.7646]
26 Oct 21:48    INFO  epoch 12 evaluating [time: 82.88s, valid_score: 0.064100]
26 Oct 21:48    INFO  valid result: 
recall@10 : 0.0637    recall@20 : 0.1028    recall@50 : 0.1826    ndcg@10 : 0.051    ndcg@20 : 0.0641    ndcg@50 : 0.0873    
26 Oct 21:48    INFO  Saving current best: saved/DirectAU-Oct-26-2023_21-28-47.pth
26 Oct 21:49    INFO  epoch 13 training [time: 23.35s, train loss: -0.7687]
26 Oct 21:50    INFO  epoch 13 evaluating [time: 82.86s, valid_score: 0.064500]
26 Oct 21:50    INFO  valid result: 
recall@10 : 0.0644    recall@20 : 0.1033    recall@50 : 0.1847    ndcg@10 : 0.0514    ndcg@20 : 0.0645    ndcg@50 : 0.0881    
26 Oct 21:50    INFO  Saving current best: saved/DirectAU-Oct-26-2023_21-28-47.pth
26 Oct 21:51    INFO  epoch 14 training [time: 23.32s, train loss: -0.7715]
26 Oct 21:52    INFO  epoch 14 evaluating [time: 81.91s, valid_score: 0.065500]
26 Oct 21:52    INFO  valid result: 
recall@10 : 0.0649    recall@20 : 0.1051    recall@50 : 0.186    ndcg@10 : 0.0519    ndcg@20 : 0.0655    ndcg@50 : 0.0889    
26 Oct 21:52    INFO  Saving current best: saved/DirectAU-Oct-26-2023_21-28-47.pth
26 Oct 21:52    INFO  epoch 15 training [time: 23.47s, train loss: -0.7734]
26 Oct 21:54    INFO  epoch 15 evaluating [time: 82.78s, valid_score: 0.065700]
26 Oct 21:54    INFO  valid result: 
recall@10 : 0.065    recall@20 : 0.1057    recall@50 : 0.1864    ndcg@10 : 0.0519    ndcg@20 : 0.0657    ndcg@50 : 0.0891    
26 Oct 21:54    INFO  Saving current best: saved/DirectAU-Oct-26-2023_21-28-47.pth
26 Oct 21:54    INFO  epoch 16 training [time: 25.63s, train loss: -0.7746]
26 Oct 21:56    INFO  epoch 16 evaluating [time: 80.41s, valid_score: 0.066100]
26 Oct 21:56    INFO  valid result: 
recall@10 : 0.0651    recall@20 : 0.1062    recall@50 : 0.1873    ndcg@10 : 0.0523    ndcg@20 : 0.0661    ndcg@50 : 0.0896    
26 Oct 21:56    INFO  Saving current best: saved/DirectAU-Oct-26-2023_21-28-47.pth
26 Oct 21:56    INFO  epoch 17 training [time: 41.26s, train loss: -0.7758]
26 Oct 21:57    INFO  epoch 17 evaluating [time: 60.30s, valid_score: 0.065500]
26 Oct 21:57    INFO  valid result: 
recall@10 : 0.065    recall@20 : 0.1047    recall@50 : 0.1888    ndcg@10 : 0.0521    ndcg@20 : 0.0655    ndcg@50 : 0.0898    
26 Oct 21:58    INFO  epoch 18 training [time: 40.86s, train loss: -0.7766]
26 Oct 21:59    INFO  epoch 18 evaluating [time: 74.17s, valid_score: 0.066300]
26 Oct 21:59    INFO  valid result: 
recall@10 : 0.0663    recall@20 : 0.1059    recall@50 : 0.1879    ndcg@10 : 0.0529    ndcg@20 : 0.0663    ndcg@50 : 0.0901    
26 Oct 21:59    INFO  Saving current best: saved/DirectAU-Oct-26-2023_21-28-47.pth
26 Oct 22:00    INFO  epoch 19 training [time: 30.59s, train loss: -0.7772]
26 Oct 22:01    INFO  epoch 19 evaluating [time: 82.04s, valid_score: 0.066500]
26 Oct 22:01    INFO  valid result: 
recall@10 : 0.0658    recall@20 : 0.1061    recall@50 : 0.1879    ndcg@10 : 0.0529    ndcg@20 : 0.0665    ndcg@50 : 0.0902    
26 Oct 22:01    INFO  Saving current best: saved/DirectAU-Oct-26-2023_21-28-47.pth
26 Oct 22:01    INFO  epoch 20 training [time: 23.32s, train loss: -0.7777]
26 Oct 22:03    INFO  epoch 20 evaluating [time: 83.29s, valid_score: 0.066700]
26 Oct 22:03    INFO  valid result: 
recall@10 : 0.0663    recall@20 : 0.1066    recall@50 : 0.188    ndcg@10 : 0.0532    ndcg@20 : 0.0667    ndcg@50 : 0.0904    
26 Oct 22:03    INFO  Saving current best: saved/DirectAU-Oct-26-2023_21-28-47.pth
26 Oct 22:03    INFO  epoch 21 training [time: 23.70s, train loss: -0.7780]
26 Oct 22:05    INFO  epoch 21 evaluating [time: 81.75s, valid_score: 0.066800]
26 Oct 22:05    INFO  valid result: 
recall@10 : 0.0668    recall@20 : 0.1062    recall@50 : 0.1897    ndcg@10 : 0.0535    ndcg@20 : 0.0668    ndcg@50 : 0.0911    
26 Oct 22:05    INFO  Saving current best: saved/DirectAU-Oct-26-2023_21-28-47.pth
26 Oct 22:05    INFO  epoch 22 training [time: 23.27s, train loss: -0.7785]
26 Oct 22:06    INFO  epoch 22 evaluating [time: 83.26s, valid_score: 0.067000]
26 Oct 22:06    INFO  valid result: 
recall@10 : 0.0668    recall@20 : 0.1069    recall@50 : 0.1897    ndcg@10 : 0.0535    ndcg@20 : 0.067    ndcg@50 : 0.091    
26 Oct 22:06    INFO  Saving current best: saved/DirectAU-Oct-26-2023_21-28-47.pth
26 Oct 22:07    INFO  epoch 23 training [time: 23.79s, train loss: -0.7789]
26 Oct 22:08    INFO  epoch 23 evaluating [time: 82.78s, valid_score: 0.067500]
26 Oct 22:08    INFO  valid result: 
recall@10 : 0.0664    recall@20 : 0.1079    recall@50 : 0.1887    ndcg@10 : 0.0535    ndcg@20 : 0.0675    ndcg@50 : 0.091    
26 Oct 22:08    INFO  Saving current best: saved/DirectAU-Oct-26-2023_21-28-47.pth
26 Oct 22:09    INFO  epoch 24 training [time: 25.09s, train loss: -0.7790]
26 Oct 22:10    INFO  epoch 24 evaluating [time: 81.18s, valid_score: 0.066900]
26 Oct 22:10    INFO  valid result: 
recall@10 : 0.0665    recall@20 : 0.1068    recall@50 : 0.1898    ndcg@10 : 0.0534    ndcg@20 : 0.0669    ndcg@50 : 0.091    
26 Oct 22:11    INFO  epoch 25 training [time: 40.93s, train loss: -0.7792]
26 Oct 22:12    INFO  epoch 25 evaluating [time: 60.85s, valid_score: 0.067200]
26 Oct 22:12    INFO  valid result: 
recall@10 : 0.0671    recall@20 : 0.1073    recall@50 : 0.1898    ndcg@10 : 0.0536    ndcg@20 : 0.0672    ndcg@50 : 0.0911    
26 Oct 22:12    INFO  epoch 26 training [time: 41.11s, train loss: -0.7796]
26 Oct 22:14    INFO  epoch 26 evaluating [time: 76.75s, valid_score: 0.067300]
26 Oct 22:14    INFO  valid result: 
recall@10 : 0.0667    recall@20 : 0.1073    recall@50 : 0.1896    ndcg@10 : 0.0537    ndcg@20 : 0.0673    ndcg@50 : 0.0912    
26 Oct 22:14    INFO  epoch 27 training [time: 27.84s, train loss: -0.7796]
26 Oct 22:15    INFO  epoch 27 evaluating [time: 82.81s, valid_score: 0.067400]
26 Oct 22:15    INFO  valid result: 
recall@10 : 0.067    recall@20 : 0.1076    recall@50 : 0.1894    ndcg@10 : 0.0538    ndcg@20 : 0.0674    ndcg@50 : 0.0912    
26 Oct 22:16    INFO  epoch 28 training [time: 23.47s, train loss: -0.7800]
26 Oct 22:17    INFO  epoch 28 evaluating [time: 83.07s, valid_score: 0.067400]
26 Oct 22:17    INFO  valid result: 
recall@10 : 0.0667    recall@20 : 0.1069    recall@50 : 0.1899    ndcg@10 : 0.0538    ndcg@20 : 0.0674    ndcg@50 : 0.0915    
26 Oct 22:18    INFO  epoch 29 training [time: 23.25s, train loss: -0.7800]
26 Oct 22:19    INFO  epoch 29 evaluating [time: 82.40s, valid_score: 0.067200]
26 Oct 22:19    INFO  valid result: 
recall@10 : 0.0661    recall@20 : 0.1075    recall@50 : 0.1899    ndcg@10 : 0.0533    ndcg@20 : 0.0672    ndcg@50 : 0.0911    
26 Oct 22:19    INFO  epoch 30 training [time: 23.58s, train loss: -0.7801]
26 Oct 22:21    INFO  epoch 30 evaluating [time: 83.03s, valid_score: 0.067500]
26 Oct 22:21    INFO  valid result: 
recall@10 : 0.0667    recall@20 : 0.1076    recall@50 : 0.19    ndcg@10 : 0.0537    ndcg@20 : 0.0675    ndcg@50 : 0.0914    
26 Oct 22:21    INFO  epoch 31 training [time: 23.04s, train loss: -0.7803]
26 Oct 22:22    INFO  epoch 31 evaluating [time: 82.82s, valid_score: 0.067500]
26 Oct 22:22    INFO  valid result: 
recall@10 : 0.067    recall@20 : 0.1078    recall@50 : 0.1904    ndcg@10 : 0.0537    ndcg@20 : 0.0675    ndcg@50 : 0.0914    
26 Oct 22:23    INFO  epoch 32 training [time: 29.32s, train loss: -0.7804]
26 Oct 22:24    INFO  epoch 32 evaluating [time: 75.49s, valid_score: 0.067300]
26 Oct 22:24    INFO  valid result: 
recall@10 : 0.0666    recall@20 : 0.1077    recall@50 : 0.1904    ndcg@10 : 0.0535    ndcg@20 : 0.0673    ndcg@50 : 0.0913    
26 Oct 22:25    INFO  epoch 33 training [time: 41.05s, train loss: -0.7806]
26 Oct 22:26    INFO  epoch 33 evaluating [time: 62.91s, valid_score: 0.067300]
26 Oct 22:26    INFO  valid result: 
recall@10 : 0.0661    recall@20 : 0.107    recall@50 : 0.1899    ndcg@10 : 0.0536    ndcg@20 : 0.0673    ndcg@50 : 0.0914    
26 Oct 22:27    INFO  epoch 34 training [time: 38.58s, train loss: -0.7806]
26 Oct 22:28    INFO  epoch 34 evaluating [time: 72.86s, valid_score: 0.067400]
26 Oct 22:28    INFO  valid result: 
recall@10 : 0.0671    recall@20 : 0.1071    recall@50 : 0.1899    ndcg@10 : 0.054    ndcg@20 : 0.0674    ndcg@50 : 0.0915    
26 Oct 22:28    INFO  Finished training, best eval result in epoch 23
26 Oct 22:28    INFO  Loading model structure and parameters from saved/DirectAU-Oct-26-2023_21-28-47.pth
26 Oct 22:29    INFO  best valid : {'recall@10': 0.0664, 'recall@20': 0.1079, 'recall@50': 0.1887, 'ndcg@10': 0.0535, 'ndcg@20': 0.0675, 'ndcg@50': 0.091}
26 Oct 22:29    INFO  test result: {'recall@10': 0.068, 'recall@20': 0.1081, 'recall@50': 0.1888, 'ndcg@10': 0.0549, 'ndcg@20': 0.0682, 'ndcg@50': 0.0916}
