command line args [--zc 1] will not be used in RecBole
26 Oct 21:30    INFO  
General Hyper Parameters:
gpu_id = 6
use_gpu = True
seed = 0
state = INFO
reproducibility = True
data_path = dataset/Yelp
show_progress = False

Training Hyper Parameters:
checkpoint_dir = saved
epochs = 500
train_batch_size = 1024
learner = adam
learning_rate = 0.001
training_neg_sample_num = 0
training_neg_sample_distribution = uniform
eval_step = 1
stopping_step = 10
clip_grad_norm = None
weight_decay = 1e-06
draw_loss_pic = False
loss_decimal_place = 4

Evaluation Hyper Parameters:
eval_setting = RO_RS,full
group_by_user = True
split_ratio = [0.8, 0.1, 0.1]
leave_one_num = 2
real_time_process = False
metrics = ['Recall', 'NDCG']
topk = [10, 20, 50]
valid_metric = NDCG@20
eval_batch_size = 4096
metric_decimal_place = 4

Dataset Hyper Parameters:
field_separator = 	
seq_separator =  
USER_ID_FIELD = user_id
ITEM_ID_FIELD = item_id
RATING_FIELD = rating
TIME_FIELD = timestamp
seq_len = None
LABEL_FIELD = label
threshold = None
NEG_PREFIX = neg_
load_col = {'inter': ['user_id', 'item_id', 'timestamp']}
unload_col = None
unused_col = None
additional_feat_suffix = None
lowest_val = None
highest_val = None
equal_val = None
not_equal_val = None
max_user_inter_num = None
min_user_inter_num = 5
max_item_inter_num = None
min_item_inter_num = 5
fields_in_same_space = None
preload_weight = None
normalize_field = None
normalize_all = None
ITEM_LIST_LENGTH_FIELD = item_length
LIST_SUFFIX = _list
MAX_ITEM_LIST_LENGTH = 50
POSITION_FIELD = position_id
HEAD_ENTITY_ID_FIELD = head_id
TAIL_ENTITY_ID_FIELD = tail_id
RELATION_ID_FIELD = relation_id
ENTITY_ID_FIELD = entity_id

Other Hyper Parameters: 
valid_metric_bigger = True
BT = 0.1
bt = 0.001
embedding_size = 64
encoder = MF
gamma = 2
times = 1
witem = 0.1
wuser = 0.8
zc = 1.0
rm_dup_inter = None
filter_inter_by_user_or_item = True
SOURCE_ID_FIELD = source_id
TARGET_ID_FIELD = target_id
benchmark_filename = None
MODEL_TYPE = ModelType.GENERAL
MODEL_INPUT_TYPE = InputType.POINTWISE
eval_type = EvaluatorType.RANKING
device = cuda
train_neg_sample_args = {'strategy': 'none'}


26 Oct 21:30    INFO  Yelp
The number of users: 31669
Average actions of users: 49.305481874447395
The number of items: 38049
Average actions of items: 41.037794365012616
The number of inters: 1561406
The sparsity of the dataset: 99.87041991912021%
Remain Fields: ['user_id', 'item_id']
26 Oct 21:30    INFO  Build [GeneralDataLoader] for [train] with format [InputType.POINTWISE]
26 Oct 21:30    INFO  [train] No Negative Sampling
26 Oct 21:30    INFO  [train] batch_size = [1024], shuffle = [True]

26 Oct 21:30    INFO  Build [GeneralFullDataLoader] for [evaluation] with format [InputType.POINTWISE]
26 Oct 21:30    INFO  Evaluation Setting:
	Group by user_id
	Ordering: {'strategy': 'shuffle'}
	Splitting: {'strategy': 'by_ratio', 'ratios': [0.8, 0.1, 0.1]}
	Negative Sampling: {'strategy': 'full', 'distribution': 'uniform'}
26 Oct 21:30    INFO  [evaluation] batch_size = [4096], shuffle = [False]

26 Oct 21:30    WARNING  Batch size is changed to 38049.
26 Oct 21:30    WARNING  Batch size is changed to 38049.
{'BT': 0.1, 'bt': 0.001, 'embedding_size': 64, 'encoder': 'MF', 'gamma': None, 'times': 1, 'training_neg_sample_num': 0, 'witem': 0.1, 'wuser': 0.8, 'zc': 1.0}
this is encoder MF...
这是directau 的 WUBT 版本...1.0
26 Oct 21:30    INFO  DirectAU(
  (encoder): MFEncoder(
    (user_embedding): Embedding(31669, 64)
    (item_embedding): Embedding(38049, 64)
  )
  (bn): BatchNorm1d(64, eps=1e-05, momentum=0.1, affine=False, track_running_stats=True)
  (projector): Sequential(
    (0): Linear(in_features=64, out_features=64, bias=False)
    (1): BatchNorm1d(64, eps=1e-05, momentum=0.1, affine=True, track_running_stats=True)
    (2): ReLU(inplace=True)
    (3): Linear(in_features=64, out_features=64, bias=False)
    (4): BatchNorm1d(64, eps=1e-05, momentum=0.1, affine=True, track_running_stats=True)
    (5): ReLU(inplace=True)
    (6): Linear(in_features=64, out_features=64, bias=False)
  )
)
Trainable parameters: 4474496
26 Oct 21:31    INFO  epoch 0 training [time: 27.81s, train loss: -5.6729]
26 Oct 21:32    INFO  epoch 0 evaluating [time: 68.33s, valid_score: 0.017400]
26 Oct 21:32    INFO  valid result: 
recall@10 : 0.0161    recall@20 : 0.0289    recall@50 : 0.0595    ndcg@10 : 0.0129    ndcg@20 : 0.0174    ndcg@50 : 0.0266    
26 Oct 21:32    INFO  Saving current best: saved/DirectAU-Oct-26-2023_21-30-32.pth
26 Oct 21:32    INFO  epoch 1 training [time: 28.02s, train loss: -5.9844]
26 Oct 21:33    INFO  epoch 1 evaluating [time: 67.10s, valid_score: 0.025600]
26 Oct 21:33    INFO  valid result: 
recall@10 : 0.0248    recall@20 : 0.0435    recall@50 : 0.0851    ndcg@10 : 0.0191    ndcg@20 : 0.0256    ndcg@50 : 0.038    
26 Oct 21:33    INFO  Saving current best: saved/DirectAU-Oct-26-2023_21-30-32.pth
26 Oct 21:34    INFO  epoch 2 training [time: 27.93s, train loss: -6.0610]
26 Oct 21:35    INFO  epoch 2 evaluating [time: 68.45s, valid_score: 0.029500]
26 Oct 21:35    INFO  valid result: 
recall@10 : 0.0293    recall@20 : 0.0489    recall@50 : 0.0959    ndcg@10 : 0.0226    ndcg@20 : 0.0295    ndcg@50 : 0.0434    
26 Oct 21:35    INFO  Saving current best: saved/DirectAU-Oct-26-2023_21-30-32.pth
26 Oct 21:35    INFO  epoch 3 training [time: 28.02s, train loss: -6.0998]
26 Oct 21:36    INFO  epoch 3 evaluating [time: 67.92s, valid_score: 0.032500]
26 Oct 21:36    INFO  valid result: 
recall@10 : 0.0323    recall@20 : 0.0545    recall@50 : 0.1034    ndcg@10 : 0.0248    ndcg@20 : 0.0325    ndcg@50 : 0.0469    
26 Oct 21:36    INFO  Saving current best: saved/DirectAU-Oct-26-2023_21-30-32.pth
26 Oct 21:37    INFO  epoch 4 training [time: 27.95s, train loss: -6.1257]
26 Oct 21:38    INFO  epoch 4 evaluating [time: 67.10s, valid_score: 0.034200]
26 Oct 21:38    INFO  valid result: 
recall@10 : 0.0334    recall@20 : 0.0568    recall@50 : 0.1088    ndcg@10 : 0.0261    ndcg@20 : 0.0342    ndcg@50 : 0.0495    
26 Oct 21:38    INFO  Saving current best: saved/DirectAU-Oct-26-2023_21-30-32.pth
26 Oct 21:39    INFO  epoch 5 training [time: 29.38s, train loss: -6.1453]
26 Oct 21:40    INFO  epoch 5 evaluating [time: 61.90s, valid_score: 0.035600]
26 Oct 21:40    INFO  valid result: 
recall@10 : 0.0353    recall@20 : 0.0596    recall@50 : 0.1145    ndcg@10 : 0.0272    ndcg@20 : 0.0356    ndcg@50 : 0.0516    
26 Oct 21:40    INFO  Saving current best: saved/DirectAU-Oct-26-2023_21-30-32.pth
26 Oct 21:40    INFO  epoch 6 training [time: 34.02s, train loss: -6.1614]
26 Oct 21:41    INFO  epoch 6 evaluating [time: 62.63s, valid_score: 0.036800]
26 Oct 21:41    INFO  valid result: 
recall@10 : 0.0366    recall@20 : 0.0617    recall@50 : 0.1183    ndcg@10 : 0.0281    ndcg@20 : 0.0368    ndcg@50 : 0.0533    
26 Oct 21:41    INFO  Saving current best: saved/DirectAU-Oct-26-2023_21-30-32.pth
26 Oct 21:42    INFO  epoch 7 training [time: 34.08s, train loss: -6.1754]
26 Oct 21:43    INFO  epoch 7 evaluating [time: 63.73s, valid_score: 0.038300]
26 Oct 21:43    INFO  valid result: 
recall@10 : 0.0381    recall@20 : 0.0642    recall@50 : 0.1224    ndcg@10 : 0.0293    ndcg@20 : 0.0383    ndcg@50 : 0.0553    
26 Oct 21:43    INFO  Saving current best: saved/DirectAU-Oct-26-2023_21-30-32.pth
26 Oct 21:43    INFO  epoch 8 training [time: 32.66s, train loss: -6.1868]
26 Oct 21:44    INFO  epoch 8 evaluating [time: 65.31s, valid_score: 0.039000]
26 Oct 21:44    INFO  valid result: 
recall@10 : 0.0391    recall@20 : 0.0653    recall@50 : 0.1253    ndcg@10 : 0.03    ndcg@20 : 0.039    ndcg@50 : 0.0565    
26 Oct 21:44    INFO  Saving current best: saved/DirectAU-Oct-26-2023_21-30-32.pth
26 Oct 21:45    INFO  epoch 9 training [time: 28.43s, train loss: -6.1973]
26 Oct 21:46    INFO  epoch 9 evaluating [time: 68.54s, valid_score: 0.040800]
26 Oct 21:46    INFO  valid result: 
recall@10 : 0.0406    recall@20 : 0.0681    recall@50 : 0.1288    ndcg@10 : 0.0314    ndcg@20 : 0.0408    ndcg@50 : 0.0585    
26 Oct 21:46    INFO  Saving current best: saved/DirectAU-Oct-26-2023_21-30-32.pth
26 Oct 21:47    INFO  epoch 10 training [time: 27.97s, train loss: -6.2060]
26 Oct 21:48    INFO  epoch 10 evaluating [time: 68.30s, valid_score: 0.041800]
26 Oct 21:48    INFO  valid result: 
recall@10 : 0.0419    recall@20 : 0.07    recall@50 : 0.1309    ndcg@10 : 0.0322    ndcg@20 : 0.0418    ndcg@50 : 0.0596    
26 Oct 21:48    INFO  Saving current best: saved/DirectAU-Oct-26-2023_21-30-32.pth
26 Oct 21:48    INFO  epoch 11 training [time: 27.97s, train loss: -6.2132]
26 Oct 21:49    INFO  epoch 11 evaluating [time: 67.91s, valid_score: 0.042600]
26 Oct 21:49    INFO  valid result: 
recall@10 : 0.0423    recall@20 : 0.0709    recall@50 : 0.1331    ndcg@10 : 0.0328    ndcg@20 : 0.0426    ndcg@50 : 0.0608    
26 Oct 21:49    INFO  Saving current best: saved/DirectAU-Oct-26-2023_21-30-32.pth
26 Oct 21:50    INFO  epoch 12 training [time: 28.05s, train loss: -6.2202]
26 Oct 21:51    INFO  epoch 12 evaluating [time: 68.36s, valid_score: 0.043300]
26 Oct 21:51    INFO  valid result: 
recall@10 : 0.043    recall@20 : 0.0722    recall@50 : 0.1366    ndcg@10 : 0.0333    ndcg@20 : 0.0433    ndcg@50 : 0.0621    
26 Oct 21:51    INFO  Saving current best: saved/DirectAU-Oct-26-2023_21-30-32.pth
26 Oct 21:51    INFO  epoch 13 training [time: 27.99s, train loss: -6.2262]
26 Oct 21:53    INFO  epoch 13 evaluating [time: 69.11s, valid_score: 0.044100]
26 Oct 21:53    INFO  valid result: 
recall@10 : 0.0441    recall@20 : 0.0738    recall@50 : 0.1384    ndcg@10 : 0.0339    ndcg@20 : 0.0441    ndcg@50 : 0.0629    
26 Oct 21:53    INFO  Saving current best: saved/DirectAU-Oct-26-2023_21-30-32.pth
26 Oct 21:53    INFO  epoch 14 training [time: 27.99s, train loss: -6.2314]
26 Oct 21:54    INFO  epoch 14 evaluating [time: 67.56s, valid_score: 0.045300]
26 Oct 21:54    INFO  valid result: 
recall@10 : 0.0456    recall@20 : 0.0758    recall@50 : 0.1405    ndcg@10 : 0.0351    ndcg@20 : 0.0453    ndcg@50 : 0.0642    
26 Oct 21:54    INFO  Saving current best: saved/DirectAU-Oct-26-2023_21-30-32.pth
26 Oct 21:55    INFO  epoch 15 training [time: 28.52s, train loss: -6.2358]
26 Oct 21:56    INFO  epoch 15 evaluating [time: 62.13s, valid_score: 0.046400]
26 Oct 21:56    INFO  valid result: 
recall@10 : 0.0466    recall@20 : 0.0769    recall@50 : 0.1421    ndcg@10 : 0.036    ndcg@20 : 0.0464    ndcg@50 : 0.0654    
26 Oct 21:56    INFO  Saving current best: saved/DirectAU-Oct-26-2023_21-30-32.pth
26 Oct 21:56    INFO  epoch 16 training [time: 34.21s, train loss: -6.2397]
26 Oct 21:57    INFO  epoch 16 evaluating [time: 61.84s, valid_score: 0.047300]
26 Oct 21:57    INFO  valid result: 
recall@10 : 0.0471    recall@20 : 0.0785    recall@50 : 0.1445    ndcg@10 : 0.0366    ndcg@20 : 0.0473    ndcg@50 : 0.0665    
26 Oct 21:57    INFO  Saving current best: saved/DirectAU-Oct-26-2023_21-30-32.pth
26 Oct 21:58    INFO  epoch 17 training [time: 34.27s, train loss: -6.2434]
26 Oct 21:59    INFO  epoch 17 evaluating [time: 63.36s, valid_score: 0.047500]
26 Oct 21:59    INFO  valid result: 
recall@10 : 0.0477    recall@20 : 0.0787    recall@50 : 0.1455    ndcg@10 : 0.0369    ndcg@20 : 0.0475    ndcg@50 : 0.067    
26 Oct 21:59    INFO  Saving current best: saved/DirectAU-Oct-26-2023_21-30-32.pth
26 Oct 21:59    INFO  epoch 18 training [time: 30.42s, train loss: -6.2464]
26 Oct 22:00    INFO  epoch 18 evaluating [time: 67.43s, valid_score: 0.048100]
26 Oct 22:00    INFO  valid result: 
recall@10 : 0.048    recall@20 : 0.0799    recall@50 : 0.1477    ndcg@10 : 0.0372    ndcg@20 : 0.0481    ndcg@50 : 0.0678    
26 Oct 22:00    INFO  Saving current best: saved/DirectAU-Oct-26-2023_21-30-32.pth
26 Oct 22:01    INFO  epoch 19 training [time: 27.82s, train loss: -6.2492]
26 Oct 22:02    INFO  epoch 19 evaluating [time: 68.29s, valid_score: 0.048700]
26 Oct 22:02    INFO  valid result: 
recall@10 : 0.0488    recall@20 : 0.0811    recall@50 : 0.1489    ndcg@10 : 0.0377    ndcg@20 : 0.0487    ndcg@50 : 0.0685    
26 Oct 22:02    INFO  Saving current best: saved/DirectAU-Oct-26-2023_21-30-32.pth
26 Oct 22:03    INFO  epoch 20 training [time: 27.74s, train loss: -6.2517]
26 Oct 22:04    INFO  epoch 20 evaluating [time: 67.47s, valid_score: 0.049400]
26 Oct 22:04    INFO  valid result: 
recall@10 : 0.0492    recall@20 : 0.0818    recall@50 : 0.1503    ndcg@10 : 0.0383    ndcg@20 : 0.0494    ndcg@50 : 0.0693    
26 Oct 22:04    INFO  Saving current best: saved/DirectAU-Oct-26-2023_21-30-32.pth
26 Oct 22:04    INFO  epoch 21 training [time: 27.71s, train loss: -6.2538]
26 Oct 22:05    INFO  epoch 21 evaluating [time: 68.34s, valid_score: 0.049800]
26 Oct 22:05    INFO  valid result: 
recall@10 : 0.0499    recall@20 : 0.0821    recall@50 : 0.1514    ndcg@10 : 0.0388    ndcg@20 : 0.0498    ndcg@50 : 0.07    
26 Oct 22:05    INFO  Saving current best: saved/DirectAU-Oct-26-2023_21-30-32.pth
26 Oct 22:06    INFO  epoch 22 training [time: 27.77s, train loss: -6.2556]
26 Oct 22:07    INFO  epoch 22 evaluating [time: 67.67s, valid_score: 0.050200]
26 Oct 22:07    INFO  valid result: 
recall@10 : 0.0502    recall@20 : 0.083    recall@50 : 0.1528    ndcg@10 : 0.039    ndcg@20 : 0.0502    ndcg@50 : 0.0705    
26 Oct 22:07    INFO  Saving current best: saved/DirectAU-Oct-26-2023_21-30-32.pth
26 Oct 22:07    INFO  epoch 23 training [time: 27.74s, train loss: -6.2579]
26 Oct 22:08    INFO  epoch 23 evaluating [time: 67.17s, valid_score: 0.050700]
26 Oct 22:08    INFO  valid result: 
recall@10 : 0.0511    recall@20 : 0.0838    recall@50 : 0.1538    ndcg@10 : 0.0396    ndcg@20 : 0.0507    ndcg@50 : 0.071    
26 Oct 22:08    INFO  Saving current best: saved/DirectAU-Oct-26-2023_21-30-32.pth
26 Oct 22:09    INFO  epoch 24 training [time: 28.39s, train loss: -6.2590]
26 Oct 22:10    INFO  epoch 24 evaluating [time: 61.75s, valid_score: 0.051200]
26 Oct 22:10    INFO  valid result: 
recall@10 : 0.0514    recall@20 : 0.0845    recall@50 : 0.1548    ndcg@10 : 0.0399    ndcg@20 : 0.0512    ndcg@50 : 0.0716    
26 Oct 22:10    INFO  Saving current best: saved/DirectAU-Oct-26-2023_21-30-32.pth
26 Oct 22:11    INFO  epoch 25 training [time: 34.07s, train loss: -6.2605]
26 Oct 22:12    INFO  epoch 25 evaluating [time: 61.84s, valid_score: 0.051000]
26 Oct 22:12    INFO  valid result: 
recall@10 : 0.0516    recall@20 : 0.0846    recall@50 : 0.1557    ndcg@10 : 0.0398    ndcg@20 : 0.051    ndcg@50 : 0.0718    
26 Oct 22:12    INFO  epoch 26 training [time: 33.81s, train loss: -6.2616]
26 Oct 22:13    INFO  epoch 26 evaluating [time: 63.42s, valid_score: 0.051400]
26 Oct 22:13    INFO  valid result: 
recall@10 : 0.0515    recall@20 : 0.0852    recall@50 : 0.1564    ndcg@10 : 0.04    ndcg@20 : 0.0514    ndcg@50 : 0.0721    
26 Oct 22:13    INFO  Saving current best: saved/DirectAU-Oct-26-2023_21-30-32.pth
26 Oct 22:14    INFO  epoch 27 training [time: 29.02s, train loss: -6.2628]
26 Oct 22:15    INFO  epoch 27 evaluating [time: 67.50s, valid_score: 0.052000]
26 Oct 22:15    INFO  valid result: 
recall@10 : 0.052    recall@20 : 0.0856    recall@50 : 0.1583    ndcg@10 : 0.0406    ndcg@20 : 0.052    ndcg@50 : 0.0732    
26 Oct 22:15    INFO  Saving current best: saved/DirectAU-Oct-26-2023_21-30-32.pth
26 Oct 22:15    INFO  epoch 28 training [time: 27.75s, train loss: -6.2638]
26 Oct 22:16    INFO  epoch 28 evaluating [time: 67.61s, valid_score: 0.052500]
26 Oct 22:16    INFO  valid result: 
recall@10 : 0.0528    recall@20 : 0.0864    recall@50 : 0.1587    ndcg@10 : 0.041    ndcg@20 : 0.0525    ndcg@50 : 0.0735    
26 Oct 22:16    INFO  Saving current best: saved/DirectAU-Oct-26-2023_21-30-32.pth
26 Oct 22:17    INFO  epoch 29 training [time: 27.78s, train loss: -6.2648]
26 Oct 22:18    INFO  epoch 29 evaluating [time: 68.45s, valid_score: 0.052700]
26 Oct 22:18    INFO  valid result: 
recall@10 : 0.0527    recall@20 : 0.0864    recall@50 : 0.1593    ndcg@10 : 0.0412    ndcg@20 : 0.0527    ndcg@50 : 0.0739    
26 Oct 22:18    INFO  Saving current best: saved/DirectAU-Oct-26-2023_21-30-32.pth
26 Oct 22:18    INFO  epoch 30 training [time: 27.69s, train loss: -6.2655]
26 Oct 22:20    INFO  epoch 30 evaluating [time: 67.45s, valid_score: 0.053000]
26 Oct 22:20    INFO  valid result: 
recall@10 : 0.0533    recall@20 : 0.087    recall@50 : 0.1595    ndcg@10 : 0.0415    ndcg@20 : 0.053    ndcg@50 : 0.074    
26 Oct 22:20    INFO  Saving current best: saved/DirectAU-Oct-26-2023_21-30-32.pth
26 Oct 22:20    INFO  epoch 31 training [time: 27.65s, train loss: -6.2661]
26 Oct 22:21    INFO  epoch 31 evaluating [time: 68.76s, valid_score: 0.053200]
26 Oct 22:21    INFO  valid result: 
recall@10 : 0.0535    recall@20 : 0.0875    recall@50 : 0.1602    ndcg@10 : 0.0416    ndcg@20 : 0.0532    ndcg@50 : 0.0743    
26 Oct 22:21    INFO  Saving current best: saved/DirectAU-Oct-26-2023_21-30-32.pth
26 Oct 22:22    INFO  epoch 32 training [time: 27.64s, train loss: -6.2670]
26 Oct 22:23    INFO  epoch 32 evaluating [time: 65.51s, valid_score: 0.053500]
26 Oct 22:23    INFO  valid result: 
recall@10 : 0.0535    recall@20 : 0.0881    recall@50 : 0.1612    ndcg@10 : 0.0417    ndcg@20 : 0.0535    ndcg@50 : 0.0747    
26 Oct 22:23    INFO  Saving current best: saved/DirectAU-Oct-26-2023_21-30-32.pth
26 Oct 22:23    INFO  epoch 33 training [time: 29.88s, train loss: -6.2677]
26 Oct 22:24    INFO  epoch 33 evaluating [time: 62.66s, valid_score: 0.053600]
26 Oct 22:24    INFO  valid result: 
recall@10 : 0.0537    recall@20 : 0.0884    recall@50 : 0.1616    ndcg@10 : 0.0418    ndcg@20 : 0.0536    ndcg@50 : 0.0749    
26 Oct 22:24    INFO  Saving current best: saved/DirectAU-Oct-26-2023_21-30-32.pth
26 Oct 22:25    INFO  epoch 34 training [time: 34.06s, train loss: -6.2680]
26 Oct 22:26    INFO  epoch 34 evaluating [time: 60.99s, valid_score: 0.053800]
26 Oct 22:26    INFO  valid result: 
recall@10 : 0.0542    recall@20 : 0.0884    recall@50 : 0.1632    ndcg@10 : 0.0421    ndcg@20 : 0.0538    ndcg@50 : 0.0755    
26 Oct 22:26    INFO  Saving current best: saved/DirectAU-Oct-26-2023_21-30-32.pth
26 Oct 22:26    INFO  epoch 35 training [time: 33.01s, train loss: -6.2685]
26 Oct 22:28    INFO  epoch 35 evaluating [time: 65.02s, valid_score: 0.054200]
26 Oct 22:28    INFO  valid result: 
recall@10 : 0.0546    recall@20 : 0.0892    recall@50 : 0.1634    ndcg@10 : 0.0424    ndcg@20 : 0.0542    ndcg@50 : 0.0757    
26 Oct 22:28    INFO  Saving current best: saved/DirectAU-Oct-26-2023_21-30-32.pth
26 Oct 22:28    INFO  epoch 36 training [time: 27.71s, train loss: -6.2693]
26 Oct 22:29    INFO  epoch 36 evaluating [time: 59.68s, valid_score: 0.054400]
26 Oct 22:29    INFO  valid result: 
recall@10 : 0.0547    recall@20 : 0.0897    recall@50 : 0.1636    ndcg@10 : 0.0425    ndcg@20 : 0.0544    ndcg@50 : 0.0759    
26 Oct 22:29    INFO  Saving current best: saved/DirectAU-Oct-26-2023_21-30-32.pth
26 Oct 22:29    INFO  epoch 37 training [time: 23.84s, train loss: -6.2697]
26 Oct 22:30    INFO  epoch 37 evaluating [time: 15.75s, valid_score: 0.054600]
26 Oct 22:30    INFO  valid result: 
recall@10 : 0.0551    recall@20 : 0.0896    recall@50 : 0.1632    ndcg@10 : 0.0429    ndcg@20 : 0.0546    ndcg@50 : 0.076    
26 Oct 22:30    INFO  Saving current best: saved/DirectAU-Oct-26-2023_21-30-32.pth
26 Oct 22:30    INFO  epoch 38 training [time: 23.90s, train loss: -6.2706]
26 Oct 22:30    INFO  epoch 38 evaluating [time: 15.84s, valid_score: 0.054900]
26 Oct 22:30    INFO  valid result: 
recall@10 : 0.0556    recall@20 : 0.09    recall@50 : 0.1635    ndcg@10 : 0.0432    ndcg@20 : 0.0549    ndcg@50 : 0.0763    
26 Oct 22:30    INFO  Saving current best: saved/DirectAU-Oct-26-2023_21-30-32.pth
26 Oct 22:31    INFO  epoch 39 training [time: 23.81s, train loss: -6.2706]
26 Oct 22:31    INFO  epoch 39 evaluating [time: 15.61s, valid_score: 0.055200]
26 Oct 22:31    INFO  valid result: 
recall@10 : 0.0556    recall@20 : 0.0907    recall@50 : 0.1649    ndcg@10 : 0.0433    ndcg@20 : 0.0552    ndcg@50 : 0.0768    
26 Oct 22:31    INFO  Saving current best: saved/DirectAU-Oct-26-2023_21-30-32.pth
26 Oct 22:31    INFO  epoch 40 training [time: 23.88s, train loss: -6.2707]
26 Oct 22:32    INFO  epoch 40 evaluating [time: 15.35s, valid_score: 0.055300]
26 Oct 22:32    INFO  valid result: 
recall@10 : 0.0551    recall@20 : 0.0907    recall@50 : 0.1651    ndcg@10 : 0.0432    ndcg@20 : 0.0553    ndcg@50 : 0.0769    
26 Oct 22:32    INFO  Saving current best: saved/DirectAU-Oct-26-2023_21-30-32.pth
26 Oct 22:32    INFO  epoch 41 training [time: 23.84s, train loss: -6.2713]
26 Oct 22:32    INFO  epoch 41 evaluating [time: 15.59s, valid_score: 0.055400]
26 Oct 22:32    INFO  valid result: 
recall@10 : 0.0557    recall@20 : 0.0908    recall@50 : 0.1658    ndcg@10 : 0.0435    ndcg@20 : 0.0554    ndcg@50 : 0.0772    
26 Oct 22:32    INFO  Saving current best: saved/DirectAU-Oct-26-2023_21-30-32.pth
26 Oct 22:33    INFO  epoch 42 training [time: 23.85s, train loss: -6.2714]
26 Oct 22:33    INFO  epoch 42 evaluating [time: 15.75s, valid_score: 0.055500]
26 Oct 22:33    INFO  valid result: 
recall@10 : 0.0555    recall@20 : 0.0908    recall@50 : 0.1661    ndcg@10 : 0.0435    ndcg@20 : 0.0555    ndcg@50 : 0.0774    
26 Oct 22:33    INFO  Saving current best: saved/DirectAU-Oct-26-2023_21-30-32.pth
26 Oct 22:33    INFO  epoch 43 training [time: 23.90s, train loss: -6.2718]
26 Oct 22:34    INFO  epoch 43 evaluating [time: 15.42s, valid_score: 0.056000]
26 Oct 22:34    INFO  valid result: 
recall@10 : 0.0558    recall@20 : 0.092    recall@50 : 0.1661    ndcg@10 : 0.0437    ndcg@20 : 0.056    ndcg@50 : 0.0776    
26 Oct 22:34    INFO  Saving current best: saved/DirectAU-Oct-26-2023_21-30-32.pth
26 Oct 22:34    INFO  epoch 44 training [time: 23.86s, train loss: -6.2722]
26 Oct 22:34    INFO  epoch 44 evaluating [time: 15.62s, valid_score: 0.056200]
26 Oct 22:34    INFO  valid result: 
recall@10 : 0.0561    recall@20 : 0.0918    recall@50 : 0.1665    ndcg@10 : 0.044    ndcg@20 : 0.0562    ndcg@50 : 0.0778    
26 Oct 22:34    INFO  Saving current best: saved/DirectAU-Oct-26-2023_21-30-32.pth
26 Oct 22:35    INFO  epoch 45 training [time: 23.90s, train loss: -6.2723]
26 Oct 22:35    INFO  epoch 45 evaluating [time: 15.29s, valid_score: 0.056000]
26 Oct 22:35    INFO  valid result: 
recall@10 : 0.0558    recall@20 : 0.0915    recall@50 : 0.1664    ndcg@10 : 0.0439    ndcg@20 : 0.056    ndcg@50 : 0.0778    
26 Oct 22:35    INFO  epoch 46 training [time: 23.87s, train loss: -6.2724]
26 Oct 22:36    INFO  epoch 46 evaluating [time: 15.80s, valid_score: 0.056300]
26 Oct 22:36    INFO  valid result: 
recall@10 : 0.0562    recall@20 : 0.0922    recall@50 : 0.1666    ndcg@10 : 0.044    ndcg@20 : 0.0563    ndcg@50 : 0.0779    
26 Oct 22:36    INFO  Saving current best: saved/DirectAU-Oct-26-2023_21-30-32.pth
26 Oct 22:36    INFO  epoch 47 training [time: 23.90s, train loss: -6.2726]
26 Oct 22:36    INFO  epoch 47 evaluating [time: 15.44s, valid_score: 0.056500]
26 Oct 22:36    INFO  valid result: 
recall@10 : 0.0567    recall@20 : 0.0929    recall@50 : 0.1672    ndcg@10 : 0.0442    ndcg@20 : 0.0565    ndcg@50 : 0.0781    
26 Oct 22:36    INFO  Saving current best: saved/DirectAU-Oct-26-2023_21-30-32.pth
26 Oct 22:37    INFO  epoch 48 training [time: 24.00s, train loss: -6.2731]
26 Oct 22:37    INFO  epoch 48 evaluating [time: 15.70s, valid_score: 0.056500]
26 Oct 22:37    INFO  valid result: 
recall@10 : 0.0569    recall@20 : 0.0929    recall@50 : 0.1678    ndcg@10 : 0.0443    ndcg@20 : 0.0565    ndcg@50 : 0.0783    
26 Oct 22:37    INFO  epoch 49 training [time: 23.87s, train loss: -6.2730]
26 Oct 22:38    INFO  epoch 49 evaluating [time: 15.28s, valid_score: 0.056500]
26 Oct 22:38    INFO  valid result: 
recall@10 : 0.0566    recall@20 : 0.0927    recall@50 : 0.1674    ndcg@10 : 0.0442    ndcg@20 : 0.0565    ndcg@50 : 0.0783    
26 Oct 22:38    INFO  epoch 50 training [time: 23.85s, train loss: -6.2731]
26 Oct 22:38    INFO  epoch 50 evaluating [time: 15.76s, valid_score: 0.056600]
26 Oct 22:38    INFO  valid result: 
recall@10 : 0.0564    recall@20 : 0.0927    recall@50 : 0.1683    ndcg@10 : 0.0442    ndcg@20 : 0.0566    ndcg@50 : 0.0785    
26 Oct 22:38    INFO  Saving current best: saved/DirectAU-Oct-26-2023_21-30-32.pth
26 Oct 22:39    INFO  epoch 51 training [time: 23.92s, train loss: -6.2729]
26 Oct 22:39    INFO  epoch 51 evaluating [time: 15.36s, valid_score: 0.056900]
26 Oct 22:39    INFO  valid result: 
recall@10 : 0.0572    recall@20 : 0.0928    recall@50 : 0.168    ndcg@10 : 0.0448    ndcg@20 : 0.0569    ndcg@50 : 0.0787    
26 Oct 22:39    INFO  Saving current best: saved/DirectAU-Oct-26-2023_21-30-32.pth
26 Oct 22:39    INFO  epoch 52 training [time: 23.91s, train loss: -6.2732]
26 Oct 22:40    INFO  epoch 52 evaluating [time: 15.60s, valid_score: 0.056900]
26 Oct 22:40    INFO  valid result: 
recall@10 : 0.057    recall@20 : 0.093    recall@50 : 0.1687    ndcg@10 : 0.0446    ndcg@20 : 0.0569    ndcg@50 : 0.0789    
26 Oct 22:40    INFO  epoch 53 training [time: 23.84s, train loss: -6.2735]
26 Oct 22:40    INFO  epoch 53 evaluating [time: 15.25s, valid_score: 0.056800]
26 Oct 22:40    INFO  valid result: 
recall@10 : 0.057    recall@20 : 0.0932    recall@50 : 0.1687    ndcg@10 : 0.0445    ndcg@20 : 0.0568    ndcg@50 : 0.0787    
26 Oct 22:41    INFO  epoch 54 training [time: 23.82s, train loss: -6.2735]
26 Oct 22:41    INFO  epoch 54 evaluating [time: 15.76s, valid_score: 0.057000]
26 Oct 22:41    INFO  valid result: 
recall@10 : 0.0574    recall@20 : 0.0935    recall@50 : 0.1686    ndcg@10 : 0.0448    ndcg@20 : 0.057    ndcg@50 : 0.0788    
26 Oct 22:41    INFO  Saving current best: saved/DirectAU-Oct-26-2023_21-30-32.pth
26 Oct 22:41    INFO  epoch 55 training [time: 23.91s, train loss: -6.2735]
26 Oct 22:42    INFO  epoch 55 evaluating [time: 15.62s, valid_score: 0.056800]
26 Oct 22:42    INFO  valid result: 
recall@10 : 0.0576    recall@20 : 0.0929    recall@50 : 0.1692    ndcg@10 : 0.0448    ndcg@20 : 0.0568    ndcg@50 : 0.079    
26 Oct 22:42    INFO  epoch 56 training [time: 23.90s, train loss: -6.2741]
26 Oct 22:42    INFO  epoch 56 evaluating [time: 14.91s, valid_score: 0.057400]
26 Oct 22:42    INFO  valid result: 
recall@10 : 0.0575    recall@20 : 0.094    recall@50 : 0.1692    ndcg@10 : 0.045    ndcg@20 : 0.0574    ndcg@50 : 0.0792    
26 Oct 22:42    INFO  Saving current best: saved/DirectAU-Oct-26-2023_21-30-32.pth
26 Oct 22:43    INFO  epoch 57 training [time: 23.93s, train loss: -6.2738]
26 Oct 22:43    INFO  epoch 57 evaluating [time: 15.26s, valid_score: 0.057200]
26 Oct 22:43    INFO  valid result: 
recall@10 : 0.0575    recall@20 : 0.0938    recall@50 : 0.1691    ndcg@10 : 0.0449    ndcg@20 : 0.0572    ndcg@50 : 0.0792    
26 Oct 22:43    INFO  epoch 58 training [time: 23.92s, train loss: -6.2741]
26 Oct 22:43    INFO  epoch 58 evaluating [time: 15.19s, valid_score: 0.057300]
26 Oct 22:43    INFO  valid result: 
recall@10 : 0.057    recall@20 : 0.0939    recall@50 : 0.1697    ndcg@10 : 0.0448    ndcg@20 : 0.0573    ndcg@50 : 0.0794    
26 Oct 22:44    INFO  epoch 59 training [time: 23.92s, train loss: -6.2741]
26 Oct 22:44    INFO  epoch 59 evaluating [time: 15.84s, valid_score: 0.057600]
26 Oct 22:44    INFO  valid result: 
recall@10 : 0.0575    recall@20 : 0.0941    recall@50 : 0.1701    ndcg@10 : 0.0452    ndcg@20 : 0.0576    ndcg@50 : 0.0797    
26 Oct 22:44    INFO  Saving current best: saved/DirectAU-Oct-26-2023_21-30-32.pth
26 Oct 22:45    INFO  epoch 60 training [time: 23.94s, train loss: -6.2739]
26 Oct 22:45    INFO  epoch 60 evaluating [time: 15.14s, valid_score: 0.057500]
26 Oct 22:45    INFO  valid result: 
recall@10 : 0.0573    recall@20 : 0.0942    recall@50 : 0.1705    ndcg@10 : 0.045    ndcg@20 : 0.0575    ndcg@50 : 0.0797    
26 Oct 22:45    INFO  epoch 61 training [time: 23.89s, train loss: -6.2742]
26 Oct 22:45    INFO  epoch 61 evaluating [time: 15.55s, valid_score: 0.057600]
26 Oct 22:45    INFO  valid result: 
recall@10 : 0.0579    recall@20 : 0.0937    recall@50 : 0.1705    ndcg@10 : 0.0454    ndcg@20 : 0.0576    ndcg@50 : 0.0799    
26 Oct 22:46    INFO  epoch 62 training [time: 23.83s, train loss: -6.2740]
26 Oct 22:46    INFO  epoch 62 evaluating [time: 15.14s, valid_score: 0.057900]
26 Oct 22:46    INFO  valid result: 
recall@10 : 0.0585    recall@20 : 0.0946    recall@50 : 0.1704    ndcg@10 : 0.0457    ndcg@20 : 0.0579    ndcg@50 : 0.08    
26 Oct 22:46    INFO  Saving current best: saved/DirectAU-Oct-26-2023_21-30-32.pth
26 Oct 22:46    INFO  epoch 63 training [time: 23.83s, train loss: -6.2739]
26 Oct 22:47    INFO  epoch 63 evaluating [time: 15.25s, valid_score: 0.057700]
26 Oct 22:47    INFO  valid result: 
recall@10 : 0.0583    recall@20 : 0.0941    recall@50 : 0.1704    ndcg@10 : 0.0456    ndcg@20 : 0.0577    ndcg@50 : 0.0799    
26 Oct 22:47    INFO  epoch 64 training [time: 23.87s, train loss: -6.2743]
26 Oct 22:47    INFO  epoch 64 evaluating [time: 15.14s, valid_score: 0.057900]
26 Oct 22:47    INFO  valid result: 
recall@10 : 0.0581    recall@20 : 0.0943    recall@50 : 0.1705    ndcg@10 : 0.0456    ndcg@20 : 0.0579    ndcg@50 : 0.08    
26 Oct 22:48    INFO  epoch 65 training [time: 23.86s, train loss: -6.2743]
26 Oct 22:48    INFO  epoch 65 evaluating [time: 15.74s, valid_score: 0.058100]
26 Oct 22:48    INFO  valid result: 
recall@10 : 0.0579    recall@20 : 0.095    recall@50 : 0.1706    ndcg@10 : 0.0456    ndcg@20 : 0.0581    ndcg@50 : 0.0801    
26 Oct 22:48    INFO  Saving current best: saved/DirectAU-Oct-26-2023_21-30-32.pth
26 Oct 22:48    INFO  epoch 66 training [time: 23.88s, train loss: -6.2742]
26 Oct 22:49    INFO  epoch 66 evaluating [time: 15.25s, valid_score: 0.058200]
26 Oct 22:49    INFO  valid result: 
recall@10 : 0.0581    recall@20 : 0.0948    recall@50 : 0.1701    ndcg@10 : 0.0457    ndcg@20 : 0.0582    ndcg@50 : 0.0801    
26 Oct 22:49    INFO  Saving current best: saved/DirectAU-Oct-26-2023_21-30-32.pth
26 Oct 22:49    INFO  epoch 67 training [time: 23.88s, train loss: -6.2743]
26 Oct 22:49    INFO  epoch 67 evaluating [time: 15.57s, valid_score: 0.058100]
26 Oct 22:49    INFO  valid result: 
recall@10 : 0.0582    recall@20 : 0.0944    recall@50 : 0.1714    ndcg@10 : 0.0458    ndcg@20 : 0.0581    ndcg@50 : 0.0804    
26 Oct 22:50    INFO  epoch 68 training [time: 23.91s, train loss: -6.2745]
26 Oct 22:50    INFO  epoch 68 evaluating [time: 15.50s, valid_score: 0.057800]
26 Oct 22:50    INFO  valid result: 
recall@10 : 0.0584    recall@20 : 0.094    recall@50 : 0.1718    ndcg@10 : 0.0456    ndcg@20 : 0.0578    ndcg@50 : 0.0803    
26 Oct 22:50    INFO  epoch 69 training [time: 23.83s, train loss: -6.2744]
26 Oct 22:51    INFO  epoch 69 evaluating [time: 15.15s, valid_score: 0.058000]
26 Oct 22:51    INFO  valid result: 
recall@10 : 0.0582    recall@20 : 0.0949    recall@50 : 0.1709    ndcg@10 : 0.0455    ndcg@20 : 0.058    ndcg@50 : 0.08    
26 Oct 22:51    INFO  epoch 70 training [time: 23.88s, train loss: -6.2745]
26 Oct 22:51    INFO  epoch 70 evaluating [time: 15.49s, valid_score: 0.058200]
26 Oct 22:51    INFO  valid result: 
recall@10 : 0.0586    recall@20 : 0.0956    recall@50 : 0.1721    ndcg@10 : 0.0457    ndcg@20 : 0.0582    ndcg@50 : 0.0805    
26 Oct 22:52    INFO  epoch 71 training [time: 23.90s, train loss: -6.2747]
26 Oct 22:52    INFO  epoch 71 evaluating [time: 15.11s, valid_score: 0.058300]
26 Oct 22:52    INFO  valid result: 
recall@10 : 0.0584    recall@20 : 0.0952    recall@50 : 0.1723    ndcg@10 : 0.0458    ndcg@20 : 0.0583    ndcg@50 : 0.0807    
26 Oct 22:52    INFO  Saving current best: saved/DirectAU-Oct-26-2023_21-30-32.pth
26 Oct 22:52    INFO  epoch 72 training [time: 23.88s, train loss: -6.2749]
26 Oct 22:53    INFO  epoch 72 evaluating [time: 15.55s, valid_score: 0.058400]
26 Oct 22:53    INFO  valid result: 
recall@10 : 0.058    recall@20 : 0.0955    recall@50 : 0.1714    ndcg@10 : 0.0457    ndcg@20 : 0.0584    ndcg@50 : 0.0805    
26 Oct 22:53    INFO  Saving current best: saved/DirectAU-Oct-26-2023_21-30-32.pth
26 Oct 22:53    INFO  epoch 73 training [time: 23.93s, train loss: -6.2750]
26 Oct 22:53    INFO  epoch 73 evaluating [time: 15.17s, valid_score: 0.058200]
26 Oct 22:53    INFO  valid result: 
recall@10 : 0.0585    recall@20 : 0.0947    recall@50 : 0.1711    ndcg@10 : 0.0459    ndcg@20 : 0.0582    ndcg@50 : 0.0804    
26 Oct 22:54    INFO  epoch 74 training [time: 23.92s, train loss: -6.2750]
26 Oct 22:54    INFO  epoch 74 evaluating [time: 15.65s, valid_score: 0.058300]
26 Oct 22:54    INFO  valid result: 
recall@10 : 0.0579    recall@20 : 0.0949    recall@50 : 0.1712    ndcg@10 : 0.0457    ndcg@20 : 0.0583    ndcg@50 : 0.0805    
26 Oct 22:54    INFO  epoch 75 training [time: 23.83s, train loss: -6.2748]
26 Oct 22:55    INFO  epoch 75 evaluating [time: 15.19s, valid_score: 0.058800]
26 Oct 22:55    INFO  valid result: 
recall@10 : 0.0581    recall@20 : 0.0957    recall@50 : 0.1715    ndcg@10 : 0.046    ndcg@20 : 0.0588    ndcg@50 : 0.0808    
26 Oct 22:55    INFO  Saving current best: saved/DirectAU-Oct-26-2023_21-30-32.pth
26 Oct 22:55    INFO  epoch 76 training [time: 23.32s, train loss: -6.2749]
26 Oct 22:55    INFO  epoch 76 evaluating [time: 15.34s, valid_score: 0.058500]
26 Oct 22:55    INFO  valid result: 
recall@10 : 0.0589    recall@20 : 0.0954    recall@50 : 0.1714    ndcg@10 : 0.0462    ndcg@20 : 0.0585    ndcg@50 : 0.0807    
26 Oct 22:56    INFO  epoch 77 training [time: 23.70s, train loss: -6.2749]
26 Oct 22:56    INFO  epoch 77 evaluating [time: 15.00s, valid_score: 0.058600]
26 Oct 22:56    INFO  valid result: 
recall@10 : 0.0587    recall@20 : 0.0958    recall@50 : 0.1713    ndcg@10 : 0.046    ndcg@20 : 0.0586    ndcg@50 : 0.0805    
26 Oct 22:56    INFO  epoch 78 training [time: 23.77s, train loss: -6.2750]
26 Oct 22:57    INFO  epoch 78 evaluating [time: 15.43s, valid_score: 0.058600]
26 Oct 22:57    INFO  valid result: 
recall@10 : 0.0585    recall@20 : 0.0959    recall@50 : 0.171    ndcg@10 : 0.046    ndcg@20 : 0.0586    ndcg@50 : 0.0805    
26 Oct 22:57    INFO  epoch 79 training [time: 23.90s, train loss: -6.2752]
26 Oct 22:57    INFO  epoch 79 evaluating [time: 15.05s, valid_score: 0.058300]
26 Oct 22:57    INFO  valid result: 
recall@10 : 0.059    recall@20 : 0.0952    recall@50 : 0.172    ndcg@10 : 0.046    ndcg@20 : 0.0583    ndcg@50 : 0.0806    
26 Oct 22:58    INFO  epoch 80 training [time: 23.89s, train loss: -6.2749]
26 Oct 22:58    INFO  epoch 80 evaluating [time: 15.43s, valid_score: 0.058300]
26 Oct 22:58    INFO  valid result: 
recall@10 : 0.0586    recall@20 : 0.095    recall@50 : 0.1721    ndcg@10 : 0.046    ndcg@20 : 0.0583    ndcg@50 : 0.0807    
26 Oct 22:58    INFO  epoch 81 training [time: 23.88s, train loss: -6.2749]
26 Oct 22:59    INFO  epoch 81 evaluating [time: 15.37s, valid_score: 0.058600]
26 Oct 22:59    INFO  valid result: 
recall@10 : 0.0585    recall@20 : 0.0951    recall@50 : 0.1717    ndcg@10 : 0.0462    ndcg@20 : 0.0586    ndcg@50 : 0.0809    
26 Oct 22:59    INFO  epoch 82 training [time: 23.92s, train loss: -6.2750]
26 Oct 22:59    INFO  epoch 82 evaluating [time: 15.04s, valid_score: 0.058500]
26 Oct 22:59    INFO  valid result: 
recall@10 : 0.0586    recall@20 : 0.095    recall@50 : 0.1722    ndcg@10 : 0.0462    ndcg@20 : 0.0585    ndcg@50 : 0.081    
26 Oct 23:00    INFO  epoch 83 training [time: 23.76s, train loss: -6.2752]
26 Oct 23:00    INFO  epoch 83 evaluating [time: 15.44s, valid_score: 0.058600]
26 Oct 23:00    INFO  valid result: 
recall@10 : 0.0587    recall@20 : 0.0956    recall@50 : 0.1721    ndcg@10 : 0.0461    ndcg@20 : 0.0586    ndcg@50 : 0.0808    
26 Oct 23:00    INFO  epoch 84 training [time: 23.88s, train loss: -6.2753]
26 Oct 23:00    INFO  epoch 84 evaluating [time: 15.07s, valid_score: 0.058500]
26 Oct 23:00    INFO  valid result: 
recall@10 : 0.0585    recall@20 : 0.0953    recall@50 : 0.173    ndcg@10 : 0.046    ndcg@20 : 0.0585    ndcg@50 : 0.081    
26 Oct 23:01    INFO  epoch 85 training [time: 23.89s, train loss: -6.2754]
26 Oct 23:01    INFO  epoch 85 evaluating [time: 15.49s, valid_score: 0.058700]
26 Oct 23:01    INFO  valid result: 
recall@10 : 0.0584    recall@20 : 0.0955    recall@50 : 0.1722    ndcg@10 : 0.046    ndcg@20 : 0.0587    ndcg@50 : 0.0809    
26 Oct 23:02    INFO  epoch 86 training [time: 23.85s, train loss: -6.2755]
26 Oct 23:02    INFO  epoch 86 evaluating [time: 15.08s, valid_score: 0.058600]
26 Oct 23:02    INFO  valid result: 
recall@10 : 0.0586    recall@20 : 0.0952    recall@50 : 0.1722    ndcg@10 : 0.0461    ndcg@20 : 0.0586    ndcg@50 : 0.0809    
26 Oct 23:02    INFO  Finished training, best eval result in epoch 75
26 Oct 23:02    INFO  Loading model structure and parameters from saved/DirectAU-Oct-26-2023_21-30-32.pth
26 Oct 23:02    INFO  best valid : {'recall@10': 0.0581, 'recall@20': 0.0957, 'recall@50': 0.1715, 'ndcg@10': 0.046, 'ndcg@20': 0.0588, 'ndcg@50': 0.0808}
26 Oct 23:02    INFO  test result: {'recall@10': 0.0607, 'recall@20': 0.0974, 'recall@50': 0.1741, 'ndcg@10': 0.0479, 'ndcg@20': 0.0603, 'ndcg@50': 0.0824}
