command line args [--zc 1] will not be used in RecBole
25 Oct 08:15    INFO  
General Hyper Parameters:
gpu_id = 9
use_gpu = True
seed = 0
state = INFO
reproducibility = True
data_path = dataset/Beauty
show_progress = False

Training Hyper Parameters:
checkpoint_dir = saved
epochs = 500
train_batch_size = 256
learner = adam
learning_rate = 0.001
training_neg_sample_num = 0
training_neg_sample_distribution = uniform
eval_step = 1
stopping_step = 10
clip_grad_norm = None
weight_decay = 1e-06
draw_loss_pic = False
loss_decimal_place = 4

Evaluation Hyper Parameters:
eval_setting = RO_RS,full
group_by_user = True
split_ratio = [0.8, 0.1, 0.1]
leave_one_num = 2
real_time_process = False
metrics = ['Recall', 'NDCG']
topk = [10, 20, 50]
valid_metric = NDCG@20
eval_batch_size = 4096
metric_decimal_place = 4

Dataset Hyper Parameters:
field_separator = 	
seq_separator =  
USER_ID_FIELD = user_id
ITEM_ID_FIELD = item_id
RATING_FIELD = rating
TIME_FIELD = timestamp
seq_len = None
LABEL_FIELD = label
threshold = None
NEG_PREFIX = neg_
load_col = {'inter': ['user_id', 'item_id', 'timestamp']}
unload_col = None
unused_col = None
additional_feat_suffix = None
lowest_val = None
highest_val = None
equal_val = None
not_equal_val = None
max_user_inter_num = None
min_user_inter_num = 5
max_item_inter_num = None
min_item_inter_num = 5
fields_in_same_space = None
preload_weight = None
normalize_field = None
normalize_all = None
ITEM_LIST_LENGTH_FIELD = item_length
LIST_SUFFIX = _list
MAX_ITEM_LIST_LENGTH = 50
POSITION_FIELD = position_id
HEAD_ENTITY_ID_FIELD = head_id
TAIL_ENTITY_ID_FIELD = tail_id
RELATION_ID_FIELD = relation_id
ENTITY_ID_FIELD = entity_id

Other Hyper Parameters: 
valid_metric_bigger = True
BT = 0.1
bt = 0.001
embedding_size = 64
encoder = MF
gamma = 0.5
times = 1
witem = 0.1
wuser = 0.8
zc = 1.0
rm_dup_inter = None
filter_inter_by_user_or_item = True
SOURCE_ID_FIELD = source_id
TARGET_ID_FIELD = target_id
benchmark_filename = None
MODEL_TYPE = ModelType.GENERAL
MODEL_INPUT_TYPE = InputType.POINTWISE
eval_type = EvaluatorType.RANKING
device = cuda
train_neg_sample_args = {'strategy': 'none'}


25 Oct 08:15    INFO  Beauty
The number of users: 22364
Average actions of users: 8.876358270357287
The number of items: 12102
Average actions of items: 16.403768283612923
The number of inters: 198502
The sparsity of the dataset: 99.92665707018277%
Remain Fields: ['user_id', 'item_id', 'timestamp']
25 Oct 08:15    INFO  Build [GeneralDataLoader] for [train] with format [InputType.POINTWISE]
25 Oct 08:15    INFO  [train] No Negative Sampling
25 Oct 08:15    INFO  [train] batch_size = [256], shuffle = [True]

25 Oct 08:15    INFO  Build [GeneralFullDataLoader] for [evaluation] with format [InputType.POINTWISE]
25 Oct 08:15    INFO  Evaluation Setting:
	Group by user_id
	Ordering: {'strategy': 'shuffle'}
	Splitting: {'strategy': 'by_ratio', 'ratios': [0.8, 0.1, 0.1]}
	Negative Sampling: {'strategy': 'full', 'distribution': 'uniform'}
25 Oct 08:15    INFO  [evaluation] batch_size = [4096], shuffle = [False]

25 Oct 08:15    WARNING  Batch size is changed to 12102.
25 Oct 08:15    WARNING  Batch size is changed to 12102.
{'BT': 0.1, 'bt': 0.001, 'embedding_size': 64, 'encoder': 'MF', 'gamma': None, 'times': 1, 'training_neg_sample_num': 0, 'witem': 0.1, 'wuser': 0.8, 'zc': 1.0}
this is encoder MF...
这是directau 的 WUBT 版本...
25 Oct 08:15    INFO  DirectAU(
  (encoder): MFEncoder(
    (user_embedding): Embedding(22364, 64)
    (item_embedding): Embedding(12102, 64)
  )
  (bn): BatchNorm1d(64, eps=1e-05, momentum=0.1, affine=False, track_running_stats=True)
  (projector): Sequential(
    (0): Linear(in_features=64, out_features=64, bias=False)
    (1): BatchNorm1d(64, eps=1e-05, momentum=0.1, affine=True, track_running_stats=True)
    (2): ReLU(inplace=True)
    (3): Linear(in_features=64, out_features=64, bias=False)
    (4): BatchNorm1d(64, eps=1e-05, momentum=0.1, affine=True, track_running_stats=True)
    (5): ReLU(inplace=True)
    (6): Linear(in_features=64, out_features=64, bias=False)
  )
)
Trainable parameters: 2218368
25 Oct 08:15    INFO  epoch 0 training [time: 2.20s, train loss: 0.0373]
25 Oct 08:15    INFO  epoch 0 evaluating [time: 9.36s, valid_score: 0.014200]
25 Oct 08:15    INFO  valid result: 
recall@10 : 0.0191    recall@20 : 0.0312    recall@50 : 0.0502    ndcg@10 : 0.0109    ndcg@20 : 0.0142    ndcg@50 : 0.0183    
25 Oct 08:15    INFO  Saving current best: saved/DirectAU-Oct-25-2023_08-15-18.pth
25 Oct 08:15    INFO  epoch 1 training [time: 2.13s, train loss: -0.4624]
25 Oct 08:15    INFO  epoch 1 evaluating [time: 9.18s, valid_score: 0.019600]
25 Oct 08:15    INFO  valid result: 
recall@10 : 0.0277    recall@20 : 0.0428    recall@50 : 0.0687    ndcg@10 : 0.0156    ndcg@20 : 0.0196    ndcg@50 : 0.0251    
25 Oct 08:15    INFO  Saving current best: saved/DirectAU-Oct-25-2023_08-15-18.pth
25 Oct 08:15    INFO  epoch 2 training [time: 2.14s, train loss: -0.5910]
25 Oct 08:15    INFO  epoch 2 evaluating [time: 9.27s, valid_score: 0.022700]
25 Oct 08:15    INFO  valid result: 
recall@10 : 0.0321    recall@20 : 0.0501    recall@50 : 0.0797    ndcg@10 : 0.0179    ndcg@20 : 0.0227    ndcg@50 : 0.0289    
25 Oct 08:15    INFO  Saving current best: saved/DirectAU-Oct-25-2023_08-15-18.pth
25 Oct 08:15    INFO  epoch 3 training [time: 2.14s, train loss: -0.6541]
25 Oct 08:16    INFO  epoch 3 evaluating [time: 9.19s, valid_score: 0.025500]
25 Oct 08:16    INFO  valid result: 
recall@10 : 0.0363    recall@20 : 0.055    recall@50 : 0.0871    ndcg@10 : 0.0205    ndcg@20 : 0.0255    ndcg@50 : 0.0322    
25 Oct 08:16    INFO  Saving current best: saved/DirectAU-Oct-25-2023_08-15-18.pth
25 Oct 08:16    INFO  epoch 4 training [time: 2.06s, train loss: -0.6954]
25 Oct 08:16    INFO  epoch 4 evaluating [time: 9.11s, valid_score: 0.027300]
25 Oct 08:16    INFO  valid result: 
recall@10 : 0.039    recall@20 : 0.0587    recall@50 : 0.0941    ndcg@10 : 0.022    ndcg@20 : 0.0273    ndcg@50 : 0.0346    
25 Oct 08:16    INFO  Saving current best: saved/DirectAU-Oct-25-2023_08-15-18.pth
25 Oct 08:16    INFO  epoch 5 training [time: 2.09s, train loss: -0.7261]
25 Oct 08:16    INFO  epoch 5 evaluating [time: 9.26s, valid_score: 0.028800]
25 Oct 08:16    INFO  valid result: 
recall@10 : 0.0409    recall@20 : 0.062    recall@50 : 0.0971    ndcg@10 : 0.0232    ndcg@20 : 0.0288    ndcg@50 : 0.0361    
25 Oct 08:16    INFO  Saving current best: saved/DirectAU-Oct-25-2023_08-15-18.pth
25 Oct 08:16    INFO  epoch 6 training [time: 2.14s, train loss: -0.7506]
25 Oct 08:16    INFO  epoch 6 evaluating [time: 9.07s, valid_score: 0.030300]
25 Oct 08:16    INFO  valid result: 
recall@10 : 0.0428    recall@20 : 0.065    recall@50 : 0.1022    ndcg@10 : 0.0244    ndcg@20 : 0.0303    ndcg@50 : 0.0381    
25 Oct 08:16    INFO  Saving current best: saved/DirectAU-Oct-25-2023_08-15-18.pth
25 Oct 08:16    INFO  epoch 7 training [time: 1.94s, train loss: -0.7708]
25 Oct 08:16    INFO  epoch 7 evaluating [time: 9.35s, valid_score: 0.031600]
25 Oct 08:16    INFO  valid result: 
recall@10 : 0.0453    recall@20 : 0.0681    recall@50 : 0.1067    ndcg@10 : 0.0256    ndcg@20 : 0.0316    ndcg@50 : 0.0397    
25 Oct 08:16    INFO  Saving current best: saved/DirectAU-Oct-25-2023_08-15-18.pth
25 Oct 08:16    INFO  epoch 8 training [time: 2.14s, train loss: -0.7894]
25 Oct 08:17    INFO  epoch 8 evaluating [time: 9.31s, valid_score: 0.032800]
25 Oct 08:17    INFO  valid result: 
recall@10 : 0.0469    recall@20 : 0.0709    recall@50 : 0.1111    ndcg@10 : 0.0264    ndcg@20 : 0.0328    ndcg@50 : 0.0412    
25 Oct 08:17    INFO  Saving current best: saved/DirectAU-Oct-25-2023_08-15-18.pth
25 Oct 08:17    INFO  epoch 9 training [time: 2.15s, train loss: -0.8055]
25 Oct 08:17    INFO  epoch 9 evaluating [time: 9.41s, valid_score: 0.033900]
25 Oct 08:17    INFO  valid result: 
recall@10 : 0.049    recall@20 : 0.0733    recall@50 : 0.1139    ndcg@10 : 0.0275    ndcg@20 : 0.0339    ndcg@50 : 0.0424    
25 Oct 08:17    INFO  Saving current best: saved/DirectAU-Oct-25-2023_08-15-18.pth
25 Oct 08:17    INFO  epoch 10 training [time: 2.16s, train loss: -0.8200]
25 Oct 08:17    INFO  epoch 10 evaluating [time: 9.24s, valid_score: 0.035100]
25 Oct 08:17    INFO  valid result: 
recall@10 : 0.0509    recall@20 : 0.0754    recall@50 : 0.1174    ndcg@10 : 0.0286    ndcg@20 : 0.0351    ndcg@50 : 0.0439    
25 Oct 08:17    INFO  Saving current best: saved/DirectAU-Oct-25-2023_08-15-18.pth
25 Oct 08:17    INFO  epoch 11 training [time: 2.15s, train loss: -0.8340]
25 Oct 08:17    INFO  epoch 11 evaluating [time: 9.30s, valid_score: 0.036100]
25 Oct 08:17    INFO  valid result: 
recall@10 : 0.0523    recall@20 : 0.0787    recall@50 : 0.1218    ndcg@10 : 0.0291    ndcg@20 : 0.0361    ndcg@50 : 0.045    
25 Oct 08:17    INFO  Saving current best: saved/DirectAU-Oct-25-2023_08-15-18.pth
25 Oct 08:17    INFO  epoch 12 training [time: 2.11s, train loss: -0.8462]
25 Oct 08:17    INFO  epoch 12 evaluating [time: 9.27s, valid_score: 0.036600]
25 Oct 08:17    INFO  valid result: 
recall@10 : 0.0531    recall@20 : 0.0799    recall@50 : 0.1236    ndcg@10 : 0.0295    ndcg@20 : 0.0366    ndcg@50 : 0.0457    
25 Oct 08:17    INFO  Saving current best: saved/DirectAU-Oct-25-2023_08-15-18.pth
25 Oct 08:17    INFO  epoch 13 training [time: 2.09s, train loss: -0.8585]
25 Oct 08:17    INFO  epoch 13 evaluating [time: 9.00s, valid_score: 0.038100]
25 Oct 08:17    INFO  valid result: 
recall@10 : 0.0553    recall@20 : 0.0822    recall@50 : 0.1265    ndcg@10 : 0.031    ndcg@20 : 0.0381    ndcg@50 : 0.0473    
25 Oct 08:17    INFO  Saving current best: saved/DirectAU-Oct-25-2023_08-15-18.pth
25 Oct 08:18    INFO  epoch 14 training [time: 2.13s, train loss: -0.8691]
25 Oct 08:18    INFO  epoch 14 evaluating [time: 9.28s, valid_score: 0.039000]
25 Oct 08:18    INFO  valid result: 
recall@10 : 0.0571    recall@20 : 0.0844    recall@50 : 0.1288    ndcg@10 : 0.0318    ndcg@20 : 0.039    ndcg@50 : 0.0482    
25 Oct 08:18    INFO  Saving current best: saved/DirectAU-Oct-25-2023_08-15-18.pth
25 Oct 08:18    INFO  epoch 15 training [time: 1.99s, train loss: -0.8799]
25 Oct 08:18    INFO  epoch 15 evaluating [time: 9.42s, valid_score: 0.039600]
25 Oct 08:18    INFO  valid result: 
recall@10 : 0.058    recall@20 : 0.0851    recall@50 : 0.1302    ndcg@10 : 0.0325    ndcg@20 : 0.0396    ndcg@50 : 0.049    
25 Oct 08:18    INFO  Saving current best: saved/DirectAU-Oct-25-2023_08-15-18.pth
25 Oct 08:18    INFO  epoch 16 training [time: 2.15s, train loss: -0.8896]
25 Oct 08:18    INFO  epoch 16 evaluating [time: 9.28s, valid_score: 0.040400]
25 Oct 08:18    INFO  valid result: 
recall@10 : 0.0592    recall@20 : 0.0865    recall@50 : 0.1318    ndcg@10 : 0.0331    ndcg@20 : 0.0404    ndcg@50 : 0.0498    
25 Oct 08:18    INFO  Saving current best: saved/DirectAU-Oct-25-2023_08-15-18.pth
25 Oct 08:18    INFO  epoch 17 training [time: 2.07s, train loss: -0.8997]
25 Oct 08:18    INFO  epoch 17 evaluating [time: 9.06s, valid_score: 0.041500]
25 Oct 08:18    INFO  valid result: 
recall@10 : 0.0601    recall@20 : 0.0884    recall@50 : 0.1336    ndcg@10 : 0.034    ndcg@20 : 0.0415    ndcg@50 : 0.0508    
25 Oct 08:18    INFO  Saving current best: saved/DirectAU-Oct-25-2023_08-15-18.pth
25 Oct 08:18    INFO  epoch 18 training [time: 2.14s, train loss: -0.9089]
25 Oct 08:18    INFO  epoch 18 evaluating [time: 9.18s, valid_score: 0.041700]
25 Oct 08:18    INFO  valid result: 
recall@10 : 0.0616    recall@20 : 0.0892    recall@50 : 0.136    ndcg@10 : 0.0344    ndcg@20 : 0.0417    ndcg@50 : 0.0514    
25 Oct 08:18    INFO  Saving current best: saved/DirectAU-Oct-25-2023_08-15-18.pth
25 Oct 08:18    INFO  epoch 19 training [time: 2.16s, train loss: -0.9177]
25 Oct 08:19    INFO  epoch 19 evaluating [time: 9.42s, valid_score: 0.042400]
25 Oct 08:19    INFO  valid result: 
recall@10 : 0.0631    recall@20 : 0.0906    recall@50 : 0.1386    ndcg@10 : 0.0351    ndcg@20 : 0.0424    ndcg@50 : 0.0523    
25 Oct 08:19    INFO  Saving current best: saved/DirectAU-Oct-25-2023_08-15-18.pth
25 Oct 08:19    INFO  epoch 20 training [time: 1.68s, train loss: -0.9263]
25 Oct 08:19    INFO  epoch 20 evaluating [time: 9.28s, valid_score: 0.043000]
25 Oct 08:19    INFO  valid result: 
recall@10 : 0.0625    recall@20 : 0.091    recall@50 : 0.1391    ndcg@10 : 0.0354    ndcg@20 : 0.043    ndcg@50 : 0.0529    
25 Oct 08:19    INFO  Saving current best: saved/DirectAU-Oct-25-2023_08-15-18.pth
25 Oct 08:19    INFO  epoch 21 training [time: 2.13s, train loss: -0.9337]
25 Oct 08:19    INFO  epoch 21 evaluating [time: 9.13s, valid_score: 0.043800]
25 Oct 08:19    INFO  valid result: 
recall@10 : 0.0639    recall@20 : 0.0931    recall@50 : 0.1419    ndcg@10 : 0.0361    ndcg@20 : 0.0438    ndcg@50 : 0.0539    
25 Oct 08:19    INFO  Saving current best: saved/DirectAU-Oct-25-2023_08-15-18.pth
25 Oct 08:19    INFO  epoch 22 training [time: 2.01s, train loss: -0.9416]
25 Oct 08:19    INFO  epoch 22 evaluating [time: 9.28s, valid_score: 0.044900]
25 Oct 08:19    INFO  valid result: 
recall@10 : 0.0643    recall@20 : 0.0959    recall@50 : 0.1431    ndcg@10 : 0.0366    ndcg@20 : 0.0449    ndcg@50 : 0.0546    
25 Oct 08:19    INFO  Saving current best: saved/DirectAU-Oct-25-2023_08-15-18.pth
25 Oct 08:19    INFO  epoch 23 training [time: 2.10s, train loss: -0.9485]
25 Oct 08:19    INFO  epoch 23 evaluating [time: 9.27s, valid_score: 0.044800]
25 Oct 08:19    INFO  valid result: 
recall@10 : 0.0649    recall@20 : 0.0948    recall@50 : 0.1441    ndcg@10 : 0.037    ndcg@20 : 0.0448    ndcg@50 : 0.0551    
25 Oct 08:19    INFO  epoch 24 training [time: 2.13s, train loss: -0.9559]
25 Oct 08:20    INFO  epoch 24 evaluating [time: 9.31s, valid_score: 0.046000]
25 Oct 08:20    INFO  valid result: 
recall@10 : 0.0668    recall@20 : 0.0975    recall@50 : 0.1468    ndcg@10 : 0.0379    ndcg@20 : 0.046    ndcg@50 : 0.0562    
25 Oct 08:20    INFO  Saving current best: saved/DirectAU-Oct-25-2023_08-15-18.pth
25 Oct 08:20    INFO  epoch 25 training [time: 1.79s, train loss: -0.9629]
25 Oct 08:20    INFO  epoch 25 evaluating [time: 9.31s, valid_score: 0.046500]
25 Oct 08:20    INFO  valid result: 
recall@10 : 0.0669    recall@20 : 0.0988    recall@50 : 0.1477    ndcg@10 : 0.0382    ndcg@20 : 0.0465    ndcg@50 : 0.0566    
25 Oct 08:20    INFO  Saving current best: saved/DirectAU-Oct-25-2023_08-15-18.pth
25 Oct 08:20    INFO  epoch 26 training [time: 2.07s, train loss: -0.9695]
25 Oct 08:20    INFO  epoch 26 evaluating [time: 9.15s, valid_score: 0.047300]
25 Oct 08:20    INFO  valid result: 
recall@10 : 0.0684    recall@20 : 0.0999    recall@50 : 0.1501    ndcg@10 : 0.039    ndcg@20 : 0.0473    ndcg@50 : 0.0576    
25 Oct 08:20    INFO  Saving current best: saved/DirectAU-Oct-25-2023_08-15-18.pth
25 Oct 08:20    INFO  epoch 27 training [time: 2.12s, train loss: -0.9756]
25 Oct 08:20    INFO  epoch 27 evaluating [time: 9.17s, valid_score: 0.047200]
25 Oct 08:20    INFO  valid result: 
recall@10 : 0.0704    recall@20 : 0.1001    recall@50 : 0.1519    ndcg@10 : 0.0393    ndcg@20 : 0.0472    ndcg@50 : 0.0578    
25 Oct 08:20    INFO  epoch 28 training [time: 2.06s, train loss: -0.9814]
25 Oct 08:20    INFO  epoch 28 evaluating [time: 9.27s, valid_score: 0.048100]
25 Oct 08:20    INFO  valid result: 
recall@10 : 0.0709    recall@20 : 0.1022    recall@50 : 0.1531    ndcg@10 : 0.0399    ndcg@20 : 0.0481    ndcg@50 : 0.0586    
25 Oct 08:20    INFO  Saving current best: saved/DirectAU-Oct-25-2023_08-15-18.pth
25 Oct 08:20    INFO  epoch 29 training [time: 2.05s, train loss: -0.9872]
25 Oct 08:20    INFO  epoch 29 evaluating [time: 9.13s, valid_score: 0.048700]
25 Oct 08:20    INFO  valid result: 
recall@10 : 0.0715    recall@20 : 0.1036    recall@50 : 0.1542    ndcg@10 : 0.0403    ndcg@20 : 0.0487    ndcg@50 : 0.0592    
25 Oct 08:20    INFO  Saving current best: saved/DirectAU-Oct-25-2023_08-15-18.pth
25 Oct 08:21    INFO  epoch 30 training [time: 2.11s, train loss: -0.9927]
25 Oct 08:21    INFO  epoch 30 evaluating [time: 9.43s, valid_score: 0.049400]
25 Oct 08:21    INFO  valid result: 
recall@10 : 0.0722    recall@20 : 0.1048    recall@50 : 0.1558    ndcg@10 : 0.0409    ndcg@20 : 0.0494    ndcg@50 : 0.0599    
25 Oct 08:21    INFO  Saving current best: saved/DirectAU-Oct-25-2023_08-15-18.pth
25 Oct 08:21    INFO  epoch 31 training [time: 2.09s, train loss: -0.9976]
25 Oct 08:21    INFO  epoch 31 evaluating [time: 9.23s, valid_score: 0.049700]
25 Oct 08:21    INFO  valid result: 
recall@10 : 0.0719    recall@20 : 0.1054    recall@50 : 0.1583    ndcg@10 : 0.041    ndcg@20 : 0.0497    ndcg@50 : 0.0606    
25 Oct 08:21    INFO  Saving current best: saved/DirectAU-Oct-25-2023_08-15-18.pth
25 Oct 08:21    INFO  epoch 32 training [time: 2.06s, train loss: -1.0034]
25 Oct 08:21    INFO  epoch 32 evaluating [time: 9.32s, valid_score: 0.050700]
25 Oct 08:21    INFO  valid result: 
recall@10 : 0.0739    recall@20 : 0.1068    recall@50 : 0.1587    ndcg@10 : 0.0421    ndcg@20 : 0.0507    ndcg@50 : 0.0614    
25 Oct 08:21    INFO  Saving current best: saved/DirectAU-Oct-25-2023_08-15-18.pth
25 Oct 08:21    INFO  epoch 33 training [time: 2.12s, train loss: -1.0080]
25 Oct 08:21    INFO  epoch 33 evaluating [time: 9.18s, valid_score: 0.051100]
25 Oct 08:21    INFO  valid result: 
recall@10 : 0.0743    recall@20 : 0.1078    recall@50 : 0.1603    ndcg@10 : 0.0424    ndcg@20 : 0.0511    ndcg@50 : 0.0619    
25 Oct 08:21    INFO  Saving current best: saved/DirectAU-Oct-25-2023_08-15-18.pth
25 Oct 08:21    INFO  epoch 34 training [time: 2.20s, train loss: -1.0124]
25 Oct 08:21    INFO  epoch 34 evaluating [time: 9.60s, valid_score: 0.051500]
25 Oct 08:21    INFO  valid result: 
recall@10 : 0.0751    recall@20 : 0.1093    recall@50 : 0.1622    ndcg@10 : 0.0427    ndcg@20 : 0.0515    ndcg@50 : 0.0624    
25 Oct 08:21    INFO  Saving current best: saved/DirectAU-Oct-25-2023_08-15-18.pth
25 Oct 08:21    INFO  epoch 35 training [time: 2.16s, train loss: -1.0167]
25 Oct 08:22    INFO  epoch 35 evaluating [time: 9.28s, valid_score: 0.051900]
25 Oct 08:22    INFO  valid result: 
recall@10 : 0.0757    recall@20 : 0.1096    recall@50 : 0.1636    ndcg@10 : 0.0431    ndcg@20 : 0.0519    ndcg@50 : 0.063    
25 Oct 08:22    INFO  Saving current best: saved/DirectAU-Oct-25-2023_08-15-18.pth
25 Oct 08:22    INFO  epoch 36 training [time: 2.15s, train loss: -1.0211]
25 Oct 08:22    INFO  epoch 36 evaluating [time: 9.25s, valid_score: 0.052300]
25 Oct 08:22    INFO  valid result: 
recall@10 : 0.0763    recall@20 : 0.11    recall@50 : 0.1636    ndcg@10 : 0.0434    ndcg@20 : 0.0523    ndcg@50 : 0.0633    
25 Oct 08:22    INFO  Saving current best: saved/DirectAU-Oct-25-2023_08-15-18.pth
25 Oct 08:22    INFO  epoch 37 training [time: 2.15s, train loss: -1.0253]
25 Oct 08:22    INFO  epoch 37 evaluating [time: 9.14s, valid_score: 0.052500]
25 Oct 08:22    INFO  valid result: 
recall@10 : 0.0783    recall@20 : 0.1106    recall@50 : 0.1646    ndcg@10 : 0.044    ndcg@20 : 0.0525    ndcg@50 : 0.0636    
25 Oct 08:22    INFO  Saving current best: saved/DirectAU-Oct-25-2023_08-15-18.pth
25 Oct 08:22    INFO  epoch 38 training [time: 2.15s, train loss: -1.0290]
25 Oct 08:22    INFO  epoch 38 evaluating [time: 9.17s, valid_score: 0.052900]
25 Oct 08:22    INFO  valid result: 
recall@10 : 0.0775    recall@20 : 0.1119    recall@50 : 0.1647    ndcg@10 : 0.044    ndcg@20 : 0.0529    ndcg@50 : 0.0638    
25 Oct 08:22    INFO  Saving current best: saved/DirectAU-Oct-25-2023_08-15-18.pth
25 Oct 08:22    INFO  epoch 39 training [time: 1.99s, train loss: -1.0331]
25 Oct 08:22    INFO  epoch 39 evaluating [time: 9.37s, valid_score: 0.053300]
25 Oct 08:22    INFO  valid result: 
recall@10 : 0.0789    recall@20 : 0.1122    recall@50 : 0.1666    ndcg@10 : 0.0446    ndcg@20 : 0.0533    ndcg@50 : 0.0645    
25 Oct 08:22    INFO  Saving current best: saved/DirectAU-Oct-25-2023_08-15-18.pth
25 Oct 08:22    INFO  epoch 40 training [time: 2.17s, train loss: -1.0365]
25 Oct 08:23    INFO  epoch 40 evaluating [time: 9.13s, valid_score: 0.054100]
25 Oct 08:23    INFO  valid result: 
recall@10 : 0.0798    recall@20 : 0.1144    recall@50 : 0.1683    ndcg@10 : 0.0451    ndcg@20 : 0.0541    ndcg@50 : 0.0652    
25 Oct 08:23    INFO  Saving current best: saved/DirectAU-Oct-25-2023_08-15-18.pth
25 Oct 08:23    INFO  epoch 41 training [time: 2.24s, train loss: -1.0397]
25 Oct 08:23    INFO  epoch 41 evaluating [time: 9.27s, valid_score: 0.054300]
25 Oct 08:23    INFO  valid result: 
recall@10 : 0.0806    recall@20 : 0.1141    recall@50 : 0.1689    ndcg@10 : 0.0456    ndcg@20 : 0.0543    ndcg@50 : 0.0656    
25 Oct 08:23    INFO  Saving current best: saved/DirectAU-Oct-25-2023_08-15-18.pth
25 Oct 08:23    INFO  epoch 42 training [time: 2.20s, train loss: -1.0434]
25 Oct 08:23    INFO  epoch 42 evaluating [time: 9.13s, valid_score: 0.054900]
25 Oct 08:23    INFO  valid result: 
recall@10 : 0.0817    recall@20 : 0.1148    recall@50 : 0.1691    ndcg@10 : 0.0462    ndcg@20 : 0.0549    ndcg@50 : 0.0661    
25 Oct 08:23    INFO  Saving current best: saved/DirectAU-Oct-25-2023_08-15-18.pth
25 Oct 08:23    INFO  epoch 43 training [time: 2.13s, train loss: -1.0463]
25 Oct 08:23    INFO  epoch 43 evaluating [time: 9.34s, valid_score: 0.054900]
25 Oct 08:23    INFO  valid result: 
recall@10 : 0.0815    recall@20 : 0.1149    recall@50 : 0.17    ndcg@10 : 0.0462    ndcg@20 : 0.0549    ndcg@50 : 0.0663    
25 Oct 08:23    INFO  epoch 44 training [time: 2.14s, train loss: -1.0495]
25 Oct 08:23    INFO  epoch 44 evaluating [time: 9.23s, valid_score: 0.055600]
25 Oct 08:23    INFO  valid result: 
recall@10 : 0.0814    recall@20 : 0.1166    recall@50 : 0.1701    ndcg@10 : 0.0464    ndcg@20 : 0.0556    ndcg@50 : 0.0667    
25 Oct 08:23    INFO  Saving current best: saved/DirectAU-Oct-25-2023_08-15-18.pth
25 Oct 08:23    INFO  epoch 45 training [time: 2.15s, train loss: -1.0525]
25 Oct 08:24    INFO  epoch 45 evaluating [time: 9.44s, valid_score: 0.056000]
25 Oct 08:24    INFO  valid result: 
recall@10 : 0.0825    recall@20 : 0.1172    recall@50 : 0.1712    ndcg@10 : 0.0469    ndcg@20 : 0.056    ndcg@50 : 0.0671    
25 Oct 08:24    INFO  Saving current best: saved/DirectAU-Oct-25-2023_08-15-18.pth
25 Oct 08:24    INFO  epoch 46 training [time: 2.10s, train loss: -1.0553]
25 Oct 08:24    INFO  epoch 46 evaluating [time: 9.30s, valid_score: 0.056200]
25 Oct 08:24    INFO  valid result: 
recall@10 : 0.0837    recall@20 : 0.1176    recall@50 : 0.1723    ndcg@10 : 0.0473    ndcg@20 : 0.0562    ndcg@50 : 0.0674    
25 Oct 08:24    INFO  Saving current best: saved/DirectAU-Oct-25-2023_08-15-18.pth
25 Oct 08:24    INFO  epoch 47 training [time: 2.11s, train loss: -1.0581]
25 Oct 08:24    INFO  epoch 47 evaluating [time: 9.54s, valid_score: 0.056200]
25 Oct 08:24    INFO  valid result: 
recall@10 : 0.0834    recall@20 : 0.1178    recall@50 : 0.1731    ndcg@10 : 0.0472    ndcg@20 : 0.0562    ndcg@50 : 0.0676    
25 Oct 08:24    INFO  epoch 48 training [time: 2.15s, train loss: -1.0605]
25 Oct 08:24    INFO  epoch 48 evaluating [time: 9.17s, valid_score: 0.056800]
25 Oct 08:24    INFO  valid result: 
recall@10 : 0.0831    recall@20 : 0.1192    recall@50 : 0.1741    ndcg@10 : 0.0474    ndcg@20 : 0.0568    ndcg@50 : 0.0681    
25 Oct 08:24    INFO  Saving current best: saved/DirectAU-Oct-25-2023_08-15-18.pth
25 Oct 08:24    INFO  epoch 49 training [time: 2.11s, train loss: -1.0629]
25 Oct 08:24    INFO  epoch 49 evaluating [time: 9.23s, valid_score: 0.057000]
25 Oct 08:24    INFO  valid result: 
recall@10 : 0.0841    recall@20 : 0.1194    recall@50 : 0.1747    ndcg@10 : 0.0478    ndcg@20 : 0.057    ndcg@50 : 0.0684    
25 Oct 08:24    INFO  Saving current best: saved/DirectAU-Oct-25-2023_08-15-18.pth
25 Oct 08:24    INFO  epoch 50 training [time: 2.06s, train loss: -1.0652]
25 Oct 08:25    INFO  epoch 50 evaluating [time: 9.23s, valid_score: 0.057100]
25 Oct 08:25    INFO  valid result: 
recall@10 : 0.0838    recall@20 : 0.1201    recall@50 : 0.174    ndcg@10 : 0.0476    ndcg@20 : 0.0571    ndcg@50 : 0.0682    
25 Oct 08:25    INFO  Saving current best: saved/DirectAU-Oct-25-2023_08-15-18.pth
25 Oct 08:25    INFO  epoch 51 training [time: 2.16s, train loss: -1.0668]
25 Oct 08:25    INFO  epoch 51 evaluating [time: 9.37s, valid_score: 0.057400]
25 Oct 08:25    INFO  valid result: 
recall@10 : 0.0844    recall@20 : 0.1205    recall@50 : 0.1756    ndcg@10 : 0.0479    ndcg@20 : 0.0574    ndcg@50 : 0.0687    
25 Oct 08:25    INFO  Saving current best: saved/DirectAU-Oct-25-2023_08-15-18.pth
25 Oct 08:25    INFO  epoch 52 training [time: 2.09s, train loss: -1.0692]
25 Oct 08:25    INFO  epoch 52 evaluating [time: 9.11s, valid_score: 0.057400]
25 Oct 08:25    INFO  valid result: 
recall@10 : 0.0851    recall@20 : 0.1212    recall@50 : 0.176    ndcg@10 : 0.048    ndcg@20 : 0.0574    ndcg@50 : 0.0687    
25 Oct 08:25    INFO  epoch 53 training [time: 2.06s, train loss: -1.0717]
25 Oct 08:25    INFO  epoch 53 evaluating [time: 9.35s, valid_score: 0.057900]
25 Oct 08:25    INFO  valid result: 
recall@10 : 0.0853    recall@20 : 0.1219    recall@50 : 0.1764    ndcg@10 : 0.0484    ndcg@20 : 0.0579    ndcg@50 : 0.0691    
25 Oct 08:25    INFO  Saving current best: saved/DirectAU-Oct-25-2023_08-15-18.pth
25 Oct 08:25    INFO  epoch 54 training [time: 2.04s, train loss: -1.0737]
25 Oct 08:25    INFO  epoch 54 evaluating [time: 8.91s, valid_score: 0.058300]
25 Oct 08:25    INFO  valid result: 
recall@10 : 0.085    recall@20 : 0.1219    recall@50 : 0.1768    ndcg@10 : 0.0486    ndcg@20 : 0.0583    ndcg@50 : 0.0696    
25 Oct 08:25    INFO  Saving current best: saved/DirectAU-Oct-25-2023_08-15-18.pth
25 Oct 08:25    INFO  epoch 55 training [time: 2.08s, train loss: -1.0756]
25 Oct 08:25    INFO  epoch 55 evaluating [time: 9.11s, valid_score: 0.058000]
25 Oct 08:25    INFO  valid result: 
recall@10 : 0.0858    recall@20 : 0.122    recall@50 : 0.1766    ndcg@10 : 0.0485    ndcg@20 : 0.058    ndcg@50 : 0.0693    
25 Oct 08:25    INFO  epoch 56 training [time: 2.09s, train loss: -1.0770]
25 Oct 08:26    INFO  epoch 56 evaluating [time: 9.52s, valid_score: 0.058200]
25 Oct 08:26    INFO  valid result: 
recall@10 : 0.0859    recall@20 : 0.1218    recall@50 : 0.1776    ndcg@10 : 0.0488    ndcg@20 : 0.0582    ndcg@50 : 0.0696    
25 Oct 08:26    INFO  epoch 57 training [time: 2.05s, train loss: -1.0791]
25 Oct 08:26    INFO  epoch 57 evaluating [time: 9.33s, valid_score: 0.058500]
25 Oct 08:26    INFO  valid result: 
recall@10 : 0.0859    recall@20 : 0.1223    recall@50 : 0.1782    ndcg@10 : 0.049    ndcg@20 : 0.0585    ndcg@50 : 0.07    
25 Oct 08:26    INFO  Saving current best: saved/DirectAU-Oct-25-2023_08-15-18.pth
25 Oct 08:26    INFO  epoch 58 training [time: 2.06s, train loss: -1.0805]
25 Oct 08:26    INFO  epoch 58 evaluating [time: 9.46s, valid_score: 0.058600]
25 Oct 08:26    INFO  valid result: 
recall@10 : 0.0864    recall@20 : 0.1226    recall@50 : 0.1785    ndcg@10 : 0.0492    ndcg@20 : 0.0586    ndcg@50 : 0.0701    
25 Oct 08:26    INFO  Saving current best: saved/DirectAU-Oct-25-2023_08-15-18.pth
25 Oct 08:26    INFO  epoch 59 training [time: 2.12s, train loss: -1.0820]
25 Oct 08:26    INFO  epoch 59 evaluating [time: 9.32s, valid_score: 0.058900]
25 Oct 08:26    INFO  valid result: 
recall@10 : 0.0874    recall@20 : 0.1232    recall@50 : 0.1794    ndcg@10 : 0.0495    ndcg@20 : 0.0589    ndcg@50 : 0.0705    
25 Oct 08:26    INFO  Saving current best: saved/DirectAU-Oct-25-2023_08-15-18.pth
25 Oct 08:26    INFO  epoch 60 training [time: 2.12s, train loss: -1.0836]
25 Oct 08:26    INFO  epoch 60 evaluating [time: 9.25s, valid_score: 0.059400]
25 Oct 08:26    INFO  valid result: 
recall@10 : 0.0869    recall@20 : 0.1244    recall@50 : 0.1803    ndcg@10 : 0.0496    ndcg@20 : 0.0594    ndcg@50 : 0.0709    
25 Oct 08:26    INFO  Saving current best: saved/DirectAU-Oct-25-2023_08-15-18.pth
25 Oct 08:26    INFO  epoch 61 training [time: 2.11s, train loss: -1.0850]
25 Oct 08:27    INFO  epoch 61 evaluating [time: 9.15s, valid_score: 0.059500]
25 Oct 08:27    INFO  valid result: 
recall@10 : 0.0879    recall@20 : 0.1244    recall@50 : 0.1802    ndcg@10 : 0.0499    ndcg@20 : 0.0595    ndcg@50 : 0.0709    
25 Oct 08:27    INFO  Saving current best: saved/DirectAU-Oct-25-2023_08-15-18.pth
25 Oct 08:27    INFO  epoch 62 training [time: 2.14s, train loss: -1.0866]
25 Oct 08:27    INFO  epoch 62 evaluating [time: 9.43s, valid_score: 0.059700]
25 Oct 08:27    INFO  valid result: 
recall@10 : 0.0882    recall@20 : 0.1246    recall@50 : 0.1805    ndcg@10 : 0.0502    ndcg@20 : 0.0597    ndcg@50 : 0.0712    
25 Oct 08:27    INFO  Saving current best: saved/DirectAU-Oct-25-2023_08-15-18.pth
25 Oct 08:27    INFO  epoch 63 training [time: 2.15s, train loss: -1.0877]
25 Oct 08:27    INFO  epoch 63 evaluating [time: 9.24s, valid_score: 0.059900]
25 Oct 08:27    INFO  valid result: 
recall@10 : 0.0888    recall@20 : 0.1252    recall@50 : 0.1807    ndcg@10 : 0.0504    ndcg@20 : 0.0599    ndcg@50 : 0.0713    
25 Oct 08:27    INFO  Saving current best: saved/DirectAU-Oct-25-2023_08-15-18.pth
25 Oct 08:27    INFO  epoch 64 training [time: 2.05s, train loss: -1.0892]
25 Oct 08:27    INFO  epoch 64 evaluating [time: 9.35s, valid_score: 0.060400]
25 Oct 08:27    INFO  valid result: 
recall@10 : 0.0896    recall@20 : 0.1256    recall@50 : 0.1823    ndcg@10 : 0.051    ndcg@20 : 0.0604    ndcg@50 : 0.0721    
25 Oct 08:27    INFO  Saving current best: saved/DirectAU-Oct-25-2023_08-15-18.pth
25 Oct 08:27    INFO  epoch 65 training [time: 2.09s, train loss: -1.0905]
25 Oct 08:27    INFO  epoch 65 evaluating [time: 9.19s, valid_score: 0.060600]
25 Oct 08:27    INFO  valid result: 
recall@10 : 0.0891    recall@20 : 0.1258    recall@50 : 0.1824    ndcg@10 : 0.051    ndcg@20 : 0.0606    ndcg@50 : 0.0722    
25 Oct 08:27    INFO  Saving current best: saved/DirectAU-Oct-25-2023_08-15-18.pth
25 Oct 08:27    INFO  epoch 66 training [time: 2.14s, train loss: -1.0913]
25 Oct 08:28    INFO  epoch 66 evaluating [time: 9.31s, valid_score: 0.060400]
25 Oct 08:28    INFO  valid result: 
recall@10 : 0.0896    recall@20 : 0.1258    recall@50 : 0.1829    ndcg@10 : 0.0509    ndcg@20 : 0.0604    ndcg@50 : 0.0721    
25 Oct 08:28    INFO  epoch 67 training [time: 2.08s, train loss: -1.0926]
25 Oct 08:28    INFO  epoch 67 evaluating [time: 9.21s, valid_score: 0.060500]
25 Oct 08:28    INFO  valid result: 
recall@10 : 0.0888    recall@20 : 0.1263    recall@50 : 0.183    ndcg@10 : 0.0508    ndcg@20 : 0.0605    ndcg@50 : 0.0722    
25 Oct 08:28    INFO  epoch 68 training [time: 2.07s, train loss: -1.0933]
25 Oct 08:28    INFO  epoch 68 evaluating [time: 9.32s, valid_score: 0.060600]
25 Oct 08:28    INFO  valid result: 
recall@10 : 0.0895    recall@20 : 0.1259    recall@50 : 0.1846    ndcg@10 : 0.0511    ndcg@20 : 0.0606    ndcg@50 : 0.0727    
25 Oct 08:28    INFO  epoch 69 training [time: 2.13s, train loss: -1.0945]
25 Oct 08:28    INFO  epoch 69 evaluating [time: 9.31s, valid_score: 0.060700]
25 Oct 08:28    INFO  valid result: 
recall@10 : 0.089    recall@20 : 0.1257    recall@50 : 0.1831    ndcg@10 : 0.0511    ndcg@20 : 0.0607    ndcg@50 : 0.0725    
25 Oct 08:28    INFO  Saving current best: saved/DirectAU-Oct-25-2023_08-15-18.pth
25 Oct 08:28    INFO  epoch 70 training [time: 2.12s, train loss: -1.0958]
25 Oct 08:28    INFO  epoch 70 evaluating [time: 9.42s, valid_score: 0.061200]
25 Oct 08:28    INFO  valid result: 
recall@10 : 0.0895    recall@20 : 0.1276    recall@50 : 0.1838    ndcg@10 : 0.0513    ndcg@20 : 0.0612    ndcg@50 : 0.0728    
25 Oct 08:28    INFO  Saving current best: saved/DirectAU-Oct-25-2023_08-15-18.pth
25 Oct 08:28    INFO  epoch 71 training [time: 1.67s, train loss: -1.0965]
25 Oct 08:29    INFO  epoch 71 evaluating [time: 9.60s, valid_score: 0.061300]
25 Oct 08:29    INFO  valid result: 
recall@10 : 0.09    recall@20 : 0.1279    recall@50 : 0.1848    ndcg@10 : 0.0514    ndcg@20 : 0.0613    ndcg@50 : 0.073    
25 Oct 08:29    INFO  Saving current best: saved/DirectAU-Oct-25-2023_08-15-18.pth
25 Oct 08:29    INFO  epoch 72 training [time: 2.10s, train loss: -1.0972]
25 Oct 08:29    INFO  epoch 72 evaluating [time: 9.22s, valid_score: 0.061400]
25 Oct 08:29    INFO  valid result: 
recall@10 : 0.0897    recall@20 : 0.1276    recall@50 : 0.1847    ndcg@10 : 0.0515    ndcg@20 : 0.0614    ndcg@50 : 0.0732    
25 Oct 08:29    INFO  Saving current best: saved/DirectAU-Oct-25-2023_08-15-18.pth
25 Oct 08:29    INFO  epoch 73 training [time: 2.07s, train loss: -1.0981]
25 Oct 08:29    INFO  epoch 73 evaluating [time: 9.29s, valid_score: 0.061500]
25 Oct 08:29    INFO  valid result: 
recall@10 : 0.0908    recall@20 : 0.1282    recall@50 : 0.1849    ndcg@10 : 0.0518    ndcg@20 : 0.0615    ndcg@50 : 0.0732    
25 Oct 08:29    INFO  Saving current best: saved/DirectAU-Oct-25-2023_08-15-18.pth
25 Oct 08:29    INFO  epoch 74 training [time: 2.17s, train loss: -1.0989]
25 Oct 08:29    INFO  epoch 74 evaluating [time: 9.24s, valid_score: 0.061600]
25 Oct 08:29    INFO  valid result: 
recall@10 : 0.0915    recall@20 : 0.1284    recall@50 : 0.1852    ndcg@10 : 0.052    ndcg@20 : 0.0616    ndcg@50 : 0.0733    
25 Oct 08:29    INFO  Saving current best: saved/DirectAU-Oct-25-2023_08-15-18.pth
25 Oct 08:29    INFO  epoch 75 training [time: 2.12s, train loss: -1.0996]
25 Oct 08:29    INFO  epoch 75 evaluating [time: 9.49s, valid_score: 0.061400]
25 Oct 08:29    INFO  valid result: 
recall@10 : 0.0908    recall@20 : 0.1281    recall@50 : 0.1851    ndcg@10 : 0.0516    ndcg@20 : 0.0614    ndcg@50 : 0.0731    
25 Oct 08:29    INFO  epoch 76 training [time: 2.03s, train loss: -1.1005]
25 Oct 08:29    INFO  epoch 76 evaluating [time: 9.08s, valid_score: 0.061600]
25 Oct 08:29    INFO  valid result: 
recall@10 : 0.0914    recall@20 : 0.128    recall@50 : 0.1864    ndcg@10 : 0.052    ndcg@20 : 0.0616    ndcg@50 : 0.0736    
25 Oct 08:29    INFO  epoch 77 training [time: 2.07s, train loss: -1.1009]
25 Oct 08:30    INFO  epoch 77 evaluating [time: 9.37s, valid_score: 0.062000]
25 Oct 08:30    INFO  valid result: 
recall@10 : 0.0923    recall@20 : 0.1284    recall@50 : 0.1856    ndcg@10 : 0.0525    ndcg@20 : 0.062    ndcg@50 : 0.0737    
25 Oct 08:30    INFO  Saving current best: saved/DirectAU-Oct-25-2023_08-15-18.pth
25 Oct 08:30    INFO  epoch 78 training [time: 2.15s, train loss: -1.1017]
25 Oct 08:30    INFO  epoch 78 evaluating [time: 9.19s, valid_score: 0.062000]
25 Oct 08:30    INFO  valid result: 
recall@10 : 0.0914    recall@20 : 0.1282    recall@50 : 0.1862    ndcg@10 : 0.0524    ndcg@20 : 0.062    ndcg@50 : 0.0739    
25 Oct 08:30    INFO  epoch 79 training [time: 2.04s, train loss: -1.1024]
25 Oct 08:30    INFO  epoch 79 evaluating [time: 9.17s, valid_score: 0.062300]
25 Oct 08:30    INFO  valid result: 
recall@10 : 0.092    recall@20 : 0.1288    recall@50 : 0.1864    ndcg@10 : 0.0527    ndcg@20 : 0.0623    ndcg@50 : 0.0741    
25 Oct 08:30    INFO  Saving current best: saved/DirectAU-Oct-25-2023_08-15-18.pth
25 Oct 08:30    INFO  epoch 80 training [time: 1.91s, train loss: -1.1033]
25 Oct 08:30    INFO  epoch 80 evaluating [time: 9.29s, valid_score: 0.062100]
25 Oct 08:30    INFO  valid result: 
recall@10 : 0.0922    recall@20 : 0.129    recall@50 : 0.187    ndcg@10 : 0.0525    ndcg@20 : 0.0621    ndcg@50 : 0.0741    
25 Oct 08:30    INFO  epoch 81 training [time: 2.10s, train loss: -1.1036]
25 Oct 08:30    INFO  epoch 81 evaluating [time: 9.34s, valid_score: 0.062500]
25 Oct 08:30    INFO  valid result: 
recall@10 : 0.0923    recall@20 : 0.1294    recall@50 : 0.1869    ndcg@10 : 0.0528    ndcg@20 : 0.0625    ndcg@50 : 0.0743    
25 Oct 08:30    INFO  Saving current best: saved/DirectAU-Oct-25-2023_08-15-18.pth
25 Oct 08:30    INFO  epoch 82 training [time: 2.15s, train loss: -1.1039]
25 Oct 08:31    INFO  epoch 82 evaluating [time: 9.53s, valid_score: 0.062200]
25 Oct 08:31    INFO  valid result: 
recall@10 : 0.0926    recall@20 : 0.129    recall@50 : 0.1874    ndcg@10 : 0.0527    ndcg@20 : 0.0622    ndcg@50 : 0.0742    
25 Oct 08:31    INFO  epoch 83 training [time: 2.11s, train loss: -1.1049]
25 Oct 08:31    INFO  epoch 83 evaluating [time: 9.15s, valid_score: 0.062500]
25 Oct 08:31    INFO  valid result: 
recall@10 : 0.0931    recall@20 : 0.1296    recall@50 : 0.1869    ndcg@10 : 0.053    ndcg@20 : 0.0625    ndcg@50 : 0.0743    
25 Oct 08:31    INFO  epoch 84 training [time: 2.15s, train loss: -1.1052]
25 Oct 08:31    INFO  epoch 84 evaluating [time: 9.36s, valid_score: 0.062600]
25 Oct 08:31    INFO  valid result: 
recall@10 : 0.0925    recall@20 : 0.1301    recall@50 : 0.1876    ndcg@10 : 0.0528    ndcg@20 : 0.0626    ndcg@50 : 0.0744    
25 Oct 08:31    INFO  Saving current best: saved/DirectAU-Oct-25-2023_08-15-18.pth
25 Oct 08:31    INFO  epoch 85 training [time: 1.68s, train loss: -1.1057]
25 Oct 08:31    INFO  epoch 85 evaluating [time: 9.22s, valid_score: 0.062400]
25 Oct 08:31    INFO  valid result: 
recall@10 : 0.0927    recall@20 : 0.1295    recall@50 : 0.1883    ndcg@10 : 0.0528    ndcg@20 : 0.0624    ndcg@50 : 0.0745    
25 Oct 08:31    INFO  epoch 86 training [time: 2.10s, train loss: -1.1062]
25 Oct 08:31    INFO  epoch 86 evaluating [time: 9.09s, valid_score: 0.062100]
25 Oct 08:31    INFO  valid result: 
recall@10 : 0.093    recall@20 : 0.129    recall@50 : 0.1885    ndcg@10 : 0.0527    ndcg@20 : 0.0621    ndcg@50 : 0.0744    
25 Oct 08:31    INFO  epoch 87 training [time: 2.12s, train loss: -1.1065]
25 Oct 08:32    INFO  epoch 87 evaluating [time: 9.31s, valid_score: 0.062700]
25 Oct 08:32    INFO  valid result: 
recall@10 : 0.0933    recall@20 : 0.1301    recall@50 : 0.1888    ndcg@10 : 0.053    ndcg@20 : 0.0627    ndcg@50 : 0.0747    
25 Oct 08:32    INFO  Saving current best: saved/DirectAU-Oct-25-2023_08-15-18.pth
25 Oct 08:32    INFO  epoch 88 training [time: 2.03s, train loss: -1.1069]
25 Oct 08:32    INFO  epoch 88 evaluating [time: 9.35s, valid_score: 0.062600]
25 Oct 08:32    INFO  valid result: 
recall@10 : 0.0931    recall@20 : 0.1294    recall@50 : 0.1891    ndcg@10 : 0.0531    ndcg@20 : 0.0626    ndcg@50 : 0.0748    
25 Oct 08:32    INFO  epoch 89 training [time: 2.10s, train loss: -1.1071]
25 Oct 08:32    INFO  epoch 89 evaluating [time: 9.25s, valid_score: 0.062500]
25 Oct 08:32    INFO  valid result: 
recall@10 : 0.0932    recall@20 : 0.1294    recall@50 : 0.1893    ndcg@10 : 0.0531    ndcg@20 : 0.0625    ndcg@50 : 0.0749    
25 Oct 08:32    INFO  epoch 90 training [time: 2.06s, train loss: -1.1074]
25 Oct 08:32    INFO  epoch 90 evaluating [time: 9.28s, valid_score: 0.062600]
25 Oct 08:32    INFO  valid result: 
recall@10 : 0.0932    recall@20 : 0.1294    recall@50 : 0.1895    ndcg@10 : 0.0531    ndcg@20 : 0.0626    ndcg@50 : 0.0749    
25 Oct 08:32    INFO  epoch 91 training [time: 2.08s, train loss: -1.1077]
25 Oct 08:32    INFO  epoch 91 evaluating [time: 9.17s, valid_score: 0.062600]
25 Oct 08:32    INFO  valid result: 
recall@10 : 0.0928    recall@20 : 0.1297    recall@50 : 0.1889    ndcg@10 : 0.0529    ndcg@20 : 0.0626    ndcg@50 : 0.0748    
25 Oct 08:32    INFO  epoch 92 training [time: 2.10s, train loss: -1.1079]
25 Oct 08:32    INFO  epoch 92 evaluating [time: 9.42s, valid_score: 0.062900]
25 Oct 08:32    INFO  valid result: 
recall@10 : 0.0932    recall@20 : 0.1301    recall@50 : 0.1896    ndcg@10 : 0.0533    ndcg@20 : 0.0629    ndcg@50 : 0.0751    
25 Oct 08:32    INFO  Saving current best: saved/DirectAU-Oct-25-2023_08-15-18.pth
25 Oct 08:33    INFO  epoch 93 training [time: 2.12s, train loss: -1.1085]
25 Oct 08:33    INFO  epoch 93 evaluating [time: 9.30s, valid_score: 0.063000]
25 Oct 08:33    INFO  valid result: 
recall@10 : 0.0926    recall@20 : 0.1307    recall@50 : 0.1892    ndcg@10 : 0.053    ndcg@20 : 0.063    ndcg@50 : 0.075    
25 Oct 08:33    INFO  Saving current best: saved/DirectAU-Oct-25-2023_08-15-18.pth
25 Oct 08:33    INFO  epoch 94 training [time: 2.16s, train loss: -1.1085]
25 Oct 08:33    INFO  epoch 94 evaluating [time: 9.34s, valid_score: 0.062900]
25 Oct 08:33    INFO  valid result: 
recall@10 : 0.0935    recall@20 : 0.1305    recall@50 : 0.1899    ndcg@10 : 0.0533    ndcg@20 : 0.0629    ndcg@50 : 0.0751    
25 Oct 08:33    INFO  epoch 95 training [time: 2.10s, train loss: -1.1091]
25 Oct 08:33    INFO  epoch 95 evaluating [time: 9.28s, valid_score: 0.063100]
25 Oct 08:33    INFO  valid result: 
recall@10 : 0.0937    recall@20 : 0.1312    recall@50 : 0.19    ndcg@10 : 0.0533    ndcg@20 : 0.0631    ndcg@50 : 0.0751    
25 Oct 08:33    INFO  Saving current best: saved/DirectAU-Oct-25-2023_08-15-18.pth
25 Oct 08:33    INFO  epoch 96 training [time: 2.09s, train loss: -1.1094]
25 Oct 08:33    INFO  epoch 96 evaluating [time: 9.35s, valid_score: 0.063100]
25 Oct 08:33    INFO  valid result: 
recall@10 : 0.0939    recall@20 : 0.1307    recall@50 : 0.1896    ndcg@10 : 0.0535    ndcg@20 : 0.0631    ndcg@50 : 0.0753    
25 Oct 08:33    INFO  epoch 97 training [time: 2.08s, train loss: -1.1094]
25 Oct 08:33    INFO  epoch 97 evaluating [time: 9.24s, valid_score: 0.063600]
25 Oct 08:33    INFO  valid result: 
recall@10 : 0.0937    recall@20 : 0.131    recall@50 : 0.1894    ndcg@10 : 0.0538    ndcg@20 : 0.0636    ndcg@50 : 0.0756    
25 Oct 08:33    INFO  Saving current best: saved/DirectAU-Oct-25-2023_08-15-18.pth
25 Oct 08:33    INFO  epoch 98 training [time: 2.04s, train loss: -1.1099]
25 Oct 08:34    INFO  epoch 98 evaluating [time: 9.49s, valid_score: 0.062900]
25 Oct 08:34    INFO  valid result: 
recall@10 : 0.0936    recall@20 : 0.1298    recall@50 : 0.1909    ndcg@10 : 0.0534    ndcg@20 : 0.0629    ndcg@50 : 0.0755    
25 Oct 08:34    INFO  epoch 99 training [time: 2.12s, train loss: -1.1094]
25 Oct 08:34    INFO  epoch 99 evaluating [time: 9.33s, valid_score: 0.063200]
25 Oct 08:34    INFO  valid result: 
recall@10 : 0.0939    recall@20 : 0.1304    recall@50 : 0.1911    ndcg@10 : 0.0537    ndcg@20 : 0.0632    ndcg@50 : 0.0757    
25 Oct 08:34    INFO  epoch 100 training [time: 2.15s, train loss: -1.1099]
25 Oct 08:34    INFO  epoch 100 evaluating [time: 9.43s, valid_score: 0.063400]
25 Oct 08:34    INFO  valid result: 
recall@10 : 0.0935    recall@20 : 0.131    recall@50 : 0.1907    ndcg@10 : 0.0536    ndcg@20 : 0.0634    ndcg@50 : 0.0757    
25 Oct 08:34    INFO  epoch 101 training [time: 2.15s, train loss: -1.1104]
25 Oct 08:34    INFO  epoch 101 evaluating [time: 9.18s, valid_score: 0.063300]
25 Oct 08:34    INFO  valid result: 
recall@10 : 0.0941    recall@20 : 0.1304    recall@50 : 0.1904    ndcg@10 : 0.0538    ndcg@20 : 0.0633    ndcg@50 : 0.0757    
25 Oct 08:34    INFO  epoch 102 training [time: 2.09s, train loss: -1.1105]
25 Oct 08:34    INFO  epoch 102 evaluating [time: 9.30s, valid_score: 0.063300]
25 Oct 08:34    INFO  valid result: 
recall@10 : 0.0936    recall@20 : 0.1308    recall@50 : 0.1911    ndcg@10 : 0.0536    ndcg@20 : 0.0633    ndcg@50 : 0.0757    
25 Oct 08:34    INFO  epoch 103 training [time: 1.97s, train loss: -1.1109]
25 Oct 08:35    INFO  epoch 103 evaluating [time: 9.26s, valid_score: 0.063500]
25 Oct 08:35    INFO  valid result: 
recall@10 : 0.0941    recall@20 : 0.131    recall@50 : 0.1906    ndcg@10 : 0.0538    ndcg@20 : 0.0635    ndcg@50 : 0.0757    
25 Oct 08:35    INFO  epoch 104 training [time: 2.06s, train loss: -1.1109]
25 Oct 08:35    INFO  epoch 104 evaluating [time: 9.15s, valid_score: 0.063800]
25 Oct 08:35    INFO  valid result: 
recall@10 : 0.0935    recall@20 : 0.1317    recall@50 : 0.1906    ndcg@10 : 0.0538    ndcg@20 : 0.0638    ndcg@50 : 0.0759    
25 Oct 08:35    INFO  Saving current best: saved/DirectAU-Oct-25-2023_08-15-18.pth
25 Oct 08:35    INFO  epoch 105 training [time: 2.10s, train loss: -1.1111]
25 Oct 08:35    INFO  epoch 105 evaluating [time: 9.29s, valid_score: 0.063900]
25 Oct 08:35    INFO  valid result: 
recall@10 : 0.0932    recall@20 : 0.1318    recall@50 : 0.1903    ndcg@10 : 0.0537    ndcg@20 : 0.0639    ndcg@50 : 0.0759    
25 Oct 08:35    INFO  Saving current best: saved/DirectAU-Oct-25-2023_08-15-18.pth
25 Oct 08:35    INFO  epoch 106 training [time: 2.14s, train loss: -1.1117]
25 Oct 08:35    INFO  epoch 106 evaluating [time: 9.26s, valid_score: 0.063600]
25 Oct 08:35    INFO  valid result: 
recall@10 : 0.0941    recall@20 : 0.1307    recall@50 : 0.1911    ndcg@10 : 0.054    ndcg@20 : 0.0636    ndcg@50 : 0.076    
25 Oct 08:35    INFO  epoch 107 training [time: 2.12s, train loss: -1.1112]
25 Oct 08:35    INFO  epoch 107 evaluating [time: 9.40s, valid_score: 0.063600]
25 Oct 08:35    INFO  valid result: 
recall@10 : 0.0933    recall@20 : 0.1312    recall@50 : 0.1917    ndcg@10 : 0.0537    ndcg@20 : 0.0636    ndcg@50 : 0.076    
25 Oct 08:35    INFO  epoch 108 training [time: 2.09s, train loss: -1.1116]
25 Oct 08:36    INFO  epoch 108 evaluating [time: 9.27s, valid_score: 0.063900]
25 Oct 08:36    INFO  valid result: 
recall@10 : 0.0939    recall@20 : 0.132    recall@50 : 0.1913    ndcg@10 : 0.0539    ndcg@20 : 0.0639    ndcg@50 : 0.076    
25 Oct 08:36    INFO  epoch 109 training [time: 2.07s, train loss: -1.1118]
25 Oct 08:36    INFO  epoch 109 evaluating [time: 9.13s, valid_score: 0.063500]
25 Oct 08:36    INFO  valid result: 
recall@10 : 0.0947    recall@20 : 0.1312    recall@50 : 0.1917    ndcg@10 : 0.054    ndcg@20 : 0.0635    ndcg@50 : 0.076    
25 Oct 08:36    INFO  epoch 110 training [time: 2.08s, train loss: -1.1119]
25 Oct 08:36    INFO  epoch 110 evaluating [time: 9.05s, valid_score: 0.063600]
25 Oct 08:36    INFO  valid result: 
recall@10 : 0.0945    recall@20 : 0.1318    recall@50 : 0.1924    ndcg@10 : 0.0538    ndcg@20 : 0.0636    ndcg@50 : 0.076    
25 Oct 08:36    INFO  epoch 111 training [time: 1.66s, train loss: -1.1125]
25 Oct 08:36    INFO  epoch 111 evaluating [time: 9.20s, valid_score: 0.063500]
25 Oct 08:36    INFO  valid result: 
recall@10 : 0.0938    recall@20 : 0.1313    recall@50 : 0.1922    ndcg@10 : 0.0537    ndcg@20 : 0.0635    ndcg@50 : 0.076    
25 Oct 08:36    INFO  epoch 112 training [time: 2.04s, train loss: -1.1125]
25 Oct 08:36    INFO  epoch 112 evaluating [time: 9.42s, valid_score: 0.063600]
25 Oct 08:36    INFO  valid result: 
recall@10 : 0.0943    recall@20 : 0.1311    recall@50 : 0.1917    ndcg@10 : 0.054    ndcg@20 : 0.0636    ndcg@50 : 0.0761    
25 Oct 08:36    INFO  epoch 113 training [time: 2.11s, train loss: -1.1127]
25 Oct 08:36    INFO  epoch 113 evaluating [time: 9.29s, valid_score: 0.064000]
25 Oct 08:36    INFO  valid result: 
recall@10 : 0.0941    recall@20 : 0.1321    recall@50 : 0.1925    ndcg@10 : 0.0541    ndcg@20 : 0.064    ndcg@50 : 0.0764    
25 Oct 08:36    INFO  Saving current best: saved/DirectAU-Oct-25-2023_08-15-18.pth
25 Oct 08:36    INFO  epoch 114 training [time: 2.09s, train loss: -1.1127]
25 Oct 08:37    INFO  epoch 114 evaluating [time: 9.03s, valid_score: 0.064100]
25 Oct 08:37    INFO  valid result: 
recall@10 : 0.0945    recall@20 : 0.1324    recall@50 : 0.1922    ndcg@10 : 0.0541    ndcg@20 : 0.0641    ndcg@50 : 0.0764    
25 Oct 08:37    INFO  Saving current best: saved/DirectAU-Oct-25-2023_08-15-18.pth
25 Oct 08:37    INFO  epoch 115 training [time: 2.06s, train loss: -1.1132]
25 Oct 08:37    INFO  epoch 115 evaluating [time: 9.19s, valid_score: 0.064200]
25 Oct 08:37    INFO  valid result: 
recall@10 : 0.0946    recall@20 : 0.1324    recall@50 : 0.1932    ndcg@10 : 0.0543    ndcg@20 : 0.0642    ndcg@50 : 0.0767    
25 Oct 08:37    INFO  Saving current best: saved/DirectAU-Oct-25-2023_08-15-18.pth
25 Oct 08:37    INFO  epoch 116 training [time: 2.14s, train loss: -1.1131]
25 Oct 08:37    INFO  epoch 116 evaluating [time: 9.12s, valid_score: 0.064100]
25 Oct 08:37    INFO  valid result: 
recall@10 : 0.0945    recall@20 : 0.1323    recall@50 : 0.1933    ndcg@10 : 0.0542    ndcg@20 : 0.0641    ndcg@50 : 0.0766    
25 Oct 08:37    INFO  epoch 117 training [time: 2.13s, train loss: -1.1128]
25 Oct 08:37    INFO  epoch 117 evaluating [time: 9.29s, valid_score: 0.064200]
25 Oct 08:37    INFO  valid result: 
recall@10 : 0.0946    recall@20 : 0.1323    recall@50 : 0.1932    ndcg@10 : 0.0544    ndcg@20 : 0.0642    ndcg@50 : 0.0767    
25 Oct 08:37    INFO  epoch 118 training [time: 2.02s, train loss: -1.1129]
25 Oct 08:37    INFO  epoch 118 evaluating [time: 9.14s, valid_score: 0.064300]
25 Oct 08:37    INFO  valid result: 
recall@10 : 0.0945    recall@20 : 0.1325    recall@50 : 0.1931    ndcg@10 : 0.0544    ndcg@20 : 0.0643    ndcg@50 : 0.0767    
25 Oct 08:37    INFO  Saving current best: saved/DirectAU-Oct-25-2023_08-15-18.pth
25 Oct 08:37    INFO  epoch 119 training [time: 2.12s, train loss: -1.1134]
25 Oct 08:38    INFO  epoch 119 evaluating [time: 9.35s, valid_score: 0.064600]
25 Oct 08:38    INFO  valid result: 
recall@10 : 0.0947    recall@20 : 0.1329    recall@50 : 0.193    ndcg@10 : 0.0546    ndcg@20 : 0.0646    ndcg@50 : 0.0769    
25 Oct 08:38    INFO  Saving current best: saved/DirectAU-Oct-25-2023_08-15-18.pth
25 Oct 08:38    INFO  epoch 120 training [time: 2.15s, train loss: -1.1135]
25 Oct 08:38    INFO  epoch 120 evaluating [time: 9.07s, valid_score: 0.064700]
25 Oct 08:38    INFO  valid result: 
recall@10 : 0.0955    recall@20 : 0.1331    recall@50 : 0.1927    ndcg@10 : 0.0549    ndcg@20 : 0.0647    ndcg@50 : 0.0769    
25 Oct 08:38    INFO  Saving current best: saved/DirectAU-Oct-25-2023_08-15-18.pth
25 Oct 08:38    INFO  epoch 121 training [time: 2.08s, train loss: -1.1136]
25 Oct 08:38    INFO  epoch 121 evaluating [time: 9.26s, valid_score: 0.064300]
25 Oct 08:38    INFO  valid result: 
recall@10 : 0.095    recall@20 : 0.1323    recall@50 : 0.1929    ndcg@10 : 0.0546    ndcg@20 : 0.0643    ndcg@50 : 0.0768    
25 Oct 08:38    INFO  epoch 122 training [time: 1.92s, train loss: -1.1139]
25 Oct 08:38    INFO  epoch 122 evaluating [time: 9.29s, valid_score: 0.064500]
25 Oct 08:38    INFO  valid result: 
recall@10 : 0.0953    recall@20 : 0.1323    recall@50 : 0.1934    ndcg@10 : 0.0548    ndcg@20 : 0.0645    ndcg@50 : 0.077    
25 Oct 08:38    INFO  epoch 123 training [time: 2.05s, train loss: -1.1139]
25 Oct 08:38    INFO  epoch 123 evaluating [time: 9.16s, valid_score: 0.064600]
25 Oct 08:38    INFO  valid result: 
recall@10 : 0.0947    recall@20 : 0.1333    recall@50 : 0.193    ndcg@10 : 0.0546    ndcg@20 : 0.0646    ndcg@50 : 0.0769    
25 Oct 08:38    INFO  epoch 124 training [time: 2.09s, train loss: -1.1141]
25 Oct 08:39    INFO  epoch 124 evaluating [time: 9.40s, valid_score: 0.064500]
25 Oct 08:39    INFO  valid result: 
recall@10 : 0.0949    recall@20 : 0.1328    recall@50 : 0.1941    ndcg@10 : 0.0546    ndcg@20 : 0.0645    ndcg@50 : 0.0771    
25 Oct 08:39    INFO  epoch 125 training [time: 2.12s, train loss: -1.1141]
25 Oct 08:39    INFO  epoch 125 evaluating [time: 9.26s, valid_score: 0.064500]
25 Oct 08:39    INFO  valid result: 
recall@10 : 0.0949    recall@20 : 0.1332    recall@50 : 0.1937    ndcg@10 : 0.0545    ndcg@20 : 0.0645    ndcg@50 : 0.0769    
25 Oct 08:39    INFO  epoch 126 training [time: 1.82s, train loss: -1.1141]
25 Oct 08:39    INFO  epoch 126 evaluating [time: 9.42s, valid_score: 0.064600]
25 Oct 08:39    INFO  valid result: 
recall@10 : 0.0952    recall@20 : 0.1326    recall@50 : 0.1943    ndcg@10 : 0.0548    ndcg@20 : 0.0646    ndcg@50 : 0.0772    
25 Oct 08:39    INFO  epoch 127 training [time: 1.85s, train loss: -1.1141]
25 Oct 08:39    INFO  epoch 127 evaluating [time: 9.28s, valid_score: 0.064800]
25 Oct 08:39    INFO  valid result: 
recall@10 : 0.0956    recall@20 : 0.1333    recall@50 : 0.1941    ndcg@10 : 0.0549    ndcg@20 : 0.0648    ndcg@50 : 0.0772    
25 Oct 08:39    INFO  Saving current best: saved/DirectAU-Oct-25-2023_08-15-18.pth
25 Oct 08:39    INFO  epoch 128 training [time: 2.10s, train loss: -1.1145]
25 Oct 08:39    INFO  epoch 128 evaluating [time: 9.29s, valid_score: 0.064900]
25 Oct 08:39    INFO  valid result: 
recall@10 : 0.0951    recall@20 : 0.1337    recall@50 : 0.1942    ndcg@10 : 0.0548    ndcg@20 : 0.0649    ndcg@50 : 0.0773    
25 Oct 08:39    INFO  Saving current best: saved/DirectAU-Oct-25-2023_08-15-18.pth
25 Oct 08:39    INFO  epoch 129 training [time: 2.14s, train loss: -1.1144]
25 Oct 08:39    INFO  epoch 129 evaluating [time: 9.18s, valid_score: 0.064700]
25 Oct 08:39    INFO  valid result: 
recall@10 : 0.0948    recall@20 : 0.1334    recall@50 : 0.1941    ndcg@10 : 0.0546    ndcg@20 : 0.0647    ndcg@50 : 0.0772    
25 Oct 08:40    INFO  epoch 130 training [time: 2.14s, train loss: -1.1148]
25 Oct 08:40    INFO  epoch 130 evaluating [time: 9.28s, valid_score: 0.064700]
25 Oct 08:40    INFO  valid result: 
recall@10 : 0.0951    recall@20 : 0.133    recall@50 : 0.1948    ndcg@10 : 0.0548    ndcg@20 : 0.0647    ndcg@50 : 0.0774    
25 Oct 08:40    INFO  epoch 131 training [time: 2.10s, train loss: -1.1149]
25 Oct 08:40    INFO  epoch 131 evaluating [time: 9.18s, valid_score: 0.065000]
25 Oct 08:40    INFO  valid result: 
recall@10 : 0.0956    recall@20 : 0.1338    recall@50 : 0.194    ndcg@10 : 0.055    ndcg@20 : 0.065    ndcg@50 : 0.0773    
25 Oct 08:40    INFO  Saving current best: saved/DirectAU-Oct-25-2023_08-15-18.pth
25 Oct 08:40    INFO  epoch 132 training [time: 2.12s, train loss: -1.1146]
25 Oct 08:40    INFO  epoch 132 evaluating [time: 9.31s, valid_score: 0.064500]
25 Oct 08:40    INFO  valid result: 
recall@10 : 0.0961    recall@20 : 0.1327    recall@50 : 0.1947    ndcg@10 : 0.0549    ndcg@20 : 0.0645    ndcg@50 : 0.0772    
25 Oct 08:40    INFO  epoch 133 training [time: 2.14s, train loss: -1.1149]
25 Oct 08:40    INFO  epoch 133 evaluating [time: 9.29s, valid_score: 0.064900]
25 Oct 08:40    INFO  valid result: 
recall@10 : 0.0958    recall@20 : 0.1332    recall@50 : 0.1951    ndcg@10 : 0.0551    ndcg@20 : 0.0649    ndcg@50 : 0.0776    
25 Oct 08:40    INFO  epoch 134 training [time: 1.82s, train loss: -1.1150]
25 Oct 08:40    INFO  epoch 134 evaluating [time: 9.39s, valid_score: 0.065100]
25 Oct 08:40    INFO  valid result: 
recall@10 : 0.0957    recall@20 : 0.1339    recall@50 : 0.1951    ndcg@10 : 0.0551    ndcg@20 : 0.0651    ndcg@50 : 0.0776    
25 Oct 08:40    INFO  Saving current best: saved/DirectAU-Oct-25-2023_08-15-18.pth
25 Oct 08:40    INFO  epoch 135 training [time: 2.11s, train loss: -1.1149]
25 Oct 08:41    INFO  epoch 135 evaluating [time: 9.42s, valid_score: 0.064900]
25 Oct 08:41    INFO  valid result: 
recall@10 : 0.0953    recall@20 : 0.1332    recall@50 : 0.1947    ndcg@10 : 0.055    ndcg@20 : 0.0649    ndcg@50 : 0.0775    
25 Oct 08:41    INFO  epoch 136 training [time: 2.16s, train loss: -1.1153]
25 Oct 08:41    INFO  epoch 136 evaluating [time: 9.10s, valid_score: 0.064700]
25 Oct 08:41    INFO  valid result: 
recall@10 : 0.0955    recall@20 : 0.1331    recall@50 : 0.1948    ndcg@10 : 0.0549    ndcg@20 : 0.0647    ndcg@50 : 0.0774    
25 Oct 08:41    INFO  epoch 137 training [time: 2.06s, train loss: -1.1152]
25 Oct 08:41    INFO  epoch 137 evaluating [time: 9.29s, valid_score: 0.065000]
25 Oct 08:41    INFO  valid result: 
recall@10 : 0.0959    recall@20 : 0.1342    recall@50 : 0.1957    ndcg@10 : 0.055    ndcg@20 : 0.065    ndcg@50 : 0.0776    
25 Oct 08:41    INFO  epoch 138 training [time: 2.15s, train loss: -1.1152]
25 Oct 08:41    INFO  epoch 138 evaluating [time: 9.23s, valid_score: 0.065000]
25 Oct 08:41    INFO  valid result: 
recall@10 : 0.0959    recall@20 : 0.1335    recall@50 : 0.1961    ndcg@10 : 0.0552    ndcg@20 : 0.065    ndcg@50 : 0.0778    
25 Oct 08:41    INFO  epoch 139 training [time: 1.67s, train loss: -1.1154]
25 Oct 08:41    INFO  epoch 139 evaluating [time: 9.16s, valid_score: 0.065100]
25 Oct 08:41    INFO  valid result: 
recall@10 : 0.0962    recall@20 : 0.1339    recall@50 : 0.1956    ndcg@10 : 0.0552    ndcg@20 : 0.0651    ndcg@50 : 0.0777    
25 Oct 08:41    INFO  epoch 140 training [time: 1.81s, train loss: -1.1155]
25 Oct 08:42    INFO  epoch 140 evaluating [time: 9.14s, valid_score: 0.065100]
25 Oct 08:42    INFO  valid result: 
recall@10 : 0.0961    recall@20 : 0.1333    recall@50 : 0.1961    ndcg@10 : 0.0553    ndcg@20 : 0.0651    ndcg@50 : 0.0779    
25 Oct 08:42    INFO  epoch 141 training [time: 2.11s, train loss: -1.1156]
25 Oct 08:42    INFO  epoch 141 evaluating [time: 9.12s, valid_score: 0.065300]
25 Oct 08:42    INFO  valid result: 
recall@10 : 0.0961    recall@20 : 0.1338    recall@50 : 0.1956    ndcg@10 : 0.0554    ndcg@20 : 0.0653    ndcg@50 : 0.078    
25 Oct 08:42    INFO  Saving current best: saved/DirectAU-Oct-25-2023_08-15-18.pth
25 Oct 08:42    INFO  epoch 142 training [time: 2.13s, train loss: -1.1157]
25 Oct 08:42    INFO  epoch 142 evaluating [time: 9.12s, valid_score: 0.065100]
25 Oct 08:42    INFO  valid result: 
recall@10 : 0.0966    recall@20 : 0.1334    recall@50 : 0.1955    ndcg@10 : 0.0554    ndcg@20 : 0.0651    ndcg@50 : 0.0778    
25 Oct 08:42    INFO  epoch 143 training [time: 2.14s, train loss: -1.1154]
25 Oct 08:42    INFO  epoch 143 evaluating [time: 9.34s, valid_score: 0.064900]
25 Oct 08:42    INFO  valid result: 
recall@10 : 0.0964    recall@20 : 0.1338    recall@50 : 0.1961    ndcg@10 : 0.0551    ndcg@20 : 0.0649    ndcg@50 : 0.0777    
25 Oct 08:42    INFO  epoch 144 training [time: 1.81s, train loss: -1.1158]
25 Oct 08:42    INFO  epoch 144 evaluating [time: 9.16s, valid_score: 0.065000]
25 Oct 08:42    INFO  valid result: 
recall@10 : 0.0958    recall@20 : 0.1341    recall@50 : 0.1969    ndcg@10 : 0.055    ndcg@20 : 0.065    ndcg@50 : 0.0778    
25 Oct 08:42    INFO  epoch 145 training [time: 2.06s, train loss: -1.1159]
25 Oct 08:42    INFO  epoch 145 evaluating [time: 9.42s, valid_score: 0.064900]
25 Oct 08:42    INFO  valid result: 
recall@10 : 0.0965    recall@20 : 0.1338    recall@50 : 0.196    ndcg@10 : 0.0552    ndcg@20 : 0.0649    ndcg@50 : 0.0777    
25 Oct 08:43    INFO  epoch 146 training [time: 2.14s, train loss: -1.1160]
25 Oct 08:43    INFO  epoch 146 evaluating [time: 9.20s, valid_score: 0.065200]
25 Oct 08:43    INFO  valid result: 
recall@10 : 0.096    recall@20 : 0.1343    recall@50 : 0.1963    ndcg@10 : 0.0552    ndcg@20 : 0.0652    ndcg@50 : 0.078    
25 Oct 08:43    INFO  epoch 147 training [time: 2.16s, train loss: -1.1157]
25 Oct 08:43    INFO  epoch 147 evaluating [time: 9.30s, valid_score: 0.065200]
25 Oct 08:43    INFO  valid result: 
recall@10 : 0.0965    recall@20 : 0.1341    recall@50 : 0.1958    ndcg@10 : 0.0553    ndcg@20 : 0.0652    ndcg@50 : 0.0778    
25 Oct 08:43    INFO  epoch 148 training [time: 2.13s, train loss: -1.1160]
25 Oct 08:43    INFO  epoch 148 evaluating [time: 9.16s, valid_score: 0.065200]
25 Oct 08:43    INFO  valid result: 
recall@10 : 0.0962    recall@20 : 0.134    recall@50 : 0.196    ndcg@10 : 0.0553    ndcg@20 : 0.0652    ndcg@50 : 0.0779    
25 Oct 08:43    INFO  epoch 149 training [time: 1.81s, train loss: -1.1164]
25 Oct 08:43    INFO  epoch 149 evaluating [time: 9.25s, valid_score: 0.065100]
25 Oct 08:43    INFO  valid result: 
recall@10 : 0.0956    recall@20 : 0.1336    recall@50 : 0.1962    ndcg@10 : 0.0551    ndcg@20 : 0.0651    ndcg@50 : 0.0779    
25 Oct 08:43    INFO  epoch 150 training [time: 2.11s, train loss: -1.1164]
25 Oct 08:43    INFO  epoch 150 evaluating [time: 9.23s, valid_score: 0.065300]
25 Oct 08:43    INFO  valid result: 
recall@10 : 0.0959    recall@20 : 0.1343    recall@50 : 0.1955    ndcg@10 : 0.0552    ndcg@20 : 0.0653    ndcg@50 : 0.0778    
25 Oct 08:43    INFO  epoch 151 training [time: 2.15s, train loss: -1.1163]
25 Oct 08:44    INFO  epoch 151 evaluating [time: 9.21s, valid_score: 0.065200]
25 Oct 08:44    INFO  valid result: 
recall@10 : 0.0959    recall@20 : 0.134    recall@50 : 0.1963    ndcg@10 : 0.0552    ndcg@20 : 0.0652    ndcg@50 : 0.078    
25 Oct 08:44    INFO  epoch 152 training [time: 2.10s, train loss: -1.1164]
25 Oct 08:44    INFO  epoch 152 evaluating [time: 9.20s, valid_score: 0.065600]
25 Oct 08:44    INFO  valid result: 
recall@10 : 0.0962    recall@20 : 0.1349    recall@50 : 0.197    ndcg@10 : 0.0555    ndcg@20 : 0.0656    ndcg@50 : 0.0783    
25 Oct 08:44    INFO  Saving current best: saved/DirectAU-Oct-25-2023_08-15-18.pth
25 Oct 08:44    INFO  epoch 153 training [time: 2.12s, train loss: -1.1163]
25 Oct 08:44    INFO  epoch 153 evaluating [time: 9.35s, valid_score: 0.065600]
25 Oct 08:44    INFO  valid result: 
recall@10 : 0.096    recall@20 : 0.1348    recall@50 : 0.1966    ndcg@10 : 0.0554    ndcg@20 : 0.0656    ndcg@50 : 0.0782    
25 Oct 08:44    INFO  epoch 154 training [time: 1.82s, train loss: -1.1164]
25 Oct 08:44    INFO  epoch 154 evaluating [time: 9.31s, valid_score: 0.065700]
25 Oct 08:44    INFO  valid result: 
recall@10 : 0.0962    recall@20 : 0.1345    recall@50 : 0.1963    ndcg@10 : 0.0557    ndcg@20 : 0.0657    ndcg@50 : 0.0784    
25 Oct 08:44    INFO  Saving current best: saved/DirectAU-Oct-25-2023_08-15-18.pth
25 Oct 08:44    INFO  epoch 155 training [time: 2.10s, train loss: -1.1163]
25 Oct 08:44    INFO  epoch 155 evaluating [time: 9.46s, valid_score: 0.065600]
25 Oct 08:44    INFO  valid result: 
recall@10 : 0.0967    recall@20 : 0.1347    recall@50 : 0.1962    ndcg@10 : 0.0557    ndcg@20 : 0.0656    ndcg@50 : 0.0782    
25 Oct 08:44    INFO  epoch 156 training [time: 2.14s, train loss: -1.1163]
25 Oct 08:45    INFO  epoch 156 evaluating [time: 9.18s, valid_score: 0.065700]
25 Oct 08:45    INFO  valid result: 
recall@10 : 0.0964    recall@20 : 0.135    recall@50 : 0.1963    ndcg@10 : 0.0556    ndcg@20 : 0.0657    ndcg@50 : 0.0783    
25 Oct 08:45    INFO  epoch 157 training [time: 2.03s, train loss: -1.1166]
25 Oct 08:45    INFO  epoch 157 evaluating [time: 9.27s, valid_score: 0.065500]
25 Oct 08:45    INFO  valid result: 
recall@10 : 0.0965    recall@20 : 0.1347    recall@50 : 0.1973    ndcg@10 : 0.0555    ndcg@20 : 0.0655    ndcg@50 : 0.0783    
25 Oct 08:45    INFO  epoch 158 training [time: 1.87s, train loss: -1.1166]
25 Oct 08:45    INFO  epoch 158 evaluating [time: 9.38s, valid_score: 0.065300]
25 Oct 08:45    INFO  valid result: 
recall@10 : 0.0966    recall@20 : 0.1344    recall@50 : 0.1972    ndcg@10 : 0.0555    ndcg@20 : 0.0653    ndcg@50 : 0.0782    
25 Oct 08:45    INFO  epoch 159 training [time: 2.01s, train loss: -1.1167]
25 Oct 08:45    INFO  epoch 159 evaluating [time: 9.27s, valid_score: 0.065600]
25 Oct 08:45    INFO  valid result: 
recall@10 : 0.0965    recall@20 : 0.1351    recall@50 : 0.1973    ndcg@10 : 0.0555    ndcg@20 : 0.0656    ndcg@50 : 0.0783    
25 Oct 08:45    INFO  epoch 160 training [time: 1.82s, train loss: -1.1168]
25 Oct 08:45    INFO  epoch 160 evaluating [time: 9.37s, valid_score: 0.065500]
25 Oct 08:45    INFO  valid result: 
recall@10 : 0.0958    recall@20 : 0.1349    recall@50 : 0.1972    ndcg@10 : 0.0553    ndcg@20 : 0.0655    ndcg@50 : 0.0783    
25 Oct 08:45    INFO  epoch 161 training [time: 1.82s, train loss: -1.1167]
25 Oct 08:46    INFO  epoch 161 evaluating [time: 9.28s, valid_score: 0.065500]
25 Oct 08:46    INFO  valid result: 
recall@10 : 0.0963    recall@20 : 0.1346    recall@50 : 0.1979    ndcg@10 : 0.0555    ndcg@20 : 0.0655    ndcg@50 : 0.0785    
25 Oct 08:46    INFO  epoch 162 training [time: 2.12s, train loss: -1.1164]
25 Oct 08:46    INFO  epoch 162 evaluating [time: 9.23s, valid_score: 0.065500]
25 Oct 08:46    INFO  valid result: 
recall@10 : 0.0963    recall@20 : 0.1346    recall@50 : 0.197    ndcg@10 : 0.0555    ndcg@20 : 0.0655    ndcg@50 : 0.0783    
25 Oct 08:46    INFO  epoch 163 training [time: 2.09s, train loss: -1.1166]
25 Oct 08:46    INFO  epoch 163 evaluating [time: 9.13s, valid_score: 0.065600]
25 Oct 08:46    INFO  valid result: 
recall@10 : 0.096    recall@20 : 0.1347    recall@50 : 0.1975    ndcg@10 : 0.0554    ndcg@20 : 0.0656    ndcg@50 : 0.0784    
25 Oct 08:46    INFO  epoch 164 training [time: 2.16s, train loss: -1.1171]
25 Oct 08:46    INFO  epoch 164 evaluating [time: 9.22s, valid_score: 0.065600]
25 Oct 08:46    INFO  valid result: 
recall@10 : 0.0967    recall@20 : 0.135    recall@50 : 0.1976    ndcg@10 : 0.0555    ndcg@20 : 0.0656    ndcg@50 : 0.0784    
25 Oct 08:46    INFO  epoch 165 training [time: 2.13s, train loss: -1.1168]
25 Oct 08:46    INFO  epoch 165 evaluating [time: 8.96s, valid_score: 0.065500]
25 Oct 08:46    INFO  valid result: 
recall@10 : 0.0966    recall@20 : 0.1353    recall@50 : 0.1981    ndcg@10 : 0.0554    ndcg@20 : 0.0655    ndcg@50 : 0.0784    
25 Oct 08:46    INFO  Finished training, best eval result in epoch 154
25 Oct 08:46    INFO  Loading model structure and parameters from saved/DirectAU-Oct-25-2023_08-15-18.pth
25 Oct 08:46    INFO  best valid : {'recall@10': 0.0962, 'recall@20': 0.1345, 'recall@50': 0.1963, 'ndcg@10': 0.0557, 'ndcg@20': 0.0657, 'ndcg@50': 0.0784}
25 Oct 08:46    INFO  test result: {'recall@10': 0.0981, 'recall@20': 0.1377, 'recall@50': 0.2027, 'ndcg@10': 0.058, 'ndcg@20': 0.0683, 'ndcg@50': 0.0816}
