command line args [--zc 0.5] will not be used in RecBole
26 Oct 21:14    INFO  
General Hyper Parameters:
gpu_id = 3
use_gpu = True
seed = 0
state = INFO
reproducibility = True
data_path = dataset/Beauty
show_progress = False

Training Hyper Parameters:
checkpoint_dir = saved
epochs = 500
train_batch_size = 512
learner = adam
learning_rate = 0.001
training_neg_sample_num = 0
training_neg_sample_distribution = uniform
eval_step = 1
stopping_step = 10
clip_grad_norm = None
weight_decay = 1e-06
draw_loss_pic = False
loss_decimal_place = 4

Evaluation Hyper Parameters:
eval_setting = RO_RS,full
group_by_user = True
split_ratio = [0.8, 0.1, 0.1]
leave_one_num = 2
real_time_process = False
metrics = ['Recall', 'NDCG']
topk = [10, 20, 50]
valid_metric = NDCG@20
eval_batch_size = 4096
metric_decimal_place = 4

Dataset Hyper Parameters:
field_separator = 	
seq_separator =  
USER_ID_FIELD = user_id
ITEM_ID_FIELD = item_id
RATING_FIELD = rating
TIME_FIELD = timestamp
seq_len = None
LABEL_FIELD = label
threshold = None
NEG_PREFIX = neg_
load_col = {'inter': ['user_id', 'item_id', 'timestamp']}
unload_col = None
unused_col = None
additional_feat_suffix = None
lowest_val = None
highest_val = None
equal_val = None
not_equal_val = None
max_user_inter_num = None
min_user_inter_num = 5
max_item_inter_num = None
min_item_inter_num = 5
fields_in_same_space = None
preload_weight = None
normalize_field = None
normalize_all = None
ITEM_LIST_LENGTH_FIELD = item_length
LIST_SUFFIX = _list
MAX_ITEM_LIST_LENGTH = 50
POSITION_FIELD = position_id
HEAD_ENTITY_ID_FIELD = head_id
TAIL_ENTITY_ID_FIELD = tail_id
RELATION_ID_FIELD = relation_id
ENTITY_ID_FIELD = entity_id

Other Hyper Parameters: 
valid_metric_bigger = True
BT = 0.1
bt = 0.001
embedding_size = 64
encoder = MF
gamma = 1
times = 1
witem = 0.1
wuser = 0.8
zc = 0.5
rm_dup_inter = None
filter_inter_by_user_or_item = True
SOURCE_ID_FIELD = source_id
TARGET_ID_FIELD = target_id
benchmark_filename = None
MODEL_TYPE = ModelType.GENERAL
MODEL_INPUT_TYPE = InputType.POINTWISE
eval_type = EvaluatorType.RANKING
device = cuda
train_neg_sample_args = {'strategy': 'none'}


26 Oct 21:14    INFO  Beauty
The number of users: 22364
Average actions of users: 8.876358270357287
The number of items: 12102
Average actions of items: 16.403768283612923
The number of inters: 198502
The sparsity of the dataset: 99.92665707018277%
Remain Fields: ['user_id', 'item_id', 'timestamp']
26 Oct 21:14    INFO  Build [GeneralDataLoader] for [train] with format [InputType.POINTWISE]
26 Oct 21:14    INFO  [train] No Negative Sampling
26 Oct 21:14    INFO  [train] batch_size = [512], shuffle = [True]

26 Oct 21:14    INFO  Build [GeneralFullDataLoader] for [evaluation] with format [InputType.POINTWISE]
26 Oct 21:14    INFO  Evaluation Setting:
	Group by user_id
	Ordering: {'strategy': 'shuffle'}
	Splitting: {'strategy': 'by_ratio', 'ratios': [0.8, 0.1, 0.1]}
	Negative Sampling: {'strategy': 'full', 'distribution': 'uniform'}
26 Oct 21:14    INFO  [evaluation] batch_size = [4096], shuffle = [False]

26 Oct 21:14    WARNING  Batch size is changed to 12102.
26 Oct 21:14    WARNING  Batch size is changed to 12102.
{'BT': 0.1, 'bt': 0.001, 'embedding_size': 64, 'encoder': 'MF', 'gamma': None, 'times': 1, 'training_neg_sample_num': 0, 'witem': 0.1, 'wuser': 0.8, 'zc': 0.5}
this is encoder MF...
这是directau 的 WUBT 版本...0.5
26 Oct 21:14    INFO  DirectAU(
  (encoder): MFEncoder(
    (user_embedding): Embedding(22364, 64)
    (item_embedding): Embedding(12102, 64)
  )
  (bn): BatchNorm1d(64, eps=1e-05, momentum=0.1, affine=False, track_running_stats=True)
  (projector): Sequential(
    (0): Linear(in_features=64, out_features=64, bias=False)
    (1): BatchNorm1d(64, eps=1e-05, momentum=0.1, affine=True, track_running_stats=True)
    (2): ReLU(inplace=True)
    (3): Linear(in_features=64, out_features=64, bias=False)
    (4): BatchNorm1d(64, eps=1e-05, momentum=0.1, affine=True, track_running_stats=True)
    (5): ReLU(inplace=True)
    (6): Linear(in_features=64, out_features=64, bias=False)
  )
)
Trainable parameters: 2218368
26 Oct 21:14    INFO  epoch 0 training [time: 1.79s, train loss: -1.8798]
26 Oct 21:14    INFO  epoch 0 evaluating [time: 9.61s, valid_score: 0.012500]
26 Oct 21:14    INFO  valid result: 
recall@10 : 0.0171    recall@20 : 0.0279    recall@50 : 0.0457    ndcg@10 : 0.0095    ndcg@20 : 0.0125    ndcg@50 : 0.0163    
26 Oct 21:14    INFO  Saving current best: saved/DirectAU-Oct-26-2023_21-14-31.pth
26 Oct 21:14    INFO  epoch 1 training [time: 1.79s, train loss: -2.4291]
26 Oct 21:15    INFO  epoch 1 evaluating [time: 22.04s, valid_score: 0.020500]
26 Oct 21:15    INFO  valid result: 
recall@10 : 0.0294    recall@20 : 0.0445    recall@50 : 0.072    ndcg@10 : 0.0165    ndcg@20 : 0.0205    ndcg@50 : 0.0263    
26 Oct 21:15    INFO  Saving current best: saved/DirectAU-Oct-26-2023_21-14-31.pth
26 Oct 21:15    INFO  epoch 2 training [time: 2.15s, train loss: -2.5944]
26 Oct 21:15    INFO  epoch 2 evaluating [time: 38.81s, valid_score: 0.026100]
26 Oct 21:15    INFO  valid result: 
recall@10 : 0.0371    recall@20 : 0.0562    recall@50 : 0.0907    ndcg@10 : 0.0209    ndcg@20 : 0.0261    ndcg@50 : 0.0332    
26 Oct 21:15    INFO  Saving current best: saved/DirectAU-Oct-26-2023_21-14-31.pth
26 Oct 21:15    INFO  epoch 3 training [time: 2.13s, train loss: -2.6737]
26 Oct 21:16    INFO  epoch 3 evaluating [time: 38.49s, valid_score: 0.029900]
26 Oct 21:16    INFO  valid result: 
recall@10 : 0.0432    recall@20 : 0.0639    recall@50 : 0.1016    ndcg@10 : 0.0243    ndcg@20 : 0.0299    ndcg@50 : 0.0378    
26 Oct 21:16    INFO  Saving current best: saved/DirectAU-Oct-26-2023_21-14-31.pth
26 Oct 21:16    INFO  epoch 4 training [time: 2.08s, train loss: -2.7242]
26 Oct 21:17    INFO  epoch 4 evaluating [time: 38.42s, valid_score: 0.032900]
26 Oct 21:17    INFO  valid result: 
recall@10 : 0.0472    recall@20 : 0.0707    recall@50 : 0.1091    ndcg@10 : 0.0266    ndcg@20 : 0.0329    ndcg@50 : 0.0409    
26 Oct 21:17    INFO  Saving current best: saved/DirectAU-Oct-26-2023_21-14-31.pth
26 Oct 21:17    INFO  epoch 5 training [time: 2.12s, train loss: -2.7587]
26 Oct 21:17    INFO  epoch 5 evaluating [time: 39.48s, valid_score: 0.035000]
26 Oct 21:17    INFO  valid result: 
recall@10 : 0.0504    recall@20 : 0.0746    recall@50 : 0.1146    ndcg@10 : 0.0286    ndcg@20 : 0.035    ndcg@50 : 0.0434    
26 Oct 21:17    INFO  Saving current best: saved/DirectAU-Oct-26-2023_21-14-31.pth
26 Oct 21:17    INFO  epoch 6 training [time: 1.98s, train loss: -2.7854]
26 Oct 21:18    INFO  epoch 6 evaluating [time: 38.80s, valid_score: 0.036900]
26 Oct 21:18    INFO  valid result: 
recall@10 : 0.0519    recall@20 : 0.0777    recall@50 : 0.1193    ndcg@10 : 0.0301    ndcg@20 : 0.0369    ndcg@50 : 0.0455    
26 Oct 21:18    INFO  Saving current best: saved/DirectAU-Oct-26-2023_21-14-31.pth
26 Oct 21:18    INFO  epoch 7 training [time: 2.12s, train loss: -2.8067]
26 Oct 21:19    INFO  epoch 7 evaluating [time: 39.32s, valid_score: 0.038600]
26 Oct 21:19    INFO  valid result: 
recall@10 : 0.0552    recall@20 : 0.0813    recall@50 : 0.1235    ndcg@10 : 0.0317    ndcg@20 : 0.0386    ndcg@50 : 0.0473    
26 Oct 21:19    INFO  Saving current best: saved/DirectAU-Oct-26-2023_21-14-31.pth
26 Oct 21:19    INFO  epoch 8 training [time: 2.14s, train loss: -2.8246]
26 Oct 21:19    INFO  epoch 8 evaluating [time: 39.39s, valid_score: 0.039400]
26 Oct 21:19    INFO  valid result: 
recall@10 : 0.0574    recall@20 : 0.0837    recall@50 : 0.128    ndcg@10 : 0.0324    ndcg@20 : 0.0394    ndcg@50 : 0.0486    
26 Oct 21:19    INFO  Saving current best: saved/DirectAU-Oct-26-2023_21-14-31.pth
26 Oct 21:19    INFO  epoch 9 training [time: 2.12s, train loss: -2.8394]
26 Oct 21:20    INFO  epoch 9 evaluating [time: 39.18s, valid_score: 0.040800]
26 Oct 21:20    INFO  valid result: 
recall@10 : 0.0587    recall@20 : 0.0863    recall@50 : 0.1311    ndcg@10 : 0.0335    ndcg@20 : 0.0408    ndcg@50 : 0.05    
26 Oct 21:20    INFO  Saving current best: saved/DirectAU-Oct-26-2023_21-14-31.pth
26 Oct 21:20    INFO  epoch 10 training [time: 2.15s, train loss: -2.8519]
26 Oct 21:21    INFO  epoch 10 evaluating [time: 39.09s, valid_score: 0.042200]
26 Oct 21:21    INFO  valid result: 
recall@10 : 0.0601    recall@20 : 0.0888    recall@50 : 0.1345    ndcg@10 : 0.0346    ndcg@20 : 0.0422    ndcg@50 : 0.0516    
26 Oct 21:21    INFO  Saving current best: saved/DirectAU-Oct-26-2023_21-14-31.pth
26 Oct 21:21    INFO  epoch 11 training [time: 2.13s, train loss: -2.8633]
26 Oct 21:22    INFO  epoch 11 evaluating [time: 65.64s, valid_score: 0.043100]
26 Oct 21:22    INFO  valid result: 
recall@10 : 0.0613    recall@20 : 0.0903    recall@50 : 0.1365    ndcg@10 : 0.0354    ndcg@20 : 0.0431    ndcg@50 : 0.0526    
26 Oct 21:22    INFO  Saving current best: saved/DirectAU-Oct-26-2023_21-14-31.pth
26 Oct 21:22    INFO  epoch 12 training [time: 2.39s, train loss: -2.8727]
26 Oct 21:23    INFO  epoch 12 evaluating [time: 70.64s, valid_score: 0.043100]
26 Oct 21:23    INFO  valid result: 
recall@10 : 0.0624    recall@20 : 0.0907    recall@50 : 0.14    ndcg@10 : 0.0357    ndcg@20 : 0.0431    ndcg@50 : 0.0533    
26 Oct 21:23    INFO  epoch 13 training [time: 2.22s, train loss: -2.8822]
26 Oct 21:24    INFO  epoch 13 evaluating [time: 62.55s, valid_score: 0.043900]
26 Oct 21:24    INFO  valid result: 
recall@10 : 0.0625    recall@20 : 0.0931    recall@50 : 0.1418    ndcg@10 : 0.0358    ndcg@20 : 0.0439    ndcg@50 : 0.0539    
26 Oct 21:24    INFO  Saving current best: saved/DirectAU-Oct-26-2023_21-14-31.pth
26 Oct 21:24    INFO  epoch 14 training [time: 2.22s, train loss: -2.8897]
26 Oct 21:25    INFO  epoch 14 evaluating [time: 70.73s, valid_score: 0.044900]
26 Oct 21:25    INFO  valid result: 
recall@10 : 0.0654    recall@20 : 0.0948    recall@50 : 0.1435    ndcg@10 : 0.0371    ndcg@20 : 0.0449    ndcg@50 : 0.0549    
26 Oct 21:25    INFO  Saving current best: saved/DirectAU-Oct-26-2023_21-14-31.pth
26 Oct 21:25    INFO  epoch 15 training [time: 2.37s, train loss: -2.8973]
26 Oct 21:27    INFO  epoch 15 evaluating [time: 70.72s, valid_score: 0.045400]
26 Oct 21:27    INFO  valid result: 
recall@10 : 0.0659    recall@20 : 0.0956    recall@50 : 0.1456    ndcg@10 : 0.0376    ndcg@20 : 0.0454    ndcg@50 : 0.0557    
26 Oct 21:27    INFO  Saving current best: saved/DirectAU-Oct-26-2023_21-14-31.pth
26 Oct 21:27    INFO  epoch 16 training [time: 2.39s, train loss: -2.9042]
26 Oct 21:28    INFO  epoch 16 evaluating [time: 70.66s, valid_score: 0.046300]
26 Oct 21:28    INFO  valid result: 
recall@10 : 0.0664    recall@20 : 0.098    recall@50 : 0.1472    ndcg@10 : 0.0381    ndcg@20 : 0.0463    ndcg@50 : 0.0565    
26 Oct 21:28    INFO  Saving current best: saved/DirectAU-Oct-26-2023_21-14-31.pth
26 Oct 21:28    INFO  epoch 17 training [time: 2.40s, train loss: -2.9108]
26 Oct 21:29    INFO  epoch 17 evaluating [time: 62.36s, valid_score: 0.046700]
26 Oct 21:29    INFO  valid result: 
recall@10 : 0.0673    recall@20 : 0.0986    recall@50 : 0.1484    ndcg@10 : 0.0385    ndcg@20 : 0.0467    ndcg@50 : 0.057    
26 Oct 21:29    INFO  Saving current best: saved/DirectAU-Oct-26-2023_21-14-31.pth
26 Oct 21:29    INFO  epoch 18 training [time: 2.40s, train loss: -2.9165]
26 Oct 21:30    INFO  epoch 18 evaluating [time: 70.71s, valid_score: 0.047200]
26 Oct 21:30    INFO  valid result: 
recall@10 : 0.0684    recall@20 : 0.0995    recall@50 : 0.1497    ndcg@10 : 0.039    ndcg@20 : 0.0472    ndcg@50 : 0.0576    
26 Oct 21:30    INFO  Saving current best: saved/DirectAU-Oct-26-2023_21-14-31.pth
26 Oct 21:30    INFO  epoch 19 training [time: 2.40s, train loss: -2.9222]
26 Oct 21:31    INFO  epoch 19 evaluating [time: 70.71s, valid_score: 0.047200]
26 Oct 21:31    INFO  valid result: 
recall@10 : 0.0683    recall@20 : 0.0995    recall@50 : 0.1501    ndcg@10 : 0.0391    ndcg@20 : 0.0472    ndcg@50 : 0.0577    
26 Oct 21:31    INFO  epoch 20 training [time: 2.39s, train loss: -2.9276]
26 Oct 21:32    INFO  epoch 20 evaluating [time: 63.12s, valid_score: 0.047300]
26 Oct 21:32    INFO  valid result: 
recall@10 : 0.068    recall@20 : 0.1001    recall@50 : 0.151    ndcg@10 : 0.0389    ndcg@20 : 0.0473    ndcg@50 : 0.0578    
26 Oct 21:32    INFO  Saving current best: saved/DirectAU-Oct-26-2023_21-14-31.pth
26 Oct 21:33    INFO  epoch 21 training [time: 3.75s, train loss: -2.9323]
26 Oct 21:34    INFO  epoch 21 evaluating [time: 68.87s, valid_score: 0.048200]
26 Oct 21:34    INFO  valid result: 
recall@10 : 0.0686    recall@20 : 0.1014    recall@50 : 0.1516    ndcg@10 : 0.0396    ndcg@20 : 0.0482    ndcg@50 : 0.0585    
26 Oct 21:34    INFO  Saving current best: saved/DirectAU-Oct-26-2023_21-14-31.pth
26 Oct 21:34    INFO  epoch 22 training [time: 2.45s, train loss: -2.9371]
26 Oct 21:35    INFO  epoch 22 evaluating [time: 71.05s, valid_score: 0.048300]
26 Oct 21:35    INFO  valid result: 
recall@10 : 0.0704    recall@20 : 0.1015    recall@50 : 0.1527    ndcg@10 : 0.0402    ndcg@20 : 0.0483    ndcg@50 : 0.0589    
26 Oct 21:35    INFO  Saving current best: saved/DirectAU-Oct-26-2023_21-14-31.pth
26 Oct 21:35    INFO  epoch 23 training [time: 2.43s, train loss: -2.9412]
26 Oct 21:36    INFO  epoch 23 evaluating [time: 71.03s, valid_score: 0.048500]
26 Oct 21:36    INFO  valid result: 
recall@10 : 0.07    recall@20 : 0.1022    recall@50 : 0.154    ndcg@10 : 0.0401    ndcg@20 : 0.0485    ndcg@50 : 0.0592    
26 Oct 21:36    INFO  Saving current best: saved/DirectAU-Oct-26-2023_21-14-31.pth
26 Oct 21:36    INFO  epoch 24 training [time: 2.40s, train loss: -2.9456]
26 Oct 21:37    INFO  epoch 24 evaluating [time: 63.06s, valid_score: 0.049000]
26 Oct 21:37    INFO  valid result: 
recall@10 : 0.0707    recall@20 : 0.1018    recall@50 : 0.1552    ndcg@10 : 0.0408    ndcg@20 : 0.049    ndcg@50 : 0.06    
26 Oct 21:37    INFO  Saving current best: saved/DirectAU-Oct-26-2023_21-14-31.pth
26 Oct 21:37    INFO  epoch 25 training [time: 2.43s, train loss: -2.9503]
26 Oct 21:38    INFO  epoch 25 evaluating [time: 71.01s, valid_score: 0.049300]
26 Oct 21:38    INFO  valid result: 
recall@10 : 0.07    recall@20 : 0.1034    recall@50 : 0.1559    ndcg@10 : 0.0406    ndcg@20 : 0.0493    ndcg@50 : 0.0601    
26 Oct 21:38    INFO  Saving current best: saved/DirectAU-Oct-26-2023_21-14-31.pth
26 Oct 21:38    INFO  epoch 26 training [time: 2.35s, train loss: -2.9540]
26 Oct 21:40    INFO  epoch 26 evaluating [time: 71.06s, valid_score: 0.049700]
26 Oct 21:40    INFO  valid result: 
recall@10 : 0.071    recall@20 : 0.1041    recall@50 : 0.1572    ndcg@10 : 0.0411    ndcg@20 : 0.0497    ndcg@50 : 0.0606    
26 Oct 21:40    INFO  Saving current best: saved/DirectAU-Oct-26-2023_21-14-31.pth
26 Oct 21:40    INFO  epoch 27 training [time: 2.27s, train loss: -2.9575]
26 Oct 21:41    INFO  epoch 27 evaluating [time: 67.68s, valid_score: 0.049400]
26 Oct 21:41    INFO  valid result: 
recall@10 : 0.0708    recall@20 : 0.1036    recall@50 : 0.1576    ndcg@10 : 0.0408    ndcg@20 : 0.0494    ndcg@50 : 0.0605    
26 Oct 21:41    INFO  epoch 28 training [time: 3.77s, train loss: -2.9610]
26 Oct 21:42    INFO  epoch 28 evaluating [time: 64.55s, valid_score: 0.050000]
26 Oct 21:42    INFO  valid result: 
recall@10 : 0.072    recall@20 : 0.1045    recall@50 : 0.1583    ndcg@10 : 0.0415    ndcg@20 : 0.05    ndcg@50 : 0.0611    
26 Oct 21:42    INFO  Saving current best: saved/DirectAU-Oct-26-2023_21-14-31.pth
26 Oct 21:42    INFO  epoch 29 training [time: 2.35s, train loss: -2.9644]
26 Oct 21:43    INFO  epoch 29 evaluating [time: 71.18s, valid_score: 0.050500]
26 Oct 21:43    INFO  valid result: 
recall@10 : 0.0717    recall@20 : 0.1058    recall@50 : 0.159    ndcg@10 : 0.0416    ndcg@20 : 0.0505    ndcg@50 : 0.0615    
26 Oct 21:43    INFO  Saving current best: saved/DirectAU-Oct-26-2023_21-14-31.pth
26 Oct 21:43    INFO  epoch 30 training [time: 2.45s, train loss: -2.9673]
26 Oct 21:44    INFO  epoch 30 evaluating [time: 71.04s, valid_score: 0.050400]
26 Oct 21:44    INFO  valid result: 
recall@10 : 0.0728    recall@20 : 0.1059    recall@50 : 0.1595    ndcg@10 : 0.0418    ndcg@20 : 0.0504    ndcg@50 : 0.0614    
26 Oct 21:44    INFO  epoch 31 training [time: 2.41s, train loss: -2.9706]
26 Oct 21:46    INFO  epoch 31 evaluating [time: 62.88s, valid_score: 0.051000]
26 Oct 21:46    INFO  valid result: 
recall@10 : 0.0722    recall@20 : 0.1069    recall@50 : 0.1598    ndcg@10 : 0.042    ndcg@20 : 0.051    ndcg@50 : 0.0619    
26 Oct 21:46    INFO  Saving current best: saved/DirectAU-Oct-26-2023_21-14-31.pth
26 Oct 21:46    INFO  epoch 32 training [time: 2.44s, train loss: -2.9742]
26 Oct 21:47    INFO  epoch 32 evaluating [time: 71.24s, valid_score: 0.051200]
26 Oct 21:47    INFO  valid result: 
recall@10 : 0.0734    recall@20 : 0.108    recall@50 : 0.1606    ndcg@10 : 0.0422    ndcg@20 : 0.0512    ndcg@50 : 0.062    
26 Oct 21:47    INFO  Saving current best: saved/DirectAU-Oct-26-2023_21-14-31.pth
26 Oct 21:47    INFO  epoch 33 training [time: 2.39s, train loss: -2.9768]
26 Oct 21:48    INFO  epoch 33 evaluating [time: 70.95s, valid_score: 0.051400]
26 Oct 21:48    INFO  valid result: 
recall@10 : 0.0729    recall@20 : 0.1077    recall@50 : 0.1611    ndcg@10 : 0.0423    ndcg@20 : 0.0514    ndcg@50 : 0.0624    
26 Oct 21:48    INFO  Saving current best: saved/DirectAU-Oct-26-2023_21-14-31.pth
26 Oct 21:48    INFO  epoch 34 training [time: 2.41s, train loss: -2.9795]
26 Oct 21:49    INFO  epoch 34 evaluating [time: 71.15s, valid_score: 0.051200]
26 Oct 21:49    INFO  valid result: 
recall@10 : 0.0734    recall@20 : 0.108    recall@50 : 0.1618    ndcg@10 : 0.0422    ndcg@20 : 0.0512    ndcg@50 : 0.0623    
26 Oct 21:49    INFO  epoch 35 training [time: 2.44s, train loss: -2.9820]
26 Oct 21:50    INFO  epoch 35 evaluating [time: 62.67s, valid_score: 0.051600]
26 Oct 21:50    INFO  valid result: 
recall@10 : 0.0736    recall@20 : 0.1086    recall@50 : 0.1623    ndcg@10 : 0.0425    ndcg@20 : 0.0516    ndcg@50 : 0.0626    
26 Oct 21:50    INFO  Saving current best: saved/DirectAU-Oct-26-2023_21-14-31.pth
26 Oct 21:50    INFO  epoch 36 training [time: 2.39s, train loss: -2.9847]
26 Oct 21:52    INFO  epoch 36 evaluating [time: 71.11s, valid_score: 0.051500]
26 Oct 21:52    INFO  valid result: 
recall@10 : 0.0744    recall@20 : 0.1083    recall@50 : 0.1628    ndcg@10 : 0.0427    ndcg@20 : 0.0515    ndcg@50 : 0.0627    
26 Oct 21:52    INFO  epoch 37 training [time: 2.42s, train loss: -2.9870]
26 Oct 21:53    INFO  epoch 37 evaluating [time: 70.93s, valid_score: 0.052300]
26 Oct 21:53    INFO  valid result: 
recall@10 : 0.0749    recall@20 : 0.1089    recall@50 : 0.1628    ndcg@10 : 0.0434    ndcg@20 : 0.0523    ndcg@50 : 0.0633    
26 Oct 21:53    INFO  Saving current best: saved/DirectAU-Oct-26-2023_21-14-31.pth
26 Oct 21:53    INFO  epoch 38 training [time: 2.40s, train loss: -2.9891]
26 Oct 21:54    INFO  epoch 38 evaluating [time: 62.61s, valid_score: 0.052300]
26 Oct 21:54    INFO  valid result: 
recall@10 : 0.0755    recall@20 : 0.109    recall@50 : 0.1628    ndcg@10 : 0.0436    ndcg@20 : 0.0523    ndcg@50 : 0.0634    
26 Oct 21:54    INFO  epoch 39 training [time: 2.44s, train loss: -2.9919]
26 Oct 21:55    INFO  epoch 39 evaluating [time: 71.26s, valid_score: 0.052200]
26 Oct 21:55    INFO  valid result: 
recall@10 : 0.0755    recall@20 : 0.11    recall@50 : 0.1638    ndcg@10 : 0.0432    ndcg@20 : 0.0522    ndcg@50 : 0.0632    
26 Oct 21:55    INFO  epoch 40 training [time: 2.42s, train loss: -2.9938]
26 Oct 21:56    INFO  epoch 40 evaluating [time: 70.91s, valid_score: 0.052300]
26 Oct 21:56    INFO  valid result: 
recall@10 : 0.0763    recall@20 : 0.1106    recall@50 : 0.1643    ndcg@10 : 0.0434    ndcg@20 : 0.0523    ndcg@50 : 0.0634    
26 Oct 21:56    INFO  epoch 41 training [time: 2.39s, train loss: -2.9960]
26 Oct 21:57    INFO  epoch 41 evaluating [time: 71.07s, valid_score: 0.052800]
26 Oct 21:57    INFO  valid result: 
recall@10 : 0.0754    recall@20 : 0.1109    recall@50 : 0.1647    ndcg@10 : 0.0436    ndcg@20 : 0.0528    ndcg@50 : 0.0639    
26 Oct 21:57    INFO  Saving current best: saved/DirectAU-Oct-26-2023_21-14-31.pth
26 Oct 21:58    INFO  epoch 42 training [time: 2.42s, train loss: -2.9980]
26 Oct 21:59    INFO  epoch 42 evaluating [time: 62.76s, valid_score: 0.052900]
26 Oct 21:59    INFO  valid result: 
recall@10 : 0.0761    recall@20 : 0.1112    recall@50 : 0.1655    ndcg@10 : 0.0438    ndcg@20 : 0.0529    ndcg@50 : 0.0642    
26 Oct 21:59    INFO  Saving current best: saved/DirectAU-Oct-26-2023_21-14-31.pth
26 Oct 21:59    INFO  epoch 43 training [time: 2.37s, train loss: -3.0000]
26 Oct 22:00    INFO  epoch 43 evaluating [time: 71.10s, valid_score: 0.052800]
26 Oct 22:00    INFO  valid result: 
recall@10 : 0.0759    recall@20 : 0.1114    recall@50 : 0.1665    ndcg@10 : 0.0436    ndcg@20 : 0.0528    ndcg@50 : 0.0642    
26 Oct 22:00    INFO  epoch 44 training [time: 2.23s, train loss: -3.0019]
26 Oct 22:01    INFO  epoch 44 evaluating [time: 70.93s, valid_score: 0.052900]
26 Oct 22:01    INFO  valid result: 
recall@10 : 0.0767    recall@20 : 0.1116    recall@50 : 0.1665    ndcg@10 : 0.0438    ndcg@20 : 0.0529    ndcg@50 : 0.0642    
26 Oct 22:01    INFO  epoch 45 training [time: 2.41s, train loss: -3.0037]
26 Oct 22:02    INFO  epoch 45 evaluating [time: 62.88s, valid_score: 0.053000]
26 Oct 22:02    INFO  valid result: 
recall@10 : 0.0772    recall@20 : 0.1115    recall@50 : 0.1675    ndcg@10 : 0.044    ndcg@20 : 0.053    ndcg@50 : 0.0645    
26 Oct 22:02    INFO  Saving current best: saved/DirectAU-Oct-26-2023_21-14-31.pth
26 Oct 22:02    INFO  epoch 46 training [time: 2.41s, train loss: -3.0054]
26 Oct 22:03    INFO  epoch 46 evaluating [time: 70.79s, valid_score: 0.052800]
26 Oct 22:03    INFO  valid result: 
recall@10 : 0.077    recall@20 : 0.1103    recall@50 : 0.1667    ndcg@10 : 0.0441    ndcg@20 : 0.0528    ndcg@50 : 0.0644    
26 Oct 22:03    INFO  epoch 47 training [time: 2.37s, train loss: -3.0072]
26 Oct 22:05    INFO  epoch 47 evaluating [time: 70.98s, valid_score: 0.053300]
26 Oct 22:05    INFO  valid result: 
recall@10 : 0.0763    recall@20 : 0.112    recall@50 : 0.1671    ndcg@10 : 0.0439    ndcg@20 : 0.0533    ndcg@50 : 0.0646    
26 Oct 22:05    INFO  Saving current best: saved/DirectAU-Oct-26-2023_21-14-31.pth
26 Oct 22:05    INFO  epoch 48 training [time: 2.36s, train loss: -3.0087]
26 Oct 22:06    INFO  epoch 48 evaluating [time: 70.91s, valid_score: 0.053200]
26 Oct 22:06    INFO  valid result: 
recall@10 : 0.0769    recall@20 : 0.1114    recall@50 : 0.168    ndcg@10 : 0.0442    ndcg@20 : 0.0532    ndcg@50 : 0.0649    
26 Oct 22:06    INFO  epoch 49 training [time: 2.34s, train loss: -3.0103]
26 Oct 22:07    INFO  epoch 49 evaluating [time: 62.83s, valid_score: 0.053700]
26 Oct 22:07    INFO  valid result: 
recall@10 : 0.0768    recall@20 : 0.1126    recall@50 : 0.1682    ndcg@10 : 0.0444    ndcg@20 : 0.0537    ndcg@50 : 0.0652    
26 Oct 22:07    INFO  Saving current best: saved/DirectAU-Oct-26-2023_21-14-31.pth
26 Oct 22:07    INFO  epoch 50 training [time: 2.47s, train loss: -3.0117]
26 Oct 22:08    INFO  epoch 50 evaluating [time: 70.84s, valid_score: 0.053400]
26 Oct 22:08    INFO  valid result: 
recall@10 : 0.0781    recall@20 : 0.1124    recall@50 : 0.168    ndcg@10 : 0.0445    ndcg@20 : 0.0534    ndcg@50 : 0.0649    
26 Oct 22:08    INFO  epoch 51 training [time: 2.30s, train loss: -3.0131]
26 Oct 22:09    INFO  epoch 51 evaluating [time: 71.14s, valid_score: 0.053600]
26 Oct 22:09    INFO  valid result: 
recall@10 : 0.0782    recall@20 : 0.1128    recall@50 : 0.1681    ndcg@10 : 0.0446    ndcg@20 : 0.0536    ndcg@50 : 0.065    
26 Oct 22:09    INFO  epoch 52 training [time: 2.36s, train loss: -3.0140]
26 Oct 22:10    INFO  epoch 52 evaluating [time: 62.85s, valid_score: 0.054000]
26 Oct 22:10    INFO  valid result: 
recall@10 : 0.0783    recall@20 : 0.1132    recall@50 : 0.1694    ndcg@10 : 0.0449    ndcg@20 : 0.054    ndcg@50 : 0.0655    
26 Oct 22:10    INFO  Saving current best: saved/DirectAU-Oct-26-2023_21-14-31.pth
26 Oct 22:10    INFO  epoch 53 training [time: 2.38s, train loss: -3.0158]
26 Oct 22:12    INFO  epoch 53 evaluating [time: 71.02s, valid_score: 0.053800]
26 Oct 22:12    INFO  valid result: 
recall@10 : 0.0779    recall@20 : 0.1121    recall@50 : 0.1704    ndcg@10 : 0.0448    ndcg@20 : 0.0538    ndcg@50 : 0.0658    
26 Oct 22:12    INFO  epoch 54 training [time: 2.35s, train loss: -3.0171]
26 Oct 22:13    INFO  epoch 54 evaluating [time: 71.06s, valid_score: 0.054000]
26 Oct 22:13    INFO  valid result: 
recall@10 : 0.078    recall@20 : 0.1131    recall@50 : 0.1697    ndcg@10 : 0.0449    ndcg@20 : 0.054    ndcg@50 : 0.0657    
26 Oct 22:13    INFO  epoch 55 training [time: 2.43s, train loss: -3.0184]
26 Oct 22:14    INFO  epoch 55 evaluating [time: 70.81s, valid_score: 0.053600]
26 Oct 22:14    INFO  valid result: 
recall@10 : 0.0788    recall@20 : 0.1125    recall@50 : 0.1696    ndcg@10 : 0.0448    ndcg@20 : 0.0536    ndcg@50 : 0.0654    
26 Oct 22:14    INFO  epoch 56 training [time: 2.40s, train loss: -3.0195]
26 Oct 22:15    INFO  epoch 56 evaluating [time: 62.94s, valid_score: 0.054000]
26 Oct 22:15    INFO  valid result: 
recall@10 : 0.0791    recall@20 : 0.1128    recall@50 : 0.1693    ndcg@10 : 0.0452    ndcg@20 : 0.054    ndcg@50 : 0.0657    
26 Oct 22:15    INFO  epoch 57 training [time: 2.41s, train loss: -3.0206]
26 Oct 22:16    INFO  epoch 57 evaluating [time: 71.05s, valid_score: 0.054300]
26 Oct 22:16    INFO  valid result: 
recall@10 : 0.0791    recall@20 : 0.1129    recall@50 : 0.1698    ndcg@10 : 0.0455    ndcg@20 : 0.0543    ndcg@50 : 0.066    
26 Oct 22:16    INFO  Saving current best: saved/DirectAU-Oct-26-2023_21-14-31.pth
26 Oct 22:16    INFO  epoch 58 training [time: 2.38s, train loss: -3.0218]
26 Oct 22:18    INFO  epoch 58 evaluating [time: 70.48s, valid_score: 0.054600]
26 Oct 22:18    INFO  valid result: 
recall@10 : 0.0795    recall@20 : 0.1138    recall@50 : 0.1704    ndcg@10 : 0.0457    ndcg@20 : 0.0546    ndcg@50 : 0.0663    
26 Oct 22:18    INFO  Saving current best: saved/DirectAU-Oct-26-2023_21-14-31.pth
26 Oct 22:18    INFO  epoch 59 training [time: 2.41s, train loss: -3.0226]
26 Oct 22:19    INFO  epoch 59 evaluating [time: 62.67s, valid_score: 0.054300]
26 Oct 22:19    INFO  valid result: 
recall@10 : 0.0798    recall@20 : 0.1135    recall@50 : 0.1716    ndcg@10 : 0.0455    ndcg@20 : 0.0543    ndcg@50 : 0.0662    
26 Oct 22:19    INFO  epoch 60 training [time: 2.42s, train loss: -3.0232]
26 Oct 22:20    INFO  epoch 60 evaluating [time: 71.32s, valid_score: 0.054900]
26 Oct 22:20    INFO  valid result: 
recall@10 : 0.0795    recall@20 : 0.1141    recall@50 : 0.1724    ndcg@10 : 0.0459    ndcg@20 : 0.0549    ndcg@50 : 0.0669    
26 Oct 22:20    INFO  Saving current best: saved/DirectAU-Oct-26-2023_21-14-31.pth
26 Oct 22:20    INFO  epoch 61 training [time: 2.42s, train loss: -3.0247]
26 Oct 22:21    INFO  epoch 61 evaluating [time: 70.78s, valid_score: 0.055000]
26 Oct 22:21    INFO  valid result: 
recall@10 : 0.0796    recall@20 : 0.1152    recall@50 : 0.1716    ndcg@10 : 0.0457    ndcg@20 : 0.055    ndcg@50 : 0.0666    
26 Oct 22:21    INFO  Saving current best: saved/DirectAU-Oct-26-2023_21-14-31.pth
26 Oct 22:21    INFO  epoch 62 training [time: 2.42s, train loss: -3.0256]
26 Oct 22:22    INFO  epoch 62 evaluating [time: 71.15s, valid_score: 0.055100]
26 Oct 22:22    INFO  valid result: 
recall@10 : 0.0798    recall@20 : 0.1148    recall@50 : 0.1737    ndcg@10 : 0.046    ndcg@20 : 0.0551    ndcg@50 : 0.0672    
26 Oct 22:22    INFO  Saving current best: saved/DirectAU-Oct-26-2023_21-14-31.pth
26 Oct 22:22    INFO  epoch 63 training [time: 2.33s, train loss: -3.0264]
26 Oct 22:23    INFO  epoch 63 evaluating [time: 62.65s, valid_score: 0.054700]
26 Oct 22:23    INFO  valid result: 
recall@10 : 0.0801    recall@20 : 0.1138    recall@50 : 0.1729    ndcg@10 : 0.0459    ndcg@20 : 0.0547    ndcg@50 : 0.0668    
26 Oct 22:23    INFO  epoch 64 training [time: 2.40s, train loss: -3.0275]
26 Oct 22:25    INFO  epoch 64 evaluating [time: 71.20s, valid_score: 0.055200]
26 Oct 22:25    INFO  valid result: 
recall@10 : 0.0795    recall@20 : 0.1143    recall@50 : 0.1728    ndcg@10 : 0.0461    ndcg@20 : 0.0552    ndcg@50 : 0.0672    
26 Oct 22:25    INFO  Saving current best: saved/DirectAU-Oct-26-2023_21-14-31.pth
26 Oct 22:25    INFO  epoch 65 training [time: 2.39s, train loss: -3.0284]
26 Oct 22:26    INFO  epoch 65 evaluating [time: 68.31s, valid_score: 0.055300]
26 Oct 22:26    INFO  valid result: 
recall@10 : 0.0798    recall@20 : 0.1147    recall@50 : 0.1734    ndcg@10 : 0.0462    ndcg@20 : 0.0553    ndcg@50 : 0.0674    
26 Oct 22:26    INFO  Saving current best: saved/DirectAU-Oct-26-2023_21-14-31.pth
26 Oct 22:26    INFO  epoch 66 training [time: 2.40s, train loss: -3.0288]
26 Oct 22:27    INFO  epoch 66 evaluating [time: 49.99s, valid_score: 0.055400]
26 Oct 22:27    INFO  valid result: 
recall@10 : 0.0798    recall@20 : 0.1153    recall@50 : 0.1735    ndcg@10 : 0.0461    ndcg@20 : 0.0554    ndcg@50 : 0.0673    
26 Oct 22:27    INFO  Saving current best: saved/DirectAU-Oct-26-2023_21-14-31.pth
26 Oct 22:27    INFO  epoch 67 training [time: 3.22s, train loss: -3.0298]
26 Oct 22:28    INFO  epoch 67 evaluating [time: 48.22s, valid_score: 0.055100]
26 Oct 22:28    INFO  valid result: 
recall@10 : 0.0801    recall@20 : 0.1141    recall@50 : 0.1738    ndcg@10 : 0.0463    ndcg@20 : 0.0551    ndcg@50 : 0.0674    
26 Oct 22:28    INFO  epoch 68 training [time: 2.16s, train loss: -3.0304]
26 Oct 22:28    INFO  epoch 68 evaluating [time: 47.61s, valid_score: 0.055200]
26 Oct 22:28    INFO  valid result: 
recall@10 : 0.0801    recall@20 : 0.1147    recall@50 : 0.1741    ndcg@10 : 0.0462    ndcg@20 : 0.0552    ndcg@50 : 0.0674    
26 Oct 22:28    INFO  epoch 69 training [time: 2.21s, train loss: -3.0315]
26 Oct 22:29    INFO  epoch 69 evaluating [time: 48.36s, valid_score: 0.055600]
26 Oct 22:29    INFO  valid result: 
recall@10 : 0.0801    recall@20 : 0.116    recall@50 : 0.1737    ndcg@10 : 0.0462    ndcg@20 : 0.0556    ndcg@50 : 0.0674    
26 Oct 22:29    INFO  Saving current best: saved/DirectAU-Oct-26-2023_21-14-31.pth
26 Oct 22:29    INFO  epoch 70 training [time: 1.98s, train loss: -3.0320]
26 Oct 22:30    INFO  epoch 70 evaluating [time: 41.02s, valid_score: 0.055300]
26 Oct 22:30    INFO  valid result: 
recall@10 : 0.0809    recall@20 : 0.1158    recall@50 : 0.1743    ndcg@10 : 0.0462    ndcg@20 : 0.0553    ndcg@50 : 0.0673    
26 Oct 22:30    INFO  epoch 71 training [time: 2.15s, train loss: -3.0330]
26 Oct 22:31    INFO  epoch 71 evaluating [time: 46.82s, valid_score: 0.055800]
26 Oct 22:31    INFO  valid result: 
recall@10 : 0.0806    recall@20 : 0.116    recall@50 : 0.175    ndcg@10 : 0.0465    ndcg@20 : 0.0558    ndcg@50 : 0.0679    
26 Oct 22:31    INFO  Saving current best: saved/DirectAU-Oct-26-2023_21-14-31.pth
26 Oct 22:31    INFO  epoch 72 training [time: 2.04s, train loss: -3.0333]
26 Oct 22:32    INFO  epoch 72 evaluating [time: 47.98s, valid_score: 0.055700]
26 Oct 22:32    INFO  valid result: 
recall@10 : 0.0811    recall@20 : 0.1159    recall@50 : 0.1744    ndcg@10 : 0.0466    ndcg@20 : 0.0557    ndcg@50 : 0.0677    
26 Oct 22:32    INFO  epoch 73 training [time: 2.14s, train loss: -3.0336]
26 Oct 22:32    INFO  epoch 73 evaluating [time: 40.42s, valid_score: 0.055800]
26 Oct 22:32    INFO  valid result: 
recall@10 : 0.0806    recall@20 : 0.1149    recall@50 : 0.1761    ndcg@10 : 0.0468    ndcg@20 : 0.0558    ndcg@50 : 0.0683    
26 Oct 22:32    INFO  epoch 74 training [time: 2.18s, train loss: -3.0344]
26 Oct 22:33    INFO  epoch 74 evaluating [time: 48.05s, valid_score: 0.056000]
26 Oct 22:33    INFO  valid result: 
recall@10 : 0.0811    recall@20 : 0.1158    recall@50 : 0.1757    ndcg@10 : 0.0469    ndcg@20 : 0.056    ndcg@50 : 0.0683    
26 Oct 22:33    INFO  Saving current best: saved/DirectAU-Oct-26-2023_21-14-31.pth
26 Oct 22:33    INFO  epoch 75 training [time: 2.18s, train loss: -3.0352]
26 Oct 22:34    INFO  epoch 75 evaluating [time: 48.69s, valid_score: 0.056200]
26 Oct 22:34    INFO  valid result: 
recall@10 : 0.0815    recall@20 : 0.116    recall@50 : 0.1759    ndcg@10 : 0.0471    ndcg@20 : 0.0562    ndcg@50 : 0.0684    
26 Oct 22:34    INFO  Saving current best: saved/DirectAU-Oct-26-2023_21-14-31.pth
26 Oct 22:34    INFO  epoch 76 training [time: 2.16s, train loss: -3.0360]
26 Oct 22:35    INFO  epoch 76 evaluating [time: 39.77s, valid_score: 0.056100]
26 Oct 22:35    INFO  valid result: 
recall@10 : 0.0818    recall@20 : 0.1162    recall@50 : 0.1763    ndcg@10 : 0.0471    ndcg@20 : 0.0561    ndcg@50 : 0.0684    
26 Oct 22:35    INFO  epoch 77 training [time: 2.19s, train loss: -3.0363]
26 Oct 22:36    INFO  epoch 77 evaluating [time: 48.02s, valid_score: 0.056000]
26 Oct 22:36    INFO  valid result: 
recall@10 : 0.0805    recall@20 : 0.116    recall@50 : 0.1767    ndcg@10 : 0.0467    ndcg@20 : 0.056    ndcg@50 : 0.0685    
26 Oct 22:36    INFO  epoch 78 training [time: 2.18s, train loss: -3.0367]
26 Oct 22:36    INFO  epoch 78 evaluating [time: 47.90s, valid_score: 0.056200]
26 Oct 22:36    INFO  valid result: 
recall@10 : 0.0814    recall@20 : 0.1166    recall@50 : 0.1769    ndcg@10 : 0.047    ndcg@20 : 0.0562    ndcg@50 : 0.0685    
26 Oct 22:36    INFO  epoch 79 training [time: 2.18s, train loss: -3.0370]
26 Oct 22:37    INFO  epoch 79 evaluating [time: 38.92s, valid_score: 0.056300]
26 Oct 22:37    INFO  valid result: 
recall@10 : 0.0812    recall@20 : 0.1174    recall@50 : 0.1759    ndcg@10 : 0.0469    ndcg@20 : 0.0563    ndcg@50 : 0.0683    
26 Oct 22:37    INFO  Saving current best: saved/DirectAU-Oct-26-2023_21-14-31.pth
26 Oct 22:37    INFO  epoch 80 training [time: 3.54s, train loss: -3.0377]
26 Oct 22:38    INFO  epoch 80 evaluating [time: 47.78s, valid_score: 0.056500]
26 Oct 22:38    INFO  valid result: 
recall@10 : 0.0815    recall@20 : 0.1174    recall@50 : 0.176    ndcg@10 : 0.047    ndcg@20 : 0.0565    ndcg@50 : 0.0685    
26 Oct 22:38    INFO  Saving current best: saved/DirectAU-Oct-26-2023_21-14-31.pth
26 Oct 22:38    INFO  epoch 81 training [time: 2.19s, train loss: -3.0385]
26 Oct 22:39    INFO  epoch 81 evaluating [time: 48.32s, valid_score: 0.056600]
26 Oct 22:39    INFO  valid result: 
recall@10 : 0.0822    recall@20 : 0.1175    recall@50 : 0.177    ndcg@10 : 0.0474    ndcg@20 : 0.0566    ndcg@50 : 0.0687    
26 Oct 22:39    INFO  Saving current best: saved/DirectAU-Oct-26-2023_21-14-31.pth
26 Oct 22:39    INFO  epoch 82 training [time: 2.28s, train loss: -3.0389]
26 Oct 22:40    INFO  epoch 82 evaluating [time: 47.57s, valid_score: 0.056800]
26 Oct 22:40    INFO  valid result: 
recall@10 : 0.0827    recall@20 : 0.1175    recall@50 : 0.1779    ndcg@10 : 0.0477    ndcg@20 : 0.0568    ndcg@50 : 0.0691    
26 Oct 22:40    INFO  Saving current best: saved/DirectAU-Oct-26-2023_21-14-31.pth
26 Oct 22:40    INFO  epoch 83 training [time: 2.21s, train loss: -3.0392]
26 Oct 22:40    INFO  epoch 83 evaluating [time: 41.43s, valid_score: 0.056700]
26 Oct 22:40    INFO  valid result: 
recall@10 : 0.083    recall@20 : 0.1177    recall@50 : 0.1767    ndcg@10 : 0.0476    ndcg@20 : 0.0567    ndcg@50 : 0.0688    
26 Oct 22:40    INFO  epoch 84 training [time: 2.13s, train loss: -3.0393]
26 Oct 22:41    INFO  epoch 84 evaluating [time: 48.55s, valid_score: 0.057000]
26 Oct 22:41    INFO  valid result: 
recall@10 : 0.0831    recall@20 : 0.1177    recall@50 : 0.1767    ndcg@10 : 0.048    ndcg@20 : 0.057    ndcg@50 : 0.0692    
26 Oct 22:41    INFO  Saving current best: saved/DirectAU-Oct-26-2023_21-14-31.pth
26 Oct 22:41    INFO  epoch 85 training [time: 2.17s, train loss: -3.0398]
26 Oct 22:42    INFO  epoch 85 evaluating [time: 47.60s, valid_score: 0.057500]
26 Oct 22:42    INFO  valid result: 
recall@10 : 0.0834    recall@20 : 0.1191    recall@50 : 0.1767    ndcg@10 : 0.0481    ndcg@20 : 0.0575    ndcg@50 : 0.0693    
26 Oct 22:42    INFO  Saving current best: saved/DirectAU-Oct-26-2023_21-14-31.pth
26 Oct 22:42    INFO  epoch 86 training [time: 2.18s, train loss: -3.0407]
26 Oct 22:43    INFO  epoch 86 evaluating [time: 41.27s, valid_score: 0.057100]
26 Oct 22:43    INFO  valid result: 
recall@10 : 0.0836    recall@20 : 0.118    recall@50 : 0.1769    ndcg@10 : 0.0481    ndcg@20 : 0.0571    ndcg@50 : 0.0692    
26 Oct 22:43    INFO  epoch 87 training [time: 2.14s, train loss: -3.0410]
26 Oct 22:44    INFO  epoch 87 evaluating [time: 48.35s, valid_score: 0.057300]
26 Oct 22:44    INFO  valid result: 
recall@10 : 0.0827    recall@20 : 0.1194    recall@50 : 0.1778    ndcg@10 : 0.0478    ndcg@20 : 0.0573    ndcg@50 : 0.0693    
26 Oct 22:44    INFO  epoch 88 training [time: 2.18s, train loss: -3.0413]
26 Oct 22:44    INFO  epoch 88 evaluating [time: 48.47s, valid_score: 0.057200]
26 Oct 22:44    INFO  valid result: 
recall@10 : 0.0833    recall@20 : 0.1184    recall@50 : 0.1778    ndcg@10 : 0.0481    ndcg@20 : 0.0572    ndcg@50 : 0.0694    
26 Oct 22:44    INFO  epoch 89 training [time: 1.98s, train loss: -3.0417]
26 Oct 22:45    INFO  epoch 89 evaluating [time: 46.82s, valid_score: 0.057400]
26 Oct 22:45    INFO  valid result: 
recall@10 : 0.0833    recall@20 : 0.1187    recall@50 : 0.1774    ndcg@10 : 0.0481    ndcg@20 : 0.0574    ndcg@50 : 0.0694    
26 Oct 22:45    INFO  epoch 90 training [time: 3.53s, train loss: -3.0421]
26 Oct 22:46    INFO  epoch 90 evaluating [time: 41.37s, valid_score: 0.057400]
26 Oct 22:46    INFO  valid result: 
recall@10 : 0.0835    recall@20 : 0.1193    recall@50 : 0.1787    ndcg@10 : 0.048    ndcg@20 : 0.0574    ndcg@50 : 0.0696    
26 Oct 22:46    INFO  epoch 91 training [time: 1.99s, train loss: -3.0420]
26 Oct 22:47    INFO  epoch 91 evaluating [time: 48.41s, valid_score: 0.057300]
26 Oct 22:47    INFO  valid result: 
recall@10 : 0.083    recall@20 : 0.1188    recall@50 : 0.1781    ndcg@10 : 0.0479    ndcg@20 : 0.0573    ndcg@50 : 0.0695    
26 Oct 22:47    INFO  epoch 92 training [time: 2.19s, train loss: -3.0430]
26 Oct 22:48    INFO  epoch 92 evaluating [time: 47.48s, valid_score: 0.057500]
26 Oct 22:48    INFO  valid result: 
recall@10 : 0.0828    recall@20 : 0.1193    recall@50 : 0.1788    ndcg@10 : 0.048    ndcg@20 : 0.0575    ndcg@50 : 0.0697    
26 Oct 22:48    INFO  epoch 93 training [time: 2.22s, train loss: -3.0432]
26 Oct 22:48    INFO  epoch 93 evaluating [time: 41.25s, valid_score: 0.057700]
26 Oct 22:48    INFO  valid result: 
recall@10 : 0.0833    recall@20 : 0.1199    recall@50 : 0.1783    ndcg@10 : 0.0481    ndcg@20 : 0.0577    ndcg@50 : 0.0697    
26 Oct 22:48    INFO  Saving current best: saved/DirectAU-Oct-26-2023_21-14-31.pth
26 Oct 22:48    INFO  epoch 94 training [time: 1.98s, train loss: -3.0434]
26 Oct 22:49    INFO  epoch 94 evaluating [time: 49.01s, valid_score: 0.057400]
26 Oct 22:49    INFO  valid result: 
recall@10 : 0.0835    recall@20 : 0.1196    recall@50 : 0.1789    ndcg@10 : 0.048    ndcg@20 : 0.0574    ndcg@50 : 0.0696    
26 Oct 22:49    INFO  epoch 95 training [time: 1.98s, train loss: -3.0437]
26 Oct 22:50    INFO  epoch 95 evaluating [time: 48.12s, valid_score: 0.057600]
26 Oct 22:50    INFO  valid result: 
recall@10 : 0.0838    recall@20 : 0.1197    recall@50 : 0.1785    ndcg@10 : 0.0483    ndcg@20 : 0.0576    ndcg@50 : 0.0697    
26 Oct 22:50    INFO  epoch 96 training [time: 2.17s, train loss: -3.0440]
26 Oct 22:51    INFO  epoch 96 evaluating [time: 41.39s, valid_score: 0.058000]
26 Oct 22:51    INFO  valid result: 
recall@10 : 0.0845    recall@20 : 0.1202    recall@50 : 0.1788    ndcg@10 : 0.0486    ndcg@20 : 0.058    ndcg@50 : 0.07    
26 Oct 22:51    INFO  Saving current best: saved/DirectAU-Oct-26-2023_21-14-31.pth
26 Oct 22:51    INFO  epoch 97 training [time: 2.12s, train loss: -3.0441]
26 Oct 22:52    INFO  epoch 97 evaluating [time: 48.53s, valid_score: 0.057800]
26 Oct 22:52    INFO  valid result: 
recall@10 : 0.0841    recall@20 : 0.1202    recall@50 : 0.1793    ndcg@10 : 0.0484    ndcg@20 : 0.0578    ndcg@50 : 0.07    
26 Oct 22:52    INFO  epoch 98 training [time: 2.13s, train loss: -3.0448]
26 Oct 22:52    INFO  epoch 98 evaluating [time: 48.43s, valid_score: 0.057900]
26 Oct 22:52    INFO  valid result: 
recall@10 : 0.0846    recall@20 : 0.1204    recall@50 : 0.179    ndcg@10 : 0.0485    ndcg@20 : 0.0579    ndcg@50 : 0.0699    
26 Oct 22:53    INFO  epoch 99 training [time: 2.14s, train loss: -3.0448]
26 Oct 22:53    INFO  epoch 99 evaluating [time: 48.71s, valid_score: 0.057800]
26 Oct 22:53    INFO  valid result: 
recall@10 : 0.0849    recall@20 : 0.12    recall@50 : 0.1789    ndcg@10 : 0.0487    ndcg@20 : 0.0578    ndcg@50 : 0.0699    
26 Oct 22:53    INFO  epoch 100 training [time: 2.17s, train loss: -3.0451]
26 Oct 22:54    INFO  epoch 100 evaluating [time: 40.59s, valid_score: 0.058300]
26 Oct 22:54    INFO  valid result: 
recall@10 : 0.0841    recall@20 : 0.1208    recall@50 : 0.1794    ndcg@10 : 0.0487    ndcg@20 : 0.0583    ndcg@50 : 0.0703    
26 Oct 22:54    INFO  Saving current best: saved/DirectAU-Oct-26-2023_21-14-31.pth
26 Oct 22:54    INFO  epoch 101 training [time: 2.19s, train loss: -3.0455]
26 Oct 22:55    INFO  epoch 101 evaluating [time: 48.43s, valid_score: 0.058400]
26 Oct 22:55    INFO  valid result: 
recall@10 : 0.0844    recall@20 : 0.1215    recall@50 : 0.1796    ndcg@10 : 0.0488    ndcg@20 : 0.0584    ndcg@50 : 0.0703    
26 Oct 22:55    INFO  Saving current best: saved/DirectAU-Oct-26-2023_21-14-31.pth
26 Oct 22:55    INFO  epoch 102 training [time: 2.18s, train loss: -3.0460]
26 Oct 22:56    INFO  epoch 102 evaluating [time: 48.20s, valid_score: 0.058200]
26 Oct 22:56    INFO  valid result: 
recall@10 : 0.0845    recall@20 : 0.1207    recall@50 : 0.1794    ndcg@10 : 0.0487    ndcg@20 : 0.0582    ndcg@50 : 0.0702    
26 Oct 22:56    INFO  epoch 103 training [time: 2.18s, train loss: -3.0462]
26 Oct 22:56    INFO  epoch 103 evaluating [time: 41.26s, valid_score: 0.058300]
26 Oct 22:56    INFO  valid result: 
recall@10 : 0.0841    recall@20 : 0.121    recall@50 : 0.18    ndcg@10 : 0.0487    ndcg@20 : 0.0583    ndcg@50 : 0.0705    
26 Oct 22:56    INFO  epoch 104 training [time: 2.16s, train loss: -3.0465]
26 Oct 22:57    INFO  epoch 104 evaluating [time: 49.04s, valid_score: 0.058500]
26 Oct 22:57    INFO  valid result: 
recall@10 : 0.0847    recall@20 : 0.1215    recall@50 : 0.1797    ndcg@10 : 0.049    ndcg@20 : 0.0585    ndcg@50 : 0.0705    
26 Oct 22:57    INFO  Saving current best: saved/DirectAU-Oct-26-2023_21-14-31.pth
26 Oct 22:57    INFO  epoch 105 training [time: 2.17s, train loss: -3.0467]
26 Oct 22:58    INFO  epoch 105 evaluating [time: 48.01s, valid_score: 0.058500]
26 Oct 22:58    INFO  valid result: 
recall@10 : 0.0848    recall@20 : 0.1214    recall@50 : 0.1799    ndcg@10 : 0.049    ndcg@20 : 0.0585    ndcg@50 : 0.0705    
26 Oct 22:58    INFO  epoch 106 training [time: 2.18s, train loss: -3.0471]
26 Oct 22:59    INFO  epoch 106 evaluating [time: 44.76s, valid_score: 0.058600]
26 Oct 22:59    INFO  valid result: 
recall@10 : 0.085    recall@20 : 0.1214    recall@50 : 0.1801    ndcg@10 : 0.0492    ndcg@20 : 0.0586    ndcg@50 : 0.0707    
26 Oct 22:59    INFO  Saving current best: saved/DirectAU-Oct-26-2023_21-14-31.pth
26 Oct 22:59    INFO  epoch 107 training [time: 3.59s, train loss: -3.0470]
26 Oct 23:00    INFO  epoch 107 evaluating [time: 43.28s, valid_score: 0.058500]
26 Oct 23:00    INFO  valid result: 
recall@10 : 0.0849    recall@20 : 0.1211    recall@50 : 0.1807    ndcg@10 : 0.0491    ndcg@20 : 0.0585    ndcg@50 : 0.0707    
26 Oct 23:00    INFO  epoch 108 training [time: 2.16s, train loss: -3.0474]
26 Oct 23:01    INFO  epoch 108 evaluating [time: 48.90s, valid_score: 0.058700]
26 Oct 23:01    INFO  valid result: 
recall@10 : 0.0848    recall@20 : 0.1214    recall@50 : 0.1807    ndcg@10 : 0.0492    ndcg@20 : 0.0587    ndcg@50 : 0.0709    
26 Oct 23:01    INFO  Saving current best: saved/DirectAU-Oct-26-2023_21-14-31.pth
26 Oct 23:01    INFO  epoch 109 training [time: 2.17s, train loss: -3.0473]
26 Oct 23:01    INFO  epoch 109 evaluating [time: 49.02s, valid_score: 0.058800]
26 Oct 23:01    INFO  valid result: 
recall@10 : 0.0846    recall@20 : 0.1216    recall@50 : 0.1797    ndcg@10 : 0.0492    ndcg@20 : 0.0588    ndcg@50 : 0.0708    
26 Oct 23:01    INFO  Saving current best: saved/DirectAU-Oct-26-2023_21-14-31.pth
26 Oct 23:01    INFO  epoch 110 training [time: 2.20s, train loss: -3.0478]
26 Oct 23:02    INFO  epoch 110 evaluating [time: 40.46s, valid_score: 0.058500]
26 Oct 23:02    INFO  valid result: 
recall@10 : 0.085    recall@20 : 0.1212    recall@50 : 0.1807    ndcg@10 : 0.0491    ndcg@20 : 0.0585    ndcg@50 : 0.0707    
26 Oct 23:02    INFO  epoch 111 training [time: 2.18s, train loss: -3.0484]
26 Oct 23:03    INFO  epoch 111 evaluating [time: 48.77s, valid_score: 0.058600]
26 Oct 23:03    INFO  valid result: 
recall@10 : 0.085    recall@20 : 0.1211    recall@50 : 0.1808    ndcg@10 : 0.0492    ndcg@20 : 0.0586    ndcg@50 : 0.0709    
26 Oct 23:03    INFO  epoch 112 training [time: 2.20s, train loss: -3.0482]
26 Oct 23:04    INFO  epoch 112 evaluating [time: 48.91s, valid_score: 0.058700]
26 Oct 23:04    INFO  valid result: 
recall@10 : 0.0848    recall@20 : 0.1221    recall@50 : 0.1806    ndcg@10 : 0.0489    ndcg@20 : 0.0587    ndcg@50 : 0.0707    
26 Oct 23:04    INFO  epoch 113 training [time: 2.11s, train loss: -3.0483]
26 Oct 23:05    INFO  epoch 113 evaluating [time: 40.40s, valid_score: 0.058800]
26 Oct 23:05    INFO  valid result: 
recall@10 : 0.0849    recall@20 : 0.1222    recall@50 : 0.1808    ndcg@10 : 0.049    ndcg@20 : 0.0588    ndcg@50 : 0.0708    
26 Oct 23:05    INFO  epoch 114 training [time: 3.51s, train loss: -3.0487]
26 Oct 23:05    INFO  epoch 114 evaluating [time: 47.51s, valid_score: 0.059200]
26 Oct 23:05    INFO  valid result: 
recall@10 : 0.0855    recall@20 : 0.1228    recall@50 : 0.1818    ndcg@10 : 0.0495    ndcg@20 : 0.0592    ndcg@50 : 0.0713    
26 Oct 23:05    INFO  Saving current best: saved/DirectAU-Oct-26-2023_21-14-31.pth
26 Oct 23:05    INFO  epoch 115 training [time: 2.15s, train loss: -3.0488]
26 Oct 23:06    INFO  epoch 115 evaluating [time: 48.32s, valid_score: 0.058900]
26 Oct 23:06    INFO  valid result: 
recall@10 : 0.0852    recall@20 : 0.1228    recall@50 : 0.1813    ndcg@10 : 0.0491    ndcg@20 : 0.0589    ndcg@50 : 0.0709    
26 Oct 23:06    INFO  epoch 116 training [time: 2.18s, train loss: -3.0491]
26 Oct 23:07    INFO  epoch 116 evaluating [time: 48.43s, valid_score: 0.059000]
26 Oct 23:07    INFO  valid result: 
recall@10 : 0.0861    recall@20 : 0.1225    recall@50 : 0.1824    ndcg@10 : 0.0495    ndcg@20 : 0.059    ndcg@50 : 0.0713    
26 Oct 23:07    INFO  epoch 117 training [time: 2.16s, train loss: -3.0492]
26 Oct 23:08    INFO  epoch 117 evaluating [time: 41.39s, valid_score: 0.059000]
26 Oct 23:08    INFO  valid result: 
recall@10 : 0.0853    recall@20 : 0.1221    recall@50 : 0.1822    ndcg@10 : 0.0494    ndcg@20 : 0.059    ndcg@50 : 0.0714    
26 Oct 23:08    INFO  epoch 118 training [time: 2.17s, train loss: -3.0494]
26 Oct 23:09    INFO  epoch 118 evaluating [time: 47.81s, valid_score: 0.059400]
26 Oct 23:09    INFO  valid result: 
recall@10 : 0.0861    recall@20 : 0.1226    recall@50 : 0.1818    ndcg@10 : 0.0498    ndcg@20 : 0.0594    ndcg@50 : 0.0715    
26 Oct 23:09    INFO  Saving current best: saved/DirectAU-Oct-26-2023_21-14-31.pth
26 Oct 23:09    INFO  epoch 119 training [time: 2.15s, train loss: -3.0497]
26 Oct 23:09    INFO  epoch 119 evaluating [time: 49.08s, valid_score: 0.059200]
26 Oct 23:09    INFO  valid result: 
recall@10 : 0.0859    recall@20 : 0.1227    recall@50 : 0.1814    ndcg@10 : 0.0496    ndcg@20 : 0.0592    ndcg@50 : 0.0713    
26 Oct 23:10    INFO  epoch 120 training [time: 2.19s, train loss: -3.0498]
26 Oct 23:10    INFO  epoch 120 evaluating [time: 40.50s, valid_score: 0.059200]
26 Oct 23:10    INFO  valid result: 
recall@10 : 0.0864    recall@20 : 0.1225    recall@50 : 0.1826    ndcg@10 : 0.0498    ndcg@20 : 0.0592    ndcg@50 : 0.0716    
26 Oct 23:10    INFO  epoch 121 training [time: 2.19s, train loss: -3.0502]
26 Oct 23:11    INFO  epoch 121 evaluating [time: 49.36s, valid_score: 0.059300]
26 Oct 23:11    INFO  valid result: 
recall@10 : 0.0852    recall@20 : 0.1224    recall@50 : 0.1815    ndcg@10 : 0.0495    ndcg@20 : 0.0593    ndcg@50 : 0.0715    
26 Oct 23:11    INFO  epoch 122 training [time: 2.20s, train loss: -3.0504]
26 Oct 23:12    INFO  epoch 122 evaluating [time: 48.94s, valid_score: 0.059200]
26 Oct 23:12    INFO  valid result: 
recall@10 : 0.086    recall@20 : 0.1224    recall@50 : 0.1813    ndcg@10 : 0.0497    ndcg@20 : 0.0592    ndcg@50 : 0.0714    
26 Oct 23:12    INFO  epoch 123 training [time: 2.14s, train loss: -3.0505]
26 Oct 23:13    INFO  epoch 123 evaluating [time: 47.48s, valid_score: 0.059300]
26 Oct 23:13    INFO  valid result: 
recall@10 : 0.086    recall@20 : 0.1223    recall@50 : 0.1818    ndcg@10 : 0.0498    ndcg@20 : 0.0593    ndcg@50 : 0.0715    
26 Oct 23:13    INFO  epoch 124 training [time: 2.19s, train loss: -3.0504]
26 Oct 23:13    INFO  epoch 124 evaluating [time: 41.40s, valid_score: 0.059700]
26 Oct 23:13    INFO  valid result: 
recall@10 : 0.0867    recall@20 : 0.1232    recall@50 : 0.1819    ndcg@10 : 0.0502    ndcg@20 : 0.0597    ndcg@50 : 0.0718    
26 Oct 23:13    INFO  Saving current best: saved/DirectAU-Oct-26-2023_21-14-31.pth
26 Oct 23:13    INFO  epoch 125 training [time: 2.18s, train loss: -3.0507]
26 Oct 23:14    INFO  epoch 125 evaluating [time: 48.89s, valid_score: 0.059500]
26 Oct 23:14    INFO  valid result: 
recall@10 : 0.0867    recall@20 : 0.1234    recall@50 : 0.1818    ndcg@10 : 0.05    ndcg@20 : 0.0595    ndcg@50 : 0.0716    
26 Oct 23:14    INFO  epoch 126 training [time: 2.15s, train loss: -3.0506]
26 Oct 23:15    INFO  epoch 126 evaluating [time: 48.30s, valid_score: 0.059400]
26 Oct 23:15    INFO  valid result: 
recall@10 : 0.0869    recall@20 : 0.1232    recall@50 : 0.1821    ndcg@10 : 0.05    ndcg@20 : 0.0594    ndcg@50 : 0.0716    
26 Oct 23:15    INFO  epoch 127 training [time: 2.17s, train loss: -3.0510]
26 Oct 23:16    INFO  epoch 127 evaluating [time: 41.24s, valid_score: 0.059600]
26 Oct 23:16    INFO  valid result: 
recall@10 : 0.0862    recall@20 : 0.1235    recall@50 : 0.183    ndcg@10 : 0.0498    ndcg@20 : 0.0596    ndcg@50 : 0.0718    
26 Oct 23:16    INFO  epoch 128 training [time: 2.17s, train loss: -3.0512]
26 Oct 23:17    INFO  epoch 128 evaluating [time: 49.30s, valid_score: 0.059700]
26 Oct 23:17    INFO  valid result: 
recall@10 : 0.0864    recall@20 : 0.1236    recall@50 : 0.1833    ndcg@10 : 0.0499    ndcg@20 : 0.0597    ndcg@50 : 0.0719    
26 Oct 23:17    INFO  epoch 129 training [time: 2.01s, train loss: -3.0513]
26 Oct 23:18    INFO  epoch 129 evaluating [time: 47.70s, valid_score: 0.059800]
26 Oct 23:18    INFO  valid result: 
recall@10 : 0.0869    recall@20 : 0.1248    recall@50 : 0.1835    ndcg@10 : 0.0499    ndcg@20 : 0.0598    ndcg@50 : 0.0718    
26 Oct 23:18    INFO  Saving current best: saved/DirectAU-Oct-26-2023_21-14-31.pth
26 Oct 23:18    INFO  epoch 130 training [time: 2.20s, train loss: -3.0516]
26 Oct 23:18    INFO  epoch 130 evaluating [time: 48.96s, valid_score: 0.059900]
26 Oct 23:18    INFO  valid result: 
recall@10 : 0.0866    recall@20 : 0.124    recall@50 : 0.1837    ndcg@10 : 0.0501    ndcg@20 : 0.0599    ndcg@50 : 0.0721    
26 Oct 23:18    INFO  Saving current best: saved/DirectAU-Oct-26-2023_21-14-31.pth
26 Oct 23:18    INFO  epoch 131 training [time: 2.16s, train loss: -3.0517]
26 Oct 23:19    INFO  epoch 131 evaluating [time: 40.46s, valid_score: 0.059800]
26 Oct 23:19    INFO  valid result: 
recall@10 : 0.0871    recall@20 : 0.1241    recall@50 : 0.1833    ndcg@10 : 0.0502    ndcg@20 : 0.0598    ndcg@50 : 0.072    
26 Oct 23:19    INFO  epoch 132 training [time: 2.18s, train loss: -3.0518]
26 Oct 23:20    INFO  epoch 132 evaluating [time: 49.11s, valid_score: 0.060000]
26 Oct 23:20    INFO  valid result: 
recall@10 : 0.0868    recall@20 : 0.1241    recall@50 : 0.1824    ndcg@10 : 0.0503    ndcg@20 : 0.06    ndcg@50 : 0.0721    
26 Oct 23:20    INFO  Saving current best: saved/DirectAU-Oct-26-2023_21-14-31.pth
26 Oct 23:20    INFO  epoch 133 training [time: 2.17s, train loss: -3.0516]
26 Oct 23:21    INFO  epoch 133 evaluating [time: 48.89s, valid_score: 0.060200]
26 Oct 23:21    INFO  valid result: 
recall@10 : 0.0877    recall@20 : 0.1242    recall@50 : 0.1828    ndcg@10 : 0.0506    ndcg@20 : 0.0602    ndcg@50 : 0.0722    
26 Oct 23:21    INFO  Saving current best: saved/DirectAU-Oct-26-2023_21-14-31.pth
26 Oct 23:21    INFO  epoch 134 training [time: 2.18s, train loss: -3.0520]
26 Oct 23:22    INFO  epoch 134 evaluating [time: 40.61s, valid_score: 0.060200]
26 Oct 23:22    INFO  valid result: 
recall@10 : 0.0883    recall@20 : 0.1242    recall@50 : 0.1835    ndcg@10 : 0.0508    ndcg@20 : 0.0602    ndcg@50 : 0.0724    
26 Oct 23:22    INFO  epoch 135 training [time: 2.18s, train loss: -3.0520]
26 Oct 23:22    INFO  epoch 135 evaluating [time: 48.93s, valid_score: 0.060000]
26 Oct 23:22    INFO  valid result: 
recall@10 : 0.0875    recall@20 : 0.1236    recall@50 : 0.1833    ndcg@10 : 0.0506    ndcg@20 : 0.06    ndcg@50 : 0.0723    
26 Oct 23:22    INFO  epoch 136 training [time: 2.19s, train loss: -3.0523]
26 Oct 23:23    INFO  epoch 136 evaluating [time: 48.29s, valid_score: 0.060200]
26 Oct 23:23    INFO  valid result: 
recall@10 : 0.0877    recall@20 : 0.1237    recall@50 : 0.1838    ndcg@10 : 0.0507    ndcg@20 : 0.0602    ndcg@50 : 0.0725    
26 Oct 23:23    INFO  epoch 137 training [time: 2.15s, train loss: -3.0522]
26 Oct 23:24    INFO  epoch 137 evaluating [time: 48.89s, valid_score: 0.060300]
26 Oct 23:24    INFO  valid result: 
recall@10 : 0.0877    recall@20 : 0.1248    recall@50 : 0.1836    ndcg@10 : 0.0506    ndcg@20 : 0.0603    ndcg@50 : 0.0724    
26 Oct 23:24    INFO  Saving current best: saved/DirectAU-Oct-26-2023_21-14-31.pth
26 Oct 23:24    INFO  epoch 138 training [time: 2.17s, train loss: -3.0523]
26 Oct 23:25    INFO  epoch 138 evaluating [time: 41.41s, valid_score: 0.060200]
26 Oct 23:25    INFO  valid result: 
recall@10 : 0.0877    recall@20 : 0.1247    recall@50 : 0.184    ndcg@10 : 0.0505    ndcg@20 : 0.0602    ndcg@50 : 0.0724    
26 Oct 23:25    INFO  epoch 139 training [time: 2.18s, train loss: -3.0527]
26 Oct 23:26    INFO  epoch 139 evaluating [time: 48.17s, valid_score: 0.060300]
26 Oct 23:26    INFO  valid result: 
recall@10 : 0.0884    recall@20 : 0.1248    recall@50 : 0.1847    ndcg@10 : 0.0507    ndcg@20 : 0.0603    ndcg@50 : 0.0725    
26 Oct 23:26    INFO  epoch 140 training [time: 1.99s, train loss: -3.0524]
26 Oct 23:26    INFO  epoch 140 evaluating [time: 48.86s, valid_score: 0.060600]
26 Oct 23:26    INFO  valid result: 
recall@10 : 0.088    recall@20 : 0.1258    recall@50 : 0.1845    ndcg@10 : 0.0508    ndcg@20 : 0.0606    ndcg@50 : 0.0727    
26 Oct 23:26    INFO  Saving current best: saved/DirectAU-Oct-26-2023_21-14-31.pth
26 Oct 23:27    INFO  epoch 141 training [time: 1.98s, train loss: -3.0530]
26 Oct 23:27    INFO  epoch 141 evaluating [time: 40.61s, valid_score: 0.060700]
26 Oct 23:27    INFO  valid result: 
recall@10 : 0.0882    recall@20 : 0.1249    recall@50 : 0.1853    ndcg@10 : 0.0511    ndcg@20 : 0.0607    ndcg@50 : 0.073    
26 Oct 23:27    INFO  Saving current best: saved/DirectAU-Oct-26-2023_21-14-31.pth
26 Oct 23:27    INFO  epoch 142 training [time: 1.98s, train loss: -3.0530]
26 Oct 23:28    INFO  epoch 142 evaluating [time: 48.97s, valid_score: 0.060600]
26 Oct 23:28    INFO  valid result: 
recall@10 : 0.0885    recall@20 : 0.1251    recall@50 : 0.1848    ndcg@10 : 0.051    ndcg@20 : 0.0606    ndcg@50 : 0.0729    
26 Oct 23:28    INFO  epoch 143 training [time: 2.07s, train loss: -3.0527]
26 Oct 23:29    INFO  epoch 143 evaluating [time: 48.54s, valid_score: 0.060600]
26 Oct 23:29    INFO  valid result: 
recall@10 : 0.0883    recall@20 : 0.1253    recall@50 : 0.185    ndcg@10 : 0.051    ndcg@20 : 0.0606    ndcg@50 : 0.0729    
26 Oct 23:29    INFO  epoch 144 training [time: 2.16s, train loss: -3.0535]
26 Oct 23:30    INFO  epoch 144 evaluating [time: 40.21s, valid_score: 0.060800]
26 Oct 23:30    INFO  valid result: 
recall@10 : 0.0886    recall@20 : 0.1258    recall@50 : 0.185    ndcg@10 : 0.0511    ndcg@20 : 0.0608    ndcg@50 : 0.073    
26 Oct 23:30    INFO  Saving current best: saved/DirectAU-Oct-26-2023_21-14-31.pth
26 Oct 23:30    INFO  epoch 145 training [time: 3.63s, train loss: -3.0533]
26 Oct 23:30    INFO  epoch 145 evaluating [time: 47.06s, valid_score: 0.060800]
26 Oct 23:30    INFO  valid result: 
recall@10 : 0.0892    recall@20 : 0.1259    recall@50 : 0.1854    ndcg@10 : 0.0513    ndcg@20 : 0.0608    ndcg@50 : 0.0731    
26 Oct 23:30    INFO  epoch 146 training [time: 2.20s, train loss: -3.0539]
26 Oct 23:31    INFO  epoch 146 evaluating [time: 48.15s, valid_score: 0.060600]
26 Oct 23:31    INFO  valid result: 
recall@10 : 0.0886    recall@20 : 0.1258    recall@50 : 0.1855    ndcg@10 : 0.0509    ndcg@20 : 0.0606    ndcg@50 : 0.0728    
26 Oct 23:31    INFO  epoch 147 training [time: 2.25s, train loss: -3.0534]
26 Oct 23:32    INFO  epoch 147 evaluating [time: 49.04s, valid_score: 0.060800]
26 Oct 23:32    INFO  valid result: 
recall@10 : 0.0888    recall@20 : 0.1259    recall@50 : 0.1848    ndcg@10 : 0.0511    ndcg@20 : 0.0608    ndcg@50 : 0.0729    
26 Oct 23:32    INFO  epoch 148 training [time: 2.22s, train loss: -3.0536]
26 Oct 23:33    INFO  epoch 148 evaluating [time: 41.24s, valid_score: 0.061000]
26 Oct 23:33    INFO  valid result: 
recall@10 : 0.0887    recall@20 : 0.1262    recall@50 : 0.1849    ndcg@10 : 0.0512    ndcg@20 : 0.061    ndcg@50 : 0.0731    
26 Oct 23:33    INFO  Saving current best: saved/DirectAU-Oct-26-2023_21-14-31.pth
26 Oct 23:33    INFO  epoch 149 training [time: 2.19s, train loss: -3.0536]
26 Oct 23:34    INFO  epoch 149 evaluating [time: 48.22s, valid_score: 0.060900]
26 Oct 23:34    INFO  valid result: 
recall@10 : 0.0889    recall@20 : 0.1264    recall@50 : 0.1849    ndcg@10 : 0.051    ndcg@20 : 0.0609    ndcg@50 : 0.0729    
26 Oct 23:34    INFO  epoch 150 training [time: 2.19s, train loss: -3.0540]
26 Oct 23:35    INFO  epoch 150 evaluating [time: 48.76s, valid_score: 0.061000]
26 Oct 23:35    INFO  valid result: 
recall@10 : 0.0886    recall@20 : 0.1268    recall@50 : 0.1848    ndcg@10 : 0.0511    ndcg@20 : 0.061    ndcg@50 : 0.0729    
26 Oct 23:35    INFO  epoch 151 training [time: 2.19s, train loss: -3.0539]
26 Oct 23:35    INFO  epoch 151 evaluating [time: 41.36s, valid_score: 0.061000]
26 Oct 23:35    INFO  valid result: 
recall@10 : 0.0892    recall@20 : 0.1262    recall@50 : 0.1851    ndcg@10 : 0.0513    ndcg@20 : 0.061    ndcg@50 : 0.0731    
26 Oct 23:35    INFO  epoch 152 training [time: 3.43s, train loss: -3.0542]
26 Oct 23:36    INFO  epoch 152 evaluating [time: 47.02s, valid_score: 0.061100]
26 Oct 23:36    INFO  valid result: 
recall@10 : 0.0891    recall@20 : 0.1261    recall@50 : 0.1854    ndcg@10 : 0.0514    ndcg@20 : 0.0611    ndcg@50 : 0.0733    
26 Oct 23:36    INFO  Saving current best: saved/DirectAU-Oct-26-2023_21-14-31.pth
26 Oct 23:36    INFO  epoch 153 training [time: 2.17s, train loss: -3.0542]
26 Oct 23:37    INFO  epoch 153 evaluating [time: 48.77s, valid_score: 0.061200]
26 Oct 23:37    INFO  valid result: 
recall@10 : 0.0884    recall@20 : 0.1261    recall@50 : 0.1854    ndcg@10 : 0.0513    ndcg@20 : 0.0612    ndcg@50 : 0.0733    
26 Oct 23:37    INFO  Saving current best: saved/DirectAU-Oct-26-2023_21-14-31.pth
26 Oct 23:37    INFO  epoch 154 training [time: 2.12s, train loss: -3.0544]
26 Oct 23:38    INFO  epoch 154 evaluating [time: 47.47s, valid_score: 0.061100]
26 Oct 23:38    INFO  valid result: 
recall@10 : 0.0898    recall@20 : 0.126    recall@50 : 0.1851    ndcg@10 : 0.0516    ndcg@20 : 0.0611    ndcg@50 : 0.0732    
26 Oct 23:38    INFO  epoch 155 training [time: 2.17s, train loss: -3.0543]
26 Oct 23:39    INFO  epoch 155 evaluating [time: 41.26s, valid_score: 0.061500]
26 Oct 23:39    INFO  valid result: 
recall@10 : 0.0895    recall@20 : 0.1272    recall@50 : 0.1854    ndcg@10 : 0.0516    ndcg@20 : 0.0615    ndcg@50 : 0.0734    
26 Oct 23:39    INFO  Saving current best: saved/DirectAU-Oct-26-2023_21-14-31.pth
26 Oct 23:39    INFO  epoch 156 training [time: 2.15s, train loss: -3.0546]
26 Oct 23:39    INFO  epoch 156 evaluating [time: 48.06s, valid_score: 0.061600]
26 Oct 23:39    INFO  valid result: 
recall@10 : 0.0896    recall@20 : 0.1276    recall@50 : 0.1856    ndcg@10 : 0.0517    ndcg@20 : 0.0616    ndcg@50 : 0.0735    
26 Oct 23:39    INFO  Saving current best: saved/DirectAU-Oct-26-2023_21-14-31.pth
26 Oct 23:39    INFO  epoch 157 training [time: 2.01s, train loss: -3.0546]
26 Oct 23:40    INFO  epoch 157 evaluating [time: 47.45s, valid_score: 0.061200]
26 Oct 23:40    INFO  valid result: 
recall@10 : 0.0891    recall@20 : 0.1265    recall@50 : 0.1866    ndcg@10 : 0.0514    ndcg@20 : 0.0612    ndcg@50 : 0.0736    
26 Oct 23:40    INFO  epoch 158 training [time: 1.98s, train loss: -3.0547]
26 Oct 23:41    INFO  epoch 158 evaluating [time: 41.15s, valid_score: 0.061400]
26 Oct 23:41    INFO  valid result: 
recall@10 : 0.0899    recall@20 : 0.1265    recall@50 : 0.1865    ndcg@10 : 0.0519    ndcg@20 : 0.0614    ndcg@50 : 0.0737    
26 Oct 23:41    INFO  epoch 159 training [time: 1.97s, train loss: -3.0547]
26 Oct 23:42    INFO  epoch 159 evaluating [time: 47.79s, valid_score: 0.061400]
26 Oct 23:42    INFO  valid result: 
recall@10 : 0.0896    recall@20 : 0.1264    recall@50 : 0.1861    ndcg@10 : 0.0517    ndcg@20 : 0.0614    ndcg@50 : 0.0736    
26 Oct 23:42    INFO  epoch 160 training [time: 2.14s, train loss: -3.0549]
26 Oct 23:43    INFO  epoch 160 evaluating [time: 48.73s, valid_score: 0.061400]
26 Oct 23:43    INFO  valid result: 
recall@10 : 0.0896    recall@20 : 0.1271    recall@50 : 0.186    ndcg@10 : 0.0516    ndcg@20 : 0.0614    ndcg@50 : 0.0735    
26 Oct 23:43    INFO  epoch 161 training [time: 2.16s, train loss: -3.0548]
26 Oct 23:43    INFO  epoch 161 evaluating [time: 46.11s, valid_score: 0.061400]
26 Oct 23:43    INFO  valid result: 
recall@10 : 0.0895    recall@20 : 0.1265    recall@50 : 0.1864    ndcg@10 : 0.0517    ndcg@20 : 0.0614    ndcg@50 : 0.0737    
26 Oct 23:43    INFO  epoch 162 training [time: 3.52s, train loss: -3.0551]
26 Oct 23:44    INFO  epoch 162 evaluating [time: 41.65s, valid_score: 0.061400]
26 Oct 23:44    INFO  valid result: 
recall@10 : 0.0893    recall@20 : 0.126    recall@50 : 0.1868    ndcg@10 : 0.0518    ndcg@20 : 0.0614    ndcg@50 : 0.0739    
26 Oct 23:44    INFO  epoch 163 training [time: 2.10s, train loss: -3.0550]
26 Oct 23:45    INFO  epoch 163 evaluating [time: 48.69s, valid_score: 0.061800]
26 Oct 23:45    INFO  valid result: 
recall@10 : 0.0901    recall@20 : 0.1274    recall@50 : 0.1871    ndcg@10 : 0.052    ndcg@20 : 0.0618    ndcg@50 : 0.074    
26 Oct 23:45    INFO  Saving current best: saved/DirectAU-Oct-26-2023_21-14-31.pth
26 Oct 23:45    INFO  epoch 164 training [time: 2.15s, train loss: -3.0551]
26 Oct 23:46    INFO  epoch 164 evaluating [time: 48.86s, valid_score: 0.061600]
26 Oct 23:46    INFO  valid result: 
recall@10 : 0.0893    recall@20 : 0.1273    recall@50 : 0.1873    ndcg@10 : 0.0516    ndcg@20 : 0.0616    ndcg@50 : 0.074    
26 Oct 23:46    INFO  epoch 165 training [time: 2.05s, train loss: -3.0551]
26 Oct 23:47    INFO  epoch 165 evaluating [time: 41.06s, valid_score: 0.061800]
26 Oct 23:47    INFO  valid result: 
recall@10 : 0.0897    recall@20 : 0.1273    recall@50 : 0.1866    ndcg@10 : 0.052    ndcg@20 : 0.0618    ndcg@50 : 0.074    
26 Oct 23:47    INFO  epoch 166 training [time: 2.17s, train loss: -3.0556]
26 Oct 23:47    INFO  epoch 166 evaluating [time: 48.88s, valid_score: 0.061900]
26 Oct 23:47    INFO  valid result: 
recall@10 : 0.0902    recall@20 : 0.1281    recall@50 : 0.1869    ndcg@10 : 0.052    ndcg@20 : 0.0619    ndcg@50 : 0.074    
26 Oct 23:47    INFO  Saving current best: saved/DirectAU-Oct-26-2023_21-14-31.pth
26 Oct 23:47    INFO  epoch 167 training [time: 2.16s, train loss: -3.0555]
26 Oct 23:48    INFO  epoch 167 evaluating [time: 47.85s, valid_score: 0.061800]
26 Oct 23:48    INFO  valid result: 
recall@10 : 0.0907    recall@20 : 0.1279    recall@50 : 0.1865    ndcg@10 : 0.0521    ndcg@20 : 0.0618    ndcg@50 : 0.0738    
26 Oct 23:48    INFO  epoch 168 training [time: 2.16s, train loss: -3.0552]
26 Oct 23:49    INFO  epoch 168 evaluating [time: 47.34s, valid_score: 0.062100]
26 Oct 23:49    INFO  valid result: 
recall@10 : 0.0906    recall@20 : 0.1278    recall@50 : 0.1862    ndcg@10 : 0.0523    ndcg@20 : 0.0621    ndcg@50 : 0.074    
26 Oct 23:49    INFO  Saving current best: saved/DirectAU-Oct-26-2023_21-14-31.pth
26 Oct 23:49    INFO  epoch 169 training [time: 3.57s, train loss: -3.0552]
26 Oct 23:50    INFO  epoch 169 evaluating [time: 41.11s, valid_score: 0.061600]
26 Oct 23:50    INFO  valid result: 
recall@10 : 0.09    recall@20 : 0.1269    recall@50 : 0.1871    ndcg@10 : 0.0519    ndcg@20 : 0.0616    ndcg@50 : 0.074    
26 Oct 23:50    INFO  epoch 170 training [time: 2.17s, train loss: -3.0553]
26 Oct 23:51    INFO  epoch 170 evaluating [time: 48.21s, valid_score: 0.061800]
26 Oct 23:51    INFO  valid result: 
recall@10 : 0.0905    recall@20 : 0.1282    recall@50 : 0.1866    ndcg@10 : 0.0519    ndcg@20 : 0.0618    ndcg@50 : 0.0738    
26 Oct 23:51    INFO  epoch 171 training [time: 2.00s, train loss: -3.0558]
26 Oct 23:51    INFO  epoch 171 evaluating [time: 48.25s, valid_score: 0.061900]
26 Oct 23:51    INFO  valid result: 
recall@10 : 0.0908    recall@20 : 0.1283    recall@50 : 0.1876    ndcg@10 : 0.0521    ndcg@20 : 0.0619    ndcg@50 : 0.0741    
26 Oct 23:52    INFO  epoch 172 training [time: 2.16s, train loss: -3.0554]
26 Oct 23:52    INFO  epoch 172 evaluating [time: 40.37s, valid_score: 0.062200]
26 Oct 23:52    INFO  valid result: 
recall@10 : 0.0908    recall@20 : 0.1289    recall@50 : 0.1874    ndcg@10 : 0.0522    ndcg@20 : 0.0622    ndcg@50 : 0.0742    
26 Oct 23:52    INFO  Saving current best: saved/DirectAU-Oct-26-2023_21-14-31.pth
26 Oct 23:52    INFO  epoch 173 training [time: 2.17s, train loss: -3.0553]
26 Oct 23:53    INFO  epoch 173 evaluating [time: 48.86s, valid_score: 0.062200]
26 Oct 23:53    INFO  valid result: 
recall@10 : 0.0902    recall@20 : 0.1284    recall@50 : 0.1869    ndcg@10 : 0.0522    ndcg@20 : 0.0622    ndcg@50 : 0.0742    
26 Oct 23:53    INFO  epoch 174 training [time: 2.19s, train loss: -3.0557]
26 Oct 23:54    INFO  epoch 174 evaluating [time: 48.65s, valid_score: 0.062000]
26 Oct 23:54    INFO  valid result: 
recall@10 : 0.0911    recall@20 : 0.1283    recall@50 : 0.1874    ndcg@10 : 0.0522    ndcg@20 : 0.062    ndcg@50 : 0.0741    
26 Oct 23:54    INFO  epoch 175 training [time: 2.16s, train loss: -3.0556]
26 Oct 23:55    INFO  epoch 175 evaluating [time: 42.63s, valid_score: 0.061700]
26 Oct 23:55    INFO  valid result: 
recall@10 : 0.0903    recall@20 : 0.1281    recall@50 : 0.1868    ndcg@10 : 0.0517    ndcg@20 : 0.0617    ndcg@50 : 0.0737    
26 Oct 23:55    INFO  epoch 176 training [time: 3.50s, train loss: -3.0559]
26 Oct 23:55    INFO  epoch 176 evaluating [time: 44.87s, valid_score: 0.061800]
26 Oct 23:55    INFO  valid result: 
recall@10 : 0.0908    recall@20 : 0.1284    recall@50 : 0.1873    ndcg@10 : 0.0519    ndcg@20 : 0.0618    ndcg@50 : 0.0739    
26 Oct 23:55    INFO  epoch 177 training [time: 2.18s, train loss: -3.0559]
26 Oct 23:56    INFO  epoch 177 evaluating [time: 49.35s, valid_score: 0.061900]
26 Oct 23:56    INFO  valid result: 
recall@10 : 0.0906    recall@20 : 0.1285    recall@50 : 0.1871    ndcg@10 : 0.0519    ndcg@20 : 0.0619    ndcg@50 : 0.0739    
26 Oct 23:56    INFO  epoch 178 training [time: 2.11s, train loss: -3.0562]
26 Oct 23:57    INFO  epoch 178 evaluating [time: 47.81s, valid_score: 0.061900]
26 Oct 23:57    INFO  valid result: 
recall@10 : 0.09    recall@20 : 0.128    recall@50 : 0.1872    ndcg@10 : 0.0519    ndcg@20 : 0.0619    ndcg@50 : 0.0741    
26 Oct 23:57    INFO  epoch 179 training [time: 2.16s, train loss: -3.0565]
26 Oct 23:58    INFO  epoch 179 evaluating [time: 41.17s, valid_score: 0.062100]
26 Oct 23:58    INFO  valid result: 
recall@10 : 0.0911    recall@20 : 0.1292    recall@50 : 0.1879    ndcg@10 : 0.0521    ndcg@20 : 0.0621    ndcg@50 : 0.0741    
26 Oct 23:58    INFO  epoch 180 training [time: 2.05s, train loss: -3.0563]
26 Oct 23:59    INFO  epoch 180 evaluating [time: 47.79s, valid_score: 0.062100]
26 Oct 23:59    INFO  valid result: 
recall@10 : 0.0911    recall@20 : 0.1288    recall@50 : 0.1879    ndcg@10 : 0.0522    ndcg@20 : 0.0621    ndcg@50 : 0.0742    
26 Oct 23:59    INFO  epoch 181 training [time: 2.07s, train loss: -3.0565]
27 Oct 00:00    INFO  epoch 181 evaluating [time: 48.83s, valid_score: 0.062300]
27 Oct 00:00    INFO  valid result: 
recall@10 : 0.0916    recall@20 : 0.1289    recall@50 : 0.1867    ndcg@10 : 0.0525    ndcg@20 : 0.0623    ndcg@50 : 0.0741    
27 Oct 00:00    INFO  Saving current best: saved/DirectAU-Oct-26-2023_21-14-31.pth
27 Oct 00:00    INFO  epoch 182 training [time: 2.13s, train loss: -3.0560]
27 Oct 00:00    INFO  epoch 182 evaluating [time: 40.57s, valid_score: 0.062100]
27 Oct 00:00    INFO  valid result: 
recall@10 : 0.0917    recall@20 : 0.1287    recall@50 : 0.1862    ndcg@10 : 0.0524    ndcg@20 : 0.0621    ndcg@50 : 0.074    
27 Oct 00:00    INFO  epoch 183 training [time: 3.64s, train loss: -3.0561]
27 Oct 00:01    INFO  epoch 183 evaluating [time: 47.21s, valid_score: 0.062200]
27 Oct 00:01    INFO  valid result: 
recall@10 : 0.0912    recall@20 : 0.1288    recall@50 : 0.1867    ndcg@10 : 0.0524    ndcg@20 : 0.0622    ndcg@50 : 0.0741    
27 Oct 00:01    INFO  epoch 184 training [time: 2.17s, train loss: -3.0565]
27 Oct 00:02    INFO  epoch 184 evaluating [time: 48.85s, valid_score: 0.062100]
27 Oct 00:02    INFO  valid result: 
recall@10 : 0.0919    recall@20 : 0.128    recall@50 : 0.1865    ndcg@10 : 0.0527    ndcg@20 : 0.0621    ndcg@50 : 0.0741    
27 Oct 00:02    INFO  epoch 185 training [time: 2.30s, train loss: -3.0566]
27 Oct 00:03    INFO  epoch 185 evaluating [time: 48.20s, valid_score: 0.062200]
27 Oct 00:03    INFO  valid result: 
recall@10 : 0.0912    recall@20 : 0.1283    recall@50 : 0.1867    ndcg@10 : 0.0525    ndcg@20 : 0.0622    ndcg@50 : 0.0742    
27 Oct 00:03    INFO  epoch 186 training [time: 2.19s, train loss: -3.0565]
27 Oct 00:04    INFO  epoch 186 evaluating [time: 41.16s, valid_score: 0.062500]
27 Oct 00:04    INFO  valid result: 
recall@10 : 0.0917    recall@20 : 0.1292    recall@50 : 0.1876    ndcg@10 : 0.0527    ndcg@20 : 0.0625    ndcg@50 : 0.0745    
27 Oct 00:04    INFO  Saving current best: saved/DirectAU-Oct-26-2023_21-14-31.pth
27 Oct 00:04    INFO  epoch 187 training [time: 2.04s, train loss: -3.0565]
27 Oct 00:04    INFO  epoch 187 evaluating [time: 40.02s, valid_score: 0.062300]
27 Oct 00:04    INFO  valid result: 
recall@10 : 0.0919    recall@20 : 0.1287    recall@50 : 0.1876    ndcg@10 : 0.0527    ndcg@20 : 0.0623    ndcg@50 : 0.0744    
27 Oct 00:04    INFO  epoch 188 training [time: 2.17s, train loss: -3.0565]
27 Oct 00:05    INFO  epoch 188 evaluating [time: 24.15s, valid_score: 0.062400]
27 Oct 00:05    INFO  valid result: 
recall@10 : 0.092    recall@20 : 0.1288    recall@50 : 0.1866    ndcg@10 : 0.0527    ndcg@20 : 0.0624    ndcg@50 : 0.0743    
27 Oct 00:05    INFO  epoch 189 training [time: 1.78s, train loss: -3.0572]
27 Oct 00:05    INFO  epoch 189 evaluating [time: 9.48s, valid_score: 0.062600]
27 Oct 00:05    INFO  valid result: 
recall@10 : 0.092    recall@20 : 0.1289    recall@50 : 0.1875    ndcg@10 : 0.0529    ndcg@20 : 0.0626    ndcg@50 : 0.0746    
27 Oct 00:05    INFO  Saving current best: saved/DirectAU-Oct-26-2023_21-14-31.pth
27 Oct 00:05    INFO  epoch 190 training [time: 1.78s, train loss: -3.0572]
27 Oct 00:05    INFO  epoch 190 evaluating [time: 9.22s, valid_score: 0.062800]
27 Oct 00:05    INFO  valid result: 
recall@10 : 0.0922    recall@20 : 0.1292    recall@50 : 0.1875    ndcg@10 : 0.0531    ndcg@20 : 0.0628    ndcg@50 : 0.0748    
27 Oct 00:05    INFO  Saving current best: saved/DirectAU-Oct-26-2023_21-14-31.pth
27 Oct 00:05    INFO  epoch 191 training [time: 1.78s, train loss: -3.0568]
27 Oct 00:05    INFO  epoch 191 evaluating [time: 9.43s, valid_score: 0.062700]
27 Oct 00:05    INFO  valid result: 
recall@10 : 0.0923    recall@20 : 0.1289    recall@50 : 0.1879    ndcg@10 : 0.0531    ndcg@20 : 0.0627    ndcg@50 : 0.0749    
27 Oct 00:05    INFO  epoch 192 training [time: 1.77s, train loss: -3.0569]
27 Oct 00:05    INFO  epoch 192 evaluating [time: 9.61s, valid_score: 0.063000]
27 Oct 00:05    INFO  valid result: 
recall@10 : 0.0916    recall@20 : 0.1297    recall@50 : 0.1875    ndcg@10 : 0.053    ndcg@20 : 0.063    ndcg@50 : 0.0749    
27 Oct 00:05    INFO  Saving current best: saved/DirectAU-Oct-26-2023_21-14-31.pth
27 Oct 00:05    INFO  epoch 193 training [time: 1.73s, train loss: -3.0572]
27 Oct 00:06    INFO  epoch 193 evaluating [time: 9.37s, valid_score: 0.062600]
27 Oct 00:06    INFO  valid result: 
recall@10 : 0.0919    recall@20 : 0.129    recall@50 : 0.1878    ndcg@10 : 0.0529    ndcg@20 : 0.0626    ndcg@50 : 0.0747    
27 Oct 00:06    INFO  epoch 194 training [time: 1.76s, train loss: -3.0572]
27 Oct 00:06    INFO  epoch 194 evaluating [time: 9.50s, valid_score: 0.062500]
27 Oct 00:06    INFO  valid result: 
recall@10 : 0.0916    recall@20 : 0.1291    recall@50 : 0.1883    ndcg@10 : 0.0526    ndcg@20 : 0.0625    ndcg@50 : 0.0746    
27 Oct 00:06    INFO  epoch 195 training [time: 1.78s, train loss: -3.0569]
27 Oct 00:06    INFO  epoch 195 evaluating [time: 9.37s, valid_score: 0.062800]
27 Oct 00:06    INFO  valid result: 
recall@10 : 0.0915    recall@20 : 0.1296    recall@50 : 0.1879    ndcg@10 : 0.0528    ndcg@20 : 0.0628    ndcg@50 : 0.0748    
27 Oct 00:06    INFO  epoch 196 training [time: 1.79s, train loss: -3.0570]
27 Oct 00:06    INFO  epoch 196 evaluating [time: 9.53s, valid_score: 0.062600]
27 Oct 00:06    INFO  valid result: 
recall@10 : 0.0925    recall@20 : 0.1292    recall@50 : 0.187    ndcg@10 : 0.0529    ndcg@20 : 0.0626    ndcg@50 : 0.0744    
27 Oct 00:06    INFO  epoch 197 training [time: 1.76s, train loss: -3.0572]
27 Oct 00:06    INFO  epoch 197 evaluating [time: 9.37s, valid_score: 0.062700]
27 Oct 00:06    INFO  valid result: 
recall@10 : 0.0924    recall@20 : 0.1298    recall@50 : 0.187    ndcg@10 : 0.053    ndcg@20 : 0.0627    ndcg@50 : 0.0745    
27 Oct 00:06    INFO  epoch 198 training [time: 1.75s, train loss: -3.0570]
27 Oct 00:07    INFO  epoch 198 evaluating [time: 9.47s, valid_score: 0.062800]
27 Oct 00:07    INFO  valid result: 
recall@10 : 0.0924    recall@20 : 0.13    recall@50 : 0.1882    ndcg@10 : 0.0529    ndcg@20 : 0.0628    ndcg@50 : 0.0747    
27 Oct 00:07    INFO  epoch 199 training [time: 1.77s, train loss: -3.0570]
27 Oct 00:07    INFO  epoch 199 evaluating [time: 9.35s, valid_score: 0.062800]
27 Oct 00:07    INFO  valid result: 
recall@10 : 0.0916    recall@20 : 0.1296    recall@50 : 0.1881    ndcg@10 : 0.0528    ndcg@20 : 0.0628    ndcg@50 : 0.0748    
27 Oct 00:07    INFO  epoch 200 training [time: 1.77s, train loss: -3.0573]
27 Oct 00:07    INFO  epoch 200 evaluating [time: 9.47s, valid_score: 0.063200]
27 Oct 00:07    INFO  valid result: 
recall@10 : 0.0921    recall@20 : 0.1303    recall@50 : 0.1883    ndcg@10 : 0.0532    ndcg@20 : 0.0632    ndcg@50 : 0.0751    
27 Oct 00:07    INFO  Saving current best: saved/DirectAU-Oct-26-2023_21-14-31.pth
27 Oct 00:07    INFO  epoch 201 training [time: 1.76s, train loss: -3.0572]
27 Oct 00:07    INFO  epoch 201 evaluating [time: 9.32s, valid_score: 0.063000]
27 Oct 00:07    INFO  valid result: 
recall@10 : 0.0926    recall@20 : 0.1301    recall@50 : 0.1885    ndcg@10 : 0.0532    ndcg@20 : 0.063    ndcg@50 : 0.075    
27 Oct 00:07    INFO  epoch 202 training [time: 1.76s, train loss: -3.0577]
27 Oct 00:07    INFO  epoch 202 evaluating [time: 9.57s, valid_score: 0.063100]
27 Oct 00:07    INFO  valid result: 
recall@10 : 0.0929    recall@20 : 0.1304    recall@50 : 0.1885    ndcg@10 : 0.0533    ndcg@20 : 0.0631    ndcg@50 : 0.0751    
27 Oct 00:07    INFO  epoch 203 training [time: 1.76s, train loss: -3.0573]
27 Oct 00:07    INFO  epoch 203 evaluating [time: 9.41s, valid_score: 0.063400]
27 Oct 00:07    INFO  valid result: 
recall@10 : 0.0924    recall@20 : 0.1301    recall@50 : 0.1881    ndcg@10 : 0.0535    ndcg@20 : 0.0634    ndcg@50 : 0.0753    
27 Oct 00:07    INFO  Saving current best: saved/DirectAU-Oct-26-2023_21-14-31.pth
27 Oct 00:07    INFO  epoch 204 training [time: 1.75s, train loss: -3.0570]
27 Oct 00:08    INFO  epoch 204 evaluating [time: 9.40s, valid_score: 0.063000]
27 Oct 00:08    INFO  valid result: 
recall@10 : 0.0917    recall@20 : 0.1291    recall@50 : 0.1892    ndcg@10 : 0.0531    ndcg@20 : 0.063    ndcg@50 : 0.0753    
27 Oct 00:08    INFO  epoch 205 training [time: 1.76s, train loss: -3.0574]
27 Oct 00:08    INFO  epoch 205 evaluating [time: 9.24s, valid_score: 0.063000]
27 Oct 00:08    INFO  valid result: 
recall@10 : 0.0923    recall@20 : 0.1298    recall@50 : 0.1889    ndcg@10 : 0.0531    ndcg@20 : 0.063    ndcg@50 : 0.0751    
27 Oct 00:08    INFO  epoch 206 training [time: 1.78s, train loss: -3.0577]
27 Oct 00:08    INFO  epoch 206 evaluating [time: 9.25s, valid_score: 0.063000]
27 Oct 00:08    INFO  valid result: 
recall@10 : 0.092    recall@20 : 0.1301    recall@50 : 0.1884    ndcg@10 : 0.053    ndcg@20 : 0.063    ndcg@50 : 0.0749    
27 Oct 00:08    INFO  epoch 207 training [time: 1.76s, train loss: -3.0576]
27 Oct 00:08    INFO  epoch 207 evaluating [time: 9.43s, valid_score: 0.063000]
27 Oct 00:08    INFO  valid result: 
recall@10 : 0.0921    recall@20 : 0.13    recall@50 : 0.1882    ndcg@10 : 0.0531    ndcg@20 : 0.063    ndcg@50 : 0.075    
27 Oct 00:08    INFO  epoch 208 training [time: 1.77s, train loss: -3.0574]
27 Oct 00:08    INFO  epoch 208 evaluating [time: 9.42s, valid_score: 0.062900]
27 Oct 00:08    INFO  valid result: 
recall@10 : 0.0919    recall@20 : 0.13    recall@50 : 0.1887    ndcg@10 : 0.0529    ndcg@20 : 0.0629    ndcg@50 : 0.075    
27 Oct 00:08    INFO  epoch 209 training [time: 1.70s, train loss: -3.0577]
27 Oct 00:09    INFO  epoch 209 evaluating [time: 9.35s, valid_score: 0.062800]
27 Oct 00:09    INFO  valid result: 
recall@10 : 0.0924    recall@20 : 0.1298    recall@50 : 0.1892    ndcg@10 : 0.053    ndcg@20 : 0.0628    ndcg@50 : 0.075    
27 Oct 00:09    INFO  epoch 210 training [time: 1.75s, train loss: -3.0579]
27 Oct 00:09    INFO  epoch 210 evaluating [time: 9.38s, valid_score: 0.062700]
27 Oct 00:09    INFO  valid result: 
recall@10 : 0.0921    recall@20 : 0.1296    recall@50 : 0.1897    ndcg@10 : 0.0529    ndcg@20 : 0.0627    ndcg@50 : 0.075    
27 Oct 00:09    INFO  epoch 211 training [time: 1.73s, train loss: -3.0576]
27 Oct 00:09    INFO  epoch 211 evaluating [time: 10.10s, valid_score: 0.063000]
27 Oct 00:09    INFO  valid result: 
recall@10 : 0.0921    recall@20 : 0.1303    recall@50 : 0.189    ndcg@10 : 0.053    ndcg@20 : 0.063    ndcg@50 : 0.075    
27 Oct 00:09    INFO  epoch 212 training [time: 1.78s, train loss: -3.0578]
27 Oct 00:09    INFO  epoch 212 evaluating [time: 9.31s, valid_score: 0.063200]
27 Oct 00:09    INFO  valid result: 
recall@10 : 0.0929    recall@20 : 0.1301    recall@50 : 0.1894    ndcg@10 : 0.0534    ndcg@20 : 0.0632    ndcg@50 : 0.0753    
27 Oct 00:09    INFO  epoch 213 training [time: 1.77s, train loss: -3.0583]
27 Oct 00:09    INFO  epoch 213 evaluating [time: 9.78s, valid_score: 0.063200]
27 Oct 00:09    INFO  valid result: 
recall@10 : 0.0923    recall@20 : 0.1308    recall@50 : 0.1891    ndcg@10 : 0.0532    ndcg@20 : 0.0632    ndcg@50 : 0.0752    
27 Oct 00:09    INFO  epoch 214 training [time: 1.76s, train loss: -3.0579]
27 Oct 00:10    INFO  epoch 214 evaluating [time: 9.68s, valid_score: 0.063200]
27 Oct 00:10    INFO  valid result: 
recall@10 : 0.0927    recall@20 : 0.1301    recall@50 : 0.1895    ndcg@10 : 0.0534    ndcg@20 : 0.0632    ndcg@50 : 0.0754    
27 Oct 00:10    INFO  Finished training, best eval result in epoch 203
27 Oct 00:10    INFO  Loading model structure and parameters from saved/DirectAU-Oct-26-2023_21-14-31.pth
27 Oct 00:10    INFO  best valid : {'recall@10': 0.0924, 'recall@20': 0.1301, 'recall@50': 0.1881, 'ndcg@10': 0.0535, 'ndcg@20': 0.0634, 'ndcg@50': 0.0753}
27 Oct 00:10    INFO  test result: {'recall@10': 0.097, 'recall@20': 0.1345, 'recall@50': 0.1953, 'ndcg@10': 0.0577, 'ndcg@20': 0.0675, 'ndcg@50': 0.0799}
