command line args [--zc 1] will not be used in RecBole
26 Oct 16:02    INFO  
General Hyper Parameters:
gpu_id = 3
use_gpu = True
seed = 0
state = INFO
reproducibility = True
data_path = dataset/Yelp
show_progress = False

Training Hyper Parameters:
checkpoint_dir = saved
epochs = 500
train_batch_size = 1024
learner = adam
learning_rate = 0.001
training_neg_sample_num = 0
training_neg_sample_distribution = uniform
eval_step = 1
stopping_step = 10
clip_grad_norm = None
weight_decay = 1e-06
draw_loss_pic = False
loss_decimal_place = 4

Evaluation Hyper Parameters:
eval_setting = RO_RS,full
group_by_user = True
split_ratio = [0.8, 0.1, 0.1]
leave_one_num = 2
real_time_process = False
metrics = ['Recall', 'NDCG']
topk = [10, 20, 50]
valid_metric = NDCG@20
eval_batch_size = 4096
metric_decimal_place = 4

Dataset Hyper Parameters:
field_separator = 	
seq_separator =  
USER_ID_FIELD = user_id
ITEM_ID_FIELD = item_id
RATING_FIELD = rating
TIME_FIELD = timestamp
seq_len = None
LABEL_FIELD = label
threshold = None
NEG_PREFIX = neg_
load_col = {'inter': ['user_id', 'item_id', 'timestamp']}
unload_col = None
unused_col = None
additional_feat_suffix = None
lowest_val = None
highest_val = None
equal_val = None
not_equal_val = None
max_user_inter_num = None
min_user_inter_num = 5
max_item_inter_num = None
min_item_inter_num = 5
fields_in_same_space = None
preload_weight = None
normalize_field = None
normalize_all = None
ITEM_LIST_LENGTH_FIELD = item_length
LIST_SUFFIX = _list
MAX_ITEM_LIST_LENGTH = 50
POSITION_FIELD = position_id
HEAD_ENTITY_ID_FIELD = head_id
TAIL_ENTITY_ID_FIELD = tail_id
RELATION_ID_FIELD = relation_id
ENTITY_ID_FIELD = entity_id

Other Hyper Parameters: 
valid_metric_bigger = True
BT = 0.1
bt = 0.001
embedding_size = 64
encoder = MF
gamma = 0.5
times = 1
witem = 0.1
wuser = 0.8
zc = 1.0
rm_dup_inter = None
filter_inter_by_user_or_item = True
SOURCE_ID_FIELD = source_id
TARGET_ID_FIELD = target_id
benchmark_filename = None
MODEL_TYPE = ModelType.GENERAL
MODEL_INPUT_TYPE = InputType.POINTWISE
eval_type = EvaluatorType.RANKING
device = cuda
train_neg_sample_args = {'strategy': 'none'}


26 Oct 16:02    INFO  Yelp
The number of users: 31669
Average actions of users: 49.305481874447395
The number of items: 38049
Average actions of items: 41.037794365012616
The number of inters: 1561406
The sparsity of the dataset: 99.87041991912021%
Remain Fields: ['user_id', 'item_id']
26 Oct 16:02    INFO  Build [GeneralDataLoader] for [train] with format [InputType.POINTWISE]
26 Oct 16:02    INFO  [train] No Negative Sampling
26 Oct 16:02    INFO  [train] batch_size = [1024], shuffle = [True]

26 Oct 16:02    INFO  Build [GeneralFullDataLoader] for [evaluation] with format [InputType.POINTWISE]
26 Oct 16:02    INFO  Evaluation Setting:
	Group by user_id
	Ordering: {'strategy': 'shuffle'}
	Splitting: {'strategy': 'by_ratio', 'ratios': [0.8, 0.1, 0.1]}
	Negative Sampling: {'strategy': 'full', 'distribution': 'uniform'}
26 Oct 16:02    INFO  [evaluation] batch_size = [4096], shuffle = [False]

26 Oct 16:02    WARNING  Batch size is changed to 38049.
26 Oct 16:02    WARNING  Batch size is changed to 38049.
{'BT': 0.1, 'bt': 0.001, 'embedding_size': 64, 'encoder': 'MF', 'gamma': None, 'times': 1, 'training_neg_sample_num': 0, 'witem': 0.1, 'wuser': 0.8, 'zc': 1.0}
this is encoder MF...
这是directau 的 WUBT 版本...
26 Oct 16:02    INFO  DirectAU(
  (encoder): MFEncoder(
    (user_embedding): Embedding(31669, 64)
    (item_embedding): Embedding(38049, 64)
  )
  (bn): BatchNorm1d(64, eps=1e-05, momentum=0.1, affine=False, track_running_stats=True)
  (projector): Sequential(
    (0): Linear(in_features=64, out_features=64, bias=False)
    (1): BatchNorm1d(64, eps=1e-05, momentum=0.1, affine=True, track_running_stats=True)
    (2): ReLU(inplace=True)
    (3): Linear(in_features=64, out_features=64, bias=False)
    (4): BatchNorm1d(64, eps=1e-05, momentum=0.1, affine=True, track_running_stats=True)
    (5): ReLU(inplace=True)
    (6): Linear(in_features=64, out_features=64, bias=False)
  )
)
Trainable parameters: 4474496
26 Oct 16:03    INFO  epoch 0 training [time: 24.39s, train loss: -0.1443]
26 Oct 16:03    INFO  epoch 0 evaluating [time: 17.84s, valid_score: 0.022200]
26 Oct 16:03    INFO  valid result: 
recall@10 : 0.0209    recall@20 : 0.0363    recall@50 : 0.0741    ndcg@10 : 0.0168    ndcg@20 : 0.0222    ndcg@50 : 0.0335    
26 Oct 16:03    INFO  Saving current best: saved/DirectAU-Oct-26-2023_16-02-44.pth
26 Oct 16:04    INFO  epoch 1 training [time: 47.97s, train loss: -0.5102]
26 Oct 16:05    INFO  epoch 1 evaluating [time: 64.06s, valid_score: 0.033200]
26 Oct 16:05    INFO  valid result: 
recall@10 : 0.0322    recall@20 : 0.0552    recall@50 : 0.1048    ndcg@10 : 0.0253    ndcg@20 : 0.0332    ndcg@50 : 0.0479    
26 Oct 16:05    INFO  Saving current best: saved/DirectAU-Oct-26-2023_16-02-44.pth
26 Oct 16:06    INFO  epoch 2 training [time: 44.84s, train loss: -0.5843]
26 Oct 16:07    INFO  epoch 2 evaluating [time: 68.90s, valid_score: 0.037700]
26 Oct 16:07    INFO  valid result: 
recall@10 : 0.0369    recall@20 : 0.0624    recall@50 : 0.117    ndcg@10 : 0.029    ndcg@20 : 0.0377    ndcg@50 : 0.0538    
26 Oct 16:07    INFO  Saving current best: saved/DirectAU-Oct-26-2023_16-02-44.pth
26 Oct 16:08    INFO  epoch 3 training [time: 51.15s, train loss: -0.6220]
26 Oct 16:09    INFO  epoch 3 evaluating [time: 62.51s, valid_score: 0.040500]
26 Oct 16:09    INFO  valid result: 
recall@10 : 0.0404    recall@20 : 0.0673    recall@50 : 0.1262    ndcg@10 : 0.0312    ndcg@20 : 0.0405    ndcg@50 : 0.0577    
26 Oct 16:09    INFO  Saving current best: saved/DirectAU-Oct-26-2023_16-02-44.pth
26 Oct 16:09    INFO  epoch 4 training [time: 50.80s, train loss: -0.6472]
26 Oct 16:11    INFO  epoch 4 evaluating [time: 62.25s, valid_score: 0.042700]
26 Oct 16:11    INFO  valid result: 
recall@10 : 0.0423    recall@20 : 0.0707    recall@50 : 0.1311    ndcg@10 : 0.0329    ndcg@20 : 0.0427    ndcg@50 : 0.0603    
26 Oct 16:11    INFO  Saving current best: saved/DirectAU-Oct-26-2023_16-02-44.pth
26 Oct 16:11    INFO  epoch 5 training [time: 50.68s, train loss: -0.6664]
26 Oct 16:12    INFO  epoch 5 evaluating [time: 62.40s, valid_score: 0.044700]
26 Oct 16:12    INFO  valid result: 
recall@10 : 0.0445    recall@20 : 0.0737    recall@50 : 0.1366    ndcg@10 : 0.0348    ndcg@20 : 0.0447    ndcg@50 : 0.0631    
26 Oct 16:12    INFO  Saving current best: saved/DirectAU-Oct-26-2023_16-02-44.pth
26 Oct 16:13    INFO  epoch 6 training [time: 50.57s, train loss: -0.6819]
26 Oct 16:14    INFO  epoch 6 evaluating [time: 61.93s, valid_score: 0.046600]
26 Oct 16:14    INFO  valid result: 
recall@10 : 0.0469    recall@20 : 0.0768    recall@50 : 0.1411    ndcg@10 : 0.0363    ndcg@20 : 0.0466    ndcg@50 : 0.0653    
26 Oct 16:14    INFO  Saving current best: saved/DirectAU-Oct-26-2023_16-02-44.pth
26 Oct 16:15    INFO  epoch 7 training [time: 50.01s, train loss: -0.6954]
26 Oct 16:16    INFO  epoch 7 evaluating [time: 63.49s, valid_score: 0.048100]
26 Oct 16:16    INFO  valid result: 
recall@10 : 0.0479    recall@20 : 0.0793    recall@50 : 0.1459    ndcg@10 : 0.0374    ndcg@20 : 0.0481    ndcg@50 : 0.0674    
26 Oct 16:16    INFO  Saving current best: saved/DirectAU-Oct-26-2023_16-02-44.pth
26 Oct 16:17    INFO  epoch 8 training [time: 51.49s, train loss: -0.7067]
26 Oct 16:18    INFO  epoch 8 evaluating [time: 61.90s, valid_score: 0.049300]
26 Oct 16:18    INFO  valid result: 
recall@10 : 0.0491    recall@20 : 0.0813    recall@50 : 0.1491    ndcg@10 : 0.0384    ndcg@20 : 0.0493    ndcg@50 : 0.0691    
26 Oct 16:18    INFO  Saving current best: saved/DirectAU-Oct-26-2023_16-02-44.pth
26 Oct 16:19    INFO  epoch 9 training [time: 49.97s, train loss: -0.7165]
26 Oct 16:20    INFO  epoch 9 evaluating [time: 63.51s, valid_score: 0.051400]
26 Oct 16:20    INFO  valid result: 
recall@10 : 0.0512    recall@20 : 0.0846    recall@50 : 0.1538    ndcg@10 : 0.04    ndcg@20 : 0.0514    ndcg@50 : 0.0716    
26 Oct 16:20    INFO  Saving current best: saved/DirectAU-Oct-26-2023_16-02-44.pth
26 Oct 16:21    INFO  epoch 10 training [time: 50.77s, train loss: -0.7250]
26 Oct 16:22    INFO  epoch 10 evaluating [time: 62.23s, valid_score: 0.052300]
26 Oct 16:22    INFO  valid result: 
recall@10 : 0.0521    recall@20 : 0.0858    recall@50 : 0.1586    ndcg@10 : 0.0409    ndcg@20 : 0.0523    ndcg@50 : 0.0734    
26 Oct 16:22    INFO  Saving current best: saved/DirectAU-Oct-26-2023_16-02-44.pth
26 Oct 16:23    INFO  epoch 11 training [time: 50.93s, train loss: -0.7322]
26 Oct 16:24    INFO  epoch 11 evaluating [time: 62.87s, valid_score: 0.053600]
26 Oct 16:24    INFO  valid result: 
recall@10 : 0.0531    recall@20 : 0.0881    recall@50 : 0.1612    ndcg@10 : 0.0418    ndcg@20 : 0.0536    ndcg@50 : 0.0749    
26 Oct 16:24    INFO  Saving current best: saved/DirectAU-Oct-26-2023_16-02-44.pth
26 Oct 16:25    INFO  epoch 12 training [time: 51.52s, train loss: -0.7387]
26 Oct 16:26    INFO  epoch 12 evaluating [time: 62.24s, valid_score: 0.055200]
26 Oct 16:26    INFO  valid result: 
recall@10 : 0.0548    recall@20 : 0.0902    recall@50 : 0.1656    ndcg@10 : 0.0431    ndcg@20 : 0.0552    ndcg@50 : 0.077    
26 Oct 16:26    INFO  Saving current best: saved/DirectAU-Oct-26-2023_16-02-44.pth
26 Oct 16:26    INFO  epoch 13 training [time: 51.60s, train loss: -0.7443]
26 Oct 16:28    INFO  epoch 13 evaluating [time: 62.79s, valid_score: 0.056100]
26 Oct 16:28    INFO  valid result: 
recall@10 : 0.0559    recall@20 : 0.0922    recall@50 : 0.1673    ndcg@10 : 0.0438    ndcg@20 : 0.0561    ndcg@50 : 0.0779    
26 Oct 16:28    INFO  Saving current best: saved/DirectAU-Oct-26-2023_16-02-44.pth
26 Oct 16:28    INFO  epoch 14 training [time: 51.94s, train loss: -0.7490]
26 Oct 16:29    INFO  epoch 14 evaluating [time: 62.48s, valid_score: 0.057700]
26 Oct 16:29    INFO  valid result: 
recall@10 : 0.0582    recall@20 : 0.0941    recall@50 : 0.1701    ndcg@10 : 0.0455    ndcg@20 : 0.0577    ndcg@50 : 0.0798    
26 Oct 16:29    INFO  Saving current best: saved/DirectAU-Oct-26-2023_16-02-44.pth
26 Oct 16:30    INFO  epoch 15 training [time: 51.91s, train loss: -0.7532]
26 Oct 16:31    INFO  epoch 15 evaluating [time: 62.67s, valid_score: 0.058600]
26 Oct 16:31    INFO  valid result: 
recall@10 : 0.0581    recall@20 : 0.096    recall@50 : 0.173    ndcg@10 : 0.0457    ndcg@20 : 0.0586    ndcg@50 : 0.081    
26 Oct 16:31    INFO  Saving current best: saved/DirectAU-Oct-26-2023_16-02-44.pth
26 Oct 16:32    INFO  epoch 16 training [time: 51.65s, train loss: -0.7569]
26 Oct 16:33    INFO  epoch 16 evaluating [time: 62.25s, valid_score: 0.059500]
26 Oct 16:33    INFO  valid result: 
recall@10 : 0.0596    recall@20 : 0.0976    recall@50 : 0.1756    ndcg@10 : 0.0467    ndcg@20 : 0.0595    ndcg@50 : 0.0821    
26 Oct 16:33    INFO  Saving current best: saved/DirectAU-Oct-26-2023_16-02-44.pth
26 Oct 16:34    INFO  epoch 17 training [time: 51.12s, train loss: -0.7603]
26 Oct 16:35    INFO  epoch 17 evaluating [time: 62.17s, valid_score: 0.059600]
26 Oct 16:35    INFO  valid result: 
recall@10 : 0.0597    recall@20 : 0.0976    recall@50 : 0.1771    ndcg@10 : 0.0468    ndcg@20 : 0.0596    ndcg@50 : 0.0826    
26 Oct 16:35    INFO  Saving current best: saved/DirectAU-Oct-26-2023_16-02-44.pth
26 Oct 16:36    INFO  epoch 18 training [time: 51.78s, train loss: -0.7631]
26 Oct 16:37    INFO  epoch 18 evaluating [time: 62.65s, valid_score: 0.060600]
26 Oct 16:37    INFO  valid result: 
recall@10 : 0.0601    recall@20 : 0.0993    recall@50 : 0.1796    ndcg@10 : 0.0474    ndcg@20 : 0.0606    ndcg@50 : 0.0839    
26 Oct 16:37    INFO  Saving current best: saved/DirectAU-Oct-26-2023_16-02-44.pth
26 Oct 16:38    INFO  epoch 19 training [time: 51.63s, train loss: -0.7656]
26 Oct 16:39    INFO  epoch 19 evaluating [time: 62.01s, valid_score: 0.061200]
26 Oct 16:39    INFO  valid result: 
recall@10 : 0.0606    recall@20 : 0.0998    recall@50 : 0.1804    ndcg@10 : 0.048    ndcg@20 : 0.0612    ndcg@50 : 0.0846    
26 Oct 16:39    INFO  Saving current best: saved/DirectAU-Oct-26-2023_16-02-44.pth
26 Oct 16:40    INFO  epoch 20 training [time: 51.48s, train loss: -0.7677]
26 Oct 16:41    INFO  epoch 20 evaluating [time: 63.14s, valid_score: 0.061700]
26 Oct 16:41    INFO  valid result: 
recall@10 : 0.062    recall@20 : 0.1004    recall@50 : 0.1812    ndcg@10 : 0.0487    ndcg@20 : 0.0617    ndcg@50 : 0.0851    
26 Oct 16:41    INFO  Saving current best: saved/DirectAU-Oct-26-2023_16-02-44.pth
26 Oct 16:42    INFO  epoch 21 training [time: 51.60s, train loss: -0.7696]
26 Oct 16:43    INFO  epoch 21 evaluating [time: 62.16s, valid_score: 0.062100]
26 Oct 16:43    INFO  valid result: 
recall@10 : 0.0618    recall@20 : 0.1015    recall@50 : 0.1832    ndcg@10 : 0.0487    ndcg@20 : 0.0621    ndcg@50 : 0.0858    
26 Oct 16:43    INFO  Saving current best: saved/DirectAU-Oct-26-2023_16-02-44.pth
26 Oct 16:44    INFO  epoch 22 training [time: 51.75s, train loss: -0.7712]
26 Oct 16:45    INFO  epoch 22 evaluating [time: 62.77s, valid_score: 0.062900]
26 Oct 16:45    INFO  valid result: 
recall@10 : 0.0629    recall@20 : 0.1026    recall@50 : 0.1842    ndcg@10 : 0.0495    ndcg@20 : 0.0629    ndcg@50 : 0.0866    
26 Oct 16:45    INFO  Saving current best: saved/DirectAU-Oct-26-2023_16-02-44.pth
26 Oct 16:46    INFO  epoch 23 training [time: 51.78s, train loss: -0.7728]
26 Oct 16:47    INFO  epoch 23 evaluating [time: 62.39s, valid_score: 0.063500]
26 Oct 16:47    INFO  valid result: 
recall@10 : 0.0635    recall@20 : 0.1033    recall@50 : 0.1844    ndcg@10 : 0.05    ndcg@20 : 0.0635    ndcg@50 : 0.0871    
26 Oct 16:47    INFO  Saving current best: saved/DirectAU-Oct-26-2023_16-02-44.pth
26 Oct 16:47    INFO  epoch 24 training [time: 51.89s, train loss: -0.7741]
26 Oct 16:48    INFO  epoch 24 evaluating [time: 62.66s, valid_score: 0.063500]
26 Oct 16:48    INFO  valid result: 
recall@10 : 0.0638    recall@20 : 0.1033    recall@50 : 0.1857    ndcg@10 : 0.0502    ndcg@20 : 0.0635    ndcg@50 : 0.0874    
26 Oct 16:49    INFO  epoch 25 training [time: 51.53s, train loss: -0.7752]
26 Oct 16:50    INFO  epoch 25 evaluating [time: 62.29s, valid_score: 0.063800]
26 Oct 16:50    INFO  valid result: 
recall@10 : 0.0642    recall@20 : 0.1039    recall@50 : 0.1868    ndcg@10 : 0.0505    ndcg@20 : 0.0638    ndcg@50 : 0.0879    
26 Oct 16:50    INFO  Saving current best: saved/DirectAU-Oct-26-2023_16-02-44.pth
26 Oct 16:51    INFO  epoch 26 training [time: 51.77s, train loss: -0.7762]
26 Oct 16:52    INFO  epoch 26 evaluating [time: 62.90s, valid_score: 0.064200]
26 Oct 16:52    INFO  valid result: 
recall@10 : 0.0646    recall@20 : 0.1042    recall@50 : 0.1869    ndcg@10 : 0.0508    ndcg@20 : 0.0642    ndcg@50 : 0.0882    
26 Oct 16:52    INFO  Saving current best: saved/DirectAU-Oct-26-2023_16-02-44.pth
26 Oct 16:53    INFO  epoch 27 training [time: 51.49s, train loss: -0.7772]
26 Oct 16:54    INFO  epoch 27 evaluating [time: 62.33s, valid_score: 0.064400]
26 Oct 16:54    INFO  valid result: 
recall@10 : 0.0648    recall@20 : 0.1046    recall@50 : 0.1884    ndcg@10 : 0.0509    ndcg@20 : 0.0644    ndcg@50 : 0.0887    
26 Oct 16:54    INFO  Saving current best: saved/DirectAU-Oct-26-2023_16-02-44.pth
26 Oct 16:55    INFO  epoch 28 training [time: 51.69s, train loss: -0.7780]
26 Oct 16:56    INFO  epoch 28 evaluating [time: 62.95s, valid_score: 0.065300]
26 Oct 16:56    INFO  valid result: 
recall@10 : 0.0645    recall@20 : 0.1057    recall@50 : 0.1878    ndcg@10 : 0.0514    ndcg@20 : 0.0653    ndcg@50 : 0.0892    
26 Oct 16:56    INFO  Saving current best: saved/DirectAU-Oct-26-2023_16-02-44.pth
26 Oct 16:57    INFO  epoch 29 training [time: 51.94s, train loss: -0.7788]
26 Oct 16:58    INFO  epoch 29 evaluating [time: 62.56s, valid_score: 0.065100]
26 Oct 16:58    INFO  valid result: 
recall@10 : 0.0652    recall@20 : 0.1057    recall@50 : 0.1879    ndcg@10 : 0.0514    ndcg@20 : 0.0651    ndcg@50 : 0.0891    
26 Oct 16:59    INFO  epoch 30 training [time: 51.22s, train loss: -0.7794]
26 Oct 17:00    INFO  epoch 30 evaluating [time: 62.33s, valid_score: 0.065600]
26 Oct 17:00    INFO  valid result: 
recall@10 : 0.0654    recall@20 : 0.106    recall@50 : 0.1892    ndcg@10 : 0.0519    ndcg@20 : 0.0656    ndcg@50 : 0.0898    
26 Oct 17:00    INFO  Saving current best: saved/DirectAU-Oct-26-2023_16-02-44.pth
26 Oct 17:01    INFO  epoch 31 training [time: 51.48s, train loss: -0.7800]
26 Oct 17:02    INFO  epoch 31 evaluating [time: 62.88s, valid_score: 0.065400]
26 Oct 17:02    INFO  valid result: 
recall@10 : 0.0661    recall@20 : 0.1063    recall@50 : 0.1896    ndcg@10 : 0.052    ndcg@20 : 0.0654    ndcg@50 : 0.0897    
26 Oct 17:03    INFO  epoch 32 training [time: 51.98s, train loss: -0.7805]
26 Oct 17:04    INFO  epoch 32 evaluating [time: 62.18s, valid_score: 0.065800]
26 Oct 17:04    INFO  valid result: 
recall@10 : 0.0655    recall@20 : 0.1062    recall@50 : 0.1896    ndcg@10 : 0.052    ndcg@20 : 0.0658    ndcg@50 : 0.0901    
26 Oct 17:04    INFO  Saving current best: saved/DirectAU-Oct-26-2023_16-02-44.pth
26 Oct 17:05    INFO  epoch 33 training [time: 51.90s, train loss: -0.7811]
26 Oct 17:06    INFO  epoch 33 evaluating [time: 62.94s, valid_score: 0.066000]
26 Oct 17:06    INFO  valid result: 
recall@10 : 0.0655    recall@20 : 0.1066    recall@50 : 0.1901    ndcg@10 : 0.0522    ndcg@20 : 0.066    ndcg@50 : 0.0903    
26 Oct 17:06    INFO  Saving current best: saved/DirectAU-Oct-26-2023_16-02-44.pth
26 Oct 17:07    INFO  epoch 34 training [time: 51.23s, train loss: -0.7816]
26 Oct 17:08    INFO  epoch 34 evaluating [time: 62.41s, valid_score: 0.066400]
26 Oct 17:08    INFO  valid result: 
recall@10 : 0.0665    recall@20 : 0.1072    recall@50 : 0.1905    ndcg@10 : 0.0527    ndcg@20 : 0.0664    ndcg@50 : 0.0906    
26 Oct 17:08    INFO  Saving current best: saved/DirectAU-Oct-26-2023_16-02-44.pth
26 Oct 17:08    INFO  epoch 35 training [time: 51.42s, train loss: -0.7819]
26 Oct 17:09    INFO  epoch 35 evaluating [time: 62.92s, valid_score: 0.066500]
26 Oct 17:09    INFO  valid result: 
recall@10 : 0.0664    recall@20 : 0.1075    recall@50 : 0.1914    ndcg@10 : 0.0527    ndcg@20 : 0.0665    ndcg@50 : 0.0909    
26 Oct 17:09    INFO  Saving current best: saved/DirectAU-Oct-26-2023_16-02-44.pth
26 Oct 17:10    INFO  epoch 36 training [time: 51.76s, train loss: -0.7824]
26 Oct 17:11    INFO  epoch 36 evaluating [time: 62.23s, valid_score: 0.066600]
26 Oct 17:11    INFO  valid result: 
recall@10 : 0.0665    recall@20 : 0.1072    recall@50 : 0.1916    ndcg@10 : 0.0528    ndcg@20 : 0.0666    ndcg@50 : 0.0911    
26 Oct 17:11    INFO  Saving current best: saved/DirectAU-Oct-26-2023_16-02-44.pth
26 Oct 17:12    INFO  epoch 37 training [time: 51.57s, train loss: -0.7827]
26 Oct 17:13    INFO  epoch 37 evaluating [time: 63.33s, valid_score: 0.066600]
26 Oct 17:13    INFO  valid result: 
recall@10 : 0.067    recall@20 : 0.1073    recall@50 : 0.1914    ndcg@10 : 0.053    ndcg@20 : 0.0666    ndcg@50 : 0.091    
26 Oct 17:14    INFO  epoch 38 training [time: 51.48s, train loss: -0.7831]
26 Oct 17:15    INFO  epoch 38 evaluating [time: 62.61s, valid_score: 0.066600]
26 Oct 17:15    INFO  valid result: 
recall@10 : 0.0665    recall@20 : 0.1071    recall@50 : 0.192    ndcg@10 : 0.0529    ndcg@20 : 0.0666    ndcg@50 : 0.0913    
26 Oct 17:16    INFO  epoch 39 training [time: 51.33s, train loss: -0.7833]
26 Oct 17:17    INFO  epoch 39 evaluating [time: 64.00s, valid_score: 0.067100]
26 Oct 17:17    INFO  valid result: 
recall@10 : 0.0666    recall@20 : 0.1078    recall@50 : 0.1917    ndcg@10 : 0.0531    ndcg@20 : 0.0671    ndcg@50 : 0.0915    
26 Oct 17:17    INFO  Saving current best: saved/DirectAU-Oct-26-2023_16-02-44.pth
26 Oct 17:18    INFO  epoch 40 training [time: 50.50s, train loss: -0.7835]
26 Oct 17:19    INFO  epoch 40 evaluating [time: 62.35s, valid_score: 0.067100]
26 Oct 17:19    INFO  valid result: 
recall@10 : 0.0671    recall@20 : 0.1079    recall@50 : 0.1917    ndcg@10 : 0.0533    ndcg@20 : 0.0671    ndcg@50 : 0.0915    
26 Oct 17:20    INFO  epoch 41 training [time: 51.58s, train loss: -0.7837]
26 Oct 17:21    INFO  epoch 41 evaluating [time: 63.03s, valid_score: 0.067200]
26 Oct 17:21    INFO  valid result: 
recall@10 : 0.0671    recall@20 : 0.1079    recall@50 : 0.192    ndcg@10 : 0.0535    ndcg@20 : 0.0672    ndcg@50 : 0.0917    
26 Oct 17:21    INFO  Saving current best: saved/DirectAU-Oct-26-2023_16-02-44.pth
26 Oct 17:22    INFO  epoch 42 training [time: 51.53s, train loss: -0.7838]
26 Oct 17:23    INFO  epoch 42 evaluating [time: 62.62s, valid_score: 0.067100]
26 Oct 17:23    INFO  valid result: 
recall@10 : 0.0667    recall@20 : 0.1076    recall@50 : 0.1925    ndcg@10 : 0.0533    ndcg@20 : 0.0671    ndcg@50 : 0.0918    
26 Oct 17:24    INFO  epoch 43 training [time: 51.58s, train loss: -0.7840]
26 Oct 17:25    INFO  epoch 43 evaluating [time: 62.21s, valid_score: 0.067200]
26 Oct 17:25    INFO  valid result: 
recall@10 : 0.0674    recall@20 : 0.1078    recall@50 : 0.1927    ndcg@10 : 0.0536    ndcg@20 : 0.0672    ndcg@50 : 0.0919    
26 Oct 17:26    INFO  epoch 44 training [time: 48.84s, train loss: -0.7842]
26 Oct 17:27    INFO  epoch 44 evaluating [time: 66.13s, valid_score: 0.067500]
26 Oct 17:27    INFO  valid result: 
recall@10 : 0.0671    recall@20 : 0.1085    recall@50 : 0.1929    ndcg@10 : 0.0535    ndcg@20 : 0.0675    ndcg@50 : 0.092    
26 Oct 17:27    INFO  Saving current best: saved/DirectAU-Oct-26-2023_16-02-44.pth
26 Oct 17:27    INFO  epoch 45 training [time: 51.69s, train loss: -0.7843]
26 Oct 17:29    INFO  epoch 45 evaluating [time: 62.38s, valid_score: 0.067500]
26 Oct 17:29    INFO  valid result: 
recall@10 : 0.067    recall@20 : 0.1086    recall@50 : 0.1922    ndcg@10 : 0.0535    ndcg@20 : 0.0675    ndcg@50 : 0.0919    
26 Oct 17:29    INFO  epoch 46 training [time: 51.13s, train loss: -0.7844]
26 Oct 17:30    INFO  epoch 46 evaluating [time: 63.71s, valid_score: 0.067700]
26 Oct 17:30    INFO  valid result: 
recall@10 : 0.0673    recall@20 : 0.1082    recall@50 : 0.1933    ndcg@10 : 0.0538    ndcg@20 : 0.0677    ndcg@50 : 0.0924    
26 Oct 17:30    INFO  Saving current best: saved/DirectAU-Oct-26-2023_16-02-44.pth
26 Oct 17:31    INFO  epoch 47 training [time: 51.64s, train loss: -0.7845]
26 Oct 17:32    INFO  epoch 47 evaluating [time: 62.38s, valid_score: 0.067500]
26 Oct 17:32    INFO  valid result: 
recall@10 : 0.068    recall@20 : 0.1088    recall@50 : 0.1929    ndcg@10 : 0.0537    ndcg@20 : 0.0675    ndcg@50 : 0.092    
26 Oct 17:33    INFO  epoch 48 training [time: 51.26s, train loss: -0.7846]
26 Oct 17:34    INFO  epoch 48 evaluating [time: 63.60s, valid_score: 0.067700]
26 Oct 17:34    INFO  valid result: 
recall@10 : 0.0679    recall@20 : 0.1091    recall@50 : 0.1935    ndcg@10 : 0.0538    ndcg@20 : 0.0677    ndcg@50 : 0.0922    
26 Oct 17:35    INFO  epoch 49 training [time: 51.08s, train loss: -0.7847]
26 Oct 17:36    INFO  epoch 49 evaluating [time: 62.70s, valid_score: 0.067800]
26 Oct 17:36    INFO  valid result: 
recall@10 : 0.0676    recall@20 : 0.1088    recall@50 : 0.1935    ndcg@10 : 0.0539    ndcg@20 : 0.0678    ndcg@50 : 0.0925    
26 Oct 17:36    INFO  Saving current best: saved/DirectAU-Oct-26-2023_16-02-44.pth
26 Oct 17:37    INFO  epoch 50 training [time: 52.11s, train loss: -0.7847]
26 Oct 17:38    INFO  epoch 50 evaluating [time: 62.63s, valid_score: 0.068000]
26 Oct 17:38    INFO  valid result: 
recall@10 : 0.0676    recall@20 : 0.1091    recall@50 : 0.1937    ndcg@10 : 0.054    ndcg@20 : 0.068    ndcg@50 : 0.0926    
26 Oct 17:38    INFO  Saving current best: saved/DirectAU-Oct-26-2023_16-02-44.pth
26 Oct 17:39    INFO  epoch 51 training [time: 51.54s, train loss: -0.7847]
26 Oct 17:40    INFO  epoch 51 evaluating [time: 62.16s, valid_score: 0.068300]
26 Oct 17:40    INFO  valid result: 
recall@10 : 0.0676    recall@20 : 0.1098    recall@50 : 0.1943    ndcg@10 : 0.054    ndcg@20 : 0.0683    ndcg@50 : 0.0928    
26 Oct 17:40    INFO  Saving current best: saved/DirectAU-Oct-26-2023_16-02-44.pth
26 Oct 17:41    INFO  epoch 52 training [time: 51.36s, train loss: -0.7848]
26 Oct 17:42    INFO  epoch 52 evaluating [time: 63.01s, valid_score: 0.068000]
26 Oct 17:42    INFO  valid result: 
recall@10 : 0.068    recall@20 : 0.109    recall@50 : 0.1943    ndcg@10 : 0.0542    ndcg@20 : 0.068    ndcg@50 : 0.0927    
26 Oct 17:43    INFO  epoch 53 training [time: 51.35s, train loss: -0.7850]
26 Oct 17:44    INFO  epoch 53 evaluating [time: 62.33s, valid_score: 0.068000]
26 Oct 17:44    INFO  valid result: 
recall@10 : 0.068    recall@20 : 0.109    recall@50 : 0.1945    ndcg@10 : 0.0541    ndcg@20 : 0.068    ndcg@50 : 0.0928    
26 Oct 17:45    INFO  epoch 54 training [time: 50.78s, train loss: -0.7850]
26 Oct 17:46    INFO  epoch 54 evaluating [time: 63.65s, valid_score: 0.068000]
26 Oct 17:46    INFO  valid result: 
recall@10 : 0.0674    recall@20 : 0.1093    recall@50 : 0.194    ndcg@10 : 0.0538    ndcg@20 : 0.068    ndcg@50 : 0.0926    
26 Oct 17:47    INFO  epoch 55 training [time: 51.31s, train loss: -0.7850]
26 Oct 17:48    INFO  epoch 55 evaluating [time: 62.49s, valid_score: 0.068000]
26 Oct 17:48    INFO  valid result: 
recall@10 : 0.0674    recall@20 : 0.109    recall@50 : 0.1937    ndcg@10 : 0.0539    ndcg@20 : 0.068    ndcg@50 : 0.0926    
26 Oct 17:48    INFO  epoch 56 training [time: 51.02s, train loss: -0.7851]
26 Oct 17:49    INFO  epoch 56 evaluating [time: 62.28s, valid_score: 0.068300]
26 Oct 17:49    INFO  valid result: 
recall@10 : 0.0683    recall@20 : 0.1091    recall@50 : 0.1939    ndcg@10 : 0.0545    ndcg@20 : 0.0683    ndcg@50 : 0.0929    
26 Oct 17:50    INFO  epoch 57 training [time: 50.32s, train loss: -0.7851]
26 Oct 17:51    INFO  epoch 57 evaluating [time: 63.91s, valid_score: 0.068200]
26 Oct 17:51    INFO  valid result: 
recall@10 : 0.0678    recall@20 : 0.1097    recall@50 : 0.1935    ndcg@10 : 0.0541    ndcg@20 : 0.0682    ndcg@50 : 0.0926    
26 Oct 17:52    INFO  epoch 58 training [time: 51.66s, train loss: -0.7852]
26 Oct 17:53    INFO  epoch 58 evaluating [time: 62.22s, valid_score: 0.068300]
26 Oct 17:53    INFO  valid result: 
recall@10 : 0.0683    recall@20 : 0.1096    recall@50 : 0.1938    ndcg@10 : 0.0544    ndcg@20 : 0.0683    ndcg@50 : 0.0928    
26 Oct 17:54    INFO  epoch 59 training [time: 50.04s, train loss: -0.7853]
26 Oct 17:55    INFO  epoch 59 evaluating [time: 63.93s, valid_score: 0.068400]
26 Oct 17:55    INFO  valid result: 
recall@10 : 0.068    recall@20 : 0.1097    recall@50 : 0.1939    ndcg@10 : 0.0543    ndcg@20 : 0.0684    ndcg@50 : 0.0929    
26 Oct 17:55    INFO  Saving current best: saved/DirectAU-Oct-26-2023_16-02-44.pth
26 Oct 17:56    INFO  epoch 60 training [time: 51.31s, train loss: -0.7852]
26 Oct 17:57    INFO  epoch 60 evaluating [time: 62.27s, valid_score: 0.068200]
26 Oct 17:57    INFO  valid result: 
recall@10 : 0.0685    recall@20 : 0.1093    recall@50 : 0.1948    ndcg@10 : 0.0544    ndcg@20 : 0.0682    ndcg@50 : 0.093    
26 Oct 17:58    INFO  epoch 61 training [time: 49.82s, train loss: -0.7853]
26 Oct 17:59    INFO  epoch 61 evaluating [time: 64.79s, valid_score: 0.068100]
26 Oct 17:59    INFO  valid result: 
recall@10 : 0.0679    recall@20 : 0.1087    recall@50 : 0.1949    ndcg@10 : 0.0544    ndcg@20 : 0.0681    ndcg@50 : 0.0931    
26 Oct 18:00    INFO  epoch 62 training [time: 50.90s, train loss: -0.7853]
26 Oct 18:01    INFO  epoch 62 evaluating [time: 62.13s, valid_score: 0.068400]
26 Oct 18:01    INFO  valid result: 
recall@10 : 0.0681    recall@20 : 0.1094    recall@50 : 0.1944    ndcg@10 : 0.0544    ndcg@20 : 0.0684    ndcg@50 : 0.0931    
26 Oct 18:02    INFO  epoch 63 training [time: 49.40s, train loss: -0.7852]
26 Oct 18:03    INFO  epoch 63 evaluating [time: 64.60s, valid_score: 0.068500]
26 Oct 18:03    INFO  valid result: 
recall@10 : 0.0679    recall@20 : 0.1096    recall@50 : 0.1946    ndcg@10 : 0.0545    ndcg@20 : 0.0685    ndcg@50 : 0.0933    
26 Oct 18:03    INFO  Saving current best: saved/DirectAU-Oct-26-2023_16-02-44.pth
26 Oct 18:04    INFO  epoch 64 training [time: 50.53s, train loss: -0.7854]
26 Oct 18:05    INFO  epoch 64 evaluating [time: 62.36s, valid_score: 0.068200]
26 Oct 18:05    INFO  valid result: 
recall@10 : 0.0684    recall@20 : 0.1092    recall@50 : 0.1943    ndcg@10 : 0.0544    ndcg@20 : 0.0682    ndcg@50 : 0.0929    
26 Oct 18:05    INFO  epoch 65 training [time: 51.49s, train loss: -0.7854]
26 Oct 18:07    INFO  epoch 65 evaluating [time: 64.79s, valid_score: 0.068500]
26 Oct 18:07    INFO  valid result: 
recall@10 : 0.0681    recall@20 : 0.1095    recall@50 : 0.1939    ndcg@10 : 0.0546    ndcg@20 : 0.0685    ndcg@50 : 0.0931    
26 Oct 18:07    INFO  epoch 66 training [time: 49.55s, train loss: -0.7854]
26 Oct 18:08    INFO  epoch 66 evaluating [time: 62.18s, valid_score: 0.068300]
26 Oct 18:08    INFO  valid result: 
recall@10 : 0.0679    recall@20 : 0.1092    recall@50 : 0.1943    ndcg@10 : 0.0544    ndcg@20 : 0.0683    ndcg@50 : 0.0931    
26 Oct 18:09    INFO  epoch 67 training [time: 51.22s, train loss: -0.7855]
26 Oct 18:10    INFO  epoch 67 evaluating [time: 63.84s, valid_score: 0.068500]
26 Oct 18:10    INFO  valid result: 
recall@10 : 0.0684    recall@20 : 0.1094    recall@50 : 0.1948    ndcg@10 : 0.0547    ndcg@20 : 0.0685    ndcg@50 : 0.0933    
26 Oct 18:11    INFO  epoch 68 training [time: 49.94s, train loss: -0.7854]
26 Oct 18:12    INFO  epoch 68 evaluating [time: 62.12s, valid_score: 0.068300]
26 Oct 18:12    INFO  valid result: 
recall@10 : 0.0687    recall@20 : 0.1092    recall@50 : 0.1948    ndcg@10 : 0.0546    ndcg@20 : 0.0683    ndcg@50 : 0.0931    
26 Oct 18:13    INFO  epoch 69 training [time: 50.93s, train loss: -0.7855]
26 Oct 18:14    INFO  epoch 69 evaluating [time: 62.17s, valid_score: 0.068700]
26 Oct 18:14    INFO  valid result: 
recall@10 : 0.0686    recall@20 : 0.1099    recall@50 : 0.1948    ndcg@10 : 0.0548    ndcg@20 : 0.0687    ndcg@50 : 0.0934    
26 Oct 18:14    INFO  Saving current best: saved/DirectAU-Oct-26-2023_16-02-44.pth
26 Oct 18:15    INFO  epoch 70 training [time: 51.56s, train loss: -0.7856]
26 Oct 18:16    INFO  epoch 70 evaluating [time: 63.62s, valid_score: 0.068800]
26 Oct 18:16    INFO  valid result: 
recall@10 : 0.0687    recall@20 : 0.1099    recall@50 : 0.1954    ndcg@10 : 0.055    ndcg@20 : 0.0688    ndcg@50 : 0.0937    
26 Oct 18:16    INFO  Saving current best: saved/DirectAU-Oct-26-2023_16-02-44.pth
26 Oct 18:17    INFO  epoch 71 training [time: 49.84s, train loss: -0.7856]
26 Oct 18:18    INFO  epoch 71 evaluating [time: 62.12s, valid_score: 0.068900]
26 Oct 18:18    INFO  valid result: 
recall@10 : 0.0682    recall@20 : 0.1102    recall@50 : 0.1951    ndcg@10 : 0.0547    ndcg@20 : 0.0689    ndcg@50 : 0.0935    
26 Oct 18:18    INFO  Saving current best: saved/DirectAU-Oct-26-2023_16-02-44.pth
26 Oct 18:19    INFO  epoch 72 training [time: 51.62s, train loss: -0.7856]
26 Oct 18:20    INFO  epoch 72 evaluating [time: 64.19s, valid_score: 0.069000]
26 Oct 18:20    INFO  valid result: 
recall@10 : 0.0683    recall@20 : 0.1102    recall@50 : 0.1954    ndcg@10 : 0.0549    ndcg@20 : 0.069    ndcg@50 : 0.0938    
26 Oct 18:20    INFO  Saving current best: saved/DirectAU-Oct-26-2023_16-02-44.pth
26 Oct 18:21    INFO  epoch 73 training [time: 50.09s, train loss: -0.7857]
26 Oct 18:22    INFO  epoch 73 evaluating [time: 62.15s, valid_score: 0.068800]
26 Oct 18:22    INFO  valid result: 
recall@10 : 0.0682    recall@20 : 0.1096    recall@50 : 0.1952    ndcg@10 : 0.0549    ndcg@20 : 0.0688    ndcg@50 : 0.0937    
26 Oct 18:23    INFO  epoch 74 training [time: 51.35s, train loss: -0.7857]
26 Oct 18:24    INFO  epoch 74 evaluating [time: 63.60s, valid_score: 0.068800]
26 Oct 18:24    INFO  valid result: 
recall@10 : 0.0681    recall@20 : 0.1096    recall@50 : 0.1951    ndcg@10 : 0.0547    ndcg@20 : 0.0688    ndcg@50 : 0.0936    
26 Oct 18:24    INFO  epoch 75 training [time: 50.18s, train loss: -0.7857]
26 Oct 18:25    INFO  epoch 75 evaluating [time: 62.12s, valid_score: 0.069100]
26 Oct 18:25    INFO  valid result: 
recall@10 : 0.0687    recall@20 : 0.1106    recall@50 : 0.1948    ndcg@10 : 0.055    ndcg@20 : 0.0691    ndcg@50 : 0.0936    
26 Oct 18:25    INFO  Saving current best: saved/DirectAU-Oct-26-2023_16-02-44.pth
26 Oct 18:26    INFO  epoch 76 training [time: 50.89s, train loss: -0.7857]
26 Oct 18:27    INFO  epoch 76 evaluating [time: 62.57s, valid_score: 0.068800]
26 Oct 18:27    INFO  valid result: 
recall@10 : 0.0689    recall@20 : 0.1101    recall@50 : 0.1958    ndcg@10 : 0.055    ndcg@20 : 0.0688    ndcg@50 : 0.0938    
26 Oct 18:28    INFO  epoch 77 training [time: 50.91s, train loss: -0.7857]
26 Oct 18:29    INFO  epoch 77 evaluating [time: 62.12s, valid_score: 0.068600]
26 Oct 18:29    INFO  valid result: 
recall@10 : 0.0682    recall@20 : 0.11    recall@50 : 0.1952    ndcg@10 : 0.0545    ndcg@20 : 0.0686    ndcg@50 : 0.0934    
26 Oct 18:30    INFO  epoch 78 training [time: 50.51s, train loss: -0.7857]
26 Oct 18:31    INFO  epoch 78 evaluating [time: 63.72s, valid_score: 0.068600]
26 Oct 18:31    INFO  valid result: 
recall@10 : 0.0683    recall@20 : 0.1097    recall@50 : 0.1955    ndcg@10 : 0.0547    ndcg@20 : 0.0686    ndcg@50 : 0.0936    
26 Oct 18:32    INFO  epoch 79 training [time: 50.62s, train loss: -0.7858]
26 Oct 18:33    INFO  epoch 79 evaluating [time: 62.15s, valid_score: 0.068800]
26 Oct 18:33    INFO  valid result: 
recall@10 : 0.0683    recall@20 : 0.1098    recall@50 : 0.195    ndcg@10 : 0.0548    ndcg@20 : 0.0688    ndcg@50 : 0.0935    
26 Oct 18:34    INFO  epoch 80 training [time: 50.09s, train loss: -0.7857]
26 Oct 18:35    INFO  epoch 80 evaluating [time: 63.47s, valid_score: 0.068400]
26 Oct 18:35    INFO  valid result: 
recall@10 : 0.0682    recall@20 : 0.1092    recall@50 : 0.1947    ndcg@10 : 0.0546    ndcg@20 : 0.0684    ndcg@50 : 0.0933    
26 Oct 18:36    INFO  epoch 81 training [time: 50.84s, train loss: -0.7857]
26 Oct 18:37    INFO  epoch 81 evaluating [time: 62.33s, valid_score: 0.068800]
26 Oct 18:37    INFO  valid result: 
recall@10 : 0.0688    recall@20 : 0.1101    recall@50 : 0.1952    ndcg@10 : 0.0549    ndcg@20 : 0.0688    ndcg@50 : 0.0935    
26 Oct 18:38    INFO  epoch 82 training [time: 50.97s, train loss: -0.7857]
26 Oct 18:39    INFO  epoch 82 evaluating [time: 61.89s, valid_score: 0.069100]
26 Oct 18:39    INFO  valid result: 
recall@10 : 0.0688    recall@20 : 0.1103    recall@50 : 0.1953    ndcg@10 : 0.0552    ndcg@20 : 0.0691    ndcg@50 : 0.0938    
26 Oct 18:40    INFO  epoch 83 training [time: 47.91s, train loss: -0.7858]
26 Oct 18:41    INFO  epoch 83 evaluating [time: 65.94s, valid_score: 0.069100]
26 Oct 18:41    INFO  valid result: 
recall@10 : 0.0687    recall@20 : 0.1108    recall@50 : 0.1958    ndcg@10 : 0.0549    ndcg@20 : 0.0691    ndcg@50 : 0.0938    
26 Oct 18:41    INFO  epoch 84 training [time: 50.91s, train loss: -0.7859]
26 Oct 18:42    INFO  epoch 84 evaluating [time: 61.98s, valid_score: 0.069100]
26 Oct 18:42    INFO  valid result: 
recall@10 : 0.0685    recall@20 : 0.1102    recall@50 : 0.1951    ndcg@10 : 0.055    ndcg@20 : 0.0691    ndcg@50 : 0.0938    
26 Oct 18:43    INFO  epoch 85 training [time: 48.71s, train loss: -0.7859]
26 Oct 18:44    INFO  epoch 85 evaluating [time: 65.21s, valid_score: 0.069200]
26 Oct 18:44    INFO  valid result: 
recall@10 : 0.0685    recall@20 : 0.1102    recall@50 : 0.1957    ndcg@10 : 0.0552    ndcg@20 : 0.0692    ndcg@50 : 0.0941    
26 Oct 18:44    INFO  Saving current best: saved/DirectAU-Oct-26-2023_16-02-44.pth
26 Oct 18:45    INFO  epoch 86 training [time: 50.71s, train loss: -0.7860]
26 Oct 18:46    INFO  epoch 86 evaluating [time: 62.00s, valid_score: 0.069000]
26 Oct 18:46    INFO  valid result: 
recall@10 : 0.0685    recall@20 : 0.1102    recall@50 : 0.1956    ndcg@10 : 0.0549    ndcg@20 : 0.069    ndcg@50 : 0.0937    
26 Oct 18:47    INFO  epoch 87 training [time: 50.03s, train loss: -0.7859]
26 Oct 18:48    INFO  epoch 87 evaluating [time: 64.28s, valid_score: 0.069100]
26 Oct 18:48    INFO  valid result: 
recall@10 : 0.0687    recall@20 : 0.1103    recall@50 : 0.195    ndcg@10 : 0.0551    ndcg@20 : 0.0691    ndcg@50 : 0.0938    
26 Oct 18:49    INFO  epoch 88 training [time: 50.80s, train loss: -0.7860]
26 Oct 18:50    INFO  epoch 88 evaluating [time: 61.76s, valid_score: 0.068900]
26 Oct 18:50    INFO  valid result: 
recall@10 : 0.068    recall@20 : 0.1101    recall@50 : 0.1952    ndcg@10 : 0.0547    ndcg@20 : 0.0689    ndcg@50 : 0.0936    
26 Oct 18:51    INFO  epoch 89 training [time: 47.47s, train loss: -0.7859]
26 Oct 18:52    INFO  epoch 89 evaluating [time: 66.34s, valid_score: 0.069000]
26 Oct 18:52    INFO  valid result: 
recall@10 : 0.0683    recall@20 : 0.1101    recall@50 : 0.1959    ndcg@10 : 0.0549    ndcg@20 : 0.069    ndcg@50 : 0.0939    
26 Oct 18:53    INFO  epoch 90 training [time: 50.76s, train loss: -0.7859]
26 Oct 18:54    INFO  epoch 90 evaluating [time: 62.13s, valid_score: 0.069300]
26 Oct 18:54    INFO  valid result: 
recall@10 : 0.0682    recall@20 : 0.1106    recall@50 : 0.1963    ndcg@10 : 0.055    ndcg@20 : 0.0693    ndcg@50 : 0.0941    
26 Oct 18:54    INFO  Saving current best: saved/DirectAU-Oct-26-2023_16-02-44.pth
26 Oct 18:55    INFO  epoch 91 training [time: 50.87s, train loss: -0.7860]
26 Oct 18:56    INFO  epoch 91 evaluating [time: 62.45s, valid_score: 0.069000]
26 Oct 18:56    INFO  valid result: 
recall@10 : 0.0682    recall@20 : 0.1099    recall@50 : 0.195    ndcg@10 : 0.0549    ndcg@20 : 0.069    ndcg@50 : 0.0937    
26 Oct 18:57    INFO  epoch 92 training [time: 50.77s, train loss: -0.7860]
26 Oct 18:58    INFO  epoch 92 evaluating [time: 61.88s, valid_score: 0.068800]
26 Oct 18:58    INFO  valid result: 
recall@10 : 0.0685    recall@20 : 0.1098    recall@50 : 0.1954    ndcg@10 : 0.055    ndcg@20 : 0.0688    ndcg@50 : 0.0937    
26 Oct 18:58    INFO  epoch 93 training [time: 49.16s, train loss: -0.7860]
26 Oct 18:59    INFO  epoch 93 evaluating [time: 64.38s, valid_score: 0.069100]
26 Oct 18:59    INFO  valid result: 
recall@10 : 0.0687    recall@20 : 0.11    recall@50 : 0.1951    ndcg@10 : 0.0551    ndcg@20 : 0.0691    ndcg@50 : 0.0939    
26 Oct 19:00    INFO  epoch 94 training [time: 50.55s, train loss: -0.7860]
26 Oct 19:01    INFO  epoch 94 evaluating [time: 62.13s, valid_score: 0.068900]
26 Oct 19:01    INFO  valid result: 
recall@10 : 0.0686    recall@20 : 0.1096    recall@50 : 0.1949    ndcg@10 : 0.0551    ndcg@20 : 0.0689    ndcg@50 : 0.0937    
26 Oct 19:02    INFO  epoch 95 training [time: 50.94s, train loss: -0.7860]
26 Oct 19:03    INFO  epoch 95 evaluating [time: 61.94s, valid_score: 0.069200]
26 Oct 19:03    INFO  valid result: 
recall@10 : 0.0687    recall@20 : 0.1101    recall@50 : 0.1953    ndcg@10 : 0.0553    ndcg@20 : 0.0692    ndcg@50 : 0.094    
26 Oct 19:04    INFO  epoch 96 training [time: 49.94s, train loss: -0.7861]
26 Oct 19:05    INFO  epoch 96 evaluating [time: 64.03s, valid_score: 0.069100]
26 Oct 19:05    INFO  valid result: 
recall@10 : 0.0689    recall@20 : 0.11    recall@50 : 0.1953    ndcg@10 : 0.0553    ndcg@20 : 0.0691    ndcg@50 : 0.0939    
26 Oct 19:06    INFO  epoch 97 training [time: 50.79s, train loss: -0.7860]
26 Oct 19:07    INFO  epoch 97 evaluating [time: 62.12s, valid_score: 0.068900]
26 Oct 19:07    INFO  valid result: 
recall@10 : 0.0687    recall@20 : 0.1097    recall@50 : 0.1949    ndcg@10 : 0.055    ndcg@20 : 0.0689    ndcg@50 : 0.0936    
26 Oct 19:08    INFO  epoch 98 training [time: 50.60s, train loss: -0.7861]
26 Oct 19:09    INFO  epoch 98 evaluating [time: 65.10s, valid_score: 0.069400]
26 Oct 19:09    INFO  valid result: 
recall@10 : 0.0688    recall@20 : 0.1105    recall@50 : 0.1949    ndcg@10 : 0.0554    ndcg@20 : 0.0694    ndcg@50 : 0.094    
26 Oct 19:09    INFO  Saving current best: saved/DirectAU-Oct-26-2023_16-02-44.pth
26 Oct 19:10    INFO  epoch 99 training [time: 48.59s, train loss: -0.7861]
26 Oct 19:11    INFO  epoch 99 evaluating [time: 62.16s, valid_score: 0.069300]
26 Oct 19:11    INFO  valid result: 
recall@10 : 0.0683    recall@20 : 0.11    recall@50 : 0.1956    ndcg@10 : 0.0552    ndcg@20 : 0.0693    ndcg@50 : 0.0941    
26 Oct 19:11    INFO  epoch 100 training [time: 28.36s, train loss: -0.7862]
26 Oct 19:12    INFO  epoch 100 evaluating [time: 58.47s, valid_score: 0.069300]
26 Oct 19:12    INFO  valid result: 
recall@10 : 0.0686    recall@20 : 0.1103    recall@50 : 0.1954    ndcg@10 : 0.0553    ndcg@20 : 0.0693    ndcg@50 : 0.094    
26 Oct 19:13    INFO  epoch 101 training [time: 24.19s, train loss: -0.7861]
26 Oct 19:13    INFO  epoch 101 evaluating [time: 14.96s, valid_score: 0.069100]
26 Oct 19:13    INFO  valid result: 
recall@10 : 0.069    recall@20 : 0.1102    recall@50 : 0.1952    ndcg@10 : 0.0553    ndcg@20 : 0.0691    ndcg@50 : 0.0938    
26 Oct 19:13    INFO  epoch 102 training [time: 24.20s, train loss: -0.7861]
26 Oct 19:14    INFO  epoch 102 evaluating [time: 15.34s, valid_score: 0.069200]
26 Oct 19:14    INFO  valid result: 
recall@10 : 0.0689    recall@20 : 0.1105    recall@50 : 0.1958    ndcg@10 : 0.0552    ndcg@20 : 0.0692    ndcg@50 : 0.094    
26 Oct 19:14    INFO  epoch 103 training [time: 23.96s, train loss: -0.7861]
26 Oct 19:14    INFO  epoch 103 evaluating [time: 15.13s, valid_score: 0.069300]
26 Oct 19:14    INFO  valid result: 
recall@10 : 0.0691    recall@20 : 0.1104    recall@50 : 0.1951    ndcg@10 : 0.0554    ndcg@20 : 0.0693    ndcg@50 : 0.094    
26 Oct 19:15    INFO  epoch 104 training [time: 23.95s, train loss: -0.7861]
26 Oct 19:15    INFO  epoch 104 evaluating [time: 15.33s, valid_score: 0.069300]
26 Oct 19:15    INFO  valid result: 
recall@10 : 0.0688    recall@20 : 0.1104    recall@50 : 0.1957    ndcg@10 : 0.0554    ndcg@20 : 0.0693    ndcg@50 : 0.0941    
26 Oct 19:15    INFO  epoch 105 training [time: 24.26s, train loss: -0.7861]
26 Oct 19:16    INFO  epoch 105 evaluating [time: 14.99s, valid_score: 0.069400]
26 Oct 19:16    INFO  valid result: 
recall@10 : 0.0688    recall@20 : 0.1107    recall@50 : 0.1959    ndcg@10 : 0.0552    ndcg@20 : 0.0694    ndcg@50 : 0.0941    
26 Oct 19:16    INFO  epoch 106 training [time: 24.32s, train loss: -0.7861]
26 Oct 19:16    INFO  epoch 106 evaluating [time: 15.22s, valid_score: 0.069200]
26 Oct 19:16    INFO  valid result: 
recall@10 : 0.0685    recall@20 : 0.1099    recall@50 : 0.1961    ndcg@10 : 0.0552    ndcg@20 : 0.0692    ndcg@50 : 0.0942    
26 Oct 19:17    INFO  epoch 107 training [time: 24.13s, train loss: -0.7862]
26 Oct 19:17    INFO  epoch 107 evaluating [time: 15.13s, valid_score: 0.069100]
26 Oct 19:17    INFO  valid result: 
recall@10 : 0.0688    recall@20 : 0.1102    recall@50 : 0.1963    ndcg@10 : 0.0551    ndcg@20 : 0.0691    ndcg@50 : 0.0941    
26 Oct 19:17    INFO  epoch 108 training [time: 24.06s, train loss: -0.7862]
26 Oct 19:17    INFO  epoch 108 evaluating [time: 15.01s, valid_score: 0.068900]
26 Oct 19:17    INFO  valid result: 
recall@10 : 0.0682    recall@20 : 0.11    recall@50 : 0.196    ndcg@10 : 0.0547    ndcg@20 : 0.0689    ndcg@50 : 0.0938    
26 Oct 19:18    INFO  epoch 109 training [time: 24.11s, train loss: -0.7861]
26 Oct 19:18    INFO  epoch 109 evaluating [time: 15.34s, valid_score: 0.069000]
26 Oct 19:18    INFO  valid result: 
recall@10 : 0.069    recall@20 : 0.1101    recall@50 : 0.1963    ndcg@10 : 0.0552    ndcg@20 : 0.069    ndcg@50 : 0.094    
26 Oct 19:18    INFO  Finished training, best eval result in epoch 98
26 Oct 19:18    INFO  Loading model structure and parameters from saved/DirectAU-Oct-26-2023_16-02-44.pth
26 Oct 19:18    INFO  best valid : {'recall@10': 0.0688, 'recall@20': 0.1105, 'recall@50': 0.1949, 'ndcg@10': 0.0554, 'ndcg@20': 0.0694, 'ndcg@50': 0.094}
26 Oct 19:18    INFO  test result: {'recall@10': 0.0701, 'recall@20': 0.1124, 'recall@50': 0.1965, 'ndcg@10': 0.0565, 'ndcg@20': 0.0706, 'ndcg@50': 0.095}
