command line args [--zc 0.5] will not be used in RecBole
26 Oct 21:14    INFO  
General Hyper Parameters:
gpu_id = 2
use_gpu = True
seed = 0
state = INFO
reproducibility = True
data_path = dataset/Beauty
show_progress = False

Training Hyper Parameters:
checkpoint_dir = saved
epochs = 500
train_batch_size = 256
learner = adam
learning_rate = 0.001
training_neg_sample_num = 0
training_neg_sample_distribution = uniform
eval_step = 1
stopping_step = 10
clip_grad_norm = None
weight_decay = 1e-06
draw_loss_pic = False
loss_decimal_place = 4

Evaluation Hyper Parameters:
eval_setting = RO_RS,full
group_by_user = True
split_ratio = [0.8, 0.1, 0.1]
leave_one_num = 2
real_time_process = False
metrics = ['Recall', 'NDCG']
topk = [10, 20, 50]
valid_metric = NDCG@20
eval_batch_size = 4096
metric_decimal_place = 4

Dataset Hyper Parameters:
field_separator = 	
seq_separator =  
USER_ID_FIELD = user_id
ITEM_ID_FIELD = item_id
RATING_FIELD = rating
TIME_FIELD = timestamp
seq_len = None
LABEL_FIELD = label
threshold = None
NEG_PREFIX = neg_
load_col = {'inter': ['user_id', 'item_id', 'timestamp']}
unload_col = None
unused_col = None
additional_feat_suffix = None
lowest_val = None
highest_val = None
equal_val = None
not_equal_val = None
max_user_inter_num = None
min_user_inter_num = 5
max_item_inter_num = None
min_item_inter_num = 5
fields_in_same_space = None
preload_weight = None
normalize_field = None
normalize_all = None
ITEM_LIST_LENGTH_FIELD = item_length
LIST_SUFFIX = _list
MAX_ITEM_LIST_LENGTH = 50
POSITION_FIELD = position_id
HEAD_ENTITY_ID_FIELD = head_id
TAIL_ENTITY_ID_FIELD = tail_id
RELATION_ID_FIELD = relation_id
ENTITY_ID_FIELD = entity_id

Other Hyper Parameters: 
valid_metric_bigger = True
BT = 0.1
bt = 0.001
embedding_size = 64
encoder = MF
gamma = 1
times = 1
witem = 0.1
wuser = 0.8
zc = 0.5
rm_dup_inter = None
filter_inter_by_user_or_item = True
SOURCE_ID_FIELD = source_id
TARGET_ID_FIELD = target_id
benchmark_filename = None
MODEL_TYPE = ModelType.GENERAL
MODEL_INPUT_TYPE = InputType.POINTWISE
eval_type = EvaluatorType.RANKING
device = cuda
train_neg_sample_args = {'strategy': 'none'}


26 Oct 21:14    INFO  Beauty
The number of users: 22364
Average actions of users: 8.876358270357287
The number of items: 12102
Average actions of items: 16.403768283612923
The number of inters: 198502
The sparsity of the dataset: 99.92665707018277%
Remain Fields: ['user_id', 'item_id', 'timestamp']
26 Oct 21:14    INFO  Build [GeneralDataLoader] for [train] with format [InputType.POINTWISE]
26 Oct 21:14    INFO  [train] No Negative Sampling
26 Oct 21:14    INFO  [train] batch_size = [256], shuffle = [True]

26 Oct 21:14    INFO  Build [GeneralFullDataLoader] for [evaluation] with format [InputType.POINTWISE]
26 Oct 21:14    INFO  Evaluation Setting:
	Group by user_id
	Ordering: {'strategy': 'shuffle'}
	Splitting: {'strategy': 'by_ratio', 'ratios': [0.8, 0.1, 0.1]}
	Negative Sampling: {'strategy': 'full', 'distribution': 'uniform'}
26 Oct 21:14    INFO  [evaluation] batch_size = [4096], shuffle = [False]

26 Oct 21:14    WARNING  Batch size is changed to 12102.
26 Oct 21:14    WARNING  Batch size is changed to 12102.
{'BT': 0.1, 'bt': 0.001, 'embedding_size': 64, 'encoder': 'MF', 'gamma': None, 'times': 1, 'training_neg_sample_num': 0, 'witem': 0.1, 'wuser': 0.8, 'zc': 0.5}
this is encoder MF...
这是directau 的 WUBT 版本...0.5
26 Oct 21:14    INFO  DirectAU(
  (encoder): MFEncoder(
    (user_embedding): Embedding(22364, 64)
    (item_embedding): Embedding(12102, 64)
  )
  (bn): BatchNorm1d(64, eps=1e-05, momentum=0.1, affine=False, track_running_stats=True)
  (projector): Sequential(
    (0): Linear(in_features=64, out_features=64, bias=False)
    (1): BatchNorm1d(64, eps=1e-05, momentum=0.1, affine=True, track_running_stats=True)
    (2): ReLU(inplace=True)
    (3): Linear(in_features=64, out_features=64, bias=False)
    (4): BatchNorm1d(64, eps=1e-05, momentum=0.1, affine=True, track_running_stats=True)
    (5): ReLU(inplace=True)
    (6): Linear(in_features=64, out_features=64, bias=False)
  )
)
Trainable parameters: 2218368
26 Oct 21:14    INFO  epoch 0 training [time: 3.07s, train loss: -1.8702]
26 Oct 21:15    INFO  epoch 0 evaluating [time: 58.65s, valid_score: 0.012200]
26 Oct 21:15    INFO  valid result: 
recall@10 : 0.0164    recall@20 : 0.026    recall@50 : 0.0423    ndcg@10 : 0.0095    ndcg@20 : 0.0122    ndcg@50 : 0.0158    
26 Oct 21:15    INFO  Saving current best: saved/DirectAU-Oct-26-2023_21-14-18.pth
26 Oct 21:15    INFO  epoch 1 training [time: 3.02s, train loss: -2.3454]
26 Oct 21:16    INFO  epoch 1 evaluating [time: 57.96s, valid_score: 0.017400]
26 Oct 21:16    INFO  valid result: 
recall@10 : 0.0246    recall@20 : 0.0369    recall@50 : 0.0601    ndcg@10 : 0.0141    ndcg@20 : 0.0174    ndcg@50 : 0.0224    
26 Oct 21:16    INFO  Saving current best: saved/DirectAU-Oct-26-2023_21-14-18.pth
26 Oct 21:16    INFO  epoch 2 training [time: 3.04s, train loss: -2.4795]
26 Oct 21:17    INFO  epoch 2 evaluating [time: 57.31s, valid_score: 0.020600]
26 Oct 21:17    INFO  valid result: 
recall@10 : 0.0295    recall@20 : 0.0448    recall@50 : 0.0718    ndcg@10 : 0.0165    ndcg@20 : 0.0206    ndcg@50 : 0.0264    
26 Oct 21:17    INFO  Saving current best: saved/DirectAU-Oct-26-2023_21-14-18.pth
26 Oct 21:17    INFO  epoch 3 training [time: 3.04s, train loss: -2.5475]
26 Oct 21:18    INFO  epoch 3 evaluating [time: 58.28s, valid_score: 0.023400]
26 Oct 21:18    INFO  valid result: 
recall@10 : 0.0328    recall@20 : 0.0502    recall@50 : 0.0796    ndcg@10 : 0.0187    ndcg@20 : 0.0234    ndcg@50 : 0.0296    
26 Oct 21:18    INFO  Saving current best: saved/DirectAU-Oct-26-2023_21-14-18.pth
26 Oct 21:18    INFO  epoch 4 training [time: 3.02s, train loss: -2.5910]
26 Oct 21:19    INFO  epoch 4 evaluating [time: 58.82s, valid_score: 0.025300]
26 Oct 21:19    INFO  valid result: 
recall@10 : 0.0353    recall@20 : 0.0549    recall@50 : 0.085    ndcg@10 : 0.02    ndcg@20 : 0.0253    ndcg@50 : 0.0315    
26 Oct 21:19    INFO  Saving current best: saved/DirectAU-Oct-26-2023_21-14-18.pth
26 Oct 21:19    INFO  epoch 5 training [time: 2.99s, train loss: -2.6239]
26 Oct 21:20    INFO  epoch 5 evaluating [time: 58.88s, valid_score: 0.026800]
26 Oct 21:20    INFO  valid result: 
recall@10 : 0.037    recall@20 : 0.057    recall@50 : 0.0905    ndcg@10 : 0.0214    ndcg@20 : 0.0268    ndcg@50 : 0.0338    
26 Oct 21:20    INFO  Saving current best: saved/DirectAU-Oct-26-2023_21-14-18.pth
26 Oct 21:20    INFO  epoch 6 training [time: 3.01s, train loss: -2.6498]
26 Oct 21:21    INFO  epoch 6 evaluating [time: 58.44s, valid_score: 0.028400]
26 Oct 21:21    INFO  valid result: 
recall@10 : 0.0402    recall@20 : 0.0611    recall@50 : 0.0965    ndcg@10 : 0.0228    ndcg@20 : 0.0284    ndcg@50 : 0.0358    
26 Oct 21:21    INFO  Saving current best: saved/DirectAU-Oct-26-2023_21-14-18.pth
26 Oct 21:21    INFO  epoch 7 training [time: 2.58s, train loss: -2.6711]
26 Oct 21:22    INFO  epoch 7 evaluating [time: 58.23s, valid_score: 0.029900]
26 Oct 21:22    INFO  valid result: 
recall@10 : 0.0427    recall@20 : 0.0638    recall@50 : 0.1014    ndcg@10 : 0.0243    ndcg@20 : 0.0299    ndcg@50 : 0.0377    
26 Oct 21:22    INFO  Saving current best: saved/DirectAU-Oct-26-2023_21-14-18.pth
26 Oct 21:22    INFO  epoch 8 training [time: 3.05s, train loss: -2.6915]
26 Oct 21:23    INFO  epoch 8 evaluating [time: 58.80s, valid_score: 0.030800]
26 Oct 21:23    INFO  valid result: 
recall@10 : 0.0433    recall@20 : 0.0666    recall@50 : 0.1028    ndcg@10 : 0.0246    ndcg@20 : 0.0308    ndcg@50 : 0.0384    
26 Oct 21:23    INFO  Saving current best: saved/DirectAU-Oct-26-2023_21-14-18.pth
26 Oct 21:23    INFO  epoch 9 training [time: 3.01s, train loss: -2.7084]
26 Oct 21:24    INFO  epoch 9 evaluating [time: 58.79s, valid_score: 0.032200]
26 Oct 21:24    INFO  valid result: 
recall@10 : 0.0461    recall@20 : 0.0689    recall@50 : 0.1072    ndcg@10 : 0.0262    ndcg@20 : 0.0322    ndcg@50 : 0.0401    
26 Oct 21:24    INFO  Saving current best: saved/DirectAU-Oct-26-2023_21-14-18.pth
26 Oct 21:24    INFO  epoch 10 training [time: 4.83s, train loss: -2.7236]
26 Oct 21:25    INFO  epoch 10 evaluating [time: 56.74s, valid_score: 0.033200]
26 Oct 21:25    INFO  valid result: 
recall@10 : 0.0476    recall@20 : 0.0699    recall@50 : 0.1113    ndcg@10 : 0.0272    ndcg@20 : 0.0332    ndcg@50 : 0.0418    
26 Oct 21:25    INFO  Saving current best: saved/DirectAU-Oct-26-2023_21-14-18.pth
26 Oct 21:25    INFO  epoch 11 training [time: 6.46s, train loss: -2.7385]
26 Oct 21:26    INFO  epoch 11 evaluating [time: 54.48s, valid_score: 0.034600]
26 Oct 21:26    INFO  valid result: 
recall@10 : 0.049    recall@20 : 0.0738    recall@50 : 0.1135    ndcg@10 : 0.028    ndcg@20 : 0.0346    ndcg@50 : 0.0428    
26 Oct 21:26    INFO  Saving current best: saved/DirectAU-Oct-26-2023_21-14-18.pth
26 Oct 21:26    INFO  epoch 12 training [time: 6.46s, train loss: -2.7512]
26 Oct 21:27    INFO  epoch 12 evaluating [time: 58.74s, valid_score: 0.035100]
26 Oct 21:27    INFO  valid result: 
recall@10 : 0.0497    recall@20 : 0.0745    recall@50 : 0.1167    ndcg@10 : 0.0285    ndcg@20 : 0.0351    ndcg@50 : 0.0439    
26 Oct 21:27    INFO  Saving current best: saved/DirectAU-Oct-26-2023_21-14-18.pth
26 Oct 21:27    INFO  epoch 13 training [time: 3.01s, train loss: -2.7642]
26 Oct 21:28    INFO  epoch 13 evaluating [time: 58.69s, valid_score: 0.035800]
26 Oct 21:28    INFO  valid result: 
recall@10 : 0.0502    recall@20 : 0.0763    recall@50 : 0.1183    ndcg@10 : 0.029    ndcg@20 : 0.0358    ndcg@50 : 0.0446    
26 Oct 21:28    INFO  Saving current best: saved/DirectAU-Oct-26-2023_21-14-18.pth
26 Oct 21:28    INFO  epoch 14 training [time: 3.01s, train loss: -2.7749]
26 Oct 21:29    INFO  epoch 14 evaluating [time: 58.59s, valid_score: 0.036400]
26 Oct 21:29    INFO  valid result: 
recall@10 : 0.0514    recall@20 : 0.0778    recall@50 : 0.1211    ndcg@10 : 0.0295    ndcg@20 : 0.0364    ndcg@50 : 0.0454    
26 Oct 21:29    INFO  Saving current best: saved/DirectAU-Oct-26-2023_21-14-18.pth
26 Oct 21:29    INFO  epoch 15 training [time: 2.97s, train loss: -2.7867]
26 Oct 21:30    INFO  epoch 15 evaluating [time: 58.98s, valid_score: 0.037700]
26 Oct 21:30    INFO  valid result: 
recall@10 : 0.0531    recall@20 : 0.0808    recall@50 : 0.1247    ndcg@10 : 0.0304    ndcg@20 : 0.0377    ndcg@50 : 0.0467    
26 Oct 21:30    INFO  Saving current best: saved/DirectAU-Oct-26-2023_21-14-18.pth
26 Oct 21:30    INFO  epoch 16 training [time: 3.01s, train loss: -2.7964]
26 Oct 21:31    INFO  epoch 16 evaluating [time: 58.44s, valid_score: 0.038500]
26 Oct 21:31    INFO  valid result: 
recall@10 : 0.0541    recall@20 : 0.0824    recall@50 : 0.1245    ndcg@10 : 0.031    ndcg@20 : 0.0385    ndcg@50 : 0.0472    
26 Oct 21:31    INFO  Saving current best: saved/DirectAU-Oct-26-2023_21-14-18.pth
26 Oct 21:31    INFO  epoch 17 training [time: 3.01s, train loss: -2.8070]
26 Oct 21:32    INFO  epoch 17 evaluating [time: 59.00s, valid_score: 0.039400]
26 Oct 21:32    INFO  valid result: 
recall@10 : 0.0563    recall@20 : 0.0837    recall@50 : 0.1267    ndcg@10 : 0.0322    ndcg@20 : 0.0394    ndcg@50 : 0.0483    
26 Oct 21:32    INFO  Saving current best: saved/DirectAU-Oct-26-2023_21-14-18.pth
26 Oct 21:32    INFO  epoch 18 training [time: 2.92s, train loss: -2.8167]
26 Oct 21:33    INFO  epoch 18 evaluating [time: 58.41s, valid_score: 0.039800]
26 Oct 21:33    INFO  valid result: 
recall@10 : 0.0583    recall@20 : 0.0844    recall@50 : 0.1294    ndcg@10 : 0.0329    ndcg@20 : 0.0398    ndcg@50 : 0.0491    
26 Oct 21:33    INFO  Saving current best: saved/DirectAU-Oct-26-2023_21-14-18.pth
26 Oct 21:33    INFO  epoch 19 training [time: 2.79s, train loss: -2.8259]
26 Oct 21:34    INFO  epoch 19 evaluating [time: 58.16s, valid_score: 0.040300]
26 Oct 21:34    INFO  valid result: 
recall@10 : 0.059    recall@20 : 0.0854    recall@50 : 0.1312    ndcg@10 : 0.0333    ndcg@20 : 0.0403    ndcg@50 : 0.0498    
26 Oct 21:34    INFO  Saving current best: saved/DirectAU-Oct-26-2023_21-14-18.pth
26 Oct 21:34    INFO  epoch 20 training [time: 2.93s, train loss: -2.8349]
26 Oct 21:35    INFO  epoch 20 evaluating [time: 58.84s, valid_score: 0.040900]
26 Oct 21:35    INFO  valid result: 
recall@10 : 0.0589    recall@20 : 0.0867    recall@50 : 0.1326    ndcg@10 : 0.0336    ndcg@20 : 0.0409    ndcg@50 : 0.0504    
26 Oct 21:35    INFO  Saving current best: saved/DirectAU-Oct-26-2023_21-14-18.pth
26 Oct 21:35    INFO  epoch 21 training [time: 2.89s, train loss: -2.8428]
26 Oct 21:36    INFO  epoch 21 evaluating [time: 58.47s, valid_score: 0.041700]
26 Oct 21:36    INFO  valid result: 
recall@10 : 0.0599    recall@20 : 0.088    recall@50 : 0.1338    ndcg@10 : 0.0343    ndcg@20 : 0.0417    ndcg@50 : 0.0512    
26 Oct 21:36    INFO  Saving current best: saved/DirectAU-Oct-26-2023_21-14-18.pth
26 Oct 21:36    INFO  epoch 22 training [time: 3.06s, train loss: -2.8514]
26 Oct 21:37    INFO  epoch 22 evaluating [time: 58.67s, valid_score: 0.042800]
26 Oct 21:37    INFO  valid result: 
recall@10 : 0.0615    recall@20 : 0.0905    recall@50 : 0.1365    ndcg@10 : 0.0352    ndcg@20 : 0.0428    ndcg@50 : 0.0523    
26 Oct 21:37    INFO  Saving current best: saved/DirectAU-Oct-26-2023_21-14-18.pth
26 Oct 21:38    INFO  epoch 23 training [time: 3.03s, train loss: -2.8580]
26 Oct 21:38    INFO  epoch 23 evaluating [time: 58.42s, valid_score: 0.043000]
26 Oct 21:38    INFO  valid result: 
recall@10 : 0.0616    recall@20 : 0.0908    recall@50 : 0.1372    ndcg@10 : 0.0353    ndcg@20 : 0.043    ndcg@50 : 0.0526    
26 Oct 21:38    INFO  Saving current best: saved/DirectAU-Oct-26-2023_21-14-18.pth
26 Oct 21:39    INFO  epoch 24 training [time: 2.84s, train loss: -2.8658]
26 Oct 21:40    INFO  epoch 24 evaluating [time: 58.78s, valid_score: 0.043700]
26 Oct 21:40    INFO  valid result: 
recall@10 : 0.0641    recall@20 : 0.0922    recall@50 : 0.1384    ndcg@10 : 0.0363    ndcg@20 : 0.0437    ndcg@50 : 0.0533    
26 Oct 21:40    INFO  Saving current best: saved/DirectAU-Oct-26-2023_21-14-18.pth
26 Oct 21:40    INFO  epoch 25 training [time: 2.91s, train loss: -2.8737]
26 Oct 21:41    INFO  epoch 25 evaluating [time: 58.28s, valid_score: 0.044600]
26 Oct 21:41    INFO  valid result: 
recall@10 : 0.0637    recall@20 : 0.093    recall@50 : 0.1418    ndcg@10 : 0.0369    ndcg@20 : 0.0446    ndcg@50 : 0.0547    
26 Oct 21:41    INFO  Saving current best: saved/DirectAU-Oct-26-2023_21-14-18.pth
26 Oct 21:41    INFO  epoch 26 training [time: 2.83s, train loss: -2.8800]
26 Oct 21:42    INFO  epoch 26 evaluating [time: 58.93s, valid_score: 0.044600]
26 Oct 21:42    INFO  valid result: 
recall@10 : 0.0643    recall@20 : 0.0936    recall@50 : 0.1421    ndcg@10 : 0.0369    ndcg@20 : 0.0446    ndcg@50 : 0.0546    
26 Oct 21:42    INFO  epoch 27 training [time: 2.94s, train loss: -2.8864]
26 Oct 21:43    INFO  epoch 27 evaluating [time: 57.76s, valid_score: 0.045100]
26 Oct 21:43    INFO  valid result: 
recall@10 : 0.0654    recall@20 : 0.0945    recall@50 : 0.1446    ndcg@10 : 0.0374    ndcg@20 : 0.0451    ndcg@50 : 0.0554    
26 Oct 21:43    INFO  Saving current best: saved/DirectAU-Oct-26-2023_21-14-18.pth
26 Oct 21:43    INFO  epoch 28 training [time: 3.04s, train loss: -2.8924]
26 Oct 21:44    INFO  epoch 28 evaluating [time: 58.94s, valid_score: 0.045500]
26 Oct 21:44    INFO  valid result: 
recall@10 : 0.0664    recall@20 : 0.0969    recall@50 : 0.1455    ndcg@10 : 0.0376    ndcg@20 : 0.0455    ndcg@50 : 0.0556    
26 Oct 21:44    INFO  Saving current best: saved/DirectAU-Oct-26-2023_21-14-18.pth
26 Oct 21:44    INFO  epoch 29 training [time: 2.94s, train loss: -2.8984]
26 Oct 21:45    INFO  epoch 29 evaluating [time: 58.31s, valid_score: 0.045600]
26 Oct 21:45    INFO  valid result: 
recall@10 : 0.0661    recall@20 : 0.0965    recall@50 : 0.1461    ndcg@10 : 0.0377    ndcg@20 : 0.0456    ndcg@50 : 0.0559    
26 Oct 21:45    INFO  Saving current best: saved/DirectAU-Oct-26-2023_21-14-18.pth
26 Oct 21:45    INFO  epoch 30 training [time: 2.99s, train loss: -2.9041]
26 Oct 21:46    INFO  epoch 30 evaluating [time: 58.93s, valid_score: 0.046300]
26 Oct 21:46    INFO  valid result: 
recall@10 : 0.0675    recall@20 : 0.098    recall@50 : 0.1468    ndcg@10 : 0.0383    ndcg@20 : 0.0463    ndcg@50 : 0.0564    
26 Oct 21:46    INFO  Saving current best: saved/DirectAU-Oct-26-2023_21-14-18.pth
26 Oct 21:46    INFO  epoch 31 training [time: 2.98s, train loss: -2.9090]
26 Oct 21:47    INFO  epoch 31 evaluating [time: 58.48s, valid_score: 0.047400]
26 Oct 21:47    INFO  valid result: 
recall@10 : 0.0684    recall@20 : 0.0995    recall@50 : 0.149    ndcg@10 : 0.0392    ndcg@20 : 0.0474    ndcg@50 : 0.0576    
26 Oct 21:47    INFO  Saving current best: saved/DirectAU-Oct-26-2023_21-14-18.pth
26 Oct 21:47    INFO  epoch 32 training [time: 2.94s, train loss: -2.9153]
26 Oct 21:48    INFO  epoch 32 evaluating [time: 58.73s, valid_score: 0.047600]
26 Oct 21:48    INFO  valid result: 
recall@10 : 0.0685    recall@20 : 0.1    recall@50 : 0.1501    ndcg@10 : 0.0393    ndcg@20 : 0.0476    ndcg@50 : 0.0579    
26 Oct 21:48    INFO  Saving current best: saved/DirectAU-Oct-26-2023_21-14-18.pth
26 Oct 21:48    INFO  epoch 33 training [time: 2.78s, train loss: -2.9200]
26 Oct 21:49    INFO  epoch 33 evaluating [time: 58.70s, valid_score: 0.048200]
26 Oct 21:49    INFO  valid result: 
recall@10 : 0.0691    recall@20 : 0.1003    recall@50 : 0.1513    ndcg@10 : 0.04    ndcg@20 : 0.0482    ndcg@50 : 0.0587    
26 Oct 21:49    INFO  Saving current best: saved/DirectAU-Oct-26-2023_21-14-18.pth
26 Oct 21:49    INFO  epoch 34 training [time: 2.96s, train loss: -2.9247]
26 Oct 21:50    INFO  epoch 34 evaluating [time: 58.69s, valid_score: 0.048300]
26 Oct 21:50    INFO  valid result: 
recall@10 : 0.0704    recall@20 : 0.1017    recall@50 : 0.1538    ndcg@10 : 0.0401    ndcg@20 : 0.0483    ndcg@50 : 0.0591    
26 Oct 21:50    INFO  Saving current best: saved/DirectAU-Oct-26-2023_21-14-18.pth
26 Oct 21:50    INFO  epoch 35 training [time: 2.63s, train loss: -2.9292]
26 Oct 21:51    INFO  epoch 35 evaluating [time: 58.45s, valid_score: 0.048800]
26 Oct 21:51    INFO  valid result: 
recall@10 : 0.0712    recall@20 : 0.1024    recall@50 : 0.1545    ndcg@10 : 0.0406    ndcg@20 : 0.0488    ndcg@50 : 0.0596    
26 Oct 21:51    INFO  Saving current best: saved/DirectAU-Oct-26-2023_21-14-18.pth
26 Oct 21:51    INFO  epoch 36 training [time: 2.90s, train loss: -2.9337]
26 Oct 21:52    INFO  epoch 36 evaluating [time: 58.26s, valid_score: 0.049200]
26 Oct 21:52    INFO  valid result: 
recall@10 : 0.072    recall@20 : 0.1028    recall@50 : 0.154    ndcg@10 : 0.0411    ndcg@20 : 0.0492    ndcg@50 : 0.0598    
26 Oct 21:52    INFO  Saving current best: saved/DirectAU-Oct-26-2023_21-14-18.pth
26 Oct 21:52    INFO  epoch 37 training [time: 3.01s, train loss: -2.9382]
26 Oct 21:53    INFO  epoch 37 evaluating [time: 58.10s, valid_score: 0.049200]
26 Oct 21:53    INFO  valid result: 
recall@10 : 0.0728    recall@20 : 0.1037    recall@50 : 0.155    ndcg@10 : 0.0411    ndcg@20 : 0.0492    ndcg@50 : 0.0598    
26 Oct 21:53    INFO  epoch 38 training [time: 3.11s, train loss: -2.9418]
26 Oct 21:54    INFO  epoch 38 evaluating [time: 58.64s, valid_score: 0.049700]
26 Oct 21:54    INFO  valid result: 
recall@10 : 0.0729    recall@20 : 0.1048    recall@50 : 0.156    ndcg@10 : 0.0414    ndcg@20 : 0.0497    ndcg@50 : 0.0603    
26 Oct 21:54    INFO  Saving current best: saved/DirectAU-Oct-26-2023_21-14-18.pth
26 Oct 21:54    INFO  epoch 39 training [time: 3.03s, train loss: -2.9463]
26 Oct 21:55    INFO  epoch 39 evaluating [time: 58.75s, valid_score: 0.050100]
26 Oct 21:55    INFO  valid result: 
recall@10 : 0.074    recall@20 : 0.1048    recall@50 : 0.1573    ndcg@10 : 0.0421    ndcg@20 : 0.0501    ndcg@50 : 0.0609    
26 Oct 21:55    INFO  Saving current best: saved/DirectAU-Oct-26-2023_21-14-18.pth
26 Oct 21:55    INFO  epoch 40 training [time: 3.03s, train loss: -2.9496]
26 Oct 21:56    INFO  epoch 40 evaluating [time: 58.50s, valid_score: 0.050500]
26 Oct 21:56    INFO  valid result: 
recall@10 : 0.0741    recall@20 : 0.1057    recall@50 : 0.1584    ndcg@10 : 0.0422    ndcg@20 : 0.0505    ndcg@50 : 0.0614    
26 Oct 21:56    INFO  Saving current best: saved/DirectAU-Oct-26-2023_21-14-18.pth
26 Oct 21:56    INFO  epoch 41 training [time: 3.01s, train loss: -2.9530]
26 Oct 21:57    INFO  epoch 41 evaluating [time: 58.82s, valid_score: 0.051000]
26 Oct 21:57    INFO  valid result: 
recall@10 : 0.0744    recall@20 : 0.1068    recall@50 : 0.1594    ndcg@10 : 0.0425    ndcg@20 : 0.051    ndcg@50 : 0.0618    
26 Oct 21:57    INFO  Saving current best: saved/DirectAU-Oct-26-2023_21-14-18.pth
26 Oct 21:57    INFO  epoch 42 training [time: 2.95s, train loss: -2.9571]
26 Oct 21:58    INFO  epoch 42 evaluating [time: 58.72s, valid_score: 0.051600]
26 Oct 21:58    INFO  valid result: 
recall@10 : 0.0757    recall@20 : 0.108    recall@50 : 0.1594    ndcg@10 : 0.0431    ndcg@20 : 0.0516    ndcg@50 : 0.0622    
26 Oct 21:58    INFO  Saving current best: saved/DirectAU-Oct-26-2023_21-14-18.pth
26 Oct 21:58    INFO  epoch 43 training [time: 2.91s, train loss: -2.9604]
26 Oct 21:59    INFO  epoch 43 evaluating [time: 58.47s, valid_score: 0.052000]
26 Oct 21:59    INFO  valid result: 
recall@10 : 0.0756    recall@20 : 0.1093    recall@50 : 0.1598    ndcg@10 : 0.0432    ndcg@20 : 0.052    ndcg@50 : 0.0624    
26 Oct 21:59    INFO  Saving current best: saved/DirectAU-Oct-26-2023_21-14-18.pth
26 Oct 21:59    INFO  epoch 44 training [time: 3.00s, train loss: -2.9637]
26 Oct 22:00    INFO  epoch 44 evaluating [time: 58.77s, valid_score: 0.051800]
26 Oct 22:00    INFO  valid result: 
recall@10 : 0.0756    recall@20 : 0.1085    recall@50 : 0.1606    ndcg@10 : 0.0432    ndcg@20 : 0.0518    ndcg@50 : 0.0626    
26 Oct 22:00    INFO  epoch 45 training [time: 3.06s, train loss: -2.9668]
26 Oct 22:01    INFO  epoch 45 evaluating [time: 58.33s, valid_score: 0.052600]
26 Oct 22:01    INFO  valid result: 
recall@10 : 0.0765    recall@20 : 0.1097    recall@50 : 0.1614    ndcg@10 : 0.0439    ndcg@20 : 0.0526    ndcg@50 : 0.0632    
26 Oct 22:01    INFO  Saving current best: saved/DirectAU-Oct-26-2023_21-14-18.pth
26 Oct 22:01    INFO  epoch 46 training [time: 3.28s, train loss: -2.9700]
26 Oct 22:02    INFO  epoch 46 evaluating [time: 58.35s, valid_score: 0.052800]
26 Oct 22:02    INFO  valid result: 
recall@10 : 0.0769    recall@20 : 0.11    recall@50 : 0.1629    ndcg@10 : 0.0441    ndcg@20 : 0.0528    ndcg@50 : 0.0637    
26 Oct 22:02    INFO  Saving current best: saved/DirectAU-Oct-26-2023_21-14-18.pth
26 Oct 22:02    INFO  epoch 47 training [time: 2.99s, train loss: -2.9726]
26 Oct 22:03    INFO  epoch 47 evaluating [time: 59.01s, valid_score: 0.053000]
26 Oct 22:03    INFO  valid result: 
recall@10 : 0.0778    recall@20 : 0.111    recall@50 : 0.1652    ndcg@10 : 0.0443    ndcg@20 : 0.053    ndcg@50 : 0.0641    
26 Oct 22:03    INFO  Saving current best: saved/DirectAU-Oct-26-2023_21-14-18.pth
26 Oct 22:03    INFO  epoch 48 training [time: 3.03s, train loss: -2.9754]
26 Oct 22:04    INFO  epoch 48 evaluating [time: 58.61s, valid_score: 0.053200]
26 Oct 22:04    INFO  valid result: 
recall@10 : 0.0782    recall@20 : 0.1105    recall@50 : 0.1649    ndcg@10 : 0.0448    ndcg@20 : 0.0532    ndcg@50 : 0.0644    
26 Oct 22:04    INFO  Saving current best: saved/DirectAU-Oct-26-2023_21-14-18.pth
26 Oct 22:04    INFO  epoch 49 training [time: 3.03s, train loss: -2.9775]
26 Oct 22:05    INFO  epoch 49 evaluating [time: 58.83s, valid_score: 0.053900]
26 Oct 22:05    INFO  valid result: 
recall@10 : 0.0788    recall@20 : 0.1126    recall@50 : 0.1656    ndcg@10 : 0.0451    ndcg@20 : 0.0539    ndcg@50 : 0.0648    
26 Oct 22:05    INFO  Saving current best: saved/DirectAU-Oct-26-2023_21-14-18.pth
26 Oct 22:05    INFO  epoch 50 training [time: 3.01s, train loss: -2.9803]
26 Oct 22:06    INFO  epoch 50 evaluating [time: 58.54s, valid_score: 0.053800]
26 Oct 22:06    INFO  valid result: 
recall@10 : 0.0788    recall@20 : 0.1124    recall@50 : 0.1655    ndcg@10 : 0.045    ndcg@20 : 0.0538    ndcg@50 : 0.0647    
26 Oct 22:06    INFO  epoch 51 training [time: 2.97s, train loss: -2.9820]
26 Oct 22:07    INFO  epoch 51 evaluating [time: 58.77s, valid_score: 0.054300]
26 Oct 22:07    INFO  valid result: 
recall@10 : 0.0799    recall@20 : 0.1134    recall@50 : 0.1667    ndcg@10 : 0.0456    ndcg@20 : 0.0543    ndcg@50 : 0.0653    
26 Oct 22:07    INFO  Saving current best: saved/DirectAU-Oct-26-2023_21-14-18.pth
26 Oct 22:07    INFO  epoch 52 training [time: 3.15s, train loss: -2.9845]
26 Oct 22:08    INFO  epoch 52 evaluating [time: 58.51s, valid_score: 0.054700]
26 Oct 22:08    INFO  valid result: 
recall@10 : 0.081    recall@20 : 0.1134    recall@50 : 0.1688    ndcg@10 : 0.0462    ndcg@20 : 0.0547    ndcg@50 : 0.066    
26 Oct 22:08    INFO  Saving current best: saved/DirectAU-Oct-26-2023_21-14-18.pth
26 Oct 22:08    INFO  epoch 53 training [time: 2.95s, train loss: -2.9870]
26 Oct 22:09    INFO  epoch 53 evaluating [time: 58.75s, valid_score: 0.055200]
26 Oct 22:09    INFO  valid result: 
recall@10 : 0.0819    recall@20 : 0.1152    recall@50 : 0.1679    ndcg@10 : 0.0465    ndcg@20 : 0.0552    ndcg@50 : 0.066    
26 Oct 22:09    INFO  Saving current best: saved/DirectAU-Oct-26-2023_21-14-18.pth
26 Oct 22:09    INFO  epoch 54 training [time: 2.96s, train loss: -2.9892]
26 Oct 22:10    INFO  epoch 54 evaluating [time: 58.80s, valid_score: 0.055500]
26 Oct 22:10    INFO  valid result: 
recall@10 : 0.0808    recall@20 : 0.1154    recall@50 : 0.1685    ndcg@10 : 0.0464    ndcg@20 : 0.0555    ndcg@50 : 0.0664    
26 Oct 22:10    INFO  Saving current best: saved/DirectAU-Oct-26-2023_21-14-18.pth
26 Oct 22:10    INFO  epoch 55 training [time: 2.98s, train loss: -2.9915]
26 Oct 22:11    INFO  epoch 55 evaluating [time: 58.52s, valid_score: 0.055500]
26 Oct 22:11    INFO  valid result: 
recall@10 : 0.0814    recall@20 : 0.1158    recall@50 : 0.169    ndcg@10 : 0.0465    ndcg@20 : 0.0555    ndcg@50 : 0.0665    
26 Oct 22:11    INFO  epoch 56 training [time: 3.02s, train loss: -2.9926]
26 Oct 22:12    INFO  epoch 56 evaluating [time: 58.87s, valid_score: 0.055900]
26 Oct 22:12    INFO  valid result: 
recall@10 : 0.0819    recall@20 : 0.1166    recall@50 : 0.1703    ndcg@10 : 0.0468    ndcg@20 : 0.0559    ndcg@50 : 0.0669    
26 Oct 22:12    INFO  Saving current best: saved/DirectAU-Oct-26-2023_21-14-18.pth
26 Oct 22:12    INFO  epoch 57 training [time: 2.82s, train loss: -2.9951]
26 Oct 22:13    INFO  epoch 57 evaluating [time: 58.72s, valid_score: 0.055800]
26 Oct 22:13    INFO  valid result: 
recall@10 : 0.0824    recall@20 : 0.1164    recall@50 : 0.1704    ndcg@10 : 0.0469    ndcg@20 : 0.0558    ndcg@50 : 0.067    
26 Oct 22:13    INFO  epoch 58 training [time: 5.85s, train loss: -2.9966]
26 Oct 22:14    INFO  epoch 58 evaluating [time: 55.65s, valid_score: 0.056000]
26 Oct 22:14    INFO  valid result: 
recall@10 : 0.0811    recall@20 : 0.1164    recall@50 : 0.1706    ndcg@10 : 0.0468    ndcg@20 : 0.056    ndcg@50 : 0.0672    
26 Oct 22:14    INFO  Saving current best: saved/DirectAU-Oct-26-2023_21-14-18.pth
26 Oct 22:15    INFO  epoch 59 training [time: 6.50s, train loss: -2.9983]
26 Oct 22:15    INFO  epoch 59 evaluating [time: 58.49s, valid_score: 0.056300]
26 Oct 22:15    INFO  valid result: 
recall@10 : 0.0822    recall@20 : 0.1171    recall@50 : 0.1716    ndcg@10 : 0.0472    ndcg@20 : 0.0563    ndcg@50 : 0.0675    
26 Oct 22:16    INFO  Saving current best: saved/DirectAU-Oct-26-2023_21-14-18.pth
26 Oct 22:16    INFO  epoch 60 training [time: 3.16s, train loss: -2.9997]
26 Oct 22:17    INFO  epoch 60 evaluating [time: 58.65s, valid_score: 0.056600]
26 Oct 22:17    INFO  valid result: 
recall@10 : 0.0831    recall@20 : 0.1174    recall@50 : 0.1743    ndcg@10 : 0.0477    ndcg@20 : 0.0566    ndcg@50 : 0.0683    
26 Oct 22:17    INFO  Saving current best: saved/DirectAU-Oct-26-2023_21-14-18.pth
26 Oct 22:17    INFO  epoch 61 training [time: 2.76s, train loss: -3.0013]
26 Oct 22:18    INFO  epoch 61 evaluating [time: 56.00s, valid_score: 0.057100]
26 Oct 22:18    INFO  valid result: 
recall@10 : 0.0827    recall@20 : 0.1181    recall@50 : 0.1734    ndcg@10 : 0.0478    ndcg@20 : 0.0571    ndcg@50 : 0.0684    
26 Oct 22:18    INFO  Saving current best: saved/DirectAU-Oct-26-2023_21-14-18.pth
26 Oct 22:18    INFO  epoch 62 training [time: 2.79s, train loss: -3.0029]
26 Oct 22:18    INFO  epoch 62 evaluating [time: 54.09s, valid_score: 0.057000]
26 Oct 22:18    INFO  valid result: 
recall@10 : 0.0839    recall@20 : 0.1175    recall@50 : 0.1724    ndcg@10 : 0.0482    ndcg@20 : 0.057    ndcg@50 : 0.0684    
26 Oct 22:19    INFO  epoch 63 training [time: 2.66s, train loss: -3.0041]
26 Oct 22:19    INFO  epoch 63 evaluating [time: 36.87s, valid_score: 0.056800]
26 Oct 22:19    INFO  valid result: 
recall@10 : 0.0836    recall@20 : 0.1184    recall@50 : 0.1737    ndcg@10 : 0.0477    ndcg@20 : 0.0568    ndcg@50 : 0.0682    
26 Oct 22:19    INFO  epoch 64 training [time: 2.55s, train loss: -3.0058]
26 Oct 22:20    INFO  epoch 64 evaluating [time: 37.55s, valid_score: 0.057400]
26 Oct 22:20    INFO  valid result: 
recall@10 : 0.0845    recall@20 : 0.1181    recall@50 : 0.1734    ndcg@10 : 0.0486    ndcg@20 : 0.0574    ndcg@50 : 0.0687    
26 Oct 22:20    INFO  Saving current best: saved/DirectAU-Oct-26-2023_21-14-18.pth
26 Oct 22:20    INFO  epoch 65 training [time: 2.69s, train loss: -3.0072]
26 Oct 22:20    INFO  epoch 65 evaluating [time: 36.90s, valid_score: 0.057500]
26 Oct 22:20    INFO  valid result: 
recall@10 : 0.0844    recall@20 : 0.1188    recall@50 : 0.1745    ndcg@10 : 0.0485    ndcg@20 : 0.0575    ndcg@50 : 0.069    
26 Oct 22:20    INFO  Saving current best: saved/DirectAU-Oct-26-2023_21-14-18.pth
26 Oct 22:20    INFO  epoch 66 training [time: 2.63s, train loss: -3.0081]
26 Oct 22:21    INFO  epoch 66 evaluating [time: 37.47s, valid_score: 0.057500]
26 Oct 22:21    INFO  valid result: 
recall@10 : 0.0852    recall@20 : 0.1185    recall@50 : 0.1751    ndcg@10 : 0.0488    ndcg@20 : 0.0575    ndcg@50 : 0.0692    
26 Oct 22:21    INFO  epoch 67 training [time: 2.55s, train loss: -3.0097]
26 Oct 22:22    INFO  epoch 67 evaluating [time: 36.87s, valid_score: 0.057500]
26 Oct 22:22    INFO  valid result: 
recall@10 : 0.0852    recall@20 : 0.1192    recall@50 : 0.1753    ndcg@10 : 0.0486    ndcg@20 : 0.0575    ndcg@50 : 0.069    
26 Oct 22:22    INFO  epoch 68 training [time: 2.57s, train loss: -3.0105]
26 Oct 22:22    INFO  epoch 68 evaluating [time: 37.55s, valid_score: 0.057900]
26 Oct 22:22    INFO  valid result: 
recall@10 : 0.0851    recall@20 : 0.1195    recall@50 : 0.1756    ndcg@10 : 0.0489    ndcg@20 : 0.0579    ndcg@50 : 0.0695    
26 Oct 22:22    INFO  Saving current best: saved/DirectAU-Oct-26-2023_21-14-18.pth
26 Oct 22:22    INFO  epoch 69 training [time: 2.55s, train loss: -3.0117]
26 Oct 22:23    INFO  epoch 69 evaluating [time: 37.45s, valid_score: 0.058300]
26 Oct 22:23    INFO  valid result: 
recall@10 : 0.085    recall@20 : 0.1197    recall@50 : 0.1763    ndcg@10 : 0.0492    ndcg@20 : 0.0583    ndcg@50 : 0.0699    
26 Oct 22:23    INFO  Saving current best: saved/DirectAU-Oct-26-2023_21-14-18.pth
26 Oct 22:23    INFO  epoch 70 training [time: 2.65s, train loss: -3.0132]
26 Oct 22:24    INFO  epoch 70 evaluating [time: 37.60s, valid_score: 0.058300]
26 Oct 22:24    INFO  valid result: 
recall@10 : 0.0862    recall@20 : 0.1198    recall@50 : 0.1768    ndcg@10 : 0.0495    ndcg@20 : 0.0583    ndcg@50 : 0.07    
26 Oct 22:24    INFO  epoch 71 training [time: 2.67s, train loss: -3.0138]
26 Oct 22:24    INFO  epoch 71 evaluating [time: 37.26s, valid_score: 0.058400]
26 Oct 22:24    INFO  valid result: 
recall@10 : 0.0859    recall@20 : 0.1205    recall@50 : 0.177    ndcg@10 : 0.0493    ndcg@20 : 0.0584    ndcg@50 : 0.07    
26 Oct 22:24    INFO  Saving current best: saved/DirectAU-Oct-26-2023_21-14-18.pth
26 Oct 22:24    INFO  epoch 72 training [time: 2.40s, train loss: -3.0146]
26 Oct 22:25    INFO  epoch 72 evaluating [time: 37.43s, valid_score: 0.058400]
26 Oct 22:25    INFO  valid result: 
recall@10 : 0.0852    recall@20 : 0.121    recall@50 : 0.1773    ndcg@10 : 0.049    ndcg@20 : 0.0584    ndcg@50 : 0.07    
26 Oct 22:25    INFO  epoch 73 training [time: 2.71s, train loss: -3.0156]
26 Oct 22:26    INFO  epoch 73 evaluating [time: 37.34s, valid_score: 0.058300]
26 Oct 22:26    INFO  valid result: 
recall@10 : 0.0857    recall@20 : 0.1208    recall@50 : 0.1784    ndcg@10 : 0.0491    ndcg@20 : 0.0583    ndcg@50 : 0.0702    
26 Oct 22:26    INFO  epoch 74 training [time: 2.64s, train loss: -3.0162]
26 Oct 22:26    INFO  epoch 74 evaluating [time: 37.42s, valid_score: 0.058700]
26 Oct 22:26    INFO  valid result: 
recall@10 : 0.0864    recall@20 : 0.1215    recall@50 : 0.1782    ndcg@10 : 0.0496    ndcg@20 : 0.0587    ndcg@50 : 0.0704    
26 Oct 22:26    INFO  Saving current best: saved/DirectAU-Oct-26-2023_21-14-18.pth
26 Oct 22:26    INFO  epoch 75 training [time: 2.66s, train loss: -3.0170]
26 Oct 22:27    INFO  epoch 75 evaluating [time: 37.55s, valid_score: 0.058600]
26 Oct 22:27    INFO  valid result: 
recall@10 : 0.0865    recall@20 : 0.1211    recall@50 : 0.1785    ndcg@10 : 0.0495    ndcg@20 : 0.0586    ndcg@50 : 0.0704    
26 Oct 22:27    INFO  epoch 76 training [time: 2.63s, train loss: -3.0182]
26 Oct 22:28    INFO  epoch 76 evaluating [time: 37.40s, valid_score: 0.059000]
26 Oct 22:28    INFO  valid result: 
recall@10 : 0.0868    recall@20 : 0.1216    recall@50 : 0.1784    ndcg@10 : 0.0499    ndcg@20 : 0.059    ndcg@50 : 0.0707    
26 Oct 22:28    INFO  Saving current best: saved/DirectAU-Oct-26-2023_21-14-18.pth
26 Oct 22:28    INFO  epoch 77 training [time: 2.62s, train loss: -3.0186]
26 Oct 22:28    INFO  epoch 77 evaluating [time: 37.69s, valid_score: 0.058700]
26 Oct 22:28    INFO  valid result: 
recall@10 : 0.0881    recall@20 : 0.121    recall@50 : 0.1784    ndcg@10 : 0.0501    ndcg@20 : 0.0587    ndcg@50 : 0.0706    
26 Oct 22:29    INFO  epoch 78 training [time: 2.66s, train loss: -3.0193]
26 Oct 22:29    INFO  epoch 78 evaluating [time: 37.30s, valid_score: 0.059500]
26 Oct 22:29    INFO  valid result: 
recall@10 : 0.0876    recall@20 : 0.1225    recall@50 : 0.1797    ndcg@10 : 0.0503    ndcg@20 : 0.0595    ndcg@50 : 0.0712    
26 Oct 22:29    INFO  Saving current best: saved/DirectAU-Oct-26-2023_21-14-18.pth
26 Oct 22:29    INFO  epoch 79 training [time: 2.69s, train loss: -3.0200]
26 Oct 22:30    INFO  epoch 79 evaluating [time: 37.41s, valid_score: 0.059600]
26 Oct 22:30    INFO  valid result: 
recall@10 : 0.0877    recall@20 : 0.1223    recall@50 : 0.1803    ndcg@10 : 0.0505    ndcg@20 : 0.0596    ndcg@50 : 0.0716    
26 Oct 22:30    INFO  Saving current best: saved/DirectAU-Oct-26-2023_21-14-18.pth
26 Oct 22:30    INFO  epoch 80 training [time: 2.77s, train loss: -3.0211]
26 Oct 22:30    INFO  epoch 80 evaluating [time: 37.24s, valid_score: 0.060200]
26 Oct 22:30    INFO  valid result: 
recall@10 : 0.0886    recall@20 : 0.1239    recall@50 : 0.1794    ndcg@10 : 0.051    ndcg@20 : 0.0602    ndcg@50 : 0.0716    
26 Oct 22:30    INFO  Saving current best: saved/DirectAU-Oct-26-2023_21-14-18.pth
26 Oct 22:31    INFO  epoch 81 training [time: 2.73s, train loss: -3.0213]
26 Oct 22:31    INFO  epoch 81 evaluating [time: 37.50s, valid_score: 0.060200]
26 Oct 22:31    INFO  valid result: 
recall@10 : 0.0887    recall@20 : 0.1235    recall@50 : 0.181    ndcg@10 : 0.0511    ndcg@20 : 0.0602    ndcg@50 : 0.072    
26 Oct 22:31    INFO  epoch 82 training [time: 2.67s, train loss: -3.0221]
26 Oct 22:32    INFO  epoch 82 evaluating [time: 37.24s, valid_score: 0.060100]
26 Oct 22:32    INFO  valid result: 
recall@10 : 0.0876    recall@20 : 0.1234    recall@50 : 0.1803    ndcg@10 : 0.0507    ndcg@20 : 0.0601    ndcg@50 : 0.0718    
26 Oct 22:32    INFO  epoch 83 training [time: 2.61s, train loss: -3.0227]
26 Oct 22:32    INFO  epoch 83 evaluating [time: 37.51s, valid_score: 0.060500]
26 Oct 22:32    INFO  valid result: 
recall@10 : 0.0882    recall@20 : 0.1243    recall@50 : 0.1808    ndcg@10 : 0.051    ndcg@20 : 0.0605    ndcg@50 : 0.0721    
26 Oct 22:32    INFO  Saving current best: saved/DirectAU-Oct-26-2023_21-14-18.pth
26 Oct 22:33    INFO  epoch 84 training [time: 2.30s, train loss: -3.0232]
26 Oct 22:33    INFO  epoch 84 evaluating [time: 36.94s, valid_score: 0.060400]
26 Oct 22:33    INFO  valid result: 
recall@10 : 0.0877    recall@20 : 0.1241    recall@50 : 0.1812    ndcg@10 : 0.0508    ndcg@20 : 0.0604    ndcg@50 : 0.0721    
26 Oct 22:33    INFO  epoch 85 training [time: 2.60s, train loss: -3.0239]
26 Oct 22:34    INFO  epoch 85 evaluating [time: 37.55s, valid_score: 0.060100]
26 Oct 22:34    INFO  valid result: 
recall@10 : 0.0886    recall@20 : 0.1238    recall@50 : 0.1819    ndcg@10 : 0.0509    ndcg@20 : 0.0601    ndcg@50 : 0.0721    
26 Oct 22:34    INFO  epoch 86 training [time: 2.54s, train loss: -3.0248]
26 Oct 22:34    INFO  epoch 86 evaluating [time: 37.00s, valid_score: 0.060200]
26 Oct 22:34    INFO  valid result: 
recall@10 : 0.0887    recall@20 : 0.1243    recall@50 : 0.1807    ndcg@10 : 0.0508    ndcg@20 : 0.0602    ndcg@50 : 0.0718    
26 Oct 22:34    INFO  epoch 87 training [time: 2.53s, train loss: -3.0248]
26 Oct 22:35    INFO  epoch 87 evaluating [time: 37.89s, valid_score: 0.060300]
26 Oct 22:35    INFO  valid result: 
recall@10 : 0.0887    recall@20 : 0.1242    recall@50 : 0.1814    ndcg@10 : 0.051    ndcg@20 : 0.0603    ndcg@50 : 0.0721    
26 Oct 22:35    INFO  epoch 88 training [time: 2.65s, train loss: -3.0253]
26 Oct 22:36    INFO  epoch 88 evaluating [time: 37.02s, valid_score: 0.060200]
26 Oct 22:36    INFO  valid result: 
recall@10 : 0.0884    recall@20 : 0.1245    recall@50 : 0.1824    ndcg@10 : 0.0507    ndcg@20 : 0.0602    ndcg@50 : 0.0721    
26 Oct 22:36    INFO  epoch 89 training [time: 2.47s, train loss: -3.0256]
26 Oct 22:36    INFO  epoch 89 evaluating [time: 37.53s, valid_score: 0.060100]
26 Oct 22:36    INFO  valid result: 
recall@10 : 0.0892    recall@20 : 0.1248    recall@50 : 0.1824    ndcg@10 : 0.0508    ndcg@20 : 0.0601    ndcg@50 : 0.072    
26 Oct 22:37    INFO  epoch 90 training [time: 3.74s, train loss: -3.0259]
26 Oct 22:37    INFO  epoch 90 evaluating [time: 36.09s, valid_score: 0.060500]
26 Oct 22:37    INFO  valid result: 
recall@10 : 0.0894    recall@20 : 0.1254    recall@50 : 0.1828    ndcg@10 : 0.051    ndcg@20 : 0.0605    ndcg@50 : 0.0722    
26 Oct 22:37    INFO  epoch 91 training [time: 3.73s, train loss: -3.0263]
26 Oct 22:38    INFO  epoch 91 evaluating [time: 35.99s, valid_score: 0.060400]
26 Oct 22:38    INFO  valid result: 
recall@10 : 0.0894    recall@20 : 0.1254    recall@50 : 0.1821    ndcg@10 : 0.051    ndcg@20 : 0.0604    ndcg@50 : 0.0721    
26 Oct 22:38    INFO  epoch 92 training [time: 3.42s, train loss: -3.0263]
26 Oct 22:38    INFO  epoch 92 evaluating [time: 37.46s, valid_score: 0.060600]
26 Oct 22:38    INFO  valid result: 
recall@10 : 0.0903    recall@20 : 0.1252    recall@50 : 0.1825    ndcg@10 : 0.0515    ndcg@20 : 0.0606    ndcg@50 : 0.0724    
26 Oct 22:38    INFO  Saving current best: saved/DirectAU-Oct-26-2023_21-14-18.pth
26 Oct 22:38    INFO  epoch 93 training [time: 2.57s, train loss: -3.0271]
26 Oct 22:39    INFO  epoch 93 evaluating [time: 37.41s, valid_score: 0.060900]
26 Oct 22:39    INFO  valid result: 
recall@10 : 0.0902    recall@20 : 0.1261    recall@50 : 0.1832    ndcg@10 : 0.0515    ndcg@20 : 0.0609    ndcg@50 : 0.0726    
26 Oct 22:39    INFO  Saving current best: saved/DirectAU-Oct-26-2023_21-14-18.pth
26 Oct 22:39    INFO  epoch 94 training [time: 2.64s, train loss: -3.0272]
26 Oct 22:40    INFO  epoch 94 evaluating [time: 37.23s, valid_score: 0.060500]
26 Oct 22:40    INFO  valid result: 
recall@10 : 0.09    recall@20 : 0.1262    recall@50 : 0.1838    ndcg@10 : 0.0511    ndcg@20 : 0.0605    ndcg@50 : 0.0724    
26 Oct 22:40    INFO  epoch 95 training [time: 2.58s, train loss: -3.0277]
26 Oct 22:40    INFO  epoch 95 evaluating [time: 37.38s, valid_score: 0.060700]
26 Oct 22:40    INFO  valid result: 
recall@10 : 0.0903    recall@20 : 0.1264    recall@50 : 0.1836    ndcg@10 : 0.0513    ndcg@20 : 0.0607    ndcg@50 : 0.0724    
26 Oct 22:40    INFO  epoch 96 training [time: 2.55s, train loss: -3.0282]
26 Oct 22:41    INFO  epoch 96 evaluating [time: 37.21s, valid_score: 0.061200]
26 Oct 22:41    INFO  valid result: 
recall@10 : 0.0895    recall@20 : 0.1267    recall@50 : 0.1838    ndcg@10 : 0.0514    ndcg@20 : 0.0612    ndcg@50 : 0.0729    
26 Oct 22:41    INFO  Saving current best: saved/DirectAU-Oct-26-2023_21-14-18.pth
26 Oct 22:41    INFO  epoch 97 training [time: 2.57s, train loss: -3.0283]
26 Oct 22:42    INFO  epoch 97 evaluating [time: 37.45s, valid_score: 0.060800]
26 Oct 22:42    INFO  valid result: 
recall@10 : 0.0895    recall@20 : 0.1261    recall@50 : 0.1834    ndcg@10 : 0.0513    ndcg@20 : 0.0608    ndcg@50 : 0.0726    
26 Oct 22:42    INFO  epoch 98 training [time: 2.59s, train loss: -3.0289]
26 Oct 22:42    INFO  epoch 98 evaluating [time: 37.11s, valid_score: 0.060900]
26 Oct 22:42    INFO  valid result: 
recall@10 : 0.0899    recall@20 : 0.1262    recall@50 : 0.1838    ndcg@10 : 0.0514    ndcg@20 : 0.0609    ndcg@50 : 0.0727    
26 Oct 22:42    INFO  epoch 99 training [time: 2.21s, train loss: -3.0282]
26 Oct 22:43    INFO  epoch 99 evaluating [time: 37.47s, valid_score: 0.061200]
26 Oct 22:43    INFO  valid result: 
recall@10 : 0.0903    recall@20 : 0.1264    recall@50 : 0.1844    ndcg@10 : 0.0518    ndcg@20 : 0.0612    ndcg@50 : 0.0731    
26 Oct 22:43    INFO  epoch 100 training [time: 2.59s, train loss: -3.0287]
26 Oct 22:44    INFO  epoch 100 evaluating [time: 37.10s, valid_score: 0.060900]
26 Oct 22:44    INFO  valid result: 
recall@10 : 0.0901    recall@20 : 0.1253    recall@50 : 0.1836    ndcg@10 : 0.0516    ndcg@20 : 0.0609    ndcg@50 : 0.0729    
26 Oct 22:44    INFO  epoch 101 training [time: 2.58s, train loss: -3.0293]
26 Oct 22:44    INFO  epoch 101 evaluating [time: 37.46s, valid_score: 0.061400]
26 Oct 22:44    INFO  valid result: 
recall@10 : 0.0902    recall@20 : 0.1261    recall@50 : 0.1833    ndcg@10 : 0.0519    ndcg@20 : 0.0614    ndcg@50 : 0.0732    
26 Oct 22:44    INFO  Saving current best: saved/DirectAU-Oct-26-2023_21-14-18.pth
26 Oct 22:44    INFO  epoch 102 training [time: 2.59s, train loss: -3.0295]
26 Oct 22:45    INFO  epoch 102 evaluating [time: 37.44s, valid_score: 0.061300]
26 Oct 22:45    INFO  valid result: 
recall@10 : 0.09    recall@20 : 0.1261    recall@50 : 0.1847    ndcg@10 : 0.0518    ndcg@20 : 0.0613    ndcg@50 : 0.0733    
26 Oct 22:45    INFO  epoch 103 training [time: 2.63s, train loss: -3.0300]
26 Oct 22:46    INFO  epoch 103 evaluating [time: 37.40s, valid_score: 0.061500]
26 Oct 22:46    INFO  valid result: 
recall@10 : 0.0901    recall@20 : 0.127    recall@50 : 0.1844    ndcg@10 : 0.0518    ndcg@20 : 0.0615    ndcg@50 : 0.0733    
26 Oct 22:46    INFO  Saving current best: saved/DirectAU-Oct-26-2023_21-14-18.pth
26 Oct 22:46    INFO  epoch 104 training [time: 2.60s, train loss: -3.0299]
26 Oct 22:46    INFO  epoch 104 evaluating [time: 37.58s, valid_score: 0.061400]
26 Oct 22:46    INFO  valid result: 
recall@10 : 0.0913    recall@20 : 0.1268    recall@50 : 0.1845    ndcg@10 : 0.0521    ndcg@20 : 0.0614    ndcg@50 : 0.0733    
26 Oct 22:46    INFO  epoch 105 training [time: 2.57s, train loss: -3.0304]
26 Oct 22:47    INFO  epoch 105 evaluating [time: 37.38s, valid_score: 0.061300]
26 Oct 22:47    INFO  valid result: 
recall@10 : 0.0915    recall@20 : 0.1263    recall@50 : 0.1855    ndcg@10 : 0.0522    ndcg@20 : 0.0613    ndcg@50 : 0.0734    
26 Oct 22:47    INFO  epoch 106 training [time: 2.54s, train loss: -3.0309]
26 Oct 22:48    INFO  epoch 106 evaluating [time: 37.30s, valid_score: 0.061800]
26 Oct 22:48    INFO  valid result: 
recall@10 : 0.0916    recall@20 : 0.1271    recall@50 : 0.1857    ndcg@10 : 0.0526    ndcg@20 : 0.0618    ndcg@50 : 0.0739    
26 Oct 22:48    INFO  Saving current best: saved/DirectAU-Oct-26-2023_21-14-18.pth
26 Oct 22:48    INFO  epoch 107 training [time: 2.59s, train loss: -3.0303]
26 Oct 22:48    INFO  epoch 107 evaluating [time: 37.36s, valid_score: 0.061600]
26 Oct 22:48    INFO  valid result: 
recall@10 : 0.0916    recall@20 : 0.1263    recall@50 : 0.1862    ndcg@10 : 0.0525    ndcg@20 : 0.0616    ndcg@50 : 0.0739    
26 Oct 22:48    INFO  epoch 108 training [time: 2.50s, train loss: -3.0309]
26 Oct 22:49    INFO  epoch 108 evaluating [time: 37.10s, valid_score: 0.062000]
26 Oct 22:49    INFO  valid result: 
recall@10 : 0.0912    recall@20 : 0.1272    recall@50 : 0.1855    ndcg@10 : 0.0526    ndcg@20 : 0.062    ndcg@50 : 0.074    
26 Oct 22:49    INFO  Saving current best: saved/DirectAU-Oct-26-2023_21-14-18.pth
26 Oct 22:49    INFO  epoch 109 training [time: 2.58s, train loss: -3.0309]
26 Oct 22:50    INFO  epoch 109 evaluating [time: 37.76s, valid_score: 0.062100]
26 Oct 22:50    INFO  valid result: 
recall@10 : 0.0912    recall@20 : 0.1274    recall@50 : 0.1866    ndcg@10 : 0.0526    ndcg@20 : 0.0621    ndcg@50 : 0.0742    
26 Oct 22:50    INFO  Saving current best: saved/DirectAU-Oct-26-2023_21-14-18.pth
26 Oct 22:50    INFO  epoch 110 training [time: 2.42s, train loss: -3.0312]
26 Oct 22:50    INFO  epoch 110 evaluating [time: 37.40s, valid_score: 0.062100]
26 Oct 22:50    INFO  valid result: 
recall@10 : 0.0914    recall@20 : 0.1274    recall@50 : 0.186    ndcg@10 : 0.0526    ndcg@20 : 0.0621    ndcg@50 : 0.074    
26 Oct 22:50    INFO  epoch 111 training [time: 2.55s, train loss: -3.0318]
26 Oct 22:51    INFO  epoch 111 evaluating [time: 37.93s, valid_score: 0.062000]
26 Oct 22:51    INFO  valid result: 
recall@10 : 0.0918    recall@20 : 0.1268    recall@50 : 0.1854    ndcg@10 : 0.0528    ndcg@20 : 0.062    ndcg@50 : 0.074    
26 Oct 22:51    INFO  epoch 112 training [time: 2.58s, train loss: -3.0317]
26 Oct 22:52    INFO  epoch 112 evaluating [time: 37.43s, valid_score: 0.062000]
26 Oct 22:52    INFO  valid result: 
recall@10 : 0.0922    recall@20 : 0.1272    recall@50 : 0.1853    ndcg@10 : 0.0529    ndcg@20 : 0.062    ndcg@50 : 0.0739    
26 Oct 22:52    INFO  epoch 113 training [time: 2.48s, train loss: -3.0322]
26 Oct 22:52    INFO  epoch 113 evaluating [time: 37.43s, valid_score: 0.062400]
26 Oct 22:52    INFO  valid result: 
recall@10 : 0.0929    recall@20 : 0.128    recall@50 : 0.186    ndcg@10 : 0.0532    ndcg@20 : 0.0624    ndcg@50 : 0.0743    
26 Oct 22:52    INFO  Saving current best: saved/DirectAU-Oct-26-2023_21-14-18.pth
26 Oct 22:52    INFO  epoch 114 training [time: 2.55s, train loss: -3.0322]
26 Oct 22:53    INFO  epoch 114 evaluating [time: 37.47s, valid_score: 0.062500]
26 Oct 22:53    INFO  valid result: 
recall@10 : 0.0924    recall@20 : 0.1275    recall@50 : 0.1857    ndcg@10 : 0.0533    ndcg@20 : 0.0625    ndcg@50 : 0.0745    
26 Oct 22:53    INFO  Saving current best: saved/DirectAU-Oct-26-2023_21-14-18.pth
26 Oct 22:53    INFO  epoch 115 training [time: 2.41s, train loss: -3.0328]
26 Oct 22:54    INFO  epoch 115 evaluating [time: 37.57s, valid_score: 0.062400]
26 Oct 22:54    INFO  valid result: 
recall@10 : 0.0931    recall@20 : 0.1277    recall@50 : 0.1861    ndcg@10 : 0.0534    ndcg@20 : 0.0624    ndcg@50 : 0.0744    
26 Oct 22:54    INFO  epoch 116 training [time: 2.53s, train loss: -3.0326]
26 Oct 22:54    INFO  epoch 116 evaluating [time: 37.42s, valid_score: 0.062200]
26 Oct 22:54    INFO  valid result: 
recall@10 : 0.0926    recall@20 : 0.1279    recall@50 : 0.1863    ndcg@10 : 0.0529    ndcg@20 : 0.0622    ndcg@50 : 0.0741    
26 Oct 22:54    INFO  epoch 117 training [time: 2.49s, train loss: -3.0321]
26 Oct 22:55    INFO  epoch 117 evaluating [time: 37.11s, valid_score: 0.062800]
26 Oct 22:55    INFO  valid result: 
recall@10 : 0.0928    recall@20 : 0.1285    recall@50 : 0.1874    ndcg@10 : 0.0534    ndcg@20 : 0.0628    ndcg@50 : 0.0748    
26 Oct 22:55    INFO  Saving current best: saved/DirectAU-Oct-26-2023_21-14-18.pth
26 Oct 22:55    INFO  epoch 118 training [time: 2.59s, train loss: -3.0322]
26 Oct 22:56    INFO  epoch 118 evaluating [time: 37.39s, valid_score: 0.062600]
26 Oct 22:56    INFO  valid result: 
recall@10 : 0.0928    recall@20 : 0.1281    recall@50 : 0.1858    ndcg@10 : 0.0533    ndcg@20 : 0.0626    ndcg@50 : 0.0745    
26 Oct 22:56    INFO  epoch 119 training [time: 2.47s, train loss: -3.0328]
26 Oct 22:56    INFO  epoch 119 evaluating [time: 37.09s, valid_score: 0.062900]
26 Oct 22:56    INFO  valid result: 
recall@10 : 0.0927    recall@20 : 0.1286    recall@50 : 0.1865    ndcg@10 : 0.0535    ndcg@20 : 0.0629    ndcg@50 : 0.0748    
26 Oct 22:56    INFO  Saving current best: saved/DirectAU-Oct-26-2023_21-14-18.pth
26 Oct 22:56    INFO  epoch 120 training [time: 2.54s, train loss: -3.0330]
26 Oct 22:57    INFO  epoch 120 evaluating [time: 37.38s, valid_score: 0.062400]
26 Oct 22:57    INFO  valid result: 
recall@10 : 0.0928    recall@20 : 0.1283    recall@50 : 0.1866    ndcg@10 : 0.053    ndcg@20 : 0.0624    ndcg@50 : 0.0743    
26 Oct 22:57    INFO  epoch 121 training [time: 2.21s, train loss: -3.0333]
26 Oct 22:58    INFO  epoch 121 evaluating [time: 37.22s, valid_score: 0.062500]
26 Oct 22:58    INFO  valid result: 
recall@10 : 0.0929    recall@20 : 0.1288    recall@50 : 0.1859    ndcg@10 : 0.053    ndcg@20 : 0.0625    ndcg@50 : 0.0742    
26 Oct 22:58    INFO  epoch 122 training [time: 2.60s, train loss: -3.0336]
26 Oct 22:58    INFO  epoch 122 evaluating [time: 37.42s, valid_score: 0.062800]
26 Oct 22:58    INFO  valid result: 
recall@10 : 0.0923    recall@20 : 0.1291    recall@50 : 0.1864    ndcg@10 : 0.0532    ndcg@20 : 0.0628    ndcg@50 : 0.0746    
26 Oct 22:58    INFO  epoch 123 training [time: 2.59s, train loss: -3.0333]
26 Oct 22:59    INFO  epoch 123 evaluating [time: 37.19s, valid_score: 0.063100]
26 Oct 22:59    INFO  valid result: 
recall@10 : 0.0935    recall@20 : 0.1295    recall@50 : 0.1859    ndcg@10 : 0.0537    ndcg@20 : 0.0631    ndcg@50 : 0.0748    
26 Oct 22:59    INFO  Saving current best: saved/DirectAU-Oct-26-2023_21-14-18.pth
26 Oct 22:59    INFO  epoch 124 training [time: 3.35s, train loss: -3.0339]
26 Oct 23:00    INFO  epoch 124 evaluating [time: 36.74s, valid_score: 0.063600]
26 Oct 23:00    INFO  valid result: 
recall@10 : 0.0934    recall@20 : 0.1305    recall@50 : 0.1862    ndcg@10 : 0.0539    ndcg@20 : 0.0636    ndcg@50 : 0.075    
26 Oct 23:00    INFO  Saving current best: saved/DirectAU-Oct-26-2023_21-14-18.pth
26 Oct 23:00    INFO  epoch 125 training [time: 3.74s, train loss: -3.0337]
26 Oct 23:00    INFO  epoch 125 evaluating [time: 35.65s, valid_score: 0.063600]
26 Oct 23:00    INFO  valid result: 
recall@10 : 0.0934    recall@20 : 0.1305    recall@50 : 0.1863    ndcg@10 : 0.0539    ndcg@20 : 0.0636    ndcg@50 : 0.0751    
26 Oct 23:00    INFO  epoch 126 training [time: 3.62s, train loss: -3.0336]
26 Oct 23:01    INFO  epoch 126 evaluating [time: 37.31s, valid_score: 0.063200]
26 Oct 23:01    INFO  valid result: 
recall@10 : 0.0927    recall@20 : 0.1293    recall@50 : 0.1867    ndcg@10 : 0.0536    ndcg@20 : 0.0632    ndcg@50 : 0.075    
26 Oct 23:01    INFO  epoch 127 training [time: 2.59s, train loss: -3.0338]
26 Oct 23:02    INFO  epoch 127 evaluating [time: 36.51s, valid_score: 0.063200]
26 Oct 23:02    INFO  valid result: 
recall@10 : 0.0934    recall@20 : 0.1297    recall@50 : 0.1862    ndcg@10 : 0.0536    ndcg@20 : 0.0632    ndcg@50 : 0.0748    
26 Oct 23:02    INFO  epoch 128 training [time: 2.44s, train loss: -3.0341]
26 Oct 23:02    INFO  epoch 128 evaluating [time: 37.52s, valid_score: 0.063400]
26 Oct 23:02    INFO  valid result: 
recall@10 : 0.0942    recall@20 : 0.1297    recall@50 : 0.1881    ndcg@10 : 0.054    ndcg@20 : 0.0634    ndcg@50 : 0.0753    
26 Oct 23:02    INFO  epoch 129 training [time: 2.60s, train loss: -3.0343]
26 Oct 23:03    INFO  epoch 129 evaluating [time: 36.89s, valid_score: 0.063700]
26 Oct 23:03    INFO  valid result: 
recall@10 : 0.0933    recall@20 : 0.1306    recall@50 : 0.1884    ndcg@10 : 0.054    ndcg@20 : 0.0637    ndcg@50 : 0.0756    
26 Oct 23:03    INFO  Saving current best: saved/DirectAU-Oct-26-2023_21-14-18.pth
26 Oct 23:03    INFO  epoch 130 training [time: 2.31s, train loss: -3.0347]
26 Oct 23:04    INFO  epoch 130 evaluating [time: 37.56s, valid_score: 0.063400]
26 Oct 23:04    INFO  valid result: 
recall@10 : 0.093    recall@20 : 0.1293    recall@50 : 0.1882    ndcg@10 : 0.0538    ndcg@20 : 0.0634    ndcg@50 : 0.0755    
26 Oct 23:04    INFO  epoch 131 training [time: 2.60s, train loss: -3.0346]
26 Oct 23:04    INFO  epoch 131 evaluating [time: 36.98s, valid_score: 0.063500]
26 Oct 23:04    INFO  valid result: 
recall@10 : 0.0934    recall@20 : 0.1298    recall@50 : 0.1886    ndcg@10 : 0.054    ndcg@20 : 0.0635    ndcg@50 : 0.0756    
26 Oct 23:04    INFO  epoch 132 training [time: 2.61s, train loss: -3.0346]
26 Oct 23:05    INFO  epoch 132 evaluating [time: 37.61s, valid_score: 0.063300]
26 Oct 23:05    INFO  valid result: 
recall@10 : 0.0934    recall@20 : 0.1293    recall@50 : 0.1889    ndcg@10 : 0.0539    ndcg@20 : 0.0633    ndcg@50 : 0.0755    
26 Oct 23:05    INFO  epoch 133 training [time: 2.66s, train loss: -3.0345]
26 Oct 23:06    INFO  epoch 133 evaluating [time: 37.05s, valid_score: 0.063700]
26 Oct 23:06    INFO  valid result: 
recall@10 : 0.0936    recall@20 : 0.1302    recall@50 : 0.1887    ndcg@10 : 0.0541    ndcg@20 : 0.0637    ndcg@50 : 0.0757    
26 Oct 23:06    INFO  epoch 134 training [time: 2.58s, train loss: -3.0350]
26 Oct 23:06    INFO  epoch 134 evaluating [time: 37.62s, valid_score: 0.063400]
26 Oct 23:06    INFO  valid result: 
recall@10 : 0.0937    recall@20 : 0.1297    recall@50 : 0.19    ndcg@10 : 0.054    ndcg@20 : 0.0634    ndcg@50 : 0.0758    
26 Oct 23:06    INFO  epoch 135 training [time: 2.20s, train loss: -3.0349]
26 Oct 23:07    INFO  epoch 135 evaluating [time: 37.28s, valid_score: 0.063200]
26 Oct 23:07    INFO  valid result: 
recall@10 : 0.0932    recall@20 : 0.1297    recall@50 : 0.189    ndcg@10 : 0.0536    ndcg@20 : 0.0632    ndcg@50 : 0.0754    
26 Oct 23:07    INFO  epoch 136 training [time: 2.19s, train loss: -3.0353]
26 Oct 23:08    INFO  epoch 136 evaluating [time: 37.11s, valid_score: 0.063000]
26 Oct 23:08    INFO  valid result: 
recall@10 : 0.0946    recall@20 : 0.1294    recall@50 : 0.1889    ndcg@10 : 0.0539    ndcg@20 : 0.063    ndcg@50 : 0.0752    
26 Oct 23:08    INFO  epoch 137 training [time: 2.53s, train loss: -3.0351]
26 Oct 23:08    INFO  epoch 137 evaluating [time: 37.76s, valid_score: 0.063500]
26 Oct 23:08    INFO  valid result: 
recall@10 : 0.0939    recall@20 : 0.1296    recall@50 : 0.1893    ndcg@10 : 0.0542    ndcg@20 : 0.0635    ndcg@50 : 0.0758    
26 Oct 23:08    INFO  epoch 138 training [time: 2.71s, train loss: -3.0350]
26 Oct 23:09    INFO  epoch 138 evaluating [time: 37.14s, valid_score: 0.063800]
26 Oct 23:09    INFO  valid result: 
recall@10 : 0.0941    recall@20 : 0.1304    recall@50 : 0.1896    ndcg@10 : 0.0543    ndcg@20 : 0.0638    ndcg@50 : 0.0759    
26 Oct 23:09    INFO  Saving current best: saved/DirectAU-Oct-26-2023_21-14-18.pth
26 Oct 23:09    INFO  epoch 139 training [time: 2.54s, train loss: -3.0352]
26 Oct 23:10    INFO  epoch 139 evaluating [time: 37.20s, valid_score: 0.063700]
26 Oct 23:10    INFO  valid result: 
recall@10 : 0.0933    recall@20 : 0.1308    recall@50 : 0.1893    ndcg@10 : 0.0538    ndcg@20 : 0.0637    ndcg@50 : 0.0756    
26 Oct 23:10    INFO  epoch 140 training [time: 2.57s, train loss: -3.0354]
26 Oct 23:10    INFO  epoch 140 evaluating [time: 36.89s, valid_score: 0.063800]
26 Oct 23:10    INFO  valid result: 
recall@10 : 0.0952    recall@20 : 0.1313    recall@50 : 0.1898    ndcg@10 : 0.0544    ndcg@20 : 0.0638    ndcg@50 : 0.0758    
26 Oct 23:10    INFO  epoch 141 training [time: 2.47s, train loss: -3.0355]
26 Oct 23:11    INFO  epoch 141 evaluating [time: 37.57s, valid_score: 0.064000]
26 Oct 23:11    INFO  valid result: 
recall@10 : 0.0939    recall@20 : 0.1313    recall@50 : 0.1897    ndcg@10 : 0.0542    ndcg@20 : 0.064    ndcg@50 : 0.076    
26 Oct 23:11    INFO  Saving current best: saved/DirectAU-Oct-26-2023_21-14-18.pth
26 Oct 23:11    INFO  epoch 142 training [time: 2.60s, train loss: -3.0357]
26 Oct 23:12    INFO  epoch 142 evaluating [time: 36.88s, valid_score: 0.063900]
26 Oct 23:12    INFO  valid result: 
recall@10 : 0.094    recall@20 : 0.1309    recall@50 : 0.1897    ndcg@10 : 0.0542    ndcg@20 : 0.0639    ndcg@50 : 0.076    
26 Oct 23:12    INFO  epoch 143 training [time: 2.74s, train loss: -3.0353]
26 Oct 23:12    INFO  epoch 143 evaluating [time: 37.32s, valid_score: 0.064200]
26 Oct 23:12    INFO  valid result: 
recall@10 : 0.094    recall@20 : 0.1313    recall@50 : 0.1889    ndcg@10 : 0.0544    ndcg@20 : 0.0642    ndcg@50 : 0.076    
26 Oct 23:12    INFO  Saving current best: saved/DirectAU-Oct-26-2023_21-14-18.pth
26 Oct 23:12    INFO  epoch 144 training [time: 2.19s, train loss: -3.0361]
26 Oct 23:13    INFO  epoch 144 evaluating [time: 36.97s, valid_score: 0.064300]
26 Oct 23:13    INFO  valid result: 
recall@10 : 0.0958    recall@20 : 0.1311    recall@50 : 0.1907    ndcg@10 : 0.055    ndcg@20 : 0.0643    ndcg@50 : 0.0765    
26 Oct 23:13    INFO  Saving current best: saved/DirectAU-Oct-26-2023_21-14-18.pth
26 Oct 23:13    INFO  epoch 145 training [time: 2.48s, train loss: -3.0362]
26 Oct 23:14    INFO  epoch 145 evaluating [time: 37.56s, valid_score: 0.064400]
26 Oct 23:14    INFO  valid result: 
recall@10 : 0.0963    recall@20 : 0.1312    recall@50 : 0.1899    ndcg@10 : 0.0553    ndcg@20 : 0.0644    ndcg@50 : 0.0764    
26 Oct 23:14    INFO  Saving current best: saved/DirectAU-Oct-26-2023_21-14-18.pth
26 Oct 23:14    INFO  epoch 146 training [time: 2.56s, train loss: -3.0362]
26 Oct 23:14    INFO  epoch 146 evaluating [time: 37.10s, valid_score: 0.064100]
26 Oct 23:14    INFO  valid result: 
recall@10 : 0.096    recall@20 : 0.1308    recall@50 : 0.1891    ndcg@10 : 0.0549    ndcg@20 : 0.0641    ndcg@50 : 0.076    
26 Oct 23:14    INFO  epoch 147 training [time: 2.59s, train loss: -3.0359]
26 Oct 23:15    INFO  epoch 147 evaluating [time: 37.55s, valid_score: 0.064100]
26 Oct 23:15    INFO  valid result: 
recall@10 : 0.0952    recall@20 : 0.1308    recall@50 : 0.1898    ndcg@10 : 0.0548    ndcg@20 : 0.0641    ndcg@50 : 0.0762    
26 Oct 23:15    INFO  epoch 148 training [time: 2.58s, train loss: -3.0359]
26 Oct 23:16    INFO  epoch 148 evaluating [time: 37.01s, valid_score: 0.064300]
26 Oct 23:16    INFO  valid result: 
recall@10 : 0.0958    recall@20 : 0.1311    recall@50 : 0.1896    ndcg@10 : 0.055    ndcg@20 : 0.0643    ndcg@50 : 0.0763    
26 Oct 23:16    INFO  epoch 149 training [time: 2.42s, train loss: -3.0366]
26 Oct 23:16    INFO  epoch 149 evaluating [time: 37.46s, valid_score: 0.064500]
26 Oct 23:16    INFO  valid result: 
recall@10 : 0.0952    recall@20 : 0.1314    recall@50 : 0.1902    ndcg@10 : 0.055    ndcg@20 : 0.0645    ndcg@50 : 0.0766    
26 Oct 23:16    INFO  Saving current best: saved/DirectAU-Oct-26-2023_21-14-18.pth
26 Oct 23:16    INFO  epoch 150 training [time: 2.60s, train loss: -3.0365]
26 Oct 23:17    INFO  epoch 150 evaluating [time: 36.88s, valid_score: 0.064000]
26 Oct 23:17    INFO  valid result: 
recall@10 : 0.095    recall@20 : 0.1307    recall@50 : 0.1886    ndcg@10 : 0.0546    ndcg@20 : 0.064    ndcg@50 : 0.0759    
26 Oct 23:17    INFO  epoch 151 training [time: 2.61s, train loss: -3.0364]
26 Oct 23:18    INFO  epoch 151 evaluating [time: 37.55s, valid_score: 0.064400]
26 Oct 23:18    INFO  valid result: 
recall@10 : 0.0953    recall@20 : 0.1318    recall@50 : 0.1897    ndcg@10 : 0.0548    ndcg@20 : 0.0644    ndcg@50 : 0.0763    
26 Oct 23:18    INFO  epoch 152 training [time: 2.56s, train loss: -3.0367]
26 Oct 23:18    INFO  epoch 152 evaluating [time: 37.23s, valid_score: 0.064400]
26 Oct 23:18    INFO  valid result: 
recall@10 : 0.096    recall@20 : 0.1313    recall@50 : 0.1898    ndcg@10 : 0.0551    ndcg@20 : 0.0644    ndcg@50 : 0.0763    
26 Oct 23:18    INFO  epoch 153 training [time: 2.75s, train loss: -3.0368]
26 Oct 23:19    INFO  epoch 153 evaluating [time: 38.04s, valid_score: 0.064300]
26 Oct 23:19    INFO  valid result: 
recall@10 : 0.0959    recall@20 : 0.1302    recall@50 : 0.1902    ndcg@10 : 0.0553    ndcg@20 : 0.0643    ndcg@50 : 0.0767    
26 Oct 23:19    INFO  epoch 154 training [time: 2.60s, train loss: -3.0366]
26 Oct 23:20    INFO  epoch 154 evaluating [time: 37.03s, valid_score: 0.064000]
26 Oct 23:20    INFO  valid result: 
recall@10 : 0.0959    recall@20 : 0.1302    recall@50 : 0.1906    ndcg@10 : 0.055    ndcg@20 : 0.064    ndcg@50 : 0.0764    
26 Oct 23:20    INFO  epoch 155 training [time: 2.60s, train loss: -3.0363]
26 Oct 23:20    INFO  epoch 155 evaluating [time: 37.57s, valid_score: 0.064400]
26 Oct 23:20    INFO  valid result: 
recall@10 : 0.0957    recall@20 : 0.1306    recall@50 : 0.1897    ndcg@10 : 0.0552    ndcg@20 : 0.0644    ndcg@50 : 0.0766    
26 Oct 23:20    INFO  epoch 156 training [time: 2.83s, train loss: -3.0367]
26 Oct 23:21    INFO  epoch 156 evaluating [time: 37.61s, valid_score: 0.064600]
26 Oct 23:21    INFO  valid result: 
recall@10 : 0.0963    recall@20 : 0.1321    recall@50 : 0.1914    ndcg@10 : 0.0552    ndcg@20 : 0.0646    ndcg@50 : 0.0767    
26 Oct 23:21    INFO  Saving current best: saved/DirectAU-Oct-26-2023_21-14-18.pth
26 Oct 23:21    INFO  epoch 157 training [time: 2.58s, train loss: -3.0368]
26 Oct 23:22    INFO  epoch 157 evaluating [time: 37.43s, valid_score: 0.064600]
26 Oct 23:22    INFO  valid result: 
recall@10 : 0.0949    recall@20 : 0.1312    recall@50 : 0.1906    ndcg@10 : 0.0551    ndcg@20 : 0.0646    ndcg@50 : 0.0768    
26 Oct 23:22    INFO  epoch 158 training [time: 2.56s, train loss: -3.0368]
26 Oct 23:22    INFO  epoch 158 evaluating [time: 37.15s, valid_score: 0.064400]
26 Oct 23:22    INFO  valid result: 
recall@10 : 0.0955    recall@20 : 0.1308    recall@50 : 0.1908    ndcg@10 : 0.0551    ndcg@20 : 0.0644    ndcg@50 : 0.0766    
26 Oct 23:22    INFO  epoch 159 training [time: 2.59s, train loss: -3.0372]
26 Oct 23:23    INFO  epoch 159 evaluating [time: 37.40s, valid_score: 0.064500]
26 Oct 23:23    INFO  valid result: 
recall@10 : 0.095    recall@20 : 0.1313    recall@50 : 0.1911    ndcg@10 : 0.0549    ndcg@20 : 0.0645    ndcg@50 : 0.0767    
26 Oct 23:23    INFO  epoch 160 training [time: 3.37s, train loss: -3.0372]
26 Oct 23:24    INFO  epoch 160 evaluating [time: 36.69s, valid_score: 0.064600]
26 Oct 23:24    INFO  valid result: 
recall@10 : 0.0957    recall@20 : 0.1314    recall@50 : 0.1905    ndcg@10 : 0.0552    ndcg@20 : 0.0646    ndcg@50 : 0.0767    
26 Oct 23:24    INFO  epoch 161 training [time: 3.78s, train loss: -3.0369]
26 Oct 23:24    INFO  epoch 161 evaluating [time: 36.04s, valid_score: 0.064800]
26 Oct 23:24    INFO  valid result: 
recall@10 : 0.095    recall@20 : 0.1315    recall@50 : 0.1905    ndcg@10 : 0.0552    ndcg@20 : 0.0648    ndcg@50 : 0.0769    
26 Oct 23:24    INFO  Saving current best: saved/DirectAU-Oct-26-2023_21-14-18.pth
26 Oct 23:24    INFO  epoch 162 training [time: 3.51s, train loss: -3.0366]
26 Oct 23:25    INFO  epoch 162 evaluating [time: 35.80s, valid_score: 0.064600]
26 Oct 23:25    INFO  valid result: 
recall@10 : 0.0964    recall@20 : 0.1324    recall@50 : 0.1914    ndcg@10 : 0.0552    ndcg@20 : 0.0646    ndcg@50 : 0.0766    
26 Oct 23:25    INFO  epoch 163 training [time: 3.63s, train loss: -3.0370]
26 Oct 23:26    INFO  epoch 163 evaluating [time: 37.51s, valid_score: 0.064800]
26 Oct 23:26    INFO  valid result: 
recall@10 : 0.0954    recall@20 : 0.1322    recall@50 : 0.1911    ndcg@10 : 0.0551    ndcg@20 : 0.0648    ndcg@50 : 0.0769    
26 Oct 23:26    INFO  epoch 164 training [time: 2.53s, train loss: -3.0372]
26 Oct 23:26    INFO  epoch 164 evaluating [time: 37.23s, valid_score: 0.065100]
26 Oct 23:26    INFO  valid result: 
recall@10 : 0.096    recall@20 : 0.1331    recall@50 : 0.1914    ndcg@10 : 0.0554    ndcg@20 : 0.0651    ndcg@50 : 0.077    
26 Oct 23:26    INFO  Saving current best: saved/DirectAU-Oct-26-2023_21-14-18.pth
26 Oct 23:26    INFO  epoch 165 training [time: 2.44s, train loss: -3.0374]
26 Oct 23:27    INFO  epoch 165 evaluating [time: 37.38s, valid_score: 0.064900]
26 Oct 23:27    INFO  valid result: 
recall@10 : 0.0961    recall@20 : 0.1332    recall@50 : 0.191    ndcg@10 : 0.0552    ndcg@20 : 0.0649    ndcg@50 : 0.0768    
26 Oct 23:27    INFO  epoch 166 training [time: 2.55s, train loss: -3.0377]
26 Oct 23:28    INFO  epoch 166 evaluating [time: 37.19s, valid_score: 0.065000]
26 Oct 23:28    INFO  valid result: 
recall@10 : 0.0966    recall@20 : 0.1337    recall@50 : 0.191    ndcg@10 : 0.0553    ndcg@20 : 0.065    ndcg@50 : 0.0768    
26 Oct 23:28    INFO  epoch 167 training [time: 2.50s, train loss: -3.0371]
26 Oct 23:28    INFO  epoch 167 evaluating [time: 37.44s, valid_score: 0.065000]
26 Oct 23:28    INFO  valid result: 
recall@10 : 0.0962    recall@20 : 0.1333    recall@50 : 0.1916    ndcg@10 : 0.0552    ndcg@20 : 0.065    ndcg@50 : 0.0769    
26 Oct 23:28    INFO  epoch 168 training [time: 2.63s, train loss: -3.0371]
26 Oct 23:29    INFO  epoch 168 evaluating [time: 37.37s, valid_score: 0.065200]
26 Oct 23:29    INFO  valid result: 
recall@10 : 0.0958    recall@20 : 0.133    recall@50 : 0.1917    ndcg@10 : 0.0554    ndcg@20 : 0.0652    ndcg@50 : 0.0771    
26 Oct 23:29    INFO  Saving current best: saved/DirectAU-Oct-26-2023_21-14-18.pth
26 Oct 23:29    INFO  epoch 169 training [time: 2.85s, train loss: -3.0371]
26 Oct 23:30    INFO  epoch 169 evaluating [time: 35.56s, valid_score: 0.065000]
26 Oct 23:30    INFO  valid result: 
recall@10 : 0.0968    recall@20 : 0.1327    recall@50 : 0.1912    ndcg@10 : 0.0556    ndcg@20 : 0.065    ndcg@50 : 0.077    
26 Oct 23:30    INFO  epoch 170 training [time: 2.56s, train loss: -3.0373]
26 Oct 23:30    INFO  epoch 170 evaluating [time: 29.13s, valid_score: 0.065000]
26 Oct 23:30    INFO  valid result: 
recall@10 : 0.097    recall@20 : 0.1329    recall@50 : 0.1912    ndcg@10 : 0.0556    ndcg@20 : 0.065    ndcg@50 : 0.077    
26 Oct 23:30    INFO  epoch 171 training [time: 2.03s, train loss: -3.0376]
26 Oct 23:30    INFO  epoch 171 evaluating [time: 9.28s, valid_score: 0.065200]
26 Oct 23:30    INFO  valid result: 
recall@10 : 0.0962    recall@20 : 0.133    recall@50 : 0.1909    ndcg@10 : 0.0555    ndcg@20 : 0.0652    ndcg@50 : 0.077    
26 Oct 23:30    INFO  epoch 172 training [time: 2.07s, train loss: -3.0378]
26 Oct 23:31    INFO  epoch 172 evaluating [time: 11.56s, valid_score: 0.065300]
26 Oct 23:31    INFO  valid result: 
recall@10 : 0.0965    recall@20 : 0.133    recall@50 : 0.1912    ndcg@10 : 0.0557    ndcg@20 : 0.0653    ndcg@50 : 0.0772    
26 Oct 23:31    INFO  Saving current best: saved/DirectAU-Oct-26-2023_21-14-18.pth
26 Oct 23:31    INFO  epoch 173 training [time: 1.93s, train loss: -3.0370]
26 Oct 23:31    INFO  epoch 173 evaluating [time: 9.25s, valid_score: 0.065300]
26 Oct 23:31    INFO  valid result: 
recall@10 : 0.0964    recall@20 : 0.1327    recall@50 : 0.1907    ndcg@10 : 0.0557    ndcg@20 : 0.0653    ndcg@50 : 0.0772    
26 Oct 23:31    INFO  epoch 174 training [time: 2.02s, train loss: -3.0378]
26 Oct 23:31    INFO  epoch 174 evaluating [time: 11.36s, valid_score: 0.065200]
26 Oct 23:31    INFO  valid result: 
recall@10 : 0.0965    recall@20 : 0.1334    recall@50 : 0.1905    ndcg@10 : 0.0555    ndcg@20 : 0.0652    ndcg@50 : 0.0769    
26 Oct 23:31    INFO  epoch 175 training [time: 2.29s, train loss: -3.0374]
26 Oct 23:31    INFO  epoch 175 evaluating [time: 11.86s, valid_score: 0.065200]
26 Oct 23:31    INFO  valid result: 
recall@10 : 0.0964    recall@20 : 0.133    recall@50 : 0.1914    ndcg@10 : 0.0556    ndcg@20 : 0.0652    ndcg@50 : 0.0771    
26 Oct 23:31    INFO  epoch 176 training [time: 1.98s, train loss: -3.0377]
26 Oct 23:31    INFO  epoch 176 evaluating [time: 9.25s, valid_score: 0.065000]
26 Oct 23:31    INFO  valid result: 
recall@10 : 0.0964    recall@20 : 0.1328    recall@50 : 0.1907    ndcg@10 : 0.0555    ndcg@20 : 0.065    ndcg@50 : 0.0769    
26 Oct 23:31    INFO  epoch 177 training [time: 2.07s, train loss: -3.0378]
26 Oct 23:32    INFO  epoch 177 evaluating [time: 9.55s, valid_score: 0.065200]
26 Oct 23:32    INFO  valid result: 
recall@10 : 0.0967    recall@20 : 0.1329    recall@50 : 0.1912    ndcg@10 : 0.0558    ndcg@20 : 0.0652    ndcg@50 : 0.0772    
26 Oct 23:32    INFO  epoch 178 training [time: 2.03s, train loss: -3.0383]
26 Oct 23:32    INFO  epoch 178 evaluating [time: 9.38s, valid_score: 0.065100]
26 Oct 23:32    INFO  valid result: 
recall@10 : 0.0974    recall@20 : 0.1322    recall@50 : 0.1919    ndcg@10 : 0.0559    ndcg@20 : 0.0651    ndcg@50 : 0.0773    
26 Oct 23:32    INFO  epoch 179 training [time: 1.89s, train loss: -3.0382]
26 Oct 23:32    INFO  epoch 179 evaluating [time: 9.48s, valid_score: 0.065400]
26 Oct 23:32    INFO  valid result: 
recall@10 : 0.0978    recall@20 : 0.1333    recall@50 : 0.1911    ndcg@10 : 0.0561    ndcg@20 : 0.0654    ndcg@50 : 0.0773    
26 Oct 23:32    INFO  Saving current best: saved/DirectAU-Oct-26-2023_21-14-18.pth
26 Oct 23:32    INFO  epoch 180 training [time: 2.09s, train loss: -3.0384]
26 Oct 23:32    INFO  epoch 180 evaluating [time: 9.32s, valid_score: 0.065300]
26 Oct 23:32    INFO  valid result: 
recall@10 : 0.0968    recall@20 : 0.1332    recall@50 : 0.1911    ndcg@10 : 0.0557    ndcg@20 : 0.0653    ndcg@50 : 0.0771    
26 Oct 23:32    INFO  epoch 181 training [time: 2.12s, train loss: -3.0382]
26 Oct 23:32    INFO  epoch 181 evaluating [time: 9.24s, valid_score: 0.065300]
26 Oct 23:32    INFO  valid result: 
recall@10 : 0.0964    recall@20 : 0.1329    recall@50 : 0.1922    ndcg@10 : 0.0557    ndcg@20 : 0.0653    ndcg@50 : 0.0775    
26 Oct 23:32    INFO  epoch 182 training [time: 2.19s, train loss: -3.0378]
26 Oct 23:33    INFO  epoch 182 evaluating [time: 9.22s, valid_score: 0.065400]
26 Oct 23:33    INFO  valid result: 
recall@10 : 0.0966    recall@20 : 0.1334    recall@50 : 0.1917    ndcg@10 : 0.0557    ndcg@20 : 0.0654    ndcg@50 : 0.0773    
26 Oct 23:33    INFO  epoch 183 training [time: 2.04s, train loss: -3.0379]
26 Oct 23:33    INFO  epoch 183 evaluating [time: 9.47s, valid_score: 0.065600]
26 Oct 23:33    INFO  valid result: 
recall@10 : 0.0973    recall@20 : 0.1335    recall@50 : 0.1917    ndcg@10 : 0.0561    ndcg@20 : 0.0656    ndcg@50 : 0.0775    
26 Oct 23:33    INFO  Saving current best: saved/DirectAU-Oct-26-2023_21-14-18.pth
26 Oct 23:33    INFO  epoch 184 training [time: 2.15s, train loss: -3.0385]
26 Oct 23:33    INFO  epoch 184 evaluating [time: 11.92s, valid_score: 0.065400]
26 Oct 23:33    INFO  valid result: 
recall@10 : 0.0982    recall@20 : 0.1336    recall@50 : 0.1922    ndcg@10 : 0.0561    ndcg@20 : 0.0654    ndcg@50 : 0.0773    
26 Oct 23:33    INFO  epoch 185 training [time: 2.17s, train loss: -3.0381]
26 Oct 23:33    INFO  epoch 185 evaluating [time: 9.44s, valid_score: 0.065200]
26 Oct 23:33    INFO  valid result: 
recall@10 : 0.0966    recall@20 : 0.133    recall@50 : 0.1917    ndcg@10 : 0.0556    ndcg@20 : 0.0652    ndcg@50 : 0.0772    
26 Oct 23:33    INFO  epoch 186 training [time: 2.42s, train loss: -3.0382]
26 Oct 23:33    INFO  epoch 186 evaluating [time: 9.33s, valid_score: 0.065400]
26 Oct 23:33    INFO  valid result: 
recall@10 : 0.0963    recall@20 : 0.1335    recall@50 : 0.192    ndcg@10 : 0.0556    ndcg@20 : 0.0654    ndcg@50 : 0.0774    
26 Oct 23:33    INFO  epoch 187 training [time: 2.00s, train loss: -3.0381]
26 Oct 23:34    INFO  epoch 187 evaluating [time: 9.45s, valid_score: 0.065300]
26 Oct 23:34    INFO  valid result: 
recall@10 : 0.0967    recall@20 : 0.1333    recall@50 : 0.1921    ndcg@10 : 0.0557    ndcg@20 : 0.0653    ndcg@50 : 0.0773    
26 Oct 23:34    INFO  epoch 188 training [time: 2.11s, train loss: -3.0378]
26 Oct 23:34    INFO  epoch 188 evaluating [time: 9.35s, valid_score: 0.065200]
26 Oct 23:34    INFO  valid result: 
recall@10 : 0.0963    recall@20 : 0.1334    recall@50 : 0.1915    ndcg@10 : 0.0555    ndcg@20 : 0.0652    ndcg@50 : 0.0771    
26 Oct 23:34    INFO  epoch 189 training [time: 2.09s, train loss: -3.0386]
26 Oct 23:34    INFO  epoch 189 evaluating [time: 9.49s, valid_score: 0.065200]
26 Oct 23:34    INFO  valid result: 
recall@10 : 0.0958    recall@20 : 0.1331    recall@50 : 0.1925    ndcg@10 : 0.0555    ndcg@20 : 0.0652    ndcg@50 : 0.0774    
26 Oct 23:34    INFO  epoch 190 training [time: 2.07s, train loss: -3.0388]
26 Oct 23:34    INFO  epoch 190 evaluating [time: 9.18s, valid_score: 0.065700]
26 Oct 23:34    INFO  valid result: 
recall@10 : 0.0967    recall@20 : 0.1331    recall@50 : 0.1915    ndcg@10 : 0.0561    ndcg@20 : 0.0657    ndcg@50 : 0.0776    
26 Oct 23:34    INFO  Saving current best: saved/DirectAU-Oct-26-2023_21-14-18.pth
26 Oct 23:34    INFO  epoch 191 training [time: 2.07s, train loss: -3.0380]
26 Oct 23:34    INFO  epoch 191 evaluating [time: 9.17s, valid_score: 0.065300]
26 Oct 23:34    INFO  valid result: 
recall@10 : 0.0967    recall@20 : 0.1327    recall@50 : 0.1914    ndcg@10 : 0.0559    ndcg@20 : 0.0653    ndcg@50 : 0.0773    
26 Oct 23:34    INFO  epoch 192 training [time: 1.97s, train loss: -3.0381]
26 Oct 23:35    INFO  epoch 192 evaluating [time: 9.44s, valid_score: 0.065200]
26 Oct 23:35    INFO  valid result: 
recall@10 : 0.0974    recall@20 : 0.1327    recall@50 : 0.1918    ndcg@10 : 0.0559    ndcg@20 : 0.0652    ndcg@50 : 0.0773    
26 Oct 23:35    INFO  epoch 193 training [time: 1.99s, train loss: -3.0389]
26 Oct 23:35    INFO  epoch 193 evaluating [time: 9.12s, valid_score: 0.065200]
26 Oct 23:35    INFO  valid result: 
recall@10 : 0.0965    recall@20 : 0.1328    recall@50 : 0.1915    ndcg@10 : 0.0556    ndcg@20 : 0.0652    ndcg@50 : 0.0772    
26 Oct 23:35    INFO  epoch 194 training [time: 2.20s, train loss: -3.0389]
26 Oct 23:35    INFO  epoch 194 evaluating [time: 11.53s, valid_score: 0.065300]
26 Oct 23:35    INFO  valid result: 
recall@10 : 0.0972    recall@20 : 0.1335    recall@50 : 0.1914    ndcg@10 : 0.0558    ndcg@20 : 0.0653    ndcg@50 : 0.0771    
26 Oct 23:35    INFO  epoch 195 training [time: 2.27s, train loss: -3.0383]
26 Oct 23:35    INFO  epoch 195 evaluating [time: 11.41s, valid_score: 0.065000]
26 Oct 23:35    INFO  valid result: 
recall@10 : 0.097    recall@20 : 0.1333    recall@50 : 0.1913    ndcg@10 : 0.0555    ndcg@20 : 0.065    ndcg@50 : 0.0768    
26 Oct 23:35    INFO  epoch 196 training [time: 2.16s, train loss: -3.0387]
26 Oct 23:35    INFO  epoch 196 evaluating [time: 9.43s, valid_score: 0.065200]
26 Oct 23:35    INFO  valid result: 
recall@10 : 0.0981    recall@20 : 0.1329    recall@50 : 0.192    ndcg@10 : 0.056    ndcg@20 : 0.0652    ndcg@50 : 0.0773    
26 Oct 23:35    INFO  epoch 197 training [time: 2.25s, train loss: -3.0387]
26 Oct 23:36    INFO  epoch 197 evaluating [time: 9.28s, valid_score: 0.065200]
26 Oct 23:36    INFO  valid result: 
recall@10 : 0.0977    recall@20 : 0.1328    recall@50 : 0.1919    ndcg@10 : 0.056    ndcg@20 : 0.0652    ndcg@50 : 0.0773    
26 Oct 23:36    INFO  epoch 198 training [time: 2.04s, train loss: -3.0385]
26 Oct 23:36    INFO  epoch 198 evaluating [time: 9.47s, valid_score: 0.065400]
26 Oct 23:36    INFO  valid result: 
recall@10 : 0.0976    recall@20 : 0.1333    recall@50 : 0.1911    ndcg@10 : 0.056    ndcg@20 : 0.0654    ndcg@50 : 0.0772    
26 Oct 23:36    INFO  epoch 199 training [time: 2.10s, train loss: -3.0387]
26 Oct 23:36    INFO  epoch 199 evaluating [time: 9.36s, valid_score: 0.065100]
26 Oct 23:36    INFO  valid result: 
recall@10 : 0.0971    recall@20 : 0.1331    recall@50 : 0.1922    ndcg@10 : 0.0557    ndcg@20 : 0.0651    ndcg@50 : 0.0773    
26 Oct 23:36    INFO  epoch 200 training [time: 2.00s, train loss: -3.0389]
26 Oct 23:36    INFO  epoch 200 evaluating [time: 9.37s, valid_score: 0.065500]
26 Oct 23:36    INFO  valid result: 
recall@10 : 0.0981    recall@20 : 0.1337    recall@50 : 0.1928    ndcg@10 : 0.0561    ndcg@20 : 0.0655    ndcg@50 : 0.0776    
26 Oct 23:36    INFO  epoch 201 training [time: 1.93s, train loss: -3.0384]
26 Oct 23:36    INFO  epoch 201 evaluating [time: 9.30s, valid_score: 0.065600]
26 Oct 23:36    INFO  valid result: 
recall@10 : 0.0971    recall@20 : 0.1341    recall@50 : 0.1925    ndcg@10 : 0.0559    ndcg@20 : 0.0656    ndcg@50 : 0.0776    
26 Oct 23:36    INFO  Finished training, best eval result in epoch 190
26 Oct 23:36    INFO  Loading model structure and parameters from saved/DirectAU-Oct-26-2023_21-14-18.pth
26 Oct 23:36    INFO  best valid : {'recall@10': 0.0967, 'recall@20': 0.1331, 'recall@50': 0.1915, 'ndcg@10': 0.0561, 'ndcg@20': 0.0657, 'ndcg@50': 0.0776}
26 Oct 23:36    INFO  test result: {'recall@10': 0.0994, 'recall@20': 0.1383, 'recall@50': 0.2003, 'ndcg@10': 0.0589, 'ndcg@20': 0.069, 'ndcg@50': 0.0817}
