command line args [--zc 0.01] will not be used in RecBole
26 Oct 21:21    INFO  
General Hyper Parameters:
gpu_id = 4
use_gpu = True
seed = 0
state = INFO
reproducibility = True
data_path = dataset/Gowalla
show_progress = False

Training Hyper Parameters:
checkpoint_dir = saved
epochs = 500
train_batch_size = 256
learner = adam
learning_rate = 0.001
training_neg_sample_num = 0
training_neg_sample_distribution = uniform
eval_step = 1
stopping_step = 10
clip_grad_norm = None
weight_decay = 1e-06
draw_loss_pic = False
loss_decimal_place = 4

Evaluation Hyper Parameters:
eval_setting = RO_RS,full
group_by_user = True
split_ratio = [0.8, 0.1, 0.1]
leave_one_num = 2
real_time_process = False
metrics = ['Recall', 'NDCG']
topk = [10, 20, 50]
valid_metric = NDCG@20
eval_batch_size = 4096
metric_decimal_place = 4

Dataset Hyper Parameters:
field_separator = 	
seq_separator =  
USER_ID_FIELD = user_id
ITEM_ID_FIELD = item_id
RATING_FIELD = rating
TIME_FIELD = timestamp
seq_len = None
LABEL_FIELD = label
threshold = None
NEG_PREFIX = neg_
load_col = {'inter': ['user_id', 'item_id', 'timestamp']}
unload_col = None
unused_col = None
additional_feat_suffix = None
lowest_val = None
highest_val = None
equal_val = None
not_equal_val = None
max_user_inter_num = None
min_user_inter_num = 5
max_item_inter_num = None
min_item_inter_num = 5
fields_in_same_space = None
preload_weight = None
normalize_field = None
normalize_all = None
ITEM_LIST_LENGTH_FIELD = item_length
LIST_SUFFIX = _list
MAX_ITEM_LIST_LENGTH = 50
POSITION_FIELD = position_id
HEAD_ENTITY_ID_FIELD = head_id
TAIL_ENTITY_ID_FIELD = tail_id
RELATION_ID_FIELD = relation_id
ENTITY_ID_FIELD = entity_id

Other Hyper Parameters: 
valid_metric_bigger = True
BT = 0.1
bt = 0.001
embedding_size = 64
encoder = MF
gamma = 5
times = 1
witem = 0.1
wuser = 0.8
zc = 0.01
rm_dup_inter = None
filter_inter_by_user_or_item = True
SOURCE_ID_FIELD = source_id
TARGET_ID_FIELD = target_id
benchmark_filename = None
MODEL_TYPE = ModelType.GENERAL
MODEL_INPUT_TYPE = InputType.POINTWISE
eval_type = EvaluatorType.RANKING
device = cuda
train_neg_sample_args = {'strategy': 'none'}


26 Oct 21:21    INFO  Gowalla
The number of users: 29859
Average actions of users: 34.408533726304505
The number of items: 40982
Average actions of items: 25.06942241526561
The number of inters: 1027370
The sparsity of the dataset: 99.91604269835769%
Remain Fields: ['user_id', 'item_id']
26 Oct 21:21    INFO  Build [GeneralDataLoader] for [train] with format [InputType.POINTWISE]
26 Oct 21:21    INFO  [train] No Negative Sampling
26 Oct 21:21    INFO  [train] batch_size = [256], shuffle = [True]

26 Oct 21:21    INFO  Build [GeneralFullDataLoader] for [evaluation] with format [InputType.POINTWISE]
26 Oct 21:21    INFO  Evaluation Setting:
	Group by user_id
	Ordering: {'strategy': 'shuffle'}
	Splitting: {'strategy': 'by_ratio', 'ratios': [0.8, 0.1, 0.1]}
	Negative Sampling: {'strategy': 'full', 'distribution': 'uniform'}
26 Oct 21:21    INFO  [evaluation] batch_size = [4096], shuffle = [False]

26 Oct 21:21    WARNING  Batch size is changed to 40982.
26 Oct 21:21    WARNING  Batch size is changed to 40982.
{'BT': 0.1, 'bt': 0.001, 'embedding_size': 64, 'encoder': 'MF', 'gamma': None, 'times': 1, 'training_neg_sample_num': 0, 'witem': 0.1, 'wuser': 0.8, 'zc': 0.01}
this is encoder MF...
这是directau 的 WUBT 版本...0.01
26 Oct 21:21    INFO  DirectAU(
  (encoder): MFEncoder(
    (user_embedding): Embedding(29859, 64)
    (item_embedding): Embedding(40982, 64)
  )
  (bn): BatchNorm1d(64, eps=1e-05, momentum=0.1, affine=False, track_running_stats=True)
  (projector): Sequential(
    (0): Linear(in_features=64, out_features=64, bias=False)
    (1): BatchNorm1d(64, eps=1e-05, momentum=0.1, affine=True, track_running_stats=True)
    (2): ReLU(inplace=True)
    (3): Linear(in_features=64, out_features=64, bias=False)
    (4): BatchNorm1d(64, eps=1e-05, momentum=0.1, affine=True, track_running_stats=True)
    (5): ReLU(inplace=True)
    (6): Linear(in_features=64, out_features=64, bias=False)
  )
)
Trainable parameters: 4546368
26 Oct 21:22    INFO  epoch 0 training [time: 12.83s, train loss: -17.1548]
26 Oct 21:23    INFO  epoch 0 evaluating [time: 98.10s, valid_score: 0.010400]
26 Oct 21:23    INFO  valid result: 
recall@10 : 0.0106    recall@20 : 0.0158    recall@50 : 0.0272    ndcg@10 : 0.0088    ndcg@20 : 0.0104    ndcg@50 : 0.0136    
26 Oct 21:23    INFO  Saving current best: saved/DirectAU-Oct-26-2023_21-21-56.pth
26 Oct 21:24    INFO  epoch 1 training [time: 16.71s, train loss: -17.6249]
26 Oct 21:26    INFO  epoch 1 evaluating [time: 118.53s, valid_score: 0.019800]
26 Oct 21:26    INFO  valid result: 
recall@10 : 0.0207    recall@20 : 0.0321    recall@50 : 0.053    ndcg@10 : 0.0163    ndcg@20 : 0.0198    ndcg@50 : 0.0256    
26 Oct 21:26    INFO  Saving current best: saved/DirectAU-Oct-26-2023_21-21-56.pth
26 Oct 21:26    INFO  epoch 2 training [time: 16.85s, train loss: -17.7189]
26 Oct 21:28    INFO  epoch 2 evaluating [time: 118.66s, valid_score: 0.027600]
26 Oct 21:28    INFO  valid result: 
recall@10 : 0.0304    recall@20 : 0.0451    recall@50 : 0.0749    ndcg@10 : 0.0231    ndcg@20 : 0.0276    ndcg@50 : 0.0357    
26 Oct 21:28    INFO  Saving current best: saved/DirectAU-Oct-26-2023_21-21-56.pth
26 Oct 21:28    INFO  epoch 3 training [time: 21.90s, train loss: -17.7881]
26 Oct 21:30    INFO  epoch 3 evaluating [time: 113.04s, valid_score: 0.034300]
26 Oct 21:30    INFO  valid result: 
recall@10 : 0.0386    recall@20 : 0.0573    recall@50 : 0.0933    ndcg@10 : 0.0285    ndcg@20 : 0.0343    ndcg@50 : 0.044    
26 Oct 21:30    INFO  Saving current best: saved/DirectAU-Oct-26-2023_21-21-56.pth
26 Oct 21:31    INFO  epoch 4 training [time: 28.94s, train loss: -17.8461]
26 Oct 21:32    INFO  epoch 4 evaluating [time: 103.25s, valid_score: 0.040400]
26 Oct 21:32    INFO  valid result: 
recall@10 : 0.0459    recall@20 : 0.069    recall@50 : 0.1107    ndcg@10 : 0.0333    ndcg@20 : 0.0404    ndcg@50 : 0.0514    
26 Oct 21:32    INFO  Saving current best: saved/DirectAU-Oct-26-2023_21-21-56.pth
26 Oct 21:33    INFO  epoch 5 training [time: 28.70s, train loss: -17.8965]
26 Oct 21:35    INFO  epoch 5 evaluating [time: 106.94s, valid_score: 0.045500]
26 Oct 21:35    INFO  valid result: 
recall@10 : 0.0519    recall@20 : 0.0773    recall@50 : 0.1262    ndcg@10 : 0.0378    ndcg@20 : 0.0455    ndcg@50 : 0.0583    
26 Oct 21:35    INFO  Saving current best: saved/DirectAU-Oct-26-2023_21-21-56.pth
26 Oct 21:35    INFO  epoch 6 training [time: 25.22s, train loss: -17.9384]
26 Oct 21:37    INFO  epoch 6 evaluating [time: 118.04s, valid_score: 0.050600]
26 Oct 21:37    INFO  valid result: 
recall@10 : 0.0583    recall@20 : 0.0864    recall@50 : 0.1427    ndcg@10 : 0.0421    ndcg@20 : 0.0506    ndcg@50 : 0.0651    
26 Oct 21:37    INFO  Saving current best: saved/DirectAU-Oct-26-2023_21-21-56.pth
26 Oct 21:37    INFO  epoch 7 training [time: 16.60s, train loss: -17.9770]
26 Oct 21:39    INFO  epoch 7 evaluating [time: 118.49s, valid_score: 0.055500]
26 Oct 21:39    INFO  valid result: 
recall@10 : 0.0653    recall@20 : 0.0963    recall@50 : 0.1572    ndcg@10 : 0.046    ndcg@20 : 0.0555    ndcg@50 : 0.0711    
26 Oct 21:39    INFO  Saving current best: saved/DirectAU-Oct-26-2023_21-21-56.pth
26 Oct 21:40    INFO  epoch 8 training [time: 20.63s, train loss: -18.0090]
26 Oct 21:41    INFO  epoch 8 evaluating [time: 113.37s, valid_score: 0.060000]
26 Oct 21:41    INFO  valid result: 
recall@10 : 0.0694    recall@20 : 0.1046    recall@50 : 0.1701    ndcg@10 : 0.0494    ndcg@20 : 0.06    ndcg@50 : 0.0767    
26 Oct 21:41    INFO  Saving current best: saved/DirectAU-Oct-26-2023_21-21-56.pth
26 Oct 21:42    INFO  epoch 9 training [time: 29.04s, train loss: -18.0384]
26 Oct 21:44    INFO  epoch 9 evaluating [time: 103.16s, valid_score: 0.063800]
26 Oct 21:44    INFO  valid result: 
recall@10 : 0.0749    recall@20 : 0.1113    recall@50 : 0.1815    ndcg@10 : 0.0529    ndcg@20 : 0.0638    ndcg@50 : 0.0815    
26 Oct 21:44    INFO  Saving current best: saved/DirectAU-Oct-26-2023_21-21-56.pth
26 Oct 21:44    INFO  epoch 10 training [time: 28.89s, train loss: -18.0637]
26 Oct 21:46    INFO  epoch 10 evaluating [time: 111.04s, valid_score: 0.068200]
26 Oct 21:46    INFO  valid result: 
recall@10 : 0.0796    recall@20 : 0.1187    recall@50 : 0.1916    ndcg@10 : 0.0566    ndcg@20 : 0.0682    ndcg@50 : 0.0866    
26 Oct 21:46    INFO  Saving current best: saved/DirectAU-Oct-26-2023_21-21-56.pth
26 Oct 21:46    INFO  epoch 11 training [time: 22.18s, train loss: -18.0870]
26 Oct 21:48    INFO  epoch 11 evaluating [time: 118.60s, valid_score: 0.071300]
26 Oct 21:48    INFO  valid result: 
recall@10 : 0.0843    recall@20 : 0.1245    recall@50 : 0.2017    ndcg@10 : 0.0593    ndcg@20 : 0.0713    ndcg@50 : 0.0906    
26 Oct 21:48    INFO  Saving current best: saved/DirectAU-Oct-26-2023_21-21-56.pth
26 Oct 21:49    INFO  epoch 12 training [time: 16.60s, train loss: -18.1093]
26 Oct 21:51    INFO  epoch 12 evaluating [time: 118.58s, valid_score: 0.074300]
26 Oct 21:51    INFO  valid result: 
recall@10 : 0.0886    recall@20 : 0.1311    recall@50 : 0.2121    ndcg@10 : 0.0617    ndcg@20 : 0.0743    ndcg@50 : 0.0946    
26 Oct 21:51    INFO  Saving current best: saved/DirectAU-Oct-26-2023_21-21-56.pth
26 Oct 21:51    INFO  epoch 13 training [time: 16.49s, train loss: -18.1346]
26 Oct 21:53    INFO  epoch 13 evaluating [time: 117.50s, valid_score: 0.078600]
26 Oct 21:53    INFO  valid result: 
recall@10 : 0.0933    recall@20 : 0.1392    recall@50 : 0.2233    ndcg@10 : 0.065    ndcg@20 : 0.0786    ndcg@50 : 0.0995    
26 Oct 21:53    INFO  Saving current best: saved/DirectAU-Oct-26-2023_21-21-56.pth
26 Oct 21:53    INFO  epoch 14 training [time: 16.49s, train loss: -18.1671]
26 Oct 21:55    INFO  epoch 14 evaluating [time: 118.57s, valid_score: 0.085500]
26 Oct 21:55    INFO  valid result: 
recall@10 : 0.1018    recall@20 : 0.1515    recall@50 : 0.2423    ndcg@10 : 0.0708    ndcg@20 : 0.0855    ndcg@50 : 0.1078    
26 Oct 21:55    INFO  Saving current best: saved/DirectAU-Oct-26-2023_21-21-56.pth
26 Oct 21:55    INFO  epoch 15 training [time: 16.47s, train loss: -18.1996]
26 Oct 21:57    INFO  epoch 15 evaluating [time: 118.46s, valid_score: 0.089500]
26 Oct 21:57    INFO  valid result: 
recall@10 : 0.1089    recall@20 : 0.1607    recall@50 : 0.2563    ndcg@10 : 0.0744    ndcg@20 : 0.0895    ndcg@50 : 0.1129    
26 Oct 21:57    INFO  Saving current best: saved/DirectAU-Oct-26-2023_21-21-56.pth
26 Oct 21:58    INFO  epoch 16 training [time: 16.68s, train loss: -18.2183]
26 Oct 22:00    INFO  epoch 16 evaluating [time: 118.46s, valid_score: 0.092500]
26 Oct 22:00    INFO  valid result: 
recall@10 : 0.1125    recall@20 : 0.1653    recall@50 : 0.2616    ndcg@10 : 0.0771    ndcg@20 : 0.0925    ndcg@50 : 0.1161    
26 Oct 22:00    INFO  Saving current best: saved/DirectAU-Oct-26-2023_21-21-56.pth
26 Oct 22:00    INFO  epoch 17 training [time: 16.40s, train loss: -18.2287]
26 Oct 22:02    INFO  epoch 17 evaluating [time: 118.45s, valid_score: 0.094400]
26 Oct 22:02    INFO  valid result: 
recall@10 : 0.1154    recall@20 : 0.1693    recall@50 : 0.2677    ndcg@10 : 0.0787    ndcg@20 : 0.0944    ndcg@50 : 0.1185    
26 Oct 22:02    INFO  Saving current best: saved/DirectAU-Oct-26-2023_21-21-56.pth
26 Oct 22:02    INFO  epoch 18 training [time: 16.40s, train loss: -18.2375]
26 Oct 22:04    INFO  epoch 18 evaluating [time: 118.33s, valid_score: 0.096000]
26 Oct 22:04    INFO  valid result: 
recall@10 : 0.1152    recall@20 : 0.172    recall@50 : 0.2715    ndcg@10 : 0.0795    ndcg@20 : 0.096    ndcg@50 : 0.1205    
26 Oct 22:04    INFO  Saving current best: saved/DirectAU-Oct-26-2023_21-21-56.pth
26 Oct 22:04    INFO  epoch 19 training [time: 16.22s, train loss: -18.2434]
26 Oct 22:06    INFO  epoch 19 evaluating [time: 118.74s, valid_score: 0.097100]
26 Oct 22:06    INFO  valid result: 
recall@10 : 0.1174    recall@20 : 0.1735    recall@50 : 0.2753    ndcg@10 : 0.0807    ndcg@20 : 0.0971    ndcg@50 : 0.1221    
26 Oct 22:06    INFO  Saving current best: saved/DirectAU-Oct-26-2023_21-21-56.pth
26 Oct 22:07    INFO  epoch 20 training [time: 16.61s, train loss: -18.2485]
26 Oct 22:09    INFO  epoch 20 evaluating [time: 118.28s, valid_score: 0.097900]
26 Oct 22:09    INFO  valid result: 
recall@10 : 0.1193    recall@20 : 0.1741    recall@50 : 0.279    ndcg@10 : 0.0819    ndcg@20 : 0.0979    ndcg@50 : 0.1235    
26 Oct 22:09    INFO  Saving current best: saved/DirectAU-Oct-26-2023_21-21-56.pth
26 Oct 22:09    INFO  epoch 21 training [time: 16.59s, train loss: -18.2520]
26 Oct 22:11    INFO  epoch 21 evaluating [time: 118.73s, valid_score: 0.098500]
26 Oct 22:11    INFO  valid result: 
recall@10 : 0.1195    recall@20 : 0.1752    recall@50 : 0.2808    ndcg@10 : 0.0821    ndcg@20 : 0.0985    ndcg@50 : 0.1244    
26 Oct 22:11    INFO  Saving current best: saved/DirectAU-Oct-26-2023_21-21-56.pth
26 Oct 22:11    INFO  epoch 22 training [time: 24.23s, train loss: -18.2549]
26 Oct 22:13    INFO  epoch 22 evaluating [time: 108.95s, valid_score: 0.100100]
26 Oct 22:13    INFO  valid result: 
recall@10 : 0.1215    recall@20 : 0.1789    recall@50 : 0.2832    ndcg@10 : 0.0834    ndcg@20 : 0.1001    ndcg@50 : 0.1256    
26 Oct 22:13    INFO  Saving current best: saved/DirectAU-Oct-26-2023_21-21-56.pth
26 Oct 22:14    INFO  epoch 23 training [time: 28.83s, train loss: -18.2565]
26 Oct 22:15    INFO  epoch 23 evaluating [time: 104.91s, valid_score: 0.100800]
26 Oct 22:15    INFO  valid result: 
recall@10 : 0.1225    recall@20 : 0.1793    recall@50 : 0.2851    ndcg@10 : 0.0843    ndcg@20 : 0.1008    ndcg@50 : 0.1266    
26 Oct 22:15    INFO  Saving current best: saved/DirectAU-Oct-26-2023_21-21-56.pth
26 Oct 22:16    INFO  epoch 24 training [time: 27.28s, train loss: -18.2587]
26 Oct 22:18    INFO  epoch 24 evaluating [time: 114.03s, valid_score: 0.101500]
26 Oct 22:18    INFO  valid result: 
recall@10 : 0.1226    recall@20 : 0.1809    recall@50 : 0.2886    ndcg@10 : 0.0845    ndcg@20 : 0.1015    ndcg@50 : 0.1279    
26 Oct 22:18    INFO  Saving current best: saved/DirectAU-Oct-26-2023_21-21-56.pth
26 Oct 22:18    INFO  epoch 25 training [time: 20.01s, train loss: -18.2599]
26 Oct 22:20    INFO  epoch 25 evaluating [time: 118.55s, valid_score: 0.102300]
26 Oct 22:20    INFO  valid result: 
recall@10 : 0.1234    recall@20 : 0.1821    recall@50 : 0.2899    ndcg@10 : 0.0853    ndcg@20 : 0.1023    ndcg@50 : 0.1287    
26 Oct 22:20    INFO  Saving current best: saved/DirectAU-Oct-26-2023_21-21-56.pth
26 Oct 22:20    INFO  epoch 26 training [time: 16.44s, train loss: -18.2614]
26 Oct 22:22    INFO  epoch 26 evaluating [time: 118.70s, valid_score: 0.102200]
26 Oct 22:22    INFO  valid result: 
recall@10 : 0.1233    recall@20 : 0.1821    recall@50 : 0.2902    ndcg@10 : 0.0851    ndcg@20 : 0.1022    ndcg@50 : 0.1287    
26 Oct 22:23    INFO  epoch 27 training [time: 23.09s, train loss: -18.2623]
26 Oct 22:24    INFO  epoch 27 evaluating [time: 110.22s, valid_score: 0.102400]
26 Oct 22:24    INFO  valid result: 
recall@10 : 0.123    recall@20 : 0.1818    recall@50 : 0.2915    ndcg@10 : 0.0853    ndcg@20 : 0.1024    ndcg@50 : 0.1293    
26 Oct 22:24    INFO  Saving current best: saved/DirectAU-Oct-26-2023_21-21-56.pth
26 Oct 22:25    INFO  epoch 28 training [time: 28.85s, train loss: -18.2630]
26 Oct 22:27    INFO  epoch 28 evaluating [time: 103.91s, valid_score: 0.103100]
26 Oct 22:27    INFO  valid result: 
recall@10 : 0.1241    recall@20 : 0.1825    recall@50 : 0.2932    ndcg@10 : 0.0861    ndcg@20 : 0.1031    ndcg@50 : 0.1302    
26 Oct 22:27    INFO  Saving current best: saved/DirectAU-Oct-26-2023_21-21-56.pth
26 Oct 22:27    INFO  epoch 29 training [time: 28.23s, train loss: -18.2637]
26 Oct 22:29    INFO  epoch 29 evaluating [time: 110.18s, valid_score: 0.103600]
26 Oct 22:29    INFO  valid result: 
recall@10 : 0.1261    recall@20 : 0.1837    recall@50 : 0.2928    ndcg@10 : 0.0868    ndcg@20 : 0.1036    ndcg@50 : 0.1303    
26 Oct 22:29    INFO  Saving current best: saved/DirectAU-Oct-26-2023_21-21-56.pth
26 Oct 22:29    INFO  epoch 30 training [time: 22.85s, train loss: -18.2649]
26 Oct 22:31    INFO  epoch 30 evaluating [time: 118.33s, valid_score: 0.104300]
26 Oct 22:31    INFO  valid result: 
recall@10 : 0.1255    recall@20 : 0.1855    recall@50 : 0.2945    ndcg@10 : 0.0868    ndcg@20 : 0.1043    ndcg@50 : 0.131    
26 Oct 22:31    INFO  Saving current best: saved/DirectAU-Oct-26-2023_21-21-56.pth
26 Oct 22:32    INFO  epoch 31 training [time: 16.27s, train loss: -18.2659]
26 Oct 22:34    INFO  epoch 31 evaluating [time: 118.46s, valid_score: 0.104600]
26 Oct 22:34    INFO  valid result: 
recall@10 : 0.1258    recall@20 : 0.1861    recall@50 : 0.295    ndcg@10 : 0.087    ndcg@20 : 0.1046    ndcg@50 : 0.1313    
26 Oct 22:34    INFO  Saving current best: saved/DirectAU-Oct-26-2023_21-21-56.pth
26 Oct 22:34    INFO  epoch 32 training [time: 16.49s, train loss: -18.2663]
26 Oct 22:36    INFO  epoch 32 evaluating [time: 118.17s, valid_score: 0.104800]
26 Oct 22:36    INFO  valid result: 
recall@10 : 0.1271    recall@20 : 0.185    recall@50 : 0.2963    ndcg@10 : 0.0878    ndcg@20 : 0.1048    ndcg@50 : 0.1319    
26 Oct 22:36    INFO  Saving current best: saved/DirectAU-Oct-26-2023_21-21-56.pth
26 Oct 22:36    INFO  epoch 33 training [time: 16.33s, train loss: -18.2676]
26 Oct 22:38    INFO  epoch 33 evaluating [time: 118.48s, valid_score: 0.105100]
26 Oct 22:38    INFO  valid result: 
recall@10 : 0.1261    recall@20 : 0.1859    recall@50 : 0.2965    ndcg@10 : 0.0876    ndcg@20 : 0.1051    ndcg@50 : 0.1321    
26 Oct 22:38    INFO  Saving current best: saved/DirectAU-Oct-26-2023_21-21-56.pth
26 Oct 22:38    INFO  epoch 34 training [time: 16.44s, train loss: -18.2671]
26 Oct 22:40    INFO  epoch 34 evaluating [time: 118.53s, valid_score: 0.105700]
26 Oct 22:40    INFO  valid result: 
recall@10 : 0.128    recall@20 : 0.187    recall@50 : 0.2973    ndcg@10 : 0.0886    ndcg@20 : 0.1057    ndcg@50 : 0.1326    
26 Oct 22:40    INFO  Saving current best: saved/DirectAU-Oct-26-2023_21-21-56.pth
26 Oct 22:41    INFO  epoch 35 training [time: 16.28s, train loss: -18.2675]
26 Oct 22:43    INFO  epoch 35 evaluating [time: 118.56s, valid_score: 0.105700]
26 Oct 22:43    INFO  valid result: 
recall@10 : 0.1267    recall@20 : 0.1883    recall@50 : 0.2964    ndcg@10 : 0.0879    ndcg@20 : 0.1057    ndcg@50 : 0.1322    
26 Oct 22:43    INFO  epoch 36 training [time: 16.61s, train loss: -18.2684]
26 Oct 22:45    INFO  epoch 36 evaluating [time: 118.38s, valid_score: 0.106000]
26 Oct 22:45    INFO  valid result: 
recall@10 : 0.1282    recall@20 : 0.1873    recall@50 : 0.299    ndcg@10 : 0.0889    ndcg@20 : 0.106    ndcg@50 : 0.1333    
26 Oct 22:45    INFO  Saving current best: saved/DirectAU-Oct-26-2023_21-21-56.pth
26 Oct 22:45    INFO  epoch 37 training [time: 16.55s, train loss: -18.2694]
26 Oct 22:47    INFO  epoch 37 evaluating [time: 118.02s, valid_score: 0.105500]
26 Oct 22:47    INFO  valid result: 
recall@10 : 0.1275    recall@20 : 0.1861    recall@50 : 0.297    ndcg@10 : 0.0885    ndcg@20 : 0.1055    ndcg@50 : 0.1327    
26 Oct 22:47    INFO  epoch 38 training [time: 16.36s, train loss: -18.2695]
26 Oct 22:49    INFO  epoch 38 evaluating [time: 118.49s, valid_score: 0.106300]
26 Oct 22:49    INFO  valid result: 
recall@10 : 0.1278    recall@20 : 0.1873    recall@50 : 0.2956    ndcg@10 : 0.0891    ndcg@20 : 0.1063    ndcg@50 : 0.1329    
26 Oct 22:49    INFO  Saving current best: saved/DirectAU-Oct-26-2023_21-21-56.pth
26 Oct 22:50    INFO  epoch 39 training [time: 15.79s, train loss: -18.2697]
26 Oct 22:52    INFO  epoch 39 evaluating [time: 118.69s, valid_score: 0.106200]
26 Oct 22:52    INFO  valid result: 
recall@10 : 0.1274    recall@20 : 0.187    recall@50 : 0.2974    ndcg@10 : 0.0889    ndcg@20 : 0.1062    ndcg@50 : 0.1333    
26 Oct 22:52    INFO  epoch 40 training [time: 16.53s, train loss: -18.2691]
26 Oct 22:54    INFO  epoch 40 evaluating [time: 118.58s, valid_score: 0.105800]
26 Oct 22:54    INFO  valid result: 
recall@10 : 0.129    recall@20 : 0.1876    recall@50 : 0.2998    ndcg@10 : 0.0888    ndcg@20 : 0.1058    ndcg@50 : 0.1332    
26 Oct 22:54    INFO  epoch 41 training [time: 23.68s, train loss: -18.2701]
26 Oct 22:56    INFO  epoch 41 evaluating [time: 109.80s, valid_score: 0.106500]
26 Oct 22:56    INFO  valid result: 
recall@10 : 0.1272    recall@20 : 0.1893    recall@50 : 0.2981    ndcg@10 : 0.0886    ndcg@20 : 0.1065    ndcg@50 : 0.1331    
26 Oct 22:56    INFO  Saving current best: saved/DirectAU-Oct-26-2023_21-21-56.pth
26 Oct 22:56    INFO  epoch 42 training [time: 28.68s, train loss: -18.2706]
26 Oct 22:58    INFO  epoch 42 evaluating [time: 103.89s, valid_score: 0.106800]
26 Oct 22:58    INFO  valid result: 
recall@10 : 0.1291    recall@20 : 0.1895    recall@50 : 0.2996    ndcg@10 : 0.0892    ndcg@20 : 0.1068    ndcg@50 : 0.1337    
26 Oct 22:58    INFO  Saving current best: saved/DirectAU-Oct-26-2023_21-21-56.pth
26 Oct 22:59    INFO  epoch 43 training [time: 27.88s, train loss: -18.2702]
26 Oct 23:01    INFO  epoch 43 evaluating [time: 113.84s, valid_score: 0.106300]
26 Oct 23:01    INFO  valid result: 
recall@10 : 0.1291    recall@20 : 0.1885    recall@50 : 0.2993    ndcg@10 : 0.0891    ndcg@20 : 0.1063    ndcg@50 : 0.1334    
26 Oct 23:01    INFO  epoch 44 training [time: 20.66s, train loss: -18.2713]
26 Oct 23:03    INFO  epoch 44 evaluating [time: 118.61s, valid_score: 0.106600]
26 Oct 23:03    INFO  valid result: 
recall@10 : 0.1284    recall@20 : 0.1891    recall@50 : 0.2992    ndcg@10 : 0.0889    ndcg@20 : 0.1066    ndcg@50 : 0.1334    
26 Oct 23:03    INFO  epoch 45 training [time: 16.22s, train loss: -18.2717]
26 Oct 23:05    INFO  epoch 45 evaluating [time: 118.54s, valid_score: 0.107100]
26 Oct 23:05    INFO  valid result: 
recall@10 : 0.1293    recall@20 : 0.1903    recall@50 : 0.2992    ndcg@10 : 0.0895    ndcg@20 : 0.1071    ndcg@50 : 0.1337    
26 Oct 23:05    INFO  Saving current best: saved/DirectAU-Oct-26-2023_21-21-56.pth
26 Oct 23:05    INFO  epoch 46 training [time: 18.50s, train loss: -18.2716]
26 Oct 23:07    INFO  epoch 46 evaluating [time: 116.06s, valid_score: 0.107400]
26 Oct 23:07    INFO  valid result: 
recall@10 : 0.1299    recall@20 : 0.1904    recall@50 : 0.3001    ndcg@10 : 0.0899    ndcg@20 : 0.1074    ndcg@50 : 0.1343    
26 Oct 23:07    INFO  Saving current best: saved/DirectAU-Oct-26-2023_21-21-56.pth
26 Oct 23:08    INFO  epoch 47 training [time: 27.79s, train loss: -18.2716]
26 Oct 23:10    INFO  epoch 47 evaluating [time: 104.84s, valid_score: 0.107600]
26 Oct 23:10    INFO  valid result: 
recall@10 : 0.1292    recall@20 : 0.1903    recall@50 : 0.2994    ndcg@10 : 0.0899    ndcg@20 : 0.1076    ndcg@50 : 0.1342    
26 Oct 23:10    INFO  Saving current best: saved/DirectAU-Oct-26-2023_21-21-56.pth
26 Oct 23:10    INFO  epoch 48 training [time: 28.86s, train loss: -18.2715]
26 Oct 23:12    INFO  epoch 48 evaluating [time: 109.52s, valid_score: 0.107400]
26 Oct 23:12    INFO  valid result: 
recall@10 : 0.1293    recall@20 : 0.1893    recall@50 : 0.2993    ndcg@10 : 0.0898    ndcg@20 : 0.1074    ndcg@50 : 0.1343    
26 Oct 23:12    INFO  epoch 49 training [time: 23.77s, train loss: -18.2714]
26 Oct 23:14    INFO  epoch 49 evaluating [time: 118.47s, valid_score: 0.107400]
26 Oct 23:14    INFO  valid result: 
recall@10 : 0.1289    recall@20 : 0.1889    recall@50 : 0.2993    ndcg@10 : 0.0899    ndcg@20 : 0.1074    ndcg@50 : 0.1344    
26 Oct 23:15    INFO  epoch 50 training [time: 16.55s, train loss: -18.2724]
26 Oct 23:17    INFO  epoch 50 evaluating [time: 118.59s, valid_score: 0.107700]
26 Oct 23:17    INFO  valid result: 
recall@10 : 0.1282    recall@20 : 0.1899    recall@50 : 0.2991    ndcg@10 : 0.0899    ndcg@20 : 0.1077    ndcg@50 : 0.1344    
26 Oct 23:17    INFO  Saving current best: saved/DirectAU-Oct-26-2023_21-21-56.pth
26 Oct 23:17    INFO  epoch 51 training [time: 16.63s, train loss: -18.2720]
26 Oct 23:19    INFO  epoch 51 evaluating [time: 118.55s, valid_score: 0.108100]
26 Oct 23:19    INFO  valid result: 
recall@10 : 0.1298    recall@20 : 0.1906    recall@50 : 0.3012    ndcg@10 : 0.0905    ndcg@20 : 0.1081    ndcg@50 : 0.1352    
26 Oct 23:19    INFO  Saving current best: saved/DirectAU-Oct-26-2023_21-21-56.pth
26 Oct 23:19    INFO  epoch 52 training [time: 16.20s, train loss: -18.2726]
26 Oct 23:21    INFO  epoch 52 evaluating [time: 118.67s, valid_score: 0.108300]
26 Oct 23:21    INFO  valid result: 
recall@10 : 0.1304    recall@20 : 0.1904    recall@50 : 0.3007    ndcg@10 : 0.0909    ndcg@20 : 0.1083    ndcg@50 : 0.1353    
26 Oct 23:21    INFO  Saving current best: saved/DirectAU-Oct-26-2023_21-21-56.pth
26 Oct 23:21    INFO  epoch 53 training [time: 16.03s, train loss: -18.2731]
26 Oct 23:23    INFO  epoch 53 evaluating [time: 118.35s, valid_score: 0.108300]
26 Oct 23:23    INFO  valid result: 
recall@10 : 0.1308    recall@20 : 0.1904    recall@50 : 0.3013    ndcg@10 : 0.091    ndcg@20 : 0.1083    ndcg@50 : 0.1354    
26 Oct 23:24    INFO  epoch 54 training [time: 16.66s, train loss: -18.2728]
26 Oct 23:26    INFO  epoch 54 evaluating [time: 118.70s, valid_score: 0.108300]
26 Oct 23:26    INFO  valid result: 
recall@10 : 0.131    recall@20 : 0.1909    recall@50 : 0.3019    ndcg@10 : 0.0909    ndcg@20 : 0.1083    ndcg@50 : 0.1354    
26 Oct 23:26    INFO  epoch 55 training [time: 16.73s, train loss: -18.2732]
26 Oct 23:28    INFO  epoch 55 evaluating [time: 118.36s, valid_score: 0.108300]
26 Oct 23:28    INFO  valid result: 
recall@10 : 0.1296    recall@20 : 0.1909    recall@50 : 0.301    ndcg@10 : 0.0906    ndcg@20 : 0.1083    ndcg@50 : 0.1353    
26 Oct 23:28    INFO  epoch 56 training [time: 16.64s, train loss: -18.2736]
26 Oct 23:30    INFO  epoch 56 evaluating [time: 118.54s, valid_score: 0.108500]
26 Oct 23:30    INFO  valid result: 
recall@10 : 0.131    recall@20 : 0.1905    recall@50 : 0.3014    ndcg@10 : 0.0912    ndcg@20 : 0.1085    ndcg@50 : 0.1356    
26 Oct 23:30    INFO  Saving current best: saved/DirectAU-Oct-26-2023_21-21-56.pth
26 Oct 23:30    INFO  epoch 57 training [time: 16.59s, train loss: -18.2732]
26 Oct 23:32    INFO  epoch 57 evaluating [time: 118.66s, valid_score: 0.108200]
26 Oct 23:32    INFO  valid result: 
recall@10 : 0.1304    recall@20 : 0.1899    recall@50 : 0.3022    ndcg@10 : 0.0909    ndcg@20 : 0.1082    ndcg@50 : 0.1356    
26 Oct 23:33    INFO  epoch 58 training [time: 16.64s, train loss: -18.2727]
26 Oct 23:35    INFO  epoch 58 evaluating [time: 118.55s, valid_score: 0.108200]
26 Oct 23:35    INFO  valid result: 
recall@10 : 0.1301    recall@20 : 0.19    recall@50 : 0.3015    ndcg@10 : 0.0907    ndcg@20 : 0.1082    ndcg@50 : 0.1354    
26 Oct 23:35    INFO  epoch 59 training [time: 19.54s, train loss: -18.2731]
26 Oct 23:37    INFO  epoch 59 evaluating [time: 115.03s, valid_score: 0.108200]
26 Oct 23:37    INFO  valid result: 
recall@10 : 0.1304    recall@20 : 0.1897    recall@50 : 0.3008    ndcg@10 : 0.0909    ndcg@20 : 0.1082    ndcg@50 : 0.1353    
26 Oct 23:37    INFO  epoch 60 training [time: 28.17s, train loss: -18.2735]
26 Oct 23:39    INFO  epoch 60 evaluating [time: 102.66s, valid_score: 0.108100]
26 Oct 23:39    INFO  valid result: 
recall@10 : 0.1306    recall@20 : 0.191    recall@50 : 0.3015    ndcg@10 : 0.0906    ndcg@20 : 0.1081    ndcg@50 : 0.1352    
26 Oct 23:39    INFO  epoch 61 training [time: 29.01s, train loss: -18.2736]
26 Oct 23:41    INFO  epoch 61 evaluating [time: 106.78s, valid_score: 0.108800]
26 Oct 23:41    INFO  valid result: 
recall@10 : 0.13    recall@20 : 0.1912    recall@50 : 0.3015    ndcg@10 : 0.091    ndcg@20 : 0.1088    ndcg@50 : 0.1357    
26 Oct 23:41    INFO  Saving current best: saved/DirectAU-Oct-26-2023_21-21-56.pth
26 Oct 23:42    INFO  epoch 62 training [time: 25.58s, train loss: -18.2737]
26 Oct 23:44    INFO  epoch 62 evaluating [time: 116.52s, valid_score: 0.109700]
26 Oct 23:44    INFO  valid result: 
recall@10 : 0.1313    recall@20 : 0.1914    recall@50 : 0.3023    ndcg@10 : 0.0922    ndcg@20 : 0.1097    ndcg@50 : 0.1367    
26 Oct 23:44    INFO  Saving current best: saved/DirectAU-Oct-26-2023_21-21-56.pth
26 Oct 23:44    INFO  epoch 63 training [time: 17.35s, train loss: -18.2735]
26 Oct 23:46    INFO  epoch 63 evaluating [time: 118.48s, valid_score: 0.108700]
26 Oct 23:46    INFO  valid result: 
recall@10 : 0.1308    recall@20 : 0.1911    recall@50 : 0.3031    ndcg@10 : 0.0912    ndcg@20 : 0.1087    ndcg@50 : 0.136    
26 Oct 23:46    INFO  epoch 64 training [time: 15.73s, train loss: -18.2734]
26 Oct 23:48    INFO  epoch 64 evaluating [time: 118.42s, valid_score: 0.108900]
26 Oct 23:48    INFO  valid result: 
recall@10 : 0.1314    recall@20 : 0.1912    recall@50 : 0.3036    ndcg@10 : 0.0916    ndcg@20 : 0.1089    ndcg@50 : 0.1364    
26 Oct 23:48    INFO  epoch 65 training [time: 17.91s, train loss: -18.2743]
26 Oct 23:50    INFO  epoch 65 evaluating [time: 116.54s, valid_score: 0.109200]
26 Oct 23:50    INFO  valid result: 
recall@10 : 0.1309    recall@20 : 0.1937    recall@50 : 0.305    ndcg@10 : 0.091    ndcg@20 : 0.1092    ndcg@50 : 0.1363    
26 Oct 23:51    INFO  epoch 66 training [time: 25.63s, train loss: -18.2745]
26 Oct 23:53    INFO  epoch 66 evaluating [time: 107.03s, valid_score: 0.108600]
26 Oct 23:53    INFO  valid result: 
recall@10 : 0.1319    recall@20 : 0.1913    recall@50 : 0.303    ndcg@10 : 0.0913    ndcg@20 : 0.1086    ndcg@50 : 0.1358    
26 Oct 23:53    INFO  epoch 67 training [time: 28.57s, train loss: -18.2742]
26 Oct 23:55    INFO  epoch 67 evaluating [time: 104.86s, valid_score: 0.108600]
26 Oct 23:55    INFO  valid result: 
recall@10 : 0.1316    recall@20 : 0.191    recall@50 : 0.3015    ndcg@10 : 0.0913    ndcg@20 : 0.1086    ndcg@50 : 0.1355    
26 Oct 23:55    INFO  epoch 68 training [time: 27.30s, train loss: -18.2745]
26 Oct 23:57    INFO  epoch 68 evaluating [time: 114.49s, valid_score: 0.109400]
26 Oct 23:57    INFO  valid result: 
recall@10 : 0.1315    recall@20 : 0.1922    recall@50 : 0.3028    ndcg@10 : 0.0918    ndcg@20 : 0.1094    ndcg@50 : 0.1364    
26 Oct 23:57    INFO  epoch 69 training [time: 19.56s, train loss: -18.2746]
26 Oct 23:59    INFO  epoch 69 evaluating [time: 118.27s, valid_score: 0.109600]
26 Oct 23:59    INFO  valid result: 
recall@10 : 0.131    recall@20 : 0.1927    recall@50 : 0.3038    ndcg@10 : 0.0916    ndcg@20 : 0.1096    ndcg@50 : 0.1367    
27 Oct 00:00    INFO  epoch 70 training [time: 16.35s, train loss: -18.2742]
27 Oct 00:02    INFO  epoch 70 evaluating [time: 118.43s, valid_score: 0.108900]
27 Oct 00:02    INFO  valid result: 
recall@10 : 0.1312    recall@20 : 0.1905    recall@50 : 0.3028    ndcg@10 : 0.0916    ndcg@20 : 0.1089    ndcg@50 : 0.1363    
27 Oct 00:02    INFO  epoch 71 training [time: 16.10s, train loss: -18.2739]
27 Oct 00:04    INFO  epoch 71 evaluating [time: 118.15s, valid_score: 0.109200]
27 Oct 00:04    INFO  valid result: 
recall@10 : 0.1309    recall@20 : 0.1916    recall@50 : 0.3034    ndcg@10 : 0.0915    ndcg@20 : 0.1092    ndcg@50 : 0.1365    
27 Oct 00:04    INFO  epoch 72 training [time: 16.45s, train loss: -18.2745]
27 Oct 00:06    INFO  epoch 72 evaluating [time: 118.23s, valid_score: 0.109500]
27 Oct 00:06    INFO  valid result: 
recall@10 : 0.131    recall@20 : 0.1922    recall@50 : 0.3013    ndcg@10 : 0.0917    ndcg@20 : 0.1095    ndcg@50 : 0.1363    
27 Oct 00:06    INFO  epoch 73 training [time: 16.43s, train loss: -18.2745]
27 Oct 00:08    INFO  epoch 73 evaluating [time: 118.41s, valid_score: 0.108700]
27 Oct 00:08    INFO  valid result: 
recall@10 : 0.1311    recall@20 : 0.1913    recall@50 : 0.3021    ndcg@10 : 0.0912    ndcg@20 : 0.1087    ndcg@50 : 0.1358    
27 Oct 00:08    INFO  Finished training, best eval result in epoch 62
27 Oct 00:08    INFO  Loading model structure and parameters from saved/DirectAU-Oct-26-2023_21-21-56.pth
27 Oct 00:10    INFO  best valid : {'recall@10': 0.1313, 'recall@20': 0.1914, 'recall@50': 0.3023, 'ndcg@10': 0.0922, 'ndcg@20': 0.1097, 'ndcg@50': 0.1367}
27 Oct 00:10    INFO  test result: {'recall@10': 0.1331, 'recall@20': 0.1918, 'recall@50': 0.3036, 'ndcg@10': 0.0956, 'ndcg@20': 0.1125, 'ndcg@50': 0.1398}
