command line args [--zc 0.5] will not be used in RecBole
26 Oct 21:13    INFO  
General Hyper Parameters:
gpu_id = 2
use_gpu = True
seed = 0
state = INFO
reproducibility = True
data_path = dataset/Beauty
show_progress = False

Training Hyper Parameters:
checkpoint_dir = saved
epochs = 500
train_batch_size = 512
learner = adam
learning_rate = 0.001
training_neg_sample_num = 0
training_neg_sample_distribution = uniform
eval_step = 1
stopping_step = 10
clip_grad_norm = None
weight_decay = 1e-06
draw_loss_pic = False
loss_decimal_place = 4

Evaluation Hyper Parameters:
eval_setting = RO_RS,full
group_by_user = True
split_ratio = [0.8, 0.1, 0.1]
leave_one_num = 2
real_time_process = False
metrics = ['Recall', 'NDCG']
topk = [10, 20, 50]
valid_metric = NDCG@20
eval_batch_size = 4096
metric_decimal_place = 4

Dataset Hyper Parameters:
field_separator = 	
seq_separator =  
USER_ID_FIELD = user_id
ITEM_ID_FIELD = item_id
RATING_FIELD = rating
TIME_FIELD = timestamp
seq_len = None
LABEL_FIELD = label
threshold = None
NEG_PREFIX = neg_
load_col = {'inter': ['user_id', 'item_id', 'timestamp']}
unload_col = None
unused_col = None
additional_feat_suffix = None
lowest_val = None
highest_val = None
equal_val = None
not_equal_val = None
max_user_inter_num = None
min_user_inter_num = 5
max_item_inter_num = None
min_item_inter_num = 5
fields_in_same_space = None
preload_weight = None
normalize_field = None
normalize_all = None
ITEM_LIST_LENGTH_FIELD = item_length
LIST_SUFFIX = _list
MAX_ITEM_LIST_LENGTH = 50
POSITION_FIELD = position_id
HEAD_ENTITY_ID_FIELD = head_id
TAIL_ENTITY_ID_FIELD = tail_id
RELATION_ID_FIELD = relation_id
ENTITY_ID_FIELD = entity_id

Other Hyper Parameters: 
valid_metric_bigger = True
BT = 0.1
bt = 0.001
embedding_size = 64
encoder = MF
gamma = 0.5
times = 1
witem = 0.1
wuser = 0.8
zc = 0.5
rm_dup_inter = None
filter_inter_by_user_or_item = True
SOURCE_ID_FIELD = source_id
TARGET_ID_FIELD = target_id
benchmark_filename = None
MODEL_TYPE = ModelType.GENERAL
MODEL_INPUT_TYPE = InputType.POINTWISE
eval_type = EvaluatorType.RANKING
device = cuda
train_neg_sample_args = {'strategy': 'none'}


26 Oct 21:13    INFO  Beauty
The number of users: 22364
Average actions of users: 8.876358270357287
The number of items: 12102
Average actions of items: 16.403768283612923
The number of inters: 198502
The sparsity of the dataset: 99.92665707018277%
Remain Fields: ['user_id', 'item_id', 'timestamp']
26 Oct 21:13    INFO  Build [GeneralDataLoader] for [train] with format [InputType.POINTWISE]
26 Oct 21:13    INFO  [train] No Negative Sampling
26 Oct 21:13    INFO  [train] batch_size = [512], shuffle = [True]

26 Oct 21:13    INFO  Build [GeneralFullDataLoader] for [evaluation] with format [InputType.POINTWISE]
26 Oct 21:13    INFO  Evaluation Setting:
	Group by user_id
	Ordering: {'strategy': 'shuffle'}
	Splitting: {'strategy': 'by_ratio', 'ratios': [0.8, 0.1, 0.1]}
	Negative Sampling: {'strategy': 'full', 'distribution': 'uniform'}
26 Oct 21:13    INFO  [evaluation] batch_size = [4096], shuffle = [False]

26 Oct 21:13    WARNING  Batch size is changed to 12102.
26 Oct 21:13    WARNING  Batch size is changed to 12102.
{'BT': 0.1, 'bt': 0.001, 'embedding_size': 64, 'encoder': 'MF', 'gamma': None, 'times': 1, 'training_neg_sample_num': 0, 'witem': 0.1, 'wuser': 0.8, 'zc': 0.5}
this is encoder MF...
这是directau 的 WUBT 版本...0.5
26 Oct 21:13    INFO  DirectAU(
  (encoder): MFEncoder(
    (user_embedding): Embedding(22364, 64)
    (item_embedding): Embedding(12102, 64)
  )
  (bn): BatchNorm1d(64, eps=1e-05, momentum=0.1, affine=False, track_running_stats=True)
  (projector): Sequential(
    (0): Linear(in_features=64, out_features=64, bias=False)
    (1): BatchNorm1d(64, eps=1e-05, momentum=0.1, affine=True, track_running_stats=True)
    (2): ReLU(inplace=True)
    (3): Linear(in_features=64, out_features=64, bias=False)
    (4): BatchNorm1d(64, eps=1e-05, momentum=0.1, affine=True, track_running_stats=True)
    (5): ReLU(inplace=True)
    (6): Linear(in_features=64, out_features=64, bias=False)
  )
)
Trainable parameters: 2218368
26 Oct 21:13    INFO  epoch 0 training [time: 1.86s, train loss: 0.0444]
26 Oct 21:13    INFO  epoch 0 evaluating [time: 10.47s, valid_score: 0.013600]
26 Oct 21:13    INFO  valid result: 
recall@10 : 0.0181    recall@20 : 0.0301    recall@50 : 0.0477    ndcg@10 : 0.0103    ndcg@20 : 0.0136    ndcg@50 : 0.0174    
26 Oct 21:13    INFO  Saving current best: saved/DirectAU-Oct-26-2023_21-13-32.pth
26 Oct 21:13    INFO  epoch 1 training [time: 4.58s, train loss: -0.5328]
26 Oct 21:14    INFO  epoch 1 evaluating [time: 40.71s, valid_score: 0.021900]
26 Oct 21:14    INFO  valid result: 
recall@10 : 0.0296    recall@20 : 0.0481    recall@50 : 0.0777    ndcg@10 : 0.0169    ndcg@20 : 0.0219    ndcg@50 : 0.0281    
26 Oct 21:14    INFO  Saving current best: saved/DirectAU-Oct-26-2023_21-13-32.pth
26 Oct 21:14    INFO  epoch 2 training [time: 2.29s, train loss: -0.7025]
26 Oct 21:15    INFO  epoch 2 evaluating [time: 58.34s, valid_score: 0.027300]
26 Oct 21:15    INFO  valid result: 
recall@10 : 0.0385    recall@20 : 0.0596    recall@50 : 0.0951    ndcg@10 : 0.0216    ndcg@20 : 0.0273    ndcg@50 : 0.0347    
26 Oct 21:15    INFO  Saving current best: saved/DirectAU-Oct-26-2023_21-13-32.pth
26 Oct 21:15    INFO  epoch 3 training [time: 4.61s, train loss: -0.7825]
26 Oct 21:16    INFO  epoch 3 evaluating [time: 55.98s, valid_score: 0.031700]
26 Oct 21:16    INFO  valid result: 
recall@10 : 0.0456    recall@20 : 0.0695    recall@50 : 0.1096    ndcg@10 : 0.0253    ndcg@20 : 0.0317    ndcg@50 : 0.04    
26 Oct 21:16    INFO  Saving current best: saved/DirectAU-Oct-26-2023_21-13-32.pth
26 Oct 21:16    INFO  epoch 4 training [time: 4.78s, train loss: -0.8332]
26 Oct 21:17    INFO  epoch 4 evaluating [time: 55.74s, valid_score: 0.033700]
26 Oct 21:17    INFO  valid result: 
recall@10 : 0.0498    recall@20 : 0.0734    recall@50 : 0.1169    ndcg@10 : 0.0274    ndcg@20 : 0.0337    ndcg@50 : 0.0427    
26 Oct 21:17    INFO  Saving current best: saved/DirectAU-Oct-26-2023_21-13-32.pth
26 Oct 21:17    INFO  epoch 5 training [time: 4.65s, train loss: -0.8678]
26 Oct 21:18    INFO  epoch 5 evaluating [time: 57.06s, valid_score: 0.036600]
26 Oct 21:18    INFO  valid result: 
recall@10 : 0.0523    recall@20 : 0.0787    recall@50 : 0.1228    ndcg@10 : 0.0296    ndcg@20 : 0.0366    ndcg@50 : 0.0458    
26 Oct 21:18    INFO  Saving current best: saved/DirectAU-Oct-26-2023_21-13-32.pth
26 Oct 21:18    INFO  epoch 6 training [time: 3.62s, train loss: -0.8942]
26 Oct 21:19    INFO  epoch 6 evaluating [time: 55.71s, valid_score: 0.038100]
26 Oct 21:19    INFO  valid result: 
recall@10 : 0.0543    recall@20 : 0.0816    recall@50 : 0.126    ndcg@10 : 0.0309    ndcg@20 : 0.0381    ndcg@50 : 0.0474    
26 Oct 21:19    INFO  Saving current best: saved/DirectAU-Oct-26-2023_21-13-32.pth
26 Oct 21:19    INFO  epoch 7 training [time: 4.50s, train loss: -0.9155]
26 Oct 21:20    INFO  epoch 7 evaluating [time: 55.72s, valid_score: 0.040200]
26 Oct 21:20    INFO  valid result: 
recall@10 : 0.0578    recall@20 : 0.0861    recall@50 : 0.1311    ndcg@10 : 0.0327    ndcg@20 : 0.0402    ndcg@50 : 0.0495    
26 Oct 21:20    INFO  Saving current best: saved/DirectAU-Oct-26-2023_21-13-32.pth
26 Oct 21:20    INFO  epoch 8 training [time: 4.66s, train loss: -0.9331]
26 Oct 21:21    INFO  epoch 8 evaluating [time: 55.81s, valid_score: 0.041200]
26 Oct 21:21    INFO  valid result: 
recall@10 : 0.0591    recall@20 : 0.088    recall@50 : 0.1351    ndcg@10 : 0.0336    ndcg@20 : 0.0412    ndcg@50 : 0.0509    
26 Oct 21:21    INFO  Saving current best: saved/DirectAU-Oct-26-2023_21-13-32.pth
26 Oct 21:21    INFO  epoch 9 training [time: 4.69s, train loss: -0.9478]
26 Oct 21:22    INFO  epoch 9 evaluating [time: 56.47s, valid_score: 0.042300]
26 Oct 21:22    INFO  valid result: 
recall@10 : 0.0606    recall@20 : 0.0903    recall@50 : 0.1385    ndcg@10 : 0.0345    ndcg@20 : 0.0423    ndcg@50 : 0.0523    
26 Oct 21:22    INFO  Saving current best: saved/DirectAU-Oct-26-2023_21-13-32.pth
26 Oct 21:22    INFO  epoch 10 training [time: 3.94s, train loss: -0.9601]
26 Oct 21:23    INFO  epoch 10 evaluating [time: 55.57s, valid_score: 0.043400]
26 Oct 21:23    INFO  valid result: 
recall@10 : 0.0634    recall@20 : 0.0926    recall@50 : 0.142    ndcg@10 : 0.0357    ndcg@20 : 0.0434    ndcg@50 : 0.0536    
26 Oct 21:23    INFO  Saving current best: saved/DirectAU-Oct-26-2023_21-13-32.pth
26 Oct 21:23    INFO  epoch 11 training [time: 4.58s, train loss: -0.9713]
26 Oct 21:24    INFO  epoch 11 evaluating [time: 55.52s, valid_score: 0.044700]
26 Oct 21:24    INFO  valid result: 
recall@10 : 0.0642    recall@20 : 0.0955    recall@50 : 0.1444    ndcg@10 : 0.0365    ndcg@20 : 0.0447    ndcg@50 : 0.0549    
26 Oct 21:24    INFO  Saving current best: saved/DirectAU-Oct-26-2023_21-13-32.pth
26 Oct 21:24    INFO  epoch 12 training [time: 4.92s, train loss: -0.9807]
26 Oct 21:25    INFO  epoch 12 evaluating [time: 54.87s, valid_score: 0.044900]
26 Oct 21:25    INFO  valid result: 
recall@10 : 0.0645    recall@20 : 0.0966    recall@50 : 0.1476    ndcg@10 : 0.0365    ndcg@20 : 0.0449    ndcg@50 : 0.0554    
26 Oct 21:25    INFO  Saving current best: saved/DirectAU-Oct-26-2023_21-13-32.pth
26 Oct 21:25    INFO  epoch 13 training [time: 4.60s, train loss: -0.9899]
26 Oct 21:26    INFO  epoch 13 evaluating [time: 55.91s, valid_score: 0.045800]
26 Oct 21:26    INFO  valid result: 
recall@10 : 0.066    recall@20 : 0.0983    recall@50 : 0.1491    ndcg@10 : 0.0374    ndcg@20 : 0.0458    ndcg@50 : 0.0563    
26 Oct 21:26    INFO  Saving current best: saved/DirectAU-Oct-26-2023_21-13-32.pth
26 Oct 21:26    INFO  epoch 14 training [time: 5.08s, train loss: -0.9974]
26 Oct 21:27    INFO  epoch 14 evaluating [time: 55.36s, valid_score: 0.046800]
26 Oct 21:27    INFO  valid result: 
recall@10 : 0.0673    recall@20 : 0.1003    recall@50 : 0.1514    ndcg@10 : 0.0381    ndcg@20 : 0.0468    ndcg@50 : 0.0573    
26 Oct 21:27    INFO  Saving current best: saved/DirectAU-Oct-26-2023_21-13-32.pth
26 Oct 21:27    INFO  epoch 15 training [time: 4.49s, train loss: -1.0049]
26 Oct 21:28    INFO  epoch 15 evaluating [time: 56.04s, valid_score: 0.046800]
26 Oct 21:28    INFO  valid result: 
recall@10 : 0.0686    recall@20 : 0.1009    recall@50 : 0.1545    ndcg@10 : 0.0383    ndcg@20 : 0.0468    ndcg@50 : 0.0579    
26 Oct 21:28    INFO  epoch 16 training [time: 4.69s, train loss: -1.0114]
26 Oct 21:29    INFO  epoch 16 evaluating [time: 55.66s, valid_score: 0.048100]
26 Oct 21:29    INFO  valid result: 
recall@10 : 0.0692    recall@20 : 0.1024    recall@50 : 0.1553    ndcg@10 : 0.0394    ndcg@20 : 0.0481    ndcg@50 : 0.059    
26 Oct 21:29    INFO  Saving current best: saved/DirectAU-Oct-26-2023_21-13-32.pth
26 Oct 21:29    INFO  epoch 17 training [time: 4.56s, train loss: -1.0178]
26 Oct 21:30    INFO  epoch 17 evaluating [time: 55.93s, valid_score: 0.048700]
26 Oct 21:30    INFO  valid result: 
recall@10 : 0.0709    recall@20 : 0.1045    recall@50 : 0.1575    ndcg@10 : 0.0399    ndcg@20 : 0.0487    ndcg@50 : 0.0597    
26 Oct 21:30    INFO  Saving current best: saved/DirectAU-Oct-26-2023_21-13-32.pth
26 Oct 21:30    INFO  epoch 18 training [time: 4.46s, train loss: -1.0236]
26 Oct 21:31    INFO  epoch 18 evaluating [time: 55.64s, valid_score: 0.049400]
26 Oct 21:31    INFO  valid result: 
recall@10 : 0.0705    recall@20 : 0.1057    recall@50 : 0.1568    ndcg@10 : 0.0402    ndcg@20 : 0.0494    ndcg@50 : 0.0599    
26 Oct 21:31    INFO  Saving current best: saved/DirectAU-Oct-26-2023_21-13-32.pth
26 Oct 21:31    INFO  epoch 19 training [time: 4.74s, train loss: -1.0291]
26 Oct 21:32    INFO  epoch 19 evaluating [time: 55.81s, valid_score: 0.049700]
26 Oct 21:32    INFO  valid result: 
recall@10 : 0.0715    recall@20 : 0.1065    recall@50 : 0.1608    ndcg@10 : 0.0405    ndcg@20 : 0.0497    ndcg@50 : 0.0609    
26 Oct 21:32    INFO  Saving current best: saved/DirectAU-Oct-26-2023_21-13-32.pth
26 Oct 21:32    INFO  epoch 20 training [time: 4.51s, train loss: -1.0344]
26 Oct 21:33    INFO  epoch 20 evaluating [time: 55.64s, valid_score: 0.049900]
26 Oct 21:33    INFO  valid result: 
recall@10 : 0.0721    recall@20 : 0.1064    recall@50 : 0.1617    ndcg@10 : 0.0409    ndcg@20 : 0.0499    ndcg@50 : 0.0612    
26 Oct 21:33    INFO  Saving current best: saved/DirectAU-Oct-26-2023_21-13-32.pth
26 Oct 21:33    INFO  epoch 21 training [time: 4.62s, train loss: -1.0390]
26 Oct 21:34    INFO  epoch 21 evaluating [time: 55.80s, valid_score: 0.050200]
26 Oct 21:34    INFO  valid result: 
recall@10 : 0.0729    recall@20 : 0.1073    recall@50 : 0.1628    ndcg@10 : 0.0412    ndcg@20 : 0.0502    ndcg@50 : 0.0615    
26 Oct 21:34    INFO  Saving current best: saved/DirectAU-Oct-26-2023_21-13-32.pth
26 Oct 21:34    INFO  epoch 22 training [time: 4.77s, train loss: -1.0438]
26 Oct 21:35    INFO  epoch 22 evaluating [time: 55.75s, valid_score: 0.050900]
26 Oct 21:35    INFO  valid result: 
recall@10 : 0.0746    recall@20 : 0.1086    recall@50 : 0.1631    ndcg@10 : 0.042    ndcg@20 : 0.0509    ndcg@50 : 0.0622    
26 Oct 21:35    INFO  Saving current best: saved/DirectAU-Oct-26-2023_21-13-32.pth
26 Oct 21:35    INFO  epoch 23 training [time: 4.60s, train loss: -1.0478]
26 Oct 21:36    INFO  epoch 23 evaluating [time: 55.62s, valid_score: 0.051100]
26 Oct 21:36    INFO  valid result: 
recall@10 : 0.0741    recall@20 : 0.11    recall@50 : 0.1635    ndcg@10 : 0.0417    ndcg@20 : 0.0511    ndcg@50 : 0.0621    
26 Oct 21:36    INFO  Saving current best: saved/DirectAU-Oct-26-2023_21-13-32.pth
26 Oct 21:36    INFO  epoch 24 training [time: 4.63s, train loss: -1.0521]
26 Oct 21:37    INFO  epoch 24 evaluating [time: 55.82s, valid_score: 0.051300]
26 Oct 21:37    INFO  valid result: 
recall@10 : 0.0749    recall@20 : 0.1097    recall@50 : 0.1647    ndcg@10 : 0.0422    ndcg@20 : 0.0513    ndcg@50 : 0.0626    
26 Oct 21:37    INFO  Saving current best: saved/DirectAU-Oct-26-2023_21-13-32.pth
26 Oct 21:37    INFO  epoch 25 training [time: 4.66s, train loss: -1.0565]
26 Oct 21:38    INFO  epoch 25 evaluating [time: 55.65s, valid_score: 0.051400]
26 Oct 21:38    INFO  valid result: 
recall@10 : 0.0742    recall@20 : 0.1109    recall@50 : 0.1662    ndcg@10 : 0.0418    ndcg@20 : 0.0514    ndcg@50 : 0.0628    
26 Oct 21:38    INFO  Saving current best: saved/DirectAU-Oct-26-2023_21-13-32.pth
26 Oct 21:38    INFO  epoch 26 training [time: 4.67s, train loss: -1.0602]
26 Oct 21:39    INFO  epoch 26 evaluating [time: 55.83s, valid_score: 0.052100]
26 Oct 21:39    INFO  valid result: 
recall@10 : 0.0753    recall@20 : 0.1119    recall@50 : 0.167    ndcg@10 : 0.0425    ndcg@20 : 0.0521    ndcg@50 : 0.0634    
26 Oct 21:39    INFO  Saving current best: saved/DirectAU-Oct-26-2023_21-13-32.pth
26 Oct 21:39    INFO  epoch 27 training [time: 4.64s, train loss: -1.0636]
26 Oct 21:40    INFO  epoch 27 evaluating [time: 55.70s, valid_score: 0.052400]
26 Oct 21:40    INFO  valid result: 
recall@10 : 0.076    recall@20 : 0.1122    recall@50 : 0.1674    ndcg@10 : 0.043    ndcg@20 : 0.0524    ndcg@50 : 0.0638    
26 Oct 21:40    INFO  Saving current best: saved/DirectAU-Oct-26-2023_21-13-32.pth
26 Oct 21:40    INFO  epoch 28 training [time: 4.68s, train loss: -1.0671]
26 Oct 21:41    INFO  epoch 28 evaluating [time: 56.10s, valid_score: 0.052600]
26 Oct 21:41    INFO  valid result: 
recall@10 : 0.0773    recall@20 : 0.1121    recall@50 : 0.168    ndcg@10 : 0.0435    ndcg@20 : 0.0526    ndcg@50 : 0.0641    
26 Oct 21:41    INFO  Saving current best: saved/DirectAU-Oct-26-2023_21-13-32.pth
26 Oct 21:41    INFO  epoch 29 training [time: 4.38s, train loss: -1.0704]
26 Oct 21:42    INFO  epoch 29 evaluating [time: 55.81s, valid_score: 0.053200]
26 Oct 21:42    INFO  valid result: 
recall@10 : 0.0767    recall@20 : 0.1132    recall@50 : 0.1688    ndcg@10 : 0.0437    ndcg@20 : 0.0532    ndcg@50 : 0.0647    
26 Oct 21:42    INFO  Saving current best: saved/DirectAU-Oct-26-2023_21-13-32.pth
26 Oct 21:42    INFO  epoch 30 training [time: 4.70s, train loss: -1.0733]
26 Oct 21:43    INFO  epoch 30 evaluating [time: 55.79s, valid_score: 0.053300]
26 Oct 21:43    INFO  valid result: 
recall@10 : 0.0777    recall@20 : 0.1129    recall@50 : 0.1702    ndcg@10 : 0.0441    ndcg@20 : 0.0533    ndcg@50 : 0.065    
26 Oct 21:43    INFO  Saving current best: saved/DirectAU-Oct-26-2023_21-13-32.pth
26 Oct 21:43    INFO  epoch 31 training [time: 4.58s, train loss: -1.0765]
26 Oct 21:44    INFO  epoch 31 evaluating [time: 55.71s, valid_score: 0.053200]
26 Oct 21:44    INFO  valid result: 
recall@10 : 0.0764    recall@20 : 0.1136    recall@50 : 0.1695    ndcg@10 : 0.0435    ndcg@20 : 0.0532    ndcg@50 : 0.0648    
26 Oct 21:44    INFO  epoch 32 training [time: 4.69s, train loss: -1.0798]
26 Oct 21:45    INFO  epoch 32 evaluating [time: 55.76s, valid_score: 0.053700]
26 Oct 21:45    INFO  valid result: 
recall@10 : 0.0784    recall@20 : 0.1145    recall@50 : 0.171    ndcg@10 : 0.0443    ndcg@20 : 0.0537    ndcg@50 : 0.0653    
26 Oct 21:45    INFO  Saving current best: saved/DirectAU-Oct-26-2023_21-13-32.pth
26 Oct 21:45    INFO  epoch 33 training [time: 4.59s, train loss: -1.0824]
26 Oct 21:46    INFO  epoch 33 evaluating [time: 55.62s, valid_score: 0.053800]
26 Oct 21:46    INFO  valid result: 
recall@10 : 0.0777    recall@20 : 0.115    recall@50 : 0.172    ndcg@10 : 0.0441    ndcg@20 : 0.0538    ndcg@50 : 0.0656    
26 Oct 21:46    INFO  Saving current best: saved/DirectAU-Oct-26-2023_21-13-32.pth
26 Oct 21:46    INFO  epoch 34 training [time: 4.62s, train loss: -1.0849]
26 Oct 21:47    INFO  epoch 34 evaluating [time: 55.94s, valid_score: 0.054000]
26 Oct 21:47    INFO  valid result: 
recall@10 : 0.0778    recall@20 : 0.1153    recall@50 : 0.1723    ndcg@10 : 0.0442    ndcg@20 : 0.054    ndcg@50 : 0.0658    
26 Oct 21:47    INFO  Saving current best: saved/DirectAU-Oct-26-2023_21-13-32.pth
26 Oct 21:47    INFO  epoch 35 training [time: 4.62s, train loss: -1.0874]
26 Oct 21:48    INFO  epoch 35 evaluating [time: 55.56s, valid_score: 0.054000]
26 Oct 21:48    INFO  valid result: 
recall@10 : 0.0787    recall@20 : 0.1153    recall@50 : 0.173    ndcg@10 : 0.0444    ndcg@20 : 0.054    ndcg@50 : 0.0658    
26 Oct 21:48    INFO  epoch 36 training [time: 4.62s, train loss: -1.0901]
26 Oct 21:49    INFO  epoch 36 evaluating [time: 55.91s, valid_score: 0.053800]
26 Oct 21:49    INFO  valid result: 
recall@10 : 0.0795    recall@20 : 0.1154    recall@50 : 0.1717    ndcg@10 : 0.0445    ndcg@20 : 0.0538    ndcg@50 : 0.0654    
26 Oct 21:49    INFO  epoch 37 training [time: 4.69s, train loss: -1.0923]
26 Oct 21:50    INFO  epoch 37 evaluating [time: 55.57s, valid_score: 0.054600]
26 Oct 21:50    INFO  valid result: 
recall@10 : 0.0798    recall@20 : 0.1164    recall@50 : 0.172    ndcg@10 : 0.0451    ndcg@20 : 0.0546    ndcg@50 : 0.0661    
26 Oct 21:50    INFO  Saving current best: saved/DirectAU-Oct-26-2023_21-13-32.pth
26 Oct 21:50    INFO  epoch 38 training [time: 4.61s, train loss: -1.0943]
26 Oct 21:51    INFO  epoch 38 evaluating [time: 55.91s, valid_score: 0.055000]
26 Oct 21:51    INFO  valid result: 
recall@10 : 0.0796    recall@20 : 0.1171    recall@50 : 0.1729    ndcg@10 : 0.0452    ndcg@20 : 0.055    ndcg@50 : 0.0664    
26 Oct 21:51    INFO  Saving current best: saved/DirectAU-Oct-26-2023_21-13-32.pth
26 Oct 21:51    INFO  epoch 39 training [time: 4.72s, train loss: -1.0970]
26 Oct 21:52    INFO  epoch 39 evaluating [time: 55.72s, valid_score: 0.054900]
26 Oct 21:52    INFO  valid result: 
recall@10 : 0.0802    recall@20 : 0.1172    recall@50 : 0.1736    ndcg@10 : 0.0452    ndcg@20 : 0.0549    ndcg@50 : 0.0665    
26 Oct 21:52    INFO  epoch 40 training [time: 4.67s, train loss: -1.0989]
26 Oct 21:53    INFO  epoch 40 evaluating [time: 55.75s, valid_score: 0.055400]
26 Oct 21:53    INFO  valid result: 
recall@10 : 0.0805    recall@20 : 0.1186    recall@50 : 0.175    ndcg@10 : 0.0454    ndcg@20 : 0.0554    ndcg@50 : 0.067    
26 Oct 21:53    INFO  Saving current best: saved/DirectAU-Oct-26-2023_21-13-32.pth
26 Oct 21:53    INFO  epoch 41 training [time: 4.67s, train loss: -1.1011]
26 Oct 21:54    INFO  epoch 41 evaluating [time: 55.88s, valid_score: 0.055400]
26 Oct 21:54    INFO  valid result: 
recall@10 : 0.0816    recall@20 : 0.1185    recall@50 : 0.175    ndcg@10 : 0.0458    ndcg@20 : 0.0554    ndcg@50 : 0.067    
26 Oct 21:54    INFO  epoch 42 training [time: 4.62s, train loss: -1.1030]
26 Oct 21:55    INFO  epoch 42 evaluating [time: 55.57s, valid_score: 0.056000]
26 Oct 21:55    INFO  valid result: 
recall@10 : 0.0806    recall@20 : 0.119    recall@50 : 0.1755    ndcg@10 : 0.046    ndcg@20 : 0.056    ndcg@50 : 0.0676    
26 Oct 21:55    INFO  Saving current best: saved/DirectAU-Oct-26-2023_21-13-32.pth
26 Oct 21:55    INFO  epoch 43 training [time: 4.70s, train loss: -1.1050]
26 Oct 21:56    INFO  epoch 43 evaluating [time: 55.81s, valid_score: 0.056300]
26 Oct 21:56    INFO  valid result: 
recall@10 : 0.0817    recall@20 : 0.1194    recall@50 : 0.1764    ndcg@10 : 0.0464    ndcg@20 : 0.0563    ndcg@50 : 0.068    
26 Oct 21:56    INFO  Saving current best: saved/DirectAU-Oct-26-2023_21-13-32.pth
26 Oct 21:56    INFO  epoch 44 training [time: 4.63s, train loss: -1.1067]
26 Oct 21:57    INFO  epoch 44 evaluating [time: 55.61s, valid_score: 0.056400]
26 Oct 21:57    INFO  valid result: 
recall@10 : 0.0823    recall@20 : 0.1197    recall@50 : 0.1778    ndcg@10 : 0.0466    ndcg@20 : 0.0564    ndcg@50 : 0.0683    
26 Oct 21:57    INFO  Saving current best: saved/DirectAU-Oct-26-2023_21-13-32.pth
26 Oct 21:57    INFO  epoch 45 training [time: 4.50s, train loss: -1.1084]
26 Oct 21:58    INFO  epoch 45 evaluating [time: 56.04s, valid_score: 0.055900]
26 Oct 21:58    INFO  valid result: 
recall@10 : 0.0827    recall@20 : 0.119    recall@50 : 0.1771    ndcg@10 : 0.0464    ndcg@20 : 0.0559    ndcg@50 : 0.0679    
26 Oct 21:58    INFO  epoch 46 training [time: 4.68s, train loss: -1.1101]
26 Oct 21:59    INFO  epoch 46 evaluating [time: 55.62s, valid_score: 0.056200]
26 Oct 21:59    INFO  valid result: 
recall@10 : 0.0833    recall@20 : 0.1201    recall@50 : 0.1778    ndcg@10 : 0.0466    ndcg@20 : 0.0562    ndcg@50 : 0.068    
26 Oct 21:59    INFO  epoch 47 training [time: 4.18s, train loss: -1.1117]
26 Oct 22:00    INFO  epoch 47 evaluating [time: 56.43s, valid_score: 0.056300]
26 Oct 22:00    INFO  valid result: 
recall@10 : 0.0821    recall@20 : 0.1207    recall@50 : 0.1776    ndcg@10 : 0.0462    ndcg@20 : 0.0563    ndcg@50 : 0.068    
26 Oct 22:00    INFO  epoch 48 training [time: 4.76s, train loss: -1.1132]
26 Oct 22:01    INFO  epoch 48 evaluating [time: 55.65s, valid_score: 0.056400]
26 Oct 22:01    INFO  valid result: 
recall@10 : 0.0826    recall@20 : 0.12    recall@50 : 0.1791    ndcg@10 : 0.0466    ndcg@20 : 0.0564    ndcg@50 : 0.0685    
26 Oct 22:01    INFO  epoch 49 training [time: 4.74s, train loss: -1.1147]
26 Oct 22:02    INFO  epoch 49 evaluating [time: 55.83s, valid_score: 0.056600]
26 Oct 22:02    INFO  valid result: 
recall@10 : 0.0832    recall@20 : 0.1201    recall@50 : 0.1806    ndcg@10 : 0.0469    ndcg@20 : 0.0566    ndcg@50 : 0.069    
26 Oct 22:02    INFO  Saving current best: saved/DirectAU-Oct-26-2023_21-13-32.pth
26 Oct 22:02    INFO  epoch 50 training [time: 4.56s, train loss: -1.1162]
26 Oct 22:03    INFO  epoch 50 evaluating [time: 55.56s, valid_score: 0.056600]
26 Oct 22:03    INFO  valid result: 
recall@10 : 0.0825    recall@20 : 0.1197    recall@50 : 0.1797    ndcg@10 : 0.0469    ndcg@20 : 0.0566    ndcg@50 : 0.0689    
26 Oct 22:03    INFO  epoch 51 training [time: 4.62s, train loss: -1.1175]
26 Oct 22:04    INFO  epoch 51 evaluating [time: 55.90s, valid_score: 0.056800]
26 Oct 22:04    INFO  valid result: 
recall@10 : 0.0831    recall@20 : 0.1208    recall@50 : 0.1799    ndcg@10 : 0.0469    ndcg@20 : 0.0568    ndcg@50 : 0.0689    
26 Oct 22:04    INFO  Saving current best: saved/DirectAU-Oct-26-2023_21-13-32.pth
26 Oct 22:04    INFO  epoch 52 training [time: 4.61s, train loss: -1.1185]
26 Oct 22:05    INFO  epoch 52 evaluating [time: 55.57s, valid_score: 0.057300]
26 Oct 22:05    INFO  valid result: 
recall@10 : 0.0843    recall@20 : 0.1213    recall@50 : 0.1794    ndcg@10 : 0.0477    ndcg@20 : 0.0573    ndcg@50 : 0.0692    
26 Oct 22:05    INFO  Saving current best: saved/DirectAU-Oct-26-2023_21-13-32.pth
26 Oct 22:05    INFO  epoch 53 training [time: 4.65s, train loss: -1.1200]
26 Oct 22:06    INFO  epoch 53 evaluating [time: 55.86s, valid_score: 0.057300]
26 Oct 22:06    INFO  valid result: 
recall@10 : 0.0835    recall@20 : 0.121    recall@50 : 0.1804    ndcg@10 : 0.0475    ndcg@20 : 0.0573    ndcg@50 : 0.0695    
26 Oct 22:06    INFO  epoch 54 training [time: 4.66s, train loss: -1.1213]
26 Oct 22:07    INFO  epoch 54 evaluating [time: 55.56s, valid_score: 0.057200]
26 Oct 22:07    INFO  valid result: 
recall@10 : 0.0839    recall@20 : 0.1207    recall@50 : 0.1801    ndcg@10 : 0.0476    ndcg@20 : 0.0572    ndcg@50 : 0.0694    
26 Oct 22:07    INFO  epoch 55 training [time: 4.66s, train loss: -1.1225]
26 Oct 22:08    INFO  epoch 55 evaluating [time: 55.90s, valid_score: 0.057200]
26 Oct 22:08    INFO  valid result: 
recall@10 : 0.0839    recall@20 : 0.1208    recall@50 : 0.1799    ndcg@10 : 0.0476    ndcg@20 : 0.0572    ndcg@50 : 0.0694    
26 Oct 22:08    INFO  epoch 56 training [time: 4.66s, train loss: -1.1237]
26 Oct 22:09    INFO  epoch 56 evaluating [time: 55.82s, valid_score: 0.057300]
26 Oct 22:09    INFO  valid result: 
recall@10 : 0.0843    recall@20 : 0.122    recall@50 : 0.1809    ndcg@10 : 0.0474    ndcg@20 : 0.0573    ndcg@50 : 0.0693    
26 Oct 22:09    INFO  epoch 57 training [time: 4.52s, train loss: -1.1247]
26 Oct 22:10    INFO  epoch 57 evaluating [time: 55.64s, valid_score: 0.057300]
26 Oct 22:10    INFO  valid result: 
recall@10 : 0.0851    recall@20 : 0.1215    recall@50 : 0.1809    ndcg@10 : 0.0477    ndcg@20 : 0.0573    ndcg@50 : 0.0694    
26 Oct 22:10    INFO  epoch 58 training [time: 4.67s, train loss: -1.1258]
26 Oct 22:11    INFO  epoch 58 evaluating [time: 55.87s, valid_score: 0.057400]
26 Oct 22:11    INFO  valid result: 
recall@10 : 0.0847    recall@20 : 0.1214    recall@50 : 0.1815    ndcg@10 : 0.0478    ndcg@20 : 0.0574    ndcg@50 : 0.0697    
26 Oct 22:11    INFO  Saving current best: saved/DirectAU-Oct-26-2023_21-13-32.pth
26 Oct 22:11    INFO  epoch 59 training [time: 4.66s, train loss: -1.1267]
26 Oct 22:12    INFO  epoch 59 evaluating [time: 55.56s, valid_score: 0.057400]
26 Oct 22:12    INFO  valid result: 
recall@10 : 0.0848    recall@20 : 0.1222    recall@50 : 0.1815    ndcg@10 : 0.0477    ndcg@20 : 0.0574    ndcg@50 : 0.0696    
26 Oct 22:12    INFO  epoch 60 training [time: 4.59s, train loss: -1.1274]
26 Oct 22:13    INFO  epoch 60 evaluating [time: 56.06s, valid_score: 0.057700]
26 Oct 22:13    INFO  valid result: 
recall@10 : 0.0848    recall@20 : 0.1225    recall@50 : 0.1818    ndcg@10 : 0.0478    ndcg@20 : 0.0577    ndcg@50 : 0.0699    
26 Oct 22:13    INFO  Saving current best: saved/DirectAU-Oct-26-2023_21-13-32.pth
26 Oct 22:14    INFO  epoch 61 training [time: 4.56s, train loss: -1.1287]
26 Oct 22:14    INFO  epoch 61 evaluating [time: 54.82s, valid_score: 0.057800]
26 Oct 22:14    INFO  valid result: 
recall@10 : 0.0851    recall@20 : 0.1226    recall@50 : 0.1827    ndcg@10 : 0.048    ndcg@20 : 0.0578    ndcg@50 : 0.0702    
26 Oct 22:14    INFO  Saving current best: saved/DirectAU-Oct-26-2023_21-13-32.pth
26 Oct 22:15    INFO  epoch 62 training [time: 5.09s, train loss: -1.1294]
26 Oct 22:15    INFO  epoch 62 evaluating [time: 55.82s, valid_score: 0.058000]
26 Oct 22:15    INFO  valid result: 
recall@10 : 0.0858    recall@20 : 0.1232    recall@50 : 0.1838    ndcg@10 : 0.0483    ndcg@20 : 0.058    ndcg@50 : 0.0704    
26 Oct 22:15    INFO  Saving current best: saved/DirectAU-Oct-26-2023_21-13-32.pth
26 Oct 22:16    INFO  epoch 63 training [time: 4.25s, train loss: -1.1304]
26 Oct 22:16    INFO  epoch 63 evaluating [time: 55.58s, valid_score: 0.057800]
26 Oct 22:16    INFO  valid result: 
recall@10 : 0.0856    recall@20 : 0.1225    recall@50 : 0.1833    ndcg@10 : 0.0481    ndcg@20 : 0.0578    ndcg@50 : 0.0702    
26 Oct 22:17    INFO  epoch 64 training [time: 4.62s, train loss: -1.1312]
26 Oct 22:17    INFO  epoch 64 evaluating [time: 55.89s, valid_score: 0.058200]
26 Oct 22:17    INFO  valid result: 
recall@10 : 0.0858    recall@20 : 0.124    recall@50 : 0.1836    ndcg@10 : 0.0483    ndcg@20 : 0.0582    ndcg@50 : 0.0704    
26 Oct 22:17    INFO  Saving current best: saved/DirectAU-Oct-26-2023_21-13-32.pth
26 Oct 22:17    INFO  epoch 65 training [time: 2.18s, train loss: -1.1320]
26 Oct 22:18    INFO  epoch 65 evaluating [time: 55.33s, valid_score: 0.058400]
26 Oct 22:18    INFO  valid result: 
recall@10 : 0.0866    recall@20 : 0.1237    recall@50 : 0.1841    ndcg@10 : 0.0487    ndcg@20 : 0.0584    ndcg@50 : 0.0707    
26 Oct 22:18    INFO  Saving current best: saved/DirectAU-Oct-26-2023_21-13-32.pth
26 Oct 22:18    INFO  epoch 66 training [time: 2.07s, train loss: -1.1326]
26 Oct 22:19    INFO  epoch 66 evaluating [time: 37.32s, valid_score: 0.058400]
26 Oct 22:19    INFO  valid result: 
recall@10 : 0.0869    recall@20 : 0.1239    recall@50 : 0.1835    ndcg@10 : 0.0488    ndcg@20 : 0.0584    ndcg@50 : 0.0706    
26 Oct 22:19    INFO  epoch 67 training [time: 2.13s, train loss: -1.1334]
26 Oct 22:20    INFO  epoch 67 evaluating [time: 36.89s, valid_score: 0.058400]
26 Oct 22:20    INFO  valid result: 
recall@10 : 0.0873    recall@20 : 0.1236    recall@50 : 0.1828    ndcg@10 : 0.0489    ndcg@20 : 0.0584    ndcg@50 : 0.0705    
26 Oct 22:20    INFO  epoch 68 training [time: 2.10s, train loss: -1.1340]
26 Oct 22:20    INFO  epoch 68 evaluating [time: 36.70s, valid_score: 0.058500]
26 Oct 22:20    INFO  valid result: 
recall@10 : 0.0864    recall@20 : 0.1241    recall@50 : 0.1835    ndcg@10 : 0.0487    ndcg@20 : 0.0585    ndcg@50 : 0.0707    
26 Oct 22:20    INFO  Saving current best: saved/DirectAU-Oct-26-2023_21-13-32.pth
26 Oct 22:20    INFO  epoch 69 training [time: 2.04s, train loss: -1.1350]
26 Oct 22:21    INFO  epoch 69 evaluating [time: 36.22s, valid_score: 0.058600]
26 Oct 22:21    INFO  valid result: 
recall@10 : 0.0875    recall@20 : 0.1235    recall@50 : 0.1847    ndcg@10 : 0.0491    ndcg@20 : 0.0586    ndcg@50 : 0.0712    
26 Oct 22:21    INFO  Saving current best: saved/DirectAU-Oct-26-2023_21-13-32.pth
26 Oct 22:21    INFO  epoch 70 training [time: 2.07s, train loss: -1.1356]
26 Oct 22:22    INFO  epoch 70 evaluating [time: 36.89s, valid_score: 0.059100]
26 Oct 22:22    INFO  valid result: 
recall@10 : 0.0868    recall@20 : 0.1246    recall@50 : 0.1843    ndcg@10 : 0.0492    ndcg@20 : 0.0591    ndcg@50 : 0.0714    
26 Oct 22:22    INFO  Saving current best: saved/DirectAU-Oct-26-2023_21-13-32.pth
26 Oct 22:22    INFO  epoch 71 training [time: 2.12s, train loss: -1.1364]
26 Oct 22:22    INFO  epoch 71 evaluating [time: 36.41s, valid_score: 0.058900]
26 Oct 22:22    INFO  valid result: 
recall@10 : 0.0867    recall@20 : 0.1249    recall@50 : 0.1846    ndcg@10 : 0.0489    ndcg@20 : 0.0589    ndcg@50 : 0.0712    
26 Oct 22:22    INFO  epoch 72 training [time: 2.08s, train loss: -1.1369]
26 Oct 22:23    INFO  epoch 72 evaluating [time: 36.61s, valid_score: 0.058700]
26 Oct 22:23    INFO  valid result: 
recall@10 : 0.0872    recall@20 : 0.1243    recall@50 : 0.1849    ndcg@10 : 0.049    ndcg@20 : 0.0587    ndcg@50 : 0.0712    
26 Oct 22:23    INFO  epoch 73 training [time: 2.08s, train loss: -1.1371]
26 Oct 22:24    INFO  epoch 73 evaluating [time: 36.66s, valid_score: 0.059100]
26 Oct 22:24    INFO  valid result: 
recall@10 : 0.088    recall@20 : 0.1245    recall@50 : 0.1849    ndcg@10 : 0.0495    ndcg@20 : 0.0591    ndcg@50 : 0.0715    
26 Oct 22:24    INFO  epoch 74 training [time: 1.94s, train loss: -1.1378]
26 Oct 22:24    INFO  epoch 74 evaluating [time: 36.34s, valid_score: 0.059200]
26 Oct 22:24    INFO  valid result: 
recall@10 : 0.0881    recall@20 : 0.1251    recall@50 : 0.1854    ndcg@10 : 0.0496    ndcg@20 : 0.0592    ndcg@50 : 0.0716    
26 Oct 22:24    INFO  Saving current best: saved/DirectAU-Oct-26-2023_21-13-32.pth
26 Oct 22:24    INFO  epoch 75 training [time: 2.06s, train loss: -1.1386]
26 Oct 22:25    INFO  epoch 75 evaluating [time: 36.91s, valid_score: 0.059200]
26 Oct 22:25    INFO  valid result: 
recall@10 : 0.0877    recall@20 : 0.1255    recall@50 : 0.1854    ndcg@10 : 0.0493    ndcg@20 : 0.0592    ndcg@50 : 0.0715    
26 Oct 22:25    INFO  epoch 76 training [time: 2.10s, train loss: -1.1393]
26 Oct 22:26    INFO  epoch 76 evaluating [time: 36.37s, valid_score: 0.059600]
26 Oct 22:26    INFO  valid result: 
recall@10 : 0.0879    recall@20 : 0.1264    recall@50 : 0.1849    ndcg@10 : 0.0495    ndcg@20 : 0.0596    ndcg@50 : 0.0716    
26 Oct 22:26    INFO  Saving current best: saved/DirectAU-Oct-26-2023_21-13-32.pth
26 Oct 22:26    INFO  epoch 77 training [time: 2.03s, train loss: -1.1397]
26 Oct 22:26    INFO  epoch 77 evaluating [time: 36.82s, valid_score: 0.059300]
26 Oct 22:26    INFO  valid result: 
recall@10 : 0.088    recall@20 : 0.1251    recall@50 : 0.1855    ndcg@10 : 0.0496    ndcg@20 : 0.0593    ndcg@50 : 0.0717    
26 Oct 22:26    INFO  epoch 78 training [time: 2.06s, train loss: -1.1401]
26 Oct 22:27    INFO  epoch 78 evaluating [time: 36.28s, valid_score: 0.059400]
26 Oct 22:27    INFO  valid result: 
recall@10 : 0.0878    recall@20 : 0.1255    recall@50 : 0.1863    ndcg@10 : 0.0495    ndcg@20 : 0.0594    ndcg@50 : 0.0718    
26 Oct 22:27    INFO  epoch 79 training [time: 2.00s, train loss: -1.1404]
26 Oct 22:27    INFO  epoch 79 evaluating [time: 36.88s, valid_score: 0.059400]
26 Oct 22:27    INFO  valid result: 
recall@10 : 0.0889    recall@20 : 0.1255    recall@50 : 0.1858    ndcg@10 : 0.0499    ndcg@20 : 0.0594    ndcg@50 : 0.0718    
26 Oct 22:27    INFO  epoch 80 training [time: 1.95s, train loss: -1.1411]
26 Oct 22:28    INFO  epoch 80 evaluating [time: 36.52s, valid_score: 0.059600]
26 Oct 22:28    INFO  valid result: 
recall@10 : 0.0882    recall@20 : 0.1263    recall@50 : 0.1865    ndcg@10 : 0.0497    ndcg@20 : 0.0596    ndcg@50 : 0.072    
26 Oct 22:28    INFO  epoch 81 training [time: 2.10s, train loss: -1.1416]
26 Oct 22:29    INFO  epoch 81 evaluating [time: 36.99s, valid_score: 0.059600]
26 Oct 22:29    INFO  valid result: 
recall@10 : 0.0885    recall@20 : 0.1263    recall@50 : 0.1863    ndcg@10 : 0.0498    ndcg@20 : 0.0596    ndcg@50 : 0.072    
26 Oct 22:29    INFO  epoch 82 training [time: 2.06s, train loss: -1.1420]
26 Oct 22:29    INFO  epoch 82 evaluating [time: 36.65s, valid_score: 0.059900]
26 Oct 22:29    INFO  valid result: 
recall@10 : 0.0882    recall@20 : 0.1269    recall@50 : 0.1874    ndcg@10 : 0.0498    ndcg@20 : 0.0599    ndcg@50 : 0.0723    
26 Oct 22:29    INFO  Saving current best: saved/DirectAU-Oct-26-2023_21-13-32.pth
26 Oct 22:29    INFO  epoch 83 training [time: 2.08s, train loss: -1.1423]
26 Oct 22:30    INFO  epoch 83 evaluating [time: 36.49s, valid_score: 0.060000]
26 Oct 22:30    INFO  valid result: 
recall@10 : 0.0893    recall@20 : 0.1266    recall@50 : 0.1867    ndcg@10 : 0.0502    ndcg@20 : 0.06    ndcg@50 : 0.0724    
26 Oct 22:30    INFO  Saving current best: saved/DirectAU-Oct-26-2023_21-13-32.pth
26 Oct 22:30    INFO  epoch 84 training [time: 2.10s, train loss: -1.1425]
26 Oct 22:31    INFO  epoch 84 evaluating [time: 36.47s, valid_score: 0.060400]
26 Oct 22:31    INFO  valid result: 
recall@10 : 0.0883    recall@20 : 0.1271    recall@50 : 0.1868    ndcg@10 : 0.0503    ndcg@20 : 0.0604    ndcg@50 : 0.0727    
26 Oct 22:31    INFO  Saving current best: saved/DirectAU-Oct-26-2023_21-13-32.pth
26 Oct 22:31    INFO  epoch 85 training [time: 2.10s, train loss: -1.1430]
26 Oct 22:31    INFO  epoch 85 evaluating [time: 36.56s, valid_score: 0.060500]
26 Oct 22:31    INFO  valid result: 
recall@10 : 0.0886    recall@20 : 0.1278    recall@50 : 0.1883    ndcg@10 : 0.0503    ndcg@20 : 0.0605    ndcg@50 : 0.0729    
26 Oct 22:31    INFO  Saving current best: saved/DirectAU-Oct-26-2023_21-13-32.pth
26 Oct 22:31    INFO  epoch 86 training [time: 2.06s, train loss: -1.1437]
26 Oct 22:32    INFO  epoch 86 evaluating [time: 36.75s, valid_score: 0.060100]
26 Oct 22:32    INFO  valid result: 
recall@10 : 0.0886    recall@20 : 0.1273    recall@50 : 0.1879    ndcg@10 : 0.0499    ndcg@20 : 0.0601    ndcg@50 : 0.0725    
26 Oct 22:32    INFO  epoch 87 training [time: 2.09s, train loss: -1.1442]
26 Oct 22:33    INFO  epoch 87 evaluating [time: 36.49s, valid_score: 0.060200]
26 Oct 22:33    INFO  valid result: 
recall@10 : 0.0896    recall@20 : 0.1277    recall@50 : 0.1889    ndcg@10 : 0.0503    ndcg@20 : 0.0602    ndcg@50 : 0.0728    
26 Oct 22:33    INFO  epoch 88 training [time: 2.16s, train loss: -1.1443]
26 Oct 22:33    INFO  epoch 88 evaluating [time: 36.81s, valid_score: 0.060300]
26 Oct 22:33    INFO  valid result: 
recall@10 : 0.0891    recall@20 : 0.1273    recall@50 : 0.1884    ndcg@10 : 0.0502    ndcg@20 : 0.0603    ndcg@50 : 0.0728    
26 Oct 22:33    INFO  epoch 89 training [time: 1.96s, train loss: -1.1446]
26 Oct 22:34    INFO  epoch 89 evaluating [time: 36.35s, valid_score: 0.060500]
26 Oct 22:34    INFO  valid result: 
recall@10 : 0.0895    recall@20 : 0.1285    recall@50 : 0.1888    ndcg@10 : 0.0503    ndcg@20 : 0.0605    ndcg@50 : 0.0728    
26 Oct 22:34    INFO  epoch 90 training [time: 2.08s, train loss: -1.1451]
26 Oct 22:35    INFO  epoch 90 evaluating [time: 36.85s, valid_score: 0.060600]
26 Oct 22:35    INFO  valid result: 
recall@10 : 0.0895    recall@20 : 0.1283    recall@50 : 0.1879    ndcg@10 : 0.0505    ndcg@20 : 0.0606    ndcg@50 : 0.0729    
26 Oct 22:35    INFO  Saving current best: saved/DirectAU-Oct-26-2023_21-13-32.pth
26 Oct 22:35    INFO  epoch 91 training [time: 2.10s, train loss: -1.1450]
26 Oct 22:35    INFO  epoch 91 evaluating [time: 36.22s, valid_score: 0.060200]
26 Oct 22:35    INFO  valid result: 
recall@10 : 0.0901    recall@20 : 0.1276    recall@50 : 0.1885    ndcg@10 : 0.0504    ndcg@20 : 0.0602    ndcg@50 : 0.0728    
26 Oct 22:35    INFO  epoch 92 training [time: 2.04s, train loss: -1.1459]
26 Oct 22:36    INFO  epoch 92 evaluating [time: 36.92s, valid_score: 0.060500]
26 Oct 22:36    INFO  valid result: 
recall@10 : 0.0899    recall@20 : 0.1275    recall@50 : 0.1883    ndcg@10 : 0.0506    ndcg@20 : 0.0605    ndcg@50 : 0.073    
26 Oct 22:36    INFO  epoch 93 training [time: 2.06s, train loss: -1.1460]
26 Oct 22:36    INFO  epoch 93 evaluating [time: 36.25s, valid_score: 0.060700]
26 Oct 22:36    INFO  valid result: 
recall@10 : 0.0901    recall@20 : 0.1276    recall@50 : 0.1884    ndcg@10 : 0.0509    ndcg@20 : 0.0607    ndcg@50 : 0.0732    
26 Oct 22:36    INFO  Saving current best: saved/DirectAU-Oct-26-2023_21-13-32.pth
26 Oct 22:37    INFO  epoch 94 training [time: 2.49s, train loss: -1.1463]
26 Oct 22:37    INFO  epoch 94 evaluating [time: 36.23s, valid_score: 0.060700]
26 Oct 22:37    INFO  valid result: 
recall@10 : 0.0905    recall@20 : 0.1283    recall@50 : 0.1887    ndcg@10 : 0.0508    ndcg@20 : 0.0607    ndcg@50 : 0.0731    
26 Oct 22:37    INFO  epoch 95 training [time: 2.45s, train loss: -1.1466]
26 Oct 22:38    INFO  epoch 95 evaluating [time: 36.97s, valid_score: 0.060600]
26 Oct 22:38    INFO  valid result: 
recall@10 : 0.0901    recall@20 : 0.1283    recall@50 : 0.1886    ndcg@10 : 0.0506    ndcg@20 : 0.0606    ndcg@50 : 0.073    
26 Oct 22:38    INFO  epoch 96 training [time: 2.32s, train loss: -1.1469]
26 Oct 22:38    INFO  epoch 96 evaluating [time: 36.52s, valid_score: 0.061000]
26 Oct 22:38    INFO  valid result: 
recall@10 : 0.0907    recall@20 : 0.1289    recall@50 : 0.1886    ndcg@10 : 0.0511    ndcg@20 : 0.061    ndcg@50 : 0.0733    
26 Oct 22:38    INFO  Saving current best: saved/DirectAU-Oct-26-2023_21-13-32.pth
26 Oct 22:38    INFO  epoch 97 training [time: 2.11s, train loss: -1.1471]
26 Oct 22:39    INFO  epoch 97 evaluating [time: 36.65s, valid_score: 0.060700]
26 Oct 22:39    INFO  valid result: 
recall@10 : 0.0908    recall@20 : 0.1282    recall@50 : 0.189    ndcg@10 : 0.0509    ndcg@20 : 0.0607    ndcg@50 : 0.0732    
26 Oct 22:39    INFO  epoch 98 training [time: 2.10s, train loss: -1.1476]
26 Oct 22:40    INFO  epoch 98 evaluating [time: 36.22s, valid_score: 0.060700]
26 Oct 22:40    INFO  valid result: 
recall@10 : 0.0902    recall@20 : 0.1289    recall@50 : 0.1891    ndcg@10 : 0.0506    ndcg@20 : 0.0607    ndcg@50 : 0.0731    
26 Oct 22:40    INFO  epoch 99 training [time: 2.07s, train loss: -1.1476]
26 Oct 22:40    INFO  epoch 99 evaluating [time: 36.77s, valid_score: 0.060800]
26 Oct 22:40    INFO  valid result: 
recall@10 : 0.0904    recall@20 : 0.1287    recall@50 : 0.1882    ndcg@10 : 0.0508    ndcg@20 : 0.0608    ndcg@50 : 0.0731    
26 Oct 22:40    INFO  epoch 100 training [time: 2.03s, train loss: -1.1478]
26 Oct 22:41    INFO  epoch 100 evaluating [time: 37.31s, valid_score: 0.060900]
26 Oct 22:41    INFO  valid result: 
recall@10 : 0.0896    recall@20 : 0.1286    recall@50 : 0.1895    ndcg@10 : 0.0507    ndcg@20 : 0.0609    ndcg@50 : 0.0735    
26 Oct 22:41    INFO  epoch 101 training [time: 2.04s, train loss: -1.1482]
26 Oct 22:42    INFO  epoch 101 evaluating [time: 37.27s, valid_score: 0.060900]
26 Oct 22:42    INFO  valid result: 
recall@10 : 0.0914    recall@20 : 0.1278    recall@50 : 0.1898    ndcg@10 : 0.0514    ndcg@20 : 0.0609    ndcg@50 : 0.0736    
26 Oct 22:42    INFO  epoch 102 training [time: 2.04s, train loss: -1.1487]
26 Oct 22:42    INFO  epoch 102 evaluating [time: 37.04s, valid_score: 0.060700]
26 Oct 22:42    INFO  valid result: 
recall@10 : 0.0906    recall@20 : 0.1281    recall@50 : 0.1888    ndcg@10 : 0.0509    ndcg@20 : 0.0607    ndcg@50 : 0.0733    
26 Oct 22:42    INFO  epoch 103 training [time: 2.05s, train loss: -1.1489]
26 Oct 22:43    INFO  epoch 103 evaluating [time: 37.42s, valid_score: 0.060900]
26 Oct 22:43    INFO  valid result: 
recall@10 : 0.0909    recall@20 : 0.129    recall@50 : 0.1897    ndcg@10 : 0.051    ndcg@20 : 0.0609    ndcg@50 : 0.0734    
26 Oct 22:43    INFO  epoch 104 training [time: 2.04s, train loss: -1.1492]
26 Oct 22:44    INFO  epoch 104 evaluating [time: 37.15s, valid_score: 0.061100]
26 Oct 22:44    INFO  valid result: 
recall@10 : 0.0905    recall@20 : 0.1291    recall@50 : 0.1904    ndcg@10 : 0.051    ndcg@20 : 0.0611    ndcg@50 : 0.0737    
26 Oct 22:44    INFO  Saving current best: saved/DirectAU-Oct-26-2023_21-13-32.pth
26 Oct 22:44    INFO  epoch 105 training [time: 2.05s, train loss: -1.1493]
26 Oct 22:44    INFO  epoch 105 evaluating [time: 37.35s, valid_score: 0.061000]
26 Oct 22:44    INFO  valid result: 
recall@10 : 0.0906    recall@20 : 0.1297    recall@50 : 0.1898    ndcg@10 : 0.0508    ndcg@20 : 0.061    ndcg@50 : 0.0734    
26 Oct 22:44    INFO  epoch 106 training [time: 1.98s, train loss: -1.1498]
26 Oct 22:45    INFO  epoch 106 evaluating [time: 36.04s, valid_score: 0.061100]
26 Oct 22:45    INFO  valid result: 
recall@10 : 0.0909    recall@20 : 0.1295    recall@50 : 0.189    ndcg@10 : 0.051    ndcg@20 : 0.0611    ndcg@50 : 0.0733    
26 Oct 22:45    INFO  epoch 107 training [time: 2.08s, train loss: -1.1497]
26 Oct 22:46    INFO  epoch 107 evaluating [time: 37.35s, valid_score: 0.061500]
26 Oct 22:46    INFO  valid result: 
recall@10 : 0.0912    recall@20 : 0.1299    recall@50 : 0.1895    ndcg@10 : 0.0514    ndcg@20 : 0.0615    ndcg@50 : 0.0738    
26 Oct 22:46    INFO  Saving current best: saved/DirectAU-Oct-26-2023_21-13-32.pth
26 Oct 22:46    INFO  epoch 108 training [time: 1.95s, train loss: -1.1500]
26 Oct 22:46    INFO  epoch 108 evaluating [time: 36.64s, valid_score: 0.061400]
26 Oct 22:46    INFO  valid result: 
recall@10 : 0.0917    recall@20 : 0.1294    recall@50 : 0.1901    ndcg@10 : 0.0516    ndcg@20 : 0.0614    ndcg@50 : 0.0739    
26 Oct 22:46    INFO  epoch 109 training [time: 1.98s, train loss: -1.1500]
26 Oct 22:47    INFO  epoch 109 evaluating [time: 36.83s, valid_score: 0.061500]
26 Oct 22:47    INFO  valid result: 
recall@10 : 0.0917    recall@20 : 0.1289    recall@50 : 0.1912    ndcg@10 : 0.0517    ndcg@20 : 0.0615    ndcg@50 : 0.0743    
26 Oct 22:47    INFO  epoch 110 training [time: 2.06s, train loss: -1.1504]
26 Oct 22:48    INFO  epoch 110 evaluating [time: 36.78s, valid_score: 0.061700]
26 Oct 22:48    INFO  valid result: 
recall@10 : 0.0909    recall@20 : 0.1299    recall@50 : 0.1906    ndcg@10 : 0.0514    ndcg@20 : 0.0617    ndcg@50 : 0.0742    
26 Oct 22:48    INFO  Saving current best: saved/DirectAU-Oct-26-2023_21-13-32.pth
26 Oct 22:48    INFO  epoch 111 training [time: 2.04s, train loss: -1.1510]
26 Oct 22:48    INFO  epoch 111 evaluating [time: 36.36s, valid_score: 0.061700]
26 Oct 22:48    INFO  valid result: 
recall@10 : 0.0908    recall@20 : 0.1296    recall@50 : 0.1902    ndcg@10 : 0.0516    ndcg@20 : 0.0617    ndcg@50 : 0.0742    
26 Oct 22:48    INFO  epoch 112 training [time: 2.10s, train loss: -1.1507]
26 Oct 22:49    INFO  epoch 112 evaluating [time: 36.88s, valid_score: 0.061800]
26 Oct 22:49    INFO  valid result: 
recall@10 : 0.0922    recall@20 : 0.1296    recall@50 : 0.1907    ndcg@10 : 0.052    ndcg@20 : 0.0618    ndcg@50 : 0.0743    
26 Oct 22:49    INFO  Saving current best: saved/DirectAU-Oct-26-2023_21-13-32.pth
26 Oct 22:49    INFO  epoch 113 training [time: 2.10s, train loss: -1.1509]
26 Oct 22:49    INFO  epoch 113 evaluating [time: 36.46s, valid_score: 0.061600]
26 Oct 22:49    INFO  valid result: 
recall@10 : 0.0915    recall@20 : 0.1294    recall@50 : 0.1908    ndcg@10 : 0.0517    ndcg@20 : 0.0616    ndcg@50 : 0.0742    
26 Oct 22:49    INFO  epoch 114 training [time: 2.02s, train loss: -1.1512]
26 Oct 22:50    INFO  epoch 114 evaluating [time: 36.74s, valid_score: 0.061800]
26 Oct 22:50    INFO  valid result: 
recall@10 : 0.0912    recall@20 : 0.1303    recall@50 : 0.1908    ndcg@10 : 0.0515    ndcg@20 : 0.0618    ndcg@50 : 0.0742    
26 Oct 22:50    INFO  epoch 115 training [time: 2.03s, train loss: -1.1514]
26 Oct 22:51    INFO  epoch 115 evaluating [time: 36.89s, valid_score: 0.061600]
26 Oct 22:51    INFO  valid result: 
recall@10 : 0.0915    recall@20 : 0.1299    recall@50 : 0.1912    ndcg@10 : 0.0516    ndcg@20 : 0.0616    ndcg@50 : 0.0743    
26 Oct 22:51    INFO  epoch 116 training [time: 2.05s, train loss: -1.1517]
26 Oct 22:51    INFO  epoch 116 evaluating [time: 36.80s, valid_score: 0.061700]
26 Oct 22:51    INFO  valid result: 
recall@10 : 0.0918    recall@20 : 0.1296    recall@50 : 0.1918    ndcg@10 : 0.0518    ndcg@20 : 0.0617    ndcg@50 : 0.0745    
26 Oct 22:51    INFO  epoch 117 training [time: 1.95s, train loss: -1.1518]
26 Oct 22:52    INFO  epoch 117 evaluating [time: 36.87s, valid_score: 0.062300]
26 Oct 22:52    INFO  valid result: 
recall@10 : 0.0922    recall@20 : 0.131    recall@50 : 0.1915    ndcg@10 : 0.0522    ndcg@20 : 0.0623    ndcg@50 : 0.0748    
26 Oct 22:52    INFO  Saving current best: saved/DirectAU-Oct-26-2023_21-13-32.pth
26 Oct 22:52    INFO  epoch 118 training [time: 2.03s, train loss: -1.1518]
26 Oct 22:53    INFO  epoch 118 evaluating [time: 36.26s, valid_score: 0.061900]
26 Oct 22:53    INFO  valid result: 
recall@10 : 0.0919    recall@20 : 0.1301    recall@50 : 0.1915    ndcg@10 : 0.0519    ndcg@20 : 0.0619    ndcg@50 : 0.0746    
26 Oct 22:53    INFO  epoch 119 training [time: 2.08s, train loss: -1.1521]
26 Oct 22:53    INFO  epoch 119 evaluating [time: 36.72s, valid_score: 0.061900]
26 Oct 22:53    INFO  valid result: 
recall@10 : 0.0921    recall@20 : 0.1308    recall@50 : 0.1923    ndcg@10 : 0.0518    ndcg@20 : 0.0619    ndcg@50 : 0.0746    
26 Oct 22:53    INFO  epoch 120 training [time: 2.07s, train loss: -1.1522]
26 Oct 22:54    INFO  epoch 120 evaluating [time: 36.42s, valid_score: 0.062200]
26 Oct 22:54    INFO  valid result: 
recall@10 : 0.092    recall@20 : 0.1313    recall@50 : 0.1917    ndcg@10 : 0.0519    ndcg@20 : 0.0622    ndcg@50 : 0.0746    
26 Oct 22:54    INFO  epoch 121 training [time: 1.95s, train loss: -1.1526]
26 Oct 22:55    INFO  epoch 121 evaluating [time: 37.00s, valid_score: 0.061900]
26 Oct 22:55    INFO  valid result: 
recall@10 : 0.0919    recall@20 : 0.1307    recall@50 : 0.1919    ndcg@10 : 0.0517    ndcg@20 : 0.0619    ndcg@50 : 0.0745    
26 Oct 22:55    INFO  epoch 122 training [time: 2.09s, train loss: -1.1528]
26 Oct 22:55    INFO  epoch 122 evaluating [time: 36.29s, valid_score: 0.062300]
26 Oct 22:55    INFO  valid result: 
recall@10 : 0.0932    recall@20 : 0.1313    recall@50 : 0.1916    ndcg@10 : 0.0523    ndcg@20 : 0.0623    ndcg@50 : 0.0747    
26 Oct 22:55    INFO  epoch 123 training [time: 2.07s, train loss: -1.1528]
26 Oct 22:56    INFO  epoch 123 evaluating [time: 36.83s, valid_score: 0.062400]
26 Oct 22:56    INFO  valid result: 
recall@10 : 0.0928    recall@20 : 0.1309    recall@50 : 0.1924    ndcg@10 : 0.0524    ndcg@20 : 0.0624    ndcg@50 : 0.075    
26 Oct 22:56    INFO  Saving current best: saved/DirectAU-Oct-26-2023_21-13-32.pth
26 Oct 22:56    INFO  epoch 124 training [time: 2.07s, train loss: -1.1528]
26 Oct 22:57    INFO  epoch 124 evaluating [time: 36.44s, valid_score: 0.062600]
26 Oct 22:57    INFO  valid result: 
recall@10 : 0.0924    recall@20 : 0.1319    recall@50 : 0.1918    ndcg@10 : 0.0522    ndcg@20 : 0.0626    ndcg@50 : 0.0749    
26 Oct 22:57    INFO  Saving current best: saved/DirectAU-Oct-26-2023_21-13-32.pth
26 Oct 22:57    INFO  epoch 125 training [time: 1.94s, train loss: -1.1532]
26 Oct 22:57    INFO  epoch 125 evaluating [time: 36.88s, valid_score: 0.062600]
26 Oct 22:57    INFO  valid result: 
recall@10 : 0.0924    recall@20 : 0.1313    recall@50 : 0.192    ndcg@10 : 0.0524    ndcg@20 : 0.0626    ndcg@50 : 0.0751    
26 Oct 22:57    INFO  epoch 126 training [time: 1.95s, train loss: -1.1531]
26 Oct 22:58    INFO  epoch 126 evaluating [time: 36.49s, valid_score: 0.062100]
26 Oct 22:58    INFO  valid result: 
recall@10 : 0.0934    recall@20 : 0.1313    recall@50 : 0.1925    ndcg@10 : 0.0522    ndcg@20 : 0.0621    ndcg@50 : 0.0747    
26 Oct 22:58    INFO  epoch 127 training [time: 2.00s, train loss: -1.1534]
26 Oct 22:58    INFO  epoch 127 evaluating [time: 36.77s, valid_score: 0.062200]
26 Oct 22:58    INFO  valid result: 
recall@10 : 0.0932    recall@20 : 0.1312    recall@50 : 0.1921    ndcg@10 : 0.0523    ndcg@20 : 0.0622    ndcg@50 : 0.0748    
26 Oct 22:59    INFO  epoch 128 training [time: 2.07s, train loss: -1.1534]
26 Oct 22:59    INFO  epoch 128 evaluating [time: 36.46s, valid_score: 0.062600]
26 Oct 22:59    INFO  valid result: 
recall@10 : 0.0928    recall@20 : 0.132    recall@50 : 0.1926    ndcg@10 : 0.0524    ndcg@20 : 0.0626    ndcg@50 : 0.0751    
26 Oct 22:59    INFO  epoch 129 training [time: 2.30s, train loss: -1.1536]
26 Oct 23:00    INFO  epoch 129 evaluating [time: 36.21s, valid_score: 0.062500]
26 Oct 23:00    INFO  valid result: 
recall@10 : 0.0933    recall@20 : 0.1317    recall@50 : 0.1922    ndcg@10 : 0.0525    ndcg@20 : 0.0625    ndcg@50 : 0.075    
26 Oct 23:00    INFO  epoch 130 training [time: 2.45s, train loss: -1.1538]
26 Oct 23:00    INFO  epoch 130 evaluating [time: 36.80s, valid_score: 0.062600]
26 Oct 23:00    INFO  valid result: 
recall@10 : 0.0932    recall@20 : 0.1315    recall@50 : 0.1924    ndcg@10 : 0.0525    ndcg@20 : 0.0626    ndcg@50 : 0.0751    
26 Oct 23:00    INFO  epoch 131 training [time: 2.42s, train loss: -1.1539]
26 Oct 23:01    INFO  epoch 131 evaluating [time: 36.48s, valid_score: 0.063000]
26 Oct 23:01    INFO  valid result: 
recall@10 : 0.0924    recall@20 : 0.1324    recall@50 : 0.1925    ndcg@10 : 0.0526    ndcg@20 : 0.063    ndcg@50 : 0.0754    
26 Oct 23:01    INFO  Saving current best: saved/DirectAU-Oct-26-2023_21-13-32.pth
26 Oct 23:01    INFO  epoch 132 training [time: 1.97s, train loss: -1.1541]
26 Oct 23:02    INFO  epoch 132 evaluating [time: 37.56s, valid_score: 0.062600]
26 Oct 23:02    INFO  valid result: 
recall@10 : 0.0933    recall@20 : 0.1317    recall@50 : 0.1926    ndcg@10 : 0.0526    ndcg@20 : 0.0626    ndcg@50 : 0.0752    
26 Oct 23:02    INFO  epoch 133 training [time: 2.12s, train loss: -1.1540]
26 Oct 23:02    INFO  epoch 133 evaluating [time: 36.86s, valid_score: 0.062900]
26 Oct 23:02    INFO  valid result: 
recall@10 : 0.0934    recall@20 : 0.1319    recall@50 : 0.1938    ndcg@10 : 0.0528    ndcg@20 : 0.0629    ndcg@50 : 0.0756    
26 Oct 23:02    INFO  epoch 134 training [time: 2.08s, train loss: -1.1543]
26 Oct 23:03    INFO  epoch 134 evaluating [time: 37.07s, valid_score: 0.063200]
26 Oct 23:03    INFO  valid result: 
recall@10 : 0.0935    recall@20 : 0.1322    recall@50 : 0.193    ndcg@10 : 0.0531    ndcg@20 : 0.0632    ndcg@50 : 0.0757    
26 Oct 23:03    INFO  Saving current best: saved/DirectAU-Oct-26-2023_21-13-32.pth
26 Oct 23:03    INFO  epoch 135 training [time: 2.08s, train loss: -1.1543]
26 Oct 23:04    INFO  epoch 135 evaluating [time: 36.49s, valid_score: 0.062900]
26 Oct 23:04    INFO  valid result: 
recall@10 : 0.094    recall@20 : 0.1315    recall@50 : 0.1934    ndcg@10 : 0.0531    ndcg@20 : 0.0629    ndcg@50 : 0.0756    
26 Oct 23:04    INFO  epoch 136 training [time: 2.09s, train loss: -1.1545]
26 Oct 23:04    INFO  epoch 136 evaluating [time: 36.95s, valid_score: 0.062700]
26 Oct 23:04    INFO  valid result: 
recall@10 : 0.0937    recall@20 : 0.1309    recall@50 : 0.193    ndcg@10 : 0.0529    ndcg@20 : 0.0627    ndcg@50 : 0.0755    
26 Oct 23:04    INFO  epoch 137 training [time: 2.08s, train loss: -1.1545]
26 Oct 23:05    INFO  epoch 137 evaluating [time: 36.39s, valid_score: 0.062900]
26 Oct 23:05    INFO  valid result: 
recall@10 : 0.0937    recall@20 : 0.1319    recall@50 : 0.1936    ndcg@10 : 0.0529    ndcg@20 : 0.0629    ndcg@50 : 0.0756    
26 Oct 23:05    INFO  epoch 138 training [time: 2.03s, train loss: -1.1546]
26 Oct 23:06    INFO  epoch 138 evaluating [time: 36.91s, valid_score: 0.063100]
26 Oct 23:06    INFO  valid result: 
recall@10 : 0.0939    recall@20 : 0.1326    recall@50 : 0.194    ndcg@10 : 0.053    ndcg@20 : 0.0631    ndcg@50 : 0.0757    
26 Oct 23:06    INFO  epoch 139 training [time: 2.09s, train loss: -1.1548]
26 Oct 23:06    INFO  epoch 139 evaluating [time: 36.39s, valid_score: 0.063200]
26 Oct 23:06    INFO  valid result: 
recall@10 : 0.094    recall@20 : 0.1326    recall@50 : 0.1939    ndcg@10 : 0.0531    ndcg@20 : 0.0632    ndcg@50 : 0.0758    
26 Oct 23:06    INFO  epoch 140 training [time: 1.94s, train loss: -1.1547]
26 Oct 23:07    INFO  epoch 140 evaluating [time: 36.87s, valid_score: 0.063300]
26 Oct 23:07    INFO  valid result: 
recall@10 : 0.094    recall@20 : 0.1325    recall@50 : 0.1935    ndcg@10 : 0.0533    ndcg@20 : 0.0633    ndcg@50 : 0.0759    
26 Oct 23:07    INFO  Saving current best: saved/DirectAU-Oct-26-2023_21-13-32.pth
26 Oct 23:07    INFO  epoch 141 training [time: 1.95s, train loss: -1.1552]
26 Oct 23:08    INFO  epoch 141 evaluating [time: 36.68s, valid_score: 0.063400]
26 Oct 23:08    INFO  valid result: 
recall@10 : 0.0945    recall@20 : 0.1329    recall@50 : 0.1941    ndcg@10 : 0.0534    ndcg@20 : 0.0634    ndcg@50 : 0.076    
26 Oct 23:08    INFO  Saving current best: saved/DirectAU-Oct-26-2023_21-13-32.pth
26 Oct 23:08    INFO  epoch 142 training [time: 2.05s, train loss: -1.1552]
26 Oct 23:08    INFO  epoch 142 evaluating [time: 36.78s, valid_score: 0.063500]
26 Oct 23:08    INFO  valid result: 
recall@10 : 0.0934    recall@20 : 0.1334    recall@50 : 0.194    ndcg@10 : 0.053    ndcg@20 : 0.0635    ndcg@50 : 0.0759    
26 Oct 23:08    INFO  Saving current best: saved/DirectAU-Oct-26-2023_21-13-32.pth
26 Oct 23:08    INFO  epoch 143 training [time: 2.04s, train loss: -1.1551]
26 Oct 23:09    INFO  epoch 143 evaluating [time: 36.94s, valid_score: 0.063400]
26 Oct 23:09    INFO  valid result: 
recall@10 : 0.0935    recall@20 : 0.1328    recall@50 : 0.194    ndcg@10 : 0.053    ndcg@20 : 0.0634    ndcg@50 : 0.0759    
26 Oct 23:09    INFO  epoch 144 training [time: 2.06s, train loss: -1.1556]
26 Oct 23:09    INFO  epoch 144 evaluating [time: 37.00s, valid_score: 0.063600]
26 Oct 23:09    INFO  valid result: 
recall@10 : 0.0945    recall@20 : 0.1334    recall@50 : 0.1937    ndcg@10 : 0.0535    ndcg@20 : 0.0636    ndcg@50 : 0.0761    
26 Oct 23:09    INFO  Saving current best: saved/DirectAU-Oct-26-2023_21-13-32.pth
26 Oct 23:10    INFO  epoch 145 training [time: 2.09s, train loss: -1.1554]
26 Oct 23:10    INFO  epoch 145 evaluating [time: 36.95s, valid_score: 0.063800]
26 Oct 23:10    INFO  valid result: 
recall@10 : 0.0936    recall@20 : 0.1337    recall@50 : 0.1947    ndcg@10 : 0.0533    ndcg@20 : 0.0638    ndcg@50 : 0.0764    
26 Oct 23:10    INFO  Saving current best: saved/DirectAU-Oct-26-2023_21-13-32.pth
26 Oct 23:10    INFO  epoch 146 training [time: 2.07s, train loss: -1.1559]
26 Oct 23:11    INFO  epoch 146 evaluating [time: 36.42s, valid_score: 0.063600]
26 Oct 23:11    INFO  valid result: 
recall@10 : 0.094    recall@20 : 0.1332    recall@50 : 0.1945    ndcg@10 : 0.0533    ndcg@20 : 0.0636    ndcg@50 : 0.0762    
26 Oct 23:11    INFO  epoch 147 training [time: 2.03s, train loss: -1.1556]
26 Oct 23:11    INFO  epoch 147 evaluating [time: 36.70s, valid_score: 0.063800]
26 Oct 23:11    INFO  valid result: 
recall@10 : 0.0942    recall@20 : 0.1335    recall@50 : 0.1945    ndcg@10 : 0.0535    ndcg@20 : 0.0638    ndcg@50 : 0.0763    
26 Oct 23:11    INFO  epoch 148 training [time: 2.13s, train loss: -1.1557]
26 Oct 23:12    INFO  epoch 148 evaluating [time: 36.55s, valid_score: 0.063600]
26 Oct 23:12    INFO  valid result: 
recall@10 : 0.0955    recall@20 : 0.1327    recall@50 : 0.1942    ndcg@10 : 0.0539    ndcg@20 : 0.0636    ndcg@50 : 0.0763    
26 Oct 23:12    INFO  epoch 149 training [time: 2.04s, train loss: -1.1557]
26 Oct 23:13    INFO  epoch 149 evaluating [time: 36.93s, valid_score: 0.063400]
26 Oct 23:13    INFO  valid result: 
recall@10 : 0.0943    recall@20 : 0.1334    recall@50 : 0.1951    ndcg@10 : 0.0532    ndcg@20 : 0.0634    ndcg@50 : 0.0761    
26 Oct 23:13    INFO  epoch 150 training [time: 2.03s, train loss: -1.1561]
26 Oct 23:13    INFO  epoch 150 evaluating [time: 36.29s, valid_score: 0.063600]
26 Oct 23:13    INFO  valid result: 
recall@10 : 0.0943    recall@20 : 0.1334    recall@50 : 0.1953    ndcg@10 : 0.0534    ndcg@20 : 0.0636    ndcg@50 : 0.0763    
26 Oct 23:13    INFO  epoch 151 training [time: 2.06s, train loss: -1.1559]
26 Oct 23:14    INFO  epoch 151 evaluating [time: 36.70s, valid_score: 0.063600]
26 Oct 23:14    INFO  valid result: 
recall@10 : 0.0947    recall@20 : 0.1334    recall@50 : 0.1944    ndcg@10 : 0.0534    ndcg@20 : 0.0636    ndcg@50 : 0.0761    
26 Oct 23:14    INFO  epoch 152 training [time: 2.08s, train loss: -1.1563]
26 Oct 23:15    INFO  epoch 152 evaluating [time: 36.83s, valid_score: 0.063700]
26 Oct 23:15    INFO  valid result: 
recall@10 : 0.0949    recall@20 : 0.1332    recall@50 : 0.1942    ndcg@10 : 0.0537    ndcg@20 : 0.0637    ndcg@50 : 0.0763    
26 Oct 23:15    INFO  epoch 153 training [time: 2.08s, train loss: -1.1563]
26 Oct 23:15    INFO  epoch 153 evaluating [time: 36.86s, valid_score: 0.063700]
26 Oct 23:15    INFO  valid result: 
recall@10 : 0.0943    recall@20 : 0.1334    recall@50 : 0.1942    ndcg@10 : 0.0534    ndcg@20 : 0.0637    ndcg@50 : 0.0762    
26 Oct 23:15    INFO  epoch 154 training [time: 1.99s, train loss: -1.1565]
26 Oct 23:16    INFO  epoch 154 evaluating [time: 36.88s, valid_score: 0.063800]
26 Oct 23:16    INFO  valid result: 
recall@10 : 0.0946    recall@20 : 0.1338    recall@50 : 0.195    ndcg@10 : 0.0535    ndcg@20 : 0.0638    ndcg@50 : 0.0763    
26 Oct 23:16    INFO  epoch 155 training [time: 2.09s, train loss: -1.1563]
26 Oct 23:17    INFO  epoch 155 evaluating [time: 36.38s, valid_score: 0.064300]
26 Oct 23:17    INFO  valid result: 
recall@10 : 0.095    recall@20 : 0.1344    recall@50 : 0.1946    ndcg@10 : 0.054    ndcg@20 : 0.0643    ndcg@50 : 0.0766    
26 Oct 23:17    INFO  Saving current best: saved/DirectAU-Oct-26-2023_21-13-32.pth
26 Oct 23:17    INFO  epoch 156 training [time: 1.95s, train loss: -1.1566]
26 Oct 23:17    INFO  epoch 156 evaluating [time: 36.82s, valid_score: 0.063900]
26 Oct 23:17    INFO  valid result: 
recall@10 : 0.0951    recall@20 : 0.1343    recall@50 : 0.1949    ndcg@10 : 0.0537    ndcg@20 : 0.0639    ndcg@50 : 0.0764    
26 Oct 23:17    INFO  epoch 157 training [time: 1.95s, train loss: -1.1566]
26 Oct 23:18    INFO  epoch 157 evaluating [time: 36.40s, valid_score: 0.064000]
26 Oct 23:18    INFO  valid result: 
recall@10 : 0.0948    recall@20 : 0.1341    recall@50 : 0.1958    ndcg@10 : 0.0537    ndcg@20 : 0.064    ndcg@50 : 0.0767    
26 Oct 23:18    INFO  epoch 158 training [time: 1.95s, train loss: -1.1567]
26 Oct 23:19    INFO  epoch 158 evaluating [time: 36.67s, valid_score: 0.064100]
26 Oct 23:19    INFO  valid result: 
recall@10 : 0.095    recall@20 : 0.1339    recall@50 : 0.1957    ndcg@10 : 0.054    ndcg@20 : 0.0641    ndcg@50 : 0.0768    
26 Oct 23:19    INFO  epoch 159 training [time: 1.98s, train loss: -1.1567]
26 Oct 23:19    INFO  epoch 159 evaluating [time: 36.31s, valid_score: 0.063900]
26 Oct 23:19    INFO  valid result: 
recall@10 : 0.0946    recall@20 : 0.1344    recall@50 : 0.1959    ndcg@10 : 0.0535    ndcg@20 : 0.0639    ndcg@50 : 0.0765    
26 Oct 23:19    INFO  epoch 160 training [time: 2.10s, train loss: -1.1568]
26 Oct 23:20    INFO  epoch 160 evaluating [time: 37.33s, valid_score: 0.064300]
26 Oct 23:20    INFO  valid result: 
recall@10 : 0.0951    recall@20 : 0.1346    recall@50 : 0.1957    ndcg@10 : 0.0539    ndcg@20 : 0.0643    ndcg@50 : 0.0768    
26 Oct 23:20    INFO  epoch 161 training [time: 2.21s, train loss: -1.1567]
26 Oct 23:20    INFO  epoch 161 evaluating [time: 36.33s, valid_score: 0.064300]
26 Oct 23:20    INFO  valid result: 
recall@10 : 0.0945    recall@20 : 0.1348    recall@50 : 0.1959    ndcg@10 : 0.0537    ndcg@20 : 0.0643    ndcg@50 : 0.0768    
26 Oct 23:20    INFO  epoch 162 training [time: 2.08s, train loss: -1.1571]
26 Oct 23:21    INFO  epoch 162 evaluating [time: 36.57s, valid_score: 0.064100]
26 Oct 23:21    INFO  valid result: 
recall@10 : 0.0946    recall@20 : 0.1346    recall@50 : 0.1954    ndcg@10 : 0.0536    ndcg@20 : 0.0641    ndcg@50 : 0.0766    
26 Oct 23:21    INFO  epoch 163 training [time: 2.07s, train loss: -1.1570]
26 Oct 23:22    INFO  epoch 163 evaluating [time: 36.76s, valid_score: 0.064300]
26 Oct 23:22    INFO  valid result: 
recall@10 : 0.0955    recall@20 : 0.1344    recall@50 : 0.1968    ndcg@10 : 0.0541    ndcg@20 : 0.0643    ndcg@50 : 0.0771    
26 Oct 23:22    INFO  epoch 164 training [time: 2.08s, train loss: -1.1571]
26 Oct 23:22    INFO  epoch 164 evaluating [time: 36.55s, valid_score: 0.064700]
26 Oct 23:22    INFO  valid result: 
recall@10 : 0.0957    recall@20 : 0.1351    recall@50 : 0.1966    ndcg@10 : 0.0544    ndcg@20 : 0.0647    ndcg@50 : 0.0774    
26 Oct 23:22    INFO  Saving current best: saved/DirectAU-Oct-26-2023_21-13-32.pth
26 Oct 23:22    INFO  epoch 165 training [time: 2.07s, train loss: -1.1571]
26 Oct 23:23    INFO  epoch 165 evaluating [time: 36.49s, valid_score: 0.064600]
26 Oct 23:23    INFO  valid result: 
recall@10 : 0.0955    recall@20 : 0.135    recall@50 : 0.1965    ndcg@10 : 0.0543    ndcg@20 : 0.0646    ndcg@50 : 0.0772    
26 Oct 23:23    INFO  epoch 166 training [time: 2.31s, train loss: -1.1574]
26 Oct 23:24    INFO  epoch 166 evaluating [time: 35.97s, valid_score: 0.064300]
26 Oct 23:24    INFO  valid result: 
recall@10 : 0.0955    recall@20 : 0.1343    recall@50 : 0.1965    ndcg@10 : 0.0542    ndcg@20 : 0.0643    ndcg@50 : 0.0772    
26 Oct 23:24    INFO  epoch 167 training [time: 2.48s, train loss: -1.1574]
26 Oct 23:24    INFO  epoch 167 evaluating [time: 37.13s, valid_score: 0.064200]
26 Oct 23:24    INFO  valid result: 
recall@10 : 0.0959    recall@20 : 0.1351    recall@50 : 0.196    ndcg@10 : 0.0539    ndcg@20 : 0.0642    ndcg@50 : 0.0767    
26 Oct 23:24    INFO  epoch 168 training [time: 2.37s, train loss: -1.1573]
26 Oct 23:25    INFO  epoch 168 evaluating [time: 37.07s, valid_score: 0.064200]
26 Oct 23:25    INFO  valid result: 
recall@10 : 0.0957    recall@20 : 0.1347    recall@50 : 0.1963    ndcg@10 : 0.054    ndcg@20 : 0.0642    ndcg@50 : 0.0768    
26 Oct 23:25    INFO  epoch 169 training [time: 2.39s, train loss: -1.1573]
26 Oct 23:26    INFO  epoch 169 evaluating [time: 36.74s, valid_score: 0.064300]
26 Oct 23:26    INFO  valid result: 
recall@10 : 0.096    recall@20 : 0.1356    recall@50 : 0.1962    ndcg@10 : 0.054    ndcg@20 : 0.0643    ndcg@50 : 0.0768    
26 Oct 23:26    INFO  epoch 170 training [time: 1.95s, train loss: -1.1573]
26 Oct 23:26    INFO  epoch 170 evaluating [time: 36.53s, valid_score: 0.064500]
26 Oct 23:26    INFO  valid result: 
recall@10 : 0.0957    recall@20 : 0.1354    recall@50 : 0.1957    ndcg@10 : 0.0541    ndcg@20 : 0.0645    ndcg@50 : 0.0768    
26 Oct 23:26    INFO  epoch 171 training [time: 2.09s, train loss: -1.1578]
26 Oct 23:27    INFO  epoch 171 evaluating [time: 36.73s, valid_score: 0.064200]
26 Oct 23:27    INFO  valid result: 
recall@10 : 0.096    recall@20 : 0.1347    recall@50 : 0.1961    ndcg@10 : 0.0541    ndcg@20 : 0.0642    ndcg@50 : 0.0768    
26 Oct 23:27    INFO  epoch 172 training [time: 2.15s, train loss: -1.1574]
26 Oct 23:28    INFO  epoch 172 evaluating [time: 36.96s, valid_score: 0.064500]
26 Oct 23:28    INFO  valid result: 
recall@10 : 0.095    recall@20 : 0.1355    recall@50 : 0.1968    ndcg@10 : 0.0539    ndcg@20 : 0.0645    ndcg@50 : 0.077    
26 Oct 23:28    INFO  epoch 173 training [time: 1.95s, train loss: -1.1573]
26 Oct 23:28    INFO  epoch 173 evaluating [time: 36.79s, valid_score: 0.064500]
26 Oct 23:28    INFO  valid result: 
recall@10 : 0.095    recall@20 : 0.1355    recall@50 : 0.1972    ndcg@10 : 0.0539    ndcg@20 : 0.0645    ndcg@50 : 0.0772    
26 Oct 23:28    INFO  epoch 174 training [time: 1.95s, train loss: -1.1577]
26 Oct 23:29    INFO  epoch 174 evaluating [time: 36.69s, valid_score: 0.064600]
26 Oct 23:29    INFO  valid result: 
recall@10 : 0.0952    recall@20 : 0.1358    recall@50 : 0.1966    ndcg@10 : 0.054    ndcg@20 : 0.0646    ndcg@50 : 0.0771    
26 Oct 23:29    INFO  epoch 175 training [time: 2.21s, train loss: -1.1576]
26 Oct 23:30    INFO  epoch 175 evaluating [time: 36.75s, valid_score: 0.064400]
26 Oct 23:30    INFO  valid result: 
recall@10 : 0.0951    recall@20 : 0.1356    recall@50 : 0.1968    ndcg@10 : 0.0538    ndcg@20 : 0.0644    ndcg@50 : 0.077    
26 Oct 23:30    INFO  Finished training, best eval result in epoch 164
26 Oct 23:30    INFO  Loading model structure and parameters from saved/DirectAU-Oct-26-2023_21-13-32.pth
26 Oct 23:30    INFO  best valid : {'recall@10': 0.0957, 'recall@20': 0.1351, 'recall@50': 0.1966, 'ndcg@10': 0.0544, 'ndcg@20': 0.0647, 'ndcg@50': 0.0774}
26 Oct 23:30    INFO  test result: {'recall@10': 0.099, 'recall@20': 0.1378, 'recall@50': 0.202, 'ndcg@10': 0.058, 'ndcg@20': 0.0682, 'ndcg@50': 0.0813}
