command line args [--zc 0.01] will not be used in RecBole
26 Oct 21:22    INFO  
General Hyper Parameters:
gpu_id = 4
use_gpu = True
seed = 0
state = INFO
reproducibility = True
data_path = dataset/Gowalla
show_progress = False

Training Hyper Parameters:
checkpoint_dir = saved
epochs = 500
train_batch_size = 1024
learner = adam
learning_rate = 0.001
training_neg_sample_num = 0
training_neg_sample_distribution = uniform
eval_step = 1
stopping_step = 10
clip_grad_norm = None
weight_decay = 1e-06
draw_loss_pic = False
loss_decimal_place = 4

Evaluation Hyper Parameters:
eval_setting = RO_RS,full
group_by_user = True
split_ratio = [0.8, 0.1, 0.1]
leave_one_num = 2
real_time_process = False
metrics = ['Recall', 'NDCG']
topk = [10, 20, 50]
valid_metric = NDCG@20
eval_batch_size = 4096
metric_decimal_place = 4

Dataset Hyper Parameters:
field_separator = 	
seq_separator =  
USER_ID_FIELD = user_id
ITEM_ID_FIELD = item_id
RATING_FIELD = rating
TIME_FIELD = timestamp
seq_len = None
LABEL_FIELD = label
threshold = None
NEG_PREFIX = neg_
load_col = {'inter': ['user_id', 'item_id', 'timestamp']}
unload_col = None
unused_col = None
additional_feat_suffix = None
lowest_val = None
highest_val = None
equal_val = None
not_equal_val = None
max_user_inter_num = None
min_user_inter_num = 5
max_item_inter_num = None
min_item_inter_num = 5
fields_in_same_space = None
preload_weight = None
normalize_field = None
normalize_all = None
ITEM_LIST_LENGTH_FIELD = item_length
LIST_SUFFIX = _list
MAX_ITEM_LIST_LENGTH = 50
POSITION_FIELD = position_id
HEAD_ENTITY_ID_FIELD = head_id
TAIL_ENTITY_ID_FIELD = tail_id
RELATION_ID_FIELD = relation_id
ENTITY_ID_FIELD = entity_id

Other Hyper Parameters: 
valid_metric_bigger = True
BT = 0.1
bt = 0.001
embedding_size = 64
encoder = MF
gamma = 4
times = 1
witem = 0.1
wuser = 0.8
zc = 0.01
rm_dup_inter = None
filter_inter_by_user_or_item = True
SOURCE_ID_FIELD = source_id
TARGET_ID_FIELD = target_id
benchmark_filename = None
MODEL_TYPE = ModelType.GENERAL
MODEL_INPUT_TYPE = InputType.POINTWISE
eval_type = EvaluatorType.RANKING
device = cuda
train_neg_sample_args = {'strategy': 'none'}


26 Oct 21:22    INFO  Gowalla
The number of users: 29859
Average actions of users: 34.408533726304505
The number of items: 40982
Average actions of items: 25.06942241526561
The number of inters: 1027370
The sparsity of the dataset: 99.91604269835769%
Remain Fields: ['user_id', 'item_id']
26 Oct 21:22    INFO  Build [GeneralDataLoader] for [train] with format [InputType.POINTWISE]
26 Oct 21:22    INFO  [train] No Negative Sampling
26 Oct 21:22    INFO  [train] batch_size = [1024], shuffle = [True]

26 Oct 21:22    INFO  Build [GeneralFullDataLoader] for [evaluation] with format [InputType.POINTWISE]
26 Oct 21:22    INFO  Evaluation Setting:
	Group by user_id
	Ordering: {'strategy': 'shuffle'}
	Splitting: {'strategy': 'by_ratio', 'ratios': [0.8, 0.1, 0.1]}
	Negative Sampling: {'strategy': 'full', 'distribution': 'uniform'}
26 Oct 21:22    INFO  [evaluation] batch_size = [4096], shuffle = [False]

26 Oct 21:22    WARNING  Batch size is changed to 40982.
26 Oct 21:22    WARNING  Batch size is changed to 40982.
{'BT': 0.1, 'bt': 0.001, 'embedding_size': 64, 'encoder': 'MF', 'gamma': None, 'times': 1, 'training_neg_sample_num': 0, 'witem': 0.1, 'wuser': 0.8, 'zc': 0.01}
this is encoder MF...
这是directau 的 WUBT 版本...0.01
26 Oct 21:22    INFO  DirectAU(
  (encoder): MFEncoder(
    (user_embedding): Embedding(29859, 64)
    (item_embedding): Embedding(40982, 64)
  )
  (bn): BatchNorm1d(64, eps=1e-05, momentum=0.1, affine=False, track_running_stats=True)
  (projector): Sequential(
    (0): Linear(in_features=64, out_features=64, bias=False)
    (1): BatchNorm1d(64, eps=1e-05, momentum=0.1, affine=True, track_running_stats=True)
    (2): ReLU(inplace=True)
    (3): Linear(in_features=64, out_features=64, bias=False)
    (4): BatchNorm1d(64, eps=1e-05, momentum=0.1, affine=True, track_running_stats=True)
    (5): ReLU(inplace=True)
    (6): Linear(in_features=64, out_features=64, bias=False)
  )
)
Trainable parameters: 4546368
26 Oct 21:22    INFO  epoch 0 training [time: 18.49s, train loss: -13.6379]
26 Oct 21:24    INFO  epoch 0 evaluating [time: 103.61s, valid_score: 0.031600]
26 Oct 21:24    INFO  valid result: 
recall@10 : 0.037    recall@20 : 0.0564    recall@50 : 0.0955    ndcg@10 : 0.0256    ndcg@20 : 0.0316    ndcg@50 : 0.0418    
26 Oct 21:24    INFO  Saving current best: saved/DirectAU-Oct-26-2023_21-22-12.pth
26 Oct 21:24    INFO  epoch 1 training [time: 19.99s, train loss: -14.0553]
26 Oct 21:26    INFO  epoch 1 evaluating [time: 109.12s, valid_score: 0.047800]
26 Oct 21:26    INFO  valid result: 
recall@10 : 0.0561    recall@20 : 0.0861    recall@50 : 0.1439    ndcg@10 : 0.0388    ndcg@20 : 0.0478    ndcg@50 : 0.0624    
26 Oct 21:26    INFO  Saving current best: saved/DirectAU-Oct-26-2023_21-22-12.pth
26 Oct 21:26    INFO  epoch 2 training [time: 20.03s, train loss: -14.1632]
26 Oct 21:28    INFO  epoch 2 evaluating [time: 107.46s, valid_score: 0.055500]
26 Oct 21:28    INFO  valid result: 
recall@10 : 0.0662    recall@20 : 0.0995    recall@50 : 0.1637    ndcg@10 : 0.0456    ndcg@20 : 0.0555    ndcg@50 : 0.0716    
26 Oct 21:28    INFO  Saving current best: saved/DirectAU-Oct-26-2023_21-22-12.pth
26 Oct 21:28    INFO  epoch 3 training [time: 21.49s, train loss: -14.2159]
26 Oct 21:30    INFO  epoch 3 evaluating [time: 104.51s, valid_score: 0.059800]
26 Oct 21:30    INFO  valid result: 
recall@10 : 0.0716    recall@20 : 0.1077    recall@50 : 0.1771    ndcg@10 : 0.0491    ndcg@20 : 0.0598    ndcg@50 : 0.0771    
26 Oct 21:30    INFO  Saving current best: saved/DirectAU-Oct-26-2023_21-22-12.pth
26 Oct 21:31    INFO  epoch 4 training [time: 24.36s, train loss: -14.2496]
26 Oct 21:32    INFO  epoch 4 evaluating [time: 103.66s, valid_score: 0.063100]
26 Oct 21:32    INFO  valid result: 
recall@10 : 0.0752    recall@20 : 0.1128    recall@50 : 0.1864    ndcg@10 : 0.052    ndcg@20 : 0.0631    ndcg@50 : 0.0813    
26 Oct 21:32    INFO  Saving current best: saved/DirectAU-Oct-26-2023_21-22-12.pth
26 Oct 21:33    INFO  epoch 5 training [time: 24.28s, train loss: -14.2741]
26 Oct 21:34    INFO  epoch 5 evaluating [time: 105.04s, valid_score: 0.065500]
26 Oct 21:34    INFO  valid result: 
recall@10 : 0.0784    recall@20 : 0.1184    recall@50 : 0.1932    ndcg@10 : 0.0538    ndcg@20 : 0.0655    ndcg@50 : 0.0841    
26 Oct 21:34    INFO  Saving current best: saved/DirectAU-Oct-26-2023_21-22-12.pth
26 Oct 21:35    INFO  epoch 6 training [time: 23.08s, train loss: -14.2936]
26 Oct 21:37    INFO  epoch 6 evaluating [time: 106.20s, valid_score: 0.066900]
26 Oct 21:37    INFO  valid result: 
recall@10 : 0.0803    recall@20 : 0.1202    recall@50 : 0.2002    ndcg@10 : 0.0551    ndcg@20 : 0.0669    ndcg@50 : 0.0866    
26 Oct 21:37    INFO  Saving current best: saved/DirectAU-Oct-26-2023_21-22-12.pth
26 Oct 21:37    INFO  epoch 7 training [time: 20.12s, train loss: -14.3096]
26 Oct 21:39    INFO  epoch 7 evaluating [time: 108.92s, valid_score: 0.069700]
26 Oct 21:39    INFO  valid result: 
recall@10 : 0.0832    recall@20 : 0.126    recall@50 : 0.2061    ndcg@10 : 0.0571    ndcg@20 : 0.0697    ndcg@50 : 0.0894    
26 Oct 21:39    INFO  Saving current best: saved/DirectAU-Oct-26-2023_21-22-12.pth
26 Oct 21:39    INFO  epoch 8 training [time: 20.17s, train loss: -14.3233]
26 Oct 21:41    INFO  epoch 8 evaluating [time: 108.90s, valid_score: 0.071500]
26 Oct 21:41    INFO  valid result: 
recall@10 : 0.0859    recall@20 : 0.1288    recall@50 : 0.2123    ndcg@10 : 0.0589    ndcg@20 : 0.0715    ndcg@50 : 0.0921    
26 Oct 21:41    INFO  Saving current best: saved/DirectAU-Oct-26-2023_21-22-12.pth
26 Oct 21:41    INFO  epoch 9 training [time: 20.17s, train loss: -14.3360]
26 Oct 21:43    INFO  epoch 9 evaluating [time: 109.11s, valid_score: 0.073900]
26 Oct 21:43    INFO  valid result: 
recall@10 : 0.0893    recall@20 : 0.1331    recall@50 : 0.2175    ndcg@10 : 0.061    ndcg@20 : 0.0739    ndcg@50 : 0.0947    
26 Oct 21:43    INFO  Saving current best: saved/DirectAU-Oct-26-2023_21-22-12.pth
26 Oct 21:43    INFO  epoch 10 training [time: 20.14s, train loss: -14.3469]
26 Oct 21:45    INFO  epoch 10 evaluating [time: 107.97s, valid_score: 0.075700]
26 Oct 21:45    INFO  valid result: 
recall@10 : 0.0896    recall@20 : 0.1364    recall@50 : 0.2229    ndcg@10 : 0.0619    ndcg@20 : 0.0757    ndcg@50 : 0.0969    
26 Oct 21:45    INFO  Saving current best: saved/DirectAU-Oct-26-2023_21-22-12.pth
26 Oct 21:46    INFO  epoch 11 training [time: 20.17s, train loss: -14.3567]
26 Oct 21:47    INFO  epoch 11 evaluating [time: 109.35s, valid_score: 0.076200]
26 Oct 21:47    INFO  valid result: 
recall@10 : 0.0915    recall@20 : 0.1366    recall@50 : 0.228    ndcg@10 : 0.0629    ndcg@20 : 0.0762    ndcg@50 : 0.0986    
26 Oct 21:47    INFO  Saving current best: saved/DirectAU-Oct-26-2023_21-22-12.pth
26 Oct 21:48    INFO  epoch 12 training [time: 20.12s, train loss: -14.3655]
26 Oct 21:49    INFO  epoch 12 evaluating [time: 108.31s, valid_score: 0.078600]
26 Oct 21:49    INFO  valid result: 
recall@10 : 0.0932    recall@20 : 0.1425    recall@50 : 0.2324    ndcg@10 : 0.0641    ndcg@20 : 0.0786    ndcg@50 : 0.1007    
26 Oct 21:49    INFO  Saving current best: saved/DirectAU-Oct-26-2023_21-22-12.pth
26 Oct 21:50    INFO  epoch 13 training [time: 20.16s, train loss: -14.3735]
26 Oct 21:52    INFO  epoch 13 evaluating [time: 109.11s, valid_score: 0.080000]
26 Oct 21:52    INFO  valid result: 
recall@10 : 0.0955    recall@20 : 0.1443    recall@50 : 0.2378    ndcg@10 : 0.0657    ndcg@20 : 0.08    ndcg@50 : 0.1028    
26 Oct 21:52    INFO  Saving current best: saved/DirectAU-Oct-26-2023_21-22-12.pth
26 Oct 21:52    INFO  epoch 14 training [time: 20.06s, train loss: -14.3807]
26 Oct 21:54    INFO  epoch 14 evaluating [time: 108.80s, valid_score: 0.081500]
26 Oct 21:54    INFO  valid result: 
recall@10 : 0.0975    recall@20 : 0.1479    recall@50 : 0.2406    ndcg@10 : 0.0667    ndcg@20 : 0.0815    ndcg@50 : 0.1042    
26 Oct 21:54    INFO  Saving current best: saved/DirectAU-Oct-26-2023_21-22-12.pth
26 Oct 21:54    INFO  epoch 15 training [time: 20.17s, train loss: -14.3872]
26 Oct 21:56    INFO  epoch 15 evaluating [time: 108.86s, valid_score: 0.082900]
26 Oct 21:56    INFO  valid result: 
recall@10 : 0.0996    recall@20 : 0.1508    recall@50 : 0.2451    ndcg@10 : 0.068    ndcg@20 : 0.0829    ndcg@50 : 0.106    
26 Oct 21:56    INFO  Saving current best: saved/DirectAU-Oct-26-2023_21-22-12.pth
26 Oct 21:56    INFO  epoch 16 training [time: 20.19s, train loss: -14.3933]
26 Oct 21:58    INFO  epoch 16 evaluating [time: 108.71s, valid_score: 0.085100]
26 Oct 21:58    INFO  valid result: 
recall@10 : 0.1024    recall@20 : 0.1535    recall@50 : 0.2487    ndcg@10 : 0.0701    ndcg@20 : 0.0851    ndcg@50 : 0.1083    
26 Oct 21:58    INFO  Saving current best: saved/DirectAU-Oct-26-2023_21-22-12.pth
26 Oct 21:58    INFO  epoch 17 training [time: 20.10s, train loss: -14.3981]
26 Oct 22:00    INFO  epoch 17 evaluating [time: 108.94s, valid_score: 0.086500]
26 Oct 22:00    INFO  valid result: 
recall@10 : 0.1049    recall@20 : 0.1556    recall@50 : 0.2515    ndcg@10 : 0.0716    ndcg@20 : 0.0865    ndcg@50 : 0.1099    
26 Oct 22:00    INFO  Saving current best: saved/DirectAU-Oct-26-2023_21-22-12.pth
26 Oct 22:01    INFO  epoch 18 training [time: 20.18s, train loss: -14.4029]
26 Oct 22:02    INFO  epoch 18 evaluating [time: 108.64s, valid_score: 0.087900]
26 Oct 22:02    INFO  valid result: 
recall@10 : 0.1063    recall@20 : 0.1579    recall@50 : 0.2549    ndcg@10 : 0.0728    ndcg@20 : 0.0879    ndcg@50 : 0.1116    
26 Oct 22:02    INFO  Saving current best: saved/DirectAU-Oct-26-2023_21-22-12.pth
26 Oct 22:03    INFO  epoch 19 training [time: 20.19s, train loss: -14.4078]
26 Oct 22:05    INFO  epoch 19 evaluating [time: 108.91s, valid_score: 0.089700]
26 Oct 22:05    INFO  valid result: 
recall@10 : 0.1086    recall@20 : 0.1603    recall@50 : 0.2584    ndcg@10 : 0.0745    ndcg@20 : 0.0897    ndcg@50 : 0.1136    
26 Oct 22:05    INFO  Saving current best: saved/DirectAU-Oct-26-2023_21-22-12.pth
26 Oct 22:05    INFO  epoch 20 training [time: 20.19s, train loss: -14.4117]
26 Oct 22:07    INFO  epoch 20 evaluating [time: 108.74s, valid_score: 0.090200]
26 Oct 22:07    INFO  valid result: 
recall@10 : 0.11    recall@20 : 0.1622    recall@50 : 0.2598    ndcg@10 : 0.075    ndcg@20 : 0.0902    ndcg@50 : 0.114    
26 Oct 22:07    INFO  Saving current best: saved/DirectAU-Oct-26-2023_21-22-12.pth
26 Oct 22:07    INFO  epoch 21 training [time: 19.96s, train loss: -14.4153]
26 Oct 22:09    INFO  epoch 21 evaluating [time: 108.85s, valid_score: 0.091800]
26 Oct 22:09    INFO  valid result: 
recall@10 : 0.1109    recall@20 : 0.1637    recall@50 : 0.2627    ndcg@10 : 0.0764    ndcg@20 : 0.0918    ndcg@50 : 0.1159    
26 Oct 22:09    INFO  Saving current best: saved/DirectAU-Oct-26-2023_21-22-12.pth
26 Oct 22:09    INFO  epoch 22 training [time: 20.18s, train loss: -14.4186]
26 Oct 22:11    INFO  epoch 22 evaluating [time: 105.99s, valid_score: 0.092800]
26 Oct 22:11    INFO  valid result: 
recall@10 : 0.1135    recall@20 : 0.1652    recall@50 : 0.2651    ndcg@10 : 0.0776    ndcg@20 : 0.0928    ndcg@50 : 0.1171    
26 Oct 22:11    INFO  Saving current best: saved/DirectAU-Oct-26-2023_21-22-12.pth
26 Oct 22:11    INFO  epoch 23 training [time: 22.82s, train loss: -14.4216]
26 Oct 22:13    INFO  epoch 23 evaluating [time: 103.97s, valid_score: 0.094000]
26 Oct 22:13    INFO  valid result: 
recall@10 : 0.1143    recall@20 : 0.1684    recall@50 : 0.2674    ndcg@10 : 0.0781    ndcg@20 : 0.094    ndcg@50 : 0.1181    
26 Oct 22:13    INFO  Saving current best: saved/DirectAU-Oct-26-2023_21-22-12.pth
26 Oct 22:13    INFO  epoch 24 training [time: 24.34s, train loss: -14.4246]
26 Oct 22:15    INFO  epoch 24 evaluating [time: 104.04s, valid_score: 0.094900]
26 Oct 22:15    INFO  valid result: 
recall@10 : 0.1156    recall@20 : 0.1702    recall@50 : 0.2688    ndcg@10 : 0.079    ndcg@20 : 0.0949    ndcg@50 : 0.1191    
26 Oct 22:15    INFO  Saving current best: saved/DirectAU-Oct-26-2023_21-22-12.pth
26 Oct 22:16    INFO  epoch 25 training [time: 23.72s, train loss: -14.4269]
26 Oct 22:17    INFO  epoch 25 evaluating [time: 105.52s, valid_score: 0.095700]
26 Oct 22:17    INFO  valid result: 
recall@10 : 0.1155    recall@20 : 0.1714    recall@50 : 0.2717    ndcg@10 : 0.0795    ndcg@20 : 0.0957    ndcg@50 : 0.1202    
26 Oct 22:17    INFO  Saving current best: saved/DirectAU-Oct-26-2023_21-22-12.pth
26 Oct 22:18    INFO  epoch 26 training [time: 21.25s, train loss: -14.4293]
26 Oct 22:20    INFO  epoch 26 evaluating [time: 107.81s, valid_score: 0.095600]
26 Oct 22:20    INFO  valid result: 
recall@10 : 0.1159    recall@20 : 0.1716    recall@50 : 0.2732    ndcg@10 : 0.0794    ndcg@20 : 0.0956    ndcg@50 : 0.1205    
26 Oct 22:20    INFO  epoch 27 training [time: 20.13s, train loss: -14.4311]
26 Oct 22:22    INFO  epoch 27 evaluating [time: 108.70s, valid_score: 0.096800]
26 Oct 22:22    INFO  valid result: 
recall@10 : 0.1171    recall@20 : 0.1725    recall@50 : 0.2757    ndcg@10 : 0.0807    ndcg@20 : 0.0968    ndcg@50 : 0.122    
26 Oct 22:22    INFO  Saving current best: saved/DirectAU-Oct-26-2023_21-22-12.pth
26 Oct 22:22    INFO  epoch 28 training [time: 20.17s, train loss: -14.4331]
26 Oct 22:24    INFO  epoch 28 evaluating [time: 109.24s, valid_score: 0.097200]
26 Oct 22:24    INFO  valid result: 
recall@10 : 0.117    recall@20 : 0.1736    recall@50 : 0.2771    ndcg@10 : 0.0806    ndcg@20 : 0.0972    ndcg@50 : 0.1224    
26 Oct 22:24    INFO  Saving current best: saved/DirectAU-Oct-26-2023_21-22-12.pth
26 Oct 22:24    INFO  epoch 29 training [time: 20.14s, train loss: -14.4351]
26 Oct 22:26    INFO  epoch 29 evaluating [time: 108.99s, valid_score: 0.098100]
26 Oct 22:26    INFO  valid result: 
recall@10 : 0.1179    recall@20 : 0.1754    recall@50 : 0.2783    ndcg@10 : 0.0812    ndcg@20 : 0.0981    ndcg@50 : 0.1232    
26 Oct 22:26    INFO  Saving current best: saved/DirectAU-Oct-26-2023_21-22-12.pth
26 Oct 22:26    INFO  epoch 30 training [time: 20.17s, train loss: -14.4368]
26 Oct 22:28    INFO  epoch 30 evaluating [time: 109.11s, valid_score: 0.098800]
26 Oct 22:28    INFO  valid result: 
recall@10 : 0.1186    recall@20 : 0.1766    recall@50 : 0.2803    ndcg@10 : 0.0819    ndcg@20 : 0.0988    ndcg@50 : 0.1241    
26 Oct 22:28    INFO  Saving current best: saved/DirectAU-Oct-26-2023_21-22-12.pth
26 Oct 22:28    INFO  epoch 31 training [time: 20.18s, train loss: -14.4383]
26 Oct 22:30    INFO  epoch 31 evaluating [time: 109.18s, valid_score: 0.100000]
26 Oct 22:30    INFO  valid result: 
recall@10 : 0.1198    recall@20 : 0.1782    recall@50 : 0.2815    ndcg@10 : 0.0829    ndcg@20 : 0.1    ndcg@50 : 0.1251    
26 Oct 22:30    INFO  Saving current best: saved/DirectAU-Oct-26-2023_21-22-12.pth
26 Oct 22:31    INFO  epoch 32 training [time: 20.17s, train loss: -14.4395]
26 Oct 22:32    INFO  epoch 32 evaluating [time: 108.69s, valid_score: 0.100200]
26 Oct 22:32    INFO  valid result: 
recall@10 : 0.1202    recall@20 : 0.1788    recall@50 : 0.2826    ndcg@10 : 0.0831    ndcg@20 : 0.1002    ndcg@50 : 0.1256    
26 Oct 22:32    INFO  Saving current best: saved/DirectAU-Oct-26-2023_21-22-12.pth
26 Oct 22:33    INFO  epoch 33 training [time: 20.16s, train loss: -14.4408]
26 Oct 22:35    INFO  epoch 33 evaluating [time: 108.74s, valid_score: 0.100800]
26 Oct 22:35    INFO  valid result: 
recall@10 : 0.1209    recall@20 : 0.1796    recall@50 : 0.2845    ndcg@10 : 0.0837    ndcg@20 : 0.1008    ndcg@50 : 0.1264    
26 Oct 22:35    INFO  Saving current best: saved/DirectAU-Oct-26-2023_21-22-12.pth
26 Oct 22:35    INFO  epoch 34 training [time: 20.15s, train loss: -14.4421]
26 Oct 22:37    INFO  epoch 34 evaluating [time: 108.93s, valid_score: 0.101600]
26 Oct 22:37    INFO  valid result: 
recall@10 : 0.1223    recall@20 : 0.1805    recall@50 : 0.2853    ndcg@10 : 0.0845    ndcg@20 : 0.1016    ndcg@50 : 0.1272    
26 Oct 22:37    INFO  Saving current best: saved/DirectAU-Oct-26-2023_21-22-12.pth
26 Oct 22:37    INFO  epoch 35 training [time: 20.04s, train loss: -14.4427]
26 Oct 22:39    INFO  epoch 35 evaluating [time: 108.84s, valid_score: 0.101600]
26 Oct 22:39    INFO  valid result: 
recall@10 : 0.1224    recall@20 : 0.1813    recall@50 : 0.2878    ndcg@10 : 0.0845    ndcg@20 : 0.1016    ndcg@50 : 0.1276    
26 Oct 22:39    INFO  epoch 36 training [time: 20.16s, train loss: -14.4439]
26 Oct 22:41    INFO  epoch 36 evaluating [time: 108.83s, valid_score: 0.101900]
26 Oct 22:41    INFO  valid result: 
recall@10 : 0.123    recall@20 : 0.1816    recall@50 : 0.2878    ndcg@10 : 0.0847    ndcg@20 : 0.1019    ndcg@50 : 0.1278    
26 Oct 22:41    INFO  Saving current best: saved/DirectAU-Oct-26-2023_21-22-12.pth
26 Oct 22:41    INFO  epoch 37 training [time: 20.17s, train loss: -14.4450]
26 Oct 22:43    INFO  epoch 37 evaluating [time: 108.78s, valid_score: 0.102400]
26 Oct 22:43    INFO  valid result: 
recall@10 : 0.1239    recall@20 : 0.1824    recall@50 : 0.2904    ndcg@10 : 0.0853    ndcg@20 : 0.1024    ndcg@50 : 0.1286    
26 Oct 22:43    INFO  Saving current best: saved/DirectAU-Oct-26-2023_21-22-12.pth
26 Oct 22:44    INFO  epoch 38 training [time: 20.17s, train loss: -14.4456]
26 Oct 22:45    INFO  epoch 38 evaluating [time: 108.78s, valid_score: 0.103100]
26 Oct 22:45    INFO  valid result: 
recall@10 : 0.1249    recall@20 : 0.1831    recall@50 : 0.2912    ndcg@10 : 0.0861    ndcg@20 : 0.1031    ndcg@50 : 0.1294    
26 Oct 22:45    INFO  Saving current best: saved/DirectAU-Oct-26-2023_21-22-12.pth
26 Oct 22:46    INFO  epoch 39 training [time: 20.18s, train loss: -14.4464]
26 Oct 22:48    INFO  epoch 39 evaluating [time: 108.93s, valid_score: 0.103200]
26 Oct 22:48    INFO  valid result: 
recall@10 : 0.1238    recall@20 : 0.1849    recall@50 : 0.2916    ndcg@10 : 0.0854    ndcg@20 : 0.1032    ndcg@50 : 0.1293    
26 Oct 22:48    INFO  Saving current best: saved/DirectAU-Oct-26-2023_21-22-12.pth
26 Oct 22:48    INFO  epoch 40 training [time: 20.14s, train loss: -14.4470]
26 Oct 22:50    INFO  epoch 40 evaluating [time: 108.82s, valid_score: 0.102700]
26 Oct 22:50    INFO  valid result: 
recall@10 : 0.124    recall@20 : 0.1832    recall@50 : 0.2932    ndcg@10 : 0.0854    ndcg@20 : 0.1027    ndcg@50 : 0.1295    
26 Oct 22:50    INFO  epoch 41 training [time: 20.19s, train loss: -14.4474]
26 Oct 22:52    INFO  epoch 41 evaluating [time: 108.17s, valid_score: 0.103600]
26 Oct 22:52    INFO  valid result: 
recall@10 : 0.124    recall@20 : 0.1846    recall@50 : 0.293    ndcg@10 : 0.0859    ndcg@20 : 0.1036    ndcg@50 : 0.13    
26 Oct 22:52    INFO  Saving current best: saved/DirectAU-Oct-26-2023_21-22-12.pth
26 Oct 22:52    INFO  epoch 42 training [time: 20.18s, train loss: -14.4484]
26 Oct 22:54    INFO  epoch 42 evaluating [time: 106.48s, valid_score: 0.103800]
26 Oct 22:54    INFO  valid result: 
recall@10 : 0.1255    recall@20 : 0.1854    recall@50 : 0.2937    ndcg@10 : 0.0863    ndcg@20 : 0.1038    ndcg@50 : 0.1303    
26 Oct 22:54    INFO  Saving current best: saved/DirectAU-Oct-26-2023_21-22-12.pth
26 Oct 22:54    INFO  epoch 43 training [time: 22.57s, train loss: -14.4485]
26 Oct 22:56    INFO  epoch 43 evaluating [time: 103.97s, valid_score: 0.104300]
26 Oct 22:56    INFO  valid result: 
recall@10 : 0.1258    recall@20 : 0.1863    recall@50 : 0.2948    ndcg@10 : 0.0866    ndcg@20 : 0.1043    ndcg@50 : 0.1308    
26 Oct 22:56    INFO  Saving current best: saved/DirectAU-Oct-26-2023_21-22-12.pth
26 Oct 22:56    INFO  epoch 44 training [time: 24.52s, train loss: -14.4493]
26 Oct 22:58    INFO  epoch 44 evaluating [time: 104.19s, valid_score: 0.104200]
26 Oct 22:58    INFO  valid result: 
recall@10 : 0.1262    recall@20 : 0.1857    recall@50 : 0.2954    ndcg@10 : 0.0868    ndcg@20 : 0.1042    ndcg@50 : 0.131    
26 Oct 22:59    INFO  epoch 45 training [time: 24.13s, train loss: -14.4498]
26 Oct 23:00    INFO  epoch 45 evaluating [time: 104.94s, valid_score: 0.104900]
26 Oct 23:00    INFO  valid result: 
recall@10 : 0.1273    recall@20 : 0.1868    recall@50 : 0.2968    ndcg@10 : 0.0876    ndcg@20 : 0.1049    ndcg@50 : 0.1317    
26 Oct 23:00    INFO  Saving current best: saved/DirectAU-Oct-26-2023_21-22-12.pth
26 Oct 23:01    INFO  epoch 46 training [time: 21.54s, train loss: -14.4503]
26 Oct 23:03    INFO  epoch 46 evaluating [time: 107.79s, valid_score: 0.105100]
26 Oct 23:03    INFO  valid result: 
recall@10 : 0.127    recall@20 : 0.1875    recall@50 : 0.2968    ndcg@10 : 0.0874    ndcg@20 : 0.1051    ndcg@50 : 0.1318    
26 Oct 23:03    INFO  Saving current best: saved/DirectAU-Oct-26-2023_21-22-12.pth
26 Oct 23:03    INFO  epoch 47 training [time: 19.81s, train loss: -14.4505]
26 Oct 23:05    INFO  epoch 47 evaluating [time: 108.77s, valid_score: 0.105500]
26 Oct 23:05    INFO  valid result: 
recall@10 : 0.1271    recall@20 : 0.188    recall@50 : 0.2971    ndcg@10 : 0.0878    ndcg@20 : 0.1055    ndcg@50 : 0.1321    
26 Oct 23:05    INFO  Saving current best: saved/DirectAU-Oct-26-2023_21-22-12.pth
26 Oct 23:05    INFO  epoch 48 training [time: 20.17s, train loss: -14.4511]
26 Oct 23:07    INFO  epoch 48 evaluating [time: 109.15s, valid_score: 0.105300]
26 Oct 23:07    INFO  valid result: 
recall@10 : 0.1268    recall@20 : 0.1873    recall@50 : 0.2979    ndcg@10 : 0.0876    ndcg@20 : 0.1053    ndcg@50 : 0.1322    
26 Oct 23:07    INFO  epoch 49 training [time: 20.08s, train loss: -14.4511]
26 Oct 23:09    INFO  epoch 49 evaluating [time: 109.20s, valid_score: 0.105400]
26 Oct 23:09    INFO  valid result: 
recall@10 : 0.1266    recall@20 : 0.1883    recall@50 : 0.2988    ndcg@10 : 0.0874    ndcg@20 : 0.1054    ndcg@50 : 0.1322    
26 Oct 23:09    INFO  epoch 50 training [time: 20.16s, train loss: -14.4517]
26 Oct 23:11    INFO  epoch 50 evaluating [time: 109.09s, valid_score: 0.105800]
26 Oct 23:11    INFO  valid result: 
recall@10 : 0.1276    recall@20 : 0.1884    recall@50 : 0.2999    ndcg@10 : 0.0881    ndcg@20 : 0.1058    ndcg@50 : 0.1329    
26 Oct 23:11    INFO  Saving current best: saved/DirectAU-Oct-26-2023_21-22-12.pth
26 Oct 23:11    INFO  epoch 51 training [time: 20.17s, train loss: -14.4517]
26 Oct 23:13    INFO  epoch 51 evaluating [time: 109.14s, valid_score: 0.106400]
26 Oct 23:13    INFO  valid result: 
recall@10 : 0.1285    recall@20 : 0.19    recall@50 : 0.3004    ndcg@10 : 0.0884    ndcg@20 : 0.1064    ndcg@50 : 0.1332    
26 Oct 23:13    INFO  Saving current best: saved/DirectAU-Oct-26-2023_21-22-12.pth
26 Oct 23:14    INFO  epoch 52 training [time: 19.98s, train loss: -14.4520]
26 Oct 23:15    INFO  epoch 52 evaluating [time: 108.95s, valid_score: 0.106500]
26 Oct 23:15    INFO  valid result: 
recall@10 : 0.1277    recall@20 : 0.1908    recall@50 : 0.3003    ndcg@10 : 0.0881    ndcg@20 : 0.1065    ndcg@50 : 0.1332    
26 Oct 23:15    INFO  Saving current best: saved/DirectAU-Oct-26-2023_21-22-12.pth
26 Oct 23:16    INFO  epoch 53 training [time: 20.18s, train loss: -14.4523]
26 Oct 23:18    INFO  epoch 53 evaluating [time: 108.80s, valid_score: 0.106400]
26 Oct 23:18    INFO  valid result: 
recall@10 : 0.1279    recall@20 : 0.1905    recall@50 : 0.3013    ndcg@10 : 0.0882    ndcg@20 : 0.1064    ndcg@50 : 0.1333    
26 Oct 23:18    INFO  epoch 54 training [time: 20.16s, train loss: -14.4525]
26 Oct 23:20    INFO  epoch 54 evaluating [time: 109.00s, valid_score: 0.106300]
26 Oct 23:20    INFO  valid result: 
recall@10 : 0.1291    recall@20 : 0.1894    recall@50 : 0.3021    ndcg@10 : 0.0887    ndcg@20 : 0.1063    ndcg@50 : 0.1337    
26 Oct 23:20    INFO  epoch 55 training [time: 20.18s, train loss: -14.4527]
26 Oct 23:22    INFO  epoch 55 evaluating [time: 108.70s, valid_score: 0.106800]
26 Oct 23:22    INFO  valid result: 
recall@10 : 0.1301    recall@20 : 0.1906    recall@50 : 0.3022    ndcg@10 : 0.0892    ndcg@20 : 0.1068    ndcg@50 : 0.134    
26 Oct 23:22    INFO  Saving current best: saved/DirectAU-Oct-26-2023_21-22-12.pth
26 Oct 23:22    INFO  epoch 56 training [time: 20.11s, train loss: -14.4532]
26 Oct 23:24    INFO  epoch 56 evaluating [time: 108.91s, valid_score: 0.106800]
26 Oct 23:24    INFO  valid result: 
recall@10 : 0.1297    recall@20 : 0.19    recall@50 : 0.2999    ndcg@10 : 0.0892    ndcg@20 : 0.1068    ndcg@50 : 0.1337    
26 Oct 23:24    INFO  epoch 57 training [time: 20.13s, train loss: -14.4534]
26 Oct 23:26    INFO  epoch 57 evaluating [time: 108.88s, valid_score: 0.107300]
26 Oct 23:26    INFO  valid result: 
recall@10 : 0.1301    recall@20 : 0.191    recall@50 : 0.3014    ndcg@10 : 0.0895    ndcg@20 : 0.1073    ndcg@50 : 0.1343    
26 Oct 23:26    INFO  Saving current best: saved/DirectAU-Oct-26-2023_21-22-12.pth
26 Oct 23:27    INFO  epoch 58 training [time: 20.18s, train loss: -14.4532]
26 Oct 23:28    INFO  epoch 58 evaluating [time: 108.98s, valid_score: 0.107200]
26 Oct 23:28    INFO  valid result: 
recall@10 : 0.1301    recall@20 : 0.1906    recall@50 : 0.3032    ndcg@10 : 0.0894    ndcg@20 : 0.1072    ndcg@50 : 0.1346    
26 Oct 23:29    INFO  epoch 59 training [time: 20.16s, train loss: -14.4535]
26 Oct 23:30    INFO  epoch 59 evaluating [time: 108.93s, valid_score: 0.107300]
26 Oct 23:30    INFO  valid result: 
recall@10 : 0.1303    recall@20 : 0.1908    recall@50 : 0.3036    ndcg@10 : 0.0896    ndcg@20 : 0.1073    ndcg@50 : 0.1347    
26 Oct 23:31    INFO  epoch 60 training [time: 20.19s, train loss: -14.4539]
26 Oct 23:33    INFO  epoch 60 evaluating [time: 108.80s, valid_score: 0.107600]
26 Oct 23:33    INFO  valid result: 
recall@10 : 0.1303    recall@20 : 0.1912    recall@50 : 0.3037    ndcg@10 : 0.0897    ndcg@20 : 0.1076    ndcg@50 : 0.135    
26 Oct 23:33    INFO  Saving current best: saved/DirectAU-Oct-26-2023_21-22-12.pth
26 Oct 23:33    INFO  epoch 61 training [time: 20.19s, train loss: -14.4540]
26 Oct 23:35    INFO  epoch 61 evaluating [time: 107.83s, valid_score: 0.107900]
26 Oct 23:35    INFO  valid result: 
recall@10 : 0.131    recall@20 : 0.1915    recall@50 : 0.3046    ndcg@10 : 0.0902    ndcg@20 : 0.1079    ndcg@50 : 0.1354    
26 Oct 23:35    INFO  Saving current best: saved/DirectAU-Oct-26-2023_21-22-12.pth
26 Oct 23:35    INFO  epoch 62 training [time: 21.23s, train loss: -14.4541]
26 Oct 23:37    INFO  epoch 62 evaluating [time: 104.61s, valid_score: 0.108000]
26 Oct 23:37    INFO  valid result: 
recall@10 : 0.1307    recall@20 : 0.1922    recall@50 : 0.3048    ndcg@10 : 0.09    ndcg@20 : 0.108    ndcg@50 : 0.1353    
26 Oct 23:37    INFO  Saving current best: saved/DirectAU-Oct-26-2023_21-22-12.pth
26 Oct 23:37    INFO  epoch 63 training [time: 24.29s, train loss: -14.4542]
26 Oct 23:39    INFO  epoch 63 evaluating [time: 104.19s, valid_score: 0.107900]
26 Oct 23:39    INFO  valid result: 
recall@10 : 0.1311    recall@20 : 0.1922    recall@50 : 0.3042    ndcg@10 : 0.09    ndcg@20 : 0.1079    ndcg@50 : 0.1352    
26 Oct 23:39    INFO  epoch 64 training [time: 24.27s, train loss: -14.4544]
26 Oct 23:41    INFO  epoch 64 evaluating [time: 104.05s, valid_score: 0.107600]
26 Oct 23:41    INFO  valid result: 
recall@10 : 0.1318    recall@20 : 0.1912    recall@50 : 0.3047    ndcg@10 : 0.0903    ndcg@20 : 0.1076    ndcg@50 : 0.1353    
26 Oct 23:42    INFO  epoch 65 training [time: 23.35s, train loss: -14.4546]
26 Oct 23:43    INFO  epoch 65 evaluating [time: 105.52s, valid_score: 0.108100]
26 Oct 23:43    INFO  valid result: 
recall@10 : 0.1323    recall@20 : 0.1919    recall@50 : 0.3068    ndcg@10 : 0.0906    ndcg@20 : 0.1081    ndcg@50 : 0.136    
26 Oct 23:43    INFO  Saving current best: saved/DirectAU-Oct-26-2023_21-22-12.pth
26 Oct 23:44    INFO  epoch 66 training [time: 20.46s, train loss: -14.4542]
26 Oct 23:45    INFO  epoch 66 evaluating [time: 108.39s, valid_score: 0.108100]
26 Oct 23:45    INFO  valid result: 
recall@10 : 0.1322    recall@20 : 0.1927    recall@50 : 0.3053    ndcg@10 : 0.0905    ndcg@20 : 0.1081    ndcg@50 : 0.1356    
26 Oct 23:46    INFO  epoch 67 training [time: 20.15s, train loss: -14.4548]
26 Oct 23:48    INFO  epoch 67 evaluating [time: 108.87s, valid_score: 0.108400]
26 Oct 23:48    INFO  valid result: 
recall@10 : 0.1319    recall@20 : 0.1927    recall@50 : 0.3058    ndcg@10 : 0.0907    ndcg@20 : 0.1084    ndcg@50 : 0.136    
26 Oct 23:48    INFO  Saving current best: saved/DirectAU-Oct-26-2023_21-22-12.pth
26 Oct 23:48    INFO  epoch 68 training [time: 20.15s, train loss: -14.4550]
26 Oct 23:50    INFO  epoch 68 evaluating [time: 108.68s, valid_score: 0.108800]
26 Oct 23:50    INFO  valid result: 
recall@10 : 0.1315    recall@20 : 0.1934    recall@50 : 0.306    ndcg@10 : 0.0907    ndcg@20 : 0.1088    ndcg@50 : 0.1361    
26 Oct 23:50    INFO  Saving current best: saved/DirectAU-Oct-26-2023_21-22-12.pth
26 Oct 23:50    INFO  epoch 69 training [time: 20.12s, train loss: -14.4549]
26 Oct 23:52    INFO  epoch 69 evaluating [time: 108.95s, valid_score: 0.108800]
26 Oct 23:52    INFO  valid result: 
recall@10 : 0.1331    recall@20 : 0.1936    recall@50 : 0.307    ndcg@10 : 0.0912    ndcg@20 : 0.1088    ndcg@50 : 0.1364    
26 Oct 23:52    INFO  epoch 70 training [time: 20.16s, train loss: -14.4552]
26 Oct 23:54    INFO  epoch 70 evaluating [time: 108.94s, valid_score: 0.109100]
26 Oct 23:54    INFO  valid result: 
recall@10 : 0.1313    recall@20 : 0.1941    recall@50 : 0.3081    ndcg@10 : 0.0907    ndcg@20 : 0.1091    ndcg@50 : 0.1368    
26 Oct 23:54    INFO  Saving current best: saved/DirectAU-Oct-26-2023_21-22-12.pth
26 Oct 23:54    INFO  epoch 71 training [time: 20.03s, train loss: -14.4551]
26 Oct 23:56    INFO  epoch 71 evaluating [time: 109.00s, valid_score: 0.109200]
26 Oct 23:56    INFO  valid result: 
recall@10 : 0.1323    recall@20 : 0.1938    recall@50 : 0.3075    ndcg@10 : 0.0913    ndcg@20 : 0.1092    ndcg@50 : 0.1368    
26 Oct 23:56    INFO  Saving current best: saved/DirectAU-Oct-26-2023_21-22-12.pth
26 Oct 23:57    INFO  epoch 72 training [time: 20.14s, train loss: -14.4552]
26 Oct 23:58    INFO  epoch 72 evaluating [time: 108.89s, valid_score: 0.109200]
26 Oct 23:58    INFO  valid result: 
recall@10 : 0.1324    recall@20 : 0.1945    recall@50 : 0.3082    ndcg@10 : 0.0911    ndcg@20 : 0.1092    ndcg@50 : 0.1368    
26 Oct 23:59    INFO  epoch 73 training [time: 20.15s, train loss: -14.4552]
27 Oct 00:01    INFO  epoch 73 evaluating [time: 108.61s, valid_score: 0.109100]
27 Oct 00:01    INFO  valid result: 
recall@10 : 0.1319    recall@20 : 0.1941    recall@50 : 0.3086    ndcg@10 : 0.091    ndcg@20 : 0.1091    ndcg@50 : 0.1369    
27 Oct 00:01    INFO  epoch 74 training [time: 20.14s, train loss: -14.4556]
27 Oct 00:03    INFO  epoch 74 evaluating [time: 108.78s, valid_score: 0.109200]
27 Oct 00:03    INFO  valid result: 
recall@10 : 0.1321    recall@20 : 0.1944    recall@50 : 0.3083    ndcg@10 : 0.091    ndcg@20 : 0.1092    ndcg@50 : 0.1369    
27 Oct 00:03    INFO  epoch 75 training [time: 20.10s, train loss: -14.4555]
27 Oct 00:05    INFO  epoch 75 evaluating [time: 108.52s, valid_score: 0.109900]
27 Oct 00:05    INFO  valid result: 
recall@10 : 0.132    recall@20 : 0.1958    recall@50 : 0.3083    ndcg@10 : 0.0913    ndcg@20 : 0.1099    ndcg@50 : 0.1373    
27 Oct 00:05    INFO  Saving current best: saved/DirectAU-Oct-26-2023_21-22-12.pth
27 Oct 00:05    INFO  epoch 76 training [time: 20.14s, train loss: -14.4557]
27 Oct 00:07    INFO  epoch 76 evaluating [time: 108.79s, valid_score: 0.109700]
27 Oct 00:07    INFO  valid result: 
recall@10 : 0.1323    recall@20 : 0.1952    recall@50 : 0.3086    ndcg@10 : 0.0914    ndcg@20 : 0.1097    ndcg@50 : 0.1373    
27 Oct 00:07    INFO  epoch 77 training [time: 20.13s, train loss: -14.4556]
27 Oct 00:09    INFO  epoch 77 evaluating [time: 103.27s, valid_score: 0.109800]
27 Oct 00:09    INFO  valid result: 
recall@10 : 0.1324    recall@20 : 0.1956    recall@50 : 0.3086    ndcg@10 : 0.0914    ndcg@20 : 0.1098    ndcg@50 : 0.1373    
27 Oct 00:09    INFO  epoch 78 training [time: 19.80s, train loss: -14.4558]
27 Oct 00:11    INFO  epoch 78 evaluating [time: 89.77s, valid_score: 0.109900]
27 Oct 00:11    INFO  valid result: 
recall@10 : 0.1333    recall@20 : 0.1954    recall@50 : 0.3093    ndcg@10 : 0.0918    ndcg@20 : 0.1099    ndcg@50 : 0.1376    
27 Oct 00:11    INFO  epoch 79 training [time: 18.64s, train loss: -14.4559]
27 Oct 00:12    INFO  epoch 79 evaluating [time: 73.21s, valid_score: 0.109900]
27 Oct 00:12    INFO  valid result: 
recall@10 : 0.1335    recall@20 : 0.195    recall@50 : 0.3095    ndcg@10 : 0.0919    ndcg@20 : 0.1099    ndcg@50 : 0.1377    
27 Oct 00:13    INFO  epoch 80 training [time: 18.71s, train loss: -14.4561]
27 Oct 00:14    INFO  epoch 80 evaluating [time: 71.97s, valid_score: 0.110100]
27 Oct 00:14    INFO  valid result: 
recall@10 : 0.1333    recall@20 : 0.1957    recall@50 : 0.3106    ndcg@10 : 0.0918    ndcg@20 : 0.1101    ndcg@50 : 0.138    
27 Oct 00:14    INFO  Saving current best: saved/DirectAU-Oct-26-2023_21-22-12.pth
27 Oct 00:14    INFO  epoch 81 training [time: 18.76s, train loss: -14.4560]
27 Oct 00:15    INFO  epoch 81 evaluating [time: 73.31s, valid_score: 0.109900]
27 Oct 00:15    INFO  valid result: 
recall@10 : 0.1331    recall@20 : 0.1949    recall@50 : 0.3102    ndcg@10 : 0.0918    ndcg@20 : 0.1099    ndcg@50 : 0.138    
27 Oct 00:16    INFO  epoch 82 training [time: 18.55s, train loss: -14.4561]
27 Oct 00:17    INFO  epoch 82 evaluating [time: 72.66s, valid_score: 0.109900]
27 Oct 00:17    INFO  valid result: 
recall@10 : 0.1333    recall@20 : 0.1952    recall@50 : 0.3105    ndcg@10 : 0.0919    ndcg@20 : 0.1099    ndcg@50 : 0.1379    
27 Oct 00:17    INFO  epoch 83 training [time: 18.68s, train loss: -14.4562]
27 Oct 00:18    INFO  epoch 83 evaluating [time: 72.77s, valid_score: 0.110700]
27 Oct 00:18    INFO  valid result: 
recall@10 : 0.1338    recall@20 : 0.1967    recall@50 : 0.311    ndcg@10 : 0.0924    ndcg@20 : 0.1107    ndcg@50 : 0.1385    
27 Oct 00:18    INFO  Saving current best: saved/DirectAU-Oct-26-2023_21-22-12.pth
27 Oct 00:19    INFO  epoch 84 training [time: 18.75s, train loss: -14.4564]
27 Oct 00:20    INFO  epoch 84 evaluating [time: 72.49s, valid_score: 0.110500]
27 Oct 00:20    INFO  valid result: 
recall@10 : 0.1344    recall@20 : 0.1961    recall@50 : 0.3108    ndcg@10 : 0.0925    ndcg@20 : 0.1105    ndcg@50 : 0.1384    
27 Oct 00:20    INFO  epoch 85 training [time: 18.71s, train loss: -14.4562]
27 Oct 00:22    INFO  epoch 85 evaluating [time: 72.45s, valid_score: 0.110600]
27 Oct 00:22    INFO  valid result: 
recall@10 : 0.134    recall@20 : 0.1962    recall@50 : 0.3106    ndcg@10 : 0.0924    ndcg@20 : 0.1106    ndcg@50 : 0.1384    
27 Oct 00:22    INFO  epoch 86 training [time: 18.78s, train loss: -14.4563]
27 Oct 00:23    INFO  epoch 86 evaluating [time: 72.55s, valid_score: 0.110100]
27 Oct 00:23    INFO  valid result: 
recall@10 : 0.1333    recall@20 : 0.1956    recall@50 : 0.3099    ndcg@10 : 0.092    ndcg@20 : 0.1101    ndcg@50 : 0.138    
27 Oct 00:23    INFO  epoch 87 training [time: 18.64s, train loss: -14.4564]
27 Oct 00:25    INFO  epoch 87 evaluating [time: 72.40s, valid_score: 0.110600]
27 Oct 00:25    INFO  valid result: 
recall@10 : 0.1339    recall@20 : 0.1966    recall@50 : 0.3103    ndcg@10 : 0.0924    ndcg@20 : 0.1106    ndcg@50 : 0.1383    
27 Oct 00:25    INFO  epoch 88 training [time: 18.71s, train loss: -14.4567]
27 Oct 00:26    INFO  epoch 88 evaluating [time: 72.84s, valid_score: 0.110400]
27 Oct 00:26    INFO  valid result: 
recall@10 : 0.1339    recall@20 : 0.1955    recall@50 : 0.3105    ndcg@10 : 0.0924    ndcg@20 : 0.1104    ndcg@50 : 0.1384    
27 Oct 00:26    INFO  epoch 89 training [time: 18.70s, train loss: -14.4567]
27 Oct 00:28    INFO  epoch 89 evaluating [time: 72.09s, valid_score: 0.110400]
27 Oct 00:28    INFO  valid result: 
recall@10 : 0.1344    recall@20 : 0.1961    recall@50 : 0.3124    ndcg@10 : 0.0924    ndcg@20 : 0.1104    ndcg@50 : 0.1387    
27 Oct 00:28    INFO  epoch 90 training [time: 18.72s, train loss: -14.4565]
27 Oct 00:29    INFO  epoch 90 evaluating [time: 72.68s, valid_score: 0.110800]
27 Oct 00:29    INFO  valid result: 
recall@10 : 0.1341    recall@20 : 0.1971    recall@50 : 0.3118    ndcg@10 : 0.0924    ndcg@20 : 0.1108    ndcg@50 : 0.1388    
27 Oct 00:29    INFO  Saving current best: saved/DirectAU-Oct-26-2023_21-22-12.pth
27 Oct 00:29    INFO  epoch 91 training [time: 18.77s, train loss: -14.4565]
27 Oct 00:31    INFO  epoch 91 evaluating [time: 72.14s, valid_score: 0.110300]
27 Oct 00:31    INFO  valid result: 
recall@10 : 0.1342    recall@20 : 0.196    recall@50 : 0.3117    ndcg@10 : 0.0922    ndcg@20 : 0.1103    ndcg@50 : 0.1385    
27 Oct 00:31    INFO  epoch 92 training [time: 18.74s, train loss: -14.4567]
27 Oct 00:32    INFO  epoch 92 evaluating [time: 72.65s, valid_score: 0.110800]
27 Oct 00:32    INFO  valid result: 
recall@10 : 0.135    recall@20 : 0.1968    recall@50 : 0.3132    ndcg@10 : 0.0927    ndcg@20 : 0.1108    ndcg@50 : 0.1391    
27 Oct 00:32    INFO  epoch 93 training [time: 18.75s, train loss: -14.4568]
27 Oct 00:34    INFO  epoch 93 evaluating [time: 73.14s, valid_score: 0.111000]
27 Oct 00:34    INFO  valid result: 
recall@10 : 0.1351    recall@20 : 0.197    recall@50 : 0.3124    ndcg@10 : 0.0929    ndcg@20 : 0.111    ndcg@50 : 0.1391    
27 Oct 00:34    INFO  Saving current best: saved/DirectAU-Oct-26-2023_21-22-12.pth
27 Oct 00:34    INFO  epoch 94 training [time: 18.71s, train loss: -14.4569]
27 Oct 00:35    INFO  epoch 94 evaluating [time: 72.22s, valid_score: 0.111000]
27 Oct 00:35    INFO  valid result: 
recall@10 : 0.1345    recall@20 : 0.1964    recall@50 : 0.3122    ndcg@10 : 0.0929    ndcg@20 : 0.111    ndcg@50 : 0.1392    
27 Oct 00:36    INFO  epoch 95 training [time: 18.71s, train loss: -14.4567]
27 Oct 00:37    INFO  epoch 95 evaluating [time: 72.77s, valid_score: 0.111200]
27 Oct 00:37    INFO  valid result: 
recall@10 : 0.1351    recall@20 : 0.197    recall@50 : 0.3122    ndcg@10 : 0.0932    ndcg@20 : 0.1112    ndcg@50 : 0.1393    
27 Oct 00:37    INFO  Saving current best: saved/DirectAU-Oct-26-2023_21-22-12.pth
27 Oct 00:37    INFO  epoch 96 training [time: 18.75s, train loss: -14.4570]
27 Oct 00:38    INFO  epoch 96 evaluating [time: 72.65s, valid_score: 0.111400]
27 Oct 00:38    INFO  valid result: 
recall@10 : 0.1357    recall@20 : 0.1974    recall@50 : 0.3119    ndcg@10 : 0.0935    ndcg@20 : 0.1114    ndcg@50 : 0.1393    
27 Oct 00:38    INFO  Saving current best: saved/DirectAU-Oct-26-2023_21-22-12.pth
27 Oct 00:39    INFO  epoch 97 training [time: 18.74s, train loss: -14.4572]
27 Oct 00:40    INFO  epoch 97 evaluating [time: 72.84s, valid_score: 0.111300]
27 Oct 00:40    INFO  valid result: 
recall@10 : 0.1353    recall@20 : 0.1976    recall@50 : 0.3121    ndcg@10 : 0.0931    ndcg@20 : 0.1113    ndcg@50 : 0.1392    
27 Oct 00:40    INFO  epoch 98 training [time: 18.68s, train loss: -14.4573]
27 Oct 00:41    INFO  epoch 98 evaluating [time: 72.51s, valid_score: 0.111300]
27 Oct 00:41    INFO  valid result: 
recall@10 : 0.1361    recall@20 : 0.1978    recall@50 : 0.3116    ndcg@10 : 0.0935    ndcg@20 : 0.1113    ndcg@50 : 0.1392    
27 Oct 00:42    INFO  epoch 99 training [time: 18.76s, train loss: -14.4568]
27 Oct 00:42    INFO  epoch 99 evaluating [time: 28.24s, valid_score: 0.111500]
27 Oct 00:42    INFO  valid result: 
recall@10 : 0.1362    recall@20 : 0.1984    recall@50 : 0.3136    ndcg@10 : 0.0934    ndcg@20 : 0.1115    ndcg@50 : 0.1395    
27 Oct 00:45    INFO  Saving current best: saved/DirectAU-Oct-26-2023_21-22-12.pth
27 Oct 00:45    INFO  epoch 100 training [time: 18.69s, train loss: -14.4571]
27 Oct 00:46    INFO  epoch 100 evaluating [time: 72.57s, valid_score: 0.111200]
27 Oct 00:46    INFO  valid result: 
recall@10 : 0.1354    recall@20 : 0.1973    recall@50 : 0.3131    ndcg@10 : 0.0932    ndcg@20 : 0.1112    ndcg@50 : 0.1394    
27 Oct 00:46    INFO  epoch 101 training [time: 18.71s, train loss: -14.4572]
27 Oct 00:48    INFO  epoch 101 evaluating [time: 72.77s, valid_score: 0.111600]
27 Oct 00:48    INFO  valid result: 
recall@10 : 0.1349    recall@20 : 0.1985    recall@50 : 0.3132    ndcg@10 : 0.0931    ndcg@20 : 0.1116    ndcg@50 : 0.1396    
27 Oct 00:48    INFO  Saving current best: saved/DirectAU-Oct-26-2023_21-22-12.pth
27 Oct 00:48    INFO  epoch 102 training [time: 18.79s, train loss: -14.4573]
27 Oct 00:49    INFO  epoch 102 evaluating [time: 73.54s, valid_score: 0.112000]
27 Oct 00:49    INFO  valid result: 
recall@10 : 0.1354    recall@20 : 0.1991    recall@50 : 0.312    ndcg@10 : 0.0936    ndcg@20 : 0.112    ndcg@50 : 0.1397    
27 Oct 00:49    INFO  Saving current best: saved/DirectAU-Oct-26-2023_21-22-12.pth
27 Oct 00:50    INFO  epoch 103 training [time: 22.89s, train loss: -14.4574]
27 Oct 00:51    INFO  epoch 103 evaluating [time: 69.28s, valid_score: 0.112000]
27 Oct 00:51    INFO  valid result: 
recall@10 : 0.1355    recall@20 : 0.1982    recall@50 : 0.314    ndcg@10 : 0.0938    ndcg@20 : 0.112    ndcg@50 : 0.1402    
27 Oct 00:51    INFO  epoch 104 training [time: 17.41s, train loss: -14.4573]
27 Oct 00:51    INFO  epoch 104 evaluating [time: 14.47s, valid_score: 0.112000]
27 Oct 00:51    INFO  valid result: 
recall@10 : 0.1353    recall@20 : 0.1983    recall@50 : 0.3128    ndcg@10 : 0.0937    ndcg@20 : 0.112    ndcg@50 : 0.14    
27 Oct 00:52    INFO  epoch 105 training [time: 15.93s, train loss: -14.4574]
27 Oct 00:53    INFO  epoch 105 evaluating [time: 73.36s, valid_score: 0.111600]
27 Oct 00:53    INFO  valid result: 
recall@10 : 0.135    recall@20 : 0.1975    recall@50 : 0.3134    ndcg@10 : 0.0934    ndcg@20 : 0.1116    ndcg@50 : 0.1398    
27 Oct 00:53    INFO  epoch 106 training [time: 21.40s, train loss: -14.4576]
27 Oct 00:54    INFO  epoch 106 evaluating [time: 70.47s, valid_score: 0.111500]
27 Oct 00:54    INFO  valid result: 
recall@10 : 0.136    recall@20 : 0.1978    recall@50 : 0.3138    ndcg@10 : 0.0935    ndcg@20 : 0.1115    ndcg@50 : 0.1398    
27 Oct 00:55    INFO  epoch 107 training [time: 18.30s, train loss: -14.4574]
27 Oct 00:55    INFO  epoch 107 evaluating [time: 14.72s, valid_score: 0.112100]
27 Oct 00:55    INFO  valid result: 
recall@10 : 0.1369    recall@20 : 0.1989    recall@50 : 0.3131    ndcg@10 : 0.094    ndcg@20 : 0.1121    ndcg@50 : 0.14    
27 Oct 00:58    INFO  Saving current best: saved/DirectAU-Oct-26-2023_21-22-12.pth
27 Oct 00:58    INFO  epoch 108 training [time: 27.12s, train loss: -14.4576]
27 Oct 00:59    INFO  epoch 108 evaluating [time: 57.51s, valid_score: 0.112200]
27 Oct 00:59    INFO  valid result: 
recall@10 : 0.1358    recall@20 : 0.1985    recall@50 : 0.314    ndcg@10 : 0.094    ndcg@20 : 0.1122    ndcg@50 : 0.1404    
27 Oct 01:02    INFO  Saving current best: saved/DirectAU-Oct-26-2023_21-22-12.pth
27 Oct 01:03    INFO  epoch 109 training [time: 18.76s, train loss: -14.4573]
27 Oct 01:04    INFO  epoch 109 evaluating [time: 73.33s, valid_score: 0.112100]
27 Oct 01:04    INFO  valid result: 
recall@10 : 0.136    recall@20 : 0.198    recall@50 : 0.3132    ndcg@10 : 0.0942    ndcg@20 : 0.1121    ndcg@50 : 0.1403    
27 Oct 01:04    INFO  epoch 110 training [time: 18.78s, train loss: -14.4578]
27 Oct 01:05    INFO  epoch 110 evaluating [time: 73.61s, valid_score: 0.112100]
27 Oct 01:05    INFO  valid result: 
recall@10 : 0.1363    recall@20 : 0.1977    recall@50 : 0.3121    ndcg@10 : 0.0942    ndcg@20 : 0.1121    ndcg@50 : 0.14    
27 Oct 01:06    INFO  epoch 111 training [time: 18.67s, train loss: -14.4574]
27 Oct 01:07    INFO  epoch 111 evaluating [time: 72.76s, valid_score: 0.112200]
27 Oct 01:07    INFO  valid result: 
recall@10 : 0.136    recall@20 : 0.1988    recall@50 : 0.3125    ndcg@10 : 0.0939    ndcg@20 : 0.1122    ndcg@50 : 0.1399    
27 Oct 01:07    INFO  epoch 112 training [time: 18.77s, train loss: -14.4578]
27 Oct 01:08    INFO  epoch 112 evaluating [time: 73.88s, valid_score: 0.112000]
27 Oct 01:08    INFO  valid result: 
recall@10 : 0.1366    recall@20 : 0.1981    recall@50 : 0.3133    ndcg@10 : 0.0942    ndcg@20 : 0.112    ndcg@50 : 0.1401    
27 Oct 01:09    INFO  epoch 113 training [time: 18.78s, train loss: -14.4573]
27 Oct 01:10    INFO  epoch 113 evaluating [time: 72.88s, valid_score: 0.112300]
27 Oct 01:10    INFO  valid result: 
recall@10 : 0.1361    recall@20 : 0.1988    recall@50 : 0.3143    ndcg@10 : 0.094    ndcg@20 : 0.1123    ndcg@50 : 0.1405    
27 Oct 01:10    INFO  Saving current best: saved/DirectAU-Oct-26-2023_21-22-12.pth
27 Oct 01:10    INFO  epoch 114 training [time: 18.78s, train loss: -14.4577]
27 Oct 01:11    INFO  epoch 114 evaluating [time: 73.57s, valid_score: 0.112300]
27 Oct 01:11    INFO  valid result: 
recall@10 : 0.1366    recall@20 : 0.1983    recall@50 : 0.3143    ndcg@10 : 0.0943    ndcg@20 : 0.1123    ndcg@50 : 0.1406    
27 Oct 01:12    INFO  epoch 115 training [time: 18.78s, train loss: -14.4580]
27 Oct 01:13    INFO  epoch 115 evaluating [time: 72.61s, valid_score: 0.112200]
27 Oct 01:13    INFO  valid result: 
recall@10 : 0.1365    recall@20 : 0.1988    recall@50 : 0.3127    ndcg@10 : 0.0941    ndcg@20 : 0.1122    ndcg@50 : 0.1401    
27 Oct 01:13    INFO  epoch 116 training [time: 18.75s, train loss: -14.4576]
27 Oct 01:15    INFO  epoch 116 evaluating [time: 73.53s, valid_score: 0.112100]
27 Oct 01:15    INFO  valid result: 
recall@10 : 0.1367    recall@20 : 0.1978    recall@50 : 0.3139    ndcg@10 : 0.0943    ndcg@20 : 0.1121    ndcg@50 : 0.1404    
27 Oct 01:15    INFO  epoch 117 training [time: 18.77s, train loss: -14.4575]
27 Oct 01:16    INFO  epoch 117 evaluating [time: 72.58s, valid_score: 0.112400]
27 Oct 01:16    INFO  valid result: 
recall@10 : 0.1362    recall@20 : 0.1981    recall@50 : 0.3137    ndcg@10 : 0.0943    ndcg@20 : 0.1124    ndcg@50 : 0.1406    
27 Oct 01:16    INFO  Saving current best: saved/DirectAU-Oct-26-2023_21-22-12.pth
27 Oct 01:16    INFO  epoch 118 training [time: 18.78s, train loss: -14.4576]
27 Oct 01:18    INFO  epoch 118 evaluating [time: 73.56s, valid_score: 0.112300]
27 Oct 01:18    INFO  valid result: 
recall@10 : 0.1376    recall@20 : 0.1986    recall@50 : 0.3132    ndcg@10 : 0.0945    ndcg@20 : 0.1123    ndcg@50 : 0.1402    
27 Oct 01:18    INFO  epoch 119 training [time: 18.77s, train loss: -14.4579]
27 Oct 01:19    INFO  epoch 119 evaluating [time: 72.62s, valid_score: 0.112300]
27 Oct 01:19    INFO  valid result: 
recall@10 : 0.1371    recall@20 : 0.1983    recall@50 : 0.3131    ndcg@10 : 0.0945    ndcg@20 : 0.1123    ndcg@50 : 0.1403    
27 Oct 01:19    INFO  epoch 120 training [time: 18.72s, train loss: -14.4575]
27 Oct 01:20    INFO  epoch 120 evaluating [time: 57.61s, valid_score: 0.112600]
27 Oct 01:20    INFO  valid result: 
recall@10 : 0.1365    recall@20 : 0.1992    recall@50 : 0.3138    ndcg@10 : 0.0943    ndcg@20 : 0.1126    ndcg@50 : 0.1406    
27 Oct 01:20    INFO  Saving current best: saved/DirectAU-Oct-26-2023_21-22-12.pth
27 Oct 01:21    INFO  epoch 121 training [time: 18.79s, train loss: -14.4580]
27 Oct 01:21    INFO  epoch 121 evaluating [time: 15.99s, valid_score: 0.112500]
27 Oct 01:21    INFO  valid result: 
recall@10 : 0.1363    recall@20 : 0.1989    recall@50 : 0.3128    ndcg@10 : 0.0943    ndcg@20 : 0.1125    ndcg@50 : 0.1404    
27 Oct 01:21    INFO  epoch 122 training [time: 15.83s, train loss: -14.4579]
27 Oct 01:21    INFO  epoch 122 evaluating [time: 14.89s, valid_score: 0.112300]
27 Oct 01:21    INFO  valid result: 
recall@10 : 0.1359    recall@20 : 0.1983    recall@50 : 0.3144    ndcg@10 : 0.0941    ndcg@20 : 0.1123    ndcg@50 : 0.1406    
27 Oct 01:22    INFO  epoch 123 training [time: 15.90s, train loss: -14.4577]
27 Oct 01:22    INFO  epoch 123 evaluating [time: 14.42s, valid_score: 0.112400]
27 Oct 01:22    INFO  valid result: 
recall@10 : 0.1365    recall@20 : 0.1984    recall@50 : 0.3138    ndcg@10 : 0.0943    ndcg@20 : 0.1124    ndcg@50 : 0.1406    
27 Oct 01:22    INFO  epoch 124 training [time: 15.90s, train loss: -14.4575]
27 Oct 01:22    INFO  epoch 124 evaluating [time: 14.51s, valid_score: 0.112800]
27 Oct 01:22    INFO  valid result: 
recall@10 : 0.136    recall@20 : 0.1997    recall@50 : 0.3137    ndcg@10 : 0.0942    ndcg@20 : 0.1128    ndcg@50 : 0.1407    
27 Oct 01:22    INFO  Saving current best: saved/DirectAU-Oct-26-2023_21-22-12.pth
27 Oct 01:23    INFO  epoch 125 training [time: 15.84s, train loss: -14.4583]
27 Oct 01:23    INFO  epoch 125 evaluating [time: 14.51s, valid_score: 0.112500]
27 Oct 01:23    INFO  valid result: 
recall@10 : 0.1364    recall@20 : 0.1993    recall@50 : 0.3134    ndcg@10 : 0.0942    ndcg@20 : 0.1125    ndcg@50 : 0.1404    
27 Oct 01:23    INFO  epoch 126 training [time: 16.03s, train loss: -14.4578]
27 Oct 01:23    INFO  epoch 126 evaluating [time: 14.28s, valid_score: 0.112500]
27 Oct 01:23    INFO  valid result: 
recall@10 : 0.137    recall@20 : 0.1979    recall@50 : 0.3146    ndcg@10 : 0.0948    ndcg@20 : 0.1125    ndcg@50 : 0.141    
27 Oct 01:24    INFO  epoch 127 training [time: 15.83s, train loss: -14.4578]
27 Oct 01:24    INFO  epoch 127 evaluating [time: 14.55s, valid_score: 0.112500]
27 Oct 01:24    INFO  valid result: 
recall@10 : 0.1371    recall@20 : 0.1981    recall@50 : 0.3132    ndcg@10 : 0.0947    ndcg@20 : 0.1125    ndcg@50 : 0.1406    
27 Oct 01:24    INFO  epoch 128 training [time: 16.02s, train loss: -14.4581]
27 Oct 01:25    INFO  epoch 128 evaluating [time: 14.35s, valid_score: 0.112600]
27 Oct 01:25    INFO  valid result: 
recall@10 : 0.1359    recall@20 : 0.1996    recall@50 : 0.3139    ndcg@10 : 0.094    ndcg@20 : 0.1126    ndcg@50 : 0.1405    
27 Oct 01:25    INFO  epoch 129 training [time: 15.84s, train loss: -14.4581]
27 Oct 01:25    INFO  epoch 129 evaluating [time: 14.49s, valid_score: 0.113000]
27 Oct 01:25    INFO  valid result: 
recall@10 : 0.1367    recall@20 : 0.2002    recall@50 : 0.3146    ndcg@10 : 0.0944    ndcg@20 : 0.113    ndcg@50 : 0.1409    
27 Oct 01:25    INFO  Saving current best: saved/DirectAU-Oct-26-2023_21-22-12.pth
27 Oct 01:25    INFO  epoch 130 training [time: 15.84s, train loss: -14.4582]
27 Oct 01:26    INFO  epoch 130 evaluating [time: 15.20s, valid_score: 0.113100]
27 Oct 01:26    INFO  valid result: 
recall@10 : 0.1367    recall@20 : 0.2002    recall@50 : 0.3151    ndcg@10 : 0.0946    ndcg@20 : 0.1131    ndcg@50 : 0.1411    
27 Oct 01:26    INFO  Saving current best: saved/DirectAU-Oct-26-2023_21-22-12.pth
27 Oct 01:26    INFO  epoch 131 training [time: 15.86s, train loss: -14.4586]
27 Oct 01:26    INFO  epoch 131 evaluating [time: 14.20s, valid_score: 0.112800]
27 Oct 01:26    INFO  valid result: 
recall@10 : 0.1369    recall@20 : 0.1992    recall@50 : 0.3142    ndcg@10 : 0.0948    ndcg@20 : 0.1128    ndcg@50 : 0.141    
27 Oct 01:26    INFO  epoch 132 training [time: 16.00s, train loss: -14.4583]
27 Oct 01:27    INFO  epoch 132 evaluating [time: 14.82s, valid_score: 0.112700]
27 Oct 01:27    INFO  valid result: 
recall@10 : 0.1366    recall@20 : 0.1994    recall@50 : 0.3145    ndcg@10 : 0.0945    ndcg@20 : 0.1127    ndcg@50 : 0.1409    
27 Oct 01:27    INFO  epoch 133 training [time: 15.83s, train loss: -14.4584]
27 Oct 01:27    INFO  epoch 133 evaluating [time: 14.84s, valid_score: 0.113000]
27 Oct 01:27    INFO  valid result: 
recall@10 : 0.1359    recall@20 : 0.1999    recall@50 : 0.3144    ndcg@10 : 0.0944    ndcg@20 : 0.113    ndcg@50 : 0.141    
27 Oct 01:27    INFO  epoch 134 training [time: 16.00s, train loss: -14.4579]
27 Oct 01:28    INFO  epoch 134 evaluating [time: 15.06s, valid_score: 0.113200]
27 Oct 01:28    INFO  valid result: 
recall@10 : 0.1379    recall@20 : 0.1994    recall@50 : 0.315    ndcg@10 : 0.0954    ndcg@20 : 0.1132    ndcg@50 : 0.1414    
27 Oct 01:28    INFO  Saving current best: saved/DirectAU-Oct-26-2023_21-22-12.pth
27 Oct 01:28    INFO  epoch 135 training [time: 15.78s, train loss: -14.4582]
27 Oct 01:28    INFO  epoch 135 evaluating [time: 14.17s, valid_score: 0.112800]
27 Oct 01:28    INFO  valid result: 
recall@10 : 0.1382    recall@20 : 0.1983    recall@50 : 0.3149    ndcg@10 : 0.0952    ndcg@20 : 0.1128    ndcg@50 : 0.1413    
27 Oct 01:28    INFO  epoch 136 training [time: 15.83s, train loss: -14.4584]
27 Oct 01:29    INFO  epoch 136 evaluating [time: 15.61s, valid_score: 0.112800]
27 Oct 01:29    INFO  valid result: 
recall@10 : 0.1371    recall@20 : 0.1983    recall@50 : 0.3145    ndcg@10 : 0.095    ndcg@20 : 0.1128    ndcg@50 : 0.1413    
27 Oct 01:29    INFO  epoch 137 training [time: 16.05s, train loss: -14.4584]
27 Oct 01:29    INFO  epoch 137 evaluating [time: 14.39s, valid_score: 0.113100]
27 Oct 01:29    INFO  valid result: 
recall@10 : 0.1369    recall@20 : 0.1988    recall@50 : 0.3151    ndcg@10 : 0.095    ndcg@20 : 0.1131    ndcg@50 : 0.1415    
27 Oct 01:29    INFO  epoch 138 training [time: 15.94s, train loss: -14.4584]
27 Oct 01:30    INFO  epoch 138 evaluating [time: 15.26s, valid_score: 0.113300]
27 Oct 01:30    INFO  valid result: 
recall@10 : 0.1381    recall@20 : 0.1994    recall@50 : 0.3149    ndcg@10 : 0.0955    ndcg@20 : 0.1133    ndcg@50 : 0.1416    
27 Oct 01:30    INFO  Saving current best: saved/DirectAU-Oct-26-2023_21-22-12.pth
27 Oct 01:30    INFO  epoch 139 training [time: 16.05s, train loss: -14.4580]
27 Oct 01:30    INFO  epoch 139 evaluating [time: 14.85s, valid_score: 0.113100]
27 Oct 01:30    INFO  valid result: 
recall@10 : 0.1376    recall@20 : 0.2001    recall@50 : 0.3147    ndcg@10 : 0.095    ndcg@20 : 0.1131    ndcg@50 : 0.1412    
27 Oct 01:30    INFO  epoch 140 training [time: 15.85s, train loss: -14.4583]
27 Oct 01:31    INFO  epoch 140 evaluating [time: 15.72s, valid_score: 0.113200]
27 Oct 01:31    INFO  valid result: 
recall@10 : 0.137    recall@20 : 0.2005    recall@50 : 0.315    ndcg@10 : 0.0947    ndcg@20 : 0.1132    ndcg@50 : 0.1412    
27 Oct 01:31    INFO  epoch 141 training [time: 16.05s, train loss: -14.4582]
27 Oct 01:31    INFO  epoch 141 evaluating [time: 14.40s, valid_score: 0.112600]
27 Oct 01:31    INFO  valid result: 
recall@10 : 0.1377    recall@20 : 0.1995    recall@50 : 0.315    ndcg@10 : 0.0947    ndcg@20 : 0.1126    ndcg@50 : 0.1409    
27 Oct 01:31    INFO  epoch 142 training [time: 16.01s, train loss: -14.4581]
27 Oct 01:32    INFO  epoch 142 evaluating [time: 14.96s, valid_score: 0.112900]
27 Oct 01:32    INFO  valid result: 
recall@10 : 0.1362    recall@20 : 0.1989    recall@50 : 0.3154    ndcg@10 : 0.0946    ndcg@20 : 0.1129    ndcg@50 : 0.1413    
27 Oct 01:32    INFO  epoch 143 training [time: 15.94s, train loss: -14.4586]
27 Oct 01:32    INFO  epoch 143 evaluating [time: 15.00s, valid_score: 0.113700]
27 Oct 01:32    INFO  valid result: 
recall@10 : 0.1377    recall@20 : 0.2001    recall@50 : 0.3149    ndcg@10 : 0.0956    ndcg@20 : 0.1137    ndcg@50 : 0.1418    
27 Oct 01:32    INFO  Saving current best: saved/DirectAU-Oct-26-2023_21-22-12.pth
27 Oct 01:32    INFO  epoch 144 training [time: 15.95s, train loss: -14.4585]
27 Oct 01:33    INFO  epoch 144 evaluating [time: 14.43s, valid_score: 0.113500]
27 Oct 01:33    INFO  valid result: 
recall@10 : 0.138    recall@20 : 0.1995    recall@50 : 0.3139    ndcg@10 : 0.0955    ndcg@20 : 0.1135    ndcg@50 : 0.1414    
27 Oct 01:33    INFO  epoch 145 training [time: 15.84s, train loss: -14.4582]
27 Oct 01:33    INFO  epoch 145 evaluating [time: 14.53s, valid_score: 0.113500]
27 Oct 01:33    INFO  valid result: 
recall@10 : 0.1379    recall@20 : 0.1992    recall@50 : 0.3148    ndcg@10 : 0.0956    ndcg@20 : 0.1135    ndcg@50 : 0.1417    
27 Oct 01:33    INFO  epoch 146 training [time: 15.83s, train loss: -14.4586]
27 Oct 01:34    INFO  epoch 146 evaluating [time: 14.66s, valid_score: 0.113600]
27 Oct 01:34    INFO  valid result: 
recall@10 : 0.1375    recall@20 : 0.2004    recall@50 : 0.3134    ndcg@10 : 0.0954    ndcg@20 : 0.1136    ndcg@50 : 0.1413    
27 Oct 01:34    INFO  epoch 147 training [time: 15.84s, train loss: -14.4584]
27 Oct 01:34    INFO  epoch 147 evaluating [time: 14.61s, valid_score: 0.113500]
27 Oct 01:34    INFO  valid result: 
recall@10 : 0.137    recall@20 : 0.2    recall@50 : 0.315    ndcg@10 : 0.0952    ndcg@20 : 0.1135    ndcg@50 : 0.1416    
27 Oct 01:35    INFO  epoch 148 training [time: 15.81s, train loss: -14.4586]
27 Oct 01:35    INFO  epoch 148 evaluating [time: 14.49s, valid_score: 0.113100]
27 Oct 01:35    INFO  valid result: 
recall@10 : 0.1376    recall@20 : 0.1996    recall@50 : 0.3146    ndcg@10 : 0.095    ndcg@20 : 0.1131    ndcg@50 : 0.1412    
27 Oct 01:35    INFO  epoch 149 training [time: 15.97s, train loss: -14.4584]
27 Oct 01:35    INFO  epoch 149 evaluating [time: 14.77s, valid_score: 0.113300]
27 Oct 01:35    INFO  valid result: 
recall@10 : 0.1381    recall@20 : 0.2008    recall@50 : 0.3157    ndcg@10 : 0.0951    ndcg@20 : 0.1133    ndcg@50 : 0.1414    
27 Oct 01:36    INFO  epoch 150 training [time: 16.03s, train loss: -14.4586]
27 Oct 01:36    INFO  epoch 150 evaluating [time: 14.28s, valid_score: 0.113300]
27 Oct 01:36    INFO  valid result: 
recall@10 : 0.1386    recall@20 : 0.1999    recall@50 : 0.3155    ndcg@10 : 0.0955    ndcg@20 : 0.1133    ndcg@50 : 0.1415    
27 Oct 01:36    INFO  epoch 151 training [time: 15.83s, train loss: -14.4586]
27 Oct 01:36    INFO  epoch 151 evaluating [time: 14.49s, valid_score: 0.113400]
27 Oct 01:36    INFO  valid result: 
recall@10 : 0.1384    recall@20 : 0.1998    recall@50 : 0.3157    ndcg@10 : 0.0956    ndcg@20 : 0.1134    ndcg@50 : 0.1417    
27 Oct 01:37    INFO  epoch 152 training [time: 15.98s, train loss: -14.4587]
27 Oct 01:37    INFO  epoch 152 evaluating [time: 14.70s, valid_score: 0.113400]
27 Oct 01:37    INFO  valid result: 
recall@10 : 0.1384    recall@20 : 0.2006    recall@50 : 0.314    ndcg@10 : 0.0953    ndcg@20 : 0.1134    ndcg@50 : 0.1412    
27 Oct 01:37    INFO  epoch 153 training [time: 15.85s, train loss: -14.4586]
27 Oct 01:37    INFO  epoch 153 evaluating [time: 14.93s, valid_score: 0.113500]
27 Oct 01:37    INFO  valid result: 
recall@10 : 0.138    recall@20 : 0.1999    recall@50 : 0.3155    ndcg@10 : 0.0955    ndcg@20 : 0.1135    ndcg@50 : 0.1418    
27 Oct 01:38    INFO  epoch 154 training [time: 15.85s, train loss: -14.4584]
27 Oct 01:38    INFO  epoch 154 evaluating [time: 14.44s, valid_score: 0.113000]
27 Oct 01:38    INFO  valid result: 
recall@10 : 0.1383    recall@20 : 0.1992    recall@50 : 0.3148    ndcg@10 : 0.0953    ndcg@20 : 0.113    ndcg@50 : 0.1414    
27 Oct 01:38    INFO  Finished training, best eval result in epoch 143
27 Oct 01:38    INFO  Loading model structure and parameters from saved/DirectAU-Oct-26-2023_21-22-12.pth
27 Oct 01:38    INFO  best valid : {'recall@10': 0.1377, 'recall@20': 0.2001, 'recall@50': 0.3149, 'ndcg@10': 0.0956, 'ndcg@20': 0.1137, 'ndcg@50': 0.1418}
27 Oct 01:38    INFO  test result: {'recall@10': 0.1401, 'recall@20': 0.1998, 'recall@50': 0.315, 'ndcg@10': 0.1008, 'ndcg@20': 0.118, 'ndcg@50': 0.146}
