command line args [--zc 0.5] will not be used in RecBole
26 Oct 21:13    INFO  
General Hyper Parameters:
gpu_id = 2
use_gpu = True
seed = 0
state = INFO
reproducibility = True
data_path = dataset/Beauty
show_progress = False

Training Hyper Parameters:
checkpoint_dir = saved
epochs = 500
train_batch_size = 1024
learner = adam
learning_rate = 0.001
training_neg_sample_num = 0
training_neg_sample_distribution = uniform
eval_step = 1
stopping_step = 10
clip_grad_norm = None
weight_decay = 1e-06
draw_loss_pic = False
loss_decimal_place = 4

Evaluation Hyper Parameters:
eval_setting = RO_RS,full
group_by_user = True
split_ratio = [0.8, 0.1, 0.1]
leave_one_num = 2
real_time_process = False
metrics = ['Recall', 'NDCG']
topk = [10, 20, 50]
valid_metric = NDCG@20
eval_batch_size = 4096
metric_decimal_place = 4

Dataset Hyper Parameters:
field_separator = 	
seq_separator =  
USER_ID_FIELD = user_id
ITEM_ID_FIELD = item_id
RATING_FIELD = rating
TIME_FIELD = timestamp
seq_len = None
LABEL_FIELD = label
threshold = None
NEG_PREFIX = neg_
load_col = {'inter': ['user_id', 'item_id', 'timestamp']}
unload_col = None
unused_col = None
additional_feat_suffix = None
lowest_val = None
highest_val = None
equal_val = None
not_equal_val = None
max_user_inter_num = None
min_user_inter_num = 5
max_item_inter_num = None
min_item_inter_num = 5
fields_in_same_space = None
preload_weight = None
normalize_field = None
normalize_all = None
ITEM_LIST_LENGTH_FIELD = item_length
LIST_SUFFIX = _list
MAX_ITEM_LIST_LENGTH = 50
POSITION_FIELD = position_id
HEAD_ENTITY_ID_FIELD = head_id
TAIL_ENTITY_ID_FIELD = tail_id
RELATION_ID_FIELD = relation_id
ENTITY_ID_FIELD = entity_id

Other Hyper Parameters: 
valid_metric_bigger = True
BT = 0.1
bt = 0.001
embedding_size = 64
encoder = MF
gamma = 0.5
times = 1
witem = 0.1
wuser = 0.8
zc = 0.5
rm_dup_inter = None
filter_inter_by_user_or_item = True
SOURCE_ID_FIELD = source_id
TARGET_ID_FIELD = target_id
benchmark_filename = None
MODEL_TYPE = ModelType.GENERAL
MODEL_INPUT_TYPE = InputType.POINTWISE
eval_type = EvaluatorType.RANKING
device = cuda
train_neg_sample_args = {'strategy': 'none'}


26 Oct 21:13    INFO  Beauty
The number of users: 22364
Average actions of users: 8.876358270357287
The number of items: 12102
Average actions of items: 16.403768283612923
The number of inters: 198502
The sparsity of the dataset: 99.92665707018277%
Remain Fields: ['user_id', 'item_id', 'timestamp']
26 Oct 21:13    INFO  Build [GeneralDataLoader] for [train] with format [InputType.POINTWISE]
26 Oct 21:13    INFO  [train] No Negative Sampling
26 Oct 21:13    INFO  [train] batch_size = [1024], shuffle = [True]

26 Oct 21:13    INFO  Build [GeneralFullDataLoader] for [evaluation] with format [InputType.POINTWISE]
26 Oct 21:13    INFO  Evaluation Setting:
	Group by user_id
	Ordering: {'strategy': 'shuffle'}
	Splitting: {'strategy': 'by_ratio', 'ratios': [0.8, 0.1, 0.1]}
	Negative Sampling: {'strategy': 'full', 'distribution': 'uniform'}
26 Oct 21:13    INFO  [evaluation] batch_size = [4096], shuffle = [False]

26 Oct 21:13    WARNING  Batch size is changed to 12102.
26 Oct 21:13    WARNING  Batch size is changed to 12102.
{'BT': 0.1, 'bt': 0.001, 'embedding_size': 64, 'encoder': 'MF', 'gamma': None, 'times': 1, 'training_neg_sample_num': 0, 'witem': 0.1, 'wuser': 0.8, 'zc': 0.5}
this is encoder MF...
这是directau 的 WUBT 版本...0.5
26 Oct 21:13    INFO  DirectAU(
  (encoder): MFEncoder(
    (user_embedding): Embedding(22364, 64)
    (item_embedding): Embedding(12102, 64)
  )
  (bn): BatchNorm1d(64, eps=1e-05, momentum=0.1, affine=False, track_running_stats=True)
  (projector): Sequential(
    (0): Linear(in_features=64, out_features=64, bias=False)
    (1): BatchNorm1d(64, eps=1e-05, momentum=0.1, affine=True, track_running_stats=True)
    (2): ReLU(inplace=True)
    (3): Linear(in_features=64, out_features=64, bias=False)
    (4): BatchNorm1d(64, eps=1e-05, momentum=0.1, affine=True, track_running_stats=True)
    (5): ReLU(inplace=True)
    (6): Linear(in_features=64, out_features=64, bias=False)
  )
)
Trainable parameters: 2218368
26 Oct 21:13    INFO  epoch 0 training [time: 4.58s, train loss: 0.0572]
26 Oct 21:14    INFO  epoch 0 evaluating [time: 43.00s, valid_score: 0.011400]
26 Oct 21:14    INFO  valid result: 
recall@10 : 0.0158    recall@20 : 0.0247    recall@50 : 0.0394    ndcg@10 : 0.009    ndcg@20 : 0.0114    ndcg@50 : 0.0146    
26 Oct 21:14    INFO  Saving current best: saved/DirectAU-Oct-26-2023_21-13-44.pth
26 Oct 21:14    INFO  epoch 1 training [time: 3.38s, train loss: -0.5762]
26 Oct 21:15    INFO  epoch 1 evaluating [time: 55.21s, valid_score: 0.022600]
26 Oct 21:15    INFO  valid result: 
recall@10 : 0.0322    recall@20 : 0.0488    recall@50 : 0.0786    ndcg@10 : 0.0182    ndcg@20 : 0.0226    ndcg@50 : 0.0289    
26 Oct 21:15    INFO  Saving current best: saved/DirectAU-Oct-26-2023_21-13-44.pth
26 Oct 21:15    INFO  epoch 2 training [time: 4.67s, train loss: -0.7721]
26 Oct 21:16    INFO  epoch 2 evaluating [time: 55.90s, valid_score: 0.031100]
26 Oct 21:16    INFO  valid result: 
recall@10 : 0.0444    recall@20 : 0.0661    recall@50 : 0.104    ndcg@10 : 0.0254    ndcg@20 : 0.0311    ndcg@50 : 0.039    
26 Oct 21:16    INFO  Saving current best: saved/DirectAU-Oct-26-2023_21-13-44.pth
26 Oct 21:16    INFO  epoch 3 training [time: 4.73s, train loss: -0.8606]
26 Oct 21:17    INFO  epoch 3 evaluating [time: 55.70s, valid_score: 0.035700]
26 Oct 21:17    INFO  valid result: 
recall@10 : 0.0504    recall@20 : 0.0766    recall@50 : 0.1195    ndcg@10 : 0.0288    ndcg@20 : 0.0357    ndcg@50 : 0.0446    
26 Oct 21:17    INFO  Saving current best: saved/DirectAU-Oct-26-2023_21-13-44.pth
26 Oct 21:17    INFO  epoch 4 training [time: 4.68s, train loss: -0.9146]
26 Oct 21:18    INFO  epoch 4 evaluating [time: 55.53s, valid_score: 0.038900]
26 Oct 21:18    INFO  valid result: 
recall@10 : 0.0549    recall@20 : 0.0834    recall@50 : 0.1286    ndcg@10 : 0.0314    ndcg@20 : 0.0389    ndcg@50 : 0.0483    
26 Oct 21:18    INFO  Saving current best: saved/DirectAU-Oct-26-2023_21-13-44.pth
26 Oct 21:18    INFO  epoch 5 training [time: 4.09s, train loss: -0.9499]
26 Oct 21:19    INFO  epoch 5 evaluating [time: 56.48s, valid_score: 0.041300]
26 Oct 21:19    INFO  valid result: 
recall@10 : 0.0586    recall@20 : 0.0888    recall@50 : 0.1363    ndcg@10 : 0.0334    ndcg@20 : 0.0413    ndcg@50 : 0.0511    
26 Oct 21:19    INFO  Saving current best: saved/DirectAU-Oct-26-2023_21-13-44.pth
26 Oct 21:19    INFO  epoch 6 training [time: 4.49s, train loss: -0.9759]
26 Oct 21:20    INFO  epoch 6 evaluating [time: 55.79s, valid_score: 0.043300]
26 Oct 21:20    INFO  valid result: 
recall@10 : 0.0615    recall@20 : 0.0935    recall@50 : 0.1436    ndcg@10 : 0.0349    ndcg@20 : 0.0433    ndcg@50 : 0.0536    
26 Oct 21:20    INFO  Saving current best: saved/DirectAU-Oct-26-2023_21-13-44.pth
26 Oct 21:20    INFO  epoch 7 training [time: 4.69s, train loss: -0.9961]
26 Oct 21:21    INFO  epoch 7 evaluating [time: 55.89s, valid_score: 0.045500]
26 Oct 21:21    INFO  valid result: 
recall@10 : 0.0638    recall@20 : 0.0985    recall@50 : 0.1486    ndcg@10 : 0.0364    ndcg@20 : 0.0455    ndcg@50 : 0.0558    
26 Oct 21:21    INFO  Saving current best: saved/DirectAU-Oct-26-2023_21-13-44.pth
26 Oct 21:21    INFO  epoch 8 training [time: 4.69s, train loss: -1.0118]
26 Oct 21:22    INFO  epoch 8 evaluating [time: 55.50s, valid_score: 0.046400]
26 Oct 21:22    INFO  valid result: 
recall@10 : 0.0668    recall@20 : 0.1003    recall@50 : 0.1531    ndcg@10 : 0.0376    ndcg@20 : 0.0464    ndcg@50 : 0.0573    
26 Oct 21:22    INFO  Saving current best: saved/DirectAU-Oct-26-2023_21-13-44.pth
26 Oct 21:22    INFO  epoch 9 training [time: 4.27s, train loss: -1.0247]
26 Oct 21:23    INFO  epoch 9 evaluating [time: 56.40s, valid_score: 0.047200]
26 Oct 21:23    INFO  valid result: 
recall@10 : 0.0676    recall@20 : 0.103    recall@50 : 0.1554    ndcg@10 : 0.038    ndcg@20 : 0.0472    ndcg@50 : 0.0581    
26 Oct 21:23    INFO  Saving current best: saved/DirectAU-Oct-26-2023_21-13-44.pth
26 Oct 21:23    INFO  epoch 10 training [time: 4.67s, train loss: -1.0354]
26 Oct 21:24    INFO  epoch 10 evaluating [time: 55.33s, valid_score: 0.048400]
26 Oct 21:24    INFO  valid result: 
recall@10 : 0.0712    recall@20 : 0.1052    recall@50 : 0.1581    ndcg@10 : 0.0395    ndcg@20 : 0.0484    ndcg@50 : 0.0593    
26 Oct 21:24    INFO  Saving current best: saved/DirectAU-Oct-26-2023_21-13-44.pth
26 Oct 21:24    INFO  epoch 11 training [time: 4.94s, train loss: -1.0446]
26 Oct 21:25    INFO  epoch 11 evaluating [time: 55.43s, valid_score: 0.049100]
26 Oct 21:25    INFO  valid result: 
recall@10 : 0.0711    recall@20 : 0.1073    recall@50 : 0.1603    ndcg@10 : 0.0396    ndcg@20 : 0.0491    ndcg@50 : 0.06    
26 Oct 21:25    INFO  Saving current best: saved/DirectAU-Oct-26-2023_21-13-44.pth
26 Oct 21:25    INFO  epoch 12 training [time: 4.87s, train loss: -1.0524]
26 Oct 21:26    INFO  epoch 12 evaluating [time: 55.03s, valid_score: 0.050400]
26 Oct 21:26    INFO  valid result: 
recall@10 : 0.0738    recall@20 : 0.1089    recall@50 : 0.1617    ndcg@10 : 0.0412    ndcg@20 : 0.0504    ndcg@50 : 0.0613    
26 Oct 21:26    INFO  Saving current best: saved/DirectAU-Oct-26-2023_21-13-44.pth
26 Oct 21:26    INFO  epoch 13 training [time: 5.14s, train loss: -1.0595]
26 Oct 21:27    INFO  epoch 13 evaluating [time: 55.41s, valid_score: 0.050500]
26 Oct 21:27    INFO  valid result: 
recall@10 : 0.0739    recall@20 : 0.1096    recall@50 : 0.1637    ndcg@10 : 0.0412    ndcg@20 : 0.0505    ndcg@50 : 0.0616    
26 Oct 21:27    INFO  Saving current best: saved/DirectAU-Oct-26-2023_21-13-44.pth
26 Oct 21:27    INFO  epoch 14 training [time: 4.62s, train loss: -1.0650]
26 Oct 21:28    INFO  epoch 14 evaluating [time: 55.61s, valid_score: 0.050600]
26 Oct 21:28    INFO  valid result: 
recall@10 : 0.0747    recall@20 : 0.1105    recall@50 : 0.1645    ndcg@10 : 0.0412    ndcg@20 : 0.0506    ndcg@50 : 0.0618    
26 Oct 21:28    INFO  Saving current best: saved/DirectAU-Oct-26-2023_21-13-44.pth
26 Oct 21:28    INFO  epoch 15 training [time: 4.70s, train loss: -1.0703]
26 Oct 21:29    INFO  epoch 15 evaluating [time: 55.90s, valid_score: 0.051000]
26 Oct 21:29    INFO  valid result: 
recall@10 : 0.0747    recall@20 : 0.1102    recall@50 : 0.1657    ndcg@10 : 0.0417    ndcg@20 : 0.051    ndcg@50 : 0.0625    
26 Oct 21:29    INFO  Saving current best: saved/DirectAU-Oct-26-2023_21-13-44.pth
26 Oct 21:29    INFO  epoch 16 training [time: 4.62s, train loss: -1.0749]
26 Oct 21:30    INFO  epoch 16 evaluating [time: 55.50s, valid_score: 0.051900]
26 Oct 21:30    INFO  valid result: 
recall@10 : 0.0757    recall@20 : 0.1124    recall@50 : 0.1668    ndcg@10 : 0.0423    ndcg@20 : 0.0519    ndcg@50 : 0.0631    
26 Oct 21:30    INFO  Saving current best: saved/DirectAU-Oct-26-2023_21-13-44.pth
26 Oct 21:30    INFO  epoch 17 training [time: 4.56s, train loss: -1.0795]
26 Oct 21:31    INFO  epoch 17 evaluating [time: 56.00s, valid_score: 0.051900]
26 Oct 21:31    INFO  valid result: 
recall@10 : 0.0759    recall@20 : 0.113    recall@50 : 0.1683    ndcg@10 : 0.0422    ndcg@20 : 0.0519    ndcg@50 : 0.0633    
26 Oct 21:31    INFO  epoch 18 training [time: 4.71s, train loss: -1.0835]
26 Oct 21:32    INFO  epoch 18 evaluating [time: 55.48s, valid_score: 0.052500]
26 Oct 21:32    INFO  valid result: 
recall@10 : 0.076    recall@20 : 0.1138    recall@50 : 0.1699    ndcg@10 : 0.0426    ndcg@20 : 0.0525    ndcg@50 : 0.064    
26 Oct 21:32    INFO  Saving current best: saved/DirectAU-Oct-26-2023_21-13-44.pth
26 Oct 21:32    INFO  epoch 19 training [time: 4.61s, train loss: -1.0871]
26 Oct 21:33    INFO  epoch 19 evaluating [time: 55.96s, valid_score: 0.052600]
26 Oct 21:33    INFO  valid result: 
recall@10 : 0.0767    recall@20 : 0.1143    recall@50 : 0.1709    ndcg@10 : 0.0427    ndcg@20 : 0.0526    ndcg@50 : 0.0643    
26 Oct 21:33    INFO  Saving current best: saved/DirectAU-Oct-26-2023_21-13-44.pth
26 Oct 21:33    INFO  epoch 20 training [time: 4.67s, train loss: -1.0903]
26 Oct 21:34    INFO  epoch 20 evaluating [time: 55.67s, valid_score: 0.052400]
26 Oct 21:34    INFO  valid result: 
recall@10 : 0.0761    recall@20 : 0.114    recall@50 : 0.1694    ndcg@10 : 0.0425    ndcg@20 : 0.0524    ndcg@50 : 0.0639    
26 Oct 21:34    INFO  epoch 21 training [time: 4.77s, train loss: -1.0931]
26 Oct 21:35    INFO  epoch 21 evaluating [time: 55.62s, valid_score: 0.052500]
26 Oct 21:35    INFO  valid result: 
recall@10 : 0.0766    recall@20 : 0.1142    recall@50 : 0.1711    ndcg@10 : 0.0426    ndcg@20 : 0.0525    ndcg@50 : 0.0642    
26 Oct 21:35    INFO  epoch 22 training [time: 4.64s, train loss: -1.0959]
26 Oct 21:36    INFO  epoch 22 evaluating [time: 55.86s, valid_score: 0.052800]
26 Oct 21:36    INFO  valid result: 
recall@10 : 0.0765    recall@20 : 0.1151    recall@50 : 0.1717    ndcg@10 : 0.0428    ndcg@20 : 0.0528    ndcg@50 : 0.0645    
26 Oct 21:36    INFO  Saving current best: saved/DirectAU-Oct-26-2023_21-13-44.pth
26 Oct 21:36    INFO  epoch 23 training [time: 4.69s, train loss: -1.0982]
26 Oct 21:37    INFO  epoch 23 evaluating [time: 55.56s, valid_score: 0.053100]
26 Oct 21:37    INFO  valid result: 
recall@10 : 0.0776    recall@20 : 0.1155    recall@50 : 0.1723    ndcg@10 : 0.0431    ndcg@20 : 0.0531    ndcg@50 : 0.0648    
26 Oct 21:37    INFO  Saving current best: saved/DirectAU-Oct-26-2023_21-13-44.pth
26 Oct 21:37    INFO  epoch 24 training [time: 4.70s, train loss: -1.1004]
26 Oct 21:38    INFO  epoch 24 evaluating [time: 55.85s, valid_score: 0.053200]
26 Oct 21:38    INFO  valid result: 
recall@10 : 0.0776    recall@20 : 0.1154    recall@50 : 0.173    ndcg@10 : 0.0433    ndcg@20 : 0.0532    ndcg@50 : 0.0651    
26 Oct 21:38    INFO  Saving current best: saved/DirectAU-Oct-26-2023_21-13-44.pth
26 Oct 21:38    INFO  epoch 25 training [time: 4.69s, train loss: -1.1033]
26 Oct 21:39    INFO  epoch 25 evaluating [time: 55.59s, valid_score: 0.052900]
26 Oct 21:39    INFO  valid result: 
recall@10 : 0.0793    recall@20 : 0.1155    recall@50 : 0.1724    ndcg@10 : 0.0434    ndcg@20 : 0.0529    ndcg@50 : 0.0646    
26 Oct 21:39    INFO  epoch 26 training [time: 4.67s, train loss: -1.1052]
26 Oct 21:40    INFO  epoch 26 evaluating [time: 55.90s, valid_score: 0.053500]
26 Oct 21:40    INFO  valid result: 
recall@10 : 0.0786    recall@20 : 0.1159    recall@50 : 0.1734    ndcg@10 : 0.0437    ndcg@20 : 0.0535    ndcg@50 : 0.0653    
26 Oct 21:40    INFO  Saving current best: saved/DirectAU-Oct-26-2023_21-13-44.pth
26 Oct 21:40    INFO  epoch 27 training [time: 4.69s, train loss: -1.1070]
26 Oct 21:41    INFO  epoch 27 evaluating [time: 55.55s, valid_score: 0.053300]
26 Oct 21:41    INFO  valid result: 
recall@10 : 0.0792    recall@20 : 0.1155    recall@50 : 0.1738    ndcg@10 : 0.0438    ndcg@20 : 0.0533    ndcg@50 : 0.0653    
26 Oct 21:41    INFO  epoch 28 training [time: 4.53s, train loss: -1.1089]
26 Oct 21:42    INFO  epoch 28 evaluating [time: 56.15s, valid_score: 0.053300]
26 Oct 21:42    INFO  valid result: 
recall@10 : 0.0791    recall@20 : 0.1161    recall@50 : 0.1737    ndcg@10 : 0.0436    ndcg@20 : 0.0533    ndcg@50 : 0.0652    
26 Oct 21:42    INFO  epoch 29 training [time: 4.70s, train loss: -1.1110]
26 Oct 21:43    INFO  epoch 29 evaluating [time: 55.58s, valid_score: 0.054000]
26 Oct 21:43    INFO  valid result: 
recall@10 : 0.0787    recall@20 : 0.1161    recall@50 : 0.1736    ndcg@10 : 0.0442    ndcg@20 : 0.054    ndcg@50 : 0.0659    
26 Oct 21:43    INFO  Saving current best: saved/DirectAU-Oct-26-2023_21-13-44.pth
26 Oct 21:43    INFO  epoch 30 training [time: 4.65s, train loss: -1.1124]
26 Oct 21:44    INFO  epoch 30 evaluating [time: 55.92s, valid_score: 0.054300]
26 Oct 21:44    INFO  valid result: 
recall@10 : 0.079    recall@20 : 0.1161    recall@50 : 0.1752    ndcg@10 : 0.0445    ndcg@20 : 0.0543    ndcg@50 : 0.0664    
26 Oct 21:44    INFO  Saving current best: saved/DirectAU-Oct-26-2023_21-13-44.pth
26 Oct 21:44    INFO  epoch 31 training [time: 4.72s, train loss: -1.1137]
26 Oct 21:45    INFO  epoch 31 evaluating [time: 55.53s, valid_score: 0.053900]
26 Oct 21:45    INFO  valid result: 
recall@10 : 0.0797    recall@20 : 0.1166    recall@50 : 0.1751    ndcg@10 : 0.0443    ndcg@20 : 0.0539    ndcg@50 : 0.066    
26 Oct 21:45    INFO  epoch 32 training [time: 4.64s, train loss: -1.1155]
26 Oct 21:46    INFO  epoch 32 evaluating [time: 55.89s, valid_score: 0.054100]
26 Oct 21:46    INFO  valid result: 
recall@10 : 0.0803    recall@20 : 0.1169    recall@50 : 0.1752    ndcg@10 : 0.0445    ndcg@20 : 0.0541    ndcg@50 : 0.0661    
26 Oct 21:46    INFO  epoch 33 training [time: 4.67s, train loss: -1.1172]
26 Oct 21:47    INFO  epoch 33 evaluating [time: 55.65s, valid_score: 0.054100]
26 Oct 21:47    INFO  valid result: 
recall@10 : 0.0803    recall@20 : 0.1176    recall@50 : 0.1757    ndcg@10 : 0.0444    ndcg@20 : 0.0541    ndcg@50 : 0.0661    
26 Oct 21:47    INFO  epoch 34 training [time: 4.69s, train loss: -1.1181]
26 Oct 21:48    INFO  epoch 34 evaluating [time: 55.82s, valid_score: 0.054000]
26 Oct 21:48    INFO  valid result: 
recall@10 : 0.0801    recall@20 : 0.1175    recall@50 : 0.1775    ndcg@10 : 0.0442    ndcg@20 : 0.054    ndcg@50 : 0.0663    
26 Oct 21:48    INFO  epoch 35 training [time: 4.67s, train loss: -1.1196]
26 Oct 21:49    INFO  epoch 35 evaluating [time: 55.61s, valid_score: 0.054500]
26 Oct 21:49    INFO  valid result: 
recall@10 : 0.0801    recall@20 : 0.1184    recall@50 : 0.1768    ndcg@10 : 0.0445    ndcg@20 : 0.0545    ndcg@50 : 0.0665    
26 Oct 21:49    INFO  Saving current best: saved/DirectAU-Oct-26-2023_21-13-44.pth
26 Oct 21:49    INFO  epoch 36 training [time: 4.72s, train loss: -1.1209]
26 Oct 21:50    INFO  epoch 36 evaluating [time: 55.75s, valid_score: 0.054600]
26 Oct 21:50    INFO  valid result: 
recall@10 : 0.0808    recall@20 : 0.1186    recall@50 : 0.1776    ndcg@10 : 0.0447    ndcg@20 : 0.0546    ndcg@50 : 0.0667    
26 Oct 21:50    INFO  Saving current best: saved/DirectAU-Oct-26-2023_21-13-44.pth
26 Oct 21:50    INFO  epoch 37 training [time: 4.67s, train loss: -1.1220]
26 Oct 21:51    INFO  epoch 37 evaluating [time: 55.69s, valid_score: 0.054800]
26 Oct 21:51    INFO  valid result: 
recall@10 : 0.0809    recall@20 : 0.1185    recall@50 : 0.1766    ndcg@10 : 0.0449    ndcg@20 : 0.0548    ndcg@50 : 0.0668    
26 Oct 21:51    INFO  Saving current best: saved/DirectAU-Oct-26-2023_21-13-44.pth
26 Oct 21:51    INFO  epoch 38 training [time: 4.75s, train loss: -1.1228]
26 Oct 21:52    INFO  epoch 38 evaluating [time: 55.69s, valid_score: 0.054900]
26 Oct 21:52    INFO  valid result: 
recall@10 : 0.0816    recall@20 : 0.1182    recall@50 : 0.1769    ndcg@10 : 0.0453    ndcg@20 : 0.0549    ndcg@50 : 0.0669    
26 Oct 21:52    INFO  Saving current best: saved/DirectAU-Oct-26-2023_21-13-44.pth
26 Oct 21:52    INFO  epoch 39 training [time: 4.69s, train loss: -1.1243]
26 Oct 21:53    INFO  epoch 39 evaluating [time: 55.78s, valid_score: 0.054600]
26 Oct 21:53    INFO  valid result: 
recall@10 : 0.0806    recall@20 : 0.1179    recall@50 : 0.1763    ndcg@10 : 0.0448    ndcg@20 : 0.0546    ndcg@50 : 0.0666    
26 Oct 21:53    INFO  epoch 40 training [time: 4.69s, train loss: -1.1253]
26 Oct 21:54    INFO  epoch 40 evaluating [time: 55.54s, valid_score: 0.055000]
26 Oct 21:54    INFO  valid result: 
recall@10 : 0.0811    recall@20 : 0.1182    recall@50 : 0.1775    ndcg@10 : 0.0454    ndcg@20 : 0.055    ndcg@50 : 0.0673    
26 Oct 21:54    INFO  Saving current best: saved/DirectAU-Oct-26-2023_21-13-44.pth
26 Oct 21:54    INFO  epoch 41 training [time: 4.69s, train loss: -1.1268]
26 Oct 21:55    INFO  epoch 41 evaluating [time: 55.81s, valid_score: 0.055000]
26 Oct 21:55    INFO  valid result: 
recall@10 : 0.0808    recall@20 : 0.1187    recall@50 : 0.1765    ndcg@10 : 0.0451    ndcg@20 : 0.055    ndcg@50 : 0.0669    
26 Oct 21:55    INFO  epoch 42 training [time: 4.72s, train loss: -1.1276]
26 Oct 21:56    INFO  epoch 42 evaluating [time: 55.57s, valid_score: 0.054900]
26 Oct 21:56    INFO  valid result: 
recall@10 : 0.0808    recall@20 : 0.1187    recall@50 : 0.1767    ndcg@10 : 0.045    ndcg@20 : 0.0549    ndcg@50 : 0.0669    
26 Oct 21:56    INFO  epoch 43 training [time: 4.67s, train loss: -1.1284]
26 Oct 21:57    INFO  epoch 43 evaluating [time: 55.89s, valid_score: 0.055200]
26 Oct 21:57    INFO  valid result: 
recall@10 : 0.0815    recall@20 : 0.1193    recall@50 : 0.1774    ndcg@10 : 0.0453    ndcg@20 : 0.0552    ndcg@50 : 0.0671    
26 Oct 21:57    INFO  Saving current best: saved/DirectAU-Oct-26-2023_21-13-44.pth
26 Oct 21:57    INFO  epoch 44 training [time: 4.64s, train loss: -1.1295]
26 Oct 21:58    INFO  epoch 44 evaluating [time: 55.78s, valid_score: 0.055000]
26 Oct 21:58    INFO  valid result: 
recall@10 : 0.0817    recall@20 : 0.1185    recall@50 : 0.1776    ndcg@10 : 0.0454    ndcg@20 : 0.055    ndcg@50 : 0.0672    
26 Oct 21:58    INFO  epoch 45 training [time: 4.73s, train loss: -1.1306]
26 Oct 21:59    INFO  epoch 45 evaluating [time: 56.04s, valid_score: 0.055000]
26 Oct 21:59    INFO  valid result: 
recall@10 : 0.0808    recall@20 : 0.1192    recall@50 : 0.1778    ndcg@10 : 0.045    ndcg@20 : 0.055    ndcg@50 : 0.0671    
26 Oct 21:59    INFO  epoch 46 training [time: 4.44s, train loss: -1.1317]
26 Oct 22:00    INFO  epoch 46 evaluating [time: 55.68s, valid_score: 0.054800]
26 Oct 22:00    INFO  valid result: 
recall@10 : 0.0806    recall@20 : 0.1187    recall@50 : 0.1778    ndcg@10 : 0.0449    ndcg@20 : 0.0548    ndcg@50 : 0.067    
26 Oct 22:00    INFO  epoch 47 training [time: 4.73s, train loss: -1.1322]
26 Oct 22:01    INFO  epoch 47 evaluating [time: 55.71s, valid_score: 0.054900]
26 Oct 22:01    INFO  valid result: 
recall@10 : 0.0813    recall@20 : 0.118    recall@50 : 0.1783    ndcg@10 : 0.0452    ndcg@20 : 0.0549    ndcg@50 : 0.0673    
26 Oct 22:01    INFO  epoch 48 training [time: 4.73s, train loss: -1.1330]
26 Oct 22:02    INFO  epoch 48 evaluating [time: 55.61s, valid_score: 0.054600]
26 Oct 22:02    INFO  valid result: 
recall@10 : 0.0813    recall@20 : 0.1182    recall@50 : 0.1785    ndcg@10 : 0.045    ndcg@20 : 0.0546    ndcg@50 : 0.067    
26 Oct 22:02    INFO  epoch 49 training [time: 4.62s, train loss: -1.1343]
26 Oct 22:03    INFO  epoch 49 evaluating [time: 55.85s, valid_score: 0.055200]
26 Oct 22:03    INFO  valid result: 
recall@10 : 0.0813    recall@20 : 0.1189    recall@50 : 0.1776    ndcg@10 : 0.0454    ndcg@20 : 0.0552    ndcg@50 : 0.0673    
26 Oct 22:03    INFO  epoch 50 training [time: 4.67s, train loss: -1.1348]
26 Oct 22:04    INFO  epoch 50 evaluating [time: 55.63s, valid_score: 0.054700]
26 Oct 22:04    INFO  valid result: 
recall@10 : 0.0812    recall@20 : 0.1178    recall@50 : 0.1779    ndcg@10 : 0.0451    ndcg@20 : 0.0547    ndcg@50 : 0.067    
26 Oct 22:04    INFO  epoch 51 training [time: 4.65s, train loss: -1.1354]
26 Oct 22:05    INFO  epoch 51 evaluating [time: 55.80s, valid_score: 0.055100]
26 Oct 22:05    INFO  valid result: 
recall@10 : 0.0802    recall@20 : 0.1187    recall@50 : 0.1789    ndcg@10 : 0.045    ndcg@20 : 0.0551    ndcg@50 : 0.0675    
26 Oct 22:05    INFO  epoch 52 training [time: 4.70s, train loss: -1.1362]
26 Oct 22:06    INFO  epoch 52 evaluating [time: 55.61s, valid_score: 0.055300]
26 Oct 22:06    INFO  valid result: 
recall@10 : 0.0816    recall@20 : 0.1184    recall@50 : 0.1788    ndcg@10 : 0.0456    ndcg@20 : 0.0553    ndcg@50 : 0.0677    
26 Oct 22:06    INFO  Saving current best: saved/DirectAU-Oct-26-2023_21-13-44.pth
26 Oct 22:06    INFO  epoch 53 training [time: 4.69s, train loss: -1.1372]
26 Oct 22:07    INFO  epoch 53 evaluating [time: 55.74s, valid_score: 0.055300]
26 Oct 22:07    INFO  valid result: 
recall@10 : 0.0817    recall@20 : 0.1197    recall@50 : 0.1785    ndcg@10 : 0.0454    ndcg@20 : 0.0553    ndcg@50 : 0.0673    
26 Oct 22:07    INFO  epoch 54 training [time: 4.70s, train loss: -1.1376]
26 Oct 22:08    INFO  epoch 54 evaluating [time: 55.65s, valid_score: 0.055200]
26 Oct 22:08    INFO  valid result: 
recall@10 : 0.0815    recall@20 : 0.1182    recall@50 : 0.1788    ndcg@10 : 0.0455    ndcg@20 : 0.0552    ndcg@50 : 0.0676    
26 Oct 22:08    INFO  epoch 55 training [time: 4.69s, train loss: -1.1388]
26 Oct 22:09    INFO  epoch 55 evaluating [time: 55.56s, valid_score: 0.054700]
26 Oct 22:09    INFO  valid result: 
recall@10 : 0.0816    recall@20 : 0.117    recall@50 : 0.1782    ndcg@10 : 0.0454    ndcg@20 : 0.0547    ndcg@50 : 0.0673    
26 Oct 22:09    INFO  epoch 56 training [time: 4.64s, train loss: -1.1394]
26 Oct 22:10    INFO  epoch 56 evaluating [time: 55.93s, valid_score: 0.055000]
26 Oct 22:10    INFO  valid result: 
recall@10 : 0.0816    recall@20 : 0.1183    recall@50 : 0.1783    ndcg@10 : 0.0453    ndcg@20 : 0.055    ndcg@50 : 0.0673    
26 Oct 22:10    INFO  epoch 57 training [time: 4.70s, train loss: -1.1398]
26 Oct 22:11    INFO  epoch 57 evaluating [time: 55.65s, valid_score: 0.055000]
26 Oct 22:11    INFO  valid result: 
recall@10 : 0.0818    recall@20 : 0.1181    recall@50 : 0.1775    ndcg@10 : 0.0455    ndcg@20 : 0.055    ndcg@50 : 0.0673    
26 Oct 22:11    INFO  epoch 58 training [time: 4.68s, train loss: -1.1403]
26 Oct 22:12    INFO  epoch 58 evaluating [time: 55.80s, valid_score: 0.054900]
26 Oct 22:12    INFO  valid result: 
recall@10 : 0.0818    recall@20 : 0.1163    recall@50 : 0.1782    ndcg@10 : 0.0458    ndcg@20 : 0.0549    ndcg@50 : 0.0676    
26 Oct 22:12    INFO  epoch 59 training [time: 4.67s, train loss: -1.1411]
26 Oct 22:13    INFO  epoch 59 evaluating [time: 55.11s, valid_score: 0.055000]
26 Oct 22:13    INFO  valid result: 
recall@10 : 0.0811    recall@20 : 0.1179    recall@50 : 0.1786    ndcg@10 : 0.0454    ndcg@20 : 0.055    ndcg@50 : 0.0675    
26 Oct 22:13    INFO  epoch 60 training [time: 4.89s, train loss: -1.1414]
26 Oct 22:14    INFO  epoch 60 evaluating [time: 55.27s, valid_score: 0.054900]
26 Oct 22:14    INFO  valid result: 
recall@10 : 0.0811    recall@20 : 0.1167    recall@50 : 0.1789    ndcg@10 : 0.0456    ndcg@20 : 0.0549    ndcg@50 : 0.0677    
26 Oct 22:15    INFO  epoch 61 training [time: 5.14s, train loss: -1.1426]
26 Oct 22:15    INFO  epoch 61 evaluating [time: 55.33s, valid_score: 0.055300]
26 Oct 22:15    INFO  valid result: 
recall@10 : 0.0808    recall@20 : 0.1183    recall@50 : 0.1791    ndcg@10 : 0.0455    ndcg@20 : 0.0553    ndcg@50 : 0.0678    
26 Oct 22:15    INFO  epoch 62 training [time: 4.45s, train loss: -1.1430]
26 Oct 22:16    INFO  epoch 62 evaluating [time: 56.18s, valid_score: 0.055300]
26 Oct 22:16    INFO  valid result: 
recall@10 : 0.0815    recall@20 : 0.1183    recall@50 : 0.1778    ndcg@10 : 0.0457    ndcg@20 : 0.0553    ndcg@50 : 0.0676    
26 Oct 22:17    INFO  epoch 63 training [time: 4.67s, train loss: -1.1434]
26 Oct 22:17    INFO  epoch 63 evaluating [time: 55.63s, valid_score: 0.055300]
26 Oct 22:17    INFO  valid result: 
recall@10 : 0.0816    recall@20 : 0.1179    recall@50 : 0.1783    ndcg@10 : 0.0459    ndcg@20 : 0.0553    ndcg@50 : 0.0678    
26 Oct 22:17    INFO  Finished training, best eval result in epoch 52
26 Oct 22:17    INFO  Loading model structure and parameters from saved/DirectAU-Oct-26-2023_21-13-44.pth
26 Oct 22:18    INFO  best valid : {'recall@10': 0.0816, 'recall@20': 0.1184, 'recall@50': 0.1788, 'ndcg@10': 0.0456, 'ndcg@20': 0.0553, 'ndcg@50': 0.0677}
26 Oct 22:18    INFO  test result: {'recall@10': 0.0861, 'recall@20': 0.1219, 'recall@50': 0.1838, 'ndcg@10': 0.0501, 'ndcg@20': 0.0595, 'ndcg@50': 0.0721}
