command line args [--zc 0.06] will not be used in RecBole
26 Oct 16:33    INFO  
General Hyper Parameters:
gpu_id = 6
use_gpu = True
seed = 0
state = INFO
reproducibility = True
data_path = dataset/Gowalla
show_progress = False

Training Hyper Parameters:
checkpoint_dir = saved
epochs = 500
train_batch_size = 1024
learner = adam
learning_rate = 0.001
training_neg_sample_num = 0
training_neg_sample_distribution = uniform
eval_step = 1
stopping_step = 10
clip_grad_norm = None
weight_decay = 1e-06
draw_loss_pic = False
loss_decimal_place = 4

Evaluation Hyper Parameters:
eval_setting = RO_RS,full
group_by_user = True
split_ratio = [0.8, 0.1, 0.1]
leave_one_num = 2
real_time_process = False
metrics = ['Recall', 'NDCG']
topk = [10, 20, 50]
valid_metric = NDCG@20
eval_batch_size = 4096
metric_decimal_place = 4

Dataset Hyper Parameters:
field_separator = 	
seq_separator =  
USER_ID_FIELD = user_id
ITEM_ID_FIELD = item_id
RATING_FIELD = rating
TIME_FIELD = timestamp
seq_len = None
LABEL_FIELD = label
threshold = None
NEG_PREFIX = neg_
load_col = {'inter': ['user_id', 'item_id', 'timestamp']}
unload_col = None
unused_col = None
additional_feat_suffix = None
lowest_val = None
highest_val = None
equal_val = None
not_equal_val = None
max_user_inter_num = None
min_user_inter_num = 5
max_item_inter_num = None
min_item_inter_num = 5
fields_in_same_space = None
preload_weight = None
normalize_field = None
normalize_all = None
ITEM_LIST_LENGTH_FIELD = item_length
LIST_SUFFIX = _list
MAX_ITEM_LIST_LENGTH = 50
POSITION_FIELD = position_id
HEAD_ENTITY_ID_FIELD = head_id
TAIL_ENTITY_ID_FIELD = tail_id
RELATION_ID_FIELD = relation_id
ENTITY_ID_FIELD = entity_id

Other Hyper Parameters: 
valid_metric_bigger = True
BT = 0.1
bt = 0.001
embedding_size = 64
encoder = MF
gamma = 5
times = 1
witem = 0.1
wuser = 0.8
zc = 0.06
rm_dup_inter = None
filter_inter_by_user_or_item = True
SOURCE_ID_FIELD = source_id
TARGET_ID_FIELD = target_id
benchmark_filename = None
MODEL_TYPE = ModelType.GENERAL
MODEL_INPUT_TYPE = InputType.POINTWISE
eval_type = EvaluatorType.RANKING
device = cuda
train_neg_sample_args = {'strategy': 'none'}


26 Oct 16:33    INFO  Gowalla
The number of users: 29859
Average actions of users: 34.408533726304505
The number of items: 40982
Average actions of items: 25.06942241526561
The number of inters: 1027370
The sparsity of the dataset: 99.91604269835769%
Remain Fields: ['user_id', 'item_id']
26 Oct 16:33    INFO  Build [GeneralDataLoader] for [train] with format [InputType.POINTWISE]
26 Oct 16:33    INFO  [train] No Negative Sampling
26 Oct 16:33    INFO  [train] batch_size = [1024], shuffle = [True]

26 Oct 16:33    INFO  Build [GeneralFullDataLoader] for [evaluation] with format [InputType.POINTWISE]
26 Oct 16:33    INFO  Evaluation Setting:
	Group by user_id
	Ordering: {'strategy': 'shuffle'}
	Splitting: {'strategy': 'by_ratio', 'ratios': [0.8, 0.1, 0.1]}
	Negative Sampling: {'strategy': 'full', 'distribution': 'uniform'}
26 Oct 16:33    INFO  [evaluation] batch_size = [4096], shuffle = [False]

26 Oct 16:33    WARNING  Batch size is changed to 40982.
26 Oct 16:33    WARNING  Batch size is changed to 40982.
{'BT': 0.1, 'bt': 0.001, 'embedding_size': 64, 'encoder': 'MF', 'gamma': None, 'times': 1, 'training_neg_sample_num': 0, 'witem': 0.1, 'wuser': 0.8, 'zc': 0.06}
this is encoder MF...
这是directau 的 WUBT 版本...0.06
26 Oct 16:33    INFO  DirectAU(
  (encoder): MFEncoder(
    (user_embedding): Embedding(29859, 64)
    (item_embedding): Embedding(40982, 64)
  )
  (bn): BatchNorm1d(64, eps=1e-05, momentum=0.1, affine=False, track_running_stats=True)
  (projector): Sequential(
    (0): Linear(in_features=64, out_features=64, bias=False)
    (1): BatchNorm1d(64, eps=1e-05, momentum=0.1, affine=True, track_running_stats=True)
    (2): ReLU(inplace=True)
    (3): Linear(in_features=64, out_features=64, bias=False)
    (4): BatchNorm1d(64, eps=1e-05, momentum=0.1, affine=True, track_running_stats=True)
    (5): ReLU(inplace=True)
    (6): Linear(in_features=64, out_features=64, bias=False)
  )
)
Trainable parameters: 4546368
26 Oct 16:34    INFO  epoch 0 training [time: 15.75s, train loss: -17.4921]
26 Oct 16:34    INFO  epoch 0 evaluating [time: 14.82s, valid_score: 0.029400]
26 Oct 16:34    INFO  valid result: 
recall@10 : 0.0338    recall@20 : 0.052    recall@50 : 0.0875    ndcg@10 : 0.0237    ndcg@20 : 0.0294    ndcg@50 : 0.0387    
26 Oct 16:34    INFO  Saving current best: saved/DirectAU-Oct-26-2023_16-33-52.pth
26 Oct 16:34    INFO  epoch 1 training [time: 15.66s, train loss: -17.8991]
26 Oct 16:34    INFO  epoch 1 evaluating [time: 14.55s, valid_score: 0.045300]
26 Oct 16:34    INFO  valid result: 
recall@10 : 0.0528    recall@20 : 0.0812    recall@50 : 0.1372    ndcg@10 : 0.0368    ndcg@20 : 0.0453    ndcg@50 : 0.0594    
26 Oct 16:34    INFO  Saving current best: saved/DirectAU-Oct-26-2023_16-33-52.pth
26 Oct 16:35    INFO  epoch 2 training [time: 15.74s, train loss: -18.0086]
26 Oct 16:35    INFO  epoch 2 evaluating [time: 14.62s, valid_score: 0.053500]
26 Oct 16:35    INFO  valid result: 
recall@10 : 0.0642    recall@20 : 0.0964    recall@50 : 0.1597    ndcg@10 : 0.0438    ndcg@20 : 0.0535    ndcg@50 : 0.0694    
26 Oct 16:35    INFO  Saving current best: saved/DirectAU-Oct-26-2023_16-33-52.pth
26 Oct 16:35    INFO  epoch 3 training [time: 15.82s, train loss: -18.0621]
26 Oct 16:35    INFO  epoch 3 evaluating [time: 16.90s, valid_score: 0.057600]
26 Oct 16:35    INFO  valid result: 
recall@10 : 0.0687    recall@20 : 0.1039    recall@50 : 0.1733    ndcg@10 : 0.047    ndcg@20 : 0.0576    ndcg@50 : 0.0748    
26 Oct 16:35    INFO  Saving current best: saved/DirectAU-Oct-26-2023_16-33-52.pth
26 Oct 16:36    INFO  epoch 4 training [time: 15.82s, train loss: -18.0965]
26 Oct 16:36    INFO  epoch 4 evaluating [time: 15.11s, valid_score: 0.061000]
26 Oct 16:36    INFO  valid result: 
recall@10 : 0.0725    recall@20 : 0.1097    recall@50 : 0.1828    ndcg@10 : 0.0499    ndcg@20 : 0.061    ndcg@50 : 0.0791    
26 Oct 16:36    INFO  Saving current best: saved/DirectAU-Oct-26-2023_16-33-52.pth
26 Oct 16:36    INFO  epoch 5 training [time: 15.81s, train loss: -18.1215]
26 Oct 16:36    INFO  epoch 5 evaluating [time: 15.03s, valid_score: 0.063400]
26 Oct 16:36    INFO  valid result: 
recall@10 : 0.0762    recall@20 : 0.1154    recall@50 : 0.1911    ndcg@10 : 0.0517    ndcg@20 : 0.0634    ndcg@50 : 0.082    
26 Oct 16:36    INFO  Saving current best: saved/DirectAU-Oct-26-2023_16-33-52.pth
26 Oct 16:37    INFO  epoch 6 training [time: 15.77s, train loss: -18.1414]
26 Oct 16:37    INFO  epoch 6 evaluating [time: 15.37s, valid_score: 0.066000]
26 Oct 16:37    INFO  valid result: 
recall@10 : 0.0786    recall@20 : 0.1192    recall@50 : 0.1969    ndcg@10 : 0.054    ndcg@20 : 0.066    ndcg@50 : 0.0851    
26 Oct 16:37    INFO  Saving current best: saved/DirectAU-Oct-26-2023_16-33-52.pth
26 Oct 16:37    INFO  epoch 7 training [time: 15.79s, train loss: -18.1577]
26 Oct 16:38    INFO  epoch 7 evaluating [time: 15.04s, valid_score: 0.068700]
26 Oct 16:38    INFO  valid result: 
recall@10 : 0.0822    recall@20 : 0.1238    recall@50 : 0.2042    ndcg@10 : 0.0564    ndcg@20 : 0.0687    ndcg@50 : 0.0884    
26 Oct 16:38    INFO  Saving current best: saved/DirectAU-Oct-26-2023_16-33-52.pth
26 Oct 16:38    INFO  epoch 8 training [time: 15.79s, train loss: -18.1716]
26 Oct 16:38    INFO  epoch 8 evaluating [time: 15.73s, valid_score: 0.070400]
26 Oct 16:38    INFO  valid result: 
recall@10 : 0.085    recall@20 : 0.128    recall@50 : 0.2111    ndcg@10 : 0.0579    ndcg@20 : 0.0704    ndcg@50 : 0.0909    
26 Oct 16:38    INFO  Saving current best: saved/DirectAU-Oct-26-2023_16-33-52.pth
26 Oct 16:38    INFO  epoch 9 training [time: 15.74s, train loss: -18.1846]
26 Oct 16:39    INFO  epoch 9 evaluating [time: 14.99s, valid_score: 0.072200]
26 Oct 16:39    INFO  valid result: 
recall@10 : 0.0873    recall@20 : 0.1301    recall@50 : 0.2169    ndcg@10 : 0.0596    ndcg@20 : 0.0722    ndcg@50 : 0.0935    
26 Oct 16:39    INFO  Saving current best: saved/DirectAU-Oct-26-2023_16-33-52.pth
26 Oct 16:39    INFO  epoch 10 training [time: 15.80s, train loss: -18.1958]
26 Oct 16:39    INFO  epoch 10 evaluating [time: 15.02s, valid_score: 0.074100]
26 Oct 16:39    INFO  valid result: 
recall@10 : 0.0883    recall@20 : 0.1341    recall@50 : 0.2218    ndcg@10 : 0.0606    ndcg@20 : 0.0741    ndcg@50 : 0.0956    
26 Oct 16:39    INFO  Saving current best: saved/DirectAU-Oct-26-2023_16-33-52.pth
26 Oct 16:39    INFO  epoch 11 training [time: 15.76s, train loss: -18.2057]
26 Oct 16:40    INFO  epoch 11 evaluating [time: 15.16s, valid_score: 0.075200]
26 Oct 16:40    INFO  valid result: 
recall@10 : 0.0905    recall@20 : 0.136    recall@50 : 0.2265    ndcg@10 : 0.0619    ndcg@20 : 0.0752    ndcg@50 : 0.0974    
26 Oct 16:40    INFO  Saving current best: saved/DirectAU-Oct-26-2023_16-33-52.pth
26 Oct 16:40    INFO  epoch 12 training [time: 15.83s, train loss: -18.2147]
26 Oct 16:40    INFO  epoch 12 evaluating [time: 15.00s, valid_score: 0.077600]
26 Oct 16:40    INFO  valid result: 
recall@10 : 0.093    recall@20 : 0.1412    recall@50 : 0.2301    ndcg@10 : 0.0635    ndcg@20 : 0.0776    ndcg@50 : 0.0995    
26 Oct 16:40    INFO  Saving current best: saved/DirectAU-Oct-26-2023_16-33-52.pth
26 Oct 16:40    INFO  epoch 13 training [time: 15.83s, train loss: -18.2230]
26 Oct 16:41    INFO  epoch 13 evaluating [time: 15.08s, valid_score: 0.078900]
26 Oct 16:41    INFO  valid result: 
recall@10 : 0.0947    recall@20 : 0.1439    recall@50 : 0.2351    ndcg@10 : 0.0645    ndcg@20 : 0.0789    ndcg@50 : 0.1013    
26 Oct 16:41    INFO  Saving current best: saved/DirectAU-Oct-26-2023_16-33-52.pth
26 Oct 16:41    INFO  epoch 14 training [time: 15.80s, train loss: -18.2302]
26 Oct 16:41    INFO  epoch 14 evaluating [time: 14.79s, valid_score: 0.080700]
26 Oct 16:41    INFO  valid result: 
recall@10 : 0.097    recall@20 : 0.147    recall@50 : 0.2379    ndcg@10 : 0.0661    ndcg@20 : 0.0807    ndcg@50 : 0.1031    
26 Oct 16:41    INFO  Saving current best: saved/DirectAU-Oct-26-2023_16-33-52.pth
26 Oct 16:41    INFO  epoch 15 training [time: 15.80s, train loss: -18.2368]
26 Oct 16:42    INFO  epoch 15 evaluating [time: 15.08s, valid_score: 0.082200]
26 Oct 16:42    INFO  valid result: 
recall@10 : 0.0991    recall@20 : 0.1501    recall@50 : 0.2413    ndcg@10 : 0.0671    ndcg@20 : 0.0822    ndcg@50 : 0.1046    
26 Oct 16:42    INFO  Saving current best: saved/DirectAU-Oct-26-2023_16-33-52.pth
26 Oct 16:42    INFO  epoch 16 training [time: 15.79s, train loss: -18.2431]
26 Oct 16:42    INFO  epoch 16 evaluating [time: 15.01s, valid_score: 0.084100]
26 Oct 16:42    INFO  valid result: 
recall@10 : 0.1011    recall@20 : 0.1535    recall@50 : 0.2475    ndcg@10 : 0.0687    ndcg@20 : 0.0841    ndcg@50 : 0.1071    
26 Oct 16:42    INFO  Saving current best: saved/DirectAU-Oct-26-2023_16-33-52.pth
26 Oct 16:42    INFO  epoch 17 training [time: 15.83s, train loss: -18.2478]
26 Oct 16:43    INFO  epoch 17 evaluating [time: 15.08s, valid_score: 0.085400]
26 Oct 16:43    INFO  valid result: 
recall@10 : 0.1029    recall@20 : 0.1549    recall@50 : 0.2489    ndcg@10 : 0.0703    ndcg@20 : 0.0854    ndcg@50 : 0.1085    
26 Oct 16:43    INFO  Saving current best: saved/DirectAU-Oct-26-2023_16-33-52.pth
26 Oct 16:43    INFO  epoch 18 training [time: 15.77s, train loss: -18.2529]
26 Oct 16:43    INFO  epoch 18 evaluating [time: 15.09s, valid_score: 0.086800]
26 Oct 16:43    INFO  valid result: 
recall@10 : 0.1044    recall@20 : 0.1577    recall@50 : 0.2512    ndcg@10 : 0.0713    ndcg@20 : 0.0868    ndcg@50 : 0.1098    
26 Oct 16:43    INFO  Saving current best: saved/DirectAU-Oct-26-2023_16-33-52.pth
26 Oct 16:43    INFO  epoch 19 training [time: 15.82s, train loss: -18.2580]
26 Oct 16:44    INFO  epoch 19 evaluating [time: 17.60s, valid_score: 0.088200]
26 Oct 16:44    INFO  valid result: 
recall@10 : 0.1075    recall@20 : 0.1595    recall@50 : 0.2551    ndcg@10 : 0.0731    ndcg@20 : 0.0882    ndcg@50 : 0.1117    
26 Oct 16:44    INFO  Saving current best: saved/DirectAU-Oct-26-2023_16-33-52.pth
26 Oct 16:44    INFO  epoch 20 training [time: 15.85s, train loss: -18.2619]
26 Oct 16:44    INFO  epoch 20 evaluating [time: 17.36s, valid_score: 0.089100]
26 Oct 16:44    INFO  valid result: 
recall@10 : 0.1085    recall@20 : 0.1612    recall@50 : 0.2581    ndcg@10 : 0.0738    ndcg@20 : 0.0891    ndcg@50 : 0.1129    
26 Oct 16:44    INFO  Saving current best: saved/DirectAU-Oct-26-2023_16-33-52.pth
26 Oct 16:45    INFO  epoch 21 training [time: 15.76s, train loss: -18.2655]
26 Oct 16:45    INFO  epoch 21 evaluating [time: 14.96s, valid_score: 0.090200]
26 Oct 16:45    INFO  valid result: 
recall@10 : 0.1099    recall@20 : 0.1623    recall@50 : 0.2602    ndcg@10 : 0.0749    ndcg@20 : 0.0902    ndcg@50 : 0.1141    
26 Oct 16:45    INFO  Saving current best: saved/DirectAU-Oct-26-2023_16-33-52.pth
26 Oct 16:45    INFO  epoch 22 training [time: 15.77s, train loss: -18.2690]
26 Oct 16:45    INFO  epoch 22 evaluating [time: 15.08s, valid_score: 0.091400]
26 Oct 16:45    INFO  valid result: 
recall@10 : 0.1106    recall@20 : 0.1642    recall@50 : 0.2624    ndcg@10 : 0.0757    ndcg@20 : 0.0914    ndcg@50 : 0.1154    
26 Oct 16:45    INFO  Saving current best: saved/DirectAU-Oct-26-2023_16-33-52.pth
26 Oct 16:46    INFO  epoch 23 training [time: 15.78s, train loss: -18.2721]
26 Oct 16:46    INFO  epoch 23 evaluating [time: 15.33s, valid_score: 0.092200]
26 Oct 16:46    INFO  valid result: 
recall@10 : 0.112    recall@20 : 0.1663    recall@50 : 0.2662    ndcg@10 : 0.0763    ndcg@20 : 0.0922    ndcg@50 : 0.1166    
26 Oct 16:46    INFO  Saving current best: saved/DirectAU-Oct-26-2023_16-33-52.pth
26 Oct 16:46    INFO  epoch 24 training [time: 15.82s, train loss: -18.2752]
26 Oct 16:46    INFO  epoch 24 evaluating [time: 15.22s, valid_score: 0.092900]
26 Oct 16:46    INFO  valid result: 
recall@10 : 0.1132    recall@20 : 0.1675    recall@50 : 0.2672    ndcg@10 : 0.0771    ndcg@20 : 0.0929    ndcg@50 : 0.1174    
26 Oct 16:46    INFO  Saving current best: saved/DirectAU-Oct-26-2023_16-33-52.pth
26 Oct 16:47    INFO  epoch 25 training [time: 15.80s, train loss: -18.2775]
26 Oct 16:47    INFO  epoch 25 evaluating [time: 15.34s, valid_score: 0.093800]
26 Oct 16:47    INFO  valid result: 
recall@10 : 0.1149    recall@20 : 0.1684    recall@50 : 0.269    ndcg@10 : 0.0782    ndcg@20 : 0.0938    ndcg@50 : 0.1183    
26 Oct 16:47    INFO  Saving current best: saved/DirectAU-Oct-26-2023_16-33-52.pth
26 Oct 16:47    INFO  epoch 26 training [time: 15.78s, train loss: -18.2800]
26 Oct 16:47    INFO  epoch 26 evaluating [time: 15.34s, valid_score: 0.094800]
26 Oct 16:47    INFO  valid result: 
recall@10 : 0.1148    recall@20 : 0.1698    recall@50 : 0.2709    ndcg@10 : 0.0787    ndcg@20 : 0.0948    ndcg@50 : 0.1195    
26 Oct 16:47    INFO  Saving current best: saved/DirectAU-Oct-26-2023_16-33-52.pth
26 Oct 16:48    INFO  epoch 27 training [time: 15.80s, train loss: -18.2819]
26 Oct 16:48    INFO  epoch 27 evaluating [time: 14.95s, valid_score: 0.095300]
26 Oct 16:48    INFO  valid result: 
recall@10 : 0.116    recall@20 : 0.1703    recall@50 : 0.273    ndcg@10 : 0.0794    ndcg@20 : 0.0953    ndcg@50 : 0.1204    
26 Oct 16:48    INFO  Saving current best: saved/DirectAU-Oct-26-2023_16-33-52.pth
26 Oct 16:48    INFO  epoch 28 training [time: 15.81s, train loss: -18.2839]
26 Oct 16:48    INFO  epoch 28 evaluating [time: 15.31s, valid_score: 0.096100]
26 Oct 16:48    INFO  valid result: 
recall@10 : 0.1165    recall@20 : 0.1721    recall@50 : 0.2734    ndcg@10 : 0.0799    ndcg@20 : 0.0961    ndcg@50 : 0.1209    
26 Oct 16:48    INFO  Saving current best: saved/DirectAU-Oct-26-2023_16-33-52.pth
26 Oct 16:49    INFO  epoch 29 training [time: 15.77s, train loss: -18.2862]
26 Oct 16:49    INFO  epoch 29 evaluating [time: 15.01s, valid_score: 0.096600]
26 Oct 16:49    INFO  valid result: 
recall@10 : 0.1177    recall@20 : 0.1725    recall@50 : 0.2756    ndcg@10 : 0.0806    ndcg@20 : 0.0966    ndcg@50 : 0.1219    
26 Oct 16:49    INFO  Saving current best: saved/DirectAU-Oct-26-2023_16-33-52.pth
26 Oct 16:49    INFO  epoch 30 training [time: 15.80s, train loss: -18.2879]
26 Oct 16:50    INFO  epoch 30 evaluating [time: 15.47s, valid_score: 0.097500]
26 Oct 16:50    INFO  valid result: 
recall@10 : 0.1177    recall@20 : 0.1736    recall@50 : 0.2783    ndcg@10 : 0.0813    ndcg@20 : 0.0975    ndcg@50 : 0.1231    
26 Oct 16:50    INFO  Saving current best: saved/DirectAU-Oct-26-2023_16-33-52.pth
26 Oct 16:50    INFO  epoch 31 training [time: 15.83s, train loss: -18.2895]
26 Oct 16:50    INFO  epoch 31 evaluating [time: 15.40s, valid_score: 0.098600]
26 Oct 16:50    INFO  valid result: 
recall@10 : 0.1196    recall@20 : 0.1757    recall@50 : 0.2793    ndcg@10 : 0.0823    ndcg@20 : 0.0986    ndcg@50 : 0.1239    
26 Oct 16:50    INFO  Saving current best: saved/DirectAU-Oct-26-2023_16-33-52.pth
26 Oct 16:50    INFO  epoch 32 training [time: 15.81s, train loss: -18.2906]
26 Oct 16:51    INFO  epoch 32 evaluating [time: 14.98s, valid_score: 0.099100]
26 Oct 16:51    INFO  valid result: 
recall@10 : 0.12    recall@20 : 0.1755    recall@50 : 0.2809    ndcg@10 : 0.0828    ndcg@20 : 0.0991    ndcg@50 : 0.1247    
26 Oct 16:51    INFO  Saving current best: saved/DirectAU-Oct-26-2023_16-33-52.pth
26 Oct 16:51    INFO  epoch 33 training [time: 15.76s, train loss: -18.2922]
26 Oct 16:51    INFO  epoch 33 evaluating [time: 15.06s, valid_score: 0.100100]
26 Oct 16:51    INFO  valid result: 
recall@10 : 0.1211    recall@20 : 0.178    recall@50 : 0.2819    ndcg@10 : 0.0835    ndcg@20 : 0.1001    ndcg@50 : 0.1254    
26 Oct 16:51    INFO  Saving current best: saved/DirectAU-Oct-26-2023_16-33-52.pth
26 Oct 16:51    INFO  epoch 34 training [time: 15.70s, train loss: -18.2934]
26 Oct 16:52    INFO  epoch 34 evaluating [time: 15.17s, valid_score: 0.100200]
26 Oct 16:52    INFO  valid result: 
recall@10 : 0.1217    recall@20 : 0.1789    recall@50 : 0.2841    ndcg@10 : 0.0834    ndcg@20 : 0.1002    ndcg@50 : 0.1258    
26 Oct 16:52    INFO  Saving current best: saved/DirectAU-Oct-26-2023_16-33-52.pth
26 Oct 16:52    INFO  epoch 35 training [time: 15.80s, train loss: -18.2941]
26 Oct 16:52    INFO  epoch 35 evaluating [time: 17.20s, valid_score: 0.100900]
26 Oct 16:52    INFO  valid result: 
recall@10 : 0.1215    recall@20 : 0.18    recall@50 : 0.2845    ndcg@10 : 0.0838    ndcg@20 : 0.1009    ndcg@50 : 0.1264    
26 Oct 16:52    INFO  Saving current best: saved/DirectAU-Oct-26-2023_16-33-52.pth
26 Oct 16:52    INFO  epoch 36 training [time: 15.79s, train loss: -18.2953]
26 Oct 16:53    INFO  epoch 36 evaluating [time: 15.16s, valid_score: 0.101300]
26 Oct 16:53    INFO  valid result: 
recall@10 : 0.1218    recall@20 : 0.1809    recall@50 : 0.284    ndcg@10 : 0.084    ndcg@20 : 0.1013    ndcg@50 : 0.1266    
26 Oct 16:53    INFO  Saving current best: saved/DirectAU-Oct-26-2023_16-33-52.pth
26 Oct 16:53    INFO  epoch 37 training [time: 15.79s, train loss: -18.2966]
26 Oct 16:53    INFO  epoch 37 evaluating [time: 15.15s, valid_score: 0.101600]
26 Oct 16:53    INFO  valid result: 
recall@10 : 0.122    recall@20 : 0.1812    recall@50 : 0.2862    ndcg@10 : 0.0844    ndcg@20 : 0.1016    ndcg@50 : 0.1273    
26 Oct 16:53    INFO  Saving current best: saved/DirectAU-Oct-26-2023_16-33-52.pth
26 Oct 16:53    INFO  epoch 38 training [time: 15.82s, train loss: -18.2972]
26 Oct 16:54    INFO  epoch 38 evaluating [time: 14.92s, valid_score: 0.101800]
26 Oct 16:54    INFO  valid result: 
recall@10 : 0.1243    recall@20 : 0.1807    recall@50 : 0.2882    ndcg@10 : 0.0853    ndcg@20 : 0.1018    ndcg@50 : 0.128    
26 Oct 16:54    INFO  Saving current best: saved/DirectAU-Oct-26-2023_16-33-52.pth
26 Oct 16:54    INFO  epoch 39 training [time: 15.83s, train loss: -18.2981]
26 Oct 16:54    INFO  epoch 39 evaluating [time: 15.23s, valid_score: 0.102800]
26 Oct 16:54    INFO  valid result: 
recall@10 : 0.1248    recall@20 : 0.1831    recall@50 : 0.2891    ndcg@10 : 0.0859    ndcg@20 : 0.1028    ndcg@50 : 0.1287    
26 Oct 16:54    INFO  Saving current best: saved/DirectAU-Oct-26-2023_16-33-52.pth
26 Oct 16:54    INFO  epoch 40 training [time: 15.78s, train loss: -18.2985]
26 Oct 16:55    INFO  epoch 40 evaluating [time: 15.02s, valid_score: 0.102500]
26 Oct 16:55    INFO  valid result: 
recall@10 : 0.1235    recall@20 : 0.183    recall@50 : 0.2902    ndcg@10 : 0.0853    ndcg@20 : 0.1025    ndcg@50 : 0.1287    
26 Oct 16:55    INFO  epoch 41 training [time: 15.91s, train loss: -18.2992]
26 Oct 16:55    INFO  epoch 41 evaluating [time: 15.41s, valid_score: 0.102600]
26 Oct 16:55    INFO  valid result: 
recall@10 : 0.1243    recall@20 : 0.1832    recall@50 : 0.2893    ndcg@10 : 0.0855    ndcg@20 : 0.1026    ndcg@50 : 0.1286    
26 Oct 16:56    INFO  epoch 42 training [time: 15.83s, train loss: -18.3002]
26 Oct 16:56    INFO  epoch 42 evaluating [time: 14.94s, valid_score: 0.103100]
26 Oct 16:56    INFO  valid result: 
recall@10 : 0.1255    recall@20 : 0.1833    recall@50 : 0.2909    ndcg@10 : 0.0862    ndcg@20 : 0.1031    ndcg@50 : 0.1294    
26 Oct 16:56    INFO  Saving current best: saved/DirectAU-Oct-26-2023_16-33-52.pth
26 Oct 16:56    INFO  epoch 43 training [time: 15.80s, train loss: -18.3002]
26 Oct 16:56    INFO  epoch 43 evaluating [time: 15.18s, valid_score: 0.103500]
26 Oct 16:56    INFO  valid result: 
recall@10 : 0.1257    recall@20 : 0.1854    recall@50 : 0.2924    ndcg@10 : 0.0861    ndcg@20 : 0.1035    ndcg@50 : 0.1297    
26 Oct 16:56    INFO  Saving current best: saved/DirectAU-Oct-26-2023_16-33-52.pth
26 Oct 16:57    INFO  epoch 44 training [time: 15.76s, train loss: -18.3012]
26 Oct 16:57    INFO  epoch 44 evaluating [time: 15.32s, valid_score: 0.103500]
26 Oct 16:57    INFO  valid result: 
recall@10 : 0.126    recall@20 : 0.1845    recall@50 : 0.2943    ndcg@10 : 0.0865    ndcg@20 : 0.1035    ndcg@50 : 0.1303    
26 Oct 16:57    INFO  epoch 45 training [time: 15.79s, train loss: -18.3017]
26 Oct 16:57    INFO  epoch 45 evaluating [time: 15.14s, valid_score: 0.104000]
26 Oct 16:57    INFO  valid result: 
recall@10 : 0.1258    recall@20 : 0.1851    recall@50 : 0.2925    ndcg@10 : 0.0868    ndcg@20 : 0.104    ndcg@50 : 0.1303    
26 Oct 16:57    INFO  Saving current best: saved/DirectAU-Oct-26-2023_16-33-52.pth
26 Oct 16:58    INFO  epoch 46 training [time: 15.80s, train loss: -18.3021]
26 Oct 16:58    INFO  epoch 46 evaluating [time: 15.08s, valid_score: 0.104300]
26 Oct 16:58    INFO  valid result: 
recall@10 : 0.1265    recall@20 : 0.1864    recall@50 : 0.2936    ndcg@10 : 0.0869    ndcg@20 : 0.1043    ndcg@50 : 0.1305    
26 Oct 16:58    INFO  Saving current best: saved/DirectAU-Oct-26-2023_16-33-52.pth
26 Oct 16:58    INFO  epoch 47 training [time: 15.84s, train loss: -18.3025]
26 Oct 16:58    INFO  epoch 47 evaluating [time: 14.88s, valid_score: 0.105200]
26 Oct 16:58    INFO  valid result: 
recall@10 : 0.1262    recall@20 : 0.1876    recall@50 : 0.2953    ndcg@10 : 0.0873    ndcg@20 : 0.1052    ndcg@50 : 0.1314    
26 Oct 16:58    INFO  Saving current best: saved/DirectAU-Oct-26-2023_16-33-52.pth
26 Oct 16:59    INFO  epoch 48 training [time: 15.81s, train loss: -18.3031]
26 Oct 16:59    INFO  epoch 48 evaluating [time: 15.36s, valid_score: 0.104800]
26 Oct 16:59    INFO  valid result: 
recall@10 : 0.1265    recall@20 : 0.1869    recall@50 : 0.2955    ndcg@10 : 0.0872    ndcg@20 : 0.1048    ndcg@50 : 0.1313    
26 Oct 16:59    INFO  epoch 49 training [time: 15.77s, train loss: -18.3031]
26 Oct 16:59    INFO  epoch 49 evaluating [time: 15.03s, valid_score: 0.104400]
26 Oct 16:59    INFO  valid result: 
recall@10 : 0.1268    recall@20 : 0.1869    recall@50 : 0.2961    ndcg@10 : 0.0869    ndcg@20 : 0.1044    ndcg@50 : 0.1311    
26 Oct 17:00    INFO  epoch 50 training [time: 15.81s, train loss: -18.3039]
26 Oct 17:00    INFO  epoch 50 evaluating [time: 17.68s, valid_score: 0.105200]
26 Oct 17:00    INFO  valid result: 
recall@10 : 0.1274    recall@20 : 0.1879    recall@50 : 0.2972    ndcg@10 : 0.0875    ndcg@20 : 0.1052    ndcg@50 : 0.1318    
26 Oct 17:00    INFO  epoch 51 training [time: 15.85s, train loss: -18.3039]
26 Oct 17:00    INFO  epoch 51 evaluating [time: 15.15s, valid_score: 0.105500]
26 Oct 17:00    INFO  valid result: 
recall@10 : 0.1278    recall@20 : 0.1885    recall@50 : 0.2979    ndcg@10 : 0.0878    ndcg@20 : 0.1055    ndcg@50 : 0.132    
26 Oct 17:00    INFO  Saving current best: saved/DirectAU-Oct-26-2023_16-33-52.pth
26 Oct 17:01    INFO  epoch 52 training [time: 15.75s, train loss: -18.3042]
26 Oct 17:01    INFO  epoch 52 evaluating [time: 15.29s, valid_score: 0.105500]
26 Oct 17:01    INFO  valid result: 
recall@10 : 0.1279    recall@20 : 0.1891    recall@50 : 0.2987    ndcg@10 : 0.0878    ndcg@20 : 0.1055    ndcg@50 : 0.1322    
26 Oct 17:01    INFO  epoch 53 training [time: 15.84s, train loss: -18.3046]
26 Oct 17:01    INFO  epoch 53 evaluating [time: 15.07s, valid_score: 0.105900]
26 Oct 17:01    INFO  valid result: 
recall@10 : 0.1289    recall@20 : 0.1897    recall@50 : 0.2988    ndcg@10 : 0.0883    ndcg@20 : 0.1059    ndcg@50 : 0.1326    
26 Oct 17:01    INFO  Saving current best: saved/DirectAU-Oct-26-2023_16-33-52.pth
26 Oct 17:02    INFO  epoch 54 training [time: 15.87s, train loss: -18.3046]
26 Oct 17:02    INFO  epoch 54 evaluating [time: 15.33s, valid_score: 0.106100]
26 Oct 17:02    INFO  valid result: 
recall@10 : 0.1282    recall@20 : 0.1897    recall@50 : 0.2994    ndcg@10 : 0.0882    ndcg@20 : 0.1061    ndcg@50 : 0.1328    
26 Oct 17:02    INFO  Saving current best: saved/DirectAU-Oct-26-2023_16-33-52.pth
26 Oct 17:02    INFO  epoch 55 training [time: 15.82s, train loss: -18.3050]
26 Oct 17:03    INFO  epoch 55 evaluating [time: 15.48s, valid_score: 0.105900]
26 Oct 17:03    INFO  valid result: 
recall@10 : 0.1292    recall@20 : 0.1889    recall@50 : 0.3    ndcg@10 : 0.0885    ndcg@20 : 0.1059    ndcg@50 : 0.133    
26 Oct 17:03    INFO  epoch 56 training [time: 15.78s, train loss: -18.3055]
26 Oct 17:03    INFO  epoch 56 evaluating [time: 15.47s, valid_score: 0.106300]
26 Oct 17:03    INFO  valid result: 
recall@10 : 0.1289    recall@20 : 0.1893    recall@50 : 0.3    ndcg@10 : 0.0886    ndcg@20 : 0.1063    ndcg@50 : 0.1332    
26 Oct 17:03    INFO  Saving current best: saved/DirectAU-Oct-26-2023_16-33-52.pth
26 Oct 17:03    INFO  epoch 57 training [time: 15.81s, train loss: -18.3057]
26 Oct 17:04    INFO  epoch 57 evaluating [time: 14.95s, valid_score: 0.106800]
26 Oct 17:04    INFO  valid result: 
recall@10 : 0.1295    recall@20 : 0.1902    recall@50 : 0.3007    ndcg@10 : 0.0891    ndcg@20 : 0.1068    ndcg@50 : 0.1338    
26 Oct 17:04    INFO  Saving current best: saved/DirectAU-Oct-26-2023_16-33-52.pth
26 Oct 17:04    INFO  epoch 58 training [time: 15.71s, train loss: -18.3055]
26 Oct 17:04    INFO  epoch 58 evaluating [time: 15.12s, valid_score: 0.106900]
26 Oct 17:04    INFO  valid result: 
recall@10 : 0.1296    recall@20 : 0.1908    recall@50 : 0.3006    ndcg@10 : 0.089    ndcg@20 : 0.1069    ndcg@50 : 0.1337    
26 Oct 17:04    INFO  Saving current best: saved/DirectAU-Oct-26-2023_16-33-52.pth
26 Oct 17:04    INFO  epoch 59 training [time: 15.79s, train loss: -18.3057]
26 Oct 17:05    INFO  epoch 59 evaluating [time: 15.40s, valid_score: 0.106600]
26 Oct 17:05    INFO  valid result: 
recall@10 : 0.1299    recall@20 : 0.1902    recall@50 : 0.3018    ndcg@10 : 0.0891    ndcg@20 : 0.1066    ndcg@50 : 0.1338    
26 Oct 17:05    INFO  epoch 60 training [time: 15.80s, train loss: -18.3062]
26 Oct 17:05    INFO  epoch 60 evaluating [time: 15.02s, valid_score: 0.106700]
26 Oct 17:05    INFO  valid result: 
recall@10 : 0.1299    recall@20 : 0.1906    recall@50 : 0.3025    ndcg@10 : 0.0891    ndcg@20 : 0.1067    ndcg@50 : 0.134    
26 Oct 17:05    INFO  epoch 61 training [time: 15.83s, train loss: -18.3065]
26 Oct 17:06    INFO  epoch 61 evaluating [time: 15.31s, valid_score: 0.107400]
26 Oct 17:06    INFO  valid result: 
recall@10 : 0.1297    recall@20 : 0.1918    recall@50 : 0.3018    ndcg@10 : 0.0893    ndcg@20 : 0.1074    ndcg@50 : 0.1342    
26 Oct 17:06    INFO  Saving current best: saved/DirectAU-Oct-26-2023_16-33-52.pth
26 Oct 17:06    INFO  epoch 62 training [time: 15.83s, train loss: -18.3065]
26 Oct 17:06    INFO  epoch 62 evaluating [time: 15.28s, valid_score: 0.107300]
26 Oct 17:06    INFO  valid result: 
recall@10 : 0.1298    recall@20 : 0.1905    recall@50 : 0.3016    ndcg@10 : 0.0896    ndcg@20 : 0.1073    ndcg@50 : 0.1344    
26 Oct 17:06    INFO  epoch 63 training [time: 15.85s, train loss: -18.3068]
26 Oct 17:07    INFO  epoch 63 evaluating [time: 15.37s, valid_score: 0.107800]
26 Oct 17:07    INFO  valid result: 
recall@10 : 0.1311    recall@20 : 0.1912    recall@50 : 0.3025    ndcg@10 : 0.0903    ndcg@20 : 0.1078    ndcg@50 : 0.135    
26 Oct 17:07    INFO  Saving current best: saved/DirectAU-Oct-26-2023_16-33-52.pth
26 Oct 17:07    INFO  epoch 64 training [time: 15.76s, train loss: -18.3068]
26 Oct 17:07    INFO  epoch 64 evaluating [time: 15.28s, valid_score: 0.107600]
26 Oct 17:07    INFO  valid result: 
recall@10 : 0.1309    recall@20 : 0.1921    recall@50 : 0.3036    ndcg@10 : 0.0899    ndcg@20 : 0.1076    ndcg@50 : 0.1349    
26 Oct 17:07    INFO  epoch 65 training [time: 15.76s, train loss: -18.3070]
26 Oct 17:08    INFO  epoch 65 evaluating [time: 14.95s, valid_score: 0.108100]
26 Oct 17:08    INFO  valid result: 
recall@10 : 0.1304    recall@20 : 0.192    recall@50 : 0.3044    ndcg@10 : 0.0902    ndcg@20 : 0.1081    ndcg@50 : 0.1355    
26 Oct 17:08    INFO  Saving current best: saved/DirectAU-Oct-26-2023_16-33-52.pth
26 Oct 17:08    INFO  epoch 66 training [time: 15.82s, train loss: -18.3067]
26 Oct 17:08    INFO  epoch 66 evaluating [time: 15.09s, valid_score: 0.108000]
26 Oct 17:08    INFO  valid result: 
recall@10 : 0.1303    recall@20 : 0.1924    recall@50 : 0.3036    ndcg@10 : 0.0899    ndcg@20 : 0.108    ndcg@50 : 0.1351    
26 Oct 17:09    INFO  epoch 67 training [time: 15.75s, train loss: -18.3073]
26 Oct 17:09    INFO  epoch 67 evaluating [time: 15.38s, valid_score: 0.107800]
26 Oct 17:09    INFO  valid result: 
recall@10 : 0.1311    recall@20 : 0.192    recall@50 : 0.3035    ndcg@10 : 0.0901    ndcg@20 : 0.1078    ndcg@50 : 0.1351    
26 Oct 17:09    INFO  epoch 68 training [time: 15.74s, train loss: -18.3076]
26 Oct 17:09    INFO  epoch 68 evaluating [time: 15.34s, valid_score: 0.107900]
26 Oct 17:09    INFO  valid result: 
recall@10 : 0.13    recall@20 : 0.1919    recall@50 : 0.3039    ndcg@10 : 0.0899    ndcg@20 : 0.1079    ndcg@50 : 0.1353    
26 Oct 17:10    INFO  epoch 69 training [time: 15.80s, train loss: -18.3075]
26 Oct 17:10    INFO  epoch 69 evaluating [time: 15.15s, valid_score: 0.108800]
26 Oct 17:10    INFO  valid result: 
recall@10 : 0.1312    recall@20 : 0.1952    recall@50 : 0.3048    ndcg@10 : 0.0902    ndcg@20 : 0.1088    ndcg@50 : 0.1355    
26 Oct 17:10    INFO  Saving current best: saved/DirectAU-Oct-26-2023_16-33-52.pth
26 Oct 17:10    INFO  epoch 70 training [time: 15.76s, train loss: -18.3077]
26 Oct 17:10    INFO  epoch 70 evaluating [time: 15.20s, valid_score: 0.108500]
26 Oct 17:10    INFO  valid result: 
recall@10 : 0.1304    recall@20 : 0.1945    recall@50 : 0.3053    ndcg@10 : 0.0899    ndcg@20 : 0.1085    ndcg@50 : 0.1355    
26 Oct 17:11    INFO  epoch 71 training [time: 15.80s, train loss: -18.3077]
26 Oct 17:11    INFO  epoch 71 evaluating [time: 15.09s, valid_score: 0.108800]
26 Oct 17:11    INFO  valid result: 
recall@10 : 0.1306    recall@20 : 0.1944    recall@50 : 0.305    ndcg@10 : 0.0902    ndcg@20 : 0.1088    ndcg@50 : 0.1358    
26 Oct 17:11    INFO  epoch 72 training [time: 15.80s, train loss: -18.3078]
26 Oct 17:11    INFO  epoch 72 evaluating [time: 15.26s, valid_score: 0.108400]
26 Oct 17:11    INFO  valid result: 
recall@10 : 0.1314    recall@20 : 0.193    recall@50 : 0.305    ndcg@10 : 0.0905    ndcg@20 : 0.1084    ndcg@50 : 0.1358    
26 Oct 17:12    INFO  epoch 73 training [time: 15.77s, train loss: -18.3078]
26 Oct 17:12    INFO  epoch 73 evaluating [time: 15.06s, valid_score: 0.108900]
26 Oct 17:12    INFO  valid result: 
recall@10 : 0.1309    recall@20 : 0.1942    recall@50 : 0.3062    ndcg@10 : 0.0905    ndcg@20 : 0.1089    ndcg@50 : 0.1362    
26 Oct 17:12    INFO  Saving current best: saved/DirectAU-Oct-26-2023_16-33-52.pth
26 Oct 17:12    INFO  epoch 74 training [time: 15.66s, train loss: -18.3084]
26 Oct 17:12    INFO  epoch 74 evaluating [time: 15.25s, valid_score: 0.109000]
26 Oct 17:12    INFO  valid result: 
recall@10 : 0.1316    recall@20 : 0.1945    recall@50 : 0.3067    ndcg@10 : 0.0907    ndcg@20 : 0.109    ndcg@50 : 0.1364    
26 Oct 17:12    INFO  Saving current best: saved/DirectAU-Oct-26-2023_16-33-52.pth
26 Oct 17:13    INFO  epoch 75 training [time: 15.78s, train loss: -18.3082]
26 Oct 17:13    INFO  epoch 75 evaluating [time: 14.87s, valid_score: 0.109000]
26 Oct 17:13    INFO  valid result: 
recall@10 : 0.1331    recall@20 : 0.1947    recall@50 : 0.3062    ndcg@10 : 0.0911    ndcg@20 : 0.109    ndcg@50 : 0.1363    
26 Oct 17:13    INFO  epoch 76 training [time: 15.80s, train loss: -18.3084]
26 Oct 17:13    INFO  epoch 76 evaluating [time: 15.27s, valid_score: 0.108700]
26 Oct 17:13    INFO  valid result: 
recall@10 : 0.1324    recall@20 : 0.1938    recall@50 : 0.3079    ndcg@10 : 0.0908    ndcg@20 : 0.1087    ndcg@50 : 0.1365    
26 Oct 17:14    INFO  epoch 77 training [time: 15.75s, train loss: -18.3083]
26 Oct 17:14    INFO  epoch 77 evaluating [time: 15.12s, valid_score: 0.109200]
26 Oct 17:14    INFO  valid result: 
recall@10 : 0.1325    recall@20 : 0.1952    recall@50 : 0.3073    ndcg@10 : 0.0909    ndcg@20 : 0.1092    ndcg@50 : 0.1365    
26 Oct 17:14    INFO  Saving current best: saved/DirectAU-Oct-26-2023_16-33-52.pth
26 Oct 17:14    INFO  epoch 78 training [time: 15.82s, train loss: -18.3084]
26 Oct 17:14    INFO  epoch 78 evaluating [time: 14.98s, valid_score: 0.109300]
26 Oct 17:14    INFO  valid result: 
recall@10 : 0.133    recall@20 : 0.1948    recall@50 : 0.3077    ndcg@10 : 0.0913    ndcg@20 : 0.1093    ndcg@50 : 0.1368    
26 Oct 17:14    INFO  Saving current best: saved/DirectAU-Oct-26-2023_16-33-52.pth
26 Oct 17:15    INFO  epoch 79 training [time: 15.79s, train loss: -18.3086]
26 Oct 17:15    INFO  epoch 79 evaluating [time: 15.42s, valid_score: 0.109800]
26 Oct 17:15    INFO  valid result: 
recall@10 : 0.1333    recall@20 : 0.1959    recall@50 : 0.3077    ndcg@10 : 0.0916    ndcg@20 : 0.1098    ndcg@50 : 0.1372    
26 Oct 17:15    INFO  Saving current best: saved/DirectAU-Oct-26-2023_16-33-52.pth
26 Oct 17:15    INFO  epoch 80 training [time: 15.79s, train loss: -18.3089]
26 Oct 17:15    INFO  epoch 80 evaluating [time: 14.91s, valid_score: 0.110000]
26 Oct 17:15    INFO  valid result: 
recall@10 : 0.1324    recall@20 : 0.1957    recall@50 : 0.3076    ndcg@10 : 0.0915    ndcg@20 : 0.11    ndcg@50 : 0.1374    
26 Oct 17:15    INFO  Saving current best: saved/DirectAU-Oct-26-2023_16-33-52.pth
26 Oct 17:16    INFO  epoch 81 training [time: 15.76s, train loss: -18.3086]
26 Oct 17:16    INFO  epoch 81 evaluating [time: 15.28s, valid_score: 0.109800]
26 Oct 17:16    INFO  valid result: 
recall@10 : 0.1333    recall@20 : 0.195    recall@50 : 0.308    ndcg@10 : 0.0918    ndcg@20 : 0.1098    ndcg@50 : 0.1374    
26 Oct 17:16    INFO  epoch 82 training [time: 15.80s, train loss: -18.3089]
26 Oct 17:17    INFO  epoch 82 evaluating [time: 15.04s, valid_score: 0.110400]
26 Oct 17:17    INFO  valid result: 
recall@10 : 0.1339    recall@20 : 0.1968    recall@50 : 0.3083    ndcg@10 : 0.0922    ndcg@20 : 0.1104    ndcg@50 : 0.1378    
26 Oct 17:17    INFO  Saving current best: saved/DirectAU-Oct-26-2023_16-33-52.pth
26 Oct 17:17    INFO  epoch 83 training [time: 15.81s, train loss: -18.3091]
26 Oct 17:17    INFO  epoch 83 evaluating [time: 15.19s, valid_score: 0.110700]
26 Oct 17:17    INFO  valid result: 
recall@10 : 0.1334    recall@20 : 0.1971    recall@50 : 0.3087    ndcg@10 : 0.0922    ndcg@20 : 0.1107    ndcg@50 : 0.138    
26 Oct 17:17    INFO  Saving current best: saved/DirectAU-Oct-26-2023_16-33-52.pth
26 Oct 17:17    INFO  epoch 84 training [time: 15.90s, train loss: -18.3092]
26 Oct 17:18    INFO  epoch 84 evaluating [time: 15.12s, valid_score: 0.110400]
26 Oct 17:18    INFO  valid result: 
recall@10 : 0.1342    recall@20 : 0.1969    recall@50 : 0.3088    ndcg@10 : 0.0922    ndcg@20 : 0.1104    ndcg@50 : 0.1378    
26 Oct 17:18    INFO  epoch 85 training [time: 15.82s, train loss: -18.3089]
26 Oct 17:18    INFO  epoch 85 evaluating [time: 15.29s, valid_score: 0.110900]
26 Oct 17:18    INFO  valid result: 
recall@10 : 0.1346    recall@20 : 0.1976    recall@50 : 0.3093    ndcg@10 : 0.0926    ndcg@20 : 0.1109    ndcg@50 : 0.1382    
26 Oct 17:18    INFO  Saving current best: saved/DirectAU-Oct-26-2023_16-33-52.pth
26 Oct 17:18    INFO  epoch 86 training [time: 15.81s, train loss: -18.3090]
26 Oct 17:19    INFO  epoch 86 evaluating [time: 17.27s, valid_score: 0.110400]
26 Oct 17:19    INFO  valid result: 
recall@10 : 0.1343    recall@20 : 0.1964    recall@50 : 0.308    ndcg@10 : 0.0924    ndcg@20 : 0.1104    ndcg@50 : 0.1378    
26 Oct 17:19    INFO  epoch 87 training [time: 15.92s, train loss: -18.3093]
26 Oct 17:19    INFO  epoch 87 evaluating [time: 17.67s, valid_score: 0.110700]
26 Oct 17:19    INFO  valid result: 
recall@10 : 0.1338    recall@20 : 0.1965    recall@50 : 0.3074    ndcg@10 : 0.0925    ndcg@20 : 0.1107    ndcg@50 : 0.1379    
26 Oct 17:19    INFO  epoch 88 training [time: 15.89s, train loss: -18.3095]
26 Oct 17:20    INFO  epoch 88 evaluating [time: 14.97s, valid_score: 0.110300]
26 Oct 17:20    INFO  valid result: 
recall@10 : 0.1337    recall@20 : 0.196    recall@50 : 0.3097    ndcg@10 : 0.0922    ndcg@20 : 0.1103    ndcg@50 : 0.1381    
26 Oct 17:20    INFO  epoch 89 training [time: 15.76s, train loss: -18.3095]
26 Oct 17:20    INFO  epoch 89 evaluating [time: 15.06s, valid_score: 0.110500]
26 Oct 17:20    INFO  valid result: 
recall@10 : 0.1335    recall@20 : 0.1961    recall@50 : 0.3108    ndcg@10 : 0.0922    ndcg@20 : 0.1105    ndcg@50 : 0.1385    
26 Oct 17:20    INFO  epoch 90 training [time: 15.82s, train loss: -18.3094]
26 Oct 17:21    INFO  epoch 90 evaluating [time: 14.94s, valid_score: 0.110400]
26 Oct 17:21    INFO  valid result: 
recall@10 : 0.1337    recall@20 : 0.1964    recall@50 : 0.3092    ndcg@10 : 0.0921    ndcg@20 : 0.1104    ndcg@50 : 0.1381    
26 Oct 17:21    INFO  epoch 91 training [time: 15.78s, train loss: -18.3093]
26 Oct 17:21    INFO  epoch 91 evaluating [time: 15.13s, valid_score: 0.110500]
26 Oct 17:21    INFO  valid result: 
recall@10 : 0.1338    recall@20 : 0.1969    recall@50 : 0.3098    ndcg@10 : 0.0922    ndcg@20 : 0.1105    ndcg@50 : 0.1382    
26 Oct 17:21    INFO  epoch 92 training [time: 15.79s, train loss: -18.3095]
26 Oct 17:22    INFO  epoch 92 evaluating [time: 15.22s, valid_score: 0.110900]
26 Oct 17:22    INFO  valid result: 
recall@10 : 0.1341    recall@20 : 0.1978    recall@50 : 0.3093    ndcg@10 : 0.0924    ndcg@20 : 0.1109    ndcg@50 : 0.1382    
26 Oct 17:22    INFO  epoch 93 training [time: 15.81s, train loss: -18.3097]
26 Oct 17:22    INFO  epoch 93 evaluating [time: 14.92s, valid_score: 0.110800]
26 Oct 17:22    INFO  valid result: 
recall@10 : 0.1342    recall@20 : 0.197    recall@50 : 0.3101    ndcg@10 : 0.0926    ndcg@20 : 0.1108    ndcg@50 : 0.1386    
26 Oct 17:23    INFO  epoch 94 training [time: 15.72s, train loss: -18.3098]
26 Oct 17:23    INFO  epoch 94 evaluating [time: 15.10s, valid_score: 0.110800]
26 Oct 17:23    INFO  valid result: 
recall@10 : 0.1346    recall@20 : 0.1974    recall@50 : 0.3095    ndcg@10 : 0.0925    ndcg@20 : 0.1108    ndcg@50 : 0.1382    
26 Oct 17:23    INFO  epoch 95 training [time: 15.77s, train loss: -18.3097]
26 Oct 17:23    INFO  epoch 95 evaluating [time: 14.83s, valid_score: 0.110800]
26 Oct 17:23    INFO  valid result: 
recall@10 : 0.135    recall@20 : 0.1968    recall@50 : 0.3102    ndcg@10 : 0.0928    ndcg@20 : 0.1108    ndcg@50 : 0.1385    
26 Oct 17:24    INFO  epoch 96 training [time: 15.75s, train loss: -18.3099]
26 Oct 17:24    INFO  epoch 96 evaluating [time: 15.05s, valid_score: 0.111700]
26 Oct 17:24    INFO  valid result: 
recall@10 : 0.1354    recall@20 : 0.199    recall@50 : 0.3102    ndcg@10 : 0.0932    ndcg@20 : 0.1117    ndcg@50 : 0.1388    
26 Oct 17:24    INFO  Saving current best: saved/DirectAU-Oct-26-2023_16-33-52.pth
26 Oct 17:24    INFO  epoch 97 training [time: 15.80s, train loss: -18.3102]
26 Oct 17:24    INFO  epoch 97 evaluating [time: 15.01s, valid_score: 0.111400]
26 Oct 17:24    INFO  valid result: 
recall@10 : 0.1352    recall@20 : 0.1984    recall@50 : 0.3097    ndcg@10 : 0.093    ndcg@20 : 0.1114    ndcg@50 : 0.1387    
26 Oct 17:25    INFO  epoch 98 training [time: 15.82s, train loss: -18.3103]
26 Oct 17:25    INFO  epoch 98 evaluating [time: 14.95s, valid_score: 0.111400]
26 Oct 17:25    INFO  valid result: 
recall@10 : 0.1351    recall@20 : 0.1984    recall@50 : 0.3098    ndcg@10 : 0.093    ndcg@20 : 0.1114    ndcg@50 : 0.1387    
26 Oct 17:25    INFO  epoch 99 training [time: 15.67s, train loss: -18.3097]
26 Oct 17:25    INFO  epoch 99 evaluating [time: 15.08s, valid_score: 0.111700]
26 Oct 17:25    INFO  valid result: 
recall@10 : 0.1351    recall@20 : 0.1992    recall@50 : 0.3109    ndcg@10 : 0.0932    ndcg@20 : 0.1117    ndcg@50 : 0.1391    
26 Oct 17:26    INFO  epoch 100 training [time: 15.73s, train loss: -18.3099]
26 Oct 17:26    INFO  epoch 100 evaluating [time: 15.13s, valid_score: 0.111200]
26 Oct 17:26    INFO  valid result: 
recall@10 : 0.1355    recall@20 : 0.1984    recall@50 : 0.3108    ndcg@10 : 0.0929    ndcg@20 : 0.1112    ndcg@50 : 0.1388    
26 Oct 17:26    INFO  epoch 101 training [time: 15.95s, train loss: -18.3101]
26 Oct 17:26    INFO  epoch 101 evaluating [time: 15.21s, valid_score: 0.111700]
26 Oct 17:26    INFO  valid result: 
recall@10 : 0.1356    recall@20 : 0.1995    recall@50 : 0.3112    ndcg@10 : 0.0932    ndcg@20 : 0.1117    ndcg@50 : 0.1391    
26 Oct 17:27    INFO  epoch 102 training [time: 15.81s, train loss: -18.3104]
26 Oct 17:27    INFO  epoch 102 evaluating [time: 14.94s, valid_score: 0.111400]
26 Oct 17:27    INFO  valid result: 
recall@10 : 0.1359    recall@20 : 0.1974    recall@50 : 0.3112    ndcg@10 : 0.0935    ndcg@20 : 0.1114    ndcg@50 : 0.1392    
26 Oct 17:27    INFO  epoch 103 training [time: 15.77s, train loss: -18.3105]
26 Oct 17:27    INFO  epoch 103 evaluating [time: 15.29s, valid_score: 0.111700]
26 Oct 17:27    INFO  valid result: 
recall@10 : 0.1352    recall@20 : 0.1981    recall@50 : 0.3125    ndcg@10 : 0.0934    ndcg@20 : 0.1117    ndcg@50 : 0.1397    
26 Oct 17:28    INFO  epoch 104 training [time: 15.75s, train loss: -18.3102]
26 Oct 17:28    INFO  epoch 104 evaluating [time: 14.96s, valid_score: 0.111900]
26 Oct 17:28    INFO  valid result: 
recall@10 : 0.1358    recall@20 : 0.1988    recall@50 : 0.3118    ndcg@10 : 0.0935    ndcg@20 : 0.1119    ndcg@50 : 0.1395    
26 Oct 17:28    INFO  Saving current best: saved/DirectAU-Oct-26-2023_16-33-52.pth
26 Oct 17:28    INFO  epoch 105 training [time: 15.80s, train loss: -18.3105]
26 Oct 17:28    INFO  epoch 105 evaluating [time: 15.15s, valid_score: 0.112200]
26 Oct 17:28    INFO  valid result: 
recall@10 : 0.1355    recall@20 : 0.2002    recall@50 : 0.3117    ndcg@10 : 0.0934    ndcg@20 : 0.1122    ndcg@50 : 0.1395    
26 Oct 17:28    INFO  Saving current best: saved/DirectAU-Oct-26-2023_16-33-52.pth
26 Oct 17:29    INFO  epoch 106 training [time: 15.82s, train loss: -18.3106]
26 Oct 17:29    INFO  epoch 106 evaluating [time: 15.09s, valid_score: 0.111500]
26 Oct 17:29    INFO  valid result: 
recall@10 : 0.1355    recall@20 : 0.1981    recall@50 : 0.3111    ndcg@10 : 0.0933    ndcg@20 : 0.1115    ndcg@50 : 0.1392    
26 Oct 17:29    INFO  epoch 107 training [time: 15.79s, train loss: -18.3104]
26 Oct 17:29    INFO  epoch 107 evaluating [time: 15.83s, valid_score: 0.112400]
26 Oct 17:29    INFO  valid result: 
recall@10 : 0.1363    recall@20 : 0.1997    recall@50 : 0.3118    ndcg@10 : 0.094    ndcg@20 : 0.1124    ndcg@50 : 0.1398    
26 Oct 17:29    INFO  Saving current best: saved/DirectAU-Oct-26-2023_16-33-52.pth
26 Oct 17:30    INFO  epoch 108 training [time: 15.82s, train loss: -18.3106]
26 Oct 17:30    INFO  epoch 108 evaluating [time: 14.91s, valid_score: 0.112100]
26 Oct 17:30    INFO  valid result: 
recall@10 : 0.1362    recall@20 : 0.1984    recall@50 : 0.3115    ndcg@10 : 0.0939    ndcg@20 : 0.1121    ndcg@50 : 0.1397    
26 Oct 17:30    INFO  epoch 109 training [time: 15.67s, train loss: -18.3103]
26 Oct 17:31    INFO  epoch 109 evaluating [time: 15.31s, valid_score: 0.112600]
26 Oct 17:31    INFO  valid result: 
recall@10 : 0.136    recall@20 : 0.199    recall@50 : 0.3121    ndcg@10 : 0.0943    ndcg@20 : 0.1126    ndcg@50 : 0.1402    
26 Oct 17:31    INFO  Saving current best: saved/DirectAU-Oct-26-2023_16-33-52.pth
26 Oct 17:31    INFO  epoch 110 training [time: 15.78s, train loss: -18.3107]
26 Oct 17:31    INFO  epoch 110 evaluating [time: 15.18s, valid_score: 0.112500]
26 Oct 17:31    INFO  valid result: 
recall@10 : 0.1351    recall@20 : 0.1986    recall@50 : 0.3122    ndcg@10 : 0.0941    ndcg@20 : 0.1125    ndcg@50 : 0.1403    
26 Oct 17:31    INFO  epoch 111 training [time: 15.76s, train loss: -18.3105]
26 Oct 17:32    INFO  epoch 111 evaluating [time: 14.83s, valid_score: 0.112100]
26 Oct 17:32    INFO  valid result: 
recall@10 : 0.1366    recall@20 : 0.1988    recall@50 : 0.3114    ndcg@10 : 0.094    ndcg@20 : 0.1121    ndcg@50 : 0.1396    
26 Oct 17:32    INFO  epoch 112 training [time: 15.79s, train loss: -18.3108]
26 Oct 17:32    INFO  epoch 112 evaluating [time: 15.26s, valid_score: 0.112500]
26 Oct 17:32    INFO  valid result: 
recall@10 : 0.1365    recall@20 : 0.1993    recall@50 : 0.3119    ndcg@10 : 0.0942    ndcg@20 : 0.1125    ndcg@50 : 0.14    
26 Oct 17:32    INFO  epoch 113 training [time: 15.80s, train loss: -18.3104]
26 Oct 17:33    INFO  epoch 113 evaluating [time: 15.04s, valid_score: 0.112400]
26 Oct 17:33    INFO  valid result: 
recall@10 : 0.1372    recall@20 : 0.1989    recall@50 : 0.3137    ndcg@10 : 0.0945    ndcg@20 : 0.1124    ndcg@50 : 0.1405    
26 Oct 17:33    INFO  epoch 114 training [time: 15.77s, train loss: -18.3108]
26 Oct 17:33    INFO  epoch 114 evaluating [time: 15.06s, valid_score: 0.112200]
26 Oct 17:33    INFO  valid result: 
recall@10 : 0.137    recall@20 : 0.1992    recall@50 : 0.312    ndcg@10 : 0.0941    ndcg@20 : 0.1122    ndcg@50 : 0.1397    
26 Oct 17:33    INFO  epoch 115 training [time: 15.78s, train loss: -18.3109]
26 Oct 17:34    INFO  epoch 115 evaluating [time: 14.95s, valid_score: 0.112300]
26 Oct 17:34    INFO  valid result: 
recall@10 : 0.1363    recall@20 : 0.1993    recall@50 : 0.3109    ndcg@10 : 0.094    ndcg@20 : 0.1123    ndcg@50 : 0.1396    
26 Oct 17:34    INFO  epoch 116 training [time: 15.69s, train loss: -18.3106]
26 Oct 17:34    INFO  epoch 116 evaluating [time: 15.03s, valid_score: 0.112200]
26 Oct 17:34    INFO  valid result: 
recall@10 : 0.1364    recall@20 : 0.1988    recall@50 : 0.3117    ndcg@10 : 0.0941    ndcg@20 : 0.1122    ndcg@50 : 0.1398    
26 Oct 17:34    INFO  epoch 117 training [time: 15.83s, train loss: -18.3105]
26 Oct 17:35    INFO  epoch 117 evaluating [time: 17.56s, valid_score: 0.112500]
26 Oct 17:35    INFO  valid result: 
recall@10 : 0.1363    recall@20 : 0.1994    recall@50 : 0.3122    ndcg@10 : 0.0941    ndcg@20 : 0.1125    ndcg@50 : 0.1401    
26 Oct 17:35    INFO  epoch 118 training [time: 15.79s, train loss: -18.3107]
26 Oct 17:35    INFO  epoch 118 evaluating [time: 15.28s, valid_score: 0.112200]
26 Oct 17:35    INFO  valid result: 
recall@10 : 0.1364    recall@20 : 0.1987    recall@50 : 0.3115    ndcg@10 : 0.0941    ndcg@20 : 0.1122    ndcg@50 : 0.1398    
26 Oct 17:35    INFO  epoch 119 training [time: 15.80s, train loss: -18.3110]
26 Oct 17:36    INFO  epoch 119 evaluating [time: 14.88s, valid_score: 0.112700]
26 Oct 17:36    INFO  valid result: 
recall@10 : 0.1365    recall@20 : 0.1993    recall@50 : 0.3119    ndcg@10 : 0.0945    ndcg@20 : 0.1127    ndcg@50 : 0.1402    
26 Oct 17:36    INFO  Saving current best: saved/DirectAU-Oct-26-2023_16-33-52.pth
26 Oct 17:36    INFO  epoch 120 training [time: 15.83s, train loss: -18.3105]
26 Oct 17:36    INFO  epoch 120 evaluating [time: 14.93s, valid_score: 0.112600]
26 Oct 17:36    INFO  valid result: 
recall@10 : 0.1366    recall@20 : 0.1992    recall@50 : 0.3123    ndcg@10 : 0.0943    ndcg@20 : 0.1126    ndcg@50 : 0.1402    
26 Oct 17:36    INFO  epoch 121 training [time: 15.81s, train loss: -18.3110]
26 Oct 17:37    INFO  epoch 121 evaluating [time: 15.12s, valid_score: 0.112500]
26 Oct 17:37    INFO  valid result: 
recall@10 : 0.1357    recall@20 : 0.199    recall@50 : 0.313    ndcg@10 : 0.0941    ndcg@20 : 0.1125    ndcg@50 : 0.1402    
26 Oct 17:37    INFO  epoch 122 training [time: 15.82s, train loss: -18.3108]
26 Oct 17:37    INFO  epoch 122 evaluating [time: 15.18s, valid_score: 0.112500]
26 Oct 17:37    INFO  valid result: 
recall@10 : 0.1355    recall@20 : 0.1993    recall@50 : 0.3119    ndcg@10 : 0.0939    ndcg@20 : 0.1125    ndcg@50 : 0.14    
26 Oct 17:38    INFO  epoch 123 training [time: 15.66s, train loss: -18.3109]
26 Oct 17:38    INFO  epoch 123 evaluating [time: 15.00s, valid_score: 0.112800]
26 Oct 17:38    INFO  valid result: 
recall@10 : 0.136    recall@20 : 0.1995    recall@50 : 0.3129    ndcg@10 : 0.0942    ndcg@20 : 0.1128    ndcg@50 : 0.1405    
26 Oct 17:38    INFO  Saving current best: saved/DirectAU-Oct-26-2023_16-33-52.pth
26 Oct 17:38    INFO  epoch 124 training [time: 15.79s, train loss: -18.3105]
26 Oct 17:38    INFO  epoch 124 evaluating [time: 15.30s, valid_score: 0.112900]
26 Oct 17:38    INFO  valid result: 
recall@10 : 0.1371    recall@20 : 0.2004    recall@50 : 0.3118    ndcg@10 : 0.0945    ndcg@20 : 0.1129    ndcg@50 : 0.1402    
26 Oct 17:38    INFO  Saving current best: saved/DirectAU-Oct-26-2023_16-33-52.pth
26 Oct 17:39    INFO  epoch 125 training [time: 15.77s, train loss: -18.3113]
26 Oct 17:39    INFO  epoch 125 evaluating [time: 15.04s, valid_score: 0.112400]
26 Oct 17:39    INFO  valid result: 
recall@10 : 0.136    recall@20 : 0.1991    recall@50 : 0.3117    ndcg@10 : 0.0941    ndcg@20 : 0.1124    ndcg@50 : 0.1399    
26 Oct 17:39    INFO  epoch 126 training [time: 15.80s, train loss: -18.3108]
26 Oct 17:39    INFO  epoch 126 evaluating [time: 14.65s, valid_score: 0.113000]
26 Oct 17:39    INFO  valid result: 
recall@10 : 0.1368    recall@20 : 0.1991    recall@50 : 0.3134    ndcg@10 : 0.0948    ndcg@20 : 0.113    ndcg@50 : 0.1409    
26 Oct 17:39    INFO  Saving current best: saved/DirectAU-Oct-26-2023_16-33-52.pth
26 Oct 17:40    INFO  epoch 127 training [time: 15.80s, train loss: -18.3108]
26 Oct 17:40    INFO  epoch 127 evaluating [time: 14.82s, valid_score: 0.113200]
26 Oct 17:40    INFO  valid result: 
recall@10 : 0.1356    recall@20 : 0.2004    recall@50 : 0.3123    ndcg@10 : 0.0944    ndcg@20 : 0.1132    ndcg@50 : 0.1406    
26 Oct 17:40    INFO  Saving current best: saved/DirectAU-Oct-26-2023_16-33-52.pth
26 Oct 17:40    INFO  epoch 128 training [time: 15.77s, train loss: -18.3112]
26 Oct 17:40    INFO  epoch 128 evaluating [time: 15.08s, valid_score: 0.113100]
26 Oct 17:40    INFO  valid result: 
recall@10 : 0.1362    recall@20 : 0.2    recall@50 : 0.3123    ndcg@10 : 0.0946    ndcg@20 : 0.1131    ndcg@50 : 0.1406    
26 Oct 17:41    INFO  epoch 129 training [time: 15.78s, train loss: -18.3112]
26 Oct 17:41    INFO  epoch 129 evaluating [time: 15.01s, valid_score: 0.113100]
26 Oct 17:41    INFO  valid result: 
recall@10 : 0.1368    recall@20 : 0.2001    recall@50 : 0.3136    ndcg@10 : 0.0948    ndcg@20 : 0.1131    ndcg@50 : 0.1409    
26 Oct 17:41    INFO  epoch 130 training [time: 15.79s, train loss: -18.3114]
26 Oct 17:41    INFO  epoch 130 evaluating [time: 14.92s, valid_score: 0.113100]
26 Oct 17:41    INFO  valid result: 
recall@10 : 0.1369    recall@20 : 0.2011    recall@50 : 0.3135    ndcg@10 : 0.0944    ndcg@20 : 0.1131    ndcg@50 : 0.1406    
26 Oct 17:42    INFO  epoch 131 training [time: 15.85s, train loss: -18.3118]
26 Oct 17:42    INFO  epoch 131 evaluating [time: 14.52s, valid_score: 0.113100]
26 Oct 17:42    INFO  valid result: 
recall@10 : 0.1367    recall@20 : 0.2004    recall@50 : 0.3129    ndcg@10 : 0.0947    ndcg@20 : 0.1131    ndcg@50 : 0.1407    
26 Oct 17:42    INFO  epoch 132 training [time: 15.59s, train loss: -18.3115]
26 Oct 17:42    INFO  epoch 132 evaluating [time: 14.59s, valid_score: 0.113200]
26 Oct 17:42    INFO  valid result: 
recall@10 : 0.1363    recall@20 : 0.2005    recall@50 : 0.3131    ndcg@10 : 0.0945    ndcg@20 : 0.1132    ndcg@50 : 0.1408    
26 Oct 17:43    INFO  epoch 133 training [time: 15.66s, train loss: -18.3115]
26 Oct 17:43    INFO  epoch 133 evaluating [time: 14.86s, valid_score: 0.112500]
26 Oct 17:43    INFO  valid result: 
recall@10 : 0.1366    recall@20 : 0.1998    recall@50 : 0.3137    ndcg@10 : 0.0941    ndcg@20 : 0.1125    ndcg@50 : 0.1403    
26 Oct 17:43    INFO  epoch 134 training [time: 15.82s, train loss: -18.3109]
26 Oct 17:43    INFO  epoch 134 evaluating [time: 14.88s, valid_score: 0.113300]
26 Oct 17:43    INFO  valid result: 
recall@10 : 0.1367    recall@20 : 0.201    recall@50 : 0.3141    ndcg@10 : 0.0945    ndcg@20 : 0.1133    ndcg@50 : 0.1409    
26 Oct 17:43    INFO  Saving current best: saved/DirectAU-Oct-26-2023_16-33-52.pth
26 Oct 17:44    INFO  epoch 135 training [time: 15.84s, train loss: -18.3114]
26 Oct 17:44    INFO  epoch 135 evaluating [time: 14.77s, valid_score: 0.113000]
26 Oct 17:44    INFO  valid result: 
recall@10 : 0.1373    recall@20 : 0.2007    recall@50 : 0.3145    ndcg@10 : 0.0945    ndcg@20 : 0.113    ndcg@50 : 0.1407    
26 Oct 17:44    INFO  epoch 136 training [time: 15.81s, train loss: -18.3116]
26 Oct 17:44    INFO  epoch 136 evaluating [time: 14.73s, valid_score: 0.113100]
26 Oct 17:44    INFO  valid result: 
recall@10 : 0.1378    recall@20 : 0.1992    recall@50 : 0.3152    ndcg@10 : 0.0951    ndcg@20 : 0.1131    ndcg@50 : 0.1413    
26 Oct 17:45    INFO  epoch 137 training [time: 15.66s, train loss: -18.3116]
26 Oct 17:45    INFO  epoch 137 evaluating [time: 14.59s, valid_score: 0.113200]
26 Oct 17:45    INFO  valid result: 
recall@10 : 0.1378    recall@20 : 0.2    recall@50 : 0.3138    ndcg@10 : 0.0951    ndcg@20 : 0.1132    ndcg@50 : 0.1411    
26 Oct 17:45    INFO  epoch 138 training [time: 15.82s, train loss: -18.3116]
26 Oct 17:45    INFO  epoch 138 evaluating [time: 14.91s, valid_score: 0.113700]
26 Oct 17:45    INFO  valid result: 
recall@10 : 0.1378    recall@20 : 0.2011    recall@50 : 0.3139    ndcg@10 : 0.0954    ndcg@20 : 0.1137    ndcg@50 : 0.1413    
26 Oct 17:45    INFO  Saving current best: saved/DirectAU-Oct-26-2023_16-33-52.pth
26 Oct 17:46    INFO  epoch 139 training [time: 15.81s, train loss: -18.3113]
26 Oct 17:46    INFO  epoch 139 evaluating [time: 16.50s, valid_score: 0.113200]
26 Oct 17:46    INFO  valid result: 
recall@10 : 0.1355    recall@20 : 0.2006    recall@50 : 0.3139    ndcg@10 : 0.0944    ndcg@20 : 0.1132    ndcg@50 : 0.141    
26 Oct 17:46    INFO  epoch 140 training [time: 15.84s, train loss: -18.3114]
26 Oct 17:46    INFO  epoch 140 evaluating [time: 15.13s, valid_score: 0.113300]
26 Oct 17:46    INFO  valid result: 
recall@10 : 0.1363    recall@20 : 0.2012    recall@50 : 0.3131    ndcg@10 : 0.0944    ndcg@20 : 0.1133    ndcg@50 : 0.1407    
26 Oct 17:47    INFO  epoch 141 training [time: 15.79s, train loss: -18.3112]
26 Oct 17:47    INFO  epoch 141 evaluating [time: 14.71s, valid_score: 0.113200]
26 Oct 17:47    INFO  valid result: 
recall@10 : 0.1365    recall@20 : 0.2006    recall@50 : 0.3138    ndcg@10 : 0.0945    ndcg@20 : 0.1132    ndcg@50 : 0.1408    
26 Oct 17:47    INFO  epoch 142 training [time: 15.82s, train loss: -18.3113]
26 Oct 17:47    INFO  epoch 142 evaluating [time: 15.19s, valid_score: 0.113000]
26 Oct 17:47    INFO  valid result: 
recall@10 : 0.1368    recall@20 : 0.1998    recall@50 : 0.3139    ndcg@10 : 0.0947    ndcg@20 : 0.113    ndcg@50 : 0.1409    
26 Oct 17:48    INFO  epoch 143 training [time: 15.78s, train loss: -18.3118]
26 Oct 17:48    INFO  epoch 143 evaluating [time: 14.84s, valid_score: 0.113200]
26 Oct 17:48    INFO  valid result: 
recall@10 : 0.1368    recall@20 : 0.2008    recall@50 : 0.3147    ndcg@10 : 0.0947    ndcg@20 : 0.1132    ndcg@50 : 0.141    
26 Oct 17:48    INFO  epoch 144 training [time: 15.78s, train loss: -18.3116]
26 Oct 17:49    INFO  epoch 144 evaluating [time: 14.50s, valid_score: 0.113200]
26 Oct 17:49    INFO  valid result: 
recall@10 : 0.1356    recall@20 : 0.2003    recall@50 : 0.3141    ndcg@10 : 0.0944    ndcg@20 : 0.1132    ndcg@50 : 0.141    
26 Oct 17:49    INFO  epoch 145 training [time: 15.81s, train loss: -18.3114]
26 Oct 17:49    INFO  epoch 145 evaluating [time: 14.97s, valid_score: 0.113300]
26 Oct 17:49    INFO  valid result: 
recall@10 : 0.1368    recall@20 : 0.201    recall@50 : 0.3144    ndcg@10 : 0.0946    ndcg@20 : 0.1133    ndcg@50 : 0.141    
26 Oct 17:49    INFO  epoch 146 training [time: 15.79s, train loss: -18.3118]
26 Oct 17:50    INFO  epoch 146 evaluating [time: 14.49s, valid_score: 0.113500]
26 Oct 17:50    INFO  valid result: 
recall@10 : 0.1371    recall@20 : 0.2016    recall@50 : 0.3147    ndcg@10 : 0.0947    ndcg@20 : 0.1135    ndcg@50 : 0.1411    
26 Oct 17:50    INFO  epoch 147 training [time: 15.71s, train loss: -18.3117]
26 Oct 17:50    INFO  epoch 147 evaluating [time: 14.75s, valid_score: 0.113400]
26 Oct 17:50    INFO  valid result: 
recall@10 : 0.1371    recall@20 : 0.2018    recall@50 : 0.3146    ndcg@10 : 0.0946    ndcg@20 : 0.1134    ndcg@50 : 0.141    
26 Oct 17:50    INFO  epoch 148 training [time: 15.79s, train loss: -18.3119]
26 Oct 17:51    INFO  epoch 148 evaluating [time: 14.55s, valid_score: 0.113300]
26 Oct 17:51    INFO  valid result: 
recall@10 : 0.137    recall@20 : 0.2015    recall@50 : 0.3152    ndcg@10 : 0.0945    ndcg@20 : 0.1133    ndcg@50 : 0.141    
26 Oct 17:51    INFO  epoch 149 training [time: 15.82s, train loss: -18.3117]
26 Oct 17:51    INFO  epoch 149 evaluating [time: 14.92s, valid_score: 0.113200]
26 Oct 17:51    INFO  valid result: 
recall@10 : 0.1375    recall@20 : 0.2016    recall@50 : 0.3146    ndcg@10 : 0.0946    ndcg@20 : 0.1132    ndcg@50 : 0.1409    
26 Oct 17:51    INFO  Finished training, best eval result in epoch 138
26 Oct 17:51    INFO  Loading model structure and parameters from saved/DirectAU-Oct-26-2023_16-33-52.pth
26 Oct 17:51    INFO  best valid : {'recall@10': 0.1378, 'recall@20': 0.2011, 'recall@50': 0.3139, 'ndcg@10': 0.0954, 'ndcg@20': 0.1137, 'ndcg@50': 0.1413}
26 Oct 17:51    INFO  test result: {'recall@10': 0.1377, 'recall@20': 0.2, 'recall@50': 0.3138, 'ndcg@10': 0.0991, 'ndcg@20': 0.1171, 'ndcg@50': 0.1448}
