command line args [--zc 0.5] will not be used in RecBole
26 Oct 21:14    INFO  
General Hyper Parameters:
gpu_id = 3
use_gpu = True
seed = 0
state = INFO
reproducibility = True
data_path = dataset/Beauty
show_progress = False

Training Hyper Parameters:
checkpoint_dir = saved
epochs = 500
train_batch_size = 1024
learner = adam
learning_rate = 0.001
training_neg_sample_num = 0
training_neg_sample_distribution = uniform
eval_step = 1
stopping_step = 10
clip_grad_norm = None
weight_decay = 1e-06
draw_loss_pic = False
loss_decimal_place = 4

Evaluation Hyper Parameters:
eval_setting = RO_RS,full
group_by_user = True
split_ratio = [0.8, 0.1, 0.1]
leave_one_num = 2
real_time_process = False
metrics = ['Recall', 'NDCG']
topk = [10, 20, 50]
valid_metric = NDCG@20
eval_batch_size = 4096
metric_decimal_place = 4

Dataset Hyper Parameters:
field_separator = 	
seq_separator =  
USER_ID_FIELD = user_id
ITEM_ID_FIELD = item_id
RATING_FIELD = rating
TIME_FIELD = timestamp
seq_len = None
LABEL_FIELD = label
threshold = None
NEG_PREFIX = neg_
load_col = {'inter': ['user_id', 'item_id', 'timestamp']}
unload_col = None
unused_col = None
additional_feat_suffix = None
lowest_val = None
highest_val = None
equal_val = None
not_equal_val = None
max_user_inter_num = None
min_user_inter_num = 5
max_item_inter_num = None
min_item_inter_num = 5
fields_in_same_space = None
preload_weight = None
normalize_field = None
normalize_all = None
ITEM_LIST_LENGTH_FIELD = item_length
LIST_SUFFIX = _list
MAX_ITEM_LIST_LENGTH = 50
POSITION_FIELD = position_id
HEAD_ENTITY_ID_FIELD = head_id
TAIL_ENTITY_ID_FIELD = tail_id
RELATION_ID_FIELD = relation_id
ENTITY_ID_FIELD = entity_id

Other Hyper Parameters: 
valid_metric_bigger = True
BT = 0.1
bt = 0.001
embedding_size = 64
encoder = MF
gamma = 1
times = 1
witem = 0.1
wuser = 0.8
zc = 0.5
rm_dup_inter = None
filter_inter_by_user_or_item = True
SOURCE_ID_FIELD = source_id
TARGET_ID_FIELD = target_id
benchmark_filename = None
MODEL_TYPE = ModelType.GENERAL
MODEL_INPUT_TYPE = InputType.POINTWISE
eval_type = EvaluatorType.RANKING
device = cuda
train_neg_sample_args = {'strategy': 'none'}


26 Oct 21:14    INFO  Beauty
The number of users: 22364
Average actions of users: 8.876358270357287
The number of items: 12102
Average actions of items: 16.403768283612923
The number of inters: 198502
The sparsity of the dataset: 99.92665707018277%
Remain Fields: ['user_id', 'item_id', 'timestamp']
26 Oct 21:14    INFO  Build [GeneralDataLoader] for [train] with format [InputType.POINTWISE]
26 Oct 21:14    INFO  [train] No Negative Sampling
26 Oct 21:14    INFO  [train] batch_size = [1024], shuffle = [True]

26 Oct 21:14    INFO  Build [GeneralFullDataLoader] for [evaluation] with format [InputType.POINTWISE]
26 Oct 21:14    INFO  Evaluation Setting:
	Group by user_id
	Ordering: {'strategy': 'shuffle'}
	Splitting: {'strategy': 'by_ratio', 'ratios': [0.8, 0.1, 0.1]}
	Negative Sampling: {'strategy': 'full', 'distribution': 'uniform'}
26 Oct 21:14    INFO  [evaluation] batch_size = [4096], shuffle = [False]

26 Oct 21:14    WARNING  Batch size is changed to 12102.
26 Oct 21:14    WARNING  Batch size is changed to 12102.
{'BT': 0.1, 'bt': 0.001, 'embedding_size': 64, 'encoder': 'MF', 'gamma': None, 'times': 1, 'training_neg_sample_num': 0, 'witem': 0.1, 'wuser': 0.8, 'zc': 0.5}
this is encoder MF...
这是directau 的 WUBT 版本...0.5
26 Oct 21:14    INFO  DirectAU(
  (encoder): MFEncoder(
    (user_embedding): Embedding(22364, 64)
    (item_embedding): Embedding(12102, 64)
  )
  (bn): BatchNorm1d(64, eps=1e-05, momentum=0.1, affine=False, track_running_stats=True)
  (projector): Sequential(
    (0): Linear(in_features=64, out_features=64, bias=False)
    (1): BatchNorm1d(64, eps=1e-05, momentum=0.1, affine=True, track_running_stats=True)
    (2): ReLU(inplace=True)
    (3): Linear(in_features=64, out_features=64, bias=False)
    (4): BatchNorm1d(64, eps=1e-05, momentum=0.1, affine=True, track_running_stats=True)
    (5): ReLU(inplace=True)
    (6): Linear(in_features=64, out_features=64, bias=False)
  )
)
Trainable parameters: 2218368
26 Oct 21:14    INFO  epoch 0 training [time: 3.28s, train loss: -1.8723]
26 Oct 21:15    INFO  epoch 0 evaluating [time: 38.47s, valid_score: 0.010800]
26 Oct 21:15    INFO  valid result: 
recall@10 : 0.015    recall@20 : 0.0237    recall@50 : 0.0363    ndcg@10 : 0.0084    ndcg@20 : 0.0108    ndcg@50 : 0.0135    
26 Oct 21:15    INFO  Saving current best: saved/DirectAU-Oct-26-2023_21-14-50.pth
26 Oct 21:15    INFO  epoch 1 training [time: 3.23s, train loss: -2.4788]
26 Oct 21:16    INFO  epoch 1 evaluating [time: 37.45s, valid_score: 0.021300]
26 Oct 21:16    INFO  valid result: 
recall@10 : 0.031    recall@20 : 0.0461    recall@50 : 0.0739    ndcg@10 : 0.0173    ndcg@20 : 0.0213    ndcg@50 : 0.0272    
26 Oct 21:16    INFO  Saving current best: saved/DirectAU-Oct-26-2023_21-14-50.pth
26 Oct 21:16    INFO  epoch 2 training [time: 3.24s, train loss: -2.6658]
26 Oct 21:16    INFO  epoch 2 evaluating [time: 38.39s, valid_score: 0.029800]
26 Oct 21:16    INFO  valid result: 
recall@10 : 0.0425    recall@20 : 0.0627    recall@50 : 0.097    ndcg@10 : 0.0244    ndcg@20 : 0.0298    ndcg@50 : 0.037    
26 Oct 21:16    INFO  Saving current best: saved/DirectAU-Oct-26-2023_21-14-50.pth
26 Oct 21:16    INFO  epoch 3 training [time: 3.24s, train loss: -2.7523]
26 Oct 21:17    INFO  epoch 3 evaluating [time: 37.74s, valid_score: 0.034200]
26 Oct 21:17    INFO  valid result: 
recall@10 : 0.0485    recall@20 : 0.0727    recall@50 : 0.111    ndcg@10 : 0.0278    ndcg@20 : 0.0342    ndcg@50 : 0.0422    
26 Oct 21:17    INFO  Saving current best: saved/DirectAU-Oct-26-2023_21-14-50.pth
26 Oct 21:17    INFO  epoch 4 training [time: 3.22s, train loss: -2.8056]
26 Oct 21:18    INFO  epoch 4 evaluating [time: 38.45s, valid_score: 0.037300]
26 Oct 21:18    INFO  valid result: 
recall@10 : 0.0538    recall@20 : 0.079    recall@50 : 0.1201    ndcg@10 : 0.0306    ndcg@20 : 0.0373    ndcg@50 : 0.0459    
26 Oct 21:18    INFO  Saving current best: saved/DirectAU-Oct-26-2023_21-14-50.pth
26 Oct 21:18    INFO  epoch 5 training [time: 3.22s, train loss: -2.8407]
26 Oct 21:18    INFO  epoch 5 evaluating [time: 38.14s, valid_score: 0.039600]
26 Oct 21:18    INFO  valid result: 
recall@10 : 0.0576    recall@20 : 0.084    recall@50 : 0.1276    ndcg@10 : 0.0326    ndcg@20 : 0.0396    ndcg@50 : 0.0486    
26 Oct 21:18    INFO  Saving current best: saved/DirectAU-Oct-26-2023_21-14-50.pth
26 Oct 21:19    INFO  epoch 6 training [time: 3.18s, train loss: -2.8670]
26 Oct 21:19    INFO  epoch 6 evaluating [time: 37.91s, valid_score: 0.041500]
26 Oct 21:19    INFO  valid result: 
recall@10 : 0.061    recall@20 : 0.088    recall@50 : 0.1333    ndcg@10 : 0.0344    ndcg@20 : 0.0415    ndcg@50 : 0.0509    
26 Oct 21:19    INFO  Saving current best: saved/DirectAU-Oct-26-2023_21-14-50.pth
26 Oct 21:19    INFO  epoch 7 training [time: 3.24s, train loss: -2.8873]
26 Oct 21:20    INFO  epoch 7 evaluating [time: 37.71s, valid_score: 0.042900]
26 Oct 21:20    INFO  valid result: 
recall@10 : 0.0631    recall@20 : 0.0911    recall@50 : 0.1397    ndcg@10 : 0.0355    ndcg@20 : 0.0429    ndcg@50 : 0.053    
26 Oct 21:20    INFO  Saving current best: saved/DirectAU-Oct-26-2023_21-14-50.pth
26 Oct 21:20    INFO  epoch 8 training [time: 3.24s, train loss: -2.9033]
26 Oct 21:21    INFO  epoch 8 evaluating [time: 38.14s, valid_score: 0.044600]
26 Oct 21:21    INFO  valid result: 
recall@10 : 0.0663    recall@20 : 0.095    recall@50 : 0.1433    ndcg@10 : 0.0371    ndcg@20 : 0.0446    ndcg@50 : 0.0545    
26 Oct 21:21    INFO  Saving current best: saved/DirectAU-Oct-26-2023_21-14-50.pth
26 Oct 21:21    INFO  epoch 9 training [time: 3.28s, train loss: -2.9163]
26 Oct 21:22    INFO  epoch 9 evaluating [time: 57.19s, valid_score: 0.045400]
26 Oct 21:22    INFO  valid result: 
recall@10 : 0.0658    recall@20 : 0.0969    recall@50 : 0.1461    ndcg@10 : 0.0372    ndcg@20 : 0.0454    ndcg@50 : 0.0555    
26 Oct 21:22    INFO  Saving current best: saved/DirectAU-Oct-26-2023_21-14-50.pth
26 Oct 21:22    INFO  epoch 10 training [time: 3.49s, train loss: -2.9274]
26 Oct 21:23    INFO  epoch 10 evaluating [time: 67.10s, valid_score: 0.046500]
26 Oct 21:23    INFO  valid result: 
recall@10 : 0.0675    recall@20 : 0.099    recall@50 : 0.1483    ndcg@10 : 0.0382    ndcg@20 : 0.0465    ndcg@50 : 0.0567    
26 Oct 21:23    INFO  Saving current best: saved/DirectAU-Oct-26-2023_21-14-50.pth
26 Oct 21:23    INFO  epoch 11 training [time: 5.37s, train loss: -2.9369]
26 Oct 21:24    INFO  epoch 11 evaluating [time: 61.63s, valid_score: 0.047300]
26 Oct 21:24    INFO  valid result: 
recall@10 : 0.069    recall@20 : 0.1005    recall@50 : 0.1499    ndcg@10 : 0.039    ndcg@20 : 0.0473    ndcg@50 : 0.0575    
26 Oct 21:24    INFO  Saving current best: saved/DirectAU-Oct-26-2023_21-14-50.pth
26 Oct 21:24    INFO  epoch 12 training [time: 3.49s, train loss: -2.9446]
26 Oct 21:25    INFO  epoch 12 evaluating [time: 69.47s, valid_score: 0.047800]
26 Oct 21:25    INFO  valid result: 
recall@10 : 0.0701    recall@20 : 0.1017    recall@50 : 0.1526    ndcg@10 : 0.0395    ndcg@20 : 0.0478    ndcg@50 : 0.0583    
26 Oct 21:25    INFO  Saving current best: saved/DirectAU-Oct-26-2023_21-14-50.pth
26 Oct 21:25    INFO  epoch 13 training [time: 3.50s, train loss: -2.9521]
26 Oct 21:26    INFO  epoch 13 evaluating [time: 69.40s, valid_score: 0.048700]
26 Oct 21:26    INFO  valid result: 
recall@10 : 0.0719    recall@20 : 0.1032    recall@50 : 0.1534    ndcg@10 : 0.0405    ndcg@20 : 0.0487    ndcg@50 : 0.059    
26 Oct 21:26    INFO  Saving current best: saved/DirectAU-Oct-26-2023_21-14-50.pth
26 Oct 21:26    INFO  epoch 14 training [time: 3.52s, train loss: -2.9578]
26 Oct 21:27    INFO  epoch 14 evaluating [time: 61.19s, valid_score: 0.049000]
26 Oct 21:27    INFO  valid result: 
recall@10 : 0.0716    recall@20 : 0.1041    recall@50 : 0.1557    ndcg@10 : 0.0405    ndcg@20 : 0.049    ndcg@50 : 0.0597    
26 Oct 21:27    INFO  Saving current best: saved/DirectAU-Oct-26-2023_21-14-50.pth
26 Oct 21:27    INFO  epoch 15 training [time: 3.53s, train loss: -2.9632]
26 Oct 21:29    INFO  epoch 15 evaluating [time: 69.48s, valid_score: 0.049300]
26 Oct 21:29    INFO  valid result: 
recall@10 : 0.0714    recall@20 : 0.1044    recall@50 : 0.1563    ndcg@10 : 0.0407    ndcg@20 : 0.0493    ndcg@50 : 0.0601    
26 Oct 21:29    INFO  Saving current best: saved/DirectAU-Oct-26-2023_21-14-50.pth
26 Oct 21:29    INFO  epoch 16 training [time: 3.48s, train loss: -2.9681]
26 Oct 21:30    INFO  epoch 16 evaluating [time: 69.32s, valid_score: 0.049800]
26 Oct 21:30    INFO  valid result: 
recall@10 : 0.0718    recall@20 : 0.1056    recall@50 : 0.1573    ndcg@10 : 0.0409    ndcg@20 : 0.0498    ndcg@50 : 0.0605    
26 Oct 21:30    INFO  Saving current best: saved/DirectAU-Oct-26-2023_21-14-50.pth
26 Oct 21:30    INFO  epoch 17 training [time: 3.51s, train loss: -2.9729]
26 Oct 21:31    INFO  epoch 17 evaluating [time: 69.21s, valid_score: 0.050100]
26 Oct 21:31    INFO  valid result: 
recall@10 : 0.0721    recall@20 : 0.1071    recall@50 : 0.1587    ndcg@10 : 0.041    ndcg@20 : 0.0501    ndcg@50 : 0.0608    
26 Oct 21:31    INFO  Saving current best: saved/DirectAU-Oct-26-2023_21-14-50.pth
26 Oct 21:31    INFO  epoch 18 training [time: 3.53s, train loss: -2.9769]
26 Oct 21:32    INFO  epoch 18 evaluating [time: 61.21s, valid_score: 0.050500]
26 Oct 21:32    INFO  valid result: 
recall@10 : 0.0723    recall@20 : 0.1083    recall@50 : 0.1596    ndcg@10 : 0.0411    ndcg@20 : 0.0505    ndcg@50 : 0.0611    
26 Oct 21:32    INFO  Saving current best: saved/DirectAU-Oct-26-2023_21-14-50.pth
26 Oct 21:32    INFO  epoch 19 training [time: 3.58s, train loss: -2.9809]
26 Oct 21:33    INFO  epoch 19 evaluating [time: 69.85s, valid_score: 0.050700]
26 Oct 21:33    INFO  valid result: 
recall@10 : 0.0737    recall@20 : 0.1082    recall@50 : 0.1603    ndcg@10 : 0.0417    ndcg@20 : 0.0507    ndcg@50 : 0.0614    
26 Oct 21:33    INFO  Saving current best: saved/DirectAU-Oct-26-2023_21-14-50.pth
26 Oct 21:33    INFO  epoch 20 training [time: 3.56s, train loss: -2.9842]
26 Oct 21:35    INFO  epoch 20 evaluating [time: 69.57s, valid_score: 0.050200]
26 Oct 21:35    INFO  valid result: 
recall@10 : 0.0733    recall@20 : 0.1072    recall@50 : 0.1608    ndcg@10 : 0.0414    ndcg@20 : 0.0502    ndcg@50 : 0.0613    
26 Oct 21:35    INFO  epoch 21 training [time: 3.58s, train loss: -2.9872]
26 Oct 21:36    INFO  epoch 21 evaluating [time: 61.19s, valid_score: 0.050600]
26 Oct 21:36    INFO  valid result: 
recall@10 : 0.0731    recall@20 : 0.1076    recall@50 : 0.1611    ndcg@10 : 0.0416    ndcg@20 : 0.0506    ndcg@50 : 0.0616    
26 Oct 21:36    INFO  epoch 22 training [time: 3.59s, train loss: -2.9901]
26 Oct 21:37    INFO  epoch 22 evaluating [time: 69.65s, valid_score: 0.050800]
26 Oct 21:37    INFO  valid result: 
recall@10 : 0.0738    recall@20 : 0.1081    recall@50 : 0.1623    ndcg@10 : 0.0419    ndcg@20 : 0.0508    ndcg@50 : 0.062    
26 Oct 21:37    INFO  Saving current best: saved/DirectAU-Oct-26-2023_21-14-50.pth
26 Oct 21:37    INFO  epoch 23 training [time: 3.61s, train loss: -2.9925]
26 Oct 21:38    INFO  epoch 23 evaluating [time: 69.46s, valid_score: 0.050700]
26 Oct 21:38    INFO  valid result: 
recall@10 : 0.0733    recall@20 : 0.1083    recall@50 : 0.1634    ndcg@10 : 0.0416    ndcg@20 : 0.0507    ndcg@50 : 0.0621    
26 Oct 21:38    INFO  epoch 24 training [time: 3.60s, train loss: -2.9949]
26 Oct 21:39    INFO  epoch 24 evaluating [time: 69.79s, valid_score: 0.051400]
26 Oct 21:39    INFO  valid result: 
recall@10 : 0.074    recall@20 : 0.1098    recall@50 : 0.1635    ndcg@10 : 0.0421    ndcg@20 : 0.0514    ndcg@50 : 0.0625    
26 Oct 21:39    INFO  Saving current best: saved/DirectAU-Oct-26-2023_21-14-50.pth
26 Oct 21:39    INFO  epoch 25 training [time: 3.61s, train loss: -2.9978]
26 Oct 21:40    INFO  epoch 25 evaluating [time: 61.44s, valid_score: 0.051200]
26 Oct 21:40    INFO  valid result: 
recall@10 : 0.0733    recall@20 : 0.1092    recall@50 : 0.1637    ndcg@10 : 0.0418    ndcg@20 : 0.0512    ndcg@50 : 0.0624    
26 Oct 21:40    INFO  epoch 26 training [time: 3.60s, train loss: -2.9999]
26 Oct 21:42    INFO  epoch 26 evaluating [time: 69.60s, valid_score: 0.051300]
26 Oct 21:42    INFO  valid result: 
recall@10 : 0.0736    recall@20 : 0.1088    recall@50 : 0.1641    ndcg@10 : 0.0421    ndcg@20 : 0.0513    ndcg@50 : 0.0626    
26 Oct 21:42    INFO  epoch 27 training [time: 3.58s, train loss: -3.0017]
26 Oct 21:43    INFO  epoch 27 evaluating [time: 69.61s, valid_score: 0.051300]
26 Oct 21:43    INFO  valid result: 
recall@10 : 0.0751    recall@20 : 0.1093    recall@50 : 0.1639    ndcg@10 : 0.0423    ndcg@20 : 0.0513    ndcg@50 : 0.0626    
26 Oct 21:43    INFO  epoch 28 training [time: 3.57s, train loss: -3.0038]
26 Oct 21:44    INFO  epoch 28 evaluating [time: 61.26s, valid_score: 0.051600]
26 Oct 21:44    INFO  valid result: 
recall@10 : 0.0742    recall@20 : 0.1096    recall@50 : 0.1652    ndcg@10 : 0.0424    ndcg@20 : 0.0516    ndcg@50 : 0.063    
26 Oct 21:44    INFO  Saving current best: saved/DirectAU-Oct-26-2023_21-14-50.pth
26 Oct 21:44    INFO  epoch 29 training [time: 3.58s, train loss: -3.0059]
26 Oct 21:45    INFO  epoch 29 evaluating [time: 69.65s, valid_score: 0.051700]
26 Oct 21:45    INFO  valid result: 
recall@10 : 0.074    recall@20 : 0.1094    recall@50 : 0.1644    ndcg@10 : 0.0424    ndcg@20 : 0.0517    ndcg@50 : 0.063    
26 Oct 21:45    INFO  Saving current best: saved/DirectAU-Oct-26-2023_21-14-50.pth
26 Oct 21:45    INFO  epoch 30 training [time: 3.56s, train loss: -3.0073]
26 Oct 21:46    INFO  epoch 30 evaluating [time: 69.80s, valid_score: 0.052300]
26 Oct 21:46    INFO  valid result: 
recall@10 : 0.0757    recall@20 : 0.1103    recall@50 : 0.1654    ndcg@10 : 0.0432    ndcg@20 : 0.0523    ndcg@50 : 0.0636    
26 Oct 21:46    INFO  Saving current best: saved/DirectAU-Oct-26-2023_21-14-50.pth
26 Oct 21:46    INFO  epoch 31 training [time: 3.57s, train loss: -3.0089]
26 Oct 21:48    INFO  epoch 31 evaluating [time: 69.35s, valid_score: 0.051800]
26 Oct 21:48    INFO  valid result: 
recall@10 : 0.0754    recall@20 : 0.1094    recall@50 : 0.1657    ndcg@10 : 0.043    ndcg@20 : 0.0518    ndcg@50 : 0.0635    
26 Oct 21:48    INFO  epoch 32 training [time: 3.59s, train loss: -3.0106]
26 Oct 21:49    INFO  epoch 32 evaluating [time: 61.52s, valid_score: 0.052200]
26 Oct 21:49    INFO  valid result: 
recall@10 : 0.0753    recall@20 : 0.1104    recall@50 : 0.1657    ndcg@10 : 0.0431    ndcg@20 : 0.0522    ndcg@50 : 0.0636    
26 Oct 21:49    INFO  epoch 33 training [time: 3.57s, train loss: -3.0124]
26 Oct 21:50    INFO  epoch 33 evaluating [time: 69.61s, valid_score: 0.052200]
26 Oct 21:50    INFO  valid result: 
recall@10 : 0.0765    recall@20 : 0.1106    recall@50 : 0.1668    ndcg@10 : 0.0433    ndcg@20 : 0.0522    ndcg@50 : 0.0638    
26 Oct 21:50    INFO  epoch 34 training [time: 3.55s, train loss: -3.0134]
26 Oct 21:51    INFO  epoch 34 evaluating [time: 69.44s, valid_score: 0.052100]
26 Oct 21:51    INFO  valid result: 
recall@10 : 0.0767    recall@20 : 0.111    recall@50 : 0.1663    ndcg@10 : 0.0432    ndcg@20 : 0.0521    ndcg@50 : 0.0635    
26 Oct 21:51    INFO  epoch 35 training [time: 3.59s, train loss: -3.0148]
26 Oct 21:52    INFO  epoch 35 evaluating [time: 61.38s, valid_score: 0.052800]
26 Oct 21:52    INFO  valid result: 
recall@10 : 0.0762    recall@20 : 0.1113    recall@50 : 0.1673    ndcg@10 : 0.0436    ndcg@20 : 0.0528    ndcg@50 : 0.0643    
26 Oct 21:52    INFO  Saving current best: saved/DirectAU-Oct-26-2023_21-14-50.pth
26 Oct 21:52    INFO  epoch 36 training [time: 3.59s, train loss: -3.0164]
26 Oct 21:53    INFO  epoch 36 evaluating [time: 69.58s, valid_score: 0.052500]
26 Oct 21:53    INFO  valid result: 
recall@10 : 0.077    recall@20 : 0.1113    recall@50 : 0.167    ndcg@10 : 0.0436    ndcg@20 : 0.0525    ndcg@50 : 0.064    
26 Oct 21:53    INFO  epoch 37 training [time: 3.57s, train loss: -3.0176]
26 Oct 21:55    INFO  epoch 37 evaluating [time: 69.60s, valid_score: 0.052400]
26 Oct 21:55    INFO  valid result: 
recall@10 : 0.0768    recall@20 : 0.1107    recall@50 : 0.1663    ndcg@10 : 0.0435    ndcg@20 : 0.0524    ndcg@50 : 0.0639    
26 Oct 21:55    INFO  epoch 38 training [time: 3.62s, train loss: -3.0185]
26 Oct 21:56    INFO  epoch 38 evaluating [time: 69.62s, valid_score: 0.052300]
26 Oct 21:56    INFO  valid result: 
recall@10 : 0.0775    recall@20 : 0.1105    recall@50 : 0.167    ndcg@10 : 0.0437    ndcg@20 : 0.0523    ndcg@50 : 0.064    
26 Oct 21:56    INFO  epoch 39 training [time: 3.50s, train loss: -3.0199]
26 Oct 21:57    INFO  epoch 39 evaluating [time: 61.39s, valid_score: 0.052500]
26 Oct 21:57    INFO  valid result: 
recall@10 : 0.0774    recall@20 : 0.1106    recall@50 : 0.1675    ndcg@10 : 0.0438    ndcg@20 : 0.0525    ndcg@50 : 0.0642    
26 Oct 21:57    INFO  epoch 40 training [time: 3.60s, train loss: -3.0209]
26 Oct 21:58    INFO  epoch 40 evaluating [time: 69.63s, valid_score: 0.052600]
26 Oct 21:58    INFO  valid result: 
recall@10 : 0.0777    recall@20 : 0.1108    recall@50 : 0.1675    ndcg@10 : 0.044    ndcg@20 : 0.0526    ndcg@50 : 0.0643    
26 Oct 21:58    INFO  epoch 41 training [time: 3.62s, train loss: -3.0225]
26 Oct 21:59    INFO  epoch 41 evaluating [time: 69.69s, valid_score: 0.052700]
26 Oct 21:59    INFO  valid result: 
recall@10 : 0.0773    recall@20 : 0.1111    recall@50 : 0.1678    ndcg@10 : 0.0439    ndcg@20 : 0.0527    ndcg@50 : 0.0643    
26 Oct 21:59    INFO  epoch 42 training [time: 3.56s, train loss: -3.0233]
26 Oct 22:00    INFO  epoch 42 evaluating [time: 61.37s, valid_score: 0.052800]
26 Oct 22:00    INFO  valid result: 
recall@10 : 0.0779    recall@20 : 0.1115    recall@50 : 0.1679    ndcg@10 : 0.044    ndcg@20 : 0.0528    ndcg@50 : 0.0644    
26 Oct 22:00    INFO  epoch 43 training [time: 3.58s, train loss: -3.0242]
26 Oct 22:02    INFO  epoch 43 evaluating [time: 69.70s, valid_score: 0.052600]
26 Oct 22:02    INFO  valid result: 
recall@10 : 0.0778    recall@20 : 0.1108    recall@50 : 0.1684    ndcg@10 : 0.044    ndcg@20 : 0.0526    ndcg@50 : 0.0644    
26 Oct 22:02    INFO  epoch 44 training [time: 3.60s, train loss: -3.0254]
26 Oct 22:03    INFO  epoch 44 evaluating [time: 69.52s, valid_score: 0.052900]
26 Oct 22:03    INFO  valid result: 
recall@10 : 0.0783    recall@20 : 0.1119    recall@50 : 0.1671    ndcg@10 : 0.0441    ndcg@20 : 0.0529    ndcg@50 : 0.0642    
26 Oct 22:03    INFO  Saving current best: saved/DirectAU-Oct-26-2023_21-14-50.pth
26 Oct 22:03    INFO  epoch 45 training [time: 3.58s, train loss: -3.0266]
26 Oct 22:04    INFO  epoch 45 evaluating [time: 69.88s, valid_score: 0.052700]
26 Oct 22:04    INFO  valid result: 
recall@10 : 0.0778    recall@20 : 0.1121    recall@50 : 0.1672    ndcg@10 : 0.0437    ndcg@20 : 0.0527    ndcg@50 : 0.064    
26 Oct 22:04    INFO  epoch 46 training [time: 3.57s, train loss: -3.0278]
26 Oct 22:05    INFO  epoch 46 evaluating [time: 61.35s, valid_score: 0.052700]
26 Oct 22:05    INFO  valid result: 
recall@10 : 0.0773    recall@20 : 0.1121    recall@50 : 0.1675    ndcg@10 : 0.0436    ndcg@20 : 0.0527    ndcg@50 : 0.0641    
26 Oct 22:05    INFO  epoch 47 training [time: 3.60s, train loss: -3.0284]
26 Oct 22:06    INFO  epoch 47 evaluating [time: 69.71s, valid_score: 0.052300]
26 Oct 22:06    INFO  valid result: 
recall@10 : 0.0769    recall@20 : 0.1102    recall@50 : 0.1672    ndcg@10 : 0.0436    ndcg@20 : 0.0523    ndcg@50 : 0.064    
26 Oct 22:06    INFO  epoch 48 training [time: 3.58s, train loss: -3.0292]
26 Oct 22:08    INFO  epoch 48 evaluating [time: 69.53s, valid_score: 0.052400]
26 Oct 22:08    INFO  valid result: 
recall@10 : 0.0771    recall@20 : 0.1115    recall@50 : 0.1673    ndcg@10 : 0.0434    ndcg@20 : 0.0524    ndcg@50 : 0.0639    
26 Oct 22:08    INFO  epoch 49 training [time: 3.59s, train loss: -3.0305]
26 Oct 22:09    INFO  epoch 49 evaluating [time: 61.39s, valid_score: 0.052400]
26 Oct 22:09    INFO  valid result: 
recall@10 : 0.0779    recall@20 : 0.1098    recall@50 : 0.1678    ndcg@10 : 0.044    ndcg@20 : 0.0524    ndcg@50 : 0.0644    
26 Oct 22:09    INFO  epoch 50 training [time: 3.58s, train loss: -3.0310]
26 Oct 22:10    INFO  epoch 50 evaluating [time: 69.61s, valid_score: 0.052500]
26 Oct 22:10    INFO  valid result: 
recall@10 : 0.0771    recall@20 : 0.1103    recall@50 : 0.1671    ndcg@10 : 0.0438    ndcg@20 : 0.0525    ndcg@50 : 0.0642    
26 Oct 22:10    INFO  epoch 51 training [time: 3.59s, train loss: -3.0317]
26 Oct 22:11    INFO  epoch 51 evaluating [time: 69.67s, valid_score: 0.053100]
26 Oct 22:11    INFO  valid result: 
recall@10 : 0.0776    recall@20 : 0.1113    recall@50 : 0.1668    ndcg@10 : 0.0442    ndcg@20 : 0.0531    ndcg@50 : 0.0645    
26 Oct 22:11    INFO  Saving current best: saved/DirectAU-Oct-26-2023_21-14-50.pth
26 Oct 22:11    INFO  epoch 52 training [time: 3.62s, train loss: -3.0324]
26 Oct 22:12    INFO  epoch 52 evaluating [time: 69.59s, valid_score: 0.053600]
26 Oct 22:12    INFO  valid result: 
recall@10 : 0.0769    recall@20 : 0.1128    recall@50 : 0.1678    ndcg@10 : 0.0442    ndcg@20 : 0.0536    ndcg@50 : 0.0649    
26 Oct 22:12    INFO  Saving current best: saved/DirectAU-Oct-26-2023_21-14-50.pth
26 Oct 22:12    INFO  epoch 53 training [time: 3.57s, train loss: -3.0337]
26 Oct 22:13    INFO  epoch 53 evaluating [time: 61.60s, valid_score: 0.052800]
26 Oct 22:13    INFO  valid result: 
recall@10 : 0.0772    recall@20 : 0.1119    recall@50 : 0.167    ndcg@10 : 0.0437    ndcg@20 : 0.0528    ndcg@50 : 0.0642    
26 Oct 22:13    INFO  epoch 54 training [time: 3.58s, train loss: -3.0341]
26 Oct 22:15    INFO  epoch 54 evaluating [time: 69.46s, valid_score: 0.052800]
26 Oct 22:15    INFO  valid result: 
recall@10 : 0.0768    recall@20 : 0.1113    recall@50 : 0.167    ndcg@10 : 0.0438    ndcg@20 : 0.0528    ndcg@50 : 0.0643    
26 Oct 22:15    INFO  epoch 55 training [time: 3.58s, train loss: -3.0352]
26 Oct 22:16    INFO  epoch 55 evaluating [time: 69.67s, valid_score: 0.052600]
26 Oct 22:16    INFO  valid result: 
recall@10 : 0.0784    recall@20 : 0.1112    recall@50 : 0.1673    ndcg@10 : 0.0441    ndcg@20 : 0.0526    ndcg@50 : 0.0642    
26 Oct 22:16    INFO  epoch 56 training [time: 3.56s, train loss: -3.0358]
26 Oct 22:17    INFO  epoch 56 evaluating [time: 61.45s, valid_score: 0.052800]
26 Oct 22:17    INFO  valid result: 
recall@10 : 0.078    recall@20 : 0.111    recall@50 : 0.1667    ndcg@10 : 0.0442    ndcg@20 : 0.0528    ndcg@50 : 0.0643    
26 Oct 22:17    INFO  epoch 57 training [time: 3.57s, train loss: -3.0364]
26 Oct 22:18    INFO  epoch 57 evaluating [time: 68.94s, valid_score: 0.052900]
26 Oct 22:18    INFO  valid result: 
recall@10 : 0.0778    recall@20 : 0.1113    recall@50 : 0.1668    ndcg@10 : 0.0441    ndcg@20 : 0.0529    ndcg@50 : 0.0643    
26 Oct 22:18    INFO  epoch 58 training [time: 3.61s, train loss: -3.0369]
26 Oct 22:19    INFO  epoch 58 evaluating [time: 69.73s, valid_score: 0.052900]
26 Oct 22:19    INFO  valid result: 
recall@10 : 0.0783    recall@20 : 0.1107    recall@50 : 0.1669    ndcg@10 : 0.0445    ndcg@20 : 0.0529    ndcg@50 : 0.0645    
26 Oct 22:19    INFO  epoch 59 training [time: 3.56s, train loss: -3.0375]
26 Oct 22:21    INFO  epoch 59 evaluating [time: 69.45s, valid_score: 0.052700]
26 Oct 22:21    INFO  valid result: 
recall@10 : 0.0771    recall@20 : 0.1109    recall@50 : 0.1662    ndcg@10 : 0.0438    ndcg@20 : 0.0527    ndcg@50 : 0.0641    
26 Oct 22:21    INFO  epoch 60 training [time: 3.56s, train loss: -3.0379]
26 Oct 22:22    INFO  epoch 60 evaluating [time: 61.44s, valid_score: 0.052800]
26 Oct 22:22    INFO  valid result: 
recall@10 : 0.0775    recall@20 : 0.1106    recall@50 : 0.1668    ndcg@10 : 0.0442    ndcg@20 : 0.0528    ndcg@50 : 0.0643    
26 Oct 22:22    INFO  epoch 61 training [time: 3.58s, train loss: -3.0392]
26 Oct 22:23    INFO  epoch 61 evaluating [time: 69.56s, valid_score: 0.053100]
26 Oct 22:23    INFO  valid result: 
recall@10 : 0.0767    recall@20 : 0.1119    recall@50 : 0.167    ndcg@10 : 0.0439    ndcg@20 : 0.0531    ndcg@50 : 0.0645    
26 Oct 22:23    INFO  epoch 62 training [time: 3.59s, train loss: -3.0397]
26 Oct 22:24    INFO  epoch 62 evaluating [time: 69.48s, valid_score: 0.052900]
26 Oct 22:24    INFO  valid result: 
recall@10 : 0.0766    recall@20 : 0.1107    recall@50 : 0.1671    ndcg@10 : 0.044    ndcg@20 : 0.0529    ndcg@50 : 0.0645    
26 Oct 22:24    INFO  epoch 63 training [time: 3.59s, train loss: -3.0401]
26 Oct 22:25    INFO  epoch 63 evaluating [time: 61.31s, valid_score: 0.052800]
26 Oct 22:25    INFO  valid result: 
recall@10 : 0.0767    recall@20 : 0.1106    recall@50 : 0.1661    ndcg@10 : 0.0439    ndcg@20 : 0.0528    ndcg@50 : 0.0643    
26 Oct 22:25    INFO  Finished training, best eval result in epoch 52
26 Oct 22:25    INFO  Loading model structure and parameters from saved/DirectAU-Oct-26-2023_21-14-50.pth
26 Oct 22:26    INFO  best valid : {'recall@10': 0.0769, 'recall@20': 0.1128, 'recall@50': 0.1678, 'ndcg@10': 0.0442, 'ndcg@20': 0.0536, 'ndcg@50': 0.0649}
26 Oct 22:26    INFO  test result: {'recall@10': 0.0805, 'recall@20': 0.1154, 'recall@50': 0.173, 'ndcg@10': 0.0472, 'ndcg@20': 0.0562, 'ndcg@50': 0.068}
