command line args [--zc 1] will not be used in RecBole
26 Oct 16:02    INFO  
General Hyper Parameters:
gpu_id = 2
use_gpu = True
seed = 0
state = INFO
reproducibility = True
data_path = dataset/Yelp
show_progress = False

Training Hyper Parameters:
checkpoint_dir = saved
epochs = 500
train_batch_size = 1024
learner = adam
learning_rate = 0.001
training_neg_sample_num = 0
training_neg_sample_distribution = uniform
eval_step = 1
stopping_step = 10
clip_grad_norm = None
weight_decay = 1e-06
draw_loss_pic = False
loss_decimal_place = 4

Evaluation Hyper Parameters:
eval_setting = RO_RS,full
group_by_user = True
split_ratio = [0.8, 0.1, 0.1]
leave_one_num = 2
real_time_process = False
metrics = ['Recall', 'NDCG']
topk = [10, 20, 50]
valid_metric = NDCG@20
eval_batch_size = 4096
metric_decimal_place = 4

Dataset Hyper Parameters:
field_separator = 	
seq_separator =  
USER_ID_FIELD = user_id
ITEM_ID_FIELD = item_id
RATING_FIELD = rating
TIME_FIELD = timestamp
seq_len = None
LABEL_FIELD = label
threshold = None
NEG_PREFIX = neg_
load_col = {'inter': ['user_id', 'item_id', 'timestamp']}
unload_col = None
unused_col = None
additional_feat_suffix = None
lowest_val = None
highest_val = None
equal_val = None
not_equal_val = None
max_user_inter_num = None
min_user_inter_num = 5
max_item_inter_num = None
min_item_inter_num = 5
fields_in_same_space = None
preload_weight = None
normalize_field = None
normalize_all = None
ITEM_LIST_LENGTH_FIELD = item_length
LIST_SUFFIX = _list
MAX_ITEM_LIST_LENGTH = 50
POSITION_FIELD = position_id
HEAD_ENTITY_ID_FIELD = head_id
TAIL_ENTITY_ID_FIELD = tail_id
RELATION_ID_FIELD = relation_id
ENTITY_ID_FIELD = entity_id

Other Hyper Parameters: 
valid_metric_bigger = True
BT = 0.1
bt = 0.001
embedding_size = 64
encoder = MF
gamma = 0.5
times = 1
witem = 0.1
wuser = 0.8
zc = 1.0
rm_dup_inter = None
filter_inter_by_user_or_item = True
SOURCE_ID_FIELD = source_id
TARGET_ID_FIELD = target_id
benchmark_filename = None
MODEL_TYPE = ModelType.GENERAL
MODEL_INPUT_TYPE = InputType.POINTWISE
eval_type = EvaluatorType.RANKING
device = cuda
train_neg_sample_args = {'strategy': 'none'}


26 Oct 16:02    INFO  Yelp
The number of users: 31669
Average actions of users: 49.305481874447395
The number of items: 38049
Average actions of items: 41.037794365012616
The number of inters: 1561406
The sparsity of the dataset: 99.87041991912021%
Remain Fields: ['user_id', 'item_id']
26 Oct 16:02    INFO  Build [GeneralDataLoader] for [train] with format [InputType.POINTWISE]
26 Oct 16:02    INFO  [train] No Negative Sampling
26 Oct 16:02    INFO  [train] batch_size = [1024], shuffle = [True]

26 Oct 16:02    INFO  Build [GeneralFullDataLoader] for [evaluation] with format [InputType.POINTWISE]
26 Oct 16:02    INFO  Evaluation Setting:
	Group by user_id
	Ordering: {'strategy': 'shuffle'}
	Splitting: {'strategy': 'by_ratio', 'ratios': [0.8, 0.1, 0.1]}
	Negative Sampling: {'strategy': 'full', 'distribution': 'uniform'}
26 Oct 16:02    INFO  [evaluation] batch_size = [4096], shuffle = [False]

26 Oct 16:02    WARNING  Batch size is changed to 38049.
26 Oct 16:02    WARNING  Batch size is changed to 38049.
{'BT': 0.1, 'bt': 0.001, 'embedding_size': 64, 'encoder': 'MF', 'gamma': None, 'times': 1, 'training_neg_sample_num': 0, 'witem': 0.1, 'wuser': 0.8, 'zc': 1.0}
this is encoder MF...
这是directau 的 WUBT 版本...
26 Oct 16:02    INFO  DirectAU(
  (encoder): MFEncoder(
    (user_embedding): Embedding(31669, 64)
    (item_embedding): Embedding(38049, 64)
  )
  (bn): BatchNorm1d(64, eps=1e-05, momentum=0.1, affine=False, track_running_stats=True)
  (projector): Sequential(
    (0): Linear(in_features=64, out_features=64, bias=False)
    (1): BatchNorm1d(64, eps=1e-05, momentum=0.1, affine=True, track_running_stats=True)
    (2): ReLU(inplace=True)
    (3): Linear(in_features=64, out_features=64, bias=False)
    (4): BatchNorm1d(64, eps=1e-05, momentum=0.1, affine=True, track_running_stats=True)
    (5): ReLU(inplace=True)
    (6): Linear(in_features=64, out_features=64, bias=False)
  )
)
Trainable parameters: 4474496
26 Oct 16:02    INFO  epoch 0 training [time: 23.88s, train loss: -0.1565]
26 Oct 16:02    INFO  epoch 0 evaluating [time: 15.33s, valid_score: 0.022300]
26 Oct 16:02    INFO  valid result: 
recall@10 : 0.0213    recall@20 : 0.0365    recall@50 : 0.0746    ndcg@10 : 0.017    ndcg@20 : 0.0223    ndcg@50 : 0.0337    
26 Oct 16:02    INFO  Saving current best: saved/DirectAU-Oct-26-2023_16-02-13.pth
26 Oct 16:03    INFO  epoch 1 training [time: 23.62s, train loss: -0.5263]
26 Oct 16:03    INFO  epoch 1 evaluating [time: 15.11s, valid_score: 0.033400]
26 Oct 16:03    INFO  valid result: 
recall@10 : 0.0322    recall@20 : 0.0552    recall@50 : 0.1057    ndcg@10 : 0.0255    ndcg@20 : 0.0334    ndcg@50 : 0.0483    
26 Oct 16:03    INFO  Saving current best: saved/DirectAU-Oct-26-2023_16-02-13.pth
26 Oct 16:03    INFO  epoch 2 training [time: 23.65s, train loss: -0.6006]
26 Oct 16:04    INFO  epoch 2 evaluating [time: 61.34s, valid_score: 0.038000]
26 Oct 16:04    INFO  valid result: 
recall@10 : 0.0372    recall@20 : 0.0627    recall@50 : 0.1176    ndcg@10 : 0.0293    ndcg@20 : 0.038    ndcg@50 : 0.0542    
26 Oct 16:04    INFO  Saving current best: saved/DirectAU-Oct-26-2023_16-02-13.pth
26 Oct 16:05    INFO  epoch 3 training [time: 27.90s, train loss: -0.6383]
26 Oct 16:05    INFO  epoch 3 evaluating [time: 25.12s, valid_score: 0.040900]
26 Oct 16:05    INFO  valid result: 
recall@10 : 0.0408    recall@20 : 0.0676    recall@50 : 0.1266    ndcg@10 : 0.0317    ndcg@20 : 0.0409    ndcg@50 : 0.0582    
26 Oct 16:05    INFO  Saving current best: saved/DirectAU-Oct-26-2023_16-02-13.pth
26 Oct 16:06    INFO  epoch 4 training [time: 42.96s, train loss: -0.6635]
26 Oct 16:07    INFO  epoch 4 evaluating [time: 67.34s, valid_score: 0.042900]
26 Oct 16:07    INFO  valid result: 
recall@10 : 0.0427    recall@20 : 0.0708    recall@50 : 0.1315    ndcg@10 : 0.0333    ndcg@20 : 0.0429    ndcg@50 : 0.0607    
26 Oct 16:07    INFO  Saving current best: saved/DirectAU-Oct-26-2023_16-02-13.pth
26 Oct 16:08    INFO  epoch 5 training [time: 44.06s, train loss: -0.6827]
26 Oct 16:09    INFO  epoch 5 evaluating [time: 68.30s, valid_score: 0.045200]
26 Oct 16:09    INFO  valid result: 
recall@10 : 0.0447    recall@20 : 0.0746    recall@50 : 0.1371    ndcg@10 : 0.035    ndcg@20 : 0.0452    ndcg@50 : 0.0635    
26 Oct 16:09    INFO  Saving current best: saved/DirectAU-Oct-26-2023_16-02-13.pth
26 Oct 16:10    INFO  epoch 6 training [time: 50.94s, train loss: -0.6983]
26 Oct 16:11    INFO  epoch 6 evaluating [time: 60.97s, valid_score: 0.047000]
26 Oct 16:11    INFO  valid result: 
recall@10 : 0.047    recall@20 : 0.0775    recall@50 : 0.142    ndcg@10 : 0.0365    ndcg@20 : 0.047    ndcg@50 : 0.0658    
26 Oct 16:11    INFO  Saving current best: saved/DirectAU-Oct-26-2023_16-02-13.pth
26 Oct 16:12    INFO  epoch 7 training [time: 49.38s, train loss: -0.7117]
26 Oct 16:13    INFO  epoch 7 evaluating [time: 61.54s, valid_score: 0.048400]
26 Oct 16:13    INFO  valid result: 
recall@10 : 0.0483    recall@20 : 0.0797    recall@50 : 0.1468    ndcg@10 : 0.0377    ndcg@20 : 0.0484    ndcg@50 : 0.0679    
26 Oct 16:13    INFO  Saving current best: saved/DirectAU-Oct-26-2023_16-02-13.pth
26 Oct 16:14    INFO  epoch 8 training [time: 49.79s, train loss: -0.7231]
26 Oct 16:15    INFO  epoch 8 evaluating [time: 61.65s, valid_score: 0.049700]
26 Oct 16:15    INFO  valid result: 
recall@10 : 0.0494    recall@20 : 0.0819    recall@50 : 0.1501    ndcg@10 : 0.0386    ndcg@20 : 0.0497    ndcg@50 : 0.0696    
26 Oct 16:15    INFO  Saving current best: saved/DirectAU-Oct-26-2023_16-02-13.pth
26 Oct 16:15    INFO  epoch 9 training [time: 50.20s, train loss: -0.7328]
26 Oct 16:16    INFO  epoch 9 evaluating [time: 61.08s, valid_score: 0.051800]
26 Oct 16:16    INFO  valid result: 
recall@10 : 0.0516    recall@20 : 0.0852    recall@50 : 0.154    ndcg@10 : 0.0404    ndcg@20 : 0.0518    ndcg@50 : 0.0719    
26 Oct 16:16    INFO  Saving current best: saved/DirectAU-Oct-26-2023_16-02-13.pth
26 Oct 16:17    INFO  epoch 10 training [time: 50.07s, train loss: -0.7414]
26 Oct 16:18    INFO  epoch 10 evaluating [time: 61.77s, valid_score: 0.052700]
26 Oct 16:18    INFO  valid result: 
recall@10 : 0.0524    recall@20 : 0.0864    recall@50 : 0.1592    ndcg@10 : 0.0413    ndcg@20 : 0.0527    ndcg@50 : 0.0739    
26 Oct 16:18    INFO  Saving current best: saved/DirectAU-Oct-26-2023_16-02-13.pth
26 Oct 16:19    INFO  epoch 11 training [time: 49.88s, train loss: -0.7486]
26 Oct 16:20    INFO  epoch 11 evaluating [time: 61.02s, valid_score: 0.054000]
26 Oct 16:20    INFO  valid result: 
recall@10 : 0.0534    recall@20 : 0.0887    recall@50 : 0.162    ndcg@10 : 0.0421    ndcg@20 : 0.054    ndcg@50 : 0.0754    
26 Oct 16:20    INFO  Saving current best: saved/DirectAU-Oct-26-2023_16-02-13.pth
26 Oct 16:21    INFO  epoch 12 training [time: 49.74s, train loss: -0.7550]
26 Oct 16:22    INFO  epoch 12 evaluating [time: 61.91s, valid_score: 0.055600]
26 Oct 16:22    INFO  valid result: 
recall@10 : 0.0551    recall@20 : 0.0911    recall@50 : 0.1659    ndcg@10 : 0.0434    ndcg@20 : 0.0556    ndcg@50 : 0.0773    
26 Oct 16:22    INFO  Saving current best: saved/DirectAU-Oct-26-2023_16-02-13.pth
26 Oct 16:23    INFO  epoch 13 training [time: 49.73s, train loss: -0.7606]
26 Oct 16:24    INFO  epoch 13 evaluating [time: 61.31s, valid_score: 0.056500]
26 Oct 16:24    INFO  valid result: 
recall@10 : 0.0559    recall@20 : 0.0931    recall@50 : 0.1677    ndcg@10 : 0.0439    ndcg@20 : 0.0565    ndcg@50 : 0.0781    
26 Oct 16:24    INFO  Saving current best: saved/DirectAU-Oct-26-2023_16-02-13.pth
26 Oct 16:25    INFO  epoch 14 training [time: 49.78s, train loss: -0.7653]
26 Oct 16:26    INFO  epoch 14 evaluating [time: 62.18s, valid_score: 0.058300]
26 Oct 16:26    INFO  valid result: 
recall@10 : 0.0583    recall@20 : 0.095    recall@50 : 0.1712    ndcg@10 : 0.0458    ndcg@20 : 0.0583    ndcg@50 : 0.0804    
26 Oct 16:26    INFO  Saving current best: saved/DirectAU-Oct-26-2023_16-02-13.pth
26 Oct 16:27    INFO  epoch 15 training [time: 50.22s, train loss: -0.7695]
26 Oct 16:28    INFO  epoch 15 evaluating [time: 61.41s, valid_score: 0.059000]
26 Oct 16:28    INFO  valid result: 
recall@10 : 0.0588    recall@20 : 0.0965    recall@50 : 0.1738    ndcg@10 : 0.0461    ndcg@20 : 0.059    ndcg@50 : 0.0814    
26 Oct 16:28    INFO  Saving current best: saved/DirectAU-Oct-26-2023_16-02-13.pth
26 Oct 16:28    INFO  epoch 16 training [time: 49.75s, train loss: -0.7732]
26 Oct 16:30    INFO  epoch 16 evaluating [time: 61.66s, valid_score: 0.059800]
26 Oct 16:30    INFO  valid result: 
recall@10 : 0.0601    recall@20 : 0.098    recall@50 : 0.1764    ndcg@10 : 0.047    ndcg@20 : 0.0598    ndcg@50 : 0.0825    
26 Oct 16:30    INFO  Saving current best: saved/DirectAU-Oct-26-2023_16-02-13.pth
26 Oct 16:30    INFO  epoch 17 training [time: 50.01s, train loss: -0.7765]
26 Oct 16:31    INFO  epoch 17 evaluating [time: 61.07s, valid_score: 0.060000]
26 Oct 16:31    INFO  valid result: 
recall@10 : 0.06    recall@20 : 0.0983    recall@50 : 0.1783    ndcg@10 : 0.0471    ndcg@20 : 0.06    ndcg@50 : 0.0832    
26 Oct 16:31    INFO  Saving current best: saved/DirectAU-Oct-26-2023_16-02-13.pth
26 Oct 16:32    INFO  epoch 18 training [time: 49.63s, train loss: -0.7793]
26 Oct 16:33    INFO  epoch 18 evaluating [time: 61.54s, valid_score: 0.060900]
26 Oct 16:33    INFO  valid result: 
recall@10 : 0.0606    recall@20 : 0.0996    recall@50 : 0.1798    ndcg@10 : 0.0477    ndcg@20 : 0.0609    ndcg@50 : 0.0841    
26 Oct 16:33    INFO  Saving current best: saved/DirectAU-Oct-26-2023_16-02-13.pth
26 Oct 16:34    INFO  epoch 19 training [time: 49.77s, train loss: -0.7818]
26 Oct 16:35    INFO  epoch 19 evaluating [time: 60.99s, valid_score: 0.061600]
26 Oct 16:35    INFO  valid result: 
recall@10 : 0.0611    recall@20 : 0.1001    recall@50 : 0.1816    ndcg@10 : 0.0484    ndcg@20 : 0.0616    ndcg@50 : 0.0852    
26 Oct 16:35    INFO  Saving current best: saved/DirectAU-Oct-26-2023_16-02-13.pth
26 Oct 16:36    INFO  epoch 20 training [time: 49.92s, train loss: -0.7840]
26 Oct 16:37    INFO  epoch 20 evaluating [time: 61.83s, valid_score: 0.061900]
26 Oct 16:37    INFO  valid result: 
recall@10 : 0.0623    recall@20 : 0.101    recall@50 : 0.1821    ndcg@10 : 0.0489    ndcg@20 : 0.0619    ndcg@50 : 0.0855    
26 Oct 16:37    INFO  Saving current best: saved/DirectAU-Oct-26-2023_16-02-13.pth
26 Oct 16:38    INFO  epoch 21 training [time: 50.10s, train loss: -0.7858]
26 Oct 16:39    INFO  epoch 21 evaluating [time: 61.85s, valid_score: 0.062400]
26 Oct 16:39    INFO  valid result: 
recall@10 : 0.0619    recall@20 : 0.102    recall@50 : 0.1839    ndcg@10 : 0.0489    ndcg@20 : 0.0624    ndcg@50 : 0.0862    
26 Oct 16:39    INFO  Saving current best: saved/DirectAU-Oct-26-2023_16-02-13.pth
26 Oct 16:40    INFO  epoch 22 training [time: 49.94s, train loss: -0.7874]
26 Oct 16:41    INFO  epoch 22 evaluating [time: 61.30s, valid_score: 0.063300]
26 Oct 16:41    INFO  valid result: 
recall@10 : 0.0635    recall@20 : 0.1033    recall@50 : 0.1846    ndcg@10 : 0.0499    ndcg@20 : 0.0633    ndcg@50 : 0.0869    
26 Oct 16:41    INFO  Saving current best: saved/DirectAU-Oct-26-2023_16-02-13.pth
26 Oct 16:42    INFO  epoch 23 training [time: 50.12s, train loss: -0.7890]
26 Oct 16:43    INFO  epoch 23 evaluating [time: 61.95s, valid_score: 0.063700]
26 Oct 16:43    INFO  valid result: 
recall@10 : 0.0637    recall@20 : 0.1039    recall@50 : 0.1857    ndcg@10 : 0.0501    ndcg@20 : 0.0637    ndcg@50 : 0.0875    
26 Oct 16:43    INFO  Saving current best: saved/DirectAU-Oct-26-2023_16-02-13.pth
26 Oct 16:43    INFO  epoch 24 training [time: 50.11s, train loss: -0.7903]
26 Oct 16:44    INFO  epoch 24 evaluating [time: 61.40s, valid_score: 0.063700]
26 Oct 16:44    INFO  valid result: 
recall@10 : 0.0641    recall@20 : 0.1033    recall@50 : 0.1869    ndcg@10 : 0.0505    ndcg@20 : 0.0637    ndcg@50 : 0.088    
26 Oct 16:45    INFO  epoch 25 training [time: 50.66s, train loss: -0.7914]
26 Oct 16:46    INFO  epoch 25 evaluating [time: 62.34s, valid_score: 0.064300]
26 Oct 16:46    INFO  valid result: 
recall@10 : 0.0643    recall@20 : 0.1044    recall@50 : 0.1874    ndcg@10 : 0.0508    ndcg@20 : 0.0643    ndcg@50 : 0.0884    
26 Oct 16:46    INFO  Saving current best: saved/DirectAU-Oct-26-2023_16-02-13.pth
26 Oct 16:47    INFO  epoch 26 training [time: 49.77s, train loss: -0.7924]
26 Oct 16:48    INFO  epoch 26 evaluating [time: 61.45s, valid_score: 0.064500]
26 Oct 16:48    INFO  valid result: 
recall@10 : 0.0648    recall@20 : 0.1049    recall@50 : 0.1874    ndcg@10 : 0.051    ndcg@20 : 0.0645    ndcg@50 : 0.0885    
26 Oct 16:48    INFO  Saving current best: saved/DirectAU-Oct-26-2023_16-02-13.pth
26 Oct 16:49    INFO  epoch 27 training [time: 50.83s, train loss: -0.7933]
26 Oct 16:50    INFO  epoch 27 evaluating [time: 62.12s, valid_score: 0.064700]
26 Oct 16:50    INFO  valid result: 
recall@10 : 0.065    recall@20 : 0.1054    recall@50 : 0.1885    ndcg@10 : 0.0511    ndcg@20 : 0.0647    ndcg@50 : 0.0889    
26 Oct 16:50    INFO  Saving current best: saved/DirectAU-Oct-26-2023_16-02-13.pth
26 Oct 16:51    INFO  epoch 28 training [time: 50.14s, train loss: -0.7942]
26 Oct 16:52    INFO  epoch 28 evaluating [time: 61.57s, valid_score: 0.065400]
26 Oct 16:52    INFO  valid result: 
recall@10 : 0.0644    recall@20 : 0.1062    recall@50 : 0.189    ndcg@10 : 0.0513    ndcg@20 : 0.0654    ndcg@50 : 0.0895    
26 Oct 16:52    INFO  Saving current best: saved/DirectAU-Oct-26-2023_16-02-13.pth
26 Oct 16:53    INFO  epoch 29 training [time: 50.76s, train loss: -0.7950]
26 Oct 16:54    INFO  epoch 29 evaluating [time: 61.45s, valid_score: 0.065400]
26 Oct 16:54    INFO  valid result: 
recall@10 : 0.0657    recall@20 : 0.1061    recall@50 : 0.1886    ndcg@10 : 0.0517    ndcg@20 : 0.0654    ndcg@50 : 0.0894    
26 Oct 16:55    INFO  epoch 30 training [time: 50.22s, train loss: -0.7955]
26 Oct 16:56    INFO  epoch 30 evaluating [time: 61.25s, valid_score: 0.065900]
26 Oct 16:56    INFO  valid result: 
recall@10 : 0.0656    recall@20 : 0.1067    recall@50 : 0.1896    ndcg@10 : 0.0521    ndcg@20 : 0.0659    ndcg@50 : 0.09    
26 Oct 16:56    INFO  Saving current best: saved/DirectAU-Oct-26-2023_16-02-13.pth
26 Oct 16:56    INFO  epoch 31 training [time: 50.92s, train loss: -0.7961]
26 Oct 16:58    INFO  epoch 31 evaluating [time: 61.57s, valid_score: 0.065600]
26 Oct 16:58    INFO  valid result: 
recall@10 : 0.0661    recall@20 : 0.1064    recall@50 : 0.1898    ndcg@10 : 0.052    ndcg@20 : 0.0656    ndcg@50 : 0.0899    
26 Oct 16:58    INFO  epoch 32 training [time: 50.09s, train loss: -0.7967]
26 Oct 16:59    INFO  epoch 32 evaluating [time: 61.06s, valid_score: 0.065900]
26 Oct 16:59    INFO  valid result: 
recall@10 : 0.0655    recall@20 : 0.1066    recall@50 : 0.1905    ndcg@10 : 0.0521    ndcg@20 : 0.0659    ndcg@50 : 0.0903    
26 Oct 17:00    INFO  epoch 33 training [time: 47.92s, train loss: -0.7972]
26 Oct 17:01    INFO  epoch 33 evaluating [time: 63.69s, valid_score: 0.066200]
26 Oct 17:01    INFO  valid result: 
recall@10 : 0.0658    recall@20 : 0.1071    recall@50 : 0.1904    ndcg@10 : 0.0523    ndcg@20 : 0.0662    ndcg@50 : 0.0905    
26 Oct 17:01    INFO  Saving current best: saved/DirectAU-Oct-26-2023_16-02-13.pth
26 Oct 17:02    INFO  epoch 34 training [time: 50.39s, train loss: -0.7977]
26 Oct 17:03    INFO  epoch 34 evaluating [time: 62.10s, valid_score: 0.066700]
26 Oct 17:03    INFO  valid result: 
recall@10 : 0.0665    recall@20 : 0.1077    recall@50 : 0.1909    ndcg@10 : 0.0528    ndcg@20 : 0.0667    ndcg@50 : 0.0908    
26 Oct 17:03    INFO  Saving current best: saved/DirectAU-Oct-26-2023_16-02-13.pth
26 Oct 17:04    INFO  epoch 35 training [time: 50.12s, train loss: -0.7981]
26 Oct 17:05    INFO  epoch 35 evaluating [time: 61.61s, valid_score: 0.066600]
26 Oct 17:05    INFO  valid result: 
recall@10 : 0.0662    recall@20 : 0.1078    recall@50 : 0.1915    ndcg@10 : 0.0525    ndcg@20 : 0.0666    ndcg@50 : 0.0909    
26 Oct 17:06    INFO  epoch 36 training [time: 49.96s, train loss: -0.7985]
26 Oct 17:07    INFO  epoch 36 evaluating [time: 62.11s, valid_score: 0.066700]
26 Oct 17:07    INFO  valid result: 
recall@10 : 0.0666    recall@20 : 0.1074    recall@50 : 0.1921    ndcg@10 : 0.0529    ndcg@20 : 0.0667    ndcg@50 : 0.0913    
26 Oct 17:08    INFO  epoch 37 training [time: 50.15s, train loss: -0.7988]
26 Oct 17:09    INFO  epoch 37 evaluating [time: 61.76s, valid_score: 0.066800]
26 Oct 17:09    INFO  valid result: 
recall@10 : 0.0669    recall@20 : 0.1075    recall@50 : 0.1922    ndcg@10 : 0.0531    ndcg@20 : 0.0668    ndcg@50 : 0.0913    
26 Oct 17:09    INFO  Saving current best: saved/DirectAU-Oct-26-2023_16-02-13.pth
26 Oct 17:10    INFO  epoch 38 training [time: 50.09s, train loss: -0.7992]
26 Oct 17:11    INFO  epoch 38 evaluating [time: 62.06s, valid_score: 0.066900]
26 Oct 17:11    INFO  valid result: 
recall@10 : 0.0671    recall@20 : 0.1077    recall@50 : 0.1925    ndcg@10 : 0.0532    ndcg@20 : 0.0669    ndcg@50 : 0.0915    
26 Oct 17:11    INFO  Saving current best: saved/DirectAU-Oct-26-2023_16-02-13.pth
26 Oct 17:11    INFO  epoch 39 training [time: 50.74s, train loss: -0.7994]
26 Oct 17:12    INFO  epoch 39 evaluating [time: 61.75s, valid_score: 0.067300]
26 Oct 17:12    INFO  valid result: 
recall@10 : 0.0669    recall@20 : 0.1083    recall@50 : 0.1918    ndcg@10 : 0.0534    ndcg@20 : 0.0673    ndcg@50 : 0.0916    
26 Oct 17:12    INFO  Saving current best: saved/DirectAU-Oct-26-2023_16-02-13.pth
26 Oct 17:13    INFO  epoch 40 training [time: 50.90s, train loss: -0.7996]
26 Oct 17:14    INFO  epoch 40 evaluating [time: 62.25s, valid_score: 0.067200]
26 Oct 17:14    INFO  valid result: 
recall@10 : 0.0673    recall@20 : 0.1078    recall@50 : 0.1921    ndcg@10 : 0.0535    ndcg@20 : 0.0672    ndcg@50 : 0.0917    
26 Oct 17:15    INFO  epoch 41 training [time: 50.66s, train loss: -0.7998]
26 Oct 17:16    INFO  epoch 41 evaluating [time: 61.81s, valid_score: 0.067300]
26 Oct 17:16    INFO  valid result: 
recall@10 : 0.0675    recall@20 : 0.1077    recall@50 : 0.1925    ndcg@10 : 0.0537    ndcg@20 : 0.0673    ndcg@50 : 0.0919    
26 Oct 17:17    INFO  epoch 42 training [time: 50.53s, train loss: -0.7999]
26 Oct 17:18    INFO  epoch 42 evaluating [time: 62.01s, valid_score: 0.067300]
26 Oct 17:18    INFO  valid result: 
recall@10 : 0.067    recall@20 : 0.1081    recall@50 : 0.1928    ndcg@10 : 0.0535    ndcg@20 : 0.0673    ndcg@50 : 0.092    
26 Oct 17:19    INFO  epoch 43 training [time: 50.87s, train loss: -0.8001]
26 Oct 17:20    INFO  epoch 43 evaluating [time: 61.05s, valid_score: 0.067500]
26 Oct 17:20    INFO  valid result: 
recall@10 : 0.0672    recall@20 : 0.1081    recall@50 : 0.1927    ndcg@10 : 0.0536    ndcg@20 : 0.0675    ndcg@50 : 0.092    
26 Oct 17:20    INFO  Saving current best: saved/DirectAU-Oct-26-2023_16-02-13.pth
26 Oct 17:21    INFO  epoch 44 training [time: 49.97s, train loss: -0.8003]
26 Oct 17:22    INFO  epoch 44 evaluating [time: 62.09s, valid_score: 0.067700]
26 Oct 17:22    INFO  valid result: 
recall@10 : 0.0671    recall@20 : 0.1089    recall@50 : 0.1929    ndcg@10 : 0.0536    ndcg@20 : 0.0677    ndcg@50 : 0.0921    
26 Oct 17:22    INFO  Saving current best: saved/DirectAU-Oct-26-2023_16-02-13.pth
26 Oct 17:23    INFO  epoch 45 training [time: 49.66s, train loss: -0.8004]
26 Oct 17:24    INFO  epoch 45 evaluating [time: 61.10s, valid_score: 0.067600]
26 Oct 17:24    INFO  valid result: 
recall@10 : 0.0668    recall@20 : 0.1086    recall@50 : 0.1925    ndcg@10 : 0.0535    ndcg@20 : 0.0676    ndcg@50 : 0.092    
26 Oct 17:25    INFO  epoch 46 training [time: 49.41s, train loss: -0.8005]
26 Oct 17:26    INFO  epoch 46 evaluating [time: 62.80s, valid_score: 0.067800]
26 Oct 17:26    INFO  valid result: 
recall@10 : 0.0673    recall@20 : 0.1085    recall@50 : 0.1929    ndcg@10 : 0.0539    ndcg@20 : 0.0678    ndcg@50 : 0.0924    
26 Oct 17:26    INFO  Saving current best: saved/DirectAU-Oct-26-2023_16-02-13.pth
26 Oct 17:26    INFO  epoch 47 training [time: 50.28s, train loss: -0.8005]
26 Oct 17:27    INFO  epoch 47 evaluating [time: 62.02s, valid_score: 0.067800]
26 Oct 17:27    INFO  valid result: 
recall@10 : 0.0679    recall@20 : 0.1089    recall@50 : 0.1938    ndcg@10 : 0.0539    ndcg@20 : 0.0678    ndcg@50 : 0.0925    
26 Oct 17:28    INFO  epoch 48 training [time: 50.39s, train loss: -0.8007]
26 Oct 17:29    INFO  epoch 48 evaluating [time: 61.68s, valid_score: 0.067800]
26 Oct 17:29    INFO  valid result: 
recall@10 : 0.068    recall@20 : 0.109    recall@50 : 0.1939    ndcg@10 : 0.0539    ndcg@20 : 0.0678    ndcg@50 : 0.0924    
26 Oct 17:30    INFO  epoch 49 training [time: 50.11s, train loss: -0.8007]
26 Oct 17:31    INFO  epoch 49 evaluating [time: 62.07s, valid_score: 0.067900]
26 Oct 17:31    INFO  valid result: 
recall@10 : 0.0677    recall@20 : 0.1091    recall@50 : 0.1934    ndcg@10 : 0.0539    ndcg@20 : 0.0679    ndcg@50 : 0.0924    
26 Oct 17:31    INFO  Saving current best: saved/DirectAU-Oct-26-2023_16-02-13.pth
26 Oct 17:32    INFO  epoch 50 training [time: 49.97s, train loss: -0.8008]
26 Oct 17:33    INFO  epoch 50 evaluating [time: 61.51s, valid_score: 0.068100]
26 Oct 17:33    INFO  valid result: 
recall@10 : 0.0679    recall@20 : 0.109    recall@50 : 0.1938    ndcg@10 : 0.0542    ndcg@20 : 0.0681    ndcg@50 : 0.0927    
26 Oct 17:33    INFO  Saving current best: saved/DirectAU-Oct-26-2023_16-02-13.pth
26 Oct 17:34    INFO  epoch 51 training [time: 50.05s, train loss: -0.8008]
26 Oct 17:35    INFO  epoch 51 evaluating [time: 62.08s, valid_score: 0.068300]
26 Oct 17:35    INFO  valid result: 
recall@10 : 0.0676    recall@20 : 0.1093    recall@50 : 0.1939    ndcg@10 : 0.0541    ndcg@20 : 0.0683    ndcg@50 : 0.0929    
26 Oct 17:35    INFO  Saving current best: saved/DirectAU-Oct-26-2023_16-02-13.pth
26 Oct 17:36    INFO  epoch 52 training [time: 49.99s, train loss: -0.8009]
26 Oct 17:37    INFO  epoch 52 evaluating [time: 61.42s, valid_score: 0.068200]
26 Oct 17:37    INFO  valid result: 
recall@10 : 0.0677    recall@20 : 0.1094    recall@50 : 0.1943    ndcg@10 : 0.0542    ndcg@20 : 0.0682    ndcg@50 : 0.0929    
26 Oct 17:38    INFO  epoch 53 training [time: 50.00s, train loss: -0.8010]
26 Oct 17:39    INFO  epoch 53 evaluating [time: 61.97s, valid_score: 0.068200]
26 Oct 17:39    INFO  valid result: 
recall@10 : 0.068    recall@20 : 0.1092    recall@50 : 0.1946    ndcg@10 : 0.0542    ndcg@20 : 0.0682    ndcg@50 : 0.093    
26 Oct 17:39    INFO  epoch 54 training [time: 50.38s, train loss: -0.8010]
26 Oct 17:40    INFO  epoch 54 evaluating [time: 61.49s, valid_score: 0.068100]
26 Oct 17:40    INFO  valid result: 
recall@10 : 0.0676    recall@20 : 0.1096    recall@50 : 0.1944    ndcg@10 : 0.054    ndcg@20 : 0.0681    ndcg@50 : 0.0928    
26 Oct 17:41    INFO  epoch 55 training [time: 49.96s, train loss: -0.8010]
26 Oct 17:42    INFO  epoch 55 evaluating [time: 61.40s, valid_score: 0.068100]
26 Oct 17:42    INFO  valid result: 
recall@10 : 0.0676    recall@20 : 0.1094    recall@50 : 0.1937    ndcg@10 : 0.054    ndcg@20 : 0.0681    ndcg@50 : 0.0927    
26 Oct 17:43    INFO  epoch 56 training [time: 49.85s, train loss: -0.8011]
26 Oct 17:44    INFO  epoch 56 evaluating [time: 60.91s, valid_score: 0.068500]
26 Oct 17:44    INFO  valid result: 
recall@10 : 0.0685    recall@20 : 0.1095    recall@50 : 0.1943    ndcg@10 : 0.0547    ndcg@20 : 0.0685    ndcg@50 : 0.0931    
26 Oct 17:44    INFO  Saving current best: saved/DirectAU-Oct-26-2023_16-02-13.pth
26 Oct 17:45    INFO  epoch 57 training [time: 49.73s, train loss: -0.8011]
26 Oct 17:46    INFO  epoch 57 evaluating [time: 62.07s, valid_score: 0.068300]
26 Oct 17:46    INFO  valid result: 
recall@10 : 0.0677    recall@20 : 0.1097    recall@50 : 0.1941    ndcg@10 : 0.0541    ndcg@20 : 0.0683    ndcg@50 : 0.0928    
26 Oct 17:47    INFO  epoch 58 training [time: 50.02s, train loss: -0.8012]
26 Oct 17:48    INFO  epoch 58 evaluating [time: 61.17s, valid_score: 0.068300]
26 Oct 17:48    INFO  valid result: 
recall@10 : 0.0683    recall@20 : 0.1094    recall@50 : 0.1941    ndcg@10 : 0.0545    ndcg@20 : 0.0683    ndcg@50 : 0.0929    
26 Oct 17:49    INFO  epoch 59 training [time: 49.08s, train loss: -0.8013]
26 Oct 17:50    INFO  epoch 59 evaluating [time: 62.92s, valid_score: 0.068400]
26 Oct 17:50    INFO  valid result: 
recall@10 : 0.0681    recall@20 : 0.1096    recall@50 : 0.1943    ndcg@10 : 0.0545    ndcg@20 : 0.0684    ndcg@50 : 0.0931    
26 Oct 17:51    INFO  epoch 60 training [time: 49.83s, train loss: -0.8012]
26 Oct 17:52    INFO  epoch 60 evaluating [time: 62.03s, valid_score: 0.068300]
26 Oct 17:52    INFO  valid result: 
recall@10 : 0.0687    recall@20 : 0.1092    recall@50 : 0.1948    ndcg@10 : 0.0547    ndcg@20 : 0.0683    ndcg@50 : 0.0932    
26 Oct 17:52    INFO  epoch 61 training [time: 50.21s, train loss: -0.8013]
26 Oct 17:54    INFO  epoch 61 evaluating [time: 61.30s, valid_score: 0.068400]
26 Oct 17:54    INFO  valid result: 
recall@10 : 0.068    recall@20 : 0.1092    recall@50 : 0.1952    ndcg@10 : 0.0545    ndcg@20 : 0.0684    ndcg@50 : 0.0934    
26 Oct 17:54    INFO  epoch 62 training [time: 50.35s, train loss: -0.8014]
26 Oct 17:55    INFO  epoch 62 evaluating [time: 61.95s, valid_score: 0.068400]
26 Oct 17:55    INFO  valid result: 
recall@10 : 0.0683    recall@20 : 0.1094    recall@50 : 0.1951    ndcg@10 : 0.0546    ndcg@20 : 0.0684    ndcg@50 : 0.0933    
26 Oct 17:56    INFO  epoch 63 training [time: 49.68s, train loss: -0.8013]
26 Oct 17:57    INFO  epoch 63 evaluating [time: 61.54s, valid_score: 0.068700]
26 Oct 17:57    INFO  valid result: 
recall@10 : 0.0682    recall@20 : 0.1098    recall@50 : 0.1949    ndcg@10 : 0.0547    ndcg@20 : 0.0687    ndcg@50 : 0.0934    
26 Oct 17:57    INFO  Saving current best: saved/DirectAU-Oct-26-2023_16-02-13.pth
26 Oct 17:58    INFO  epoch 64 training [time: 50.14s, train loss: -0.8014]
26 Oct 17:59    INFO  epoch 64 evaluating [time: 61.96s, valid_score: 0.068400]
26 Oct 17:59    INFO  valid result: 
recall@10 : 0.0684    recall@20 : 0.1095    recall@50 : 0.1944    ndcg@10 : 0.0545    ndcg@20 : 0.0684    ndcg@50 : 0.093    
26 Oct 18:00    INFO  epoch 65 training [time: 50.34s, train loss: -0.8015]
26 Oct 18:01    INFO  epoch 65 evaluating [time: 61.38s, valid_score: 0.068800]
26 Oct 18:01    INFO  valid result: 
recall@10 : 0.0683    recall@20 : 0.1097    recall@50 : 0.1944    ndcg@10 : 0.0548    ndcg@20 : 0.0688    ndcg@50 : 0.0934    
26 Oct 18:01    INFO  Saving current best: saved/DirectAU-Oct-26-2023_16-02-13.pth
26 Oct 18:02    INFO  epoch 66 training [time: 49.88s, train loss: -0.8015]
26 Oct 18:03    INFO  epoch 66 evaluating [time: 61.95s, valid_score: 0.068500]
26 Oct 18:03    INFO  valid result: 
recall@10 : 0.0684    recall@20 : 0.1094    recall@50 : 0.1945    ndcg@10 : 0.0546    ndcg@20 : 0.0685    ndcg@50 : 0.0932    
26 Oct 18:04    INFO  epoch 67 training [time: 50.38s, train loss: -0.8015]
26 Oct 18:05    INFO  epoch 67 evaluating [time: 61.33s, valid_score: 0.068700]
26 Oct 18:05    INFO  valid result: 
recall@10 : 0.0685    recall@20 : 0.1096    recall@50 : 0.1949    ndcg@10 : 0.0549    ndcg@20 : 0.0687    ndcg@50 : 0.0935    
26 Oct 18:06    INFO  epoch 68 training [time: 49.93s, train loss: -0.8015]
26 Oct 18:07    INFO  epoch 68 evaluating [time: 62.41s, valid_score: 0.068400]
26 Oct 18:07    INFO  valid result: 
recall@10 : 0.0684    recall@20 : 0.1092    recall@50 : 0.195    ndcg@10 : 0.0546    ndcg@20 : 0.0684    ndcg@50 : 0.0933    
26 Oct 18:07    INFO  epoch 69 training [time: 48.88s, train loss: -0.8015]
26 Oct 18:08    INFO  epoch 69 evaluating [time: 61.07s, valid_score: 0.068800]
26 Oct 18:08    INFO  valid result: 
recall@10 : 0.0686    recall@20 : 0.1099    recall@50 : 0.1949    ndcg@10 : 0.0549    ndcg@20 : 0.0688    ndcg@50 : 0.0935    
26 Oct 18:09    INFO  epoch 70 training [time: 50.06s, train loss: -0.8016]
26 Oct 18:10    INFO  epoch 70 evaluating [time: 62.16s, valid_score: 0.068700]
26 Oct 18:10    INFO  valid result: 
recall@10 : 0.0691    recall@20 : 0.1098    recall@50 : 0.1952    ndcg@10 : 0.0551    ndcg@20 : 0.0687    ndcg@50 : 0.0936    
26 Oct 18:11    INFO  epoch 71 training [time: 49.25s, train loss: -0.8017]
26 Oct 18:12    INFO  epoch 71 evaluating [time: 60.74s, valid_score: 0.068900]
26 Oct 18:12    INFO  valid result: 
recall@10 : 0.0682    recall@20 : 0.1102    recall@50 : 0.1952    ndcg@10 : 0.0548    ndcg@20 : 0.0689    ndcg@50 : 0.0936    
26 Oct 18:12    INFO  Saving current best: saved/DirectAU-Oct-26-2023_16-02-13.pth
26 Oct 18:13    INFO  epoch 72 training [time: 50.07s, train loss: -0.8016]
26 Oct 18:14    INFO  epoch 72 evaluating [time: 61.27s, valid_score: 0.069100]
26 Oct 18:14    INFO  valid result: 
recall@10 : 0.0682    recall@20 : 0.1098    recall@50 : 0.1952    ndcg@10 : 0.055    ndcg@20 : 0.0691    ndcg@50 : 0.0939    
26 Oct 18:14    INFO  Saving current best: saved/DirectAU-Oct-26-2023_16-02-13.pth
26 Oct 18:15    INFO  epoch 73 training [time: 50.29s, train loss: -0.8017]
26 Oct 18:16    INFO  epoch 73 evaluating [time: 61.55s, valid_score: 0.069100]
26 Oct 18:16    INFO  valid result: 
recall@10 : 0.0682    recall@20 : 0.1099    recall@50 : 0.1951    ndcg@10 : 0.055    ndcg@20 : 0.0691    ndcg@50 : 0.0938    
26 Oct 18:17    INFO  epoch 74 training [time: 50.11s, train loss: -0.8017]
26 Oct 18:18    INFO  epoch 74 evaluating [time: 61.50s, valid_score: 0.068900]
26 Oct 18:18    INFO  valid result: 
recall@10 : 0.0684    recall@20 : 0.1095    recall@50 : 0.1955    ndcg@10 : 0.055    ndcg@20 : 0.0689    ndcg@50 : 0.0938    
26 Oct 18:19    INFO  epoch 75 training [time: 50.09s, train loss: -0.8017]
26 Oct 18:20    INFO  epoch 75 evaluating [time: 61.90s, valid_score: 0.069200]
26 Oct 18:20    INFO  valid result: 
recall@10 : 0.0689    recall@20 : 0.1104    recall@50 : 0.1953    ndcg@10 : 0.0552    ndcg@20 : 0.0692    ndcg@50 : 0.0939    
26 Oct 18:20    INFO  Saving current best: saved/DirectAU-Oct-26-2023_16-02-13.pth
26 Oct 18:20    INFO  epoch 76 training [time: 50.05s, train loss: -0.8017]
26 Oct 18:21    INFO  epoch 76 evaluating [time: 61.08s, valid_score: 0.068800]
26 Oct 18:21    INFO  valid result: 
recall@10 : 0.0688    recall@20 : 0.1096    recall@50 : 0.1955    ndcg@10 : 0.0552    ndcg@20 : 0.0688    ndcg@50 : 0.0938    
26 Oct 18:22    INFO  epoch 77 training [time: 49.91s, train loss: -0.8017]
26 Oct 18:23    INFO  epoch 77 evaluating [time: 61.97s, valid_score: 0.068800]
26 Oct 18:23    INFO  valid result: 
recall@10 : 0.0684    recall@20 : 0.1099    recall@50 : 0.1956    ndcg@10 : 0.0548    ndcg@20 : 0.0688    ndcg@50 : 0.0937    
26 Oct 18:24    INFO  epoch 78 training [time: 49.82s, train loss: -0.8018]
26 Oct 18:25    INFO  epoch 78 evaluating [time: 61.27s, valid_score: 0.068600]
26 Oct 18:25    INFO  valid result: 
recall@10 : 0.0684    recall@20 : 0.1094    recall@50 : 0.1954    ndcg@10 : 0.0548    ndcg@20 : 0.0686    ndcg@50 : 0.0935    
26 Oct 18:26    INFO  epoch 79 training [time: 49.99s, train loss: -0.8018]
26 Oct 18:27    INFO  epoch 79 evaluating [time: 61.82s, valid_score: 0.068800]
26 Oct 18:27    INFO  valid result: 
recall@10 : 0.0684    recall@20 : 0.1097    recall@50 : 0.1958    ndcg@10 : 0.0549    ndcg@20 : 0.0688    ndcg@50 : 0.0937    
26 Oct 18:28    INFO  epoch 80 training [time: 50.03s, train loss: -0.8018]
26 Oct 18:29    INFO  epoch 80 evaluating [time: 61.37s, valid_score: 0.068500]
26 Oct 18:29    INFO  valid result: 
recall@10 : 0.0683    recall@20 : 0.109    recall@50 : 0.1949    ndcg@10 : 0.0548    ndcg@20 : 0.0685    ndcg@50 : 0.0934    
26 Oct 18:30    INFO  epoch 81 training [time: 50.29s, train loss: -0.8017]
26 Oct 18:31    INFO  epoch 81 evaluating [time: 65.18s, valid_score: 0.069000]
26 Oct 18:31    INFO  valid result: 
recall@10 : 0.0686    recall@20 : 0.1103    recall@50 : 0.1951    ndcg@10 : 0.055    ndcg@20 : 0.069    ndcg@50 : 0.0936    
26 Oct 18:32    INFO  epoch 82 training [time: 46.30s, train loss: -0.8018]
26 Oct 18:33    INFO  epoch 82 evaluating [time: 61.06s, valid_score: 0.069200]
26 Oct 18:33    INFO  valid result: 
recall@10 : 0.0689    recall@20 : 0.1104    recall@50 : 0.1956    ndcg@10 : 0.0554    ndcg@20 : 0.0692    ndcg@50 : 0.094    
26 Oct 18:33    INFO  epoch 83 training [time: 49.86s, train loss: -0.8019]
26 Oct 18:34    INFO  epoch 83 evaluating [time: 63.51s, valid_score: 0.069200]
26 Oct 18:34    INFO  valid result: 
recall@10 : 0.0692    recall@20 : 0.1104    recall@50 : 0.1954    ndcg@10 : 0.0554    ndcg@20 : 0.0692    ndcg@50 : 0.0939    
26 Oct 18:35    INFO  epoch 84 training [time: 47.74s, train loss: -0.8019]
26 Oct 18:36    INFO  epoch 84 evaluating [time: 60.98s, valid_score: 0.069200]
26 Oct 18:36    INFO  valid result: 
recall@10 : 0.0685    recall@20 : 0.1104    recall@50 : 0.1956    ndcg@10 : 0.0551    ndcg@20 : 0.0692    ndcg@50 : 0.094    
26 Oct 18:37    INFO  epoch 85 training [time: 50.11s, train loss: -0.8019]
26 Oct 18:38    INFO  epoch 85 evaluating [time: 61.35s, valid_score: 0.069300]
26 Oct 18:38    INFO  valid result: 
recall@10 : 0.0688    recall@20 : 0.1098    recall@50 : 0.1956    ndcg@10 : 0.0555    ndcg@20 : 0.0693    ndcg@50 : 0.0942    
26 Oct 18:38    INFO  Saving current best: saved/DirectAU-Oct-26-2023_16-02-13.pth
26 Oct 18:39    INFO  epoch 86 training [time: 51.04s, train loss: -0.8020]
26 Oct 18:40    INFO  epoch 86 evaluating [time: 61.71s, valid_score: 0.069000]
26 Oct 18:40    INFO  valid result: 
recall@10 : 0.0685    recall@20 : 0.11    recall@50 : 0.1954    ndcg@10 : 0.055    ndcg@20 : 0.069    ndcg@50 : 0.0937    
26 Oct 18:41    INFO  epoch 87 training [time: 50.10s, train loss: -0.8019]
26 Oct 18:42    INFO  epoch 87 evaluating [time: 61.13s, valid_score: 0.069300]
26 Oct 18:42    INFO  valid result: 
recall@10 : 0.0689    recall@20 : 0.1102    recall@50 : 0.1956    ndcg@10 : 0.0553    ndcg@20 : 0.0693    ndcg@50 : 0.094    
26 Oct 18:43    INFO  epoch 88 training [time: 50.17s, train loss: -0.8020]
26 Oct 18:44    INFO  epoch 88 evaluating [time: 61.75s, valid_score: 0.069200]
26 Oct 18:44    INFO  valid result: 
recall@10 : 0.0679    recall@20 : 0.1104    recall@50 : 0.1955    ndcg@10 : 0.0549    ndcg@20 : 0.0692    ndcg@50 : 0.0939    
26 Oct 18:45    INFO  epoch 89 training [time: 50.40s, train loss: -0.8019]
26 Oct 18:46    INFO  epoch 89 evaluating [time: 61.17s, valid_score: 0.069100]
26 Oct 18:46    INFO  valid result: 
recall@10 : 0.0684    recall@20 : 0.1102    recall@50 : 0.196    ndcg@10 : 0.0551    ndcg@20 : 0.0691    ndcg@50 : 0.0941    
26 Oct 18:46    INFO  epoch 90 training [time: 49.81s, train loss: -0.8020]
26 Oct 18:47    INFO  epoch 90 evaluating [time: 61.76s, valid_score: 0.069100]
26 Oct 18:47    INFO  valid result: 
recall@10 : 0.0686    recall@20 : 0.1099    recall@50 : 0.1963    ndcg@10 : 0.0552    ndcg@20 : 0.0691    ndcg@50 : 0.0942    
26 Oct 18:48    INFO  epoch 91 training [time: 27.78s, train loss: -0.8020]
26 Oct 18:49    INFO  epoch 91 evaluating [time: 57.02s, valid_score: 0.069200]
26 Oct 18:49    INFO  valid result: 
recall@10 : 0.0682    recall@20 : 0.1101    recall@50 : 0.1953    ndcg@10 : 0.0551    ndcg@20 : 0.0692    ndcg@50 : 0.0939    
26 Oct 18:49    INFO  epoch 92 training [time: 23.89s, train loss: -0.8021]
26 Oct 18:50    INFO  epoch 92 evaluating [time: 15.89s, valid_score: 0.069100]
26 Oct 18:50    INFO  valid result: 
recall@10 : 0.0686    recall@20 : 0.1101    recall@50 : 0.1952    ndcg@10 : 0.0551    ndcg@20 : 0.0691    ndcg@50 : 0.0939    
26 Oct 18:50    INFO  epoch 93 training [time: 23.79s, train loss: -0.8021]
26 Oct 18:50    INFO  epoch 93 evaluating [time: 15.84s, valid_score: 0.069200]
26 Oct 18:50    INFO  valid result: 
recall@10 : 0.0687    recall@20 : 0.1102    recall@50 : 0.1955    ndcg@10 : 0.0552    ndcg@20 : 0.0692    ndcg@50 : 0.094    
26 Oct 18:51    INFO  epoch 94 training [time: 23.82s, train loss: -0.8021]
26 Oct 18:51    INFO  epoch 94 evaluating [time: 15.36s, valid_score: 0.069000]
26 Oct 18:51    INFO  valid result: 
recall@10 : 0.069    recall@20 : 0.11    recall@50 : 0.1945    ndcg@10 : 0.0553    ndcg@20 : 0.069    ndcg@50 : 0.0936    
26 Oct 18:51    INFO  epoch 95 training [time: 23.83s, train loss: -0.8021]
26 Oct 18:51    INFO  epoch 95 evaluating [time: 14.96s, valid_score: 0.069300]
26 Oct 18:51    INFO  valid result: 
recall@10 : 0.0685    recall@20 : 0.1101    recall@50 : 0.1951    ndcg@10 : 0.0554    ndcg@20 : 0.0693    ndcg@50 : 0.094    
26 Oct 18:52    INFO  epoch 96 training [time: 23.65s, train loss: -0.8021]
26 Oct 18:52    INFO  epoch 96 evaluating [time: 15.21s, valid_score: 0.069200]
26 Oct 18:52    INFO  valid result: 
recall@10 : 0.0687    recall@20 : 0.1098    recall@50 : 0.1955    ndcg@10 : 0.0554    ndcg@20 : 0.0692    ndcg@50 : 0.0941    
26 Oct 18:52    INFO  Finished training, best eval result in epoch 85
26 Oct 18:52    INFO  Loading model structure and parameters from saved/DirectAU-Oct-26-2023_16-02-13.pth
26 Oct 18:52    INFO  best valid : {'recall@10': 0.0688, 'recall@20': 0.1098, 'recall@50': 0.1956, 'ndcg@10': 0.0555, 'ndcg@20': 0.0693, 'ndcg@50': 0.0942}
26 Oct 18:52    INFO  test result: {'recall@10': 0.07, 'recall@20': 0.112, 'recall@50': 0.197, 'ndcg@10': 0.0563, 'ndcg@20': 0.0704, 'ndcg@50': 0.0949}
