command line args [--zc 0.01] will not be used in RecBole
26 Oct 21:22    INFO  
General Hyper Parameters:
gpu_id = 4
use_gpu = True
seed = 0
state = INFO
reproducibility = True
data_path = dataset/Gowalla
show_progress = False

Training Hyper Parameters:
checkpoint_dir = saved
epochs = 500
train_batch_size = 1024
learner = adam
learning_rate = 0.001
training_neg_sample_num = 0
training_neg_sample_distribution = uniform
eval_step = 1
stopping_step = 10
clip_grad_norm = None
weight_decay = 1e-06
draw_loss_pic = False
loss_decimal_place = 4

Evaluation Hyper Parameters:
eval_setting = RO_RS,full
group_by_user = True
split_ratio = [0.8, 0.1, 0.1]
leave_one_num = 2
real_time_process = False
metrics = ['Recall', 'NDCG']
topk = [10, 20, 50]
valid_metric = NDCG@20
eval_batch_size = 4096
metric_decimal_place = 4

Dataset Hyper Parameters:
field_separator = 	
seq_separator =  
USER_ID_FIELD = user_id
ITEM_ID_FIELD = item_id
RATING_FIELD = rating
TIME_FIELD = timestamp
seq_len = None
LABEL_FIELD = label
threshold = None
NEG_PREFIX = neg_
load_col = {'inter': ['user_id', 'item_id', 'timestamp']}
unload_col = None
unused_col = None
additional_feat_suffix = None
lowest_val = None
highest_val = None
equal_val = None
not_equal_val = None
max_user_inter_num = None
min_user_inter_num = 5
max_item_inter_num = None
min_item_inter_num = 5
fields_in_same_space = None
preload_weight = None
normalize_field = None
normalize_all = None
ITEM_LIST_LENGTH_FIELD = item_length
LIST_SUFFIX = _list
MAX_ITEM_LIST_LENGTH = 50
POSITION_FIELD = position_id
HEAD_ENTITY_ID_FIELD = head_id
TAIL_ENTITY_ID_FIELD = tail_id
RELATION_ID_FIELD = relation_id
ENTITY_ID_FIELD = entity_id

Other Hyper Parameters: 
valid_metric_bigger = True
BT = 0.1
bt = 0.001
embedding_size = 64
encoder = MF
gamma = 6
times = 1
witem = 0.1
wuser = 0.8
zc = 0.01
rm_dup_inter = None
filter_inter_by_user_or_item = True
SOURCE_ID_FIELD = source_id
TARGET_ID_FIELD = target_id
benchmark_filename = None
MODEL_TYPE = ModelType.GENERAL
MODEL_INPUT_TYPE = InputType.POINTWISE
eval_type = EvaluatorType.RANKING
device = cuda
train_neg_sample_args = {'strategy': 'none'}


26 Oct 21:22    INFO  Gowalla
The number of users: 29859
Average actions of users: 34.408533726304505
The number of items: 40982
Average actions of items: 25.06942241526561
The number of inters: 1027370
The sparsity of the dataset: 99.91604269835769%
Remain Fields: ['user_id', 'item_id']
26 Oct 21:22    INFO  Build [GeneralDataLoader] for [train] with format [InputType.POINTWISE]
26 Oct 21:22    INFO  [train] No Negative Sampling
26 Oct 21:22    INFO  [train] batch_size = [1024], shuffle = [True]

26 Oct 21:22    INFO  Build [GeneralFullDataLoader] for [evaluation] with format [InputType.POINTWISE]
26 Oct 21:22    INFO  Evaluation Setting:
	Group by user_id
	Ordering: {'strategy': 'shuffle'}
	Splitting: {'strategy': 'by_ratio', 'ratios': [0.8, 0.1, 0.1]}
	Negative Sampling: {'strategy': 'full', 'distribution': 'uniform'}
26 Oct 21:22    INFO  [evaluation] batch_size = [4096], shuffle = [False]

26 Oct 21:22    WARNING  Batch size is changed to 40982.
26 Oct 21:22    WARNING  Batch size is changed to 40982.
{'BT': 0.1, 'bt': 0.001, 'embedding_size': 64, 'encoder': 'MF', 'gamma': None, 'times': 1, 'training_neg_sample_num': 0, 'witem': 0.1, 'wuser': 0.8, 'zc': 0.01}
this is encoder MF...
这是directau 的 WUBT 版本...0.01
26 Oct 21:22    INFO  DirectAU(
  (encoder): MFEncoder(
    (user_embedding): Embedding(29859, 64)
    (item_embedding): Embedding(40982, 64)
  )
  (bn): BatchNorm1d(64, eps=1e-05, momentum=0.1, affine=False, track_running_stats=True)
  (projector): Sequential(
    (0): Linear(in_features=64, out_features=64, bias=False)
    (1): BatchNorm1d(64, eps=1e-05, momentum=0.1, affine=True, track_running_stats=True)
    (2): ReLU(inplace=True)
    (3): Linear(in_features=64, out_features=64, bias=False)
    (4): BatchNorm1d(64, eps=1e-05, momentum=0.1, affine=True, track_running_stats=True)
    (5): ReLU(inplace=True)
    (6): Linear(in_features=64, out_features=64, bias=False)
  )
)
Trainable parameters: 4546368
26 Oct 21:23    INFO  epoch 0 training [time: 20.19s, train loss: -21.3552]
26 Oct 21:24    INFO  epoch 0 evaluating [time: 108.42s, valid_score: 0.027700]
26 Oct 21:24    INFO  valid result: 
recall@10 : 0.0317    recall@20 : 0.0487    recall@50 : 0.082    ndcg@10 : 0.0225    ndcg@20 : 0.0277    ndcg@50 : 0.0365    
26 Oct 21:24    INFO  Saving current best: saved/DirectAU-Oct-26-2023_21-22-41.pth
26 Oct 21:25    INFO  epoch 1 training [time: 20.21s, train loss: -21.7534]
26 Oct 21:26    INFO  epoch 1 evaluating [time: 108.64s, valid_score: 0.043500]
26 Oct 21:26    INFO  valid result: 
recall@10 : 0.0516    recall@20 : 0.0777    recall@50 : 0.1324    ndcg@10 : 0.0356    ndcg@20 : 0.0435    ndcg@50 : 0.0573    
26 Oct 21:26    INFO  Saving current best: saved/DirectAU-Oct-26-2023_21-22-41.pth
26 Oct 21:27    INFO  epoch 2 training [time: 20.23s, train loss: -21.8636]
26 Oct 21:29    INFO  epoch 2 evaluating [time: 108.76s, valid_score: 0.051500]
26 Oct 21:29    INFO  valid result: 
recall@10 : 0.0618    recall@20 : 0.0934    recall@50 : 0.1555    ndcg@10 : 0.0421    ndcg@20 : 0.0515    ndcg@50 : 0.0671    
26 Oct 21:29    INFO  Saving current best: saved/DirectAU-Oct-26-2023_21-22-41.pth
26 Oct 21:29    INFO  epoch 3 training [time: 20.07s, train loss: -21.9177]
26 Oct 21:31    INFO  epoch 3 evaluating [time: 109.03s, valid_score: 0.056100]
26 Oct 21:31    INFO  valid result: 
recall@10 : 0.067    recall@20 : 0.1021    recall@50 : 0.1693    ndcg@10 : 0.0457    ndcg@20 : 0.0561    ndcg@50 : 0.0729    
26 Oct 21:31    INFO  Saving current best: saved/DirectAU-Oct-26-2023_21-22-41.pth
26 Oct 21:31    INFO  epoch 4 training [time: 20.21s, train loss: -21.9524]
26 Oct 21:33    INFO  epoch 4 evaluating [time: 108.72s, valid_score: 0.059200]
26 Oct 21:33    INFO  valid result: 
recall@10 : 0.0714    recall@20 : 0.1077    recall@50 : 0.1801    ndcg@10 : 0.0484    ndcg@20 : 0.0592    ndcg@50 : 0.0771    
26 Oct 21:33    INFO  Saving current best: saved/DirectAU-Oct-26-2023_21-22-41.pth
26 Oct 21:33    INFO  epoch 5 training [time: 20.16s, train loss: -21.9778]
26 Oct 21:35    INFO  epoch 5 evaluating [time: 108.72s, valid_score: 0.061500]
26 Oct 21:35    INFO  valid result: 
recall@10 : 0.0742    recall@20 : 0.1119    recall@50 : 0.1871    ndcg@10 : 0.0503    ndcg@20 : 0.0615    ndcg@50 : 0.0801    
26 Oct 21:35    INFO  Saving current best: saved/DirectAU-Oct-26-2023_21-22-41.pth
26 Oct 21:35    INFO  epoch 6 training [time: 20.13s, train loss: -21.9979]
26 Oct 21:37    INFO  epoch 6 evaluating [time: 108.97s, valid_score: 0.064100]
26 Oct 21:37    INFO  valid result: 
recall@10 : 0.0767    recall@20 : 0.1172    recall@50 : 0.1942    ndcg@10 : 0.0521    ndcg@20 : 0.0641    ndcg@50 : 0.0831    
26 Oct 21:37    INFO  Saving current best: saved/DirectAU-Oct-26-2023_21-22-41.pth
26 Oct 21:38    INFO  epoch 7 training [time: 20.16s, train loss: -22.0145]
26 Oct 21:39    INFO  epoch 7 evaluating [time: 107.36s, valid_score: 0.066700]
26 Oct 21:39    INFO  valid result: 
recall@10 : 0.0802    recall@20 : 0.1218    recall@50 : 0.2018    ndcg@10 : 0.0544    ndcg@20 : 0.0667    ndcg@50 : 0.0865    
26 Oct 21:39    INFO  Saving current best: saved/DirectAU-Oct-26-2023_21-22-41.pth
26 Oct 21:40    INFO  epoch 8 training [time: 21.55s, train loss: -22.0285]
26 Oct 21:41    INFO  epoch 8 evaluating [time: 104.66s, valid_score: 0.068800]
26 Oct 21:41    INFO  valid result: 
recall@10 : 0.0834    recall@20 : 0.1255    recall@50 : 0.209    ndcg@10 : 0.0565    ndcg@20 : 0.0688    ndcg@50 : 0.0893    
26 Oct 21:41    INFO  Saving current best: saved/DirectAU-Oct-26-2023_21-22-41.pth
26 Oct 21:42    INFO  epoch 9 training [time: 24.08s, train loss: -22.0418]
26 Oct 21:44    INFO  epoch 9 evaluating [time: 103.48s, valid_score: 0.070800]
26 Oct 21:44    INFO  valid result: 
recall@10 : 0.0864    recall@20 : 0.1286    recall@50 : 0.2134    ndcg@10 : 0.0583    ndcg@20 : 0.0708    ndcg@50 : 0.0916    
26 Oct 21:44    INFO  Saving current best: saved/DirectAU-Oct-26-2023_21-22-41.pth
26 Oct 21:44    INFO  epoch 10 training [time: 24.34s, train loss: -22.0532]
26 Oct 21:46    INFO  epoch 10 evaluating [time: 105.13s, valid_score: 0.072800]
26 Oct 21:46    INFO  valid result: 
recall@10 : 0.0875    recall@20 : 0.1328    recall@50 : 0.2197    ndcg@10 : 0.0594    ndcg@20 : 0.0728    ndcg@50 : 0.0941    
26 Oct 21:46    INFO  Saving current best: saved/DirectAU-Oct-26-2023_21-22-41.pth
26 Oct 21:46    INFO  epoch 11 training [time: 22.20s, train loss: -22.0632]
26 Oct 21:48    INFO  epoch 11 evaluating [time: 106.90s, valid_score: 0.074200]
26 Oct 21:48    INFO  valid result: 
recall@10 : 0.0889    recall@20 : 0.1348    recall@50 : 0.2237    ndcg@10 : 0.0606    ndcg@20 : 0.0742    ndcg@50 : 0.096    
26 Oct 21:48    INFO  Saving current best: saved/DirectAU-Oct-26-2023_21-22-41.pth
26 Oct 21:48    INFO  epoch 12 training [time: 20.14s, train loss: -22.0723]
26 Oct 21:50    INFO  epoch 12 evaluating [time: 108.46s, valid_score: 0.075900]
26 Oct 21:50    INFO  valid result: 
recall@10 : 0.0915    recall@20 : 0.1375    recall@50 : 0.2275    ndcg@10 : 0.0624    ndcg@20 : 0.0759    ndcg@50 : 0.098    
26 Oct 21:50    INFO  Saving current best: saved/DirectAU-Oct-26-2023_21-22-41.pth
26 Oct 21:50    INFO  epoch 13 training [time: 19.99s, train loss: -22.0806]
26 Oct 21:52    INFO  epoch 13 evaluating [time: 109.01s, valid_score: 0.077900]
26 Oct 21:52    INFO  valid result: 
recall@10 : 0.0933    recall@20 : 0.1426    recall@50 : 0.2334    ndcg@10 : 0.0634    ndcg@20 : 0.0779    ndcg@50 : 0.1    
26 Oct 21:52    INFO  Saving current best: saved/DirectAU-Oct-26-2023_21-22-41.pth
26 Oct 21:53    INFO  epoch 14 training [time: 20.14s, train loss: -22.0879]
26 Oct 21:54    INFO  epoch 14 evaluating [time: 108.82s, valid_score: 0.079400]
26 Oct 21:54    INFO  valid result: 
recall@10 : 0.0951    recall@20 : 0.1444    recall@50 : 0.2359    ndcg@10 : 0.0649    ndcg@20 : 0.0794    ndcg@50 : 0.1019    
26 Oct 21:54    INFO  Saving current best: saved/DirectAU-Oct-26-2023_21-22-41.pth
26 Oct 21:55    INFO  epoch 15 training [time: 20.20s, train loss: -22.0947]
26 Oct 21:57    INFO  epoch 15 evaluating [time: 108.92s, valid_score: 0.080800]
26 Oct 21:57    INFO  valid result: 
recall@10 : 0.0975    recall@20 : 0.1479    recall@50 : 0.2404    ndcg@10 : 0.0661    ndcg@20 : 0.0808    ndcg@50 : 0.1035    
26 Oct 21:57    INFO  Saving current best: saved/DirectAU-Oct-26-2023_21-22-41.pth
26 Oct 21:57    INFO  epoch 16 training [time: 20.18s, train loss: -22.1011]
26 Oct 21:59    INFO  epoch 16 evaluating [time: 108.66s, valid_score: 0.082600]
26 Oct 21:59    INFO  valid result: 
recall@10 : 0.1002    recall@20 : 0.1507    recall@50 : 0.2445    ndcg@10 : 0.0678    ndcg@20 : 0.0826    ndcg@50 : 0.1056    
26 Oct 21:59    INFO  Saving current best: saved/DirectAU-Oct-26-2023_21-22-41.pth
26 Oct 21:59    INFO  epoch 17 training [time: 20.13s, train loss: -22.1059]
26 Oct 22:01    INFO  epoch 17 evaluating [time: 108.96s, valid_score: 0.084100]
26 Oct 22:01    INFO  valid result: 
recall@10 : 0.1015    recall@20 : 0.1522    recall@50 : 0.2474    ndcg@10 : 0.0693    ndcg@20 : 0.0841    ndcg@50 : 0.1074    
26 Oct 22:01    INFO  Saving current best: saved/DirectAU-Oct-26-2023_21-22-41.pth
26 Oct 22:01    INFO  epoch 18 training [time: 20.24s, train loss: -22.1109]
26 Oct 22:03    INFO  epoch 18 evaluating [time: 108.55s, valid_score: 0.085800]
26 Oct 22:03    INFO  valid result: 
recall@10 : 0.1029    recall@20 : 0.1554    recall@50 : 0.2497    ndcg@10 : 0.0705    ndcg@20 : 0.0858    ndcg@50 : 0.1089    
26 Oct 22:03    INFO  Saving current best: saved/DirectAU-Oct-26-2023_21-22-41.pth
26 Oct 22:03    INFO  epoch 19 training [time: 20.23s, train loss: -22.1163]
26 Oct 22:05    INFO  epoch 19 evaluating [time: 108.88s, valid_score: 0.087000]
26 Oct 22:05    INFO  valid result: 
recall@10 : 0.1062    recall@20 : 0.1584    recall@50 : 0.253    ndcg@10 : 0.0718    ndcg@20 : 0.087    ndcg@50 : 0.1102    
26 Oct 22:05    INFO  Saving current best: saved/DirectAU-Oct-26-2023_21-22-41.pth
26 Oct 22:05    INFO  epoch 20 training [time: 20.13s, train loss: -22.1201]
26 Oct 22:07    INFO  epoch 20 evaluating [time: 108.82s, valid_score: 0.087900]
26 Oct 22:07    INFO  valid result: 
recall@10 : 0.1065    recall@20 : 0.1597    recall@50 : 0.2565    ndcg@10 : 0.0723    ndcg@20 : 0.0879    ndcg@50 : 0.1115    
26 Oct 22:07    INFO  Saving current best: saved/DirectAU-Oct-26-2023_21-22-41.pth
26 Oct 22:08    INFO  epoch 21 training [time: 20.22s, train loss: -22.1237]
26 Oct 22:09    INFO  epoch 21 evaluating [time: 109.16s, valid_score: 0.088800]
26 Oct 22:09    INFO  valid result: 
recall@10 : 0.1086    recall@20 : 0.1605    recall@50 : 0.2567    ndcg@10 : 0.0735    ndcg@20 : 0.0888    ndcg@50 : 0.1123    
26 Oct 22:09    INFO  Saving current best: saved/DirectAU-Oct-26-2023_21-22-41.pth
26 Oct 22:10    INFO  epoch 22 training [time: 20.20s, train loss: -22.1274]
26 Oct 22:12    INFO  epoch 22 evaluating [time: 109.02s, valid_score: 0.089900]
26 Oct 22:12    INFO  valid result: 
recall@10 : 0.1096    recall@20 : 0.1625    recall@50 : 0.2599    ndcg@10 : 0.0745    ndcg@20 : 0.0899    ndcg@50 : 0.1137    
26 Oct 22:12    INFO  Saving current best: saved/DirectAU-Oct-26-2023_21-22-41.pth
26 Oct 22:12    INFO  epoch 23 training [time: 20.11s, train loss: -22.1306]
26 Oct 22:14    INFO  epoch 23 evaluating [time: 109.58s, valid_score: 0.091000]
26 Oct 22:14    INFO  valid result: 
recall@10 : 0.1115    recall@20 : 0.1643    recall@50 : 0.2626    ndcg@10 : 0.0756    ndcg@20 : 0.091    ndcg@50 : 0.115    
26 Oct 22:14    INFO  Saving current best: saved/DirectAU-Oct-26-2023_21-22-41.pth
26 Oct 22:14    INFO  epoch 24 training [time: 20.18s, train loss: -22.1337]
26 Oct 22:16    INFO  epoch 24 evaluating [time: 109.22s, valid_score: 0.092000]
26 Oct 22:16    INFO  valid result: 
recall@10 : 0.1128    recall@20 : 0.1659    recall@50 : 0.2637    ndcg@10 : 0.0765    ndcg@20 : 0.092    ndcg@50 : 0.116    
26 Oct 22:16    INFO  Saving current best: saved/DirectAU-Oct-26-2023_21-22-41.pth
26 Oct 22:16    INFO  epoch 25 training [time: 20.24s, train loss: -22.1360]
26 Oct 22:18    INFO  epoch 25 evaluating [time: 109.16s, valid_score: 0.092300]
26 Oct 22:18    INFO  valid result: 
recall@10 : 0.1137    recall@20 : 0.1659    recall@50 : 0.2649    ndcg@10 : 0.077    ndcg@20 : 0.0923    ndcg@50 : 0.1165    
26 Oct 22:18    INFO  Saving current best: saved/DirectAU-Oct-26-2023_21-22-41.pth
26 Oct 22:18    INFO  epoch 26 training [time: 20.20s, train loss: -22.1386]
26 Oct 22:20    INFO  epoch 26 evaluating [time: 109.07s, valid_score: 0.092900]
26 Oct 22:20    INFO  valid result: 
recall@10 : 0.113    recall@20 : 0.1672    recall@50 : 0.2681    ndcg@10 : 0.077    ndcg@20 : 0.0929    ndcg@50 : 0.1175    
26 Oct 22:20    INFO  Saving current best: saved/DirectAU-Oct-26-2023_21-22-41.pth
26 Oct 22:21    INFO  epoch 27 training [time: 20.14s, train loss: -22.1405]
26 Oct 22:22    INFO  epoch 27 evaluating [time: 106.60s, valid_score: 0.093900]
26 Oct 22:22    INFO  valid result: 
recall@10 : 0.1155    recall@20 : 0.1685    recall@50 : 0.2698    ndcg@10 : 0.0784    ndcg@20 : 0.0939    ndcg@50 : 0.1187    
26 Oct 22:22    INFO  Saving current best: saved/DirectAU-Oct-26-2023_21-22-41.pth
26 Oct 22:23    INFO  epoch 28 training [time: 22.43s, train loss: -22.1424]
26 Oct 22:24    INFO  epoch 28 evaluating [time: 104.38s, valid_score: 0.094600]
26 Oct 22:24    INFO  valid result: 
recall@10 : 0.1148    recall@20 : 0.1693    recall@50 : 0.2707    ndcg@10 : 0.0786    ndcg@20 : 0.0946    ndcg@50 : 0.1194    
26 Oct 22:24    INFO  Saving current best: saved/DirectAU-Oct-26-2023_21-22-41.pth
26 Oct 22:25    INFO  epoch 29 training [time: 24.47s, train loss: -22.1449]
26 Oct 22:27    INFO  epoch 29 evaluating [time: 103.71s, valid_score: 0.095300]
26 Oct 22:27    INFO  valid result: 
recall@10 : 0.1159    recall@20 : 0.1701    recall@50 : 0.2745    ndcg@10 : 0.0794    ndcg@20 : 0.0953    ndcg@50 : 0.1208    
26 Oct 22:27    INFO  Saving current best: saved/DirectAU-Oct-26-2023_21-22-41.pth
26 Oct 22:27    INFO  epoch 30 training [time: 24.27s, train loss: -22.1466]
26 Oct 22:29    INFO  epoch 30 evaluating [time: 105.39s, valid_score: 0.096400]
26 Oct 22:29    INFO  valid result: 
recall@10 : 0.1159    recall@20 : 0.1721    recall@50 : 0.2759    ndcg@10 : 0.08    ndcg@20 : 0.0964    ndcg@50 : 0.1217    
26 Oct 22:29    INFO  Saving current best: saved/DirectAU-Oct-26-2023_21-22-41.pth
26 Oct 22:29    INFO  epoch 31 training [time: 22.32s, train loss: -22.1484]
26 Oct 22:31    INFO  epoch 31 evaluating [time: 107.06s, valid_score: 0.097200]
26 Oct 22:31    INFO  valid result: 
recall@10 : 0.117    recall@20 : 0.1747    recall@50 : 0.2758    ndcg@10 : 0.0803    ndcg@20 : 0.0972    ndcg@50 : 0.122    
26 Oct 22:31    INFO  Saving current best: saved/DirectAU-Oct-26-2023_21-22-41.pth
26 Oct 22:31    INFO  epoch 32 training [time: 20.18s, train loss: -22.1495]
26 Oct 22:33    INFO  epoch 32 evaluating [time: 108.92s, valid_score: 0.097800]
26 Oct 22:33    INFO  valid result: 
recall@10 : 0.1183    recall@20 : 0.1744    recall@50 : 0.2785    ndcg@10 : 0.0814    ndcg@20 : 0.0978    ndcg@50 : 0.1231    
26 Oct 22:33    INFO  Saving current best: saved/DirectAU-Oct-26-2023_21-22-41.pth
26 Oct 22:33    INFO  epoch 33 training [time: 20.06s, train loss: -22.1511]
26 Oct 22:35    INFO  epoch 33 evaluating [time: 108.72s, valid_score: 0.098500]
26 Oct 22:35    INFO  valid result: 
recall@10 : 0.1194    recall@20 : 0.1762    recall@50 : 0.2804    ndcg@10 : 0.0819    ndcg@20 : 0.0985    ndcg@50 : 0.1239    
26 Oct 22:35    INFO  Saving current best: saved/DirectAU-Oct-26-2023_21-22-41.pth
26 Oct 22:36    INFO  epoch 34 training [time: 20.20s, train loss: -22.1524]
26 Oct 22:37    INFO  epoch 34 evaluating [time: 109.09s, valid_score: 0.098600]
26 Oct 22:37    INFO  valid result: 
recall@10 : 0.1205    recall@20 : 0.1767    recall@50 : 0.2811    ndcg@10 : 0.0821    ndcg@20 : 0.0986    ndcg@50 : 0.1241    
26 Oct 22:37    INFO  Saving current best: saved/DirectAU-Oct-26-2023_21-22-41.pth
26 Oct 22:38    INFO  epoch 35 training [time: 20.19s, train loss: -22.1530]
26 Oct 22:40    INFO  epoch 35 evaluating [time: 108.83s, valid_score: 0.099400]
26 Oct 22:40    INFO  valid result: 
recall@10 : 0.1209    recall@20 : 0.1781    recall@50 : 0.282    ndcg@10 : 0.0827    ndcg@20 : 0.0994    ndcg@50 : 0.1247    
26 Oct 22:40    INFO  Saving current best: saved/DirectAU-Oct-26-2023_21-22-41.pth
26 Oct 22:40    INFO  epoch 36 training [time: 20.23s, train loss: -22.1544]
26 Oct 22:42    INFO  epoch 36 evaluating [time: 108.78s, valid_score: 0.100200]
26 Oct 22:42    INFO  valid result: 
recall@10 : 0.1198    recall@20 : 0.18    recall@50 : 0.2831    ndcg@10 : 0.0827    ndcg@20 : 0.1002    ndcg@50 : 0.1254    
26 Oct 22:42    INFO  Saving current best: saved/DirectAU-Oct-26-2023_21-22-41.pth
26 Oct 22:42    INFO  epoch 37 training [time: 20.05s, train loss: -22.1556]
26 Oct 22:44    INFO  epoch 37 evaluating [time: 108.88s, valid_score: 0.100400]
26 Oct 22:44    INFO  valid result: 
recall@10 : 0.1211    recall@20 : 0.1794    recall@50 : 0.2844    ndcg@10 : 0.0834    ndcg@20 : 0.1004    ndcg@50 : 0.1261    
26 Oct 22:44    INFO  Saving current best: saved/DirectAU-Oct-26-2023_21-22-41.pth
26 Oct 22:44    INFO  epoch 38 training [time: 20.12s, train loss: -22.1563]
26 Oct 22:46    INFO  epoch 38 evaluating [time: 108.58s, valid_score: 0.101000]
26 Oct 22:46    INFO  valid result: 
recall@10 : 0.122    recall@20 : 0.1809    recall@50 : 0.2857    ndcg@10 : 0.0838    ndcg@20 : 0.101    ndcg@50 : 0.1266    
26 Oct 22:46    INFO  Saving current best: saved/DirectAU-Oct-26-2023_21-22-41.pth
26 Oct 22:46    INFO  epoch 39 training [time: 20.05s, train loss: -22.1572]
26 Oct 22:48    INFO  epoch 39 evaluating [time: 109.04s, valid_score: 0.101500]
26 Oct 22:48    INFO  valid result: 
recall@10 : 0.1227    recall@20 : 0.182    recall@50 : 0.2858    ndcg@10 : 0.0843    ndcg@20 : 0.1015    ndcg@50 : 0.127    
26 Oct 22:48    INFO  Saving current best: saved/DirectAU-Oct-26-2023_21-22-41.pth
26 Oct 22:48    INFO  epoch 40 training [time: 20.19s, train loss: -22.1577]
26 Oct 22:50    INFO  epoch 40 evaluating [time: 109.01s, valid_score: 0.101100]
26 Oct 22:50    INFO  valid result: 
recall@10 : 0.122    recall@20 : 0.1819    recall@50 : 0.2865    ndcg@10 : 0.0836    ndcg@20 : 0.1011    ndcg@50 : 0.1267    
26 Oct 22:51    INFO  epoch 41 training [time: 20.22s, train loss: -22.1582]
26 Oct 22:52    INFO  epoch 41 evaluating [time: 108.95s, valid_score: 0.101100]
26 Oct 22:52    INFO  valid result: 
recall@10 : 0.1218    recall@20 : 0.1816    recall@50 : 0.2869    ndcg@10 : 0.0836    ndcg@20 : 0.1011    ndcg@50 : 0.1269    
26 Oct 22:53    INFO  epoch 42 training [time: 20.20s, train loss: -22.1594]
26 Oct 22:55    INFO  epoch 42 evaluating [time: 108.96s, valid_score: 0.101700]
26 Oct 22:55    INFO  valid result: 
recall@10 : 0.1236    recall@20 : 0.1821    recall@50 : 0.2894    ndcg@10 : 0.0846    ndcg@20 : 0.1017    ndcg@50 : 0.1279    
26 Oct 22:55    INFO  Saving current best: saved/DirectAU-Oct-26-2023_21-22-41.pth
26 Oct 22:55    INFO  epoch 43 training [time: 20.21s, train loss: -22.1594]
26 Oct 22:57    INFO  epoch 43 evaluating [time: 109.35s, valid_score: 0.102600]
26 Oct 22:57    INFO  valid result: 
recall@10 : 0.1236    recall@20 : 0.1839    recall@50 : 0.2898    ndcg@10 : 0.085    ndcg@20 : 0.1026    ndcg@50 : 0.1285    
26 Oct 22:57    INFO  Saving current best: saved/DirectAU-Oct-26-2023_21-22-41.pth
26 Oct 22:57    INFO  epoch 44 training [time: 20.21s, train loss: -22.1606]
26 Oct 22:59    INFO  epoch 44 evaluating [time: 109.18s, valid_score: 0.102700]
26 Oct 22:59    INFO  valid result: 
recall@10 : 0.1242    recall@20 : 0.1839    recall@50 : 0.2909    ndcg@10 : 0.0853    ndcg@20 : 0.1027    ndcg@50 : 0.1288    
26 Oct 22:59    INFO  Saving current best: saved/DirectAU-Oct-26-2023_21-22-41.pth
26 Oct 22:59    INFO  epoch 45 training [time: 20.19s, train loss: -22.1610]
26 Oct 23:01    INFO  epoch 45 evaluating [time: 108.97s, valid_score: 0.103100]
26 Oct 23:01    INFO  valid result: 
recall@10 : 0.1246    recall@20 : 0.1842    recall@50 : 0.2905    ndcg@10 : 0.0858    ndcg@20 : 0.1031    ndcg@50 : 0.1291    
26 Oct 23:01    INFO  Saving current best: saved/DirectAU-Oct-26-2023_21-22-41.pth
26 Oct 23:01    INFO  epoch 46 training [time: 20.20s, train loss: -22.1613]
26 Oct 23:03    INFO  epoch 46 evaluating [time: 108.91s, valid_score: 0.103300]
26 Oct 23:03    INFO  valid result: 
recall@10 : 0.1253    recall@20 : 0.1845    recall@50 : 0.292    ndcg@10 : 0.0859    ndcg@20 : 0.1033    ndcg@50 : 0.1295    
26 Oct 23:03    INFO  Saving current best: saved/DirectAU-Oct-26-2023_21-22-41.pth
26 Oct 23:04    INFO  epoch 47 training [time: 20.21s, train loss: -22.1618]
26 Oct 23:05    INFO  epoch 47 evaluating [time: 107.99s, valid_score: 0.104200]
26 Oct 23:05    INFO  valid result: 
recall@10 : 0.1256    recall@20 : 0.1867    recall@50 : 0.2931    ndcg@10 : 0.0864    ndcg@20 : 0.1042    ndcg@50 : 0.1302    
26 Oct 23:05    INFO  Saving current best: saved/DirectAU-Oct-26-2023_21-22-41.pth
26 Oct 23:06    INFO  epoch 48 training [time: 20.89s, train loss: -22.1625]
26 Oct 23:07    INFO  epoch 48 evaluating [time: 104.97s, valid_score: 0.103700]
26 Oct 23:07    INFO  valid result: 
recall@10 : 0.1257    recall@20 : 0.1855    recall@50 : 0.2933    ndcg@10 : 0.0862    ndcg@20 : 0.1037    ndcg@50 : 0.13    
26 Oct 23:08    INFO  epoch 49 training [time: 24.09s, train loss: -22.1625]
26 Oct 23:10    INFO  epoch 49 evaluating [time: 103.31s, valid_score: 0.103300]
26 Oct 23:10    INFO  valid result: 
recall@10 : 0.1258    recall@20 : 0.1851    recall@50 : 0.2944    ndcg@10 : 0.086    ndcg@20 : 0.1033    ndcg@50 : 0.13    
26 Oct 23:10    INFO  epoch 50 training [time: 24.57s, train loss: -22.1633]
26 Oct 23:12    INFO  epoch 50 evaluating [time: 104.84s, valid_score: 0.104100]
26 Oct 23:12    INFO  valid result: 
recall@10 : 0.1266    recall@20 : 0.1864    recall@50 : 0.2965    ndcg@10 : 0.0866    ndcg@20 : 0.1041    ndcg@50 : 0.1308    
26 Oct 23:12    INFO  epoch 51 training [time: 22.65s, train loss: -22.1632]
26 Oct 23:14    INFO  epoch 51 evaluating [time: 106.63s, valid_score: 0.104600]
26 Oct 23:14    INFO  valid result: 
recall@10 : 0.127    recall@20 : 0.1872    recall@50 : 0.2963    ndcg@10 : 0.087    ndcg@20 : 0.1046    ndcg@50 : 0.1312    
26 Oct 23:14    INFO  Saving current best: saved/DirectAU-Oct-26-2023_21-22-41.pth
26 Oct 23:14    INFO  epoch 52 training [time: 20.16s, train loss: -22.1636]
26 Oct 23:16    INFO  epoch 52 evaluating [time: 108.83s, valid_score: 0.104600]
26 Oct 23:16    INFO  valid result: 
recall@10 : 0.1267    recall@20 : 0.1869    recall@50 : 0.2973    ndcg@10 : 0.087    ndcg@20 : 0.1046    ndcg@50 : 0.1315    
26 Oct 23:16    INFO  epoch 53 training [time: 20.21s, train loss: -22.1640]
26 Oct 23:18    INFO  epoch 53 evaluating [time: 108.82s, valid_score: 0.104500]
26 Oct 23:18    INFO  valid result: 
recall@10 : 0.1266    recall@20 : 0.1868    recall@50 : 0.2967    ndcg@10 : 0.087    ndcg@20 : 0.1045    ndcg@50 : 0.1313    
26 Oct 23:19    INFO  epoch 54 training [time: 20.21s, train loss: -22.1640]
26 Oct 23:20    INFO  epoch 54 evaluating [time: 108.84s, valid_score: 0.105000]
26 Oct 23:20    INFO  valid result: 
recall@10 : 0.1281    recall@20 : 0.1878    recall@50 : 0.2969    ndcg@10 : 0.0877    ndcg@20 : 0.105    ndcg@50 : 0.1316    
26 Oct 23:20    INFO  Saving current best: saved/DirectAU-Oct-26-2023_21-22-41.pth
26 Oct 23:21    INFO  epoch 55 training [time: 20.18s, train loss: -22.1643]
26 Oct 23:23    INFO  epoch 55 evaluating [time: 108.79s, valid_score: 0.105300]
26 Oct 23:23    INFO  valid result: 
recall@10 : 0.1281    recall@20 : 0.189    recall@50 : 0.2971    ndcg@10 : 0.0876    ndcg@20 : 0.1053    ndcg@50 : 0.1318    
26 Oct 23:23    INFO  Saving current best: saved/DirectAU-Oct-26-2023_21-22-41.pth
26 Oct 23:23    INFO  epoch 56 training [time: 20.24s, train loss: -22.1650]
26 Oct 23:25    INFO  epoch 56 evaluating [time: 109.13s, valid_score: 0.105200]
26 Oct 23:25    INFO  valid result: 
recall@10 : 0.1277    recall@20 : 0.188    recall@50 : 0.2965    ndcg@10 : 0.0875    ndcg@20 : 0.1052    ndcg@50 : 0.1318    
26 Oct 23:25    INFO  epoch 57 training [time: 20.22s, train loss: -22.1652]
26 Oct 23:27    INFO  epoch 57 evaluating [time: 108.70s, valid_score: 0.105700]
26 Oct 23:27    INFO  valid result: 
recall@10 : 0.1284    recall@20 : 0.1879    recall@50 : 0.2983    ndcg@10 : 0.0883    ndcg@20 : 0.1057    ndcg@50 : 0.1327    
26 Oct 23:27    INFO  Saving current best: saved/DirectAU-Oct-26-2023_21-22-41.pth
26 Oct 23:27    INFO  epoch 58 training [time: 20.21s, train loss: -22.1650]
26 Oct 23:29    INFO  epoch 58 evaluating [time: 109.11s, valid_score: 0.106000]
26 Oct 23:29    INFO  valid result: 
recall@10 : 0.129    recall@20 : 0.189    recall@50 : 0.2982    ndcg@10 : 0.0884    ndcg@20 : 0.106    ndcg@50 : 0.1327    
26 Oct 23:29    INFO  Saving current best: saved/DirectAU-Oct-26-2023_21-22-41.pth
26 Oct 23:29    INFO  epoch 59 training [time: 20.20s, train loss: -22.1652]
26 Oct 23:31    INFO  epoch 59 evaluating [time: 108.85s, valid_score: 0.105900]
26 Oct 23:31    INFO  valid result: 
recall@10 : 0.1287    recall@20 : 0.1887    recall@50 : 0.2987    ndcg@10 : 0.0884    ndcg@20 : 0.1059    ndcg@50 : 0.1328    
26 Oct 23:31    INFO  epoch 60 training [time: 20.22s, train loss: -22.1658]
26 Oct 23:33    INFO  epoch 60 evaluating [time: 108.70s, valid_score: 0.105900]
26 Oct 23:33    INFO  valid result: 
recall@10 : 0.1293    recall@20 : 0.189    recall@50 : 0.2985    ndcg@10 : 0.0885    ndcg@20 : 0.1059    ndcg@50 : 0.1327    
26 Oct 23:34    INFO  epoch 61 training [time: 20.23s, train loss: -22.1660]
26 Oct 23:35    INFO  epoch 61 evaluating [time: 109.04s, valid_score: 0.106300]
26 Oct 23:35    INFO  valid result: 
recall@10 : 0.1297    recall@20 : 0.1894    recall@50 : 0.2992    ndcg@10 : 0.0888    ndcg@20 : 0.1063    ndcg@50 : 0.1331    
26 Oct 23:35    INFO  Saving current best: saved/DirectAU-Oct-26-2023_21-22-41.pth
26 Oct 23:36    INFO  epoch 62 training [time: 20.22s, train loss: -22.1660]
26 Oct 23:38    INFO  epoch 62 evaluating [time: 109.10s, valid_score: 0.106700]
26 Oct 23:38    INFO  valid result: 
recall@10 : 0.1298    recall@20 : 0.1903    recall@50 : 0.2999    ndcg@10 : 0.0891    ndcg@20 : 0.1067    ndcg@50 : 0.1336    
26 Oct 23:38    INFO  Saving current best: saved/DirectAU-Oct-26-2023_21-22-41.pth
26 Oct 23:38    INFO  epoch 63 training [time: 20.20s, train loss: -22.1663]
26 Oct 23:40    INFO  epoch 63 evaluating [time: 109.48s, valid_score: 0.107000]
26 Oct 23:40    INFO  valid result: 
recall@10 : 0.1312    recall@20 : 0.1908    recall@50 : 0.3003    ndcg@10 : 0.0896    ndcg@20 : 0.107    ndcg@50 : 0.1338    
26 Oct 23:40    INFO  Saving current best: saved/DirectAU-Oct-26-2023_21-22-41.pth
26 Oct 23:40    INFO  epoch 64 training [time: 20.16s, train loss: -22.1665]
26 Oct 23:42    INFO  epoch 64 evaluating [time: 109.03s, valid_score: 0.107400]
26 Oct 23:42    INFO  valid result: 
recall@10 : 0.1292    recall@20 : 0.1919    recall@50 : 0.3006    ndcg@10 : 0.0891    ndcg@20 : 0.1074    ndcg@50 : 0.134    
26 Oct 23:42    INFO  Saving current best: saved/DirectAU-Oct-26-2023_21-22-41.pth
26 Oct 23:42    INFO  epoch 65 training [time: 20.18s, train loss: -22.1668]
26 Oct 23:44    INFO  epoch 65 evaluating [time: 108.96s, valid_score: 0.107300]
26 Oct 23:44    INFO  valid result: 
recall@10 : 0.1304    recall@20 : 0.1898    recall@50 : 0.3015    ndcg@10 : 0.0899    ndcg@20 : 0.1073    ndcg@50 : 0.1345    
26 Oct 23:44    INFO  epoch 66 training [time: 20.19s, train loss: -22.1662]
26 Oct 23:46    INFO  epoch 66 evaluating [time: 108.67s, valid_score: 0.107200]
26 Oct 23:46    INFO  valid result: 
recall@10 : 0.1294    recall@20 : 0.1913    recall@50 : 0.3017    ndcg@10 : 0.089    ndcg@20 : 0.1072    ndcg@50 : 0.1341    
26 Oct 23:47    INFO  epoch 67 training [time: 20.13s, train loss: -22.1670]
26 Oct 23:48    INFO  epoch 67 evaluating [time: 108.42s, valid_score: 0.107200]
26 Oct 23:48    INFO  valid result: 
recall@10 : 0.1307    recall@20 : 0.1913    recall@50 : 0.3017    ndcg@10 : 0.0894    ndcg@20 : 0.1072    ndcg@50 : 0.1342    
26 Oct 23:49    INFO  epoch 68 training [time: 20.63s, train loss: -22.1672]
26 Oct 23:50    INFO  epoch 68 evaluating [time: 105.83s, valid_score: 0.106900]
26 Oct 23:50    INFO  valid result: 
recall@10 : 0.1295    recall@20 : 0.1908    recall@50 : 0.3014    ndcg@10 : 0.0889    ndcg@20 : 0.1069    ndcg@50 : 0.1339    
26 Oct 23:51    INFO  epoch 69 training [time: 23.39s, train loss: -22.1672]
26 Oct 23:53    INFO  epoch 69 evaluating [time: 103.99s, valid_score: 0.107700]
26 Oct 23:53    INFO  valid result: 
recall@10 : 0.1314    recall@20 : 0.1921    recall@50 : 0.3017    ndcg@10 : 0.0899    ndcg@20 : 0.1077    ndcg@50 : 0.1345    
26 Oct 23:53    INFO  Saving current best: saved/DirectAU-Oct-26-2023_21-22-41.pth
26 Oct 23:53    INFO  epoch 70 training [time: 24.53s, train loss: -22.1674]
26 Oct 23:55    INFO  epoch 70 evaluating [time: 104.02s, valid_score: 0.107400]
26 Oct 23:55    INFO  valid result: 
recall@10 : 0.1303    recall@20 : 0.192    recall@50 : 0.302    ndcg@10 : 0.0893    ndcg@20 : 0.1074    ndcg@50 : 0.1343    
26 Oct 23:55    INFO  epoch 71 training [time: 23.93s, train loss: -22.1674]
26 Oct 23:57    INFO  epoch 71 evaluating [time: 105.26s, valid_score: 0.107400]
26 Oct 23:57    INFO  valid result: 
recall@10 : 0.1298    recall@20 : 0.192    recall@50 : 0.3042    ndcg@10 : 0.0893    ndcg@20 : 0.1074    ndcg@50 : 0.1348    
26 Oct 23:57    INFO  epoch 72 training [time: 21.20s, train loss: -22.1674]
26 Oct 23:59    INFO  epoch 72 evaluating [time: 108.06s, valid_score: 0.107500]
26 Oct 23:59    INFO  valid result: 
recall@10 : 0.1298    recall@20 : 0.1919    recall@50 : 0.3033    ndcg@10 : 0.0894    ndcg@20 : 0.1075    ndcg@50 : 0.1346    
26 Oct 23:59    INFO  epoch 73 training [time: 20.19s, train loss: -22.1675]
27 Oct 00:01    INFO  epoch 73 evaluating [time: 108.75s, valid_score: 0.107800]
27 Oct 00:01    INFO  valid result: 
recall@10 : 0.1304    recall@20 : 0.1922    recall@50 : 0.3035    ndcg@10 : 0.0898    ndcg@20 : 0.1078    ndcg@50 : 0.1349    
27 Oct 00:01    INFO  Saving current best: saved/DirectAU-Oct-26-2023_21-22-41.pth
27 Oct 00:02    INFO  epoch 74 training [time: 20.19s, train loss: -22.1681]
27 Oct 00:03    INFO  epoch 74 evaluating [time: 109.07s, valid_score: 0.108000]
27 Oct 00:03    INFO  valid result: 
recall@10 : 0.1304    recall@20 : 0.1931    recall@50 : 0.3044    ndcg@10 : 0.0896    ndcg@20 : 0.108    ndcg@50 : 0.1351    
27 Oct 00:03    INFO  Saving current best: saved/DirectAU-Oct-26-2023_21-22-41.pth
27 Oct 00:04    INFO  epoch 75 training [time: 20.13s, train loss: -22.1678]
27 Oct 00:06    INFO  epoch 75 evaluating [time: 108.50s, valid_score: 0.108300]
27 Oct 00:06    INFO  valid result: 
recall@10 : 0.1316    recall@20 : 0.1942    recall@50 : 0.3039    ndcg@10 : 0.0901    ndcg@20 : 0.1083    ndcg@50 : 0.1352    
27 Oct 00:06    INFO  Saving current best: saved/DirectAU-Oct-26-2023_21-22-41.pth
27 Oct 00:06    INFO  epoch 76 training [time: 20.05s, train loss: -22.1682]
27 Oct 00:08    INFO  epoch 76 evaluating [time: 109.01s, valid_score: 0.108000]
27 Oct 00:08    INFO  valid result: 
recall@10 : 0.1323    recall@20 : 0.1934    recall@50 : 0.3034    ndcg@10 : 0.0903    ndcg@20 : 0.108    ndcg@50 : 0.135    
27 Oct 00:08    INFO  epoch 77 training [time: 20.15s, train loss: -22.1680]
27 Oct 00:10    INFO  epoch 77 evaluating [time: 103.33s, valid_score: 0.108700]
27 Oct 00:10    INFO  valid result: 
recall@10 : 0.1321    recall@20 : 0.1936    recall@50 : 0.3036    ndcg@10 : 0.0907    ndcg@20 : 0.1087    ndcg@50 : 0.1356    
27 Oct 00:10    INFO  Saving current best: saved/DirectAU-Oct-26-2023_21-22-41.pth
27 Oct 00:10    INFO  epoch 78 training [time: 20.18s, train loss: -22.1681]
27 Oct 00:11    INFO  epoch 78 evaluating [time: 80.15s, valid_score: 0.108700]
27 Oct 00:11    INFO  valid result: 
recall@10 : 0.1323    recall@20 : 0.1941    recall@50 : 0.3048    ndcg@10 : 0.0907    ndcg@20 : 0.1087    ndcg@50 : 0.1357    
27 Oct 00:12    INFO  epoch 79 training [time: 18.64s, train loss: -22.1684]
27 Oct 00:13    INFO  epoch 79 evaluating [time: 72.91s, valid_score: 0.109100]
27 Oct 00:13    INFO  valid result: 
recall@10 : 0.1314    recall@20 : 0.1944    recall@50 : 0.306    ndcg@10 : 0.0908    ndcg@20 : 0.1091    ndcg@50 : 0.1364    
27 Oct 00:13    INFO  Saving current best: saved/DirectAU-Oct-26-2023_21-22-41.pth
27 Oct 00:13    INFO  epoch 80 training [time: 18.66s, train loss: -22.1687]
27 Oct 00:14    INFO  epoch 80 evaluating [time: 72.81s, valid_score: 0.108900]
27 Oct 00:14    INFO  valid result: 
recall@10 : 0.1319    recall@20 : 0.1943    recall@50 : 0.3058    ndcg@10 : 0.0908    ndcg@20 : 0.1089    ndcg@50 : 0.1362    
27 Oct 00:15    INFO  epoch 81 training [time: 18.77s, train loss: -22.1683]
27 Oct 00:16    INFO  epoch 81 evaluating [time: 72.60s, valid_score: 0.109000]
27 Oct 00:16    INFO  valid result: 
recall@10 : 0.1317    recall@20 : 0.1935    recall@50 : 0.3059    ndcg@10 : 0.091    ndcg@20 : 0.109    ndcg@50 : 0.1365    
27 Oct 00:16    INFO  epoch 82 training [time: 18.82s, train loss: -22.1687]
27 Oct 00:17    INFO  epoch 82 evaluating [time: 73.12s, valid_score: 0.109300]
27 Oct 00:17    INFO  valid result: 
recall@10 : 0.1328    recall@20 : 0.1946    recall@50 : 0.305    ndcg@10 : 0.0912    ndcg@20 : 0.1093    ndcg@50 : 0.1362    
27 Oct 00:18    INFO  Saving current best: saved/DirectAU-Oct-26-2023_21-22-41.pth
27 Oct 00:18    INFO  epoch 83 training [time: 18.73s, train loss: -22.1688]
27 Oct 00:19    INFO  epoch 83 evaluating [time: 71.88s, valid_score: 0.109500]
27 Oct 00:19    INFO  valid result: 
recall@10 : 0.1318    recall@20 : 0.1946    recall@50 : 0.3059    ndcg@10 : 0.0912    ndcg@20 : 0.1095    ndcg@50 : 0.1367    
27 Oct 00:19    INFO  Saving current best: saved/DirectAU-Oct-26-2023_21-22-41.pth
27 Oct 00:19    INFO  epoch 84 training [time: 18.59s, train loss: -22.1690]
27 Oct 00:21    INFO  epoch 84 evaluating [time: 73.11s, valid_score: 0.109400]
27 Oct 00:21    INFO  valid result: 
recall@10 : 0.1338    recall@20 : 0.1947    recall@50 : 0.306    ndcg@10 : 0.0916    ndcg@20 : 0.1094    ndcg@50 : 0.1366    
27 Oct 00:21    INFO  epoch 85 training [time: 18.55s, train loss: -22.1686]
27 Oct 00:22    INFO  epoch 85 evaluating [time: 72.68s, valid_score: 0.110000]
27 Oct 00:22    INFO  valid result: 
recall@10 : 0.1327    recall@20 : 0.1954    recall@50 : 0.3052    ndcg@10 : 0.0917    ndcg@20 : 0.11    ndcg@50 : 0.1368    
27 Oct 00:22    INFO  Saving current best: saved/DirectAU-Oct-26-2023_21-22-41.pth
27 Oct 00:22    INFO  epoch 86 training [time: 18.71s, train loss: -22.1688]
27 Oct 00:24    INFO  epoch 86 evaluating [time: 73.14s, valid_score: 0.109300]
27 Oct 00:24    INFO  valid result: 
recall@10 : 0.1321    recall@20 : 0.195    recall@50 : 0.3056    ndcg@10 : 0.091    ndcg@20 : 0.1093    ndcg@50 : 0.1364    
27 Oct 00:24    INFO  epoch 87 training [time: 18.69s, train loss: -22.1689]
27 Oct 00:25    INFO  epoch 87 evaluating [time: 73.07s, valid_score: 0.109500]
27 Oct 00:25    INFO  valid result: 
recall@10 : 0.1325    recall@20 : 0.195    recall@50 : 0.3058    ndcg@10 : 0.0913    ndcg@20 : 0.1095    ndcg@50 : 0.1367    
27 Oct 00:25    INFO  epoch 88 training [time: 18.82s, train loss: -22.1694]
27 Oct 00:27    INFO  epoch 88 evaluating [time: 72.50s, valid_score: 0.109600]
27 Oct 00:27    INFO  valid result: 
recall@10 : 0.1322    recall@20 : 0.1944    recall@50 : 0.3071    ndcg@10 : 0.0914    ndcg@20 : 0.1096    ndcg@50 : 0.1371    
27 Oct 00:27    INFO  epoch 89 training [time: 18.85s, train loss: -22.1693]
27 Oct 00:28    INFO  epoch 89 evaluating [time: 73.66s, valid_score: 0.109800]
27 Oct 00:28    INFO  valid result: 
recall@10 : 0.1325    recall@20 : 0.1954    recall@50 : 0.3065    ndcg@10 : 0.0915    ndcg@20 : 0.1098    ndcg@50 : 0.137    
27 Oct 00:29    INFO  epoch 90 training [time: 18.87s, train loss: -22.1693]
27 Oct 00:30    INFO  epoch 90 evaluating [time: 72.13s, valid_score: 0.109800]
27 Oct 00:30    INFO  valid result: 
recall@10 : 0.1332    recall@20 : 0.1955    recall@50 : 0.3052    ndcg@10 : 0.0916    ndcg@20 : 0.1098    ndcg@50 : 0.1367    
27 Oct 00:30    INFO  epoch 91 training [time: 18.83s, train loss: -22.1691]
27 Oct 00:31    INFO  epoch 91 evaluating [time: 73.33s, valid_score: 0.109800]
27 Oct 00:31    INFO  valid result: 
recall@10 : 0.1334    recall@20 : 0.1956    recall@50 : 0.3066    ndcg@10 : 0.0917    ndcg@20 : 0.1098    ndcg@50 : 0.1369    
27 Oct 00:32    INFO  epoch 92 training [time: 18.81s, train loss: -22.1694]
27 Oct 00:33    INFO  epoch 92 evaluating [time: 72.59s, valid_score: 0.109900]
27 Oct 00:33    INFO  valid result: 
recall@10 : 0.1335    recall@20 : 0.1957    recall@50 : 0.3066    ndcg@10 : 0.0917    ndcg@20 : 0.1099    ndcg@50 : 0.1369    
27 Oct 00:33    INFO  epoch 93 training [time: 18.82s, train loss: -22.1695]
27 Oct 00:34    INFO  epoch 93 evaluating [time: 72.57s, valid_score: 0.110100]
27 Oct 00:34    INFO  valid result: 
recall@10 : 0.1336    recall@20 : 0.196    recall@50 : 0.3065    ndcg@10 : 0.0918    ndcg@20 : 0.1101    ndcg@50 : 0.137    
27 Oct 00:34    INFO  Saving current best: saved/DirectAU-Oct-26-2023_21-22-41.pth
27 Oct 00:35    INFO  epoch 94 training [time: 18.68s, train loss: -22.1697]
27 Oct 00:36    INFO  epoch 94 evaluating [time: 72.72s, valid_score: 0.110300]
27 Oct 00:36    INFO  valid result: 
recall@10 : 0.1335    recall@20 : 0.1963    recall@50 : 0.3077    ndcg@10 : 0.092    ndcg@20 : 0.1103    ndcg@50 : 0.1375    
27 Oct 00:36    INFO  Saving current best: saved/DirectAU-Oct-26-2023_21-22-41.pth
27 Oct 00:36    INFO  epoch 95 training [time: 18.63s, train loss: -22.1695]
27 Oct 00:37    INFO  epoch 95 evaluating [time: 71.90s, valid_score: 0.110200]
27 Oct 00:37    INFO  valid result: 
recall@10 : 0.1341    recall@20 : 0.1958    recall@50 : 0.307    ndcg@10 : 0.0922    ndcg@20 : 0.1102    ndcg@50 : 0.1374    
27 Oct 00:38    INFO  epoch 96 training [time: 18.65s, train loss: -22.1697]
27 Oct 00:39    INFO  epoch 96 evaluating [time: 72.95s, valid_score: 0.110400]
27 Oct 00:39    INFO  valid result: 
recall@10 : 0.134    recall@20 : 0.1968    recall@50 : 0.3084    ndcg@10 : 0.092    ndcg@20 : 0.1104    ndcg@50 : 0.1376    
27 Oct 00:39    INFO  Saving current best: saved/DirectAU-Oct-26-2023_21-22-41.pth
27 Oct 00:39    INFO  epoch 97 training [time: 18.72s, train loss: -22.1700]
27 Oct 00:40    INFO  epoch 97 evaluating [time: 72.85s, valid_score: 0.110400]
27 Oct 00:40    INFO  valid result: 
recall@10 : 0.1334    recall@20 : 0.1961    recall@50 : 0.3081    ndcg@10 : 0.0921    ndcg@20 : 0.1104    ndcg@50 : 0.1378    
27 Oct 00:41    INFO  epoch 98 training [time: 18.66s, train loss: -22.1702]
27 Oct 00:42    INFO  epoch 98 evaluating [time: 73.09s, valid_score: 0.110500]
27 Oct 00:42    INFO  valid result: 
recall@10 : 0.1345    recall@20 : 0.1968    recall@50 : 0.3088    ndcg@10 : 0.0924    ndcg@20 : 0.1105    ndcg@50 : 0.1379    
27 Oct 00:44    INFO  Saving current best: saved/DirectAU-Oct-26-2023_21-22-41.pth
27 Oct 00:44    INFO  epoch 99 training [time: 15.67s, train loss: -22.1695]
27 Oct 00:45    INFO  epoch 99 evaluating [time: 33.16s, valid_score: 0.111000]
27 Oct 00:45    INFO  valid result: 
recall@10 : 0.1343    recall@20 : 0.1976    recall@50 : 0.3094    ndcg@10 : 0.0926    ndcg@20 : 0.111    ndcg@50 : 0.1383    
27 Oct 00:45    INFO  Saving current best: saved/DirectAU-Oct-26-2023_21-22-41.pth
27 Oct 00:45    INFO  epoch 100 training [time: 18.68s, train loss: -22.1698]
27 Oct 00:46    INFO  epoch 100 evaluating [time: 73.36s, valid_score: 0.110800]
27 Oct 00:46    INFO  valid result: 
recall@10 : 0.1344    recall@20 : 0.1971    recall@50 : 0.3091    ndcg@10 : 0.0926    ndcg@20 : 0.1108    ndcg@50 : 0.1382    
27 Oct 00:47    INFO  epoch 101 training [time: 18.71s, train loss: -22.1701]
27 Oct 00:48    INFO  epoch 101 evaluating [time: 71.89s, valid_score: 0.110900]
27 Oct 00:48    INFO  valid result: 
recall@10 : 0.1342    recall@20 : 0.1973    recall@50 : 0.309    ndcg@10 : 0.0925    ndcg@20 : 0.1109    ndcg@50 : 0.1382    
27 Oct 00:48    INFO  epoch 102 training [time: 18.65s, train loss: -22.1702]
27 Oct 00:49    INFO  epoch 102 evaluating [time: 68.24s, valid_score: 0.111100]
27 Oct 00:49    INFO  valid result: 
recall@10 : 0.1347    recall@20 : 0.1967    recall@50 : 0.3094    ndcg@10 : 0.093    ndcg@20 : 0.1111    ndcg@50 : 0.1386    
27 Oct 00:49    INFO  Saving current best: saved/DirectAU-Oct-26-2023_21-22-41.pth
27 Oct 00:50    INFO  epoch 103 training [time: 22.98s, train loss: -22.1704]
27 Oct 00:51    INFO  epoch 103 evaluating [time: 65.60s, valid_score: 0.111400]
27 Oct 00:51    INFO  valid result: 
recall@10 : 0.1342    recall@20 : 0.1972    recall@50 : 0.3089    ndcg@10 : 0.093    ndcg@20 : 0.1114    ndcg@50 : 0.1387    
27 Oct 00:52    INFO  Saving current best: saved/DirectAU-Oct-26-2023_21-22-41.pth
27 Oct 00:52    INFO  epoch 104 training [time: 18.72s, train loss: -22.1701]
27 Oct 00:53    INFO  epoch 104 evaluating [time: 69.62s, valid_score: 0.111300]
27 Oct 00:53    INFO  valid result: 
recall@10 : 0.1344    recall@20 : 0.1966    recall@50 : 0.3102    ndcg@10 : 0.0931    ndcg@20 : 0.1113    ndcg@50 : 0.139    
27 Oct 00:53    INFO  epoch 105 training [time: 21.43s, train loss: -22.1704]
27 Oct 00:55    INFO  epoch 105 evaluating [time: 71.68s, valid_score: 0.111800]
27 Oct 00:55    INFO  valid result: 
recall@10 : 0.1346    recall@20 : 0.1972    recall@50 : 0.3101    ndcg@10 : 0.0936    ndcg@20 : 0.1118    ndcg@50 : 0.1394    
27 Oct 00:56    INFO  Saving current best: saved/DirectAU-Oct-26-2023_21-22-41.pth
27 Oct 00:56    INFO  epoch 106 training [time: 15.77s, train loss: -22.1705]
27 Oct 00:57    INFO  epoch 106 evaluating [time: 14.53s, valid_score: 0.111000]
27 Oct 00:57    INFO  valid result: 
recall@10 : 0.1344    recall@20 : 0.1957    recall@50 : 0.31    ndcg@10 : 0.0931    ndcg@20 : 0.111    ndcg@50 : 0.1389    
27 Oct 00:57    INFO  epoch 107 training [time: 15.73s, train loss: -22.1702]
27 Oct 00:57    INFO  epoch 107 evaluating [time: 14.81s, valid_score: 0.111700]
27 Oct 00:57    INFO  valid result: 
recall@10 : 0.1354    recall@20 : 0.1974    recall@50 : 0.3093    ndcg@10 : 0.0936    ndcg@20 : 0.1117    ndcg@50 : 0.139    
27 Oct 00:57    INFO  epoch 108 training [time: 15.91s, train loss: -22.1705]
27 Oct 00:58    INFO  epoch 108 evaluating [time: 14.64s, valid_score: 0.111600]
27 Oct 00:58    INFO  valid result: 
recall@10 : 0.1356    recall@20 : 0.197    recall@50 : 0.3103    ndcg@10 : 0.0937    ndcg@20 : 0.1116    ndcg@50 : 0.1392    
27 Oct 00:58    INFO  epoch 109 training [time: 25.88s, train loss: -22.1703]
27 Oct 00:59    INFO  epoch 109 evaluating [time: 65.49s, valid_score: 0.112000]
27 Oct 00:59    INFO  valid result: 
recall@10 : 0.1351    recall@20 : 0.1972    recall@50 : 0.3104    ndcg@10 : 0.0939    ndcg@20 : 0.112    ndcg@50 : 0.1396    
27 Oct 01:00    INFO  Saving current best: saved/DirectAU-Oct-26-2023_21-22-41.pth
27 Oct 01:01    INFO  epoch 110 training [time: 15.76s, train loss: -22.1706]
27 Oct 01:01    INFO  epoch 110 evaluating [time: 14.71s, valid_score: 0.112000]
27 Oct 01:01    INFO  valid result: 
recall@10 : 0.1358    recall@20 : 0.1973    recall@50 : 0.3105    ndcg@10 : 0.094    ndcg@20 : 0.112    ndcg@50 : 0.1396    
27 Oct 01:01    INFO  epoch 111 training [time: 15.87s, train loss: -22.1703]
27 Oct 01:01    INFO  epoch 111 evaluating [time: 14.62s, valid_score: 0.111700]
27 Oct 01:01    INFO  valid result: 
recall@10 : 0.1359    recall@20 : 0.1979    recall@50 : 0.3099    ndcg@10 : 0.0936    ndcg@20 : 0.1117    ndcg@50 : 0.1391    
27 Oct 01:02    INFO  epoch 112 training [time: 15.79s, train loss: -22.1706]
27 Oct 01:02    INFO  epoch 112 evaluating [time: 14.94s, valid_score: 0.111900]
27 Oct 01:02    INFO  valid result: 
recall@10 : 0.1356    recall@20 : 0.1977    recall@50 : 0.3104    ndcg@10 : 0.0937    ndcg@20 : 0.1119    ndcg@50 : 0.1394    
27 Oct 01:02    INFO  epoch 113 training [time: 15.86s, train loss: -22.1701]
27 Oct 01:03    INFO  epoch 113 evaluating [time: 38.47s, valid_score: 0.112400]
27 Oct 01:03    INFO  valid result: 
recall@10 : 0.1363    recall@20 : 0.1989    recall@50 : 0.3104    ndcg@10 : 0.0941    ndcg@20 : 0.1124    ndcg@50 : 0.1396    
27 Oct 01:03    INFO  Saving current best: saved/DirectAU-Oct-26-2023_21-22-41.pth
27 Oct 01:03    INFO  epoch 114 training [time: 18.66s, train loss: -22.1708]
27 Oct 01:04    INFO  epoch 114 evaluating [time: 73.42s, valid_score: 0.112100]
27 Oct 01:04    INFO  valid result: 
recall@10 : 0.1343    recall@20 : 0.1978    recall@50 : 0.3111    ndcg@10 : 0.0936    ndcg@20 : 0.1121    ndcg@50 : 0.1397    
27 Oct 01:05    INFO  epoch 115 training [time: 18.74s, train loss: -22.1710]
27 Oct 01:06    INFO  epoch 115 evaluating [time: 72.58s, valid_score: 0.112100]
27 Oct 01:06    INFO  valid result: 
recall@10 : 0.135    recall@20 : 0.1976    recall@50 : 0.3098    ndcg@10 : 0.0937    ndcg@20 : 0.1121    ndcg@50 : 0.1395    
27 Oct 01:06    INFO  epoch 116 training [time: 18.89s, train loss: -22.1705]
27 Oct 01:07    INFO  epoch 116 evaluating [time: 73.71s, valid_score: 0.112200]
27 Oct 01:07    INFO  valid result: 
recall@10 : 0.1356    recall@20 : 0.1977    recall@50 : 0.3102    ndcg@10 : 0.0941    ndcg@20 : 0.1122    ndcg@50 : 0.1396    
27 Oct 01:08    INFO  epoch 117 training [time: 18.95s, train loss: -22.1704]
27 Oct 01:09    INFO  epoch 117 evaluating [time: 72.87s, valid_score: 0.111600]
27 Oct 01:09    INFO  valid result: 
recall@10 : 0.1359    recall@20 : 0.1968    recall@50 : 0.3097    ndcg@10 : 0.0938    ndcg@20 : 0.1116    ndcg@50 : 0.1392    
27 Oct 01:09    INFO  epoch 118 training [time: 18.77s, train loss: -22.1706]
27 Oct 01:10    INFO  epoch 118 evaluating [time: 73.22s, valid_score: 0.112400]
27 Oct 01:10    INFO  valid result: 
recall@10 : 0.1364    recall@20 : 0.1989    recall@50 : 0.3098    ndcg@10 : 0.0941    ndcg@20 : 0.1124    ndcg@50 : 0.1394    
27 Oct 01:11    INFO  epoch 119 training [time: 18.65s, train loss: -22.1710]
27 Oct 01:12    INFO  epoch 119 evaluating [time: 72.59s, valid_score: 0.111800]
27 Oct 01:12    INFO  valid result: 
recall@10 : 0.1362    recall@20 : 0.1971    recall@50 : 0.3099    ndcg@10 : 0.094    ndcg@20 : 0.1118    ndcg@50 : 0.1393    
27 Oct 01:12    INFO  epoch 120 training [time: 18.66s, train loss: -22.1704]
27 Oct 01:13    INFO  epoch 120 evaluating [time: 73.57s, valid_score: 0.112300]
27 Oct 01:13    INFO  valid result: 
recall@10 : 0.136    recall@20 : 0.1991    recall@50 : 0.3107    ndcg@10 : 0.0939    ndcg@20 : 0.1123    ndcg@50 : 0.1395    
27 Oct 01:14    INFO  epoch 121 training [time: 18.62s, train loss: -22.1710]
27 Oct 01:15    INFO  epoch 121 evaluating [time: 72.58s, valid_score: 0.112200]
27 Oct 01:15    INFO  valid result: 
recall@10 : 0.1348    recall@20 : 0.1975    recall@50 : 0.3097    ndcg@10 : 0.0938    ndcg@20 : 0.1122    ndcg@50 : 0.1396    
27 Oct 01:15    INFO  epoch 122 training [time: 18.64s, train loss: -22.1707]
27 Oct 01:16    INFO  epoch 122 evaluating [time: 73.12s, valid_score: 0.112000]
27 Oct 01:16    INFO  valid result: 
recall@10 : 0.1356    recall@20 : 0.1972    recall@50 : 0.3097    ndcg@10 : 0.0938    ndcg@20 : 0.112    ndcg@50 : 0.1394    
27 Oct 01:17    INFO  epoch 123 training [time: 18.64s, train loss: -22.1709]
27 Oct 01:18    INFO  epoch 123 evaluating [time: 72.63s, valid_score: 0.112200]
27 Oct 01:18    INFO  valid result: 
recall@10 : 0.1355    recall@20 : 0.1985    recall@50 : 0.3097    ndcg@10 : 0.0938    ndcg@20 : 0.1122    ndcg@50 : 0.1394    
27 Oct 01:18    INFO  epoch 124 training [time: 18.62s, train loss: -22.1705]
27 Oct 01:20    INFO  epoch 124 evaluating [time: 73.55s, valid_score: 0.112400]
27 Oct 01:20    INFO  valid result: 
recall@10 : 0.1366    recall@20 : 0.199    recall@50 : 0.3102    ndcg@10 : 0.0942    ndcg@20 : 0.1124    ndcg@50 : 0.1396    
27 Oct 01:20    INFO  Finished training, best eval result in epoch 113
27 Oct 01:20    INFO  Loading model structure and parameters from saved/DirectAU-Oct-26-2023_21-22-41.pth
27 Oct 01:21    INFO  best valid : {'recall@10': 0.1363, 'recall@20': 0.1989, 'recall@50': 0.3104, 'ndcg@10': 0.0941, 'ndcg@20': 0.1124, 'ndcg@50': 0.1396}
27 Oct 01:21    INFO  test result: {'recall@10': 0.1374, 'recall@20': 0.1985, 'recall@50': 0.3102, 'ndcg@10': 0.0978, 'ndcg@20': 0.1154, 'ndcg@50': 0.1426}
