command line args [--zc 0.45] will not be used in RecBole
26 Oct 16:37    INFO  
General Hyper Parameters:
gpu_id = 8
use_gpu = True
seed = 0
state = INFO
reproducibility = True
data_path = dataset/Beauty
show_progress = False

Training Hyper Parameters:
checkpoint_dir = saved
epochs = 500
train_batch_size = 256
learner = adam
learning_rate = 0.001
training_neg_sample_num = 0
training_neg_sample_distribution = uniform
eval_step = 1
stopping_step = 10
clip_grad_norm = None
weight_decay = 1e-06
draw_loss_pic = False
loss_decimal_place = 4

Evaluation Hyper Parameters:
eval_setting = RO_RS,full
group_by_user = True
split_ratio = [0.8, 0.1, 0.1]
leave_one_num = 2
real_time_process = False
metrics = ['Recall', 'NDCG']
topk = [10, 20, 50]
valid_metric = NDCG@20
eval_batch_size = 4096
metric_decimal_place = 4

Dataset Hyper Parameters:
field_separator = 	
seq_separator =  
USER_ID_FIELD = user_id
ITEM_ID_FIELD = item_id
RATING_FIELD = rating
TIME_FIELD = timestamp
seq_len = None
LABEL_FIELD = label
threshold = None
NEG_PREFIX = neg_
load_col = {'inter': ['user_id', 'item_id', 'timestamp']}
unload_col = None
unused_col = None
additional_feat_suffix = None
lowest_val = None
highest_val = None
equal_val = None
not_equal_val = None
max_user_inter_num = None
min_user_inter_num = 5
max_item_inter_num = None
min_item_inter_num = 5
fields_in_same_space = None
preload_weight = None
normalize_field = None
normalize_all = None
ITEM_LIST_LENGTH_FIELD = item_length
LIST_SUFFIX = _list
MAX_ITEM_LIST_LENGTH = 50
POSITION_FIELD = position_id
HEAD_ENTITY_ID_FIELD = head_id
TAIL_ENTITY_ID_FIELD = tail_id
RELATION_ID_FIELD = relation_id
ENTITY_ID_FIELD = entity_id

Other Hyper Parameters: 
valid_metric_bigger = True
BT = 0.1
bt = 0.001
embedding_size = 64
encoder = MF
gamma = 0.5
times = 1
witem = 0.1
wuser = 0.8
zc = 0.45
rm_dup_inter = None
filter_inter_by_user_or_item = True
SOURCE_ID_FIELD = source_id
TARGET_ID_FIELD = target_id
benchmark_filename = None
MODEL_TYPE = ModelType.GENERAL
MODEL_INPUT_TYPE = InputType.POINTWISE
eval_type = EvaluatorType.RANKING
device = cuda
train_neg_sample_args = {'strategy': 'none'}


26 Oct 16:37    INFO  Beauty
The number of users: 22364
Average actions of users: 8.876358270357287
The number of items: 12102
Average actions of items: 16.403768283612923
The number of inters: 198502
The sparsity of the dataset: 99.92665707018277%
Remain Fields: ['user_id', 'item_id', 'timestamp']
26 Oct 16:37    INFO  Build [GeneralDataLoader] for [train] with format [InputType.POINTWISE]
26 Oct 16:37    INFO  [train] No Negative Sampling
26 Oct 16:37    INFO  [train] batch_size = [256], shuffle = [True]

26 Oct 16:37    INFO  Build [GeneralFullDataLoader] for [evaluation] with format [InputType.POINTWISE]
26 Oct 16:37    INFO  Evaluation Setting:
	Group by user_id
	Ordering: {'strategy': 'shuffle'}
	Splitting: {'strategy': 'by_ratio', 'ratios': [0.8, 0.1, 0.1]}
	Negative Sampling: {'strategy': 'full', 'distribution': 'uniform'}
26 Oct 16:37    INFO  [evaluation] batch_size = [4096], shuffle = [False]

26 Oct 16:37    WARNING  Batch size is changed to 12102.
26 Oct 16:37    WARNING  Batch size is changed to 12102.
{'BT': 0.1, 'bt': 0.001, 'embedding_size': 64, 'encoder': 'MF', 'gamma': None, 'times': 1, 'training_neg_sample_num': 0, 'witem': 0.1, 'wuser': 0.8, 'zc': 0.45}
this is encoder MF...
这是directau 的 WUBT 版本...0.45
26 Oct 16:37    INFO  DirectAU(
  (encoder): MFEncoder(
    (user_embedding): Embedding(22364, 64)
    (item_embedding): Embedding(12102, 64)
  )
  (bn): BatchNorm1d(64, eps=1e-05, momentum=0.1, affine=False, track_running_stats=True)
  (projector): Sequential(
    (0): Linear(in_features=64, out_features=64, bias=False)
    (1): BatchNorm1d(64, eps=1e-05, momentum=0.1, affine=True, track_running_stats=True)
    (2): ReLU(inplace=True)
    (3): Linear(in_features=64, out_features=64, bias=False)
    (4): BatchNorm1d(64, eps=1e-05, momentum=0.1, affine=True, track_running_stats=True)
    (5): ReLU(inplace=True)
    (6): Linear(in_features=64, out_features=64, bias=False)
  )
)
Trainable parameters: 2218368
26 Oct 16:37    INFO  epoch 0 training [time: 2.59s, train loss: 0.0440]
26 Oct 16:37    INFO  epoch 0 evaluating [time: 36.12s, valid_score: 0.013300]
26 Oct 16:37    INFO  valid result: 
recall@10 : 0.0184    recall@20 : 0.0294    recall@50 : 0.0471    ndcg@10 : 0.0103    ndcg@20 : 0.0133    ndcg@50 : 0.0171    
26 Oct 16:37    INFO  Saving current best: saved/DirectAU-Oct-26-2023_16-37-13.pth
26 Oct 16:37    INFO  epoch 1 training [time: 2.69s, train loss: -0.4566]
26 Oct 16:38    INFO  epoch 1 evaluating [time: 35.80s, valid_score: 0.018800]
26 Oct 16:38    INFO  valid result: 
recall@10 : 0.0255    recall@20 : 0.0409    recall@50 : 0.0658    ndcg@10 : 0.0146    ndcg@20 : 0.0188    ndcg@50 : 0.024    
26 Oct 16:38    INFO  Saving current best: saved/DirectAU-Oct-26-2023_16-37-13.pth
26 Oct 16:38    INFO  epoch 2 training [time: 2.56s, train loss: -0.5924]
26 Oct 16:39    INFO  epoch 2 evaluating [time: 36.35s, valid_score: 0.021600]
26 Oct 16:39    INFO  valid result: 
recall@10 : 0.0317    recall@20 : 0.0477    recall@50 : 0.0784    ndcg@10 : 0.0173    ndcg@20 : 0.0216    ndcg@50 : 0.0281    
26 Oct 16:39    INFO  Saving current best: saved/DirectAU-Oct-26-2023_16-37-13.pth
26 Oct 16:39    INFO  epoch 3 training [time: 2.64s, train loss: -0.6596]
26 Oct 16:39    INFO  epoch 3 evaluating [time: 35.77s, valid_score: 0.024200]
26 Oct 16:39    INFO  valid result: 
recall@10 : 0.0342    recall@20 : 0.0537    recall@50 : 0.0862    ndcg@10 : 0.019    ndcg@20 : 0.0242    ndcg@50 : 0.031    
26 Oct 16:39    INFO  Saving current best: saved/DirectAU-Oct-26-2023_16-37-13.pth
26 Oct 16:39    INFO  epoch 4 training [time: 2.71s, train loss: -0.7032]
26 Oct 16:40    INFO  epoch 4 evaluating [time: 36.19s, valid_score: 0.026700]
26 Oct 16:40    INFO  valid result: 
recall@10 : 0.0386    recall@20 : 0.0588    recall@50 : 0.0928    ndcg@10 : 0.0213    ndcg@20 : 0.0267    ndcg@50 : 0.0338    
26 Oct 16:40    INFO  Saving current best: saved/DirectAU-Oct-26-2023_16-37-13.pth
26 Oct 16:40    INFO  epoch 5 training [time: 2.70s, train loss: -0.7359]
26 Oct 16:41    INFO  epoch 5 evaluating [time: 36.01s, valid_score: 0.028000]
26 Oct 16:41    INFO  valid result: 
recall@10 : 0.0401    recall@20 : 0.0618    recall@50 : 0.0965    ndcg@10 : 0.0221    ndcg@20 : 0.028    ndcg@50 : 0.0353    
26 Oct 16:41    INFO  Saving current best: saved/DirectAU-Oct-26-2023_16-37-13.pth
26 Oct 16:41    INFO  epoch 6 training [time: 2.66s, train loss: -0.7613]
26 Oct 16:41    INFO  epoch 6 evaluating [time: 36.02s, valid_score: 0.029800]
26 Oct 16:41    INFO  valid result: 
recall@10 : 0.0423    recall@20 : 0.0645    recall@50 : 0.1032    ndcg@10 : 0.0239    ndcg@20 : 0.0298    ndcg@50 : 0.0379    
26 Oct 16:41    INFO  Saving current best: saved/DirectAU-Oct-26-2023_16-37-13.pth
26 Oct 16:41    INFO  epoch 7 training [time: 2.68s, train loss: -0.7829]
26 Oct 16:42    INFO  epoch 7 evaluating [time: 36.11s, valid_score: 0.031600]
26 Oct 16:42    INFO  valid result: 
recall@10 : 0.0445    recall@20 : 0.0685    recall@50 : 0.1077    ndcg@10 : 0.0252    ndcg@20 : 0.0316    ndcg@50 : 0.0397    
26 Oct 16:42    INFO  Saving current best: saved/DirectAU-Oct-26-2023_16-37-13.pth
26 Oct 16:42    INFO  epoch 8 training [time: 2.53s, train loss: -0.8027]
26 Oct 16:43    INFO  epoch 8 evaluating [time: 36.13s, valid_score: 0.032200]
26 Oct 16:43    INFO  valid result: 
recall@10 : 0.0471    recall@20 : 0.0703    recall@50 : 0.1117    ndcg@10 : 0.0261    ndcg@20 : 0.0322    ndcg@50 : 0.0408    
26 Oct 16:43    INFO  Saving current best: saved/DirectAU-Oct-26-2023_16-37-13.pth
26 Oct 16:43    INFO  epoch 9 training [time: 2.66s, train loss: -0.8196]
26 Oct 16:43    INFO  epoch 9 evaluating [time: 36.55s, valid_score: 0.033300]
26 Oct 16:43    INFO  valid result: 
recall@10 : 0.0482    recall@20 : 0.0721    recall@50 : 0.1154    ndcg@10 : 0.0269    ndcg@20 : 0.0333    ndcg@50 : 0.0422    
26 Oct 16:43    INFO  Saving current best: saved/DirectAU-Oct-26-2023_16-37-13.pth
26 Oct 16:43    INFO  epoch 10 training [time: 2.69s, train loss: -0.8345]
26 Oct 16:44    INFO  epoch 10 evaluating [time: 36.36s, valid_score: 0.035100]
26 Oct 16:44    INFO  valid result: 
recall@10 : 0.0499    recall@20 : 0.0755    recall@50 : 0.1193    ndcg@10 : 0.0283    ndcg@20 : 0.0351    ndcg@50 : 0.0441    
26 Oct 16:44    INFO  Saving current best: saved/DirectAU-Oct-26-2023_16-37-13.pth
26 Oct 16:44    INFO  epoch 11 training [time: 2.76s, train loss: -0.8494]
26 Oct 16:44    INFO  epoch 11 evaluating [time: 36.77s, valid_score: 0.036100]
26 Oct 16:44    INFO  valid result: 
recall@10 : 0.0529    recall@20 : 0.0787    recall@50 : 0.1217    ndcg@10 : 0.0293    ndcg@20 : 0.0361    ndcg@50 : 0.045    
26 Oct 16:45    INFO  Saving current best: saved/DirectAU-Oct-26-2023_16-37-13.pth
26 Oct 16:45    INFO  epoch 12 training [time: 2.63s, train loss: -0.8621]
26 Oct 16:45    INFO  epoch 12 evaluating [time: 36.40s, valid_score: 0.037200]
26 Oct 16:45    INFO  valid result: 
recall@10 : 0.054    recall@20 : 0.08    recall@50 : 0.1247    ndcg@10 : 0.0303    ndcg@20 : 0.0372    ndcg@50 : 0.0464    
26 Oct 16:45    INFO  Saving current best: saved/DirectAU-Oct-26-2023_16-37-13.pth
26 Oct 16:45    INFO  epoch 13 training [time: 2.58s, train loss: -0.8749]
26 Oct 16:46    INFO  epoch 13 evaluating [time: 36.45s, valid_score: 0.038000]
26 Oct 16:46    INFO  valid result: 
recall@10 : 0.0562    recall@20 : 0.0826    recall@50 : 0.1269    ndcg@10 : 0.031    ndcg@20 : 0.038    ndcg@50 : 0.0472    
26 Oct 16:46    INFO  Saving current best: saved/DirectAU-Oct-26-2023_16-37-13.pth
26 Oct 16:46    INFO  epoch 14 training [time: 2.71s, train loss: -0.8857]
26 Oct 16:46    INFO  epoch 14 evaluating [time: 35.95s, valid_score: 0.038900]
26 Oct 16:46    INFO  valid result: 
recall@10 : 0.0576    recall@20 : 0.0839    recall@50 : 0.1294    ndcg@10 : 0.0319    ndcg@20 : 0.0389    ndcg@50 : 0.0483    
26 Oct 16:46    INFO  Saving current best: saved/DirectAU-Oct-26-2023_16-37-13.pth
26 Oct 16:46    INFO  epoch 15 training [time: 2.63s, train loss: -0.8972]
26 Oct 16:47    INFO  epoch 15 evaluating [time: 36.57s, valid_score: 0.039700]
26 Oct 16:47    INFO  valid result: 
recall@10 : 0.0584    recall@20 : 0.0856    recall@50 : 0.1325    ndcg@10 : 0.0325    ndcg@20 : 0.0397    ndcg@50 : 0.0493    
26 Oct 16:47    INFO  Saving current best: saved/DirectAU-Oct-26-2023_16-37-13.pth
26 Oct 16:47    INFO  epoch 16 training [time: 2.70s, train loss: -0.9073]
26 Oct 16:48    INFO  epoch 16 evaluating [time: 36.02s, valid_score: 0.040900]
26 Oct 16:48    INFO  valid result: 
recall@10 : 0.06    recall@20 : 0.0875    recall@50 : 0.1337    ndcg@10 : 0.0337    ndcg@20 : 0.0409    ndcg@50 : 0.0504    
26 Oct 16:48    INFO  Saving current best: saved/DirectAU-Oct-26-2023_16-37-13.pth
26 Oct 16:48    INFO  epoch 17 training [time: 2.64s, train loss: -0.9177]
26 Oct 16:48    INFO  epoch 17 evaluating [time: 36.88s, valid_score: 0.041400]
26 Oct 16:48    INFO  valid result: 
recall@10 : 0.0615    recall@20 : 0.0884    recall@50 : 0.1353    ndcg@10 : 0.0342    ndcg@20 : 0.0414    ndcg@50 : 0.051    
26 Oct 16:48    INFO  Saving current best: saved/DirectAU-Oct-26-2023_16-37-13.pth
26 Oct 16:48    INFO  epoch 18 training [time: 2.67s, train loss: -0.9272]
26 Oct 16:49    INFO  epoch 18 evaluating [time: 36.06s, valid_score: 0.042500]
26 Oct 16:49    INFO  valid result: 
recall@10 : 0.0624    recall@20 : 0.0905    recall@50 : 0.1383    ndcg@10 : 0.0351    ndcg@20 : 0.0425    ndcg@50 : 0.0524    
26 Oct 16:49    INFO  Saving current best: saved/DirectAU-Oct-26-2023_16-37-13.pth
26 Oct 16:49    INFO  epoch 19 training [time: 2.69s, train loss: -0.9362]
26 Oct 16:50    INFO  epoch 19 evaluating [time: 36.72s, valid_score: 0.043200]
26 Oct 16:50    INFO  valid result: 
recall@10 : 0.0643    recall@20 : 0.0927    recall@50 : 0.1402    ndcg@10 : 0.0358    ndcg@20 : 0.0432    ndcg@50 : 0.053    
26 Oct 16:50    INFO  Saving current best: saved/DirectAU-Oct-26-2023_16-37-13.pth
26 Oct 16:50    INFO  epoch 20 training [time: 2.65s, train loss: -0.9454]
26 Oct 16:50    INFO  epoch 20 evaluating [time: 36.17s, valid_score: 0.043300]
26 Oct 16:50    INFO  valid result: 
recall@10 : 0.0643    recall@20 : 0.0926    recall@50 : 0.1413    ndcg@10 : 0.0359    ndcg@20 : 0.0433    ndcg@50 : 0.0534    
26 Oct 16:50    INFO  Saving current best: saved/DirectAU-Oct-26-2023_16-37-13.pth
26 Oct 16:50    INFO  epoch 21 training [time: 2.61s, train loss: -0.9533]
26 Oct 16:51    INFO  epoch 21 evaluating [time: 36.47s, valid_score: 0.044200]
26 Oct 16:51    INFO  valid result: 
recall@10 : 0.065    recall@20 : 0.0939    recall@50 : 0.1434    ndcg@10 : 0.0366    ndcg@20 : 0.0442    ndcg@50 : 0.0544    
26 Oct 16:51    INFO  Saving current best: saved/DirectAU-Oct-26-2023_16-37-13.pth
26 Oct 16:51    INFO  epoch 22 training [time: 2.72s, train loss: -0.9615]
26 Oct 16:52    INFO  epoch 22 evaluating [time: 35.83s, valid_score: 0.045000]
26 Oct 16:52    INFO  valid result: 
recall@10 : 0.066    recall@20 : 0.0954    recall@50 : 0.1448    ndcg@10 : 0.0372    ndcg@20 : 0.045    ndcg@50 : 0.0552    
26 Oct 16:52    INFO  Saving current best: saved/DirectAU-Oct-26-2023_16-37-13.pth
26 Oct 16:52    INFO  epoch 23 training [time: 2.69s, train loss: -0.9684]
26 Oct 16:52    INFO  epoch 23 evaluating [time: 36.36s, valid_score: 0.045300]
26 Oct 16:52    INFO  valid result: 
recall@10 : 0.0661    recall@20 : 0.0957    recall@50 : 0.1475    ndcg@10 : 0.0374    ndcg@20 : 0.0453    ndcg@50 : 0.0559    
26 Oct 16:52    INFO  Saving current best: saved/DirectAU-Oct-26-2023_16-37-13.pth
26 Oct 16:52    INFO  epoch 24 training [time: 2.64s, train loss: -0.9759]
26 Oct 16:53    INFO  epoch 24 evaluating [time: 36.32s, valid_score: 0.046300]
26 Oct 16:53    INFO  valid result: 
recall@10 : 0.0688    recall@20 : 0.0978    recall@50 : 0.1486    ndcg@10 : 0.0386    ndcg@20 : 0.0463    ndcg@50 : 0.0567    
26 Oct 16:53    INFO  Saving current best: saved/DirectAU-Oct-26-2023_16-37-13.pth
26 Oct 16:53    INFO  epoch 25 training [time: 2.68s, train loss: -0.9834]
26 Oct 16:54    INFO  epoch 25 evaluating [time: 36.63s, valid_score: 0.046900]
26 Oct 16:54    INFO  valid result: 
recall@10 : 0.07    recall@20 : 0.0996    recall@50 : 0.1512    ndcg@10 : 0.0391    ndcg@20 : 0.0469    ndcg@50 : 0.0575    
26 Oct 16:54    INFO  Saving current best: saved/DirectAU-Oct-26-2023_16-37-13.pth
26 Oct 16:54    INFO  epoch 26 training [time: 2.65s, train loss: -0.9900]
26 Oct 16:54    INFO  epoch 26 evaluating [time: 35.92s, valid_score: 0.047700]
26 Oct 16:54    INFO  valid result: 
recall@10 : 0.0696    recall@20 : 0.1012    recall@50 : 0.1526    ndcg@10 : 0.0394    ndcg@20 : 0.0477    ndcg@50 : 0.0582    
26 Oct 16:54    INFO  Saving current best: saved/DirectAU-Oct-26-2023_16-37-13.pth
26 Oct 16:54    INFO  epoch 27 training [time: 2.72s, train loss: -0.9962]
26 Oct 16:55    INFO  epoch 27 evaluating [time: 36.57s, valid_score: 0.048000]
26 Oct 16:55    INFO  valid result: 
recall@10 : 0.0708    recall@20 : 0.1023    recall@50 : 0.1537    ndcg@10 : 0.0397    ndcg@20 : 0.048    ndcg@50 : 0.0585    
26 Oct 16:55    INFO  Saving current best: saved/DirectAU-Oct-26-2023_16-37-13.pth
26 Oct 16:55    INFO  epoch 28 training [time: 2.63s, train loss: -1.0025]
26 Oct 16:56    INFO  epoch 28 evaluating [time: 36.32s, valid_score: 0.048600]
26 Oct 16:56    INFO  valid result: 
recall@10 : 0.0721    recall@20 : 0.1032    recall@50 : 0.1556    ndcg@10 : 0.0405    ndcg@20 : 0.0486    ndcg@50 : 0.0594    
26 Oct 16:56    INFO  Saving current best: saved/DirectAU-Oct-26-2023_16-37-13.pth
26 Oct 16:56    INFO  epoch 29 training [time: 2.64s, train loss: -1.0083]
26 Oct 16:56    INFO  epoch 29 evaluating [time: 36.55s, valid_score: 0.049000]
26 Oct 16:56    INFO  valid result: 
recall@10 : 0.0725    recall@20 : 0.1045    recall@50 : 0.1578    ndcg@10 : 0.0406    ndcg@20 : 0.049    ndcg@50 : 0.0599    
26 Oct 16:56    INFO  Saving current best: saved/DirectAU-Oct-26-2023_16-37-13.pth
26 Oct 16:56    INFO  epoch 30 training [time: 2.67s, train loss: -1.0138]
26 Oct 16:57    INFO  epoch 30 evaluating [time: 36.12s, valid_score: 0.049300]
26 Oct 16:57    INFO  valid result: 
recall@10 : 0.0735    recall@20 : 0.1052    recall@50 : 0.1587    ndcg@10 : 0.0411    ndcg@20 : 0.0493    ndcg@50 : 0.0603    
26 Oct 16:57    INFO  Saving current best: saved/DirectAU-Oct-26-2023_16-37-13.pth
26 Oct 16:57    INFO  epoch 31 training [time: 2.63s, train loss: -1.0189]
26 Oct 16:58    INFO  epoch 31 evaluating [time: 36.36s, valid_score: 0.049700]
26 Oct 16:58    INFO  valid result: 
recall@10 : 0.0732    recall@20 : 0.1054    recall@50 : 0.1599    ndcg@10 : 0.0412    ndcg@20 : 0.0497    ndcg@50 : 0.061    
26 Oct 16:58    INFO  Saving current best: saved/DirectAU-Oct-26-2023_16-37-13.pth
26 Oct 16:58    INFO  epoch 32 training [time: 2.64s, train loss: -1.0250]
26 Oct 16:58    INFO  epoch 32 evaluating [time: 36.51s, valid_score: 0.050200]
26 Oct 16:58    INFO  valid result: 
recall@10 : 0.0735    recall@20 : 0.1072    recall@50 : 0.1616    ndcg@10 : 0.0414    ndcg@20 : 0.0502    ndcg@50 : 0.0614    
26 Oct 16:58    INFO  Saving current best: saved/DirectAU-Oct-26-2023_16-37-13.pth
26 Oct 16:58    INFO  epoch 33 training [time: 2.32s, train loss: -1.0296]
26 Oct 16:59    INFO  epoch 33 evaluating [time: 35.79s, valid_score: 0.051100]
26 Oct 16:59    INFO  valid result: 
recall@10 : 0.0749    recall@20 : 0.1085    recall@50 : 0.1621    ndcg@10 : 0.0423    ndcg@20 : 0.0511    ndcg@50 : 0.0622    
26 Oct 16:59    INFO  Saving current best: saved/DirectAU-Oct-26-2023_16-37-13.pth
26 Oct 16:59    INFO  epoch 34 training [time: 2.36s, train loss: -1.0342]
26 Oct 16:59    INFO  epoch 34 evaluating [time: 36.54s, valid_score: 0.051400]
26 Oct 16:59    INFO  valid result: 
recall@10 : 0.0765    recall@20 : 0.11    recall@50 : 0.1634    ndcg@10 : 0.0427    ndcg@20 : 0.0514    ndcg@50 : 0.0624    
26 Oct 16:59    INFO  Saving current best: saved/DirectAU-Oct-26-2023_16-37-13.pth
26 Oct 16:59    INFO  epoch 35 training [time: 2.71s, train loss: -1.0388]
26 Oct 17:00    INFO  epoch 35 evaluating [time: 36.15s, valid_score: 0.052100]
26 Oct 17:00    INFO  valid result: 
recall@10 : 0.0765    recall@20 : 0.111    recall@50 : 0.1651    ndcg@10 : 0.0431    ndcg@20 : 0.0521    ndcg@50 : 0.0633    
26 Oct 17:00    INFO  Saving current best: saved/DirectAU-Oct-26-2023_16-37-13.pth
26 Oct 17:00    INFO  epoch 36 training [time: 2.69s, train loss: -1.0434]
26 Oct 17:01    INFO  epoch 36 evaluating [time: 36.61s, valid_score: 0.052500]
26 Oct 17:01    INFO  valid result: 
recall@10 : 0.0767    recall@20 : 0.1114    recall@50 : 0.165    ndcg@10 : 0.0433    ndcg@20 : 0.0525    ndcg@50 : 0.0635    
26 Oct 17:01    INFO  Saving current best: saved/DirectAU-Oct-26-2023_16-37-13.pth
26 Oct 17:01    INFO  epoch 37 training [time: 2.57s, train loss: -1.0475]
26 Oct 17:01    INFO  epoch 37 evaluating [time: 35.90s, valid_score: 0.053100]
26 Oct 17:01    INFO  valid result: 
recall@10 : 0.0772    recall@20 : 0.1121    recall@50 : 0.1657    ndcg@10 : 0.0439    ndcg@20 : 0.0531    ndcg@50 : 0.0641    
26 Oct 17:01    INFO  Saving current best: saved/DirectAU-Oct-26-2023_16-37-13.pth
26 Oct 17:01    INFO  epoch 38 training [time: 2.62s, train loss: -1.0512]
26 Oct 17:02    INFO  epoch 38 evaluating [time: 36.44s, valid_score: 0.053000]
26 Oct 17:02    INFO  valid result: 
recall@10 : 0.0769    recall@20 : 0.1127    recall@50 : 0.1658    ndcg@10 : 0.0436    ndcg@20 : 0.053    ndcg@50 : 0.0639    
26 Oct 17:02    INFO  epoch 39 training [time: 2.32s, train loss: -1.0555]
26 Oct 17:03    INFO  epoch 39 evaluating [time: 36.35s, valid_score: 0.053400]
26 Oct 17:03    INFO  valid result: 
recall@10 : 0.0793    recall@20 : 0.1142    recall@50 : 0.1675    ndcg@10 : 0.0443    ndcg@20 : 0.0534    ndcg@50 : 0.0644    
26 Oct 17:03    INFO  Saving current best: saved/DirectAU-Oct-26-2023_16-37-13.pth
26 Oct 17:03    INFO  epoch 40 training [time: 2.63s, train loss: -1.0590]
26 Oct 17:03    INFO  epoch 40 evaluating [time: 36.94s, valid_score: 0.053800]
26 Oct 17:03    INFO  valid result: 
recall@10 : 0.0793    recall@20 : 0.114    recall@50 : 0.1683    ndcg@10 : 0.0447    ndcg@20 : 0.0538    ndcg@50 : 0.0649    
26 Oct 17:03    INFO  Saving current best: saved/DirectAU-Oct-26-2023_16-37-13.pth
26 Oct 17:03    INFO  epoch 41 training [time: 2.86s, train loss: -1.0625]
26 Oct 17:04    INFO  epoch 41 evaluating [time: 36.88s, valid_score: 0.054300]
26 Oct 17:04    INFO  valid result: 
recall@10 : 0.0796    recall@20 : 0.1151    recall@50 : 0.17    ndcg@10 : 0.0451    ndcg@20 : 0.0543    ndcg@50 : 0.0656    
26 Oct 17:04    INFO  Saving current best: saved/DirectAU-Oct-26-2023_16-37-13.pth
26 Oct 17:04    INFO  epoch 42 training [time: 2.70s, train loss: -1.0663]
26 Oct 17:05    INFO  epoch 42 evaluating [time: 36.38s, valid_score: 0.054800]
26 Oct 17:05    INFO  valid result: 
recall@10 : 0.0811    recall@20 : 0.1148    recall@50 : 0.1707    ndcg@10 : 0.046    ndcg@20 : 0.0548    ndcg@50 : 0.0663    
26 Oct 17:05    INFO  Saving current best: saved/DirectAU-Oct-26-2023_16-37-13.pth
26 Oct 17:05    INFO  epoch 43 training [time: 2.62s, train loss: -1.0693]
26 Oct 17:05    INFO  epoch 43 evaluating [time: 36.14s, valid_score: 0.055100]
26 Oct 17:05    INFO  valid result: 
recall@10 : 0.0819    recall@20 : 0.1155    recall@50 : 0.1722    ndcg@10 : 0.0463    ndcg@20 : 0.0551    ndcg@50 : 0.0667    
26 Oct 17:05    INFO  Saving current best: saved/DirectAU-Oct-26-2023_16-37-13.pth
26 Oct 17:05    INFO  epoch 44 training [time: 2.75s, train loss: -1.0727]
26 Oct 17:06    INFO  epoch 44 evaluating [time: 36.65s, valid_score: 0.055300]
26 Oct 17:06    INFO  valid result: 
recall@10 : 0.0818    recall@20 : 0.1157    recall@50 : 0.172    ndcg@10 : 0.0463    ndcg@20 : 0.0553    ndcg@50 : 0.0668    
26 Oct 17:06    INFO  Saving current best: saved/DirectAU-Oct-26-2023_16-37-13.pth
26 Oct 17:06    INFO  epoch 45 training [time: 2.69s, train loss: -1.0757]
26 Oct 17:07    INFO  epoch 45 evaluating [time: 36.16s, valid_score: 0.055400]
26 Oct 17:07    INFO  valid result: 
recall@10 : 0.0817    recall@20 : 0.1161    recall@50 : 0.1726    ndcg@10 : 0.0463    ndcg@20 : 0.0554    ndcg@50 : 0.067    
26 Oct 17:07    INFO  Saving current best: saved/DirectAU-Oct-26-2023_16-37-13.pth
26 Oct 17:07    INFO  epoch 46 training [time: 2.48s, train loss: -1.0786]
26 Oct 17:07    INFO  epoch 46 evaluating [time: 36.46s, valid_score: 0.056000]
26 Oct 17:07    INFO  valid result: 
recall@10 : 0.0826    recall@20 : 0.117    recall@50 : 0.1741    ndcg@10 : 0.047    ndcg@20 : 0.056    ndcg@50 : 0.0677    
26 Oct 17:07    INFO  Saving current best: saved/DirectAU-Oct-26-2023_16-37-13.pth
26 Oct 17:07    INFO  epoch 47 training [time: 2.72s, train loss: -1.0812]
26 Oct 17:08    INFO  epoch 47 evaluating [time: 36.31s, valid_score: 0.056100]
26 Oct 17:08    INFO  valid result: 
recall@10 : 0.0824    recall@20 : 0.1177    recall@50 : 0.1749    ndcg@10 : 0.0468    ndcg@20 : 0.0561    ndcg@50 : 0.0678    
26 Oct 17:08    INFO  Saving current best: saved/DirectAU-Oct-26-2023_16-37-13.pth
26 Oct 17:08    INFO  epoch 48 training [time: 2.74s, train loss: -1.0840]
26 Oct 17:09    INFO  epoch 48 evaluating [time: 36.55s, valid_score: 0.056500]
26 Oct 17:09    INFO  valid result: 
recall@10 : 0.0831    recall@20 : 0.1187    recall@50 : 0.1756    ndcg@10 : 0.0472    ndcg@20 : 0.0565    ndcg@50 : 0.0681    
26 Oct 17:09    INFO  Saving current best: saved/DirectAU-Oct-26-2023_16-37-13.pth
26 Oct 17:09    INFO  epoch 49 training [time: 2.73s, train loss: -1.0863]
26 Oct 17:09    INFO  epoch 49 evaluating [time: 36.24s, valid_score: 0.056900]
26 Oct 17:09    INFO  valid result: 
recall@10 : 0.0848    recall@20 : 0.119    recall@50 : 0.1765    ndcg@10 : 0.0479    ndcg@20 : 0.0569    ndcg@50 : 0.0687    
26 Oct 17:09    INFO  Saving current best: saved/DirectAU-Oct-26-2023_16-37-13.pth
26 Oct 17:09    INFO  epoch 50 training [time: 2.69s, train loss: -1.0887]
26 Oct 17:10    INFO  epoch 50 evaluating [time: 35.92s, valid_score: 0.057100]
26 Oct 17:10    INFO  valid result: 
recall@10 : 0.0845    recall@20 : 0.12    recall@50 : 0.1762    ndcg@10 : 0.0478    ndcg@20 : 0.0571    ndcg@50 : 0.0686    
26 Oct 17:10    INFO  Saving current best: saved/DirectAU-Oct-26-2023_16-37-13.pth
26 Oct 17:10    INFO  epoch 51 training [time: 2.68s, train loss: -1.0905]
26 Oct 17:11    INFO  epoch 51 evaluating [time: 36.41s, valid_score: 0.057300]
26 Oct 17:11    INFO  valid result: 
recall@10 : 0.0847    recall@20 : 0.12    recall@50 : 0.1769    ndcg@10 : 0.048    ndcg@20 : 0.0573    ndcg@50 : 0.069    
26 Oct 17:11    INFO  Saving current best: saved/DirectAU-Oct-26-2023_16-37-13.pth
26 Oct 17:11    INFO  epoch 52 training [time: 2.41s, train loss: -1.0928]
26 Oct 17:11    INFO  epoch 52 evaluating [time: 36.02s, valid_score: 0.057700]
26 Oct 17:11    INFO  valid result: 
recall@10 : 0.0851    recall@20 : 0.1206    recall@50 : 0.1782    ndcg@10 : 0.0485    ndcg@20 : 0.0577    ndcg@50 : 0.0695    
26 Oct 17:11    INFO  Saving current best: saved/DirectAU-Oct-26-2023_16-37-13.pth
26 Oct 17:11    INFO  epoch 53 training [time: 2.69s, train loss: -1.0951]
26 Oct 17:12    INFO  epoch 53 evaluating [time: 36.52s, valid_score: 0.057900]
26 Oct 17:12    INFO  valid result: 
recall@10 : 0.0843    recall@20 : 0.1219    recall@50 : 0.1796    ndcg@10 : 0.0481    ndcg@20 : 0.0579    ndcg@50 : 0.0697    
26 Oct 17:12    INFO  Saving current best: saved/DirectAU-Oct-26-2023_16-37-13.pth
26 Oct 17:12    INFO  epoch 54 training [time: 2.45s, train loss: -1.0974]
26 Oct 17:12    INFO  epoch 54 evaluating [time: 36.10s, valid_score: 0.058200]
26 Oct 17:12    INFO  valid result: 
recall@10 : 0.0851    recall@20 : 0.1226    recall@50 : 0.1797    ndcg@10 : 0.0484    ndcg@20 : 0.0582    ndcg@50 : 0.0699    
26 Oct 17:12    INFO  Saving current best: saved/DirectAU-Oct-26-2023_16-37-13.pth
26 Oct 17:13    INFO  epoch 55 training [time: 2.64s, train loss: -1.0994]
26 Oct 17:13    INFO  epoch 55 evaluating [time: 36.46s, valid_score: 0.057800]
26 Oct 17:13    INFO  valid result: 
recall@10 : 0.0858    recall@20 : 0.1218    recall@50 : 0.1801    ndcg@10 : 0.0483    ndcg@20 : 0.0578    ndcg@50 : 0.0697    
26 Oct 17:13    INFO  epoch 56 training [time: 2.59s, train loss: -1.1008]
26 Oct 17:14    INFO  epoch 56 evaluating [time: 36.42s, valid_score: 0.058400]
26 Oct 17:14    INFO  valid result: 
recall@10 : 0.0865    recall@20 : 0.1225    recall@50 : 0.1809    ndcg@10 : 0.049    ndcg@20 : 0.0584    ndcg@50 : 0.0703    
26 Oct 17:14    INFO  Saving current best: saved/DirectAU-Oct-26-2023_16-37-13.pth
26 Oct 17:14    INFO  epoch 57 training [time: 2.66s, train loss: -1.1030]
26 Oct 17:14    INFO  epoch 57 evaluating [time: 36.46s, valid_score: 0.058900]
26 Oct 17:14    INFO  valid result: 
recall@10 : 0.0868    recall@20 : 0.1238    recall@50 : 0.1815    ndcg@10 : 0.0492    ndcg@20 : 0.0589    ndcg@50 : 0.0707    
26 Oct 17:14    INFO  Saving current best: saved/DirectAU-Oct-26-2023_16-37-13.pth
26 Oct 17:14    INFO  epoch 58 training [time: 2.63s, train loss: -1.1045]
26 Oct 17:15    INFO  epoch 58 evaluating [time: 36.32s, valid_score: 0.058700]
26 Oct 17:15    INFO  valid result: 
recall@10 : 0.0861    recall@20 : 0.1236    recall@50 : 0.1821    ndcg@10 : 0.0489    ndcg@20 : 0.0587    ndcg@50 : 0.0707    
26 Oct 17:15    INFO  epoch 59 training [time: 2.69s, train loss: -1.1061]
26 Oct 17:16    INFO  epoch 59 evaluating [time: 36.61s, valid_score: 0.058900]
26 Oct 17:16    INFO  valid result: 
recall@10 : 0.0863    recall@20 : 0.1241    recall@50 : 0.1831    ndcg@10 : 0.049    ndcg@20 : 0.0589    ndcg@50 : 0.071    
26 Oct 17:16    INFO  epoch 60 training [time: 2.65s, train loss: -1.1075]
26 Oct 17:16    INFO  epoch 60 evaluating [time: 36.24s, valid_score: 0.059200]
26 Oct 17:16    INFO  valid result: 
recall@10 : 0.087    recall@20 : 0.1243    recall@50 : 0.1837    ndcg@10 : 0.0494    ndcg@20 : 0.0592    ndcg@50 : 0.0714    
26 Oct 17:16    INFO  Saving current best: saved/DirectAU-Oct-26-2023_16-37-13.pth
26 Oct 17:16    INFO  epoch 61 training [time: 2.57s, train loss: -1.1091]
26 Oct 17:17    INFO  epoch 61 evaluating [time: 36.28s, valid_score: 0.059600]
26 Oct 17:17    INFO  valid result: 
recall@10 : 0.0873    recall@20 : 0.1248    recall@50 : 0.1829    ndcg@10 : 0.0498    ndcg@20 : 0.0596    ndcg@50 : 0.0715    
26 Oct 17:17    INFO  Saving current best: saved/DirectAU-Oct-26-2023_16-37-13.pth
26 Oct 17:17    INFO  epoch 62 training [time: 2.44s, train loss: -1.1105]
26 Oct 17:18    INFO  epoch 62 evaluating [time: 36.14s, valid_score: 0.059600]
26 Oct 17:18    INFO  valid result: 
recall@10 : 0.0875    recall@20 : 0.1251    recall@50 : 0.1844    ndcg@10 : 0.0497    ndcg@20 : 0.0596    ndcg@50 : 0.0717    
26 Oct 17:18    INFO  epoch 63 training [time: 2.64s, train loss: -1.1119]
26 Oct 17:18    INFO  epoch 63 evaluating [time: 37.06s, valid_score: 0.059800]
26 Oct 17:18    INFO  valid result: 
recall@10 : 0.0878    recall@20 : 0.1255    recall@50 : 0.1856    ndcg@10 : 0.05    ndcg@20 : 0.0598    ndcg@50 : 0.0721    
26 Oct 17:18    INFO  Saving current best: saved/DirectAU-Oct-26-2023_16-37-13.pth
26 Oct 17:18    INFO  epoch 64 training [time: 2.71s, train loss: -1.1134]
26 Oct 17:19    INFO  epoch 64 evaluating [time: 36.24s, valid_score: 0.060000]
26 Oct 17:19    INFO  valid result: 
recall@10 : 0.0888    recall@20 : 0.1254    recall@50 : 0.1853    ndcg@10 : 0.0504    ndcg@20 : 0.06    ndcg@50 : 0.0723    
26 Oct 17:19    INFO  Saving current best: saved/DirectAU-Oct-26-2023_16-37-13.pth
26 Oct 17:19    INFO  epoch 65 training [time: 2.65s, train loss: -1.1146]
26 Oct 17:20    INFO  epoch 65 evaluating [time: 36.53s, valid_score: 0.060700]
26 Oct 17:20    INFO  valid result: 
recall@10 : 0.0882    recall@20 : 0.1268    recall@50 : 0.1861    ndcg@10 : 0.0506    ndcg@20 : 0.0607    ndcg@50 : 0.0728    
26 Oct 17:20    INFO  Saving current best: saved/DirectAU-Oct-26-2023_16-37-13.pth
26 Oct 17:20    INFO  epoch 66 training [time: 2.56s, train loss: -1.1156]
26 Oct 17:20    INFO  epoch 66 evaluating [time: 36.54s, valid_score: 0.061000]
26 Oct 17:20    INFO  valid result: 
recall@10 : 0.0899    recall@20 : 0.1267    recall@50 : 0.1869    ndcg@10 : 0.0514    ndcg@20 : 0.061    ndcg@50 : 0.0733    
26 Oct 17:20    INFO  Saving current best: saved/DirectAU-Oct-26-2023_16-37-13.pth
26 Oct 17:20    INFO  epoch 67 training [time: 2.63s, train loss: -1.1170]
26 Oct 17:21    INFO  epoch 67 evaluating [time: 36.71s, valid_score: 0.061000]
26 Oct 17:21    INFO  valid result: 
recall@10 : 0.0894    recall@20 : 0.1274    recall@50 : 0.1867    ndcg@10 : 0.0512    ndcg@20 : 0.061    ndcg@50 : 0.0732    
26 Oct 17:21    INFO  epoch 68 training [time: 2.61s, train loss: -1.1177]
26 Oct 17:22    INFO  epoch 68 evaluating [time: 36.69s, valid_score: 0.061200]
26 Oct 17:22    INFO  valid result: 
recall@10 : 0.0882    recall@20 : 0.1279    recall@50 : 0.1875    ndcg@10 : 0.0508    ndcg@20 : 0.0612    ndcg@50 : 0.0734    
26 Oct 17:22    INFO  Saving current best: saved/DirectAU-Oct-26-2023_16-37-13.pth
26 Oct 17:22    INFO  epoch 69 training [time: 2.67s, train loss: -1.1188]
26 Oct 17:22    INFO  epoch 69 evaluating [time: 35.79s, valid_score: 0.061000]
26 Oct 17:22    INFO  valid result: 
recall@10 : 0.089    recall@20 : 0.1277    recall@50 : 0.1881    ndcg@10 : 0.0509    ndcg@20 : 0.061    ndcg@50 : 0.0734    
26 Oct 17:22    INFO  epoch 70 training [time: 2.69s, train loss: -1.1203]
26 Oct 17:23    INFO  epoch 70 evaluating [time: 36.64s, valid_score: 0.061000]
26 Oct 17:23    INFO  valid result: 
recall@10 : 0.089    recall@20 : 0.1275    recall@50 : 0.1878    ndcg@10 : 0.051    ndcg@20 : 0.061    ndcg@50 : 0.0734    
26 Oct 17:23    INFO  epoch 71 training [time: 2.69s, train loss: -1.1209]
26 Oct 17:24    INFO  epoch 71 evaluating [time: 36.10s, valid_score: 0.061300]
26 Oct 17:24    INFO  valid result: 
recall@10 : 0.0897    recall@20 : 0.1284    recall@50 : 0.1886    ndcg@10 : 0.0512    ndcg@20 : 0.0613    ndcg@50 : 0.0737    
26 Oct 17:24    INFO  Saving current best: saved/DirectAU-Oct-26-2023_16-37-13.pth
26 Oct 17:24    INFO  epoch 72 training [time: 2.68s, train loss: -1.1218]
26 Oct 17:24    INFO  epoch 72 evaluating [time: 36.62s, valid_score: 0.061500]
26 Oct 17:24    INFO  valid result: 
recall@10 : 0.0894    recall@20 : 0.1286    recall@50 : 0.1896    ndcg@10 : 0.0513    ndcg@20 : 0.0615    ndcg@50 : 0.074    
26 Oct 17:24    INFO  Saving current best: saved/DirectAU-Oct-26-2023_16-37-13.pth
26 Oct 17:24    INFO  epoch 73 training [time: 2.69s, train loss: -1.1226]
26 Oct 17:25    INFO  epoch 73 evaluating [time: 36.38s, valid_score: 0.061800]
26 Oct 17:25    INFO  valid result: 
recall@10 : 0.0907    recall@20 : 0.1294    recall@50 : 0.1896    ndcg@10 : 0.0517    ndcg@20 : 0.0618    ndcg@50 : 0.0741    
26 Oct 17:25    INFO  Saving current best: saved/DirectAU-Oct-26-2023_16-37-13.pth
26 Oct 17:25    INFO  epoch 74 training [time: 2.65s, train loss: -1.1233]
26 Oct 17:26    INFO  epoch 74 evaluating [time: 36.55s, valid_score: 0.061900]
26 Oct 17:26    INFO  valid result: 
recall@10 : 0.0901    recall@20 : 0.1295    recall@50 : 0.1906    ndcg@10 : 0.0516    ndcg@20 : 0.0619    ndcg@50 : 0.0744    
26 Oct 17:26    INFO  Saving current best: saved/DirectAU-Oct-26-2023_16-37-13.pth
26 Oct 17:26    INFO  epoch 75 training [time: 2.61s, train loss: -1.1241]
26 Oct 17:26    INFO  epoch 75 evaluating [time: 36.19s, valid_score: 0.061700]
26 Oct 17:26    INFO  valid result: 
recall@10 : 0.0907    recall@20 : 0.1297    recall@50 : 0.1911    ndcg@10 : 0.0516    ndcg@20 : 0.0617    ndcg@50 : 0.0743    
26 Oct 17:26    INFO  epoch 76 training [time: 2.67s, train loss: -1.1251]
26 Oct 17:27    INFO  epoch 76 evaluating [time: 36.43s, valid_score: 0.061900]
26 Oct 17:27    INFO  valid result: 
recall@10 : 0.0916    recall@20 : 0.1296    recall@50 : 0.1897    ndcg@10 : 0.052    ndcg@20 : 0.0619    ndcg@50 : 0.0743    
26 Oct 17:27    INFO  epoch 77 training [time: 2.77s, train loss: -1.1254]
26 Oct 17:27    INFO  epoch 77 evaluating [time: 36.22s, valid_score: 0.062300]
26 Oct 17:27    INFO  valid result: 
recall@10 : 0.0912    recall@20 : 0.1305    recall@50 : 0.1905    ndcg@10 : 0.0521    ndcg@20 : 0.0623    ndcg@50 : 0.0746    
26 Oct 17:27    INFO  Saving current best: saved/DirectAU-Oct-26-2023_16-37-13.pth
26 Oct 17:27    INFO  epoch 78 training [time: 2.66s, train loss: -1.1263]
26 Oct 17:28    INFO  epoch 78 evaluating [time: 37.02s, valid_score: 0.062500]
26 Oct 17:28    INFO  valid result: 
recall@10 : 0.0915    recall@20 : 0.1304    recall@50 : 0.1913    ndcg@10 : 0.0523    ndcg@20 : 0.0625    ndcg@50 : 0.075    
26 Oct 17:28    INFO  Saving current best: saved/DirectAU-Oct-26-2023_16-37-13.pth
26 Oct 17:28    INFO  epoch 79 training [time: 2.57s, train loss: -1.1267]
26 Oct 17:29    INFO  epoch 79 evaluating [time: 36.11s, valid_score: 0.062600]
26 Oct 17:29    INFO  valid result: 
recall@10 : 0.0925    recall@20 : 0.13    recall@50 : 0.1914    ndcg@10 : 0.0528    ndcg@20 : 0.0626    ndcg@50 : 0.0752    
26 Oct 17:29    INFO  Saving current best: saved/DirectAU-Oct-26-2023_16-37-13.pth
26 Oct 17:29    INFO  epoch 80 training [time: 2.66s, train loss: -1.1278]
26 Oct 17:29    INFO  epoch 80 evaluating [time: 36.55s, valid_score: 0.062700]
26 Oct 17:29    INFO  valid result: 
recall@10 : 0.0912    recall@20 : 0.1305    recall@50 : 0.1913    ndcg@10 : 0.0524    ndcg@20 : 0.0627    ndcg@50 : 0.0751    
26 Oct 17:29    INFO  Saving current best: saved/DirectAU-Oct-26-2023_16-37-13.pth
26 Oct 17:29    INFO  epoch 81 training [time: 2.73s, train loss: -1.1281]
26 Oct 17:30    INFO  epoch 81 evaluating [time: 36.26s, valid_score: 0.062800]
26 Oct 17:30    INFO  valid result: 
recall@10 : 0.0921    recall@20 : 0.1306    recall@50 : 0.191    ndcg@10 : 0.0527    ndcg@20 : 0.0628    ndcg@50 : 0.0752    
26 Oct 17:30    INFO  Saving current best: saved/DirectAU-Oct-26-2023_16-37-13.pth
26 Oct 17:30    INFO  epoch 82 training [time: 2.68s, train loss: -1.1287]
26 Oct 17:31    INFO  epoch 82 evaluating [time: 36.60s, valid_score: 0.062600]
26 Oct 17:31    INFO  valid result: 
recall@10 : 0.0922    recall@20 : 0.131    recall@50 : 0.1911    ndcg@10 : 0.0524    ndcg@20 : 0.0626    ndcg@50 : 0.0749    
26 Oct 17:31    INFO  epoch 83 training [time: 2.60s, train loss: -1.1292]
26 Oct 17:31    INFO  epoch 83 evaluating [time: 37.16s, valid_score: 0.062900]
26 Oct 17:31    INFO  valid result: 
recall@10 : 0.0928    recall@20 : 0.1314    recall@50 : 0.1926    ndcg@10 : 0.0528    ndcg@20 : 0.0629    ndcg@50 : 0.0754    
26 Oct 17:31    INFO  Saving current best: saved/DirectAU-Oct-26-2023_16-37-13.pth
26 Oct 17:31    INFO  epoch 84 training [time: 2.69s, train loss: -1.1298]
26 Oct 17:32    INFO  epoch 84 evaluating [time: 36.37s, valid_score: 0.062800]
26 Oct 17:32    INFO  valid result: 
recall@10 : 0.0923    recall@20 : 0.1313    recall@50 : 0.1929    ndcg@10 : 0.0527    ndcg@20 : 0.0628    ndcg@50 : 0.0754    
26 Oct 17:32    INFO  epoch 85 training [time: 2.69s, train loss: -1.1302]
26 Oct 17:33    INFO  epoch 85 evaluating [time: 36.73s, valid_score: 0.062700]
26 Oct 17:33    INFO  valid result: 
recall@10 : 0.0924    recall@20 : 0.1312    recall@50 : 0.1931    ndcg@10 : 0.0526    ndcg@20 : 0.0627    ndcg@50 : 0.0754    
26 Oct 17:33    INFO  epoch 86 training [time: 2.67s, train loss: -1.1308]
26 Oct 17:33    INFO  epoch 86 evaluating [time: 36.57s, valid_score: 0.062500]
26 Oct 17:33    INFO  valid result: 
recall@10 : 0.0925    recall@20 : 0.1313    recall@50 : 0.1941    ndcg@10 : 0.0524    ndcg@20 : 0.0625    ndcg@50 : 0.0754    
26 Oct 17:33    INFO  epoch 87 training [time: 2.63s, train loss: -1.1311]
26 Oct 17:34    INFO  epoch 87 evaluating [time: 37.13s, valid_score: 0.062700]
26 Oct 17:34    INFO  valid result: 
recall@10 : 0.0928    recall@20 : 0.1315    recall@50 : 0.1935    ndcg@10 : 0.0526    ndcg@20 : 0.0627    ndcg@50 : 0.0754    
26 Oct 17:34    INFO  epoch 88 training [time: 2.81s, train loss: -1.1315]
26 Oct 17:35    INFO  epoch 88 evaluating [time: 36.24s, valid_score: 0.063100]
26 Oct 17:35    INFO  valid result: 
recall@10 : 0.0926    recall@20 : 0.1317    recall@50 : 0.1935    ndcg@10 : 0.0528    ndcg@20 : 0.0631    ndcg@50 : 0.0757    
26 Oct 17:35    INFO  Saving current best: saved/DirectAU-Oct-26-2023_16-37-13.pth
26 Oct 17:35    INFO  epoch 89 training [time: 2.84s, train loss: -1.1317]
26 Oct 17:35    INFO  epoch 89 evaluating [time: 36.67s, valid_score: 0.063100]
26 Oct 17:35    INFO  valid result: 
recall@10 : 0.0931    recall@20 : 0.1318    recall@50 : 0.193    ndcg@10 : 0.053    ndcg@20 : 0.0631    ndcg@50 : 0.0757    
26 Oct 17:35    INFO  epoch 90 training [time: 2.96s, train loss: -1.1320]
26 Oct 17:36    INFO  epoch 90 evaluating [time: 36.08s, valid_score: 0.063400]
26 Oct 17:36    INFO  valid result: 
recall@10 : 0.0938    recall@20 : 0.1321    recall@50 : 0.1925    ndcg@10 : 0.0534    ndcg@20 : 0.0634    ndcg@50 : 0.0758    
26 Oct 17:36    INFO  Saving current best: saved/DirectAU-Oct-26-2023_16-37-13.pth
26 Oct 17:36    INFO  epoch 91 training [time: 3.01s, train loss: -1.1324]
26 Oct 17:37    INFO  epoch 91 evaluating [time: 36.07s, valid_score: 0.063100]
26 Oct 17:37    INFO  valid result: 
recall@10 : 0.0928    recall@20 : 0.1318    recall@50 : 0.1937    ndcg@10 : 0.0529    ndcg@20 : 0.0631    ndcg@50 : 0.0758    
26 Oct 17:37    INFO  epoch 92 training [time: 3.02s, train loss: -1.1327]
26 Oct 17:37    INFO  epoch 92 evaluating [time: 35.83s, valid_score: 0.063700]
26 Oct 17:37    INFO  valid result: 
recall@10 : 0.0941    recall@20 : 0.1322    recall@50 : 0.1941    ndcg@10 : 0.0538    ndcg@20 : 0.0637    ndcg@50 : 0.0764    
26 Oct 17:37    INFO  Saving current best: saved/DirectAU-Oct-26-2023_16-37-13.pth
26 Oct 17:37    INFO  epoch 93 training [time: 3.04s, train loss: -1.1332]
26 Oct 17:38    INFO  epoch 93 evaluating [time: 36.12s, valid_score: 0.063800]
26 Oct 17:38    INFO  valid result: 
recall@10 : 0.0935    recall@20 : 0.1326    recall@50 : 0.1941    ndcg@10 : 0.0535    ndcg@20 : 0.0638    ndcg@50 : 0.0764    
26 Oct 17:38    INFO  Saving current best: saved/DirectAU-Oct-26-2023_16-37-13.pth
26 Oct 17:38    INFO  epoch 94 training [time: 3.01s, train loss: -1.1333]
26 Oct 17:39    INFO  epoch 94 evaluating [time: 35.90s, valid_score: 0.063600]
26 Oct 17:39    INFO  valid result: 
recall@10 : 0.0938    recall@20 : 0.1325    recall@50 : 0.1945    ndcg@10 : 0.0535    ndcg@20 : 0.0636    ndcg@50 : 0.0763    
26 Oct 17:39    INFO  epoch 95 training [time: 3.02s, train loss: -1.1337]
26 Oct 17:39    INFO  epoch 95 evaluating [time: 36.24s, valid_score: 0.063500]
26 Oct 17:39    INFO  valid result: 
recall@10 : 0.0941    recall@20 : 0.1326    recall@50 : 0.1947    ndcg@10 : 0.0534    ndcg@20 : 0.0635    ndcg@50 : 0.0762    
26 Oct 17:39    INFO  epoch 96 training [time: 3.06s, train loss: -1.1341]
26 Oct 17:40    INFO  epoch 96 evaluating [time: 35.82s, valid_score: 0.063900]
26 Oct 17:40    INFO  valid result: 
recall@10 : 0.095    recall@20 : 0.1337    recall@50 : 0.1944    ndcg@10 : 0.0538    ndcg@20 : 0.0639    ndcg@50 : 0.0763    
26 Oct 17:40    INFO  Saving current best: saved/DirectAU-Oct-26-2023_16-37-13.pth
26 Oct 17:40    INFO  epoch 97 training [time: 3.02s, train loss: -1.1342]
26 Oct 17:41    INFO  epoch 97 evaluating [time: 36.19s, valid_score: 0.064000]
26 Oct 17:41    INFO  valid result: 
recall@10 : 0.0951    recall@20 : 0.1335    recall@50 : 0.1954    ndcg@10 : 0.054    ndcg@20 : 0.064    ndcg@50 : 0.0767    
26 Oct 17:41    INFO  Saving current best: saved/DirectAU-Oct-26-2023_16-37-13.pth
26 Oct 17:41    INFO  epoch 98 training [time: 3.02s, train loss: -1.1348]
26 Oct 17:41    INFO  epoch 98 evaluating [time: 35.92s, valid_score: 0.063800]
26 Oct 17:41    INFO  valid result: 
recall@10 : 0.0946    recall@20 : 0.133    recall@50 : 0.1944    ndcg@10 : 0.0537    ndcg@20 : 0.0638    ndcg@50 : 0.0764    
26 Oct 17:41    INFO  epoch 99 training [time: 3.17s, train loss: -1.1342]
26 Oct 17:42    INFO  epoch 99 evaluating [time: 36.30s, valid_score: 0.063900]
26 Oct 17:42    INFO  valid result: 
recall@10 : 0.0955    recall@20 : 0.1335    recall@50 : 0.1948    ndcg@10 : 0.054    ndcg@20 : 0.0639    ndcg@50 : 0.0764    
26 Oct 17:42    INFO  epoch 100 training [time: 3.08s, train loss: -1.1347]
26 Oct 17:42    INFO  epoch 100 evaluating [time: 35.83s, valid_score: 0.064100]
26 Oct 17:42    INFO  valid result: 
recall@10 : 0.0958    recall@20 : 0.1333    recall@50 : 0.1944    ndcg@10 : 0.0543    ndcg@20 : 0.0641    ndcg@50 : 0.0765    
26 Oct 17:42    INFO  Saving current best: saved/DirectAU-Oct-26-2023_16-37-13.pth
26 Oct 17:43    INFO  epoch 101 training [time: 3.03s, train loss: -1.1351]
26 Oct 17:43    INFO  epoch 101 evaluating [time: 36.16s, valid_score: 0.064100]
26 Oct 17:43    INFO  valid result: 
recall@10 : 0.0951    recall@20 : 0.1332    recall@50 : 0.1946    ndcg@10 : 0.0541    ndcg@20 : 0.0641    ndcg@50 : 0.0767    
26 Oct 17:43    INFO  epoch 102 training [time: 3.03s, train loss: -1.1355]
26 Oct 17:44    INFO  epoch 102 evaluating [time: 35.94s, valid_score: 0.064100]
26 Oct 17:44    INFO  valid result: 
recall@10 : 0.0946    recall@20 : 0.1329    recall@50 : 0.1948    ndcg@10 : 0.0541    ndcg@20 : 0.0641    ndcg@50 : 0.0768    
26 Oct 17:44    INFO  epoch 103 training [time: 2.97s, train loss: -1.1360]
26 Oct 17:44    INFO  epoch 103 evaluating [time: 35.84s, valid_score: 0.064600]
26 Oct 17:44    INFO  valid result: 
recall@10 : 0.095    recall@20 : 0.1345    recall@50 : 0.1958    ndcg@10 : 0.0543    ndcg@20 : 0.0646    ndcg@50 : 0.0772    
26 Oct 17:44    INFO  Saving current best: saved/DirectAU-Oct-26-2023_16-37-13.pth
26 Oct 17:44    INFO  epoch 104 training [time: 2.97s, train loss: -1.1358]
26 Oct 17:45    INFO  epoch 104 evaluating [time: 36.10s, valid_score: 0.064300]
26 Oct 17:45    INFO  valid result: 
recall@10 : 0.0956    recall@20 : 0.1339    recall@50 : 0.1959    ndcg@10 : 0.0543    ndcg@20 : 0.0643    ndcg@50 : 0.077    
26 Oct 17:45    INFO  epoch 105 training [time: 3.03s, train loss: -1.1360]
26 Oct 17:46    INFO  epoch 105 evaluating [time: 35.86s, valid_score: 0.064200]
26 Oct 17:46    INFO  valid result: 
recall@10 : 0.0952    recall@20 : 0.1334    recall@50 : 0.1951    ndcg@10 : 0.0542    ndcg@20 : 0.0642    ndcg@50 : 0.0768    
26 Oct 17:46    INFO  epoch 106 training [time: 3.09s, train loss: -1.1367]
26 Oct 17:46    INFO  epoch 106 evaluating [time: 36.31s, valid_score: 0.064600]
26 Oct 17:46    INFO  valid result: 
recall@10 : 0.0951    recall@20 : 0.1341    recall@50 : 0.1952    ndcg@10 : 0.0544    ndcg@20 : 0.0646    ndcg@50 : 0.0771    
26 Oct 17:46    INFO  epoch 107 training [time: 3.14s, train loss: -1.1361]
26 Oct 17:47    INFO  epoch 107 evaluating [time: 35.80s, valid_score: 0.064200]
26 Oct 17:47    INFO  valid result: 
recall@10 : 0.0954    recall@20 : 0.134    recall@50 : 0.1963    ndcg@10 : 0.0541    ndcg@20 : 0.0642    ndcg@50 : 0.077    
26 Oct 17:47    INFO  epoch 108 training [time: 2.99s, train loss: -1.1365]
26 Oct 17:48    INFO  epoch 108 evaluating [time: 36.36s, valid_score: 0.064800]
26 Oct 17:48    INFO  valid result: 
recall@10 : 0.095    recall@20 : 0.1344    recall@50 : 0.1964    ndcg@10 : 0.0545    ndcg@20 : 0.0648    ndcg@50 : 0.0775    
26 Oct 17:48    INFO  Saving current best: saved/DirectAU-Oct-26-2023_16-37-13.pth
26 Oct 17:48    INFO  epoch 109 training [time: 2.91s, train loss: -1.1367]
26 Oct 17:48    INFO  epoch 109 evaluating [time: 36.12s, valid_score: 0.064200]
26 Oct 17:48    INFO  valid result: 
recall@10 : 0.0952    recall@20 : 0.1342    recall@50 : 0.1967    ndcg@10 : 0.054    ndcg@20 : 0.0642    ndcg@50 : 0.077    
26 Oct 17:48    INFO  epoch 110 training [time: 3.14s, train loss: -1.1368]
26 Oct 17:49    INFO  epoch 110 evaluating [time: 36.17s, valid_score: 0.064400]
26 Oct 17:49    INFO  valid result: 
recall@10 : 0.0956    recall@20 : 0.1352    recall@50 : 0.1961    ndcg@10 : 0.054    ndcg@20 : 0.0644    ndcg@50 : 0.0768    
26 Oct 17:49    INFO  epoch 111 training [time: 3.02s, train loss: -1.1374]
26 Oct 17:50    INFO  epoch 111 evaluating [time: 35.99s, valid_score: 0.064700]
26 Oct 17:50    INFO  valid result: 
recall@10 : 0.0956    recall@20 : 0.135    recall@50 : 0.1967    ndcg@10 : 0.0544    ndcg@20 : 0.0647    ndcg@50 : 0.0773    
26 Oct 17:50    INFO  epoch 112 training [time: 3.04s, train loss: -1.1373]
26 Oct 17:50    INFO  epoch 112 evaluating [time: 36.27s, valid_score: 0.064500]
26 Oct 17:50    INFO  valid result: 
recall@10 : 0.0949    recall@20 : 0.1347    recall@50 : 0.1971    ndcg@10 : 0.0541    ndcg@20 : 0.0645    ndcg@50 : 0.0772    
26 Oct 17:50    INFO  epoch 113 training [time: 3.04s, train loss: -1.1375]
26 Oct 17:51    INFO  epoch 113 evaluating [time: 35.97s, valid_score: 0.064900]
26 Oct 17:51    INFO  valid result: 
recall@10 : 0.0962    recall@20 : 0.1348    recall@50 : 0.1965    ndcg@10 : 0.0548    ndcg@20 : 0.0649    ndcg@50 : 0.0776    
26 Oct 17:51    INFO  Saving current best: saved/DirectAU-Oct-26-2023_16-37-13.pth
26 Oct 17:51    INFO  epoch 114 training [time: 3.03s, train loss: -1.1378]
26 Oct 17:52    INFO  epoch 114 evaluating [time: 36.23s, valid_score: 0.064700]
26 Oct 17:52    INFO  valid result: 
recall@10 : 0.0966    recall@20 : 0.1357    recall@50 : 0.1968    ndcg@10 : 0.0545    ndcg@20 : 0.0647    ndcg@50 : 0.0772    
26 Oct 17:52    INFO  epoch 115 training [time: 2.97s, train loss: -1.1381]
26 Oct 17:52    INFO  epoch 115 evaluating [time: 35.88s, valid_score: 0.064700]
26 Oct 17:52    INFO  valid result: 
recall@10 : 0.0962    recall@20 : 0.1348    recall@50 : 0.1978    ndcg@10 : 0.0546    ndcg@20 : 0.0647    ndcg@50 : 0.0776    
26 Oct 17:52    INFO  epoch 116 training [time: 3.01s, train loss: -1.1382]
26 Oct 17:53    INFO  epoch 116 evaluating [time: 36.18s, valid_score: 0.064700]
26 Oct 17:53    INFO  valid result: 
recall@10 : 0.0955    recall@20 : 0.1349    recall@50 : 0.198    ndcg@10 : 0.0544    ndcg@20 : 0.0647    ndcg@50 : 0.0776    
26 Oct 17:53    INFO  epoch 117 training [time: 3.04s, train loss: -1.1376]
26 Oct 17:54    INFO  epoch 117 evaluating [time: 36.15s, valid_score: 0.064800]
26 Oct 17:54    INFO  valid result: 
recall@10 : 0.0959    recall@20 : 0.1353    recall@50 : 0.1981    ndcg@10 : 0.0545    ndcg@20 : 0.0648    ndcg@50 : 0.0777    
26 Oct 17:54    INFO  epoch 118 training [time: 2.95s, train loss: -1.1378]
26 Oct 17:54    INFO  epoch 118 evaluating [time: 35.90s, valid_score: 0.064900]
26 Oct 17:54    INFO  valid result: 
recall@10 : 0.0955    recall@20 : 0.1353    recall@50 : 0.1978    ndcg@10 : 0.0545    ndcg@20 : 0.0649    ndcg@50 : 0.0777    
26 Oct 17:54    INFO  epoch 119 training [time: 3.02s, train loss: -1.1383]
26 Oct 17:55    INFO  epoch 119 evaluating [time: 36.09s, valid_score: 0.065100]
26 Oct 17:55    INFO  valid result: 
recall@10 : 0.0961    recall@20 : 0.1356    recall@50 : 0.1982    ndcg@10 : 0.0548    ndcg@20 : 0.0651    ndcg@50 : 0.0779    
26 Oct 17:55    INFO  Saving current best: saved/DirectAU-Oct-26-2023_16-37-13.pth
26 Oct 17:55    INFO  epoch 120 training [time: 2.96s, train loss: -1.1385]
26 Oct 17:56    INFO  epoch 120 evaluating [time: 35.82s, valid_score: 0.064700]
26 Oct 17:56    INFO  valid result: 
recall@10 : 0.0957    recall@20 : 0.1351    recall@50 : 0.1985    ndcg@10 : 0.0544    ndcg@20 : 0.0647    ndcg@50 : 0.0777    
26 Oct 17:56    INFO  epoch 121 training [time: 2.89s, train loss: -1.1386]
26 Oct 17:56    INFO  epoch 121 evaluating [time: 36.16s, valid_score: 0.064900]
26 Oct 17:56    INFO  valid result: 
recall@10 : 0.0959    recall@20 : 0.1355    recall@50 : 0.1976    ndcg@10 : 0.0545    ndcg@20 : 0.0649    ndcg@50 : 0.0776    
26 Oct 17:56    INFO  epoch 122 training [time: 3.02s, train loss: -1.1391]
26 Oct 17:57    INFO  epoch 122 evaluating [time: 35.83s, valid_score: 0.064800]
26 Oct 17:57    INFO  valid result: 
recall@10 : 0.0961    recall@20 : 0.1355    recall@50 : 0.198    ndcg@10 : 0.0545    ndcg@20 : 0.0648    ndcg@50 : 0.0775    
26 Oct 17:57    INFO  epoch 123 training [time: 3.00s, train loss: -1.1387]
26 Oct 17:57    INFO  epoch 123 evaluating [time: 36.29s, valid_score: 0.064800]
26 Oct 17:57    INFO  valid result: 
recall@10 : 0.0966    recall@20 : 0.1352    recall@50 : 0.198    ndcg@10 : 0.0547    ndcg@20 : 0.0648    ndcg@50 : 0.0777    
26 Oct 17:58    INFO  epoch 124 training [time: 3.05s, train loss: -1.1392]
26 Oct 17:58    INFO  epoch 124 evaluating [time: 36.00s, valid_score: 0.065200]
26 Oct 17:58    INFO  valid result: 
recall@10 : 0.0966    recall@20 : 0.1361    recall@50 : 0.1972    ndcg@10 : 0.055    ndcg@20 : 0.0652    ndcg@50 : 0.0778    
26 Oct 17:58    INFO  Saving current best: saved/DirectAU-Oct-26-2023_16-37-13.pth
26 Oct 17:58    INFO  epoch 125 training [time: 3.01s, train loss: -1.1390]
26 Oct 17:59    INFO  epoch 125 evaluating [time: 36.18s, valid_score: 0.064900]
26 Oct 17:59    INFO  valid result: 
recall@10 : 0.0962    recall@20 : 0.1362    recall@50 : 0.1977    ndcg@10 : 0.0545    ndcg@20 : 0.0649    ndcg@50 : 0.0775    
26 Oct 17:59    INFO  epoch 126 training [time: 2.89s, train loss: -1.1390]
26 Oct 17:59    INFO  epoch 126 evaluating [time: 35.82s, valid_score: 0.064800]
26 Oct 17:59    INFO  valid result: 
recall@10 : 0.0968    recall@20 : 0.1351    recall@50 : 0.1986    ndcg@10 : 0.0547    ndcg@20 : 0.0648    ndcg@50 : 0.0778    
26 Oct 17:59    INFO  epoch 127 training [time: 3.34s, train loss: -1.1391]
26 Oct 18:00    INFO  epoch 127 evaluating [time: 36.17s, valid_score: 0.065000]
26 Oct 18:00    INFO  valid result: 
recall@10 : 0.0964    recall@20 : 0.1354    recall@50 : 0.1987    ndcg@10 : 0.0548    ndcg@20 : 0.065    ndcg@50 : 0.0779    
26 Oct 18:00    INFO  epoch 128 training [time: 2.99s, train loss: -1.1394]
26 Oct 18:01    INFO  epoch 128 evaluating [time: 35.85s, valid_score: 0.065300]
26 Oct 18:01    INFO  valid result: 
recall@10 : 0.0966    recall@20 : 0.1363    recall@50 : 0.1987    ndcg@10 : 0.0549    ndcg@20 : 0.0653    ndcg@50 : 0.078    
26 Oct 18:01    INFO  Saving current best: saved/DirectAU-Oct-26-2023_16-37-13.pth
26 Oct 18:01    INFO  epoch 129 training [time: 2.97s, train loss: -1.1395]
26 Oct 18:01    INFO  epoch 129 evaluating [time: 36.13s, valid_score: 0.065300]
26 Oct 18:01    INFO  valid result: 
recall@10 : 0.097    recall@20 : 0.1358    recall@50 : 0.1996    ndcg@10 : 0.0551    ndcg@20 : 0.0653    ndcg@50 : 0.0783    
26 Oct 18:01    INFO  epoch 130 training [time: 2.95s, train loss: -1.1397]
26 Oct 18:02    INFO  epoch 130 evaluating [time: 35.89s, valid_score: 0.065400]
26 Oct 18:02    INFO  valid result: 
recall@10 : 0.0968    recall@20 : 0.1356    recall@50 : 0.1993    ndcg@10 : 0.0552    ndcg@20 : 0.0654    ndcg@50 : 0.0784    
26 Oct 18:02    INFO  Saving current best: saved/DirectAU-Oct-26-2023_16-37-13.pth
26 Oct 18:02    INFO  epoch 131 training [time: 3.02s, train loss: -1.1398]
26 Oct 18:03    INFO  epoch 131 evaluating [time: 36.27s, valid_score: 0.065300]
26 Oct 18:03    INFO  valid result: 
recall@10 : 0.0972    recall@20 : 0.1358    recall@50 : 0.1991    ndcg@10 : 0.0553    ndcg@20 : 0.0653    ndcg@50 : 0.0783    
26 Oct 18:03    INFO  epoch 132 training [time: 3.06s, train loss: -1.1400]
26 Oct 18:03    INFO  epoch 132 evaluating [time: 35.86s, valid_score: 0.065700]
26 Oct 18:03    INFO  valid result: 
recall@10 : 0.0974    recall@20 : 0.1369    recall@50 : 0.1992    ndcg@10 : 0.0554    ndcg@20 : 0.0657    ndcg@50 : 0.0784    
26 Oct 18:03    INFO  Saving current best: saved/DirectAU-Oct-26-2023_16-37-13.pth
26 Oct 18:03    INFO  epoch 133 training [time: 3.09s, train loss: -1.1398]
26 Oct 18:04    INFO  epoch 133 evaluating [time: 36.10s, valid_score: 0.065500]
26 Oct 18:04    INFO  valid result: 
recall@10 : 0.097    recall@20 : 0.1366    recall@50 : 0.1995    ndcg@10 : 0.0551    ndcg@20 : 0.0655    ndcg@50 : 0.0783    
26 Oct 18:04    INFO  epoch 134 training [time: 2.94s, train loss: -1.1401]
26 Oct 18:05    INFO  epoch 134 evaluating [time: 35.84s, valid_score: 0.065400]
26 Oct 18:05    INFO  valid result: 
recall@10 : 0.0973    recall@20 : 0.1356    recall@50 : 0.1993    ndcg@10 : 0.0554    ndcg@20 : 0.0654    ndcg@50 : 0.0785    
26 Oct 18:05    INFO  epoch 135 training [time: 2.88s, train loss: -1.1400]
26 Oct 18:05    INFO  epoch 135 evaluating [time: 36.25s, valid_score: 0.064900]
26 Oct 18:05    INFO  valid result: 
recall@10 : 0.0964    recall@20 : 0.1356    recall@50 : 0.2004    ndcg@10 : 0.0547    ndcg@20 : 0.0649    ndcg@50 : 0.0782    
26 Oct 18:05    INFO  epoch 136 training [time: 3.06s, train loss: -1.1405]
26 Oct 18:06    INFO  epoch 136 evaluating [time: 35.89s, valid_score: 0.065200]
26 Oct 18:06    INFO  valid result: 
recall@10 : 0.097    recall@20 : 0.1363    recall@50 : 0.1991    ndcg@10 : 0.0549    ndcg@20 : 0.0652    ndcg@50 : 0.078    
26 Oct 18:06    INFO  epoch 137 training [time: 2.94s, train loss: -1.1402]
26 Oct 18:07    INFO  epoch 137 evaluating [time: 35.86s, valid_score: 0.065300]
26 Oct 18:07    INFO  valid result: 
recall@10 : 0.098    recall@20 : 0.1364    recall@50 : 0.1998    ndcg@10 : 0.0553    ndcg@20 : 0.0653    ndcg@50 : 0.0783    
26 Oct 18:07    INFO  epoch 138 training [time: 2.87s, train loss: -1.1402]
26 Oct 18:07    INFO  epoch 138 evaluating [time: 36.15s, valid_score: 0.065500]
26 Oct 18:07    INFO  valid result: 
recall@10 : 0.0975    recall@20 : 0.1365    recall@50 : 0.1996    ndcg@10 : 0.0553    ndcg@20 : 0.0655    ndcg@50 : 0.0785    
26 Oct 18:07    INFO  epoch 139 training [time: 2.97s, train loss: -1.1403]
26 Oct 18:08    INFO  epoch 139 evaluating [time: 35.63s, valid_score: 0.065400]
26 Oct 18:08    INFO  valid result: 
recall@10 : 0.0965    recall@20 : 0.1362    recall@50 : 0.2005    ndcg@10 : 0.055    ndcg@20 : 0.0654    ndcg@50 : 0.0786    
26 Oct 18:08    INFO  epoch 140 training [time: 2.93s, train loss: -1.1406]
26 Oct 18:09    INFO  epoch 140 evaluating [time: 36.02s, valid_score: 0.065500]
26 Oct 18:09    INFO  valid result: 
recall@10 : 0.0976    recall@20 : 0.1363    recall@50 : 0.2002    ndcg@10 : 0.0554    ndcg@20 : 0.0655    ndcg@50 : 0.0786    
26 Oct 18:09    INFO  epoch 141 training [time: 3.19s, train loss: -1.1407]
26 Oct 18:09    INFO  epoch 141 evaluating [time: 35.65s, valid_score: 0.065300]
26 Oct 18:09    INFO  valid result: 
recall@10 : 0.0975    recall@20 : 0.1366    recall@50 : 0.2008    ndcg@10 : 0.0551    ndcg@20 : 0.0653    ndcg@50 : 0.0784    
26 Oct 18:09    INFO  epoch 142 training [time: 3.00s, train loss: -1.1408]
26 Oct 18:10    INFO  epoch 142 evaluating [time: 35.93s, valid_score: 0.065600]
26 Oct 18:10    INFO  valid result: 
recall@10 : 0.0981    recall@20 : 0.1362    recall@50 : 0.1998    ndcg@10 : 0.0556    ndcg@20 : 0.0656    ndcg@50 : 0.0786    
26 Oct 18:10    INFO  epoch 143 training [time: 3.01s, train loss: -1.1406]
26 Oct 18:10    INFO  epoch 143 evaluating [time: 35.80s, valid_score: 0.065600]
26 Oct 18:10    INFO  valid result: 
recall@10 : 0.0983    recall@20 : 0.1368    recall@50 : 0.1998    ndcg@10 : 0.0555    ndcg@20 : 0.0656    ndcg@50 : 0.0785    
26 Oct 18:10    INFO  Finished training, best eval result in epoch 132
26 Oct 18:10    INFO  Loading model structure and parameters from saved/DirectAU-Oct-26-2023_16-37-13.pth
26 Oct 18:11    INFO  best valid : {'recall@10': 0.0974, 'recall@20': 0.1369, 'recall@50': 0.1992, 'ndcg@10': 0.0554, 'ndcg@20': 0.0657, 'ndcg@50': 0.0784}
26 Oct 18:11    INFO  test result: {'recall@10': 0.0989, 'recall@20': 0.1378, 'recall@50': 0.204, 'ndcg@10': 0.0577, 'ndcg@20': 0.0678, 'ndcg@50': 0.0814}
