command line args [--zc 1] will not be used in RecBole
26 Oct 16:03    INFO  
General Hyper Parameters:
gpu_id = 3
use_gpu = True
seed = 0
state = INFO
reproducibility = True
data_path = dataset/Yelp
show_progress = False

Training Hyper Parameters:
checkpoint_dir = saved
epochs = 500
train_batch_size = 1024
learner = adam
learning_rate = 0.001
training_neg_sample_num = 0
training_neg_sample_distribution = uniform
eval_step = 1
stopping_step = 10
clip_grad_norm = None
weight_decay = 1e-06
draw_loss_pic = False
loss_decimal_place = 4

Evaluation Hyper Parameters:
eval_setting = RO_RS,full
group_by_user = True
split_ratio = [0.8, 0.1, 0.1]
leave_one_num = 2
real_time_process = False
metrics = ['Recall', 'NDCG']
topk = [10, 20, 50]
valid_metric = NDCG@20
eval_batch_size = 4096
metric_decimal_place = 4

Dataset Hyper Parameters:
field_separator = 	
seq_separator =  
USER_ID_FIELD = user_id
ITEM_ID_FIELD = item_id
RATING_FIELD = rating
TIME_FIELD = timestamp
seq_len = None
LABEL_FIELD = label
threshold = None
NEG_PREFIX = neg_
load_col = {'inter': ['user_id', 'item_id', 'timestamp']}
unload_col = None
unused_col = None
additional_feat_suffix = None
lowest_val = None
highest_val = None
equal_val = None
not_equal_val = None
max_user_inter_num = None
min_user_inter_num = 5
max_item_inter_num = None
min_item_inter_num = 5
fields_in_same_space = None
preload_weight = None
normalize_field = None
normalize_all = None
ITEM_LIST_LENGTH_FIELD = item_length
LIST_SUFFIX = _list
MAX_ITEM_LIST_LENGTH = 50
POSITION_FIELD = position_id
HEAD_ENTITY_ID_FIELD = head_id
TAIL_ENTITY_ID_FIELD = tail_id
RELATION_ID_FIELD = relation_id
ENTITY_ID_FIELD = entity_id

Other Hyper Parameters: 
valid_metric_bigger = True
BT = 0.1
bt = 0.001
embedding_size = 64
encoder = MF
gamma = 0.5
times = 1
witem = 0.1
wuser = 0.8
zc = 1.0
rm_dup_inter = None
filter_inter_by_user_or_item = True
SOURCE_ID_FIELD = source_id
TARGET_ID_FIELD = target_id
benchmark_filename = None
MODEL_TYPE = ModelType.GENERAL
MODEL_INPUT_TYPE = InputType.POINTWISE
eval_type = EvaluatorType.RANKING
device = cuda
train_neg_sample_args = {'strategy': 'none'}


26 Oct 16:03    INFO  Yelp
The number of users: 31669
Average actions of users: 49.305481874447395
The number of items: 38049
Average actions of items: 41.037794365012616
The number of inters: 1561406
The sparsity of the dataset: 99.87041991912021%
Remain Fields: ['user_id', 'item_id']
26 Oct 16:03    INFO  Build [GeneralDataLoader] for [train] with format [InputType.POINTWISE]
26 Oct 16:03    INFO  [train] No Negative Sampling
26 Oct 16:03    INFO  [train] batch_size = [1024], shuffle = [True]

26 Oct 16:03    INFO  Build [GeneralFullDataLoader] for [evaluation] with format [InputType.POINTWISE]
26 Oct 16:03    INFO  Evaluation Setting:
	Group by user_id
	Ordering: {'strategy': 'shuffle'}
	Splitting: {'strategy': 'by_ratio', 'ratios': [0.8, 0.1, 0.1]}
	Negative Sampling: {'strategy': 'full', 'distribution': 'uniform'}
26 Oct 16:03    INFO  [evaluation] batch_size = [4096], shuffle = [False]

26 Oct 16:03    WARNING  Batch size is changed to 38049.
26 Oct 16:03    WARNING  Batch size is changed to 38049.
{'BT': 0.1, 'bt': 0.001, 'embedding_size': 64, 'encoder': 'MF', 'gamma': None, 'times': 1, 'training_neg_sample_num': 0, 'witem': 0.1, 'wuser': 0.8, 'zc': 1.0}
this is encoder MF...
这是directau 的 WUBT 版本...
26 Oct 16:03    INFO  DirectAU(
  (encoder): MFEncoder(
    (user_embedding): Embedding(31669, 64)
    (item_embedding): Embedding(38049, 64)
  )
  (bn): BatchNorm1d(64, eps=1e-05, momentum=0.1, affine=False, track_running_stats=True)
  (projector): Sequential(
    (0): Linear(in_features=64, out_features=64, bias=False)
    (1): BatchNorm1d(64, eps=1e-05, momentum=0.1, affine=True, track_running_stats=True)
    (2): ReLU(inplace=True)
    (3): Linear(in_features=64, out_features=64, bias=False)
    (4): BatchNorm1d(64, eps=1e-05, momentum=0.1, affine=True, track_running_stats=True)
    (5): ReLU(inplace=True)
    (6): Linear(in_features=64, out_features=64, bias=False)
  )
)
Trainable parameters: 4474496
26 Oct 16:04    INFO  epoch 0 training [time: 48.34s, train loss: -0.1324]
26 Oct 16:05    INFO  epoch 0 evaluating [time: 67.88s, valid_score: 0.022100]
26 Oct 16:05    INFO  valid result: 
recall@10 : 0.0207    recall@20 : 0.0362    recall@50 : 0.0733    ndcg@10 : 0.0166    ndcg@20 : 0.0221    ndcg@50 : 0.0332    
26 Oct 16:05    INFO  Saving current best: saved/DirectAU-Oct-26-2023_16-03-30.pth
26 Oct 16:06    INFO  epoch 1 training [time: 44.99s, train loss: -0.4947]
26 Oct 16:07    INFO  epoch 1 evaluating [time: 61.53s, valid_score: 0.033100]
26 Oct 16:07    INFO  valid result: 
recall@10 : 0.0318    recall@20 : 0.0548    recall@50 : 0.1047    ndcg@10 : 0.0252    ndcg@20 : 0.0331    ndcg@50 : 0.0478    
26 Oct 16:07    INFO  Saving current best: saved/DirectAU-Oct-26-2023_16-03-30.pth
26 Oct 16:08    INFO  epoch 2 training [time: 51.23s, train loss: -0.5688]
26 Oct 16:09    INFO  epoch 2 evaluating [time: 62.20s, valid_score: 0.037400]
26 Oct 16:09    INFO  valid result: 
recall@10 : 0.0367    recall@20 : 0.0618    recall@50 : 0.1167    ndcg@10 : 0.0288    ndcg@20 : 0.0374    ndcg@50 : 0.0536    
26 Oct 16:09    INFO  Saving current best: saved/DirectAU-Oct-26-2023_16-03-30.pth
26 Oct 16:09    INFO  epoch 3 training [time: 50.86s, train loss: -0.6064]
26 Oct 16:11    INFO  epoch 3 evaluating [time: 62.24s, valid_score: 0.040200]
26 Oct 16:11    INFO  valid result: 
recall@10 : 0.0403    recall@20 : 0.0668    recall@50 : 0.1254    ndcg@10 : 0.0311    ndcg@20 : 0.0402    ndcg@50 : 0.0574    
26 Oct 16:11    INFO  Saving current best: saved/DirectAU-Oct-26-2023_16-03-30.pth
26 Oct 16:11    INFO  epoch 4 training [time: 50.72s, train loss: -0.6316]
26 Oct 16:12    INFO  epoch 4 evaluating [time: 61.75s, valid_score: 0.042400]
26 Oct 16:12    INFO  valid result: 
recall@10 : 0.0423    recall@20 : 0.0702    recall@50 : 0.13    ndcg@10 : 0.0328    ndcg@20 : 0.0424    ndcg@50 : 0.0599    
26 Oct 16:12    INFO  Saving current best: saved/DirectAU-Oct-26-2023_16-03-30.pth
26 Oct 16:13    INFO  epoch 5 training [time: 50.50s, train loss: -0.6507]
26 Oct 16:14    INFO  epoch 5 evaluating [time: 63.48s, valid_score: 0.044300]
26 Oct 16:14    INFO  valid result: 
recall@10 : 0.044    recall@20 : 0.0733    recall@50 : 0.1358    ndcg@10 : 0.0343    ndcg@20 : 0.0443    ndcg@50 : 0.0626    
26 Oct 16:14    INFO  Saving current best: saved/DirectAU-Oct-26-2023_16-03-30.pth
26 Oct 16:15    INFO  epoch 6 training [time: 50.09s, train loss: -0.6663]
26 Oct 16:16    INFO  epoch 6 evaluating [time: 62.07s, valid_score: 0.046200]
26 Oct 16:16    INFO  valid result: 
recall@10 : 0.0468    recall@20 : 0.0762    recall@50 : 0.1397    ndcg@10 : 0.0361    ndcg@20 : 0.0462    ndcg@50 : 0.0647    
26 Oct 16:16    INFO  Saving current best: saved/DirectAU-Oct-26-2023_16-03-30.pth
26 Oct 16:17    INFO  epoch 7 training [time: 51.46s, train loss: -0.6798]
26 Oct 16:18    INFO  epoch 7 evaluating [time: 63.30s, valid_score: 0.047700]
26 Oct 16:18    INFO  valid result: 
recall@10 : 0.0475    recall@20 : 0.0785    recall@50 : 0.1453    ndcg@10 : 0.0372    ndcg@20 : 0.0477    ndcg@50 : 0.0671    
26 Oct 16:18    INFO  Saving current best: saved/DirectAU-Oct-26-2023_16-03-30.pth
26 Oct 16:19    INFO  epoch 8 training [time: 50.06s, train loss: -0.6911]
26 Oct 16:20    INFO  epoch 8 evaluating [time: 62.08s, valid_score: 0.048800]
26 Oct 16:20    INFO  valid result: 
recall@10 : 0.0489    recall@20 : 0.0804    recall@50 : 0.1484    ndcg@10 : 0.0381    ndcg@20 : 0.0488    ndcg@50 : 0.0687    
26 Oct 16:20    INFO  Saving current best: saved/DirectAU-Oct-26-2023_16-03-30.pth
26 Oct 16:21    INFO  epoch 9 training [time: 50.73s, train loss: -0.7009]
26 Oct 16:22    INFO  epoch 9 evaluating [time: 62.81s, valid_score: 0.051000]
26 Oct 16:22    INFO  valid result: 
recall@10 : 0.0506    recall@20 : 0.0841    recall@50 : 0.1532    ndcg@10 : 0.0397    ndcg@20 : 0.051    ndcg@50 : 0.0711    
26 Oct 16:22    INFO  Saving current best: saved/DirectAU-Oct-26-2023_16-03-30.pth
26 Oct 16:23    INFO  epoch 10 training [time: 51.00s, train loss: -0.7094]
26 Oct 16:24    INFO  epoch 10 evaluating [time: 62.23s, valid_score: 0.051900]
26 Oct 16:24    INFO  valid result: 
recall@10 : 0.0517    recall@20 : 0.0853    recall@50 : 0.1577    ndcg@10 : 0.0406    ndcg@20 : 0.0519    ndcg@50 : 0.0729    
26 Oct 16:24    INFO  Saving current best: saved/DirectAU-Oct-26-2023_16-03-30.pth
26 Oct 16:25    INFO  epoch 11 training [time: 51.48s, train loss: -0.7166]
26 Oct 16:26    INFO  epoch 11 evaluating [time: 62.77s, valid_score: 0.053200]
26 Oct 16:26    INFO  valid result: 
recall@10 : 0.0526    recall@20 : 0.0876    recall@50 : 0.1602    ndcg@10 : 0.0413    ndcg@20 : 0.0532    ndcg@50 : 0.0742    
26 Oct 16:26    INFO  Saving current best: saved/DirectAU-Oct-26-2023_16-03-30.pth
26 Oct 16:26    INFO  epoch 12 training [time: 51.65s, train loss: -0.7231]
26 Oct 16:28    INFO  epoch 12 evaluating [time: 62.17s, valid_score: 0.054800]
26 Oct 16:28    INFO  valid result: 
recall@10 : 0.0545    recall@20 : 0.0899    recall@50 : 0.1644    ndcg@10 : 0.0428    ndcg@20 : 0.0548    ndcg@50 : 0.0763    
26 Oct 16:28    INFO  Saving current best: saved/DirectAU-Oct-26-2023_16-03-30.pth
26 Oct 16:28    INFO  epoch 13 training [time: 51.89s, train loss: -0.7286]
26 Oct 16:29    INFO  epoch 13 evaluating [time: 62.94s, valid_score: 0.055500]
26 Oct 16:29    INFO  valid result: 
recall@10 : 0.0553    recall@20 : 0.0912    recall@50 : 0.1665    ndcg@10 : 0.0433    ndcg@20 : 0.0555    ndcg@50 : 0.0774    
26 Oct 16:29    INFO  Saving current best: saved/DirectAU-Oct-26-2023_16-03-30.pth
26 Oct 16:30    INFO  epoch 14 training [time: 51.95s, train loss: -0.7334]
26 Oct 16:31    INFO  epoch 14 evaluating [time: 62.14s, valid_score: 0.057300]
26 Oct 16:31    INFO  valid result: 
recall@10 : 0.0574    recall@20 : 0.0932    recall@50 : 0.1698    ndcg@10 : 0.0451    ndcg@20 : 0.0573    ndcg@50 : 0.0794    
26 Oct 16:31    INFO  Saving current best: saved/DirectAU-Oct-26-2023_16-03-30.pth
26 Oct 16:32    INFO  epoch 15 training [time: 51.59s, train loss: -0.7376]
26 Oct 16:33    INFO  epoch 15 evaluating [time: 62.54s, valid_score: 0.058100]
26 Oct 16:33    INFO  valid result: 
recall@10 : 0.0576    recall@20 : 0.0954    recall@50 : 0.1726    ndcg@10 : 0.0452    ndcg@20 : 0.0581    ndcg@50 : 0.0804    
26 Oct 16:33    INFO  Saving current best: saved/DirectAU-Oct-26-2023_16-03-30.pth
26 Oct 16:34    INFO  epoch 16 training [time: 51.05s, train loss: -0.7413]
26 Oct 16:35    INFO  epoch 16 evaluating [time: 62.78s, valid_score: 0.059000]
26 Oct 16:35    INFO  valid result: 
recall@10 : 0.0594    recall@20 : 0.0965    recall@50 : 0.174    ndcg@10 : 0.0464    ndcg@20 : 0.059    ndcg@50 : 0.0814    
26 Oct 16:35    INFO  Saving current best: saved/DirectAU-Oct-26-2023_16-03-30.pth
26 Oct 16:36    INFO  epoch 17 training [time: 51.84s, train loss: -0.7447]
26 Oct 16:37    INFO  epoch 17 evaluating [time: 61.97s, valid_score: 0.059100]
26 Oct 16:37    INFO  valid result: 
recall@10 : 0.0591    recall@20 : 0.0969    recall@50 : 0.1763    ndcg@10 : 0.0463    ndcg@20 : 0.0591    ndcg@50 : 0.0821    
26 Oct 16:37    INFO  Saving current best: saved/DirectAU-Oct-26-2023_16-03-30.pth
26 Oct 16:38    INFO  epoch 18 training [time: 51.58s, train loss: -0.7475]
26 Oct 16:39    INFO  epoch 18 evaluating [time: 62.73s, valid_score: 0.060100]
26 Oct 16:39    INFO  valid result: 
recall@10 : 0.0598    recall@20 : 0.0984    recall@50 : 0.1785    ndcg@10 : 0.0471    ndcg@20 : 0.0601    ndcg@50 : 0.0833    
26 Oct 16:39    INFO  Saving current best: saved/DirectAU-Oct-26-2023_16-03-30.pth
26 Oct 16:40    INFO  epoch 19 training [time: 51.56s, train loss: -0.7500]
26 Oct 16:41    INFO  epoch 19 evaluating [time: 62.41s, valid_score: 0.060800]
26 Oct 16:41    INFO  valid result: 
recall@10 : 0.0605    recall@20 : 0.099    recall@50 : 0.1798    ndcg@10 : 0.0478    ndcg@20 : 0.0608    ndcg@50 : 0.0843    
26 Oct 16:41    INFO  Saving current best: saved/DirectAU-Oct-26-2023_16-03-30.pth
26 Oct 16:42    INFO  epoch 20 training [time: 51.54s, train loss: -0.7522]
26 Oct 16:43    INFO  epoch 20 evaluating [time: 62.76s, valid_score: 0.061400]
26 Oct 16:43    INFO  valid result: 
recall@10 : 0.0615    recall@20 : 0.0999    recall@50 : 0.1806    ndcg@10 : 0.0485    ndcg@20 : 0.0614    ndcg@50 : 0.0849    
26 Oct 16:43    INFO  Saving current best: saved/DirectAU-Oct-26-2023_16-03-30.pth
26 Oct 16:44    INFO  epoch 21 training [time: 51.76s, train loss: -0.7541]
26 Oct 16:45    INFO  epoch 21 evaluating [time: 62.24s, valid_score: 0.061700]
26 Oct 16:45    INFO  valid result: 
recall@10 : 0.0615    recall@20 : 0.1007    recall@50 : 0.1827    ndcg@10 : 0.0485    ndcg@20 : 0.0617    ndcg@50 : 0.0855    
26 Oct 16:45    INFO  Saving current best: saved/DirectAU-Oct-26-2023_16-03-30.pth
26 Oct 16:46    INFO  epoch 22 training [time: 51.72s, train loss: -0.7557]
26 Oct 16:47    INFO  epoch 22 evaluating [time: 62.95s, valid_score: 0.062500]
26 Oct 16:47    INFO  valid result: 
recall@10 : 0.0626    recall@20 : 0.1022    recall@50 : 0.1834    ndcg@10 : 0.0491    ndcg@20 : 0.0625    ndcg@50 : 0.086    
26 Oct 16:47    INFO  Saving current best: saved/DirectAU-Oct-26-2023_16-03-30.pth
26 Oct 16:47    INFO  epoch 23 training [time: 51.90s, train loss: -0.7573]
26 Oct 16:48    INFO  epoch 23 evaluating [time: 62.11s, valid_score: 0.063000]
26 Oct 16:48    INFO  valid result: 
recall@10 : 0.0633    recall@20 : 0.1027    recall@50 : 0.184    ndcg@10 : 0.0497    ndcg@20 : 0.063    ndcg@50 : 0.0866    
26 Oct 16:48    INFO  Saving current best: saved/DirectAU-Oct-26-2023_16-03-30.pth
26 Oct 16:49    INFO  epoch 24 training [time: 51.53s, train loss: -0.7586]
26 Oct 16:50    INFO  epoch 24 evaluating [time: 62.77s, valid_score: 0.063200]
26 Oct 16:50    INFO  valid result: 
recall@10 : 0.063    recall@20 : 0.1025    recall@50 : 0.1847    ndcg@10 : 0.0499    ndcg@20 : 0.0632    ndcg@50 : 0.0872    
26 Oct 16:50    INFO  Saving current best: saved/DirectAU-Oct-26-2023_16-03-30.pth
26 Oct 16:51    INFO  epoch 25 training [time: 51.81s, train loss: -0.7597]
26 Oct 16:52    INFO  epoch 25 evaluating [time: 62.30s, valid_score: 0.063600]
26 Oct 16:52    INFO  valid result: 
recall@10 : 0.0641    recall@20 : 0.1033    recall@50 : 0.1859    ndcg@10 : 0.0503    ndcg@20 : 0.0636    ndcg@50 : 0.0875    
26 Oct 16:52    INFO  Saving current best: saved/DirectAU-Oct-26-2023_16-03-30.pth
26 Oct 16:53    INFO  epoch 26 training [time: 51.36s, train loss: -0.7607]
26 Oct 16:54    INFO  epoch 26 evaluating [time: 63.20s, valid_score: 0.063700]
26 Oct 16:54    INFO  valid result: 
recall@10 : 0.0643    recall@20 : 0.1033    recall@50 : 0.1862    ndcg@10 : 0.0506    ndcg@20 : 0.0637    ndcg@50 : 0.0879    
26 Oct 16:54    INFO  Saving current best: saved/DirectAU-Oct-26-2023_16-03-30.pth
26 Oct 16:55    INFO  epoch 27 training [time: 51.76s, train loss: -0.7617]
26 Oct 16:56    INFO  epoch 27 evaluating [time: 62.38s, valid_score: 0.064100]
26 Oct 16:56    INFO  valid result: 
recall@10 : 0.0647    recall@20 : 0.104    recall@50 : 0.1874    ndcg@10 : 0.0508    ndcg@20 : 0.0641    ndcg@50 : 0.0883    
26 Oct 16:56    INFO  Saving current best: saved/DirectAU-Oct-26-2023_16-03-30.pth
26 Oct 16:57    INFO  epoch 28 training [time: 51.86s, train loss: -0.7625]
26 Oct 16:58    INFO  epoch 28 evaluating [time: 62.85s, valid_score: 0.064800]
26 Oct 16:58    INFO  valid result: 
recall@10 : 0.0644    recall@20 : 0.1048    recall@50 : 0.1874    ndcg@10 : 0.0512    ndcg@20 : 0.0648    ndcg@50 : 0.0888    
26 Oct 16:58    INFO  Saving current best: saved/DirectAU-Oct-26-2023_16-03-30.pth
26 Oct 16:59    INFO  epoch 29 training [time: 51.25s, train loss: -0.7633]
26 Oct 17:00    INFO  epoch 29 evaluating [time: 62.58s, valid_score: 0.064800]
26 Oct 17:00    INFO  valid result: 
recall@10 : 0.0647    recall@20 : 0.1053    recall@50 : 0.1874    ndcg@10 : 0.0511    ndcg@20 : 0.0648    ndcg@50 : 0.0888    
26 Oct 17:01    INFO  epoch 30 training [time: 51.50s, train loss: -0.7639]
26 Oct 17:02    INFO  epoch 30 evaluating [time: 62.38s, valid_score: 0.065200]
26 Oct 17:02    INFO  valid result: 
recall@10 : 0.0653    recall@20 : 0.1052    recall@50 : 0.1884    ndcg@10 : 0.0517    ndcg@20 : 0.0652    ndcg@50 : 0.0894    
26 Oct 17:02    INFO  Saving current best: saved/DirectAU-Oct-26-2023_16-03-30.pth
26 Oct 17:03    INFO  epoch 31 training [time: 51.94s, train loss: -0.7645]
26 Oct 17:04    INFO  epoch 31 evaluating [time: 62.71s, valid_score: 0.065100]
26 Oct 17:04    INFO  valid result: 
recall@10 : 0.0657    recall@20 : 0.1056    recall@50 : 0.1891    ndcg@10 : 0.0517    ndcg@20 : 0.0651    ndcg@50 : 0.0894    
26 Oct 17:05    INFO  epoch 32 training [time: 51.92s, train loss: -0.7651]
26 Oct 17:06    INFO  epoch 32 evaluating [time: 62.48s, valid_score: 0.065400]
26 Oct 17:06    INFO  valid result: 
recall@10 : 0.0654    recall@20 : 0.1056    recall@50 : 0.1892    ndcg@10 : 0.0519    ndcg@20 : 0.0654    ndcg@50 : 0.0897    
26 Oct 17:06    INFO  Saving current best: saved/DirectAU-Oct-26-2023_16-03-30.pth
26 Oct 17:07    INFO  epoch 33 training [time: 51.07s, train loss: -0.7656]
26 Oct 17:08    INFO  epoch 33 evaluating [time: 63.28s, valid_score: 0.065600]
26 Oct 17:08    INFO  valid result: 
recall@10 : 0.0654    recall@20 : 0.1061    recall@50 : 0.1896    ndcg@10 : 0.052    ndcg@20 : 0.0656    ndcg@50 : 0.0899    
26 Oct 17:08    INFO  Saving current best: saved/DirectAU-Oct-26-2023_16-03-30.pth
26 Oct 17:08    INFO  epoch 34 training [time: 51.42s, train loss: -0.7661]
26 Oct 17:09    INFO  epoch 34 evaluating [time: 62.28s, valid_score: 0.066100]
26 Oct 17:09    INFO  valid result: 
recall@10 : 0.066    recall@20 : 0.1067    recall@50 : 0.1901    ndcg@10 : 0.0524    ndcg@20 : 0.0661    ndcg@50 : 0.0903    
26 Oct 17:09    INFO  Saving current best: saved/DirectAU-Oct-26-2023_16-03-30.pth
26 Oct 17:10    INFO  epoch 35 training [time: 51.73s, train loss: -0.7665]
26 Oct 17:11    INFO  epoch 35 evaluating [time: 62.89s, valid_score: 0.066200]
26 Oct 17:11    INFO  valid result: 
recall@10 : 0.0664    recall@20 : 0.1071    recall@50 : 0.1911    ndcg@10 : 0.0525    ndcg@20 : 0.0662    ndcg@50 : 0.0906    
26 Oct 17:11    INFO  Saving current best: saved/DirectAU-Oct-26-2023_16-03-30.pth
26 Oct 17:12    INFO  epoch 36 training [time: 51.59s, train loss: -0.7670]
26 Oct 17:13    INFO  epoch 36 evaluating [time: 62.42s, valid_score: 0.066100]
26 Oct 17:13    INFO  valid result: 
recall@10 : 0.0661    recall@20 : 0.1064    recall@50 : 0.1914    ndcg@10 : 0.0525    ndcg@20 : 0.0661    ndcg@50 : 0.0908    
26 Oct 17:14    INFO  epoch 37 training [time: 51.43s, train loss: -0.7673]
26 Oct 17:15    INFO  epoch 37 evaluating [time: 63.46s, valid_score: 0.066300]
26 Oct 17:15    INFO  valid result: 
recall@10 : 0.0666    recall@20 : 0.107    recall@50 : 0.1911    ndcg@10 : 0.0526    ndcg@20 : 0.0663    ndcg@50 : 0.0907    
26 Oct 17:15    INFO  Saving current best: saved/DirectAU-Oct-26-2023_16-03-30.pth
26 Oct 17:16    INFO  epoch 38 training [time: 51.40s, train loss: -0.7677]
26 Oct 17:17    INFO  epoch 38 evaluating [time: 62.37s, valid_score: 0.066200]
26 Oct 17:17    INFO  valid result: 
recall@10 : 0.0665    recall@20 : 0.1067    recall@50 : 0.1913    ndcg@10 : 0.0527    ndcg@20 : 0.0662    ndcg@50 : 0.0909    
26 Oct 17:18    INFO  epoch 39 training [time: 50.39s, train loss: -0.7679]
26 Oct 17:19    INFO  epoch 39 evaluating [time: 64.06s, valid_score: 0.066800]
26 Oct 17:19    INFO  valid result: 
recall@10 : 0.0665    recall@20 : 0.1075    recall@50 : 0.1914    ndcg@10 : 0.053    ndcg@20 : 0.0668    ndcg@50 : 0.0912    
26 Oct 17:19    INFO  Saving current best: saved/DirectAU-Oct-26-2023_16-03-30.pth
26 Oct 17:20    INFO  epoch 40 training [time: 51.63s, train loss: -0.7681]
26 Oct 17:21    INFO  epoch 40 evaluating [time: 62.37s, valid_score: 0.066900]
26 Oct 17:21    INFO  valid result: 
recall@10 : 0.0668    recall@20 : 0.1074    recall@50 : 0.1915    ndcg@10 : 0.0531    ndcg@20 : 0.0669    ndcg@50 : 0.0913    
26 Oct 17:21    INFO  Saving current best: saved/DirectAU-Oct-26-2023_16-03-30.pth
26 Oct 17:22    INFO  epoch 41 training [time: 51.50s, train loss: -0.7683]
26 Oct 17:23    INFO  epoch 41 evaluating [time: 62.83s, valid_score: 0.067000]
26 Oct 17:23    INFO  valid result: 
recall@10 : 0.0671    recall@20 : 0.1077    recall@50 : 0.1923    ndcg@10 : 0.0533    ndcg@20 : 0.067    ndcg@50 : 0.0915    
26 Oct 17:23    INFO  Saving current best: saved/DirectAU-Oct-26-2023_16-03-30.pth
26 Oct 17:24    INFO  epoch 42 training [time: 51.63s, train loss: -0.7684]
26 Oct 17:25    INFO  epoch 42 evaluating [time: 65.86s, valid_score: 0.066700]
26 Oct 17:25    INFO  valid result: 
recall@10 : 0.0668    recall@20 : 0.1074    recall@50 : 0.1923    ndcg@10 : 0.053    ndcg@20 : 0.0667    ndcg@50 : 0.0914    
26 Oct 17:26    INFO  epoch 43 training [time: 48.88s, train loss: -0.7686]
26 Oct 17:27    INFO  epoch 43 evaluating [time: 62.20s, valid_score: 0.067100]
26 Oct 17:27    INFO  valid result: 
recall@10 : 0.0672    recall@20 : 0.1075    recall@50 : 0.1925    ndcg@10 : 0.0535    ndcg@20 : 0.0671    ndcg@50 : 0.0918    
26 Oct 17:27    INFO  Saving current best: saved/DirectAU-Oct-26-2023_16-03-30.pth
26 Oct 17:27    INFO  epoch 44 training [time: 51.61s, train loss: -0.7688]
26 Oct 17:29    INFO  epoch 44 evaluating [time: 63.43s, valid_score: 0.067500]
26 Oct 17:29    INFO  valid result: 
recall@10 : 0.067    recall@20 : 0.1084    recall@50 : 0.1926    ndcg@10 : 0.0535    ndcg@20 : 0.0675    ndcg@50 : 0.0919    
26 Oct 17:29    INFO  Saving current best: saved/DirectAU-Oct-26-2023_16-03-30.pth
26 Oct 17:29    INFO  epoch 45 training [time: 51.21s, train loss: -0.7689]
26 Oct 17:30    INFO  epoch 45 evaluating [time: 62.58s, valid_score: 0.067300]
26 Oct 17:30    INFO  valid result: 
recall@10 : 0.0671    recall@20 : 0.1084    recall@50 : 0.1923    ndcg@10 : 0.0534    ndcg@20 : 0.0673    ndcg@50 : 0.0917    
26 Oct 17:31    INFO  epoch 46 training [time: 51.59s, train loss: -0.7690]
26 Oct 17:32    INFO  epoch 46 evaluating [time: 63.41s, valid_score: 0.067200]
26 Oct 17:32    INFO  valid result: 
recall@10 : 0.0672    recall@20 : 0.1075    recall@50 : 0.1931    ndcg@10 : 0.0536    ndcg@20 : 0.0672    ndcg@50 : 0.0921    
26 Oct 17:33    INFO  epoch 47 training [time: 51.31s, train loss: -0.7691]
26 Oct 17:34    INFO  epoch 47 evaluating [time: 62.36s, valid_score: 0.067400]
26 Oct 17:34    INFO  valid result: 
recall@10 : 0.0673    recall@20 : 0.1085    recall@50 : 0.1929    ndcg@10 : 0.0535    ndcg@20 : 0.0674    ndcg@50 : 0.0919    
26 Oct 17:35    INFO  epoch 48 training [time: 51.05s, train loss: -0.7693]
26 Oct 17:36    INFO  epoch 48 evaluating [time: 63.39s, valid_score: 0.067400]
26 Oct 17:36    INFO  valid result: 
recall@10 : 0.0676    recall@20 : 0.1087    recall@50 : 0.1932    ndcg@10 : 0.0534    ndcg@20 : 0.0674    ndcg@50 : 0.0919    
26 Oct 17:37    INFO  epoch 49 training [time: 52.11s, train loss: -0.7693]
26 Oct 17:38    INFO  epoch 49 evaluating [time: 62.38s, valid_score: 0.067500]
26 Oct 17:38    INFO  valid result: 
recall@10 : 0.0674    recall@20 : 0.1084    recall@50 : 0.193    ndcg@10 : 0.0536    ndcg@20 : 0.0675    ndcg@50 : 0.0921    
26 Oct 17:39    INFO  epoch 50 training [time: 51.48s, train loss: -0.7694]
26 Oct 17:40    INFO  epoch 50 evaluating [time: 62.98s, valid_score: 0.067800]
26 Oct 17:40    INFO  valid result: 
recall@10 : 0.0677    recall@20 : 0.1088    recall@50 : 0.1935    ndcg@10 : 0.0539    ndcg@20 : 0.0678    ndcg@50 : 0.0923    
26 Oct 17:40    INFO  Saving current best: saved/DirectAU-Oct-26-2023_16-03-30.pth
26 Oct 17:41    INFO  epoch 51 training [time: 51.44s, train loss: -0.7693]
26 Oct 17:42    INFO  epoch 51 evaluating [time: 62.32s, valid_score: 0.067900]
26 Oct 17:42    INFO  valid result: 
recall@10 : 0.0673    recall@20 : 0.1092    recall@50 : 0.1938    ndcg@10 : 0.0537    ndcg@20 : 0.0679    ndcg@50 : 0.0925    
26 Oct 17:42    INFO  Saving current best: saved/DirectAU-Oct-26-2023_16-03-30.pth
26 Oct 17:43    INFO  epoch 52 training [time: 51.32s, train loss: -0.7695]
26 Oct 17:44    INFO  epoch 52 evaluating [time: 63.45s, valid_score: 0.067600]
26 Oct 17:44    INFO  valid result: 
recall@10 : 0.0677    recall@20 : 0.1084    recall@50 : 0.1935    ndcg@10 : 0.0539    ndcg@20 : 0.0676    ndcg@50 : 0.0924    
26 Oct 17:45    INFO  epoch 53 training [time: 50.84s, train loss: -0.7696]
26 Oct 17:46    INFO  epoch 53 evaluating [time: 62.24s, valid_score: 0.067900]
26 Oct 17:46    INFO  valid result: 
recall@10 : 0.0679    recall@20 : 0.1091    recall@50 : 0.1938    ndcg@10 : 0.054    ndcg@20 : 0.0679    ndcg@50 : 0.0925    
26 Oct 17:47    INFO  epoch 54 training [time: 51.28s, train loss: -0.7696]
26 Oct 17:48    INFO  epoch 54 evaluating [time: 62.84s, valid_score: 0.067700]
26 Oct 17:48    INFO  valid result: 
recall@10 : 0.0674    recall@20 : 0.1092    recall@50 : 0.1937    ndcg@10 : 0.0536    ndcg@20 : 0.0677    ndcg@50 : 0.0923    
26 Oct 17:48    INFO  epoch 55 training [time: 50.99s, train loss: -0.7696]
26 Oct 17:49    INFO  epoch 55 evaluating [time: 63.90s, valid_score: 0.067800]
26 Oct 17:49    INFO  valid result: 
recall@10 : 0.0674    recall@20 : 0.1087    recall@50 : 0.1936    ndcg@10 : 0.0538    ndcg@20 : 0.0678    ndcg@50 : 0.0925    
26 Oct 17:50    INFO  epoch 56 training [time: 50.39s, train loss: -0.7697]
26 Oct 17:51    INFO  epoch 56 evaluating [time: 62.01s, valid_score: 0.068000]
26 Oct 17:51    INFO  valid result: 
recall@10 : 0.0678    recall@20 : 0.1088    recall@50 : 0.1939    ndcg@10 : 0.0541    ndcg@20 : 0.068    ndcg@50 : 0.0927    
26 Oct 17:51    INFO  Saving current best: saved/DirectAU-Oct-26-2023_16-03-30.pth
26 Oct 17:52    INFO  epoch 57 training [time: 51.62s, train loss: -0.7698]
26 Oct 17:53    INFO  epoch 57 evaluating [time: 63.65s, valid_score: 0.068000]
26 Oct 17:53    INFO  valid result: 
recall@10 : 0.0674    recall@20 : 0.1096    recall@50 : 0.1933    ndcg@10 : 0.0538    ndcg@20 : 0.068    ndcg@50 : 0.0924    
26 Oct 17:54    INFO  epoch 58 training [time: 50.10s, train loss: -0.7698]
26 Oct 17:55    INFO  epoch 58 evaluating [time: 62.57s, valid_score: 0.068000]
26 Oct 17:55    INFO  valid result: 
recall@10 : 0.068    recall@20 : 0.109    recall@50 : 0.1932    ndcg@10 : 0.0542    ndcg@20 : 0.068    ndcg@50 : 0.0925    
26 Oct 17:56    INFO  epoch 59 training [time: 51.27s, train loss: -0.7699]
26 Oct 17:57    INFO  epoch 59 evaluating [time: 64.62s, valid_score: 0.068300]
26 Oct 17:57    INFO  valid result: 
recall@10 : 0.0678    recall@20 : 0.1094    recall@50 : 0.1941    ndcg@10 : 0.0543    ndcg@20 : 0.0683    ndcg@50 : 0.0929    
26 Oct 17:57    INFO  Saving current best: saved/DirectAU-Oct-26-2023_16-03-30.pth
26 Oct 17:58    INFO  epoch 60 training [time: 49.93s, train loss: -0.7699]
26 Oct 17:59    INFO  epoch 60 evaluating [time: 62.32s, valid_score: 0.068100]
26 Oct 17:59    INFO  valid result: 
recall@10 : 0.0685    recall@20 : 0.1093    recall@50 : 0.1945    ndcg@10 : 0.0544    ndcg@20 : 0.0681    ndcg@50 : 0.0929    
26 Oct 18:00    INFO  epoch 61 training [time: 50.87s, train loss: -0.7699]
26 Oct 18:01    INFO  epoch 61 evaluating [time: 64.30s, valid_score: 0.067900]
26 Oct 18:01    INFO  valid result: 
recall@10 : 0.0678    recall@20 : 0.1084    recall@50 : 0.1944    ndcg@10 : 0.0542    ndcg@20 : 0.0679    ndcg@50 : 0.0929    
26 Oct 18:02    INFO  epoch 62 training [time: 49.46s, train loss: -0.7700]
26 Oct 18:03    INFO  epoch 62 evaluating [time: 62.16s, valid_score: 0.068300]
26 Oct 18:03    INFO  valid result: 
recall@10 : 0.0681    recall@20 : 0.1094    recall@50 : 0.1943    ndcg@10 : 0.0543    ndcg@20 : 0.0683    ndcg@50 : 0.093    
26 Oct 18:04    INFO  epoch 63 training [time: 50.45s, train loss: -0.7699]
26 Oct 18:05    INFO  epoch 63 evaluating [time: 63.21s, valid_score: 0.068300]
26 Oct 18:05    INFO  valid result: 
recall@10 : 0.0678    recall@20 : 0.1095    recall@50 : 0.1944    ndcg@10 : 0.0542    ndcg@20 : 0.0683    ndcg@50 : 0.093    
26 Oct 18:06    INFO  epoch 64 training [time: 51.53s, train loss: -0.7701]
26 Oct 18:07    INFO  epoch 64 evaluating [time: 62.02s, valid_score: 0.068100]
26 Oct 18:07    INFO  valid result: 
recall@10 : 0.0684    recall@20 : 0.1094    recall@50 : 0.1941    ndcg@10 : 0.0543    ndcg@20 : 0.0681    ndcg@50 : 0.0928    
26 Oct 18:07    INFO  epoch 65 training [time: 49.45s, train loss: -0.7701]
26 Oct 18:08    INFO  epoch 65 evaluating [time: 64.96s, valid_score: 0.068400]
26 Oct 18:08    INFO  valid result: 
recall@10 : 0.0681    recall@20 : 0.1093    recall@50 : 0.1937    ndcg@10 : 0.0545    ndcg@20 : 0.0684    ndcg@50 : 0.0929    
26 Oct 18:08    INFO  Saving current best: saved/DirectAU-Oct-26-2023_16-03-30.pth
26 Oct 18:09    INFO  epoch 66 training [time: 51.27s, train loss: -0.7701]
26 Oct 18:10    INFO  epoch 66 evaluating [time: 62.14s, valid_score: 0.068400]
26 Oct 18:10    INFO  valid result: 
recall@10 : 0.0681    recall@20 : 0.1096    recall@50 : 0.1939    ndcg@10 : 0.0544    ndcg@20 : 0.0684    ndcg@50 : 0.0929    
26 Oct 18:11    INFO  epoch 67 training [time: 49.88s, train loss: -0.7702]
26 Oct 18:12    INFO  epoch 67 evaluating [time: 63.31s, valid_score: 0.068300]
26 Oct 18:12    INFO  valid result: 
recall@10 : 0.0685    recall@20 : 0.1089    recall@50 : 0.1947    ndcg@10 : 0.0547    ndcg@20 : 0.0683    ndcg@50 : 0.0932    
26 Oct 18:13    INFO  epoch 68 training [time: 50.89s, train loss: -0.7701]
26 Oct 18:14    INFO  epoch 68 evaluating [time: 62.67s, valid_score: 0.068100]
26 Oct 18:14    INFO  valid result: 
recall@10 : 0.0685    recall@20 : 0.1089    recall@50 : 0.1944    ndcg@10 : 0.0544    ndcg@20 : 0.0681    ndcg@50 : 0.0929    
26 Oct 18:15    INFO  epoch 69 training [time: 51.58s, train loss: -0.7702]
26 Oct 18:16    INFO  epoch 69 evaluating [time: 62.18s, valid_score: 0.068400]
26 Oct 18:16    INFO  valid result: 
recall@10 : 0.0685    recall@20 : 0.1097    recall@50 : 0.1947    ndcg@10 : 0.0545    ndcg@20 : 0.0684    ndcg@50 : 0.0931    
26 Oct 18:17    INFO  epoch 70 training [time: 49.73s, train loss: -0.7702]
26 Oct 18:18    INFO  epoch 70 evaluating [time: 63.98s, valid_score: 0.068500]
26 Oct 18:18    INFO  valid result: 
recall@10 : 0.0686    recall@20 : 0.1097    recall@50 : 0.1948    ndcg@10 : 0.0548    ndcg@20 : 0.0685    ndcg@50 : 0.0933    
26 Oct 18:18    INFO  Saving current best: saved/DirectAU-Oct-26-2023_16-03-30.pth
26 Oct 18:19    INFO  epoch 71 training [time: 51.64s, train loss: -0.7703]
26 Oct 18:20    INFO  epoch 71 evaluating [time: 62.08s, valid_score: 0.068500]
26 Oct 18:20    INFO  valid result: 
recall@10 : 0.0683    recall@20 : 0.1098    recall@50 : 0.1949    ndcg@10 : 0.0545    ndcg@20 : 0.0685    ndcg@50 : 0.0932    
26 Oct 18:21    INFO  epoch 72 training [time: 49.98s, train loss: -0.7703]
26 Oct 18:22    INFO  epoch 72 evaluating [time: 64.45s, valid_score: 0.068700]
26 Oct 18:22    INFO  valid result: 
recall@10 : 0.0684    recall@20 : 0.1097    recall@50 : 0.1946    ndcg@10 : 0.0548    ndcg@20 : 0.0687    ndcg@50 : 0.0934    
26 Oct 18:22    INFO  Saving current best: saved/DirectAU-Oct-26-2023_16-03-30.pth
26 Oct 18:23    INFO  epoch 73 training [time: 51.42s, train loss: -0.7704]
26 Oct 18:24    INFO  epoch 73 evaluating [time: 62.12s, valid_score: 0.068500]
26 Oct 18:24    INFO  valid result: 
recall@10 : 0.068    recall@20 : 0.1092    recall@50 : 0.1947    ndcg@10 : 0.0545    ndcg@20 : 0.0685    ndcg@50 : 0.0933    
26 Oct 18:24    INFO  epoch 74 training [time: 50.13s, train loss: -0.7704]
26 Oct 18:25    INFO  epoch 74 evaluating [time: 63.46s, valid_score: 0.068600]
26 Oct 18:25    INFO  valid result: 
recall@10 : 0.0685    recall@20 : 0.1095    recall@50 : 0.195    ndcg@10 : 0.0547    ndcg@20 : 0.0686    ndcg@50 : 0.0934    
26 Oct 18:26    INFO  epoch 75 training [time: 50.90s, train loss: -0.7704]
26 Oct 18:27    INFO  epoch 75 evaluating [time: 62.18s, valid_score: 0.068800]
26 Oct 18:27    INFO  valid result: 
recall@10 : 0.0691    recall@20 : 0.1102    recall@50 : 0.1948    ndcg@10 : 0.055    ndcg@20 : 0.0688    ndcg@50 : 0.0935    
26 Oct 18:27    INFO  Saving current best: saved/DirectAU-Oct-26-2023_16-03-30.pth
26 Oct 18:28    INFO  epoch 76 training [time: 50.89s, train loss: -0.7704]
26 Oct 18:29    INFO  epoch 76 evaluating [time: 63.52s, valid_score: 0.068500]
26 Oct 18:29    INFO  valid result: 
recall@10 : 0.0683    recall@20 : 0.1099    recall@50 : 0.1954    ndcg@10 : 0.0545    ndcg@20 : 0.0685    ndcg@50 : 0.0934    
26 Oct 18:30    INFO  epoch 77 training [time: 50.57s, train loss: -0.7704]
26 Oct 18:31    INFO  epoch 77 evaluating [time: 62.05s, valid_score: 0.068600]
26 Oct 18:31    INFO  valid result: 
recall@10 : 0.068    recall@20 : 0.1098    recall@50 : 0.195    ndcg@10 : 0.0545    ndcg@20 : 0.0686    ndcg@50 : 0.0933    
26 Oct 18:32    INFO  epoch 78 training [time: 50.59s, train loss: -0.7704]
26 Oct 18:33    INFO  epoch 78 evaluating [time: 63.59s, valid_score: 0.068500]
26 Oct 18:33    INFO  valid result: 
recall@10 : 0.0683    recall@20 : 0.1094    recall@50 : 0.1952    ndcg@10 : 0.0547    ndcg@20 : 0.0685    ndcg@50 : 0.0934    
26 Oct 18:34    INFO  epoch 79 training [time: 50.14s, train loss: -0.7704]
26 Oct 18:35    INFO  epoch 79 evaluating [time: 62.25s, valid_score: 0.068500]
26 Oct 18:35    INFO  valid result: 
recall@10 : 0.0684    recall@20 : 0.1094    recall@50 : 0.195    ndcg@10 : 0.0547    ndcg@20 : 0.0685    ndcg@50 : 0.0933    
26 Oct 18:36    INFO  epoch 80 training [time: 50.78s, train loss: -0.7704]
26 Oct 18:37    INFO  epoch 80 evaluating [time: 62.50s, valid_score: 0.068300]
26 Oct 18:37    INFO  valid result: 
recall@10 : 0.0681    recall@20 : 0.1091    recall@50 : 0.1942    ndcg@10 : 0.0545    ndcg@20 : 0.0683    ndcg@50 : 0.0931    
26 Oct 18:38    INFO  epoch 81 training [time: 50.97s, train loss: -0.7704]
26 Oct 18:39    INFO  epoch 81 evaluating [time: 65.59s, valid_score: 0.068700]
26 Oct 18:39    INFO  valid result: 
recall@10 : 0.0685    recall@20 : 0.1099    recall@50 : 0.195    ndcg@10 : 0.0547    ndcg@20 : 0.0687    ndcg@50 : 0.0933    
26 Oct 18:40    INFO  epoch 82 training [time: 47.98s, train loss: -0.7704]
26 Oct 18:41    INFO  epoch 82 evaluating [time: 62.14s, valid_score: 0.068800]
26 Oct 18:41    INFO  valid result: 
recall@10 : 0.0683    recall@20 : 0.1097    recall@50 : 0.195    ndcg@10 : 0.0548    ndcg@20 : 0.0688    ndcg@50 : 0.0935    
26 Oct 18:41    INFO  epoch 83 training [time: 50.91s, train loss: -0.7705]
26 Oct 18:43    INFO  epoch 83 evaluating [time: 65.21s, valid_score: 0.068800]
26 Oct 18:43    INFO  valid result: 
recall@10 : 0.069    recall@20 : 0.1099    recall@50 : 0.1956    ndcg@10 : 0.0551    ndcg@20 : 0.0688    ndcg@50 : 0.0936    
26 Oct 18:43    INFO  epoch 84 training [time: 48.74s, train loss: -0.7706]
26 Oct 18:44    INFO  epoch 84 evaluating [time: 61.84s, valid_score: 0.069000]
26 Oct 18:44    INFO  valid result: 
recall@10 : 0.0686    recall@20 : 0.11    recall@50 : 0.1954    ndcg@10 : 0.055    ndcg@20 : 0.069    ndcg@50 : 0.0938    
26 Oct 18:44    INFO  Saving current best: saved/DirectAU-Oct-26-2023_16-03-30.pth
26 Oct 18:45    INFO  epoch 85 training [time: 50.66s, train loss: -0.7705]
26 Oct 18:46    INFO  epoch 85 evaluating [time: 64.32s, valid_score: 0.068900]
26 Oct 18:46    INFO  valid result: 
recall@10 : 0.0685    recall@20 : 0.1097    recall@50 : 0.1955    ndcg@10 : 0.0551    ndcg@20 : 0.0689    ndcg@50 : 0.0939    
26 Oct 18:47    INFO  epoch 86 training [time: 50.06s, train loss: -0.7706]
26 Oct 18:48    INFO  epoch 86 evaluating [time: 62.09s, valid_score: 0.068700]
26 Oct 18:48    INFO  valid result: 
recall@10 : 0.0684    recall@20 : 0.1099    recall@50 : 0.195    ndcg@10 : 0.0547    ndcg@20 : 0.0687    ndcg@50 : 0.0934    
26 Oct 18:49    INFO  epoch 87 training [time: 50.77s, train loss: -0.7706]
26 Oct 18:50    INFO  epoch 87 evaluating [time: 66.14s, valid_score: 0.069200]
26 Oct 18:50    INFO  valid result: 
recall@10 : 0.0686    recall@20 : 0.1106    recall@50 : 0.195    ndcg@10 : 0.0551    ndcg@20 : 0.0692    ndcg@50 : 0.0938    
26 Oct 18:50    INFO  Saving current best: saved/DirectAU-Oct-26-2023_16-03-30.pth
26 Oct 18:51    INFO  epoch 88 training [time: 47.49s, train loss: -0.7706]
26 Oct 18:52    INFO  epoch 88 evaluating [time: 61.91s, valid_score: 0.068800]
26 Oct 18:52    INFO  valid result: 
recall@10 : 0.068    recall@20 : 0.1099    recall@50 : 0.1952    ndcg@10 : 0.0547    ndcg@20 : 0.0688    ndcg@50 : 0.0936    
26 Oct 18:53    INFO  epoch 89 training [time: 50.74s, train loss: -0.7706]
26 Oct 18:54    INFO  epoch 89 evaluating [time: 62.48s, valid_score: 0.068700]
26 Oct 18:54    INFO  valid result: 
recall@10 : 0.0683    recall@20 : 0.1097    recall@50 : 0.196    ndcg@10 : 0.0548    ndcg@20 : 0.0687    ndcg@50 : 0.0938    
26 Oct 18:55    INFO  epoch 90 training [time: 50.88s, train loss: -0.7706]
26 Oct 18:56    INFO  epoch 90 evaluating [time: 62.16s, valid_score: 0.069000]
26 Oct 18:56    INFO  valid result: 
recall@10 : 0.0679    recall@20 : 0.11    recall@50 : 0.1958    ndcg@10 : 0.0548    ndcg@20 : 0.069    ndcg@50 : 0.0939    
26 Oct 18:57    INFO  epoch 91 training [time: 50.75s, train loss: -0.7706]
26 Oct 18:58    INFO  epoch 91 evaluating [time: 64.23s, valid_score: 0.068900]
26 Oct 18:58    INFO  valid result: 
recall@10 : 0.068    recall@20 : 0.11    recall@50 : 0.1949    ndcg@10 : 0.0547    ndcg@20 : 0.0689    ndcg@50 : 0.0936    
26 Oct 18:58    INFO  epoch 92 training [time: 49.20s, train loss: -0.7707]
26 Oct 18:59    INFO  epoch 92 evaluating [time: 61.74s, valid_score: 0.068800]
26 Oct 18:59    INFO  valid result: 
recall@10 : 0.0687    recall@20 : 0.1098    recall@50 : 0.1953    ndcg@10 : 0.055    ndcg@20 : 0.0688    ndcg@50 : 0.0937    
26 Oct 19:00    INFO  epoch 93 training [time: 50.54s, train loss: -0.7707]
26 Oct 19:01    INFO  epoch 93 evaluating [time: 62.56s, valid_score: 0.068900]
26 Oct 19:01    INFO  valid result: 
recall@10 : 0.0687    recall@20 : 0.1099    recall@50 : 0.1952    ndcg@10 : 0.055    ndcg@20 : 0.0689    ndcg@50 : 0.0937    
26 Oct 19:02    INFO  epoch 94 training [time: 50.94s, train loss: -0.7707]
26 Oct 19:03    INFO  epoch 94 evaluating [time: 63.71s, valid_score: 0.068700]
26 Oct 19:03    INFO  valid result: 
recall@10 : 0.0684    recall@20 : 0.1095    recall@50 : 0.195    ndcg@10 : 0.0549    ndcg@20 : 0.0687    ndcg@50 : 0.0936    
26 Oct 19:04    INFO  epoch 95 training [time: 49.96s, train loss: -0.7707]
26 Oct 19:05    INFO  epoch 95 evaluating [time: 62.13s, valid_score: 0.069100]
26 Oct 19:05    INFO  valid result: 
recall@10 : 0.0686    recall@20 : 0.1101    recall@50 : 0.1951    ndcg@10 : 0.0551    ndcg@20 : 0.0691    ndcg@50 : 0.0938    
26 Oct 19:06    INFO  epoch 96 training [time: 50.77s, train loss: -0.7707]
26 Oct 19:07    INFO  epoch 96 evaluating [time: 62.71s, valid_score: 0.069000]
26 Oct 19:07    INFO  valid result: 
recall@10 : 0.0686    recall@20 : 0.1103    recall@50 : 0.195    ndcg@10 : 0.055    ndcg@20 : 0.069    ndcg@50 : 0.0936    
26 Oct 19:08    INFO  epoch 97 training [time: 50.63s, train loss: -0.7706]
26 Oct 19:09    INFO  epoch 97 evaluating [time: 61.92s, valid_score: 0.069000]
26 Oct 19:09    INFO  valid result: 
recall@10 : 0.0684    recall@20 : 0.1101    recall@50 : 0.1951    ndcg@10 : 0.0549    ndcg@20 : 0.069    ndcg@50 : 0.0937    
26 Oct 19:10    INFO  epoch 98 training [time: 48.51s, train loss: -0.7708]
26 Oct 19:11    INFO  epoch 98 evaluating [time: 65.23s, valid_score: 0.069200]
26 Oct 19:11    INFO  valid result: 
recall@10 : 0.0682    recall@20 : 0.1105    recall@50 : 0.1947    ndcg@10 : 0.055    ndcg@20 : 0.0692    ndcg@50 : 0.0938    
26 Oct 19:11    INFO  Finished training, best eval result in epoch 87
26 Oct 19:11    INFO  Loading model structure and parameters from saved/DirectAU-Oct-26-2023_16-03-30.pth
26 Oct 19:12    INFO  best valid : {'recall@10': 0.0686, 'recall@20': 0.1106, 'recall@50': 0.195, 'ndcg@10': 0.0551, 'ndcg@20': 0.0692, 'ndcg@50': 0.0938}
26 Oct 19:12    INFO  test result: {'recall@10': 0.0701, 'recall@20': 0.112, 'recall@50': 0.1963, 'ndcg@10': 0.0563, 'ndcg@20': 0.0703, 'ndcg@50': 0.0947}
