command line args [--zc 0.35] will not be used in RecBole
26 Oct 16:37    INFO  
General Hyper Parameters:
gpu_id = 9
use_gpu = True
seed = 0
state = INFO
reproducibility = True
data_path = dataset/Beauty
show_progress = False

Training Hyper Parameters:
checkpoint_dir = saved
epochs = 500
train_batch_size = 256
learner = adam
learning_rate = 0.001
training_neg_sample_num = 0
training_neg_sample_distribution = uniform
eval_step = 1
stopping_step = 10
clip_grad_norm = None
weight_decay = 1e-06
draw_loss_pic = False
loss_decimal_place = 4

Evaluation Hyper Parameters:
eval_setting = RO_RS,full
group_by_user = True
split_ratio = [0.8, 0.1, 0.1]
leave_one_num = 2
real_time_process = False
metrics = ['Recall', 'NDCG']
topk = [10, 20, 50]
valid_metric = NDCG@20
eval_batch_size = 4096
metric_decimal_place = 4

Dataset Hyper Parameters:
field_separator = 	
seq_separator =  
USER_ID_FIELD = user_id
ITEM_ID_FIELD = item_id
RATING_FIELD = rating
TIME_FIELD = timestamp
seq_len = None
LABEL_FIELD = label
threshold = None
NEG_PREFIX = neg_
load_col = {'inter': ['user_id', 'item_id', 'timestamp']}
unload_col = None
unused_col = None
additional_feat_suffix = None
lowest_val = None
highest_val = None
equal_val = None
not_equal_val = None
max_user_inter_num = None
min_user_inter_num = 5
max_item_inter_num = None
min_item_inter_num = 5
fields_in_same_space = None
preload_weight = None
normalize_field = None
normalize_all = None
ITEM_LIST_LENGTH_FIELD = item_length
LIST_SUFFIX = _list
MAX_ITEM_LIST_LENGTH = 50
POSITION_FIELD = position_id
HEAD_ENTITY_ID_FIELD = head_id
TAIL_ENTITY_ID_FIELD = tail_id
RELATION_ID_FIELD = relation_id
ENTITY_ID_FIELD = entity_id

Other Hyper Parameters: 
valid_metric_bigger = True
BT = 0.1
bt = 0.001
embedding_size = 64
encoder = MF
gamma = 0.5
times = 1
witem = 0.1
wuser = 0.8
zc = 0.35
rm_dup_inter = None
filter_inter_by_user_or_item = True
SOURCE_ID_FIELD = source_id
TARGET_ID_FIELD = target_id
benchmark_filename = None
MODEL_TYPE = ModelType.GENERAL
MODEL_INPUT_TYPE = InputType.POINTWISE
eval_type = EvaluatorType.RANKING
device = cuda
train_neg_sample_args = {'strategy': 'none'}


26 Oct 16:37    INFO  Beauty
The number of users: 22364
Average actions of users: 8.876358270357287
The number of items: 12102
Average actions of items: 16.403768283612923
The number of inters: 198502
The sparsity of the dataset: 99.92665707018277%
Remain Fields: ['user_id', 'item_id', 'timestamp']
26 Oct 16:37    INFO  Build [GeneralDataLoader] for [train] with format [InputType.POINTWISE]
26 Oct 16:37    INFO  [train] No Negative Sampling
26 Oct 16:37    INFO  [train] batch_size = [256], shuffle = [True]

26 Oct 16:37    INFO  Build [GeneralFullDataLoader] for [evaluation] with format [InputType.POINTWISE]
26 Oct 16:37    INFO  Evaluation Setting:
	Group by user_id
	Ordering: {'strategy': 'shuffle'}
	Splitting: {'strategy': 'by_ratio', 'ratios': [0.8, 0.1, 0.1]}
	Negative Sampling: {'strategy': 'full', 'distribution': 'uniform'}
26 Oct 16:37    INFO  [evaluation] batch_size = [4096], shuffle = [False]

26 Oct 16:37    WARNING  Batch size is changed to 12102.
26 Oct 16:37    WARNING  Batch size is changed to 12102.
{'BT': 0.1, 'bt': 0.001, 'embedding_size': 64, 'encoder': 'MF', 'gamma': None, 'times': 1, 'training_neg_sample_num': 0, 'witem': 0.1, 'wuser': 0.8, 'zc': 0.35}
this is encoder MF...
这是directau 的 WUBT 版本...0.35
26 Oct 16:37    INFO  DirectAU(
  (encoder): MFEncoder(
    (user_embedding): Embedding(22364, 64)
    (item_embedding): Embedding(12102, 64)
  )
  (bn): BatchNorm1d(64, eps=1e-05, momentum=0.1, affine=False, track_running_stats=True)
  (projector): Sequential(
    (0): Linear(in_features=64, out_features=64, bias=False)
    (1): BatchNorm1d(64, eps=1e-05, momentum=0.1, affine=True, track_running_stats=True)
    (2): ReLU(inplace=True)
    (3): Linear(in_features=64, out_features=64, bias=False)
    (4): BatchNorm1d(64, eps=1e-05, momentum=0.1, affine=True, track_running_stats=True)
    (5): ReLU(inplace=True)
    (6): Linear(in_features=64, out_features=64, bias=False)
  )
)
Trainable parameters: 2218368
26 Oct 16:37    INFO  epoch 0 training [time: 2.59s, train loss: 0.0336]
26 Oct 16:38    INFO  epoch 0 evaluating [time: 36.83s, valid_score: 0.013700]
26 Oct 16:38    INFO  valid result: 
recall@10 : 0.019    recall@20 : 0.03    recall@50 : 0.0487    ndcg@10 : 0.0107    ndcg@20 : 0.0137    ndcg@50 : 0.0177    
26 Oct 16:38    INFO  Saving current best: saved/DirectAU-Oct-26-2023_16-37-29.pth
26 Oct 16:38    INFO  epoch 1 training [time: 2.59s, train loss: -0.4705]
26 Oct 16:38    INFO  epoch 1 evaluating [time: 36.67s, valid_score: 0.019200]
26 Oct 16:38    INFO  valid result: 
recall@10 : 0.027    recall@20 : 0.0413    recall@50 : 0.0688    ndcg@10 : 0.0154    ndcg@20 : 0.0192    ndcg@50 : 0.0251    
26 Oct 16:38    INFO  Saving current best: saved/DirectAU-Oct-26-2023_16-37-29.pth
26 Oct 16:38    INFO  epoch 2 training [time: 2.55s, train loss: -0.6045]
26 Oct 16:39    INFO  epoch 2 evaluating [time: 36.88s, valid_score: 0.022400]
26 Oct 16:39    INFO  valid result: 
recall@10 : 0.0319    recall@20 : 0.0493    recall@50 : 0.0806    ndcg@10 : 0.0177    ndcg@20 : 0.0224    ndcg@50 : 0.029    
26 Oct 16:39    INFO  Saving current best: saved/DirectAU-Oct-26-2023_16-37-29.pth
26 Oct 16:39    INFO  epoch 3 training [time: 2.61s, train loss: -0.6706]
26 Oct 16:40    INFO  epoch 3 evaluating [time: 37.20s, valid_score: 0.024800]
26 Oct 16:40    INFO  valid result: 
recall@10 : 0.0355    recall@20 : 0.0545    recall@50 : 0.0875    ndcg@10 : 0.0197    ndcg@20 : 0.0248    ndcg@50 : 0.0318    
26 Oct 16:40    INFO  Saving current best: saved/DirectAU-Oct-26-2023_16-37-29.pth
26 Oct 16:40    INFO  epoch 4 training [time: 2.39s, train loss: -0.7135]
26 Oct 16:40    INFO  epoch 4 evaluating [time: 36.93s, valid_score: 0.027200]
26 Oct 16:40    INFO  valid result: 
recall@10 : 0.0382    recall@20 : 0.0599    recall@50 : 0.0938    ndcg@10 : 0.0214    ndcg@20 : 0.0272    ndcg@50 : 0.0342    
26 Oct 16:40    INFO  Saving current best: saved/DirectAU-Oct-26-2023_16-37-29.pth
26 Oct 16:40    INFO  epoch 5 training [time: 2.47s, train loss: -0.7457]
26 Oct 16:41    INFO  epoch 5 evaluating [time: 37.45s, valid_score: 0.028400]
26 Oct 16:41    INFO  valid result: 
recall@10 : 0.0407    recall@20 : 0.0629    recall@50 : 0.0997    ndcg@10 : 0.0224    ndcg@20 : 0.0284    ndcg@50 : 0.0361    
26 Oct 16:41    INFO  Saving current best: saved/DirectAU-Oct-26-2023_16-37-29.pth
26 Oct 16:41    INFO  epoch 6 training [time: 2.63s, train loss: -0.7708]
26 Oct 16:42    INFO  epoch 6 evaluating [time: 36.58s, valid_score: 0.030200]
26 Oct 16:42    INFO  valid result: 
recall@10 : 0.0437    recall@20 : 0.0664    recall@50 : 0.1037    ndcg@10 : 0.0242    ndcg@20 : 0.0302    ndcg@50 : 0.038    
26 Oct 16:42    INFO  Saving current best: saved/DirectAU-Oct-26-2023_16-37-29.pth
26 Oct 16:42    INFO  epoch 7 training [time: 2.66s, train loss: -0.7922]
26 Oct 16:42    INFO  epoch 7 evaluating [time: 36.76s, valid_score: 0.032300]
26 Oct 16:42    INFO  valid result: 
recall@10 : 0.0459    recall@20 : 0.0704    recall@50 : 0.1087    ndcg@10 : 0.0257    ndcg@20 : 0.0323    ndcg@50 : 0.0402    
26 Oct 16:42    INFO  Saving current best: saved/DirectAU-Oct-26-2023_16-37-29.pth
26 Oct 16:42    INFO  epoch 8 training [time: 2.54s, train loss: -0.8116]
26 Oct 16:43    INFO  epoch 8 evaluating [time: 36.70s, valid_score: 0.033100]
26 Oct 16:43    INFO  valid result: 
recall@10 : 0.0466    recall@20 : 0.0725    recall@50 : 0.1126    ndcg@10 : 0.0262    ndcg@20 : 0.0331    ndcg@50 : 0.0414    
26 Oct 16:43    INFO  Saving current best: saved/DirectAU-Oct-26-2023_16-37-29.pth
26 Oct 16:43    INFO  epoch 9 training [time: 2.58s, train loss: -0.8283]
26 Oct 16:44    INFO  epoch 9 evaluating [time: 37.25s, valid_score: 0.034300]
26 Oct 16:44    INFO  valid result: 
recall@10 : 0.0493    recall@20 : 0.0737    recall@50 : 0.116    ndcg@10 : 0.0278    ndcg@20 : 0.0343    ndcg@50 : 0.0431    
26 Oct 16:44    INFO  Saving current best: saved/DirectAU-Oct-26-2023_16-37-29.pth
26 Oct 16:44    INFO  epoch 10 training [time: 2.59s, train loss: -0.8431]
26 Oct 16:44    INFO  epoch 10 evaluating [time: 37.03s, valid_score: 0.035500]
26 Oct 16:44    INFO  valid result: 
recall@10 : 0.0514    recall@20 : 0.0758    recall@50 : 0.1195    ndcg@10 : 0.029    ndcg@20 : 0.0355    ndcg@50 : 0.0446    
26 Oct 16:44    INFO  Saving current best: saved/DirectAU-Oct-26-2023_16-37-29.pth
26 Oct 16:44    INFO  epoch 11 training [time: 2.33s, train loss: -0.8577]
26 Oct 16:45    INFO  epoch 11 evaluating [time: 37.43s, valid_score: 0.036400]
26 Oct 16:45    INFO  valid result: 
recall@10 : 0.0539    recall@20 : 0.0788    recall@50 : 0.1235    ndcg@10 : 0.0298    ndcg@20 : 0.0364    ndcg@50 : 0.0457    
26 Oct 16:45    INFO  Saving current best: saved/DirectAU-Oct-26-2023_16-37-29.pth
26 Oct 16:45    INFO  epoch 12 training [time: 2.60s, train loss: -0.8703]
26 Oct 16:46    INFO  epoch 12 evaluating [time: 36.96s, valid_score: 0.037600]
26 Oct 16:46    INFO  valid result: 
recall@10 : 0.0549    recall@20 : 0.0817    recall@50 : 0.1263    ndcg@10 : 0.0306    ndcg@20 : 0.0376    ndcg@50 : 0.0469    
26 Oct 16:46    INFO  Saving current best: saved/DirectAU-Oct-26-2023_16-37-29.pth
26 Oct 16:46    INFO  epoch 13 training [time: 2.61s, train loss: -0.8829]
26 Oct 16:46    INFO  epoch 13 evaluating [time: 37.57s, valid_score: 0.038900]
26 Oct 16:46    INFO  valid result: 
recall@10 : 0.0559    recall@20 : 0.0839    recall@50 : 0.1288    ndcg@10 : 0.0315    ndcg@20 : 0.0389    ndcg@50 : 0.0481    
26 Oct 16:46    INFO  Saving current best: saved/DirectAU-Oct-26-2023_16-37-29.pth
26 Oct 16:46    INFO  epoch 14 training [time: 2.61s, train loss: -0.8938]
26 Oct 16:47    INFO  epoch 14 evaluating [time: 36.90s, valid_score: 0.039400]
26 Oct 16:47    INFO  valid result: 
recall@10 : 0.0577    recall@20 : 0.0856    recall@50 : 0.1307    ndcg@10 : 0.032    ndcg@20 : 0.0394    ndcg@50 : 0.0487    
26 Oct 16:47    INFO  Saving current best: saved/DirectAU-Oct-26-2023_16-37-29.pth
26 Oct 16:47    INFO  epoch 15 training [time: 2.60s, train loss: -0.9052]
26 Oct 16:48    INFO  epoch 15 evaluating [time: 37.56s, valid_score: 0.040200]
26 Oct 16:48    INFO  valid result: 
recall@10 : 0.0598    recall@20 : 0.0871    recall@50 : 0.1334    ndcg@10 : 0.033    ndcg@20 : 0.0402    ndcg@50 : 0.0498    
26 Oct 16:48    INFO  Saving current best: saved/DirectAU-Oct-26-2023_16-37-29.pth
26 Oct 16:48    INFO  epoch 16 training [time: 2.56s, train loss: -0.9150]
26 Oct 16:48    INFO  epoch 16 evaluating [time: 36.90s, valid_score: 0.041700]
26 Oct 16:48    INFO  valid result: 
recall@10 : 0.0613    recall@20 : 0.0891    recall@50 : 0.1349    ndcg@10 : 0.0344    ndcg@20 : 0.0417    ndcg@50 : 0.0512    
26 Oct 16:48    INFO  Saving current best: saved/DirectAU-Oct-26-2023_16-37-29.pth
26 Oct 16:48    INFO  epoch 17 training [time: 2.57s, train loss: -0.9254]
26 Oct 16:49    INFO  epoch 17 evaluating [time: 37.38s, valid_score: 0.042200]
26 Oct 16:49    INFO  valid result: 
recall@10 : 0.0619    recall@20 : 0.0908    recall@50 : 0.1376    ndcg@10 : 0.0345    ndcg@20 : 0.0422    ndcg@50 : 0.0518    
26 Oct 16:49    INFO  Saving current best: saved/DirectAU-Oct-26-2023_16-37-29.pth
26 Oct 16:49    INFO  epoch 18 training [time: 2.65s, train loss: -0.9349]
26 Oct 16:50    INFO  epoch 18 evaluating [time: 37.28s, valid_score: 0.043100]
26 Oct 16:50    INFO  valid result: 
recall@10 : 0.064    recall@20 : 0.0927    recall@50 : 0.1392    ndcg@10 : 0.0355    ndcg@20 : 0.0431    ndcg@50 : 0.0527    
26 Oct 16:50    INFO  Saving current best: saved/DirectAU-Oct-26-2023_16-37-29.pth
26 Oct 16:50    INFO  epoch 19 training [time: 2.57s, train loss: -0.9438]
26 Oct 16:50    INFO  epoch 19 evaluating [time: 37.13s, valid_score: 0.043800]
26 Oct 16:50    INFO  valid result: 
recall@10 : 0.0656    recall@20 : 0.0937    recall@50 : 0.1416    ndcg@10 : 0.0364    ndcg@20 : 0.0438    ndcg@50 : 0.0537    
26 Oct 16:50    INFO  Saving current best: saved/DirectAU-Oct-26-2023_16-37-29.pth
26 Oct 16:50    INFO  epoch 20 training [time: 2.57s, train loss: -0.9528]
26 Oct 16:51    INFO  epoch 20 evaluating [time: 37.48s, valid_score: 0.043900]
26 Oct 16:51    INFO  valid result: 
recall@10 : 0.0648    recall@20 : 0.0935    recall@50 : 0.1443    ndcg@10 : 0.0363    ndcg@20 : 0.0439    ndcg@50 : 0.0543    
26 Oct 16:51    INFO  Saving current best: saved/DirectAU-Oct-26-2023_16-37-29.pth
26 Oct 16:51    INFO  epoch 21 training [time: 2.64s, train loss: -0.9606]
26 Oct 16:52    INFO  epoch 21 evaluating [time: 37.12s, valid_score: 0.045100]
26 Oct 16:52    INFO  valid result: 
recall@10 : 0.0658    recall@20 : 0.0962    recall@50 : 0.1461    ndcg@10 : 0.0371    ndcg@20 : 0.0451    ndcg@50 : 0.0554    
26 Oct 16:52    INFO  Saving current best: saved/DirectAU-Oct-26-2023_16-37-29.pth
26 Oct 16:52    INFO  epoch 22 training [time: 2.69s, train loss: -0.9687]
26 Oct 16:52    INFO  epoch 22 evaluating [time: 37.60s, valid_score: 0.045800]
26 Oct 16:52    INFO  valid result: 
recall@10 : 0.0671    recall@20 : 0.0973    recall@50 : 0.1468    ndcg@10 : 0.0379    ndcg@20 : 0.0458    ndcg@50 : 0.0561    
26 Oct 16:52    INFO  Saving current best: saved/DirectAU-Oct-26-2023_16-37-29.pth
26 Oct 16:52    INFO  epoch 23 training [time: 2.60s, train loss: -0.9755]
26 Oct 16:53    INFO  epoch 23 evaluating [time: 37.08s, valid_score: 0.046200]
26 Oct 16:53    INFO  valid result: 
recall@10 : 0.0682    recall@20 : 0.0982    recall@50 : 0.1486    ndcg@10 : 0.0383    ndcg@20 : 0.0462    ndcg@50 : 0.0566    
26 Oct 16:53    INFO  Saving current best: saved/DirectAU-Oct-26-2023_16-37-29.pth
26 Oct 16:53    INFO  epoch 24 training [time: 2.59s, train loss: -0.9832]
26 Oct 16:54    INFO  epoch 24 evaluating [time: 37.42s, valid_score: 0.047100]
26 Oct 16:54    INFO  valid result: 
recall@10 : 0.0695    recall@20 : 0.1    recall@50 : 0.15    ndcg@10 : 0.039    ndcg@20 : 0.0471    ndcg@50 : 0.0574    
26 Oct 16:54    INFO  Saving current best: saved/DirectAU-Oct-26-2023_16-37-29.pth
26 Oct 16:54    INFO  epoch 25 training [time: 2.59s, train loss: -0.9905]
26 Oct 16:54    INFO  epoch 25 evaluating [time: 36.98s, valid_score: 0.047500]
26 Oct 16:54    INFO  valid result: 
recall@10 : 0.0688    recall@20 : 0.1015    recall@50 : 0.1522    ndcg@10 : 0.0389    ndcg@20 : 0.0475    ndcg@50 : 0.058    
26 Oct 16:54    INFO  Saving current best: saved/DirectAU-Oct-26-2023_16-37-29.pth
26 Oct 16:54    INFO  epoch 26 training [time: 2.57s, train loss: -0.9970]
26 Oct 16:55    INFO  epoch 26 evaluating [time: 37.54s, valid_score: 0.047900]
26 Oct 16:55    INFO  valid result: 
recall@10 : 0.0698    recall@20 : 0.1013    recall@50 : 0.1542    ndcg@10 : 0.0396    ndcg@20 : 0.0479    ndcg@50 : 0.0588    
26 Oct 16:55    INFO  Saving current best: saved/DirectAU-Oct-26-2023_16-37-29.pth
26 Oct 16:55    INFO  epoch 27 training [time: 2.63s, train loss: -1.0032]
26 Oct 16:56    INFO  epoch 27 evaluating [time: 37.18s, valid_score: 0.048300]
26 Oct 16:56    INFO  valid result: 
recall@10 : 0.0703    recall@20 : 0.103    recall@50 : 0.1558    ndcg@10 : 0.0397    ndcg@20 : 0.0483    ndcg@50 : 0.0592    
26 Oct 16:56    INFO  Saving current best: saved/DirectAU-Oct-26-2023_16-37-29.pth
26 Oct 16:56    INFO  epoch 28 training [time: 2.48s, train loss: -1.0093]
26 Oct 16:56    INFO  epoch 28 evaluating [time: 37.28s, valid_score: 0.049500]
26 Oct 16:56    INFO  valid result: 
recall@10 : 0.0724    recall@20 : 0.1048    recall@50 : 0.1557    ndcg@10 : 0.041    ndcg@20 : 0.0495    ndcg@50 : 0.06    
26 Oct 16:56    INFO  Saving current best: saved/DirectAU-Oct-26-2023_16-37-29.pth
26 Oct 16:56    INFO  epoch 29 training [time: 2.61s, train loss: -1.0152]
26 Oct 16:57    INFO  epoch 29 evaluating [time: 37.02s, valid_score: 0.049800]
26 Oct 16:57    INFO  valid result: 
recall@10 : 0.0728    recall@20 : 0.1058    recall@50 : 0.1582    ndcg@10 : 0.0412    ndcg@20 : 0.0498    ndcg@50 : 0.0606    
26 Oct 16:57    INFO  Saving current best: saved/DirectAU-Oct-26-2023_16-37-29.pth
26 Oct 16:57    INFO  epoch 30 training [time: 2.59s, train loss: -1.0207]
26 Oct 16:58    INFO  epoch 30 evaluating [time: 37.75s, valid_score: 0.050500]
26 Oct 16:58    INFO  valid result: 
recall@10 : 0.0733    recall@20 : 0.1067    recall@50 : 0.1598    ndcg@10 : 0.0418    ndcg@20 : 0.0505    ndcg@50 : 0.0614    
26 Oct 16:58    INFO  Saving current best: saved/DirectAU-Oct-26-2023_16-37-29.pth
26 Oct 16:58    INFO  epoch 31 training [time: 2.63s, train loss: -1.0257]
26 Oct 16:58    INFO  epoch 31 evaluating [time: 37.23s, valid_score: 0.051000]
26 Oct 16:58    INFO  valid result: 
recall@10 : 0.0741    recall@20 : 0.1069    recall@50 : 0.1608    ndcg@10 : 0.0424    ndcg@20 : 0.051    ndcg@50 : 0.0621    
26 Oct 16:58    INFO  Saving current best: saved/DirectAU-Oct-26-2023_16-37-29.pth
26 Oct 16:58    INFO  epoch 32 training [time: 2.62s, train loss: -1.0319]
26 Oct 16:59    INFO  epoch 32 evaluating [time: 37.60s, valid_score: 0.051100]
26 Oct 16:59    INFO  valid result: 
recall@10 : 0.0733    recall@20 : 0.1081    recall@50 : 0.1629    ndcg@10 : 0.042    ndcg@20 : 0.0511    ndcg@50 : 0.0624    
26 Oct 16:59    INFO  Saving current best: saved/DirectAU-Oct-26-2023_16-37-29.pth
26 Oct 16:59    INFO  epoch 33 training [time: 2.59s, train loss: -1.0364]
26 Oct 17:00    INFO  epoch 33 evaluating [time: 37.12s, valid_score: 0.051900]
26 Oct 17:00    INFO  valid result: 
recall@10 : 0.0757    recall@20 : 0.1091    recall@50 : 0.1645    ndcg@10 : 0.0432    ndcg@20 : 0.0519    ndcg@50 : 0.0633    
26 Oct 17:00    INFO  Saving current best: saved/DirectAU-Oct-26-2023_16-37-29.pth
26 Oct 17:00    INFO  epoch 34 training [time: 2.60s, train loss: -1.0410]
26 Oct 17:00    INFO  epoch 34 evaluating [time: 37.92s, valid_score: 0.052200]
26 Oct 17:00    INFO  valid result: 
recall@10 : 0.0759    recall@20 : 0.1111    recall@50 : 0.1655    ndcg@10 : 0.043    ndcg@20 : 0.0522    ndcg@50 : 0.0634    
26 Oct 17:00    INFO  Saving current best: saved/DirectAU-Oct-26-2023_16-37-29.pth
26 Oct 17:00    INFO  epoch 35 training [time: 2.63s, train loss: -1.0455]
26 Oct 17:01    INFO  epoch 35 evaluating [time: 37.43s, valid_score: 0.053200]
26 Oct 17:01    INFO  valid result: 
recall@10 : 0.0762    recall@20 : 0.1127    recall@50 : 0.1663    ndcg@10 : 0.0437    ndcg@20 : 0.0532    ndcg@50 : 0.0642    
26 Oct 17:01    INFO  Saving current best: saved/DirectAU-Oct-26-2023_16-37-29.pth
26 Oct 17:01    INFO  epoch 36 training [time: 2.56s, train loss: -1.0500]
26 Oct 17:02    INFO  epoch 36 evaluating [time: 37.59s, valid_score: 0.053500]
26 Oct 17:02    INFO  valid result: 
recall@10 : 0.0768    recall@20 : 0.1133    recall@50 : 0.1668    ndcg@10 : 0.0439    ndcg@20 : 0.0535    ndcg@50 : 0.0644    
26 Oct 17:02    INFO  Saving current best: saved/DirectAU-Oct-26-2023_16-37-29.pth
26 Oct 17:02    INFO  epoch 37 training [time: 2.55s, train loss: -1.0542]
26 Oct 17:02    INFO  epoch 37 evaluating [time: 37.42s, valid_score: 0.053900]
26 Oct 17:02    INFO  valid result: 
recall@10 : 0.0782    recall@20 : 0.1135    recall@50 : 0.1672    ndcg@10 : 0.0446    ndcg@20 : 0.0539    ndcg@50 : 0.0649    
26 Oct 17:02    INFO  Saving current best: saved/DirectAU-Oct-26-2023_16-37-29.pth
26 Oct 17:02    INFO  epoch 38 training [time: 2.63s, train loss: -1.0579]
26 Oct 17:03    INFO  epoch 38 evaluating [time: 37.00s, valid_score: 0.053900]
26 Oct 17:03    INFO  valid result: 
recall@10 : 0.0789    recall@20 : 0.1145    recall@50 : 0.1691    ndcg@10 : 0.0446    ndcg@20 : 0.0539    ndcg@50 : 0.0651    
26 Oct 17:03    INFO  epoch 39 training [time: 2.67s, train loss: -1.0621]
26 Oct 17:04    INFO  epoch 39 evaluating [time: 37.48s, valid_score: 0.054300]
26 Oct 17:04    INFO  valid result: 
recall@10 : 0.0793    recall@20 : 0.1154    recall@50 : 0.1686    ndcg@10 : 0.0449    ndcg@20 : 0.0543    ndcg@50 : 0.0652    
26 Oct 17:04    INFO  Saving current best: saved/DirectAU-Oct-26-2023_16-37-29.pth
26 Oct 17:04    INFO  epoch 40 training [time: 2.63s, train loss: -1.0655]
26 Oct 17:04    INFO  epoch 40 evaluating [time: 37.07s, valid_score: 0.054900]
26 Oct 17:04    INFO  valid result: 
recall@10 : 0.0802    recall@20 : 0.1157    recall@50 : 0.1705    ndcg@10 : 0.0456    ndcg@20 : 0.0549    ndcg@50 : 0.0662    
26 Oct 17:04    INFO  Saving current best: saved/DirectAU-Oct-26-2023_16-37-29.pth
26 Oct 17:04    INFO  epoch 41 training [time: 2.60s, train loss: -1.0689]
26 Oct 17:05    INFO  epoch 41 evaluating [time: 37.51s, valid_score: 0.055300]
26 Oct 17:05    INFO  valid result: 
recall@10 : 0.0803    recall@20 : 0.1164    recall@50 : 0.1707    ndcg@10 : 0.0458    ndcg@20 : 0.0553    ndcg@50 : 0.0665    
26 Oct 17:05    INFO  Saving current best: saved/DirectAU-Oct-26-2023_16-37-29.pth
26 Oct 17:05    INFO  epoch 42 training [time: 2.54s, train loss: -1.0727]
26 Oct 17:06    INFO  epoch 42 evaluating [time: 36.83s, valid_score: 0.056000]
26 Oct 17:06    INFO  valid result: 
recall@10 : 0.0805    recall@20 : 0.1176    recall@50 : 0.171    ndcg@10 : 0.0463    ndcg@20 : 0.056    ndcg@50 : 0.067    
26 Oct 17:06    INFO  Saving current best: saved/DirectAU-Oct-26-2023_16-37-29.pth
26 Oct 17:06    INFO  epoch 43 training [time: 2.60s, train loss: -1.0757]
26 Oct 17:06    INFO  epoch 43 evaluating [time: 37.45s, valid_score: 0.055700]
26 Oct 17:06    INFO  valid result: 
recall@10 : 0.0813    recall@20 : 0.1176    recall@50 : 0.1733    ndcg@10 : 0.0462    ndcg@20 : 0.0557    ndcg@50 : 0.0672    
26 Oct 17:06    INFO  epoch 44 training [time: 2.38s, train loss: -1.0790]
26 Oct 17:07    INFO  epoch 44 evaluating [time: 36.90s, valid_score: 0.056200]
26 Oct 17:07    INFO  valid result: 
recall@10 : 0.0815    recall@20 : 0.1176    recall@50 : 0.1732    ndcg@10 : 0.0468    ndcg@20 : 0.0562    ndcg@50 : 0.0677    
26 Oct 17:07    INFO  Saving current best: saved/DirectAU-Oct-26-2023_16-37-29.pth
26 Oct 17:07    INFO  epoch 45 training [time: 2.60s, train loss: -1.0821]
26 Oct 17:08    INFO  epoch 45 evaluating [time: 37.55s, valid_score: 0.056200]
26 Oct 17:08    INFO  valid result: 
recall@10 : 0.0825    recall@20 : 0.1182    recall@50 : 0.1745    ndcg@10 : 0.0468    ndcg@20 : 0.0562    ndcg@50 : 0.0678    
26 Oct 17:08    INFO  epoch 46 training [time: 2.54s, train loss: -1.0849]
26 Oct 17:08    INFO  epoch 46 evaluating [time: 37.04s, valid_score: 0.056800]
26 Oct 17:08    INFO  valid result: 
recall@10 : 0.0828    recall@20 : 0.1192    recall@50 : 0.175    ndcg@10 : 0.0473    ndcg@20 : 0.0568    ndcg@50 : 0.0683    
26 Oct 17:08    INFO  Saving current best: saved/DirectAU-Oct-26-2023_16-37-29.pth
26 Oct 17:08    INFO  epoch 47 training [time: 2.63s, train loss: -1.0876]
26 Oct 17:09    INFO  epoch 47 evaluating [time: 37.57s, valid_score: 0.057000]
26 Oct 17:09    INFO  valid result: 
recall@10 : 0.0827    recall@20 : 0.1196    recall@50 : 0.1768    ndcg@10 : 0.0473    ndcg@20 : 0.057    ndcg@50 : 0.0688    
26 Oct 17:09    INFO  Saving current best: saved/DirectAU-Oct-26-2023_16-37-29.pth
26 Oct 17:09    INFO  epoch 48 training [time: 2.56s, train loss: -1.0902]
26 Oct 17:10    INFO  epoch 48 evaluating [time: 36.98s, valid_score: 0.057400]
26 Oct 17:10    INFO  valid result: 
recall@10 : 0.0838    recall@20 : 0.1208    recall@50 : 0.1764    ndcg@10 : 0.0477    ndcg@20 : 0.0574    ndcg@50 : 0.0688    
26 Oct 17:10    INFO  Saving current best: saved/DirectAU-Oct-26-2023_16-37-29.pth
26 Oct 17:10    INFO  epoch 49 training [time: 2.65s, train loss: -1.0926]
26 Oct 17:10    INFO  epoch 49 evaluating [time: 37.51s, valid_score: 0.057400]
26 Oct 17:10    INFO  valid result: 
recall@10 : 0.0843    recall@20 : 0.1208    recall@50 : 0.1787    ndcg@10 : 0.0478    ndcg@20 : 0.0574    ndcg@50 : 0.0693    
26 Oct 17:10    INFO  epoch 50 training [time: 2.64s, train loss: -1.0948]
26 Oct 17:11    INFO  epoch 50 evaluating [time: 36.70s, valid_score: 0.058000]
26 Oct 17:11    INFO  valid result: 
recall@10 : 0.0848    recall@20 : 0.1212    recall@50 : 0.1781    ndcg@10 : 0.0485    ndcg@20 : 0.058    ndcg@50 : 0.0698    
26 Oct 17:11    INFO  Saving current best: saved/DirectAU-Oct-26-2023_16-37-29.pth
26 Oct 17:11    INFO  epoch 51 training [time: 2.60s, train loss: -1.0968]
26 Oct 17:12    INFO  epoch 51 evaluating [time: 37.53s, valid_score: 0.058100]
26 Oct 17:12    INFO  valid result: 
recall@10 : 0.085    recall@20 : 0.122    recall@50 : 0.1789    ndcg@10 : 0.0483    ndcg@20 : 0.0581    ndcg@50 : 0.0698    
26 Oct 17:12    INFO  Saving current best: saved/DirectAU-Oct-26-2023_16-37-29.pth
26 Oct 17:12    INFO  epoch 52 training [time: 2.57s, train loss: -1.0990]
26 Oct 17:12    INFO  epoch 52 evaluating [time: 37.52s, valid_score: 0.058400]
26 Oct 17:12    INFO  valid result: 
recall@10 : 0.0859    recall@20 : 0.1222    recall@50 : 0.179    ndcg@10 : 0.0488    ndcg@20 : 0.0584    ndcg@50 : 0.0701    
26 Oct 17:12    INFO  Saving current best: saved/DirectAU-Oct-26-2023_16-37-29.pth
26 Oct 17:12    INFO  epoch 53 training [time: 2.54s, train loss: -1.1014]
26 Oct 17:13    INFO  epoch 53 evaluating [time: 37.61s, valid_score: 0.058700]
26 Oct 17:13    INFO  valid result: 
recall@10 : 0.0858    recall@20 : 0.1229    recall@50 : 0.1808    ndcg@10 : 0.0489    ndcg@20 : 0.0587    ndcg@50 : 0.0706    
26 Oct 17:13    INFO  Saving current best: saved/DirectAU-Oct-26-2023_16-37-29.pth
26 Oct 17:13    INFO  epoch 54 training [time: 2.65s, train loss: -1.1035]
26 Oct 17:14    INFO  epoch 54 evaluating [time: 37.60s, valid_score: 0.059000]
26 Oct 17:14    INFO  valid result: 
recall@10 : 0.0864    recall@20 : 0.1235    recall@50 : 0.1814    ndcg@10 : 0.0493    ndcg@20 : 0.059    ndcg@50 : 0.0709    
26 Oct 17:14    INFO  Saving current best: saved/DirectAU-Oct-26-2023_16-37-29.pth
26 Oct 17:14    INFO  epoch 55 training [time: 2.57s, train loss: -1.1055]
26 Oct 17:14    INFO  epoch 55 evaluating [time: 37.12s, valid_score: 0.059400]
26 Oct 17:14    INFO  valid result: 
recall@10 : 0.0866    recall@20 : 0.1245    recall@50 : 0.1813    ndcg@10 : 0.0495    ndcg@20 : 0.0594    ndcg@50 : 0.0711    
26 Oct 17:14    INFO  Saving current best: saved/DirectAU-Oct-26-2023_16-37-29.pth
26 Oct 17:14    INFO  epoch 56 training [time: 2.57s, train loss: -1.1069]
26 Oct 17:15    INFO  epoch 56 evaluating [time: 37.59s, valid_score: 0.059600]
26 Oct 17:15    INFO  valid result: 
recall@10 : 0.0876    recall@20 : 0.1245    recall@50 : 0.1826    ndcg@10 : 0.0499    ndcg@20 : 0.0596    ndcg@50 : 0.0715    
26 Oct 17:15    INFO  Saving current best: saved/DirectAU-Oct-26-2023_16-37-29.pth
26 Oct 17:15    INFO  epoch 57 training [time: 2.53s, train loss: -1.1090]
26 Oct 17:16    INFO  epoch 57 evaluating [time: 37.00s, valid_score: 0.059600]
26 Oct 17:16    INFO  valid result: 
recall@10 : 0.0876    recall@20 : 0.1254    recall@50 : 0.1833    ndcg@10 : 0.0497    ndcg@20 : 0.0596    ndcg@50 : 0.0715    
26 Oct 17:16    INFO  epoch 58 training [time: 2.60s, train loss: -1.1105]
26 Oct 17:16    INFO  epoch 58 evaluating [time: 37.56s, valid_score: 0.059700]
26 Oct 17:16    INFO  valid result: 
recall@10 : 0.0875    recall@20 : 0.1253    recall@50 : 0.1836    ndcg@10 : 0.0498    ndcg@20 : 0.0597    ndcg@50 : 0.0717    
26 Oct 17:16    INFO  Saving current best: saved/DirectAU-Oct-26-2023_16-37-29.pth
26 Oct 17:16    INFO  epoch 59 training [time: 2.43s, train loss: -1.1121]
26 Oct 17:17    INFO  epoch 59 evaluating [time: 37.03s, valid_score: 0.059800]
26 Oct 17:17    INFO  valid result: 
recall@10 : 0.0878    recall@20 : 0.1259    recall@50 : 0.1841    ndcg@10 : 0.0498    ndcg@20 : 0.0598    ndcg@50 : 0.0717    
26 Oct 17:17    INFO  Saving current best: saved/DirectAU-Oct-26-2023_16-37-29.pth
26 Oct 17:17    INFO  epoch 60 training [time: 2.57s, train loss: -1.1136]
26 Oct 17:18    INFO  epoch 60 evaluating [time: 37.48s, valid_score: 0.060200]
26 Oct 17:18    INFO  valid result: 
recall@10 : 0.089    recall@20 : 0.1263    recall@50 : 0.1858    ndcg@10 : 0.0504    ndcg@20 : 0.0602    ndcg@50 : 0.0724    
26 Oct 17:18    INFO  Saving current best: saved/DirectAU-Oct-26-2023_16-37-29.pth
26 Oct 17:18    INFO  epoch 61 training [time: 2.64s, train loss: -1.1150]
26 Oct 17:18    INFO  epoch 61 evaluating [time: 37.01s, valid_score: 0.060500]
26 Oct 17:18    INFO  valid result: 
recall@10 : 0.0889    recall@20 : 0.1275    recall@50 : 0.1849    ndcg@10 : 0.0505    ndcg@20 : 0.0605    ndcg@50 : 0.0723    
26 Oct 17:18    INFO  Saving current best: saved/DirectAU-Oct-26-2023_16-37-29.pth
26 Oct 17:18    INFO  epoch 62 training [time: 2.60s, train loss: -1.1165]
26 Oct 17:19    INFO  epoch 62 evaluating [time: 37.41s, valid_score: 0.060600]
26 Oct 17:19    INFO  valid result: 
recall@10 : 0.089    recall@20 : 0.1269    recall@50 : 0.186    ndcg@10 : 0.0506    ndcg@20 : 0.0606    ndcg@50 : 0.0727    
26 Oct 17:19    INFO  Saving current best: saved/DirectAU-Oct-26-2023_16-37-29.pth
26 Oct 17:19    INFO  epoch 63 training [time: 2.60s, train loss: -1.1179]
26 Oct 17:20    INFO  epoch 63 evaluating [time: 36.86s, valid_score: 0.060700]
26 Oct 17:20    INFO  valid result: 
recall@10 : 0.089    recall@20 : 0.1272    recall@50 : 0.1865    ndcg@10 : 0.0508    ndcg@20 : 0.0607    ndcg@50 : 0.0729    
26 Oct 17:20    INFO  Saving current best: saved/DirectAU-Oct-26-2023_16-37-29.pth
26 Oct 17:20    INFO  epoch 64 training [time: 2.57s, train loss: -1.1193]
26 Oct 17:20    INFO  epoch 64 evaluating [time: 37.60s, valid_score: 0.061000]
26 Oct 17:20    INFO  valid result: 
recall@10 : 0.0895    recall@20 : 0.1279    recall@50 : 0.1869    ndcg@10 : 0.051    ndcg@20 : 0.061    ndcg@50 : 0.0732    
26 Oct 17:20    INFO  Saving current best: saved/DirectAU-Oct-26-2023_16-37-29.pth
26 Oct 17:20    INFO  epoch 65 training [time: 2.41s, train loss: -1.1206]
26 Oct 17:21    INFO  epoch 65 evaluating [time: 37.10s, valid_score: 0.061600]
26 Oct 17:21    INFO  valid result: 
recall@10 : 0.0902    recall@20 : 0.1291    recall@50 : 0.1862    ndcg@10 : 0.0515    ndcg@20 : 0.0616    ndcg@50 : 0.0734    
26 Oct 17:21    INFO  Saving current best: saved/DirectAU-Oct-26-2023_16-37-29.pth
26 Oct 17:21    INFO  epoch 66 training [time: 2.59s, train loss: -1.1215]
26 Oct 17:22    INFO  epoch 66 evaluating [time: 37.81s, valid_score: 0.061700]
26 Oct 17:22    INFO  valid result: 
recall@10 : 0.0904    recall@20 : 0.1283    recall@50 : 0.187    ndcg@10 : 0.0517    ndcg@20 : 0.0617    ndcg@50 : 0.0737    
26 Oct 17:22    INFO  Saving current best: saved/DirectAU-Oct-26-2023_16-37-29.pth
26 Oct 17:22    INFO  epoch 67 training [time: 2.61s, train loss: -1.1228]
26 Oct 17:22    INFO  epoch 67 evaluating [time: 37.07s, valid_score: 0.061600]
26 Oct 17:22    INFO  valid result: 
recall@10 : 0.0904    recall@20 : 0.1285    recall@50 : 0.1883    ndcg@10 : 0.0516    ndcg@20 : 0.0616    ndcg@50 : 0.0739    
26 Oct 17:22    INFO  epoch 68 training [time: 2.47s, train loss: -1.1236]
26 Oct 17:23    INFO  epoch 68 evaluating [time: 37.59s, valid_score: 0.061500]
26 Oct 17:23    INFO  valid result: 
recall@10 : 0.0904    recall@20 : 0.1282    recall@50 : 0.1893    ndcg@10 : 0.0517    ndcg@20 : 0.0615    ndcg@50 : 0.0741    
26 Oct 17:23    INFO  epoch 69 training [time: 2.63s, train loss: -1.1248]
26 Oct 17:24    INFO  epoch 69 evaluating [time: 37.41s, valid_score: 0.061400]
26 Oct 17:24    INFO  valid result: 
recall@10 : 0.0904    recall@20 : 0.1293    recall@50 : 0.1901    ndcg@10 : 0.0512    ndcg@20 : 0.0614    ndcg@50 : 0.0739    
26 Oct 17:24    INFO  epoch 70 training [time: 2.63s, train loss: -1.1261]
26 Oct 17:24    INFO  epoch 70 evaluating [time: 37.40s, valid_score: 0.061800]
26 Oct 17:24    INFO  valid result: 
recall@10 : 0.0909    recall@20 : 0.1291    recall@50 : 0.1905    ndcg@10 : 0.0518    ndcg@20 : 0.0618    ndcg@50 : 0.0744    
26 Oct 17:24    INFO  Saving current best: saved/DirectAU-Oct-26-2023_16-37-29.pth
26 Oct 17:24    INFO  epoch 71 training [time: 2.56s, train loss: -1.1268]
26 Oct 17:25    INFO  epoch 71 evaluating [time: 37.30s, valid_score: 0.061900]
26 Oct 17:25    INFO  valid result: 
recall@10 : 0.0909    recall@20 : 0.1297    recall@50 : 0.1902    ndcg@10 : 0.0518    ndcg@20 : 0.0619    ndcg@50 : 0.0744    
26 Oct 17:25    INFO  Saving current best: saved/DirectAU-Oct-26-2023_16-37-29.pth
26 Oct 17:25    INFO  epoch 72 training [time: 2.60s, train loss: -1.1275]
26 Oct 17:26    INFO  epoch 72 evaluating [time: 37.11s, valid_score: 0.062100]
26 Oct 17:26    INFO  valid result: 
recall@10 : 0.0908    recall@20 : 0.1311    recall@50 : 0.1896    ndcg@10 : 0.0516    ndcg@20 : 0.0621    ndcg@50 : 0.0741    
26 Oct 17:26    INFO  Saving current best: saved/DirectAU-Oct-26-2023_16-37-29.pth
26 Oct 17:26    INFO  epoch 73 training [time: 2.68s, train loss: -1.1283]
26 Oct 17:26    INFO  epoch 73 evaluating [time: 37.69s, valid_score: 0.062200]
26 Oct 17:26    INFO  valid result: 
recall@10 : 0.0917    recall@20 : 0.1304    recall@50 : 0.1911    ndcg@10 : 0.0521    ndcg@20 : 0.0622    ndcg@50 : 0.0746    
26 Oct 17:26    INFO  Saving current best: saved/DirectAU-Oct-26-2023_16-37-29.pth
26 Oct 17:26    INFO  epoch 74 training [time: 2.57s, train loss: -1.1291]
26 Oct 17:27    INFO  epoch 74 evaluating [time: 37.20s, valid_score: 0.062500]
26 Oct 17:27    INFO  valid result: 
recall@10 : 0.0915    recall@20 : 0.1311    recall@50 : 0.1909    ndcg@10 : 0.0522    ndcg@20 : 0.0625    ndcg@50 : 0.0748    
26 Oct 17:27    INFO  Saving current best: saved/DirectAU-Oct-26-2023_16-37-29.pth
26 Oct 17:27    INFO  epoch 75 training [time: 2.63s, train loss: -1.1298]
26 Oct 17:28    INFO  epoch 75 evaluating [time: 37.55s, valid_score: 0.062500]
26 Oct 17:28    INFO  valid result: 
recall@10 : 0.092    recall@20 : 0.1313    recall@50 : 0.1909    ndcg@10 : 0.0522    ndcg@20 : 0.0625    ndcg@50 : 0.0747    
26 Oct 17:28    INFO  epoch 76 training [time: 2.64s, train loss: -1.1308]
26 Oct 17:28    INFO  epoch 76 evaluating [time: 37.09s, valid_score: 0.062600]
26 Oct 17:28    INFO  valid result: 
recall@10 : 0.0923    recall@20 : 0.132    recall@50 : 0.1911    ndcg@10 : 0.0523    ndcg@20 : 0.0626    ndcg@50 : 0.0748    
26 Oct 17:28    INFO  Saving current best: saved/DirectAU-Oct-26-2023_16-37-29.pth
26 Oct 17:28    INFO  epoch 77 training [time: 2.57s, train loss: -1.1312]
26 Oct 17:29    INFO  epoch 77 evaluating [time: 37.55s, valid_score: 0.063000]
26 Oct 17:29    INFO  valid result: 
recall@10 : 0.0923    recall@20 : 0.1319    recall@50 : 0.1917    ndcg@10 : 0.0526    ndcg@20 : 0.063    ndcg@50 : 0.0752    
26 Oct 17:29    INFO  Saving current best: saved/DirectAU-Oct-26-2023_16-37-29.pth
26 Oct 17:29    INFO  epoch 78 training [time: 2.64s, train loss: -1.1319]
26 Oct 17:30    INFO  epoch 78 evaluating [time: 36.85s, valid_score: 0.063200]
26 Oct 17:30    INFO  valid result: 
recall@10 : 0.0931    recall@20 : 0.1322    recall@50 : 0.1919    ndcg@10 : 0.053    ndcg@20 : 0.0632    ndcg@50 : 0.0755    
26 Oct 17:30    INFO  Saving current best: saved/DirectAU-Oct-26-2023_16-37-29.pth
26 Oct 17:30    INFO  epoch 79 training [time: 2.73s, train loss: -1.1325]
26 Oct 17:30    INFO  epoch 79 evaluating [time: 37.73s, valid_score: 0.063400]
26 Oct 17:30    INFO  valid result: 
recall@10 : 0.0933    recall@20 : 0.1327    recall@50 : 0.1919    ndcg@10 : 0.0532    ndcg@20 : 0.0634    ndcg@50 : 0.0756    
26 Oct 17:30    INFO  Saving current best: saved/DirectAU-Oct-26-2023_16-37-29.pth
26 Oct 17:30    INFO  epoch 80 training [time: 2.55s, train loss: -1.1336]
26 Oct 17:31    INFO  epoch 80 evaluating [time: 37.22s, valid_score: 0.063500]
26 Oct 17:31    INFO  valid result: 
recall@10 : 0.0933    recall@20 : 0.1333    recall@50 : 0.1922    ndcg@10 : 0.0531    ndcg@20 : 0.0635    ndcg@50 : 0.0756    
26 Oct 17:31    INFO  Saving current best: saved/DirectAU-Oct-26-2023_16-37-29.pth
26 Oct 17:31    INFO  epoch 81 training [time: 2.53s, train loss: -1.1338]
26 Oct 17:32    INFO  epoch 81 evaluating [time: 37.84s, valid_score: 0.063700]
26 Oct 17:32    INFO  valid result: 
recall@10 : 0.094    recall@20 : 0.1326    recall@50 : 0.1927    ndcg@10 : 0.0536    ndcg@20 : 0.0637    ndcg@50 : 0.076    
26 Oct 17:32    INFO  Saving current best: saved/DirectAU-Oct-26-2023_16-37-29.pth
26 Oct 17:32    INFO  epoch 82 training [time: 2.56s, train loss: -1.1344]
26 Oct 17:32    INFO  epoch 82 evaluating [time: 37.28s, valid_score: 0.063800]
26 Oct 17:32    INFO  valid result: 
recall@10 : 0.0935    recall@20 : 0.1339    recall@50 : 0.1924    ndcg@10 : 0.0532    ndcg@20 : 0.0638    ndcg@50 : 0.0758    
26 Oct 17:32    INFO  Saving current best: saved/DirectAU-Oct-26-2023_16-37-29.pth
26 Oct 17:32    INFO  epoch 83 training [time: 2.28s, train loss: -1.1350]
26 Oct 17:33    INFO  epoch 83 evaluating [time: 37.95s, valid_score: 0.063600]
26 Oct 17:33    INFO  valid result: 
recall@10 : 0.093    recall@20 : 0.1332    recall@50 : 0.1928    ndcg@10 : 0.0531    ndcg@20 : 0.0636    ndcg@50 : 0.0759    
26 Oct 17:33    INFO  epoch 84 training [time: 2.61s, train loss: -1.1355]
26 Oct 17:34    INFO  epoch 84 evaluating [time: 37.17s, valid_score: 0.063400]
26 Oct 17:34    INFO  valid result: 
recall@10 : 0.0934    recall@20 : 0.1342    recall@50 : 0.1927    ndcg@10 : 0.0527    ndcg@20 : 0.0634    ndcg@50 : 0.0754    
26 Oct 17:34    INFO  epoch 85 training [time: 2.61s, train loss: -1.1358]
26 Oct 17:34    INFO  epoch 85 evaluating [time: 37.56s, valid_score: 0.063400]
26 Oct 17:34    INFO  valid result: 
recall@10 : 0.0938    recall@20 : 0.134    recall@50 : 0.1931    ndcg@10 : 0.0529    ndcg@20 : 0.0634    ndcg@50 : 0.0755    
26 Oct 17:34    INFO  epoch 86 training [time: 2.56s, train loss: -1.1365]
26 Oct 17:35    INFO  epoch 86 evaluating [time: 37.10s, valid_score: 0.063400]
26 Oct 17:35    INFO  valid result: 
recall@10 : 0.0936    recall@20 : 0.1338    recall@50 : 0.1929    ndcg@10 : 0.0529    ndcg@20 : 0.0634    ndcg@50 : 0.0756    
26 Oct 17:35    INFO  epoch 87 training [time: 2.60s, train loss: -1.1368]
26 Oct 17:36    INFO  epoch 87 evaluating [time: 37.66s, valid_score: 0.063600]
26 Oct 17:36    INFO  valid result: 
recall@10 : 0.0944    recall@20 : 0.1331    recall@50 : 0.1944    ndcg@10 : 0.0534    ndcg@20 : 0.0636    ndcg@50 : 0.0761    
26 Oct 17:36    INFO  epoch 88 training [time: 2.49s, train loss: -1.1371]
26 Oct 17:36    INFO  epoch 88 evaluating [time: 37.44s, valid_score: 0.064000]
26 Oct 17:36    INFO  valid result: 
recall@10 : 0.0944    recall@20 : 0.1347    recall@50 : 0.1951    ndcg@10 : 0.0535    ndcg@20 : 0.064    ndcg@50 : 0.0764    
26 Oct 17:36    INFO  Saving current best: saved/DirectAU-Oct-26-2023_16-37-29.pth
26 Oct 17:36    INFO  epoch 89 training [time: 2.56s, train loss: -1.1374]
26 Oct 17:37    INFO  epoch 89 evaluating [time: 37.37s, valid_score: 0.064000]
26 Oct 17:37    INFO  valid result: 
recall@10 : 0.0944    recall@20 : 0.1342    recall@50 : 0.1942    ndcg@10 : 0.0536    ndcg@20 : 0.064    ndcg@50 : 0.0763    
26 Oct 17:37    INFO  epoch 90 training [time: 2.61s, train loss: -1.1376]
26 Oct 17:38    INFO  epoch 90 evaluating [time: 37.64s, valid_score: 0.064200]
26 Oct 17:38    INFO  valid result: 
recall@10 : 0.0946    recall@20 : 0.1349    recall@50 : 0.1945    ndcg@10 : 0.0536    ndcg@20 : 0.0642    ndcg@50 : 0.0764    
26 Oct 17:38    INFO  Saving current best: saved/DirectAU-Oct-26-2023_16-37-29.pth
26 Oct 17:38    INFO  epoch 91 training [time: 2.57s, train loss: -1.1380]
26 Oct 17:38    INFO  epoch 91 evaluating [time: 37.15s, valid_score: 0.064100]
26 Oct 17:38    INFO  valid result: 
recall@10 : 0.0937    recall@20 : 0.1343    recall@50 : 0.1944    ndcg@10 : 0.0535    ndcg@20 : 0.0641    ndcg@50 : 0.0765    
26 Oct 17:38    INFO  epoch 92 training [time: 2.58s, train loss: -1.1383]
26 Oct 17:39    INFO  epoch 92 evaluating [time: 37.51s, valid_score: 0.064200]
26 Oct 17:39    INFO  valid result: 
recall@10 : 0.0947    recall@20 : 0.1342    recall@50 : 0.1947    ndcg@10 : 0.0539    ndcg@20 : 0.0642    ndcg@50 : 0.0766    
26 Oct 17:39    INFO  epoch 93 training [time: 2.57s, train loss: -1.1388]
26 Oct 17:40    INFO  epoch 93 evaluating [time: 36.90s, valid_score: 0.064500]
26 Oct 17:40    INFO  valid result: 
recall@10 : 0.0941    recall@20 : 0.1353    recall@50 : 0.195    ndcg@10 : 0.0537    ndcg@20 : 0.0645    ndcg@50 : 0.0767    
26 Oct 17:40    INFO  Saving current best: saved/DirectAU-Oct-26-2023_16-37-29.pth
26 Oct 17:40    INFO  epoch 94 training [time: 2.63s, train loss: -1.1388]
26 Oct 17:40    INFO  epoch 94 evaluating [time: 37.67s, valid_score: 0.064300]
26 Oct 17:40    INFO  valid result: 
recall@10 : 0.0947    recall@20 : 0.1345    recall@50 : 0.1961    ndcg@10 : 0.0539    ndcg@20 : 0.0643    ndcg@50 : 0.0769    
26 Oct 17:40    INFO  epoch 95 training [time: 2.48s, train loss: -1.1393]
26 Oct 17:41    INFO  epoch 95 evaluating [time: 36.99s, valid_score: 0.064400]
26 Oct 17:41    INFO  valid result: 
recall@10 : 0.0945    recall@20 : 0.1351    recall@50 : 0.1951    ndcg@10 : 0.0538    ndcg@20 : 0.0644    ndcg@50 : 0.0767    
26 Oct 17:41    INFO  epoch 96 training [time: 2.62s, train loss: -1.1397]
26 Oct 17:42    INFO  epoch 96 evaluating [time: 37.48s, valid_score: 0.064700]
26 Oct 17:42    INFO  valid result: 
recall@10 : 0.096    recall@20 : 0.1356    recall@50 : 0.1962    ndcg@10 : 0.0544    ndcg@20 : 0.0647    ndcg@50 : 0.0772    
26 Oct 17:42    INFO  Saving current best: saved/DirectAU-Oct-26-2023_16-37-29.pth
26 Oct 17:42    INFO  epoch 97 training [time: 2.52s, train loss: -1.1398]
26 Oct 17:42    INFO  epoch 97 evaluating [time: 37.01s, valid_score: 0.064700]
26 Oct 17:42    INFO  valid result: 
recall@10 : 0.0965    recall@20 : 0.135    recall@50 : 0.1954    ndcg@10 : 0.0546    ndcg@20 : 0.0647    ndcg@50 : 0.0771    
26 Oct 17:42    INFO  epoch 98 training [time: 2.58s, train loss: -1.1403]
26 Oct 17:43    INFO  epoch 98 evaluating [time: 37.67s, valid_score: 0.064900]
26 Oct 17:43    INFO  valid result: 
recall@10 : 0.0954    recall@20 : 0.1358    recall@50 : 0.197    ndcg@10 : 0.0544    ndcg@20 : 0.0649    ndcg@50 : 0.0774    
26 Oct 17:43    INFO  Saving current best: saved/DirectAU-Oct-26-2023_16-37-29.pth
26 Oct 17:43    INFO  epoch 99 training [time: 2.57s, train loss: -1.1398]
26 Oct 17:44    INFO  epoch 99 evaluating [time: 37.07s, valid_score: 0.064600]
26 Oct 17:44    INFO  valid result: 
recall@10 : 0.0955    recall@20 : 0.1353    recall@50 : 0.1959    ndcg@10 : 0.0542    ndcg@20 : 0.0646    ndcg@50 : 0.0771    
26 Oct 17:44    INFO  epoch 100 training [time: 2.55s, train loss: -1.1402]
26 Oct 17:44    INFO  epoch 100 evaluating [time: 37.55s, valid_score: 0.064800]
26 Oct 17:44    INFO  valid result: 
recall@10 : 0.096    recall@20 : 0.1351    recall@50 : 0.1962    ndcg@10 : 0.0546    ndcg@20 : 0.0648    ndcg@50 : 0.0774    
26 Oct 17:44    INFO  epoch 101 training [time: 2.60s, train loss: -1.1407]
26 Oct 17:45    INFO  epoch 101 evaluating [time: 37.08s, valid_score: 0.064900]
26 Oct 17:45    INFO  valid result: 
recall@10 : 0.0958    recall@20 : 0.1361    recall@50 : 0.1967    ndcg@10 : 0.0544    ndcg@20 : 0.0649    ndcg@50 : 0.0773    
26 Oct 17:45    INFO  epoch 102 training [time: 2.60s, train loss: -1.1409]
26 Oct 17:46    INFO  epoch 102 evaluating [time: 37.79s, valid_score: 0.065000]
26 Oct 17:46    INFO  valid result: 
recall@10 : 0.0961    recall@20 : 0.1356    recall@50 : 0.1968    ndcg@10 : 0.0547    ndcg@20 : 0.065    ndcg@50 : 0.0775    
26 Oct 17:46    INFO  Saving current best: saved/DirectAU-Oct-26-2023_16-37-29.pth
26 Oct 17:46    INFO  epoch 103 training [time: 2.59s, train loss: -1.1415]
26 Oct 17:46    INFO  epoch 103 evaluating [time: 36.99s, valid_score: 0.065000]
26 Oct 17:46    INFO  valid result: 
recall@10 : 0.0961    recall@20 : 0.1359    recall@50 : 0.1968    ndcg@10 : 0.0546    ndcg@20 : 0.065    ndcg@50 : 0.0775    
26 Oct 17:46    INFO  epoch 104 training [time: 2.47s, train loss: -1.1413]
26 Oct 17:47    INFO  epoch 104 evaluating [time: 37.53s, valid_score: 0.064700]
26 Oct 17:47    INFO  valid result: 
recall@10 : 0.0967    recall@20 : 0.1359    recall@50 : 0.1966    ndcg@10 : 0.0545    ndcg@20 : 0.0647    ndcg@50 : 0.0772    
26 Oct 17:47    INFO  epoch 105 training [time: 2.62s, train loss: -1.1415]
26 Oct 17:48    INFO  epoch 105 evaluating [time: 37.51s, valid_score: 0.065000]
26 Oct 17:48    INFO  valid result: 
recall@10 : 0.0971    recall@20 : 0.1359    recall@50 : 0.1963    ndcg@10 : 0.0548    ndcg@20 : 0.065    ndcg@50 : 0.0774    
26 Oct 17:48    INFO  epoch 106 training [time: 2.33s, train loss: -1.1422]
26 Oct 17:48    INFO  epoch 106 evaluating [time: 37.22s, valid_score: 0.065000]
26 Oct 17:48    INFO  valid result: 
recall@10 : 0.0967    recall@20 : 0.1358    recall@50 : 0.1965    ndcg@10 : 0.0548    ndcg@20 : 0.065    ndcg@50 : 0.0775    
26 Oct 17:48    INFO  epoch 107 training [time: 2.63s, train loss: -1.1416]
26 Oct 17:49    INFO  epoch 107 evaluating [time: 37.63s, valid_score: 0.065000]
26 Oct 17:49    INFO  valid result: 
recall@10 : 0.0966    recall@20 : 0.1354    recall@50 : 0.1976    ndcg@10 : 0.0548    ndcg@20 : 0.065    ndcg@50 : 0.0778    
26 Oct 17:49    INFO  epoch 108 training [time: 2.66s, train loss: -1.1420]
26 Oct 17:49    INFO  epoch 108 evaluating [time: 37.00s, valid_score: 0.065100]
26 Oct 17:49    INFO  valid result: 
recall@10 : 0.097    recall@20 : 0.1362    recall@50 : 0.1971    ndcg@10 : 0.0548    ndcg@20 : 0.0651    ndcg@50 : 0.0776    
26 Oct 17:49    INFO  Saving current best: saved/DirectAU-Oct-26-2023_16-37-29.pth
26 Oct 17:50    INFO  epoch 109 training [time: 2.63s, train loss: -1.1422]
26 Oct 17:50    INFO  epoch 109 evaluating [time: 37.73s, valid_score: 0.065100]
26 Oct 17:50    INFO  valid result: 
recall@10 : 0.0977    recall@20 : 0.136    recall@50 : 0.1976    ndcg@10 : 0.0551    ndcg@20 : 0.0651    ndcg@50 : 0.0777    
26 Oct 17:50    INFO  epoch 110 training [time: 2.63s, train loss: -1.1423]
26 Oct 17:51    INFO  epoch 110 evaluating [time: 36.99s, valid_score: 0.065200]
26 Oct 17:51    INFO  valid result: 
recall@10 : 0.0969    recall@20 : 0.1363    recall@50 : 0.1971    ndcg@10 : 0.0548    ndcg@20 : 0.0652    ndcg@50 : 0.0776    
26 Oct 17:51    INFO  Saving current best: saved/DirectAU-Oct-26-2023_16-37-29.pth
26 Oct 17:51    INFO  epoch 111 training [time: 2.50s, train loss: -1.1429]
26 Oct 17:51    INFO  epoch 111 evaluating [time: 37.57s, valid_score: 0.065500]
26 Oct 17:51    INFO  valid result: 
recall@10 : 0.0967    recall@20 : 0.1377    recall@50 : 0.1977    ndcg@10 : 0.0548    ndcg@20 : 0.0655    ndcg@50 : 0.0778    
26 Oct 17:51    INFO  Saving current best: saved/DirectAU-Oct-26-2023_16-37-29.pth
26 Oct 17:52    INFO  epoch 112 training [time: 2.55s, train loss: -1.1428]
26 Oct 17:52    INFO  epoch 112 evaluating [time: 37.01s, valid_score: 0.065000]
26 Oct 17:52    INFO  valid result: 
recall@10 : 0.0973    recall@20 : 0.1367    recall@50 : 0.198    ndcg@10 : 0.0548    ndcg@20 : 0.065    ndcg@50 : 0.0776    
26 Oct 17:52    INFO  epoch 113 training [time: 2.55s, train loss: -1.1430]
26 Oct 17:53    INFO  epoch 113 evaluating [time: 37.76s, valid_score: 0.065100]
26 Oct 17:53    INFO  valid result: 
recall@10 : 0.0976    recall@20 : 0.1362    recall@50 : 0.1983    ndcg@10 : 0.055    ndcg@20 : 0.0651    ndcg@50 : 0.0778    
26 Oct 17:53    INFO  epoch 114 training [time: 2.60s, train loss: -1.1433]
26 Oct 17:53    INFO  epoch 114 evaluating [time: 37.09s, valid_score: 0.065300]
26 Oct 17:53    INFO  valid result: 
recall@10 : 0.0978    recall@20 : 0.1368    recall@50 : 0.1981    ndcg@10 : 0.0551    ndcg@20 : 0.0653    ndcg@50 : 0.0779    
26 Oct 17:54    INFO  epoch 115 training [time: 2.57s, train loss: -1.1435]
26 Oct 17:54    INFO  epoch 115 evaluating [time: 37.55s, valid_score: 0.065300]
26 Oct 17:54    INFO  valid result: 
recall@10 : 0.0968    recall@20 : 0.1362    recall@50 : 0.1981    ndcg@10 : 0.055    ndcg@20 : 0.0653    ndcg@50 : 0.078    
26 Oct 17:54    INFO  epoch 116 training [time: 2.57s, train loss: -1.1436]
26 Oct 17:55    INFO  epoch 116 evaluating [time: 36.99s, valid_score: 0.065100]
26 Oct 17:55    INFO  valid result: 
recall@10 : 0.0977    recall@20 : 0.1366    recall@50 : 0.1986    ndcg@10 : 0.0549    ndcg@20 : 0.0651    ndcg@50 : 0.0778    
26 Oct 17:55    INFO  epoch 117 training [time: 2.58s, train loss: -1.1431]
26 Oct 17:55    INFO  epoch 117 evaluating [time: 37.67s, valid_score: 0.065500]
26 Oct 17:55    INFO  valid result: 
recall@10 : 0.0969    recall@20 : 0.1369    recall@50 : 0.1992    ndcg@10 : 0.055    ndcg@20 : 0.0655    ndcg@50 : 0.0783    
26 Oct 17:56    INFO  epoch 118 training [time: 2.59s, train loss: -1.1433]
26 Oct 17:56    INFO  epoch 118 evaluating [time: 37.12s, valid_score: 0.065600]
26 Oct 17:56    INFO  valid result: 
recall@10 : 0.0969    recall@20 : 0.137    recall@50 : 0.198    ndcg@10 : 0.0551    ndcg@20 : 0.0656    ndcg@50 : 0.0781    
26 Oct 17:56    INFO  Saving current best: saved/DirectAU-Oct-26-2023_16-37-29.pth
26 Oct 17:56    INFO  epoch 119 training [time: 2.54s, train loss: -1.1438]
26 Oct 17:57    INFO  epoch 119 evaluating [time: 37.66s, valid_score: 0.065800]
26 Oct 17:57    INFO  valid result: 
recall@10 : 0.0975    recall@20 : 0.1373    recall@50 : 0.1987    ndcg@10 : 0.0554    ndcg@20 : 0.0658    ndcg@50 : 0.0784    
26 Oct 17:57    INFO  Saving current best: saved/DirectAU-Oct-26-2023_16-37-29.pth
26 Oct 17:57    INFO  epoch 120 training [time: 2.61s, train loss: -1.1439]
26 Oct 17:57    INFO  epoch 120 evaluating [time: 37.65s, valid_score: 0.065500]
26 Oct 17:57    INFO  valid result: 
recall@10 : 0.0972    recall@20 : 0.1373    recall@50 : 0.1997    ndcg@10 : 0.055    ndcg@20 : 0.0655    ndcg@50 : 0.0783    
26 Oct 17:58    INFO  epoch 121 training [time: 2.56s, train loss: -1.1440]
26 Oct 17:58    INFO  epoch 121 evaluating [time: 37.58s, valid_score: 0.065500]
26 Oct 17:58    INFO  valid result: 
recall@10 : 0.097    recall@20 : 0.1373    recall@50 : 0.1985    ndcg@10 : 0.055    ndcg@20 : 0.0655    ndcg@50 : 0.0781    
26 Oct 17:58    INFO  epoch 122 training [time: 2.55s, train loss: -1.1444]
26 Oct 17:59    INFO  epoch 122 evaluating [time: 37.47s, valid_score: 0.065700]
26 Oct 17:59    INFO  valid result: 
recall@10 : 0.0973    recall@20 : 0.1381    recall@50 : 0.1992    ndcg@10 : 0.0551    ndcg@20 : 0.0657    ndcg@50 : 0.0783    
26 Oct 17:59    INFO  epoch 123 training [time: 2.35s, train loss: -1.1442]
26 Oct 17:59    INFO  epoch 123 evaluating [time: 37.14s, valid_score: 0.065800]
26 Oct 17:59    INFO  valid result: 
recall@10 : 0.0983    recall@20 : 0.1375    recall@50 : 0.1983    ndcg@10 : 0.0556    ndcg@20 : 0.0658    ndcg@50 : 0.0783    
26 Oct 18:00    INFO  epoch 124 training [time: 2.63s, train loss: -1.1446]
26 Oct 18:00    INFO  epoch 124 evaluating [time: 37.70s, valid_score: 0.065700]
26 Oct 18:00    INFO  valid result: 
recall@10 : 0.0978    recall@20 : 0.137    recall@50 : 0.1984    ndcg@10 : 0.0554    ndcg@20 : 0.0657    ndcg@50 : 0.0783    
26 Oct 18:00    INFO  epoch 125 training [time: 2.56s, train loss: -1.1444]
26 Oct 18:01    INFO  epoch 125 evaluating [time: 36.98s, valid_score: 0.065800]
26 Oct 18:01    INFO  valid result: 
recall@10 : 0.0981    recall@20 : 0.1376    recall@50 : 0.1988    ndcg@10 : 0.0554    ndcg@20 : 0.0658    ndcg@50 : 0.0783    
26 Oct 18:01    INFO  epoch 126 training [time: 2.62s, train loss: -1.1444]
26 Oct 18:01    INFO  epoch 126 evaluating [time: 37.51s, valid_score: 0.065800]
26 Oct 18:01    INFO  valid result: 
recall@10 : 0.0978    recall@20 : 0.1374    recall@50 : 0.1999    ndcg@10 : 0.0555    ndcg@20 : 0.0658    ndcg@50 : 0.0787    
26 Oct 18:02    INFO  epoch 127 training [time: 2.61s, train loss: -1.1445]
26 Oct 18:02    INFO  epoch 127 evaluating [time: 36.95s, valid_score: 0.065900]
26 Oct 18:02    INFO  valid result: 
recall@10 : 0.0985    recall@20 : 0.1377    recall@50 : 0.2006    ndcg@10 : 0.0557    ndcg@20 : 0.0659    ndcg@50 : 0.0788    
26 Oct 18:02    INFO  Saving current best: saved/DirectAU-Oct-26-2023_16-37-29.pth
26 Oct 18:02    INFO  epoch 128 training [time: 2.59s, train loss: -1.1449]
26 Oct 18:03    INFO  epoch 128 evaluating [time: 37.68s, valid_score: 0.066100]
26 Oct 18:03    INFO  valid result: 
recall@10 : 0.098    recall@20 : 0.1376    recall@50 : 0.2001    ndcg@10 : 0.0558    ndcg@20 : 0.0661    ndcg@50 : 0.0789    
26 Oct 18:03    INFO  Saving current best: saved/DirectAU-Oct-26-2023_16-37-29.pth
26 Oct 18:03    INFO  epoch 129 training [time: 2.54s, train loss: -1.1449]
26 Oct 18:03    INFO  epoch 129 evaluating [time: 37.11s, valid_score: 0.065900]
26 Oct 18:03    INFO  valid result: 
recall@10 : 0.0984    recall@20 : 0.1377    recall@50 : 0.2003    ndcg@10 : 0.0556    ndcg@20 : 0.0659    ndcg@50 : 0.0787    
26 Oct 18:04    INFO  epoch 130 training [time: 2.51s, train loss: -1.1451]
26 Oct 18:04    INFO  epoch 130 evaluating [time: 37.68s, valid_score: 0.065900]
26 Oct 18:04    INFO  valid result: 
recall@10 : 0.0983    recall@20 : 0.137    recall@50 : 0.2004    ndcg@10 : 0.0558    ndcg@20 : 0.0659    ndcg@50 : 0.0789    
26 Oct 18:04    INFO  epoch 131 training [time: 2.58s, train loss: -1.1452]
26 Oct 18:05    INFO  epoch 131 evaluating [time: 37.14s, valid_score: 0.066000]
26 Oct 18:05    INFO  valid result: 
recall@10 : 0.0982    recall@20 : 0.1377    recall@50 : 0.2008    ndcg@10 : 0.0557    ndcg@20 : 0.066    ndcg@50 : 0.079    
26 Oct 18:05    INFO  epoch 132 training [time: 2.59s, train loss: -1.1452]
26 Oct 18:05    INFO  epoch 132 evaluating [time: 37.66s, valid_score: 0.066000]
26 Oct 18:05    INFO  valid result: 
recall@10 : 0.0982    recall@20 : 0.1381    recall@50 : 0.2002    ndcg@10 : 0.0556    ndcg@20 : 0.066    ndcg@50 : 0.0787    
26 Oct 18:06    INFO  epoch 133 training [time: 2.49s, train loss: -1.1452]
26 Oct 18:06    INFO  epoch 133 evaluating [time: 37.17s, valid_score: 0.066200]
26 Oct 18:06    INFO  valid result: 
recall@10 : 0.0985    recall@20 : 0.1378    recall@50 : 0.2005    ndcg@10 : 0.0559    ndcg@20 : 0.0662    ndcg@50 : 0.079    
26 Oct 18:06    INFO  Saving current best: saved/DirectAU-Oct-26-2023_16-37-29.pth
26 Oct 18:06    INFO  epoch 134 training [time: 2.56s, train loss: -1.1455]
26 Oct 18:07    INFO  epoch 134 evaluating [time: 37.49s, valid_score: 0.066100]
26 Oct 18:07    INFO  valid result: 
recall@10 : 0.0978    recall@20 : 0.1382    recall@50 : 0.201    ndcg@10 : 0.0556    ndcg@20 : 0.0661    ndcg@50 : 0.079    
26 Oct 18:07    INFO  epoch 135 training [time: 2.55s, train loss: -1.1454]
26 Oct 18:07    INFO  epoch 135 evaluating [time: 36.74s, valid_score: 0.065800]
26 Oct 18:07    INFO  valid result: 
recall@10 : 0.098    recall@20 : 0.1372    recall@50 : 0.2006    ndcg@10 : 0.0556    ndcg@20 : 0.0658    ndcg@50 : 0.0788    
26 Oct 18:08    INFO  epoch 136 training [time: 2.62s, train loss: -1.1458]
26 Oct 18:08    INFO  epoch 136 evaluating [time: 37.37s, valid_score: 0.065800]
26 Oct 18:08    INFO  valid result: 
recall@10 : 0.0987    recall@20 : 0.1369    recall@50 : 0.201    ndcg@10 : 0.0558    ndcg@20 : 0.0658    ndcg@50 : 0.079    
26 Oct 18:08    INFO  epoch 137 training [time: 2.45s, train loss: -1.1456]
26 Oct 18:09    INFO  epoch 137 evaluating [time: 37.05s, valid_score: 0.065900]
26 Oct 18:09    INFO  valid result: 
recall@10 : 0.0992    recall@20 : 0.1372    recall@50 : 0.2015    ndcg@10 : 0.056    ndcg@20 : 0.0659    ndcg@50 : 0.0791    
26 Oct 18:09    INFO  epoch 138 training [time: 2.59s, train loss: -1.1456]
26 Oct 18:09    INFO  epoch 138 evaluating [time: 37.30s, valid_score: 0.066000]
26 Oct 18:09    INFO  valid result: 
recall@10 : 0.0981    recall@20 : 0.1383    recall@50 : 0.2021    ndcg@10 : 0.0556    ndcg@20 : 0.066    ndcg@50 : 0.0791    
26 Oct 18:10    INFO  epoch 139 training [time: 2.58s, train loss: -1.1458]
26 Oct 18:10    INFO  epoch 139 evaluating [time: 37.25s, valid_score: 0.066100]
26 Oct 18:10    INFO  valid result: 
recall@10 : 0.0981    recall@20 : 0.1383    recall@50 : 0.202    ndcg@10 : 0.0556    ndcg@20 : 0.0661    ndcg@50 : 0.0791    
26 Oct 18:10    INFO  epoch 140 training [time: 2.58s, train loss: -1.1459]
26 Oct 18:11    INFO  epoch 140 evaluating [time: 36.82s, valid_score: 0.066200]
26 Oct 18:11    INFO  valid result: 
recall@10 : 0.0986    recall@20 : 0.1382    recall@50 : 0.202    ndcg@10 : 0.0559    ndcg@20 : 0.0662    ndcg@50 : 0.0793    
26 Oct 18:11    INFO  epoch 141 training [time: 2.56s, train loss: -1.1460]
26 Oct 18:11    INFO  epoch 141 evaluating [time: 37.06s, valid_score: 0.066200]
26 Oct 18:11    INFO  valid result: 
recall@10 : 0.099    recall@20 : 0.1379    recall@50 : 0.202    ndcg@10 : 0.056    ndcg@20 : 0.0662    ndcg@50 : 0.0793    
26 Oct 18:11    INFO  epoch 142 training [time: 2.45s, train loss: -1.1462]
26 Oct 18:12    INFO  epoch 142 evaluating [time: 36.59s, valid_score: 0.066100]
26 Oct 18:12    INFO  valid result: 
recall@10 : 0.0991    recall@20 : 0.1376    recall@50 : 0.202    ndcg@10 : 0.0561    ndcg@20 : 0.0661    ndcg@50 : 0.0793    
26 Oct 18:12    INFO  epoch 143 training [time: 2.64s, train loss: -1.1460]
26 Oct 18:13    INFO  epoch 143 evaluating [time: 37.05s, valid_score: 0.066200]
26 Oct 18:13    INFO  valid result: 
recall@10 : 0.0989    recall@20 : 0.1384    recall@50 : 0.2018    ndcg@10 : 0.0559    ndcg@20 : 0.0662    ndcg@50 : 0.0792    
26 Oct 18:13    INFO  epoch 144 training [time: 2.76s, train loss: -1.1464]
26 Oct 18:13    INFO  epoch 144 evaluating [time: 36.71s, valid_score: 0.066500]
26 Oct 18:13    INFO  valid result: 
recall@10 : 0.0993    recall@20 : 0.139    recall@50 : 0.2023    ndcg@10 : 0.0562    ndcg@20 : 0.0665    ndcg@50 : 0.0795    
26 Oct 18:13    INFO  Saving current best: saved/DirectAU-Oct-26-2023_16-37-29.pth
26 Oct 18:13    INFO  epoch 145 training [time: 2.73s, train loss: -1.1465]
26 Oct 18:14    INFO  epoch 145 evaluating [time: 37.35s, valid_score: 0.066400]
26 Oct 18:14    INFO  valid result: 
recall@10 : 0.0993    recall@20 : 0.1384    recall@50 : 0.2036    ndcg@10 : 0.0562    ndcg@20 : 0.0664    ndcg@50 : 0.0797    
26 Oct 18:14    INFO  epoch 146 training [time: 2.69s, train loss: -1.1465]
26 Oct 18:15    INFO  epoch 146 evaluating [time: 36.75s, valid_score: 0.066000]
26 Oct 18:15    INFO  valid result: 
recall@10 : 0.0992    recall@20 : 0.1382    recall@50 : 0.2021    ndcg@10 : 0.0559    ndcg@20 : 0.066    ndcg@50 : 0.0791    
26 Oct 18:15    INFO  epoch 147 training [time: 2.71s, train loss: -1.1463]
26 Oct 18:15    INFO  epoch 147 evaluating [time: 37.15s, valid_score: 0.066200]
26 Oct 18:15    INFO  valid result: 
recall@10 : 0.0988    recall@20 : 0.1383    recall@50 : 0.2024    ndcg@10 : 0.0559    ndcg@20 : 0.0662    ndcg@50 : 0.0793    
26 Oct 18:15    INFO  epoch 148 training [time: 2.70s, train loss: -1.1463]
26 Oct 18:16    INFO  epoch 148 evaluating [time: 36.69s, valid_score: 0.066500]
26 Oct 18:16    INFO  valid result: 
recall@10 : 0.0987    recall@20 : 0.1393    recall@50 : 0.2017    ndcg@10 : 0.0559    ndcg@20 : 0.0665    ndcg@50 : 0.0793    
26 Oct 18:16    INFO  epoch 149 training [time: 2.73s, train loss: -1.1469]
26 Oct 18:17    INFO  epoch 149 evaluating [time: 36.98s, valid_score: 0.066600]
26 Oct 18:17    INFO  valid result: 
recall@10 : 0.0988    recall@20 : 0.1388    recall@50 : 0.2028    ndcg@10 : 0.0561    ndcg@20 : 0.0666    ndcg@50 : 0.0797    
26 Oct 18:17    INFO  Saving current best: saved/DirectAU-Oct-26-2023_16-37-29.pth
26 Oct 18:17    INFO  epoch 150 training [time: 2.73s, train loss: -1.1469]
26 Oct 18:17    INFO  epoch 150 evaluating [time: 36.80s, valid_score: 0.066400]
26 Oct 18:17    INFO  valid result: 
recall@10 : 0.0992    recall@20 : 0.1384    recall@50 : 0.2024    ndcg@10 : 0.0561    ndcg@20 : 0.0664    ndcg@50 : 0.0795    
26 Oct 18:17    INFO  epoch 151 training [time: 2.73s, train loss: -1.1467]
26 Oct 18:18    INFO  epoch 151 evaluating [time: 37.35s, valid_score: 0.066400]
26 Oct 18:18    INFO  valid result: 
recall@10 : 0.0992    recall@20 : 0.1388    recall@50 : 0.2027    ndcg@10 : 0.056    ndcg@20 : 0.0664    ndcg@50 : 0.0795    
26 Oct 18:18    INFO  epoch 152 training [time: 2.44s, train loss: -1.1470]
26 Oct 18:19    INFO  epoch 152 evaluating [time: 36.58s, valid_score: 0.066800]
26 Oct 18:19    INFO  valid result: 
recall@10 : 0.0992    recall@20 : 0.139    recall@50 : 0.2024    ndcg@10 : 0.0564    ndcg@20 : 0.0668    ndcg@50 : 0.0798    
26 Oct 18:19    INFO  Saving current best: saved/DirectAU-Oct-26-2023_16-37-29.pth
26 Oct 18:19    INFO  epoch 153 training [time: 2.72s, train loss: -1.1469]
26 Oct 18:19    INFO  epoch 153 evaluating [time: 37.18s, valid_score: 0.066600]
26 Oct 18:19    INFO  valid result: 
recall@10 : 0.0987    recall@20 : 0.1383    recall@50 : 0.2031    ndcg@10 : 0.0562    ndcg@20 : 0.0666    ndcg@50 : 0.0799    
26 Oct 18:19    INFO  epoch 154 training [time: 2.73s, train loss: -1.1469]
26 Oct 18:20    INFO  epoch 154 evaluating [time: 37.07s, valid_score: 0.066500]
26 Oct 18:20    INFO  valid result: 
recall@10 : 0.0987    recall@20 : 0.1391    recall@50 : 0.2031    ndcg@10 : 0.056    ndcg@20 : 0.0665    ndcg@50 : 0.0796    
26 Oct 18:20    INFO  epoch 155 training [time: 2.62s, train loss: -1.1467]
26 Oct 18:21    INFO  epoch 155 evaluating [time: 36.84s, valid_score: 0.066900]
26 Oct 18:21    INFO  valid result: 
recall@10 : 0.0993    recall@20 : 0.1396    recall@50 : 0.2032    ndcg@10 : 0.0563    ndcg@20 : 0.0669    ndcg@50 : 0.0799    
26 Oct 18:21    INFO  Saving current best: saved/DirectAU-Oct-26-2023_16-37-29.pth
26 Oct 18:21    INFO  epoch 156 training [time: 2.73s, train loss: -1.1469]
26 Oct 18:21    INFO  epoch 156 evaluating [time: 37.23s, valid_score: 0.066700]
26 Oct 18:21    INFO  valid result: 
recall@10 : 0.0987    recall@20 : 0.14    recall@50 : 0.2035    ndcg@10 : 0.0559    ndcg@20 : 0.0667    ndcg@50 : 0.0797    
26 Oct 18:21    INFO  epoch 157 training [time: 2.73s, train loss: -1.1471]
26 Oct 18:22    INFO  epoch 157 evaluating [time: 36.75s, valid_score: 0.066500]
26 Oct 18:22    INFO  valid result: 
recall@10 : 0.0989    recall@20 : 0.1387    recall@50 : 0.2038    ndcg@10 : 0.0561    ndcg@20 : 0.0665    ndcg@50 : 0.0799    
26 Oct 18:22    INFO  epoch 158 training [time: 2.73s, train loss: -1.1470]
26 Oct 18:23    INFO  epoch 158 evaluating [time: 37.39s, valid_score: 0.066300]
26 Oct 18:23    INFO  valid result: 
recall@10 : 0.099    recall@20 : 0.1387    recall@50 : 0.2043    ndcg@10 : 0.056    ndcg@20 : 0.0663    ndcg@50 : 0.0798    
26 Oct 18:23    INFO  epoch 159 training [time: 2.73s, train loss: -1.1472]
26 Oct 18:23    INFO  epoch 159 evaluating [time: 36.64s, valid_score: 0.066500]
26 Oct 18:23    INFO  valid result: 
recall@10 : 0.0984    recall@20 : 0.139    recall@50 : 0.2042    ndcg@10 : 0.0559    ndcg@20 : 0.0665    ndcg@50 : 0.0798    
26 Oct 18:23    INFO  epoch 160 training [time: 2.67s, train loss: -1.1473]
26 Oct 18:24    INFO  epoch 160 evaluating [time: 37.19s, valid_score: 0.066400]
26 Oct 18:24    INFO  valid result: 
recall@10 : 0.0993    recall@20 : 0.139    recall@50 : 0.2036    ndcg@10 : 0.056    ndcg@20 : 0.0664    ndcg@50 : 0.0796    
26 Oct 18:24    INFO  epoch 161 training [time: 2.71s, train loss: -1.1471]
26 Oct 18:25    INFO  epoch 161 evaluating [time: 36.91s, valid_score: 0.066600]
26 Oct 18:25    INFO  valid result: 
recall@10 : 0.0992    recall@20 : 0.1391    recall@50 : 0.2041    ndcg@10 : 0.0562    ndcg@20 : 0.0666    ndcg@50 : 0.0799    
26 Oct 18:25    INFO  epoch 162 training [time: 2.70s, train loss: -1.1469]
26 Oct 18:25    INFO  epoch 162 evaluating [time: 37.29s, valid_score: 0.066500]
26 Oct 18:25    INFO  valid result: 
recall@10 : 0.0994    recall@20 : 0.139    recall@50 : 0.2039    ndcg@10 : 0.0562    ndcg@20 : 0.0665    ndcg@50 : 0.0798    
26 Oct 18:25    INFO  epoch 163 training [time: 2.69s, train loss: -1.1471]
26 Oct 18:26    INFO  epoch 163 evaluating [time: 35.75s, valid_score: 0.066800]
26 Oct 18:26    INFO  valid result: 
recall@10 : 0.0989    recall@20 : 0.1392    recall@50 : 0.2036    ndcg@10 : 0.0563    ndcg@20 : 0.0668    ndcg@50 : 0.08    
26 Oct 18:26    INFO  epoch 164 training [time: 2.74s, train loss: -1.1475]
26 Oct 18:26    INFO  epoch 164 evaluating [time: 28.66s, valid_score: 0.066700]
26 Oct 18:26    INFO  valid result: 
recall@10 : 0.0994    recall@20 : 0.1396    recall@50 : 0.2031    ndcg@10 : 0.0562    ndcg@20 : 0.0667    ndcg@50 : 0.0797    
26 Oct 18:27    INFO  epoch 165 training [time: 2.19s, train loss: -1.1474]
26 Oct 18:27    INFO  epoch 165 evaluating [time: 9.07s, valid_score: 0.066700]
26 Oct 18:27    INFO  valid result: 
recall@10 : 0.0993    recall@20 : 0.1394    recall@50 : 0.2034    ndcg@10 : 0.0563    ndcg@20 : 0.0667    ndcg@50 : 0.0799    
26 Oct 18:27    INFO  epoch 166 training [time: 2.14s, train loss: -1.1477]
26 Oct 18:27    INFO  epoch 166 evaluating [time: 9.19s, valid_score: 0.066700]
26 Oct 18:27    INFO  valid result: 
recall@10 : 0.0994    recall@20 : 0.1395    recall@50 : 0.2035    ndcg@10 : 0.0562    ndcg@20 : 0.0667    ndcg@50 : 0.0798    
26 Oct 18:27    INFO  Finished training, best eval result in epoch 155
26 Oct 18:27    INFO  Loading model structure and parameters from saved/DirectAU-Oct-26-2023_16-37-29.pth
26 Oct 18:27    INFO  best valid : {'recall@10': 0.0993, 'recall@20': 0.1396, 'recall@50': 0.2032, 'ndcg@10': 0.0563, 'ndcg@20': 0.0669, 'ndcg@50': 0.0799}
26 Oct 18:27    INFO  test result: {'recall@10': 0.0999, 'recall@20': 0.1403, 'recall@50': 0.2077, 'ndcg@10': 0.0588, 'ndcg@20': 0.0692, 'ndcg@50': 0.083}
