command line args [--zc 0.3] will not be used in RecBole
26 Oct 16:33    INFO  
General Hyper Parameters:
gpu_id = 7
use_gpu = True
seed = 0
state = INFO
reproducibility = True
data_path = dataset/Gowalla
show_progress = False

Training Hyper Parameters:
checkpoint_dir = saved
epochs = 500
train_batch_size = 1024
learner = adam
learning_rate = 0.001
training_neg_sample_num = 0
training_neg_sample_distribution = uniform
eval_step = 1
stopping_step = 10
clip_grad_norm = None
weight_decay = 1e-06
draw_loss_pic = False
loss_decimal_place = 4

Evaluation Hyper Parameters:
eval_setting = RO_RS,full
group_by_user = True
split_ratio = [0.8, 0.1, 0.1]
leave_one_num = 2
real_time_process = False
metrics = ['Recall', 'NDCG']
topk = [10, 20, 50]
valid_metric = NDCG@20
eval_batch_size = 4096
metric_decimal_place = 4

Dataset Hyper Parameters:
field_separator = 	
seq_separator =  
USER_ID_FIELD = user_id
ITEM_ID_FIELD = item_id
RATING_FIELD = rating
TIME_FIELD = timestamp
seq_len = None
LABEL_FIELD = label
threshold = None
NEG_PREFIX = neg_
load_col = {'inter': ['user_id', 'item_id', 'timestamp']}
unload_col = None
unused_col = None
additional_feat_suffix = None
lowest_val = None
highest_val = None
equal_val = None
not_equal_val = None
max_user_inter_num = None
min_user_inter_num = 5
max_item_inter_num = None
min_item_inter_num = 5
fields_in_same_space = None
preload_weight = None
normalize_field = None
normalize_all = None
ITEM_LIST_LENGTH_FIELD = item_length
LIST_SUFFIX = _list
MAX_ITEM_LIST_LENGTH = 50
POSITION_FIELD = position_id
HEAD_ENTITY_ID_FIELD = head_id
TAIL_ENTITY_ID_FIELD = tail_id
RELATION_ID_FIELD = relation_id
ENTITY_ID_FIELD = entity_id

Other Hyper Parameters: 
valid_metric_bigger = True
BT = 0.1
bt = 0.001
embedding_size = 64
encoder = MF
gamma = 5
times = 1
witem = 0.1
wuser = 0.8
zc = 0.3
rm_dup_inter = None
filter_inter_by_user_or_item = True
SOURCE_ID_FIELD = source_id
TARGET_ID_FIELD = target_id
benchmark_filename = None
MODEL_TYPE = ModelType.GENERAL
MODEL_INPUT_TYPE = InputType.POINTWISE
eval_type = EvaluatorType.RANKING
device = cuda
train_neg_sample_args = {'strategy': 'none'}


26 Oct 16:33    INFO  Gowalla
The number of users: 29859
Average actions of users: 34.408533726304505
The number of items: 40982
Average actions of items: 25.06942241526561
The number of inters: 1027370
The sparsity of the dataset: 99.91604269835769%
Remain Fields: ['user_id', 'item_id']
26 Oct 16:33    INFO  Build [GeneralDataLoader] for [train] with format [InputType.POINTWISE]
26 Oct 16:33    INFO  [train] No Negative Sampling
26 Oct 16:33    INFO  [train] batch_size = [1024], shuffle = [True]

26 Oct 16:33    INFO  Build [GeneralFullDataLoader] for [evaluation] with format [InputType.POINTWISE]
26 Oct 16:33    INFO  Evaluation Setting:
	Group by user_id
	Ordering: {'strategy': 'shuffle'}
	Splitting: {'strategy': 'by_ratio', 'ratios': [0.8, 0.1, 0.1]}
	Negative Sampling: {'strategy': 'full', 'distribution': 'uniform'}
26 Oct 16:33    INFO  [evaluation] batch_size = [4096], shuffle = [False]

26 Oct 16:33    WARNING  Batch size is changed to 40982.
26 Oct 16:33    WARNING  Batch size is changed to 40982.
{'BT': 0.1, 'bt': 0.001, 'embedding_size': 64, 'encoder': 'MF', 'gamma': None, 'times': 1, 'training_neg_sample_num': 0, 'witem': 0.1, 'wuser': 0.8, 'zc': 0.3}
this is encoder MF...
这是directau 的 WUBT 版本...0.3
26 Oct 16:33    INFO  DirectAU(
  (encoder): MFEncoder(
    (user_embedding): Embedding(29859, 64)
    (item_embedding): Embedding(40982, 64)
  )
  (bn): BatchNorm1d(64, eps=1e-05, momentum=0.1, affine=False, track_running_stats=True)
  (projector): Sequential(
    (0): Linear(in_features=64, out_features=64, bias=False)
    (1): BatchNorm1d(64, eps=1e-05, momentum=0.1, affine=True, track_running_stats=True)
    (2): ReLU(inplace=True)
    (3): Linear(in_features=64, out_features=64, bias=False)
    (4): BatchNorm1d(64, eps=1e-05, momentum=0.1, affine=True, track_running_stats=True)
    (5): ReLU(inplace=True)
    (6): Linear(in_features=64, out_features=64, bias=False)
  )
)
Trainable parameters: 4546368
26 Oct 16:34    INFO  epoch 0 training [time: 15.89s, train loss: -17.4715]
26 Oct 16:34    INFO  epoch 0 evaluating [time: 15.10s, valid_score: 0.027800]
26 Oct 16:34    INFO  valid result: 
recall@10 : 0.0317    recall@20 : 0.0483    recall@50 : 0.0815    ndcg@10 : 0.0226    ndcg@20 : 0.0278    ndcg@50 : 0.0366    
26 Oct 16:34    INFO  Saving current best: saved/DirectAU-Oct-26-2023_16-33-47.pth
26 Oct 16:34    INFO  epoch 1 training [time: 15.90s, train loss: -17.8772]
26 Oct 16:34    INFO  epoch 1 evaluating [time: 14.63s, valid_score: 0.043700]
26 Oct 16:34    INFO  valid result: 
recall@10 : 0.051    recall@20 : 0.0787    recall@50 : 0.1338    ndcg@10 : 0.0354    ndcg@20 : 0.0437    ndcg@50 : 0.0577    
26 Oct 16:34    INFO  Saving current best: saved/DirectAU-Oct-26-2023_16-33-47.pth
26 Oct 16:35    INFO  epoch 2 training [time: 15.97s, train loss: -17.9914]
26 Oct 16:35    INFO  epoch 2 evaluating [time: 14.74s, valid_score: 0.051700]
26 Oct 16:35    INFO  valid result: 
recall@10 : 0.0623    recall@20 : 0.0934    recall@50 : 0.1559    ndcg@10 : 0.0424    ndcg@20 : 0.0517    ndcg@50 : 0.0675    
26 Oct 16:35    INFO  Saving current best: saved/DirectAU-Oct-26-2023_16-33-47.pth
26 Oct 16:35    INFO  epoch 3 training [time: 15.97s, train loss: -18.0469]
26 Oct 16:35    INFO  epoch 3 evaluating [time: 14.56s, valid_score: 0.056800]
26 Oct 16:35    INFO  valid result: 
recall@10 : 0.0681    recall@20 : 0.1032    recall@50 : 0.1722    ndcg@10 : 0.0463    ndcg@20 : 0.0568    ndcg@50 : 0.074    
26 Oct 16:35    INFO  Saving current best: saved/DirectAU-Oct-26-2023_16-33-47.pth
26 Oct 16:36    INFO  epoch 4 training [time: 15.94s, train loss: -18.0823]
26 Oct 16:36    INFO  epoch 4 evaluating [time: 14.70s, valid_score: 0.059500]
26 Oct 16:36    INFO  valid result: 
recall@10 : 0.0711    recall@20 : 0.1076    recall@50 : 0.1818    ndcg@10 : 0.0486    ndcg@20 : 0.0595    ndcg@50 : 0.0779    
26 Oct 16:36    INFO  Saving current best: saved/DirectAU-Oct-26-2023_16-33-47.pth
26 Oct 16:36    INFO  epoch 5 training [time: 15.93s, train loss: -18.1080]
26 Oct 16:36    INFO  epoch 5 evaluating [time: 14.59s, valid_score: 0.062500]
26 Oct 16:36    INFO  valid result: 
recall@10 : 0.0747    recall@20 : 0.1132    recall@50 : 0.1887    ndcg@10 : 0.051    ndcg@20 : 0.0625    ndcg@50 : 0.0811    
26 Oct 16:36    INFO  Saving current best: saved/DirectAU-Oct-26-2023_16-33-47.pth
26 Oct 16:37    INFO  epoch 6 training [time: 15.94s, train loss: -18.1287]
26 Oct 16:37    INFO  epoch 6 evaluating [time: 14.85s, valid_score: 0.064700]
26 Oct 16:37    INFO  valid result: 
recall@10 : 0.0779    recall@20 : 0.1162    recall@50 : 0.1944    ndcg@10 : 0.0533    ndcg@20 : 0.0647    ndcg@50 : 0.084    
26 Oct 16:37    INFO  Saving current best: saved/DirectAU-Oct-26-2023_16-33-47.pth
26 Oct 16:37    INFO  epoch 7 training [time: 15.94s, train loss: -18.1455]
26 Oct 16:37    INFO  epoch 7 evaluating [time: 14.83s, valid_score: 0.066500]
26 Oct 16:37    INFO  valid result: 
recall@10 : 0.0813    recall@20 : 0.1206    recall@50 : 0.2025    ndcg@10 : 0.0549    ndcg@20 : 0.0665    ndcg@50 : 0.0866    
26 Oct 16:37    INFO  Saving current best: saved/DirectAU-Oct-26-2023_16-33-47.pth
26 Oct 16:38    INFO  epoch 8 training [time: 15.92s, train loss: -18.1597]
26 Oct 16:38    INFO  epoch 8 evaluating [time: 14.97s, valid_score: 0.069000]
26 Oct 16:38    INFO  valid result: 
recall@10 : 0.0832    recall@20 : 0.1252    recall@50 : 0.2094    ndcg@10 : 0.0566    ndcg@20 : 0.069    ndcg@50 : 0.0896    
26 Oct 16:38    INFO  Saving current best: saved/DirectAU-Oct-26-2023_16-33-47.pth
26 Oct 16:38    INFO  epoch 9 training [time: 15.97s, train loss: -18.1732]
26 Oct 16:38    INFO  epoch 9 evaluating [time: 14.74s, valid_score: 0.071000]
26 Oct 16:38    INFO  valid result: 
recall@10 : 0.0856    recall@20 : 0.1278    recall@50 : 0.2144    ndcg@10 : 0.0585    ndcg@20 : 0.071    ndcg@50 : 0.0922    
26 Oct 16:38    INFO  Saving current best: saved/DirectAU-Oct-26-2023_16-33-47.pth
26 Oct 16:39    INFO  epoch 10 training [time: 15.99s, train loss: -18.1848]
26 Oct 16:39    INFO  epoch 10 evaluating [time: 15.11s, valid_score: 0.072200]
26 Oct 16:39    INFO  valid result: 
recall@10 : 0.0866    recall@20 : 0.1303    recall@50 : 0.2205    ndcg@10 : 0.0593    ndcg@20 : 0.0722    ndcg@50 : 0.0943    
26 Oct 16:39    INFO  Saving current best: saved/DirectAU-Oct-26-2023_16-33-47.pth
26 Oct 16:39    INFO  epoch 11 training [time: 15.96s, train loss: -18.1948]
26 Oct 16:39    INFO  epoch 11 evaluating [time: 15.26s, valid_score: 0.074500]
26 Oct 16:39    INFO  valid result: 
recall@10 : 0.0888    recall@20 : 0.1356    recall@50 : 0.2245    ndcg@10 : 0.0609    ndcg@20 : 0.0745    ndcg@50 : 0.0964    
26 Oct 16:39    INFO  Saving current best: saved/DirectAU-Oct-26-2023_16-33-47.pth
26 Oct 16:40    INFO  epoch 12 training [time: 15.93s, train loss: -18.2041]
26 Oct 16:40    INFO  epoch 12 evaluating [time: 14.93s, valid_score: 0.076200]
26 Oct 16:40    INFO  valid result: 
recall@10 : 0.0917    recall@20 : 0.1384    recall@50 : 0.2282    ndcg@10 : 0.0625    ndcg@20 : 0.0762    ndcg@50 : 0.0983    
26 Oct 16:40    INFO  Saving current best: saved/DirectAU-Oct-26-2023_16-33-47.pth
26 Oct 16:40    INFO  epoch 13 training [time: 15.95s, train loss: -18.2126]
26 Oct 16:41    INFO  epoch 13 evaluating [time: 15.17s, valid_score: 0.078100]
26 Oct 16:41    INFO  valid result: 
recall@10 : 0.0939    recall@20 : 0.1425    recall@50 : 0.2322    ndcg@10 : 0.0639    ndcg@20 : 0.0781    ndcg@50 : 0.1002    
26 Oct 16:41    INFO  Saving current best: saved/DirectAU-Oct-26-2023_16-33-47.pth
26 Oct 16:41    INFO  epoch 14 training [time: 15.95s, train loss: -18.2201]
26 Oct 16:41    INFO  epoch 14 evaluating [time: 14.98s, valid_score: 0.079700]
26 Oct 16:41    INFO  valid result: 
recall@10 : 0.0957    recall@20 : 0.1448    recall@50 : 0.2362    ndcg@10 : 0.0652    ndcg@20 : 0.0797    ndcg@50 : 0.1022    
26 Oct 16:41    INFO  Saving current best: saved/DirectAU-Oct-26-2023_16-33-47.pth
26 Oct 16:41    INFO  epoch 15 training [time: 15.95s, train loss: -18.2269]
26 Oct 16:42    INFO  epoch 15 evaluating [time: 15.26s, valid_score: 0.081400]
26 Oct 16:42    INFO  valid result: 
recall@10 : 0.0984    recall@20 : 0.148    recall@50 : 0.2392    ndcg@10 : 0.0669    ndcg@20 : 0.0814    ndcg@50 : 0.1038    
26 Oct 16:42    INFO  Saving current best: saved/DirectAU-Oct-26-2023_16-33-47.pth
26 Oct 16:42    INFO  epoch 16 training [time: 15.96s, train loss: -18.2332]
26 Oct 16:42    INFO  epoch 16 evaluating [time: 14.80s, valid_score: 0.082500]
26 Oct 16:42    INFO  valid result: 
recall@10 : 0.1003    recall@20 : 0.1504    recall@50 : 0.2438    ndcg@10 : 0.0678    ndcg@20 : 0.0825    ndcg@50 : 0.1054    
26 Oct 16:42    INFO  Saving current best: saved/DirectAU-Oct-26-2023_16-33-47.pth
26 Oct 16:42    INFO  epoch 17 training [time: 15.91s, train loss: -18.2382]
26 Oct 16:43    INFO  epoch 17 evaluating [time: 15.12s, valid_score: 0.084300]
26 Oct 16:43    INFO  valid result: 
recall@10 : 0.1017    recall@20 : 0.1516    recall@50 : 0.2471    ndcg@10 : 0.0696    ndcg@20 : 0.0843    ndcg@50 : 0.1076    
26 Oct 16:43    INFO  Saving current best: saved/DirectAU-Oct-26-2023_16-33-47.pth
26 Oct 16:43    INFO  epoch 18 training [time: 15.94s, train loss: -18.2433]
26 Oct 16:43    INFO  epoch 18 evaluating [time: 14.90s, valid_score: 0.085600]
26 Oct 16:43    INFO  valid result: 
recall@10 : 0.1031    recall@20 : 0.1543    recall@50 : 0.2502    ndcg@10 : 0.0706    ndcg@20 : 0.0856    ndcg@50 : 0.1091    
26 Oct 16:43    INFO  Saving current best: saved/DirectAU-Oct-26-2023_16-33-47.pth
26 Oct 16:43    INFO  epoch 19 training [time: 15.75s, train loss: -18.2484]
26 Oct 16:44    INFO  epoch 19 evaluating [time: 15.16s, valid_score: 0.087000]
26 Oct 16:44    INFO  valid result: 
recall@10 : 0.1058    recall@20 : 0.1564    recall@50 : 0.2521    ndcg@10 : 0.0721    ndcg@20 : 0.087    ndcg@50 : 0.1105    
26 Oct 16:44    INFO  Saving current best: saved/DirectAU-Oct-26-2023_16-33-47.pth
26 Oct 16:44    INFO  epoch 20 training [time: 15.95s, train loss: -18.2524]
26 Oct 16:44    INFO  epoch 20 evaluating [time: 14.84s, valid_score: 0.088100]
26 Oct 16:44    INFO  valid result: 
recall@10 : 0.1065    recall@20 : 0.1588    recall@50 : 0.256    ndcg@10 : 0.0728    ndcg@20 : 0.0881    ndcg@50 : 0.1118    
26 Oct 16:44    INFO  Saving current best: saved/DirectAU-Oct-26-2023_16-33-47.pth
26 Oct 16:44    INFO  epoch 21 training [time: 15.97s, train loss: -18.2562]
26 Oct 16:45    INFO  epoch 21 evaluating [time: 15.27s, valid_score: 0.089000]
26 Oct 16:45    INFO  valid result: 
recall@10 : 0.109    recall@20 : 0.1591    recall@50 : 0.2574    ndcg@10 : 0.0742    ndcg@20 : 0.089    ndcg@50 : 0.1129    
26 Oct 16:45    INFO  Saving current best: saved/DirectAU-Oct-26-2023_16-33-47.pth
26 Oct 16:45    INFO  epoch 22 training [time: 15.87s, train loss: -18.2599]
26 Oct 16:45    INFO  epoch 22 evaluating [time: 15.03s, valid_score: 0.090100]
26 Oct 16:45    INFO  valid result: 
recall@10 : 0.1099    recall@20 : 0.1616    recall@50 : 0.2617    ndcg@10 : 0.0749    ndcg@20 : 0.0901    ndcg@50 : 0.1145    
26 Oct 16:45    INFO  Saving current best: saved/DirectAU-Oct-26-2023_16-33-47.pth
26 Oct 16:45    INFO  epoch 23 training [time: 15.95s, train loss: -18.2630]
26 Oct 16:46    INFO  epoch 23 evaluating [time: 15.14s, valid_score: 0.091500]
26 Oct 16:46    INFO  valid result: 
recall@10 : 0.1122    recall@20 : 0.1647    recall@50 : 0.2632    ndcg@10 : 0.0762    ndcg@20 : 0.0915    ndcg@50 : 0.1156    
26 Oct 16:46    INFO  Saving current best: saved/DirectAU-Oct-26-2023_16-33-47.pth
26 Oct 16:46    INFO  epoch 24 training [time: 15.99s, train loss: -18.2661]
26 Oct 16:46    INFO  epoch 24 evaluating [time: 14.98s, valid_score: 0.092000]
26 Oct 16:46    INFO  valid result: 
recall@10 : 0.112    recall@20 : 0.1662    recall@50 : 0.2638    ndcg@10 : 0.0762    ndcg@20 : 0.092    ndcg@50 : 0.1159    
26 Oct 16:46    INFO  Saving current best: saved/DirectAU-Oct-26-2023_16-33-47.pth
26 Oct 16:46    INFO  epoch 25 training [time: 15.94s, train loss: -18.2686]
26 Oct 16:47    INFO  epoch 25 evaluating [time: 15.35s, valid_score: 0.093200]
26 Oct 16:47    INFO  valid result: 
recall@10 : 0.1134    recall@20 : 0.1676    recall@50 : 0.2669    ndcg@10 : 0.0773    ndcg@20 : 0.0932    ndcg@50 : 0.1174    
26 Oct 16:47    INFO  Saving current best: saved/DirectAU-Oct-26-2023_16-33-47.pth
26 Oct 16:47    INFO  epoch 26 training [time: 15.96s, train loss: -18.2712]
26 Oct 16:47    INFO  epoch 26 evaluating [time: 15.32s, valid_score: 0.093200]
26 Oct 16:47    INFO  valid result: 
recall@10 : 0.113    recall@20 : 0.1679    recall@50 : 0.2681    ndcg@10 : 0.0772    ndcg@20 : 0.0932    ndcg@50 : 0.1176    
26 Oct 16:48    INFO  epoch 27 training [time: 15.94s, train loss: -18.2731]
26 Oct 16:48    INFO  epoch 27 evaluating [time: 14.93s, valid_score: 0.094300]
26 Oct 16:48    INFO  valid result: 
recall@10 : 0.1153    recall@20 : 0.1687    recall@50 : 0.2718    ndcg@10 : 0.0787    ndcg@20 : 0.0943    ndcg@50 : 0.1193    
26 Oct 16:48    INFO  Saving current best: saved/DirectAU-Oct-26-2023_16-33-47.pth
26 Oct 16:48    INFO  epoch 28 training [time: 15.97s, train loss: -18.2750]
26 Oct 16:48    INFO  epoch 28 evaluating [time: 15.06s, valid_score: 0.094800]
26 Oct 16:48    INFO  valid result: 
recall@10 : 0.1154    recall@20 : 0.1706    recall@50 : 0.2722    ndcg@10 : 0.0787    ndcg@20 : 0.0948    ndcg@50 : 0.1197    
26 Oct 16:48    INFO  Saving current best: saved/DirectAU-Oct-26-2023_16-33-47.pth
26 Oct 16:49    INFO  epoch 29 training [time: 15.94s, train loss: -18.2775]
26 Oct 16:49    INFO  epoch 29 evaluating [time: 14.86s, valid_score: 0.095900]
26 Oct 16:49    INFO  valid result: 
recall@10 : 0.1164    recall@20 : 0.1717    recall@50 : 0.2736    ndcg@10 : 0.0797    ndcg@20 : 0.0959    ndcg@50 : 0.1208    
26 Oct 16:49    INFO  Saving current best: saved/DirectAU-Oct-26-2023_16-33-47.pth
26 Oct 16:49    INFO  epoch 30 training [time: 15.90s, train loss: -18.2793]
26 Oct 16:49    INFO  epoch 30 evaluating [time: 15.10s, valid_score: 0.096600]
26 Oct 16:49    INFO  valid result: 
recall@10 : 0.1164    recall@20 : 0.1725    recall@50 : 0.2757    ndcg@10 : 0.0803    ndcg@20 : 0.0966    ndcg@50 : 0.1218    
26 Oct 16:49    INFO  Saving current best: saved/DirectAU-Oct-26-2023_16-33-47.pth
26 Oct 16:50    INFO  epoch 31 training [time: 15.95s, train loss: -18.2810]
26 Oct 16:50    INFO  epoch 31 evaluating [time: 15.05s, valid_score: 0.097700]
26 Oct 16:50    INFO  valid result: 
recall@10 : 0.1184    recall@20 : 0.1748    recall@50 : 0.2763    ndcg@10 : 0.0813    ndcg@20 : 0.0977    ndcg@50 : 0.1225    
26 Oct 16:50    INFO  Saving current best: saved/DirectAU-Oct-26-2023_16-33-47.pth
26 Oct 16:50    INFO  epoch 32 training [time: 15.95s, train loss: -18.2822]
26 Oct 16:50    INFO  epoch 32 evaluating [time: 15.02s, valid_score: 0.097900]
26 Oct 16:50    INFO  valid result: 
recall@10 : 0.1187    recall@20 : 0.1746    recall@50 : 0.2788    ndcg@10 : 0.0817    ndcg@20 : 0.0979    ndcg@50 : 0.1233    
26 Oct 16:50    INFO  Saving current best: saved/DirectAU-Oct-26-2023_16-33-47.pth
26 Oct 16:51    INFO  epoch 33 training [time: 15.95s, train loss: -18.2837]
26 Oct 16:51    INFO  epoch 33 evaluating [time: 14.80s, valid_score: 0.098900]
26 Oct 16:51    INFO  valid result: 
recall@10 : 0.1196    recall@20 : 0.1769    recall@50 : 0.2798    ndcg@10 : 0.0822    ndcg@20 : 0.0989    ndcg@50 : 0.1241    
26 Oct 16:51    INFO  Saving current best: saved/DirectAU-Oct-26-2023_16-33-47.pth
26 Oct 16:51    INFO  epoch 34 training [time: 15.93s, train loss: -18.2850]
26 Oct 16:51    INFO  epoch 34 evaluating [time: 14.87s, valid_score: 0.099200]
26 Oct 16:51    INFO  valid result: 
recall@10 : 0.1199    recall@20 : 0.1776    recall@50 : 0.2814    ndcg@10 : 0.0823    ndcg@20 : 0.0992    ndcg@50 : 0.1245    
26 Oct 16:51    INFO  Saving current best: saved/DirectAU-Oct-26-2023_16-33-47.pth
26 Oct 16:52    INFO  epoch 35 training [time: 15.96s, train loss: -18.2857]
26 Oct 16:52    INFO  epoch 35 evaluating [time: 14.99s, valid_score: 0.099800]
26 Oct 16:52    INFO  valid result: 
recall@10 : 0.1211    recall@20 : 0.1786    recall@50 : 0.2829    ndcg@10 : 0.083    ndcg@20 : 0.0998    ndcg@50 : 0.1253    
26 Oct 16:52    INFO  Saving current best: saved/DirectAU-Oct-26-2023_16-33-47.pth
26 Oct 16:52    INFO  epoch 36 training [time: 15.95s, train loss: -18.2868]
26 Oct 16:52    INFO  epoch 36 evaluating [time: 15.09s, valid_score: 0.100700]
26 Oct 16:52    INFO  valid result: 
recall@10 : 0.1216    recall@20 : 0.1794    recall@50 : 0.2833    ndcg@10 : 0.0838    ndcg@20 : 0.1007    ndcg@50 : 0.126    
26 Oct 16:52    INFO  Saving current best: saved/DirectAU-Oct-26-2023_16-33-47.pth
26 Oct 16:53    INFO  epoch 37 training [time: 15.94s, train loss: -18.2881]
26 Oct 16:53    INFO  epoch 37 evaluating [time: 15.00s, valid_score: 0.100800]
26 Oct 16:53    INFO  valid result: 
recall@10 : 0.122    recall@20 : 0.1797    recall@50 : 0.2851    ndcg@10 : 0.084    ndcg@20 : 0.1008    ndcg@50 : 0.1266    
26 Oct 16:53    INFO  Saving current best: saved/DirectAU-Oct-26-2023_16-33-47.pth
26 Oct 16:53    INFO  epoch 38 training [time: 15.96s, train loss: -18.2889]
26 Oct 16:53    INFO  epoch 38 evaluating [time: 14.95s, valid_score: 0.101700]
26 Oct 16:53    INFO  valid result: 
recall@10 : 0.1233    recall@20 : 0.1812    recall@50 : 0.2864    ndcg@10 : 0.0848    ndcg@20 : 0.1017    ndcg@50 : 0.1274    
26 Oct 16:53    INFO  Saving current best: saved/DirectAU-Oct-26-2023_16-33-47.pth
26 Oct 16:54    INFO  epoch 39 training [time: 15.97s, train loss: -18.2898]
26 Oct 16:54    INFO  epoch 39 evaluating [time: 15.02s, valid_score: 0.102200]
26 Oct 16:54    INFO  valid result: 
recall@10 : 0.123    recall@20 : 0.1828    recall@50 : 0.2872    ndcg@10 : 0.0848    ndcg@20 : 0.1022    ndcg@50 : 0.1277    
26 Oct 16:54    INFO  Saving current best: saved/DirectAU-Oct-26-2023_16-33-47.pth
26 Oct 16:54    INFO  epoch 40 training [time: 15.92s, train loss: -18.2903]
26 Oct 16:54    INFO  epoch 40 evaluating [time: 14.83s, valid_score: 0.102100]
26 Oct 16:54    INFO  valid result: 
recall@10 : 0.123    recall@20 : 0.1833    recall@50 : 0.2885    ndcg@10 : 0.0845    ndcg@20 : 0.1021    ndcg@50 : 0.1278    
26 Oct 16:55    INFO  epoch 41 training [time: 15.95s, train loss: -18.2910]
26 Oct 16:55    INFO  epoch 41 evaluating [time: 15.26s, valid_score: 0.102000]
26 Oct 16:55    INFO  valid result: 
recall@10 : 0.1239    recall@20 : 0.182    recall@50 : 0.2891    ndcg@10 : 0.0849    ndcg@20 : 0.102    ndcg@50 : 0.1281    
26 Oct 16:55    INFO  epoch 42 training [time: 15.94s, train loss: -18.2920]
26 Oct 16:56    INFO  epoch 42 evaluating [time: 14.95s, valid_score: 0.102700]
26 Oct 16:56    INFO  valid result: 
recall@10 : 0.1249    recall@20 : 0.1837    recall@50 : 0.2907    ndcg@10 : 0.0855    ndcg@20 : 0.1027    ndcg@50 : 0.1288    
26 Oct 16:56    INFO  Saving current best: saved/DirectAU-Oct-26-2023_16-33-47.pth
26 Oct 16:56    INFO  epoch 43 training [time: 15.95s, train loss: -18.2920]
26 Oct 16:56    INFO  epoch 43 evaluating [time: 14.90s, valid_score: 0.103300]
26 Oct 16:56    INFO  valid result: 
recall@10 : 0.1251    recall@20 : 0.1848    recall@50 : 0.2909    ndcg@10 : 0.0859    ndcg@20 : 0.1033    ndcg@50 : 0.1293    
26 Oct 16:56    INFO  Saving current best: saved/DirectAU-Oct-26-2023_16-33-47.pth
26 Oct 16:56    INFO  epoch 44 training [time: 15.91s, train loss: -18.2929]
26 Oct 16:57    INFO  epoch 44 evaluating [time: 15.29s, valid_score: 0.103600]
26 Oct 16:57    INFO  valid result: 
recall@10 : 0.1244    recall@20 : 0.1847    recall@50 : 0.2915    ndcg@10 : 0.0859    ndcg@20 : 0.1036    ndcg@50 : 0.1296    
26 Oct 16:57    INFO  Saving current best: saved/DirectAU-Oct-26-2023_16-33-47.pth
26 Oct 16:57    INFO  epoch 45 training [time: 15.97s, train loss: -18.2937]
26 Oct 16:57    INFO  epoch 45 evaluating [time: 15.02s, valid_score: 0.103900]
26 Oct 16:57    INFO  valid result: 
recall@10 : 0.1251    recall@20 : 0.1853    recall@50 : 0.2922    ndcg@10 : 0.0863    ndcg@20 : 0.1039    ndcg@50 : 0.13    
26 Oct 16:57    INFO  Saving current best: saved/DirectAU-Oct-26-2023_16-33-47.pth
26 Oct 16:57    INFO  epoch 46 training [time: 15.97s, train loss: -18.2940]
26 Oct 16:58    INFO  epoch 46 evaluating [time: 15.09s, valid_score: 0.103500]
26 Oct 16:58    INFO  valid result: 
recall@10 : 0.1254    recall@20 : 0.1847    recall@50 : 0.2927    ndcg@10 : 0.0862    ndcg@20 : 0.1035    ndcg@50 : 0.13    
26 Oct 16:58    INFO  epoch 47 training [time: 15.98s, train loss: -18.2943]
26 Oct 16:58    INFO  epoch 47 evaluating [time: 14.98s, valid_score: 0.104400]
26 Oct 16:58    INFO  valid result: 
recall@10 : 0.1254    recall@20 : 0.1862    recall@50 : 0.2936    ndcg@10 : 0.0866    ndcg@20 : 0.1044    ndcg@50 : 0.1306    
26 Oct 16:58    INFO  Saving current best: saved/DirectAU-Oct-26-2023_16-33-47.pth
26 Oct 16:58    INFO  epoch 48 training [time: 15.93s, train loss: -18.2949]
26 Oct 16:59    INFO  epoch 48 evaluating [time: 15.20s, valid_score: 0.104300]
26 Oct 16:59    INFO  valid result: 
recall@10 : 0.1264    recall@20 : 0.1857    recall@50 : 0.2941    ndcg@10 : 0.0869    ndcg@20 : 0.1043    ndcg@50 : 0.1307    
26 Oct 16:59    INFO  epoch 49 training [time: 15.89s, train loss: -18.2949]
26 Oct 16:59    INFO  epoch 49 evaluating [time: 14.85s, valid_score: 0.104000]
26 Oct 16:59    INFO  valid result: 
recall@10 : 0.1249    recall@20 : 0.1859    recall@50 : 0.2942    ndcg@10 : 0.0862    ndcg@20 : 0.104    ndcg@50 : 0.1305    
26 Oct 16:59    INFO  epoch 50 training [time: 15.96s, train loss: -18.2957]
26 Oct 17:00    INFO  epoch 50 evaluating [time: 15.24s, valid_score: 0.104900]
26 Oct 17:00    INFO  valid result: 
recall@10 : 0.1267    recall@20 : 0.1868    recall@50 : 0.2947    ndcg@10 : 0.0873    ndcg@20 : 0.1049    ndcg@50 : 0.1312    
26 Oct 17:00    INFO  Saving current best: saved/DirectAU-Oct-26-2023_16-33-47.pth
26 Oct 17:00    INFO  epoch 51 training [time: 15.94s, train loss: -18.2957]
26 Oct 17:00    INFO  epoch 51 evaluating [time: 14.92s, valid_score: 0.105400]
26 Oct 17:00    INFO  valid result: 
recall@10 : 0.1276    recall@20 : 0.1887    recall@50 : 0.2962    ndcg@10 : 0.0877    ndcg@20 : 0.1054    ndcg@50 : 0.1316    
26 Oct 17:00    INFO  Saving current best: saved/DirectAU-Oct-26-2023_16-33-47.pth
26 Oct 17:00    INFO  epoch 52 training [time: 15.89s, train loss: -18.2961]
26 Oct 17:01    INFO  epoch 52 evaluating [time: 15.18s, valid_score: 0.105500]
26 Oct 17:01    INFO  valid result: 
recall@10 : 0.1278    recall@20 : 0.189    recall@50 : 0.2977    ndcg@10 : 0.0877    ndcg@20 : 0.1055    ndcg@50 : 0.132    
26 Oct 17:01    INFO  Saving current best: saved/DirectAU-Oct-26-2023_16-33-47.pth
26 Oct 17:01    INFO  epoch 53 training [time: 15.94s, train loss: -18.2964]
26 Oct 17:01    INFO  epoch 53 evaluating [time: 14.91s, valid_score: 0.105000]
26 Oct 17:01    INFO  valid result: 
recall@10 : 0.127    recall@20 : 0.1877    recall@50 : 0.2988    ndcg@10 : 0.0874    ndcg@20 : 0.105    ndcg@50 : 0.132    
26 Oct 17:01    INFO  epoch 54 training [time: 15.94s, train loss: -18.2966]
26 Oct 17:02    INFO  epoch 54 evaluating [time: 15.22s, valid_score: 0.105700]
26 Oct 17:02    INFO  valid result: 
recall@10 : 0.1281    recall@20 : 0.1885    recall@50 : 0.2971    ndcg@10 : 0.0882    ndcg@20 : 0.1057    ndcg@50 : 0.1322    
26 Oct 17:02    INFO  Saving current best: saved/DirectAU-Oct-26-2023_16-33-47.pth
26 Oct 17:02    INFO  epoch 55 training [time: 15.94s, train loss: -18.2968]
26 Oct 17:02    INFO  epoch 55 evaluating [time: 14.96s, valid_score: 0.106200]
26 Oct 17:02    INFO  valid result: 
recall@10 : 0.1286    recall@20 : 0.1894    recall@50 : 0.2983    ndcg@10 : 0.0886    ndcg@20 : 0.1062    ndcg@50 : 0.1328    
26 Oct 17:02    INFO  Saving current best: saved/DirectAU-Oct-26-2023_16-33-47.pth
26 Oct 17:03    INFO  epoch 56 training [time: 15.95s, train loss: -18.2975]
26 Oct 17:03    INFO  epoch 56 evaluating [time: 15.07s, valid_score: 0.106200]
26 Oct 17:03    INFO  valid result: 
recall@10 : 0.128    recall@20 : 0.1894    recall@50 : 0.298    ndcg@10 : 0.0883    ndcg@20 : 0.1062    ndcg@50 : 0.1327    
26 Oct 17:03    INFO  epoch 57 training [time: 15.94s, train loss: -18.2975]
26 Oct 17:03    INFO  epoch 57 evaluating [time: 14.84s, valid_score: 0.106700]
26 Oct 17:03    INFO  valid result: 
recall@10 : 0.1288    recall@20 : 0.1903    recall@50 : 0.2986    ndcg@10 : 0.0888    ndcg@20 : 0.1067    ndcg@50 : 0.1332    
26 Oct 17:03    INFO  Saving current best: saved/DirectAU-Oct-26-2023_16-33-47.pth
26 Oct 17:04    INFO  epoch 58 training [time: 15.93s, train loss: -18.2973]
26 Oct 17:04    INFO  epoch 58 evaluating [time: 15.17s, valid_score: 0.106800]
26 Oct 17:04    INFO  valid result: 
recall@10 : 0.1288    recall@20 : 0.1903    recall@50 : 0.2982    ndcg@10 : 0.0889    ndcg@20 : 0.1068    ndcg@50 : 0.1333    
26 Oct 17:04    INFO  Saving current best: saved/DirectAU-Oct-26-2023_16-33-47.pth
26 Oct 17:04    INFO  epoch 59 training [time: 15.93s, train loss: -18.2976]
26 Oct 17:04    INFO  epoch 59 evaluating [time: 15.21s, valid_score: 0.106600]
26 Oct 17:04    INFO  valid result: 
recall@10 : 0.1294    recall@20 : 0.1897    recall@50 : 0.2988    ndcg@10 : 0.0891    ndcg@20 : 0.1066    ndcg@50 : 0.1333    
26 Oct 17:05    INFO  epoch 60 training [time: 15.97s, train loss: -18.2981]
26 Oct 17:05    INFO  epoch 60 evaluating [time: 14.85s, valid_score: 0.106800]
26 Oct 17:05    INFO  valid result: 
recall@10 : 0.1293    recall@20 : 0.1897    recall@50 : 0.3012    ndcg@10 : 0.0892    ndcg@20 : 0.1068    ndcg@50 : 0.1339    
26 Oct 17:05    INFO  epoch 61 training [time: 15.97s, train loss: -18.2983]
26 Oct 17:05    INFO  epoch 61 evaluating [time: 15.22s, valid_score: 0.107400]
26 Oct 17:05    INFO  valid result: 
recall@10 : 0.131    recall@20 : 0.191    recall@50 : 0.302    ndcg@10 : 0.0899    ndcg@20 : 0.1074    ndcg@50 : 0.1344    
26 Oct 17:05    INFO  Saving current best: saved/DirectAU-Oct-26-2023_16-33-47.pth
26 Oct 17:06    INFO  epoch 62 training [time: 15.95s, train loss: -18.2985]
26 Oct 17:06    INFO  epoch 62 evaluating [time: 14.85s, valid_score: 0.107200]
26 Oct 17:06    INFO  valid result: 
recall@10 : 0.1301    recall@20 : 0.1908    recall@50 : 0.3013    ndcg@10 : 0.0895    ndcg@20 : 0.1072    ndcg@50 : 0.1342    
26 Oct 17:06    INFO  epoch 63 training [time: 15.94s, train loss: -18.2986]
26 Oct 17:06    INFO  epoch 63 evaluating [time: 15.15s, valid_score: 0.107700]
26 Oct 17:06    INFO  valid result: 
recall@10 : 0.1297    recall@20 : 0.1915    recall@50 : 0.3023    ndcg@10 : 0.0897    ndcg@20 : 0.1077    ndcg@50 : 0.1346    
26 Oct 17:06    INFO  Saving current best: saved/DirectAU-Oct-26-2023_16-33-47.pth
26 Oct 17:07    INFO  epoch 64 training [time: 15.90s, train loss: -18.2988]
26 Oct 17:07    INFO  epoch 64 evaluating [time: 15.23s, valid_score: 0.107700]
26 Oct 17:07    INFO  valid result: 
recall@10 : 0.131    recall@20 : 0.1918    recall@50 : 0.3033    ndcg@10 : 0.0899    ndcg@20 : 0.1077    ndcg@50 : 0.1348    
26 Oct 17:07    INFO  epoch 65 training [time: 15.94s, train loss: -18.2990]
26 Oct 17:07    INFO  epoch 65 evaluating [time: 14.80s, valid_score: 0.108000]
26 Oct 17:07    INFO  valid result: 
recall@10 : 0.1306    recall@20 : 0.1929    recall@50 : 0.3028    ndcg@10 : 0.0899    ndcg@20 : 0.108    ndcg@50 : 0.1348    
26 Oct 17:07    INFO  Saving current best: saved/DirectAU-Oct-26-2023_16-33-47.pth
26 Oct 17:08    INFO  epoch 66 training [time: 15.95s, train loss: -18.2986]
26 Oct 17:08    INFO  epoch 66 evaluating [time: 14.99s, valid_score: 0.107700]
26 Oct 17:08    INFO  valid result: 
recall@10 : 0.1305    recall@20 : 0.1927    recall@50 : 0.304    ndcg@10 : 0.0896    ndcg@20 : 0.1077    ndcg@50 : 0.1349    
26 Oct 17:08    INFO  epoch 67 training [time: 15.93s, train loss: -18.2992]
26 Oct 17:08    INFO  epoch 67 evaluating [time: 15.06s, valid_score: 0.108000]
26 Oct 17:08    INFO  valid result: 
recall@10 : 0.1308    recall@20 : 0.1935    recall@50 : 0.3026    ndcg@10 : 0.0898    ndcg@20 : 0.108    ndcg@50 : 0.1348    
26 Oct 17:09    INFO  epoch 68 training [time: 15.95s, train loss: -18.2995]
26 Oct 17:09    INFO  epoch 68 evaluating [time: 15.16s, valid_score: 0.108000]
26 Oct 17:09    INFO  valid result: 
recall@10 : 0.1304    recall@20 : 0.1928    recall@50 : 0.3035    ndcg@10 : 0.0898    ndcg@20 : 0.108    ndcg@50 : 0.1351    
26 Oct 17:09    INFO  epoch 69 training [time: 15.94s, train loss: -18.2995]
26 Oct 17:10    INFO  epoch 69 evaluating [time: 14.93s, valid_score: 0.107900]
26 Oct 17:10    INFO  valid result: 
recall@10 : 0.1306    recall@20 : 0.1923    recall@50 : 0.3048    ndcg@10 : 0.0899    ndcg@20 : 0.1079    ndcg@50 : 0.1354    
26 Oct 17:10    INFO  epoch 70 training [time: 15.94s, train loss: -18.2998]
26 Oct 17:10    INFO  epoch 70 evaluating [time: 15.08s, valid_score: 0.108000]
26 Oct 17:10    INFO  valid result: 
recall@10 : 0.131    recall@20 : 0.1924    recall@50 : 0.3045    ndcg@10 : 0.0901    ndcg@20 : 0.108    ndcg@50 : 0.1353    
26 Oct 17:10    INFO  epoch 71 training [time: 15.96s, train loss: -18.2996]
26 Oct 17:11    INFO  epoch 71 evaluating [time: 14.79s, valid_score: 0.108300]
26 Oct 17:11    INFO  valid result: 
recall@10 : 0.1308    recall@20 : 0.1928    recall@50 : 0.3062    ndcg@10 : 0.0902    ndcg@20 : 0.1083    ndcg@50 : 0.1359    
26 Oct 17:11    INFO  Saving current best: saved/DirectAU-Oct-26-2023_16-33-47.pth
26 Oct 17:11    INFO  epoch 72 training [time: 15.94s, train loss: -18.2997]
26 Oct 17:11    INFO  epoch 72 evaluating [time: 15.15s, valid_score: 0.108200]
26 Oct 17:11    INFO  valid result: 
recall@10 : 0.1312    recall@20 : 0.1924    recall@50 : 0.306    ndcg@10 : 0.0905    ndcg@20 : 0.1082    ndcg@50 : 0.1359    
26 Oct 17:11    INFO  epoch 73 training [time: 15.95s, train loss: -18.2998]
26 Oct 17:12    INFO  epoch 73 evaluating [time: 14.99s, valid_score: 0.108200]
26 Oct 17:12    INFO  valid result: 
recall@10 : 0.1313    recall@20 : 0.192    recall@50 : 0.3053    ndcg@10 : 0.0905    ndcg@20 : 0.1082    ndcg@50 : 0.1358    
26 Oct 17:12    INFO  epoch 74 training [time: 15.95s, train loss: -18.3002]
26 Oct 17:12    INFO  epoch 74 evaluating [time: 15.06s, valid_score: 0.108700]
26 Oct 17:12    INFO  valid result: 
recall@10 : 0.1318    recall@20 : 0.1946    recall@50 : 0.306    ndcg@10 : 0.0905    ndcg@20 : 0.1087    ndcg@50 : 0.1358    
26 Oct 17:12    INFO  Saving current best: saved/DirectAU-Oct-26-2023_16-33-47.pth
26 Oct 17:12    INFO  epoch 75 training [time: 15.96s, train loss: -18.3001]
26 Oct 17:13    INFO  epoch 75 evaluating [time: 15.01s, valid_score: 0.109400]
26 Oct 17:13    INFO  valid result: 
recall@10 : 0.132    recall@20 : 0.1952    recall@50 : 0.305    ndcg@10 : 0.091    ndcg@20 : 0.1094    ndcg@50 : 0.1362    
26 Oct 17:13    INFO  Saving current best: saved/DirectAU-Oct-26-2023_16-33-47.pth
26 Oct 17:13    INFO  epoch 76 training [time: 15.96s, train loss: -18.3003]
26 Oct 17:13    INFO  epoch 76 evaluating [time: 15.12s, valid_score: 0.109000]
26 Oct 17:13    INFO  valid result: 
recall@10 : 0.1316    recall@20 : 0.1939    recall@50 : 0.3049    ndcg@10 : 0.0909    ndcg@20 : 0.109    ndcg@50 : 0.1361    
26 Oct 17:13    INFO  epoch 77 training [time: 15.93s, train loss: -18.3001]
26 Oct 17:14    INFO  epoch 77 evaluating [time: 15.06s, valid_score: 0.109100]
26 Oct 17:14    INFO  valid result: 
recall@10 : 0.1328    recall@20 : 0.1948    recall@50 : 0.3059    ndcg@10 : 0.0911    ndcg@20 : 0.1091    ndcg@50 : 0.1362    
26 Oct 17:14    INFO  epoch 78 training [time: 15.94s, train loss: -18.3002]
26 Oct 17:14    INFO  epoch 78 evaluating [time: 15.11s, valid_score: 0.109400]
26 Oct 17:14    INFO  valid result: 
recall@10 : 0.1325    recall@20 : 0.1951    recall@50 : 0.3061    ndcg@10 : 0.0913    ndcg@20 : 0.1094    ndcg@50 : 0.1366    
26 Oct 17:14    INFO  epoch 79 training [time: 15.93s, train loss: -18.3006]
26 Oct 17:15    INFO  epoch 79 evaluating [time: 15.25s, valid_score: 0.109600]
26 Oct 17:15    INFO  valid result: 
recall@10 : 0.1314    recall@20 : 0.1951    recall@50 : 0.3078    ndcg@10 : 0.0911    ndcg@20 : 0.1096    ndcg@50 : 0.1372    
26 Oct 17:15    INFO  Saving current best: saved/DirectAU-Oct-26-2023_16-33-47.pth
26 Oct 17:15    INFO  epoch 80 training [time: 15.94s, train loss: -18.3008]
26 Oct 17:15    INFO  epoch 80 evaluating [time: 14.89s, valid_score: 0.109700]
26 Oct 17:15    INFO  valid result: 
recall@10 : 0.1327    recall@20 : 0.1953    recall@50 : 0.3083    ndcg@10 : 0.0915    ndcg@20 : 0.1097    ndcg@50 : 0.1373    
26 Oct 17:15    INFO  Saving current best: saved/DirectAU-Oct-26-2023_16-33-47.pth
26 Oct 17:15    INFO  epoch 81 training [time: 15.95s, train loss: -18.3007]
26 Oct 17:16    INFO  epoch 81 evaluating [time: 15.17s, valid_score: 0.109300]
26 Oct 17:16    INFO  valid result: 
recall@10 : 0.132    recall@20 : 0.1945    recall@50 : 0.3086    ndcg@10 : 0.0912    ndcg@20 : 0.1093    ndcg@50 : 0.1371    
26 Oct 17:16    INFO  epoch 82 training [time: 15.96s, train loss: -18.3008]
26 Oct 17:16    INFO  epoch 82 evaluating [time: 15.06s, valid_score: 0.109800]
26 Oct 17:16    INFO  valid result: 
recall@10 : 0.1332    recall@20 : 0.1951    recall@50 : 0.3065    ndcg@10 : 0.0919    ndcg@20 : 0.1098    ndcg@50 : 0.1371    
26 Oct 17:16    INFO  Saving current best: saved/DirectAU-Oct-26-2023_16-33-47.pth
26 Oct 17:17    INFO  epoch 83 training [time: 15.96s, train loss: -18.3010]
26 Oct 17:17    INFO  epoch 83 evaluating [time: 15.26s, valid_score: 0.110100]
26 Oct 17:17    INFO  valid result: 
recall@10 : 0.1329    recall@20 : 0.1954    recall@50 : 0.3079    ndcg@10 : 0.0919    ndcg@20 : 0.1101    ndcg@50 : 0.1375    
26 Oct 17:17    INFO  Saving current best: saved/DirectAU-Oct-26-2023_16-33-47.pth
26 Oct 17:17    INFO  epoch 84 training [time: 15.96s, train loss: -18.3012]
26 Oct 17:17    INFO  epoch 84 evaluating [time: 14.85s, valid_score: 0.110000]
26 Oct 17:17    INFO  valid result: 
recall@10 : 0.133    recall@20 : 0.1953    recall@50 : 0.3092    ndcg@10 : 0.0919    ndcg@20 : 0.11    ndcg@50 : 0.1377    
26 Oct 17:18    INFO  epoch 85 training [time: 15.95s, train loss: -18.3009]
26 Oct 17:18    INFO  epoch 85 evaluating [time: 15.06s, valid_score: 0.109700]
26 Oct 17:18    INFO  valid result: 
recall@10 : 0.1329    recall@20 : 0.1946    recall@50 : 0.3086    ndcg@10 : 0.0918    ndcg@20 : 0.1097    ndcg@50 : 0.1376    
26 Oct 17:18    INFO  epoch 86 training [time: 15.96s, train loss: -18.3010]
26 Oct 17:18    INFO  epoch 86 evaluating [time: 14.85s, valid_score: 0.109900]
26 Oct 17:18    INFO  valid result: 
recall@10 : 0.134    recall@20 : 0.195    recall@50 : 0.3079    ndcg@10 : 0.0922    ndcg@20 : 0.1099    ndcg@50 : 0.1375    
26 Oct 17:19    INFO  epoch 87 training [time: 15.94s, train loss: -18.3011]
26 Oct 17:19    INFO  epoch 87 evaluating [time: 15.31s, valid_score: 0.110200]
26 Oct 17:19    INFO  valid result: 
recall@10 : 0.1333    recall@20 : 0.196    recall@50 : 0.307    ndcg@10 : 0.092    ndcg@20 : 0.1102    ndcg@50 : 0.1374    
26 Oct 17:19    INFO  Saving current best: saved/DirectAU-Oct-26-2023_16-33-47.pth
26 Oct 17:19    INFO  epoch 88 training [time: 15.92s, train loss: -18.3015]
26 Oct 17:19    INFO  epoch 88 evaluating [time: 15.06s, valid_score: 0.109900]
26 Oct 17:19    INFO  valid result: 
recall@10 : 0.1335    recall@20 : 0.1945    recall@50 : 0.3089    ndcg@10 : 0.092    ndcg@20 : 0.1099    ndcg@50 : 0.1378    
26 Oct 17:20    INFO  epoch 89 training [time: 15.91s, train loss: -18.3014]
26 Oct 17:20    INFO  epoch 89 evaluating [time: 15.28s, valid_score: 0.110500]
26 Oct 17:20    INFO  valid result: 
recall@10 : 0.1333    recall@20 : 0.1956    recall@50 : 0.3089    ndcg@10 : 0.0923    ndcg@20 : 0.1105    ndcg@50 : 0.1383    
26 Oct 17:20    INFO  Saving current best: saved/DirectAU-Oct-26-2023_16-33-47.pth
26 Oct 17:20    INFO  epoch 90 training [time: 15.91s, train loss: -18.3013]
26 Oct 17:20    INFO  epoch 90 evaluating [time: 14.93s, valid_score: 0.110700]
26 Oct 17:20    INFO  valid result: 
recall@10 : 0.1338    recall@20 : 0.1967    recall@50 : 0.3094    ndcg@10 : 0.0924    ndcg@20 : 0.1107    ndcg@50 : 0.1381    
26 Oct 17:20    INFO  Saving current best: saved/DirectAU-Oct-26-2023_16-33-47.pth
26 Oct 17:21    INFO  epoch 91 training [time: 15.93s, train loss: -18.3012]
26 Oct 17:21    INFO  epoch 91 evaluating [time: 15.14s, valid_score: 0.110800]
26 Oct 17:21    INFO  valid result: 
recall@10 : 0.1341    recall@20 : 0.1964    recall@50 : 0.3094    ndcg@10 : 0.0926    ndcg@20 : 0.1108    ndcg@50 : 0.1383    
26 Oct 17:21    INFO  Saving current best: saved/DirectAU-Oct-26-2023_16-33-47.pth
26 Oct 17:21    INFO  epoch 92 training [time: 15.99s, train loss: -18.3014]
26 Oct 17:21    INFO  epoch 92 evaluating [time: 15.23s, valid_score: 0.111000]
26 Oct 17:21    INFO  valid result: 
recall@10 : 0.1333    recall@20 : 0.1971    recall@50 : 0.3097    ndcg@10 : 0.0923    ndcg@20 : 0.111    ndcg@50 : 0.1384    
26 Oct 17:21    INFO  Saving current best: saved/DirectAU-Oct-26-2023_16-33-47.pth
26 Oct 17:22    INFO  epoch 93 training [time: 15.95s, train loss: -18.3018]
26 Oct 17:22    INFO  epoch 93 evaluating [time: 15.00s, valid_score: 0.110900]
26 Oct 17:22    INFO  valid result: 
recall@10 : 0.1343    recall@20 : 0.1973    recall@50 : 0.3086    ndcg@10 : 0.0926    ndcg@20 : 0.1109    ndcg@50 : 0.1382    
26 Oct 17:22    INFO  epoch 94 training [time: 15.93s, train loss: -18.3019]
26 Oct 17:22    INFO  epoch 94 evaluating [time: 15.04s, valid_score: 0.110400]
26 Oct 17:22    INFO  valid result: 
recall@10 : 0.1338    recall@20 : 0.1964    recall@50 : 0.3098    ndcg@10 : 0.0923    ndcg@20 : 0.1104    ndcg@50 : 0.1381    
26 Oct 17:23    INFO  epoch 95 training [time: 15.95s, train loss: -18.3016]
26 Oct 17:23    INFO  epoch 95 evaluating [time: 15.12s, valid_score: 0.110700]
26 Oct 17:23    INFO  valid result: 
recall@10 : 0.1335    recall@20 : 0.197    recall@50 : 0.3109    ndcg@10 : 0.0923    ndcg@20 : 0.1107    ndcg@50 : 0.1385    
26 Oct 17:23    INFO  epoch 96 training [time: 15.96s, train loss: -18.3019]
26 Oct 17:24    INFO  epoch 96 evaluating [time: 15.15s, valid_score: 0.110900]
26 Oct 17:24    INFO  valid result: 
recall@10 : 0.1345    recall@20 : 0.1972    recall@50 : 0.3117    ndcg@10 : 0.0927    ndcg@20 : 0.1109    ndcg@50 : 0.1388    
26 Oct 17:24    INFO  epoch 97 training [time: 15.90s, train loss: -18.3020]
26 Oct 17:24    INFO  epoch 97 evaluating [time: 15.20s, valid_score: 0.111300]
26 Oct 17:24    INFO  valid result: 
recall@10 : 0.1342    recall@20 : 0.1979    recall@50 : 0.311    ndcg@10 : 0.0927    ndcg@20 : 0.1113    ndcg@50 : 0.1389    
26 Oct 17:24    INFO  Saving current best: saved/DirectAU-Oct-26-2023_16-33-47.pth
26 Oct 17:24    INFO  epoch 98 training [time: 15.85s, train loss: -18.3023]
26 Oct 17:25    INFO  epoch 98 evaluating [time: 14.96s, valid_score: 0.111600]
26 Oct 17:25    INFO  valid result: 
recall@10 : 0.1343    recall@20 : 0.1974    recall@50 : 0.3111    ndcg@10 : 0.0933    ndcg@20 : 0.1116    ndcg@50 : 0.1394    
26 Oct 17:25    INFO  Saving current best: saved/DirectAU-Oct-26-2023_16-33-47.pth
26 Oct 17:25    INFO  epoch 99 training [time: 15.86s, train loss: -18.3016]
26 Oct 17:25    INFO  epoch 99 evaluating [time: 14.92s, valid_score: 0.111600]
26 Oct 17:25    INFO  valid result: 
recall@10 : 0.1342    recall@20 : 0.1984    recall@50 : 0.31    ndcg@10 : 0.0929    ndcg@20 : 0.1116    ndcg@50 : 0.1389    
26 Oct 17:25    INFO  epoch 100 training [time: 15.96s, train loss: -18.3020]
26 Oct 17:26    INFO  epoch 100 evaluating [time: 15.27s, valid_score: 0.111400]
26 Oct 17:26    INFO  valid result: 
recall@10 : 0.1339    recall@20 : 0.1978    recall@50 : 0.3103    ndcg@10 : 0.0928    ndcg@20 : 0.1114    ndcg@50 : 0.1389    
26 Oct 17:26    INFO  epoch 101 training [time: 15.94s, train loss: -18.3022]
26 Oct 17:26    INFO  epoch 101 evaluating [time: 15.08s, valid_score: 0.111500]
26 Oct 17:26    INFO  valid result: 
recall@10 : 0.1348    recall@20 : 0.1981    recall@50 : 0.311    ndcg@10 : 0.0931    ndcg@20 : 0.1115    ndcg@50 : 0.1391    
26 Oct 17:26    INFO  epoch 102 training [time: 15.95s, train loss: -18.3023]
26 Oct 17:27    INFO  epoch 102 evaluating [time: 14.84s, valid_score: 0.112000]
26 Oct 17:27    INFO  valid result: 
recall@10 : 0.135    recall@20 : 0.1985    recall@50 : 0.3113    ndcg@10 : 0.0935    ndcg@20 : 0.112    ndcg@50 : 0.1395    
26 Oct 17:27    INFO  Saving current best: saved/DirectAU-Oct-26-2023_16-33-47.pth
26 Oct 17:27    INFO  epoch 103 training [time: 15.93s, train loss: -18.3024]
26 Oct 17:27    INFO  epoch 103 evaluating [time: 15.02s, valid_score: 0.112100]
26 Oct 17:27    INFO  valid result: 
recall@10 : 0.1343    recall@20 : 0.199    recall@50 : 0.3105    ndcg@10 : 0.0933    ndcg@20 : 0.1121    ndcg@50 : 0.1394    
26 Oct 17:27    INFO  Saving current best: saved/DirectAU-Oct-26-2023_16-33-47.pth
26 Oct 17:27    INFO  epoch 104 training [time: 15.95s, train loss: -18.3021]
26 Oct 17:28    INFO  epoch 104 evaluating [time: 14.99s, valid_score: 0.112300]
26 Oct 17:28    INFO  valid result: 
recall@10 : 0.1347    recall@20 : 0.1994    recall@50 : 0.3102    ndcg@10 : 0.0935    ndcg@20 : 0.1123    ndcg@50 : 0.1395    
26 Oct 17:28    INFO  Saving current best: saved/DirectAU-Oct-26-2023_16-33-47.pth
26 Oct 17:28    INFO  epoch 105 training [time: 15.96s, train loss: -18.3024]
26 Oct 17:28    INFO  epoch 105 evaluating [time: 15.21s, valid_score: 0.111900]
26 Oct 17:28    INFO  valid result: 
recall@10 : 0.1348    recall@20 : 0.1989    recall@50 : 0.3115    ndcg@10 : 0.0933    ndcg@20 : 0.1119    ndcg@50 : 0.1394    
26 Oct 17:28    INFO  epoch 106 training [time: 15.96s, train loss: -18.3026]
26 Oct 17:29    INFO  epoch 106 evaluating [time: 15.14s, valid_score: 0.111400]
26 Oct 17:29    INFO  valid result: 
recall@10 : 0.1345    recall@20 : 0.198    recall@50 : 0.3108    ndcg@10 : 0.0929    ndcg@20 : 0.1114    ndcg@50 : 0.1391    
26 Oct 17:29    INFO  epoch 107 training [time: 15.95s, train loss: -18.3024]
26 Oct 17:29    INFO  epoch 107 evaluating [time: 15.18s, valid_score: 0.112300]
26 Oct 17:29    INFO  valid result: 
recall@10 : 0.1352    recall@20 : 0.1988    recall@50 : 0.3116    ndcg@10 : 0.0939    ndcg@20 : 0.1123    ndcg@50 : 0.14    
26 Oct 17:29    INFO  epoch 108 training [time: 15.93s, train loss: -18.3027]
26 Oct 17:30    INFO  epoch 108 evaluating [time: 14.88s, valid_score: 0.112200]
26 Oct 17:30    INFO  valid result: 
recall@10 : 0.1348    recall@20 : 0.199    recall@50 : 0.3119    ndcg@10 : 0.0935    ndcg@20 : 0.1122    ndcg@50 : 0.1398    
26 Oct 17:30    INFO  epoch 109 training [time: 15.96s, train loss: -18.3023]
26 Oct 17:30    INFO  epoch 109 evaluating [time: 15.31s, valid_score: 0.112600]
26 Oct 17:30    INFO  valid result: 
recall@10 : 0.1353    recall@20 : 0.1994    recall@50 : 0.3111    ndcg@10 : 0.094    ndcg@20 : 0.1126    ndcg@50 : 0.14    
26 Oct 17:30    INFO  Saving current best: saved/DirectAU-Oct-26-2023_16-33-47.pth
26 Oct 17:31    INFO  epoch 110 training [time: 16.00s, train loss: -18.3028]
26 Oct 17:31    INFO  epoch 110 evaluating [time: 15.27s, valid_score: 0.112000]
26 Oct 17:31    INFO  valid result: 
recall@10 : 0.1352    recall@20 : 0.1978    recall@50 : 0.3104    ndcg@10 : 0.0939    ndcg@20 : 0.112    ndcg@50 : 0.1397    
26 Oct 17:31    INFO  epoch 111 training [time: 15.95s, train loss: -18.3025]
26 Oct 17:31    INFO  epoch 111 evaluating [time: 14.88s, valid_score: 0.111800]
26 Oct 17:31    INFO  valid result: 
recall@10 : 0.1348    recall@20 : 0.1977    recall@50 : 0.3119    ndcg@10 : 0.0936    ndcg@20 : 0.1118    ndcg@50 : 0.1398    
26 Oct 17:32    INFO  epoch 112 training [time: 15.63s, train loss: -18.3028]
26 Oct 17:32    INFO  epoch 112 evaluating [time: 15.39s, valid_score: 0.112100]
26 Oct 17:32    INFO  valid result: 
recall@10 : 0.1349    recall@20 : 0.1981    recall@50 : 0.3115    ndcg@10 : 0.0937    ndcg@20 : 0.1121    ndcg@50 : 0.1398    
26 Oct 17:32    INFO  epoch 113 training [time: 15.91s, train loss: -18.3023]
26 Oct 17:32    INFO  epoch 113 evaluating [time: 14.92s, valid_score: 0.112000]
26 Oct 17:32    INFO  valid result: 
recall@10 : 0.1352    recall@20 : 0.1983    recall@50 : 0.3128    ndcg@10 : 0.0936    ndcg@20 : 0.112    ndcg@50 : 0.1399    
26 Oct 17:33    INFO  epoch 114 training [time: 15.96s, train loss: -18.3029]
26 Oct 17:33    INFO  epoch 114 evaluating [time: 15.44s, valid_score: 0.112500]
26 Oct 17:33    INFO  valid result: 
recall@10 : 0.1354    recall@20 : 0.1991    recall@50 : 0.3132    ndcg@10 : 0.0941    ndcg@20 : 0.1125    ndcg@50 : 0.1404    
26 Oct 17:33    INFO  epoch 115 training [time: 15.93s, train loss: -18.3031]
26 Oct 17:33    INFO  epoch 115 evaluating [time: 15.08s, valid_score: 0.112600]
26 Oct 17:33    INFO  valid result: 
recall@10 : 0.135    recall@20 : 0.1999    recall@50 : 0.3124    ndcg@10 : 0.0938    ndcg@20 : 0.1126    ndcg@50 : 0.1401    
26 Oct 17:34    INFO  epoch 116 training [time: 15.92s, train loss: -18.3028]
26 Oct 17:34    INFO  epoch 116 evaluating [time: 15.35s, valid_score: 0.112200]
26 Oct 17:34    INFO  valid result: 
recall@10 : 0.1338    recall@20 : 0.1986    recall@50 : 0.3125    ndcg@10 : 0.0933    ndcg@20 : 0.1122    ndcg@50 : 0.14    
26 Oct 17:34    INFO  epoch 117 training [time: 15.92s, train loss: -18.3024]
26 Oct 17:34    INFO  epoch 117 evaluating [time: 15.02s, valid_score: 0.111900]
26 Oct 17:34    INFO  valid result: 
recall@10 : 0.1346    recall@20 : 0.1982    recall@50 : 0.3124    ndcg@10 : 0.0934    ndcg@20 : 0.1119    ndcg@50 : 0.1397    
26 Oct 17:35    INFO  epoch 118 training [time: 15.95s, train loss: -18.3028]
26 Oct 17:35    INFO  epoch 118 evaluating [time: 15.19s, valid_score: 0.112200]
26 Oct 17:35    INFO  valid result: 
recall@10 : 0.1356    recall@20 : 0.1985    recall@50 : 0.3125    ndcg@10 : 0.0939    ndcg@20 : 0.1122    ndcg@50 : 0.1399    
26 Oct 17:35    INFO  epoch 119 training [time: 15.93s, train loss: -18.3031]
26 Oct 17:35    INFO  epoch 119 evaluating [time: 15.05s, valid_score: 0.112400]
26 Oct 17:35    INFO  valid result: 
recall@10 : 0.1355    recall@20 : 0.1987    recall@50 : 0.3113    ndcg@10 : 0.094    ndcg@20 : 0.1124    ndcg@50 : 0.1399    
26 Oct 17:36    INFO  epoch 120 training [time: 15.95s, train loss: -18.3026]
26 Oct 17:36    INFO  epoch 120 evaluating [time: 15.28s, valid_score: 0.112700]
26 Oct 17:36    INFO  valid result: 
recall@10 : 0.1357    recall@20 : 0.1995    recall@50 : 0.3125    ndcg@10 : 0.0941    ndcg@20 : 0.1127    ndcg@50 : 0.1402    
26 Oct 17:36    INFO  Saving current best: saved/DirectAU-Oct-26-2023_16-33-47.pth
26 Oct 17:36    INFO  epoch 121 training [time: 15.93s, train loss: -18.3032]
26 Oct 17:36    INFO  epoch 121 evaluating [time: 14.87s, valid_score: 0.112100]
26 Oct 17:36    INFO  valid result: 
recall@10 : 0.1344    recall@20 : 0.1983    recall@50 : 0.3124    ndcg@10 : 0.0935    ndcg@20 : 0.1121    ndcg@50 : 0.14    
26 Oct 17:37    INFO  epoch 122 training [time: 15.91s, train loss: -18.3029]
26 Oct 17:37    INFO  epoch 122 evaluating [time: 15.01s, valid_score: 0.112300]
26 Oct 17:37    INFO  valid result: 
recall@10 : 0.1346    recall@20 : 0.1986    recall@50 : 0.3124    ndcg@10 : 0.0936    ndcg@20 : 0.1123    ndcg@50 : 0.1401    
26 Oct 17:37    INFO  epoch 123 training [time: 15.73s, train loss: -18.3030]
26 Oct 17:37    INFO  epoch 123 evaluating [time: 15.04s, valid_score: 0.112400]
26 Oct 17:37    INFO  valid result: 
recall@10 : 0.1347    recall@20 : 0.1983    recall@50 : 0.3125    ndcg@10 : 0.094    ndcg@20 : 0.1124    ndcg@50 : 0.1404    
26 Oct 17:38    INFO  epoch 124 training [time: 15.92s, train loss: -18.3025]
26 Oct 17:38    INFO  epoch 124 evaluating [time: 15.21s, valid_score: 0.112800]
26 Oct 17:38    INFO  valid result: 
recall@10 : 0.136    recall@20 : 0.1983    recall@50 : 0.3114    ndcg@10 : 0.0946    ndcg@20 : 0.1128    ndcg@50 : 0.1404    
26 Oct 17:38    INFO  Saving current best: saved/DirectAU-Oct-26-2023_16-33-47.pth
26 Oct 17:38    INFO  epoch 125 training [time: 15.96s, train loss: -18.3035]
26 Oct 17:39    INFO  epoch 125 evaluating [time: 15.22s, valid_score: 0.112700]
26 Oct 17:39    INFO  valid result: 
recall@10 : 0.135    recall@20 : 0.1981    recall@50 : 0.3121    ndcg@10 : 0.0943    ndcg@20 : 0.1127    ndcg@50 : 0.1405    
26 Oct 17:39    INFO  epoch 126 training [time: 15.94s, train loss: -18.3028]
26 Oct 17:39    INFO  epoch 126 evaluating [time: 14.68s, valid_score: 0.113000]
26 Oct 17:39    INFO  valid result: 
recall@10 : 0.1353    recall@20 : 0.1983    recall@50 : 0.3124    ndcg@10 : 0.0947    ndcg@20 : 0.113    ndcg@50 : 0.1409    
26 Oct 17:39    INFO  Saving current best: saved/DirectAU-Oct-26-2023_16-33-47.pth
26 Oct 17:39    INFO  epoch 127 training [time: 15.95s, train loss: -18.3029]
26 Oct 17:40    INFO  epoch 127 evaluating [time: 14.93s, valid_score: 0.112900]
26 Oct 17:40    INFO  valid result: 
recall@10 : 0.1353    recall@20 : 0.1987    recall@50 : 0.3117    ndcg@10 : 0.0945    ndcg@20 : 0.1129    ndcg@50 : 0.1406    
26 Oct 17:40    INFO  epoch 128 training [time: 15.98s, train loss: -18.3033]
26 Oct 17:40    INFO  epoch 128 evaluating [time: 14.74s, valid_score: 0.112700]
26 Oct 17:40    INFO  valid result: 
recall@10 : 0.1347    recall@20 : 0.1986    recall@50 : 0.313    ndcg@10 : 0.0942    ndcg@20 : 0.1127    ndcg@50 : 0.1407    
26 Oct 17:40    INFO  epoch 129 training [time: 15.77s, train loss: -18.3033]
26 Oct 17:41    INFO  epoch 129 evaluating [time: 15.01s, valid_score: 0.112700]
26 Oct 17:41    INFO  valid result: 
recall@10 : 0.1356    recall@20 : 0.1988    recall@50 : 0.3125    ndcg@10 : 0.0943    ndcg@20 : 0.1127    ndcg@50 : 0.1405    
26 Oct 17:41    INFO  epoch 130 training [time: 15.79s, train loss: -18.3034]
26 Oct 17:41    INFO  epoch 130 evaluating [time: 14.95s, valid_score: 0.113200]
26 Oct 17:41    INFO  valid result: 
recall@10 : 0.1357    recall@20 : 0.1996    recall@50 : 0.3133    ndcg@10 : 0.0946    ndcg@20 : 0.1132    ndcg@50 : 0.141    
26 Oct 17:41    INFO  Saving current best: saved/DirectAU-Oct-26-2023_16-33-47.pth
26 Oct 17:41    INFO  epoch 131 training [time: 15.84s, train loss: -18.3038]
26 Oct 17:42    INFO  epoch 131 evaluating [time: 14.75s, valid_score: 0.113100]
26 Oct 17:42    INFO  valid result: 
recall@10 : 0.1358    recall@20 : 0.1993    recall@50 : 0.313    ndcg@10 : 0.0946    ndcg@20 : 0.1131    ndcg@50 : 0.1409    
26 Oct 17:42    INFO  epoch 132 training [time: 15.69s, train loss: -18.3036]
26 Oct 17:42    INFO  epoch 132 evaluating [time: 14.80s, valid_score: 0.113100]
26 Oct 17:42    INFO  valid result: 
recall@10 : 0.1362    recall@20 : 0.2001    recall@50 : 0.3133    ndcg@10 : 0.0946    ndcg@20 : 0.1131    ndcg@50 : 0.1408    
26 Oct 17:42    INFO  epoch 133 training [time: 15.87s, train loss: -18.3037]
26 Oct 17:43    INFO  epoch 133 evaluating [time: 14.94s, valid_score: 0.112900]
26 Oct 17:43    INFO  valid result: 
recall@10 : 0.137    recall@20 : 0.1994    recall@50 : 0.3135    ndcg@10 : 0.0947    ndcg@20 : 0.1129    ndcg@50 : 0.1408    
26 Oct 17:43    INFO  epoch 134 training [time: 15.80s, train loss: -18.3030]
26 Oct 17:43    INFO  epoch 134 evaluating [time: 14.79s, valid_score: 0.112900]
26 Oct 17:43    INFO  valid result: 
recall@10 : 0.1372    recall@20 : 0.2    recall@50 : 0.3136    ndcg@10 : 0.0947    ndcg@20 : 0.1129    ndcg@50 : 0.1406    
26 Oct 17:43    INFO  epoch 135 training [time: 15.86s, train loss: -18.3034]
26 Oct 17:44    INFO  epoch 135 evaluating [time: 14.60s, valid_score: 0.112300]
26 Oct 17:44    INFO  valid result: 
recall@10 : 0.1371    recall@20 : 0.1981    recall@50 : 0.3142    ndcg@10 : 0.0945    ndcg@20 : 0.1123    ndcg@50 : 0.1406    
26 Oct 17:44    INFO  epoch 136 training [time: 15.89s, train loss: -18.3037]
26 Oct 17:44    INFO  epoch 136 evaluating [time: 14.85s, valid_score: 0.113300]
26 Oct 17:44    INFO  valid result: 
recall@10 : 0.1375    recall@20 : 0.1999    recall@50 : 0.3131    ndcg@10 : 0.095    ndcg@20 : 0.1133    ndcg@50 : 0.141    
26 Oct 17:44    INFO  Saving current best: saved/DirectAU-Oct-26-2023_16-33-47.pth
26 Oct 17:44    INFO  epoch 137 training [time: 15.85s, train loss: -18.3036]
26 Oct 17:45    INFO  epoch 137 evaluating [time: 14.83s, valid_score: 0.112900]
26 Oct 17:45    INFO  valid result: 
recall@10 : 0.1364    recall@20 : 0.1993    recall@50 : 0.313    ndcg@10 : 0.0946    ndcg@20 : 0.1129    ndcg@50 : 0.1407    
26 Oct 17:45    INFO  epoch 138 training [time: 15.86s, train loss: -18.3036]
26 Oct 17:45    INFO  epoch 138 evaluating [time: 15.06s, valid_score: 0.113200]
26 Oct 17:45    INFO  valid result: 
recall@10 : 0.1362    recall@20 : 0.1995    recall@50 : 0.3138    ndcg@10 : 0.0948    ndcg@20 : 0.1132    ndcg@50 : 0.1411    
26 Oct 17:45    INFO  epoch 139 training [time: 15.90s, train loss: -18.3033]
26 Oct 17:46    INFO  epoch 139 evaluating [time: 14.87s, valid_score: 0.113200]
26 Oct 17:46    INFO  valid result: 
recall@10 : 0.1356    recall@20 : 0.1999    recall@50 : 0.3132    ndcg@10 : 0.0946    ndcg@20 : 0.1132    ndcg@50 : 0.1409    
26 Oct 17:46    INFO  epoch 140 training [time: 15.90s, train loss: -18.3035]
26 Oct 17:46    INFO  epoch 140 evaluating [time: 14.99s, valid_score: 0.113000]
26 Oct 17:46    INFO  valid result: 
recall@10 : 0.137    recall@20 : 0.1993    recall@50 : 0.3147    ndcg@10 : 0.0949    ndcg@20 : 0.113    ndcg@50 : 0.1411    
26 Oct 17:46    INFO  epoch 141 training [time: 15.86s, train loss: -18.3033]
26 Oct 17:47    INFO  epoch 141 evaluating [time: 14.71s, valid_score: 0.113100]
26 Oct 17:47    INFO  valid result: 
recall@10 : 0.1358    recall@20 : 0.2    recall@50 : 0.3146    ndcg@10 : 0.0945    ndcg@20 : 0.1131    ndcg@50 : 0.141    
26 Oct 17:47    INFO  epoch 142 training [time: 15.86s, train loss: -18.3034]
26 Oct 17:47    INFO  epoch 142 evaluating [time: 15.03s, valid_score: 0.113100]
26 Oct 17:47    INFO  valid result: 
recall@10 : 0.1369    recall@20 : 0.2001    recall@50 : 0.3144    ndcg@10 : 0.0946    ndcg@20 : 0.1131    ndcg@50 : 0.1409    
26 Oct 17:47    INFO  epoch 143 training [time: 15.88s, train loss: -18.3038]
26 Oct 17:48    INFO  epoch 143 evaluating [time: 14.91s, valid_score: 0.113100]
26 Oct 17:48    INFO  valid result: 
recall@10 : 0.1364    recall@20 : 0.1993    recall@50 : 0.3146    ndcg@10 : 0.0948    ndcg@20 : 0.1131    ndcg@50 : 0.1412    
26 Oct 17:48    INFO  epoch 144 training [time: 15.87s, train loss: -18.3037]
26 Oct 17:48    INFO  epoch 144 evaluating [time: 14.74s, valid_score: 0.113500]
26 Oct 17:48    INFO  valid result: 
recall@10 : 0.1364    recall@20 : 0.2    recall@50 : 0.3144    ndcg@10 : 0.0949    ndcg@20 : 0.1135    ndcg@50 : 0.1413    
26 Oct 17:48    INFO  Saving current best: saved/DirectAU-Oct-26-2023_16-33-47.pth
26 Oct 17:49    INFO  epoch 145 training [time: 15.78s, train loss: -18.3036]
26 Oct 17:49    INFO  epoch 145 evaluating [time: 14.84s, valid_score: 0.113100]
26 Oct 17:49    INFO  valid result: 
recall@10 : 0.1363    recall@20 : 0.1993    recall@50 : 0.3144    ndcg@10 : 0.0947    ndcg@20 : 0.1131    ndcg@50 : 0.1411    
26 Oct 17:49    INFO  epoch 146 training [time: 15.89s, train loss: -18.3038]
26 Oct 17:49    INFO  epoch 146 evaluating [time: 14.77s, valid_score: 0.113400]
26 Oct 17:49    INFO  valid result: 
recall@10 : 0.1361    recall@20 : 0.2001    recall@50 : 0.3135    ndcg@10 : 0.0948    ndcg@20 : 0.1134    ndcg@50 : 0.141    
26 Oct 17:50    INFO  epoch 147 training [time: 15.82s, train loss: -18.3039]
26 Oct 17:50    INFO  epoch 147 evaluating [time: 14.79s, valid_score: 0.113400]
26 Oct 17:50    INFO  valid result: 
recall@10 : 0.1369    recall@20 : 0.1998    recall@50 : 0.3145    ndcg@10 : 0.0951    ndcg@20 : 0.1134    ndcg@50 : 0.1413    
26 Oct 17:50    INFO  epoch 148 training [time: 15.79s, train loss: -18.3039]
26 Oct 17:50    INFO  epoch 148 evaluating [time: 14.61s, valid_score: 0.113300]
26 Oct 17:50    INFO  valid result: 
recall@10 : 0.1374    recall@20 : 0.1992    recall@50 : 0.3135    ndcg@10 : 0.0953    ndcg@20 : 0.1133    ndcg@50 : 0.1412    
26 Oct 17:51    INFO  epoch 149 training [time: 15.83s, train loss: -18.3037]
26 Oct 17:51    INFO  epoch 149 evaluating [time: 14.91s, valid_score: 0.112900]
26 Oct 17:51    INFO  valid result: 
recall@10 : 0.1372    recall@20 : 0.1991    recall@50 : 0.3128    ndcg@10 : 0.0949    ndcg@20 : 0.1129    ndcg@50 : 0.1407    
26 Oct 17:51    INFO  epoch 150 training [time: 15.87s, train loss: -18.3041]
26 Oct 17:51    INFO  epoch 150 evaluating [time: 14.59s, valid_score: 0.113100]
26 Oct 17:51    INFO  valid result: 
recall@10 : 0.1361    recall@20 : 0.2006    recall@50 : 0.3156    ndcg@10 : 0.0944    ndcg@20 : 0.1131    ndcg@50 : 0.1412    
26 Oct 17:52    INFO  epoch 151 training [time: 15.90s, train loss: -18.3038]
26 Oct 17:52    INFO  epoch 151 evaluating [time: 15.11s, valid_score: 0.113100]
26 Oct 17:52    INFO  valid result: 
recall@10 : 0.1369    recall@20 : 0.1999    recall@50 : 0.3144    ndcg@10 : 0.0948    ndcg@20 : 0.1131    ndcg@50 : 0.1411    
26 Oct 17:52    INFO  epoch 152 training [time: 15.85s, train loss: -18.3042]
26 Oct 17:52    INFO  epoch 152 evaluating [time: 14.86s, valid_score: 0.113600]
26 Oct 17:52    INFO  valid result: 
recall@10 : 0.1366    recall@20 : 0.2015    recall@50 : 0.3137    ndcg@10 : 0.0947    ndcg@20 : 0.1136    ndcg@50 : 0.1411    
26 Oct 17:52    INFO  Saving current best: saved/DirectAU-Oct-26-2023_16-33-47.pth
26 Oct 17:53    INFO  epoch 153 training [time: 15.88s, train loss: -18.3040]
26 Oct 17:53    INFO  epoch 153 evaluating [time: 14.72s, valid_score: 0.113200]
26 Oct 17:53    INFO  valid result: 
recall@10 : 0.1361    recall@20 : 0.1998    recall@50 : 0.3144    ndcg@10 : 0.0946    ndcg@20 : 0.1132    ndcg@50 : 0.1411    
26 Oct 17:53    INFO  epoch 154 training [time: 15.89s, train loss: -18.3037]
26 Oct 17:53    INFO  epoch 154 evaluating [time: 14.61s, valid_score: 0.113000]
26 Oct 17:53    INFO  valid result: 
recall@10 : 0.1363    recall@20 : 0.1999    recall@50 : 0.314    ndcg@10 : 0.0945    ndcg@20 : 0.113    ndcg@50 : 0.1409    
26 Oct 17:54    INFO  epoch 155 training [time: 15.85s, train loss: -18.3041]
26 Oct 17:54    INFO  epoch 155 evaluating [time: 14.80s, valid_score: 0.113500]
26 Oct 17:54    INFO  valid result: 
recall@10 : 0.1373    recall@20 : 0.2004    recall@50 : 0.3143    ndcg@10 : 0.0953    ndcg@20 : 0.1135    ndcg@50 : 0.1414    
26 Oct 17:54    INFO  epoch 156 training [time: 15.84s, train loss: -18.3041]
26 Oct 17:54    INFO  epoch 156 evaluating [time: 14.59s, valid_score: 0.113100]
26 Oct 17:54    INFO  valid result: 
recall@10 : 0.1375    recall@20 : 0.1995    recall@50 : 0.3133    ndcg@10 : 0.0951    ndcg@20 : 0.1131    ndcg@50 : 0.1409    
26 Oct 17:55    INFO  epoch 157 training [time: 15.90s, train loss: -18.3039]
26 Oct 17:55    INFO  epoch 157 evaluating [time: 14.72s, valid_score: 0.113000]
26 Oct 17:55    INFO  valid result: 
recall@10 : 0.1358    recall@20 : 0.1987    recall@50 : 0.3145    ndcg@10 : 0.0947    ndcg@20 : 0.113    ndcg@50 : 0.1413    
26 Oct 17:55    INFO  epoch 158 training [time: 15.90s, train loss: -18.3041]
26 Oct 17:55    INFO  epoch 158 evaluating [time: 14.80s, valid_score: 0.113700]
26 Oct 17:55    INFO  valid result: 
recall@10 : 0.1365    recall@20 : 0.2    recall@50 : 0.3144    ndcg@10 : 0.0952    ndcg@20 : 0.1137    ndcg@50 : 0.1416    
26 Oct 17:55    INFO  Saving current best: saved/DirectAU-Oct-26-2023_16-33-47.pth
26 Oct 17:56    INFO  epoch 159 training [time: 15.85s, train loss: -18.3040]
26 Oct 17:56    INFO  epoch 159 evaluating [time: 14.58s, valid_score: 0.113500]
26 Oct 17:56    INFO  valid result: 
recall@10 : 0.1365    recall@20 : 0.1993    recall@50 : 0.3133    ndcg@10 : 0.0952    ndcg@20 : 0.1135    ndcg@50 : 0.1413    
26 Oct 17:56    INFO  epoch 160 training [time: 15.84s, train loss: -18.3043]
26 Oct 17:56    INFO  epoch 160 evaluating [time: 14.79s, valid_score: 0.113700]
26 Oct 17:56    INFO  valid result: 
recall@10 : 0.1371    recall@20 : 0.201    recall@50 : 0.3144    ndcg@10 : 0.0951    ndcg@20 : 0.1137    ndcg@50 : 0.1414    
26 Oct 17:57    INFO  epoch 161 training [time: 15.84s, train loss: -18.3042]
26 Oct 17:57    INFO  epoch 161 evaluating [time: 14.66s, valid_score: 0.113600]
26 Oct 17:57    INFO  valid result: 
recall@10 : 0.1365    recall@20 : 0.2005    recall@50 : 0.3151    ndcg@10 : 0.0951    ndcg@20 : 0.1136    ndcg@50 : 0.1416    
26 Oct 17:57    INFO  epoch 162 training [time: 15.80s, train loss: -18.3043]
26 Oct 17:57    INFO  epoch 162 evaluating [time: 14.93s, valid_score: 0.113500]
26 Oct 17:57    INFO  valid result: 
recall@10 : 0.1368    recall@20 : 0.2007    recall@50 : 0.3143    ndcg@10 : 0.095    ndcg@20 : 0.1135    ndcg@50 : 0.1412    
26 Oct 17:58    INFO  epoch 163 training [time: 15.84s, train loss: -18.3043]
26 Oct 17:58    INFO  epoch 163 evaluating [time: 14.76s, valid_score: 0.113500]
26 Oct 17:58    INFO  valid result: 
recall@10 : 0.1366    recall@20 : 0.1996    recall@50 : 0.3136    ndcg@10 : 0.0952    ndcg@20 : 0.1135    ndcg@50 : 0.1414    
26 Oct 17:58    INFO  epoch 164 training [time: 15.86s, train loss: -18.3045]
26 Oct 17:58    INFO  epoch 164 evaluating [time: 14.63s, valid_score: 0.114000]
26 Oct 17:58    INFO  valid result: 
recall@10 : 0.1377    recall@20 : 0.2008    recall@50 : 0.3146    ndcg@10 : 0.0956    ndcg@20 : 0.114    ndcg@50 : 0.1418    
26 Oct 17:58    INFO  Saving current best: saved/DirectAU-Oct-26-2023_16-33-47.pth
26 Oct 17:59    INFO  epoch 165 training [time: 15.89s, train loss: -18.3044]
26 Oct 17:59    INFO  epoch 165 evaluating [time: 14.71s, valid_score: 0.113600]
26 Oct 17:59    INFO  valid result: 
recall@10 : 0.1376    recall@20 : 0.1997    recall@50 : 0.3157    ndcg@10 : 0.0955    ndcg@20 : 0.1136    ndcg@50 : 0.1419    
26 Oct 17:59    INFO  epoch 166 training [time: 15.87s, train loss: -18.3044]
26 Oct 17:59    INFO  epoch 166 evaluating [time: 14.91s, valid_score: 0.113800]
26 Oct 17:59    INFO  valid result: 
recall@10 : 0.1371    recall@20 : 0.2008    recall@50 : 0.3149    ndcg@10 : 0.0953    ndcg@20 : 0.1138    ndcg@50 : 0.1416    
26 Oct 18:00    INFO  epoch 167 training [time: 15.85s, train loss: -18.3044]
26 Oct 18:00    INFO  epoch 167 evaluating [time: 14.93s, valid_score: 0.113700]
26 Oct 18:00    INFO  valid result: 
recall@10 : 0.1374    recall@20 : 0.1995    recall@50 : 0.3143    ndcg@10 : 0.0957    ndcg@20 : 0.1137    ndcg@50 : 0.1417    
26 Oct 18:00    INFO  epoch 168 training [time: 15.83s, train loss: -18.3041]
26 Oct 18:01    INFO  epoch 168 evaluating [time: 14.64s, valid_score: 0.114000]
26 Oct 18:01    INFO  valid result: 
recall@10 : 0.137    recall@20 : 0.2008    recall@50 : 0.314    ndcg@10 : 0.0954    ndcg@20 : 0.114    ndcg@50 : 0.1416    
26 Oct 18:01    INFO  epoch 169 training [time: 15.88s, train loss: -18.3044]
26 Oct 18:01    INFO  epoch 169 evaluating [time: 14.73s, valid_score: 0.113900]
26 Oct 18:01    INFO  valid result: 
recall@10 : 0.1369    recall@20 : 0.1993    recall@50 : 0.314    ndcg@10 : 0.0959    ndcg@20 : 0.1139    ndcg@50 : 0.142    
26 Oct 18:01    INFO  epoch 170 training [time: 15.85s, train loss: -18.3043]
26 Oct 18:02    INFO  epoch 170 evaluating [time: 14.59s, valid_score: 0.113900]
26 Oct 18:02    INFO  valid result: 
recall@10 : 0.1369    recall@20 : 0.2003    recall@50 : 0.3145    ndcg@10 : 0.0956    ndcg@20 : 0.1139    ndcg@50 : 0.1418    
26 Oct 18:02    INFO  epoch 171 training [time: 15.82s, train loss: -18.3041]
26 Oct 18:02    INFO  epoch 171 evaluating [time: 14.71s, valid_score: 0.113600]
26 Oct 18:02    INFO  valid result: 
recall@10 : 0.138    recall@20 : 0.1996    recall@50 : 0.3144    ndcg@10 : 0.0957    ndcg@20 : 0.1136    ndcg@50 : 0.1415    
26 Oct 18:02    INFO  epoch 172 training [time: 15.87s, train loss: -18.3043]
26 Oct 18:03    INFO  epoch 172 evaluating [time: 14.60s, valid_score: 0.113500]
26 Oct 18:03    INFO  valid result: 
recall@10 : 0.1369    recall@20 : 0.1993    recall@50 : 0.3138    ndcg@10 : 0.0953    ndcg@20 : 0.1135    ndcg@50 : 0.1415    
26 Oct 18:03    INFO  epoch 173 training [time: 15.86s, train loss: -18.3044]
26 Oct 18:03    INFO  epoch 173 evaluating [time: 14.93s, valid_score: 0.113700]
26 Oct 18:03    INFO  valid result: 
recall@10 : 0.1368    recall@20 : 0.2008    recall@50 : 0.3144    ndcg@10 : 0.0951    ndcg@20 : 0.1137    ndcg@50 : 0.1415    
26 Oct 18:03    INFO  epoch 174 training [time: 15.84s, train loss: -18.3045]
26 Oct 18:04    INFO  epoch 174 evaluating [time: 14.51s, valid_score: 0.113600]
26 Oct 18:04    INFO  valid result: 
recall@10 : 0.1372    recall@20 : 0.2007    recall@50 : 0.314    ndcg@10 : 0.0951    ndcg@20 : 0.1136    ndcg@50 : 0.1413    
26 Oct 18:04    INFO  epoch 175 training [time: 15.58s, train loss: -18.3045]
26 Oct 18:04    INFO  epoch 175 evaluating [time: 14.83s, valid_score: 0.113900]
26 Oct 18:04    INFO  valid result: 
recall@10 : 0.1372    recall@20 : 0.2009    recall@50 : 0.3153    ndcg@10 : 0.0954    ndcg@20 : 0.1139    ndcg@50 : 0.1418    
26 Oct 18:04    INFO  Finished training, best eval result in epoch 164
26 Oct 18:04    INFO  Loading model structure and parameters from saved/DirectAU-Oct-26-2023_16-33-47.pth
26 Oct 18:04    INFO  best valid : {'recall@10': 0.1377, 'recall@20': 0.2008, 'recall@50': 0.3146, 'ndcg@10': 0.0956, 'ndcg@20': 0.114, 'ndcg@50': 0.1418}
26 Oct 18:04    INFO  test result: {'recall@10': 0.1393, 'recall@20': 0.2005, 'recall@50': 0.313, 'ndcg@10': 0.1001, 'ndcg@20': 0.1178, 'ndcg@50': 0.1452}
