command line args [--d 0.5 --alpha 0.5 --std 0] will not be used in RecBole
27 Oct 15:06    INFO  
General Hyper Parameters:
gpu_id = 2
use_gpu = True
seed = 0
state = INFO
reproducibility = True
data_path = dataset/Beauty
show_progress = False

Training Hyper Parameters:
checkpoint_dir = saved
epochs = 500
train_batch_size = 256
learner = adam
learning_rate = 0.001
training_neg_sample_num = 0
training_neg_sample_distribution = uniform
eval_step = 1
stopping_step = 10
clip_grad_norm = None
weight_decay = 1e-06
draw_loss_pic = False
loss_decimal_place = 4

Evaluation Hyper Parameters:
eval_setting = RO_RS,full
group_by_user = True
split_ratio = [0.8, 0.1, 0.1]
leave_one_num = 2
real_time_process = False
metrics = ['Recall', 'NDCG']
topk = [10, 20, 50]
valid_metric = NDCG@20
eval_batch_size = 4096
metric_decimal_place = 4

Dataset Hyper Parameters:
field_separator = 	
seq_separator =  
USER_ID_FIELD = user_id
ITEM_ID_FIELD = item_id
RATING_FIELD = rating
TIME_FIELD = timestamp
seq_len = None
LABEL_FIELD = label
threshold = None
NEG_PREFIX = neg_
load_col = {'inter': ['user_id', 'item_id', 'timestamp']}
unload_col = None
unused_col = None
additional_feat_suffix = None
lowest_val = None
highest_val = None
equal_val = None
not_equal_val = None
max_user_inter_num = None
min_user_inter_num = 5
max_item_inter_num = None
min_item_inter_num = 5
fields_in_same_space = None
preload_weight = None
normalize_field = None
normalize_all = None
ITEM_LIST_LENGTH_FIELD = item_length
LIST_SUFFIX = _list
MAX_ITEM_LIST_LENGTH = 50
POSITION_FIELD = position_id
HEAD_ENTITY_ID_FIELD = head_id
TAIL_ENTITY_ID_FIELD = tail_id
RELATION_ID_FIELD = relation_id
ENTITY_ID_FIELD = entity_id

Other Hyper Parameters: 
valid_metric_bigger = True
BT = 0.1
alpha = 0.5
bt = 0.001
d = 0.5
embedding_size = 64
encoder = MF
gamma = 0.5
std = 0.0
times = 1
witem = 0.1
wuser = 0.8
rm_dup_inter = None
filter_inter_by_user_or_item = True
SOURCE_ID_FIELD = source_id
TARGET_ID_FIELD = target_id
benchmark_filename = None
MODEL_TYPE = ModelType.GENERAL
MODEL_INPUT_TYPE = InputType.POINTWISE
eval_type = EvaluatorType.RANKING
device = cuda
train_neg_sample_args = {'strategy': 'none'}


27 Oct 15:06    INFO  Beauty
The number of users: 22364
Average actions of users: 8.876358270357287
The number of items: 12102
Average actions of items: 16.403768283612923
The number of inters: 198502
The sparsity of the dataset: 99.92665707018277%
Remain Fields: ['user_id', 'item_id', 'timestamp']
27 Oct 15:06    INFO  Build [GeneralDataLoader] for [train] with format [InputType.POINTWISE]
27 Oct 15:06    INFO  [train] No Negative Sampling
27 Oct 15:06    INFO  [train] batch_size = [256], shuffle = [True]

27 Oct 15:06    INFO  Build [GeneralFullDataLoader] for [evaluation] with format [InputType.POINTWISE]
27 Oct 15:06    INFO  Evaluation Setting:
	Group by user_id
	Ordering: {'strategy': 'shuffle'}
	Splitting: {'strategy': 'by_ratio', 'ratios': [0.8, 0.1, 0.1]}
	Negative Sampling: {'strategy': 'full', 'distribution': 'uniform'}
27 Oct 15:06    INFO  [evaluation] batch_size = [4096], shuffle = [False]

27 Oct 15:06    WARNING  Batch size is changed to 12102.
27 Oct 15:06    WARNING  Batch size is changed to 12102.
{'BT': 0.1, 'bt': 0.001, 'embedding_size': 64, 'encoder': 'MF', 'gamma': None, 'times': 1, 'training_neg_sample_num': 0, 'witem': 0.1, 'wuser': 0.8, 'd': 0.5, 'alpha': 0.5, 'std': 0.0}
this is encoder MF...
这是directau 的 RE 版本...
27 Oct 15:06    INFO  DirectAU(
  (encoder): MFEncoder(
    (user_embedding): Embedding(22364, 64)
    (item_embedding): Embedding(12102, 64)
  )
  (bn): BatchNorm1d(64, eps=1e-05, momentum=0.1, affine=False, track_running_stats=True)
  (projector): Sequential(
    (0): Linear(in_features=64, out_features=64, bias=False)
    (1): BatchNorm1d(64, eps=1e-05, momentum=0.1, affine=True, track_running_stats=True)
    (2): ReLU(inplace=True)
    (3): Linear(in_features=64, out_features=64, bias=False)
    (4): BatchNorm1d(64, eps=1e-05, momentum=0.1, affine=True, track_running_stats=True)
    (5): ReLU(inplace=True)
    (6): Linear(in_features=64, out_features=64, bias=False)
  )
)
Trainable parameters: 2218368
27 Oct 15:06    INFO  epoch 0 training [time: 2.36s, train loss: 0.0498]
27 Oct 15:07    INFO  epoch 0 evaluating [time: 9.54s, valid_score: 0.013000]
27 Oct 15:07    INFO  valid result: 
recall@10 : 0.0182    recall@20 : 0.0287    recall@50 : 0.0459    ndcg@10 : 0.0101    ndcg@20 : 0.013    ndcg@50 : 0.0167    
27 Oct 15:07    INFO  Saving current best: saved/DirectAU-Oct-27-2023_15-06-56.pth
27 Oct 15:07    INFO  epoch 1 training [time: 2.09s, train loss: -0.4489]
27 Oct 15:07    INFO  epoch 1 evaluating [time: 9.33s, valid_score: 0.018300]
27 Oct 15:07    INFO  valid result: 
recall@10 : 0.0259    recall@20 : 0.0397    recall@50 : 0.0653    ndcg@10 : 0.0145    ndcg@20 : 0.0183    ndcg@50 : 0.0237    
27 Oct 15:07    INFO  Saving current best: saved/DirectAU-Oct-27-2023_15-06-56.pth
27 Oct 15:07    INFO  epoch 2 training [time: 2.21s, train loss: -0.5853]
27 Oct 15:07    INFO  epoch 2 evaluating [time: 9.57s, valid_score: 0.021600]
27 Oct 15:07    INFO  valid result: 
recall@10 : 0.0307    recall@20 : 0.0477    recall@50 : 0.0764    ndcg@10 : 0.017    ndcg@20 : 0.0216    ndcg@50 : 0.0277    
27 Oct 15:07    INFO  Saving current best: saved/DirectAU-Oct-27-2023_15-06-56.pth
27 Oct 15:07    INFO  epoch 3 training [time: 2.49s, train loss: -0.6533]
27 Oct 15:07    INFO  epoch 3 evaluating [time: 9.36s, valid_score: 0.023900]
27 Oct 15:07    INFO  valid result: 
recall@10 : 0.0334    recall@20 : 0.0527    recall@50 : 0.0853    ndcg@10 : 0.0186    ndcg@20 : 0.0239    ndcg@50 : 0.0307    
27 Oct 15:07    INFO  Saving current best: saved/DirectAU-Oct-27-2023_15-06-56.pth
27 Oct 15:07    INFO  epoch 4 training [time: 2.34s, train loss: -0.6973]
27 Oct 15:07    INFO  epoch 4 evaluating [time: 9.20s, valid_score: 0.026300]
27 Oct 15:07    INFO  valid result: 
recall@10 : 0.0383    recall@20 : 0.0583    recall@50 : 0.0926    ndcg@10 : 0.0209    ndcg@20 : 0.0263    ndcg@50 : 0.0334    
27 Oct 15:07    INFO  Saving current best: saved/DirectAU-Oct-27-2023_15-06-56.pth
27 Oct 15:07    INFO  epoch 5 training [time: 2.35s, train loss: -0.7303]
27 Oct 15:08    INFO  epoch 5 evaluating [time: 11.67s, valid_score: 0.027500]
27 Oct 15:08    INFO  valid result: 
recall@10 : 0.0396    recall@20 : 0.0598    recall@50 : 0.0964    ndcg@10 : 0.022    ndcg@20 : 0.0275    ndcg@50 : 0.0351    
27 Oct 15:08    INFO  Saving current best: saved/DirectAU-Oct-27-2023_15-06-56.pth
27 Oct 15:08    INFO  epoch 6 training [time: 2.22s, train loss: -0.7559]
27 Oct 15:08    INFO  epoch 6 evaluating [time: 9.29s, valid_score: 0.029300]
27 Oct 15:08    INFO  valid result: 
recall@10 : 0.0421    recall@20 : 0.0638    recall@50 : 0.1025    ndcg@10 : 0.0234    ndcg@20 : 0.0293    ndcg@50 : 0.0373    
27 Oct 15:08    INFO  Saving current best: saved/DirectAU-Oct-27-2023_15-06-56.pth
27 Oct 15:08    INFO  epoch 7 training [time: 2.33s, train loss: -0.7777]
27 Oct 15:08    INFO  epoch 7 evaluating [time: 9.50s, valid_score: 0.031100]
27 Oct 15:08    INFO  valid result: 
recall@10 : 0.0445    recall@20 : 0.0674    recall@50 : 0.107    ndcg@10 : 0.025    ndcg@20 : 0.0311    ndcg@50 : 0.0393    
27 Oct 15:08    INFO  Saving current best: saved/DirectAU-Oct-27-2023_15-06-56.pth
27 Oct 15:08    INFO  epoch 8 training [time: 2.35s, train loss: -0.7977]
27 Oct 15:08    INFO  epoch 8 evaluating [time: 9.29s, valid_score: 0.031900]
27 Oct 15:08    INFO  valid result: 
recall@10 : 0.0463    recall@20 : 0.0697    recall@50 : 0.1098    ndcg@10 : 0.0257    ndcg@20 : 0.0319    ndcg@50 : 0.0403    
27 Oct 15:08    INFO  Saving current best: saved/DirectAU-Oct-27-2023_15-06-56.pth
27 Oct 15:08    INFO  epoch 9 training [time: 2.06s, train loss: -0.8147]
27 Oct 15:08    INFO  epoch 9 evaluating [time: 9.46s, valid_score: 0.033000]
27 Oct 15:08    INFO  valid result: 
recall@10 : 0.0483    recall@20 : 0.0715    recall@50 : 0.1135    ndcg@10 : 0.0268    ndcg@20 : 0.033    ndcg@50 : 0.0417    
27 Oct 15:08    INFO  Saving current best: saved/DirectAU-Oct-27-2023_15-06-56.pth
27 Oct 15:08    INFO  epoch 10 training [time: 2.30s, train loss: -0.8298]
27 Oct 15:09    INFO  epoch 10 evaluating [time: 9.37s, valid_score: 0.034600]
27 Oct 15:09    INFO  valid result: 
recall@10 : 0.0493    recall@20 : 0.0749    recall@50 : 0.1169    ndcg@10 : 0.0278    ndcg@20 : 0.0346    ndcg@50 : 0.0432    
27 Oct 15:09    INFO  Saving current best: saved/DirectAU-Oct-27-2023_15-06-56.pth
27 Oct 15:09    INFO  epoch 11 training [time: 2.15s, train loss: -0.8447]
27 Oct 15:09    INFO  epoch 11 evaluating [time: 9.47s, valid_score: 0.035500]
27 Oct 15:09    INFO  valid result: 
recall@10 : 0.0514    recall@20 : 0.0775    recall@50 : 0.1193    ndcg@10 : 0.0286    ndcg@20 : 0.0355    ndcg@50 : 0.0442    
27 Oct 15:09    INFO  Saving current best: saved/DirectAU-Oct-27-2023_15-06-56.pth
27 Oct 15:09    INFO  epoch 12 training [time: 2.30s, train loss: -0.8574]
27 Oct 15:09    INFO  epoch 12 evaluating [time: 9.26s, valid_score: 0.036100]
27 Oct 15:09    INFO  valid result: 
recall@10 : 0.0516    recall@20 : 0.0792    recall@50 : 0.1233    ndcg@10 : 0.0288    ndcg@20 : 0.0361    ndcg@50 : 0.0453    
27 Oct 15:09    INFO  Saving current best: saved/DirectAU-Oct-27-2023_15-06-56.pth
27 Oct 15:09    INFO  epoch 13 training [time: 2.30s, train loss: -0.8703]
27 Oct 15:09    INFO  epoch 13 evaluating [time: 9.79s, valid_score: 0.037300]
27 Oct 15:09    INFO  valid result: 
recall@10 : 0.0547    recall@20 : 0.081    recall@50 : 0.1259    ndcg@10 : 0.0304    ndcg@20 : 0.0373    ndcg@50 : 0.0465    
27 Oct 15:09    INFO  Saving current best: saved/DirectAU-Oct-27-2023_15-06-56.pth
27 Oct 15:09    INFO  epoch 14 training [time: 2.30s, train loss: -0.8812]
27 Oct 15:09    INFO  epoch 14 evaluating [time: 9.29s, valid_score: 0.038100]
27 Oct 15:09    INFO  valid result: 
recall@10 : 0.0554    recall@20 : 0.0833    recall@50 : 0.1292    ndcg@10 : 0.0307    ndcg@20 : 0.0381    ndcg@50 : 0.0476    
27 Oct 15:09    INFO  Saving current best: saved/DirectAU-Oct-27-2023_15-06-56.pth
27 Oct 15:09    INFO  epoch 15 training [time: 2.31s, train loss: -0.8929]
27 Oct 15:10    INFO  epoch 15 evaluating [time: 9.41s, valid_score: 0.039000]
27 Oct 15:10    INFO  valid result: 
recall@10 : 0.057    recall@20 : 0.0844    recall@50 : 0.1314    ndcg@10 : 0.0316    ndcg@20 : 0.039    ndcg@50 : 0.0486    
27 Oct 15:10    INFO  Saving current best: saved/DirectAU-Oct-27-2023_15-06-56.pth
27 Oct 15:10    INFO  epoch 16 training [time: 2.32s, train loss: -0.9028]
27 Oct 15:10    INFO  epoch 16 evaluating [time: 9.35s, valid_score: 0.040400]
27 Oct 15:10    INFO  valid result: 
recall@10 : 0.0596    recall@20 : 0.0866    recall@50 : 0.1331    ndcg@10 : 0.0333    ndcg@20 : 0.0404    ndcg@50 : 0.05    
27 Oct 15:10    INFO  Saving current best: saved/DirectAU-Oct-27-2023_15-06-56.pth
27 Oct 15:10    INFO  epoch 17 training [time: 2.48s, train loss: -0.9134]
27 Oct 15:10    INFO  epoch 17 evaluating [time: 9.60s, valid_score: 0.040800]
27 Oct 15:10    INFO  valid result: 
recall@10 : 0.0608    recall@20 : 0.0876    recall@50 : 0.1347    ndcg@10 : 0.0337    ndcg@20 : 0.0408    ndcg@50 : 0.0505    
27 Oct 15:10    INFO  Saving current best: saved/DirectAU-Oct-27-2023_15-06-56.pth
27 Oct 15:10    INFO  epoch 18 training [time: 2.33s, train loss: -0.9229]
27 Oct 15:10    INFO  epoch 18 evaluating [time: 9.46s, valid_score: 0.041800]
27 Oct 15:10    INFO  valid result: 
recall@10 : 0.0617    recall@20 : 0.0899    recall@50 : 0.1375    ndcg@10 : 0.0344    ndcg@20 : 0.0418    ndcg@50 : 0.0517    
27 Oct 15:10    INFO  Saving current best: saved/DirectAU-Oct-27-2023_15-06-56.pth
27 Oct 15:10    INFO  epoch 19 training [time: 2.26s, train loss: -0.9320]
27 Oct 15:10    INFO  epoch 19 evaluating [time: 9.48s, valid_score: 0.042400]
27 Oct 15:10    INFO  valid result: 
recall@10 : 0.0635    recall@20 : 0.092    recall@50 : 0.1406    ndcg@10 : 0.0349    ndcg@20 : 0.0424    ndcg@50 : 0.0524    
27 Oct 15:10    INFO  Saving current best: saved/DirectAU-Oct-27-2023_15-06-56.pth
27 Oct 15:10    INFO  epoch 20 training [time: 2.27s, train loss: -0.9412]
27 Oct 15:11    INFO  epoch 20 evaluating [time: 9.28s, valid_score: 0.042800]
27 Oct 15:11    INFO  valid result: 
recall@10 : 0.0632    recall@20 : 0.0915    recall@50 : 0.142    ndcg@10 : 0.0353    ndcg@20 : 0.0428    ndcg@50 : 0.0532    
27 Oct 15:11    INFO  Saving current best: saved/DirectAU-Oct-27-2023_15-06-56.pth
27 Oct 15:11    INFO  epoch 21 training [time: 2.28s, train loss: -0.9491]
27 Oct 15:11    INFO  epoch 21 evaluating [time: 9.42s, valid_score: 0.043400]
27 Oct 15:11    INFO  valid result: 
recall@10 : 0.0646    recall@20 : 0.0932    recall@50 : 0.1439    ndcg@10 : 0.0359    ndcg@20 : 0.0434    ndcg@50 : 0.0539    
27 Oct 15:11    INFO  Saving current best: saved/DirectAU-Oct-27-2023_15-06-56.pth
27 Oct 15:11    INFO  epoch 22 training [time: 2.27s, train loss: -0.9575]
27 Oct 15:11    INFO  epoch 22 evaluating [time: 9.53s, valid_score: 0.044500]
27 Oct 15:11    INFO  valid result: 
recall@10 : 0.0649    recall@20 : 0.0955    recall@50 : 0.1446    ndcg@10 : 0.0365    ndcg@20 : 0.0445    ndcg@50 : 0.0546    
27 Oct 15:11    INFO  Saving current best: saved/DirectAU-Oct-27-2023_15-06-56.pth
27 Oct 15:11    INFO  epoch 23 training [time: 2.23s, train loss: -0.9644]
27 Oct 15:11    INFO  epoch 23 evaluating [time: 9.41s, valid_score: 0.044900]
27 Oct 15:11    INFO  valid result: 
recall@10 : 0.0658    recall@20 : 0.096    recall@50 : 0.1461    ndcg@10 : 0.0369    ndcg@20 : 0.0449    ndcg@50 : 0.0552    
27 Oct 15:11    INFO  Saving current best: saved/DirectAU-Oct-27-2023_15-06-56.pth
27 Oct 15:11    INFO  epoch 24 training [time: 2.24s, train loss: -0.9719]
27 Oct 15:11    INFO  epoch 24 evaluating [time: 9.31s, valid_score: 0.046000]
27 Oct 15:11    INFO  valid result: 
recall@10 : 0.0688    recall@20 : 0.0981    recall@50 : 0.1477    ndcg@10 : 0.0383    ndcg@20 : 0.046    ndcg@50 : 0.0562    
27 Oct 15:11    INFO  Saving current best: saved/DirectAU-Oct-27-2023_15-06-56.pth
27 Oct 15:11    INFO  epoch 25 training [time: 2.33s, train loss: -0.9795]
27 Oct 15:12    INFO  epoch 25 evaluating [time: 9.43s, valid_score: 0.046400]
27 Oct 15:12    INFO  valid result: 
recall@10 : 0.0673    recall@20 : 0.0992    recall@50 : 0.1493    ndcg@10 : 0.038    ndcg@20 : 0.0464    ndcg@50 : 0.0568    
27 Oct 15:12    INFO  Saving current best: saved/DirectAU-Oct-27-2023_15-06-56.pth
27 Oct 15:12    INFO  epoch 26 training [time: 2.06s, train loss: -0.9861]
27 Oct 15:12    INFO  epoch 26 evaluating [time: 9.49s, valid_score: 0.047000]
27 Oct 15:12    INFO  valid result: 
recall@10 : 0.0694    recall@20 : 0.1001    recall@50 : 0.1518    ndcg@10 : 0.0389    ndcg@20 : 0.047    ndcg@50 : 0.0576    
27 Oct 15:12    INFO  Saving current best: saved/DirectAU-Oct-27-2023_15-06-56.pth
27 Oct 15:12    INFO  epoch 27 training [time: 2.12s, train loss: -0.9925]
27 Oct 15:12    INFO  epoch 27 evaluating [time: 9.08s, valid_score: 0.047100]
27 Oct 15:12    INFO  valid result: 
recall@10 : 0.0699    recall@20 : 0.1011    recall@50 : 0.153    ndcg@10 : 0.0389    ndcg@20 : 0.0471    ndcg@50 : 0.0578    
27 Oct 15:12    INFO  Saving current best: saved/DirectAU-Oct-27-2023_15-06-56.pth
27 Oct 15:12    INFO  epoch 28 training [time: 2.28s, train loss: -0.9987]
27 Oct 15:12    INFO  epoch 28 evaluating [time: 9.53s, valid_score: 0.048000]
27 Oct 15:12    INFO  valid result: 
recall@10 : 0.071    recall@20 : 0.1029    recall@50 : 0.1538    ndcg@10 : 0.0396    ndcg@20 : 0.048    ndcg@50 : 0.0585    
27 Oct 15:12    INFO  Saving current best: saved/DirectAU-Oct-27-2023_15-06-56.pth
27 Oct 15:12    INFO  epoch 29 training [time: 2.32s, train loss: -1.0045]
27 Oct 15:12    INFO  epoch 29 evaluating [time: 9.41s, valid_score: 0.048400]
27 Oct 15:12    INFO  valid result: 
recall@10 : 0.071    recall@20 : 0.1036    recall@50 : 0.1561    ndcg@10 : 0.0399    ndcg@20 : 0.0484    ndcg@50 : 0.0592    
27 Oct 15:12    INFO  Saving current best: saved/DirectAU-Oct-27-2023_15-06-56.pth
27 Oct 15:12    INFO  epoch 30 training [time: 2.25s, train loss: -1.0101]
27 Oct 15:13    INFO  epoch 30 evaluating [time: 9.25s, valid_score: 0.049000]
27 Oct 15:13    INFO  valid result: 
recall@10 : 0.0717    recall@20 : 0.1047    recall@50 : 0.1566    ndcg@10 : 0.0403    ndcg@20 : 0.049    ndcg@50 : 0.0597    
27 Oct 15:13    INFO  Saving current best: saved/DirectAU-Oct-27-2023_15-06-56.pth
27 Oct 15:13    INFO  epoch 31 training [time: 2.37s, train loss: -1.0153]
27 Oct 15:13    INFO  epoch 31 evaluating [time: 9.28s, valid_score: 0.049400]
27 Oct 15:13    INFO  valid result: 
recall@10 : 0.0722    recall@20 : 0.1057    recall@50 : 0.1589    ndcg@10 : 0.0406    ndcg@20 : 0.0494    ndcg@50 : 0.0603    
27 Oct 15:13    INFO  Saving current best: saved/DirectAU-Oct-27-2023_15-06-56.pth
27 Oct 15:13    INFO  epoch 32 training [time: 2.42s, train loss: -1.0213]
27 Oct 15:13    INFO  epoch 32 evaluating [time: 9.44s, valid_score: 0.049800]
27 Oct 15:13    INFO  valid result: 
recall@10 : 0.073    recall@20 : 0.107    recall@50 : 0.1609    ndcg@10 : 0.0408    ndcg@20 : 0.0498    ndcg@50 : 0.0608    
27 Oct 15:13    INFO  Saving current best: saved/DirectAU-Oct-27-2023_15-06-56.pth
27 Oct 15:13    INFO  epoch 33 training [time: 2.43s, train loss: -1.0260]
27 Oct 15:13    INFO  epoch 33 evaluating [time: 9.22s, valid_score: 0.050900]
27 Oct 15:13    INFO  valid result: 
recall@10 : 0.074    recall@20 : 0.1083    recall@50 : 0.1613    ndcg@10 : 0.0419    ndcg@20 : 0.0509    ndcg@50 : 0.0618    
27 Oct 15:13    INFO  Saving current best: saved/DirectAU-Oct-27-2023_15-06-56.pth
27 Oct 15:13    INFO  epoch 34 training [time: 2.44s, train loss: -1.0306]
27 Oct 15:13    INFO  epoch 34 evaluating [time: 9.27s, valid_score: 0.050700]
27 Oct 15:13    INFO  valid result: 
recall@10 : 0.0743    recall@20 : 0.1081    recall@50 : 0.1629    ndcg@10 : 0.0419    ndcg@20 : 0.0507    ndcg@50 : 0.062    
27 Oct 15:13    INFO  epoch 35 training [time: 2.42s, train loss: -1.0352]
27 Oct 15:14    INFO  epoch 35 evaluating [time: 9.18s, valid_score: 0.051800]
27 Oct 15:14    INFO  valid result: 
recall@10 : 0.0752    recall@20 : 0.1099    recall@50 : 0.1637    ndcg@10 : 0.0427    ndcg@20 : 0.0518    ndcg@50 : 0.0628    
27 Oct 15:14    INFO  Saving current best: saved/DirectAU-Oct-27-2023_15-06-56.pth
27 Oct 15:14    INFO  epoch 36 training [time: 2.42s, train loss: -1.0398]
27 Oct 15:14    INFO  epoch 36 evaluating [time: 9.29s, valid_score: 0.051600]
27 Oct 15:14    INFO  valid result: 
recall@10 : 0.0761    recall@20 : 0.1093    recall@50 : 0.1647    ndcg@10 : 0.0428    ndcg@20 : 0.0516    ndcg@50 : 0.063    
27 Oct 15:14    INFO  epoch 37 training [time: 2.10s, train loss: -1.0441]
27 Oct 15:14    INFO  epoch 37 evaluating [time: 9.28s, valid_score: 0.051900]
27 Oct 15:14    INFO  valid result: 
recall@10 : 0.0767    recall@20 : 0.1097    recall@50 : 0.1654    ndcg@10 : 0.0432    ndcg@20 : 0.0519    ndcg@50 : 0.0634    
27 Oct 15:14    INFO  Saving current best: saved/DirectAU-Oct-27-2023_15-06-56.pth
27 Oct 15:14    INFO  epoch 38 training [time: 2.08s, train loss: -1.0477]
27 Oct 15:14    INFO  epoch 38 evaluating [time: 9.37s, valid_score: 0.052600]
27 Oct 15:14    INFO  valid result: 
recall@10 : 0.0772    recall@20 : 0.1111    recall@50 : 0.1664    ndcg@10 : 0.0437    ndcg@20 : 0.0526    ndcg@50 : 0.0639    
27 Oct 15:14    INFO  Saving current best: saved/DirectAU-Oct-27-2023_15-06-56.pth
27 Oct 15:14    INFO  epoch 39 training [time: 2.25s, train loss: -1.0522]
27 Oct 15:14    INFO  epoch 39 evaluating [time: 9.23s, valid_score: 0.053000]
27 Oct 15:14    INFO  valid result: 
recall@10 : 0.0771    recall@20 : 0.1123    recall@50 : 0.167    ndcg@10 : 0.0438    ndcg@20 : 0.053    ndcg@50 : 0.0643    
27 Oct 15:14    INFO  Saving current best: saved/DirectAU-Oct-27-2023_15-06-56.pth
27 Oct 15:14    INFO  epoch 40 training [time: 2.14s, train loss: -1.0555]
27 Oct 15:14    INFO  epoch 40 evaluating [time: 9.43s, valid_score: 0.053200]
27 Oct 15:14    INFO  valid result: 
recall@10 : 0.078    recall@20 : 0.1123    recall@50 : 0.1678    ndcg@10 : 0.0442    ndcg@20 : 0.0532    ndcg@50 : 0.0647    
27 Oct 15:14    INFO  Saving current best: saved/DirectAU-Oct-27-2023_15-06-56.pth
27 Oct 15:15    INFO  epoch 41 training [time: 2.20s, train loss: -1.0590]
27 Oct 15:15    INFO  epoch 41 evaluating [time: 9.54s, valid_score: 0.053700]
27 Oct 15:15    INFO  valid result: 
recall@10 : 0.0792    recall@20 : 0.1127    recall@50 : 0.1693    ndcg@10 : 0.0449    ndcg@20 : 0.0537    ndcg@50 : 0.0653    
27 Oct 15:15    INFO  Saving current best: saved/DirectAU-Oct-27-2023_15-06-56.pth
27 Oct 15:15    INFO  epoch 42 training [time: 2.43s, train loss: -1.0629]
27 Oct 15:15    INFO  epoch 42 evaluating [time: 9.26s, valid_score: 0.054500]
27 Oct 15:15    INFO  valid result: 
recall@10 : 0.0792    recall@20 : 0.1145    recall@50 : 0.1699    ndcg@10 : 0.0453    ndcg@20 : 0.0545    ndcg@50 : 0.066    
27 Oct 15:15    INFO  Saving current best: saved/DirectAU-Oct-27-2023_15-06-56.pth
27 Oct 15:15    INFO  epoch 43 training [time: 2.27s, train loss: -1.0659]
27 Oct 15:15    INFO  epoch 43 evaluating [time: 9.40s, valid_score: 0.054400]
27 Oct 15:15    INFO  valid result: 
recall@10 : 0.0797    recall@20 : 0.1138    recall@50 : 0.1716    ndcg@10 : 0.0455    ndcg@20 : 0.0544    ndcg@50 : 0.0663    
27 Oct 15:15    INFO  epoch 44 training [time: 2.16s, train loss: -1.0693]
27 Oct 15:15    INFO  epoch 44 evaluating [time: 9.46s, valid_score: 0.055000]
27 Oct 15:15    INFO  valid result: 
recall@10 : 0.0815    recall@20 : 0.1157    recall@50 : 0.1711    ndcg@10 : 0.0461    ndcg@20 : 0.055    ndcg@50 : 0.0664    
27 Oct 15:15    INFO  Saving current best: saved/DirectAU-Oct-27-2023_15-06-56.pth
27 Oct 15:15    INFO  epoch 45 training [time: 2.35s, train loss: -1.0723]
27 Oct 15:15    INFO  epoch 45 evaluating [time: 9.58s, valid_score: 0.055100]
27 Oct 15:15    INFO  valid result: 
recall@10 : 0.0807    recall@20 : 0.1157    recall@50 : 0.172    ndcg@10 : 0.0459    ndcg@20 : 0.0551    ndcg@50 : 0.0666    
27 Oct 15:15    INFO  Saving current best: saved/DirectAU-Oct-27-2023_15-06-56.pth
27 Oct 15:15    INFO  epoch 46 training [time: 2.27s, train loss: -1.0753]
27 Oct 15:16    INFO  epoch 46 evaluating [time: 9.43s, valid_score: 0.056000]
27 Oct 15:16    INFO  valid result: 
recall@10 : 0.0817    recall@20 : 0.117    recall@50 : 0.1734    ndcg@10 : 0.0467    ndcg@20 : 0.056    ndcg@50 : 0.0675    
27 Oct 15:16    INFO  Saving current best: saved/DirectAU-Oct-27-2023_15-06-56.pth
27 Oct 15:16    INFO  epoch 47 training [time: 2.34s, train loss: -1.0779]
27 Oct 15:16    INFO  epoch 47 evaluating [time: 9.55s, valid_score: 0.055800]
27 Oct 15:16    INFO  valid result: 
recall@10 : 0.0812    recall@20 : 0.1164    recall@50 : 0.1743    ndcg@10 : 0.0465    ndcg@20 : 0.0558    ndcg@50 : 0.0677    
27 Oct 15:16    INFO  epoch 48 training [time: 2.30s, train loss: -1.0807]
27 Oct 15:16    INFO  epoch 48 evaluating [time: 9.34s, valid_score: 0.056300]
27 Oct 15:16    INFO  valid result: 
recall@10 : 0.0822    recall@20 : 0.1183    recall@50 : 0.1744    ndcg@10 : 0.0469    ndcg@20 : 0.0563    ndcg@50 : 0.0679    
27 Oct 15:16    INFO  Saving current best: saved/DirectAU-Oct-27-2023_15-06-56.pth
27 Oct 15:16    INFO  epoch 49 training [time: 2.25s, train loss: -1.0832]
27 Oct 15:16    INFO  epoch 49 evaluating [time: 9.50s, valid_score: 0.056600]
27 Oct 15:16    INFO  valid result: 
recall@10 : 0.0837    recall@20 : 0.1185    recall@50 : 0.1759    ndcg@10 : 0.0475    ndcg@20 : 0.0566    ndcg@50 : 0.0684    
27 Oct 15:16    INFO  Saving current best: saved/DirectAU-Oct-27-2023_15-06-56.pth
27 Oct 15:16    INFO  epoch 50 training [time: 2.35s, train loss: -1.0855]
27 Oct 15:16    INFO  epoch 50 evaluating [time: 9.28s, valid_score: 0.056900]
27 Oct 15:16    INFO  valid result: 
recall@10 : 0.0846    recall@20 : 0.1192    recall@50 : 0.1764    ndcg@10 : 0.0479    ndcg@20 : 0.0569    ndcg@50 : 0.0687    
27 Oct 15:16    INFO  Saving current best: saved/DirectAU-Oct-27-2023_15-06-56.pth
27 Oct 15:16    INFO  epoch 51 training [time: 2.26s, train loss: -1.0873]
27 Oct 15:17    INFO  epoch 51 evaluating [time: 9.49s, valid_score: 0.057000]
27 Oct 15:17    INFO  valid result: 
recall@10 : 0.0847    recall@20 : 0.1198    recall@50 : 0.1778    ndcg@10 : 0.0478    ndcg@20 : 0.057    ndcg@50 : 0.0688    
27 Oct 15:17    INFO  Saving current best: saved/DirectAU-Oct-27-2023_15-06-56.pth
27 Oct 15:17    INFO  epoch 52 training [time: 2.33s, train loss: -1.0896]
27 Oct 15:17    INFO  epoch 52 evaluating [time: 9.47s, valid_score: 0.057500]
27 Oct 15:17    INFO  valid result: 
recall@10 : 0.086    recall@20 : 0.1196    recall@50 : 0.178    ndcg@10 : 0.0487    ndcg@20 : 0.0575    ndcg@50 : 0.0695    
27 Oct 15:17    INFO  Saving current best: saved/DirectAU-Oct-27-2023_15-06-56.pth
27 Oct 15:17    INFO  epoch 53 training [time: 2.28s, train loss: -1.0920]
27 Oct 15:17    INFO  epoch 53 evaluating [time: 9.37s, valid_score: 0.057300]
27 Oct 15:17    INFO  valid result: 
recall@10 : 0.0849    recall@20 : 0.1205    recall@50 : 0.1787    ndcg@10 : 0.0479    ndcg@20 : 0.0573    ndcg@50 : 0.0692    
27 Oct 15:17    INFO  epoch 54 training [time: 2.04s, train loss: -1.0942]
27 Oct 15:17    INFO  epoch 54 evaluating [time: 9.32s, valid_score: 0.058100]
27 Oct 15:17    INFO  valid result: 
recall@10 : 0.085    recall@20 : 0.1218    recall@50 : 0.1791    ndcg@10 : 0.0485    ndcg@20 : 0.0581    ndcg@50 : 0.0698    
27 Oct 15:17    INFO  Saving current best: saved/DirectAU-Oct-27-2023_15-06-56.pth
27 Oct 15:17    INFO  epoch 55 training [time: 2.30s, train loss: -1.0964]
27 Oct 15:17    INFO  epoch 55 evaluating [time: 9.28s, valid_score: 0.057800]
27 Oct 15:17    INFO  valid result: 
recall@10 : 0.0854    recall@20 : 0.1214    recall@50 : 0.18    ndcg@10 : 0.0484    ndcg@20 : 0.0578    ndcg@50 : 0.0698    
27 Oct 15:17    INFO  epoch 56 training [time: 2.06s, train loss: -1.0976]
27 Oct 15:18    INFO  epoch 56 evaluating [time: 9.56s, valid_score: 0.058500]
27 Oct 15:18    INFO  valid result: 
recall@10 : 0.086    recall@20 : 0.1229    recall@50 : 0.1808    ndcg@10 : 0.0488    ndcg@20 : 0.0585    ndcg@50 : 0.0703    
27 Oct 15:18    INFO  Saving current best: saved/DirectAU-Oct-27-2023_15-06-56.pth
27 Oct 15:18    INFO  epoch 57 training [time: 2.38s, train loss: -1.0999]
27 Oct 15:18    INFO  epoch 57 evaluating [time: 9.31s, valid_score: 0.058600]
27 Oct 15:18    INFO  valid result: 
recall@10 : 0.086    recall@20 : 0.1238    recall@50 : 0.183    ndcg@10 : 0.0488    ndcg@20 : 0.0586    ndcg@50 : 0.0707    
27 Oct 15:18    INFO  Saving current best: saved/DirectAU-Oct-27-2023_15-06-56.pth
27 Oct 15:18    INFO  epoch 58 training [time: 2.05s, train loss: -1.1014]
27 Oct 15:18    INFO  epoch 58 evaluating [time: 9.46s, valid_score: 0.058400]
27 Oct 15:18    INFO  valid result: 
recall@10 : 0.0855    recall@20 : 0.1235    recall@50 : 0.1826    ndcg@10 : 0.0485    ndcg@20 : 0.0584    ndcg@50 : 0.0705    
27 Oct 15:18    INFO  epoch 59 training [time: 2.18s, train loss: -1.1030]
27 Oct 15:18    INFO  epoch 59 evaluating [time: 9.44s, valid_score: 0.058300]
27 Oct 15:18    INFO  valid result: 
recall@10 : 0.0865    recall@20 : 0.1225    recall@50 : 0.183    ndcg@10 : 0.0489    ndcg@20 : 0.0583    ndcg@50 : 0.0707    
27 Oct 15:18    INFO  epoch 60 training [time: 2.19s, train loss: -1.1045]
27 Oct 15:18    INFO  epoch 60 evaluating [time: 9.42s, valid_score: 0.059100]
27 Oct 15:18    INFO  valid result: 
recall@10 : 0.0868    recall@20 : 0.1239    recall@50 : 0.1838    ndcg@10 : 0.0494    ndcg@20 : 0.0591    ndcg@50 : 0.0714    
27 Oct 15:18    INFO  Saving current best: saved/DirectAU-Oct-27-2023_15-06-56.pth
27 Oct 15:18    INFO  epoch 61 training [time: 2.16s, train loss: -1.1060]
27 Oct 15:19    INFO  epoch 61 evaluating [time: 9.19s, valid_score: 0.059400]
27 Oct 15:19    INFO  valid result: 
recall@10 : 0.0871    recall@20 : 0.125    recall@50 : 0.1833    ndcg@10 : 0.0495    ndcg@20 : 0.0594    ndcg@50 : 0.0714    
27 Oct 15:19    INFO  Saving current best: saved/DirectAU-Oct-27-2023_15-06-56.pth
27 Oct 15:19    INFO  epoch 62 training [time: 2.06s, train loss: -1.1075]
27 Oct 15:19    INFO  epoch 62 evaluating [time: 9.42s, valid_score: 0.059600]
27 Oct 15:19    INFO  valid result: 
recall@10 : 0.0876    recall@20 : 0.1254    recall@50 : 0.1846    ndcg@10 : 0.0497    ndcg@20 : 0.0596    ndcg@50 : 0.0717    
27 Oct 15:19    INFO  Saving current best: saved/DirectAU-Oct-27-2023_15-06-56.pth
27 Oct 15:19    INFO  epoch 63 training [time: 2.14s, train loss: -1.1090]
27 Oct 15:19    INFO  epoch 63 evaluating [time: 9.28s, valid_score: 0.059300]
27 Oct 15:19    INFO  valid result: 
recall@10 : 0.0867    recall@20 : 0.1246    recall@50 : 0.1846    ndcg@10 : 0.0494    ndcg@20 : 0.0593    ndcg@50 : 0.0716    
27 Oct 15:19    INFO  epoch 64 training [time: 2.30s, train loss: -1.1104]
27 Oct 15:19    INFO  epoch 64 evaluating [time: 9.42s, valid_score: 0.059800]
27 Oct 15:19    INFO  valid result: 
recall@10 : 0.0879    recall@20 : 0.1252    recall@50 : 0.1856    ndcg@10 : 0.05    ndcg@20 : 0.0598    ndcg@50 : 0.0721    
27 Oct 15:19    INFO  Saving current best: saved/DirectAU-Oct-27-2023_15-06-56.pth
27 Oct 15:19    INFO  epoch 65 training [time: 2.25s, train loss: -1.1117]
27 Oct 15:19    INFO  epoch 65 evaluating [time: 9.33s, valid_score: 0.060100]
27 Oct 15:19    INFO  valid result: 
recall@10 : 0.0879    recall@20 : 0.1266    recall@50 : 0.1861    ndcg@10 : 0.05    ndcg@20 : 0.0601    ndcg@50 : 0.0723    
27 Oct 15:19    INFO  Saving current best: saved/DirectAU-Oct-27-2023_15-06-56.pth
27 Oct 15:19    INFO  epoch 66 training [time: 2.34s, train loss: -1.1127]
27 Oct 15:20    INFO  epoch 66 evaluating [time: 11.57s, valid_score: 0.060600]
27 Oct 15:20    INFO  valid result: 
recall@10 : 0.0888    recall@20 : 0.1269    recall@50 : 0.1861    ndcg@10 : 0.0507    ndcg@20 : 0.0606    ndcg@50 : 0.0727    
27 Oct 15:20    INFO  Saving current best: saved/DirectAU-Oct-27-2023_15-06-56.pth
27 Oct 15:20    INFO  epoch 67 training [time: 2.38s, train loss: -1.1140]
27 Oct 15:20    INFO  epoch 67 evaluating [time: 11.50s, valid_score: 0.060600]
27 Oct 15:20    INFO  valid result: 
recall@10 : 0.0887    recall@20 : 0.1274    recall@50 : 0.1872    ndcg@10 : 0.0506    ndcg@20 : 0.0606    ndcg@50 : 0.0729    
27 Oct 15:20    INFO  epoch 68 training [time: 2.46s, train loss: -1.1148]
27 Oct 15:20    INFO  epoch 68 evaluating [time: 12.05s, valid_score: 0.060900]
27 Oct 15:20    INFO  valid result: 
recall@10 : 0.088    recall@20 : 0.1283    recall@50 : 0.1881    ndcg@10 : 0.0504    ndcg@20 : 0.0609    ndcg@50 : 0.0732    
27 Oct 15:20    INFO  Saving current best: saved/DirectAU-Oct-27-2023_15-06-56.pth
27 Oct 15:20    INFO  epoch 69 training [time: 2.40s, train loss: -1.1159]
27 Oct 15:20    INFO  epoch 69 evaluating [time: 9.15s, valid_score: 0.060700]
27 Oct 15:20    INFO  valid result: 
recall@10 : 0.0889    recall@20 : 0.1276    recall@50 : 0.1877    ndcg@10 : 0.0506    ndcg@20 : 0.0607    ndcg@50 : 0.0731    
27 Oct 15:20    INFO  epoch 70 training [time: 2.28s, train loss: -1.1174]
27 Oct 15:20    INFO  epoch 70 evaluating [time: 9.39s, valid_score: 0.060800]
27 Oct 15:20    INFO  valid result: 
recall@10 : 0.0896    recall@20 : 0.1275    recall@50 : 0.1875    ndcg@10 : 0.0508    ndcg@20 : 0.0608    ndcg@50 : 0.0731    
27 Oct 15:20    INFO  epoch 71 training [time: 2.33s, train loss: -1.1180]
27 Oct 15:21    INFO  epoch 71 evaluating [time: 9.33s, valid_score: 0.061000]
27 Oct 15:21    INFO  valid result: 
recall@10 : 0.0897    recall@20 : 0.1286    recall@50 : 0.1874    ndcg@10 : 0.0508    ndcg@20 : 0.061    ndcg@50 : 0.0731    
27 Oct 15:21    INFO  Saving current best: saved/DirectAU-Oct-27-2023_15-06-56.pth
27 Oct 15:21    INFO  epoch 72 training [time: 2.33s, train loss: -1.1189]
27 Oct 15:21    INFO  epoch 72 evaluating [time: 9.31s, valid_score: 0.061000]
27 Oct 15:21    INFO  valid result: 
recall@10 : 0.0904    recall@20 : 0.1281    recall@50 : 0.189    ndcg@10 : 0.0512    ndcg@20 : 0.061    ndcg@50 : 0.0735    
27 Oct 15:21    INFO  epoch 73 training [time: 2.23s, train loss: -1.1197]
27 Oct 15:21    INFO  epoch 73 evaluating [time: 9.52s, valid_score: 0.061100]
27 Oct 15:21    INFO  valid result: 
recall@10 : 0.091    recall@20 : 0.1287    recall@50 : 0.1898    ndcg@10 : 0.0513    ndcg@20 : 0.0611    ndcg@50 : 0.0736    
27 Oct 15:21    INFO  Saving current best: saved/DirectAU-Oct-27-2023_15-06-56.pth
27 Oct 15:21    INFO  epoch 74 training [time: 2.26s, train loss: -1.1204]
27 Oct 15:21    INFO  epoch 74 evaluating [time: 9.27s, valid_score: 0.061400]
27 Oct 15:21    INFO  valid result: 
recall@10 : 0.0905    recall@20 : 0.1292    recall@50 : 0.1893    ndcg@10 : 0.0513    ndcg@20 : 0.0614    ndcg@50 : 0.0737    
27 Oct 15:21    INFO  Saving current best: saved/DirectAU-Oct-27-2023_15-06-56.pth
27 Oct 15:21    INFO  epoch 75 training [time: 2.68s, train loss: -1.1211]
27 Oct 15:21    INFO  epoch 75 evaluating [time: 11.56s, valid_score: 0.061400]
27 Oct 15:21    INFO  valid result: 
recall@10 : 0.0909    recall@20 : 0.1298    recall@50 : 0.1894    ndcg@10 : 0.0513    ndcg@20 : 0.0614    ndcg@50 : 0.0737    
27 Oct 15:21    INFO  epoch 76 training [time: 2.46s, train loss: -1.1222]
27 Oct 15:22    INFO  epoch 76 evaluating [time: 11.48s, valid_score: 0.061400]
27 Oct 15:22    INFO  valid result: 
recall@10 : 0.091    recall@20 : 0.1294    recall@50 : 0.19    ndcg@10 : 0.0513    ndcg@20 : 0.0614    ndcg@50 : 0.0738    
27 Oct 15:22    INFO  epoch 77 training [time: 2.11s, train loss: -1.1226]
27 Oct 15:22    INFO  epoch 77 evaluating [time: 9.40s, valid_score: 0.061900]
27 Oct 15:22    INFO  valid result: 
recall@10 : 0.0922    recall@20 : 0.1302    recall@50 : 0.1893    ndcg@10 : 0.052    ndcg@20 : 0.0619    ndcg@50 : 0.074    
27 Oct 15:22    INFO  Saving current best: saved/DirectAU-Oct-27-2023_15-06-56.pth
27 Oct 15:22    INFO  epoch 78 training [time: 2.23s, train loss: -1.1233]
27 Oct 15:22    INFO  epoch 78 evaluating [time: 9.27s, valid_score: 0.061900]
27 Oct 15:22    INFO  valid result: 
recall@10 : 0.0917    recall@20 : 0.131    recall@50 : 0.1912    ndcg@10 : 0.0517    ndcg@20 : 0.0619    ndcg@50 : 0.0742    
27 Oct 15:22    INFO  epoch 79 training [time: 2.23s, train loss: -1.1238]
27 Oct 15:22    INFO  epoch 79 evaluating [time: 9.24s, valid_score: 0.062000]
27 Oct 15:22    INFO  valid result: 
recall@10 : 0.0922    recall@20 : 0.1302    recall@50 : 0.1906    ndcg@10 : 0.052    ndcg@20 : 0.062    ndcg@50 : 0.0744    
27 Oct 15:22    INFO  Saving current best: saved/DirectAU-Oct-27-2023_15-06-56.pth
27 Oct 15:22    INFO  epoch 80 training [time: 2.14s, train loss: -1.1250]
27 Oct 15:22    INFO  epoch 80 evaluating [time: 9.27s, valid_score: 0.062100]
27 Oct 15:22    INFO  valid result: 
recall@10 : 0.0925    recall@20 : 0.1309    recall@50 : 0.19    ndcg@10 : 0.052    ndcg@20 : 0.0621    ndcg@50 : 0.0742    
27 Oct 15:22    INFO  Saving current best: saved/DirectAU-Oct-27-2023_15-06-56.pth
27 Oct 15:22    INFO  epoch 81 training [time: 1.86s, train loss: -1.1252]
27 Oct 15:23    INFO  epoch 81 evaluating [time: 9.52s, valid_score: 0.062200]
27 Oct 15:23    INFO  valid result: 
recall@10 : 0.0925    recall@20 : 0.1307    recall@50 : 0.1903    ndcg@10 : 0.0522    ndcg@20 : 0.0622    ndcg@50 : 0.0744    
27 Oct 15:23    INFO  Saving current best: saved/DirectAU-Oct-27-2023_15-06-56.pth
27 Oct 15:23    INFO  epoch 82 training [time: 2.29s, train loss: -1.1259]
27 Oct 15:23    INFO  epoch 82 evaluating [time: 9.31s, valid_score: 0.062100]
27 Oct 15:23    INFO  valid result: 
recall@10 : 0.0923    recall@20 : 0.1306    recall@50 : 0.1915    ndcg@10 : 0.0521    ndcg@20 : 0.0621    ndcg@50 : 0.0745    
27 Oct 15:23    INFO  epoch 83 training [time: 2.47s, train loss: -1.1264]
27 Oct 15:23    INFO  epoch 83 evaluating [time: 9.41s, valid_score: 0.062200]
27 Oct 15:23    INFO  valid result: 
recall@10 : 0.092    recall@20 : 0.131    recall@50 : 0.1915    ndcg@10 : 0.052    ndcg@20 : 0.0622    ndcg@50 : 0.0746    
27 Oct 15:23    INFO  epoch 84 training [time: 1.88s, train loss: -1.1270]
27 Oct 15:23    INFO  epoch 84 evaluating [time: 9.24s, valid_score: 0.062300]
27 Oct 15:23    INFO  valid result: 
recall@10 : 0.0927    recall@20 : 0.1313    recall@50 : 0.1924    ndcg@10 : 0.0523    ndcg@20 : 0.0623    ndcg@50 : 0.0748    
27 Oct 15:23    INFO  Saving current best: saved/DirectAU-Oct-27-2023_15-06-56.pth
27 Oct 15:23    INFO  epoch 85 training [time: 2.31s, train loss: -1.1274]
27 Oct 15:23    INFO  epoch 85 evaluating [time: 9.40s, valid_score: 0.062100]
27 Oct 15:23    INFO  valid result: 
recall@10 : 0.092    recall@20 : 0.1312    recall@50 : 0.1922    ndcg@10 : 0.0519    ndcg@20 : 0.0621    ndcg@50 : 0.0746    
27 Oct 15:23    INFO  epoch 86 training [time: 2.31s, train loss: -1.1281]
27 Oct 15:24    INFO  epoch 86 evaluating [time: 9.23s, valid_score: 0.062000]
27 Oct 15:24    INFO  valid result: 
recall@10 : 0.0927    recall@20 : 0.1312    recall@50 : 0.1932    ndcg@10 : 0.0519    ndcg@20 : 0.062    ndcg@50 : 0.0747    
27 Oct 15:24    INFO  epoch 87 training [time: 2.28s, train loss: -1.1283]
27 Oct 15:24    INFO  epoch 87 evaluating [time: 9.51s, valid_score: 0.062100]
27 Oct 15:24    INFO  valid result: 
recall@10 : 0.093    recall@20 : 0.1315    recall@50 : 0.1934    ndcg@10 : 0.0521    ndcg@20 : 0.0621    ndcg@50 : 0.0748    
27 Oct 15:24    INFO  epoch 88 training [time: 2.30s, train loss: -1.1287]
27 Oct 15:24    INFO  epoch 88 evaluating [time: 9.41s, valid_score: 0.062300]
27 Oct 15:24    INFO  valid result: 
recall@10 : 0.0928    recall@20 : 0.1322    recall@50 : 0.1938    ndcg@10 : 0.052    ndcg@20 : 0.0623    ndcg@50 : 0.0749    
27 Oct 15:24    INFO  epoch 89 training [time: 2.26s, train loss: -1.1289]
27 Oct 15:24    INFO  epoch 89 evaluating [time: 9.44s, valid_score: 0.062300]
27 Oct 15:24    INFO  valid result: 
recall@10 : 0.0935    recall@20 : 0.1315    recall@50 : 0.1935    ndcg@10 : 0.0524    ndcg@20 : 0.0623    ndcg@50 : 0.075    
27 Oct 15:24    INFO  epoch 90 training [time: 2.36s, train loss: -1.1291]
27 Oct 15:24    INFO  epoch 90 evaluating [time: 9.58s, valid_score: 0.062300]
27 Oct 15:24    INFO  valid result: 
recall@10 : 0.0942    recall@20 : 0.1316    recall@50 : 0.1929    ndcg@10 : 0.0526    ndcg@20 : 0.0623    ndcg@50 : 0.0749    
27 Oct 15:24    INFO  epoch 91 training [time: 2.17s, train loss: -1.1296]
27 Oct 15:25    INFO  epoch 91 evaluating [time: 9.23s, valid_score: 0.062400]
27 Oct 15:25    INFO  valid result: 
recall@10 : 0.0933    recall@20 : 0.1321    recall@50 : 0.1938    ndcg@10 : 0.0523    ndcg@20 : 0.0624    ndcg@50 : 0.075    
27 Oct 15:25    INFO  Saving current best: saved/DirectAU-Oct-27-2023_15-06-56.pth
27 Oct 15:25    INFO  epoch 92 training [time: 2.33s, train loss: -1.1299]
27 Oct 15:25    INFO  epoch 92 evaluating [time: 9.71s, valid_score: 0.062900]
27 Oct 15:25    INFO  valid result: 
recall@10 : 0.0933    recall@20 : 0.1326    recall@50 : 0.1936    ndcg@10 : 0.0527    ndcg@20 : 0.0629    ndcg@50 : 0.0754    
27 Oct 15:25    INFO  Saving current best: saved/DirectAU-Oct-27-2023_15-06-56.pth
27 Oct 15:25    INFO  epoch 93 training [time: 2.32s, train loss: -1.1304]
27 Oct 15:25    INFO  epoch 93 evaluating [time: 9.32s, valid_score: 0.063000]
27 Oct 15:25    INFO  valid result: 
recall@10 : 0.0934    recall@20 : 0.1331    recall@50 : 0.1946    ndcg@10 : 0.0527    ndcg@20 : 0.063    ndcg@50 : 0.0756    
27 Oct 15:25    INFO  Saving current best: saved/DirectAU-Oct-27-2023_15-06-56.pth
27 Oct 15:25    INFO  epoch 94 training [time: 2.33s, train loss: -1.1305]
27 Oct 15:25    INFO  epoch 94 evaluating [time: 9.42s, valid_score: 0.062900]
27 Oct 15:25    INFO  valid result: 
recall@10 : 0.0929    recall@20 : 0.1325    recall@50 : 0.1937    ndcg@10 : 0.0525    ndcg@20 : 0.0629    ndcg@50 : 0.0754    
27 Oct 15:25    INFO  epoch 95 training [time: 2.38s, train loss: -1.1309]
27 Oct 15:25    INFO  epoch 95 evaluating [time: 9.21s, valid_score: 0.062700]
27 Oct 15:25    INFO  valid result: 
recall@10 : 0.0934    recall@20 : 0.1319    recall@50 : 0.1939    ndcg@10 : 0.0526    ndcg@20 : 0.0627    ndcg@50 : 0.0754    
27 Oct 15:25    INFO  epoch 96 training [time: 2.34s, train loss: -1.1313]
27 Oct 15:26    INFO  epoch 96 evaluating [time: 9.36s, valid_score: 0.063300]
27 Oct 15:26    INFO  valid result: 
recall@10 : 0.0934    recall@20 : 0.1328    recall@50 : 0.194    ndcg@10 : 0.053    ndcg@20 : 0.0633    ndcg@50 : 0.0758    
27 Oct 15:26    INFO  Saving current best: saved/DirectAU-Oct-27-2023_15-06-56.pth
27 Oct 15:26    INFO  epoch 97 training [time: 2.55s, train loss: -1.1314]
27 Oct 15:26    INFO  epoch 97 evaluating [time: 9.39s, valid_score: 0.063200]
27 Oct 15:26    INFO  valid result: 
recall@10 : 0.0945    recall@20 : 0.1324    recall@50 : 0.195    ndcg@10 : 0.0533    ndcg@20 : 0.0632    ndcg@50 : 0.076    
27 Oct 15:26    INFO  epoch 98 training [time: 2.24s, train loss: -1.1321]
27 Oct 15:26    INFO  epoch 98 evaluating [time: 9.60s, valid_score: 0.063300]
27 Oct 15:26    INFO  valid result: 
recall@10 : 0.0949    recall@20 : 0.133    recall@50 : 0.195    ndcg@10 : 0.0534    ndcg@20 : 0.0633    ndcg@50 : 0.076    
27 Oct 15:26    INFO  epoch 99 training [time: 2.24s, train loss: -1.1314]
27 Oct 15:26    INFO  epoch 99 evaluating [time: 9.33s, valid_score: 0.063000]
27 Oct 15:26    INFO  valid result: 
recall@10 : 0.0947    recall@20 : 0.1329    recall@50 : 0.195    ndcg@10 : 0.0531    ndcg@20 : 0.063    ndcg@50 : 0.0757    
27 Oct 15:26    INFO  epoch 100 training [time: 2.34s, train loss: -1.1320]
27 Oct 15:26    INFO  epoch 100 evaluating [time: 9.34s, valid_score: 0.063300]
27 Oct 15:26    INFO  valid result: 
recall@10 : 0.0937    recall@20 : 0.1327    recall@50 : 0.1953    ndcg@10 : 0.0531    ndcg@20 : 0.0633    ndcg@50 : 0.0761    
27 Oct 15:26    INFO  epoch 101 training [time: 2.19s, train loss: -1.1324]
27 Oct 15:27    INFO  epoch 101 evaluating [time: 9.26s, valid_score: 0.063200]
27 Oct 15:27    INFO  valid result: 
recall@10 : 0.0942    recall@20 : 0.1318    recall@50 : 0.1943    ndcg@10 : 0.0534    ndcg@20 : 0.0632    ndcg@50 : 0.0761    
27 Oct 15:27    INFO  epoch 102 training [time: 2.57s, train loss: -1.1327]
27 Oct 15:27    INFO  epoch 102 evaluating [time: 9.51s, valid_score: 0.063200]
27 Oct 15:27    INFO  valid result: 
recall@10 : 0.095    recall@20 : 0.1324    recall@50 : 0.195    ndcg@10 : 0.0534    ndcg@20 : 0.0632    ndcg@50 : 0.076    
27 Oct 15:27    INFO  epoch 103 training [time: 2.28s, train loss: -1.1332]
27 Oct 15:27    INFO  epoch 103 evaluating [time: 9.32s, valid_score: 0.063300]
27 Oct 15:27    INFO  valid result: 
recall@10 : 0.0949    recall@20 : 0.1327    recall@50 : 0.1956    ndcg@10 : 0.0534    ndcg@20 : 0.0633    ndcg@50 : 0.0762    
27 Oct 15:27    INFO  epoch 104 training [time: 2.13s, train loss: -1.1330]
27 Oct 15:27    INFO  epoch 104 evaluating [time: 9.28s, valid_score: 0.063300]
27 Oct 15:27    INFO  valid result: 
recall@10 : 0.095    recall@20 : 0.1326    recall@50 : 0.1959    ndcg@10 : 0.0534    ndcg@20 : 0.0633    ndcg@50 : 0.0763    
27 Oct 15:27    INFO  epoch 105 training [time: 2.30s, train loss: -1.1333]
27 Oct 15:27    INFO  epoch 105 evaluating [time: 9.23s, valid_score: 0.063100]
27 Oct 15:27    INFO  valid result: 
recall@10 : 0.0947    recall@20 : 0.1327    recall@50 : 0.1955    ndcg@10 : 0.0532    ndcg@20 : 0.0631    ndcg@50 : 0.076    
27 Oct 15:27    INFO  epoch 106 training [time: 2.30s, train loss: -1.1340]
27 Oct 15:28    INFO  epoch 106 evaluating [time: 9.26s, valid_score: 0.063300]
27 Oct 15:28    INFO  valid result: 
recall@10 : 0.0946    recall@20 : 0.1329    recall@50 : 0.1963    ndcg@10 : 0.0533    ndcg@20 : 0.0633    ndcg@50 : 0.0763    
27 Oct 15:28    INFO  epoch 107 training [time: 2.27s, train loss: -1.1334]
27 Oct 15:28    INFO  epoch 107 evaluating [time: 9.51s, valid_score: 0.063400]
27 Oct 15:28    INFO  valid result: 
recall@10 : 0.0951    recall@20 : 0.1338    recall@50 : 0.1963    ndcg@10 : 0.0533    ndcg@20 : 0.0634    ndcg@50 : 0.0762    
27 Oct 15:28    INFO  Saving current best: saved/DirectAU-Oct-27-2023_15-06-56.pth
27 Oct 15:28    INFO  epoch 108 training [time: 2.34s, train loss: -1.1339]
27 Oct 15:28    INFO  epoch 108 evaluating [time: 9.33s, valid_score: 0.063500]
27 Oct 15:28    INFO  valid result: 
recall@10 : 0.0946    recall@20 : 0.1336    recall@50 : 0.1965    ndcg@10 : 0.0533    ndcg@20 : 0.0635    ndcg@50 : 0.0764    
27 Oct 15:28    INFO  Saving current best: saved/DirectAU-Oct-27-2023_15-06-56.pth
27 Oct 15:28    INFO  epoch 109 training [time: 2.34s, train loss: -1.1340]
27 Oct 15:28    INFO  epoch 109 evaluating [time: 9.45s, valid_score: 0.063300]
27 Oct 15:28    INFO  valid result: 
recall@10 : 0.0955    recall@20 : 0.1339    recall@50 : 0.197    ndcg@10 : 0.0533    ndcg@20 : 0.0633    ndcg@50 : 0.0762    
27 Oct 15:28    INFO  epoch 110 training [time: 2.31s, train loss: -1.1341]
27 Oct 15:28    INFO  epoch 110 evaluating [time: 9.35s, valid_score: 0.063500]
27 Oct 15:28    INFO  valid result: 
recall@10 : 0.0951    recall@20 : 0.1341    recall@50 : 0.1979    ndcg@10 : 0.0533    ndcg@20 : 0.0635    ndcg@50 : 0.0766    
27 Oct 15:28    INFO  epoch 111 training [time: 2.67s, train loss: -1.1347]
27 Oct 15:28    INFO  epoch 111 evaluating [time: 9.48s, valid_score: 0.063500]
27 Oct 15:28    INFO  valid result: 
recall@10 : 0.0955    recall@20 : 0.1335    recall@50 : 0.1973    ndcg@10 : 0.0536    ndcg@20 : 0.0635    ndcg@50 : 0.0766    
27 Oct 15:29    INFO  epoch 112 training [time: 2.16s, train loss: -1.1346]
27 Oct 15:29    INFO  epoch 112 evaluating [time: 9.33s, valid_score: 0.063700]
27 Oct 15:29    INFO  valid result: 
recall@10 : 0.0952    recall@20 : 0.134    recall@50 : 0.1968    ndcg@10 : 0.0536    ndcg@20 : 0.0637    ndcg@50 : 0.0766    
27 Oct 15:29    INFO  Saving current best: saved/DirectAU-Oct-27-2023_15-06-56.pth
27 Oct 15:29    INFO  epoch 113 training [time: 2.33s, train loss: -1.1349]
27 Oct 15:29    INFO  epoch 113 evaluating [time: 9.43s, valid_score: 0.063900]
27 Oct 15:29    INFO  valid result: 
recall@10 : 0.0956    recall@20 : 0.1342    recall@50 : 0.1971    ndcg@10 : 0.0538    ndcg@20 : 0.0639    ndcg@50 : 0.0768    
27 Oct 15:29    INFO  Saving current best: saved/DirectAU-Oct-27-2023_15-06-56.pth
27 Oct 15:29    INFO  epoch 114 training [time: 2.58s, train loss: -1.1351]
27 Oct 15:29    INFO  epoch 114 evaluating [time: 9.34s, valid_score: 0.063700]
27 Oct 15:29    INFO  valid result: 
recall@10 : 0.0955    recall@20 : 0.1345    recall@50 : 0.1969    ndcg@10 : 0.0535    ndcg@20 : 0.0637    ndcg@50 : 0.0765    
27 Oct 15:29    INFO  epoch 115 training [time: 2.56s, train loss: -1.1354]
27 Oct 15:29    INFO  epoch 115 evaluating [time: 11.58s, valid_score: 0.064000]
27 Oct 15:29    INFO  valid result: 
recall@10 : 0.0957    recall@20 : 0.1351    recall@50 : 0.1972    ndcg@10 : 0.0538    ndcg@20 : 0.064    ndcg@50 : 0.0768    
27 Oct 15:29    INFO  Saving current best: saved/DirectAU-Oct-27-2023_15-06-56.pth
27 Oct 15:29    INFO  epoch 116 training [time: 2.49s, train loss: -1.1355]
27 Oct 15:30    INFO  epoch 116 evaluating [time: 11.47s, valid_score: 0.064100]
27 Oct 15:30    INFO  valid result: 
recall@10 : 0.0952    recall@20 : 0.1353    recall@50 : 0.1969    ndcg@10 : 0.0537    ndcg@20 : 0.0641    ndcg@50 : 0.0767    
27 Oct 15:30    INFO  Saving current best: saved/DirectAU-Oct-27-2023_15-06-56.pth
27 Oct 15:30    INFO  epoch 117 training [time: 2.51s, train loss: -1.1349]
27 Oct 15:30    INFO  epoch 117 evaluating [time: 11.64s, valid_score: 0.064100]
27 Oct 15:30    INFO  valid result: 
recall@10 : 0.0952    recall@20 : 0.135    recall@50 : 0.1979    ndcg@10 : 0.0537    ndcg@20 : 0.0641    ndcg@50 : 0.077    
27 Oct 15:30    INFO  epoch 118 training [time: 2.43s, train loss: -1.1352]
27 Oct 15:30    INFO  epoch 118 evaluating [time: 9.38s, valid_score: 0.064200]
27 Oct 15:30    INFO  valid result: 
recall@10 : 0.0953    recall@20 : 0.1342    recall@50 : 0.1977    ndcg@10 : 0.0541    ndcg@20 : 0.0642    ndcg@50 : 0.0772    
27 Oct 15:30    INFO  Saving current best: saved/DirectAU-Oct-27-2023_15-06-56.pth
27 Oct 15:30    INFO  epoch 119 training [time: 2.07s, train loss: -1.1356]
27 Oct 15:30    INFO  epoch 119 evaluating [time: 9.50s, valid_score: 0.064300]
27 Oct 15:30    INFO  valid result: 
recall@10 : 0.0951    recall@20 : 0.1347    recall@50 : 0.1979    ndcg@10 : 0.054    ndcg@20 : 0.0643    ndcg@50 : 0.0773    
27 Oct 15:30    INFO  Saving current best: saved/DirectAU-Oct-27-2023_15-06-56.pth
27 Oct 15:30    INFO  epoch 120 training [time: 2.24s, train loss: -1.1357]
27 Oct 15:30    INFO  epoch 120 evaluating [time: 9.39s, valid_score: 0.064100]
27 Oct 15:30    INFO  valid result: 
recall@10 : 0.0963    recall@20 : 0.135    recall@50 : 0.1983    ndcg@10 : 0.054    ndcg@20 : 0.0641    ndcg@50 : 0.077    
27 Oct 15:30    INFO  epoch 121 training [time: 2.27s, train loss: -1.1359]
27 Oct 15:31    INFO  epoch 121 evaluating [time: 9.62s, valid_score: 0.064000]
27 Oct 15:31    INFO  valid result: 
recall@10 : 0.0953    recall@20 : 0.1345    recall@50 : 0.1978    ndcg@10 : 0.0538    ndcg@20 : 0.064    ndcg@50 : 0.077    
27 Oct 15:31    INFO  epoch 122 training [time: 2.13s, train loss: -1.1364]
27 Oct 15:31    INFO  epoch 122 evaluating [time: 9.29s, valid_score: 0.064200]
27 Oct 15:31    INFO  valid result: 
recall@10 : 0.0962    recall@20 : 0.1352    recall@50 : 0.1982    ndcg@10 : 0.054    ndcg@20 : 0.0642    ndcg@50 : 0.0771    
27 Oct 15:31    INFO  epoch 123 training [time: 2.21s, train loss: -1.1360]
27 Oct 15:31    INFO  epoch 123 evaluating [time: 9.42s, valid_score: 0.064400]
27 Oct 15:31    INFO  valid result: 
recall@10 : 0.0961    recall@20 : 0.1355    recall@50 : 0.1984    ndcg@10 : 0.0541    ndcg@20 : 0.0644    ndcg@50 : 0.0773    
27 Oct 15:31    INFO  Saving current best: saved/DirectAU-Oct-27-2023_15-06-56.pth
27 Oct 15:31    INFO  epoch 124 training [time: 2.33s, train loss: -1.1365]
27 Oct 15:31    INFO  epoch 124 evaluating [time: 9.38s, valid_score: 0.064600]
27 Oct 15:31    INFO  valid result: 
recall@10 : 0.0959    recall@20 : 0.136    recall@50 : 0.1985    ndcg@10 : 0.0542    ndcg@20 : 0.0646    ndcg@50 : 0.0774    
27 Oct 15:31    INFO  Saving current best: saved/DirectAU-Oct-27-2023_15-06-56.pth
27 Oct 15:31    INFO  epoch 125 training [time: 2.25s, train loss: -1.1363]
27 Oct 15:31    INFO  epoch 125 evaluating [time: 9.36s, valid_score: 0.064400]
27 Oct 15:31    INFO  valid result: 
recall@10 : 0.0962    recall@20 : 0.1359    recall@50 : 0.1974    ndcg@10 : 0.054    ndcg@20 : 0.0644    ndcg@50 : 0.077    
27 Oct 15:31    INFO  epoch 126 training [time: 2.20s, train loss: -1.1364]
27 Oct 15:32    INFO  epoch 126 evaluating [time: 10.64s, valid_score: 0.064100]
27 Oct 15:32    INFO  valid result: 
recall@10 : 0.096    recall@20 : 0.1353    recall@50 : 0.1983    ndcg@10 : 0.0539    ndcg@20 : 0.0641    ndcg@50 : 0.0771    
27 Oct 15:32    INFO  epoch 127 training [time: 2.15s, train loss: -1.1364]
27 Oct 15:32    INFO  epoch 127 evaluating [time: 10.20s, valid_score: 0.064400]
27 Oct 15:32    INFO  valid result: 
recall@10 : 0.0962    recall@20 : 0.1353    recall@50 : 0.1986    ndcg@10 : 0.0541    ndcg@20 : 0.0644    ndcg@50 : 0.0774    
27 Oct 15:32    INFO  epoch 128 training [time: 2.27s, train loss: -1.1367]
27 Oct 15:32    INFO  epoch 128 evaluating [time: 9.53s, valid_score: 0.064700]
27 Oct 15:32    INFO  valid result: 
recall@10 : 0.0963    recall@20 : 0.1364    recall@50 : 0.1982    ndcg@10 : 0.0543    ndcg@20 : 0.0647    ndcg@50 : 0.0774    
27 Oct 15:32    INFO  Saving current best: saved/DirectAU-Oct-27-2023_15-06-56.pth
27 Oct 15:32    INFO  epoch 129 training [time: 2.35s, train loss: -1.1368]
27 Oct 15:32    INFO  epoch 129 evaluating [time: 9.29s, valid_score: 0.064600]
27 Oct 15:32    INFO  valid result: 
recall@10 : 0.0966    recall@20 : 0.1361    recall@50 : 0.1986    ndcg@10 : 0.0543    ndcg@20 : 0.0646    ndcg@50 : 0.0774    
27 Oct 15:32    INFO  epoch 130 training [time: 2.31s, train loss: -1.1371]
27 Oct 15:32    INFO  epoch 130 evaluating [time: 9.37s, valid_score: 0.064800]
27 Oct 15:32    INFO  valid result: 
recall@10 : 0.0969    recall@20 : 0.1352    recall@50 : 0.1996    ndcg@10 : 0.0548    ndcg@20 : 0.0648    ndcg@50 : 0.078    
27 Oct 15:32    INFO  Saving current best: saved/DirectAU-Oct-27-2023_15-06-56.pth
27 Oct 15:32    INFO  epoch 131 training [time: 1.80s, train loss: -1.1370]
27 Oct 15:33    INFO  epoch 131 evaluating [time: 9.39s, valid_score: 0.064500]
27 Oct 15:33    INFO  valid result: 
recall@10 : 0.097    recall@20 : 0.135    recall@50 : 0.1986    ndcg@10 : 0.0546    ndcg@20 : 0.0645    ndcg@50 : 0.0776    
27 Oct 15:33    INFO  epoch 132 training [time: 2.34s, train loss: -1.1373]
27 Oct 15:33    INFO  epoch 132 evaluating [time: 9.40s, valid_score: 0.064700]
27 Oct 15:33    INFO  valid result: 
recall@10 : 0.0964    recall@20 : 0.1359    recall@50 : 0.1995    ndcg@10 : 0.0544    ndcg@20 : 0.0647    ndcg@50 : 0.0777    
27 Oct 15:33    INFO  epoch 133 training [time: 2.36s, train loss: -1.1371]
27 Oct 15:33    INFO  epoch 133 evaluating [time: 9.10s, valid_score: 0.064900]
27 Oct 15:33    INFO  valid result: 
recall@10 : 0.0972    recall@20 : 0.1358    recall@50 : 0.1995    ndcg@10 : 0.0548    ndcg@20 : 0.0649    ndcg@50 : 0.0779    
27 Oct 15:33    INFO  Saving current best: saved/DirectAU-Oct-27-2023_15-06-56.pth
27 Oct 15:33    INFO  epoch 134 training [time: 2.23s, train loss: -1.1374]
27 Oct 15:33    INFO  epoch 134 evaluating [time: 9.35s, valid_score: 0.064900]
27 Oct 15:33    INFO  valid result: 
recall@10 : 0.0971    recall@20 : 0.1364    recall@50 : 0.1997    ndcg@10 : 0.0547    ndcg@20 : 0.0649    ndcg@50 : 0.0779    
27 Oct 15:33    INFO  epoch 135 training [time: 2.30s, train loss: -1.1373]
27 Oct 15:33    INFO  epoch 135 evaluating [time: 9.31s, valid_score: 0.064500]
27 Oct 15:33    INFO  valid result: 
recall@10 : 0.0958    recall@20 : 0.1356    recall@50 : 0.2001    ndcg@10 : 0.0541    ndcg@20 : 0.0645    ndcg@50 : 0.0777    
27 Oct 15:33    INFO  epoch 136 training [time: 2.12s, train loss: -1.1379]
27 Oct 15:34    INFO  epoch 136 evaluating [time: 9.42s, valid_score: 0.065000]
27 Oct 15:34    INFO  valid result: 
recall@10 : 0.0968    recall@20 : 0.1366    recall@50 : 0.1995    ndcg@10 : 0.0546    ndcg@20 : 0.065    ndcg@50 : 0.0778    
27 Oct 15:34    INFO  Saving current best: saved/DirectAU-Oct-27-2023_15-06-56.pth
27 Oct 15:34    INFO  epoch 137 training [time: 1.88s, train loss: -1.1374]
27 Oct 15:34    INFO  epoch 137 evaluating [time: 9.32s, valid_score: 0.064900]
27 Oct 15:34    INFO  valid result: 
recall@10 : 0.0979    recall@20 : 0.1361    recall@50 : 0.2001    ndcg@10 : 0.0549    ndcg@20 : 0.0649    ndcg@50 : 0.078    
27 Oct 15:34    INFO  epoch 138 training [time: 2.33s, train loss: -1.1375]
27 Oct 15:34    INFO  epoch 138 evaluating [time: 11.56s, valid_score: 0.064800]
27 Oct 15:34    INFO  valid result: 
recall@10 : 0.0976    recall@20 : 0.1355    recall@50 : 0.2003    ndcg@10 : 0.0549    ndcg@20 : 0.0648    ndcg@50 : 0.0781    
27 Oct 15:34    INFO  epoch 139 training [time: 2.44s, train loss: -1.1376]
27 Oct 15:34    INFO  epoch 139 evaluating [time: 9.31s, valid_score: 0.064800]
27 Oct 15:34    INFO  valid result: 
recall@10 : 0.0978    recall@20 : 0.1359    recall@50 : 0.2002    ndcg@10 : 0.0548    ndcg@20 : 0.0648    ndcg@50 : 0.0779    
27 Oct 15:34    INFO  epoch 140 training [time: 2.19s, train loss: -1.1378]
27 Oct 15:34    INFO  epoch 140 evaluating [time: 9.25s, valid_score: 0.064800]
27 Oct 15:34    INFO  valid result: 
recall@10 : 0.0977    recall@20 : 0.1359    recall@50 : 0.2007    ndcg@10 : 0.0548    ndcg@20 : 0.0648    ndcg@50 : 0.078    
27 Oct 15:34    INFO  epoch 141 training [time: 2.44s, train loss: -1.1380]
27 Oct 15:35    INFO  epoch 141 evaluating [time: 9.48s, valid_score: 0.064800]
27 Oct 15:35    INFO  valid result: 
recall@10 : 0.0971    recall@20 : 0.1354    recall@50 : 0.2012    ndcg@10 : 0.0547    ndcg@20 : 0.0648    ndcg@50 : 0.0783    
27 Oct 15:35    INFO  epoch 142 training [time: 2.32s, train loss: -1.1381]
27 Oct 15:35    INFO  epoch 142 evaluating [time: 9.40s, valid_score: 0.064700]
27 Oct 15:35    INFO  valid result: 
recall@10 : 0.0972    recall@20 : 0.1357    recall@50 : 0.2007    ndcg@10 : 0.0546    ndcg@20 : 0.0647    ndcg@50 : 0.078    
27 Oct 15:35    INFO  epoch 143 training [time: 2.31s, train loss: -1.1380]
27 Oct 15:35    INFO  epoch 143 evaluating [time: 9.47s, valid_score: 0.065100]
27 Oct 15:35    INFO  valid result: 
recall@10 : 0.0978    recall@20 : 0.1368    recall@50 : 0.2004    ndcg@10 : 0.055    ndcg@20 : 0.0651    ndcg@50 : 0.0781    
27 Oct 15:35    INFO  Saving current best: saved/DirectAU-Oct-27-2023_15-06-56.pth
27 Oct 15:35    INFO  epoch 144 training [time: 2.38s, train loss: -1.1384]
27 Oct 15:35    INFO  epoch 144 evaluating [time: 9.38s, valid_score: 0.065300]
27 Oct 15:35    INFO  valid result: 
recall@10 : 0.0985    recall@20 : 0.1371    recall@50 : 0.2016    ndcg@10 : 0.0553    ndcg@20 : 0.0653    ndcg@50 : 0.0785    
27 Oct 15:35    INFO  Saving current best: saved/DirectAU-Oct-27-2023_15-06-56.pth
27 Oct 15:35    INFO  epoch 145 training [time: 1.88s, train loss: -1.1384]
27 Oct 15:35    INFO  epoch 145 evaluating [time: 9.42s, valid_score: 0.065200]
27 Oct 15:35    INFO  valid result: 
recall@10 : 0.0985    recall@20 : 0.1361    recall@50 : 0.2009    ndcg@10 : 0.0553    ndcg@20 : 0.0652    ndcg@50 : 0.0785    
27 Oct 15:35    INFO  epoch 146 training [time: 2.23s, train loss: -1.1385]
27 Oct 15:35    INFO  epoch 146 evaluating [time: 9.29s, valid_score: 0.065200]
27 Oct 15:35    INFO  valid result: 
recall@10 : 0.0987    recall@20 : 0.137    recall@50 : 0.2004    ndcg@10 : 0.0552    ndcg@20 : 0.0652    ndcg@50 : 0.0782    
27 Oct 15:36    INFO  epoch 147 training [time: 2.30s, train loss: -1.1383]
27 Oct 15:36    INFO  epoch 147 evaluating [time: 11.60s, valid_score: 0.065200]
27 Oct 15:36    INFO  valid result: 
recall@10 : 0.0982    recall@20 : 0.1367    recall@50 : 0.2001    ndcg@10 : 0.0552    ndcg@20 : 0.0652    ndcg@50 : 0.0782    
27 Oct 15:36    INFO  epoch 148 training [time: 2.31s, train loss: -1.1383]
27 Oct 15:36    INFO  epoch 148 evaluating [time: 9.30s, valid_score: 0.065100]
27 Oct 15:36    INFO  valid result: 
recall@10 : 0.0981    recall@20 : 0.1364    recall@50 : 0.2003    ndcg@10 : 0.0551    ndcg@20 : 0.0651    ndcg@50 : 0.0782    
27 Oct 15:36    INFO  epoch 149 training [time: 2.32s, train loss: -1.1388]
27 Oct 15:36    INFO  epoch 149 evaluating [time: 9.73s, valid_score: 0.065200]
27 Oct 15:36    INFO  valid result: 
recall@10 : 0.0981    recall@20 : 0.1367    recall@50 : 0.2019    ndcg@10 : 0.0551    ndcg@20 : 0.0652    ndcg@50 : 0.0785    
27 Oct 15:36    INFO  epoch 150 training [time: 2.30s, train loss: -1.1389]
27 Oct 15:36    INFO  epoch 150 evaluating [time: 10.09s, valid_score: 0.065200]
27 Oct 15:36    INFO  valid result: 
recall@10 : 0.0983    recall@20 : 0.1367    recall@50 : 0.2019    ndcg@10 : 0.0552    ndcg@20 : 0.0652    ndcg@50 : 0.0785    
27 Oct 15:36    INFO  epoch 151 training [time: 2.23s, train loss: -1.1387]
27 Oct 15:37    INFO  epoch 151 evaluating [time: 9.23s, valid_score: 0.065200]
27 Oct 15:37    INFO  valid result: 
recall@10 : 0.0989    recall@20 : 0.1373    recall@50 : 0.2017    ndcg@10 : 0.0552    ndcg@20 : 0.0652    ndcg@50 : 0.0784    
27 Oct 15:37    INFO  epoch 152 training [time: 2.30s, train loss: -1.1390]
27 Oct 15:37    INFO  epoch 152 evaluating [time: 9.29s, valid_score: 0.065500]
27 Oct 15:37    INFO  valid result: 
recall@10 : 0.0983    recall@20 : 0.1378    recall@50 : 0.2016    ndcg@10 : 0.0551    ndcg@20 : 0.0655    ndcg@50 : 0.0785    
27 Oct 15:37    INFO  Saving current best: saved/DirectAU-Oct-27-2023_15-06-56.pth
27 Oct 15:37    INFO  epoch 153 training [time: 2.24s, train loss: -1.1389]
27 Oct 15:37    INFO  epoch 153 evaluating [time: 9.41s, valid_score: 0.065500]
27 Oct 15:37    INFO  valid result: 
recall@10 : 0.098    recall@20 : 0.1376    recall@50 : 0.2012    ndcg@10 : 0.0552    ndcg@20 : 0.0655    ndcg@50 : 0.0785    
27 Oct 15:37    INFO  epoch 154 training [time: 2.28s, train loss: -1.1391]
27 Oct 15:37    INFO  epoch 154 evaluating [time: 9.35s, valid_score: 0.065500]
27 Oct 15:37    INFO  valid result: 
recall@10 : 0.098    recall@20 : 0.1376    recall@50 : 0.2016    ndcg@10 : 0.0551    ndcg@20 : 0.0655    ndcg@50 : 0.0786    
27 Oct 15:37    INFO  epoch 155 training [time: 2.32s, train loss: -1.1387]
27 Oct 15:37    INFO  epoch 155 evaluating [time: 9.37s, valid_score: 0.065700]
27 Oct 15:37    INFO  valid result: 
recall@10 : 0.0978    recall@20 : 0.1379    recall@50 : 0.202    ndcg@10 : 0.0552    ndcg@20 : 0.0657    ndcg@50 : 0.0788    
27 Oct 15:37    INFO  Saving current best: saved/DirectAU-Oct-27-2023_15-06-56.pth
27 Oct 15:37    INFO  epoch 156 training [time: 2.33s, train loss: -1.1389]
27 Oct 15:37    INFO  epoch 156 evaluating [time: 9.29s, valid_score: 0.065600]
27 Oct 15:37    INFO  valid result: 
recall@10 : 0.0981    recall@20 : 0.1384    recall@50 : 0.2018    ndcg@10 : 0.0551    ndcg@20 : 0.0656    ndcg@50 : 0.0786    
27 Oct 15:38    INFO  epoch 157 training [time: 2.28s, train loss: -1.1392]
27 Oct 15:38    INFO  epoch 157 evaluating [time: 9.39s, valid_score: 0.065500]
27 Oct 15:38    INFO  valid result: 
recall@10 : 0.0986    recall@20 : 0.1378    recall@50 : 0.2021    ndcg@10 : 0.0553    ndcg@20 : 0.0655    ndcg@50 : 0.0786    
27 Oct 15:38    INFO  epoch 158 training [time: 2.26s, train loss: -1.1391]
27 Oct 15:38    INFO  epoch 158 evaluating [time: 9.36s, valid_score: 0.065800]
27 Oct 15:38    INFO  valid result: 
recall@10 : 0.0973    recall@20 : 0.1388    recall@50 : 0.2026    ndcg@10 : 0.055    ndcg@20 : 0.0658    ndcg@50 : 0.0788    
27 Oct 15:38    INFO  Saving current best: saved/DirectAU-Oct-27-2023_15-06-56.pth
27 Oct 15:38    INFO  epoch 159 training [time: 2.32s, train loss: -1.1393]
27 Oct 15:38    INFO  epoch 159 evaluating [time: 9.28s, valid_score: 0.065300]
27 Oct 15:38    INFO  valid result: 
recall@10 : 0.0977    recall@20 : 0.1374    recall@50 : 0.2032    ndcg@10 : 0.0549    ndcg@20 : 0.0653    ndcg@50 : 0.0787    
27 Oct 15:38    INFO  epoch 160 training [time: 2.30s, train loss: -1.1395]
27 Oct 15:38    INFO  epoch 160 evaluating [time: 9.49s, valid_score: 0.065000]
27 Oct 15:38    INFO  valid result: 
recall@10 : 0.0981    recall@20 : 0.1371    recall@50 : 0.2025    ndcg@10 : 0.0549    ndcg@20 : 0.065    ndcg@50 : 0.0784    
27 Oct 15:38    INFO  epoch 161 training [time: 2.23s, train loss: -1.1391]
27 Oct 15:38    INFO  epoch 161 evaluating [time: 9.26s, valid_score: 0.065300]
27 Oct 15:38    INFO  valid result: 
recall@10 : 0.0989    recall@20 : 0.1377    recall@50 : 0.2027    ndcg@10 : 0.0552    ndcg@20 : 0.0653    ndcg@50 : 0.0786    
27 Oct 15:38    INFO  epoch 162 training [time: 2.29s, train loss: -1.1390]
27 Oct 15:39    INFO  epoch 162 evaluating [time: 9.50s, valid_score: 0.065100]
27 Oct 15:39    INFO  valid result: 
recall@10 : 0.0991    recall@20 : 0.1372    recall@50 : 0.2022    ndcg@10 : 0.0552    ndcg@20 : 0.0651    ndcg@50 : 0.0784    
27 Oct 15:39    INFO  epoch 163 training [time: 2.30s, train loss: -1.1392]
27 Oct 15:39    INFO  epoch 163 evaluating [time: 9.34s, valid_score: 0.065400]
27 Oct 15:39    INFO  valid result: 
recall@10 : 0.0989    recall@20 : 0.1379    recall@50 : 0.2024    ndcg@10 : 0.0552    ndcg@20 : 0.0654    ndcg@50 : 0.0786    
27 Oct 15:39    INFO  epoch 164 training [time: 2.21s, train loss: -1.1396]
27 Oct 15:39    INFO  epoch 164 evaluating [time: 9.48s, valid_score: 0.065700]
27 Oct 15:39    INFO  valid result: 
recall@10 : 0.0989    recall@20 : 0.1383    recall@50 : 0.2022    ndcg@10 : 0.0554    ndcg@20 : 0.0657    ndcg@50 : 0.0788    
27 Oct 15:39    INFO  epoch 165 training [time: 1.99s, train loss: -1.1396]
27 Oct 15:39    INFO  epoch 165 evaluating [time: 9.25s, valid_score: 0.066100]
27 Oct 15:39    INFO  valid result: 
recall@10 : 0.0975    recall@20 : 0.1399    recall@50 : 0.2017    ndcg@10 : 0.055    ndcg@20 : 0.0661    ndcg@50 : 0.0788    
27 Oct 15:39    INFO  Saving current best: saved/DirectAU-Oct-27-2023_15-06-56.pth
27 Oct 15:39    INFO  epoch 166 training [time: 2.52s, train loss: -1.1399]
27 Oct 15:39    INFO  epoch 166 evaluating [time: 9.53s, valid_score: 0.066000]
27 Oct 15:39    INFO  valid result: 
recall@10 : 0.0984    recall@20 : 0.1397    recall@50 : 0.2024    ndcg@10 : 0.0552    ndcg@20 : 0.066    ndcg@50 : 0.0788    
27 Oct 15:39    INFO  epoch 167 training [time: 2.54s, train loss: -1.1395]
27 Oct 15:40    INFO  epoch 167 evaluating [time: 9.37s, valid_score: 0.066000]
27 Oct 15:40    INFO  valid result: 
recall@10 : 0.0979    recall@20 : 0.1391    recall@50 : 0.2034    ndcg@10 : 0.0553    ndcg@20 : 0.066    ndcg@50 : 0.0792    
27 Oct 15:40    INFO  epoch 168 training [time: 2.33s, train loss: -1.1394]
27 Oct 15:40    INFO  epoch 168 evaluating [time: 9.33s, valid_score: 0.065800]
27 Oct 15:40    INFO  valid result: 
recall@10 : 0.0986    recall@20 : 0.1385    recall@50 : 0.2033    ndcg@10 : 0.0554    ndcg@20 : 0.0658    ndcg@50 : 0.0791    
27 Oct 15:40    INFO  epoch 169 training [time: 2.33s, train loss: -1.1394]
27 Oct 15:40    INFO  epoch 169 evaluating [time: 9.20s, valid_score: 0.065900]
27 Oct 15:40    INFO  valid result: 
recall@10 : 0.0988    recall@20 : 0.1387    recall@50 : 0.203    ndcg@10 : 0.0555    ndcg@20 : 0.0659    ndcg@50 : 0.0791    
27 Oct 15:40    INFO  epoch 170 training [time: 2.44s, train loss: -1.1395]
27 Oct 15:40    INFO  epoch 170 evaluating [time: 9.18s, valid_score: 0.065700]
27 Oct 15:40    INFO  valid result: 
recall@10 : 0.0991    recall@20 : 0.138    recall@50 : 0.2041    ndcg@10 : 0.0555    ndcg@20 : 0.0657    ndcg@50 : 0.0792    
27 Oct 15:40    INFO  epoch 171 training [time: 2.18s, train loss: -1.1398]
27 Oct 15:40    INFO  epoch 171 evaluating [time: 9.30s, valid_score: 0.065500]
27 Oct 15:40    INFO  valid result: 
recall@10 : 0.0982    recall@20 : 0.1379    recall@50 : 0.2032    ndcg@10 : 0.0552    ndcg@20 : 0.0655    ndcg@50 : 0.0789    
27 Oct 15:40    INFO  epoch 172 training [time: 2.29s, train loss: -1.1398]
27 Oct 15:41    INFO  epoch 172 evaluating [time: 9.35s, valid_score: 0.065900]
27 Oct 15:41    INFO  valid result: 
recall@10 : 0.0985    recall@20 : 0.1387    recall@50 : 0.2031    ndcg@10 : 0.0555    ndcg@20 : 0.0659    ndcg@50 : 0.0791    
27 Oct 15:41    INFO  epoch 173 training [time: 2.25s, train loss: -1.1394]
27 Oct 15:41    INFO  epoch 173 evaluating [time: 9.23s, valid_score: 0.065700]
27 Oct 15:41    INFO  valid result: 
recall@10 : 0.0984    recall@20 : 0.1379    recall@50 : 0.2039    ndcg@10 : 0.0554    ndcg@20 : 0.0657    ndcg@50 : 0.0792    
27 Oct 15:41    INFO  epoch 174 training [time: 2.28s, train loss: -1.1400]
27 Oct 15:41    INFO  epoch 174 evaluating [time: 9.17s, valid_score: 0.065500]
27 Oct 15:41    INFO  valid result: 
recall@10 : 0.0981    recall@20 : 0.1383    recall@50 : 0.2034    ndcg@10 : 0.0551    ndcg@20 : 0.0655    ndcg@50 : 0.0789    
27 Oct 15:41    INFO  epoch 175 training [time: 2.19s, train loss: -1.1397]
27 Oct 15:41    INFO  epoch 175 evaluating [time: 9.40s, valid_score: 0.065800]
27 Oct 15:41    INFO  valid result: 
recall@10 : 0.0979    recall@20 : 0.1387    recall@50 : 0.2031    ndcg@10 : 0.0552    ndcg@20 : 0.0658    ndcg@50 : 0.079    
27 Oct 15:41    INFO  epoch 176 training [time: 2.43s, train loss: -1.1399]
27 Oct 15:41    INFO  epoch 176 evaluating [time: 9.39s, valid_score: 0.065700]
27 Oct 15:41    INFO  valid result: 
recall@10 : 0.0979    recall@20 : 0.1379    recall@50 : 0.2029    ndcg@10 : 0.0552    ndcg@20 : 0.0657    ndcg@50 : 0.079    
27 Oct 15:41    INFO  Finished training, best eval result in epoch 165
27 Oct 15:41    INFO  Loading model structure and parameters from saved/DirectAU-Oct-27-2023_15-06-56.pth
27 Oct 15:42    INFO  best valid : {'recall@10': 0.0975, 'recall@20': 0.1399, 'recall@50': 0.2017, 'ndcg@10': 0.055, 'ndcg@20': 0.0661, 'ndcg@50': 0.0788}
27 Oct 15:42    INFO  test result: {'recall@10': 0.1014, 'recall@20': 0.1437, 'recall@50': 0.2083, 'ndcg@10': 0.0592, 'ndcg@20': 0.0702, 'ndcg@50': 0.0834}
