command line args [--d 0.7 --alpha 0.9 --std 0.1] will not be used in RecBole
01 Nov 19:56    INFO  
General Hyper Parameters:
gpu_id = 2
use_gpu = True
seed = 0
state = INFO
reproducibility = True
data_path = dataset/Beauty
show_progress = False

Training Hyper Parameters:
checkpoint_dir = saved
epochs = 500
train_batch_size = 256
learner = adam
learning_rate = 0.001
training_neg_sample_num = 0
training_neg_sample_distribution = uniform
eval_step = 1
stopping_step = 10
clip_grad_norm = None
weight_decay = 1e-06
draw_loss_pic = False
loss_decimal_place = 4

Evaluation Hyper Parameters:
eval_setting = RO_RS,full
group_by_user = True
split_ratio = [0.8, 0.1, 0.1]
leave_one_num = 2
real_time_process = False
metrics = ['Recall', 'NDCG']
topk = [10, 20, 50]
valid_metric = NDCG@20
eval_batch_size = 4096
metric_decimal_place = 4

Dataset Hyper Parameters:
field_separator = 	
seq_separator =  
USER_ID_FIELD = user_id
ITEM_ID_FIELD = item_id
RATING_FIELD = rating
TIME_FIELD = timestamp
seq_len = None
LABEL_FIELD = label
threshold = None
NEG_PREFIX = neg_
load_col = {'inter': ['user_id', 'item_id', 'timestamp']}
unload_col = None
unused_col = None
additional_feat_suffix = None
lowest_val = None
highest_val = None
equal_val = None
not_equal_val = None
max_user_inter_num = None
min_user_inter_num = 5
max_item_inter_num = None
min_item_inter_num = 5
fields_in_same_space = None
preload_weight = None
normalize_field = None
normalize_all = None
ITEM_LIST_LENGTH_FIELD = item_length
LIST_SUFFIX = _list
MAX_ITEM_LIST_LENGTH = 50
POSITION_FIELD = position_id
HEAD_ENTITY_ID_FIELD = head_id
TAIL_ENTITY_ID_FIELD = tail_id
RELATION_ID_FIELD = relation_id
ENTITY_ID_FIELD = entity_id

Other Hyper Parameters: 
valid_metric_bigger = True
BT = 0.1
alpha = 0.9
bt = 0.001
d = 0.7
embedding_size = 64
encoder = MF
gamma = 0.5
std = 0.1
times = 1
witem = 0.1
wuser = 0.8
rm_dup_inter = None
filter_inter_by_user_or_item = True
SOURCE_ID_FIELD = source_id
TARGET_ID_FIELD = target_id
benchmark_filename = None
MODEL_TYPE = ModelType.GENERAL
MODEL_INPUT_TYPE = InputType.POINTWISE
eval_type = EvaluatorType.RANKING
device = cuda
train_neg_sample_args = {'strategy': 'none'}


01 Nov 19:56    INFO  Beauty
The number of users: 22364
Average actions of users: 8.876358270357287
The number of items: 12102
Average actions of items: 16.403768283612923
The number of inters: 198502
The sparsity of the dataset: 99.92665707018277%
Remain Fields: ['user_id', 'item_id', 'timestamp']
01 Nov 19:56    INFO  Build [GeneralDataLoader] for [train] with format [InputType.POINTWISE]
01 Nov 19:56    INFO  [train] No Negative Sampling
01 Nov 19:56    INFO  [train] batch_size = [256], shuffle = [True]

01 Nov 19:56    INFO  Build [GeneralFullDataLoader] for [evaluation] with format [InputType.POINTWISE]
01 Nov 19:56    INFO  Evaluation Setting:
	Group by user_id
	Ordering: {'strategy': 'shuffle'}
	Splitting: {'strategy': 'by_ratio', 'ratios': [0.8, 0.1, 0.1]}
	Negative Sampling: {'strategy': 'full', 'distribution': 'uniform'}
01 Nov 19:56    INFO  [evaluation] batch_size = [4096], shuffle = [False]

01 Nov 19:56    WARNING  Batch size is changed to 12102.
01 Nov 19:56    WARNING  Batch size is changed to 12102.
{'BT': 0.1, 'alpha': 0.9, 'bt': 0.001, 'd': 0.7, 'embedding_size': 64, 'encoder': 'MF', 'gamma': None, 'std': 0.1, 'times': 1, 'training_neg_sample_num': 0, 'witem': 0.1, 'wuser': 0.8}
this is encoder MF...
这是directau 的 RE 版本...
01 Nov 19:56    INFO  DirectAU(
  (encoder): MFEncoder(
    (user_embedding): Embedding(22364, 64)
    (item_embedding): Embedding(12102, 64)
  )
  (bn): BatchNorm1d(64, eps=1e-05, momentum=0.1, affine=False, track_running_stats=True)
  (projector): Sequential(
    (0): Linear(in_features=64, out_features=64, bias=False)
    (1): BatchNorm1d(64, eps=1e-05, momentum=0.1, affine=True, track_running_stats=True)
    (2): ReLU(inplace=True)
    (3): Linear(in_features=64, out_features=64, bias=False)
    (4): BatchNorm1d(64, eps=1e-05, momentum=0.1, affine=True, track_running_stats=True)
    (5): ReLU(inplace=True)
    (6): Linear(in_features=64, out_features=64, bias=False)
  )
)
Trainable parameters: 2218368
01 Nov 19:56    INFO  epoch 0 training [time: 2.46s, train loss: 0.0661]
01 Nov 19:56    INFO  epoch 0 evaluating [time: 9.56s, valid_score: 0.012300]
01 Nov 19:56    INFO  valid result: 
recall@10 : 0.0174    recall@20 : 0.027    recall@50 : 0.0451    ndcg@10 : 0.0096    ndcg@20 : 0.0123    ndcg@50 : 0.0162    
01 Nov 19:56    INFO  Saving current best: saved/DirectAU-Nov-01-2023_19-56-19.pth
01 Nov 19:56    INFO  epoch 1 training [time: 2.41s, train loss: -0.4345]
01 Nov 19:56    INFO  epoch 1 evaluating [time: 9.28s, valid_score: 0.017900]
01 Nov 19:56    INFO  valid result: 
recall@10 : 0.0248    recall@20 : 0.0401    recall@50 : 0.0666    ndcg@10 : 0.0138    ndcg@20 : 0.0179    ndcg@50 : 0.0235    
01 Nov 19:56    INFO  Saving current best: saved/DirectAU-Nov-01-2023_19-56-19.pth
01 Nov 19:56    INFO  epoch 2 training [time: 2.33s, train loss: -0.5750]
01 Nov 19:56    INFO  epoch 2 evaluating [time: 9.68s, valid_score: 0.021200]
01 Nov 19:56    INFO  valid result: 
recall@10 : 0.0303    recall@20 : 0.0472    recall@50 : 0.0784    ndcg@10 : 0.0167    ndcg@20 : 0.0212    ndcg@50 : 0.0278    
01 Nov 19:56    INFO  Saving current best: saved/DirectAU-Nov-01-2023_19-56-19.pth
01 Nov 19:56    INFO  epoch 3 training [time: 2.37s, train loss: -0.6455]
01 Nov 19:57    INFO  epoch 3 evaluating [time: 9.38s, valid_score: 0.024100]
01 Nov 19:57    INFO  valid result: 
recall@10 : 0.0336    recall@20 : 0.0531    recall@50 : 0.0865    ndcg@10 : 0.0188    ndcg@20 : 0.0241    ndcg@50 : 0.0311    
01 Nov 19:57    INFO  Saving current best: saved/DirectAU-Nov-01-2023_19-56-19.pth
01 Nov 19:57    INFO  epoch 4 training [time: 2.34s, train loss: -0.6908]
01 Nov 19:57    INFO  epoch 4 evaluating [time: 9.37s, valid_score: 0.025600]
01 Nov 19:57    INFO  valid result: 
recall@10 : 0.0358    recall@20 : 0.0565    recall@50 : 0.0936    ndcg@10 : 0.02    ndcg@20 : 0.0256    ndcg@50 : 0.0333    
01 Nov 19:57    INFO  Saving current best: saved/DirectAU-Nov-01-2023_19-56-19.pth
01 Nov 19:57    INFO  epoch 5 training [time: 2.34s, train loss: -0.7253]
01 Nov 19:57    INFO  epoch 5 evaluating [time: 9.42s, valid_score: 0.027300]
01 Nov 19:57    INFO  valid result: 
recall@10 : 0.0388    recall@20 : 0.0596    recall@50 : 0.0983    ndcg@10 : 0.0217    ndcg@20 : 0.0273    ndcg@50 : 0.0354    
01 Nov 19:57    INFO  Saving current best: saved/DirectAU-Nov-01-2023_19-56-19.pth
01 Nov 19:57    INFO  epoch 6 training [time: 2.29s, train loss: -0.7514]
01 Nov 19:57    INFO  epoch 6 evaluating [time: 9.24s, valid_score: 0.029400]
01 Nov 19:57    INFO  valid result: 
recall@10 : 0.0417    recall@20 : 0.0644    recall@50 : 0.1037    ndcg@10 : 0.0233    ndcg@20 : 0.0294    ndcg@50 : 0.0376    
01 Nov 19:57    INFO  Saving current best: saved/DirectAU-Nov-01-2023_19-56-19.pth
01 Nov 19:57    INFO  epoch 7 training [time: 2.29s, train loss: -0.7736]
01 Nov 19:57    INFO  epoch 7 evaluating [time: 9.49s, valid_score: 0.030600]
01 Nov 19:57    INFO  valid result: 
recall@10 : 0.0438    recall@20 : 0.0664    recall@50 : 0.1084    ndcg@10 : 0.0245    ndcg@20 : 0.0306    ndcg@50 : 0.0393    
01 Nov 19:57    INFO  Saving current best: saved/DirectAU-Nov-01-2023_19-56-19.pth
01 Nov 19:57    INFO  epoch 8 training [time: 2.33s, train loss: -0.7941]
01 Nov 19:58    INFO  epoch 8 evaluating [time: 9.23s, valid_score: 0.031400]
01 Nov 19:58    INFO  valid result: 
recall@10 : 0.0447    recall@20 : 0.0685    recall@50 : 0.1136    ndcg@10 : 0.025    ndcg@20 : 0.0314    ndcg@50 : 0.0407    
01 Nov 19:58    INFO  Saving current best: saved/DirectAU-Nov-01-2023_19-56-19.pth
01 Nov 19:58    INFO  epoch 9 training [time: 2.21s, train loss: -0.8120]
01 Nov 19:58    INFO  epoch 9 evaluating [time: 9.49s, valid_score: 0.033200]
01 Nov 19:58    INFO  valid result: 
recall@10 : 0.047    recall@20 : 0.0729    recall@50 : 0.1171    ndcg@10 : 0.0263    ndcg@20 : 0.0332    ndcg@50 : 0.0423    
01 Nov 19:58    INFO  Saving current best: saved/DirectAU-Nov-01-2023_19-56-19.pth
01 Nov 19:58    INFO  epoch 10 training [time: 2.34s, train loss: -0.8272]
01 Nov 19:58    INFO  epoch 10 evaluating [time: 9.13s, valid_score: 0.034500]
01 Nov 19:58    INFO  valid result: 
recall@10 : 0.0498    recall@20 : 0.0755    recall@50 : 0.1218    ndcg@10 : 0.0277    ndcg@20 : 0.0345    ndcg@50 : 0.044    
01 Nov 19:58    INFO  Saving current best: saved/DirectAU-Nov-01-2023_19-56-19.pth
01 Nov 19:58    INFO  epoch 11 training [time: 2.23s, train loss: -0.8421]
01 Nov 19:58    INFO  epoch 11 evaluating [time: 9.41s, valid_score: 0.035500]
01 Nov 19:58    INFO  valid result: 
recall@10 : 0.05    recall@20 : 0.0784    recall@50 : 0.1224    ndcg@10 : 0.028    ndcg@20 : 0.0355    ndcg@50 : 0.0446    
01 Nov 19:58    INFO  Saving current best: saved/DirectAU-Nov-01-2023_19-56-19.pth
01 Nov 19:58    INFO  epoch 12 training [time: 2.26s, train loss: -0.8555]
01 Nov 19:58    INFO  epoch 12 evaluating [time: 9.26s, valid_score: 0.036100]
01 Nov 19:58    INFO  valid result: 
recall@10 : 0.0517    recall@20 : 0.0796    recall@50 : 0.1256    ndcg@10 : 0.0288    ndcg@20 : 0.0361    ndcg@50 : 0.0456    
01 Nov 19:58    INFO  Saving current best: saved/DirectAU-Nov-01-2023_19-56-19.pth
01 Nov 19:58    INFO  epoch 13 training [time: 2.71s, train loss: -0.8686]
01 Nov 19:59    INFO  epoch 13 evaluating [time: 9.31s, valid_score: 0.037100]
01 Nov 19:59    INFO  valid result: 
recall@10 : 0.0537    recall@20 : 0.0816    recall@50 : 0.1279    ndcg@10 : 0.0297    ndcg@20 : 0.0371    ndcg@50 : 0.0467    
01 Nov 19:59    INFO  Saving current best: saved/DirectAU-Nov-01-2023_19-56-19.pth
01 Nov 19:59    INFO  epoch 14 training [time: 2.26s, train loss: -0.8795]
01 Nov 19:59    INFO  epoch 14 evaluating [time: 9.27s, valid_score: 0.038000]
01 Nov 19:59    INFO  valid result: 
recall@10 : 0.0539    recall@20 : 0.0835    recall@50 : 0.1314    ndcg@10 : 0.0301    ndcg@20 : 0.038    ndcg@50 : 0.0478    
01 Nov 19:59    INFO  Saving current best: saved/DirectAU-Nov-01-2023_19-56-19.pth
01 Nov 19:59    INFO  epoch 15 training [time: 2.34s, train loss: -0.8914]
01 Nov 19:59    INFO  epoch 15 evaluating [time: 9.40s, valid_score: 0.039100]
01 Nov 19:59    INFO  valid result: 
recall@10 : 0.056    recall@20 : 0.0853    recall@50 : 0.1334    ndcg@10 : 0.0314    ndcg@20 : 0.0391    ndcg@50 : 0.0491    
01 Nov 19:59    INFO  Saving current best: saved/DirectAU-Nov-01-2023_19-56-19.pth
01 Nov 19:59    INFO  epoch 16 training [time: 2.21s, train loss: -0.9015]
01 Nov 19:59    INFO  epoch 16 evaluating [time: 9.30s, valid_score: 0.040100]
01 Nov 19:59    INFO  valid result: 
recall@10 : 0.0586    recall@20 : 0.0867    recall@50 : 0.136    ndcg@10 : 0.0327    ndcg@20 : 0.0401    ndcg@50 : 0.0503    
01 Nov 19:59    INFO  Saving current best: saved/DirectAU-Nov-01-2023_19-56-19.pth
01 Nov 19:59    INFO  epoch 17 training [time: 2.33s, train loss: -0.9123]
01 Nov 19:59    INFO  epoch 17 evaluating [time: 9.39s, valid_score: 0.041100]
01 Nov 19:59    INFO  valid result: 
recall@10 : 0.0612    recall@20 : 0.0893    recall@50 : 0.1374    ndcg@10 : 0.0337    ndcg@20 : 0.0411    ndcg@50 : 0.051    
01 Nov 19:59    INFO  Saving current best: saved/DirectAU-Nov-01-2023_19-56-19.pth
01 Nov 19:59    INFO  epoch 18 training [time: 2.26s, train loss: -0.9222]
01 Nov 20:00    INFO  epoch 18 evaluating [time: 9.27s, valid_score: 0.041800]
01 Nov 20:00    INFO  valid result: 
recall@10 : 0.0621    recall@20 : 0.0896    recall@50 : 0.1402    ndcg@10 : 0.0346    ndcg@20 : 0.0418    ndcg@50 : 0.0523    
01 Nov 20:00    INFO  Saving current best: saved/DirectAU-Nov-01-2023_19-56-19.pth
01 Nov 20:00    INFO  epoch 19 training [time: 2.31s, train loss: -0.9310]
01 Nov 20:00    INFO  epoch 19 evaluating [time: 11.44s, valid_score: 0.042900]
01 Nov 20:00    INFO  valid result: 
recall@10 : 0.0633    recall@20 : 0.0925    recall@50 : 0.1424    ndcg@10 : 0.0352    ndcg@20 : 0.0429    ndcg@50 : 0.0532    
01 Nov 20:00    INFO  Saving current best: saved/DirectAU-Nov-01-2023_19-56-19.pth
01 Nov 20:00    INFO  epoch 20 training [time: 2.41s, train loss: -0.9403]
01 Nov 20:00    INFO  epoch 20 evaluating [time: 11.52s, valid_score: 0.042900]
01 Nov 20:00    INFO  valid result: 
recall@10 : 0.0641    recall@20 : 0.0922    recall@50 : 0.1439    ndcg@10 : 0.0355    ndcg@20 : 0.0429    ndcg@50 : 0.0536    
01 Nov 20:00    INFO  epoch 21 training [time: 2.47s, train loss: -0.9483]
01 Nov 20:00    INFO  epoch 21 evaluating [time: 9.13s, valid_score: 0.044100]
01 Nov 20:00    INFO  valid result: 
recall@10 : 0.0654    recall@20 : 0.0944    recall@50 : 0.1451    ndcg@10 : 0.0364    ndcg@20 : 0.0441    ndcg@50 : 0.0545    
01 Nov 20:00    INFO  Saving current best: saved/DirectAU-Nov-01-2023_19-56-19.pth
01 Nov 20:00    INFO  epoch 22 training [time: 2.33s, train loss: -0.9573]
01 Nov 20:00    INFO  epoch 22 evaluating [time: 9.40s, valid_score: 0.044500]
01 Nov 20:00    INFO  valid result: 
recall@10 : 0.0663    recall@20 : 0.0955    recall@50 : 0.1475    ndcg@10 : 0.0368    ndcg@20 : 0.0445    ndcg@50 : 0.0552    
01 Nov 20:00    INFO  Saving current best: saved/DirectAU-Nov-01-2023_19-56-19.pth
01 Nov 20:00    INFO  epoch 23 training [time: 2.23s, train loss: -0.9640]
01 Nov 20:01    INFO  epoch 23 evaluating [time: 9.21s, valid_score: 0.045100]
01 Nov 20:01    INFO  valid result: 
recall@10 : 0.0675    recall@20 : 0.0965    recall@50 : 0.1504    ndcg@10 : 0.0374    ndcg@20 : 0.0451    ndcg@50 : 0.0562    
01 Nov 20:01    INFO  Saving current best: saved/DirectAU-Nov-01-2023_19-56-19.pth
01 Nov 20:01    INFO  epoch 24 training [time: 2.23s, train loss: -0.9718]
01 Nov 20:01    INFO  epoch 24 evaluating [time: 9.37s, valid_score: 0.046500]
01 Nov 20:01    INFO  valid result: 
recall@10 : 0.0686    recall@20 : 0.0991    recall@50 : 0.1531    ndcg@10 : 0.0385    ndcg@20 : 0.0465    ndcg@50 : 0.0577    
01 Nov 20:01    INFO  Saving current best: saved/DirectAU-Nov-01-2023_19-56-19.pth
01 Nov 20:01    INFO  epoch 25 training [time: 2.19s, train loss: -0.9793]
01 Nov 20:01    INFO  epoch 25 evaluating [time: 9.38s, valid_score: 0.047200]
01 Nov 20:01    INFO  valid result: 
recall@10 : 0.0694    recall@20 : 0.1    recall@50 : 0.1537    ndcg@10 : 0.0392    ndcg@20 : 0.0472    ndcg@50 : 0.0583    
01 Nov 20:01    INFO  Saving current best: saved/DirectAU-Nov-01-2023_19-56-19.pth
01 Nov 20:01    INFO  epoch 26 training [time: 2.17s, train loss: -0.9864]
01 Nov 20:01    INFO  epoch 26 evaluating [time: 9.38s, valid_score: 0.047800]
01 Nov 20:01    INFO  valid result: 
recall@10 : 0.0701    recall@20 : 0.1017    recall@50 : 0.1549    ndcg@10 : 0.0395    ndcg@20 : 0.0478    ndcg@50 : 0.0587    
01 Nov 20:01    INFO  Saving current best: saved/DirectAU-Nov-01-2023_19-56-19.pth
01 Nov 20:01    INFO  epoch 27 training [time: 2.30s, train loss: -0.9925]
01 Nov 20:01    INFO  epoch 27 evaluating [time: 9.32s, valid_score: 0.048200]
01 Nov 20:01    INFO  valid result: 
recall@10 : 0.0716    recall@20 : 0.1028    recall@50 : 0.1574    ndcg@10 : 0.04    ndcg@20 : 0.0482    ndcg@50 : 0.0594    
01 Nov 20:01    INFO  Saving current best: saved/DirectAU-Nov-01-2023_19-56-19.pth
01 Nov 20:01    INFO  epoch 28 training [time: 2.28s, train loss: -0.9991]
01 Nov 20:02    INFO  epoch 28 evaluating [time: 9.45s, valid_score: 0.048800]
01 Nov 20:02    INFO  valid result: 
recall@10 : 0.0726    recall@20 : 0.1042    recall@50 : 0.1581    ndcg@10 : 0.0405    ndcg@20 : 0.0488    ndcg@50 : 0.0599    
01 Nov 20:02    INFO  Saving current best: saved/DirectAU-Nov-01-2023_19-56-19.pth
01 Nov 20:02    INFO  epoch 29 training [time: 1.88s, train loss: -1.0048]
01 Nov 20:02    INFO  epoch 29 evaluating [time: 9.25s, valid_score: 0.049100]
01 Nov 20:02    INFO  valid result: 
recall@10 : 0.0735    recall@20 : 0.1044    recall@50 : 0.1603    ndcg@10 : 0.041    ndcg@20 : 0.0491    ndcg@50 : 0.0606    
01 Nov 20:02    INFO  Saving current best: saved/DirectAU-Nov-01-2023_19-56-19.pth
01 Nov 20:02    INFO  epoch 30 training [time: 2.12s, train loss: -1.0104]
01 Nov 20:02    INFO  epoch 30 evaluating [time: 9.37s, valid_score: 0.049700]
01 Nov 20:02    INFO  valid result: 
recall@10 : 0.0743    recall@20 : 0.1059    recall@50 : 0.1612    ndcg@10 : 0.0413    ndcg@20 : 0.0497    ndcg@50 : 0.061    
01 Nov 20:02    INFO  Saving current best: saved/DirectAU-Nov-01-2023_19-56-19.pth
01 Nov 20:02    INFO  epoch 31 training [time: 2.33s, train loss: -1.0156]
01 Nov 20:02    INFO  epoch 31 evaluating [time: 9.39s, valid_score: 0.050600]
01 Nov 20:02    INFO  valid result: 
recall@10 : 0.0745    recall@20 : 0.1079    recall@50 : 0.1616    ndcg@10 : 0.0419    ndcg@20 : 0.0506    ndcg@50 : 0.0617    
01 Nov 20:02    INFO  Saving current best: saved/DirectAU-Nov-01-2023_19-56-19.pth
01 Nov 20:02    INFO  epoch 32 training [time: 2.02s, train loss: -1.0217]
01 Nov 20:02    INFO  epoch 32 evaluating [time: 9.93s, valid_score: 0.050700]
01 Nov 20:02    INFO  valid result: 
recall@10 : 0.0743    recall@20 : 0.1081    recall@50 : 0.1631    ndcg@10 : 0.0418    ndcg@20 : 0.0507    ndcg@50 : 0.062    
01 Nov 20:02    INFO  Saving current best: saved/DirectAU-Nov-01-2023_19-56-19.pth
01 Nov 20:02    INFO  epoch 33 training [time: 2.16s, train loss: -1.0266]
01 Nov 20:03    INFO  epoch 33 evaluating [time: 9.37s, valid_score: 0.052000]
01 Nov 20:03    INFO  valid result: 
recall@10 : 0.077    recall@20 : 0.1095    recall@50 : 0.1641    ndcg@10 : 0.0434    ndcg@20 : 0.052    ndcg@50 : 0.0632    
01 Nov 20:03    INFO  Saving current best: saved/DirectAU-Nov-01-2023_19-56-19.pth
01 Nov 20:03    INFO  epoch 34 training [time: 2.31s, train loss: -1.0310]
01 Nov 20:03    INFO  epoch 34 evaluating [time: 9.58s, valid_score: 0.051900]
01 Nov 20:03    INFO  valid result: 
recall@10 : 0.0776    recall@20 : 0.1107    recall@50 : 0.1672    ndcg@10 : 0.0432    ndcg@20 : 0.0519    ndcg@50 : 0.0635    
01 Nov 20:03    INFO  epoch 35 training [time: 2.31s, train loss: -1.0360]
01 Nov 20:03    INFO  epoch 35 evaluating [time: 9.27s, valid_score: 0.053100]
01 Nov 20:03    INFO  valid result: 
recall@10 : 0.0789    recall@20 : 0.1126    recall@50 : 0.1681    ndcg@10 : 0.0443    ndcg@20 : 0.0531    ndcg@50 : 0.0645    
01 Nov 20:03    INFO  Saving current best: saved/DirectAU-Nov-01-2023_19-56-19.pth
01 Nov 20:03    INFO  epoch 36 training [time: 2.34s, train loss: -1.0407]
01 Nov 20:03    INFO  epoch 36 evaluating [time: 9.41s, valid_score: 0.053300]
01 Nov 20:03    INFO  valid result: 
recall@10 : 0.0795    recall@20 : 0.1132    recall@50 : 0.168    ndcg@10 : 0.0445    ndcg@20 : 0.0533    ndcg@50 : 0.0646    
01 Nov 20:03    INFO  Saving current best: saved/DirectAU-Nov-01-2023_19-56-19.pth
01 Nov 20:03    INFO  epoch 37 training [time: 2.62s, train loss: -1.0447]
01 Nov 20:03    INFO  epoch 37 evaluating [time: 9.24s, valid_score: 0.053900]
01 Nov 20:03    INFO  valid result: 
recall@10 : 0.0801    recall@20 : 0.1144    recall@50 : 0.1703    ndcg@10 : 0.0449    ndcg@20 : 0.0539    ndcg@50 : 0.0653    
01 Nov 20:03    INFO  Saving current best: saved/DirectAU-Nov-01-2023_19-56-19.pth
01 Nov 20:03    INFO  epoch 38 training [time: 2.13s, train loss: -1.0487]
01 Nov 20:04    INFO  epoch 38 evaluating [time: 9.27s, valid_score: 0.054000]
01 Nov 20:04    INFO  valid result: 
recall@10 : 0.0789    recall@20 : 0.1153    recall@50 : 0.1711    ndcg@10 : 0.0444    ndcg@20 : 0.054    ndcg@50 : 0.0654    
01 Nov 20:04    INFO  Saving current best: saved/DirectAU-Nov-01-2023_19-56-19.pth
01 Nov 20:04    INFO  epoch 39 training [time: 2.02s, train loss: -1.0529]
01 Nov 20:04    INFO  epoch 39 evaluating [time: 9.49s, valid_score: 0.054100]
01 Nov 20:04    INFO  valid result: 
recall@10 : 0.0794    recall@20 : 0.1153    recall@50 : 0.1718    ndcg@10 : 0.0447    ndcg@20 : 0.0541    ndcg@50 : 0.0657    
01 Nov 20:04    INFO  Saving current best: saved/DirectAU-Nov-01-2023_19-56-19.pth
01 Nov 20:04    INFO  epoch 40 training [time: 2.23s, train loss: -1.0565]
01 Nov 20:04    INFO  epoch 40 evaluating [time: 9.34s, valid_score: 0.054800]
01 Nov 20:04    INFO  valid result: 
recall@10 : 0.0805    recall@20 : 0.1163    recall@50 : 0.1732    ndcg@10 : 0.0454    ndcg@20 : 0.0548    ndcg@50 : 0.0665    
01 Nov 20:04    INFO  Saving current best: saved/DirectAU-Nov-01-2023_19-56-19.pth
01 Nov 20:04    INFO  epoch 41 training [time: 2.28s, train loss: -1.0599]
01 Nov 20:04    INFO  epoch 41 evaluating [time: 9.44s, valid_score: 0.055300]
01 Nov 20:04    INFO  valid result: 
recall@10 : 0.0814    recall@20 : 0.1174    recall@50 : 0.1752    ndcg@10 : 0.0459    ndcg@20 : 0.0553    ndcg@50 : 0.0672    
01 Nov 20:04    INFO  Saving current best: saved/DirectAU-Nov-01-2023_19-56-19.pth
01 Nov 20:04    INFO  epoch 42 training [time: 2.29s, train loss: -1.0639]
01 Nov 20:04    INFO  epoch 42 evaluating [time: 9.24s, valid_score: 0.056000]
01 Nov 20:04    INFO  valid result: 
recall@10 : 0.0829    recall@20 : 0.1183    recall@50 : 0.1762    ndcg@10 : 0.0467    ndcg@20 : 0.056    ndcg@50 : 0.0678    
01 Nov 20:04    INFO  Saving current best: saved/DirectAU-Nov-01-2023_19-56-19.pth
01 Nov 20:04    INFO  epoch 43 training [time: 2.30s, train loss: -1.0668]
01 Nov 20:04    INFO  epoch 43 evaluating [time: 9.39s, valid_score: 0.055700]
01 Nov 20:04    INFO  valid result: 
recall@10 : 0.0834    recall@20 : 0.1178    recall@50 : 0.1767    ndcg@10 : 0.0466    ndcg@20 : 0.0557    ndcg@50 : 0.0677    
01 Nov 20:05    INFO  epoch 44 training [time: 2.18s, train loss: -1.0701]
01 Nov 20:05    INFO  epoch 44 evaluating [time: 9.28s, valid_score: 0.056200]
01 Nov 20:05    INFO  valid result: 
recall@10 : 0.0829    recall@20 : 0.1188    recall@50 : 0.1786    ndcg@10 : 0.0468    ndcg@20 : 0.0562    ndcg@50 : 0.0685    
01 Nov 20:05    INFO  Saving current best: saved/DirectAU-Nov-01-2023_19-56-19.pth
01 Nov 20:05    INFO  epoch 45 training [time: 2.28s, train loss: -1.0732]
01 Nov 20:05    INFO  epoch 45 evaluating [time: 9.24s, valid_score: 0.056600]
01 Nov 20:05    INFO  valid result: 
recall@10 : 0.0838    recall@20 : 0.1201    recall@50 : 0.1798    ndcg@10 : 0.0471    ndcg@20 : 0.0566    ndcg@50 : 0.0689    
01 Nov 20:05    INFO  Saving current best: saved/DirectAU-Nov-01-2023_19-56-19.pth
01 Nov 20:05    INFO  epoch 46 training [time: 2.27s, train loss: -1.0764]
01 Nov 20:05    INFO  epoch 46 evaluating [time: 9.22s, valid_score: 0.056900]
01 Nov 20:05    INFO  valid result: 
recall@10 : 0.0851    recall@20 : 0.1207    recall@50 : 0.18    ndcg@10 : 0.0476    ndcg@20 : 0.0569    ndcg@50 : 0.0691    
01 Nov 20:05    INFO  Saving current best: saved/DirectAU-Nov-01-2023_19-56-19.pth
01 Nov 20:05    INFO  epoch 47 training [time: 2.23s, train loss: -1.0790]
01 Nov 20:05    INFO  epoch 47 evaluating [time: 9.33s, valid_score: 0.057100]
01 Nov 20:05    INFO  valid result: 
recall@10 : 0.0848    recall@20 : 0.1208    recall@50 : 0.1815    ndcg@10 : 0.0477    ndcg@20 : 0.0571    ndcg@50 : 0.0695    
01 Nov 20:05    INFO  Saving current best: saved/DirectAU-Nov-01-2023_19-56-19.pth
01 Nov 20:05    INFO  epoch 48 training [time: 2.30s, train loss: -1.0816]
01 Nov 20:05    INFO  epoch 48 evaluating [time: 9.16s, valid_score: 0.057300]
01 Nov 20:05    INFO  valid result: 
recall@10 : 0.086    recall@20 : 0.1215    recall@50 : 0.1803    ndcg@10 : 0.048    ndcg@20 : 0.0573    ndcg@50 : 0.0694    
01 Nov 20:05    INFO  Saving current best: saved/DirectAU-Nov-01-2023_19-56-19.pth
01 Nov 20:05    INFO  epoch 49 training [time: 2.23s, train loss: -1.0844]
01 Nov 20:06    INFO  epoch 49 evaluating [time: 9.40s, valid_score: 0.057500]
01 Nov 20:06    INFO  valid result: 
recall@10 : 0.0856    recall@20 : 0.1226    recall@50 : 0.1822    ndcg@10 : 0.0478    ndcg@20 : 0.0575    ndcg@50 : 0.0697    
01 Nov 20:06    INFO  Saving current best: saved/DirectAU-Nov-01-2023_19-56-19.pth
01 Nov 20:06    INFO  epoch 50 training [time: 2.24s, train loss: -1.0865]
01 Nov 20:06    INFO  epoch 50 evaluating [time: 9.17s, valid_score: 0.058000]
01 Nov 20:06    INFO  valid result: 
recall@10 : 0.0857    recall@20 : 0.1228    recall@50 : 0.1825    ndcg@10 : 0.0483    ndcg@20 : 0.058    ndcg@50 : 0.0702    
01 Nov 20:06    INFO  Saving current best: saved/DirectAU-Nov-01-2023_19-56-19.pth
01 Nov 20:06    INFO  epoch 51 training [time: 2.22s, train loss: -1.0884]
01 Nov 20:06    INFO  epoch 51 evaluating [time: 9.25s, valid_score: 0.058300]
01 Nov 20:06    INFO  valid result: 
recall@10 : 0.0869    recall@20 : 0.1234    recall@50 : 0.1832    ndcg@10 : 0.0488    ndcg@20 : 0.0583    ndcg@50 : 0.0706    
01 Nov 20:06    INFO  Saving current best: saved/DirectAU-Nov-01-2023_19-56-19.pth
01 Nov 20:06    INFO  epoch 52 training [time: 2.31s, train loss: -1.0909]
01 Nov 20:06    INFO  epoch 52 evaluating [time: 9.16s, valid_score: 0.058500]
01 Nov 20:06    INFO  valid result: 
recall@10 : 0.0877    recall@20 : 0.1235    recall@50 : 0.1839    ndcg@10 : 0.0492    ndcg@20 : 0.0585    ndcg@50 : 0.0709    
01 Nov 20:06    INFO  Saving current best: saved/DirectAU-Nov-01-2023_19-56-19.pth
01 Nov 20:06    INFO  epoch 53 training [time: 2.27s, train loss: -1.0930]
01 Nov 20:06    INFO  epoch 53 evaluating [time: 9.35s, valid_score: 0.058500]
01 Nov 20:06    INFO  valid result: 
recall@10 : 0.0877    recall@20 : 0.1246    recall@50 : 0.1842    ndcg@10 : 0.0489    ndcg@20 : 0.0585    ndcg@50 : 0.0708    
01 Nov 20:06    INFO  epoch 54 training [time: 2.18s, train loss: -1.0953]
01 Nov 20:07    INFO  epoch 54 evaluating [time: 9.34s, valid_score: 0.059100]
01 Nov 20:07    INFO  valid result: 
recall@10 : 0.0888    recall@20 : 0.124    recall@50 : 0.1856    ndcg@10 : 0.0499    ndcg@20 : 0.0591    ndcg@50 : 0.0717    
01 Nov 20:07    INFO  Saving current best: saved/DirectAU-Nov-01-2023_19-56-19.pth
01 Nov 20:07    INFO  epoch 55 training [time: 2.30s, train loss: -1.0977]
01 Nov 20:07    INFO  epoch 55 evaluating [time: 9.34s, valid_score: 0.059200]
01 Nov 20:07    INFO  valid result: 
recall@10 : 0.0882    recall@20 : 0.1258    recall@50 : 0.1861    ndcg@10 : 0.0494    ndcg@20 : 0.0592    ndcg@50 : 0.0715    
01 Nov 20:07    INFO  Saving current best: saved/DirectAU-Nov-01-2023_19-56-19.pth
01 Nov 20:07    INFO  epoch 56 training [time: 2.19s, train loss: -1.0988]
01 Nov 20:07    INFO  epoch 56 evaluating [time: 9.22s, valid_score: 0.059500]
01 Nov 20:07    INFO  valid result: 
recall@10 : 0.0883    recall@20 : 0.1265    recall@50 : 0.1862    ndcg@10 : 0.0496    ndcg@20 : 0.0595    ndcg@50 : 0.0718    
01 Nov 20:07    INFO  Saving current best: saved/DirectAU-Nov-01-2023_19-56-19.pth
01 Nov 20:07    INFO  epoch 57 training [time: 2.51s, train loss: -1.1011]
01 Nov 20:07    INFO  epoch 57 evaluating [time: 9.17s, valid_score: 0.059800]
01 Nov 20:07    INFO  valid result: 
recall@10 : 0.088    recall@20 : 0.1265    recall@50 : 0.1872    ndcg@10 : 0.0498    ndcg@20 : 0.0598    ndcg@50 : 0.0722    
01 Nov 20:07    INFO  Saving current best: saved/DirectAU-Nov-01-2023_19-56-19.pth
01 Nov 20:07    INFO  epoch 58 training [time: 2.37s, train loss: -1.1026]
01 Nov 20:07    INFO  epoch 58 evaluating [time: 9.30s, valid_score: 0.059700]
01 Nov 20:07    INFO  valid result: 
recall@10 : 0.0881    recall@20 : 0.1262    recall@50 : 0.1866    ndcg@10 : 0.0497    ndcg@20 : 0.0597    ndcg@50 : 0.0721    
01 Nov 20:07    INFO  epoch 59 training [time: 2.21s, train loss: -1.1045]
01 Nov 20:08    INFO  epoch 59 evaluating [time: 9.20s, valid_score: 0.059200]
01 Nov 20:08    INFO  valid result: 
recall@10 : 0.0893    recall@20 : 0.1254    recall@50 : 0.188    ndcg@10 : 0.0498    ndcg@20 : 0.0592    ndcg@50 : 0.0721    
01 Nov 20:08    INFO  epoch 60 training [time: 2.35s, train loss: -1.1058]
01 Nov 20:08    INFO  epoch 60 evaluating [time: 9.23s, valid_score: 0.059900]
01 Nov 20:08    INFO  valid result: 
recall@10 : 0.0899    recall@20 : 0.1274    recall@50 : 0.1892    ndcg@10 : 0.0502    ndcg@20 : 0.0599    ndcg@50 : 0.0726    
01 Nov 20:08    INFO  Saving current best: saved/DirectAU-Nov-01-2023_19-56-19.pth
01 Nov 20:08    INFO  epoch 61 training [time: 2.51s, train loss: -1.1074]
01 Nov 20:08    INFO  epoch 61 evaluating [time: 9.28s, valid_score: 0.060200]
01 Nov 20:08    INFO  valid result: 
recall@10 : 0.0886    recall@20 : 0.1272    recall@50 : 0.1901    ndcg@10 : 0.0501    ndcg@20 : 0.0602    ndcg@50 : 0.0731    
01 Nov 20:08    INFO  Saving current best: saved/DirectAU-Nov-01-2023_19-56-19.pth
01 Nov 20:08    INFO  epoch 62 training [time: 2.30s, train loss: -1.1087]
01 Nov 20:08    INFO  epoch 62 evaluating [time: 9.37s, valid_score: 0.060600]
01 Nov 20:08    INFO  valid result: 
recall@10 : 0.0905    recall@20 : 0.1281    recall@50 : 0.1899    ndcg@10 : 0.0508    ndcg@20 : 0.0606    ndcg@50 : 0.0733    
01 Nov 20:08    INFO  Saving current best: saved/DirectAU-Nov-01-2023_19-56-19.pth
01 Nov 20:08    INFO  epoch 63 training [time: 2.23s, train loss: -1.1104]
01 Nov 20:08    INFO  epoch 63 evaluating [time: 9.25s, valid_score: 0.060700]
01 Nov 20:08    INFO  valid result: 
recall@10 : 0.0896    recall@20 : 0.1281    recall@50 : 0.1902    ndcg@10 : 0.0506    ndcg@20 : 0.0607    ndcg@50 : 0.0734    
01 Nov 20:08    INFO  Saving current best: saved/DirectAU-Nov-01-2023_19-56-19.pth
01 Nov 20:08    INFO  epoch 64 training [time: 2.35s, train loss: -1.1117]
01 Nov 20:09    INFO  epoch 64 evaluating [time: 9.35s, valid_score: 0.061000]
01 Nov 20:09    INFO  valid result: 
recall@10 : 0.0908    recall@20 : 0.1289    recall@50 : 0.1916    ndcg@10 : 0.0511    ndcg@20 : 0.061    ndcg@50 : 0.0739    
01 Nov 20:09    INFO  Saving current best: saved/DirectAU-Nov-01-2023_19-56-19.pth
01 Nov 20:09    INFO  epoch 65 training [time: 2.25s, train loss: -1.1129]
01 Nov 20:09    INFO  epoch 65 evaluating [time: 9.30s, valid_score: 0.061600]
01 Nov 20:09    INFO  valid result: 
recall@10 : 0.0922    recall@20 : 0.1305    recall@50 : 0.1915    ndcg@10 : 0.0517    ndcg@20 : 0.0616    ndcg@50 : 0.0742    
01 Nov 20:09    INFO  Saving current best: saved/DirectAU-Nov-01-2023_19-56-19.pth
01 Nov 20:09    INFO  epoch 66 training [time: 2.12s, train loss: -1.1140]
01 Nov 20:09    INFO  epoch 66 evaluating [time: 9.41s, valid_score: 0.061900]
01 Nov 20:09    INFO  valid result: 
recall@10 : 0.0911    recall@20 : 0.1305    recall@50 : 0.1913    ndcg@10 : 0.0516    ndcg@20 : 0.0619    ndcg@50 : 0.0743    
01 Nov 20:09    INFO  Saving current best: saved/DirectAU-Nov-01-2023_19-56-19.pth
01 Nov 20:09    INFO  epoch 67 training [time: 2.43s, train loss: -1.1155]
01 Nov 20:09    INFO  epoch 67 evaluating [time: 9.41s, valid_score: 0.061700]
01 Nov 20:09    INFO  valid result: 
recall@10 : 0.092    recall@20 : 0.13    recall@50 : 0.1935    ndcg@10 : 0.0518    ndcg@20 : 0.0617    ndcg@50 : 0.0747    
01 Nov 20:09    INFO  epoch 68 training [time: 2.65s, train loss: -1.1163]
01 Nov 20:09    INFO  epoch 68 evaluating [time: 11.62s, valid_score: 0.062000]
01 Nov 20:09    INFO  valid result: 
recall@10 : 0.0919    recall@20 : 0.1311    recall@50 : 0.1944    ndcg@10 : 0.0518    ndcg@20 : 0.062    ndcg@50 : 0.0749    
01 Nov 20:09    INFO  Saving current best: saved/DirectAU-Nov-01-2023_19-56-19.pth
01 Nov 20:09    INFO  epoch 69 training [time: 2.64s, train loss: -1.1174]
01 Nov 20:10    INFO  epoch 69 evaluating [time: 11.44s, valid_score: 0.062200]
01 Nov 20:10    INFO  valid result: 
recall@10 : 0.0916    recall@20 : 0.1307    recall@50 : 0.1936    ndcg@10 : 0.052    ndcg@20 : 0.0622    ndcg@50 : 0.0751    
01 Nov 20:10    INFO  Saving current best: saved/DirectAU-Nov-01-2023_19-56-19.pth
01 Nov 20:10    INFO  epoch 70 training [time: 2.54s, train loss: -1.1190]
01 Nov 20:10    INFO  epoch 70 evaluating [time: 11.57s, valid_score: 0.062100]
01 Nov 20:10    INFO  valid result: 
recall@10 : 0.091    recall@20 : 0.1316    recall@50 : 0.1933    ndcg@10 : 0.0515    ndcg@20 : 0.0621    ndcg@50 : 0.0747    
01 Nov 20:10    INFO  epoch 71 training [time: 2.30s, train loss: -1.1194]
01 Nov 20:10    INFO  epoch 71 evaluating [time: 9.25s, valid_score: 0.062100]
01 Nov 20:10    INFO  valid result: 
recall@10 : 0.0924    recall@20 : 0.1311    recall@50 : 0.1953    ndcg@10 : 0.052    ndcg@20 : 0.0621    ndcg@50 : 0.0752    
01 Nov 20:10    INFO  epoch 72 training [time: 2.33s, train loss: -1.1204]
01 Nov 20:10    INFO  epoch 72 evaluating [time: 9.35s, valid_score: 0.062100]
01 Nov 20:10    INFO  valid result: 
recall@10 : 0.0928    recall@20 : 0.1305    recall@50 : 0.196    ndcg@10 : 0.0523    ndcg@20 : 0.0621    ndcg@50 : 0.0756    
01 Nov 20:10    INFO  epoch 73 training [time: 2.25s, train loss: -1.1214]
01 Nov 20:10    INFO  epoch 73 evaluating [time: 9.29s, valid_score: 0.062300]
01 Nov 20:10    INFO  valid result: 
recall@10 : 0.0922    recall@20 : 0.1322    recall@50 : 0.1957    ndcg@10 : 0.0519    ndcg@20 : 0.0623    ndcg@50 : 0.0753    
01 Nov 20:10    INFO  Saving current best: saved/DirectAU-Nov-01-2023_19-56-19.pth
01 Nov 20:10    INFO  epoch 74 training [time: 2.30s, train loss: -1.1218]
01 Nov 20:11    INFO  epoch 74 evaluating [time: 9.46s, valid_score: 0.062300]
01 Nov 20:11    INFO  valid result: 
recall@10 : 0.0925    recall@20 : 0.1314    recall@50 : 0.1956    ndcg@10 : 0.0522    ndcg@20 : 0.0623    ndcg@50 : 0.0755    
01 Nov 20:11    INFO  epoch 75 training [time: 2.33s, train loss: -1.1227]
01 Nov 20:11    INFO  epoch 75 evaluating [time: 9.28s, valid_score: 0.062400]
01 Nov 20:11    INFO  valid result: 
recall@10 : 0.0926    recall@20 : 0.1312    recall@50 : 0.196    ndcg@10 : 0.0524    ndcg@20 : 0.0624    ndcg@50 : 0.0757    
01 Nov 20:11    INFO  Saving current best: saved/DirectAU-Nov-01-2023_19-56-19.pth
01 Nov 20:11    INFO  epoch 76 training [time: 2.20s, train loss: -1.1239]
01 Nov 20:11    INFO  epoch 76 evaluating [time: 9.23s, valid_score: 0.062600]
01 Nov 20:11    INFO  valid result: 
recall@10 : 0.0929    recall@20 : 0.1319    recall@50 : 0.1953    ndcg@10 : 0.0525    ndcg@20 : 0.0626    ndcg@50 : 0.0756    
01 Nov 20:11    INFO  Saving current best: saved/DirectAU-Nov-01-2023_19-56-19.pth
01 Nov 20:11    INFO  epoch 77 training [time: 2.28s, train loss: -1.1243]
01 Nov 20:11    INFO  epoch 77 evaluating [time: 9.42s, valid_score: 0.062300]
01 Nov 20:11    INFO  valid result: 
recall@10 : 0.094    recall@20 : 0.1316    recall@50 : 0.1963    ndcg@10 : 0.0525    ndcg@20 : 0.0623    ndcg@50 : 0.0756    
01 Nov 20:11    INFO  epoch 78 training [time: 2.55s, train loss: -1.1251]
01 Nov 20:11    INFO  epoch 78 evaluating [time: 9.15s, valid_score: 0.063000]
01 Nov 20:11    INFO  valid result: 
recall@10 : 0.0945    recall@20 : 0.1325    recall@50 : 0.1967    ndcg@10 : 0.0532    ndcg@20 : 0.063    ndcg@50 : 0.0762    
01 Nov 20:11    INFO  Saving current best: saved/DirectAU-Nov-01-2023_19-56-19.pth
01 Nov 20:11    INFO  epoch 79 training [time: 2.36s, train loss: -1.1256]
01 Nov 20:12    INFO  epoch 79 evaluating [time: 9.35s, valid_score: 0.063300]
01 Nov 20:12    INFO  valid result: 
recall@10 : 0.0942    recall@20 : 0.1333    recall@50 : 0.1964    ndcg@10 : 0.0531    ndcg@20 : 0.0633    ndcg@50 : 0.0762    
01 Nov 20:12    INFO  Saving current best: saved/DirectAU-Nov-01-2023_19-56-19.pth
01 Nov 20:12    INFO  epoch 80 training [time: 2.08s, train loss: -1.1268]
01 Nov 20:12    INFO  epoch 80 evaluating [time: 9.33s, valid_score: 0.062900]
01 Nov 20:12    INFO  valid result: 
recall@10 : 0.0944    recall@20 : 0.1322    recall@50 : 0.1971    ndcg@10 : 0.053    ndcg@20 : 0.0629    ndcg@50 : 0.0762    
01 Nov 20:12    INFO  epoch 81 training [time: 2.36s, train loss: -1.1270]
01 Nov 20:12    INFO  epoch 81 evaluating [time: 9.30s, valid_score: 0.063100]
01 Nov 20:12    INFO  valid result: 
recall@10 : 0.0943    recall@20 : 0.1334    recall@50 : 0.197    ndcg@10 : 0.0529    ndcg@20 : 0.0631    ndcg@50 : 0.0762    
01 Nov 20:12    INFO  epoch 82 training [time: 2.17s, train loss: -1.1278]
01 Nov 20:12    INFO  epoch 82 evaluating [time: 9.24s, valid_score: 0.063500]
01 Nov 20:12    INFO  valid result: 
recall@10 : 0.0944    recall@20 : 0.1343    recall@50 : 0.1969    ndcg@10 : 0.0531    ndcg@20 : 0.0635    ndcg@50 : 0.0763    
01 Nov 20:12    INFO  Saving current best: saved/DirectAU-Nov-01-2023_19-56-19.pth
01 Nov 20:12    INFO  epoch 83 training [time: 2.03s, train loss: -1.1279]
01 Nov 20:12    INFO  epoch 83 evaluating [time: 9.31s, valid_score: 0.063400]
01 Nov 20:12    INFO  valid result: 
recall@10 : 0.094    recall@20 : 0.1333    recall@50 : 0.1967    ndcg@10 : 0.0532    ndcg@20 : 0.0634    ndcg@50 : 0.0764    
01 Nov 20:12    INFO  epoch 84 training [time: 2.11s, train loss: -1.1288]
01 Nov 20:13    INFO  epoch 84 evaluating [time: 9.28s, valid_score: 0.063600]
01 Nov 20:13    INFO  valid result: 
recall@10 : 0.0947    recall@20 : 0.1341    recall@50 : 0.198    ndcg@10 : 0.0533    ndcg@20 : 0.0636    ndcg@50 : 0.0767    
01 Nov 20:13    INFO  Saving current best: saved/DirectAU-Nov-01-2023_19-56-19.pth
01 Nov 20:13    INFO  epoch 85 training [time: 2.31s, train loss: -1.1294]
01 Nov 20:13    INFO  epoch 85 evaluating [time: 9.40s, valid_score: 0.063600]
01 Nov 20:13    INFO  valid result: 
recall@10 : 0.0943    recall@20 : 0.1343    recall@50 : 0.1981    ndcg@10 : 0.0531    ndcg@20 : 0.0636    ndcg@50 : 0.0767    
01 Nov 20:13    INFO  epoch 86 training [time: 2.03s, train loss: -1.1299]
01 Nov 20:13    INFO  epoch 86 evaluating [time: 9.13s, valid_score: 0.062900]
01 Nov 20:13    INFO  valid result: 
recall@10 : 0.0946    recall@20 : 0.1337    recall@50 : 0.1978    ndcg@10 : 0.0527    ndcg@20 : 0.0629    ndcg@50 : 0.0761    
01 Nov 20:13    INFO  epoch 87 training [time: 2.23s, train loss: -1.1304]
01 Nov 20:13    INFO  epoch 87 evaluating [time: 9.29s, valid_score: 0.063400]
01 Nov 20:13    INFO  valid result: 
recall@10 : 0.0948    recall@20 : 0.134    recall@50 : 0.1976    ndcg@10 : 0.0531    ndcg@20 : 0.0634    ndcg@50 : 0.0765    
01 Nov 20:13    INFO  epoch 88 training [time: 2.26s, train loss: -1.1306]
01 Nov 20:13    INFO  epoch 88 evaluating [time: 9.33s, valid_score: 0.063500]
01 Nov 20:13    INFO  valid result: 
recall@10 : 0.095    recall@20 : 0.1348    recall@50 : 0.1985    ndcg@10 : 0.0531    ndcg@20 : 0.0635    ndcg@50 : 0.0765    
01 Nov 20:13    INFO  epoch 89 training [time: 2.20s, train loss: -1.1308]
01 Nov 20:13    INFO  epoch 89 evaluating [time: 9.23s, valid_score: 0.063100]
01 Nov 20:13    INFO  valid result: 
recall@10 : 0.0961    recall@20 : 0.1334    recall@50 : 0.1985    ndcg@10 : 0.0534    ndcg@20 : 0.0631    ndcg@50 : 0.0765    
01 Nov 20:14    INFO  epoch 90 training [time: 2.31s, train loss: -1.1310]
01 Nov 20:14    INFO  epoch 90 evaluating [time: 9.34s, valid_score: 0.063500]
01 Nov 20:14    INFO  valid result: 
recall@10 : 0.0953    recall@20 : 0.1342    recall@50 : 0.1986    ndcg@10 : 0.0534    ndcg@20 : 0.0635    ndcg@50 : 0.0767    
01 Nov 20:14    INFO  epoch 91 training [time: 2.30s, train loss: -1.1313]
01 Nov 20:14    INFO  epoch 91 evaluating [time: 9.25s, valid_score: 0.063700]
01 Nov 20:14    INFO  valid result: 
recall@10 : 0.0955    recall@20 : 0.1353    recall@50 : 0.199    ndcg@10 : 0.0534    ndcg@20 : 0.0637    ndcg@50 : 0.0768    
01 Nov 20:14    INFO  Saving current best: saved/DirectAU-Nov-01-2023_19-56-19.pth
01 Nov 20:14    INFO  epoch 92 training [time: 2.33s, train loss: -1.1319]
01 Nov 20:14    INFO  epoch 92 evaluating [time: 9.49s, valid_score: 0.063700]
01 Nov 20:14    INFO  valid result: 
recall@10 : 0.0956    recall@20 : 0.1347    recall@50 : 0.199    ndcg@10 : 0.0535    ndcg@20 : 0.0637    ndcg@50 : 0.0769    
01 Nov 20:14    INFO  epoch 93 training [time: 2.52s, train loss: -1.1324]
01 Nov 20:14    INFO  epoch 93 evaluating [time: 9.25s, valid_score: 0.064000]
01 Nov 20:14    INFO  valid result: 
recall@10 : 0.0956    recall@20 : 0.1352    recall@50 : 0.2002    ndcg@10 : 0.0537    ndcg@20 : 0.064    ndcg@50 : 0.0773    
01 Nov 20:14    INFO  Saving current best: saved/DirectAU-Nov-01-2023_19-56-19.pth
01 Nov 20:14    INFO  epoch 94 training [time: 2.29s, train loss: -1.1326]
01 Nov 20:14    INFO  epoch 94 evaluating [time: 9.27s, valid_score: 0.064000]
01 Nov 20:14    INFO  valid result: 
recall@10 : 0.096    recall@20 : 0.1347    recall@50 : 0.1998    ndcg@10 : 0.0539    ndcg@20 : 0.064    ndcg@50 : 0.0773    
01 Nov 20:15    INFO  epoch 95 training [time: 2.30s, train loss: -1.1329]
01 Nov 20:15    INFO  epoch 95 evaluating [time: 9.19s, valid_score: 0.063900]
01 Nov 20:15    INFO  valid result: 
recall@10 : 0.0956    recall@20 : 0.1345    recall@50 : 0.2    ndcg@10 : 0.0537    ndcg@20 : 0.0639    ndcg@50 : 0.0773    
01 Nov 20:15    INFO  epoch 96 training [time: 2.27s, train loss: -1.1333]
01 Nov 20:15    INFO  epoch 96 evaluating [time: 9.31s, valid_score: 0.064200]
01 Nov 20:15    INFO  valid result: 
recall@10 : 0.0959    recall@20 : 0.1352    recall@50 : 0.2002    ndcg@10 : 0.0539    ndcg@20 : 0.0642    ndcg@50 : 0.0775    
01 Nov 20:15    INFO  Saving current best: saved/DirectAU-Nov-01-2023_19-56-19.pth
01 Nov 20:15    INFO  epoch 97 training [time: 2.33s, train loss: -1.1336]
01 Nov 20:15    INFO  epoch 97 evaluating [time: 9.27s, valid_score: 0.063800]
01 Nov 20:15    INFO  valid result: 
recall@10 : 0.0956    recall@20 : 0.1351    recall@50 : 0.2008    ndcg@10 : 0.0535    ndcg@20 : 0.0638    ndcg@50 : 0.0773    
01 Nov 20:15    INFO  epoch 98 training [time: 2.29s, train loss: -1.1341]
01 Nov 20:15    INFO  epoch 98 evaluating [time: 11.44s, valid_score: 0.064300]
01 Nov 20:15    INFO  valid result: 
recall@10 : 0.0955    recall@20 : 0.1362    recall@50 : 0.2006    ndcg@10 : 0.0537    ndcg@20 : 0.0643    ndcg@50 : 0.0775    
01 Nov 20:15    INFO  Saving current best: saved/DirectAU-Nov-01-2023_19-56-19.pth
01 Nov 20:15    INFO  epoch 99 training [time: 2.36s, train loss: -1.1334]
01 Nov 20:15    INFO  epoch 99 evaluating [time: 9.32s, valid_score: 0.064100]
01 Nov 20:15    INFO  valid result: 
recall@10 : 0.0957    recall@20 : 0.1356    recall@50 : 0.2    ndcg@10 : 0.0537    ndcg@20 : 0.0641    ndcg@50 : 0.0773    
01 Nov 20:16    INFO  epoch 100 training [time: 2.48s, train loss: -1.1341]
01 Nov 20:16    INFO  epoch 100 evaluating [time: 9.35s, valid_score: 0.064500]
01 Nov 20:16    INFO  valid result: 
recall@10 : 0.096    recall@20 : 0.1359    recall@50 : 0.2002    ndcg@10 : 0.0541    ndcg@20 : 0.0645    ndcg@50 : 0.0776    
01 Nov 20:16    INFO  Saving current best: saved/DirectAU-Nov-01-2023_19-56-19.pth
01 Nov 20:16    INFO  epoch 101 training [time: 2.22s, train loss: -1.1343]
01 Nov 20:16    INFO  epoch 101 evaluating [time: 9.26s, valid_score: 0.064500]
01 Nov 20:16    INFO  valid result: 
recall@10 : 0.0963    recall@20 : 0.1355    recall@50 : 0.2    ndcg@10 : 0.0543    ndcg@20 : 0.0645    ndcg@50 : 0.0777    
01 Nov 20:16    INFO  epoch 102 training [time: 2.29s, train loss: -1.1347]
01 Nov 20:16    INFO  epoch 102 evaluating [time: 9.47s, valid_score: 0.064100]
01 Nov 20:16    INFO  valid result: 
recall@10 : 0.096    recall@20 : 0.1342    recall@50 : 0.2005    ndcg@10 : 0.0542    ndcg@20 : 0.0641    ndcg@50 : 0.0777    
01 Nov 20:16    INFO  epoch 103 training [time: 2.24s, train loss: -1.1357]
01 Nov 20:16    INFO  epoch 103 evaluating [time: 9.29s, valid_score: 0.064600]
01 Nov 20:16    INFO  valid result: 
recall@10 : 0.0956    recall@20 : 0.1351    recall@50 : 0.201    ndcg@10 : 0.0543    ndcg@20 : 0.0646    ndcg@50 : 0.0781    
01 Nov 20:16    INFO  Saving current best: saved/DirectAU-Nov-01-2023_19-56-19.pth
01 Nov 20:16    INFO  epoch 104 training [time: 2.26s, train loss: -1.1350]
01 Nov 20:16    INFO  epoch 104 evaluating [time: 9.48s, valid_score: 0.064800]
01 Nov 20:16    INFO  valid result: 
recall@10 : 0.096    recall@20 : 0.1355    recall@50 : 0.2008    ndcg@10 : 0.0545    ndcg@20 : 0.0648    ndcg@50 : 0.0782    
01 Nov 20:16    INFO  Saving current best: saved/DirectAU-Nov-01-2023_19-56-19.pth
01 Nov 20:16    INFO  epoch 105 training [time: 2.32s, train loss: -1.1356]
01 Nov 20:17    INFO  epoch 105 evaluating [time: 9.23s, valid_score: 0.064500]
01 Nov 20:17    INFO  valid result: 
recall@10 : 0.0963    recall@20 : 0.135    recall@50 : 0.2002    ndcg@10 : 0.0544    ndcg@20 : 0.0645    ndcg@50 : 0.0779    
01 Nov 20:17    INFO  epoch 106 training [time: 2.20s, train loss: -1.1362]
01 Nov 20:17    INFO  epoch 106 evaluating [time: 9.07s, valid_score: 0.064800]
01 Nov 20:17    INFO  valid result: 
recall@10 : 0.0961    recall@20 : 0.1362    recall@50 : 0.2013    ndcg@10 : 0.0544    ndcg@20 : 0.0648    ndcg@50 : 0.0781    
01 Nov 20:17    INFO  epoch 107 training [time: 2.43s, train loss: -1.1355]
01 Nov 20:17    INFO  epoch 107 evaluating [time: 9.26s, valid_score: 0.064700]
01 Nov 20:17    INFO  valid result: 
recall@10 : 0.0966    recall@20 : 0.1369    recall@50 : 0.2011    ndcg@10 : 0.0543    ndcg@20 : 0.0647    ndcg@50 : 0.0779    
01 Nov 20:17    INFO  epoch 108 training [time: 2.31s, train loss: -1.1362]
01 Nov 20:17    INFO  epoch 108 evaluating [time: 9.11s, valid_score: 0.064500]
01 Nov 20:17    INFO  valid result: 
recall@10 : 0.0964    recall@20 : 0.136    recall@50 : 0.201    ndcg@10 : 0.0542    ndcg@20 : 0.0645    ndcg@50 : 0.0778    
01 Nov 20:17    INFO  epoch 109 training [time: 2.35s, train loss: -1.1362]
01 Nov 20:17    INFO  epoch 109 evaluating [time: 9.38s, valid_score: 0.064200]
01 Nov 20:17    INFO  valid result: 
recall@10 : 0.0969    recall@20 : 0.1361    recall@50 : 0.2013    ndcg@10 : 0.054    ndcg@20 : 0.0642    ndcg@50 : 0.0776    
01 Nov 20:17    INFO  epoch 110 training [time: 2.15s, train loss: -1.1365]
01 Nov 20:18    INFO  epoch 110 evaluating [time: 9.26s, valid_score: 0.064400]
01 Nov 20:18    INFO  valid result: 
recall@10 : 0.0968    recall@20 : 0.137    recall@50 : 0.2002    ndcg@10 : 0.054    ndcg@20 : 0.0644    ndcg@50 : 0.0775    
01 Nov 20:18    INFO  epoch 111 training [time: 2.30s, train loss: -1.1370]
01 Nov 20:18    INFO  epoch 111 evaluating [time: 9.34s, valid_score: 0.064700]
01 Nov 20:18    INFO  valid result: 
recall@10 : 0.0973    recall@20 : 0.1367    recall@50 : 0.2012    ndcg@10 : 0.0544    ndcg@20 : 0.0647    ndcg@50 : 0.0779    
01 Nov 20:18    INFO  epoch 112 training [time: 2.31s, train loss: -1.1368]
01 Nov 20:18    INFO  epoch 112 evaluating [time: 9.24s, valid_score: 0.064800]
01 Nov 20:18    INFO  valid result: 
recall@10 : 0.0973    recall@20 : 0.1369    recall@50 : 0.2005    ndcg@10 : 0.0545    ndcg@20 : 0.0648    ndcg@50 : 0.0779    
01 Nov 20:18    INFO  epoch 113 training [time: 2.21s, train loss: -1.1372]
01 Nov 20:18    INFO  epoch 113 evaluating [time: 9.39s, valid_score: 0.065200]
01 Nov 20:18    INFO  valid result: 
recall@10 : 0.0975    recall@20 : 0.1376    recall@50 : 0.2023    ndcg@10 : 0.0548    ndcg@20 : 0.0652    ndcg@50 : 0.0785    
01 Nov 20:18    INFO  Saving current best: saved/DirectAU-Nov-01-2023_19-56-19.pth
01 Nov 20:18    INFO  epoch 114 training [time: 1.97s, train loss: -1.1377]
01 Nov 20:18    INFO  epoch 114 evaluating [time: 9.25s, valid_score: 0.065100]
01 Nov 20:18    INFO  valid result: 
recall@10 : 0.0975    recall@20 : 0.1376    recall@50 : 0.2021    ndcg@10 : 0.0547    ndcg@20 : 0.0651    ndcg@50 : 0.0783    
01 Nov 20:18    INFO  epoch 115 training [time: 2.31s, train loss: -1.1375]
01 Nov 20:19    INFO  epoch 115 evaluating [time: 9.36s, valid_score: 0.064900]
01 Nov 20:19    INFO  valid result: 
recall@10 : 0.0967    recall@20 : 0.1369    recall@50 : 0.2019    ndcg@10 : 0.0544    ndcg@20 : 0.0649    ndcg@50 : 0.0783    
01 Nov 20:19    INFO  epoch 116 training [time: 2.21s, train loss: -1.1377]
01 Nov 20:19    INFO  epoch 116 evaluating [time: 9.25s, valid_score: 0.064900]
01 Nov 20:19    INFO  valid result: 
recall@10 : 0.0965    recall@20 : 0.1377    recall@50 : 0.2022    ndcg@10 : 0.0542    ndcg@20 : 0.0649    ndcg@50 : 0.0782    
01 Nov 20:19    INFO  epoch 117 training [time: 2.32s, train loss: -1.1373]
01 Nov 20:19    INFO  epoch 117 evaluating [time: 9.44s, valid_score: 0.065000]
01 Nov 20:19    INFO  valid result: 
recall@10 : 0.0971    recall@20 : 0.1376    recall@50 : 0.2029    ndcg@10 : 0.0544    ndcg@20 : 0.065    ndcg@50 : 0.0784    
01 Nov 20:19    INFO  epoch 118 training [time: 2.31s, train loss: -1.1374]
01 Nov 20:19    INFO  epoch 118 evaluating [time: 9.34s, valid_score: 0.064800]
01 Nov 20:19    INFO  valid result: 
recall@10 : 0.0959    recall@20 : 0.1367    recall@50 : 0.2021    ndcg@10 : 0.0542    ndcg@20 : 0.0648    ndcg@50 : 0.0782    
01 Nov 20:19    INFO  epoch 119 training [time: 2.29s, train loss: -1.1380]
01 Nov 20:19    INFO  epoch 119 evaluating [time: 9.47s, valid_score: 0.064800]
01 Nov 20:19    INFO  valid result: 
recall@10 : 0.097    recall@20 : 0.1369    recall@50 : 0.2027    ndcg@10 : 0.0544    ndcg@20 : 0.0648    ndcg@50 : 0.0784    
01 Nov 20:19    INFO  epoch 120 training [time: 2.28s, train loss: -1.1378]
01 Nov 20:20    INFO  epoch 120 evaluating [time: 9.26s, valid_score: 0.065000]
01 Nov 20:20    INFO  valid result: 
recall@10 : 0.0974    recall@20 : 0.137    recall@50 : 0.2023    ndcg@10 : 0.0547    ndcg@20 : 0.065    ndcg@50 : 0.0784    
01 Nov 20:20    INFO  epoch 121 training [time: 2.32s, train loss: -1.1382]
01 Nov 20:20    INFO  epoch 121 evaluating [time: 9.38s, valid_score: 0.064800]
01 Nov 20:20    INFO  valid result: 
recall@10 : 0.0971    recall@20 : 0.1374    recall@50 : 0.2028    ndcg@10 : 0.0543    ndcg@20 : 0.0648    ndcg@50 : 0.0783    
01 Nov 20:20    INFO  epoch 122 training [time: 2.33s, train loss: -1.1386]
01 Nov 20:20    INFO  epoch 122 evaluating [time: 11.39s, valid_score: 0.065000]
01 Nov 20:20    INFO  valid result: 
recall@10 : 0.0973    recall@20 : 0.1374    recall@50 : 0.2035    ndcg@10 : 0.0546    ndcg@20 : 0.065    ndcg@50 : 0.0786    
01 Nov 20:20    INFO  epoch 123 training [time: 2.38s, train loss: -1.1382]
01 Nov 20:20    INFO  epoch 123 evaluating [time: 9.23s, valid_score: 0.065100]
01 Nov 20:20    INFO  valid result: 
recall@10 : 0.097    recall@20 : 0.1373    recall@50 : 0.203    ndcg@10 : 0.0546    ndcg@20 : 0.0651    ndcg@50 : 0.0785    
01 Nov 20:20    INFO  epoch 124 training [time: 2.22s, train loss: -1.1387]
01 Nov 20:20    INFO  epoch 124 evaluating [time: 9.34s, valid_score: 0.065400]
01 Nov 20:20    INFO  valid result: 
recall@10 : 0.0969    recall@20 : 0.138    recall@50 : 0.2024    ndcg@10 : 0.0547    ndcg@20 : 0.0654    ndcg@50 : 0.0786    
01 Nov 20:20    INFO  Saving current best: saved/DirectAU-Nov-01-2023_19-56-19.pth
01 Nov 20:20    INFO  epoch 125 training [time: 2.32s, train loss: -1.1385]
01 Nov 20:21    INFO  epoch 125 evaluating [time: 9.22s, valid_score: 0.064900]
01 Nov 20:21    INFO  valid result: 
recall@10 : 0.0973    recall@20 : 0.1371    recall@50 : 0.2027    ndcg@10 : 0.0545    ndcg@20 : 0.0649    ndcg@50 : 0.0784    
01 Nov 20:21    INFO  epoch 126 training [time: 2.32s, train loss: -1.1386]
01 Nov 20:21    INFO  epoch 126 evaluating [time: 9.33s, valid_score: 0.065000]
01 Nov 20:21    INFO  valid result: 
recall@10 : 0.0968    recall@20 : 0.1381    recall@50 : 0.2033    ndcg@10 : 0.0543    ndcg@20 : 0.065    ndcg@50 : 0.0784    
01 Nov 20:21    INFO  epoch 127 training [time: 2.31s, train loss: -1.1388]
01 Nov 20:21    INFO  epoch 127 evaluating [time: 9.22s, valid_score: 0.065000]
01 Nov 20:21    INFO  valid result: 
recall@10 : 0.0979    recall@20 : 0.1379    recall@50 : 0.2033    ndcg@10 : 0.0546    ndcg@20 : 0.065    ndcg@50 : 0.0784    
01 Nov 20:21    INFO  epoch 128 training [time: 2.25s, train loss: -1.1390]
01 Nov 20:21    INFO  epoch 128 evaluating [time: 9.16s, valid_score: 0.065400]
01 Nov 20:21    INFO  valid result: 
recall@10 : 0.0977    recall@20 : 0.1378    recall@50 : 0.2041    ndcg@10 : 0.055    ndcg@20 : 0.0654    ndcg@50 : 0.079    
01 Nov 20:21    INFO  epoch 129 training [time: 2.19s, train loss: -1.1391]
01 Nov 20:21    INFO  epoch 129 evaluating [time: 9.07s, valid_score: 0.065600]
01 Nov 20:21    INFO  valid result: 
recall@10 : 0.0982    recall@20 : 0.1384    recall@50 : 0.2046    ndcg@10 : 0.0551    ndcg@20 : 0.0656    ndcg@50 : 0.0792    
01 Nov 20:21    INFO  Saving current best: saved/DirectAU-Nov-01-2023_19-56-19.pth
01 Nov 20:21    INFO  epoch 130 training [time: 2.23s, train loss: -1.1393]
01 Nov 20:21    INFO  epoch 130 evaluating [time: 9.34s, valid_score: 0.065600]
01 Nov 20:21    INFO  valid result: 
recall@10 : 0.0975    recall@20 : 0.1382    recall@50 : 0.2036    ndcg@10 : 0.0551    ndcg@20 : 0.0656    ndcg@50 : 0.0791    
01 Nov 20:22    INFO  epoch 131 training [time: 2.31s, train loss: -1.1393]
01 Nov 20:22    INFO  epoch 131 evaluating [time: 9.22s, valid_score: 0.065700]
01 Nov 20:22    INFO  valid result: 
recall@10 : 0.0988    recall@20 : 0.1379    recall@50 : 0.2037    ndcg@10 : 0.0555    ndcg@20 : 0.0657    ndcg@50 : 0.0792    
01 Nov 20:22    INFO  Saving current best: saved/DirectAU-Nov-01-2023_19-56-19.pth
01 Nov 20:22    INFO  epoch 132 training [time: 2.32s, train loss: -1.1397]
01 Nov 20:22    INFO  epoch 132 evaluating [time: 9.25s, valid_score: 0.065400]
01 Nov 20:22    INFO  valid result: 
recall@10 : 0.0978    recall@20 : 0.1382    recall@50 : 0.2045    ndcg@10 : 0.0549    ndcg@20 : 0.0654    ndcg@50 : 0.079    
01 Nov 20:22    INFO  epoch 133 training [time: 2.31s, train loss: -1.1392]
01 Nov 20:22    INFO  epoch 133 evaluating [time: 9.17s, valid_score: 0.065700]
01 Nov 20:22    INFO  valid result: 
recall@10 : 0.0983    recall@20 : 0.1383    recall@50 : 0.2045    ndcg@10 : 0.0553    ndcg@20 : 0.0657    ndcg@50 : 0.0793    
01 Nov 20:22    INFO  epoch 134 training [time: 2.28s, train loss: -1.1398]
01 Nov 20:22    INFO  epoch 134 evaluating [time: 9.16s, valid_score: 0.065600]
01 Nov 20:22    INFO  valid result: 
recall@10 : 0.0976    recall@20 : 0.1384    recall@50 : 0.2047    ndcg@10 : 0.0549    ndcg@20 : 0.0656    ndcg@50 : 0.0792    
01 Nov 20:22    INFO  epoch 135 training [time: 2.15s, train loss: -1.1398]
01 Nov 20:22    INFO  epoch 135 evaluating [time: 9.32s, valid_score: 0.065700]
01 Nov 20:22    INFO  valid result: 
recall@10 : 0.0974    recall@20 : 0.1383    recall@50 : 0.2033    ndcg@10 : 0.055    ndcg@20 : 0.0657    ndcg@50 : 0.079    
01 Nov 20:22    INFO  epoch 136 training [time: 2.24s, train loss: -1.1402]
01 Nov 20:23    INFO  epoch 136 evaluating [time: 9.34s, valid_score: 0.065700]
01 Nov 20:23    INFO  valid result: 
recall@10 : 0.0979    recall@20 : 0.1384    recall@50 : 0.2037    ndcg@10 : 0.0552    ndcg@20 : 0.0657    ndcg@50 : 0.0791    
01 Nov 20:23    INFO  epoch 137 training [time: 2.24s, train loss: -1.1399]
01 Nov 20:23    INFO  epoch 137 evaluating [time: 9.32s, valid_score: 0.065700]
01 Nov 20:23    INFO  valid result: 
recall@10 : 0.098    recall@20 : 0.1386    recall@50 : 0.2047    ndcg@10 : 0.0552    ndcg@20 : 0.0657    ndcg@50 : 0.0793    
01 Nov 20:23    INFO  epoch 138 training [time: 2.27s, train loss: -1.1397]
01 Nov 20:23    INFO  epoch 138 evaluating [time: 9.20s, valid_score: 0.066300]
01 Nov 20:23    INFO  valid result: 
recall@10 : 0.098    recall@20 : 0.14    recall@50 : 0.2054    ndcg@10 : 0.0554    ndcg@20 : 0.0663    ndcg@50 : 0.0797    
01 Nov 20:23    INFO  Saving current best: saved/DirectAU-Nov-01-2023_19-56-19.pth
01 Nov 20:23    INFO  epoch 139 training [time: 2.22s, train loss: -1.1402]
01 Nov 20:23    INFO  epoch 139 evaluating [time: 9.10s, valid_score: 0.065900]
01 Nov 20:23    INFO  valid result: 
recall@10 : 0.0987    recall@20 : 0.139    recall@50 : 0.2052    ndcg@10 : 0.0555    ndcg@20 : 0.0659    ndcg@50 : 0.0795    
01 Nov 20:23    INFO  epoch 140 training [time: 2.24s, train loss: -1.1401]
01 Nov 20:23    INFO  epoch 140 evaluating [time: 9.19s, valid_score: 0.066000]
01 Nov 20:23    INFO  valid result: 
recall@10 : 0.0984    recall@20 : 0.1392    recall@50 : 0.2045    ndcg@10 : 0.0554    ndcg@20 : 0.066    ndcg@50 : 0.0794    
01 Nov 20:23    INFO  epoch 141 training [time: 2.19s, train loss: -1.1404]
01 Nov 20:24    INFO  epoch 141 evaluating [time: 9.31s, valid_score: 0.066000]
01 Nov 20:24    INFO  valid result: 
recall@10 : 0.0976    recall@20 : 0.1385    recall@50 : 0.2048    ndcg@10 : 0.0553    ndcg@20 : 0.066    ndcg@50 : 0.0796    
01 Nov 20:24    INFO  epoch 142 training [time: 2.21s, train loss: -1.1406]
01 Nov 20:24    INFO  epoch 142 evaluating [time: 9.05s, valid_score: 0.066200]
01 Nov 20:24    INFO  valid result: 
recall@10 : 0.0979    recall@20 : 0.1396    recall@50 : 0.2039    ndcg@10 : 0.0554    ndcg@20 : 0.0662    ndcg@50 : 0.0794    
01 Nov 20:24    INFO  epoch 143 training [time: 2.28s, train loss: -1.1406]
01 Nov 20:24    INFO  epoch 143 evaluating [time: 9.29s, valid_score: 0.066400]
01 Nov 20:24    INFO  valid result: 
recall@10 : 0.098    recall@20 : 0.139    recall@50 : 0.2049    ndcg@10 : 0.0557    ndcg@20 : 0.0664    ndcg@50 : 0.0799    
01 Nov 20:24    INFO  Saving current best: saved/DirectAU-Nov-01-2023_19-56-19.pth
01 Nov 20:24    INFO  epoch 144 training [time: 2.26s, train loss: -1.1406]
01 Nov 20:24    INFO  epoch 144 evaluating [time: 9.20s, valid_score: 0.066100]
01 Nov 20:24    INFO  valid result: 
recall@10 : 0.0982    recall@20 : 0.1396    recall@50 : 0.2055    ndcg@10 : 0.0553    ndcg@20 : 0.0661    ndcg@50 : 0.0797    
01 Nov 20:24    INFO  epoch 145 training [time: 2.31s, train loss: -1.1407]
01 Nov 20:24    INFO  epoch 145 evaluating [time: 9.38s, valid_score: 0.066500]
01 Nov 20:24    INFO  valid result: 
recall@10 : 0.098    recall@20 : 0.1397    recall@50 : 0.2056    ndcg@10 : 0.0556    ndcg@20 : 0.0665    ndcg@50 : 0.08    
01 Nov 20:24    INFO  Saving current best: saved/DirectAU-Nov-01-2023_19-56-19.pth
01 Nov 20:24    INFO  epoch 146 training [time: 2.24s, train loss: -1.1408]
01 Nov 20:25    INFO  epoch 146 evaluating [time: 9.01s, valid_score: 0.066400]
01 Nov 20:25    INFO  valid result: 
recall@10 : 0.0983    recall@20 : 0.1399    recall@50 : 0.2063    ndcg@10 : 0.0555    ndcg@20 : 0.0664    ndcg@50 : 0.08    
01 Nov 20:25    INFO  epoch 147 training [time: 2.27s, train loss: -1.1409]
01 Nov 20:25    INFO  epoch 147 evaluating [time: 9.30s, valid_score: 0.066400]
01 Nov 20:25    INFO  valid result: 
recall@10 : 0.0986    recall@20 : 0.1398    recall@50 : 0.2053    ndcg@10 : 0.0556    ndcg@20 : 0.0664    ndcg@50 : 0.0798    
01 Nov 20:25    INFO  epoch 148 training [time: 2.26s, train loss: -1.1407]
01 Nov 20:25    INFO  epoch 148 evaluating [time: 9.30s, valid_score: 0.066100]
01 Nov 20:25    INFO  valid result: 
recall@10 : 0.0995    recall@20 : 0.1389    recall@50 : 0.2056    ndcg@10 : 0.0559    ndcg@20 : 0.0661    ndcg@50 : 0.0798    
01 Nov 20:25    INFO  epoch 149 training [time: 2.32s, train loss: -1.1412]
01 Nov 20:25    INFO  epoch 149 evaluating [time: 9.37s, valid_score: 0.066300]
01 Nov 20:25    INFO  valid result: 
recall@10 : 0.0981    recall@20 : 0.1394    recall@50 : 0.2068    ndcg@10 : 0.0555    ndcg@20 : 0.0663    ndcg@50 : 0.0801    
01 Nov 20:25    INFO  epoch 150 training [time: 2.25s, train loss: -1.1413]
01 Nov 20:25    INFO  epoch 150 evaluating [time: 9.28s, valid_score: 0.066200]
01 Nov 20:25    INFO  valid result: 
recall@10 : 0.0993    recall@20 : 0.1394    recall@50 : 0.2075    ndcg@10 : 0.0557    ndcg@20 : 0.0662    ndcg@50 : 0.0801    
01 Nov 20:25    INFO  epoch 151 training [time: 2.34s, train loss: -1.1411]
01 Nov 20:26    INFO  epoch 151 evaluating [time: 9.42s, valid_score: 0.066200]
01 Nov 20:26    INFO  valid result: 
recall@10 : 0.0986    recall@20 : 0.1399    recall@50 : 0.2062    ndcg@10 : 0.0554    ndcg@20 : 0.0662    ndcg@50 : 0.0798    
01 Nov 20:26    INFO  epoch 152 training [time: 2.26s, train loss: -1.1415]
01 Nov 20:26    INFO  epoch 152 evaluating [time: 9.29s, valid_score: 0.066200]
01 Nov 20:26    INFO  valid result: 
recall@10 : 0.0984    recall@20 : 0.1395    recall@50 : 0.2069    ndcg@10 : 0.0554    ndcg@20 : 0.0662    ndcg@50 : 0.08    
01 Nov 20:26    INFO  epoch 153 training [time: 1.97s, train loss: -1.1413]
01 Nov 20:26    INFO  epoch 153 evaluating [time: 9.29s, valid_score: 0.066400]
01 Nov 20:26    INFO  valid result: 
recall@10 : 0.0992    recall@20 : 0.1397    recall@50 : 0.2065    ndcg@10 : 0.0559    ndcg@20 : 0.0664    ndcg@50 : 0.0801    
01 Nov 20:26    INFO  epoch 154 training [time: 2.27s, train loss: -1.1414]
01 Nov 20:26    INFO  epoch 154 evaluating [time: 9.04s, valid_score: 0.066400]
01 Nov 20:26    INFO  valid result: 
recall@10 : 0.0988    recall@20 : 0.1398    recall@50 : 0.2056    ndcg@10 : 0.0557    ndcg@20 : 0.0664    ndcg@50 : 0.0799    
01 Nov 20:26    INFO  epoch 155 training [time: 2.24s, train loss: -1.1412]
01 Nov 20:26    INFO  epoch 155 evaluating [time: 9.39s, valid_score: 0.066500]
01 Nov 20:26    INFO  valid result: 
recall@10 : 0.0992    recall@20 : 0.1397    recall@50 : 0.2063    ndcg@10 : 0.0559    ndcg@20 : 0.0665    ndcg@50 : 0.0801    
01 Nov 20:26    INFO  epoch 156 training [time: 2.30s, train loss: -1.1413]
01 Nov 20:26    INFO  epoch 156 evaluating [time: 9.22s, valid_score: 0.066600]
01 Nov 20:26    INFO  valid result: 
recall@10 : 0.0987    recall@20 : 0.1402    recall@50 : 0.206    ndcg@10 : 0.0557    ndcg@20 : 0.0666    ndcg@50 : 0.0801    
01 Nov 20:26    INFO  Saving current best: saved/DirectAU-Nov-01-2023_19-56-19.pth
01 Nov 20:27    INFO  epoch 157 training [time: 2.17s, train loss: -1.1415]
01 Nov 20:27    INFO  epoch 157 evaluating [time: 9.07s, valid_score: 0.066300]
01 Nov 20:27    INFO  valid result: 
recall@10 : 0.0988    recall@20 : 0.1402    recall@50 : 0.2057    ndcg@10 : 0.0555    ndcg@20 : 0.0663    ndcg@50 : 0.0798    
01 Nov 20:27    INFO  epoch 158 training [time: 2.28s, train loss: -1.1415]
01 Nov 20:27    INFO  epoch 158 evaluating [time: 9.35s, valid_score: 0.066100]
01 Nov 20:27    INFO  valid result: 
recall@10 : 0.0991    recall@20 : 0.1395    recall@50 : 0.2066    ndcg@10 : 0.0555    ndcg@20 : 0.0661    ndcg@50 : 0.0799    
01 Nov 20:27    INFO  epoch 159 training [time: 2.23s, train loss: -1.1419]
01 Nov 20:27    INFO  epoch 159 evaluating [time: 9.34s, valid_score: 0.066200]
01 Nov 20:27    INFO  valid result: 
recall@10 : 0.0989    recall@20 : 0.1403    recall@50 : 0.2064    ndcg@10 : 0.0555    ndcg@20 : 0.0662    ndcg@50 : 0.0798    
01 Nov 20:27    INFO  epoch 160 training [time: 2.21s, train loss: -1.1418]
01 Nov 20:27    INFO  epoch 160 evaluating [time: 9.40s, valid_score: 0.066500]
01 Nov 20:27    INFO  valid result: 
recall@10 : 0.0988    recall@20 : 0.1401    recall@50 : 0.2062    ndcg@10 : 0.0557    ndcg@20 : 0.0665    ndcg@50 : 0.0801    
01 Nov 20:27    INFO  epoch 161 training [time: 2.27s, train loss: -1.1416]
01 Nov 20:27    INFO  epoch 161 evaluating [time: 9.26s, valid_score: 0.066700]
01 Nov 20:27    INFO  valid result: 
recall@10 : 0.0997    recall@20 : 0.1412    recall@50 : 0.2065    ndcg@10 : 0.0559    ndcg@20 : 0.0667    ndcg@50 : 0.08    
01 Nov 20:27    INFO  Saving current best: saved/DirectAU-Nov-01-2023_19-56-19.pth
01 Nov 20:27    INFO  epoch 162 training [time: 2.28s, train loss: -1.1414]
01 Nov 20:28    INFO  epoch 162 evaluating [time: 9.36s, valid_score: 0.066500]
01 Nov 20:28    INFO  valid result: 
recall@10 : 0.0996    recall@20 : 0.1401    recall@50 : 0.2067    ndcg@10 : 0.056    ndcg@20 : 0.0665    ndcg@50 : 0.0802    
01 Nov 20:28    INFO  epoch 163 training [time: 2.12s, train loss: -1.1418]
01 Nov 20:28    INFO  epoch 163 evaluating [time: 9.30s, valid_score: 0.066700]
01 Nov 20:28    INFO  valid result: 
recall@10 : 0.0994    recall@20 : 0.1404    recall@50 : 0.2074    ndcg@10 : 0.056    ndcg@20 : 0.0667    ndcg@50 : 0.0804    
01 Nov 20:28    INFO  epoch 164 training [time: 1.94s, train loss: -1.1418]
01 Nov 20:28    INFO  epoch 164 evaluating [time: 9.25s, valid_score: 0.066900]
01 Nov 20:28    INFO  valid result: 
recall@10 : 0.099    recall@20 : 0.1413    recall@50 : 0.206    ndcg@10 : 0.0559    ndcg@20 : 0.0669    ndcg@50 : 0.0802    
01 Nov 20:28    INFO  Saving current best: saved/DirectAU-Nov-01-2023_19-56-19.pth
01 Nov 20:28    INFO  epoch 165 training [time: 2.32s, train loss: -1.1421]
01 Nov 20:28    INFO  epoch 165 evaluating [time: 9.18s, valid_score: 0.066800]
01 Nov 20:28    INFO  valid result: 
recall@10 : 0.0984    recall@20 : 0.1412    recall@50 : 0.2062    ndcg@10 : 0.0556    ndcg@20 : 0.0668    ndcg@50 : 0.0801    
01 Nov 20:28    INFO  epoch 166 training [time: 2.18s, train loss: -1.1423]
01 Nov 20:28    INFO  epoch 166 evaluating [time: 9.37s, valid_score: 0.067200]
01 Nov 20:28    INFO  valid result: 
recall@10 : 0.0993    recall@20 : 0.142    recall@50 : 0.2058    ndcg@10 : 0.0561    ndcg@20 : 0.0672    ndcg@50 : 0.0803    
01 Nov 20:28    INFO  Saving current best: saved/DirectAU-Nov-01-2023_19-56-19.pth
01 Nov 20:28    INFO  epoch 167 training [time: 2.22s, train loss: -1.1420]
01 Nov 20:29    INFO  epoch 167 evaluating [time: 9.15s, valid_score: 0.066900]
01 Nov 20:29    INFO  valid result: 
recall@10 : 0.0988    recall@20 : 0.1411    recall@50 : 0.2069    ndcg@10 : 0.0558    ndcg@20 : 0.0669    ndcg@50 : 0.0804    
01 Nov 20:29    INFO  epoch 168 training [time: 1.96s, train loss: -1.1417]
01 Nov 20:29    INFO  epoch 168 evaluating [time: 9.76s, valid_score: 0.066800]
01 Nov 20:29    INFO  valid result: 
recall@10 : 0.0977    recall@20 : 0.1408    recall@50 : 0.2064    ndcg@10 : 0.0555    ndcg@20 : 0.0668    ndcg@50 : 0.0802    
01 Nov 20:29    INFO  epoch 169 training [time: 2.37s, train loss: -1.1417]
01 Nov 20:29    INFO  epoch 169 evaluating [time: 9.32s, valid_score: 0.066600]
01 Nov 20:29    INFO  valid result: 
recall@10 : 0.0979    recall@20 : 0.1407    recall@50 : 0.2072    ndcg@10 : 0.0554    ndcg@20 : 0.0666    ndcg@50 : 0.0803    
01 Nov 20:29    INFO  epoch 170 training [time: 2.30s, train loss: -1.1419]
01 Nov 20:29    INFO  epoch 170 evaluating [time: 9.44s, valid_score: 0.066600]
01 Nov 20:29    INFO  valid result: 
recall@10 : 0.0975    recall@20 : 0.1412    recall@50 : 0.2072    ndcg@10 : 0.0553    ndcg@20 : 0.0666    ndcg@50 : 0.0802    
01 Nov 20:29    INFO  epoch 171 training [time: 2.30s, train loss: -1.1424]
01 Nov 20:29    INFO  epoch 171 evaluating [time: 9.20s, valid_score: 0.066300]
01 Nov 20:29    INFO  valid result: 
recall@10 : 0.0977    recall@20 : 0.1401    recall@50 : 0.207    ndcg@10 : 0.0552    ndcg@20 : 0.0663    ndcg@50 : 0.0801    
01 Nov 20:29    INFO  epoch 172 training [time: 2.28s, train loss: -1.1423]
01 Nov 20:30    INFO  epoch 172 evaluating [time: 9.51s, valid_score: 0.066500]
01 Nov 20:30    INFO  valid result: 
recall@10 : 0.0986    recall@20 : 0.1407    recall@50 : 0.2074    ndcg@10 : 0.0555    ndcg@20 : 0.0665    ndcg@50 : 0.0802    
01 Nov 20:30    INFO  epoch 173 training [time: 2.24s, train loss: -1.1417]
01 Nov 20:30    INFO  epoch 173 evaluating [time: 9.18s, valid_score: 0.066000]
01 Nov 20:30    INFO  valid result: 
recall@10 : 0.0976    recall@20 : 0.1394    recall@50 : 0.2066    ndcg@10 : 0.0551    ndcg@20 : 0.066    ndcg@50 : 0.0798    
01 Nov 20:30    INFO  epoch 174 training [time: 2.34s, train loss: -1.1426]
01 Nov 20:30    INFO  epoch 174 evaluating [time: 9.03s, valid_score: 0.066600]
01 Nov 20:30    INFO  valid result: 
recall@10 : 0.0986    recall@20 : 0.1409    recall@50 : 0.207    ndcg@10 : 0.0555    ndcg@20 : 0.0666    ndcg@50 : 0.0801    
01 Nov 20:30    INFO  epoch 175 training [time: 2.32s, train loss: -1.1422]
01 Nov 20:30    INFO  epoch 175 evaluating [time: 9.19s, valid_score: 0.066400]
01 Nov 20:30    INFO  valid result: 
recall@10 : 0.0985    recall@20 : 0.1402    recall@50 : 0.2073    ndcg@10 : 0.0555    ndcg@20 : 0.0664    ndcg@50 : 0.0802    
01 Nov 20:30    INFO  epoch 176 training [time: 2.22s, train loss: -1.1424]
01 Nov 20:30    INFO  epoch 176 evaluating [time: 9.14s, valid_score: 0.066500]
01 Nov 20:30    INFO  valid result: 
recall@10 : 0.0981    recall@20 : 0.1405    recall@50 : 0.207    ndcg@10 : 0.0554    ndcg@20 : 0.0665    ndcg@50 : 0.0801    
01 Nov 20:30    INFO  epoch 177 training [time: 2.33s, train loss: -1.1426]
01 Nov 20:31    INFO  epoch 177 evaluating [time: 9.31s, valid_score: 0.066400]
01 Nov 20:31    INFO  valid result: 
recall@10 : 0.0979    recall@20 : 0.1403    recall@50 : 0.2083    ndcg@10 : 0.0553    ndcg@20 : 0.0664    ndcg@50 : 0.0803    
01 Nov 20:31    INFO  Finished training, best eval result in epoch 166
01 Nov 20:31    INFO  Loading model structure and parameters from saved/DirectAU-Nov-01-2023_19-56-19.pth
01 Nov 20:31    INFO  best valid : {'recall@10': 0.0993, 'recall@20': 0.142, 'recall@50': 0.2058, 'ndcg@10': 0.0561, 'ndcg@20': 0.0672, 'ndcg@50': 0.0803}
01 Nov 20:31    INFO  test result: {'recall@10': 0.1016, 'recall@20': 0.1452, 'recall@50': 0.2105, 'ndcg@10': 0.0589, 'ndcg@20': 0.0702, 'ndcg@50': 0.0836}
