command line args [--d 0 --alpha 0.7 --std 10] will not be used in RecBole
01 Nov 19:56    INFO  
General Hyper Parameters:
gpu_id = 3
use_gpu = True
seed = 0
state = INFO
reproducibility = True
data_path = dataset/Yelp
show_progress = False

Training Hyper Parameters:
checkpoint_dir = saved
epochs = 500
train_batch_size = 1024
learner = adam
learning_rate = 0.001
training_neg_sample_num = 0
training_neg_sample_distribution = uniform
eval_step = 1
stopping_step = 10
clip_grad_norm = None
weight_decay = 1e-06
draw_loss_pic = False
loss_decimal_place = 4

Evaluation Hyper Parameters:
eval_setting = RO_RS,full
group_by_user = True
split_ratio = [0.8, 0.1, 0.1]
leave_one_num = 2
real_time_process = False
metrics = ['Recall', 'NDCG']
topk = [10, 20, 50]
valid_metric = NDCG@20
eval_batch_size = 4096
metric_decimal_place = 4

Dataset Hyper Parameters:
field_separator = 	
seq_separator =  
USER_ID_FIELD = user_id
ITEM_ID_FIELD = item_id
RATING_FIELD = rating
TIME_FIELD = timestamp
seq_len = None
LABEL_FIELD = label
threshold = None
NEG_PREFIX = neg_
load_col = {'inter': ['user_id', 'item_id', 'timestamp']}
unload_col = None
unused_col = None
additional_feat_suffix = None
lowest_val = None
highest_val = None
equal_val = None
not_equal_val = None
max_user_inter_num = None
min_user_inter_num = 5
max_item_inter_num = None
min_item_inter_num = 5
fields_in_same_space = None
preload_weight = None
normalize_field = None
normalize_all = None
ITEM_LIST_LENGTH_FIELD = item_length
LIST_SUFFIX = _list
MAX_ITEM_LIST_LENGTH = 50
POSITION_FIELD = position_id
HEAD_ENTITY_ID_FIELD = head_id
TAIL_ENTITY_ID_FIELD = tail_id
RELATION_ID_FIELD = relation_id
ENTITY_ID_FIELD = entity_id

Other Hyper Parameters: 
valid_metric_bigger = True
BT = 0.1
alpha = 0.7
bt = 0.001
d = 0.0
embedding_size = 64
encoder = MF
gamma = 0.5
std = 10.0
times = 1
witem = 0.1
wuser = 0.8
rm_dup_inter = None
filter_inter_by_user_or_item = True
SOURCE_ID_FIELD = source_id
TARGET_ID_FIELD = target_id
benchmark_filename = None
MODEL_TYPE = ModelType.GENERAL
MODEL_INPUT_TYPE = InputType.POINTWISE
eval_type = EvaluatorType.RANKING
device = cuda
train_neg_sample_args = {'strategy': 'none'}


01 Nov 19:57    INFO  Yelp
The number of users: 31669
Average actions of users: 49.305481874447395
The number of items: 38049
Average actions of items: 41.037794365012616
The number of inters: 1561406
The sparsity of the dataset: 99.87041991912021%
Remain Fields: ['user_id', 'item_id']
01 Nov 19:57    INFO  Build [GeneralDataLoader] for [train] with format [InputType.POINTWISE]
01 Nov 19:57    INFO  [train] No Negative Sampling
01 Nov 19:57    INFO  [train] batch_size = [1024], shuffle = [True]

01 Nov 19:57    INFO  Build [GeneralFullDataLoader] for [evaluation] with format [InputType.POINTWISE]
01 Nov 19:57    INFO  Evaluation Setting:
	Group by user_id
	Ordering: {'strategy': 'shuffle'}
	Splitting: {'strategy': 'by_ratio', 'ratios': [0.8, 0.1, 0.1]}
	Negative Sampling: {'strategy': 'full', 'distribution': 'uniform'}
01 Nov 19:57    INFO  [evaluation] batch_size = [4096], shuffle = [False]

01 Nov 19:57    WARNING  Batch size is changed to 38049.
01 Nov 19:57    WARNING  Batch size is changed to 38049.
{'BT': 0.1, 'alpha': 0.7, 'bt': 0.001, 'd': 0.0, 'embedding_size': 64, 'encoder': 'MF', 'gamma': None, 'std': 10.0, 'times': 1, 'training_neg_sample_num': 0, 'witem': 0.1, 'wuser': 0.8}
this is encoder MF...
这是directau 的 RE 版本...
01 Nov 19:57    INFO  DirectAU(
  (encoder): MFEncoder(
    (user_embedding): Embedding(31669, 64)
    (item_embedding): Embedding(38049, 64)
  )
  (bn): BatchNorm1d(64, eps=1e-05, momentum=0.1, affine=False, track_running_stats=True)
  (projector): Sequential(
    (0): Linear(in_features=64, out_features=64, bias=False)
    (1): BatchNorm1d(64, eps=1e-05, momentum=0.1, affine=True, track_running_stats=True)
    (2): ReLU(inplace=True)
    (3): Linear(in_features=64, out_features=64, bias=False)
    (4): BatchNorm1d(64, eps=1e-05, momentum=0.1, affine=True, track_running_stats=True)
    (5): ReLU(inplace=True)
    (6): Linear(in_features=64, out_features=64, bias=False)
  )
)
Trainable parameters: 4474496
01 Nov 19:57    INFO  epoch 0 training [time: 24.51s, train loss: -0.1538]
01 Nov 19:57    INFO  epoch 0 evaluating [time: 15.44s, valid_score: 0.023100]
01 Nov 19:57    INFO  valid result: 
recall@10 : 0.0214    recall@20 : 0.0378    recall@50 : 0.0772    ndcg@10 : 0.0173    ndcg@20 : 0.0231    ndcg@50 : 0.0348    
01 Nov 19:57    INFO  Saving current best: saved/DirectAU-Nov-01-2023_19-57-10.pth
01 Nov 19:58    INFO  epoch 1 training [time: 24.53s, train loss: -0.5236]
01 Nov 19:58    INFO  epoch 1 evaluating [time: 15.21s, valid_score: 0.034000]
01 Nov 19:58    INFO  valid result: 
recall@10 : 0.0322    recall@20 : 0.0559    recall@50 : 0.1082    ndcg@10 : 0.0258    ndcg@20 : 0.034    ndcg@50 : 0.0494    
01 Nov 19:58    INFO  Saving current best: saved/DirectAU-Nov-01-2023_19-57-10.pth
01 Nov 19:58    INFO  epoch 2 training [time: 24.66s, train loss: -0.5972]
01 Nov 19:59    INFO  epoch 2 evaluating [time: 15.46s, valid_score: 0.038700]
01 Nov 19:59    INFO  valid result: 
recall@10 : 0.0375    recall@20 : 0.0641    recall@50 : 0.1204    ndcg@10 : 0.0296    ndcg@20 : 0.0387    ndcg@50 : 0.0553    
01 Nov 19:59    INFO  Saving current best: saved/DirectAU-Nov-01-2023_19-57-10.pth
01 Nov 19:59    INFO  epoch 3 training [time: 24.67s, train loss: -0.6347]
01 Nov 19:59    INFO  epoch 3 evaluating [time: 15.42s, valid_score: 0.041700]
01 Nov 19:59    INFO  valid result: 
recall@10 : 0.0415    recall@20 : 0.0693    recall@50 : 0.1292    ndcg@10 : 0.0322    ndcg@20 : 0.0417    ndcg@50 : 0.0593    
01 Nov 19:59    INFO  Saving current best: saved/DirectAU-Nov-01-2023_19-57-10.pth
01 Nov 20:00    INFO  epoch 4 training [time: 24.66s, train loss: -0.6598]
01 Nov 20:00    INFO  epoch 4 evaluating [time: 15.24s, valid_score: 0.044300]
01 Nov 20:00    INFO  valid result: 
recall@10 : 0.0439    recall@20 : 0.0726    recall@50 : 0.135    ndcg@10 : 0.0345    ndcg@20 : 0.0443    ndcg@50 : 0.0625    
01 Nov 20:00    INFO  Saving current best: saved/DirectAU-Nov-01-2023_19-57-10.pth
01 Nov 20:00    INFO  epoch 5 training [time: 24.60s, train loss: -0.6790]
01 Nov 20:01    INFO  epoch 5 evaluating [time: 15.51s, valid_score: 0.046300]
01 Nov 20:01    INFO  valid result: 
recall@10 : 0.0461    recall@20 : 0.0766    recall@50 : 0.1406    ndcg@10 : 0.0359    ndcg@20 : 0.0463    ndcg@50 : 0.065    
01 Nov 20:01    INFO  Saving current best: saved/DirectAU-Nov-01-2023_19-57-10.pth
01 Nov 20:01    INFO  epoch 6 training [time: 24.64s, train loss: -0.6946]
01 Nov 20:01    INFO  epoch 6 evaluating [time: 15.23s, valid_score: 0.048400]
01 Nov 20:01    INFO  valid result: 
recall@10 : 0.0486    recall@20 : 0.0796    recall@50 : 0.1442    ndcg@10 : 0.0377    ndcg@20 : 0.0484    ndcg@50 : 0.0672    
01 Nov 20:01    INFO  Saving current best: saved/DirectAU-Nov-01-2023_19-57-10.pth
01 Nov 20:02    INFO  epoch 7 training [time: 24.66s, train loss: -0.7080]
01 Nov 20:02    INFO  epoch 7 evaluating [time: 15.50s, valid_score: 0.049800]
01 Nov 20:02    INFO  valid result: 
recall@10 : 0.0502    recall@20 : 0.0816    recall@50 : 0.149    ndcg@10 : 0.0391    ndcg@20 : 0.0498    ndcg@50 : 0.0694    
01 Nov 20:02    INFO  Saving current best: saved/DirectAU-Nov-01-2023_19-57-10.pth
01 Nov 20:02    INFO  epoch 8 training [time: 24.68s, train loss: -0.7193]
01 Nov 20:03    INFO  epoch 8 evaluating [time: 15.10s, valid_score: 0.051200]
01 Nov 20:03    INFO  valid result: 
recall@10 : 0.0513    recall@20 : 0.084    recall@50 : 0.153    ndcg@10 : 0.04    ndcg@20 : 0.0512    ndcg@50 : 0.0713    
01 Nov 20:03    INFO  Saving current best: saved/DirectAU-Nov-01-2023_19-57-10.pth
01 Nov 20:03    INFO  epoch 9 training [time: 24.70s, train loss: -0.7291]
01 Nov 20:03    INFO  epoch 9 evaluating [time: 15.59s, valid_score: 0.053100]
01 Nov 20:03    INFO  valid result: 
recall@10 : 0.053    recall@20 : 0.087    recall@50 : 0.1573    ndcg@10 : 0.0415    ndcg@20 : 0.0531    ndcg@50 : 0.0735    
01 Nov 20:03    INFO  Saving current best: saved/DirectAU-Nov-01-2023_19-57-10.pth
01 Nov 20:04    INFO  epoch 10 training [time: 24.68s, train loss: -0.7376]
01 Nov 20:04    INFO  epoch 10 evaluating [time: 15.33s, valid_score: 0.054300]
01 Nov 20:04    INFO  valid result: 
recall@10 : 0.0534    recall@20 : 0.0887    recall@50 : 0.1615    ndcg@10 : 0.0424    ndcg@20 : 0.0543    ndcg@50 : 0.0755    
01 Nov 20:04    INFO  Saving current best: saved/DirectAU-Nov-01-2023_19-57-10.pth
01 Nov 20:04    INFO  epoch 11 training [time: 24.66s, train loss: -0.7448]
01 Nov 20:05    INFO  epoch 11 evaluating [time: 15.49s, valid_score: 0.055400]
01 Nov 20:05    INFO  valid result: 
recall@10 : 0.0549    recall@20 : 0.0911    recall@50 : 0.1647    ndcg@10 : 0.0431    ndcg@20 : 0.0554    ndcg@50 : 0.0768    
01 Nov 20:05    INFO  Saving current best: saved/DirectAU-Nov-01-2023_19-57-10.pth
01 Nov 20:05    INFO  epoch 12 training [time: 24.66s, train loss: -0.7512]
01 Nov 20:05    INFO  epoch 12 evaluating [time: 15.18s, valid_score: 0.056900]
01 Nov 20:05    INFO  valid result: 
recall@10 : 0.0565    recall@20 : 0.093    recall@50 : 0.1682    ndcg@10 : 0.0445    ndcg@20 : 0.0569    ndcg@50 : 0.0787    
01 Nov 20:05    INFO  Saving current best: saved/DirectAU-Nov-01-2023_19-57-10.pth
01 Nov 20:06    INFO  epoch 13 training [time: 24.66s, train loss: -0.7568]
01 Nov 20:06    INFO  epoch 13 evaluating [time: 15.48s, valid_score: 0.057900]
01 Nov 20:06    INFO  valid result: 
recall@10 : 0.0572    recall@20 : 0.095    recall@50 : 0.1702    ndcg@10 : 0.0452    ndcg@20 : 0.0579    ndcg@50 : 0.0798    
01 Nov 20:06    INFO  Saving current best: saved/DirectAU-Nov-01-2023_19-57-10.pth
01 Nov 20:06    INFO  epoch 14 training [time: 24.63s, train loss: -0.7615]
01 Nov 20:07    INFO  epoch 14 evaluating [time: 15.06s, valid_score: 0.059500]
01 Nov 20:07    INFO  valid result: 
recall@10 : 0.0595    recall@20 : 0.0967    recall@50 : 0.1737    ndcg@10 : 0.0468    ndcg@20 : 0.0595    ndcg@50 : 0.0818    
01 Nov 20:07    INFO  Saving current best: saved/DirectAU-Nov-01-2023_19-57-10.pth
01 Nov 20:07    INFO  epoch 15 training [time: 24.64s, train loss: -0.7657]
01 Nov 20:07    INFO  epoch 15 evaluating [time: 15.26s, valid_score: 0.060200]
01 Nov 20:07    INFO  valid result: 
recall@10 : 0.0602    recall@20 : 0.0985    recall@50 : 0.1762    ndcg@10 : 0.0472    ndcg@20 : 0.0602    ndcg@50 : 0.0828    
01 Nov 20:07    INFO  Saving current best: saved/DirectAU-Nov-01-2023_19-57-10.pth
01 Nov 20:08    INFO  epoch 16 training [time: 24.52s, train loss: -0.7694]
01 Nov 20:08    INFO  epoch 16 evaluating [time: 15.58s, valid_score: 0.060900]
01 Nov 20:08    INFO  valid result: 
recall@10 : 0.061    recall@20 : 0.0993    recall@50 : 0.1786    ndcg@10 : 0.0479    ndcg@20 : 0.0609    ndcg@50 : 0.0839    
01 Nov 20:08    INFO  Saving current best: saved/DirectAU-Nov-01-2023_19-57-10.pth
01 Nov 20:08    INFO  epoch 17 training [time: 24.63s, train loss: -0.7728]
01 Nov 20:09    INFO  epoch 17 evaluating [time: 15.05s, valid_score: 0.061400]
01 Nov 20:09    INFO  valid result: 
recall@10 : 0.0615    recall@20 : 0.1002    recall@50 : 0.1807    ndcg@10 : 0.0482    ndcg@20 : 0.0614    ndcg@50 : 0.0847    
01 Nov 20:09    INFO  Saving current best: saved/DirectAU-Nov-01-2023_19-57-10.pth
01 Nov 20:09    INFO  epoch 18 training [time: 24.62s, train loss: -0.7756]
01 Nov 20:09    INFO  epoch 18 evaluating [time: 15.32s, valid_score: 0.062000]
01 Nov 20:09    INFO  valid result: 
recall@10 : 0.0614    recall@20 : 0.1012    recall@50 : 0.1819    ndcg@10 : 0.0484    ndcg@20 : 0.062    ndcg@50 : 0.0854    
01 Nov 20:09    INFO  Saving current best: saved/DirectAU-Nov-01-2023_19-57-10.pth
01 Nov 20:10    INFO  epoch 19 training [time: 24.64s, train loss: -0.7781]
01 Nov 20:10    INFO  epoch 19 evaluating [time: 15.28s, valid_score: 0.063000]
01 Nov 20:10    INFO  valid result: 
recall@10 : 0.0623    recall@20 : 0.1019    recall@50 : 0.1839    ndcg@10 : 0.0496    ndcg@20 : 0.063    ndcg@50 : 0.0867    
01 Nov 20:10    INFO  Saving current best: saved/DirectAU-Nov-01-2023_19-57-10.pth
01 Nov 20:10    INFO  epoch 20 training [time: 24.65s, train loss: -0.7803]
01 Nov 20:11    INFO  epoch 20 evaluating [time: 15.36s, valid_score: 0.063200]
01 Nov 20:11    INFO  valid result: 
recall@10 : 0.0631    recall@20 : 0.1023    recall@50 : 0.1838    ndcg@10 : 0.05    ndcg@20 : 0.0632    ndcg@50 : 0.0869    
01 Nov 20:11    INFO  Saving current best: saved/DirectAU-Nov-01-2023_19-57-10.pth
01 Nov 20:11    INFO  epoch 21 training [time: 24.66s, train loss: -0.7821]
01 Nov 20:11    INFO  epoch 21 evaluating [time: 15.10s, valid_score: 0.063500]
01 Nov 20:11    INFO  valid result: 
recall@10 : 0.0628    recall@20 : 0.1031    recall@50 : 0.1867    ndcg@10 : 0.05    ndcg@20 : 0.0635    ndcg@50 : 0.0878    
01 Nov 20:11    INFO  Saving current best: saved/DirectAU-Nov-01-2023_19-57-10.pth
01 Nov 20:12    INFO  epoch 22 training [time: 24.64s, train loss: -0.7837]
01 Nov 20:12    INFO  epoch 22 evaluating [time: 15.30s, valid_score: 0.064400]
01 Nov 20:12    INFO  valid result: 
recall@10 : 0.0643    recall@20 : 0.1043    recall@50 : 0.1866    ndcg@10 : 0.0509    ndcg@20 : 0.0644    ndcg@50 : 0.0883    
01 Nov 20:12    INFO  Saving current best: saved/DirectAU-Nov-01-2023_19-57-10.pth
01 Nov 20:12    INFO  epoch 23 training [time: 24.64s, train loss: -0.7853]
01 Nov 20:13    INFO  epoch 23 evaluating [time: 15.09s, valid_score: 0.064700]
01 Nov 20:13    INFO  valid result: 
recall@10 : 0.0647    recall@20 : 0.1048    recall@50 : 0.1874    ndcg@10 : 0.0511    ndcg@20 : 0.0647    ndcg@50 : 0.0887    
01 Nov 20:13    INFO  Saving current best: saved/DirectAU-Nov-01-2023_19-57-10.pth
01 Nov 20:13    INFO  epoch 24 training [time: 24.63s, train loss: -0.7866]
01 Nov 20:13    INFO  epoch 24 evaluating [time: 15.35s, valid_score: 0.065000]
01 Nov 20:13    INFO  valid result: 
recall@10 : 0.0648    recall@20 : 0.1052    recall@50 : 0.1885    ndcg@10 : 0.0514    ndcg@20 : 0.065    ndcg@50 : 0.0892    
01 Nov 20:13    INFO  Saving current best: saved/DirectAU-Nov-01-2023_19-57-10.pth
01 Nov 20:14    INFO  epoch 25 training [time: 24.65s, train loss: -0.7877]
01 Nov 20:14    INFO  epoch 25 evaluating [time: 15.14s, valid_score: 0.065200]
01 Nov 20:14    INFO  valid result: 
recall@10 : 0.0652    recall@20 : 0.1055    recall@50 : 0.1895    ndcg@10 : 0.0517    ndcg@20 : 0.0652    ndcg@50 : 0.0896    
01 Nov 20:14    INFO  Saving current best: saved/DirectAU-Nov-01-2023_19-57-10.pth
01 Nov 20:14    INFO  epoch 26 training [time: 24.58s, train loss: -0.7887]
01 Nov 20:15    INFO  epoch 26 evaluating [time: 15.49s, valid_score: 0.065400]
01 Nov 20:15    INFO  valid result: 
recall@10 : 0.0652    recall@20 : 0.1062    recall@50 : 0.1887    ndcg@10 : 0.0515    ndcg@20 : 0.0654    ndcg@50 : 0.0894    
01 Nov 20:15    INFO  Saving current best: saved/DirectAU-Nov-01-2023_19-57-10.pth
01 Nov 20:15    INFO  epoch 27 training [time: 24.62s, train loss: -0.7896]
01 Nov 20:15    INFO  epoch 27 evaluating [time: 15.12s, valid_score: 0.065800]
01 Nov 20:15    INFO  valid result: 
recall@10 : 0.066    recall@20 : 0.1068    recall@50 : 0.1899    ndcg@10 : 0.0521    ndcg@20 : 0.0658    ndcg@50 : 0.09    
01 Nov 20:15    INFO  Saving current best: saved/DirectAU-Nov-01-2023_19-57-10.pth
01 Nov 20:16    INFO  epoch 28 training [time: 24.65s, train loss: -0.7904]
01 Nov 20:16    INFO  epoch 28 evaluating [time: 15.35s, valid_score: 0.066200]
01 Nov 20:16    INFO  valid result: 
recall@10 : 0.066    recall@20 : 0.107    recall@50 : 0.1908    ndcg@10 : 0.0524    ndcg@20 : 0.0662    ndcg@50 : 0.0906    
01 Nov 20:16    INFO  Saving current best: saved/DirectAU-Nov-01-2023_19-57-10.pth
01 Nov 20:16    INFO  epoch 29 training [time: 24.67s, train loss: -0.7913]
01 Nov 20:17    INFO  epoch 29 evaluating [time: 15.75s, valid_score: 0.066300]
01 Nov 20:17    INFO  valid result: 
recall@10 : 0.0664    recall@20 : 0.1072    recall@50 : 0.1903    ndcg@10 : 0.0526    ndcg@20 : 0.0663    ndcg@50 : 0.0905    
01 Nov 20:17    INFO  Saving current best: saved/DirectAU-Nov-01-2023_19-57-10.pth
01 Nov 20:17    INFO  epoch 30 training [time: 24.66s, train loss: -0.7918]
01 Nov 20:17    INFO  epoch 30 evaluating [time: 15.16s, valid_score: 0.066900]
01 Nov 20:17    INFO  valid result: 
recall@10 : 0.0665    recall@20 : 0.1079    recall@50 : 0.1916    ndcg@10 : 0.0529    ndcg@20 : 0.0669    ndcg@50 : 0.0912    
01 Nov 20:17    INFO  Saving current best: saved/DirectAU-Nov-01-2023_19-57-10.pth
01 Nov 20:18    INFO  epoch 31 training [time: 24.63s, train loss: -0.7924]
01 Nov 20:18    INFO  epoch 31 evaluating [time: 15.45s, valid_score: 0.066800]
01 Nov 20:18    INFO  valid result: 
recall@10 : 0.0669    recall@20 : 0.1076    recall@50 : 0.1919    ndcg@10 : 0.053    ndcg@20 : 0.0668    ndcg@50 : 0.0913    
01 Nov 20:18    INFO  epoch 32 training [time: 24.63s, train loss: -0.7930]
01 Nov 20:19    INFO  epoch 32 evaluating [time: 15.14s, valid_score: 0.067100]
01 Nov 20:19    INFO  valid result: 
recall@10 : 0.0666    recall@20 : 0.1079    recall@50 : 0.1915    ndcg@10 : 0.0531    ndcg@20 : 0.0671    ndcg@50 : 0.0914    
01 Nov 20:19    INFO  Saving current best: saved/DirectAU-Nov-01-2023_19-57-10.pth
01 Nov 20:19    INFO  epoch 33 training [time: 24.64s, train loss: -0.7936]
01 Nov 20:19    INFO  epoch 33 evaluating [time: 15.31s, valid_score: 0.067100]
01 Nov 20:19    INFO  valid result: 
recall@10 : 0.0663    recall@20 : 0.1079    recall@50 : 0.1917    ndcg@10 : 0.053    ndcg@20 : 0.0671    ndcg@50 : 0.0915    
01 Nov 20:20    INFO  epoch 34 training [time: 24.65s, train loss: -0.7940]
01 Nov 20:20    INFO  epoch 34 evaluating [time: 15.28s, valid_score: 0.067300]
01 Nov 20:20    INFO  valid result: 
recall@10 : 0.0672    recall@20 : 0.1081    recall@50 : 0.1921    ndcg@10 : 0.0535    ndcg@20 : 0.0673    ndcg@50 : 0.0916    
01 Nov 20:20    INFO  Saving current best: saved/DirectAU-Nov-01-2023_19-57-10.pth
01 Nov 20:20    INFO  epoch 35 training [time: 24.63s, train loss: -0.7944]
01 Nov 20:21    INFO  epoch 35 evaluating [time: 15.39s, valid_score: 0.067400]
01 Nov 20:21    INFO  valid result: 
recall@10 : 0.0674    recall@20 : 0.1086    recall@50 : 0.1931    ndcg@10 : 0.0535    ndcg@20 : 0.0674    ndcg@50 : 0.0919    
01 Nov 20:21    INFO  Saving current best: saved/DirectAU-Nov-01-2023_19-57-10.pth
01 Nov 20:21    INFO  epoch 36 training [time: 24.61s, train loss: -0.7949]
01 Nov 20:21    INFO  epoch 36 evaluating [time: 15.30s, valid_score: 0.067400]
01 Nov 20:21    INFO  valid result: 
recall@10 : 0.0677    recall@20 : 0.1084    recall@50 : 0.1929    ndcg@10 : 0.0537    ndcg@20 : 0.0674    ndcg@50 : 0.0919    
01 Nov 20:22    INFO  epoch 37 training [time: 24.64s, train loss: -0.7952]
01 Nov 20:22    INFO  epoch 37 evaluating [time: 15.47s, valid_score: 0.067500]
01 Nov 20:22    INFO  valid result: 
recall@10 : 0.068    recall@20 : 0.1083    recall@50 : 0.193    ndcg@10 : 0.0539    ndcg@20 : 0.0675    ndcg@50 : 0.0921    
01 Nov 20:22    INFO  Saving current best: saved/DirectAU-Nov-01-2023_19-57-10.pth
01 Nov 20:22    INFO  epoch 38 training [time: 24.64s, train loss: -0.7956]
01 Nov 20:23    INFO  epoch 38 evaluating [time: 15.07s, valid_score: 0.067900]
01 Nov 20:23    INFO  valid result: 
recall@10 : 0.0676    recall@20 : 0.1085    recall@50 : 0.1933    ndcg@10 : 0.054    ndcg@20 : 0.0679    ndcg@50 : 0.0924    
01 Nov 20:23    INFO  Saving current best: saved/DirectAU-Nov-01-2023_19-57-10.pth
01 Nov 20:23    INFO  epoch 39 training [time: 24.63s, train loss: -0.7957]
01 Nov 20:23    INFO  epoch 39 evaluating [time: 15.33s, valid_score: 0.068000]
01 Nov 20:23    INFO  valid result: 
recall@10 : 0.0671    recall@20 : 0.109    recall@50 : 0.1933    ndcg@10 : 0.0539    ndcg@20 : 0.068    ndcg@50 : 0.0926    
01 Nov 20:23    INFO  Saving current best: saved/DirectAU-Nov-01-2023_19-57-10.pth
01 Nov 20:24    INFO  epoch 40 training [time: 24.63s, train loss: -0.7959]
01 Nov 20:24    INFO  epoch 40 evaluating [time: 15.21s, valid_score: 0.067900]
01 Nov 20:24    INFO  valid result: 
recall@10 : 0.068    recall@20 : 0.1089    recall@50 : 0.193    ndcg@10 : 0.0541    ndcg@20 : 0.0679    ndcg@50 : 0.0924    
01 Nov 20:24    INFO  epoch 41 training [time: 24.64s, train loss: -0.7961]
01 Nov 20:25    INFO  epoch 41 evaluating [time: 15.47s, valid_score: 0.068000]
01 Nov 20:25    INFO  valid result: 
recall@10 : 0.0684    recall@20 : 0.1085    recall@50 : 0.1941    ndcg@10 : 0.0545    ndcg@20 : 0.068    ndcg@50 : 0.0929    
01 Nov 20:25    INFO  epoch 42 training [time: 24.27s, train loss: -0.7962]
01 Nov 20:25    INFO  epoch 42 evaluating [time: 15.41s, valid_score: 0.068100]
01 Nov 20:25    INFO  valid result: 
recall@10 : 0.0673    recall@20 : 0.1088    recall@50 : 0.1939    ndcg@10 : 0.0541    ndcg@20 : 0.0681    ndcg@50 : 0.0928    
01 Nov 20:25    INFO  Saving current best: saved/DirectAU-Nov-01-2023_19-57-10.pth
01 Nov 20:26    INFO  epoch 43 training [time: 24.51s, train loss: -0.7964]
01 Nov 20:26    INFO  epoch 43 evaluating [time: 15.12s, valid_score: 0.068000]
01 Nov 20:26    INFO  valid result: 
recall@10 : 0.068    recall@20 : 0.1087    recall@50 : 0.1939    ndcg@10 : 0.0543    ndcg@20 : 0.068    ndcg@50 : 0.0928    
01 Nov 20:26    INFO  epoch 44 training [time: 24.61s, train loss: -0.7965]
01 Nov 20:27    INFO  epoch 44 evaluating [time: 15.29s, valid_score: 0.068300]
01 Nov 20:27    INFO  valid result: 
recall@10 : 0.0679    recall@20 : 0.1092    recall@50 : 0.1938    ndcg@10 : 0.0543    ndcg@20 : 0.0683    ndcg@50 : 0.0929    
01 Nov 20:27    INFO  Saving current best: saved/DirectAU-Nov-01-2023_19-57-10.pth
01 Nov 20:27    INFO  epoch 45 training [time: 24.63s, train loss: -0.7967]
01 Nov 20:27    INFO  epoch 45 evaluating [time: 15.11s, valid_score: 0.068400]
01 Nov 20:27    INFO  valid result: 
recall@10 : 0.0678    recall@20 : 0.1095    recall@50 : 0.1937    ndcg@10 : 0.0543    ndcg@20 : 0.0684    ndcg@50 : 0.0929    
01 Nov 20:27    INFO  Saving current best: saved/DirectAU-Nov-01-2023_19-57-10.pth
01 Nov 20:28    INFO  epoch 46 training [time: 24.65s, train loss: -0.7968]
01 Nov 20:28    INFO  epoch 46 evaluating [time: 15.33s, valid_score: 0.068500]
01 Nov 20:28    INFO  valid result: 
recall@10 : 0.0684    recall@20 : 0.109    recall@50 : 0.1939    ndcg@10 : 0.0547    ndcg@20 : 0.0685    ndcg@50 : 0.0931    
01 Nov 20:28    INFO  Saving current best: saved/DirectAU-Nov-01-2023_19-57-10.pth
01 Nov 20:28    INFO  epoch 47 training [time: 24.63s, train loss: -0.7969]
01 Nov 20:29    INFO  epoch 47 evaluating [time: 15.21s, valid_score: 0.068600]
01 Nov 20:29    INFO  valid result: 
recall@10 : 0.0686    recall@20 : 0.1092    recall@50 : 0.1945    ndcg@10 : 0.0549    ndcg@20 : 0.0686    ndcg@50 : 0.0934    
01 Nov 20:29    INFO  Saving current best: saved/DirectAU-Nov-01-2023_19-57-10.pth
01 Nov 20:29    INFO  epoch 48 training [time: 24.64s, train loss: -0.7971]
01 Nov 20:29    INFO  epoch 48 evaluating [time: 15.46s, valid_score: 0.068400]
01 Nov 20:29    INFO  valid result: 
recall@10 : 0.0688    recall@20 : 0.1096    recall@50 : 0.195    ndcg@10 : 0.0547    ndcg@20 : 0.0684    ndcg@50 : 0.0932    
01 Nov 20:30    INFO  epoch 49 training [time: 24.63s, train loss: -0.7971]
01 Nov 20:30    INFO  epoch 49 evaluating [time: 15.19s, valid_score: 0.068600]
01 Nov 20:30    INFO  valid result: 
recall@10 : 0.0679    recall@20 : 0.1098    recall@50 : 0.1943    ndcg@10 : 0.0545    ndcg@20 : 0.0686    ndcg@50 : 0.0932    
01 Nov 20:30    INFO  epoch 50 training [time: 24.65s, train loss: -0.7971]
01 Nov 20:31    INFO  epoch 50 evaluating [time: 15.41s, valid_score: 0.068700]
01 Nov 20:31    INFO  valid result: 
recall@10 : 0.068    recall@20 : 0.1095    recall@50 : 0.1946    ndcg@10 : 0.0547    ndcg@20 : 0.0687    ndcg@50 : 0.0934    
01 Nov 20:31    INFO  Saving current best: saved/DirectAU-Nov-01-2023_19-57-10.pth
01 Nov 20:31    INFO  epoch 51 training [time: 24.62s, train loss: -0.7971]
01 Nov 20:31    INFO  epoch 51 evaluating [time: 15.06s, valid_score: 0.068600]
01 Nov 20:31    INFO  valid result: 
recall@10 : 0.0678    recall@20 : 0.1097    recall@50 : 0.1953    ndcg@10 : 0.0545    ndcg@20 : 0.0686    ndcg@50 : 0.0935    
01 Nov 20:32    INFO  epoch 52 training [time: 24.59s, train loss: -0.7972]
01 Nov 20:32    INFO  epoch 52 evaluating [time: 15.42s, valid_score: 0.068500]
01 Nov 20:32    INFO  valid result: 
recall@10 : 0.0684    recall@20 : 0.1095    recall@50 : 0.195    ndcg@10 : 0.0546    ndcg@20 : 0.0685    ndcg@50 : 0.0933    
01 Nov 20:32    INFO  epoch 53 training [time: 24.63s, train loss: -0.7973]
01 Nov 20:33    INFO  epoch 53 evaluating [time: 15.17s, valid_score: 0.068600]
01 Nov 20:33    INFO  valid result: 
recall@10 : 0.0684    recall@20 : 0.1098    recall@50 : 0.1946    ndcg@10 : 0.0547    ndcg@20 : 0.0686    ndcg@50 : 0.0933    
01 Nov 20:33    INFO  epoch 54 training [time: 24.68s, train loss: -0.7973]
01 Nov 20:33    INFO  epoch 54 evaluating [time: 15.36s, valid_score: 0.068400]
01 Nov 20:33    INFO  valid result: 
recall@10 : 0.0681    recall@20 : 0.1093    recall@50 : 0.195    ndcg@10 : 0.0545    ndcg@20 : 0.0684    ndcg@50 : 0.0933    
01 Nov 20:34    INFO  epoch 55 training [time: 24.64s, train loss: -0.7973]
01 Nov 20:34    INFO  epoch 55 evaluating [time: 15.41s, valid_score: 0.068700]
01 Nov 20:34    INFO  valid result: 
recall@10 : 0.0681    recall@20 : 0.1098    recall@50 : 0.1948    ndcg@10 : 0.0547    ndcg@20 : 0.0687    ndcg@50 : 0.0934    
01 Nov 20:34    INFO  epoch 56 training [time: 24.66s, train loss: -0.7975]
01 Nov 20:35    INFO  epoch 56 evaluating [time: 15.20s, valid_score: 0.068700]
01 Nov 20:35    INFO  valid result: 
recall@10 : 0.0687    recall@20 : 0.1095    recall@50 : 0.195    ndcg@10 : 0.0549    ndcg@20 : 0.0687    ndcg@50 : 0.0935    
01 Nov 20:35    INFO  epoch 57 training [time: 24.67s, train loss: -0.7975]
01 Nov 20:35    INFO  epoch 57 evaluating [time: 15.52s, valid_score: 0.068900]
01 Nov 20:35    INFO  valid result: 
recall@10 : 0.0686    recall@20 : 0.1101    recall@50 : 0.1951    ndcg@10 : 0.0549    ndcg@20 : 0.0689    ndcg@50 : 0.0935    
01 Nov 20:35    INFO  Saving current best: saved/DirectAU-Nov-01-2023_19-57-10.pth
01 Nov 20:36    INFO  epoch 58 training [time: 24.75s, train loss: -0.7975]
01 Nov 20:36    INFO  epoch 58 evaluating [time: 15.31s, valid_score: 0.069000]
01 Nov 20:36    INFO  valid result: 
recall@10 : 0.0686    recall@20 : 0.1101    recall@50 : 0.1942    ndcg@10 : 0.0551    ndcg@20 : 0.069    ndcg@50 : 0.0935    
01 Nov 20:36    INFO  Saving current best: saved/DirectAU-Nov-01-2023_19-57-10.pth
01 Nov 20:36    INFO  epoch 59 training [time: 24.68s, train loss: -0.7976]
01 Nov 20:37    INFO  epoch 59 evaluating [time: 15.51s, valid_score: 0.068800]
01 Nov 20:37    INFO  valid result: 
recall@10 : 0.0687    recall@20 : 0.1098    recall@50 : 0.1949    ndcg@10 : 0.055    ndcg@20 : 0.0688    ndcg@50 : 0.0936    
01 Nov 20:37    INFO  epoch 60 training [time: 24.61s, train loss: -0.7976]
01 Nov 20:37    INFO  epoch 60 evaluating [time: 15.12s, valid_score: 0.068900]
01 Nov 20:37    INFO  valid result: 
recall@10 : 0.0692    recall@20 : 0.1098    recall@50 : 0.1953    ndcg@10 : 0.0552    ndcg@20 : 0.0689    ndcg@50 : 0.0937    
01 Nov 20:38    INFO  epoch 61 training [time: 24.61s, train loss: -0.7977]
01 Nov 20:38    INFO  epoch 61 evaluating [time: 15.39s, valid_score: 0.069000]
01 Nov 20:38    INFO  valid result: 
recall@10 : 0.0684    recall@20 : 0.1099    recall@50 : 0.1952    ndcg@10 : 0.0551    ndcg@20 : 0.069    ndcg@50 : 0.0938    
01 Nov 20:38    INFO  epoch 62 training [time: 24.61s, train loss: -0.7977]
01 Nov 20:39    INFO  epoch 62 evaluating [time: 15.21s, valid_score: 0.069000]
01 Nov 20:39    INFO  valid result: 
recall@10 : 0.0684    recall@20 : 0.1102    recall@50 : 0.1948    ndcg@10 : 0.0549    ndcg@20 : 0.069    ndcg@50 : 0.0936    
01 Nov 20:39    INFO  epoch 63 training [time: 24.66s, train loss: -0.7976]
01 Nov 20:39    INFO  epoch 63 evaluating [time: 15.64s, valid_score: 0.069200]
01 Nov 20:39    INFO  valid result: 
recall@10 : 0.0688    recall@20 : 0.1106    recall@50 : 0.195    ndcg@10 : 0.0551    ndcg@20 : 0.0692    ndcg@50 : 0.0937    
01 Nov 20:39    INFO  Saving current best: saved/DirectAU-Nov-01-2023_19-57-10.pth
01 Nov 20:40    INFO  epoch 64 training [time: 24.66s, train loss: -0.7978]
01 Nov 20:40    INFO  epoch 64 evaluating [time: 15.19s, valid_score: 0.068900]
01 Nov 20:40    INFO  valid result: 
recall@10 : 0.0692    recall@20 : 0.11    recall@50 : 0.1947    ndcg@10 : 0.0552    ndcg@20 : 0.0689    ndcg@50 : 0.0936    
01 Nov 20:40    INFO  epoch 65 training [time: 24.65s, train loss: -0.7978]
01 Nov 20:41    INFO  epoch 65 evaluating [time: 15.47s, valid_score: 0.068900]
01 Nov 20:41    INFO  valid result: 
recall@10 : 0.0687    recall@20 : 0.1098    recall@50 : 0.1952    ndcg@10 : 0.055    ndcg@20 : 0.0689    ndcg@50 : 0.0937    
01 Nov 20:41    INFO  epoch 66 training [time: 24.65s, train loss: -0.7978]
01 Nov 20:41    INFO  epoch 66 evaluating [time: 15.06s, valid_score: 0.069100]
01 Nov 20:41    INFO  valid result: 
recall@10 : 0.0687    recall@20 : 0.1102    recall@50 : 0.1956    ndcg@10 : 0.0551    ndcg@20 : 0.0691    ndcg@50 : 0.0938    
01 Nov 20:42    INFO  epoch 67 training [time: 24.27s, train loss: -0.7979]
01 Nov 20:42    INFO  epoch 67 evaluating [time: 15.43s, valid_score: 0.069000]
01 Nov 20:42    INFO  valid result: 
recall@10 : 0.0686    recall@20 : 0.11    recall@50 : 0.1956    ndcg@10 : 0.055    ndcg@20 : 0.069    ndcg@50 : 0.0938    
01 Nov 20:42    INFO  epoch 68 training [time: 24.56s, train loss: -0.7978]
01 Nov 20:43    INFO  epoch 68 evaluating [time: 15.48s, valid_score: 0.068900]
01 Nov 20:43    INFO  valid result: 
recall@10 : 0.0691    recall@20 : 0.1101    recall@50 : 0.1961    ndcg@10 : 0.0551    ndcg@20 : 0.0689    ndcg@50 : 0.0939    
01 Nov 20:43    INFO  epoch 69 training [time: 24.68s, train loss: -0.7978]
01 Nov 20:43    INFO  epoch 69 evaluating [time: 15.10s, valid_score: 0.069200]
01 Nov 20:43    INFO  valid result: 
recall@10 : 0.0694    recall@20 : 0.1103    recall@50 : 0.1959    ndcg@10 : 0.0555    ndcg@20 : 0.0692    ndcg@50 : 0.0941    
01 Nov 20:44    INFO  epoch 70 training [time: 24.76s, train loss: -0.7979]
01 Nov 20:44    INFO  epoch 70 evaluating [time: 15.50s, valid_score: 0.069200]
01 Nov 20:44    INFO  valid result: 
recall@10 : 0.0691    recall@20 : 0.1104    recall@50 : 0.1956    ndcg@10 : 0.0553    ndcg@20 : 0.0692    ndcg@50 : 0.094    
01 Nov 20:44    INFO  epoch 71 training [time: 24.70s, train loss: -0.7979]
01 Nov 20:45    INFO  epoch 71 evaluating [time: 15.25s, valid_score: 0.069100]
01 Nov 20:45    INFO  valid result: 
recall@10 : 0.0685    recall@20 : 0.11    recall@50 : 0.196    ndcg@10 : 0.0551    ndcg@20 : 0.0691    ndcg@50 : 0.094    
01 Nov 20:45    INFO  epoch 72 training [time: 24.64s, train loss: -0.7979]
01 Nov 20:45    INFO  epoch 72 evaluating [time: 15.50s, valid_score: 0.069200]
01 Nov 20:45    INFO  valid result: 
recall@10 : 0.0684    recall@20 : 0.1099    recall@50 : 0.1964    ndcg@10 : 0.0552    ndcg@20 : 0.0692    ndcg@50 : 0.0943    
01 Nov 20:46    INFO  epoch 73 training [time: 24.73s, train loss: -0.7980]
01 Nov 20:46    INFO  epoch 73 evaluating [time: 15.19s, valid_score: 0.069200]
01 Nov 20:46    INFO  valid result: 
recall@10 : 0.0685    recall@20 : 0.1099    recall@50 : 0.1963    ndcg@10 : 0.0553    ndcg@20 : 0.0692    ndcg@50 : 0.0943    
01 Nov 20:46    INFO  epoch 74 training [time: 24.62s, train loss: -0.7980]
01 Nov 20:47    INFO  epoch 74 evaluating [time: 15.30s, valid_score: 0.069300]
01 Nov 20:47    INFO  valid result: 
recall@10 : 0.0688    recall@20 : 0.11    recall@50 : 0.1959    ndcg@10 : 0.0554    ndcg@20 : 0.0693    ndcg@50 : 0.0942    
01 Nov 20:47    INFO  Saving current best: saved/DirectAU-Nov-01-2023_19-57-10.pth
01 Nov 20:47    INFO  epoch 75 training [time: 24.62s, train loss: -0.7980]
01 Nov 20:47    INFO  epoch 75 evaluating [time: 15.13s, valid_score: 0.069600]
01 Nov 20:47    INFO  valid result: 
recall@10 : 0.0692    recall@20 : 0.1111    recall@50 : 0.1956    ndcg@10 : 0.0554    ndcg@20 : 0.0696    ndcg@50 : 0.0942    
01 Nov 20:47    INFO  Saving current best: saved/DirectAU-Nov-01-2023_19-57-10.pth
01 Nov 20:48    INFO  epoch 76 training [time: 24.63s, train loss: -0.7980]
01 Nov 20:48    INFO  epoch 76 evaluating [time: 15.41s, valid_score: 0.069000]
01 Nov 20:48    INFO  valid result: 
recall@10 : 0.0691    recall@20 : 0.11    recall@50 : 0.1955    ndcg@10 : 0.0553    ndcg@20 : 0.069    ndcg@50 : 0.0939    
01 Nov 20:48    INFO  epoch 77 training [time: 24.63s, train loss: -0.7980]
01 Nov 20:49    INFO  epoch 77 evaluating [time: 15.20s, valid_score: 0.069200]
01 Nov 20:49    INFO  valid result: 
recall@10 : 0.0686    recall@20 : 0.1104    recall@50 : 0.1952    ndcg@10 : 0.0552    ndcg@20 : 0.0692    ndcg@50 : 0.0938    
01 Nov 20:49    INFO  epoch 78 training [time: 24.66s, train loss: -0.7981]
01 Nov 20:49    INFO  epoch 78 evaluating [time: 15.40s, valid_score: 0.069100]
01 Nov 20:49    INFO  valid result: 
recall@10 : 0.0687    recall@20 : 0.1102    recall@50 : 0.196    ndcg@10 : 0.0551    ndcg@20 : 0.0691    ndcg@50 : 0.0939    
01 Nov 20:50    INFO  epoch 79 training [time: 24.70s, train loss: -0.7981]
01 Nov 20:50    INFO  epoch 79 evaluating [time: 15.23s, valid_score: 0.069000]
01 Nov 20:50    INFO  valid result: 
recall@10 : 0.0688    recall@20 : 0.1099    recall@50 : 0.1959    ndcg@10 : 0.0552    ndcg@20 : 0.069    ndcg@50 : 0.094    
01 Nov 20:50    INFO  epoch 80 training [time: 24.68s, train loss: -0.7981]
01 Nov 20:51    INFO  epoch 80 evaluating [time: 15.53s, valid_score: 0.068900]
01 Nov 20:51    INFO  valid result: 
recall@10 : 0.0688    recall@20 : 0.1098    recall@50 : 0.1954    ndcg@10 : 0.0551    ndcg@20 : 0.0689    ndcg@50 : 0.0938    
01 Nov 20:51    INFO  epoch 81 training [time: 24.64s, train loss: -0.7980]
01 Nov 20:51    INFO  epoch 81 evaluating [time: 15.41s, valid_score: 0.069200]
01 Nov 20:51    INFO  valid result: 
recall@10 : 0.0689    recall@20 : 0.1105    recall@50 : 0.1953    ndcg@10 : 0.0552    ndcg@20 : 0.0692    ndcg@50 : 0.0938    
01 Nov 20:52    INFO  epoch 82 training [time: 24.64s, train loss: -0.7981]
01 Nov 20:52    INFO  epoch 82 evaluating [time: 15.09s, valid_score: 0.069400]
01 Nov 20:52    INFO  valid result: 
recall@10 : 0.0688    recall@20 : 0.1105    recall@50 : 0.1961    ndcg@10 : 0.0554    ndcg@20 : 0.0694    ndcg@50 : 0.0942    
01 Nov 20:52    INFO  epoch 83 training [time: 24.66s, train loss: -0.7982]
01 Nov 20:53    INFO  epoch 83 evaluating [time: 15.48s, valid_score: 0.069600]
01 Nov 20:53    INFO  valid result: 
recall@10 : 0.0694    recall@20 : 0.1111    recall@50 : 0.196    ndcg@10 : 0.0556    ndcg@20 : 0.0696    ndcg@50 : 0.0943    
01 Nov 20:53    INFO  epoch 84 training [time: 24.65s, train loss: -0.7982]
01 Nov 20:53    INFO  epoch 84 evaluating [time: 15.34s, valid_score: 0.069600]
01 Nov 20:53    INFO  valid result: 
recall@10 : 0.0689    recall@20 : 0.1103    recall@50 : 0.1964    ndcg@10 : 0.0557    ndcg@20 : 0.0696    ndcg@50 : 0.0946    
01 Nov 20:54    INFO  epoch 85 training [time: 24.64s, train loss: -0.7982]
01 Nov 20:54    INFO  epoch 85 evaluating [time: 15.44s, valid_score: 0.069500]
01 Nov 20:54    INFO  valid result: 
recall@10 : 0.069    recall@20 : 0.1102    recall@50 : 0.196    ndcg@10 : 0.0556    ndcg@20 : 0.0695    ndcg@50 : 0.0944    
01 Nov 20:54    INFO  epoch 86 training [time: 24.65s, train loss: -0.7983]
01 Nov 20:55    INFO  epoch 86 evaluating [time: 15.17s, valid_score: 0.069400]
01 Nov 20:55    INFO  valid result: 
recall@10 : 0.0689    recall@20 : 0.1104    recall@50 : 0.1956    ndcg@10 : 0.0554    ndcg@20 : 0.0694    ndcg@50 : 0.0941    
01 Nov 20:55    INFO  Finished training, best eval result in epoch 75
01 Nov 20:55    INFO  Loading model structure and parameters from saved/DirectAU-Nov-01-2023_19-57-10.pth
01 Nov 20:55    INFO  best valid : {'recall@10': 0.0692, 'recall@20': 0.1111, 'recall@50': 0.1956, 'ndcg@10': 0.0554, 'ndcg@20': 0.0696, 'ndcg@50': 0.0942}
01 Nov 20:55    INFO  test result: {'recall@10': 0.0706, 'recall@20': 0.1128, 'recall@50': 0.1973, 'ndcg@10': 0.0567, 'ndcg@20': 0.0708, 'ndcg@50': 0.0953}
