04 Nov 11:04    INFO  
General Hyper Parameters:
gpu_id = 3
use_gpu = True
seed = 0
state = INFO
reproducibility = True
data_path = dataset/Gowalla
show_progress = False

Training Hyper Parameters:
checkpoint_dir = saved
epochs = 500
train_batch_size = 1024
learner = adam
learning_rate = 0.001
training_neg_sample_num = 0
training_neg_sample_distribution = uniform
eval_step = 1
stopping_step = 10
clip_grad_norm = None
weight_decay = 1e-06
draw_loss_pic = False
loss_decimal_place = 4

Evaluation Hyper Parameters:
eval_setting = RO_RS,full
group_by_user = True
split_ratio = [0.8, 0.1, 0.1]
leave_one_num = 2
real_time_process = False
metrics = ['Recall', 'NDCG']
topk = [10, 20, 50]
valid_metric = NDCG@20
eval_batch_size = 4096
metric_decimal_place = 4

Dataset Hyper Parameters:
field_separator = 	
seq_separator =  
USER_ID_FIELD = user_id
ITEM_ID_FIELD = item_id
RATING_FIELD = rating
TIME_FIELD = timestamp
seq_len = None
LABEL_FIELD = label
threshold = None
NEG_PREFIX = neg_
load_col = {'inter': ['user_id', 'item_id', 'timestamp']}
unload_col = None
unused_col = None
additional_feat_suffix = None
lowest_val = None
highest_val = None
equal_val = None
not_equal_val = None
max_user_inter_num = None
min_user_inter_num = 5
max_item_inter_num = None
min_item_inter_num = 5
fields_in_same_space = None
preload_weight = None
normalize_field = None
normalize_all = None
ITEM_LIST_LENGTH_FIELD = item_length
LIST_SUFFIX = _list
MAX_ITEM_LIST_LENGTH = 50
POSITION_FIELD = position_id
HEAD_ENTITY_ID_FIELD = head_id
TAIL_ENTITY_ID_FIELD = tail_id
RELATION_ID_FIELD = relation_id
ENTITY_ID_FIELD = entity_id

Other Hyper Parameters: 
valid_metric_bigger = True
BT = 0.1
alpha = None
bt = 0.001
d = None
embedding_size = 64
encoder = MF
gamma = 5
std = None
times = 1
witem = 0.1
wuser = 0.8
rm_dup_inter = None
filter_inter_by_user_or_item = True
SOURCE_ID_FIELD = source_id
TARGET_ID_FIELD = target_id
benchmark_filename = None
MODEL_TYPE = ModelType.GENERAL
MODEL_INPUT_TYPE = InputType.POINTWISE
eval_type = EvaluatorType.RANKING
device = cuda
train_neg_sample_args = {'strategy': 'none'}


04 Nov 11:04    INFO  Gowalla
The number of users: 29859
Average actions of users: 34.408533726304505
The number of items: 40982
Average actions of items: 25.06942241526561
The number of inters: 1027370
The sparsity of the dataset: 99.91604269835769%
Remain Fields: ['user_id', 'item_id']
04 Nov 11:04    INFO  Build [GeneralDataLoader] for [train] with format [InputType.POINTWISE]
04 Nov 11:04    INFO  [train] No Negative Sampling
04 Nov 11:04    INFO  [train] batch_size = [1024], shuffle = [True]

04 Nov 11:04    INFO  Build [GeneralFullDataLoader] for [evaluation] with format [InputType.POINTWISE]
04 Nov 11:04    INFO  Evaluation Setting:
	Group by user_id
	Ordering: {'strategy': 'shuffle'}
	Splitting: {'strategy': 'by_ratio', 'ratios': [0.8, 0.1, 0.1]}
	Negative Sampling: {'strategy': 'full', 'distribution': 'uniform'}
04 Nov 11:04    INFO  [evaluation] batch_size = [4096], shuffle = [False]

04 Nov 11:04    WARNING  Batch size is changed to 40982.
04 Nov 11:04    WARNING  Batch size is changed to 40982.
{'BT': 0.1, 'alpha': None, 'bt': 0.001, 'd': None, 'embedding_size': 64, 'encoder': 'MF', 'gamma': None, 'std': None, 'times': 1, 'training_neg_sample_num': 0, 'witem': 0.1, 'wuser': 0.8}
this is encoder MF...
这是directau 的 RE 版本...
04 Nov 11:04    INFO  DirectAU(
  (encoder): MFEncoder(
    (user_embedding): Embedding(29859, 64)
    (item_embedding): Embedding(40982, 64)
  )
  (bn): BatchNorm1d(64, eps=1e-05, momentum=0.1, affine=False, track_running_stats=True)
  (projector): Sequential(
    (0): Linear(in_features=64, out_features=64, bias=False)
    (1): BatchNorm1d(64, eps=1e-05, momentum=0.1, affine=True, track_running_stats=True)
    (2): ReLU(inplace=True)
    (3): Linear(in_features=64, out_features=64, bias=False)
    (4): BatchNorm1d(64, eps=1e-05, momentum=0.1, affine=True, track_running_stats=True)
    (5): ReLU(inplace=True)
    (6): Linear(in_features=64, out_features=64, bias=False)
  )
)
Trainable parameters: 4546368
04 Nov 11:05    INFO  epoch 0 training [time: 15.86s, train loss: -36.8006]
04 Nov 11:05    INFO  epoch 0 evaluating [time: 16.83s, valid_score: 0.018500]
04 Nov 11:05    INFO  valid result: 
recall@10 : 0.0212    recall@20 : 0.0315    recall@50 : 0.0529    ndcg@10 : 0.0153    ndcg@20 : 0.0185    ndcg@50 : 0.0242    
04 Nov 11:05    INFO  Saving current best: saved/DirectAU-Nov-04-2023_11-04-48.pth
04 Nov 11:05    INFO  epoch 1 training [time: 15.77s, train loss: -37.1668]
04 Nov 11:05    INFO  epoch 1 evaluating [time: 14.99s, valid_score: 0.035000]
04 Nov 11:05    INFO  valid result: 
recall@10 : 0.0413    recall@20 : 0.0626    recall@50 : 0.1086    ndcg@10 : 0.0286    ndcg@20 : 0.035    ndcg@50 : 0.0467    
04 Nov 11:05    INFO  Saving current best: saved/DirectAU-Nov-04-2023_11-04-48.pth
04 Nov 11:06    INFO  epoch 2 training [time: 15.75s, train loss: -37.2854]
04 Nov 11:06    INFO  epoch 2 evaluating [time: 15.21s, valid_score: 0.042900]
04 Nov 11:06    INFO  valid result: 
recall@10 : 0.0512    recall@20 : 0.0791    recall@50 : 0.1331    ndcg@10 : 0.0345    ndcg@20 : 0.0429    ndcg@50 : 0.0565    
04 Nov 11:06    INFO  Saving current best: saved/DirectAU-Nov-04-2023_11-04-48.pth
04 Nov 11:06    INFO  epoch 3 training [time: 15.80s, train loss: -37.3449]
04 Nov 11:06    INFO  epoch 3 evaluating [time: 14.91s, valid_score: 0.048400]
04 Nov 11:06    INFO  valid result: 
recall@10 : 0.0585    recall@20 : 0.089    recall@50 : 0.1497    ndcg@10 : 0.0393    ndcg@20 : 0.0484    ndcg@50 : 0.0636    
04 Nov 11:06    INFO  Saving current best: saved/DirectAU-Nov-04-2023_11-04-48.pth
04 Nov 11:07    INFO  epoch 4 training [time: 15.83s, train loss: -37.3828]
04 Nov 11:07    INFO  epoch 4 evaluating [time: 14.97s, valid_score: 0.052000]
04 Nov 11:07    INFO  valid result: 
recall@10 : 0.0619    recall@20 : 0.0962    recall@50 : 0.1608    ndcg@10 : 0.0417    ndcg@20 : 0.052    ndcg@50 : 0.0681    
04 Nov 11:07    INFO  Saving current best: saved/DirectAU-Nov-04-2023_11-04-48.pth
04 Nov 11:07    INFO  epoch 5 training [time: 15.92s, train loss: -37.4106]
04 Nov 11:07    INFO  epoch 5 evaluating [time: 14.96s, valid_score: 0.055600]
04 Nov 11:07    INFO  valid result: 
recall@10 : 0.0666    recall@20 : 0.1025    recall@50 : 0.1676    ndcg@10 : 0.0449    ndcg@20 : 0.0556    ndcg@50 : 0.0718    
04 Nov 11:07    INFO  Saving current best: saved/DirectAU-Nov-04-2023_11-04-48.pth
04 Nov 11:08    INFO  epoch 6 training [time: 15.83s, train loss: -37.4327]
04 Nov 11:08    INFO  epoch 6 evaluating [time: 15.13s, valid_score: 0.057500]
04 Nov 11:08    INFO  valid result: 
recall@10 : 0.0692    recall@20 : 0.106    recall@50 : 0.178    ndcg@10 : 0.0465    ndcg@20 : 0.0575    ndcg@50 : 0.0753    
04 Nov 11:08    INFO  Saving current best: saved/DirectAU-Nov-04-2023_11-04-48.pth
04 Nov 11:08    INFO  epoch 7 training [time: 15.79s, train loss: -37.4506]
04 Nov 11:08    INFO  epoch 7 evaluating [time: 14.79s, valid_score: 0.060300]
04 Nov 11:08    INFO  valid result: 
recall@10 : 0.0731    recall@20 : 0.1119    recall@50 : 0.1853    ndcg@10 : 0.0489    ndcg@20 : 0.0603    ndcg@50 : 0.0785    
04 Nov 11:08    INFO  Saving current best: saved/DirectAU-Nov-04-2023_11-04-48.pth
04 Nov 11:09    INFO  epoch 8 training [time: 15.93s, train loss: -37.4659]
04 Nov 11:09    INFO  epoch 8 evaluating [time: 14.99s, valid_score: 0.062200]
04 Nov 11:09    INFO  valid result: 
recall@10 : 0.0755    recall@20 : 0.1156    recall@50 : 0.1915    ndcg@10 : 0.0503    ndcg@20 : 0.0622    ndcg@50 : 0.081    
04 Nov 11:09    INFO  Saving current best: saved/DirectAU-Nov-04-2023_11-04-48.pth
04 Nov 11:09    INFO  epoch 9 training [time: 15.90s, train loss: -37.4801]
04 Nov 11:09    INFO  epoch 9 evaluating [time: 14.81s, valid_score: 0.063900]
04 Nov 11:09    INFO  valid result: 
recall@10 : 0.0781    recall@20 : 0.1184    recall@50 : 0.197    ndcg@10 : 0.0519    ndcg@20 : 0.0639    ndcg@50 : 0.0833    
04 Nov 11:10    INFO  Saving current best: saved/DirectAU-Nov-04-2023_11-04-48.pth
04 Nov 11:10    INFO  epoch 10 training [time: 15.96s, train loss: -37.4925]
04 Nov 11:10    INFO  epoch 10 evaluating [time: 17.04s, valid_score: 0.065900]
04 Nov 11:10    INFO  valid result: 
recall@10 : 0.0795    recall@20 : 0.1221    recall@50 : 0.2024    ndcg@10 : 0.0533    ndcg@20 : 0.0659    ndcg@50 : 0.0856    
04 Nov 11:10    INFO  Saving current best: saved/DirectAU-Nov-04-2023_11-04-48.pth
04 Nov 11:10    INFO  epoch 11 training [time: 15.95s, train loss: -37.5039]
04 Nov 11:11    INFO  epoch 11 evaluating [time: 15.09s, valid_score: 0.067500]
04 Nov 11:11    INFO  valid result: 
recall@10 : 0.0824    recall@20 : 0.1248    recall@50 : 0.2078    ndcg@10 : 0.0549    ndcg@20 : 0.0675    ndcg@50 : 0.0878    
04 Nov 11:11    INFO  Saving current best: saved/DirectAU-Nov-04-2023_11-04-48.pth
04 Nov 11:11    INFO  epoch 12 training [time: 15.93s, train loss: -37.5136]
04 Nov 11:11    INFO  epoch 12 evaluating [time: 14.90s, valid_score: 0.069200]
04 Nov 11:11    INFO  valid result: 
recall@10 : 0.0847    recall@20 : 0.1289    recall@50 : 0.2118    ndcg@10 : 0.0562    ndcg@20 : 0.0692    ndcg@50 : 0.0896    
04 Nov 11:11    INFO  Saving current best: saved/DirectAU-Nov-04-2023_11-04-48.pth
04 Nov 11:11    INFO  epoch 13 training [time: 15.91s, train loss: -37.5225]
04 Nov 11:12    INFO  epoch 13 evaluating [time: 15.22s, valid_score: 0.070800]
04 Nov 11:12    INFO  valid result: 
recall@10 : 0.0863    recall@20 : 0.1313    recall@50 : 0.217    ndcg@10 : 0.0575    ndcg@20 : 0.0708    ndcg@50 : 0.0918    
04 Nov 11:12    INFO  Saving current best: saved/DirectAU-Nov-04-2023_11-04-48.pth
04 Nov 11:12    INFO  epoch 14 training [time: 15.93s, train loss: -37.5309]
04 Nov 11:12    INFO  epoch 14 evaluating [time: 14.88s, valid_score: 0.072400]
04 Nov 11:12    INFO  valid result: 
recall@10 : 0.0882    recall@20 : 0.1341    recall@50 : 0.2198    ndcg@10 : 0.0587    ndcg@20 : 0.0724    ndcg@50 : 0.0934    
04 Nov 11:12    INFO  Saving current best: saved/DirectAU-Nov-04-2023_11-04-48.pth
04 Nov 11:12    INFO  epoch 15 training [time: 15.92s, train loss: -37.5382]
04 Nov 11:13    INFO  epoch 15 evaluating [time: 14.96s, valid_score: 0.074400]
04 Nov 11:13    INFO  valid result: 
recall@10 : 0.0923    recall@20 : 0.1373    recall@50 : 0.2229    ndcg@10 : 0.061    ndcg@20 : 0.0744    ndcg@50 : 0.0955    
04 Nov 11:13    INFO  Saving current best: saved/DirectAU-Nov-04-2023_11-04-48.pth
04 Nov 11:13    INFO  epoch 16 training [time: 15.93s, train loss: -37.5448]
04 Nov 11:13    INFO  epoch 16 evaluating [time: 14.71s, valid_score: 0.075700]
04 Nov 11:13    INFO  valid result: 
recall@10 : 0.0927    recall@20 : 0.1395    recall@50 : 0.2272    ndcg@10 : 0.0619    ndcg@20 : 0.0757    ndcg@50 : 0.0973    
04 Nov 11:13    INFO  Saving current best: saved/DirectAU-Nov-04-2023_11-04-48.pth
04 Nov 11:13    INFO  epoch 17 training [time: 15.91s, train loss: -37.5500]
04 Nov 11:14    INFO  epoch 17 evaluating [time: 15.01s, valid_score: 0.076900]
04 Nov 11:14    INFO  valid result: 
recall@10 : 0.0936    recall@20 : 0.1422    recall@50 : 0.2303    ndcg@10 : 0.0626    ndcg@20 : 0.0769    ndcg@50 : 0.0985    
04 Nov 11:14    INFO  Saving current best: saved/DirectAU-Nov-04-2023_11-04-48.pth
04 Nov 11:14    INFO  epoch 18 training [time: 15.90s, train loss: -37.5558]
04 Nov 11:14    INFO  epoch 18 evaluating [time: 14.71s, valid_score: 0.078500]
04 Nov 11:14    INFO  valid result: 
recall@10 : 0.0956    recall@20 : 0.1439    recall@50 : 0.2322    ndcg@10 : 0.0642    ndcg@20 : 0.0785    ndcg@50 : 0.1001    
04 Nov 11:14    INFO  Saving current best: saved/DirectAU-Nov-04-2023_11-04-48.pth
04 Nov 11:14    INFO  epoch 19 training [time: 15.90s, train loss: -37.5614]
04 Nov 11:15    INFO  epoch 19 evaluating [time: 14.94s, valid_score: 0.079300]
04 Nov 11:15    INFO  valid result: 
recall@10 : 0.0971    recall@20 : 0.1459    recall@50 : 0.2351    ndcg@10 : 0.0649    ndcg@20 : 0.0793    ndcg@50 : 0.1012    
04 Nov 11:15    INFO  Saving current best: saved/DirectAU-Nov-04-2023_11-04-48.pth
04 Nov 11:15    INFO  epoch 20 training [time: 15.91s, train loss: -37.5659]
04 Nov 11:15    INFO  epoch 20 evaluating [time: 14.91s, valid_score: 0.081200]
04 Nov 11:15    INFO  valid result: 
recall@10 : 0.0992    recall@20 : 0.1493    recall@50 : 0.2389    ndcg@10 : 0.0665    ndcg@20 : 0.0812    ndcg@50 : 0.1032    
04 Nov 11:15    INFO  Saving current best: saved/DirectAU-Nov-04-2023_11-04-48.pth
04 Nov 11:15    INFO  epoch 21 training [time: 15.89s, train loss: -37.5699]
04 Nov 11:16    INFO  epoch 21 evaluating [time: 14.89s, valid_score: 0.082500]
04 Nov 11:16    INFO  valid result: 
recall@10 : 0.1011    recall@20 : 0.1507    recall@50 : 0.2405    ndcg@10 : 0.0679    ndcg@20 : 0.0825    ndcg@50 : 0.1045    
04 Nov 11:16    INFO  Saving current best: saved/DirectAU-Nov-04-2023_11-04-48.pth
04 Nov 11:16    INFO  epoch 22 training [time: 15.97s, train loss: -37.5738]
04 Nov 11:16    INFO  epoch 22 evaluating [time: 16.13s, valid_score: 0.083400]
04 Nov 11:16    INFO  valid result: 
recall@10 : 0.1021    recall@20 : 0.1522    recall@50 : 0.244    ndcg@10 : 0.0687    ndcg@20 : 0.0834    ndcg@50 : 0.1058    
04 Nov 11:16    INFO  Saving current best: saved/DirectAU-Nov-04-2023_11-04-48.pth
04 Nov 11:17    INFO  epoch 23 training [time: 15.89s, train loss: -37.5774]
04 Nov 11:17    INFO  epoch 23 evaluating [time: 17.12s, valid_score: 0.084400]
04 Nov 11:17    INFO  valid result: 
recall@10 : 0.1044    recall@20 : 0.1542    recall@50 : 0.2463    ndcg@10 : 0.0697    ndcg@20 : 0.0844    ndcg@50 : 0.1069    
04 Nov 11:17    INFO  Saving current best: saved/DirectAU-Nov-04-2023_11-04-48.pth
04 Nov 11:17    INFO  epoch 24 training [time: 15.97s, train loss: -37.5812]
04 Nov 11:17    INFO  epoch 24 evaluating [time: 14.85s, valid_score: 0.085400]
04 Nov 11:17    INFO  valid result: 
recall@10 : 0.104    recall@20 : 0.1565    recall@50 : 0.2489    ndcg@10 : 0.07    ndcg@20 : 0.0854    ndcg@50 : 0.108    
04 Nov 11:17    INFO  Saving current best: saved/DirectAU-Nov-04-2023_11-04-48.pth
04 Nov 11:18    INFO  epoch 25 training [time: 15.95s, train loss: -37.5837]
04 Nov 11:18    INFO  epoch 25 evaluating [time: 15.14s, valid_score: 0.086600]
04 Nov 11:18    INFO  valid result: 
recall@10 : 0.1055    recall@20 : 0.1577    recall@50 : 0.2505    ndcg@10 : 0.0712    ndcg@20 : 0.0866    ndcg@50 : 0.1093    
04 Nov 11:18    INFO  Saving current best: saved/DirectAU-Nov-04-2023_11-04-48.pth
04 Nov 11:18    INFO  epoch 26 training [time: 15.96s, train loss: -37.5868]
04 Nov 11:18    INFO  epoch 26 evaluating [time: 15.11s, valid_score: 0.086600]
04 Nov 11:18    INFO  valid result: 
recall@10 : 0.1065    recall@20 : 0.1574    recall@50 : 0.2527    ndcg@10 : 0.0716    ndcg@20 : 0.0866    ndcg@50 : 0.1098    
04 Nov 11:19    INFO  epoch 27 training [time: 15.95s, train loss: -37.5887]
04 Nov 11:19    INFO  epoch 27 evaluating [time: 15.14s, valid_score: 0.087500]
04 Nov 11:19    INFO  valid result: 
recall@10 : 0.1068    recall@20 : 0.1585    recall@50 : 0.2557    ndcg@10 : 0.0722    ndcg@20 : 0.0875    ndcg@50 : 0.1111    
04 Nov 11:19    INFO  Saving current best: saved/DirectAU-Nov-04-2023_11-04-48.pth
04 Nov 11:19    INFO  epoch 28 training [time: 15.94s, train loss: -37.5908]
04 Nov 11:19    INFO  epoch 28 evaluating [time: 15.18s, valid_score: 0.088000]
04 Nov 11:19    INFO  valid result: 
recall@10 : 0.1071    recall@20 : 0.1584    recall@50 : 0.2575    ndcg@10 : 0.0728    ndcg@20 : 0.088    ndcg@50 : 0.112    
04 Nov 11:19    INFO  Saving current best: saved/DirectAU-Nov-04-2023_11-04-48.pth
04 Nov 11:20    INFO  epoch 29 training [time: 15.92s, train loss: -37.5935]
04 Nov 11:20    INFO  epoch 29 evaluating [time: 14.85s, valid_score: 0.088900]
04 Nov 11:20    INFO  valid result: 
recall@10 : 0.1081    recall@20 : 0.1599    recall@50 : 0.2588    ndcg@10 : 0.0737    ndcg@20 : 0.0889    ndcg@50 : 0.1129    
04 Nov 11:20    INFO  Saving current best: saved/DirectAU-Nov-04-2023_11-04-48.pth
04 Nov 11:20    INFO  epoch 30 training [time: 15.95s, train loss: -37.5955]
04 Nov 11:20    INFO  epoch 30 evaluating [time: 14.99s, valid_score: 0.089800]
04 Nov 11:20    INFO  valid result: 
recall@10 : 0.1084    recall@20 : 0.162    recall@50 : 0.2589    ndcg@10 : 0.0739    ndcg@20 : 0.0898    ndcg@50 : 0.1133    
04 Nov 11:20    INFO  Saving current best: saved/DirectAU-Nov-04-2023_11-04-48.pth
04 Nov 11:21    INFO  epoch 31 training [time: 15.90s, train loss: -37.5977]
04 Nov 11:21    INFO  epoch 31 evaluating [time: 15.25s, valid_score: 0.090400]
04 Nov 11:21    INFO  valid result: 
recall@10 : 0.1102    recall@20 : 0.1632    recall@50 : 0.2616    ndcg@10 : 0.0747    ndcg@20 : 0.0904    ndcg@50 : 0.1143    
04 Nov 11:21    INFO  Saving current best: saved/DirectAU-Nov-04-2023_11-04-48.pth
04 Nov 11:21    INFO  epoch 32 training [time: 15.94s, train loss: -37.5989]
04 Nov 11:21    INFO  epoch 32 evaluating [time: 14.88s, valid_score: 0.091500]
04 Nov 11:21    INFO  valid result: 
recall@10 : 0.1113    recall@20 : 0.1645    recall@50 : 0.263    ndcg@10 : 0.0759    ndcg@20 : 0.0915    ndcg@50 : 0.1155    
04 Nov 11:21    INFO  Saving current best: saved/DirectAU-Nov-04-2023_11-04-48.pth
04 Nov 11:22    INFO  epoch 33 training [time: 15.94s, train loss: -37.6007]
04 Nov 11:22    INFO  epoch 33 evaluating [time: 14.81s, valid_score: 0.092100]
04 Nov 11:22    INFO  valid result: 
recall@10 : 0.1121    recall@20 : 0.1663    recall@50 : 0.2654    ndcg@10 : 0.0762    ndcg@20 : 0.0921    ndcg@50 : 0.1161    
04 Nov 11:22    INFO  Saving current best: saved/DirectAU-Nov-04-2023_11-04-48.pth
04 Nov 11:22    INFO  epoch 34 training [time: 15.93s, train loss: -37.6024]
04 Nov 11:23    INFO  epoch 34 evaluating [time: 15.05s, valid_score: 0.092100]
04 Nov 11:23    INFO  valid result: 
recall@10 : 0.1119    recall@20 : 0.1666    recall@50 : 0.2664    ndcg@10 : 0.076    ndcg@20 : 0.0921    ndcg@50 : 0.1164    
04 Nov 11:23    INFO  epoch 35 training [time: 15.91s, train loss: -37.6029]
04 Nov 11:23    INFO  epoch 35 evaluating [time: 14.91s, valid_score: 0.092700]
04 Nov 11:23    INFO  valid result: 
recall@10 : 0.112    recall@20 : 0.1673    recall@50 : 0.2675    ndcg@10 : 0.0766    ndcg@20 : 0.0927    ndcg@50 : 0.1171    
04 Nov 11:23    INFO  Saving current best: saved/DirectAU-Nov-04-2023_11-04-48.pth
04 Nov 11:23    INFO  epoch 36 training [time: 15.94s, train loss: -37.6044]
04 Nov 11:24    INFO  epoch 36 evaluating [time: 16.18s, valid_score: 0.093100]
04 Nov 11:24    INFO  valid result: 
recall@10 : 0.1139    recall@20 : 0.168    recall@50 : 0.2694    ndcg@10 : 0.0772    ndcg@20 : 0.0931    ndcg@50 : 0.1177    
04 Nov 11:24    INFO  Saving current best: saved/DirectAU-Nov-04-2023_11-04-48.pth
04 Nov 11:24    INFO  epoch 37 training [time: 15.92s, train loss: -37.6063]
04 Nov 11:24    INFO  epoch 37 evaluating [time: 15.04s, valid_score: 0.094000]
04 Nov 11:24    INFO  valid result: 
recall@10 : 0.1137    recall@20 : 0.1694    recall@50 : 0.2708    ndcg@10 : 0.0776    ndcg@20 : 0.094    ndcg@50 : 0.1186    
04 Nov 11:24    INFO  Saving current best: saved/DirectAU-Nov-04-2023_11-04-48.pth
04 Nov 11:24    INFO  epoch 38 training [time: 15.89s, train loss: -37.6068]
04 Nov 11:25    INFO  epoch 38 evaluating [time: 14.83s, valid_score: 0.095000]
04 Nov 11:25    INFO  valid result: 
recall@10 : 0.1151    recall@20 : 0.1712    recall@50 : 0.2708    ndcg@10 : 0.0785    ndcg@20 : 0.095    ndcg@50 : 0.1192    
04 Nov 11:25    INFO  Saving current best: saved/DirectAU-Nov-04-2023_11-04-48.pth
04 Nov 11:25    INFO  epoch 39 training [time: 15.90s, train loss: -37.6080]
04 Nov 11:25    INFO  epoch 39 evaluating [time: 15.08s, valid_score: 0.095200]
04 Nov 11:25    INFO  valid result: 
recall@10 : 0.1153    recall@20 : 0.1714    recall@50 : 0.2725    ndcg@10 : 0.0788    ndcg@20 : 0.0952    ndcg@50 : 0.1198    
04 Nov 11:25    INFO  Saving current best: saved/DirectAU-Nov-04-2023_11-04-48.pth
04 Nov 11:25    INFO  epoch 40 training [time: 15.92s, train loss: -37.6088]
04 Nov 11:26    INFO  epoch 40 evaluating [time: 14.89s, valid_score: 0.095100]
04 Nov 11:26    INFO  valid result: 
recall@10 : 0.1163    recall@20 : 0.1713    recall@50 : 0.2729    ndcg@10 : 0.079    ndcg@20 : 0.0951    ndcg@50 : 0.1198    
04 Nov 11:26    INFO  epoch 41 training [time: 15.92s, train loss: -37.6091]
04 Nov 11:26    INFO  epoch 41 evaluating [time: 15.05s, valid_score: 0.095700]
04 Nov 11:26    INFO  valid result: 
recall@10 : 0.1165    recall@20 : 0.1714    recall@50 : 0.2741    ndcg@10 : 0.0795    ndcg@20 : 0.0957    ndcg@50 : 0.1206    
04 Nov 11:26    INFO  Saving current best: saved/DirectAU-Nov-04-2023_11-04-48.pth
04 Nov 11:26    INFO  epoch 42 training [time: 15.92s, train loss: -37.6108]
04 Nov 11:27    INFO  epoch 42 evaluating [time: 14.77s, valid_score: 0.095800]
04 Nov 11:27    INFO  valid result: 
recall@10 : 0.1164    recall@20 : 0.1725    recall@50 : 0.2753    ndcg@10 : 0.0793    ndcg@20 : 0.0958    ndcg@50 : 0.1209    
04 Nov 11:27    INFO  Saving current best: saved/DirectAU-Nov-04-2023_11-04-48.pth
04 Nov 11:27    INFO  epoch 43 training [time: 15.89s, train loss: -37.6108]
04 Nov 11:27    INFO  epoch 43 evaluating [time: 15.06s, valid_score: 0.096400]
04 Nov 11:27    INFO  valid result: 
recall@10 : 0.1177    recall@20 : 0.1734    recall@50 : 0.276    ndcg@10 : 0.08    ndcg@20 : 0.0964    ndcg@50 : 0.1214    
04 Nov 11:27    INFO  Saving current best: saved/DirectAU-Nov-04-2023_11-04-48.pth
04 Nov 11:27    INFO  epoch 44 training [time: 15.88s, train loss: -37.6122]
04 Nov 11:28    INFO  epoch 44 evaluating [time: 15.24s, valid_score: 0.097000]
04 Nov 11:28    INFO  valid result: 
recall@10 : 0.1185    recall@20 : 0.1746    recall@50 : 0.2771    ndcg@10 : 0.0806    ndcg@20 : 0.097    ndcg@50 : 0.122    
04 Nov 11:28    INFO  Saving current best: saved/DirectAU-Nov-04-2023_11-04-48.pth
04 Nov 11:28    INFO  epoch 45 training [time: 15.91s, train loss: -37.6125]
04 Nov 11:28    INFO  epoch 45 evaluating [time: 14.97s, valid_score: 0.097500]
04 Nov 11:28    INFO  valid result: 
recall@10 : 0.1189    recall@20 : 0.1756    recall@50 : 0.2764    ndcg@10 : 0.0809    ndcg@20 : 0.0975    ndcg@50 : 0.1221    
04 Nov 11:28    INFO  Saving current best: saved/DirectAU-Nov-04-2023_11-04-48.pth
04 Nov 11:28    INFO  epoch 46 training [time: 15.91s, train loss: -37.6131]
04 Nov 11:29    INFO  epoch 46 evaluating [time: 15.13s, valid_score: 0.097800]
04 Nov 11:29    INFO  valid result: 
recall@10 : 0.1195    recall@20 : 0.1761    recall@50 : 0.2777    ndcg@10 : 0.0812    ndcg@20 : 0.0978    ndcg@50 : 0.1226    
04 Nov 11:29    INFO  Saving current best: saved/DirectAU-Nov-04-2023_11-04-48.pth
04 Nov 11:29    INFO  epoch 47 training [time: 15.91s, train loss: -37.6136]
04 Nov 11:29    INFO  epoch 47 evaluating [time: 14.82s, valid_score: 0.098400]
04 Nov 11:29    INFO  valid result: 
recall@10 : 0.1213    recall@20 : 0.177    recall@50 : 0.2797    ndcg@10 : 0.0821    ndcg@20 : 0.0984    ndcg@50 : 0.1235    
04 Nov 11:29    INFO  Saving current best: saved/DirectAU-Nov-04-2023_11-04-48.pth
04 Nov 11:30    INFO  epoch 48 training [time: 15.90s, train loss: -37.6147]
04 Nov 11:30    INFO  epoch 48 evaluating [time: 15.14s, valid_score: 0.098600]
04 Nov 11:30    INFO  valid result: 
recall@10 : 0.1204    recall@20 : 0.1773    recall@50 : 0.2803    ndcg@10 : 0.0819    ndcg@20 : 0.0986    ndcg@50 : 0.1237    
04 Nov 11:30    INFO  Saving current best: saved/DirectAU-Nov-04-2023_11-04-48.pth
04 Nov 11:30    INFO  epoch 49 training [time: 15.88s, train loss: -37.6145]
04 Nov 11:30    INFO  epoch 49 evaluating [time: 14.69s, valid_score: 0.098500]
04 Nov 11:30    INFO  valid result: 
recall@10 : 0.1204    recall@20 : 0.1773    recall@50 : 0.2803    ndcg@10 : 0.0818    ndcg@20 : 0.0985    ndcg@50 : 0.1236    
04 Nov 11:31    INFO  epoch 50 training [time: 15.88s, train loss: -37.6159]
04 Nov 11:31    INFO  epoch 50 evaluating [time: 14.94s, valid_score: 0.099400]
04 Nov 11:31    INFO  valid result: 
recall@10 : 0.1211    recall@20 : 0.1782    recall@50 : 0.2817    ndcg@10 : 0.0826    ndcg@20 : 0.0994    ndcg@50 : 0.1245    
04 Nov 11:31    INFO  Saving current best: saved/DirectAU-Nov-04-2023_11-04-48.pth
04 Nov 11:31    INFO  epoch 51 training [time: 15.92s, train loss: -37.6156]
04 Nov 11:31    INFO  epoch 51 evaluating [time: 14.76s, valid_score: 0.099800]
04 Nov 11:31    INFO  valid result: 
recall@10 : 0.1218    recall@20 : 0.1792    recall@50 : 0.2827    ndcg@10 : 0.083    ndcg@20 : 0.0998    ndcg@50 : 0.125    
04 Nov 11:31    INFO  Saving current best: saved/DirectAU-Nov-04-2023_11-04-48.pth
04 Nov 11:32    INFO  epoch 52 training [time: 15.92s, train loss: -37.6160]
04 Nov 11:32    INFO  epoch 52 evaluating [time: 14.98s, valid_score: 0.100300]
04 Nov 11:32    INFO  valid result: 
recall@10 : 0.1218    recall@20 : 0.1805    recall@50 : 0.2822    ndcg@10 : 0.0832    ndcg@20 : 0.1003    ndcg@50 : 0.1252    
04 Nov 11:32    INFO  Saving current best: saved/DirectAU-Nov-04-2023_11-04-48.pth
04 Nov 11:32    INFO  epoch 53 training [time: 15.92s, train loss: -37.6163]
04 Nov 11:32    INFO  epoch 53 evaluating [time: 14.98s, valid_score: 0.099800]
04 Nov 11:32    INFO  valid result: 
recall@10 : 0.1223    recall@20 : 0.1798    recall@50 : 0.282    ndcg@10 : 0.083    ndcg@20 : 0.0998    ndcg@50 : 0.1247    
04 Nov 11:33    INFO  epoch 54 training [time: 15.94s, train loss: -37.6167]
04 Nov 11:33    INFO  epoch 54 evaluating [time: 15.04s, valid_score: 0.100000]
04 Nov 11:33    INFO  valid result: 
recall@10 : 0.1225    recall@20 : 0.1791    recall@50 : 0.2838    ndcg@10 : 0.0834    ndcg@20 : 0.1    ndcg@50 : 0.1255    
04 Nov 11:33    INFO  epoch 55 training [time: 15.91s, train loss: -37.6168]
04 Nov 11:33    INFO  epoch 55 evaluating [time: 14.88s, valid_score: 0.101200]
04 Nov 11:33    INFO  valid result: 
recall@10 : 0.1232    recall@20 : 0.1802    recall@50 : 0.2842    ndcg@10 : 0.0844    ndcg@20 : 0.1012    ndcg@50 : 0.1266    
04 Nov 11:33    INFO  Saving current best: saved/DirectAU-Nov-04-2023_11-04-48.pth
04 Nov 11:34    INFO  epoch 56 training [time: 15.90s, train loss: -37.6178]
04 Nov 11:34    INFO  epoch 56 evaluating [time: 15.11s, valid_score: 0.101200]
04 Nov 11:34    INFO  valid result: 
recall@10 : 0.1232    recall@20 : 0.1813    recall@50 : 0.284    ndcg@10 : 0.0841    ndcg@20 : 0.1012    ndcg@50 : 0.1262    
04 Nov 11:34    INFO  epoch 57 training [time: 15.98s, train loss: -37.6179]
04 Nov 11:34    INFO  epoch 57 evaluating [time: 17.18s, valid_score: 0.101600]
04 Nov 11:34    INFO  valid result: 
recall@10 : 0.1237    recall@20 : 0.1809    recall@50 : 0.2851    ndcg@10 : 0.0849    ndcg@20 : 0.1016    ndcg@50 : 0.127    
04 Nov 11:34    INFO  Saving current best: saved/DirectAU-Nov-04-2023_11-04-48.pth
04 Nov 11:35    INFO  epoch 58 training [time: 16.04s, train loss: -37.6177]
04 Nov 11:35    INFO  epoch 58 evaluating [time: 15.46s, valid_score: 0.101800]
04 Nov 11:35    INFO  valid result: 
recall@10 : 0.1243    recall@20 : 0.1807    recall@50 : 0.2851    ndcg@10 : 0.0852    ndcg@20 : 0.1018    ndcg@50 : 0.1272    
04 Nov 11:35    INFO  Saving current best: saved/DirectAU-Nov-04-2023_11-04-48.pth
04 Nov 11:35    INFO  epoch 59 training [time: 15.86s, train loss: -37.6180]
04 Nov 11:36    INFO  epoch 59 evaluating [time: 15.09s, valid_score: 0.101800]
04 Nov 11:36    INFO  valid result: 
recall@10 : 0.1243    recall@20 : 0.1813    recall@50 : 0.2861    ndcg@10 : 0.0852    ndcg@20 : 0.1018    ndcg@50 : 0.1274    
04 Nov 11:36    INFO  epoch 60 training [time: 15.92s, train loss: -37.6187]
04 Nov 11:36    INFO  epoch 60 evaluating [time: 15.05s, valid_score: 0.101700]
04 Nov 11:36    INFO  valid result: 
recall@10 : 0.1236    recall@20 : 0.1818    recall@50 : 0.2863    ndcg@10 : 0.0847    ndcg@20 : 0.1017    ndcg@50 : 0.1273    
04 Nov 11:36    INFO  epoch 61 training [time: 15.91s, train loss: -37.6188]
04 Nov 11:37    INFO  epoch 61 evaluating [time: 15.10s, valid_score: 0.102600]
04 Nov 11:37    INFO  valid result: 
recall@10 : 0.1247    recall@20 : 0.1828    recall@50 : 0.2872    ndcg@10 : 0.0855    ndcg@20 : 0.1026    ndcg@50 : 0.1281    
04 Nov 11:37    INFO  Saving current best: saved/DirectAU-Nov-04-2023_11-04-48.pth
04 Nov 11:37    INFO  epoch 62 training [time: 15.93s, train loss: -37.6190]
04 Nov 11:37    INFO  epoch 62 evaluating [time: 14.93s, valid_score: 0.102200]
04 Nov 11:37    INFO  valid result: 
recall@10 : 0.1245    recall@20 : 0.1827    recall@50 : 0.2871    ndcg@10 : 0.085    ndcg@20 : 0.1022    ndcg@50 : 0.1277    
04 Nov 11:37    INFO  epoch 63 training [time: 15.91s, train loss: -37.6193]
04 Nov 11:38    INFO  epoch 63 evaluating [time: 15.10s, valid_score: 0.102700]
04 Nov 11:38    INFO  valid result: 
recall@10 : 0.1249    recall@20 : 0.1835    recall@50 : 0.2871    ndcg@10 : 0.0856    ndcg@20 : 0.1027    ndcg@50 : 0.1281    
04 Nov 11:38    INFO  Saving current best: saved/DirectAU-Nov-04-2023_11-04-48.pth
04 Nov 11:38    INFO  epoch 64 training [time: 15.81s, train loss: -37.6194]
04 Nov 11:38    INFO  epoch 64 evaluating [time: 15.08s, valid_score: 0.103400]
04 Nov 11:38    INFO  valid result: 
recall@10 : 0.1264    recall@20 : 0.1838    recall@50 : 0.2882    ndcg@10 : 0.0866    ndcg@20 : 0.1034    ndcg@50 : 0.129    
04 Nov 11:38    INFO  Saving current best: saved/DirectAU-Nov-04-2023_11-04-48.pth
04 Nov 11:38    INFO  epoch 65 training [time: 15.64s, train loss: -37.6199]
04 Nov 11:39    INFO  epoch 65 evaluating [time: 15.00s, valid_score: 0.102900]
04 Nov 11:39    INFO  valid result: 
recall@10 : 0.1255    recall@20 : 0.1834    recall@50 : 0.2888    ndcg@10 : 0.0859    ndcg@20 : 0.1029    ndcg@50 : 0.1287    
04 Nov 11:39    INFO  epoch 66 training [time: 15.78s, train loss: -37.6192]
04 Nov 11:39    INFO  epoch 66 evaluating [time: 14.85s, valid_score: 0.102800]
04 Nov 11:39    INFO  valid result: 
recall@10 : 0.1258    recall@20 : 0.1834    recall@50 : 0.2892    ndcg@10 : 0.0859    ndcg@20 : 0.1028    ndcg@50 : 0.1288    
04 Nov 11:39    INFO  epoch 67 training [time: 15.91s, train loss: -37.6203]
04 Nov 11:40    INFO  epoch 67 evaluating [time: 15.11s, valid_score: 0.103200]
04 Nov 11:40    INFO  valid result: 
recall@10 : 0.1263    recall@20 : 0.184    recall@50 : 0.2893    ndcg@10 : 0.0862    ndcg@20 : 0.1032    ndcg@50 : 0.1289    
04 Nov 11:40    INFO  epoch 68 training [time: 15.91s, train loss: -37.6201]
04 Nov 11:40    INFO  epoch 68 evaluating [time: 15.08s, valid_score: 0.103500]
04 Nov 11:40    INFO  valid result: 
recall@10 : 0.126    recall@20 : 0.1836    recall@50 : 0.2893    ndcg@10 : 0.0865    ndcg@20 : 0.1035    ndcg@50 : 0.1293    
04 Nov 11:40    INFO  Saving current best: saved/DirectAU-Nov-04-2023_11-04-48.pth
04 Nov 11:40    INFO  epoch 69 training [time: 15.95s, train loss: -37.6204]
04 Nov 11:41    INFO  epoch 69 evaluating [time: 16.82s, valid_score: 0.104200]
04 Nov 11:41    INFO  valid result: 
recall@10 : 0.1273    recall@20 : 0.1858    recall@50 : 0.2904    ndcg@10 : 0.087    ndcg@20 : 0.1042    ndcg@50 : 0.1298    
04 Nov 11:41    INFO  Saving current best: saved/DirectAU-Nov-04-2023_11-04-48.pth
04 Nov 11:41    INFO  epoch 70 training [time: 15.90s, train loss: -37.6206]
04 Nov 11:41    INFO  epoch 70 evaluating [time: 14.94s, valid_score: 0.104000]
04 Nov 11:41    INFO  valid result: 
recall@10 : 0.1269    recall@20 : 0.1857    recall@50 : 0.2914    ndcg@10 : 0.0868    ndcg@20 : 0.104    ndcg@50 : 0.1298    
04 Nov 11:41    INFO  epoch 71 training [time: 15.91s, train loss: -37.6209]
04 Nov 11:42    INFO  epoch 71 evaluating [time: 14.94s, valid_score: 0.104100]
04 Nov 11:42    INFO  valid result: 
recall@10 : 0.1269    recall@20 : 0.1845    recall@50 : 0.2903    ndcg@10 : 0.0874    ndcg@20 : 0.1041    ndcg@50 : 0.13    
04 Nov 11:42    INFO  epoch 72 training [time: 15.95s, train loss: -37.6207]
04 Nov 11:42    INFO  epoch 72 evaluating [time: 15.06s, valid_score: 0.104000]
04 Nov 11:42    INFO  valid result: 
recall@10 : 0.1259    recall@20 : 0.1854    recall@50 : 0.2898    ndcg@10 : 0.0867    ndcg@20 : 0.104    ndcg@50 : 0.1296    
04 Nov 11:43    INFO  epoch 73 training [time: 16.01s, train loss: -37.6209]
04 Nov 11:43    INFO  epoch 73 evaluating [time: 16.89s, valid_score: 0.104400]
04 Nov 11:43    INFO  valid result: 
recall@10 : 0.1265    recall@20 : 0.1854    recall@50 : 0.2895    ndcg@10 : 0.0871    ndcg@20 : 0.1044    ndcg@50 : 0.1299    
04 Nov 11:43    INFO  Saving current best: saved/DirectAU-Nov-04-2023_11-04-48.pth
04 Nov 11:43    INFO  epoch 74 training [time: 15.99s, train loss: -37.6218]
04 Nov 11:43    INFO  epoch 74 evaluating [time: 15.08s, valid_score: 0.104600]
04 Nov 11:43    INFO  valid result: 
recall@10 : 0.1272    recall@20 : 0.1851    recall@50 : 0.2921    ndcg@10 : 0.0876    ndcg@20 : 0.1046    ndcg@50 : 0.1307    
04 Nov 11:43    INFO  Saving current best: saved/DirectAU-Nov-04-2023_11-04-48.pth
04 Nov 11:44    INFO  epoch 75 training [time: 15.87s, train loss: -37.6214]
04 Nov 11:44    INFO  epoch 75 evaluating [time: 14.88s, valid_score: 0.105300]
04 Nov 11:44    INFO  valid result: 
recall@10 : 0.1282    recall@20 : 0.1865    recall@50 : 0.2918    ndcg@10 : 0.0882    ndcg@20 : 0.1053    ndcg@50 : 0.131    
04 Nov 11:44    INFO  Saving current best: saved/DirectAU-Nov-04-2023_11-04-48.pth
04 Nov 11:44    INFO  epoch 76 training [time: 15.88s, train loss: -37.6214]
04 Nov 11:44    INFO  epoch 76 evaluating [time: 17.19s, valid_score: 0.104700]
04 Nov 11:44    INFO  valid result: 
recall@10 : 0.127    recall@20 : 0.1871    recall@50 : 0.2917    ndcg@10 : 0.0871    ndcg@20 : 0.1047    ndcg@50 : 0.1303    
04 Nov 11:45    INFO  epoch 77 training [time: 16.01s, train loss: -37.6211]
04 Nov 11:45    INFO  epoch 77 evaluating [time: 15.30s, valid_score: 0.105000]
04 Nov 11:45    INFO  valid result: 
recall@10 : 0.1282    recall@20 : 0.1867    recall@50 : 0.2913    ndcg@10 : 0.0878    ndcg@20 : 0.105    ndcg@50 : 0.1305    
04 Nov 11:45    INFO  epoch 78 training [time: 15.85s, train loss: -37.6217]
04 Nov 11:45    INFO  epoch 78 evaluating [time: 16.93s, valid_score: 0.105200]
04 Nov 11:45    INFO  valid result: 
recall@10 : 0.1284    recall@20 : 0.1871    recall@50 : 0.2917    ndcg@10 : 0.088    ndcg@20 : 0.1052    ndcg@50 : 0.1307    
04 Nov 11:46    INFO  epoch 79 training [time: 15.95s, train loss: -37.6220]
04 Nov 11:46    INFO  epoch 79 evaluating [time: 15.13s, valid_score: 0.105500]
04 Nov 11:46    INFO  valid result: 
recall@10 : 0.1276    recall@20 : 0.1871    recall@50 : 0.2907    ndcg@10 : 0.0882    ndcg@20 : 0.1055    ndcg@50 : 0.1309    
04 Nov 11:46    INFO  Saving current best: saved/DirectAU-Nov-04-2023_11-04-48.pth
04 Nov 11:46    INFO  epoch 80 training [time: 15.94s, train loss: -37.6223]
04 Nov 11:46    INFO  epoch 80 evaluating [time: 14.84s, valid_score: 0.106000]
04 Nov 11:46    INFO  valid result: 
recall@10 : 0.128    recall@20 : 0.1878    recall@50 : 0.2915    ndcg@10 : 0.0886    ndcg@20 : 0.106    ndcg@50 : 0.1313    
04 Nov 11:46    INFO  Saving current best: saved/DirectAU-Nov-04-2023_11-04-48.pth
04 Nov 11:47    INFO  epoch 81 training [time: 15.91s, train loss: -37.6218]
04 Nov 11:47    INFO  epoch 81 evaluating [time: 15.02s, valid_score: 0.105900]
04 Nov 11:47    INFO  valid result: 
recall@10 : 0.1282    recall@20 : 0.1872    recall@50 : 0.2916    ndcg@10 : 0.0886    ndcg@20 : 0.1059    ndcg@50 : 0.1315    
04 Nov 11:47    INFO  epoch 82 training [time: 15.86s, train loss: -37.6223]
04 Nov 11:48    INFO  epoch 82 evaluating [time: 16.25s, valid_score: 0.105700]
04 Nov 11:48    INFO  valid result: 
recall@10 : 0.1273    recall@20 : 0.1869    recall@50 : 0.293    ndcg@10 : 0.0882    ndcg@20 : 0.1057    ndcg@50 : 0.1316    
04 Nov 11:48    INFO  epoch 83 training [time: 15.89s, train loss: -37.6225]
04 Nov 11:48    INFO  epoch 83 evaluating [time: 15.00s, valid_score: 0.105600]
04 Nov 11:48    INFO  valid result: 
recall@10 : 0.1286    recall@20 : 0.188    recall@50 : 0.2922    ndcg@10 : 0.0883    ndcg@20 : 0.1056    ndcg@50 : 0.1312    
04 Nov 11:48    INFO  epoch 84 training [time: 15.87s, train loss: -37.6225]
04 Nov 11:49    INFO  epoch 84 evaluating [time: 14.84s, valid_score: 0.105500]
04 Nov 11:49    INFO  valid result: 
recall@10 : 0.129    recall@20 : 0.1877    recall@50 : 0.2929    ndcg@10 : 0.0884    ndcg@20 : 0.1055    ndcg@50 : 0.1312    
04 Nov 11:49    INFO  epoch 85 training [time: 15.89s, train loss: -37.6223]
04 Nov 11:49    INFO  epoch 85 evaluating [time: 16.94s, valid_score: 0.105800]
04 Nov 11:49    INFO  valid result: 
recall@10 : 0.1286    recall@20 : 0.188    recall@50 : 0.2942    ndcg@10 : 0.0883    ndcg@20 : 0.1058    ndcg@50 : 0.1317    
04 Nov 11:49    INFO  epoch 86 training [time: 15.98s, train loss: -37.6224]
04 Nov 11:50    INFO  epoch 86 evaluating [time: 16.49s, valid_score: 0.105900]
04 Nov 11:50    INFO  valid result: 
recall@10 : 0.1295    recall@20 : 0.1882    recall@50 : 0.2929    ndcg@10 : 0.0887    ndcg@20 : 0.1059    ndcg@50 : 0.1316    
04 Nov 11:50    INFO  epoch 87 training [time: 15.93s, train loss: -37.6225]
04 Nov 11:50    INFO  epoch 87 evaluating [time: 15.18s, valid_score: 0.106100]
04 Nov 11:50    INFO  valid result: 
recall@10 : 0.1292    recall@20 : 0.1887    recall@50 : 0.2938    ndcg@10 : 0.0887    ndcg@20 : 0.1061    ndcg@50 : 0.1319    
04 Nov 11:50    INFO  Saving current best: saved/DirectAU-Nov-04-2023_11-04-48.pth
04 Nov 11:50    INFO  epoch 88 training [time: 15.96s, train loss: -37.6233]
04 Nov 11:51    INFO  epoch 88 evaluating [time: 15.85s, valid_score: 0.106500]
04 Nov 11:51    INFO  valid result: 
recall@10 : 0.1293    recall@20 : 0.1893    recall@50 : 0.2945    ndcg@10 : 0.0889    ndcg@20 : 0.1065    ndcg@50 : 0.1323    
04 Nov 11:51    INFO  Saving current best: saved/DirectAU-Nov-04-2023_11-04-48.pth
04 Nov 11:51    INFO  epoch 89 training [time: 15.90s, train loss: -37.6227]
04 Nov 11:51    INFO  epoch 89 evaluating [time: 14.98s, valid_score: 0.106100]
04 Nov 11:51    INFO  valid result: 
recall@10 : 0.1298    recall@20 : 0.1886    recall@50 : 0.2947    ndcg@10 : 0.0888    ndcg@20 : 0.1061    ndcg@50 : 0.1321    
04 Nov 11:51    INFO  epoch 90 training [time: 15.86s, train loss: -37.6230]
04 Nov 11:52    INFO  epoch 90 evaluating [time: 14.81s, valid_score: 0.106300]
04 Nov 11:52    INFO  valid result: 
recall@10 : 0.1297    recall@20 : 0.1889    recall@50 : 0.2953    ndcg@10 : 0.0891    ndcg@20 : 0.1063    ndcg@50 : 0.1323    
04 Nov 11:52    INFO  epoch 91 training [time: 15.86s, train loss: -37.6227]
04 Nov 11:52    INFO  epoch 91 evaluating [time: 15.14s, valid_score: 0.106600]
04 Nov 11:52    INFO  valid result: 
recall@10 : 0.1298    recall@20 : 0.1893    recall@50 : 0.2944    ndcg@10 : 0.0892    ndcg@20 : 0.1066    ndcg@50 : 0.1324    
04 Nov 11:52    INFO  Saving current best: saved/DirectAU-Nov-04-2023_11-04-48.pth
04 Nov 11:53    INFO  epoch 92 training [time: 15.83s, train loss: -37.6231]
04 Nov 11:53    INFO  epoch 92 evaluating [time: 16.24s, valid_score: 0.106300]
04 Nov 11:53    INFO  valid result: 
recall@10 : 0.1302    recall@20 : 0.1881    recall@50 : 0.2949    ndcg@10 : 0.0893    ndcg@20 : 0.1063    ndcg@50 : 0.1324    
04 Nov 11:53    INFO  epoch 93 training [time: 15.96s, train loss: -37.6234]
04 Nov 11:53    INFO  epoch 93 evaluating [time: 15.46s, valid_score: 0.107200]
04 Nov 11:53    INFO  valid result: 
recall@10 : 0.1305    recall@20 : 0.1907    recall@50 : 0.2934    ndcg@10 : 0.0896    ndcg@20 : 0.1072    ndcg@50 : 0.1325    
04 Nov 11:53    INFO  Saving current best: saved/DirectAU-Nov-04-2023_11-04-48.pth
04 Nov 11:54    INFO  epoch 94 training [time: 15.99s, train loss: -37.6234]
04 Nov 11:54    INFO  epoch 94 evaluating [time: 17.38s, valid_score: 0.106600]
04 Nov 11:54    INFO  valid result: 
recall@10 : 0.1293    recall@20 : 0.1894    recall@50 : 0.2944    ndcg@10 : 0.089    ndcg@20 : 0.1066    ndcg@50 : 0.1323    
04 Nov 11:54    INFO  epoch 95 training [time: 15.98s, train loss: -37.6231]
04 Nov 11:54    INFO  epoch 95 evaluating [time: 15.52s, valid_score: 0.106700]
04 Nov 11:54    INFO  valid result: 
recall@10 : 0.1292    recall@20 : 0.1891    recall@50 : 0.2944    ndcg@10 : 0.0892    ndcg@20 : 0.1067    ndcg@50 : 0.1326    
04 Nov 11:55    INFO  epoch 96 training [time: 15.97s, train loss: -37.6236]
04 Nov 11:55    INFO  epoch 96 evaluating [time: 17.17s, valid_score: 0.107200]
04 Nov 11:55    INFO  valid result: 
recall@10 : 0.1299    recall@20 : 0.1884    recall@50 : 0.2945    ndcg@10 : 0.09    ndcg@20 : 0.1072    ndcg@50 : 0.1331    
04 Nov 11:55    INFO  epoch 97 training [time: 15.97s, train loss: -37.6240]
04 Nov 11:55    INFO  epoch 97 evaluating [time: 15.28s, valid_score: 0.106500]
04 Nov 11:55    INFO  valid result: 
recall@10 : 0.1294    recall@20 : 0.1886    recall@50 : 0.2951    ndcg@10 : 0.0891    ndcg@20 : 0.1065    ndcg@50 : 0.1326    
04 Nov 11:56    INFO  epoch 98 training [time: 15.95s, train loss: -37.6243]
04 Nov 11:56    INFO  epoch 98 evaluating [time: 15.17s, valid_score: 0.107000]
04 Nov 11:56    INFO  valid result: 
recall@10 : 0.1301    recall@20 : 0.1888    recall@50 : 0.295    ndcg@10 : 0.0897    ndcg@20 : 0.107    ndcg@50 : 0.133    
04 Nov 11:56    INFO  epoch 99 training [time: 15.95s, train loss: -37.6231]
04 Nov 11:56    INFO  epoch 99 evaluating [time: 15.04s, valid_score: 0.106800]
04 Nov 11:56    INFO  valid result: 
recall@10 : 0.1305    recall@20 : 0.1888    recall@50 : 0.295    ndcg@10 : 0.0897    ndcg@20 : 0.1068    ndcg@50 : 0.1328    
04 Nov 11:57    INFO  epoch 100 training [time: 15.87s, train loss: -37.6239]
04 Nov 11:57    INFO  epoch 100 evaluating [time: 15.11s, valid_score: 0.107500]
04 Nov 11:57    INFO  valid result: 
recall@10 : 0.1304    recall@20 : 0.1901    recall@50 : 0.2952    ndcg@10 : 0.0899    ndcg@20 : 0.1075    ndcg@50 : 0.1331    
04 Nov 11:57    INFO  Saving current best: saved/DirectAU-Nov-04-2023_11-04-48.pth
04 Nov 11:57    INFO  epoch 101 training [time: 15.92s, train loss: -37.6239]
04 Nov 11:58    INFO  epoch 101 evaluating [time: 15.08s, valid_score: 0.107600]
04 Nov 11:58    INFO  valid result: 
recall@10 : 0.131    recall@20 : 0.1904    recall@50 : 0.2957    ndcg@10 : 0.0902    ndcg@20 : 0.1076    ndcg@50 : 0.1334    
04 Nov 11:58    INFO  Saving current best: saved/DirectAU-Nov-04-2023_11-04-48.pth
04 Nov 11:58    INFO  epoch 102 training [time: 15.90s, train loss: -37.6241]
04 Nov 11:58    INFO  epoch 102 evaluating [time: 14.86s, valid_score: 0.107600]
04 Nov 11:58    INFO  valid result: 
recall@10 : 0.1313    recall@20 : 0.1899    recall@50 : 0.2961    ndcg@10 : 0.0905    ndcg@20 : 0.1076    ndcg@50 : 0.1336    
04 Nov 11:58    INFO  epoch 103 training [time: 15.93s, train loss: -37.6243]
04 Nov 11:59    INFO  epoch 103 evaluating [time: 15.13s, valid_score: 0.107800]
04 Nov 11:59    INFO  valid result: 
recall@10 : 0.1314    recall@20 : 0.1902    recall@50 : 0.2972    ndcg@10 : 0.0906    ndcg@20 : 0.1078    ndcg@50 : 0.134    
04 Nov 11:59    INFO  Saving current best: saved/DirectAU-Nov-04-2023_11-04-48.pth
04 Nov 11:59    INFO  epoch 104 training [time: 15.93s, train loss: -37.6240]
04 Nov 11:59    INFO  epoch 104 evaluating [time: 14.75s, valid_score: 0.108300]
04 Nov 11:59    INFO  valid result: 
recall@10 : 0.1314    recall@20 : 0.192    recall@50 : 0.2971    ndcg@10 : 0.0907    ndcg@20 : 0.1083    ndcg@50 : 0.134    
04 Nov 11:59    INFO  Saving current best: saved/DirectAU-Nov-04-2023_11-04-48.pth
04 Nov 11:59    INFO  epoch 105 training [time: 15.91s, train loss: -37.6242]
04 Nov 12:00    INFO  epoch 105 evaluating [time: 15.08s, valid_score: 0.107900]
04 Nov 12:00    INFO  valid result: 
recall@10 : 0.1319    recall@20 : 0.1907    recall@50 : 0.2983    ndcg@10 : 0.0906    ndcg@20 : 0.1079    ndcg@50 : 0.1341    
04 Nov 12:00    INFO  epoch 106 training [time: 15.93s, train loss: -37.6243]
04 Nov 12:00    INFO  epoch 106 evaluating [time: 14.96s, valid_score: 0.107500]
04 Nov 12:00    INFO  valid result: 
recall@10 : 0.1303    recall@20 : 0.1901    recall@50 : 0.2975    ndcg@10 : 0.09    ndcg@20 : 0.1075    ndcg@50 : 0.1338    
04 Nov 12:00    INFO  epoch 107 training [time: 15.84s, train loss: -37.6243]
04 Nov 12:01    INFO  epoch 107 evaluating [time: 14.97s, valid_score: 0.108000]
04 Nov 12:01    INFO  valid result: 
recall@10 : 0.1312    recall@20 : 0.1912    recall@50 : 0.2976    ndcg@10 : 0.0905    ndcg@20 : 0.108    ndcg@50 : 0.134    
04 Nov 12:01    INFO  epoch 108 training [time: 15.91s, train loss: -37.6246]
04 Nov 12:01    INFO  epoch 108 evaluating [time: 14.76s, valid_score: 0.108200]
04 Nov 12:01    INFO  valid result: 
recall@10 : 0.1315    recall@20 : 0.1911    recall@50 : 0.299    ndcg@10 : 0.0907    ndcg@20 : 0.1082    ndcg@50 : 0.1345    
04 Nov 12:01    INFO  epoch 109 training [time: 15.88s, train loss: -37.6242]
04 Nov 12:02    INFO  epoch 109 evaluating [time: 15.08s, valid_score: 0.108200]
04 Nov 12:02    INFO  valid result: 
recall@10 : 0.131    recall@20 : 0.1913    recall@50 : 0.2972    ndcg@10 : 0.0905    ndcg@20 : 0.1082    ndcg@50 : 0.1341    
04 Nov 12:02    INFO  epoch 110 training [time: 15.88s, train loss: -37.6246]
04 Nov 12:02    INFO  epoch 110 evaluating [time: 15.09s, valid_score: 0.108500]
04 Nov 12:02    INFO  valid result: 
recall@10 : 0.1315    recall@20 : 0.192    recall@50 : 0.2984    ndcg@10 : 0.0908    ndcg@20 : 0.1085    ndcg@50 : 0.1344    
04 Nov 12:02    INFO  Saving current best: saved/DirectAU-Nov-04-2023_11-04-48.pth
04 Nov 12:02    INFO  epoch 111 training [time: 15.85s, train loss: -37.6244]
04 Nov 12:03    INFO  epoch 111 evaluating [time: 14.84s, valid_score: 0.107700]
04 Nov 12:03    INFO  valid result: 
recall@10 : 0.1319    recall@20 : 0.1908    recall@50 : 0.2986    ndcg@10 : 0.0904    ndcg@20 : 0.1077    ndcg@50 : 0.1339    
04 Nov 12:03    INFO  epoch 112 training [time: 15.90s, train loss: -37.6248]
04 Nov 12:03    INFO  epoch 112 evaluating [time: 15.10s, valid_score: 0.108000]
04 Nov 12:03    INFO  valid result: 
recall@10 : 0.1315    recall@20 : 0.1907    recall@50 : 0.2971    ndcg@10 : 0.0906    ndcg@20 : 0.108    ndcg@50 : 0.1339    
04 Nov 12:03    INFO  epoch 113 training [time: 15.87s, train loss: -37.6242]
04 Nov 12:04    INFO  epoch 113 evaluating [time: 14.85s, valid_score: 0.108200]
04 Nov 12:04    INFO  valid result: 
recall@10 : 0.1327    recall@20 : 0.191    recall@50 : 0.298    ndcg@10 : 0.0911    ndcg@20 : 0.1082    ndcg@50 : 0.1344    
04 Nov 12:04    INFO  epoch 114 training [time: 15.90s, train loss: -37.6248]
04 Nov 12:04    INFO  epoch 114 evaluating [time: 15.00s, valid_score: 0.108000]
04 Nov 12:04    INFO  valid result: 
recall@10 : 0.1322    recall@20 : 0.1908    recall@50 : 0.2984    ndcg@10 : 0.0908    ndcg@20 : 0.108    ndcg@50 : 0.1343    
04 Nov 12:04    INFO  epoch 115 training [time: 15.92s, train loss: -37.6250]
04 Nov 12:05    INFO  epoch 115 evaluating [time: 14.98s, valid_score: 0.108300]
04 Nov 12:05    INFO  valid result: 
recall@10 : 0.1316    recall@20 : 0.1911    recall@50 : 0.2977    ndcg@10 : 0.0908    ndcg@20 : 0.1083    ndcg@50 : 0.1344    
04 Nov 12:05    INFO  epoch 116 training [time: 15.91s, train loss: -37.6246]
04 Nov 12:05    INFO  epoch 116 evaluating [time: 14.99s, valid_score: 0.108900]
04 Nov 12:05    INFO  valid result: 
recall@10 : 0.132    recall@20 : 0.1926    recall@50 : 0.2985    ndcg@10 : 0.0912    ndcg@20 : 0.1089    ndcg@50 : 0.1348    
04 Nov 12:05    INFO  Saving current best: saved/DirectAU-Nov-04-2023_11-04-48.pth
04 Nov 12:06    INFO  epoch 117 training [time: 15.95s, train loss: -37.6242]
04 Nov 12:06    INFO  epoch 117 evaluating [time: 14.91s, valid_score: 0.108100]
04 Nov 12:06    INFO  valid result: 
recall@10 : 0.132    recall@20 : 0.1914    recall@50 : 0.299    ndcg@10 : 0.0908    ndcg@20 : 0.1081    ndcg@50 : 0.1344    
04 Nov 12:06    INFO  epoch 118 training [time: 15.72s, train loss: -37.6249]
04 Nov 12:06    INFO  epoch 118 evaluating [time: 15.16s, valid_score: 0.108000]
04 Nov 12:06    INFO  valid result: 
recall@10 : 0.1322    recall@20 : 0.1913    recall@50 : 0.2972    ndcg@10 : 0.0906    ndcg@20 : 0.108    ndcg@50 : 0.1339    
04 Nov 12:07    INFO  epoch 119 training [time: 15.91s, train loss: -37.6252]
04 Nov 12:07    INFO  epoch 119 evaluating [time: 15.21s, valid_score: 0.108600]
04 Nov 12:07    INFO  valid result: 
recall@10 : 0.133    recall@20 : 0.1928    recall@50 : 0.2972    ndcg@10 : 0.0911    ndcg@20 : 0.1086    ndcg@50 : 0.1341    
04 Nov 12:07    INFO  epoch 120 training [time: 15.92s, train loss: -37.6244]
04 Nov 12:07    INFO  epoch 120 evaluating [time: 15.15s, valid_score: 0.108200]
04 Nov 12:07    INFO  valid result: 
recall@10 : 0.1328    recall@20 : 0.1918    recall@50 : 0.2967    ndcg@10 : 0.0909    ndcg@20 : 0.1082    ndcg@50 : 0.134    
04 Nov 12:08    INFO  epoch 121 training [time: 15.91s, train loss: -37.6254]
04 Nov 12:08    INFO  epoch 121 evaluating [time: 16.86s, valid_score: 0.108200]
04 Nov 12:08    INFO  valid result: 
recall@10 : 0.1317    recall@20 : 0.1912    recall@50 : 0.2975    ndcg@10 : 0.0908    ndcg@20 : 0.1082    ndcg@50 : 0.1342    
04 Nov 12:08    INFO  epoch 122 training [time: 16.04s, train loss: -37.6248]
04 Nov 12:08    INFO  epoch 122 evaluating [time: 14.98s, valid_score: 0.108100]
04 Nov 12:08    INFO  valid result: 
recall@10 : 0.1311    recall@20 : 0.1916    recall@50 : 0.2978    ndcg@10 : 0.0903    ndcg@20 : 0.1081    ndcg@50 : 0.1341    
04 Nov 12:09    INFO  epoch 123 training [time: 15.91s, train loss: -37.6252]
04 Nov 12:09    INFO  epoch 123 evaluating [time: 14.81s, valid_score: 0.108200]
04 Nov 12:09    INFO  valid result: 
recall@10 : 0.1327    recall@20 : 0.1905    recall@50 : 0.2986    ndcg@10 : 0.0912    ndcg@20 : 0.1082    ndcg@50 : 0.1346    
04 Nov 12:09    INFO  epoch 124 training [time: 15.92s, train loss: -37.6244]
04 Nov 12:09    INFO  epoch 124 evaluating [time: 15.14s, valid_score: 0.108500]
04 Nov 12:09    INFO  valid result: 
recall@10 : 0.1314    recall@20 : 0.193    recall@50 : 0.2976    ndcg@10 : 0.0905    ndcg@20 : 0.1085    ndcg@50 : 0.1341    
04 Nov 12:10    INFO  epoch 125 training [time: 15.81s, train loss: -37.6259]
04 Nov 12:10    INFO  epoch 125 evaluating [time: 16.75s, valid_score: 0.108800]
04 Nov 12:10    INFO  valid result: 
recall@10 : 0.1317    recall@20 : 0.193    recall@50 : 0.299    ndcg@10 : 0.0909    ndcg@20 : 0.1088    ndcg@50 : 0.1347    
04 Nov 12:10    INFO  epoch 126 training [time: 15.97s, train loss: -37.6248]
04 Nov 12:10    INFO  epoch 126 evaluating [time: 14.92s, valid_score: 0.109200]
04 Nov 12:10    INFO  valid result: 
recall@10 : 0.1326    recall@20 : 0.1934    recall@50 : 0.3005    ndcg@10 : 0.0915    ndcg@20 : 0.1092    ndcg@50 : 0.1354    
04 Nov 12:10    INFO  Saving current best: saved/DirectAU-Nov-04-2023_11-04-48.pth
04 Nov 12:11    INFO  epoch 127 training [time: 15.84s, train loss: -37.6246]
04 Nov 12:11    INFO  epoch 127 evaluating [time: 15.22s, valid_score: 0.109300]
04 Nov 12:11    INFO  valid result: 
recall@10 : 0.1333    recall@20 : 0.1935    recall@50 : 0.2995    ndcg@10 : 0.0916    ndcg@20 : 0.1093    ndcg@50 : 0.1352    
04 Nov 12:11    INFO  Saving current best: saved/DirectAU-Nov-04-2023_11-04-48.pth
04 Nov 12:11    INFO  epoch 128 training [time: 15.90s, train loss: -37.6253]
04 Nov 12:12    INFO  epoch 128 evaluating [time: 15.15s, valid_score: 0.108500]
04 Nov 12:12    INFO  valid result: 
recall@10 : 0.1325    recall@20 : 0.1918    recall@50 : 0.2994    ndcg@10 : 0.0911    ndcg@20 : 0.1085    ndcg@50 : 0.1348    
04 Nov 12:12    INFO  epoch 129 training [time: 15.90s, train loss: -37.6258]
04 Nov 12:12    INFO  epoch 129 evaluating [time: 15.21s, valid_score: 0.108900]
04 Nov 12:12    INFO  valid result: 
recall@10 : 0.1319    recall@20 : 0.1927    recall@50 : 0.2993    ndcg@10 : 0.091    ndcg@20 : 0.1089    ndcg@50 : 0.1349    
04 Nov 12:12    INFO  epoch 130 training [time: 15.94s, train loss: -37.6255]
04 Nov 12:13    INFO  epoch 130 evaluating [time: 15.11s, valid_score: 0.108900]
04 Nov 12:13    INFO  valid result: 
recall@10 : 0.1329    recall@20 : 0.1931    recall@50 : 0.2992    ndcg@10 : 0.0912    ndcg@20 : 0.1089    ndcg@50 : 0.1349    
04 Nov 12:13    INFO  epoch 131 training [time: 15.94s, train loss: -37.6261]
04 Nov 12:13    INFO  epoch 131 evaluating [time: 14.99s, valid_score: 0.108600]
04 Nov 12:13    INFO  valid result: 
recall@10 : 0.1321    recall@20 : 0.1926    recall@50 : 0.2988    ndcg@10 : 0.0908    ndcg@20 : 0.1086    ndcg@50 : 0.1346    
04 Nov 12:13    INFO  epoch 132 training [time: 15.92s, train loss: -37.6260]
04 Nov 12:14    INFO  epoch 132 evaluating [time: 14.82s, valid_score: 0.108600]
04 Nov 12:14    INFO  valid result: 
recall@10 : 0.1326    recall@20 : 0.1924    recall@50 : 0.2997    ndcg@10 : 0.0912    ndcg@20 : 0.1086    ndcg@50 : 0.1349    
04 Nov 12:14    INFO  epoch 133 training [time: 15.91s, train loss: -37.6259]
04 Nov 12:14    INFO  epoch 133 evaluating [time: 15.06s, valid_score: 0.108500]
04 Nov 12:14    INFO  valid result: 
recall@10 : 0.1322    recall@20 : 0.1919    recall@50 : 0.3005    ndcg@10 : 0.0911    ndcg@20 : 0.1085    ndcg@50 : 0.135    
04 Nov 12:14    INFO  epoch 134 training [time: 15.92s, train loss: -37.6250]
04 Nov 12:15    INFO  epoch 134 evaluating [time: 15.20s, valid_score: 0.108700]
04 Nov 12:15    INFO  valid result: 
recall@10 : 0.1319    recall@20 : 0.192    recall@50 : 0.2999    ndcg@10 : 0.0911    ndcg@20 : 0.1087    ndcg@50 : 0.135    
04 Nov 12:15    INFO  epoch 135 training [time: 15.97s, train loss: -37.6253]
04 Nov 12:15    INFO  epoch 135 evaluating [time: 14.91s, valid_score: 0.108800]
04 Nov 12:15    INFO  valid result: 
recall@10 : 0.1321    recall@20 : 0.193    recall@50 : 0.2991    ndcg@10 : 0.0912    ndcg@20 : 0.1088    ndcg@50 : 0.1348    
04 Nov 12:15    INFO  epoch 136 training [time: 15.87s, train loss: -37.6257]
04 Nov 12:16    INFO  epoch 136 evaluating [time: 15.13s, valid_score: 0.109000]
04 Nov 12:16    INFO  valid result: 
recall@10 : 0.1317    recall@20 : 0.1926    recall@50 : 0.3005    ndcg@10 : 0.0913    ndcg@20 : 0.109    ndcg@50 : 0.1354    
04 Nov 12:16    INFO  epoch 137 training [time: 15.92s, train loss: -37.6257]
04 Nov 12:16    INFO  epoch 137 evaluating [time: 14.91s, valid_score: 0.109000]
04 Nov 12:16    INFO  valid result: 
recall@10 : 0.133    recall@20 : 0.1913    recall@50 : 0.3001    ndcg@10 : 0.0919    ndcg@20 : 0.109    ndcg@50 : 0.1355    
04 Nov 12:16    INFO  epoch 138 training [time: 15.92s, train loss: -37.6261]
04 Nov 12:17    INFO  epoch 138 evaluating [time: 16.28s, valid_score: 0.109100]
04 Nov 12:17    INFO  valid result: 
recall@10 : 0.1335    recall@20 : 0.1931    recall@50 : 0.2991    ndcg@10 : 0.0916    ndcg@20 : 0.1091    ndcg@50 : 0.135    
04 Nov 12:17    INFO  Finished training, best eval result in epoch 127
04 Nov 12:17    INFO  Loading model structure and parameters from saved/DirectAU-Nov-04-2023_11-04-48.pth
04 Nov 12:17    INFO  best valid : {'recall@10': 0.1333, 'recall@20': 0.1935, 'recall@50': 0.2995, 'ndcg@10': 0.0916, 'ndcg@20': 0.1093, 'ndcg@50': 0.1352}
04 Nov 12:17    INFO  test result: {'recall@10': 0.1355, 'recall@20': 0.1942, 'recall@50': 0.3005, 'ndcg@10': 0.0945, 'ndcg@20': 0.1115, 'ndcg@50': 0.1375}
