04 Nov 11:05    INFO  
General Hyper Parameters:
gpu_id = 2
use_gpu = True
seed = 0
state = INFO
reproducibility = True
data_path = dataset/Beauty
show_progress = False

Training Hyper Parameters:
checkpoint_dir = saved
epochs = 500
train_batch_size = 256
learner = adam
learning_rate = 0.001
training_neg_sample_num = 0
training_neg_sample_distribution = uniform
eval_step = 1
stopping_step = 10
clip_grad_norm = None
weight_decay = 1e-06
draw_loss_pic = False
loss_decimal_place = 4

Evaluation Hyper Parameters:
eval_setting = RO_RS,full
group_by_user = True
split_ratio = [0.8, 0.1, 0.1]
leave_one_num = 2
real_time_process = False
metrics = ['Recall', 'NDCG']
topk = [10, 20, 50]
valid_metric = NDCG@20
eval_batch_size = 4096
metric_decimal_place = 4

Dataset Hyper Parameters:
field_separator = 	
seq_separator =  
USER_ID_FIELD = user_id
ITEM_ID_FIELD = item_id
RATING_FIELD = rating
TIME_FIELD = timestamp
seq_len = None
LABEL_FIELD = label
threshold = None
NEG_PREFIX = neg_
load_col = {'inter': ['user_id', 'item_id', 'timestamp']}
unload_col = None
unused_col = None
additional_feat_suffix = None
lowest_val = None
highest_val = None
equal_val = None
not_equal_val = None
max_user_inter_num = None
min_user_inter_num = 5
max_item_inter_num = None
min_item_inter_num = 5
fields_in_same_space = None
preload_weight = None
normalize_field = None
normalize_all = None
ITEM_LIST_LENGTH_FIELD = item_length
LIST_SUFFIX = _list
MAX_ITEM_LIST_LENGTH = 50
POSITION_FIELD = position_id
HEAD_ENTITY_ID_FIELD = head_id
TAIL_ENTITY_ID_FIELD = tail_id
RELATION_ID_FIELD = relation_id
ENTITY_ID_FIELD = entity_id

Other Hyper Parameters: 
valid_metric_bigger = True
BT = 0.1
alpha = None
bt = 0.001
d = None
embedding_size = 64
encoder = MF
gamma = 0.5
std = None
times = 1
witem = 0.1
wuser = 0.8
rm_dup_inter = None
filter_inter_by_user_or_item = True
SOURCE_ID_FIELD = source_id
TARGET_ID_FIELD = target_id
benchmark_filename = None
MODEL_TYPE = ModelType.GENERAL
MODEL_INPUT_TYPE = InputType.POINTWISE
eval_type = EvaluatorType.RANKING
device = cuda
train_neg_sample_args = {'strategy': 'none'}


04 Nov 11:05    INFO  Beauty
The number of users: 22364
Average actions of users: 8.876358270357287
The number of items: 12102
Average actions of items: 16.403768283612923
The number of inters: 198502
The sparsity of the dataset: 99.92665707018277%
Remain Fields: ['user_id', 'item_id', 'timestamp']
04 Nov 11:05    INFO  Build [GeneralDataLoader] for [train] with format [InputType.POINTWISE]
04 Nov 11:05    INFO  [train] No Negative Sampling
04 Nov 11:05    INFO  [train] batch_size = [256], shuffle = [True]

04 Nov 11:05    INFO  Build [GeneralFullDataLoader] for [evaluation] with format [InputType.POINTWISE]
04 Nov 11:05    INFO  Evaluation Setting:
	Group by user_id
	Ordering: {'strategy': 'shuffle'}
	Splitting: {'strategy': 'by_ratio', 'ratios': [0.8, 0.1, 0.1]}
	Negative Sampling: {'strategy': 'full', 'distribution': 'uniform'}
04 Nov 11:05    INFO  [evaluation] batch_size = [4096], shuffle = [False]

04 Nov 11:05    WARNING  Batch size is changed to 12102.
04 Nov 11:05    WARNING  Batch size is changed to 12102.
{'BT': 0.1, 'alpha': None, 'bt': 0.001, 'd': None, 'embedding_size': 64, 'encoder': 'MF', 'gamma': None, 'std': None, 'times': 1, 'training_neg_sample_num': 0, 'witem': 0.1, 'wuser': 0.8}
this is encoder MF...
这是directau 的 RE 版本...
04 Nov 11:05    INFO  DirectAU(
  (encoder): MFEncoder(
    (user_embedding): Embedding(22364, 64)
    (item_embedding): Embedding(12102, 64)
  )
  (bn): BatchNorm1d(64, eps=1e-05, momentum=0.1, affine=False, track_running_stats=True)
  (projector): Sequential(
    (0): Linear(in_features=64, out_features=64, bias=False)
    (1): BatchNorm1d(64, eps=1e-05, momentum=0.1, affine=True, track_running_stats=True)
    (2): ReLU(inplace=True)
    (3): Linear(in_features=64, out_features=64, bias=False)
    (4): BatchNorm1d(64, eps=1e-05, momentum=0.1, affine=True, track_running_stats=True)
    (5): ReLU(inplace=True)
    (6): Linear(in_features=64, out_features=64, bias=False)
  )
)
Trainable parameters: 2218368
04 Nov 11:05    INFO  epoch 0 training [time: 1.89s, train loss: -1.9218]
04 Nov 11:05    INFO  epoch 0 evaluating [time: 9.50s, valid_score: 0.013500]
04 Nov 11:05    INFO  valid result: 
recall@10 : 0.0185    recall@20 : 0.0299    recall@50 : 0.0483    ndcg@10 : 0.0105    ndcg@20 : 0.0135    ndcg@50 : 0.0175    
04 Nov 11:05    INFO  Saving current best: saved/DirectAU-Nov-04-2023_11-05-11.pth
04 Nov 11:05    INFO  epoch 1 training [time: 1.99s, train loss: -2.4115]
04 Nov 11:05    INFO  epoch 1 evaluating [time: 9.16s, valid_score: 0.019100]
04 Nov 11:05    INFO  valid result: 
recall@10 : 0.0266    recall@20 : 0.0409    recall@50 : 0.0665    ndcg@10 : 0.0152    ndcg@20 : 0.0191    ndcg@50 : 0.0246    
04 Nov 11:05    INFO  Saving current best: saved/DirectAU-Nov-04-2023_11-05-11.pth
04 Nov 11:05    INFO  epoch 2 training [time: 1.84s, train loss: -2.5387]
04 Nov 11:05    INFO  epoch 2 evaluating [time: 9.59s, valid_score: 0.022300]
04 Nov 11:05    INFO  valid result: 
recall@10 : 0.0307    recall@20 : 0.0477    recall@50 : 0.0766    ndcg@10 : 0.0177    ndcg@20 : 0.0223    ndcg@50 : 0.0283    
04 Nov 11:05    INFO  Saving current best: saved/DirectAU-Nov-04-2023_11-05-11.pth
04 Nov 11:05    INFO  epoch 3 training [time: 1.80s, train loss: -2.6018]
04 Nov 11:05    INFO  epoch 3 evaluating [time: 9.16s, valid_score: 0.024600]
04 Nov 11:05    INFO  valid result: 
recall@10 : 0.0347    recall@20 : 0.0521    recall@50 : 0.0832    ndcg@10 : 0.0199    ndcg@20 : 0.0246    ndcg@50 : 0.0311    
04 Nov 11:05    INFO  Saving current best: saved/DirectAU-Nov-04-2023_11-05-11.pth
04 Nov 11:05    INFO  epoch 4 training [time: 2.01s, train loss: -2.6427]
04 Nov 11:06    INFO  epoch 4 evaluating [time: 9.14s, valid_score: 0.026900]
04 Nov 11:06    INFO  valid result: 
recall@10 : 0.0375    recall@20 : 0.057    recall@50 : 0.0885    ndcg@10 : 0.0216    ndcg@20 : 0.0269    ndcg@50 : 0.0335    
04 Nov 11:06    INFO  Saving current best: saved/DirectAU-Nov-04-2023_11-05-11.pth
04 Nov 11:06    INFO  epoch 5 training [time: 1.95s, train loss: -2.6732]
04 Nov 11:06    INFO  epoch 5 evaluating [time: 9.39s, valid_score: 0.028500]
04 Nov 11:06    INFO  valid result: 
recall@10 : 0.0402    recall@20 : 0.0599    recall@50 : 0.0934    ndcg@10 : 0.0232    ndcg@20 : 0.0285    ndcg@50 : 0.0355    
04 Nov 11:06    INFO  Saving current best: saved/DirectAU-Nov-04-2023_11-05-11.pth
04 Nov 11:06    INFO  epoch 6 training [time: 2.00s, train loss: -2.6977]
04 Nov 11:06    INFO  epoch 6 evaluating [time: 9.36s, valid_score: 0.030200]
04 Nov 11:06    INFO  valid result: 
recall@10 : 0.0427    recall@20 : 0.0635    recall@50 : 0.0985    ndcg@10 : 0.0247    ndcg@20 : 0.0302    ndcg@50 : 0.0375    
04 Nov 11:06    INFO  Saving current best: saved/DirectAU-Nov-04-2023_11-05-11.pth
04 Nov 11:06    INFO  epoch 7 training [time: 2.01s, train loss: -2.7177]
04 Nov 11:06    INFO  epoch 7 evaluating [time: 9.41s, valid_score: 0.031300]
04 Nov 11:06    INFO  valid result: 
recall@10 : 0.0451    recall@20 : 0.066    recall@50 : 0.1027    ndcg@10 : 0.0256    ndcg@20 : 0.0313    ndcg@50 : 0.0389    
04 Nov 11:06    INFO  Saving current best: saved/DirectAU-Nov-04-2023_11-05-11.pth
04 Nov 11:06    INFO  epoch 8 training [time: 1.95s, train loss: -2.7364]
04 Nov 11:06    INFO  epoch 8 evaluating [time: 9.36s, valid_score: 0.032500]
04 Nov 11:06    INFO  valid result: 
recall@10 : 0.0477    recall@20 : 0.0689    recall@50 : 0.1053    ndcg@10 : 0.0268    ndcg@20 : 0.0325    ndcg@50 : 0.0401    
04 Nov 11:06    INFO  Saving current best: saved/DirectAU-Nov-04-2023_11-05-11.pth
04 Nov 11:06    INFO  epoch 9 training [time: 1.91s, train loss: -2.7521]
04 Nov 11:07    INFO  epoch 9 evaluating [time: 9.20s, valid_score: 0.033600]
04 Nov 11:07    INFO  valid result: 
recall@10 : 0.0486    recall@20 : 0.0706    recall@50 : 0.1091    ndcg@10 : 0.0277    ndcg@20 : 0.0336    ndcg@50 : 0.0416    
04 Nov 11:07    INFO  Saving current best: saved/DirectAU-Nov-04-2023_11-05-11.pth
04 Nov 11:07    INFO  epoch 10 training [time: 1.97s, train loss: -2.7667]
04 Nov 11:07    INFO  epoch 10 evaluating [time: 9.25s, valid_score: 0.034700]
04 Nov 11:07    INFO  valid result: 
recall@10 : 0.0498    recall@20 : 0.0733    recall@50 : 0.1108    ndcg@10 : 0.0284    ndcg@20 : 0.0347    ndcg@50 : 0.0425    
04 Nov 11:07    INFO  Saving current best: saved/DirectAU-Nov-04-2023_11-05-11.pth
04 Nov 11:07    INFO  epoch 11 training [time: 1.99s, train loss: -2.7808]
04 Nov 11:07    INFO  epoch 11 evaluating [time: 9.28s, valid_score: 0.035900]
04 Nov 11:07    INFO  valid result: 
recall@10 : 0.0519    recall@20 : 0.0765    recall@50 : 0.1144    ndcg@10 : 0.0294    ndcg@20 : 0.0359    ndcg@50 : 0.0437    
04 Nov 11:07    INFO  Saving current best: saved/DirectAU-Nov-04-2023_11-05-11.pth
04 Nov 11:07    INFO  epoch 12 training [time: 1.91s, train loss: -2.7928]
04 Nov 11:07    INFO  epoch 12 evaluating [time: 9.28s, valid_score: 0.036300]
04 Nov 11:07    INFO  valid result: 
recall@10 : 0.0519    recall@20 : 0.0774    recall@50 : 0.1173    ndcg@10 : 0.0295    ndcg@20 : 0.0363    ndcg@50 : 0.0445    
04 Nov 11:07    INFO  Saving current best: saved/DirectAU-Nov-04-2023_11-05-11.pth
04 Nov 11:07    INFO  epoch 13 training [time: 1.94s, train loss: -2.8051]
04 Nov 11:07    INFO  epoch 13 evaluating [time: 9.43s, valid_score: 0.037400]
04 Nov 11:07    INFO  valid result: 
recall@10 : 0.0526    recall@20 : 0.0789    recall@50 : 0.1188    ndcg@10 : 0.0304    ndcg@20 : 0.0374    ndcg@50 : 0.0457    
04 Nov 11:07    INFO  Saving current best: saved/DirectAU-Nov-04-2023_11-05-11.pth
04 Nov 11:07    INFO  epoch 14 training [time: 1.93s, train loss: -2.8156]
04 Nov 11:08    INFO  epoch 14 evaluating [time: 9.28s, valid_score: 0.038300]
04 Nov 11:08    INFO  valid result: 
recall@10 : 0.0551    recall@20 : 0.0806    recall@50 : 0.1214    ndcg@10 : 0.0316    ndcg@20 : 0.0383    ndcg@50 : 0.0468    
04 Nov 11:08    INFO  Saving current best: saved/DirectAU-Nov-04-2023_11-05-11.pth
04 Nov 11:08    INFO  epoch 15 training [time: 1.91s, train loss: -2.8264]
04 Nov 11:08    INFO  epoch 15 evaluating [time: 9.37s, valid_score: 0.039000]
04 Nov 11:08    INFO  valid result: 
recall@10 : 0.0567    recall@20 : 0.0822    recall@50 : 0.123    ndcg@10 : 0.0323    ndcg@20 : 0.039    ndcg@50 : 0.0475    
04 Nov 11:08    INFO  Saving current best: saved/DirectAU-Nov-04-2023_11-05-11.pth
04 Nov 11:08    INFO  epoch 16 training [time: 1.98s, train loss: -2.8360]
04 Nov 11:08    INFO  epoch 16 evaluating [time: 9.30s, valid_score: 0.039900]
04 Nov 11:08    INFO  valid result: 
recall@10 : 0.057    recall@20 : 0.0836    recall@50 : 0.1253    ndcg@10 : 0.0329    ndcg@20 : 0.0399    ndcg@50 : 0.0486    
04 Nov 11:08    INFO  Saving current best: saved/DirectAU-Nov-04-2023_11-05-11.pth
04 Nov 11:08    INFO  epoch 17 training [time: 1.99s, train loss: -2.8461]
04 Nov 11:08    INFO  epoch 17 evaluating [time: 9.30s, valid_score: 0.040700]
04 Nov 11:08    INFO  valid result: 
recall@10 : 0.0594    recall@20 : 0.085    recall@50 : 0.1273    ndcg@10 : 0.0339    ndcg@20 : 0.0407    ndcg@50 : 0.0495    
04 Nov 11:08    INFO  Saving current best: saved/DirectAU-Nov-04-2023_11-05-11.pth
04 Nov 11:08    INFO  epoch 18 training [time: 2.27s, train loss: -2.8552]
04 Nov 11:08    INFO  epoch 18 evaluating [time: 9.33s, valid_score: 0.041100]
04 Nov 11:08    INFO  valid result: 
recall@10 : 0.0591    recall@20 : 0.0867    recall@50 : 0.1285    ndcg@10 : 0.0339    ndcg@20 : 0.0411    ndcg@50 : 0.0498    
04 Nov 11:08    INFO  Saving current best: saved/DirectAU-Nov-04-2023_11-05-11.pth
04 Nov 11:08    INFO  epoch 19 training [time: 2.30s, train loss: -2.8641]
04 Nov 11:08    INFO  epoch 19 evaluating [time: 9.24s, valid_score: 0.041500]
04 Nov 11:08    INFO  valid result: 
recall@10 : 0.0603    recall@20 : 0.0877    recall@50 : 0.1317    ndcg@10 : 0.0343    ndcg@20 : 0.0415    ndcg@50 : 0.0506    
04 Nov 11:08    INFO  Saving current best: saved/DirectAU-Nov-04-2023_11-05-11.pth
04 Nov 11:09    INFO  epoch 20 training [time: 2.06s, train loss: -2.8725]
04 Nov 11:09    INFO  epoch 20 evaluating [time: 9.23s, valid_score: 0.041900]
04 Nov 11:09    INFO  valid result: 
recall@10 : 0.0608    recall@20 : 0.0883    recall@50 : 0.1321    ndcg@10 : 0.0347    ndcg@20 : 0.0419    ndcg@50 : 0.051    
04 Nov 11:09    INFO  Saving current best: saved/DirectAU-Nov-04-2023_11-05-11.pth
04 Nov 11:09    INFO  epoch 21 training [time: 2.05s, train loss: -2.8799]
04 Nov 11:09    INFO  epoch 21 evaluating [time: 9.28s, valid_score: 0.043100]
04 Nov 11:09    INFO  valid result: 
recall@10 : 0.0625    recall@20 : 0.09    recall@50 : 0.1342    ndcg@10 : 0.0358    ndcg@20 : 0.0431    ndcg@50 : 0.0522    
04 Nov 11:09    INFO  Saving current best: saved/DirectAU-Nov-04-2023_11-05-11.pth
04 Nov 11:09    INFO  epoch 22 training [time: 2.02s, train loss: -2.8879]
04 Nov 11:09    INFO  epoch 22 evaluating [time: 9.24s, valid_score: 0.043700]
04 Nov 11:09    INFO  valid result: 
recall@10 : 0.0627    recall@20 : 0.0905    recall@50 : 0.1364    ndcg@10 : 0.0363    ndcg@20 : 0.0437    ndcg@50 : 0.0531    
04 Nov 11:09    INFO  Saving current best: saved/DirectAU-Nov-04-2023_11-05-11.pth
04 Nov 11:09    INFO  epoch 23 training [time: 2.01s, train loss: -2.8945]
04 Nov 11:09    INFO  epoch 23 evaluating [time: 9.10s, valid_score: 0.044100]
04 Nov 11:09    INFO  valid result: 
recall@10 : 0.063    recall@20 : 0.0923    recall@50 : 0.1381    ndcg@10 : 0.0364    ndcg@20 : 0.0441    ndcg@50 : 0.0535    
04 Nov 11:09    INFO  Saving current best: saved/DirectAU-Nov-04-2023_11-05-11.pth
04 Nov 11:09    INFO  epoch 24 training [time: 1.95s, train loss: -2.9019]
04 Nov 11:09    INFO  epoch 24 evaluating [time: 9.23s, valid_score: 0.044600]
04 Nov 11:09    INFO  valid result: 
recall@10 : 0.0644    recall@20 : 0.0941    recall@50 : 0.1405    ndcg@10 : 0.0368    ndcg@20 : 0.0446    ndcg@50 : 0.0542    
04 Nov 11:09    INFO  Saving current best: saved/DirectAU-Nov-04-2023_11-05-11.pth
04 Nov 11:09    INFO  epoch 25 training [time: 1.99s, train loss: -2.9090]
04 Nov 11:10    INFO  epoch 25 evaluating [time: 9.09s, valid_score: 0.045600]
04 Nov 11:10    INFO  valid result: 
recall@10 : 0.0649    recall@20 : 0.0959    recall@50 : 0.1425    ndcg@10 : 0.0375    ndcg@20 : 0.0456    ndcg@50 : 0.0553    
04 Nov 11:10    INFO  Saving current best: saved/DirectAU-Nov-04-2023_11-05-11.pth
04 Nov 11:10    INFO  epoch 26 training [time: 1.89s, train loss: -2.9156]
04 Nov 11:10    INFO  epoch 26 evaluating [time: 9.32s, valid_score: 0.046000]
04 Nov 11:10    INFO  valid result: 
recall@10 : 0.066    recall@20 : 0.0967    recall@50 : 0.1443    ndcg@10 : 0.038    ndcg@20 : 0.046    ndcg@50 : 0.0558    
04 Nov 11:10    INFO  Saving current best: saved/DirectAU-Nov-04-2023_11-05-11.pth
04 Nov 11:10    INFO  epoch 27 training [time: 2.00s, train loss: -2.9217]
04 Nov 11:10    INFO  epoch 27 evaluating [time: 9.25s, valid_score: 0.046400]
04 Nov 11:10    INFO  valid result: 
recall@10 : 0.0668    recall@20 : 0.0975    recall@50 : 0.146    ndcg@10 : 0.0383    ndcg@20 : 0.0464    ndcg@50 : 0.0565    
04 Nov 11:10    INFO  Saving current best: saved/DirectAU-Nov-04-2023_11-05-11.pth
04 Nov 11:10    INFO  epoch 28 training [time: 2.02s, train loss: -2.9273]
04 Nov 11:10    INFO  epoch 28 evaluating [time: 9.20s, valid_score: 0.047100]
04 Nov 11:10    INFO  valid result: 
recall@10 : 0.0678    recall@20 : 0.0991    recall@50 : 0.1469    ndcg@10 : 0.0389    ndcg@20 : 0.0471    ndcg@50 : 0.057    
04 Nov 11:10    INFO  Saving current best: saved/DirectAU-Nov-04-2023_11-05-11.pth
04 Nov 11:10    INFO  epoch 29 training [time: 2.00s, train loss: -2.9332]
04 Nov 11:10    INFO  epoch 29 evaluating [time: 9.06s, valid_score: 0.047700]
04 Nov 11:10    INFO  valid result: 
recall@10 : 0.0678    recall@20 : 0.1002    recall@50 : 0.1484    ndcg@10 : 0.0392    ndcg@20 : 0.0477    ndcg@50 : 0.0577    
04 Nov 11:10    INFO  Saving current best: saved/DirectAU-Nov-04-2023_11-05-11.pth
04 Nov 11:10    INFO  epoch 30 training [time: 1.90s, train loss: -2.9386]
04 Nov 11:11    INFO  epoch 30 evaluating [time: 9.23s, valid_score: 0.048000]
04 Nov 11:11    INFO  valid result: 
recall@10 : 0.0695    recall@20 : 0.1014    recall@50 : 0.1498    ndcg@10 : 0.0397    ndcg@20 : 0.048    ndcg@50 : 0.058    
04 Nov 11:11    INFO  Saving current best: saved/DirectAU-Nov-04-2023_11-05-11.pth
04 Nov 11:11    INFO  epoch 31 training [time: 1.92s, train loss: -2.9434]
04 Nov 11:11    INFO  epoch 31 evaluating [time: 9.26s, valid_score: 0.048600]
04 Nov 11:11    INFO  valid result: 
recall@10 : 0.07    recall@20 : 0.1026    recall@50 : 0.1519    ndcg@10 : 0.0401    ndcg@20 : 0.0486    ndcg@50 : 0.0588    
04 Nov 11:11    INFO  Saving current best: saved/DirectAU-Nov-04-2023_11-05-11.pth
04 Nov 11:11    INFO  epoch 32 training [time: 1.97s, train loss: -2.9495]
04 Nov 11:11    INFO  epoch 32 evaluating [time: 9.23s, valid_score: 0.048800]
04 Nov 11:11    INFO  valid result: 
recall@10 : 0.0706    recall@20 : 0.1032    recall@50 : 0.1529    ndcg@10 : 0.0403    ndcg@20 : 0.0488    ndcg@50 : 0.0591    
04 Nov 11:11    INFO  Saving current best: saved/DirectAU-Nov-04-2023_11-05-11.pth
04 Nov 11:11    INFO  epoch 33 training [time: 2.05s, train loss: -2.9539]
04 Nov 11:11    INFO  epoch 33 evaluating [time: 9.77s, valid_score: 0.049400]
04 Nov 11:11    INFO  valid result: 
recall@10 : 0.0713    recall@20 : 0.1036    recall@50 : 0.1547    ndcg@10 : 0.0409    ndcg@20 : 0.0494    ndcg@50 : 0.0599    
04 Nov 11:11    INFO  Saving current best: saved/DirectAU-Nov-04-2023_11-05-11.pth
04 Nov 11:11    INFO  epoch 34 training [time: 1.99s, train loss: -2.9584]
04 Nov 11:11    INFO  epoch 34 evaluating [time: 9.31s, valid_score: 0.049800]
04 Nov 11:11    INFO  valid result: 
recall@10 : 0.0716    recall@20 : 0.1051    recall@50 : 0.1552    ndcg@10 : 0.041    ndcg@20 : 0.0498    ndcg@50 : 0.0601    
04 Nov 11:11    INFO  Saving current best: saved/DirectAU-Nov-04-2023_11-05-11.pth
04 Nov 11:11    INFO  epoch 35 training [time: 1.89s, train loss: -2.9627]
04 Nov 11:11    INFO  epoch 35 evaluating [time: 9.14s, valid_score: 0.050400]
04 Nov 11:11    INFO  valid result: 
recall@10 : 0.073    recall@20 : 0.106    recall@50 : 0.1568    ndcg@10 : 0.0418    ndcg@20 : 0.0504    ndcg@50 : 0.0609    
04 Nov 11:11    INFO  Saving current best: saved/DirectAU-Nov-04-2023_11-05-11.pth
04 Nov 11:12    INFO  epoch 36 training [time: 1.99s, train loss: -2.9671]
04 Nov 11:12    INFO  epoch 36 evaluating [time: 9.38s, valid_score: 0.050800]
04 Nov 11:12    INFO  valid result: 
recall@10 : 0.0741    recall@20 : 0.1068    recall@50 : 0.1577    ndcg@10 : 0.0423    ndcg@20 : 0.0508    ndcg@50 : 0.0613    
04 Nov 11:12    INFO  Saving current best: saved/DirectAU-Nov-04-2023_11-05-11.pth
04 Nov 11:12    INFO  epoch 37 training [time: 2.00s, train loss: -2.9713]
04 Nov 11:12    INFO  epoch 37 evaluating [time: 9.19s, valid_score: 0.050800]
04 Nov 11:12    INFO  valid result: 
recall@10 : 0.0754    recall@20 : 0.1066    recall@50 : 0.158    ndcg@10 : 0.0426    ndcg@20 : 0.0508    ndcg@50 : 0.0614    
04 Nov 11:12    INFO  epoch 38 training [time: 2.00s, train loss: -2.9749]
04 Nov 11:12    INFO  epoch 38 evaluating [time: 9.24s, valid_score: 0.051200]
04 Nov 11:12    INFO  valid result: 
recall@10 : 0.0745    recall@20 : 0.1078    recall@50 : 0.1592    ndcg@10 : 0.0425    ndcg@20 : 0.0512    ndcg@50 : 0.0618    
04 Nov 11:12    INFO  Saving current best: saved/DirectAU-Nov-04-2023_11-05-11.pth
04 Nov 11:12    INFO  epoch 39 training [time: 1.97s, train loss: -2.9790]
04 Nov 11:12    INFO  epoch 39 evaluating [time: 9.51s, valid_score: 0.051900]
04 Nov 11:12    INFO  valid result: 
recall@10 : 0.076    recall@20 : 0.1081    recall@50 : 0.1602    ndcg@10 : 0.0435    ndcg@20 : 0.0519    ndcg@50 : 0.0626    
04 Nov 11:12    INFO  Saving current best: saved/DirectAU-Nov-04-2023_11-05-11.pth
04 Nov 11:12    INFO  epoch 40 training [time: 1.58s, train loss: -2.9824]
04 Nov 11:12    INFO  epoch 40 evaluating [time: 9.35s, valid_score: 0.051900]
04 Nov 11:12    INFO  valid result: 
recall@10 : 0.0765    recall@20 : 0.1088    recall@50 : 0.1614    ndcg@10 : 0.0434    ndcg@20 : 0.0519    ndcg@50 : 0.0627    
04 Nov 11:12    INFO  epoch 41 training [time: 2.13s, train loss: -2.9856]
04 Nov 11:13    INFO  epoch 41 evaluating [time: 9.55s, valid_score: 0.052800]
04 Nov 11:13    INFO  valid result: 
recall@10 : 0.076    recall@20 : 0.1109    recall@50 : 0.1625    ndcg@10 : 0.0437    ndcg@20 : 0.0528    ndcg@50 : 0.0634    
04 Nov 11:13    INFO  Saving current best: saved/DirectAU-Nov-04-2023_11-05-11.pth
04 Nov 11:13    INFO  epoch 42 training [time: 2.03s, train loss: -2.9894]
04 Nov 11:13    INFO  epoch 42 evaluating [time: 9.51s, valid_score: 0.053400]
04 Nov 11:13    INFO  valid result: 
recall@10 : 0.0773    recall@20 : 0.1114    recall@50 : 0.1628    ndcg@10 : 0.0445    ndcg@20 : 0.0534    ndcg@50 : 0.064    
04 Nov 11:13    INFO  Saving current best: saved/DirectAU-Nov-04-2023_11-05-11.pth
04 Nov 11:13    INFO  epoch 43 training [time: 2.02s, train loss: -2.9922]
04 Nov 11:13    INFO  epoch 43 evaluating [time: 9.44s, valid_score: 0.053400]
04 Nov 11:13    INFO  valid result: 
recall@10 : 0.0777    recall@20 : 0.1122    recall@50 : 0.1638    ndcg@10 : 0.0444    ndcg@20 : 0.0534    ndcg@50 : 0.0641    
04 Nov 11:13    INFO  epoch 44 training [time: 1.99s, train loss: -2.9955]
04 Nov 11:13    INFO  epoch 44 evaluating [time: 9.35s, valid_score: 0.053700]
04 Nov 11:13    INFO  valid result: 
recall@10 : 0.0791    recall@20 : 0.1126    recall@50 : 0.1651    ndcg@10 : 0.045    ndcg@20 : 0.0537    ndcg@50 : 0.0645    
04 Nov 11:13    INFO  Saving current best: saved/DirectAU-Nov-04-2023_11-05-11.pth
04 Nov 11:13    INFO  epoch 45 training [time: 1.98s, train loss: -2.9986]
04 Nov 11:13    INFO  epoch 45 evaluating [time: 9.20s, valid_score: 0.054200]
04 Nov 11:13    INFO  valid result: 
recall@10 : 0.0783    recall@20 : 0.1135    recall@50 : 0.1657    ndcg@10 : 0.045    ndcg@20 : 0.0542    ndcg@50 : 0.065    
04 Nov 11:13    INFO  Saving current best: saved/DirectAU-Nov-04-2023_11-05-11.pth
04 Nov 11:13    INFO  epoch 46 training [time: 1.90s, train loss: -3.0015]
04 Nov 11:14    INFO  epoch 46 evaluating [time: 9.11s, valid_score: 0.054500]
04 Nov 11:14    INFO  valid result: 
recall@10 : 0.0798    recall@20 : 0.1145    recall@50 : 0.1652    ndcg@10 : 0.0454    ndcg@20 : 0.0545    ndcg@50 : 0.0649    
04 Nov 11:14    INFO  Saving current best: saved/DirectAU-Nov-04-2023_11-05-11.pth
04 Nov 11:14    INFO  epoch 47 training [time: 1.95s, train loss: -3.0041]
04 Nov 11:14    INFO  epoch 47 evaluating [time: 9.23s, valid_score: 0.054800]
04 Nov 11:14    INFO  valid result: 
recall@10 : 0.0799    recall@20 : 0.1144    recall@50 : 0.1671    ndcg@10 : 0.0457    ndcg@20 : 0.0548    ndcg@50 : 0.0656    
04 Nov 11:14    INFO  Saving current best: saved/DirectAU-Nov-04-2023_11-05-11.pth
04 Nov 11:14    INFO  epoch 48 training [time: 1.99s, train loss: -3.0068]
04 Nov 11:14    INFO  epoch 48 evaluating [time: 9.11s, valid_score: 0.054800]
04 Nov 11:14    INFO  valid result: 
recall@10 : 0.0803    recall@20 : 0.1151    recall@50 : 0.1681    ndcg@10 : 0.0457    ndcg@20 : 0.0548    ndcg@50 : 0.0657    
04 Nov 11:14    INFO  epoch 49 training [time: 2.02s, train loss: -3.0090]
04 Nov 11:14    INFO  epoch 49 evaluating [time: 9.35s, valid_score: 0.055400]
04 Nov 11:14    INFO  valid result: 
recall@10 : 0.0809    recall@20 : 0.1159    recall@50 : 0.168    ndcg@10 : 0.0462    ndcg@20 : 0.0554    ndcg@50 : 0.0661    
04 Nov 11:14    INFO  Saving current best: saved/DirectAU-Nov-04-2023_11-05-11.pth
04 Nov 11:14    INFO  epoch 50 training [time: 1.98s, train loss: -3.0113]
04 Nov 11:14    INFO  epoch 50 evaluating [time: 9.31s, valid_score: 0.055300]
04 Nov 11:14    INFO  valid result: 
recall@10 : 0.0816    recall@20 : 0.1158    recall@50 : 0.1691    ndcg@10 : 0.0464    ndcg@20 : 0.0553    ndcg@50 : 0.0662    
04 Nov 11:14    INFO  epoch 51 training [time: 1.58s, train loss: -3.0128]
04 Nov 11:14    INFO  epoch 51 evaluating [time: 9.22s, valid_score: 0.055900]
04 Nov 11:14    INFO  valid result: 
recall@10 : 0.0815    recall@20 : 0.1167    recall@50 : 0.1698    ndcg@10 : 0.0466    ndcg@20 : 0.0559    ndcg@50 : 0.0668    
04 Nov 11:14    INFO  Saving current best: saved/DirectAU-Nov-04-2023_11-05-11.pth
04 Nov 11:15    INFO  epoch 52 training [time: 1.97s, train loss: -3.0153]
04 Nov 11:15    INFO  epoch 52 evaluating [time: 9.22s, valid_score: 0.056100]
04 Nov 11:15    INFO  valid result: 
recall@10 : 0.0828    recall@20 : 0.117    recall@50 : 0.1707    ndcg@10 : 0.0471    ndcg@20 : 0.0561    ndcg@50 : 0.0671    
04 Nov 11:15    INFO  Saving current best: saved/DirectAU-Nov-04-2023_11-05-11.pth
04 Nov 11:15    INFO  epoch 53 training [time: 1.94s, train loss: -3.0178]
04 Nov 11:15    INFO  epoch 53 evaluating [time: 9.39s, valid_score: 0.056000]
04 Nov 11:15    INFO  valid result: 
recall@10 : 0.0826    recall@20 : 0.1172    recall@50 : 0.1704    ndcg@10 : 0.0469    ndcg@20 : 0.056    ndcg@50 : 0.067    
04 Nov 11:15    INFO  epoch 54 training [time: 1.94s, train loss: -3.0198]
04 Nov 11:15    INFO  epoch 54 evaluating [time: 9.04s, valid_score: 0.056800]
04 Nov 11:15    INFO  valid result: 
recall@10 : 0.0828    recall@20 : 0.1182    recall@50 : 0.171    ndcg@10 : 0.0475    ndcg@20 : 0.0568    ndcg@50 : 0.0677    
04 Nov 11:15    INFO  Saving current best: saved/DirectAU-Nov-04-2023_11-05-11.pth
04 Nov 11:15    INFO  epoch 55 training [time: 1.99s, train loss: -3.0218]
04 Nov 11:15    INFO  epoch 55 evaluating [time: 9.11s, valid_score: 0.056700]
04 Nov 11:15    INFO  valid result: 
recall@10 : 0.0833    recall@20 : 0.1179    recall@50 : 0.1728    ndcg@10 : 0.0476    ndcg@20 : 0.0567    ndcg@50 : 0.068    
04 Nov 11:15    INFO  epoch 56 training [time: 2.00s, train loss: -3.0231]
04 Nov 11:15    INFO  epoch 56 evaluating [time: 9.23s, valid_score: 0.057100]
04 Nov 11:15    INFO  valid result: 
recall@10 : 0.0841    recall@20 : 0.1177    recall@50 : 0.1731    ndcg@10 : 0.0482    ndcg@20 : 0.0571    ndcg@50 : 0.0684    
04 Nov 11:15    INFO  Saving current best: saved/DirectAU-Nov-04-2023_11-05-11.pth
04 Nov 11:15    INFO  epoch 57 training [time: 1.99s, train loss: -3.0253]
04 Nov 11:16    INFO  epoch 57 evaluating [time: 9.30s, valid_score: 0.057000]
04 Nov 11:16    INFO  valid result: 
recall@10 : 0.0851    recall@20 : 0.118    recall@50 : 0.1748    ndcg@10 : 0.0484    ndcg@20 : 0.057    ndcg@50 : 0.0687    
04 Nov 11:16    INFO  epoch 58 training [time: 1.99s, train loss: -3.0267]
04 Nov 11:16    INFO  epoch 58 evaluating [time: 9.36s, valid_score: 0.057500]
04 Nov 11:16    INFO  valid result: 
recall@10 : 0.0854    recall@20 : 0.1192    recall@50 : 0.1746    ndcg@10 : 0.0487    ndcg@20 : 0.0575    ndcg@50 : 0.0689    
04 Nov 11:16    INFO  Saving current best: saved/DirectAU-Nov-04-2023_11-05-11.pth
04 Nov 11:16    INFO  epoch 59 training [time: 2.00s, train loss: -3.0283]
04 Nov 11:16    INFO  epoch 59 evaluating [time: 9.37s, valid_score: 0.057600]
04 Nov 11:16    INFO  valid result: 
recall@10 : 0.0853    recall@20 : 0.1198    recall@50 : 0.175    ndcg@10 : 0.0486    ndcg@20 : 0.0576    ndcg@50 : 0.069    
04 Nov 11:16    INFO  Saving current best: saved/DirectAU-Nov-04-2023_11-05-11.pth
04 Nov 11:16    INFO  epoch 60 training [time: 1.68s, train loss: -3.0297]
04 Nov 11:16    INFO  epoch 60 evaluating [time: 9.30s, valid_score: 0.058300]
04 Nov 11:16    INFO  valid result: 
recall@10 : 0.0862    recall@20 : 0.1211    recall@50 : 0.1759    ndcg@10 : 0.0492    ndcg@20 : 0.0583    ndcg@50 : 0.0696    
04 Nov 11:16    INFO  Saving current best: saved/DirectAU-Nov-04-2023_11-05-11.pth
04 Nov 11:16    INFO  epoch 61 training [time: 1.92s, train loss: -3.0313]
04 Nov 11:16    INFO  epoch 61 evaluating [time: 9.34s, valid_score: 0.058100]
04 Nov 11:16    INFO  valid result: 
recall@10 : 0.0862    recall@20 : 0.1204    recall@50 : 0.1772    ndcg@10 : 0.0492    ndcg@20 : 0.0581    ndcg@50 : 0.0698    
04 Nov 11:16    INFO  epoch 62 training [time: 1.96s, train loss: -3.0329]
04 Nov 11:17    INFO  epoch 62 evaluating [time: 9.42s, valid_score: 0.058500]
04 Nov 11:17    INFO  valid result: 
recall@10 : 0.0868    recall@20 : 0.1209    recall@50 : 0.1773    ndcg@10 : 0.0496    ndcg@20 : 0.0585    ndcg@50 : 0.07    
04 Nov 11:17    INFO  Saving current best: saved/DirectAU-Nov-04-2023_11-05-11.pth
04 Nov 11:17    INFO  epoch 63 training [time: 1.95s, train loss: -3.0339]
04 Nov 11:17    INFO  epoch 63 evaluating [time: 9.32s, valid_score: 0.058300]
04 Nov 11:17    INFO  valid result: 
recall@10 : 0.0869    recall@20 : 0.1207    recall@50 : 0.177    ndcg@10 : 0.0495    ndcg@20 : 0.0583    ndcg@50 : 0.0699    
04 Nov 11:17    INFO  epoch 64 training [time: 1.98s, train loss: -3.0355]
04 Nov 11:17    INFO  epoch 64 evaluating [time: 9.59s, valid_score: 0.058900]
04 Nov 11:17    INFO  valid result: 
recall@10 : 0.0866    recall@20 : 0.1214    recall@50 : 0.178    ndcg@10 : 0.0498    ndcg@20 : 0.0589    ndcg@50 : 0.0705    
04 Nov 11:17    INFO  Saving current best: saved/DirectAU-Nov-04-2023_11-05-11.pth
04 Nov 11:17    INFO  epoch 65 training [time: 1.98s, train loss: -3.0368]
04 Nov 11:17    INFO  epoch 65 evaluating [time: 9.11s, valid_score: 0.059100]
04 Nov 11:17    INFO  valid result: 
recall@10 : 0.0864    recall@20 : 0.1214    recall@50 : 0.1781    ndcg@10 : 0.05    ndcg@20 : 0.0591    ndcg@50 : 0.0708    
04 Nov 11:17    INFO  Saving current best: saved/DirectAU-Nov-04-2023_11-05-11.pth
04 Nov 11:17    INFO  epoch 66 training [time: 1.98s, train loss: -3.0375]
04 Nov 11:17    INFO  epoch 66 evaluating [time: 9.37s, valid_score: 0.058900]
04 Nov 11:17    INFO  valid result: 
recall@10 : 0.0866    recall@20 : 0.1216    recall@50 : 0.179    ndcg@10 : 0.0497    ndcg@20 : 0.0589    ndcg@50 : 0.0707    
04 Nov 11:17    INFO  epoch 67 training [time: 1.94s, train loss: -3.0391]
04 Nov 11:17    INFO  epoch 67 evaluating [time: 9.19s, valid_score: 0.059100]
04 Nov 11:17    INFO  valid result: 
recall@10 : 0.0865    recall@20 : 0.1222    recall@50 : 0.1785    ndcg@10 : 0.0497    ndcg@20 : 0.0591    ndcg@50 : 0.0707    
04 Nov 11:18    INFO  epoch 68 training [time: 2.02s, train loss: -3.0395]
04 Nov 11:18    INFO  epoch 68 evaluating [time: 9.43s, valid_score: 0.059600]
04 Nov 11:18    INFO  valid result: 
recall@10 : 0.0869    recall@20 : 0.1233    recall@50 : 0.1784    ndcg@10 : 0.0501    ndcg@20 : 0.0596    ndcg@50 : 0.0709    
04 Nov 11:18    INFO  Saving current best: saved/DirectAU-Nov-04-2023_11-05-11.pth
04 Nov 11:18    INFO  epoch 69 training [time: 1.95s, train loss: -3.0408]
04 Nov 11:18    INFO  epoch 69 evaluating [time: 9.32s, valid_score: 0.059300]
04 Nov 11:18    INFO  valid result: 
recall@10 : 0.0871    recall@20 : 0.122    recall@50 : 0.1788    ndcg@10 : 0.0502    ndcg@20 : 0.0593    ndcg@50 : 0.071    
04 Nov 11:18    INFO  epoch 70 training [time: 2.06s, train loss: -3.0423]
04 Nov 11:18    INFO  epoch 70 evaluating [time: 9.49s, valid_score: 0.059600]
04 Nov 11:18    INFO  valid result: 
recall@10 : 0.0874    recall@20 : 0.1227    recall@50 : 0.1798    ndcg@10 : 0.0504    ndcg@20 : 0.0596    ndcg@50 : 0.0714    
04 Nov 11:18    INFO  epoch 71 training [time: 2.08s, train loss: -3.0429]
04 Nov 11:18    INFO  epoch 71 evaluating [time: 9.22s, valid_score: 0.059700]
04 Nov 11:18    INFO  valid result: 
recall@10 : 0.0879    recall@20 : 0.1232    recall@50 : 0.1799    ndcg@10 : 0.0505    ndcg@20 : 0.0597    ndcg@50 : 0.0714    
04 Nov 11:18    INFO  Saving current best: saved/DirectAU-Nov-04-2023_11-05-11.pth
04 Nov 11:18    INFO  epoch 72 training [time: 2.08s, train loss: -3.0436]
04 Nov 11:18    INFO  epoch 72 evaluating [time: 9.09s, valid_score: 0.059900]
04 Nov 11:18    INFO  valid result: 
recall@10 : 0.0881    recall@20 : 0.1239    recall@50 : 0.1803    ndcg@10 : 0.0506    ndcg@20 : 0.0599    ndcg@50 : 0.0715    
04 Nov 11:18    INFO  Saving current best: saved/DirectAU-Nov-04-2023_11-05-11.pth
04 Nov 11:18    INFO  epoch 73 training [time: 1.93s, train loss: -3.0445]
04 Nov 11:19    INFO  epoch 73 evaluating [time: 9.16s, valid_score: 0.059700]
04 Nov 11:19    INFO  valid result: 
recall@10 : 0.0875    recall@20 : 0.124    recall@50 : 0.1811    ndcg@10 : 0.0501    ndcg@20 : 0.0597    ndcg@50 : 0.0714    
04 Nov 11:19    INFO  epoch 74 training [time: 2.00s, train loss: -3.0454]
04 Nov 11:19    INFO  epoch 74 evaluating [time: 9.21s, valid_score: 0.060100]
04 Nov 11:19    INFO  valid result: 
recall@10 : 0.0889    recall@20 : 0.1239    recall@50 : 0.181    ndcg@10 : 0.0509    ndcg@20 : 0.0601    ndcg@50 : 0.0718    
04 Nov 11:19    INFO  Saving current best: saved/DirectAU-Nov-04-2023_11-05-11.pth
04 Nov 11:19    INFO  epoch 75 training [time: 1.86s, train loss: -3.0459]
04 Nov 11:19    INFO  epoch 75 evaluating [time: 9.40s, valid_score: 0.060000]
04 Nov 11:19    INFO  valid result: 
recall@10 : 0.0888    recall@20 : 0.1246    recall@50 : 0.181    ndcg@10 : 0.0506    ndcg@20 : 0.06    ndcg@50 : 0.0716    
04 Nov 11:19    INFO  epoch 76 training [time: 2.00s, train loss: -3.0470]
04 Nov 11:19    INFO  epoch 76 evaluating [time: 8.89s, valid_score: 0.060200]
04 Nov 11:19    INFO  valid result: 
recall@10 : 0.0887    recall@20 : 0.1247    recall@50 : 0.1815    ndcg@10 : 0.0508    ndcg@20 : 0.0602    ndcg@50 : 0.0719    
04 Nov 11:19    INFO  Saving current best: saved/DirectAU-Nov-04-2023_11-05-11.pth
04 Nov 11:19    INFO  epoch 77 training [time: 1.68s, train loss: -3.0473]
04 Nov 11:19    INFO  epoch 77 evaluating [time: 9.22s, valid_score: 0.060200]
04 Nov 11:19    INFO  valid result: 
recall@10 : 0.0893    recall@20 : 0.1251    recall@50 : 0.1813    ndcg@10 : 0.0509    ndcg@20 : 0.0602    ndcg@50 : 0.0718    
04 Nov 11:19    INFO  epoch 78 training [time: 1.80s, train loss: -3.0482]
04 Nov 11:20    INFO  epoch 78 evaluating [time: 9.19s, valid_score: 0.060500]
04 Nov 11:20    INFO  valid result: 
recall@10 : 0.0894    recall@20 : 0.1253    recall@50 : 0.1814    ndcg@10 : 0.0511    ndcg@20 : 0.0605    ndcg@50 : 0.0721    
04 Nov 11:20    INFO  Saving current best: saved/DirectAU-Nov-04-2023_11-05-11.pth
04 Nov 11:20    INFO  epoch 79 training [time: 1.67s, train loss: -3.0488]
04 Nov 11:20    INFO  epoch 79 evaluating [time: 9.26s, valid_score: 0.060700]
04 Nov 11:20    INFO  valid result: 
recall@10 : 0.0904    recall@20 : 0.1252    recall@50 : 0.1828    ndcg@10 : 0.0516    ndcg@20 : 0.0607    ndcg@50 : 0.0726    
04 Nov 11:20    INFO  Saving current best: saved/DirectAU-Nov-04-2023_11-05-11.pth
04 Nov 11:20    INFO  epoch 80 training [time: 2.00s, train loss: -3.0497]
04 Nov 11:20    INFO  epoch 80 evaluating [time: 9.19s, valid_score: 0.061000]
04 Nov 11:20    INFO  valid result: 
recall@10 : 0.09    recall@20 : 0.1258    recall@50 : 0.1816    ndcg@10 : 0.0517    ndcg@20 : 0.061    ndcg@50 : 0.0725    
04 Nov 11:20    INFO  Saving current best: saved/DirectAU-Nov-04-2023_11-05-11.pth
04 Nov 11:20    INFO  epoch 81 training [time: 2.00s, train loss: -3.0500]
04 Nov 11:20    INFO  epoch 81 evaluating [time: 9.19s, valid_score: 0.061200]
04 Nov 11:20    INFO  valid result: 
recall@10 : 0.0904    recall@20 : 0.1259    recall@50 : 0.1829    ndcg@10 : 0.0519    ndcg@20 : 0.0612    ndcg@50 : 0.073    
04 Nov 11:20    INFO  Saving current best: saved/DirectAU-Nov-04-2023_11-05-11.pth
04 Nov 11:20    INFO  epoch 82 training [time: 1.94s, train loss: -3.0504]
04 Nov 11:20    INFO  epoch 82 evaluating [time: 9.14s, valid_score: 0.061200]
04 Nov 11:20    INFO  valid result: 
recall@10 : 0.0911    recall@20 : 0.1264    recall@50 : 0.1831    ndcg@10 : 0.052    ndcg@20 : 0.0612    ndcg@50 : 0.0729    
04 Nov 11:20    INFO  epoch 83 training [time: 1.96s, train loss: -3.0515]
04 Nov 11:20    INFO  epoch 83 evaluating [time: 9.31s, valid_score: 0.061600]
04 Nov 11:20    INFO  valid result: 
recall@10 : 0.0912    recall@20 : 0.1274    recall@50 : 0.1831    ndcg@10 : 0.0521    ndcg@20 : 0.0616    ndcg@50 : 0.073    
04 Nov 11:20    INFO  Saving current best: saved/DirectAU-Nov-04-2023_11-05-11.pth
04 Nov 11:21    INFO  epoch 84 training [time: 1.90s, train loss: -3.0517]
04 Nov 11:21    INFO  epoch 84 evaluating [time: 9.64s, valid_score: 0.061500]
04 Nov 11:21    INFO  valid result: 
recall@10 : 0.0905    recall@20 : 0.1272    recall@50 : 0.1832    ndcg@10 : 0.0519    ndcg@20 : 0.0615    ndcg@50 : 0.073    
04 Nov 11:21    INFO  epoch 85 training [time: 1.99s, train loss: -3.0523]
04 Nov 11:21    INFO  epoch 85 evaluating [time: 9.25s, valid_score: 0.061400]
04 Nov 11:21    INFO  valid result: 
recall@10 : 0.091    recall@20 : 0.1265    recall@50 : 0.1843    ndcg@10 : 0.0521    ndcg@20 : 0.0614    ndcg@50 : 0.0733    
04 Nov 11:21    INFO  epoch 86 training [time: 1.97s, train loss: -3.0530]
04 Nov 11:21    INFO  epoch 86 evaluating [time: 9.21s, valid_score: 0.061500]
04 Nov 11:21    INFO  valid result: 
recall@10 : 0.091    recall@20 : 0.1271    recall@50 : 0.1843    ndcg@10 : 0.0521    ndcg@20 : 0.0615    ndcg@50 : 0.0733    
04 Nov 11:21    INFO  epoch 87 training [time: 1.99s, train loss: -3.0532]
04 Nov 11:21    INFO  epoch 87 evaluating [time: 9.18s, valid_score: 0.061500]
04 Nov 11:21    INFO  valid result: 
recall@10 : 0.0914    recall@20 : 0.1273    recall@50 : 0.1845    ndcg@10 : 0.0521    ndcg@20 : 0.0615    ndcg@50 : 0.0733    
04 Nov 11:21    INFO  epoch 88 training [time: 1.96s, train loss: -3.0536]
04 Nov 11:21    INFO  epoch 88 evaluating [time: 9.13s, valid_score: 0.061600]
04 Nov 11:21    INFO  valid result: 
recall@10 : 0.0912    recall@20 : 0.1268    recall@50 : 0.1848    ndcg@10 : 0.0523    ndcg@20 : 0.0616    ndcg@50 : 0.0736    
04 Nov 11:21    INFO  epoch 89 training [time: 1.97s, train loss: -3.0539]
04 Nov 11:22    INFO  epoch 89 evaluating [time: 9.14s, valid_score: 0.061900]
04 Nov 11:22    INFO  valid result: 
recall@10 : 0.0909    recall@20 : 0.1275    recall@50 : 0.185    ndcg@10 : 0.0523    ndcg@20 : 0.0619    ndcg@50 : 0.0737    
04 Nov 11:22    INFO  Saving current best: saved/DirectAU-Nov-04-2023_11-05-11.pth
04 Nov 11:22    INFO  epoch 90 training [time: 1.98s, train loss: -3.0541]
04 Nov 11:22    INFO  epoch 90 evaluating [time: 9.22s, valid_score: 0.061600]
04 Nov 11:22    INFO  valid result: 
recall@10 : 0.0906    recall@20 : 0.1277    recall@50 : 0.1851    ndcg@10 : 0.0519    ndcg@20 : 0.0616    ndcg@50 : 0.0734    
04 Nov 11:22    INFO  epoch 91 training [time: 2.02s, train loss: -3.0545]
04 Nov 11:22    INFO  epoch 91 evaluating [time: 9.25s, valid_score: 0.061900]
04 Nov 11:22    INFO  valid result: 
recall@10 : 0.0907    recall@20 : 0.1281    recall@50 : 0.1847    ndcg@10 : 0.0521    ndcg@20 : 0.0619    ndcg@50 : 0.0735    
04 Nov 11:22    INFO  epoch 92 training [time: 1.95s, train loss: -3.0546]
04 Nov 11:22    INFO  epoch 92 evaluating [time: 9.43s, valid_score: 0.062000]
04 Nov 11:22    INFO  valid result: 
recall@10 : 0.0909    recall@20 : 0.1277    recall@50 : 0.1849    ndcg@10 : 0.0523    ndcg@20 : 0.062    ndcg@50 : 0.0738    
04 Nov 11:22    INFO  Saving current best: saved/DirectAU-Nov-04-2023_11-05-11.pth
04 Nov 11:22    INFO  epoch 93 training [time: 2.00s, train loss: -3.0553]
04 Nov 11:22    INFO  epoch 93 evaluating [time: 9.21s, valid_score: 0.062200]
04 Nov 11:22    INFO  valid result: 
recall@10 : 0.091    recall@20 : 0.129    recall@50 : 0.1855    ndcg@10 : 0.0522    ndcg@20 : 0.0622    ndcg@50 : 0.0738    
04 Nov 11:22    INFO  Saving current best: saved/DirectAU-Nov-04-2023_11-05-11.pth
04 Nov 11:22    INFO  epoch 94 training [time: 2.00s, train loss: -3.0552]
04 Nov 11:23    INFO  epoch 94 evaluating [time: 9.18s, valid_score: 0.061900]
04 Nov 11:23    INFO  valid result: 
recall@10 : 0.0915    recall@20 : 0.1282    recall@50 : 0.1855    ndcg@10 : 0.0523    ndcg@20 : 0.0619    ndcg@50 : 0.0737    
04 Nov 11:23    INFO  epoch 95 training [time: 1.92s, train loss: -3.0560]
04 Nov 11:23    INFO  epoch 95 evaluating [time: 9.33s, valid_score: 0.062100]
04 Nov 11:23    INFO  valid result: 
recall@10 : 0.0916    recall@20 : 0.128    recall@50 : 0.1856    ndcg@10 : 0.0526    ndcg@20 : 0.0621    ndcg@50 : 0.074    
04 Nov 11:23    INFO  epoch 96 training [time: 1.98s, train loss: -3.0562]
04 Nov 11:23    INFO  epoch 96 evaluating [time: 9.57s, valid_score: 0.062500]
04 Nov 11:23    INFO  valid result: 
recall@10 : 0.0919    recall@20 : 0.1292    recall@50 : 0.1863    ndcg@10 : 0.0528    ndcg@20 : 0.0625    ndcg@50 : 0.0742    
04 Nov 11:23    INFO  Saving current best: saved/DirectAU-Nov-04-2023_11-05-11.pth
04 Nov 11:23    INFO  epoch 97 training [time: 1.88s, train loss: -3.0562]
04 Nov 11:23    INFO  epoch 97 evaluating [time: 9.26s, valid_score: 0.062300]
04 Nov 11:23    INFO  valid result: 
recall@10 : 0.0924    recall@20 : 0.1286    recall@50 : 0.1856    ndcg@10 : 0.0528    ndcg@20 : 0.0623    ndcg@50 : 0.074    
04 Nov 11:23    INFO  epoch 98 training [time: 1.96s, train loss: -3.0568]
04 Nov 11:23    INFO  epoch 98 evaluating [time: 9.27s, valid_score: 0.062400]
04 Nov 11:23    INFO  valid result: 
recall@10 : 0.0922    recall@20 : 0.1296    recall@50 : 0.1853    ndcg@10 : 0.0526    ndcg@20 : 0.0624    ndcg@50 : 0.0739    
04 Nov 11:23    INFO  epoch 99 training [time: 1.82s, train loss: -3.0562]
04 Nov 11:23    INFO  epoch 99 evaluating [time: 9.19s, valid_score: 0.062700]
04 Nov 11:23    INFO  valid result: 
recall@10 : 0.0928    recall@20 : 0.1295    recall@50 : 0.1849    ndcg@10 : 0.0531    ndcg@20 : 0.0627    ndcg@50 : 0.0741    
04 Nov 11:23    INFO  Saving current best: saved/DirectAU-Nov-04-2023_11-05-11.pth
04 Nov 11:24    INFO  epoch 100 training [time: 1.97s, train loss: -3.0567]
04 Nov 11:24    INFO  epoch 100 evaluating [time: 9.37s, valid_score: 0.062600]
04 Nov 11:24    INFO  valid result: 
recall@10 : 0.0929    recall@20 : 0.1293    recall@50 : 0.1855    ndcg@10 : 0.053    ndcg@20 : 0.0626    ndcg@50 : 0.0741    
04 Nov 11:24    INFO  epoch 101 training [time: 1.86s, train loss: -3.0573]
04 Nov 11:24    INFO  epoch 101 evaluating [time: 9.29s, valid_score: 0.062500]
04 Nov 11:24    INFO  valid result: 
recall@10 : 0.0926    recall@20 : 0.1297    recall@50 : 0.1863    ndcg@10 : 0.0528    ndcg@20 : 0.0625    ndcg@50 : 0.0741    
04 Nov 11:24    INFO  epoch 102 training [time: 1.99s, train loss: -3.0573]
04 Nov 11:24    INFO  epoch 102 evaluating [time: 9.39s, valid_score: 0.062700]
04 Nov 11:24    INFO  valid result: 
recall@10 : 0.0918    recall@20 : 0.1293    recall@50 : 0.1864    ndcg@10 : 0.0528    ndcg@20 : 0.0627    ndcg@50 : 0.0744    
04 Nov 11:24    INFO  epoch 103 training [time: 1.68s, train loss: -3.0578]
04 Nov 11:24    INFO  epoch 103 evaluating [time: 9.20s, valid_score: 0.062500]
04 Nov 11:24    INFO  valid result: 
recall@10 : 0.0919    recall@20 : 0.1296    recall@50 : 0.1872    ndcg@10 : 0.0526    ndcg@20 : 0.0625    ndcg@50 : 0.0743    
04 Nov 11:24    INFO  epoch 104 training [time: 2.03s, train loss: -3.0578]
04 Nov 11:24    INFO  epoch 104 evaluating [time: 9.22s, valid_score: 0.062600]
04 Nov 11:24    INFO  valid result: 
recall@10 : 0.0924    recall@20 : 0.1298    recall@50 : 0.1864    ndcg@10 : 0.0528    ndcg@20 : 0.0626    ndcg@50 : 0.0742    
04 Nov 11:24    INFO  epoch 105 training [time: 1.91s, train loss: -3.0581]
04 Nov 11:25    INFO  epoch 105 evaluating [time: 9.13s, valid_score: 0.062700]
04 Nov 11:25    INFO  valid result: 
recall@10 : 0.0925    recall@20 : 0.13    recall@50 : 0.1865    ndcg@10 : 0.0529    ndcg@20 : 0.0627    ndcg@50 : 0.0743    
04 Nov 11:25    INFO  epoch 106 training [time: 2.03s, train loss: -3.0588]
04 Nov 11:25    INFO  epoch 106 evaluating [time: 9.30s, valid_score: 0.062600]
04 Nov 11:25    INFO  valid result: 
recall@10 : 0.0925    recall@20 : 0.1286    recall@50 : 0.1871    ndcg@10 : 0.0531    ndcg@20 : 0.0626    ndcg@50 : 0.0747    
04 Nov 11:25    INFO  epoch 107 training [time: 2.02s, train loss: -3.0581]
04 Nov 11:25    INFO  epoch 107 evaluating [time: 9.29s, valid_score: 0.062600]
04 Nov 11:25    INFO  valid result: 
recall@10 : 0.0922    recall@20 : 0.1292    recall@50 : 0.1868    ndcg@10 : 0.0529    ndcg@20 : 0.0626    ndcg@50 : 0.0745    
04 Nov 11:25    INFO  epoch 108 training [time: 2.02s, train loss: -3.0586]
04 Nov 11:25    INFO  epoch 108 evaluating [time: 9.38s, valid_score: 0.062800]
04 Nov 11:25    INFO  valid result: 
recall@10 : 0.0928    recall@20 : 0.1306    recall@50 : 0.1875    ndcg@10 : 0.0529    ndcg@20 : 0.0628    ndcg@50 : 0.0744    
04 Nov 11:25    INFO  Saving current best: saved/DirectAU-Nov-04-2023_11-05-11.pth
04 Nov 11:25    INFO  epoch 109 training [time: 1.97s, train loss: -3.0587]
04 Nov 11:25    INFO  epoch 109 evaluating [time: 9.29s, valid_score: 0.063100]
04 Nov 11:25    INFO  valid result: 
recall@10 : 0.0928    recall@20 : 0.1303    recall@50 : 0.1883    ndcg@10 : 0.0532    ndcg@20 : 0.0631    ndcg@50 : 0.0749    
04 Nov 11:25    INFO  Saving current best: saved/DirectAU-Nov-04-2023_11-05-11.pth
04 Nov 11:25    INFO  epoch 110 training [time: 1.96s, train loss: -3.0589]
04 Nov 11:26    INFO  epoch 110 evaluating [time: 9.17s, valid_score: 0.063100]
04 Nov 11:26    INFO  valid result: 
recall@10 : 0.0926    recall@20 : 0.1298    recall@50 : 0.1877    ndcg@10 : 0.0533    ndcg@20 : 0.0631    ndcg@50 : 0.075    
04 Nov 11:26    INFO  epoch 111 training [time: 1.94s, train loss: -3.0596]
04 Nov 11:26    INFO  epoch 111 evaluating [time: 9.56s, valid_score: 0.063100]
04 Nov 11:26    INFO  valid result: 
recall@10 : 0.093    recall@20 : 0.1301    recall@50 : 0.1875    ndcg@10 : 0.0533    ndcg@20 : 0.0631    ndcg@50 : 0.0748    
04 Nov 11:26    INFO  epoch 112 training [time: 1.94s, train loss: -3.0595]
04 Nov 11:26    INFO  epoch 112 evaluating [time: 9.11s, valid_score: 0.063100]
04 Nov 11:26    INFO  valid result: 
recall@10 : 0.093    recall@20 : 0.1302    recall@50 : 0.1875    ndcg@10 : 0.0533    ndcg@20 : 0.0631    ndcg@50 : 0.0749    
04 Nov 11:26    INFO  epoch 113 training [time: 1.96s, train loss: -3.0597]
04 Nov 11:26    INFO  epoch 113 evaluating [time: 9.39s, valid_score: 0.063300]
04 Nov 11:26    INFO  valid result: 
recall@10 : 0.0929    recall@20 : 0.13    recall@50 : 0.1879    ndcg@10 : 0.0535    ndcg@20 : 0.0633    ndcg@50 : 0.0751    
04 Nov 11:26    INFO  Saving current best: saved/DirectAU-Nov-04-2023_11-05-11.pth
04 Nov 11:26    INFO  epoch 114 training [time: 1.96s, train loss: -3.0598]
04 Nov 11:26    INFO  epoch 114 evaluating [time: 9.11s, valid_score: 0.063300]
04 Nov 11:26    INFO  valid result: 
recall@10 : 0.0926    recall@20 : 0.1302    recall@50 : 0.1875    ndcg@10 : 0.0534    ndcg@20 : 0.0633    ndcg@50 : 0.0751    
04 Nov 11:26    INFO  epoch 115 training [time: 1.75s, train loss: -3.0603]
04 Nov 11:26    INFO  epoch 115 evaluating [time: 9.27s, valid_score: 0.063600]
04 Nov 11:26    INFO  valid result: 
recall@10 : 0.0928    recall@20 : 0.1303    recall@50 : 0.1883    ndcg@10 : 0.0537    ndcg@20 : 0.0636    ndcg@50 : 0.0755    
04 Nov 11:26    INFO  Saving current best: saved/DirectAU-Nov-04-2023_11-05-11.pth
04 Nov 11:27    INFO  epoch 116 training [time: 1.97s, train loss: -3.0601]
04 Nov 11:27    INFO  epoch 116 evaluating [time: 9.28s, valid_score: 0.063300]
04 Nov 11:27    INFO  valid result: 
recall@10 : 0.0926    recall@20 : 0.1306    recall@50 : 0.1874    ndcg@10 : 0.0533    ndcg@20 : 0.0633    ndcg@50 : 0.075    
04 Nov 11:27    INFO  epoch 117 training [time: 1.94s, train loss: -3.0598]
04 Nov 11:27    INFO  epoch 117 evaluating [time: 9.27s, valid_score: 0.063300]
04 Nov 11:27    INFO  valid result: 
recall@10 : 0.0926    recall@20 : 0.1305    recall@50 : 0.1883    ndcg@10 : 0.0534    ndcg@20 : 0.0633    ndcg@50 : 0.0752    
04 Nov 11:27    INFO  epoch 118 training [time: 1.96s, train loss: -3.0599]
04 Nov 11:27    INFO  epoch 118 evaluating [time: 9.17s, valid_score: 0.063400]
04 Nov 11:27    INFO  valid result: 
recall@10 : 0.0935    recall@20 : 0.1305    recall@50 : 0.188    ndcg@10 : 0.0537    ndcg@20 : 0.0634    ndcg@50 : 0.0752    
04 Nov 11:27    INFO  epoch 119 training [time: 1.91s, train loss: -3.0606]
04 Nov 11:27    INFO  epoch 119 evaluating [time: 9.28s, valid_score: 0.063500]
04 Nov 11:27    INFO  valid result: 
recall@10 : 0.0936    recall@20 : 0.1308    recall@50 : 0.188    ndcg@10 : 0.0537    ndcg@20 : 0.0635    ndcg@50 : 0.0752    
04 Nov 11:27    INFO  epoch 120 training [time: 1.91s, train loss: -3.0607]
04 Nov 11:27    INFO  epoch 120 evaluating [time: 9.28s, valid_score: 0.063500]
04 Nov 11:27    INFO  valid result: 
recall@10 : 0.0939    recall@20 : 0.1307    recall@50 : 0.188    ndcg@10 : 0.0538    ndcg@20 : 0.0635    ndcg@50 : 0.0753    
04 Nov 11:27    INFO  epoch 121 training [time: 2.00s, train loss: -3.0607]
04 Nov 11:28    INFO  epoch 121 evaluating [time: 9.32s, valid_score: 0.063500]
04 Nov 11:28    INFO  valid result: 
recall@10 : 0.094    recall@20 : 0.1307    recall@50 : 0.1883    ndcg@10 : 0.0539    ndcg@20 : 0.0635    ndcg@50 : 0.0753    
04 Nov 11:28    INFO  epoch 122 training [time: 1.96s, train loss: -3.0611]
04 Nov 11:28    INFO  epoch 122 evaluating [time: 9.22s, valid_score: 0.063500]
04 Nov 11:28    INFO  valid result: 
recall@10 : 0.0942    recall@20 : 0.1308    recall@50 : 0.1876    ndcg@10 : 0.0539    ndcg@20 : 0.0635    ndcg@50 : 0.0752    
04 Nov 11:28    INFO  epoch 123 training [time: 1.98s, train loss: -3.0610]
04 Nov 11:28    INFO  epoch 123 evaluating [time: 9.14s, valid_score: 0.063900]
04 Nov 11:28    INFO  valid result: 
recall@10 : 0.0947    recall@20 : 0.1314    recall@50 : 0.1887    ndcg@10 : 0.0543    ndcg@20 : 0.0639    ndcg@50 : 0.0757    
04 Nov 11:28    INFO  Saving current best: saved/DirectAU-Nov-04-2023_11-05-11.pth
04 Nov 11:28    INFO  epoch 124 training [time: 2.07s, train loss: -3.0612]
04 Nov 11:28    INFO  epoch 124 evaluating [time: 9.02s, valid_score: 0.064000]
04 Nov 11:28    INFO  valid result: 
recall@10 : 0.0942    recall@20 : 0.1313    recall@50 : 0.1883    ndcg@10 : 0.0543    ndcg@20 : 0.064    ndcg@50 : 0.0757    
04 Nov 11:28    INFO  Saving current best: saved/DirectAU-Nov-04-2023_11-05-11.pth
04 Nov 11:28    INFO  epoch 125 training [time: 1.96s, train loss: -3.0613]
04 Nov 11:28    INFO  epoch 125 evaluating [time: 9.12s, valid_score: 0.064100]
04 Nov 11:28    INFO  valid result: 
recall@10 : 0.0954    recall@20 : 0.1316    recall@50 : 0.1894    ndcg@10 : 0.0547    ndcg@20 : 0.0641    ndcg@50 : 0.076    
04 Nov 11:28    INFO  Saving current best: saved/DirectAU-Nov-04-2023_11-05-11.pth
04 Nov 11:28    INFO  epoch 126 training [time: 1.68s, train loss: -3.0612]
04 Nov 11:29    INFO  epoch 126 evaluating [time: 9.00s, valid_score: 0.063800]
04 Nov 11:29    INFO  valid result: 
recall@10 : 0.0947    recall@20 : 0.1308    recall@50 : 0.1896    ndcg@10 : 0.0543    ndcg@20 : 0.0638    ndcg@50 : 0.0759    
04 Nov 11:29    INFO  epoch 127 training [time: 1.89s, train loss: -3.0612]
04 Nov 11:29    INFO  epoch 127 evaluating [time: 9.08s, valid_score: 0.063800]
04 Nov 11:29    INFO  valid result: 
recall@10 : 0.0954    recall@20 : 0.131    recall@50 : 0.1893    ndcg@10 : 0.0544    ndcg@20 : 0.0638    ndcg@50 : 0.0758    
04 Nov 11:29    INFO  epoch 128 training [time: 1.99s, train loss: -3.0617]
04 Nov 11:29    INFO  epoch 128 evaluating [time: 9.41s, valid_score: 0.064000]
04 Nov 11:29    INFO  valid result: 
recall@10 : 0.0948    recall@20 : 0.1316    recall@50 : 0.1893    ndcg@10 : 0.0543    ndcg@20 : 0.064    ndcg@50 : 0.0758    
04 Nov 11:29    INFO  epoch 129 training [time: 1.90s, train loss: -3.0616]
04 Nov 11:29    INFO  epoch 129 evaluating [time: 9.20s, valid_score: 0.064100]
04 Nov 11:29    INFO  valid result: 
recall@10 : 0.0942    recall@20 : 0.1322    recall@50 : 0.1893    ndcg@10 : 0.0541    ndcg@20 : 0.0641    ndcg@50 : 0.0758    
04 Nov 11:29    INFO  epoch 130 training [time: 1.90s, train loss: -3.0621]
04 Nov 11:29    INFO  epoch 130 evaluating [time: 9.34s, valid_score: 0.064100]
04 Nov 11:29    INFO  valid result: 
recall@10 : 0.0946    recall@20 : 0.1317    recall@50 : 0.1892    ndcg@10 : 0.0544    ndcg@20 : 0.0641    ndcg@50 : 0.0759    
04 Nov 11:29    INFO  epoch 131 training [time: 2.01s, train loss: -3.0621]
04 Nov 11:29    INFO  epoch 131 evaluating [time: 9.25s, valid_score: 0.064000]
04 Nov 11:29    INFO  valid result: 
recall@10 : 0.0947    recall@20 : 0.1322    recall@50 : 0.1898    ndcg@10 : 0.0541    ndcg@20 : 0.064    ndcg@50 : 0.0758    
04 Nov 11:29    INFO  epoch 132 training [time: 2.13s, train loss: -3.0617]
04 Nov 11:30    INFO  epoch 132 evaluating [time: 9.37s, valid_score: 0.063900]
04 Nov 11:30    INFO  valid result: 
recall@10 : 0.0948    recall@20 : 0.132    recall@50 : 0.1899    ndcg@10 : 0.0542    ndcg@20 : 0.0639    ndcg@50 : 0.0758    
04 Nov 11:30    INFO  epoch 133 training [time: 1.93s, train loss: -3.0621]
04 Nov 11:30    INFO  epoch 133 evaluating [time: 9.25s, valid_score: 0.064100]
04 Nov 11:30    INFO  valid result: 
recall@10 : 0.0944    recall@20 : 0.1318    recall@50 : 0.1907    ndcg@10 : 0.0543    ndcg@20 : 0.0641    ndcg@50 : 0.0762    
04 Nov 11:30    INFO  epoch 134 training [time: 2.03s, train loss: -3.0622]
04 Nov 11:30    INFO  epoch 134 evaluating [time: 9.50s, valid_score: 0.064200]
04 Nov 11:30    INFO  valid result: 
recall@10 : 0.0943    recall@20 : 0.1314    recall@50 : 0.1899    ndcg@10 : 0.0545    ndcg@20 : 0.0642    ndcg@50 : 0.0763    
04 Nov 11:30    INFO  Saving current best: saved/DirectAU-Nov-04-2023_11-05-11.pth
04 Nov 11:30    INFO  epoch 135 training [time: 1.99s, train loss: -3.0620]
04 Nov 11:30    INFO  epoch 135 evaluating [time: 9.33s, valid_score: 0.064200]
04 Nov 11:30    INFO  valid result: 
recall@10 : 0.0941    recall@20 : 0.1321    recall@50 : 0.1892    ndcg@10 : 0.0542    ndcg@20 : 0.0642    ndcg@50 : 0.0759    
04 Nov 11:30    INFO  epoch 136 training [time: 1.97s, train loss: -3.0626]
04 Nov 11:30    INFO  epoch 136 evaluating [time: 9.49s, valid_score: 0.064300]
04 Nov 11:30    INFO  valid result: 
recall@10 : 0.0941    recall@20 : 0.1323    recall@50 : 0.1892    ndcg@10 : 0.0543    ndcg@20 : 0.0643    ndcg@50 : 0.076    
04 Nov 11:30    INFO  Saving current best: saved/DirectAU-Nov-04-2023_11-05-11.pth
04 Nov 11:30    INFO  epoch 137 training [time: 1.91s, train loss: -3.0625]
04 Nov 11:31    INFO  epoch 137 evaluating [time: 9.29s, valid_score: 0.064400]
04 Nov 11:31    INFO  valid result: 
recall@10 : 0.0943    recall@20 : 0.1322    recall@50 : 0.1893    ndcg@10 : 0.0545    ndcg@20 : 0.0644    ndcg@50 : 0.0762    
04 Nov 11:31    INFO  Saving current best: saved/DirectAU-Nov-04-2023_11-05-11.pth
04 Nov 11:31    INFO  epoch 138 training [time: 2.06s, train loss: -3.0624]
04 Nov 11:31    INFO  epoch 138 evaluating [time: 9.54s, valid_score: 0.064300]
04 Nov 11:31    INFO  valid result: 
recall@10 : 0.0944    recall@20 : 0.1319    recall@50 : 0.1896    ndcg@10 : 0.0545    ndcg@20 : 0.0643    ndcg@50 : 0.0762    
04 Nov 11:31    INFO  epoch 139 training [time: 1.96s, train loss: -3.0626]
04 Nov 11:31    INFO  epoch 139 evaluating [time: 9.32s, valid_score: 0.064400]
04 Nov 11:31    INFO  valid result: 
recall@10 : 0.0951    recall@20 : 0.1318    recall@50 : 0.1896    ndcg@10 : 0.0547    ndcg@20 : 0.0644    ndcg@50 : 0.0763    
04 Nov 11:31    INFO  epoch 140 training [time: 1.68s, train loss: -3.0627]
04 Nov 11:31    INFO  epoch 140 evaluating [time: 9.18s, valid_score: 0.064700]
04 Nov 11:31    INFO  valid result: 
recall@10 : 0.0943    recall@20 : 0.1328    recall@50 : 0.1897    ndcg@10 : 0.0546    ndcg@20 : 0.0647    ndcg@50 : 0.0764    
04 Nov 11:31    INFO  Saving current best: saved/DirectAU-Nov-04-2023_11-05-11.pth
04 Nov 11:31    INFO  epoch 141 training [time: 1.63s, train loss: -3.0628]
04 Nov 11:31    INFO  epoch 141 evaluating [time: 9.23s, valid_score: 0.064800]
04 Nov 11:31    INFO  valid result: 
recall@10 : 0.0951    recall@20 : 0.1329    recall@50 : 0.19    ndcg@10 : 0.055    ndcg@20 : 0.0648    ndcg@50 : 0.0766    
04 Nov 11:31    INFO  Saving current best: saved/DirectAU-Nov-04-2023_11-05-11.pth
04 Nov 11:31    INFO  epoch 142 training [time: 2.02s, train loss: -3.0631]
04 Nov 11:32    INFO  epoch 142 evaluating [time: 9.31s, valid_score: 0.064700]
04 Nov 11:32    INFO  valid result: 
recall@10 : 0.0948    recall@20 : 0.1327    recall@50 : 0.1902    ndcg@10 : 0.0548    ndcg@20 : 0.0647    ndcg@50 : 0.0765    
04 Nov 11:32    INFO  epoch 143 training [time: 1.99s, train loss: -3.0626]
04 Nov 11:32    INFO  epoch 143 evaluating [time: 9.17s, valid_score: 0.064500]
04 Nov 11:32    INFO  valid result: 
recall@10 : 0.0943    recall@20 : 0.1326    recall@50 : 0.1906    ndcg@10 : 0.0544    ndcg@20 : 0.0645    ndcg@50 : 0.0764    
04 Nov 11:32    INFO  epoch 144 training [time: 1.95s, train loss: -3.0631]
04 Nov 11:32    INFO  epoch 144 evaluating [time: 9.28s, valid_score: 0.064800]
04 Nov 11:32    INFO  valid result: 
recall@10 : 0.0948    recall@20 : 0.1335    recall@50 : 0.1908    ndcg@10 : 0.0547    ndcg@20 : 0.0648    ndcg@50 : 0.0766    
04 Nov 11:32    INFO  epoch 145 training [time: 1.87s, train loss: -3.0633]
04 Nov 11:32    INFO  epoch 145 evaluating [time: 9.10s, valid_score: 0.064900]
04 Nov 11:32    INFO  valid result: 
recall@10 : 0.0951    recall@20 : 0.133    recall@50 : 0.1901    ndcg@10 : 0.055    ndcg@20 : 0.0649    ndcg@50 : 0.0766    
04 Nov 11:32    INFO  Saving current best: saved/DirectAU-Nov-04-2023_11-05-11.pth
04 Nov 11:32    INFO  epoch 146 training [time: 1.98s, train loss: -3.0633]
04 Nov 11:32    INFO  epoch 146 evaluating [time: 9.15s, valid_score: 0.065000]
04 Nov 11:32    INFO  valid result: 
recall@10 : 0.0953    recall@20 : 0.1333    recall@50 : 0.1903    ndcg@10 : 0.0551    ndcg@20 : 0.065    ndcg@50 : 0.0768    
04 Nov 11:32    INFO  Saving current best: saved/DirectAU-Nov-04-2023_11-05-11.pth
04 Nov 11:32    INFO  epoch 147 training [time: 1.97s, train loss: -3.0629]
04 Nov 11:32    INFO  epoch 147 evaluating [time: 9.30s, valid_score: 0.065000]
04 Nov 11:32    INFO  valid result: 
recall@10 : 0.095    recall@20 : 0.1329    recall@50 : 0.1905    ndcg@10 : 0.0551    ndcg@20 : 0.065    ndcg@50 : 0.0768    
04 Nov 11:32    INFO  epoch 148 training [time: 2.00s, train loss: -3.0631]
04 Nov 11:33    INFO  epoch 148 evaluating [time: 9.08s, valid_score: 0.064700]
04 Nov 11:33    INFO  valid result: 
recall@10 : 0.095    recall@20 : 0.1322    recall@50 : 0.1911    ndcg@10 : 0.0549    ndcg@20 : 0.0647    ndcg@50 : 0.0768    
04 Nov 11:33    INFO  epoch 149 training [time: 1.99s, train loss: -3.0638]
04 Nov 11:33    INFO  epoch 149 evaluating [time: 9.22s, valid_score: 0.064800]
04 Nov 11:33    INFO  valid result: 
recall@10 : 0.0943    recall@20 : 0.1334    recall@50 : 0.1912    ndcg@10 : 0.0546    ndcg@20 : 0.0648    ndcg@50 : 0.0767    
04 Nov 11:33    INFO  epoch 150 training [time: 2.01s, train loss: -3.0636]
04 Nov 11:33    INFO  epoch 150 evaluating [time: 9.15s, valid_score: 0.064600]
04 Nov 11:33    INFO  valid result: 
recall@10 : 0.0951    recall@20 : 0.1325    recall@50 : 0.191    ndcg@10 : 0.0549    ndcg@20 : 0.0646    ndcg@50 : 0.0767    
04 Nov 11:33    INFO  epoch 151 training [time: 2.01s, train loss: -3.0636]
04 Nov 11:33    INFO  epoch 151 evaluating [time: 9.62s, valid_score: 0.064900]
04 Nov 11:33    INFO  valid result: 
recall@10 : 0.0949    recall@20 : 0.1331    recall@50 : 0.1912    ndcg@10 : 0.0549    ndcg@20 : 0.0649    ndcg@50 : 0.0768    
04 Nov 11:33    INFO  epoch 152 training [time: 1.97s, train loss: -3.0638]
04 Nov 11:33    INFO  epoch 152 evaluating [time: 9.21s, valid_score: 0.065100]
04 Nov 11:33    INFO  valid result: 
recall@10 : 0.0961    recall@20 : 0.133    recall@50 : 0.1913    ndcg@10 : 0.0554    ndcg@20 : 0.0651    ndcg@50 : 0.077    
04 Nov 11:33    INFO  Saving current best: saved/DirectAU-Nov-04-2023_11-05-11.pth
04 Nov 11:33    INFO  epoch 153 training [time: 1.90s, train loss: -3.0636]
04 Nov 11:34    INFO  epoch 153 evaluating [time: 9.46s, valid_score: 0.064900]
04 Nov 11:34    INFO  valid result: 
recall@10 : 0.0942    recall@20 : 0.1324    recall@50 : 0.1909    ndcg@10 : 0.0549    ndcg@20 : 0.0649    ndcg@50 : 0.0769    
04 Nov 11:34    INFO  epoch 154 training [time: 1.98s, train loss: -3.0636]
04 Nov 11:34    INFO  epoch 154 evaluating [time: 9.28s, valid_score: 0.065000]
04 Nov 11:34    INFO  valid result: 
recall@10 : 0.0953    recall@20 : 0.1331    recall@50 : 0.1916    ndcg@10 : 0.0551    ndcg@20 : 0.065    ndcg@50 : 0.077    
04 Nov 11:34    INFO  epoch 155 training [time: 2.10s, train loss: -3.0636]
04 Nov 11:34    INFO  epoch 155 evaluating [time: 9.12s, valid_score: 0.065000]
04 Nov 11:34    INFO  valid result: 
recall@10 : 0.0948    recall@20 : 0.133    recall@50 : 0.1923    ndcg@10 : 0.055    ndcg@20 : 0.065    ndcg@50 : 0.0772    
04 Nov 11:34    INFO  epoch 156 training [time: 2.01s, train loss: -3.0636]
04 Nov 11:34    INFO  epoch 156 evaluating [time: 9.30s, valid_score: 0.065100]
04 Nov 11:34    INFO  valid result: 
recall@10 : 0.0949    recall@20 : 0.1331    recall@50 : 0.192    ndcg@10 : 0.0551    ndcg@20 : 0.0651    ndcg@50 : 0.0772    
04 Nov 11:34    INFO  epoch 157 training [time: 2.14s, train loss: -3.0640]
04 Nov 11:34    INFO  epoch 157 evaluating [time: 9.29s, valid_score: 0.065100]
04 Nov 11:34    INFO  valid result: 
recall@10 : 0.0951    recall@20 : 0.1331    recall@50 : 0.1921    ndcg@10 : 0.0551    ndcg@20 : 0.0651    ndcg@50 : 0.0772    
04 Nov 11:34    INFO  epoch 158 training [time: 2.09s, train loss: -3.0640]
04 Nov 11:35    INFO  epoch 158 evaluating [time: 9.44s, valid_score: 0.065000]
04 Nov 11:35    INFO  valid result: 
recall@10 : 0.0951    recall@20 : 0.1331    recall@50 : 0.1929    ndcg@10 : 0.0551    ndcg@20 : 0.065    ndcg@50 : 0.0773    
04 Nov 11:35    INFO  epoch 159 training [time: 1.93s, train loss: -3.0641]
04 Nov 11:35    INFO  epoch 159 evaluating [time: 9.18s, valid_score: 0.065200]
04 Nov 11:35    INFO  valid result: 
recall@10 : 0.0953    recall@20 : 0.1337    recall@50 : 0.192    ndcg@10 : 0.0551    ndcg@20 : 0.0652    ndcg@50 : 0.0771    
04 Nov 11:35    INFO  Saving current best: saved/DirectAU-Nov-04-2023_11-05-11.pth
04 Nov 11:35    INFO  epoch 160 training [time: 1.93s, train loss: -3.0640]
04 Nov 11:35    INFO  epoch 160 evaluating [time: 9.36s, valid_score: 0.065200]
04 Nov 11:35    INFO  valid result: 
recall@10 : 0.0954    recall@20 : 0.1334    recall@50 : 0.192    ndcg@10 : 0.0553    ndcg@20 : 0.0652    ndcg@50 : 0.0772    
04 Nov 11:35    INFO  epoch 161 training [time: 1.96s, train loss: -3.0640]
04 Nov 11:35    INFO  epoch 161 evaluating [time: 9.09s, valid_score: 0.065300]
04 Nov 11:35    INFO  valid result: 
recall@10 : 0.0953    recall@20 : 0.1334    recall@50 : 0.1916    ndcg@10 : 0.0553    ndcg@20 : 0.0653    ndcg@50 : 0.0773    
04 Nov 11:35    INFO  Saving current best: saved/DirectAU-Nov-04-2023_11-05-11.pth
04 Nov 11:35    INFO  epoch 162 training [time: 2.05s, train loss: -3.0637]
04 Nov 11:35    INFO  epoch 162 evaluating [time: 9.39s, valid_score: 0.065300]
04 Nov 11:35    INFO  valid result: 
recall@10 : 0.0946    recall@20 : 0.1335    recall@50 : 0.192    ndcg@10 : 0.0551    ndcg@20 : 0.0653    ndcg@50 : 0.0773    
04 Nov 11:35    INFO  epoch 163 training [time: 2.02s, train loss: -3.0639]
04 Nov 11:35    INFO  epoch 163 evaluating [time: 9.36s, valid_score: 0.065700]
04 Nov 11:35    INFO  valid result: 
recall@10 : 0.0951    recall@20 : 0.1348    recall@50 : 0.1923    ndcg@10 : 0.0553    ndcg@20 : 0.0657    ndcg@50 : 0.0775    
04 Nov 11:35    INFO  Saving current best: saved/DirectAU-Nov-04-2023_11-05-11.pth
04 Nov 11:35    INFO  epoch 164 training [time: 1.68s, train loss: -3.0645]
04 Nov 11:36    INFO  epoch 164 evaluating [time: 9.44s, valid_score: 0.065500]
04 Nov 11:36    INFO  valid result: 
recall@10 : 0.0951    recall@20 : 0.1344    recall@50 : 0.1932    ndcg@10 : 0.0552    ndcg@20 : 0.0655    ndcg@50 : 0.0776    
04 Nov 11:36    INFO  epoch 165 training [time: 1.93s, train loss: -3.0641]
04 Nov 11:36    INFO  epoch 165 evaluating [time: 9.02s, valid_score: 0.065700]
04 Nov 11:36    INFO  valid result: 
recall@10 : 0.0958    recall@20 : 0.1341    recall@50 : 0.1932    ndcg@10 : 0.0557    ndcg@20 : 0.0657    ndcg@50 : 0.0778    
04 Nov 11:36    INFO  epoch 166 training [time: 1.95s, train loss: -3.0646]
04 Nov 11:36    INFO  epoch 166 evaluating [time: 9.18s, valid_score: 0.065500]
04 Nov 11:36    INFO  valid result: 
recall@10 : 0.096    recall@20 : 0.1341    recall@50 : 0.1928    ndcg@10 : 0.0555    ndcg@20 : 0.0655    ndcg@50 : 0.0775    
04 Nov 11:36    INFO  epoch 167 training [time: 1.90s, train loss: -3.0644]
04 Nov 11:36    INFO  epoch 167 evaluating [time: 9.12s, valid_score: 0.065300]
04 Nov 11:36    INFO  valid result: 
recall@10 : 0.0955    recall@20 : 0.1336    recall@50 : 0.1926    ndcg@10 : 0.0553    ndcg@20 : 0.0653    ndcg@50 : 0.0774    
04 Nov 11:36    INFO  epoch 168 training [time: 1.92s, train loss: -3.0642]
04 Nov 11:36    INFO  epoch 168 evaluating [time: 9.26s, valid_score: 0.065300]
04 Nov 11:36    INFO  valid result: 
recall@10 : 0.0951    recall@20 : 0.1343    recall@50 : 0.193    ndcg@10 : 0.055    ndcg@20 : 0.0653    ndcg@50 : 0.0773    
04 Nov 11:36    INFO  epoch 169 training [time: 1.96s, train loss: -3.0641]
04 Nov 11:37    INFO  epoch 169 evaluating [time: 9.14s, valid_score: 0.065500]
04 Nov 11:37    INFO  valid result: 
recall@10 : 0.0958    recall@20 : 0.1339    recall@50 : 0.1936    ndcg@10 : 0.0555    ndcg@20 : 0.0655    ndcg@50 : 0.0777    
04 Nov 11:37    INFO  epoch 170 training [time: 1.94s, train loss: -3.0644]
04 Nov 11:37    INFO  epoch 170 evaluating [time: 9.26s, valid_score: 0.065400]
04 Nov 11:37    INFO  valid result: 
recall@10 : 0.096    recall@20 : 0.1339    recall@50 : 0.193    ndcg@10 : 0.0555    ndcg@20 : 0.0654    ndcg@50 : 0.0776    
04 Nov 11:37    INFO  epoch 171 training [time: 2.01s, train loss: -3.0648]
04 Nov 11:37    INFO  epoch 171 evaluating [time: 9.14s, valid_score: 0.065400]
04 Nov 11:37    INFO  valid result: 
recall@10 : 0.0962    recall@20 : 0.1346    recall@50 : 0.1928    ndcg@10 : 0.0554    ndcg@20 : 0.0654    ndcg@50 : 0.0774    
04 Nov 11:37    INFO  epoch 172 training [time: 1.97s, train loss: -3.0645]
04 Nov 11:37    INFO  epoch 172 evaluating [time: 9.27s, valid_score: 0.065700]
04 Nov 11:37    INFO  valid result: 
recall@10 : 0.0962    recall@20 : 0.1345    recall@50 : 0.1934    ndcg@10 : 0.0557    ndcg@20 : 0.0657    ndcg@50 : 0.0778    
04 Nov 11:37    INFO  epoch 173 training [time: 1.99s, train loss: -3.0641]
04 Nov 11:37    INFO  epoch 173 evaluating [time: 9.24s, valid_score: 0.065700]
04 Nov 11:37    INFO  valid result: 
recall@10 : 0.0957    recall@20 : 0.1346    recall@50 : 0.192    ndcg@10 : 0.0555    ndcg@20 : 0.0657    ndcg@50 : 0.0775    
04 Nov 11:37    INFO  epoch 174 training [time: 1.76s, train loss: -3.0646]
04 Nov 11:38    INFO  epoch 174 evaluating [time: 9.23s, valid_score: 0.065000]
04 Nov 11:38    INFO  valid result: 
recall@10 : 0.0956    recall@20 : 0.1336    recall@50 : 0.1923    ndcg@10 : 0.055    ndcg@20 : 0.065    ndcg@50 : 0.0771    
04 Nov 11:38    INFO  Finished training, best eval result in epoch 163
04 Nov 11:38    INFO  Loading model structure and parameters from saved/DirectAU-Nov-04-2023_11-05-11.pth
04 Nov 11:38    INFO  best valid : {'recall@10': 0.0951, 'recall@20': 0.1348, 'recall@50': 0.1923, 'ndcg@10': 0.0553, 'ndcg@20': 0.0657, 'ndcg@50': 0.0775}
04 Nov 11:38    INFO  test result: {'recall@10': 0.0982, 'recall@20': 0.1349, 'recall@50': 0.1984, 'ndcg@10': 0.0582, 'ndcg@20': 0.0678, 'ndcg@50': 0.0807}
