04 Nov 11:07    INFO  
General Hyper Parameters:
gpu_id = 5
use_gpu = True
seed = 0
state = INFO
reproducibility = True
data_path = dataset/Yelp
show_progress = False

Training Hyper Parameters:
checkpoint_dir = saved
epochs = 500
train_batch_size = 1024
learner = adam
learning_rate = 0.001
training_neg_sample_num = 0
training_neg_sample_distribution = uniform
eval_step = 1
stopping_step = 10
clip_grad_norm = None
weight_decay = 1e-06
draw_loss_pic = False
loss_decimal_place = 4

Evaluation Hyper Parameters:
eval_setting = RO_RS,full
group_by_user = True
split_ratio = [0.8, 0.1, 0.1]
leave_one_num = 2
real_time_process = False
metrics = ['Recall', 'NDCG']
topk = [10, 20, 50]
valid_metric = NDCG@20
eval_batch_size = 4096
metric_decimal_place = 4

Dataset Hyper Parameters:
field_separator = 	
seq_separator =  
USER_ID_FIELD = user_id
ITEM_ID_FIELD = item_id
RATING_FIELD = rating
TIME_FIELD = timestamp
seq_len = None
LABEL_FIELD = label
threshold = None
NEG_PREFIX = neg_
load_col = {'inter': ['user_id', 'item_id', 'timestamp']}
unload_col = None
unused_col = None
additional_feat_suffix = None
lowest_val = None
highest_val = None
equal_val = None
not_equal_val = None
max_user_inter_num = None
min_user_inter_num = 5
max_item_inter_num = None
min_item_inter_num = 5
fields_in_same_space = None
preload_weight = None
normalize_field = None
normalize_all = None
ITEM_LIST_LENGTH_FIELD = item_length
LIST_SUFFIX = _list
MAX_ITEM_LIST_LENGTH = 50
POSITION_FIELD = position_id
HEAD_ENTITY_ID_FIELD = head_id
TAIL_ENTITY_ID_FIELD = tail_id
RELATION_ID_FIELD = relation_id
ENTITY_ID_FIELD = entity_id

Other Hyper Parameters: 
valid_metric_bigger = True
BT = 0.1
alpha = None
bt = 0.001
d = None
embedding_size = 64
encoder = MF
gamma = 0.5
std = None
times = 1
witem = 0.1
wuser = 0.8
rm_dup_inter = None
filter_inter_by_user_or_item = True
SOURCE_ID_FIELD = source_id
TARGET_ID_FIELD = target_id
benchmark_filename = None
MODEL_TYPE = ModelType.GENERAL
MODEL_INPUT_TYPE = InputType.POINTWISE
eval_type = EvaluatorType.RANKING
device = cuda
train_neg_sample_args = {'strategy': 'none'}


04 Nov 11:07    INFO  Yelp
The number of users: 31669
Average actions of users: 49.305481874447395
The number of items: 38049
Average actions of items: 41.037794365012616
The number of inters: 1561406
The sparsity of the dataset: 99.87041991912021%
Remain Fields: ['user_id', 'item_id']
04 Nov 11:07    INFO  Build [GeneralDataLoader] for [train] with format [InputType.POINTWISE]
04 Nov 11:07    INFO  [train] No Negative Sampling
04 Nov 11:07    INFO  [train] batch_size = [1024], shuffle = [True]

04 Nov 11:07    INFO  Build [GeneralFullDataLoader] for [evaluation] with format [InputType.POINTWISE]
04 Nov 11:07    INFO  Evaluation Setting:
	Group by user_id
	Ordering: {'strategy': 'shuffle'}
	Splitting: {'strategy': 'by_ratio', 'ratios': [0.8, 0.1, 0.1]}
	Negative Sampling: {'strategy': 'full', 'distribution': 'uniform'}
04 Nov 11:07    INFO  [evaluation] batch_size = [4096], shuffle = [False]

04 Nov 11:07    WARNING  Batch size is changed to 38049.
04 Nov 11:07    WARNING  Batch size is changed to 38049.
{'BT': 0.1, 'alpha': None, 'bt': 0.001, 'd': None, 'embedding_size': 64, 'encoder': 'MF', 'gamma': None, 'std': None, 'times': 1, 'training_neg_sample_num': 0, 'witem': 0.1, 'wuser': 0.8}
this is encoder MF...
这是directau 的 RE 版本...
04 Nov 11:07    INFO  DirectAU(
  (encoder): MFEncoder(
    (user_embedding): Embedding(31669, 64)
    (item_embedding): Embedding(38049, 64)
  )
  (bn): BatchNorm1d(64, eps=1e-05, momentum=0.1, affine=False, track_running_stats=True)
  (projector): Sequential(
    (0): Linear(in_features=64, out_features=64, bias=False)
    (1): BatchNorm1d(64, eps=1e-05, momentum=0.1, affine=True, track_running_stats=True)
    (2): ReLU(inplace=True)
    (3): Linear(in_features=64, out_features=64, bias=False)
    (4): BatchNorm1d(64, eps=1e-05, momentum=0.1, affine=True, track_running_stats=True)
    (5): ReLU(inplace=True)
    (6): Linear(in_features=64, out_features=64, bias=False)
  )
)
Trainable parameters: 4474496
04 Nov 11:07    INFO  epoch 0 training [time: 26.98s, train loss: -2.1396]
04 Nov 11:08    INFO  epoch 0 evaluating [time: 56.50s, valid_score: 0.023300]
04 Nov 11:08    INFO  valid result: 
recall@10 : 0.0219    recall@20 : 0.0383    recall@50 : 0.0768    ndcg@10 : 0.0176    ndcg@20 : 0.0233    ndcg@50 : 0.0348    
04 Nov 11:08    INFO  Saving current best: saved/DirectAU-Nov-04-2023_11-07-20.pth
04 Nov 11:09    INFO  epoch 1 training [time: 26.89s, train loss: -2.5161]
04 Nov 11:10    INFO  epoch 1 evaluating [time: 55.94s, valid_score: 0.033800]
04 Nov 11:10    INFO  valid result: 
recall@10 : 0.0327    recall@20 : 0.0553    recall@50 : 0.1063    ndcg@10 : 0.026    ndcg@20 : 0.0338    ndcg@50 : 0.0489    
04 Nov 11:10    INFO  Saving current best: saved/DirectAU-Nov-04-2023_11-07-20.pth
04 Nov 11:10    INFO  epoch 2 training [time: 26.87s, train loss: -2.5958]
04 Nov 11:11    INFO  epoch 2 evaluating [time: 55.88s, valid_score: 0.038100]
04 Nov 11:11    INFO  valid result: 
recall@10 : 0.0369    recall@20 : 0.0627    recall@50 : 0.1183    ndcg@10 : 0.0292    ndcg@20 : 0.0381    ndcg@50 : 0.0545    
04 Nov 11:11    INFO  Saving current best: saved/DirectAU-Nov-04-2023_11-07-20.pth
04 Nov 11:11    INFO  epoch 3 training [time: 26.90s, train loss: -2.6358]
04 Nov 11:12    INFO  epoch 3 evaluating [time: 50.88s, valid_score: 0.041100]
04 Nov 11:12    INFO  valid result: 
recall@10 : 0.0403    recall@20 : 0.0682    recall@50 : 0.1269    ndcg@10 : 0.0315    ndcg@20 : 0.0411    ndcg@50 : 0.0583    
04 Nov 11:12    INFO  Saving current best: saved/DirectAU-Nov-04-2023_11-07-20.pth
04 Nov 11:13    INFO  epoch 4 training [time: 26.97s, train loss: -2.6624]
04 Nov 11:14    INFO  epoch 4 evaluating [time: 55.84s, valid_score: 0.043000]
04 Nov 11:14    INFO  valid result: 
recall@10 : 0.0426    recall@20 : 0.0713    recall@50 : 0.1326    ndcg@10 : 0.0332    ndcg@20 : 0.043    ndcg@50 : 0.0609    
04 Nov 11:14    INFO  Saving current best: saved/DirectAU-Nov-04-2023_11-07-20.pth
04 Nov 11:14    INFO  epoch 5 training [time: 27.02s, train loss: -2.6825]
04 Nov 11:15    INFO  epoch 5 evaluating [time: 56.40s, valid_score: 0.045400]
04 Nov 11:15    INFO  valid result: 
recall@10 : 0.0457    recall@20 : 0.0747    recall@50 : 0.1371    ndcg@10 : 0.0356    ndcg@20 : 0.0454    ndcg@50 : 0.0636    
04 Nov 11:15    INFO  Saving current best: saved/DirectAU-Nov-04-2023_11-07-20.pth
04 Nov 11:16    INFO  epoch 6 training [time: 26.68s, train loss: -2.6985]
04 Nov 11:16    INFO  epoch 6 evaluating [time: 55.53s, valid_score: 0.047300]
04 Nov 11:16    INFO  valid result: 
recall@10 : 0.0473    recall@20 : 0.0776    recall@50 : 0.1422    ndcg@10 : 0.0369    ndcg@20 : 0.0473    ndcg@50 : 0.0661    
04 Nov 11:16    INFO  Saving current best: saved/DirectAU-Nov-04-2023_11-07-20.pth
04 Nov 11:17    INFO  epoch 7 training [time: 27.09s, train loss: -2.7125]
04 Nov 11:18    INFO  epoch 7 evaluating [time: 56.82s, valid_score: 0.048700]
04 Nov 11:18    INFO  valid result: 
recall@10 : 0.0488    recall@20 : 0.0798    recall@50 : 0.146    ndcg@10 : 0.0382    ndcg@20 : 0.0487    ndcg@50 : 0.068    
04 Nov 11:18    INFO  Saving current best: saved/DirectAU-Nov-04-2023_11-07-20.pth
04 Nov 11:18    INFO  epoch 8 training [time: 26.92s, train loss: -2.7242]
04 Nov 11:19    INFO  epoch 8 evaluating [time: 55.50s, valid_score: 0.050100]
04 Nov 11:19    INFO  valid result: 
recall@10 : 0.0499    recall@20 : 0.0825    recall@50 : 0.1494    ndcg@10 : 0.039    ndcg@20 : 0.0501    ndcg@50 : 0.0696    
04 Nov 11:19    INFO  Saving current best: saved/DirectAU-Nov-04-2023_11-07-20.pth
04 Nov 11:20    INFO  epoch 9 training [time: 26.86s, train loss: -2.7343]
04 Nov 11:21    INFO  epoch 9 evaluating [time: 56.49s, valid_score: 0.051800]
04 Nov 11:21    INFO  valid result: 
recall@10 : 0.0514    recall@20 : 0.0848    recall@50 : 0.1533    ndcg@10 : 0.0405    ndcg@20 : 0.0518    ndcg@50 : 0.0717    
04 Nov 11:21    INFO  Saving current best: saved/DirectAU-Nov-04-2023_11-07-20.pth
04 Nov 11:21    INFO  epoch 10 training [time: 26.85s, train loss: -2.7432]
04 Nov 11:22    INFO  epoch 10 evaluating [time: 56.09s, valid_score: 0.053000]
04 Nov 11:22    INFO  valid result: 
recall@10 : 0.0526    recall@20 : 0.0862    recall@50 : 0.1575    ndcg@10 : 0.0417    ndcg@20 : 0.053    ndcg@50 : 0.0737    
04 Nov 11:22    INFO  Saving current best: saved/DirectAU-Nov-04-2023_11-07-20.pth
04 Nov 11:22    INFO  epoch 11 training [time: 27.12s, train loss: -2.7505]
04 Nov 11:23    INFO  epoch 11 evaluating [time: 55.94s, valid_score: 0.053900]
04 Nov 11:23    INFO  valid result: 
recall@10 : 0.0538    recall@20 : 0.088    recall@50 : 0.161    ndcg@10 : 0.0423    ndcg@20 : 0.0539    ndcg@50 : 0.0751    
04 Nov 11:23    INFO  Saving current best: saved/DirectAU-Nov-04-2023_11-07-20.pth
04 Nov 11:24    INFO  epoch 12 training [time: 26.91s, train loss: -2.7571]
04 Nov 11:25    INFO  epoch 12 evaluating [time: 55.80s, valid_score: 0.055200]
04 Nov 11:25    INFO  valid result: 
recall@10 : 0.055    recall@20 : 0.0902    recall@50 : 0.1638    ndcg@10 : 0.0433    ndcg@20 : 0.0552    ndcg@50 : 0.0766    
04 Nov 11:25    INFO  Saving current best: saved/DirectAU-Nov-04-2023_11-07-20.pth
04 Nov 11:25    INFO  epoch 13 training [time: 26.95s, train loss: -2.7628]
04 Nov 11:26    INFO  epoch 13 evaluating [time: 56.62s, valid_score: 0.056300]
04 Nov 11:26    INFO  valid result: 
recall@10 : 0.0559    recall@20 : 0.0918    recall@50 : 0.1654    ndcg@10 : 0.0442    ndcg@20 : 0.0563    ndcg@50 : 0.0777    
04 Nov 11:26    INFO  Saving current best: saved/DirectAU-Nov-04-2023_11-07-20.pth
04 Nov 11:27    INFO  epoch 14 training [time: 26.94s, train loss: -2.7676]
04 Nov 11:28    INFO  epoch 14 evaluating [time: 55.71s, valid_score: 0.057700]
04 Nov 11:28    INFO  valid result: 
recall@10 : 0.0572    recall@20 : 0.0936    recall@50 : 0.1687    ndcg@10 : 0.0453    ndcg@20 : 0.0577    ndcg@50 : 0.0795    
04 Nov 11:28    INFO  Saving current best: saved/DirectAU-Nov-04-2023_11-07-20.pth
04 Nov 11:28    INFO  epoch 15 training [time: 26.95s, train loss: -2.7719]
04 Nov 11:29    INFO  epoch 15 evaluating [time: 55.96s, valid_score: 0.058400]
04 Nov 11:29    INFO  valid result: 
recall@10 : 0.0581    recall@20 : 0.0954    recall@50 : 0.1712    ndcg@10 : 0.0458    ndcg@20 : 0.0584    ndcg@50 : 0.0804    
04 Nov 11:29    INFO  Saving current best: saved/DirectAU-Nov-04-2023_11-07-20.pth
04 Nov 11:29    INFO  epoch 16 training [time: 27.60s, train loss: -2.7756]
04 Nov 11:30    INFO  epoch 16 evaluating [time: 56.57s, valid_score: 0.059200]
04 Nov 11:30    INFO  valid result: 
recall@10 : 0.0591    recall@20 : 0.0963    recall@50 : 0.173    ndcg@10 : 0.0466    ndcg@20 : 0.0592    ndcg@50 : 0.0814    
04 Nov 11:30    INFO  Saving current best: saved/DirectAU-Nov-04-2023_11-07-20.pth
04 Nov 11:31    INFO  epoch 17 training [time: 26.95s, train loss: -2.7791]
04 Nov 11:32    INFO  epoch 17 evaluating [time: 55.49s, valid_score: 0.059800]
04 Nov 11:32    INFO  valid result: 
recall@10 : 0.0592    recall@20 : 0.0975    recall@50 : 0.1741    ndcg@10 : 0.0468    ndcg@20 : 0.0598    ndcg@50 : 0.0821    
04 Nov 11:32    INFO  Saving current best: saved/DirectAU-Nov-04-2023_11-07-20.pth
04 Nov 11:32    INFO  epoch 18 training [time: 27.81s, train loss: -2.7820]
04 Nov 11:33    INFO  epoch 18 evaluating [time: 56.02s, valid_score: 0.060400]
04 Nov 11:33    INFO  valid result: 
recall@10 : 0.06    recall@20 : 0.0981    recall@50 : 0.1751    ndcg@10 : 0.0476    ndcg@20 : 0.0604    ndcg@50 : 0.0828    
04 Nov 11:33    INFO  Saving current best: saved/DirectAU-Nov-04-2023_11-07-20.pth
04 Nov 11:34    INFO  epoch 19 training [time: 27.00s, train loss: -2.7845]
04 Nov 11:34    INFO  epoch 19 evaluating [time: 55.87s, valid_score: 0.060900]
04 Nov 11:34    INFO  valid result: 
recall@10 : 0.0608    recall@20 : 0.0981    recall@50 : 0.1779    ndcg@10 : 0.0483    ndcg@20 : 0.0609    ndcg@50 : 0.084    
04 Nov 11:34    INFO  Saving current best: saved/DirectAU-Nov-04-2023_11-07-20.pth
04 Nov 11:35    INFO  epoch 20 training [time: 27.88s, train loss: -2.7867]
04 Nov 11:36    INFO  epoch 20 evaluating [time: 55.94s, valid_score: 0.061400]
04 Nov 11:36    INFO  valid result: 
recall@10 : 0.0608    recall@20 : 0.0993    recall@50 : 0.1779    ndcg@10 : 0.0483    ndcg@20 : 0.0614    ndcg@50 : 0.0842    
04 Nov 11:36    INFO  Saving current best: saved/DirectAU-Nov-04-2023_11-07-20.pth
04 Nov 11:36    INFO  epoch 21 training [time: 26.95s, train loss: -2.7886]
04 Nov 11:37    INFO  epoch 21 evaluating [time: 55.51s, valid_score: 0.062000]
04 Nov 11:37    INFO  valid result: 
recall@10 : 0.0613    recall@20 : 0.1003    recall@50 : 0.1797    ndcg@10 : 0.0489    ndcg@20 : 0.062    ndcg@50 : 0.0851    
04 Nov 11:37    INFO  Saving current best: saved/DirectAU-Nov-04-2023_11-07-20.pth
04 Nov 11:38    INFO  epoch 22 training [time: 27.58s, train loss: -2.7902]
04 Nov 11:39    INFO  epoch 22 evaluating [time: 56.66s, valid_score: 0.062700]
04 Nov 11:39    INFO  valid result: 
recall@10 : 0.0621    recall@20 : 0.1014    recall@50 : 0.1806    ndcg@10 : 0.0495    ndcg@20 : 0.0627    ndcg@50 : 0.0857    
04 Nov 11:39    INFO  Saving current best: saved/DirectAU-Nov-04-2023_11-07-20.pth
04 Nov 11:39    INFO  epoch 23 training [time: 26.97s, train loss: -2.7918]
04 Nov 11:40    INFO  epoch 23 evaluating [time: 56.10s, valid_score: 0.063100]
04 Nov 11:40    INFO  valid result: 
recall@10 : 0.0622    recall@20 : 0.1022    recall@50 : 0.1814    ndcg@10 : 0.0496    ndcg@20 : 0.0631    ndcg@50 : 0.0861    
04 Nov 11:40    INFO  Saving current best: saved/DirectAU-Nov-04-2023_11-07-20.pth
04 Nov 11:41    INFO  epoch 24 training [time: 26.96s, train loss: -2.7931]
04 Nov 11:41    INFO  epoch 24 evaluating [time: 56.35s, valid_score: 0.063400]
04 Nov 11:41    INFO  valid result: 
recall@10 : 0.0626    recall@20 : 0.1025    recall@50 : 0.182    ndcg@10 : 0.0499    ndcg@20 : 0.0634    ndcg@50 : 0.0865    
04 Nov 11:41    INFO  Saving current best: saved/DirectAU-Nov-04-2023_11-07-20.pth
04 Nov 11:42    INFO  epoch 25 training [time: 26.96s, train loss: -2.7942]
04 Nov 11:43    INFO  epoch 25 evaluating [time: 55.69s, valid_score: 0.063400]
04 Nov 11:43    INFO  valid result: 
recall@10 : 0.063    recall@20 : 0.1024    recall@50 : 0.1834    ndcg@10 : 0.0501    ndcg@20 : 0.0634    ndcg@50 : 0.0869    
04 Nov 11:43    INFO  epoch 26 training [time: 26.95s, train loss: -2.7952]
04 Nov 11:44    INFO  epoch 26 evaluating [time: 56.72s, valid_score: 0.063700]
04 Nov 11:44    INFO  valid result: 
recall@10 : 0.0634    recall@20 : 0.103    recall@50 : 0.1836    ndcg@10 : 0.0503    ndcg@20 : 0.0637    ndcg@50 : 0.0871    
04 Nov 11:44    INFO  Saving current best: saved/DirectAU-Nov-04-2023_11-07-20.pth
04 Nov 11:45    INFO  epoch 27 training [time: 26.99s, train loss: -2.7962]
04 Nov 11:46    INFO  epoch 27 evaluating [time: 55.70s, valid_score: 0.064000]
04 Nov 11:46    INFO  valid result: 
recall@10 : 0.0635    recall@20 : 0.1036    recall@50 : 0.1845    ndcg@10 : 0.0505    ndcg@20 : 0.064    ndcg@50 : 0.0875    
04 Nov 11:46    INFO  Saving current best: saved/DirectAU-Nov-04-2023_11-07-20.pth
04 Nov 11:46    INFO  epoch 28 training [time: 26.95s, train loss: -2.7971]
04 Nov 11:47    INFO  epoch 28 evaluating [time: 56.78s, valid_score: 0.064200]
04 Nov 11:47    INFO  valid result: 
recall@10 : 0.0634    recall@20 : 0.1037    recall@50 : 0.1847    ndcg@10 : 0.0506    ndcg@20 : 0.0642    ndcg@50 : 0.0877    
04 Nov 11:47    INFO  Saving current best: saved/DirectAU-Nov-04-2023_11-07-20.pth
04 Nov 11:47    INFO  epoch 29 training [time: 26.97s, train loss: -2.7979]
04 Nov 11:48    INFO  epoch 29 evaluating [time: 55.98s, valid_score: 0.064300]
04 Nov 11:48    INFO  valid result: 
recall@10 : 0.0639    recall@20 : 0.1041    recall@50 : 0.1851    ndcg@10 : 0.0508    ndcg@20 : 0.0643    ndcg@50 : 0.0879    
04 Nov 11:48    INFO  Saving current best: saved/DirectAU-Nov-04-2023_11-07-20.pth
04 Nov 11:49    INFO  epoch 30 training [time: 26.93s, train loss: -2.7984]
04 Nov 11:50    INFO  epoch 30 evaluating [time: 56.02s, valid_score: 0.064700]
04 Nov 11:50    INFO  valid result: 
recall@10 : 0.0645    recall@20 : 0.1046    recall@50 : 0.1851    ndcg@10 : 0.0512    ndcg@20 : 0.0647    ndcg@50 : 0.0882    
04 Nov 11:50    INFO  Saving current best: saved/DirectAU-Nov-04-2023_11-07-20.pth
04 Nov 11:50    INFO  epoch 31 training [time: 26.96s, train loss: -2.7990]
04 Nov 11:51    INFO  epoch 31 evaluating [time: 56.38s, valid_score: 0.065000]
04 Nov 11:51    INFO  valid result: 
recall@10 : 0.0649    recall@20 : 0.1046    recall@50 : 0.1857    ndcg@10 : 0.0516    ndcg@20 : 0.065    ndcg@50 : 0.0885    
04 Nov 11:51    INFO  Saving current best: saved/DirectAU-Nov-04-2023_11-07-20.pth
04 Nov 11:52    INFO  epoch 32 training [time: 26.93s, train loss: -2.7996]
04 Nov 11:53    INFO  epoch 32 evaluating [time: 55.71s, valid_score: 0.065000]
04 Nov 11:53    INFO  valid result: 
recall@10 : 0.0645    recall@20 : 0.1044    recall@50 : 0.1862    ndcg@10 : 0.0515    ndcg@20 : 0.065    ndcg@50 : 0.0888    
04 Nov 11:53    INFO  epoch 33 training [time: 27.61s, train loss: -2.8001]
04 Nov 11:54    INFO  epoch 33 evaluating [time: 55.97s, valid_score: 0.065300]
04 Nov 11:54    INFO  valid result: 
recall@10 : 0.0643    recall@20 : 0.105    recall@50 : 0.1868    ndcg@10 : 0.0516    ndcg@20 : 0.0653    ndcg@50 : 0.0891    
04 Nov 11:54    INFO  Saving current best: saved/DirectAU-Nov-04-2023_11-07-20.pth
04 Nov 11:54    INFO  epoch 34 training [time: 26.66s, train loss: -2.8006]
04 Nov 11:55    INFO  epoch 34 evaluating [time: 56.17s, valid_score: 0.065400]
04 Nov 11:55    INFO  valid result: 
recall@10 : 0.065    recall@20 : 0.105    recall@50 : 0.1875    ndcg@10 : 0.0519    ndcg@20 : 0.0654    ndcg@50 : 0.0893    
04 Nov 11:55    INFO  Saving current best: saved/DirectAU-Nov-04-2023_11-07-20.pth
04 Nov 11:56    INFO  epoch 35 training [time: 27.84s, train loss: -2.8010]
04 Nov 11:57    INFO  epoch 35 evaluating [time: 56.00s, valid_score: 0.065500]
04 Nov 11:57    INFO  valid result: 
recall@10 : 0.0653    recall@20 : 0.1059    recall@50 : 0.1879    ndcg@10 : 0.0519    ndcg@20 : 0.0655    ndcg@50 : 0.0893    
04 Nov 11:57    INFO  Saving current best: saved/DirectAU-Nov-04-2023_11-07-20.pth
04 Nov 11:57    INFO  epoch 36 training [time: 26.97s, train loss: -2.8015]
04 Nov 11:58    INFO  epoch 36 evaluating [time: 55.78s, valid_score: 0.065500]
04 Nov 11:58    INFO  valid result: 
recall@10 : 0.0653    recall@20 : 0.1052    recall@50 : 0.1885    ndcg@10 : 0.0519    ndcg@20 : 0.0655    ndcg@50 : 0.0895    
04 Nov 11:59    INFO  epoch 37 training [time: 27.84s, train loss: -2.8018]
04 Nov 12:00    INFO  epoch 37 evaluating [time: 56.37s, valid_score: 0.065900]
04 Nov 12:00    INFO  valid result: 
recall@10 : 0.0653    recall@20 : 0.1062    recall@50 : 0.1883    ndcg@10 : 0.0521    ndcg@20 : 0.0659    ndcg@50 : 0.0897    
04 Nov 12:00    INFO  Saving current best: saved/DirectAU-Nov-04-2023_11-07-20.pth
04 Nov 12:00    INFO  epoch 38 training [time: 26.95s, train loss: -2.8022]
04 Nov 12:01    INFO  epoch 38 evaluating [time: 55.65s, valid_score: 0.065900]
04 Nov 12:01    INFO  valid result: 
recall@10 : 0.065    recall@20 : 0.1063    recall@50 : 0.1889    ndcg@10 : 0.0521    ndcg@20 : 0.0659    ndcg@50 : 0.0899    
04 Nov 12:01    INFO  epoch 39 training [time: 26.88s, train loss: -2.8024]
04 Nov 12:02    INFO  epoch 39 evaluating [time: 56.33s, valid_score: 0.066300]
04 Nov 12:02    INFO  valid result: 
recall@10 : 0.0655    recall@20 : 0.1061    recall@50 : 0.189    ndcg@10 : 0.0526    ndcg@20 : 0.0663    ndcg@50 : 0.0903    
04 Nov 12:02    INFO  Saving current best: saved/DirectAU-Nov-04-2023_11-07-20.pth
04 Nov 12:03    INFO  epoch 40 training [time: 26.94s, train loss: -2.8026]
04 Nov 12:04    INFO  epoch 40 evaluating [time: 56.07s, valid_score: 0.066200]
04 Nov 12:04    INFO  valid result: 
recall@10 : 0.0652    recall@20 : 0.1059    recall@50 : 0.1891    ndcg@10 : 0.0525    ndcg@20 : 0.0662    ndcg@50 : 0.0904    
04 Nov 12:04    INFO  epoch 41 training [time: 26.93s, train loss: -2.8027]
04 Nov 12:05    INFO  epoch 41 evaluating [time: 56.01s, valid_score: 0.066300]
04 Nov 12:05    INFO  valid result: 
recall@10 : 0.0655    recall@20 : 0.1065    recall@50 : 0.1897    ndcg@10 : 0.0525    ndcg@20 : 0.0663    ndcg@50 : 0.0905    
04 Nov 12:05    INFO  epoch 42 training [time: 26.95s, train loss: -2.8028]
04 Nov 12:06    INFO  epoch 42 evaluating [time: 55.95s, valid_score: 0.066300]
04 Nov 12:06    INFO  valid result: 
recall@10 : 0.0656    recall@20 : 0.1062    recall@50 : 0.1899    ndcg@10 : 0.0527    ndcg@20 : 0.0663    ndcg@50 : 0.0906    
04 Nov 12:07    INFO  epoch 43 training [time: 26.96s, train loss: -2.8030]
04 Nov 12:08    INFO  epoch 43 evaluating [time: 56.46s, valid_score: 0.066500]
04 Nov 12:08    INFO  valid result: 
recall@10 : 0.0661    recall@20 : 0.1061    recall@50 : 0.1893    ndcg@10 : 0.053    ndcg@20 : 0.0665    ndcg@50 : 0.0906    
04 Nov 12:08    INFO  Saving current best: saved/DirectAU-Nov-04-2023_11-07-20.pth
04 Nov 12:08    INFO  epoch 44 training [time: 26.94s, train loss: -2.8032]
04 Nov 12:09    INFO  epoch 44 evaluating [time: 56.22s, valid_score: 0.066500]
04 Nov 12:09    INFO  valid result: 
recall@10 : 0.0656    recall@20 : 0.1063    recall@50 : 0.1903    ndcg@10 : 0.0527    ndcg@20 : 0.0665    ndcg@50 : 0.0908    
04 Nov 12:10    INFO  epoch 45 training [time: 26.97s, train loss: -2.8033]
04 Nov 12:11    INFO  epoch 45 evaluating [time: 56.47s, valid_score: 0.066700]
04 Nov 12:11    INFO  valid result: 
recall@10 : 0.066    recall@20 : 0.107    recall@50 : 0.1906    ndcg@10 : 0.0528    ndcg@20 : 0.0667    ndcg@50 : 0.0909    
04 Nov 12:11    INFO  Saving current best: saved/DirectAU-Nov-04-2023_11-07-20.pth
04 Nov 12:11    INFO  epoch 46 training [time: 26.93s, train loss: -2.8034]
04 Nov 12:12    INFO  epoch 46 evaluating [time: 55.97s, valid_score: 0.066800]
04 Nov 12:12    INFO  valid result: 
recall@10 : 0.0661    recall@20 : 0.1069    recall@50 : 0.1901    ndcg@10 : 0.053    ndcg@20 : 0.0668    ndcg@50 : 0.091    
04 Nov 12:12    INFO  Saving current best: saved/DirectAU-Nov-04-2023_11-07-20.pth
04 Nov 12:12    INFO  epoch 47 training [time: 26.96s, train loss: -2.8035]
04 Nov 12:13    INFO  epoch 47 evaluating [time: 55.80s, valid_score: 0.066800]
04 Nov 12:13    INFO  valid result: 
recall@10 : 0.0669    recall@20 : 0.1066    recall@50 : 0.1909    ndcg@10 : 0.0534    ndcg@20 : 0.0668    ndcg@50 : 0.0912    
04 Nov 12:14    INFO  epoch 48 training [time: 27.84s, train loss: -2.8036]
04 Nov 12:15    INFO  epoch 48 evaluating [time: 57.00s, valid_score: 0.066900]
04 Nov 12:15    INFO  valid result: 
recall@10 : 0.0662    recall@20 : 0.1074    recall@50 : 0.1904    ndcg@10 : 0.053    ndcg@20 : 0.0669    ndcg@50 : 0.091    
04 Nov 12:15    INFO  Saving current best: saved/DirectAU-Nov-04-2023_11-07-20.pth
04 Nov 12:15    INFO  epoch 49 training [time: 26.94s, train loss: -2.8037]
04 Nov 12:16    INFO  epoch 49 evaluating [time: 56.20s, valid_score: 0.067000]
04 Nov 12:16    INFO  valid result: 
recall@10 : 0.0663    recall@20 : 0.1071    recall@50 : 0.1908    ndcg@10 : 0.0532    ndcg@20 : 0.067    ndcg@50 : 0.0912    
04 Nov 12:16    INFO  Saving current best: saved/DirectAU-Nov-04-2023_11-07-20.pth
04 Nov 12:17    INFO  epoch 50 training [time: 27.80s, train loss: -2.8037]
04 Nov 12:18    INFO  epoch 50 evaluating [time: 56.13s, valid_score: 0.067100]
04 Nov 12:18    INFO  valid result: 
recall@10 : 0.0665    recall@20 : 0.1076    recall@50 : 0.1913    ndcg@10 : 0.0533    ndcg@20 : 0.0671    ndcg@50 : 0.0914    
04 Nov 12:18    INFO  Saving current best: saved/DirectAU-Nov-04-2023_11-07-20.pth
04 Nov 12:18    INFO  epoch 51 training [time: 26.96s, train loss: -2.8037]
04 Nov 12:19    INFO  epoch 51 evaluating [time: 55.64s, valid_score: 0.067300]
04 Nov 12:19    INFO  valid result: 
recall@10 : 0.0663    recall@20 : 0.1076    recall@50 : 0.1912    ndcg@10 : 0.0534    ndcg@20 : 0.0673    ndcg@50 : 0.0915    
04 Nov 12:19    INFO  Saving current best: saved/DirectAU-Nov-04-2023_11-07-20.pth
04 Nov 12:19    INFO  epoch 52 training [time: 27.83s, train loss: -2.8038]
04 Nov 12:20    INFO  epoch 52 evaluating [time: 56.39s, valid_score: 0.067200]
04 Nov 12:20    INFO  valid result: 
recall@10 : 0.0664    recall@20 : 0.1078    recall@50 : 0.1914    ndcg@10 : 0.0533    ndcg@20 : 0.0672    ndcg@50 : 0.0914    
04 Nov 12:21    INFO  epoch 53 training [time: 26.99s, train loss: -2.8039]
04 Nov 12:22    INFO  epoch 53 evaluating [time: 55.78s, valid_score: 0.067200]
04 Nov 12:22    INFO  valid result: 
recall@10 : 0.0666    recall@20 : 0.1076    recall@50 : 0.1915    ndcg@10 : 0.0535    ndcg@20 : 0.0672    ndcg@50 : 0.0916    
04 Nov 12:22    INFO  epoch 54 training [time: 27.00s, train loss: -2.8039]
04 Nov 12:23    INFO  epoch 54 evaluating [time: 56.86s, valid_score: 0.067000]
04 Nov 12:23    INFO  valid result: 
recall@10 : 0.0662    recall@20 : 0.1075    recall@50 : 0.1918    ndcg@10 : 0.0531    ndcg@20 : 0.067    ndcg@50 : 0.0915    
04 Nov 12:24    INFO  epoch 55 training [time: 26.90s, train loss: -2.8039]
04 Nov 12:25    INFO  epoch 55 evaluating [time: 56.48s, valid_score: 0.067200]
04 Nov 12:25    INFO  valid result: 
recall@10 : 0.0668    recall@20 : 0.1076    recall@50 : 0.1922    ndcg@10 : 0.0534    ndcg@20 : 0.0672    ndcg@50 : 0.0917    
04 Nov 12:25    INFO  epoch 56 training [time: 27.00s, train loss: -2.8040]
04 Nov 12:26    INFO  epoch 56 evaluating [time: 56.14s, valid_score: 0.067200]
04 Nov 12:26    INFO  valid result: 
recall@10 : 0.0666    recall@20 : 0.1073    recall@50 : 0.1918    ndcg@10 : 0.0535    ndcg@20 : 0.0672    ndcg@50 : 0.0918    
04 Nov 12:26    INFO  epoch 57 training [time: 26.95s, train loss: -2.8040]
04 Nov 12:27    INFO  epoch 57 evaluating [time: 56.41s, valid_score: 0.067300]
04 Nov 12:27    INFO  valid result: 
recall@10 : 0.0664    recall@20 : 0.1078    recall@50 : 0.1921    ndcg@10 : 0.0534    ndcg@20 : 0.0673    ndcg@50 : 0.0918    
04 Nov 12:28    INFO  epoch 58 training [time: 26.96s, train loss: -2.8041]
04 Nov 12:29    INFO  epoch 58 evaluating [time: 56.09s, valid_score: 0.067200]
04 Nov 12:29    INFO  valid result: 
recall@10 : 0.0671    recall@20 : 0.1073    recall@50 : 0.1916    ndcg@10 : 0.0537    ndcg@20 : 0.0672    ndcg@50 : 0.0917    
04 Nov 12:29    INFO  epoch 59 training [time: 27.00s, train loss: -2.8042]
04 Nov 12:30    INFO  epoch 59 evaluating [time: 55.95s, valid_score: 0.067400]
04 Nov 12:30    INFO  valid result: 
recall@10 : 0.0674    recall@20 : 0.1075    recall@50 : 0.1918    ndcg@10 : 0.0538    ndcg@20 : 0.0674    ndcg@50 : 0.0918    
04 Nov 12:30    INFO  Saving current best: saved/DirectAU-Nov-04-2023_11-07-20.pth
04 Nov 12:30    INFO  epoch 60 training [time: 27.01s, train loss: -2.8041]
04 Nov 12:31    INFO  epoch 60 evaluating [time: 56.56s, valid_score: 0.067400]
04 Nov 12:31    INFO  valid result: 
recall@10 : 0.0676    recall@20 : 0.1079    recall@50 : 0.1924    ndcg@10 : 0.0539    ndcg@20 : 0.0674    ndcg@50 : 0.0919    
04 Nov 12:32    INFO  epoch 61 training [time: 27.01s, train loss: -2.8041]
04 Nov 12:33    INFO  epoch 61 evaluating [time: 55.99s, valid_score: 0.067500]
04 Nov 12:33    INFO  valid result: 
recall@10 : 0.0671    recall@20 : 0.1081    recall@50 : 0.1919    ndcg@10 : 0.0537    ndcg@20 : 0.0675    ndcg@50 : 0.0918    
04 Nov 12:33    INFO  Saving current best: saved/DirectAU-Nov-04-2023_11-07-20.pth
04 Nov 12:33    INFO  epoch 62 training [time: 27.01s, train loss: -2.8043]
04 Nov 12:34    INFO  epoch 62 evaluating [time: 55.78s, valid_score: 0.067700]
04 Nov 12:34    INFO  valid result: 
recall@10 : 0.0664    recall@20 : 0.1082    recall@50 : 0.1924    ndcg@10 : 0.0536    ndcg@20 : 0.0677    ndcg@50 : 0.0922    
04 Nov 12:34    INFO  Saving current best: saved/DirectAU-Nov-04-2023_11-07-20.pth
04 Nov 12:35    INFO  epoch 63 training [time: 27.86s, train loss: -2.8041]
04 Nov 12:36    INFO  epoch 63 evaluating [time: 56.53s, valid_score: 0.067600]
04 Nov 12:36    INFO  valid result: 
recall@10 : 0.0668    recall@20 : 0.1079    recall@50 : 0.192    ndcg@10 : 0.0537    ndcg@20 : 0.0676    ndcg@50 : 0.092    
04 Nov 12:36    INFO  epoch 64 training [time: 26.98s, train loss: -2.8043]
04 Nov 12:37    INFO  epoch 64 evaluating [time: 55.83s, valid_score: 0.067800]
04 Nov 12:37    INFO  valid result: 
recall@10 : 0.0675    recall@20 : 0.1084    recall@50 : 0.1923    ndcg@10 : 0.054    ndcg@20 : 0.0678    ndcg@50 : 0.0921    
04 Nov 12:37    INFO  Saving current best: saved/DirectAU-Nov-04-2023_11-07-20.pth
04 Nov 12:37    INFO  epoch 65 training [time: 27.89s, train loss: -2.8043]
04 Nov 12:38    INFO  epoch 65 evaluating [time: 56.07s, valid_score: 0.067800]
04 Nov 12:38    INFO  valid result: 
recall@10 : 0.0673    recall@20 : 0.1083    recall@50 : 0.1922    ndcg@10 : 0.0541    ndcg@20 : 0.0678    ndcg@50 : 0.0922    
04 Nov 12:39    INFO  epoch 66 training [time: 27.01s, train loss: -2.8044]
04 Nov 12:40    INFO  epoch 66 evaluating [time: 56.20s, valid_score: 0.067500]
04 Nov 12:40    INFO  valid result: 
recall@10 : 0.0666    recall@20 : 0.108    recall@50 : 0.1929    ndcg@10 : 0.0536    ndcg@20 : 0.0675    ndcg@50 : 0.0921    
04 Nov 12:40    INFO  epoch 67 training [time: 27.81s, train loss: -2.8044]
04 Nov 12:41    INFO  epoch 67 evaluating [time: 55.93s, valid_score: 0.067600]
04 Nov 12:41    INFO  valid result: 
recall@10 : 0.0671    recall@20 : 0.1079    recall@50 : 0.1927    ndcg@10 : 0.0539    ndcg@20 : 0.0676    ndcg@50 : 0.0922    
04 Nov 12:42    INFO  epoch 68 training [time: 27.01s, train loss: -2.8043]
04 Nov 12:43    INFO  epoch 68 evaluating [time: 56.06s, valid_score: 0.067600]
04 Nov 12:43    INFO  valid result: 
recall@10 : 0.0673    recall@20 : 0.1082    recall@50 : 0.1926    ndcg@10 : 0.0539    ndcg@20 : 0.0676    ndcg@50 : 0.0921    
04 Nov 12:43    INFO  epoch 69 training [time: 27.88s, train loss: -2.8044]
04 Nov 12:44    INFO  epoch 69 evaluating [time: 56.20s, valid_score: 0.067700]
04 Nov 12:44    INFO  valid result: 
recall@10 : 0.0675    recall@20 : 0.1082    recall@50 : 0.1925    ndcg@10 : 0.054    ndcg@20 : 0.0677    ndcg@50 : 0.0922    
04 Nov 12:44    INFO  epoch 70 training [time: 27.01s, train loss: -2.8045]
04 Nov 12:45    INFO  epoch 70 evaluating [time: 56.08s, valid_score: 0.067900]
04 Nov 12:45    INFO  valid result: 
recall@10 : 0.0673    recall@20 : 0.1086    recall@50 : 0.1934    ndcg@10 : 0.0539    ndcg@20 : 0.0679    ndcg@50 : 0.0924    
04 Nov 12:45    INFO  Saving current best: saved/DirectAU-Nov-04-2023_11-07-20.pth
04 Nov 12:46    INFO  epoch 71 training [time: 26.99s, train loss: -2.8046]
04 Nov 12:47    INFO  epoch 71 evaluating [time: 56.59s, valid_score: 0.068100]
04 Nov 12:47    INFO  valid result: 
recall@10 : 0.0671    recall@20 : 0.1087    recall@50 : 0.1935    ndcg@10 : 0.0541    ndcg@20 : 0.0681    ndcg@50 : 0.0927    
04 Nov 12:47    INFO  Saving current best: saved/DirectAU-Nov-04-2023_11-07-20.pth
04 Nov 12:47    INFO  epoch 72 training [time: 27.00s, train loss: -2.8044]
04 Nov 12:48    INFO  epoch 72 evaluating [time: 56.47s, valid_score: 0.068100]
04 Nov 12:48    INFO  valid result: 
recall@10 : 0.0674    recall@20 : 0.1083    recall@50 : 0.1929    ndcg@10 : 0.0543    ndcg@20 : 0.0681    ndcg@50 : 0.0926    
04 Nov 12:49    INFO  epoch 73 training [time: 26.97s, train loss: -2.8046]
04 Nov 12:50    INFO  epoch 73 evaluating [time: 56.21s, valid_score: 0.068000]
04 Nov 12:50    INFO  valid result: 
recall@10 : 0.0675    recall@20 : 0.1089    recall@50 : 0.1932    ndcg@10 : 0.054    ndcg@20 : 0.068    ndcg@50 : 0.0925    
04 Nov 12:50    INFO  epoch 74 training [time: 26.98s, train loss: -2.8046]
04 Nov 12:51    INFO  epoch 74 evaluating [time: 56.02s, valid_score: 0.067900]
04 Nov 12:51    INFO  valid result: 
recall@10 : 0.0672    recall@20 : 0.1085    recall@50 : 0.1933    ndcg@10 : 0.054    ndcg@20 : 0.0679    ndcg@50 : 0.0926    
04 Nov 12:51    INFO  epoch 75 training [time: 26.99s, train loss: -2.8046]
04 Nov 12:52    INFO  epoch 75 evaluating [time: 56.51s, valid_score: 0.068100]
04 Nov 12:52    INFO  valid result: 
recall@10 : 0.0679    recall@20 : 0.1087    recall@50 : 0.1934    ndcg@10 : 0.0544    ndcg@20 : 0.0681    ndcg@50 : 0.0927    
04 Nov 12:53    INFO  epoch 76 training [time: 27.00s, train loss: -2.8045]
04 Nov 12:54    INFO  epoch 76 evaluating [time: 56.16s, valid_score: 0.068000]
04 Nov 12:54    INFO  valid result: 
recall@10 : 0.0678    recall@20 : 0.1087    recall@50 : 0.1929    ndcg@10 : 0.0544    ndcg@20 : 0.068    ndcg@50 : 0.0925    
04 Nov 12:54    INFO  epoch 77 training [time: 26.94s, train loss: -2.8046]
04 Nov 12:55    INFO  epoch 77 evaluating [time: 56.33s, valid_score: 0.067900]
04 Nov 12:55    INFO  valid result: 
recall@10 : 0.0674    recall@20 : 0.1082    recall@50 : 0.1931    ndcg@10 : 0.0541    ndcg@20 : 0.0679    ndcg@50 : 0.0924    
04 Nov 12:56    INFO  epoch 78 training [time: 27.13s, train loss: -2.8046]
04 Nov 12:56    INFO  epoch 78 evaluating [time: 56.06s, valid_score: 0.068000]
04 Nov 12:56    INFO  valid result: 
recall@10 : 0.0674    recall@20 : 0.1083    recall@50 : 0.193    ndcg@10 : 0.0543    ndcg@20 : 0.068    ndcg@50 : 0.0925    
04 Nov 12:57    INFO  epoch 79 training [time: 26.97s, train loss: -2.8046]
04 Nov 12:58    INFO  epoch 79 evaluating [time: 55.75s, valid_score: 0.067800]
04 Nov 12:58    INFO  valid result: 
recall@10 : 0.0675    recall@20 : 0.1085    recall@50 : 0.1935    ndcg@10 : 0.054    ndcg@20 : 0.0678    ndcg@50 : 0.0924    
04 Nov 12:58    INFO  epoch 80 training [time: 27.87s, train loss: -2.8046]
04 Nov 12:59    INFO  epoch 80 evaluating [time: 56.33s, valid_score: 0.067800]
04 Nov 12:59    INFO  valid result: 
recall@10 : 0.0673    recall@20 : 0.1084    recall@50 : 0.1934    ndcg@10 : 0.054    ndcg@20 : 0.0678    ndcg@50 : 0.0924    
04 Nov 13:00    INFO  epoch 81 training [time: 27.03s, train loss: -2.8046]
04 Nov 13:01    INFO  epoch 81 evaluating [time: 55.94s, valid_score: 0.068100]
04 Nov 13:01    INFO  valid result: 
recall@10 : 0.0675    recall@20 : 0.1089    recall@50 : 0.1928    ndcg@10 : 0.0542    ndcg@20 : 0.0681    ndcg@50 : 0.0925    
04 Nov 13:01    INFO  epoch 82 training [time: 27.85s, train loss: -2.8046]
04 Nov 13:02    INFO  epoch 82 evaluating [time: 55.72s, valid_score: 0.068000]
04 Nov 13:02    INFO  valid result: 
recall@10 : 0.0678    recall@20 : 0.1084    recall@50 : 0.1937    ndcg@10 : 0.0545    ndcg@20 : 0.068    ndcg@50 : 0.0928    
04 Nov 13:02    INFO  Finished training, best eval result in epoch 71
04 Nov 13:02    INFO  Loading model structure and parameters from saved/DirectAU-Nov-04-2023_11-07-20.pth
04 Nov 13:03    INFO  best valid : {'recall@10': 0.0671, 'recall@20': 0.1087, 'recall@50': 0.1935, 'ndcg@10': 0.0541, 'ndcg@20': 0.0681, 'ndcg@50': 0.0927}
04 Nov 13:03    INFO  test result: {'recall@10': 0.0685, 'recall@20': 0.1103, 'recall@50': 0.1932, 'ndcg@10': 0.0548, 'ndcg@20': 0.0687, 'ndcg@50': 0.0926}
