04 Nov 11:05    INFO  
General Hyper Parameters:
gpu_id = 4
use_gpu = True
seed = 0
state = INFO
reproducibility = True
data_path = dataset/Yelp
show_progress = False

Training Hyper Parameters:
checkpoint_dir = saved
epochs = 500
train_batch_size = 1024
learner = adam
learning_rate = 0.001
training_neg_sample_num = 0
training_neg_sample_distribution = uniform
eval_step = 1
stopping_step = 10
clip_grad_norm = None
weight_decay = 1e-06
draw_loss_pic = False
loss_decimal_place = 4

Evaluation Hyper Parameters:
eval_setting = RO_RS,full
group_by_user = True
split_ratio = [0.8, 0.1, 0.1]
leave_one_num = 2
real_time_process = False
metrics = ['Recall', 'NDCG']
topk = [10, 20, 50]
valid_metric = NDCG@20
eval_batch_size = 4096
metric_decimal_place = 4

Dataset Hyper Parameters:
field_separator = 	
seq_separator =  
USER_ID_FIELD = user_id
ITEM_ID_FIELD = item_id
RATING_FIELD = rating
TIME_FIELD = timestamp
seq_len = None
LABEL_FIELD = label
threshold = None
NEG_PREFIX = neg_
load_col = {'inter': ['user_id', 'item_id', 'timestamp']}
unload_col = None
unused_col = None
additional_feat_suffix = None
lowest_val = None
highest_val = None
equal_val = None
not_equal_val = None
max_user_inter_num = None
min_user_inter_num = 5
max_item_inter_num = None
min_item_inter_num = 5
fields_in_same_space = None
preload_weight = None
normalize_field = None
normalize_all = None
ITEM_LIST_LENGTH_FIELD = item_length
LIST_SUFFIX = _list
MAX_ITEM_LIST_LENGTH = 50
POSITION_FIELD = position_id
HEAD_ENTITY_ID_FIELD = head_id
TAIL_ENTITY_ID_FIELD = tail_id
RELATION_ID_FIELD = relation_id
ENTITY_ID_FIELD = entity_id

Other Hyper Parameters: 
valid_metric_bigger = True
BT = 0.1
alpha = None
bt = 0.001
d = None
embedding_size = 64
encoder = MF
gamma = 1
std = None
times = 1
witem = 0.1
wuser = 0.8
rm_dup_inter = None
filter_inter_by_user_or_item = True
SOURCE_ID_FIELD = source_id
TARGET_ID_FIELD = target_id
benchmark_filename = None
MODEL_TYPE = ModelType.GENERAL
MODEL_INPUT_TYPE = InputType.POINTWISE
eval_type = EvaluatorType.RANKING
device = cuda
train_neg_sample_args = {'strategy': 'none'}


04 Nov 11:05    INFO  Yelp
The number of users: 31669
Average actions of users: 49.305481874447395
The number of items: 38049
Average actions of items: 41.037794365012616
The number of inters: 1561406
The sparsity of the dataset: 99.87041991912021%
Remain Fields: ['user_id', 'item_id']
04 Nov 11:05    INFO  Build [GeneralDataLoader] for [train] with format [InputType.POINTWISE]
04 Nov 11:05    INFO  [train] No Negative Sampling
04 Nov 11:05    INFO  [train] batch_size = [1024], shuffle = [True]

04 Nov 11:05    INFO  Build [GeneralFullDataLoader] for [evaluation] with format [InputType.POINTWISE]
04 Nov 11:05    INFO  Evaluation Setting:
	Group by user_id
	Ordering: {'strategy': 'shuffle'}
	Splitting: {'strategy': 'by_ratio', 'ratios': [0.8, 0.1, 0.1]}
	Negative Sampling: {'strategy': 'full', 'distribution': 'uniform'}
04 Nov 11:05    INFO  [evaluation] batch_size = [4096], shuffle = [False]

04 Nov 11:05    WARNING  Batch size is changed to 38049.
04 Nov 11:05    WARNING  Batch size is changed to 38049.
{'BT': 0.1, 'alpha': None, 'bt': 0.001, 'd': None, 'embedding_size': 64, 'encoder': 'MF', 'gamma': None, 'std': None, 'times': 1, 'training_neg_sample_num': 0, 'witem': 0.1, 'wuser': 0.8}
this is encoder MF...
这是directau 的 RE 版本...
04 Nov 11:05    INFO  DirectAU(
  (encoder): MFEncoder(
    (user_embedding): Embedding(31669, 64)
    (item_embedding): Embedding(38049, 64)
  )
  (bn): BatchNorm1d(64, eps=1e-05, momentum=0.1, affine=False, track_running_stats=True)
  (projector): Sequential(
    (0): Linear(in_features=64, out_features=64, bias=False)
    (1): BatchNorm1d(64, eps=1e-05, momentum=0.1, affine=True, track_running_stats=True)
    (2): ReLU(inplace=True)
    (3): Linear(in_features=64, out_features=64, bias=False)
    (4): BatchNorm1d(64, eps=1e-05, momentum=0.1, affine=True, track_running_stats=True)
    (5): ReLU(inplace=True)
    (6): Linear(in_features=64, out_features=64, bias=False)
  )
)
Trainable parameters: 4474496
04 Nov 11:06    INFO  epoch 0 training [time: 23.09s, train loss: -5.9480]
04 Nov 11:06    INFO  epoch 0 evaluating [time: 15.23s, valid_score: 0.020700]
04 Nov 11:06    INFO  valid result: 
recall@10 : 0.0195    recall@20 : 0.0339    recall@50 : 0.0693    ndcg@10 : 0.0157    ndcg@20 : 0.0207    ndcg@50 : 0.0313    
04 Nov 11:06    INFO  Saving current best: saved/DirectAU-Nov-04-2023_11-05-47.pth
04 Nov 11:06    INFO  epoch 1 training [time: 23.23s, train loss: -6.2911]
04 Nov 11:07    INFO  epoch 1 evaluating [time: 14.76s, valid_score: 0.030700]
04 Nov 11:07    INFO  valid result: 
recall@10 : 0.0299    recall@20 : 0.0511    recall@50 : 0.0972    ndcg@10 : 0.0234    ndcg@20 : 0.0307    ndcg@50 : 0.0443    
04 Nov 11:07    INFO  Saving current best: saved/DirectAU-Nov-04-2023_11-05-47.pth
04 Nov 11:07    INFO  epoch 2 training [time: 23.34s, train loss: -6.3723]
04 Nov 11:07    INFO  epoch 2 evaluating [time: 14.99s, valid_score: 0.035100]
04 Nov 11:07    INFO  valid result: 
recall@10 : 0.0342    recall@20 : 0.0578    recall@50 : 0.1099    ndcg@10 : 0.027    ndcg@20 : 0.0351    ndcg@50 : 0.0505    
04 Nov 11:07    INFO  Saving current best: saved/DirectAU-Nov-04-2023_11-05-47.pth
04 Nov 11:08    INFO  epoch 3 training [time: 23.34s, train loss: -6.4131]
04 Nov 11:08    INFO  epoch 3 evaluating [time: 15.11s, valid_score: 0.038300]
04 Nov 11:08    INFO  valid result: 
recall@10 : 0.0379    recall@20 : 0.0634    recall@50 : 0.1189    ndcg@10 : 0.0295    ndcg@20 : 0.0383    ndcg@50 : 0.0545    
04 Nov 11:08    INFO  Saving current best: saved/DirectAU-Nov-04-2023_11-05-47.pth
04 Nov 11:08    INFO  epoch 4 training [time: 23.30s, train loss: -6.4401]
04 Nov 11:08    INFO  epoch 4 evaluating [time: 14.65s, valid_score: 0.040300]
04 Nov 11:08    INFO  valid result: 
recall@10 : 0.04    recall@20 : 0.067    recall@50 : 0.1249    ndcg@10 : 0.031    ndcg@20 : 0.0403    ndcg@50 : 0.0573    
04 Nov 11:08    INFO  Saving current best: saved/DirectAU-Nov-04-2023_11-05-47.pth
04 Nov 11:09    INFO  epoch 5 training [time: 23.16s, train loss: -6.4605]
04 Nov 11:09    INFO  epoch 5 evaluating [time: 15.16s, valid_score: 0.042500]
04 Nov 11:09    INFO  valid result: 
recall@10 : 0.0426    recall@20 : 0.0706    recall@50 : 0.1303    ndcg@10 : 0.0329    ndcg@20 : 0.0425    ndcg@50 : 0.0599    
04 Nov 11:09    INFO  Saving current best: saved/DirectAU-Nov-04-2023_11-05-47.pth
04 Nov 11:10    INFO  epoch 6 training [time: 23.28s, train loss: -6.4768]
04 Nov 11:10    INFO  epoch 6 evaluating [time: 14.60s, valid_score: 0.043900]
04 Nov 11:10    INFO  valid result: 
recall@10 : 0.0442    recall@20 : 0.0723    recall@50 : 0.1353    ndcg@10 : 0.0343    ndcg@20 : 0.0439    ndcg@50 : 0.0623    
04 Nov 11:10    INFO  Saving current best: saved/DirectAU-Nov-04-2023_11-05-47.pth
04 Nov 11:10    INFO  epoch 7 training [time: 23.39s, train loss: -6.4909]
04 Nov 11:10    INFO  epoch 7 evaluating [time: 15.03s, valid_score: 0.045500]
04 Nov 11:10    INFO  valid result: 
recall@10 : 0.0455    recall@20 : 0.0752    recall@50 : 0.1395    ndcg@10 : 0.0354    ndcg@20 : 0.0455    ndcg@50 : 0.0643    
04 Nov 11:10    INFO  Saving current best: saved/DirectAU-Nov-04-2023_11-05-47.pth
04 Nov 11:11    INFO  epoch 8 training [time: 23.40s, train loss: -6.5028]
04 Nov 11:11    INFO  epoch 8 evaluating [time: 14.82s, valid_score: 0.046500]
04 Nov 11:11    INFO  valid result: 
recall@10 : 0.0465    recall@20 : 0.0766    recall@50 : 0.1431    ndcg@10 : 0.0363    ndcg@20 : 0.0465    ndcg@50 : 0.0659    
04 Nov 11:11    INFO  Saving current best: saved/DirectAU-Nov-04-2023_11-05-47.pth
04 Nov 11:11    INFO  epoch 9 training [time: 23.32s, train loss: -6.5130]
04 Nov 11:12    INFO  epoch 9 evaluating [time: 14.93s, valid_score: 0.048500]
04 Nov 11:12    INFO  valid result: 
recall@10 : 0.0486    recall@20 : 0.0796    recall@50 : 0.1465    ndcg@10 : 0.0379    ndcg@20 : 0.0485    ndcg@50 : 0.068    
04 Nov 11:12    INFO  Saving current best: saved/DirectAU-Nov-04-2023_11-05-47.pth
04 Nov 11:12    INFO  epoch 10 training [time: 23.52s, train loss: -6.5221]
04 Nov 11:12    INFO  epoch 10 evaluating [time: 14.83s, valid_score: 0.049600]
04 Nov 11:12    INFO  valid result: 
recall@10 : 0.0493    recall@20 : 0.0814    recall@50 : 0.1498    ndcg@10 : 0.0387    ndcg@20 : 0.0496    ndcg@50 : 0.0695    
04 Nov 11:12    INFO  Saving current best: saved/DirectAU-Nov-04-2023_11-05-47.pth
04 Nov 11:13    INFO  epoch 11 training [time: 23.41s, train loss: -6.5295]
04 Nov 11:13    INFO  epoch 11 evaluating [time: 15.03s, valid_score: 0.050600]
04 Nov 11:13    INFO  valid result: 
recall@10 : 0.0499    recall@20 : 0.0833    recall@50 : 0.1526    ndcg@10 : 0.0392    ndcg@20 : 0.0506    ndcg@50 : 0.0708    
04 Nov 11:13    INFO  Saving current best: saved/DirectAU-Nov-04-2023_11-05-47.pth
04 Nov 11:13    INFO  epoch 12 training [time: 23.35s, train loss: -6.5363]
04 Nov 11:14    INFO  epoch 12 evaluating [time: 14.84s, valid_score: 0.051800]
04 Nov 11:14    INFO  valid result: 
recall@10 : 0.052    recall@20 : 0.0851    recall@50 : 0.1554    ndcg@10 : 0.0405    ndcg@20 : 0.0518    ndcg@50 : 0.0722    
04 Nov 11:14    INFO  Saving current best: saved/DirectAU-Nov-04-2023_11-05-47.pth
04 Nov 11:14    INFO  epoch 13 training [time: 23.15s, train loss: -6.5422]
04 Nov 11:14    INFO  epoch 13 evaluating [time: 15.25s, valid_score: 0.052600]
04 Nov 11:14    INFO  valid result: 
recall@10 : 0.0528    recall@20 : 0.0867    recall@50 : 0.1578    ndcg@10 : 0.0412    ndcg@20 : 0.0526    ndcg@50 : 0.0733    
04 Nov 11:14    INFO  Saving current best: saved/DirectAU-Nov-04-2023_11-05-47.pth
04 Nov 11:15    INFO  epoch 14 training [time: 23.41s, train loss: -6.5471]
04 Nov 11:15    INFO  epoch 14 evaluating [time: 15.02s, valid_score: 0.054100]
04 Nov 11:15    INFO  valid result: 
recall@10 : 0.0548    recall@20 : 0.0882    recall@50 : 0.1603    ndcg@10 : 0.0428    ndcg@20 : 0.0541    ndcg@50 : 0.075    
04 Nov 11:15    INFO  Saving current best: saved/DirectAU-Nov-04-2023_11-05-47.pth
04 Nov 11:15    INFO  epoch 15 training [time: 23.34s, train loss: -6.5516]
04 Nov 11:16    INFO  epoch 15 evaluating [time: 15.22s, valid_score: 0.054600]
04 Nov 11:16    INFO  valid result: 
recall@10 : 0.0553    recall@20 : 0.0891    recall@50 : 0.1627    ndcg@10 : 0.0431    ndcg@20 : 0.0546    ndcg@50 : 0.0759    
04 Nov 11:16    INFO  Saving current best: saved/DirectAU-Nov-04-2023_11-05-47.pth
04 Nov 11:16    INFO  epoch 16 training [time: 23.39s, train loss: -6.5555]
04 Nov 11:16    INFO  epoch 16 evaluating [time: 15.06s, valid_score: 0.055900]
04 Nov 11:16    INFO  valid result: 
recall@10 : 0.0561    recall@20 : 0.091    recall@50 : 0.1653    ndcg@10 : 0.044    ndcg@20 : 0.0559    ndcg@50 : 0.0774    
04 Nov 11:16    INFO  Saving current best: saved/DirectAU-Nov-04-2023_11-05-47.pth
04 Nov 11:17    INFO  epoch 17 training [time: 23.33s, train loss: -6.5592]
04 Nov 11:17    INFO  epoch 17 evaluating [time: 14.79s, valid_score: 0.056200]
04 Nov 11:17    INFO  valid result: 
recall@10 : 0.0564    recall@20 : 0.0921    recall@50 : 0.1669    ndcg@10 : 0.0441    ndcg@20 : 0.0562    ndcg@50 : 0.0779    
04 Nov 11:17    INFO  Saving current best: saved/DirectAU-Nov-04-2023_11-05-47.pth
04 Nov 11:17    INFO  epoch 18 training [time: 23.30s, train loss: -6.5622]
04 Nov 11:17    INFO  epoch 18 evaluating [time: 15.01s, valid_score: 0.056600]
04 Nov 11:17    INFO  valid result: 
recall@10 : 0.0573    recall@20 : 0.0924    recall@50 : 0.1679    ndcg@10 : 0.0447    ndcg@20 : 0.0566    ndcg@50 : 0.0785    
04 Nov 11:17    INFO  Saving current best: saved/DirectAU-Nov-04-2023_11-05-47.pth
04 Nov 11:18    INFO  epoch 19 training [time: 23.21s, train loss: -6.5649]
04 Nov 11:18    INFO  epoch 19 evaluating [time: 14.99s, valid_score: 0.057400]
04 Nov 11:18    INFO  valid result: 
recall@10 : 0.0576    recall@20 : 0.0935    recall@50 : 0.1705    ndcg@10 : 0.0453    ndcg@20 : 0.0574    ndcg@50 : 0.0798    
04 Nov 11:18    INFO  Saving current best: saved/DirectAU-Nov-04-2023_11-05-47.pth
04 Nov 11:18    INFO  epoch 20 training [time: 23.30s, train loss: -6.5672]
04 Nov 11:19    INFO  epoch 20 evaluating [time: 14.90s, valid_score: 0.057700]
04 Nov 11:19    INFO  valid result: 
recall@10 : 0.0579    recall@20 : 0.0945    recall@50 : 0.1712    ndcg@10 : 0.0453    ndcg@20 : 0.0577    ndcg@50 : 0.0799    
04 Nov 11:19    INFO  Saving current best: saved/DirectAU-Nov-04-2023_11-05-47.pth
04 Nov 11:19    INFO  epoch 21 training [time: 23.39s, train loss: -6.5693]
04 Nov 11:19    INFO  epoch 21 evaluating [time: 14.73s, valid_score: 0.058400]
04 Nov 11:19    INFO  valid result: 
recall@10 : 0.0585    recall@20 : 0.0953    recall@50 : 0.1728    ndcg@10 : 0.046    ndcg@20 : 0.0584    ndcg@50 : 0.0809    
04 Nov 11:19    INFO  Saving current best: saved/DirectAU-Nov-04-2023_11-05-47.pth
04 Nov 11:20    INFO  epoch 22 training [time: 23.19s, train loss: -6.5710]
04 Nov 11:20    INFO  epoch 22 evaluating [time: 14.84s, valid_score: 0.059000]
04 Nov 11:20    INFO  valid result: 
recall@10 : 0.0588    recall@20 : 0.0961    recall@50 : 0.1737    ndcg@10 : 0.0465    ndcg@20 : 0.059    ndcg@50 : 0.0815    
04 Nov 11:20    INFO  Saving current best: saved/DirectAU-Nov-04-2023_11-05-47.pth
04 Nov 11:20    INFO  epoch 23 training [time: 23.38s, train loss: -6.5728]
04 Nov 11:21    INFO  epoch 23 evaluating [time: 14.83s, valid_score: 0.059400]
04 Nov 11:21    INFO  valid result: 
recall@10 : 0.0597    recall@20 : 0.097    recall@50 : 0.1748    ndcg@10 : 0.0468    ndcg@20 : 0.0594    ndcg@50 : 0.082    
04 Nov 11:21    INFO  Saving current best: saved/DirectAU-Nov-04-2023_11-05-47.pth
04 Nov 11:21    INFO  epoch 24 training [time: 23.31s, train loss: -6.5742]
04 Nov 11:21    INFO  epoch 24 evaluating [time: 14.94s, valid_score: 0.059800]
04 Nov 11:21    INFO  valid result: 
recall@10 : 0.0591    recall@20 : 0.0976    recall@50 : 0.1753    ndcg@10 : 0.0467    ndcg@20 : 0.0598    ndcg@50 : 0.0823    
04 Nov 11:21    INFO  Saving current best: saved/DirectAU-Nov-04-2023_11-05-47.pth
04 Nov 11:22    INFO  epoch 25 training [time: 23.50s, train loss: -6.5754]
04 Nov 11:22    INFO  epoch 25 evaluating [time: 14.71s, valid_score: 0.060200]
04 Nov 11:22    INFO  valid result: 
recall@10 : 0.0595    recall@20 : 0.0983    recall@50 : 0.1763    ndcg@10 : 0.0471    ndcg@20 : 0.0602    ndcg@50 : 0.0829    
04 Nov 11:22    INFO  Saving current best: saved/DirectAU-Nov-04-2023_11-05-47.pth
04 Nov 11:22    INFO  epoch 26 training [time: 23.35s, train loss: -6.5765]
04 Nov 11:23    INFO  epoch 26 evaluating [time: 15.11s, valid_score: 0.060400]
04 Nov 11:23    INFO  valid result: 
recall@10 : 0.0603    recall@20 : 0.0984    recall@50 : 0.1781    ndcg@10 : 0.0475    ndcg@20 : 0.0604    ndcg@50 : 0.0835    
04 Nov 11:23    INFO  Saving current best: saved/DirectAU-Nov-04-2023_11-05-47.pth
04 Nov 11:23    INFO  epoch 27 training [time: 23.41s, train loss: -6.5777]
04 Nov 11:23    INFO  epoch 27 evaluating [time: 14.86s, valid_score: 0.061000]
04 Nov 11:23    INFO  valid result: 
recall@10 : 0.0609    recall@20 : 0.0998    recall@50 : 0.1782    ndcg@10 : 0.0479    ndcg@20 : 0.061    ndcg@50 : 0.0838    
04 Nov 11:23    INFO  Saving current best: saved/DirectAU-Nov-04-2023_11-05-47.pth
04 Nov 11:24    INFO  epoch 28 training [time: 23.35s, train loss: -6.5786]
04 Nov 11:24    INFO  epoch 28 evaluating [time: 15.02s, valid_score: 0.061100]
04 Nov 11:24    INFO  valid result: 
recall@10 : 0.0612    recall@20 : 0.0992    recall@50 : 0.1794    ndcg@10 : 0.0483    ndcg@20 : 0.0611    ndcg@50 : 0.0844    
04 Nov 11:24    INFO  Saving current best: saved/DirectAU-Nov-04-2023_11-05-47.pth
04 Nov 11:24    INFO  epoch 29 training [time: 23.25s, train loss: -6.5795]
04 Nov 11:24    INFO  epoch 29 evaluating [time: 15.10s, valid_score: 0.061600]
04 Nov 11:24    INFO  valid result: 
recall@10 : 0.0613    recall@20 : 0.1002    recall@50 : 0.1803    ndcg@10 : 0.0485    ndcg@20 : 0.0616    ndcg@50 : 0.0848    
04 Nov 11:24    INFO  Saving current best: saved/DirectAU-Nov-04-2023_11-05-47.pth
04 Nov 11:25    INFO  epoch 30 training [time: 23.38s, train loss: -6.5802]
04 Nov 11:25    INFO  epoch 30 evaluating [time: 15.01s, valid_score: 0.062000]
04 Nov 11:25    INFO  valid result: 
recall@10 : 0.0618    recall@20 : 0.1004    recall@50 : 0.18    ndcg@10 : 0.049    ndcg@20 : 0.062    ndcg@50 : 0.0851    
04 Nov 11:25    INFO  Saving current best: saved/DirectAU-Nov-04-2023_11-05-47.pth
04 Nov 11:26    INFO  epoch 31 training [time: 23.38s, train loss: -6.5808]
04 Nov 11:26    INFO  epoch 31 evaluating [time: 15.26s, valid_score: 0.062000]
04 Nov 11:26    INFO  valid result: 
recall@10 : 0.062    recall@20 : 0.1005    recall@50 : 0.1809    ndcg@10 : 0.049    ndcg@20 : 0.062    ndcg@50 : 0.0853    
04 Nov 11:26    INFO  epoch 32 training [time: 23.35s, train loss: -6.5814]
04 Nov 11:26    INFO  epoch 32 evaluating [time: 14.81s, valid_score: 0.062400]
04 Nov 11:26    INFO  valid result: 
recall@10 : 0.0624    recall@20 : 0.1013    recall@50 : 0.1817    ndcg@10 : 0.0492    ndcg@20 : 0.0624    ndcg@50 : 0.0857    
04 Nov 11:26    INFO  Saving current best: saved/DirectAU-Nov-04-2023_11-05-47.pth
04 Nov 11:27    INFO  epoch 33 training [time: 23.41s, train loss: -6.5821]
04 Nov 11:27    INFO  epoch 33 evaluating [time: 15.23s, valid_score: 0.062400]
04 Nov 11:27    INFO  valid result: 
recall@10 : 0.0623    recall@20 : 0.1013    recall@50 : 0.1819    ndcg@10 : 0.0493    ndcg@20 : 0.0624    ndcg@50 : 0.0858    
04 Nov 11:27    INFO  epoch 34 training [time: 23.40s, train loss: -6.5826]
04 Nov 11:28    INFO  epoch 34 evaluating [time: 14.87s, valid_score: 0.062900]
04 Nov 11:28    INFO  valid result: 
recall@10 : 0.0632    recall@20 : 0.102    recall@50 : 0.1822    ndcg@10 : 0.0499    ndcg@20 : 0.0629    ndcg@50 : 0.0861    
04 Nov 11:28    INFO  Saving current best: saved/DirectAU-Nov-04-2023_11-05-47.pth
04 Nov 11:28    INFO  epoch 35 training [time: 23.32s, train loss: -6.5830]
04 Nov 11:28    INFO  epoch 35 evaluating [time: 15.09s, valid_score: 0.063100]
04 Nov 11:28    INFO  valid result: 
recall@10 : 0.0629    recall@20 : 0.1021    recall@50 : 0.1829    ndcg@10 : 0.0499    ndcg@20 : 0.0631    ndcg@50 : 0.0866    
04 Nov 11:28    INFO  Saving current best: saved/DirectAU-Nov-04-2023_11-05-47.pth
04 Nov 11:29    INFO  epoch 36 training [time: 23.24s, train loss: -6.5836]
04 Nov 11:29    INFO  epoch 36 evaluating [time: 14.72s, valid_score: 0.063400]
04 Nov 11:29    INFO  valid result: 
recall@10 : 0.0632    recall@20 : 0.1025    recall@50 : 0.1836    ndcg@10 : 0.0501    ndcg@20 : 0.0634    ndcg@50 : 0.0869    
04 Nov 11:29    INFO  Saving current best: saved/DirectAU-Nov-04-2023_11-05-47.pth
04 Nov 11:29    INFO  epoch 37 training [time: 23.39s, train loss: -6.5840]
04 Nov 11:30    INFO  epoch 37 evaluating [time: 15.09s, valid_score: 0.063500]
04 Nov 11:30    INFO  valid result: 
recall@10 : 0.0637    recall@20 : 0.1025    recall@50 : 0.1828    ndcg@10 : 0.0505    ndcg@20 : 0.0635    ndcg@50 : 0.0869    
04 Nov 11:30    INFO  Saving current best: saved/DirectAU-Nov-04-2023_11-05-47.pth
04 Nov 11:30    INFO  epoch 38 training [time: 23.29s, train loss: -6.5845]
04 Nov 11:30    INFO  epoch 38 evaluating [time: 14.88s, valid_score: 0.063800]
04 Nov 11:30    INFO  valid result: 
recall@10 : 0.0634    recall@20 : 0.1028    recall@50 : 0.1836    ndcg@10 : 0.0505    ndcg@20 : 0.0638    ndcg@50 : 0.0873    
04 Nov 11:30    INFO  Saving current best: saved/DirectAU-Nov-04-2023_11-05-47.pth
04 Nov 11:31    INFO  epoch 39 training [time: 23.38s, train loss: -6.5847]
04 Nov 11:31    INFO  epoch 39 evaluating [time: 15.08s, valid_score: 0.064100]
04 Nov 11:31    INFO  valid result: 
recall@10 : 0.0641    recall@20 : 0.1033    recall@50 : 0.1847    ndcg@10 : 0.0509    ndcg@20 : 0.0641    ndcg@50 : 0.0877    
04 Nov 11:31    INFO  Saving current best: saved/DirectAU-Nov-04-2023_11-05-47.pth
04 Nov 11:31    INFO  epoch 40 training [time: 23.44s, train loss: -6.5850]
04 Nov 11:32    INFO  epoch 40 evaluating [time: 14.79s, valid_score: 0.064200]
04 Nov 11:32    INFO  valid result: 
recall@10 : 0.0637    recall@20 : 0.1036    recall@50 : 0.1842    ndcg@10 : 0.0507    ndcg@20 : 0.0642    ndcg@50 : 0.0876    
04 Nov 11:32    INFO  Saving current best: saved/DirectAU-Nov-04-2023_11-05-47.pth
04 Nov 11:32    INFO  epoch 41 training [time: 23.43s, train loss: -6.5852]
04 Nov 11:32    INFO  epoch 41 evaluating [time: 15.01s, valid_score: 0.064300]
04 Nov 11:32    INFO  valid result: 
recall@10 : 0.0637    recall@20 : 0.1037    recall@50 : 0.1847    ndcg@10 : 0.0509    ndcg@20 : 0.0643    ndcg@50 : 0.0878    
04 Nov 11:32    INFO  Saving current best: saved/DirectAU-Nov-04-2023_11-05-47.pth
04 Nov 11:33    INFO  epoch 42 training [time: 23.12s, train loss: -6.5853]
04 Nov 11:33    INFO  epoch 42 evaluating [time: 15.27s, valid_score: 0.064300]
04 Nov 11:33    INFO  valid result: 
recall@10 : 0.0638    recall@20 : 0.104    recall@50 : 0.1855    ndcg@10 : 0.0507    ndcg@20 : 0.0643    ndcg@50 : 0.088    
04 Nov 11:33    INFO  epoch 43 training [time: 23.26s, train loss: -6.5855]
04 Nov 11:33    INFO  epoch 43 evaluating [time: 14.94s, valid_score: 0.064800]
04 Nov 11:33    INFO  valid result: 
recall@10 : 0.064    recall@20 : 0.1045    recall@50 : 0.1858    ndcg@10 : 0.0512    ndcg@20 : 0.0648    ndcg@50 : 0.0884    
04 Nov 11:33    INFO  Saving current best: saved/DirectAU-Nov-04-2023_11-05-47.pth
04 Nov 11:34    INFO  epoch 44 training [time: 23.44s, train loss: -6.5859]
04 Nov 11:34    INFO  epoch 44 evaluating [time: 15.36s, valid_score: 0.064600]
04 Nov 11:34    INFO  valid result: 
recall@10 : 0.0645    recall@20 : 0.1046    recall@50 : 0.1859    ndcg@10 : 0.0512    ndcg@20 : 0.0646    ndcg@50 : 0.0883    
04 Nov 11:34    INFO  epoch 45 training [time: 23.52s, train loss: -6.5860]
04 Nov 11:35    INFO  epoch 45 evaluating [time: 14.94s, valid_score: 0.064900]
04 Nov 11:35    INFO  valid result: 
recall@10 : 0.0642    recall@20 : 0.1044    recall@50 : 0.1858    ndcg@10 : 0.0513    ndcg@20 : 0.0649    ndcg@50 : 0.0886    
04 Nov 11:35    INFO  Saving current best: saved/DirectAU-Nov-04-2023_11-05-47.pth
04 Nov 11:35    INFO  epoch 46 training [time: 23.40s, train loss: -6.5861]
04 Nov 11:35    INFO  epoch 46 evaluating [time: 15.01s, valid_score: 0.064800]
04 Nov 11:35    INFO  valid result: 
recall@10 : 0.0647    recall@20 : 0.1044    recall@50 : 0.186    ndcg@10 : 0.0514    ndcg@20 : 0.0648    ndcg@50 : 0.0886    
04 Nov 11:36    INFO  epoch 47 training [time: 23.38s, train loss: -6.5862]
04 Nov 11:36    INFO  epoch 47 evaluating [time: 14.88s, valid_score: 0.065300]
04 Nov 11:36    INFO  valid result: 
recall@10 : 0.0645    recall@20 : 0.1056    recall@50 : 0.1866    ndcg@10 : 0.0515    ndcg@20 : 0.0653    ndcg@50 : 0.0889    
04 Nov 11:36    INFO  Saving current best: saved/DirectAU-Nov-04-2023_11-05-47.pth
04 Nov 11:36    INFO  epoch 48 training [time: 23.43s, train loss: -6.5864]
04 Nov 11:37    INFO  epoch 48 evaluating [time: 15.13s, valid_score: 0.065300]
04 Nov 11:37    INFO  valid result: 
recall@10 : 0.0648    recall@20 : 0.1055    recall@50 : 0.1882    ndcg@10 : 0.0516    ndcg@20 : 0.0653    ndcg@50 : 0.0893    
04 Nov 11:37    INFO  epoch 49 training [time: 23.41s, train loss: -6.5865]
04 Nov 11:37    INFO  epoch 49 evaluating [time: 14.79s, valid_score: 0.065400]
04 Nov 11:37    INFO  valid result: 
recall@10 : 0.0646    recall@20 : 0.1056    recall@50 : 0.188    ndcg@10 : 0.0517    ndcg@20 : 0.0654    ndcg@50 : 0.0894    
04 Nov 11:37    INFO  Saving current best: saved/DirectAU-Nov-04-2023_11-05-47.pth
04 Nov 11:38    INFO  epoch 50 training [time: 23.37s, train loss: -6.5866]
04 Nov 11:38    INFO  epoch 50 evaluating [time: 15.06s, valid_score: 0.065300]
04 Nov 11:38    INFO  valid result: 
recall@10 : 0.0647    recall@20 : 0.1054    recall@50 : 0.1878    ndcg@10 : 0.0516    ndcg@20 : 0.0653    ndcg@50 : 0.0892    
04 Nov 11:38    INFO  epoch 51 training [time: 23.40s, train loss: -6.5864]
04 Nov 11:39    INFO  epoch 51 evaluating [time: 14.83s, valid_score: 0.065600]
04 Nov 11:39    INFO  valid result: 
recall@10 : 0.0651    recall@20 : 0.1059    recall@50 : 0.1875    ndcg@10 : 0.0519    ndcg@20 : 0.0656    ndcg@50 : 0.0894    
04 Nov 11:39    INFO  Saving current best: saved/DirectAU-Nov-04-2023_11-05-47.pth
04 Nov 11:39    INFO  epoch 52 training [time: 23.37s, train loss: -6.5866]
04 Nov 11:39    INFO  epoch 52 evaluating [time: 15.01s, valid_score: 0.065600]
04 Nov 11:39    INFO  valid result: 
recall@10 : 0.0647    recall@20 : 0.1061    recall@50 : 0.1882    ndcg@10 : 0.0517    ndcg@20 : 0.0656    ndcg@50 : 0.0895    
04 Nov 11:40    INFO  epoch 53 training [time: 23.34s, train loss: -6.5868]
04 Nov 11:40    INFO  epoch 53 evaluating [time: 14.73s, valid_score: 0.065400]
04 Nov 11:40    INFO  valid result: 
recall@10 : 0.0651    recall@20 : 0.1059    recall@50 : 0.189    ndcg@10 : 0.0517    ndcg@20 : 0.0654    ndcg@50 : 0.0895    
04 Nov 11:40    INFO  epoch 54 training [time: 22.97s, train loss: -6.5868]
04 Nov 11:40    INFO  epoch 54 evaluating [time: 15.03s, valid_score: 0.065600]
04 Nov 11:40    INFO  valid result: 
recall@10 : 0.0651    recall@20 : 0.106    recall@50 : 0.1889    ndcg@10 : 0.0518    ndcg@20 : 0.0656    ndcg@50 : 0.0896    
04 Nov 11:41    INFO  epoch 55 training [time: 23.35s, train loss: -6.5868]
04 Nov 11:41    INFO  epoch 55 evaluating [time: 14.95s, valid_score: 0.065500]
04 Nov 11:41    INFO  valid result: 
recall@10 : 0.0651    recall@20 : 0.106    recall@50 : 0.1882    ndcg@10 : 0.0518    ndcg@20 : 0.0655    ndcg@50 : 0.0895    
04 Nov 11:42    INFO  epoch 56 training [time: 23.41s, train loss: -6.5870]
04 Nov 11:42    INFO  epoch 56 evaluating [time: 14.72s, valid_score: 0.066100]
04 Nov 11:42    INFO  valid result: 
recall@10 : 0.0648    recall@20 : 0.1061    recall@50 : 0.1895    ndcg@10 : 0.0522    ndcg@20 : 0.0661    ndcg@50 : 0.0903    
04 Nov 11:42    INFO  Saving current best: saved/DirectAU-Nov-04-2023_11-05-47.pth
04 Nov 11:42    INFO  epoch 57 training [time: 23.38s, train loss: -6.5870]
04 Nov 11:42    INFO  epoch 57 evaluating [time: 15.03s, valid_score: 0.066000]
04 Nov 11:42    INFO  valid result: 
recall@10 : 0.0646    recall@20 : 0.1066    recall@50 : 0.1885    ndcg@10 : 0.0519    ndcg@20 : 0.066    ndcg@50 : 0.0898    
04 Nov 11:43    INFO  epoch 58 training [time: 23.41s, train loss: -6.5871]
04 Nov 11:43    INFO  epoch 58 evaluating [time: 14.86s, valid_score: 0.066200]
04 Nov 11:43    INFO  valid result: 
recall@10 : 0.0653    recall@20 : 0.1067    recall@50 : 0.1889    ndcg@10 : 0.0523    ndcg@20 : 0.0662    ndcg@50 : 0.0901    
04 Nov 11:43    INFO  Saving current best: saved/DirectAU-Nov-04-2023_11-05-47.pth
04 Nov 11:43    INFO  epoch 59 training [time: 23.05s, train loss: -6.5872]
04 Nov 11:44    INFO  epoch 59 evaluating [time: 15.05s, valid_score: 0.066300]
04 Nov 11:44    INFO  valid result: 
recall@10 : 0.0654    recall@20 : 0.1069    recall@50 : 0.1892    ndcg@10 : 0.0524    ndcg@20 : 0.0663    ndcg@50 : 0.0903    
04 Nov 11:44    INFO  Saving current best: saved/DirectAU-Nov-04-2023_11-05-47.pth
04 Nov 11:44    INFO  epoch 60 training [time: 23.38s, train loss: -6.5871]
04 Nov 11:44    INFO  epoch 60 evaluating [time: 14.82s, valid_score: 0.066100]
04 Nov 11:44    INFO  valid result: 
recall@10 : 0.0662    recall@20 : 0.1064    recall@50 : 0.1892    ndcg@10 : 0.0525    ndcg@20 : 0.0661    ndcg@50 : 0.0901    
04 Nov 11:45    INFO  epoch 61 training [time: 23.36s, train loss: -6.5872]
04 Nov 11:45    INFO  epoch 61 evaluating [time: 14.94s, valid_score: 0.066200]
04 Nov 11:45    INFO  valid result: 
recall@10 : 0.0658    recall@20 : 0.1064    recall@50 : 0.1892    ndcg@10 : 0.0526    ndcg@20 : 0.0662    ndcg@50 : 0.0903    
04 Nov 11:45    INFO  epoch 62 training [time: 23.40s, train loss: -6.5873]
04 Nov 11:46    INFO  epoch 62 evaluating [time: 14.84s, valid_score: 0.066100]
04 Nov 11:46    INFO  valid result: 
recall@10 : 0.0655    recall@20 : 0.1063    recall@50 : 0.1896    ndcg@10 : 0.0524    ndcg@20 : 0.0661    ndcg@50 : 0.0904    
04 Nov 11:46    INFO  epoch 63 training [time: 23.05s, train loss: -6.5871]
04 Nov 11:46    INFO  epoch 63 evaluating [time: 15.35s, valid_score: 0.066600]
04 Nov 11:46    INFO  valid result: 
recall@10 : 0.0657    recall@20 : 0.1069    recall@50 : 0.1894    ndcg@10 : 0.0527    ndcg@20 : 0.0666    ndcg@50 : 0.0906    
04 Nov 11:46    INFO  Saving current best: saved/DirectAU-Nov-04-2023_11-05-47.pth
04 Nov 11:47    INFO  epoch 64 training [time: 23.41s, train loss: -6.5874]
04 Nov 11:47    INFO  epoch 64 evaluating [time: 14.75s, valid_score: 0.066400]
04 Nov 11:47    INFO  valid result: 
recall@10 : 0.0657    recall@20 : 0.1068    recall@50 : 0.1898    ndcg@10 : 0.0526    ndcg@20 : 0.0664    ndcg@50 : 0.0905    
04 Nov 11:47    INFO  epoch 65 training [time: 23.31s, train loss: -6.5874]
04 Nov 11:48    INFO  epoch 65 evaluating [time: 15.01s, valid_score: 0.066600]
04 Nov 11:48    INFO  valid result: 
recall@10 : 0.066    recall@20 : 0.1069    recall@50 : 0.1898    ndcg@10 : 0.0528    ndcg@20 : 0.0666    ndcg@50 : 0.0907    
04 Nov 11:48    INFO  epoch 66 training [time: 23.39s, train loss: -6.5875]
04 Nov 11:48    INFO  epoch 66 evaluating [time: 14.67s, valid_score: 0.066600]
04 Nov 11:48    INFO  valid result: 
recall@10 : 0.0656    recall@20 : 0.1074    recall@50 : 0.1899    ndcg@10 : 0.0525    ndcg@20 : 0.0666    ndcg@50 : 0.0906    
04 Nov 11:49    INFO  epoch 67 training [time: 23.38s, train loss: -6.5875]
04 Nov 11:49    INFO  epoch 67 evaluating [time: 15.11s, valid_score: 0.066400]
04 Nov 11:49    INFO  valid result: 
recall@10 : 0.0659    recall@20 : 0.1067    recall@50 : 0.1907    ndcg@10 : 0.0527    ndcg@20 : 0.0664    ndcg@50 : 0.0908    
04 Nov 11:49    INFO  epoch 68 training [time: 23.39s, train loss: -6.5874]
04 Nov 11:49    INFO  epoch 68 evaluating [time: 15.10s, valid_score: 0.066300]
04 Nov 11:49    INFO  valid result: 
recall@10 : 0.0657    recall@20 : 0.1071    recall@50 : 0.1907    ndcg@10 : 0.0524    ndcg@20 : 0.0663    ndcg@50 : 0.0906    
04 Nov 11:50    INFO  epoch 69 training [time: 23.33s, train loss: -6.5875]
04 Nov 11:50    INFO  epoch 69 evaluating [time: 14.70s, valid_score: 0.066700]
04 Nov 11:50    INFO  valid result: 
recall@10 : 0.0659    recall@20 : 0.1079    recall@50 : 0.1908    ndcg@10 : 0.0526    ndcg@20 : 0.0667    ndcg@50 : 0.0907    
04 Nov 11:50    INFO  Saving current best: saved/DirectAU-Nov-04-2023_11-05-47.pth
04 Nov 11:50    INFO  epoch 70 training [time: 23.39s, train loss: -6.5876]
04 Nov 11:51    INFO  epoch 70 evaluating [time: 14.95s, valid_score: 0.066800]
04 Nov 11:51    INFO  valid result: 
recall@10 : 0.0662    recall@20 : 0.108    recall@50 : 0.1902    ndcg@10 : 0.0527    ndcg@20 : 0.0668    ndcg@50 : 0.0907    
04 Nov 11:51    INFO  Saving current best: saved/DirectAU-Nov-04-2023_11-05-47.pth
04 Nov 11:51    INFO  epoch 71 training [time: 23.38s, train loss: -6.5877]
04 Nov 11:51    INFO  epoch 71 evaluating [time: 14.71s, valid_score: 0.066800]
04 Nov 11:51    INFO  valid result: 
recall@10 : 0.0663    recall@20 : 0.1075    recall@50 : 0.1904    ndcg@10 : 0.0529    ndcg@20 : 0.0668    ndcg@50 : 0.0909    
04 Nov 11:52    INFO  epoch 72 training [time: 23.37s, train loss: -6.5876]
04 Nov 11:52    INFO  epoch 72 evaluating [time: 14.94s, valid_score: 0.066900]
04 Nov 11:52    INFO  valid result: 
recall@10 : 0.0666    recall@20 : 0.1077    recall@50 : 0.1906    ndcg@10 : 0.0531    ndcg@20 : 0.0669    ndcg@50 : 0.0911    
04 Nov 11:52    INFO  Saving current best: saved/DirectAU-Nov-04-2023_11-05-47.pth
04 Nov 11:52    INFO  epoch 73 training [time: 23.41s, train loss: -6.5878]
04 Nov 11:53    INFO  epoch 73 evaluating [time: 14.82s, valid_score: 0.066500]
04 Nov 11:53    INFO  valid result: 
recall@10 : 0.0663    recall@20 : 0.1069    recall@50 : 0.1907    ndcg@10 : 0.0529    ndcg@20 : 0.0665    ndcg@50 : 0.0909    
04 Nov 11:53    INFO  epoch 74 training [time: 23.37s, train loss: -6.5877]
04 Nov 11:53    INFO  epoch 74 evaluating [time: 15.04s, valid_score: 0.067000]
04 Nov 11:53    INFO  valid result: 
recall@10 : 0.0666    recall@20 : 0.1078    recall@50 : 0.1909    ndcg@10 : 0.0532    ndcg@20 : 0.067    ndcg@50 : 0.0912    
04 Nov 11:53    INFO  Saving current best: saved/DirectAU-Nov-04-2023_11-05-47.pth
04 Nov 11:54    INFO  epoch 75 training [time: 23.39s, train loss: -6.5878]
04 Nov 11:54    INFO  epoch 75 evaluating [time: 14.82s, valid_score: 0.067100]
04 Nov 11:54    INFO  valid result: 
recall@10 : 0.067    recall@20 : 0.1078    recall@50 : 0.1913    ndcg@10 : 0.0535    ndcg@20 : 0.0671    ndcg@50 : 0.0915    
04 Nov 11:54    INFO  Saving current best: saved/DirectAU-Nov-04-2023_11-05-47.pth
04 Nov 11:54    INFO  epoch 76 training [time: 23.40s, train loss: -6.5877]
04 Nov 11:55    INFO  epoch 76 evaluating [time: 15.01s, valid_score: 0.066900]
04 Nov 11:55    INFO  valid result: 
recall@10 : 0.0665    recall@20 : 0.1076    recall@50 : 0.1907    ndcg@10 : 0.053    ndcg@20 : 0.0669    ndcg@50 : 0.091    
04 Nov 11:55    INFO  epoch 77 training [time: 23.39s, train loss: -6.5877]
04 Nov 11:55    INFO  epoch 77 evaluating [time: 14.69s, valid_score: 0.067000]
04 Nov 11:55    INFO  valid result: 
recall@10 : 0.0661    recall@20 : 0.1079    recall@50 : 0.1906    ndcg@10 : 0.0529    ndcg@20 : 0.067    ndcg@50 : 0.091    
04 Nov 11:56    INFO  epoch 78 training [time: 23.37s, train loss: -6.5878]
04 Nov 11:56    INFO  epoch 78 evaluating [time: 15.08s, valid_score: 0.066800]
04 Nov 11:56    INFO  valid result: 
recall@10 : 0.0664    recall@20 : 0.1074    recall@50 : 0.1908    ndcg@10 : 0.053    ndcg@20 : 0.0668    ndcg@50 : 0.091    
04 Nov 11:56    INFO  epoch 79 training [time: 23.39s, train loss: -6.5878]
04 Nov 11:56    INFO  epoch 79 evaluating [time: 14.87s, valid_score: 0.066700]
04 Nov 11:56    INFO  valid result: 
recall@10 : 0.0664    recall@20 : 0.1073    recall@50 : 0.1906    ndcg@10 : 0.053    ndcg@20 : 0.0667    ndcg@50 : 0.091    
04 Nov 11:57    INFO  epoch 80 training [time: 23.39s, train loss: -6.5878]
04 Nov 11:57    INFO  epoch 80 evaluating [time: 15.13s, valid_score: 0.066800]
04 Nov 11:57    INFO  valid result: 
recall@10 : 0.0665    recall@20 : 0.1075    recall@50 : 0.1908    ndcg@10 : 0.053    ndcg@20 : 0.0668    ndcg@50 : 0.091    
04 Nov 11:57    INFO  epoch 81 training [time: 23.38s, train loss: -6.5878]
04 Nov 11:58    INFO  epoch 81 evaluating [time: 14.96s, valid_score: 0.066800]
04 Nov 11:58    INFO  valid result: 
recall@10 : 0.0665    recall@20 : 0.1077    recall@50 : 0.1906    ndcg@10 : 0.0531    ndcg@20 : 0.0668    ndcg@50 : 0.091    
04 Nov 11:58    INFO  epoch 82 training [time: 23.38s, train loss: -6.5878]
04 Nov 11:58    INFO  epoch 82 evaluating [time: 14.95s, valid_score: 0.067200]
04 Nov 11:58    INFO  valid result: 
recall@10 : 0.0665    recall@20 : 0.1085    recall@50 : 0.191    ndcg@10 : 0.0531    ndcg@20 : 0.0672    ndcg@50 : 0.0912    
04 Nov 11:58    INFO  Saving current best: saved/DirectAU-Nov-04-2023_11-05-47.pth
04 Nov 11:59    INFO  epoch 83 training [time: 23.38s, train loss: -6.5879]
04 Nov 11:59    INFO  epoch 83 evaluating [time: 15.13s, valid_score: 0.067100]
04 Nov 11:59    INFO  valid result: 
recall@10 : 0.0671    recall@20 : 0.1085    recall@50 : 0.1912    ndcg@10 : 0.0532    ndcg@20 : 0.0671    ndcg@50 : 0.0912    
04 Nov 11:59    INFO  epoch 84 training [time: 23.36s, train loss: -6.5880]
04 Nov 12:00    INFO  epoch 84 evaluating [time: 14.89s, valid_score: 0.067400]
04 Nov 12:00    INFO  valid result: 
recall@10 : 0.0668    recall@20 : 0.1086    recall@50 : 0.192    ndcg@10 : 0.0533    ndcg@20 : 0.0674    ndcg@50 : 0.0916    
04 Nov 12:00    INFO  Saving current best: saved/DirectAU-Nov-04-2023_11-05-47.pth
04 Nov 12:00    INFO  epoch 85 training [time: 23.36s, train loss: -6.5879]
04 Nov 12:00    INFO  epoch 85 evaluating [time: 15.14s, valid_score: 0.067300]
04 Nov 12:00    INFO  valid result: 
recall@10 : 0.0669    recall@20 : 0.1082    recall@50 : 0.1909    ndcg@10 : 0.0535    ndcg@20 : 0.0673    ndcg@50 : 0.0914    
04 Nov 12:01    INFO  epoch 86 training [time: 23.41s, train loss: -6.5881]
04 Nov 12:01    INFO  epoch 86 evaluating [time: 14.80s, valid_score: 0.067500]
04 Nov 12:01    INFO  valid result: 
recall@10 : 0.0665    recall@20 : 0.1083    recall@50 : 0.1914    ndcg@10 : 0.0534    ndcg@20 : 0.0675    ndcg@50 : 0.0916    
04 Nov 12:01    INFO  Saving current best: saved/DirectAU-Nov-04-2023_11-05-47.pth
04 Nov 12:01    INFO  epoch 87 training [time: 23.36s, train loss: -6.5880]
04 Nov 12:02    INFO  epoch 87 evaluating [time: 15.32s, valid_score: 0.067300]
04 Nov 12:02    INFO  valid result: 
recall@10 : 0.0668    recall@20 : 0.1084    recall@50 : 0.1914    ndcg@10 : 0.0533    ndcg@20 : 0.0673    ndcg@50 : 0.0915    
04 Nov 12:02    INFO  epoch 88 training [time: 23.41s, train loss: -6.5881]
04 Nov 12:02    INFO  epoch 88 evaluating [time: 14.84s, valid_score: 0.067100]
04 Nov 12:02    INFO  valid result: 
recall@10 : 0.0664    recall@20 : 0.108    recall@50 : 0.1917    ndcg@10 : 0.0531    ndcg@20 : 0.0671    ndcg@50 : 0.0914    
04 Nov 12:03    INFO  epoch 89 training [time: 23.37s, train loss: -6.5880]
04 Nov 12:03    INFO  epoch 89 evaluating [time: 15.08s, valid_score: 0.067200]
04 Nov 12:03    INFO  valid result: 
recall@10 : 0.0665    recall@20 : 0.1084    recall@50 : 0.1917    ndcg@10 : 0.0531    ndcg@20 : 0.0672    ndcg@50 : 0.0914    
04 Nov 12:03    INFO  epoch 90 training [time: 23.36s, train loss: -6.5880]
04 Nov 12:04    INFO  epoch 90 evaluating [time: 14.68s, valid_score: 0.067400]
04 Nov 12:04    INFO  valid result: 
recall@10 : 0.0666    recall@20 : 0.1079    recall@50 : 0.1922    ndcg@10 : 0.0535    ndcg@20 : 0.0674    ndcg@50 : 0.0919    
04 Nov 12:04    INFO  epoch 91 training [time: 23.34s, train loss: -6.5881]
04 Nov 12:04    INFO  epoch 91 evaluating [time: 14.84s, valid_score: 0.067200]
04 Nov 12:04    INFO  valid result: 
recall@10 : 0.0671    recall@20 : 0.1081    recall@50 : 0.1913    ndcg@10 : 0.0534    ndcg@20 : 0.0672    ndcg@50 : 0.0914    
04 Nov 12:05    INFO  epoch 92 training [time: 23.39s, train loss: -6.5882]
04 Nov 12:05    INFO  epoch 92 evaluating [time: 14.81s, valid_score: 0.067400]
04 Nov 12:05    INFO  valid result: 
recall@10 : 0.0672    recall@20 : 0.1084    recall@50 : 0.1917    ndcg@10 : 0.0535    ndcg@20 : 0.0674    ndcg@50 : 0.0916    
04 Nov 12:05    INFO  epoch 93 training [time: 23.38s, train loss: -6.5882]
04 Nov 12:05    INFO  epoch 93 evaluating [time: 14.93s, valid_score: 0.067300]
04 Nov 12:05    INFO  valid result: 
recall@10 : 0.0668    recall@20 : 0.1083    recall@50 : 0.192    ndcg@10 : 0.0533    ndcg@20 : 0.0673    ndcg@50 : 0.0916    
04 Nov 12:06    INFO  epoch 94 training [time: 23.38s, train loss: -6.5882]
04 Nov 12:06    INFO  epoch 94 evaluating [time: 15.08s, valid_score: 0.067200]
04 Nov 12:06    INFO  valid result: 
recall@10 : 0.0668    recall@20 : 0.1085    recall@50 : 0.1915    ndcg@10 : 0.0533    ndcg@20 : 0.0672    ndcg@50 : 0.0914    
04 Nov 12:06    INFO  epoch 95 training [time: 23.39s, train loss: -6.5881]
04 Nov 12:07    INFO  epoch 95 evaluating [time: 14.68s, valid_score: 0.067500]
04 Nov 12:07    INFO  valid result: 
recall@10 : 0.0661    recall@20 : 0.1087    recall@50 : 0.1918    ndcg@10 : 0.0531    ndcg@20 : 0.0675    ndcg@50 : 0.0916    
04 Nov 12:07    INFO  epoch 96 training [time: 23.37s, train loss: -6.5882]
04 Nov 12:07    INFO  epoch 96 evaluating [time: 14.97s, valid_score: 0.067600]
04 Nov 12:07    INFO  valid result: 
recall@10 : 0.0669    recall@20 : 0.1087    recall@50 : 0.1912    ndcg@10 : 0.0536    ndcg@20 : 0.0676    ndcg@50 : 0.0917    
04 Nov 12:07    INFO  Saving current best: saved/DirectAU-Nov-04-2023_11-05-47.pth
04 Nov 12:08    INFO  epoch 97 training [time: 23.39s, train loss: -6.5881]
04 Nov 12:08    INFO  epoch 97 evaluating [time: 14.87s, valid_score: 0.067300]
04 Nov 12:08    INFO  valid result: 
recall@10 : 0.0669    recall@20 : 0.108    recall@50 : 0.1915    ndcg@10 : 0.0534    ndcg@20 : 0.0673    ndcg@50 : 0.0916    
04 Nov 12:08    INFO  epoch 98 training [time: 23.38s, train loss: -6.5883]
04 Nov 12:09    INFO  epoch 98 evaluating [time: 15.05s, valid_score: 0.067500]
04 Nov 12:09    INFO  valid result: 
recall@10 : 0.0667    recall@20 : 0.1083    recall@50 : 0.1913    ndcg@10 : 0.0534    ndcg@20 : 0.0675    ndcg@50 : 0.0916    
04 Nov 12:09    INFO  epoch 99 training [time: 23.38s, train loss: -6.5883]
04 Nov 12:09    INFO  epoch 99 evaluating [time: 14.75s, valid_score: 0.067300]
04 Nov 12:09    INFO  valid result: 
recall@10 : 0.0669    recall@20 : 0.1083    recall@50 : 0.1913    ndcg@10 : 0.0534    ndcg@20 : 0.0673    ndcg@50 : 0.0914    
04 Nov 12:10    INFO  epoch 100 training [time: 23.41s, train loss: -6.5883]
04 Nov 12:10    INFO  epoch 100 evaluating [time: 14.97s, valid_score: 0.067300]
04 Nov 12:10    INFO  valid result: 
recall@10 : 0.0669    recall@20 : 0.1083    recall@50 : 0.1914    ndcg@10 : 0.0534    ndcg@20 : 0.0673    ndcg@50 : 0.0915    
04 Nov 12:10    INFO  epoch 101 training [time: 23.40s, train loss: -6.5883]
04 Nov 12:11    INFO  epoch 101 evaluating [time: 14.88s, valid_score: 0.067300]
04 Nov 12:11    INFO  valid result: 
recall@10 : 0.0665    recall@20 : 0.1081    recall@50 : 0.1915    ndcg@10 : 0.0532    ndcg@20 : 0.0673    ndcg@50 : 0.0915    
04 Nov 12:11    INFO  epoch 102 training [time: 23.34s, train loss: -6.5882]
04 Nov 12:11    INFO  epoch 102 evaluating [time: 15.18s, valid_score: 0.067600]
04 Nov 12:11    INFO  valid result: 
recall@10 : 0.0668    recall@20 : 0.1086    recall@50 : 0.1918    ndcg@10 : 0.0535    ndcg@20 : 0.0676    ndcg@50 : 0.0918    
04 Nov 12:12    INFO  epoch 103 training [time: 23.38s, train loss: -6.5882]
04 Nov 12:12    INFO  epoch 103 evaluating [time: 14.75s, valid_score: 0.067500]
04 Nov 12:12    INFO  valid result: 
recall@10 : 0.0672    recall@20 : 0.1088    recall@50 : 0.1922    ndcg@10 : 0.0536    ndcg@20 : 0.0675    ndcg@50 : 0.0918    
04 Nov 12:12    INFO  epoch 104 training [time: 23.37s, train loss: -6.5883]
04 Nov 12:12    INFO  epoch 104 evaluating [time: 14.98s, valid_score: 0.067500]
04 Nov 12:12    INFO  valid result: 
recall@10 : 0.0669    recall@20 : 0.1088    recall@50 : 0.1912    ndcg@10 : 0.0535    ndcg@20 : 0.0675    ndcg@50 : 0.0915    
04 Nov 12:13    INFO  epoch 105 training [time: 23.37s, train loss: -6.5883]
04 Nov 12:13    INFO  epoch 105 evaluating [time: 14.68s, valid_score: 0.067600]
04 Nov 12:13    INFO  valid result: 
recall@10 : 0.0667    recall@20 : 0.1085    recall@50 : 0.1921    ndcg@10 : 0.0535    ndcg@20 : 0.0676    ndcg@50 : 0.0919    
04 Nov 12:13    INFO  epoch 106 training [time: 23.36s, train loss: -6.5883]
04 Nov 12:14    INFO  epoch 106 evaluating [time: 14.94s, valid_score: 0.067700]
04 Nov 12:14    INFO  valid result: 
recall@10 : 0.0674    recall@20 : 0.1089    recall@50 : 0.1914    ndcg@10 : 0.0537    ndcg@20 : 0.0677    ndcg@50 : 0.0917    
04 Nov 12:14    INFO  Saving current best: saved/DirectAU-Nov-04-2023_11-05-47.pth
04 Nov 12:14    INFO  epoch 107 training [time: 23.37s, train loss: -6.5883]
04 Nov 12:14    INFO  epoch 107 evaluating [time: 14.97s, valid_score: 0.067400]
04 Nov 12:14    INFO  valid result: 
recall@10 : 0.0675    recall@20 : 0.1083    recall@50 : 0.1921    ndcg@10 : 0.0537    ndcg@20 : 0.0674    ndcg@50 : 0.0918    
04 Nov 12:15    INFO  epoch 108 training [time: 23.37s, train loss: -6.5884]
04 Nov 12:15    INFO  epoch 108 evaluating [time: 14.67s, valid_score: 0.067300]
04 Nov 12:15    INFO  valid result: 
recall@10 : 0.0668    recall@20 : 0.1085    recall@50 : 0.192    ndcg@10 : 0.0532    ndcg@20 : 0.0673    ndcg@50 : 0.0915    
04 Nov 12:15    INFO  epoch 109 training [time: 23.38s, train loss: -6.5883]
04 Nov 12:16    INFO  epoch 109 evaluating [time: 15.03s, valid_score: 0.067600]
04 Nov 12:16    INFO  valid result: 
recall@10 : 0.0669    recall@20 : 0.109    recall@50 : 0.192    ndcg@10 : 0.0535    ndcg@20 : 0.0676    ndcg@50 : 0.0918    
04 Nov 12:16    INFO  epoch 110 training [time: 23.39s, train loss: -6.5884]
04 Nov 12:16    INFO  epoch 110 evaluating [time: 14.81s, valid_score: 0.067400]
04 Nov 12:16    INFO  valid result: 
recall@10 : 0.0674    recall@20 : 0.1088    recall@50 : 0.1917    ndcg@10 : 0.0534    ndcg@20 : 0.0674    ndcg@50 : 0.0915    
04 Nov 12:17    INFO  epoch 111 training [time: 23.33s, train loss: -6.5885]
04 Nov 12:17    INFO  epoch 111 evaluating [time: 14.90s, valid_score: 0.067700]
04 Nov 12:17    INFO  valid result: 
recall@10 : 0.067    recall@20 : 0.1088    recall@50 : 0.1915    ndcg@10 : 0.0535    ndcg@20 : 0.0677    ndcg@50 : 0.0917    
04 Nov 12:17    INFO  epoch 112 training [time: 23.51s, train loss: -6.5883]
04 Nov 12:18    INFO  epoch 112 evaluating [time: 14.72s, valid_score: 0.067600]
04 Nov 12:18    INFO  valid result: 
recall@10 : 0.0672    recall@20 : 0.1084    recall@50 : 0.1918    ndcg@10 : 0.0536    ndcg@20 : 0.0676    ndcg@50 : 0.0917    
04 Nov 12:18    INFO  epoch 113 training [time: 23.40s, train loss: -6.5884]
04 Nov 12:18    INFO  epoch 113 evaluating [time: 15.13s, valid_score: 0.067600]
04 Nov 12:18    INFO  valid result: 
recall@10 : 0.0673    recall@20 : 0.1087    recall@50 : 0.1925    ndcg@10 : 0.0537    ndcg@20 : 0.0676    ndcg@50 : 0.0919    
04 Nov 12:19    INFO  epoch 114 training [time: 23.37s, train loss: -6.5885]
04 Nov 12:19    INFO  epoch 114 evaluating [time: 15.03s, valid_score: 0.067400]
04 Nov 12:19    INFO  valid result: 
recall@10 : 0.0669    recall@20 : 0.1085    recall@50 : 0.1912    ndcg@10 : 0.0534    ndcg@20 : 0.0674    ndcg@50 : 0.0914    
04 Nov 12:19    INFO  epoch 115 training [time: 23.40s, train loss: -6.5884]
04 Nov 12:19    INFO  epoch 115 evaluating [time: 15.14s, valid_score: 0.067400]
04 Nov 12:19    INFO  valid result: 
recall@10 : 0.0669    recall@20 : 0.1085    recall@50 : 0.1917    ndcg@10 : 0.0534    ndcg@20 : 0.0674    ndcg@50 : 0.0916    
04 Nov 12:20    INFO  epoch 116 training [time: 23.41s, train loss: -6.5886]
04 Nov 12:20    INFO  epoch 116 evaluating [time: 14.86s, valid_score: 0.067600]
04 Nov 12:20    INFO  valid result: 
recall@10 : 0.0673    recall@20 : 0.1087    recall@50 : 0.1916    ndcg@10 : 0.0536    ndcg@20 : 0.0676    ndcg@50 : 0.0916    
04 Nov 12:20    INFO  epoch 117 training [time: 23.40s, train loss: -6.5884]
04 Nov 12:21    INFO  epoch 117 evaluating [time: 15.13s, valid_score: 0.067600]
04 Nov 12:21    INFO  valid result: 
recall@10 : 0.0671    recall@20 : 0.1086    recall@50 : 0.1919    ndcg@10 : 0.0535    ndcg@20 : 0.0676    ndcg@50 : 0.0917    
04 Nov 12:21    INFO  Finished training, best eval result in epoch 106
04 Nov 12:21    INFO  Loading model structure and parameters from saved/DirectAU-Nov-04-2023_11-05-47.pth
04 Nov 12:21    INFO  best valid : {'recall@10': 0.0674, 'recall@20': 0.1089, 'recall@50': 0.1914, 'ndcg@10': 0.0537, 'ndcg@20': 0.0677, 'ndcg@50': 0.0917}
04 Nov 12:21    INFO  test result: {'recall@10': 0.0682, 'recall@20': 0.1104, 'recall@50': 0.193, 'ndcg@10': 0.0552, 'ndcg@20': 0.0692, 'ndcg@50': 0.0931}
