command line args [--d 0 --alpha 0.7 --gamma 0.5 --std 10] will not be used in RecBole
23 Nov 20:07    INFO  
General Hyper Parameters:
gpu_id = 8
use_gpu = True
seed = 0
state = INFO
reproducibility = True
data_path = dataset/Yelp
show_progress = False

Training Hyper Parameters:
checkpoint_dir = saved
epochs = 500
train_batch_size = 1024
learner = adam
learning_rate = 0.001
training_neg_sample_num = 0
training_neg_sample_distribution = uniform
eval_step = 1
stopping_step = 10
clip_grad_norm = None
weight_decay = 1e-06
draw_loss_pic = False
loss_decimal_place = 4

Evaluation Hyper Parameters:
eval_setting = RO_RS,full
group_by_user = True
split_ratio = [0.8, 0.1, 0.1]
leave_one_num = 2
real_time_process = False
metrics = ['Recall', 'NDCG']
topk = [10, 20, 50]
valid_metric = NDCG@20
eval_batch_size = 4096
metric_decimal_place = 4

Dataset Hyper Parameters:
field_separator = 	
seq_separator =  
USER_ID_FIELD = user_id
ITEM_ID_FIELD = item_id
RATING_FIELD = rating
TIME_FIELD = timestamp
seq_len = None
LABEL_FIELD = label
threshold = None
NEG_PREFIX = neg_
load_col = {'inter': ['user_id', 'item_id', 'timestamp']}
unload_col = None
unused_col = None
additional_feat_suffix = None
lowest_val = None
highest_val = None
equal_val = None
not_equal_val = None
max_user_inter_num = None
min_user_inter_num = 5
max_item_inter_num = None
min_item_inter_num = 5
fields_in_same_space = None
preload_weight = None
normalize_field = None
normalize_all = None
ITEM_LIST_LENGTH_FIELD = item_length
LIST_SUFFIX = _list
MAX_ITEM_LIST_LENGTH = 50
POSITION_FIELD = position_id
HEAD_ENTITY_ID_FIELD = head_id
TAIL_ENTITY_ID_FIELD = tail_id
RELATION_ID_FIELD = relation_id
ENTITY_ID_FIELD = entity_id

Other Hyper Parameters: 
valid_metric_bigger = True
BT = 0.1
alpha = 0.7
alpha_i = None
alpha_u = None
d = 0.0
embedding_size = 64
encoder = MF
gamma = 0.5
std = 10.0
std_i = None
std_u = None
times = 1
rm_dup_inter = None
filter_inter_by_user_or_item = True
SOURCE_ID_FIELD = source_id
TARGET_ID_FIELD = target_id
benchmark_filename = None
MODEL_TYPE = ModelType.GENERAL
MODEL_INPUT_TYPE = InputType.POINTWISE
eval_type = EvaluatorType.RANKING
device = cuda
train_neg_sample_args = {'strategy': 'none'}


23 Nov 20:07    INFO  Yelp
The number of users: 31669
Average actions of users: 49.305481874447395
The number of items: 38049
Average actions of items: 41.037794365012616
The number of inters: 1561406
The sparsity of the dataset: 99.87041991912021%
Remain Fields: ['user_id', 'item_id']
23 Nov 20:07    INFO  Build [GeneralDataLoader] for [train] with format [InputType.POINTWISE]
23 Nov 20:07    INFO  [train] No Negative Sampling
23 Nov 20:07    INFO  [train] batch_size = [1024], shuffle = [True]

23 Nov 20:07    INFO  Build [GeneralFullDataLoader] for [evaluation] with format [InputType.POINTWISE]
23 Nov 20:07    INFO  Evaluation Setting:
	Group by user_id
	Ordering: {'strategy': 'shuffle'}
	Splitting: {'strategy': 'by_ratio', 'ratios': [0.8, 0.1, 0.1]}
	Negative Sampling: {'strategy': 'full', 'distribution': 'uniform'}
23 Nov 20:07    INFO  [evaluation] batch_size = [4096], shuffle = [False]

23 Nov 20:07    WARNING  Batch size is changed to 38049.
23 Nov 20:07    WARNING  Batch size is changed to 38049.
{'BT': 0.1, 'alpha': 0.7, 'alpha_i': None, 'alpha_u': None, 'd': 0.0, 'embedding_size': 64, 'encoder': 'MF', 'gamma': 0.5, 'std': 10.0, 'std_i': None, 'std_u': None, 'times': 1, 'training_neg_sample_num': 0}
this is encoder MF...
这是directau 的 RE 版本...gamma0.5, d0.0, alpha0.7, std10.0
23 Nov 20:07    INFO  RauCL(
  (encoder): MFEncoder(
    (user_embedding): Embedding(31669, 64)
    (item_embedding): Embedding(38049, 64)
  )
)
Trainable parameters: 4461952
23 Nov 20:07    INFO  epoch 0 training [time: 23.99s, train loss: -0.1508]
23 Nov 20:07    INFO  epoch 0 evaluating [time: 15.77s, valid_score: 0.023400]
23 Nov 20:07    INFO  valid result: 
recall@10 : 0.0222    recall@20 : 0.0385    recall@50 : 0.0785    ndcg@10 : 0.0177    ndcg@20 : 0.0234    ndcg@50 : 0.0353    
23 Nov 20:07    INFO  Saving current best: saved/RauCL-Nov-23-2023_20-07-19.pth
23 Nov 20:08    INFO  epoch 1 training [time: 24.08s, train loss: -0.5225]
23 Nov 20:08    INFO  epoch 1 evaluating [time: 15.90s, valid_score: 0.033900]
23 Nov 20:08    INFO  valid result: 
recall@10 : 0.0325    recall@20 : 0.0562    recall@50 : 0.1073    ndcg@10 : 0.0258    ndcg@20 : 0.0339    ndcg@50 : 0.049    
23 Nov 20:08    INFO  Saving current best: saved/RauCL-Nov-23-2023_20-07-19.pth
23 Nov 20:09    INFO  epoch 2 training [time: 24.22s, train loss: -0.5967]
23 Nov 20:09    INFO  epoch 2 evaluating [time: 15.78s, valid_score: 0.038400]
23 Nov 20:09    INFO  valid result: 
recall@10 : 0.0374    recall@20 : 0.0634    recall@50 : 0.1214    ndcg@10 : 0.0296    ndcg@20 : 0.0384    ndcg@50 : 0.0554    
23 Nov 20:09    INFO  Saving current best: saved/RauCL-Nov-23-2023_20-07-19.pth
23 Nov 20:09    INFO  epoch 3 training [time: 24.05s, train loss: -0.6343]
23 Nov 20:09    INFO  epoch 3 evaluating [time: 15.79s, valid_score: 0.042200]
23 Nov 20:09    INFO  valid result: 
recall@10 : 0.0416    recall@20 : 0.0692    recall@50 : 0.1296    ndcg@10 : 0.0328    ndcg@20 : 0.0422    ndcg@50 : 0.0599    
23 Nov 20:09    INFO  Saving current best: saved/RauCL-Nov-23-2023_20-07-19.pth
23 Nov 20:10    INFO  epoch 4 training [time: 24.24s, train loss: -0.6597]
23 Nov 20:10    INFO  epoch 4 evaluating [time: 15.64s, valid_score: 0.044400]
23 Nov 20:10    INFO  valid result: 
recall@10 : 0.0436    recall@20 : 0.0734    recall@50 : 0.1372    ndcg@10 : 0.0342    ndcg@20 : 0.0444    ndcg@50 : 0.063    
23 Nov 20:10    INFO  Saving current best: saved/RauCL-Nov-23-2023_20-07-19.pth
23 Nov 20:11    INFO  epoch 5 training [time: 24.15s, train loss: -0.6790]
23 Nov 20:11    INFO  epoch 5 evaluating [time: 15.77s, valid_score: 0.046800]
23 Nov 20:11    INFO  valid result: 
recall@10 : 0.0463    recall@20 : 0.0769    recall@50 : 0.1423    ndcg@10 : 0.0364    ndcg@20 : 0.0468    ndcg@50 : 0.0659    
23 Nov 20:11    INFO  Saving current best: saved/RauCL-Nov-23-2023_20-07-19.pth
23 Nov 20:11    INFO  epoch 6 training [time: 24.13s, train loss: -0.6947]
23 Nov 20:11    INFO  epoch 6 evaluating [time: 15.67s, valid_score: 0.048800]
23 Nov 20:11    INFO  valid result: 
recall@10 : 0.0489    recall@20 : 0.0804    recall@50 : 0.1464    ndcg@10 : 0.0381    ndcg@20 : 0.0488    ndcg@50 : 0.0679    
23 Nov 20:11    INFO  Saving current best: saved/RauCL-Nov-23-2023_20-07-19.pth
23 Nov 20:12    INFO  epoch 7 training [time: 24.16s, train loss: -0.7079]
23 Nov 20:12    INFO  epoch 7 evaluating [time: 15.64s, valid_score: 0.050400]
23 Nov 20:12    INFO  valid result: 
recall@10 : 0.0505    recall@20 : 0.0827    recall@50 : 0.1512    ndcg@10 : 0.0396    ndcg@20 : 0.0504    ndcg@50 : 0.0703    
23 Nov 20:12    INFO  Saving current best: saved/RauCL-Nov-23-2023_20-07-19.pth
23 Nov 20:13    INFO  epoch 8 training [time: 24.06s, train loss: -0.7193]
23 Nov 20:13    INFO  epoch 8 evaluating [time: 15.06s, valid_score: 0.051900]
23 Nov 20:13    INFO  valid result: 
recall@10 : 0.0521    recall@20 : 0.0852    recall@50 : 0.1551    ndcg@10 : 0.0407    ndcg@20 : 0.0519    ndcg@50 : 0.0721    
23 Nov 20:13    INFO  Saving current best: saved/RauCL-Nov-23-2023_20-07-19.pth
23 Nov 20:13    INFO  epoch 9 training [time: 24.15s, train loss: -0.7291]
23 Nov 20:13    INFO  epoch 9 evaluating [time: 15.65s, valid_score: 0.053900]
23 Nov 20:13    INFO  valid result: 
recall@10 : 0.0542    recall@20 : 0.0885    recall@50 : 0.1596    ndcg@10 : 0.0423    ndcg@20 : 0.0539    ndcg@50 : 0.0745    
23 Nov 20:13    INFO  Saving current best: saved/RauCL-Nov-23-2023_20-07-19.pth
23 Nov 20:14    INFO  epoch 10 training [time: 24.17s, train loss: -0.7376]
23 Nov 20:14    INFO  epoch 10 evaluating [time: 15.36s, valid_score: 0.055700]
23 Nov 20:14    INFO  valid result: 
recall@10 : 0.0548    recall@20 : 0.091    recall@50 : 0.1636    ndcg@10 : 0.0435    ndcg@20 : 0.0557    ndcg@50 : 0.0768    
23 Nov 20:14    INFO  Saving current best: saved/RauCL-Nov-23-2023_20-07-19.pth
23 Nov 20:15    INFO  epoch 11 training [time: 24.12s, train loss: -0.7450]
23 Nov 20:15    INFO  epoch 11 evaluating [time: 18.12s, valid_score: 0.056500]
23 Nov 20:15    INFO  valid result: 
recall@10 : 0.0565    recall@20 : 0.0926    recall@50 : 0.1656    ndcg@10 : 0.0443    ndcg@20 : 0.0565    ndcg@50 : 0.0777    
23 Nov 20:15    INFO  Saving current best: saved/RauCL-Nov-23-2023_20-07-19.pth
23 Nov 20:15    INFO  epoch 12 training [time: 24.09s, train loss: -0.7513]
23 Nov 20:16    INFO  epoch 12 evaluating [time: 15.37s, valid_score: 0.057400]
23 Nov 20:16    INFO  valid result: 
recall@10 : 0.0575    recall@20 : 0.0937    recall@50 : 0.169    ndcg@10 : 0.0452    ndcg@20 : 0.0574    ndcg@50 : 0.0793    
23 Nov 20:16    INFO  Saving current best: saved/RauCL-Nov-23-2023_20-07-19.pth
23 Nov 20:16    INFO  epoch 13 training [time: 24.29s, train loss: -0.7568]
23 Nov 20:16    INFO  epoch 13 evaluating [time: 15.82s, valid_score: 0.058200]
23 Nov 20:16    INFO  valid result: 
recall@10 : 0.0594    recall@20 : 0.0952    recall@50 : 0.1717    ndcg@10 : 0.0461    ndcg@20 : 0.0582    ndcg@50 : 0.0804    
23 Nov 20:16    INFO  Saving current best: saved/RauCL-Nov-23-2023_20-07-19.pth
23 Nov 20:17    INFO  epoch 14 training [time: 24.14s, train loss: -0.7614]
23 Nov 20:17    INFO  epoch 14 evaluating [time: 15.43s, valid_score: 0.059700]
23 Nov 20:17    INFO  valid result: 
recall@10 : 0.0596    recall@20 : 0.0975    recall@50 : 0.1736    ndcg@10 : 0.0468    ndcg@20 : 0.0597    ndcg@50 : 0.0818    
23 Nov 20:17    INFO  Saving current best: saved/RauCL-Nov-23-2023_20-07-19.pth
23 Nov 20:17    INFO  epoch 15 training [time: 24.10s, train loss: -0.7657]
23 Nov 20:18    INFO  epoch 15 evaluating [time: 15.71s, valid_score: 0.060300]
23 Nov 20:18    INFO  valid result: 
recall@10 : 0.0608    recall@20 : 0.0982    recall@50 : 0.1747    ndcg@10 : 0.0476    ndcg@20 : 0.0603    ndcg@50 : 0.0826    
23 Nov 20:18    INFO  Saving current best: saved/RauCL-Nov-23-2023_20-07-19.pth
23 Nov 20:18    INFO  epoch 16 training [time: 24.16s, train loss: -0.7693]
23 Nov 20:18    INFO  epoch 16 evaluating [time: 15.67s, valid_score: 0.061100]
23 Nov 20:18    INFO  valid result: 
recall@10 : 0.0618    recall@20 : 0.0997    recall@50 : 0.1774    ndcg@10 : 0.0483    ndcg@20 : 0.0611    ndcg@50 : 0.0836    
23 Nov 20:18    INFO  Saving current best: saved/RauCL-Nov-23-2023_20-07-19.pth
23 Nov 20:19    INFO  epoch 17 training [time: 24.11s, train loss: -0.7726]
23 Nov 20:19    INFO  epoch 17 evaluating [time: 15.40s, valid_score: 0.061400]
23 Nov 20:19    INFO  valid result: 
recall@10 : 0.0614    recall@20 : 0.0999    recall@50 : 0.1798    ndcg@10 : 0.0484    ndcg@20 : 0.0614    ndcg@50 : 0.0846    
23 Nov 20:19    INFO  Saving current best: saved/RauCL-Nov-23-2023_20-07-19.pth
23 Nov 20:19    INFO  epoch 18 training [time: 24.08s, train loss: -0.7754]
23 Nov 20:19    INFO  epoch 18 evaluating [time: 15.70s, valid_score: 0.062600]
23 Nov 20:19    INFO  valid result: 
recall@10 : 0.0624    recall@20 : 0.1013    recall@50 : 0.1809    ndcg@10 : 0.0495    ndcg@20 : 0.0626    ndcg@50 : 0.0858    
23 Nov 20:19    INFO  Saving current best: saved/RauCL-Nov-23-2023_20-07-19.pth
23 Nov 20:20    INFO  epoch 19 training [time: 24.11s, train loss: -0.7778]
23 Nov 20:20    INFO  epoch 19 evaluating [time: 15.11s, valid_score: 0.063000]
23 Nov 20:20    INFO  valid result: 
recall@10 : 0.0634    recall@20 : 0.102    recall@50 : 0.1827    ndcg@10 : 0.05    ndcg@20 : 0.063    ndcg@50 : 0.0864    
23 Nov 20:20    INFO  Saving current best: saved/RauCL-Nov-23-2023_20-07-19.pth
23 Nov 20:21    INFO  epoch 20 training [time: 24.15s, train loss: -0.7801]
23 Nov 20:21    INFO  epoch 20 evaluating [time: 15.78s, valid_score: 0.063300]
23 Nov 20:21    INFO  valid result: 
recall@10 : 0.0636    recall@20 : 0.1026    recall@50 : 0.1839    ndcg@10 : 0.0501    ndcg@20 : 0.0633    ndcg@50 : 0.0869    
23 Nov 20:21    INFO  Saving current best: saved/RauCL-Nov-23-2023_20-07-19.pth
23 Nov 20:21    INFO  epoch 21 training [time: 23.96s, train loss: -0.7820]
23 Nov 20:21    INFO  epoch 21 evaluating [time: 15.43s, valid_score: 0.064000]
23 Nov 20:21    INFO  valid result: 
recall@10 : 0.0639    recall@20 : 0.1037    recall@50 : 0.1849    ndcg@10 : 0.0506    ndcg@20 : 0.064    ndcg@50 : 0.0876    
23 Nov 20:21    INFO  Saving current best: saved/RauCL-Nov-23-2023_20-07-19.pth
23 Nov 20:22    INFO  epoch 22 training [time: 24.11s, train loss: -0.7838]
23 Nov 20:22    INFO  epoch 22 evaluating [time: 15.82s, valid_score: 0.064500]
23 Nov 20:22    INFO  valid result: 
recall@10 : 0.0648    recall@20 : 0.1042    recall@50 : 0.1857    ndcg@10 : 0.0512    ndcg@20 : 0.0645    ndcg@50 : 0.0882    
23 Nov 20:22    INFO  Saving current best: saved/RauCL-Nov-23-2023_20-07-19.pth
23 Nov 20:23    INFO  epoch 23 training [time: 24.07s, train loss: -0.7853]
23 Nov 20:23    INFO  epoch 23 evaluating [time: 15.52s, valid_score: 0.064700]
23 Nov 20:23    INFO  valid result: 
recall@10 : 0.0641    recall@20 : 0.1049    recall@50 : 0.1868    ndcg@10 : 0.051    ndcg@20 : 0.0647    ndcg@50 : 0.0886    
23 Nov 20:23    INFO  Saving current best: saved/RauCL-Nov-23-2023_20-07-19.pth
23 Nov 20:23    INFO  epoch 24 training [time: 24.14s, train loss: -0.7866]
23 Nov 20:23    INFO  epoch 24 evaluating [time: 15.67s, valid_score: 0.065100]
23 Nov 20:23    INFO  valid result: 
recall@10 : 0.0651    recall@20 : 0.1053    recall@50 : 0.1875    ndcg@10 : 0.0515    ndcg@20 : 0.0651    ndcg@50 : 0.089    
23 Nov 20:23    INFO  Saving current best: saved/RauCL-Nov-23-2023_20-07-19.pth
23 Nov 20:24    INFO  epoch 25 training [time: 24.06s, train loss: -0.7878]
23 Nov 20:24    INFO  epoch 25 evaluating [time: 15.51s, valid_score: 0.065300]
23 Nov 20:24    INFO  valid result: 
recall@10 : 0.0658    recall@20 : 0.1057    recall@50 : 0.1879    ndcg@10 : 0.0519    ndcg@20 : 0.0653    ndcg@50 : 0.0892    
23 Nov 20:24    INFO  Saving current best: saved/RauCL-Nov-23-2023_20-07-19.pth
23 Nov 20:25    INFO  epoch 26 training [time: 24.15s, train loss: -0.7888]
23 Nov 20:25    INFO  epoch 26 evaluating [time: 15.62s, valid_score: 0.065800]
23 Nov 20:25    INFO  valid result: 
recall@10 : 0.0652    recall@20 : 0.1066    recall@50 : 0.189    ndcg@10 : 0.0519    ndcg@20 : 0.0658    ndcg@50 : 0.0898    
23 Nov 20:25    INFO  Saving current best: saved/RauCL-Nov-23-2023_20-07-19.pth
23 Nov 20:25    INFO  epoch 27 training [time: 24.05s, train loss: -0.7896]
23 Nov 20:25    INFO  epoch 27 evaluating [time: 15.35s, valid_score: 0.065800]
23 Nov 20:25    INFO  valid result: 
recall@10 : 0.0654    recall@20 : 0.1062    recall@50 : 0.1894    ndcg@10 : 0.052    ndcg@20 : 0.0658    ndcg@50 : 0.09    
23 Nov 20:26    INFO  epoch 28 training [time: 24.19s, train loss: -0.7904]
23 Nov 20:26    INFO  epoch 28 evaluating [time: 15.91s, valid_score: 0.066200]
23 Nov 20:26    INFO  valid result: 
recall@10 : 0.0663    recall@20 : 0.1073    recall@50 : 0.1904    ndcg@10 : 0.0524    ndcg@20 : 0.0662    ndcg@50 : 0.0903    
23 Nov 20:26    INFO  Saving current best: saved/RauCL-Nov-23-2023_20-07-19.pth
23 Nov 20:27    INFO  epoch 29 training [time: 24.08s, train loss: -0.7912]
23 Nov 20:27    INFO  epoch 29 evaluating [time: 15.91s, valid_score: 0.066300]
23 Nov 20:27    INFO  valid result: 
recall@10 : 0.0667    recall@20 : 0.1071    recall@50 : 0.1907    ndcg@10 : 0.0527    ndcg@20 : 0.0663    ndcg@50 : 0.0906    
23 Nov 20:27    INFO  Saving current best: saved/RauCL-Nov-23-2023_20-07-19.pth
23 Nov 20:27    INFO  epoch 30 training [time: 24.21s, train loss: -0.7918]
23 Nov 20:27    INFO  epoch 30 evaluating [time: 17.56s, valid_score: 0.066400]
23 Nov 20:27    INFO  valid result: 
recall@10 : 0.0664    recall@20 : 0.1073    recall@50 : 0.191    ndcg@10 : 0.0526    ndcg@20 : 0.0664    ndcg@50 : 0.0907    
23 Nov 20:27    INFO  Saving current best: saved/RauCL-Nov-23-2023_20-07-19.pth
23 Nov 20:28    INFO  epoch 31 training [time: 24.37s, train loss: -0.7925]
23 Nov 20:28    INFO  epoch 31 evaluating [time: 18.04s, valid_score: 0.067000]
23 Nov 20:28    INFO  valid result: 
recall@10 : 0.0668    recall@20 : 0.1078    recall@50 : 0.1913    ndcg@10 : 0.0532    ndcg@20 : 0.067    ndcg@50 : 0.0912    
23 Nov 20:28    INFO  Saving current best: saved/RauCL-Nov-23-2023_20-07-19.pth
23 Nov 20:29    INFO  epoch 32 training [time: 23.80s, train loss: -0.7930]
23 Nov 20:29    INFO  epoch 32 evaluating [time: 15.49s, valid_score: 0.067100]
23 Nov 20:29    INFO  valid result: 
recall@10 : 0.0665    recall@20 : 0.108    recall@50 : 0.193    ndcg@10 : 0.0531    ndcg@20 : 0.0671    ndcg@50 : 0.0917    
23 Nov 20:29    INFO  Saving current best: saved/RauCL-Nov-23-2023_20-07-19.pth
23 Nov 20:29    INFO  epoch 33 training [time: 24.10s, train loss: -0.7935]
23 Nov 20:30    INFO  epoch 33 evaluating [time: 15.74s, valid_score: 0.067200]
23 Nov 20:30    INFO  valid result: 
recall@10 : 0.067    recall@20 : 0.108    recall@50 : 0.1915    ndcg@10 : 0.0534    ndcg@20 : 0.0672    ndcg@50 : 0.0915    
23 Nov 20:30    INFO  Saving current best: saved/RauCL-Nov-23-2023_20-07-19.pth
23 Nov 20:30    INFO  epoch 34 training [time: 24.07s, train loss: -0.7940]
23 Nov 20:30    INFO  epoch 34 evaluating [time: 15.54s, valid_score: 0.067200]
23 Nov 20:30    INFO  valid result: 
recall@10 : 0.0673    recall@20 : 0.1082    recall@50 : 0.1922    ndcg@10 : 0.0535    ndcg@20 : 0.0672    ndcg@50 : 0.0917    
23 Nov 20:31    INFO  epoch 35 training [time: 24.07s, train loss: -0.7945]
23 Nov 20:31    INFO  epoch 35 evaluating [time: 15.59s, valid_score: 0.067600]
23 Nov 20:31    INFO  valid result: 
recall@10 : 0.0669    recall@20 : 0.1088    recall@50 : 0.1929    ndcg@10 : 0.0535    ndcg@20 : 0.0676    ndcg@50 : 0.092    
23 Nov 20:31    INFO  Saving current best: saved/RauCL-Nov-23-2023_20-07-19.pth
23 Nov 20:31    INFO  epoch 36 training [time: 24.01s, train loss: -0.7949]
23 Nov 20:32    INFO  epoch 36 evaluating [time: 15.34s, valid_score: 0.067500]
23 Nov 20:32    INFO  valid result: 
recall@10 : 0.0675    recall@20 : 0.108    recall@50 : 0.192    ndcg@10 : 0.0538    ndcg@20 : 0.0675    ndcg@50 : 0.0919    
23 Nov 20:32    INFO  epoch 37 training [time: 24.12s, train loss: -0.7952]
23 Nov 20:32    INFO  epoch 37 evaluating [time: 18.26s, valid_score: 0.067700]
23 Nov 20:32    INFO  valid result: 
recall@10 : 0.0674    recall@20 : 0.109    recall@50 : 0.1933    ndcg@10 : 0.0537    ndcg@20 : 0.0677    ndcg@50 : 0.0922    
23 Nov 20:32    INFO  Saving current best: saved/RauCL-Nov-23-2023_20-07-19.pth
23 Nov 20:33    INFO  epoch 38 training [time: 24.08s, train loss: -0.7955]
23 Nov 20:33    INFO  epoch 38 evaluating [time: 15.45s, valid_score: 0.067900]
23 Nov 20:33    INFO  valid result: 
recall@10 : 0.0676    recall@20 : 0.1093    recall@50 : 0.1929    ndcg@10 : 0.0538    ndcg@20 : 0.0679    ndcg@50 : 0.0921    
23 Nov 20:33    INFO  Saving current best: saved/RauCL-Nov-23-2023_20-07-19.pth
23 Nov 20:33    INFO  epoch 39 training [time: 24.07s, train loss: -0.7957]
23 Nov 20:34    INFO  epoch 39 evaluating [time: 15.63s, valid_score: 0.068100]
23 Nov 20:34    INFO  valid result: 
recall@10 : 0.0676    recall@20 : 0.1092    recall@50 : 0.1939    ndcg@10 : 0.054    ndcg@20 : 0.0681    ndcg@50 : 0.0925    
23 Nov 20:34    INFO  Saving current best: saved/RauCL-Nov-23-2023_20-07-19.pth
23 Nov 20:34    INFO  epoch 40 training [time: 24.15s, train loss: -0.7960]
23 Nov 20:34    INFO  epoch 40 evaluating [time: 15.65s, valid_score: 0.068100]
23 Nov 20:34    INFO  valid result: 
recall@10 : 0.0679    recall@20 : 0.1095    recall@50 : 0.1936    ndcg@10 : 0.0541    ndcg@20 : 0.0681    ndcg@50 : 0.0925    
23 Nov 20:35    INFO  epoch 41 training [time: 24.16s, train loss: -0.7961]
23 Nov 20:35    INFO  epoch 41 evaluating [time: 16.45s, valid_score: 0.068000]
23 Nov 20:35    INFO  valid result: 
recall@10 : 0.0672    recall@20 : 0.1091    recall@50 : 0.1936    ndcg@10 : 0.0539    ndcg@20 : 0.068    ndcg@50 : 0.0926    
23 Nov 20:35    INFO  epoch 42 training [time: 24.21s, train loss: -0.7963]
23 Nov 20:36    INFO  epoch 42 evaluating [time: 17.85s, valid_score: 0.068100]
23 Nov 20:36    INFO  valid result: 
recall@10 : 0.0676    recall@20 : 0.1092    recall@50 : 0.1941    ndcg@10 : 0.0541    ndcg@20 : 0.0681    ndcg@50 : 0.0927    
23 Nov 20:36    INFO  epoch 43 training [time: 24.17s, train loss: -0.7964]
23 Nov 20:36    INFO  epoch 43 evaluating [time: 15.43s, valid_score: 0.068200]
23 Nov 20:36    INFO  valid result: 
recall@10 : 0.068    recall@20 : 0.1093    recall@50 : 0.1942    ndcg@10 : 0.0543    ndcg@20 : 0.0682    ndcg@50 : 0.0929    
23 Nov 20:36    INFO  Saving current best: saved/RauCL-Nov-23-2023_20-07-19.pth
23 Nov 20:37    INFO  epoch 44 training [time: 24.16s, train loss: -0.7965]
23 Nov 20:37    INFO  epoch 44 evaluating [time: 15.46s, valid_score: 0.068300]
23 Nov 20:37    INFO  valid result: 
recall@10 : 0.0673    recall@20 : 0.1095    recall@50 : 0.1943    ndcg@10 : 0.0541    ndcg@20 : 0.0683    ndcg@50 : 0.0929    
23 Nov 20:37    INFO  Saving current best: saved/RauCL-Nov-23-2023_20-07-19.pth
23 Nov 20:37    INFO  epoch 45 training [time: 24.11s, train loss: -0.7967]
23 Nov 20:38    INFO  epoch 45 evaluating [time: 15.36s, valid_score: 0.068400]
23 Nov 20:38    INFO  valid result: 
recall@10 : 0.0686    recall@20 : 0.1094    recall@50 : 0.1941    ndcg@10 : 0.0546    ndcg@20 : 0.0684    ndcg@50 : 0.093    
23 Nov 20:38    INFO  Saving current best: saved/RauCL-Nov-23-2023_20-07-19.pth
23 Nov 20:38    INFO  epoch 46 training [time: 24.15s, train loss: -0.7968]
23 Nov 20:38    INFO  epoch 46 evaluating [time: 15.69s, valid_score: 0.068300]
23 Nov 20:38    INFO  valid result: 
recall@10 : 0.0683    recall@20 : 0.1094    recall@50 : 0.1939    ndcg@10 : 0.0544    ndcg@20 : 0.0683    ndcg@50 : 0.0928    
23 Nov 20:39    INFO  epoch 47 training [time: 24.12s, train loss: -0.7968]
23 Nov 20:39    INFO  epoch 47 evaluating [time: 15.41s, valid_score: 0.068400]
23 Nov 20:39    INFO  valid result: 
recall@10 : 0.0684    recall@20 : 0.1093    recall@50 : 0.1944    ndcg@10 : 0.0546    ndcg@20 : 0.0684    ndcg@50 : 0.0931    
23 Nov 20:39    INFO  epoch 48 training [time: 24.17s, train loss: -0.7969]
23 Nov 20:40    INFO  epoch 48 evaluating [time: 15.69s, valid_score: 0.069000]
23 Nov 20:40    INFO  valid result: 
recall@10 : 0.0686    recall@20 : 0.1099    recall@50 : 0.1945    ndcg@10 : 0.0551    ndcg@20 : 0.069    ndcg@50 : 0.0936    
23 Nov 20:40    INFO  Saving current best: saved/RauCL-Nov-23-2023_20-07-19.pth
23 Nov 20:40    INFO  epoch 49 training [time: 24.10s, train loss: -0.7970]
23 Nov 20:40    INFO  epoch 49 evaluating [time: 15.47s, valid_score: 0.068900]
23 Nov 20:40    INFO  valid result: 
recall@10 : 0.0681    recall@20 : 0.1101    recall@50 : 0.1947    ndcg@10 : 0.0547    ndcg@20 : 0.0689    ndcg@50 : 0.0934    
23 Nov 20:41    INFO  epoch 50 training [time: 24.08s, train loss: -0.7970]
23 Nov 20:41    INFO  epoch 50 evaluating [time: 15.65s, valid_score: 0.068600]
23 Nov 20:41    INFO  valid result: 
recall@10 : 0.0688    recall@20 : 0.1096    recall@50 : 0.1948    ndcg@10 : 0.0549    ndcg@20 : 0.0686    ndcg@50 : 0.0933    
23 Nov 20:41    INFO  epoch 51 training [time: 24.10s, train loss: -0.7972]
23 Nov 20:42    INFO  epoch 51 evaluating [time: 15.48s, valid_score: 0.068700]
23 Nov 20:42    INFO  valid result: 
recall@10 : 0.0686    recall@20 : 0.1094    recall@50 : 0.1945    ndcg@10 : 0.055    ndcg@20 : 0.0687    ndcg@50 : 0.0935    
23 Nov 20:42    INFO  epoch 52 training [time: 24.09s, train loss: -0.7972]
23 Nov 20:42    INFO  epoch 52 evaluating [time: 15.79s, valid_score: 0.068600]
23 Nov 20:42    INFO  valid result: 
recall@10 : 0.0691    recall@20 : 0.1091    recall@50 : 0.1953    ndcg@10 : 0.0551    ndcg@20 : 0.0686    ndcg@50 : 0.0936    
23 Nov 20:43    INFO  epoch 53 training [time: 24.15s, train loss: -0.7972]
23 Nov 20:43    INFO  epoch 53 evaluating [time: 15.47s, valid_score: 0.068600]
23 Nov 20:43    INFO  valid result: 
recall@10 : 0.0689    recall@20 : 0.1092    recall@50 : 0.1952    ndcg@10 : 0.055    ndcg@20 : 0.0686    ndcg@50 : 0.0935    
23 Nov 20:43    INFO  epoch 54 training [time: 24.14s, train loss: -0.7974]
23 Nov 20:44    INFO  epoch 54 evaluating [time: 15.74s, valid_score: 0.068500]
23 Nov 20:44    INFO  valid result: 
recall@10 : 0.0687    recall@20 : 0.1096    recall@50 : 0.1949    ndcg@10 : 0.0546    ndcg@20 : 0.0685    ndcg@50 : 0.0932    
23 Nov 20:44    INFO  epoch 55 training [time: 24.15s, train loss: -0.7974]
23 Nov 20:44    INFO  epoch 55 evaluating [time: 15.78s, valid_score: 0.068600]
23 Nov 20:44    INFO  valid result: 
recall@10 : 0.0687    recall@20 : 0.1095    recall@50 : 0.1949    ndcg@10 : 0.0548    ndcg@20 : 0.0686    ndcg@50 : 0.0934    
23 Nov 20:45    INFO  epoch 56 training [time: 24.15s, train loss: -0.7974]
23 Nov 20:45    INFO  epoch 56 evaluating [time: 15.22s, valid_score: 0.068700]
23 Nov 20:45    INFO  valid result: 
recall@10 : 0.0685    recall@20 : 0.1092    recall@50 : 0.1948    ndcg@10 : 0.055    ndcg@20 : 0.0687    ndcg@50 : 0.0936    
23 Nov 20:45    INFO  epoch 57 training [time: 24.05s, train loss: -0.7974]
23 Nov 20:46    INFO  epoch 57 evaluating [time: 15.67s, valid_score: 0.068700]
23 Nov 20:46    INFO  valid result: 
recall@10 : 0.0692    recall@20 : 0.1094    recall@50 : 0.1951    ndcg@10 : 0.0551    ndcg@20 : 0.0687    ndcg@50 : 0.0936    
23 Nov 20:46    INFO  epoch 58 training [time: 23.99s, train loss: -0.7975]
23 Nov 20:46    INFO  epoch 58 evaluating [time: 15.42s, valid_score: 0.068800]
23 Nov 20:46    INFO  valid result: 
recall@10 : 0.0686    recall@20 : 0.1097    recall@50 : 0.1954    ndcg@10 : 0.0549    ndcg@20 : 0.0688    ndcg@50 : 0.0936    
23 Nov 20:47    INFO  epoch 59 training [time: 24.11s, train loss: -0.7975]
23 Nov 20:47    INFO  epoch 59 evaluating [time: 15.66s, valid_score: 0.068800]
23 Nov 20:47    INFO  valid result: 
recall@10 : 0.0688    recall@20 : 0.1093    recall@50 : 0.1953    ndcg@10 : 0.0551    ndcg@20 : 0.0688    ndcg@50 : 0.0937    
23 Nov 20:47    INFO  Finished training, best eval result in epoch 48
23 Nov 20:47    INFO  Loading model structure and parameters from saved/RauCL-Nov-23-2023_20-07-19.pth
23 Nov 20:47    INFO  best valid : {'recall@10': 0.0686, 'recall@20': 0.1099, 'recall@50': 0.1945, 'ndcg@10': 0.0551, 'ndcg@20': 0.069, 'ndcg@50': 0.0936}
23 Nov 20:47    INFO  test result: {'recall@10': 0.0692, 'recall@20': 0.1117, 'recall@50': 0.1961, 'ndcg@10': 0.0558, 'ndcg@20': 0.07, 'ndcg@50': 0.0944}
