command line args [--d 0.7 --alpha 0.9 --gamma 0.5 --std 0.1] will not be used in RecBole
29 Nov 09:58    INFO  
General Hyper Parameters:
gpu_id = 8
use_gpu = True
seed = 0
state = INFO
reproducibility = True
data_path = dataset/Beauty
show_progress = False

Training Hyper Parameters:
checkpoint_dir = saved
epochs = 500
train_batch_size = 256
learner = adam
learning_rate = 0.001
training_neg_sample_num = 0
training_neg_sample_distribution = uniform
eval_step = 1
stopping_step = 10
clip_grad_norm = None
weight_decay = 1e-06
draw_loss_pic = False
loss_decimal_place = 4

Evaluation Hyper Parameters:
eval_setting = RO_RS,full
group_by_user = True
split_ratio = [0.8, 0.1, 0.1]
leave_one_num = 2
real_time_process = False
metrics = ['Recall', 'NDCG']
topk = [10, 20, 50]
valid_metric = NDCG@20
eval_batch_size = 4096
metric_decimal_place = 4

Dataset Hyper Parameters:
field_separator = 	
seq_separator =  
USER_ID_FIELD = user_id
ITEM_ID_FIELD = item_id
RATING_FIELD = rating
TIME_FIELD = timestamp
seq_len = None
LABEL_FIELD = label
threshold = None
NEG_PREFIX = neg_
load_col = {'inter': ['user_id', 'item_id', 'timestamp']}
unload_col = None
unused_col = None
additional_feat_suffix = None
lowest_val = None
highest_val = None
equal_val = None
not_equal_val = None
max_user_inter_num = None
min_user_inter_num = 5
max_item_inter_num = None
min_item_inter_num = 5
fields_in_same_space = None
preload_weight = None
normalize_field = None
normalize_all = None
ITEM_LIST_LENGTH_FIELD = item_length
LIST_SUFFIX = _list
MAX_ITEM_LIST_LENGTH = 50
POSITION_FIELD = position_id
HEAD_ENTITY_ID_FIELD = head_id
TAIL_ENTITY_ID_FIELD = tail_id
RELATION_ID_FIELD = relation_id
ENTITY_ID_FIELD = entity_id

Other Hyper Parameters: 
valid_metric_bigger = True
BT = 0.1
alpha = 0.9
alpha_i = None
alpha_u = None
d = 0.7
embedding_size = 64
encoder = MF
gamma = 0.5
std = 0.1
std_i = None
std_u = None
times = 1
rm_dup_inter = None
filter_inter_by_user_or_item = True
SOURCE_ID_FIELD = source_id
TARGET_ID_FIELD = target_id
benchmark_filename = None
MODEL_TYPE = ModelType.GENERAL
MODEL_INPUT_TYPE = InputType.POINTWISE
eval_type = EvaluatorType.RANKING
device = cuda
train_neg_sample_args = {'strategy': 'none'}


29 Nov 09:58    INFO  Beauty
The number of users: 22364
Average actions of users: 8.876358270357287
The number of items: 12102
Average actions of items: 16.403768283612923
The number of inters: 198502
The sparsity of the dataset: 99.92665707018277%
Remain Fields: ['user_id', 'item_id', 'timestamp']
29 Nov 09:58    INFO  Build [GeneralDataLoader] for [train] with format [InputType.POINTWISE]
29 Nov 09:58    INFO  [train] No Negative Sampling
29 Nov 09:58    INFO  [train] batch_size = [256], shuffle = [True]

29 Nov 09:58    INFO  Build [GeneralFullDataLoader] for [evaluation] with format [InputType.POINTWISE]
29 Nov 09:58    INFO  Evaluation Setting:
	Group by user_id
	Ordering: {'strategy': 'shuffle'}
	Splitting: {'strategy': 'by_ratio', 'ratios': [0.8, 0.1, 0.1]}
	Negative Sampling: {'strategy': 'full', 'distribution': 'uniform'}
29 Nov 09:58    INFO  [evaluation] batch_size = [4096], shuffle = [False]

29 Nov 09:58    WARNING  Batch size is changed to 12102.
29 Nov 09:58    WARNING  Batch size is changed to 12102.
{'BT': 0.1, 'alpha': 0.9, 'alpha_i': None, 'alpha_u': None, 'd': 0.7, 'embedding_size': 64, 'encoder': 'MF', 'gamma': 0.5, 'std': 0.1, 'std_i': None, 'std_u': None, 'times': 1, 'training_neg_sample_num': 0}
this is encoder MF...
这是directau 的 RE 版本...gamma0.5, d0.7, alpha0.9, std0.1
29 Nov 09:58    INFO  RauCL(
  (encoder): MFEncoder(
    (user_embedding): Embedding(22364, 64)
    (item_embedding): Embedding(12102, 64)
  )
)
Trainable parameters: 2205824
29 Nov 09:58    INFO  epoch 0 training [time: 2.36s, train loss: 0.0622]
29 Nov 09:59    INFO  epoch 0 evaluating [time: 9.68s, valid_score: 0.012500]
29 Nov 09:59    INFO  valid result: 
recall@10 : 0.0178    recall@20 : 0.0287    recall@50 : 0.0466    ndcg@10 : 0.0095    ndcg@20 : 0.0125    ndcg@50 : 0.0164    
29 Nov 09:59    INFO  Saving current best: saved/RauCL-Nov-29-2023_09-58-51.pth
29 Nov 09:59    INFO  epoch 1 training [time: 2.39s, train loss: -0.4387]
29 Nov 09:59    INFO  epoch 1 evaluating [time: 9.86s, valid_score: 0.018200]
29 Nov 09:59    INFO  valid result: 
recall@10 : 0.0263    recall@20 : 0.0401    recall@50 : 0.0667    ndcg@10 : 0.0144    ndcg@20 : 0.0182    ndcg@50 : 0.0238    
29 Nov 09:59    INFO  Saving current best: saved/RauCL-Nov-29-2023_09-58-51.pth
29 Nov 09:59    INFO  epoch 2 training [time: 2.49s, train loss: -0.5783]
29 Nov 09:59    INFO  epoch 2 evaluating [time: 9.60s, valid_score: 0.022400]
29 Nov 09:59    INFO  valid result: 
recall@10 : 0.032    recall@20 : 0.0494    recall@50 : 0.0785    ndcg@10 : 0.0177    ndcg@20 : 0.0224    ndcg@50 : 0.0285    
29 Nov 09:59    INFO  Saving current best: saved/RauCL-Nov-29-2023_09-58-51.pth
29 Nov 09:59    INFO  epoch 3 training [time: 2.49s, train loss: -0.6481]
29 Nov 09:59    INFO  epoch 3 evaluating [time: 9.62s, valid_score: 0.024300]
29 Nov 09:59    INFO  valid result: 
recall@10 : 0.0351    recall@20 : 0.0537    recall@50 : 0.086    ndcg@10 : 0.0193    ndcg@20 : 0.0243    ndcg@50 : 0.0311    
29 Nov 09:59    INFO  Saving current best: saved/RauCL-Nov-29-2023_09-58-51.pth
29 Nov 09:59    INFO  epoch 4 training [time: 2.39s, train loss: -0.6938]
29 Nov 09:59    INFO  epoch 4 evaluating [time: 9.83s, valid_score: 0.026400]
29 Nov 09:59    INFO  valid result: 
recall@10 : 0.0384    recall@20 : 0.0576    recall@50 : 0.0934    ndcg@10 : 0.0213    ndcg@20 : 0.0264    ndcg@50 : 0.0339    
29 Nov 09:59    INFO  Saving current best: saved/RauCL-Nov-29-2023_09-58-51.pth
29 Nov 09:59    INFO  epoch 5 training [time: 2.61s, train loss: -0.7274]
29 Nov 10:00    INFO  epoch 5 evaluating [time: 12.00s, valid_score: 0.027800]
29 Nov 10:00    INFO  valid result: 
recall@10 : 0.0412    recall@20 : 0.0617    recall@50 : 0.0995    ndcg@10 : 0.0223    ndcg@20 : 0.0278    ndcg@50 : 0.0357    
29 Nov 10:00    INFO  Saving current best: saved/RauCL-Nov-29-2023_09-58-51.pth
29 Nov 10:00    INFO  epoch 6 training [time: 2.54s, train loss: -0.7550]
29 Nov 10:00    INFO  epoch 6 evaluating [time: 9.80s, valid_score: 0.029400]
29 Nov 10:00    INFO  valid result: 
recall@10 : 0.0422    recall@20 : 0.0656    recall@50 : 0.1051    ndcg@10 : 0.0232    ndcg@20 : 0.0294    ndcg@50 : 0.0376    
29 Nov 10:00    INFO  Saving current best: saved/RauCL-Nov-29-2023_09-58-51.pth
29 Nov 10:00    INFO  epoch 7 training [time: 2.49s, train loss: -0.7770]
29 Nov 10:00    INFO  epoch 7 evaluating [time: 9.93s, valid_score: 0.031300]
29 Nov 10:00    INFO  valid result: 
recall@10 : 0.0455    recall@20 : 0.0688    recall@50 : 0.1091    ndcg@10 : 0.0251    ndcg@20 : 0.0313    ndcg@50 : 0.0397    
29 Nov 10:00    INFO  Saving current best: saved/RauCL-Nov-29-2023_09-58-51.pth
29 Nov 10:00    INFO  epoch 8 training [time: 2.51s, train loss: -0.7967]
29 Nov 10:00    INFO  epoch 8 evaluating [time: 9.68s, valid_score: 0.032700]
29 Nov 10:00    INFO  valid result: 
recall@10 : 0.0478    recall@20 : 0.0717    recall@50 : 0.1127    ndcg@10 : 0.0264    ndcg@20 : 0.0327    ndcg@50 : 0.0412    
29 Nov 10:00    INFO  Saving current best: saved/RauCL-Nov-29-2023_09-58-51.pth
29 Nov 10:00    INFO  epoch 9 training [time: 2.39s, train loss: -0.8139]
29 Nov 10:00    INFO  epoch 9 evaluating [time: 9.93s, valid_score: 0.033700]
29 Nov 10:00    INFO  valid result: 
recall@10 : 0.0497    recall@20 : 0.0727    recall@50 : 0.1148    ndcg@10 : 0.0276    ndcg@20 : 0.0337    ndcg@50 : 0.0424    
29 Nov 10:00    INFO  Saving current best: saved/RauCL-Nov-29-2023_09-58-51.pth
29 Nov 10:00    INFO  epoch 10 training [time: 2.53s, train loss: -0.8297]
29 Nov 10:01    INFO  epoch 10 evaluating [time: 9.61s, valid_score: 0.034500]
29 Nov 10:01    INFO  valid result: 
recall@10 : 0.0501    recall@20 : 0.0746    recall@50 : 0.1175    ndcg@10 : 0.028    ndcg@20 : 0.0345    ndcg@50 : 0.0434    
29 Nov 10:01    INFO  Saving current best: saved/RauCL-Nov-29-2023_09-58-51.pth
29 Nov 10:01    INFO  epoch 11 training [time: 1.94s, train loss: -0.8438]
29 Nov 10:01    INFO  epoch 11 evaluating [time: 9.53s, valid_score: 0.036000]
29 Nov 10:01    INFO  valid result: 
recall@10 : 0.0524    recall@20 : 0.0774    recall@50 : 0.1218    ndcg@10 : 0.0294    ndcg@20 : 0.036    ndcg@50 : 0.0452    
29 Nov 10:01    INFO  Saving current best: saved/RauCL-Nov-29-2023_09-58-51.pth
29 Nov 10:01    INFO  epoch 12 training [time: 2.60s, train loss: -0.8574]
29 Nov 10:01    INFO  epoch 12 evaluating [time: 9.84s, valid_score: 0.037200]
29 Nov 10:01    INFO  valid result: 
recall@10 : 0.0537    recall@20 : 0.0804    recall@50 : 0.1247    ndcg@10 : 0.0301    ndcg@20 : 0.0372    ndcg@50 : 0.0463    
29 Nov 10:01    INFO  Saving current best: saved/RauCL-Nov-29-2023_09-58-51.pth
29 Nov 10:01    INFO  epoch 13 training [time: 2.50s, train loss: -0.8697]
29 Nov 10:01    INFO  epoch 13 evaluating [time: 9.71s, valid_score: 0.037700]
29 Nov 10:01    INFO  valid result: 
recall@10 : 0.0548    recall@20 : 0.0806    recall@50 : 0.128    ndcg@10 : 0.0308    ndcg@20 : 0.0377    ndcg@50 : 0.0475    
29 Nov 10:01    INFO  Saving current best: saved/RauCL-Nov-29-2023_09-58-51.pth
29 Nov 10:01    INFO  epoch 14 training [time: 2.44s, train loss: -0.8819]
29 Nov 10:01    INFO  epoch 14 evaluating [time: 9.68s, valid_score: 0.038300]
29 Nov 10:01    INFO  valid result: 
recall@10 : 0.0552    recall@20 : 0.0822    recall@50 : 0.131    ndcg@10 : 0.0311    ndcg@20 : 0.0383    ndcg@50 : 0.0484    
29 Nov 10:01    INFO  Saving current best: saved/RauCL-Nov-29-2023_09-58-51.pth
29 Nov 10:01    INFO  epoch 15 training [time: 2.47s, train loss: -0.8929]
29 Nov 10:02    INFO  epoch 15 evaluating [time: 10.03s, valid_score: 0.039600]
29 Nov 10:02    INFO  valid result: 
recall@10 : 0.0569    recall@20 : 0.085    recall@50 : 0.1321    ndcg@10 : 0.0321    ndcg@20 : 0.0396    ndcg@50 : 0.0493    
29 Nov 10:02    INFO  Saving current best: saved/RauCL-Nov-29-2023_09-58-51.pth
29 Nov 10:02    INFO  epoch 16 training [time: 2.45s, train loss: -0.9036]
29 Nov 10:02    INFO  epoch 16 evaluating [time: 11.72s, valid_score: 0.040700]
29 Nov 10:02    INFO  valid result: 
recall@10 : 0.0591    recall@20 : 0.0864    recall@50 : 0.1352    ndcg@10 : 0.0335    ndcg@20 : 0.0407    ndcg@50 : 0.0508    
29 Nov 10:02    INFO  Saving current best: saved/RauCL-Nov-29-2023_09-58-51.pth
29 Nov 10:02    INFO  epoch 17 training [time: 2.68s, train loss: -0.9139]
29 Nov 10:02    INFO  epoch 17 evaluating [time: 12.06s, valid_score: 0.040700]
29 Nov 10:02    INFO  valid result: 
recall@10 : 0.0601    recall@20 : 0.0881    recall@50 : 0.1371    ndcg@10 : 0.0333    ndcg@20 : 0.0407    ndcg@50 : 0.0508    
29 Nov 10:02    INFO  epoch 18 training [time: 2.66s, train loss: -0.9233]
29 Nov 10:02    INFO  epoch 18 evaluating [time: 9.83s, valid_score: 0.041800]
29 Nov 10:02    INFO  valid result: 
recall@10 : 0.062    recall@20 : 0.0895    recall@50 : 0.1403    ndcg@10 : 0.0346    ndcg@20 : 0.0418    ndcg@50 : 0.0523    
29 Nov 10:02    INFO  Saving current best: saved/RauCL-Nov-29-2023_09-58-51.pth
29 Nov 10:02    INFO  epoch 19 training [time: 2.43s, train loss: -0.9328]
29 Nov 10:03    INFO  epoch 19 evaluating [time: 11.90s, valid_score: 0.043500]
29 Nov 10:03    INFO  valid result: 
recall@10 : 0.0628    recall@20 : 0.0928    recall@50 : 0.1419    ndcg@10 : 0.0356    ndcg@20 : 0.0435    ndcg@50 : 0.0537    
29 Nov 10:03    INFO  Saving current best: saved/RauCL-Nov-29-2023_09-58-51.pth
29 Nov 10:03    INFO  epoch 20 training [time: 2.58s, train loss: -0.9415]
29 Nov 10:03    INFO  epoch 20 evaluating [time: 10.02s, valid_score: 0.043900]
29 Nov 10:03    INFO  valid result: 
recall@10 : 0.0634    recall@20 : 0.0926    recall@50 : 0.1437    ndcg@10 : 0.0363    ndcg@20 : 0.0439    ndcg@50 : 0.0545    
29 Nov 10:03    INFO  Saving current best: saved/RauCL-Nov-29-2023_09-58-51.pth
29 Nov 10:03    INFO  epoch 21 training [time: 2.38s, train loss: -0.9496]
29 Nov 10:03    INFO  epoch 21 evaluating [time: 9.74s, valid_score: 0.044600]
29 Nov 10:03    INFO  valid result: 
recall@10 : 0.0647    recall@20 : 0.0944    recall@50 : 0.1456    ndcg@10 : 0.0368    ndcg@20 : 0.0446    ndcg@50 : 0.0552    
29 Nov 10:03    INFO  Saving current best: saved/RauCL-Nov-29-2023_09-58-51.pth
29 Nov 10:03    INFO  epoch 22 training [time: 2.52s, train loss: -0.9580]
29 Nov 10:03    INFO  epoch 22 evaluating [time: 9.72s, valid_score: 0.044900]
29 Nov 10:03    INFO  valid result: 
recall@10 : 0.0652    recall@20 : 0.0956    recall@50 : 0.1484    ndcg@10 : 0.0369    ndcg@20 : 0.0449    ndcg@50 : 0.0558    
29 Nov 10:03    INFO  Saving current best: saved/RauCL-Nov-29-2023_09-58-51.pth
29 Nov 10:03    INFO  epoch 23 training [time: 2.47s, train loss: -0.9655]
29 Nov 10:03    INFO  epoch 23 evaluating [time: 9.70s, valid_score: 0.045700]
29 Nov 10:03    INFO  valid result: 
recall@10 : 0.0661    recall@20 : 0.0966    recall@50 : 0.1499    ndcg@10 : 0.0376    ndcg@20 : 0.0457    ndcg@50 : 0.0567    
29 Nov 10:03    INFO  Saving current best: saved/RauCL-Nov-29-2023_09-58-51.pth
29 Nov 10:03    INFO  epoch 24 training [time: 2.34s, train loss: -0.9728]
29 Nov 10:04    INFO  epoch 24 evaluating [time: 9.89s, valid_score: 0.046400]
29 Nov 10:04    INFO  valid result: 
recall@10 : 0.068    recall@20 : 0.0984    recall@50 : 0.151    ndcg@10 : 0.0384    ndcg@20 : 0.0464    ndcg@50 : 0.0572    
29 Nov 10:04    INFO  Saving current best: saved/RauCL-Nov-29-2023_09-58-51.pth
29 Nov 10:04    INFO  epoch 25 training [time: 2.10s, train loss: -0.9796]
29 Nov 10:04    INFO  epoch 25 evaluating [time: 9.72s, valid_score: 0.047200]
29 Nov 10:04    INFO  valid result: 
recall@10 : 0.0681    recall@20 : 0.0996    recall@50 : 0.1526    ndcg@10 : 0.039    ndcg@20 : 0.0472    ndcg@50 : 0.0582    
29 Nov 10:04    INFO  Saving current best: saved/RauCL-Nov-29-2023_09-58-51.pth
29 Nov 10:04    INFO  epoch 26 training [time: 2.52s, train loss: -0.9861]
29 Nov 10:04    INFO  epoch 26 evaluating [time: 10.00s, valid_score: 0.047400]
29 Nov 10:04    INFO  valid result: 
recall@10 : 0.0699    recall@20 : 0.1004    recall@50 : 0.1541    ndcg@10 : 0.0394    ndcg@20 : 0.0474    ndcg@50 : 0.0585    
29 Nov 10:04    INFO  Saving current best: saved/RauCL-Nov-29-2023_09-58-51.pth
29 Nov 10:04    INFO  epoch 27 training [time: 2.51s, train loss: -0.9924]
29 Nov 10:04    INFO  epoch 27 evaluating [time: 9.67s, valid_score: 0.048000]
29 Nov 10:04    INFO  valid result: 
recall@10 : 0.0705    recall@20 : 0.102    recall@50 : 0.1562    ndcg@10 : 0.0397    ndcg@20 : 0.048    ndcg@50 : 0.0592    
29 Nov 10:04    INFO  Saving current best: saved/RauCL-Nov-29-2023_09-58-51.pth
29 Nov 10:04    INFO  epoch 28 training [time: 2.41s, train loss: -0.9991]
29 Nov 10:04    INFO  epoch 28 evaluating [time: 9.83s, valid_score: 0.048300]
29 Nov 10:04    INFO  valid result: 
recall@10 : 0.0706    recall@20 : 0.1035    recall@50 : 0.1577    ndcg@10 : 0.0397    ndcg@20 : 0.0483    ndcg@50 : 0.0594    
29 Nov 10:04    INFO  Saving current best: saved/RauCL-Nov-29-2023_09-58-51.pth
29 Nov 10:04    INFO  epoch 29 training [time: 2.51s, train loss: -1.0052]
29 Nov 10:05    INFO  epoch 29 evaluating [time: 10.19s, valid_score: 0.048900]
29 Nov 10:05    INFO  valid result: 
recall@10 : 0.073    recall@20 : 0.1044    recall@50 : 0.1605    ndcg@10 : 0.0407    ndcg@20 : 0.0489    ndcg@50 : 0.0604    
29 Nov 10:05    INFO  Saving current best: saved/RauCL-Nov-29-2023_09-58-51.pth
29 Nov 10:05    INFO  epoch 30 training [time: 2.32s, train loss: -1.0109]
29 Nov 10:05    INFO  epoch 30 evaluating [time: 9.87s, valid_score: 0.049600]
29 Nov 10:05    INFO  valid result: 
recall@10 : 0.0732    recall@20 : 0.105    recall@50 : 0.1609    ndcg@10 : 0.0412    ndcg@20 : 0.0496    ndcg@50 : 0.0611    
29 Nov 10:05    INFO  Saving current best: saved/RauCL-Nov-29-2023_09-58-51.pth
29 Nov 10:05    INFO  epoch 31 training [time: 2.50s, train loss: -1.0156]
29 Nov 10:05    INFO  epoch 31 evaluating [time: 9.83s, valid_score: 0.050000]
29 Nov 10:05    INFO  valid result: 
recall@10 : 0.0739    recall@20 : 0.1055    recall@50 : 0.1623    ndcg@10 : 0.0417    ndcg@20 : 0.05    ndcg@50 : 0.0617    
29 Nov 10:05    INFO  Saving current best: saved/RauCL-Nov-29-2023_09-58-51.pth
29 Nov 10:05    INFO  epoch 32 training [time: 2.50s, train loss: -1.0211]
29 Nov 10:05    INFO  epoch 32 evaluating [time: 9.84s, valid_score: 0.050200]
29 Nov 10:05    INFO  valid result: 
recall@10 : 0.0749    recall@20 : 0.1064    recall@50 : 0.1635    ndcg@10 : 0.042    ndcg@20 : 0.0502    ndcg@50 : 0.062    
29 Nov 10:05    INFO  Saving current best: saved/RauCL-Nov-29-2023_09-58-51.pth
29 Nov 10:05    INFO  epoch 33 training [time: 2.20s, train loss: -1.0262]
29 Nov 10:05    INFO  epoch 33 evaluating [time: 11.69s, valid_score: 0.050800]
29 Nov 10:05    INFO  valid result: 
recall@10 : 0.0764    recall@20 : 0.1074    recall@50 : 0.1648    ndcg@10 : 0.0426    ndcg@20 : 0.0508    ndcg@50 : 0.0626    
29 Nov 10:05    INFO  Saving current best: saved/RauCL-Nov-29-2023_09-58-51.pth
29 Nov 10:06    INFO  epoch 34 training [time: 2.67s, train loss: -1.0314]
29 Nov 10:06    INFO  epoch 34 evaluating [time: 12.16s, valid_score: 0.051500]
29 Nov 10:06    INFO  valid result: 
recall@10 : 0.0768    recall@20 : 0.1087    recall@50 : 0.1668    ndcg@10 : 0.0431    ndcg@20 : 0.0515    ndcg@50 : 0.0634    
29 Nov 10:06    INFO  Saving current best: saved/RauCL-Nov-29-2023_09-58-51.pth
29 Nov 10:06    INFO  epoch 35 training [time: 2.77s, train loss: -1.0356]
29 Nov 10:06    INFO  epoch 35 evaluating [time: 11.99s, valid_score: 0.051500]
29 Nov 10:06    INFO  valid result: 
recall@10 : 0.076    recall@20 : 0.1094    recall@50 : 0.1687    ndcg@10 : 0.0427    ndcg@20 : 0.0515    ndcg@50 : 0.0637    
29 Nov 10:06    INFO  epoch 36 training [time: 2.73s, train loss: -1.0398]
29 Nov 10:06    INFO  epoch 36 evaluating [time: 11.99s, valid_score: 0.052000]
29 Nov 10:06    INFO  valid result: 
recall@10 : 0.0777    recall@20 : 0.1107    recall@50 : 0.1693    ndcg@10 : 0.0434    ndcg@20 : 0.052    ndcg@50 : 0.0641    
29 Nov 10:06    INFO  Saving current best: saved/RauCL-Nov-29-2023_09-58-51.pth
29 Nov 10:06    INFO  epoch 37 training [time: 2.37s, train loss: -1.0444]
29 Nov 10:06    INFO  epoch 37 evaluating [time: 9.61s, valid_score: 0.052300]
29 Nov 10:06    INFO  valid result: 
recall@10 : 0.0782    recall@20 : 0.1119    recall@50 : 0.1712    ndcg@10 : 0.0434    ndcg@20 : 0.0523    ndcg@50 : 0.0645    
29 Nov 10:06    INFO  Saving current best: saved/RauCL-Nov-29-2023_09-58-51.pth
29 Nov 10:06    INFO  epoch 38 training [time: 2.53s, train loss: -1.0493]
29 Nov 10:07    INFO  epoch 38 evaluating [time: 9.83s, valid_score: 0.053200]
29 Nov 10:07    INFO  valid result: 
recall@10 : 0.0797    recall@20 : 0.1129    recall@50 : 0.1714    ndcg@10 : 0.0445    ndcg@20 : 0.0532    ndcg@50 : 0.0652    
29 Nov 10:07    INFO  Saving current best: saved/RauCL-Nov-29-2023_09-58-51.pth
29 Nov 10:07    INFO  epoch 39 training [time: 2.51s, train loss: -1.0522]
29 Nov 10:07    INFO  epoch 39 evaluating [time: 9.74s, valid_score: 0.054000]
29 Nov 10:07    INFO  valid result: 
recall@10 : 0.0796    recall@20 : 0.1143    recall@50 : 0.1734    ndcg@10 : 0.0449    ndcg@20 : 0.054    ndcg@50 : 0.0662    
29 Nov 10:07    INFO  Saving current best: saved/RauCL-Nov-29-2023_09-58-51.pth
29 Nov 10:07    INFO  epoch 40 training [time: 2.52s, train loss: -1.0559]
29 Nov 10:07    INFO  epoch 40 evaluating [time: 9.84s, valid_score: 0.054300]
29 Nov 10:07    INFO  valid result: 
recall@10 : 0.0804    recall@20 : 0.1142    recall@50 : 0.1748    ndcg@10 : 0.0455    ndcg@20 : 0.0543    ndcg@50 : 0.0668    
29 Nov 10:07    INFO  Saving current best: saved/RauCL-Nov-29-2023_09-58-51.pth
29 Nov 10:07    INFO  epoch 41 training [time: 2.50s, train loss: -1.0597]
29 Nov 10:07    INFO  epoch 41 evaluating [time: 9.97s, valid_score: 0.054500]
29 Nov 10:07    INFO  valid result: 
recall@10 : 0.0802    recall@20 : 0.1151    recall@50 : 0.175    ndcg@10 : 0.0453    ndcg@20 : 0.0545    ndcg@50 : 0.0668    
29 Nov 10:07    INFO  Saving current best: saved/RauCL-Nov-29-2023_09-58-51.pth
29 Nov 10:07    INFO  epoch 42 training [time: 2.35s, train loss: -1.0632]
29 Nov 10:07    INFO  epoch 42 evaluating [time: 9.47s, valid_score: 0.054600]
29 Nov 10:07    INFO  valid result: 
recall@10 : 0.0803    recall@20 : 0.1151    recall@50 : 0.1765    ndcg@10 : 0.0454    ndcg@20 : 0.0546    ndcg@50 : 0.0671    
29 Nov 10:07    INFO  Saving current best: saved/RauCL-Nov-29-2023_09-58-51.pth
29 Nov 10:07    INFO  epoch 43 training [time: 2.50s, train loss: -1.0661]
29 Nov 10:08    INFO  epoch 43 evaluating [time: 10.39s, valid_score: 0.054800]
29 Nov 10:08    INFO  valid result: 
recall@10 : 0.0811    recall@20 : 0.1167    recall@50 : 0.1758    ndcg@10 : 0.0456    ndcg@20 : 0.0548    ndcg@50 : 0.067    
29 Nov 10:08    INFO  Saving current best: saved/RauCL-Nov-29-2023_09-58-51.pth
29 Nov 10:08    INFO  epoch 44 training [time: 2.45s, train loss: -1.0698]
29 Nov 10:08    INFO  epoch 44 evaluating [time: 9.42s, valid_score: 0.055300]
29 Nov 10:08    INFO  valid result: 
recall@10 : 0.0816    recall@20 : 0.1176    recall@50 : 0.1767    ndcg@10 : 0.0459    ndcg@20 : 0.0553    ndcg@50 : 0.0674    
29 Nov 10:08    INFO  Saving current best: saved/RauCL-Nov-29-2023_09-58-51.pth
29 Nov 10:08    INFO  epoch 45 training [time: 2.25s, train loss: -1.0732]
29 Nov 10:08    INFO  epoch 45 evaluating [time: 9.73s, valid_score: 0.055900]
29 Nov 10:08    INFO  valid result: 
recall@10 : 0.0835    recall@20 : 0.1175    recall@50 : 0.1786    ndcg@10 : 0.047    ndcg@20 : 0.0559    ndcg@50 : 0.0684    
29 Nov 10:08    INFO  Saving current best: saved/RauCL-Nov-29-2023_09-58-51.pth
29 Nov 10:08    INFO  epoch 46 training [time: 2.38s, train loss: -1.0756]
29 Nov 10:08    INFO  epoch 46 evaluating [time: 9.56s, valid_score: 0.056200]
29 Nov 10:08    INFO  valid result: 
recall@10 : 0.0839    recall@20 : 0.1186    recall@50 : 0.178    ndcg@10 : 0.0471    ndcg@20 : 0.0562    ndcg@50 : 0.0684    
29 Nov 10:08    INFO  Saving current best: saved/RauCL-Nov-29-2023_09-58-51.pth
29 Nov 10:08    INFO  epoch 47 training [time: 2.48s, train loss: -1.0785]
29 Nov 10:08    INFO  epoch 47 evaluating [time: 9.69s, valid_score: 0.056100]
29 Nov 10:08    INFO  valid result: 
recall@10 : 0.0832    recall@20 : 0.1186    recall@50 : 0.1792    ndcg@10 : 0.0468    ndcg@20 : 0.0561    ndcg@50 : 0.0685    
29 Nov 10:09    INFO  epoch 48 training [time: 2.44s, train loss: -1.0806]
29 Nov 10:09    INFO  epoch 48 evaluating [time: 9.69s, valid_score: 0.056400]
29 Nov 10:09    INFO  valid result: 
recall@10 : 0.084    recall@20 : 0.1191    recall@50 : 0.1804    ndcg@10 : 0.0472    ndcg@20 : 0.0564    ndcg@50 : 0.069    
29 Nov 10:09    INFO  Saving current best: saved/RauCL-Nov-29-2023_09-58-51.pth
29 Nov 10:09    INFO  epoch 49 training [time: 2.73s, train loss: -1.0833]
29 Nov 10:09    INFO  epoch 49 evaluating [time: 12.14s, valid_score: 0.057100]
29 Nov 10:09    INFO  valid result: 
recall@10 : 0.084    recall@20 : 0.1203    recall@50 : 0.1806    ndcg@10 : 0.0476    ndcg@20 : 0.0571    ndcg@50 : 0.0694    
29 Nov 10:09    INFO  Saving current best: saved/RauCL-Nov-29-2023_09-58-51.pth
29 Nov 10:09    INFO  epoch 50 training [time: 2.55s, train loss: -1.0859]
29 Nov 10:09    INFO  epoch 50 evaluating [time: 9.60s, valid_score: 0.057400]
29 Nov 10:09    INFO  valid result: 
recall@10 : 0.0852    recall@20 : 0.1218    recall@50 : 0.1807    ndcg@10 : 0.0479    ndcg@20 : 0.0574    ndcg@50 : 0.0695    
29 Nov 10:09    INFO  Saving current best: saved/RauCL-Nov-29-2023_09-58-51.pth
29 Nov 10:09    INFO  epoch 51 training [time: 2.19s, train loss: -1.0884]
29 Nov 10:09    INFO  epoch 51 evaluating [time: 9.75s, valid_score: 0.057400]
29 Nov 10:09    INFO  valid result: 
recall@10 : 0.0859    recall@20 : 0.121    recall@50 : 0.1824    ndcg@10 : 0.0482    ndcg@20 : 0.0574    ndcg@50 : 0.07    
29 Nov 10:09    INFO  epoch 52 training [time: 2.46s, train loss: -1.0907]
29 Nov 10:10    INFO  epoch 52 evaluating [time: 9.61s, valid_score: 0.058000]
29 Nov 10:10    INFO  valid result: 
recall@10 : 0.0858    recall@20 : 0.1222    recall@50 : 0.1833    ndcg@10 : 0.0485    ndcg@20 : 0.058    ndcg@50 : 0.0705    
29 Nov 10:10    INFO  Saving current best: saved/RauCL-Nov-29-2023_09-58-51.pth
29 Nov 10:10    INFO  epoch 53 training [time: 2.51s, train loss: -1.0929]
29 Nov 10:10    INFO  epoch 53 evaluating [time: 9.70s, valid_score: 0.058000]
29 Nov 10:10    INFO  valid result: 
recall@10 : 0.0864    recall@20 : 0.1227    recall@50 : 0.183    ndcg@10 : 0.0485    ndcg@20 : 0.058    ndcg@50 : 0.0704    
29 Nov 10:10    INFO  epoch 54 training [time: 2.39s, train loss: -1.0955]
29 Nov 10:10    INFO  epoch 54 evaluating [time: 9.70s, valid_score: 0.058500]
29 Nov 10:10    INFO  valid result: 
recall@10 : 0.0863    recall@20 : 0.1231    recall@50 : 0.1837    ndcg@10 : 0.0489    ndcg@20 : 0.0585    ndcg@50 : 0.071    
29 Nov 10:10    INFO  Saving current best: saved/RauCL-Nov-29-2023_09-58-51.pth
29 Nov 10:10    INFO  epoch 55 training [time: 2.56s, train loss: -1.0970]
29 Nov 10:10    INFO  epoch 55 evaluating [time: 11.94s, valid_score: 0.059000]
29 Nov 10:10    INFO  valid result: 
recall@10 : 0.0871    recall@20 : 0.1247    recall@50 : 0.1847    ndcg@10 : 0.0492    ndcg@20 : 0.059    ndcg@50 : 0.0714    
29 Nov 10:10    INFO  Saving current best: saved/RauCL-Nov-29-2023_09-58-51.pth
29 Nov 10:10    INFO  epoch 56 training [time: 2.71s, train loss: -1.0986]
29 Nov 10:10    INFO  epoch 56 evaluating [time: 9.54s, valid_score: 0.059200]
29 Nov 10:10    INFO  valid result: 
recall@10 : 0.0874    recall@20 : 0.1252    recall@50 : 0.1846    ndcg@10 : 0.0493    ndcg@20 : 0.0592    ndcg@50 : 0.0714    
29 Nov 10:10    INFO  Saving current best: saved/RauCL-Nov-29-2023_09-58-51.pth
29 Nov 10:10    INFO  epoch 57 training [time: 2.49s, train loss: -1.1007]
29 Nov 10:11    INFO  epoch 57 evaluating [time: 9.72s, valid_score: 0.058800]
29 Nov 10:11    INFO  valid result: 
recall@10 : 0.0877    recall@20 : 0.1256    recall@50 : 0.1866    ndcg@10 : 0.0489    ndcg@20 : 0.0588    ndcg@50 : 0.0713    
29 Nov 10:11    INFO  epoch 58 training [time: 2.48s, train loss: -1.1024]
29 Nov 10:11    INFO  epoch 58 evaluating [time: 9.86s, valid_score: 0.058900]
29 Nov 10:11    INFO  valid result: 
recall@10 : 0.0876    recall@20 : 0.1256    recall@50 : 0.1874    ndcg@10 : 0.049    ndcg@20 : 0.0589    ndcg@50 : 0.0716    
29 Nov 10:11    INFO  epoch 59 training [time: 2.47s, train loss: -1.1038]
29 Nov 10:11    INFO  epoch 59 evaluating [time: 9.67s, valid_score: 0.059200]
29 Nov 10:11    INFO  valid result: 
recall@10 : 0.0883    recall@20 : 0.1267    recall@50 : 0.1864    ndcg@10 : 0.0492    ndcg@20 : 0.0592    ndcg@50 : 0.0715    
29 Nov 10:11    INFO  epoch 60 training [time: 2.46s, train loss: -1.1055]
29 Nov 10:11    INFO  epoch 60 evaluating [time: 9.76s, valid_score: 0.059700]
29 Nov 10:11    INFO  valid result: 
recall@10 : 0.0891    recall@20 : 0.1272    recall@50 : 0.1879    ndcg@10 : 0.0498    ndcg@20 : 0.0597    ndcg@50 : 0.0722    
29 Nov 10:11    INFO  Saving current best: saved/RauCL-Nov-29-2023_09-58-51.pth
29 Nov 10:11    INFO  epoch 61 training [time: 2.48s, train loss: -1.1074]
29 Nov 10:11    INFO  epoch 61 evaluating [time: 9.56s, valid_score: 0.060000]
29 Nov 10:11    INFO  valid result: 
recall@10 : 0.0904    recall@20 : 0.1268    recall@50 : 0.1885    ndcg@10 : 0.0505    ndcg@20 : 0.06    ndcg@50 : 0.0727    
29 Nov 10:11    INFO  Saving current best: saved/RauCL-Nov-29-2023_09-58-51.pth
29 Nov 10:11    INFO  epoch 62 training [time: 1.93s, train loss: -1.1082]
29 Nov 10:12    INFO  epoch 62 evaluating [time: 9.59s, valid_score: 0.060200]
29 Nov 10:12    INFO  valid result: 
recall@10 : 0.0906    recall@20 : 0.127    recall@50 : 0.1879    ndcg@10 : 0.0508    ndcg@20 : 0.0602    ndcg@50 : 0.0728    
29 Nov 10:12    INFO  Saving current best: saved/RauCL-Nov-29-2023_09-58-51.pth
29 Nov 10:12    INFO  epoch 63 training [time: 2.50s, train loss: -1.1097]
29 Nov 10:12    INFO  epoch 63 evaluating [time: 9.78s, valid_score: 0.060500]
29 Nov 10:12    INFO  valid result: 
recall@10 : 0.0907    recall@20 : 0.1276    recall@50 : 0.1887    ndcg@10 : 0.0508    ndcg@20 : 0.0605    ndcg@50 : 0.073    
29 Nov 10:12    INFO  Saving current best: saved/RauCL-Nov-29-2023_09-58-51.pth
29 Nov 10:12    INFO  epoch 64 training [time: 2.45s, train loss: -1.1116]
29 Nov 10:12    INFO  epoch 64 evaluating [time: 9.69s, valid_score: 0.060900]
29 Nov 10:12    INFO  valid result: 
recall@10 : 0.0909    recall@20 : 0.1275    recall@50 : 0.1899    ndcg@10 : 0.0513    ndcg@20 : 0.0609    ndcg@50 : 0.0737    
29 Nov 10:12    INFO  Saving current best: saved/RauCL-Nov-29-2023_09-58-51.pth
29 Nov 10:12    INFO  epoch 65 training [time: 2.46s, train loss: -1.1127]
29 Nov 10:12    INFO  epoch 65 evaluating [time: 11.86s, valid_score: 0.060500]
29 Nov 10:12    INFO  valid result: 
recall@10 : 0.0907    recall@20 : 0.1277    recall@50 : 0.1914    ndcg@10 : 0.0509    ndcg@20 : 0.0605    ndcg@50 : 0.0736    
29 Nov 10:12    INFO  epoch 66 training [time: 2.69s, train loss: -1.1137]
29 Nov 10:12    INFO  epoch 66 evaluating [time: 9.89s, valid_score: 0.061300]
29 Nov 10:12    INFO  valid result: 
recall@10 : 0.0907    recall@20 : 0.129    recall@50 : 0.192    ndcg@10 : 0.0514    ndcg@20 : 0.0613    ndcg@50 : 0.0743    
29 Nov 10:12    INFO  Saving current best: saved/RauCL-Nov-29-2023_09-58-51.pth
29 Nov 10:12    INFO  epoch 67 training [time: 2.53s, train loss: -1.1145]
29 Nov 10:13    INFO  epoch 67 evaluating [time: 9.57s, valid_score: 0.061200]
29 Nov 10:13    INFO  valid result: 
recall@10 : 0.09    recall@20 : 0.1289    recall@50 : 0.1936    ndcg@10 : 0.051    ndcg@20 : 0.0612    ndcg@50 : 0.0744    
29 Nov 10:13    INFO  epoch 68 training [time: 2.08s, train loss: -1.1161]
29 Nov 10:13    INFO  epoch 68 evaluating [time: 9.60s, valid_score: 0.061200]
29 Nov 10:13    INFO  valid result: 
recall@10 : 0.0911    recall@20 : 0.13    recall@50 : 0.1929    ndcg@10 : 0.0511    ndcg@20 : 0.0612    ndcg@50 : 0.0741    
29 Nov 10:13    INFO  epoch 69 training [time: 2.52s, train loss: -1.1172]
29 Nov 10:13    INFO  epoch 69 evaluating [time: 9.64s, valid_score: 0.061000]
29 Nov 10:13    INFO  valid result: 
recall@10 : 0.0914    recall@20 : 0.1289    recall@50 : 0.1929    ndcg@10 : 0.0513    ndcg@20 : 0.061    ndcg@50 : 0.0742    
29 Nov 10:13    INFO  epoch 70 training [time: 2.59s, train loss: -1.1181]
29 Nov 10:13    INFO  epoch 70 evaluating [time: 9.65s, valid_score: 0.061500]
29 Nov 10:13    INFO  valid result: 
recall@10 : 0.0922    recall@20 : 0.1299    recall@50 : 0.1937    ndcg@10 : 0.0517    ndcg@20 : 0.0615    ndcg@50 : 0.0746    
29 Nov 10:13    INFO  Saving current best: saved/RauCL-Nov-29-2023_09-58-51.pth
29 Nov 10:13    INFO  epoch 71 training [time: 2.50s, train loss: -1.1189]
29 Nov 10:13    INFO  epoch 71 evaluating [time: 9.69s, valid_score: 0.061200]
29 Nov 10:13    INFO  valid result: 
recall@10 : 0.0916    recall@20 : 0.1292    recall@50 : 0.195    ndcg@10 : 0.0515    ndcg@20 : 0.0612    ndcg@50 : 0.0747    
29 Nov 10:13    INFO  epoch 72 training [time: 2.50s, train loss: -1.1198]
29 Nov 10:14    INFO  epoch 72 evaluating [time: 9.56s, valid_score: 0.061600]
29 Nov 10:14    INFO  valid result: 
recall@10 : 0.0929    recall@20 : 0.1298    recall@50 : 0.1946    ndcg@10 : 0.052    ndcg@20 : 0.0616    ndcg@50 : 0.0749    
29 Nov 10:14    INFO  Saving current best: saved/RauCL-Nov-29-2023_09-58-51.pth
29 Nov 10:14    INFO  epoch 73 training [time: 2.26s, train loss: -1.1210]
29 Nov 10:14    INFO  epoch 73 evaluating [time: 9.45s, valid_score: 0.062100]
29 Nov 10:14    INFO  valid result: 
recall@10 : 0.0921    recall@20 : 0.1307    recall@50 : 0.1946    ndcg@10 : 0.052    ndcg@20 : 0.0621    ndcg@50 : 0.0752    
29 Nov 10:14    INFO  Saving current best: saved/RauCL-Nov-29-2023_09-58-51.pth
29 Nov 10:14    INFO  epoch 74 training [time: 2.52s, train loss: -1.1215]
29 Nov 10:14    INFO  epoch 74 evaluating [time: 9.74s, valid_score: 0.061700]
29 Nov 10:14    INFO  valid result: 
recall@10 : 0.0922    recall@20 : 0.1298    recall@50 : 0.195    ndcg@10 : 0.0519    ndcg@20 : 0.0617    ndcg@50 : 0.0752    
29 Nov 10:14    INFO  epoch 75 training [time: 2.49s, train loss: -1.1226]
29 Nov 10:14    INFO  epoch 75 evaluating [time: 9.74s, valid_score: 0.061700]
29 Nov 10:14    INFO  valid result: 
recall@10 : 0.0928    recall@20 : 0.1308    recall@50 : 0.196    ndcg@10 : 0.0518    ndcg@20 : 0.0617    ndcg@50 : 0.0751    
29 Nov 10:14    INFO  epoch 76 training [time: 2.41s, train loss: -1.1233]
29 Nov 10:14    INFO  epoch 76 evaluating [time: 9.60s, valid_score: 0.062600]
29 Nov 10:14    INFO  valid result: 
recall@10 : 0.0932    recall@20 : 0.1317    recall@50 : 0.1959    ndcg@10 : 0.0525    ndcg@20 : 0.0626    ndcg@50 : 0.0757    
29 Nov 10:14    INFO  Saving current best: saved/RauCL-Nov-29-2023_09-58-51.pth
29 Nov 10:15    INFO  epoch 77 training [time: 2.67s, train loss: -1.1237]
29 Nov 10:15    INFO  epoch 77 evaluating [time: 10.45s, valid_score: 0.062400]
29 Nov 10:15    INFO  valid result: 
recall@10 : 0.0937    recall@20 : 0.1311    recall@50 : 0.1956    ndcg@10 : 0.0527    ndcg@20 : 0.0624    ndcg@50 : 0.0757    
29 Nov 10:15    INFO  epoch 78 training [time: 2.49s, train loss: -1.1250]
29 Nov 10:15    INFO  epoch 78 evaluating [time: 9.48s, valid_score: 0.062600]
29 Nov 10:15    INFO  valid result: 
recall@10 : 0.0939    recall@20 : 0.1315    recall@50 : 0.1956    ndcg@10 : 0.0528    ndcg@20 : 0.0626    ndcg@50 : 0.0758    
29 Nov 10:15    INFO  epoch 79 training [time: 2.45s, train loss: -1.1251]
29 Nov 10:15    INFO  epoch 79 evaluating [time: 9.90s, valid_score: 0.062600]
29 Nov 10:15    INFO  valid result: 
recall@10 : 0.0941    recall@20 : 0.1324    recall@50 : 0.1969    ndcg@10 : 0.0526    ndcg@20 : 0.0626    ndcg@50 : 0.0758    
29 Nov 10:15    INFO  epoch 80 training [time: 2.46s, train loss: -1.1259]
29 Nov 10:15    INFO  epoch 80 evaluating [time: 9.86s, valid_score: 0.062800]
29 Nov 10:15    INFO  valid result: 
recall@10 : 0.0939    recall@20 : 0.1329    recall@50 : 0.1971    ndcg@10 : 0.0526    ndcg@20 : 0.0628    ndcg@50 : 0.0759    
29 Nov 10:15    INFO  Saving current best: saved/RauCL-Nov-29-2023_09-58-51.pth
29 Nov 10:15    INFO  epoch 81 training [time: 2.49s, train loss: -1.1267]
29 Nov 10:15    INFO  epoch 81 evaluating [time: 9.51s, valid_score: 0.062700]
29 Nov 10:15    INFO  valid result: 
recall@10 : 0.0937    recall@20 : 0.1325    recall@50 : 0.197    ndcg@10 : 0.0526    ndcg@20 : 0.0627    ndcg@50 : 0.076    
29 Nov 10:16    INFO  epoch 82 training [time: 2.51s, train loss: -1.1271]
29 Nov 10:16    INFO  epoch 82 evaluating [time: 9.80s, valid_score: 0.062800]
29 Nov 10:16    INFO  valid result: 
recall@10 : 0.0921    recall@20 : 0.1332    recall@50 : 0.1969    ndcg@10 : 0.0521    ndcg@20 : 0.0628    ndcg@50 : 0.0758    
29 Nov 10:16    INFO  epoch 83 training [time: 2.34s, train loss: -1.1276]
29 Nov 10:16    INFO  epoch 83 evaluating [time: 12.06s, valid_score: 0.063100]
29 Nov 10:16    INFO  valid result: 
recall@10 : 0.0934    recall@20 : 0.1334    recall@50 : 0.197    ndcg@10 : 0.0527    ndcg@20 : 0.0631    ndcg@50 : 0.0762    
29 Nov 10:16    INFO  Saving current best: saved/RauCL-Nov-29-2023_09-58-51.pth
29 Nov 10:16    INFO  epoch 84 training [time: 2.51s, train loss: -1.1285]
29 Nov 10:16    INFO  epoch 84 evaluating [time: 9.66s, valid_score: 0.063200]
29 Nov 10:16    INFO  valid result: 
recall@10 : 0.0937    recall@20 : 0.1338    recall@50 : 0.1979    ndcg@10 : 0.0528    ndcg@20 : 0.0632    ndcg@50 : 0.0763    
29 Nov 10:16    INFO  Saving current best: saved/RauCL-Nov-29-2023_09-58-51.pth
29 Nov 10:16    INFO  epoch 85 training [time: 2.50s, train loss: -1.1291]
29 Nov 10:16    INFO  epoch 85 evaluating [time: 9.89s, valid_score: 0.063100]
29 Nov 10:16    INFO  valid result: 
recall@10 : 0.0935    recall@20 : 0.1327    recall@50 : 0.1976    ndcg@10 : 0.0528    ndcg@20 : 0.0631    ndcg@50 : 0.0764    
29 Nov 10:16    INFO  epoch 86 training [time: 2.49s, train loss: -1.1297]
29 Nov 10:17    INFO  epoch 86 evaluating [time: 9.77s, valid_score: 0.063200]
29 Nov 10:17    INFO  valid result: 
recall@10 : 0.0946    recall@20 : 0.1329    recall@50 : 0.1977    ndcg@10 : 0.0532    ndcg@20 : 0.0632    ndcg@50 : 0.0765    
29 Nov 10:17    INFO  epoch 87 training [time: 2.29s, train loss: -1.1298]
29 Nov 10:17    INFO  epoch 87 evaluating [time: 9.60s, valid_score: 0.063400]
29 Nov 10:17    INFO  valid result: 
recall@10 : 0.0945    recall@20 : 0.1334    recall@50 : 0.1971    ndcg@10 : 0.0532    ndcg@20 : 0.0634    ndcg@50 : 0.0764    
29 Nov 10:17    INFO  Saving current best: saved/RauCL-Nov-29-2023_09-58-51.pth
29 Nov 10:17    INFO  epoch 88 training [time: 2.49s, train loss: -1.1305]
29 Nov 10:17    INFO  epoch 88 evaluating [time: 9.62s, valid_score: 0.063700]
29 Nov 10:17    INFO  valid result: 
recall@10 : 0.0945    recall@20 : 0.1343    recall@50 : 0.1972    ndcg@10 : 0.0533    ndcg@20 : 0.0637    ndcg@50 : 0.0766    
29 Nov 10:17    INFO  Saving current best: saved/RauCL-Nov-29-2023_09-58-51.pth
29 Nov 10:17    INFO  epoch 89 training [time: 2.51s, train loss: -1.1304]
29 Nov 10:17    INFO  epoch 89 evaluating [time: 9.56s, valid_score: 0.063600]
29 Nov 10:17    INFO  valid result: 
recall@10 : 0.0952    recall@20 : 0.133    recall@50 : 0.1974    ndcg@10 : 0.0538    ndcg@20 : 0.0636    ndcg@50 : 0.0769    
29 Nov 10:17    INFO  epoch 90 training [time: 2.52s, train loss: -1.1304]
29 Nov 10:17    INFO  epoch 90 evaluating [time: 12.07s, valid_score: 0.063400]
29 Nov 10:17    INFO  valid result: 
recall@10 : 0.0948    recall@20 : 0.1329    recall@50 : 0.1969    ndcg@10 : 0.0534    ndcg@20 : 0.0634    ndcg@50 : 0.0766    
29 Nov 10:17    INFO  epoch 91 training [time: 2.24s, train loss: -1.1307]
29 Nov 10:18    INFO  epoch 91 evaluating [time: 9.72s, valid_score: 0.063700]
29 Nov 10:18    INFO  valid result: 
recall@10 : 0.0953    recall@20 : 0.1337    recall@50 : 0.1978    ndcg@10 : 0.0537    ndcg@20 : 0.0637    ndcg@50 : 0.0768    
29 Nov 10:18    INFO  epoch 92 training [time: 2.49s, train loss: -1.1317]
29 Nov 10:18    INFO  epoch 92 evaluating [time: 9.75s, valid_score: 0.063900]
29 Nov 10:18    INFO  valid result: 
recall@10 : 0.0952    recall@20 : 0.1343    recall@50 : 0.1971    ndcg@10 : 0.0537    ndcg@20 : 0.0639    ndcg@50 : 0.0768    
29 Nov 10:18    INFO  Saving current best: saved/RauCL-Nov-29-2023_09-58-51.pth
29 Nov 10:18    INFO  epoch 93 training [time: 2.22s, train loss: -1.1319]
29 Nov 10:18    INFO  epoch 93 evaluating [time: 9.61s, valid_score: 0.064000]
29 Nov 10:18    INFO  valid result: 
recall@10 : 0.0961    recall@20 : 0.1342    recall@50 : 0.1976    ndcg@10 : 0.0541    ndcg@20 : 0.064    ndcg@50 : 0.077    
29 Nov 10:18    INFO  Saving current best: saved/RauCL-Nov-29-2023_09-58-51.pth
29 Nov 10:18    INFO  epoch 94 training [time: 2.48s, train loss: -1.1320]
29 Nov 10:18    INFO  epoch 94 evaluating [time: 9.73s, valid_score: 0.064000]
29 Nov 10:18    INFO  valid result: 
recall@10 : 0.0956    recall@20 : 0.1347    recall@50 : 0.1976    ndcg@10 : 0.0538    ndcg@20 : 0.064    ndcg@50 : 0.0769    
29 Nov 10:18    INFO  epoch 95 training [time: 2.46s, train loss: -1.1328]
29 Nov 10:18    INFO  epoch 95 evaluating [time: 9.57s, valid_score: 0.064400]
29 Nov 10:18    INFO  valid result: 
recall@10 : 0.0966    recall@20 : 0.1345    recall@50 : 0.1966    ndcg@10 : 0.0545    ndcg@20 : 0.0644    ndcg@50 : 0.0772    
29 Nov 10:18    INFO  Saving current best: saved/RauCL-Nov-29-2023_09-58-51.pth
29 Nov 10:18    INFO  epoch 96 training [time: 2.52s, train loss: -1.1327]
29 Nov 10:19    INFO  epoch 96 evaluating [time: 9.78s, valid_score: 0.064100]
29 Nov 10:19    INFO  valid result: 
recall@10 : 0.0964    recall@20 : 0.1344    recall@50 : 0.1977    ndcg@10 : 0.0541    ndcg@20 : 0.0641    ndcg@50 : 0.0771    
29 Nov 10:19    INFO  epoch 97 training [time: 2.53s, train loss: -1.1332]
29 Nov 10:19    INFO  epoch 97 evaluating [time: 9.65s, valid_score: 0.064500]
29 Nov 10:19    INFO  valid result: 
recall@10 : 0.0964    recall@20 : 0.1352    recall@50 : 0.1978    ndcg@10 : 0.0544    ndcg@20 : 0.0645    ndcg@50 : 0.0773    
29 Nov 10:19    INFO  Saving current best: saved/RauCL-Nov-29-2023_09-58-51.pth
29 Nov 10:19    INFO  epoch 98 training [time: 2.35s, train loss: -1.1333]
29 Nov 10:19    INFO  epoch 98 evaluating [time: 9.77s, valid_score: 0.064200]
29 Nov 10:19    INFO  valid result: 
recall@10 : 0.0957    recall@20 : 0.135    recall@50 : 0.1981    ndcg@10 : 0.054    ndcg@20 : 0.0642    ndcg@50 : 0.0772    
29 Nov 10:19    INFO  epoch 99 training [time: 2.58s, train loss: -1.1342]
29 Nov 10:19    INFO  epoch 99 evaluating [time: 11.89s, valid_score: 0.064100]
29 Nov 10:19    INFO  valid result: 
recall@10 : 0.0963    recall@20 : 0.134    recall@50 : 0.1993    ndcg@10 : 0.0542    ndcg@20 : 0.0641    ndcg@50 : 0.0775    
29 Nov 10:19    INFO  epoch 100 training [time: 2.67s, train loss: -1.1345]
29 Nov 10:19    INFO  epoch 100 evaluating [time: 9.79s, valid_score: 0.064300]
29 Nov 10:19    INFO  valid result: 
recall@10 : 0.0964    recall@20 : 0.135    recall@50 : 0.199    ndcg@10 : 0.0542    ndcg@20 : 0.0643    ndcg@50 : 0.0775    
29 Nov 10:20    INFO  epoch 101 training [time: 2.50s, train loss: -1.1338]
29 Nov 10:20    INFO  epoch 101 evaluating [time: 9.56s, valid_score: 0.064400]
29 Nov 10:20    INFO  valid result: 
recall@10 : 0.0961    recall@20 : 0.1355    recall@50 : 0.1989    ndcg@10 : 0.0542    ndcg@20 : 0.0644    ndcg@50 : 0.0775    
29 Nov 10:20    INFO  epoch 102 training [time: 2.53s, train loss: -1.1345]
29 Nov 10:20    INFO  epoch 102 evaluating [time: 9.88s, valid_score: 0.064400]
29 Nov 10:20    INFO  valid result: 
recall@10 : 0.0959    recall@20 : 0.135    recall@50 : 0.2001    ndcg@10 : 0.0542    ndcg@20 : 0.0644    ndcg@50 : 0.0778    
29 Nov 10:20    INFO  epoch 103 training [time: 2.43s, train loss: -1.1346]
29 Nov 10:20    INFO  epoch 103 evaluating [time: 9.70s, valid_score: 0.064700]
29 Nov 10:20    INFO  valid result: 
recall@10 : 0.097    recall@20 : 0.1358    recall@50 : 0.1999    ndcg@10 : 0.0546    ndcg@20 : 0.0647    ndcg@50 : 0.0779    
29 Nov 10:20    INFO  Saving current best: saved/RauCL-Nov-29-2023_09-58-51.pth
29 Nov 10:20    INFO  epoch 104 training [time: 2.20s, train loss: -1.1348]
29 Nov 10:20    INFO  epoch 104 evaluating [time: 9.51s, valid_score: 0.064900]
29 Nov 10:20    INFO  valid result: 
recall@10 : 0.0972    recall@20 : 0.136    recall@50 : 0.2003    ndcg@10 : 0.0548    ndcg@20 : 0.0649    ndcg@50 : 0.0781    
29 Nov 10:20    INFO  Saving current best: saved/RauCL-Nov-29-2023_09-58-51.pth
29 Nov 10:20    INFO  epoch 105 training [time: 2.48s, train loss: -1.1352]
29 Nov 10:20    INFO  epoch 105 evaluating [time: 9.75s, valid_score: 0.064900]
29 Nov 10:20    INFO  valid result: 
recall@10 : 0.098    recall@20 : 0.1364    recall@50 : 0.1995    ndcg@10 : 0.055    ndcg@20 : 0.0649    ndcg@50 : 0.0779    
29 Nov 10:21    INFO  epoch 106 training [time: 2.56s, train loss: -1.1355]
29 Nov 10:21    INFO  epoch 106 evaluating [time: 9.55s, valid_score: 0.065300]
29 Nov 10:21    INFO  valid result: 
recall@10 : 0.097    recall@20 : 0.137    recall@50 : 0.1994    ndcg@10 : 0.0549    ndcg@20 : 0.0653    ndcg@50 : 0.0781    
29 Nov 10:21    INFO  Saving current best: saved/RauCL-Nov-29-2023_09-58-51.pth
29 Nov 10:21    INFO  epoch 107 training [time: 2.15s, train loss: -1.1354]
29 Nov 10:21    INFO  epoch 107 evaluating [time: 9.71s, valid_score: 0.065100]
29 Nov 10:21    INFO  valid result: 
recall@10 : 0.0975    recall@20 : 0.1366    recall@50 : 0.1986    ndcg@10 : 0.0549    ndcg@20 : 0.0651    ndcg@50 : 0.0778    
29 Nov 10:21    INFO  epoch 108 training [time: 2.45s, train loss: -1.1360]
29 Nov 10:21    INFO  epoch 108 evaluating [time: 10.42s, valid_score: 0.065000]
29 Nov 10:21    INFO  valid result: 
recall@10 : 0.0971    recall@20 : 0.1366    recall@50 : 0.1993    ndcg@10 : 0.0547    ndcg@20 : 0.065    ndcg@50 : 0.0779    
29 Nov 10:21    INFO  epoch 109 training [time: 2.45s, train loss: -1.1359]
29 Nov 10:21    INFO  epoch 109 evaluating [time: 9.75s, valid_score: 0.065100]
29 Nov 10:21    INFO  valid result: 
recall@10 : 0.0978    recall@20 : 0.1372    recall@50 : 0.1994    ndcg@10 : 0.0549    ndcg@20 : 0.0651    ndcg@50 : 0.0779    
29 Nov 10:21    INFO  epoch 110 training [time: 2.26s, train loss: -1.1366]
29 Nov 10:22    INFO  epoch 110 evaluating [time: 9.92s, valid_score: 0.065200]
29 Nov 10:22    INFO  valid result: 
recall@10 : 0.0968    recall@20 : 0.1372    recall@50 : 0.1983    ndcg@10 : 0.0546    ndcg@20 : 0.0652    ndcg@50 : 0.0778    
29 Nov 10:22    INFO  epoch 111 training [time: 2.45s, train loss: -1.1364]
29 Nov 10:22    INFO  epoch 111 evaluating [time: 9.89s, valid_score: 0.065300]
29 Nov 10:22    INFO  valid result: 
recall@10 : 0.0965    recall@20 : 0.1375    recall@50 : 0.1997    ndcg@10 : 0.0547    ndcg@20 : 0.0653    ndcg@50 : 0.0781    
29 Nov 10:22    INFO  epoch 112 training [time: 2.53s, train loss: -1.1362]
29 Nov 10:22    INFO  epoch 112 evaluating [time: 9.80s, valid_score: 0.065300]
29 Nov 10:22    INFO  valid result: 
recall@10 : 0.097    recall@20 : 0.1369    recall@50 : 0.2006    ndcg@10 : 0.0549    ndcg@20 : 0.0653    ndcg@50 : 0.0784    
29 Nov 10:22    INFO  epoch 113 training [time: 2.54s, train loss: -1.1368]
29 Nov 10:22    INFO  epoch 113 evaluating [time: 9.98s, valid_score: 0.065200]
29 Nov 10:22    INFO  valid result: 
recall@10 : 0.0972    recall@20 : 0.1377    recall@50 : 0.2    ndcg@10 : 0.0546    ndcg@20 : 0.0652    ndcg@50 : 0.078    
29 Nov 10:22    INFO  epoch 114 training [time: 2.52s, train loss: -1.1372]
29 Nov 10:22    INFO  epoch 114 evaluating [time: 9.79s, valid_score: 0.065300]
29 Nov 10:22    INFO  valid result: 
recall@10 : 0.098    recall@20 : 0.1372    recall@50 : 0.2003    ndcg@10 : 0.0551    ndcg@20 : 0.0653    ndcg@50 : 0.0783    
29 Nov 10:22    INFO  epoch 115 training [time: 2.20s, train loss: -1.1368]
29 Nov 10:23    INFO  epoch 115 evaluating [time: 9.80s, valid_score: 0.065200]
29 Nov 10:23    INFO  valid result: 
recall@10 : 0.0973    recall@20 : 0.1372    recall@50 : 0.1999    ndcg@10 : 0.0548    ndcg@20 : 0.0652    ndcg@50 : 0.0781    
29 Nov 10:23    INFO  epoch 116 training [time: 2.48s, train loss: -1.1371]
29 Nov 10:23    INFO  epoch 116 evaluating [time: 9.66s, valid_score: 0.065400]
29 Nov 10:23    INFO  valid result: 
recall@10 : 0.0974    recall@20 : 0.1374    recall@50 : 0.2004    ndcg@10 : 0.0549    ndcg@20 : 0.0654    ndcg@50 : 0.0783    
29 Nov 10:23    INFO  Saving current best: saved/RauCL-Nov-29-2023_09-58-51.pth
29 Nov 10:23    INFO  epoch 117 training [time: 2.46s, train loss: -1.1370]
29 Nov 10:23    INFO  epoch 117 evaluating [time: 9.67s, valid_score: 0.065200]
29 Nov 10:23    INFO  valid result: 
recall@10 : 0.0975    recall@20 : 0.1369    recall@50 : 0.2009    ndcg@10 : 0.0549    ndcg@20 : 0.0652    ndcg@50 : 0.0784    
29 Nov 10:23    INFO  epoch 118 training [time: 2.14s, train loss: -1.1379]
29 Nov 10:23    INFO  epoch 118 evaluating [time: 9.57s, valid_score: 0.065600]
29 Nov 10:23    INFO  valid result: 
recall@10 : 0.098    recall@20 : 0.1381    recall@50 : 0.2002    ndcg@10 : 0.0552    ndcg@20 : 0.0656    ndcg@50 : 0.0784    
29 Nov 10:23    INFO  Saving current best: saved/RauCL-Nov-29-2023_09-58-51.pth
29 Nov 10:23    INFO  epoch 119 training [time: 2.50s, train loss: -1.1378]
29 Nov 10:23    INFO  epoch 119 evaluating [time: 9.68s, valid_score: 0.065600]
29 Nov 10:23    INFO  valid result: 
recall@10 : 0.0977    recall@20 : 0.1377    recall@50 : 0.2001    ndcg@10 : 0.0551    ndcg@20 : 0.0656    ndcg@50 : 0.0784    
29 Nov 10:23    INFO  epoch 120 training [time: 2.50s, train loss: -1.1380]
29 Nov 10:24    INFO  epoch 120 evaluating [time: 9.46s, valid_score: 0.065600]
29 Nov 10:24    INFO  valid result: 
recall@10 : 0.0975    recall@20 : 0.1379    recall@50 : 0.2009    ndcg@10 : 0.055    ndcg@20 : 0.0656    ndcg@50 : 0.0785    
29 Nov 10:24    INFO  epoch 121 training [time: 2.45s, train loss: -1.1382]
29 Nov 10:24    INFO  epoch 121 evaluating [time: 9.64s, valid_score: 0.065600]
29 Nov 10:24    INFO  valid result: 
recall@10 : 0.0973    recall@20 : 0.1376    recall@50 : 0.1997    ndcg@10 : 0.0551    ndcg@20 : 0.0656    ndcg@50 : 0.0784    
29 Nov 10:24    INFO  epoch 122 training [time: 2.30s, train loss: -1.1379]
29 Nov 10:24    INFO  epoch 122 evaluating [time: 9.59s, valid_score: 0.065700]
29 Nov 10:24    INFO  valid result: 
recall@10 : 0.0977    recall@20 : 0.1375    recall@50 : 0.2007    ndcg@10 : 0.0553    ndcg@20 : 0.0657    ndcg@50 : 0.0787    
29 Nov 10:24    INFO  Saving current best: saved/RauCL-Nov-29-2023_09-58-51.pth
29 Nov 10:24    INFO  epoch 123 training [time: 2.57s, train loss: -1.1385]
29 Nov 10:24    INFO  epoch 123 evaluating [time: 9.46s, valid_score: 0.065500]
29 Nov 10:24    INFO  valid result: 
recall@10 : 0.0978    recall@20 : 0.1373    recall@50 : 0.2008    ndcg@10 : 0.0551    ndcg@20 : 0.0655    ndcg@50 : 0.0785    
29 Nov 10:24    INFO  epoch 124 training [time: 2.51s, train loss: -1.1386]
29 Nov 10:24    INFO  epoch 124 evaluating [time: 9.86s, valid_score: 0.065500]
29 Nov 10:24    INFO  valid result: 
recall@10 : 0.0985    recall@20 : 0.1378    recall@50 : 0.2018    ndcg@10 : 0.0553    ndcg@20 : 0.0655    ndcg@50 : 0.0787    
29 Nov 10:24    INFO  epoch 125 training [time: 2.51s, train loss: -1.1385]
29 Nov 10:25    INFO  epoch 125 evaluating [time: 9.70s, valid_score: 0.065200]
29 Nov 10:25    INFO  valid result: 
recall@10 : 0.0975    recall@20 : 0.1362    recall@50 : 0.2021    ndcg@10 : 0.0551    ndcg@20 : 0.0652    ndcg@50 : 0.0788    
29 Nov 10:25    INFO  epoch 126 training [time: 2.06s, train loss: -1.1385]
29 Nov 10:25    INFO  epoch 126 evaluating [time: 9.60s, valid_score: 0.065300]
29 Nov 10:25    INFO  valid result: 
recall@10 : 0.0981    recall@20 : 0.137    recall@50 : 0.2021    ndcg@10 : 0.0551    ndcg@20 : 0.0653    ndcg@50 : 0.0787    
29 Nov 10:25    INFO  epoch 127 training [time: 2.33s, train loss: -1.1386]
29 Nov 10:25    INFO  epoch 127 evaluating [time: 9.61s, valid_score: 0.065700]
29 Nov 10:25    INFO  valid result: 
recall@10 : 0.0977    recall@20 : 0.1372    recall@50 : 0.2022    ndcg@10 : 0.0553    ndcg@20 : 0.0657    ndcg@50 : 0.079    
29 Nov 10:25    INFO  epoch 128 training [time: 2.47s, train loss: -1.1387]
29 Nov 10:25    INFO  epoch 128 evaluating [time: 9.78s, valid_score: 0.066000]
29 Nov 10:25    INFO  valid result: 
recall@10 : 0.098    recall@20 : 0.1382    recall@50 : 0.2021    ndcg@10 : 0.0556    ndcg@20 : 0.066    ndcg@50 : 0.0792    
29 Nov 10:25    INFO  Saving current best: saved/RauCL-Nov-29-2023_09-58-51.pth
29 Nov 10:25    INFO  epoch 129 training [time: 2.43s, train loss: -1.1392]
29 Nov 10:25    INFO  epoch 129 evaluating [time: 9.51s, valid_score: 0.066000]
29 Nov 10:25    INFO  valid result: 
recall@10 : 0.0983    recall@20 : 0.1378    recall@50 : 0.2023    ndcg@10 : 0.0557    ndcg@20 : 0.066    ndcg@50 : 0.0792    
29 Nov 10:25    INFO  epoch 130 training [time: 2.48s, train loss: -1.1387]
29 Nov 10:26    INFO  epoch 130 evaluating [time: 9.93s, valid_score: 0.065800]
29 Nov 10:26    INFO  valid result: 
recall@10 : 0.0985    recall@20 : 0.1381    recall@50 : 0.2029    ndcg@10 : 0.0555    ndcg@20 : 0.0658    ndcg@50 : 0.0791    
29 Nov 10:26    INFO  epoch 131 training [time: 2.51s, train loss: -1.1390]
29 Nov 10:26    INFO  epoch 131 evaluating [time: 9.36s, valid_score: 0.065800]
29 Nov 10:26    INFO  valid result: 
recall@10 : 0.099    recall@20 : 0.1386    recall@50 : 0.2022    ndcg@10 : 0.0555    ndcg@20 : 0.0658    ndcg@50 : 0.0789    
29 Nov 10:26    INFO  epoch 132 training [time: 2.52s, train loss: -1.1392]
29 Nov 10:26    INFO  epoch 132 evaluating [time: 9.80s, valid_score: 0.065800]
29 Nov 10:26    INFO  valid result: 
recall@10 : 0.0983    recall@20 : 0.1391    recall@50 : 0.2018    ndcg@10 : 0.0552    ndcg@20 : 0.0658    ndcg@50 : 0.0787    
29 Nov 10:26    INFO  epoch 133 training [time: 2.50s, train loss: -1.1393]
29 Nov 10:26    INFO  epoch 133 evaluating [time: 9.65s, valid_score: 0.065900]
29 Nov 10:26    INFO  valid result: 
recall@10 : 0.0982    recall@20 : 0.1384    recall@50 : 0.2018    ndcg@10 : 0.0554    ndcg@20 : 0.0659    ndcg@50 : 0.079    
29 Nov 10:26    INFO  epoch 134 training [time: 2.35s, train loss: -1.1394]
29 Nov 10:26    INFO  epoch 134 evaluating [time: 9.80s, valid_score: 0.066200]
29 Nov 10:26    INFO  valid result: 
recall@10 : 0.0986    recall@20 : 0.1393    recall@50 : 0.2019    ndcg@10 : 0.0556    ndcg@20 : 0.0662    ndcg@50 : 0.079    
29 Nov 10:26    INFO  Saving current best: saved/RauCL-Nov-29-2023_09-58-51.pth
29 Nov 10:26    INFO  epoch 135 training [time: 2.51s, train loss: -1.1396]
29 Nov 10:27    INFO  epoch 135 evaluating [time: 9.75s, valid_score: 0.065900]
29 Nov 10:27    INFO  valid result: 
recall@10 : 0.0985    recall@20 : 0.1389    recall@50 : 0.2018    ndcg@10 : 0.0554    ndcg@20 : 0.0659    ndcg@50 : 0.0789    
29 Nov 10:27    INFO  epoch 136 training [time: 2.45s, train loss: -1.1397]
29 Nov 10:27    INFO  epoch 136 evaluating [time: 9.80s, valid_score: 0.066200]
29 Nov 10:27    INFO  valid result: 
recall@10 : 0.0984    recall@20 : 0.1391    recall@50 : 0.2019    ndcg@10 : 0.0556    ndcg@20 : 0.0662    ndcg@50 : 0.0792    
29 Nov 10:27    INFO  epoch 137 training [time: 2.19s, train loss: -1.1396]
29 Nov 10:27    INFO  epoch 137 evaluating [time: 9.57s, valid_score: 0.066000]
29 Nov 10:27    INFO  valid result: 
recall@10 : 0.0985    recall@20 : 0.1388    recall@50 : 0.2021    ndcg@10 : 0.0554    ndcg@20 : 0.066    ndcg@50 : 0.079    
29 Nov 10:27    INFO  epoch 138 training [time: 2.46s, train loss: -1.1399]
29 Nov 10:27    INFO  epoch 138 evaluating [time: 9.63s, valid_score: 0.066400]
29 Nov 10:27    INFO  valid result: 
recall@10 : 0.0974    recall@20 : 0.1392    recall@50 : 0.2017    ndcg@10 : 0.0555    ndcg@20 : 0.0664    ndcg@50 : 0.0793    
29 Nov 10:27    INFO  Saving current best: saved/RauCL-Nov-29-2023_09-58-51.pth
29 Nov 10:27    INFO  epoch 139 training [time: 2.51s, train loss: -1.1400]
29 Nov 10:27    INFO  epoch 139 evaluating [time: 9.52s, valid_score: 0.066300]
29 Nov 10:27    INFO  valid result: 
recall@10 : 0.0985    recall@20 : 0.1384    recall@50 : 0.2009    ndcg@10 : 0.0559    ndcg@20 : 0.0663    ndcg@50 : 0.0792    
29 Nov 10:27    INFO  epoch 140 training [time: 2.49s, train loss: -1.1400]
29 Nov 10:28    INFO  epoch 140 evaluating [time: 9.66s, valid_score: 0.066000]
29 Nov 10:28    INFO  valid result: 
recall@10 : 0.0984    recall@20 : 0.1385    recall@50 : 0.2015    ndcg@10 : 0.0555    ndcg@20 : 0.066    ndcg@50 : 0.079    
29 Nov 10:28    INFO  epoch 141 training [time: 2.49s, train loss: -1.1402]
29 Nov 10:28    INFO  epoch 141 evaluating [time: 9.89s, valid_score: 0.066000]
29 Nov 10:28    INFO  valid result: 
recall@10 : 0.0985    recall@20 : 0.1384    recall@50 : 0.2015    ndcg@10 : 0.0555    ndcg@20 : 0.066    ndcg@50 : 0.0789    
29 Nov 10:28    INFO  epoch 142 training [time: 2.35s, train loss: -1.1403]
29 Nov 10:28    INFO  epoch 142 evaluating [time: 9.61s, valid_score: 0.066400]
29 Nov 10:28    INFO  valid result: 
recall@10 : 0.0988    recall@20 : 0.139    recall@50 : 0.2018    ndcg@10 : 0.0558    ndcg@20 : 0.0664    ndcg@50 : 0.0793    
29 Nov 10:28    INFO  epoch 143 training [time: 2.48s, train loss: -1.1401]
29 Nov 10:28    INFO  epoch 143 evaluating [time: 9.75s, valid_score: 0.066300]
29 Nov 10:28    INFO  valid result: 
recall@10 : 0.0984    recall@20 : 0.1391    recall@50 : 0.2016    ndcg@10 : 0.0556    ndcg@20 : 0.0663    ndcg@50 : 0.0791    
29 Nov 10:28    INFO  epoch 144 training [time: 2.46s, train loss: -1.1401]
29 Nov 10:28    INFO  epoch 144 evaluating [time: 9.36s, valid_score: 0.066300]
29 Nov 10:28    INFO  valid result: 
recall@10 : 0.0991    recall@20 : 0.1388    recall@50 : 0.2024    ndcg@10 : 0.0559    ndcg@20 : 0.0663    ndcg@50 : 0.0794    
29 Nov 10:28    INFO  epoch 145 training [time: 2.01s, train loss: -1.1405]
29 Nov 10:29    INFO  epoch 145 evaluating [time: 9.75s, valid_score: 0.066700]
29 Nov 10:29    INFO  valid result: 
recall@10 : 0.0987    recall@20 : 0.1402    recall@50 : 0.2027    ndcg@10 : 0.0558    ndcg@20 : 0.0667    ndcg@50 : 0.0795    
29 Nov 10:29    INFO  Saving current best: saved/RauCL-Nov-29-2023_09-58-51.pth
29 Nov 10:29    INFO  epoch 146 training [time: 2.51s, train loss: -1.1404]
29 Nov 10:29    INFO  epoch 146 evaluating [time: 9.66s, valid_score: 0.066500]
29 Nov 10:29    INFO  valid result: 
recall@10 : 0.0988    recall@20 : 0.1401    recall@50 : 0.2027    ndcg@10 : 0.0557    ndcg@20 : 0.0665    ndcg@50 : 0.0793    
29 Nov 10:29    INFO  epoch 147 training [time: 2.49s, train loss: -1.1405]
29 Nov 10:29    INFO  epoch 147 evaluating [time: 9.50s, valid_score: 0.066700]
29 Nov 10:29    INFO  valid result: 
recall@10 : 0.0985    recall@20 : 0.14    recall@50 : 0.2034    ndcg@10 : 0.0558    ndcg@20 : 0.0667    ndcg@50 : 0.0797    
29 Nov 10:29    INFO  epoch 148 training [time: 2.42s, train loss: -1.1407]
29 Nov 10:29    INFO  epoch 148 evaluating [time: 9.76s, valid_score: 0.066500]
29 Nov 10:29    INFO  valid result: 
recall@10 : 0.0983    recall@20 : 0.1401    recall@50 : 0.2028    ndcg@10 : 0.0556    ndcg@20 : 0.0665    ndcg@50 : 0.0794    
29 Nov 10:29    INFO  epoch 149 training [time: 2.37s, train loss: -1.1409]
29 Nov 10:29    INFO  epoch 149 evaluating [time: 10.02s, valid_score: 0.066500]
29 Nov 10:29    INFO  valid result: 
recall@10 : 0.0986    recall@20 : 0.1401    recall@50 : 0.2026    ndcg@10 : 0.0556    ndcg@20 : 0.0665    ndcg@50 : 0.0793    
29 Nov 10:29    INFO  epoch 150 training [time: 2.52s, train loss: -1.1405]
29 Nov 10:30    INFO  epoch 150 evaluating [time: 9.60s, valid_score: 0.066800]
29 Nov 10:30    INFO  valid result: 
recall@10 : 0.0993    recall@20 : 0.1403    recall@50 : 0.2018    ndcg@10 : 0.0561    ndcg@20 : 0.0668    ndcg@50 : 0.0794    
29 Nov 10:30    INFO  Saving current best: saved/RauCL-Nov-29-2023_09-58-51.pth
29 Nov 10:30    INFO  epoch 151 training [time: 2.46s, train loss: -1.1405]
29 Nov 10:30    INFO  epoch 151 evaluating [time: 9.81s, valid_score: 0.066800]
29 Nov 10:30    INFO  valid result: 
recall@10 : 0.0991    recall@20 : 0.1403    recall@50 : 0.2034    ndcg@10 : 0.056    ndcg@20 : 0.0668    ndcg@50 : 0.0797    
29 Nov 10:30    INFO  epoch 152 training [time: 2.45s, train loss: -1.1409]
29 Nov 10:30    INFO  epoch 152 evaluating [time: 9.67s, valid_score: 0.066700]
29 Nov 10:30    INFO  valid result: 
recall@10 : 0.0993    recall@20 : 0.1402    recall@50 : 0.2022    ndcg@10 : 0.0561    ndcg@20 : 0.0667    ndcg@50 : 0.0795    
29 Nov 10:30    INFO  epoch 153 training [time: 2.40s, train loss: -1.1408]
29 Nov 10:30    INFO  epoch 153 evaluating [time: 9.78s, valid_score: 0.066900]
29 Nov 10:30    INFO  valid result: 
recall@10 : 0.0999    recall@20 : 0.141    recall@50 : 0.2036    ndcg@10 : 0.0561    ndcg@20 : 0.0669    ndcg@50 : 0.0797    
29 Nov 10:30    INFO  Saving current best: saved/RauCL-Nov-29-2023_09-58-51.pth
29 Nov 10:30    INFO  epoch 154 training [time: 2.50s, train loss: -1.1412]
29 Nov 10:30    INFO  epoch 154 evaluating [time: 9.64s, valid_score: 0.067000]
29 Nov 10:30    INFO  valid result: 
recall@10 : 0.0995    recall@20 : 0.141    recall@50 : 0.2026    ndcg@10 : 0.0561    ndcg@20 : 0.067    ndcg@50 : 0.0797    
29 Nov 10:30    INFO  Saving current best: saved/RauCL-Nov-29-2023_09-58-51.pth
29 Nov 10:30    INFO  epoch 155 training [time: 2.50s, train loss: -1.1411]
29 Nov 10:31    INFO  epoch 155 evaluating [time: 9.69s, valid_score: 0.066500]
29 Nov 10:31    INFO  valid result: 
recall@10 : 0.0999    recall@20 : 0.1401    recall@50 : 0.2031    ndcg@10 : 0.056    ndcg@20 : 0.0665    ndcg@50 : 0.0795    
29 Nov 10:31    INFO  epoch 156 training [time: 2.12s, train loss: -1.1410]
29 Nov 10:31    INFO  epoch 156 evaluating [time: 9.46s, valid_score: 0.067000]
29 Nov 10:31    INFO  valid result: 
recall@10 : 0.0987    recall@20 : 0.1403    recall@50 : 0.2036    ndcg@10 : 0.0561    ndcg@20 : 0.067    ndcg@50 : 0.0801    
29 Nov 10:31    INFO  epoch 157 training [time: 2.51s, train loss: -1.1415]
29 Nov 10:31    INFO  epoch 157 evaluating [time: 9.74s, valid_score: 0.067300]
29 Nov 10:31    INFO  valid result: 
recall@10 : 0.0993    recall@20 : 0.1416    recall@50 : 0.2027    ndcg@10 : 0.0562    ndcg@20 : 0.0673    ndcg@50 : 0.0798    
29 Nov 10:31    INFO  Saving current best: saved/RauCL-Nov-29-2023_09-58-51.pth
29 Nov 10:31    INFO  epoch 158 training [time: 2.50s, train loss: -1.1418]
29 Nov 10:31    INFO  epoch 158 evaluating [time: 9.64s, valid_score: 0.067000]
29 Nov 10:31    INFO  valid result: 
recall@10 : 0.0998    recall@20 : 0.1403    recall@50 : 0.2044    ndcg@10 : 0.0564    ndcg@20 : 0.067    ndcg@50 : 0.0802    
29 Nov 10:31    INFO  epoch 159 training [time: 2.47s, train loss: -1.1415]
29 Nov 10:31    INFO  epoch 159 evaluating [time: 9.47s, valid_score: 0.067200]
29 Nov 10:31    INFO  valid result: 
recall@10 : 0.0999    recall@20 : 0.1406    recall@50 : 0.2041    ndcg@10 : 0.0566    ndcg@20 : 0.0672    ndcg@50 : 0.0802    
29 Nov 10:31    INFO  epoch 160 training [time: 2.49s, train loss: -1.1414]
29 Nov 10:32    INFO  epoch 160 evaluating [time: 9.74s, valid_score: 0.067000]
29 Nov 10:32    INFO  valid result: 
recall@10 : 0.0997    recall@20 : 0.1403    recall@50 : 0.2041    ndcg@10 : 0.0564    ndcg@20 : 0.067    ndcg@50 : 0.0801    
29 Nov 10:32    INFO  epoch 161 training [time: 2.50s, train loss: -1.1407]
29 Nov 10:32    INFO  epoch 161 evaluating [time: 9.61s, valid_score: 0.066900]
29 Nov 10:32    INFO  valid result: 
recall@10 : 0.0988    recall@20 : 0.1408    recall@50 : 0.2045    ndcg@10 : 0.0559    ndcg@20 : 0.0669    ndcg@50 : 0.08    
29 Nov 10:32    INFO  epoch 162 training [time: 2.44s, train loss: -1.1415]
29 Nov 10:32    INFO  epoch 162 evaluating [time: 9.81s, valid_score: 0.066700]
29 Nov 10:32    INFO  valid result: 
recall@10 : 0.0994    recall@20 : 0.1404    recall@50 : 0.2042    ndcg@10 : 0.056    ndcg@20 : 0.0667    ndcg@50 : 0.0798    
29 Nov 10:32    INFO  epoch 163 training [time: 2.49s, train loss: -1.1417]
29 Nov 10:32    INFO  epoch 163 evaluating [time: 9.71s, valid_score: 0.066700]
29 Nov 10:32    INFO  valid result: 
recall@10 : 0.0992    recall@20 : 0.1401    recall@50 : 0.2046    ndcg@10 : 0.056    ndcg@20 : 0.0667    ndcg@50 : 0.0799    
29 Nov 10:32    INFO  epoch 164 training [time: 2.40s, train loss: -1.1417]
29 Nov 10:32    INFO  epoch 164 evaluating [time: 9.53s, valid_score: 0.066700]
29 Nov 10:32    INFO  valid result: 
recall@10 : 0.0993    recall@20 : 0.1396    recall@50 : 0.2044    ndcg@10 : 0.0561    ndcg@20 : 0.0667    ndcg@50 : 0.08    
29 Nov 10:32    INFO  epoch 165 training [time: 2.63s, train loss: -1.1417]
29 Nov 10:33    INFO  epoch 165 evaluating [time: 12.13s, valid_score: 0.066700]
29 Nov 10:33    INFO  valid result: 
recall@10 : 0.0997    recall@20 : 0.1404    recall@50 : 0.2044    ndcg@10 : 0.0561    ndcg@20 : 0.0667    ndcg@50 : 0.0798    
29 Nov 10:33    INFO  epoch 166 training [time: 2.80s, train loss: -1.1423]
29 Nov 10:33    INFO  epoch 166 evaluating [time: 12.20s, valid_score: 0.067000]
29 Nov 10:33    INFO  valid result: 
recall@10 : 0.0994    recall@20 : 0.1411    recall@50 : 0.2037    ndcg@10 : 0.0561    ndcg@20 : 0.067    ndcg@50 : 0.0798    
29 Nov 10:33    INFO  epoch 167 training [time: 2.80s, train loss: -1.1422]
29 Nov 10:33    INFO  epoch 167 evaluating [time: 9.62s, valid_score: 0.066800]
29 Nov 10:33    INFO  valid result: 
recall@10 : 0.0991    recall@20 : 0.1414    recall@50 : 0.2048    ndcg@10 : 0.0557    ndcg@20 : 0.0668    ndcg@50 : 0.0797    
29 Nov 10:33    INFO  epoch 168 training [time: 2.36s, train loss: -1.1420]
29 Nov 10:33    INFO  epoch 168 evaluating [time: 9.77s, valid_score: 0.066900]
29 Nov 10:33    INFO  valid result: 
recall@10 : 0.0999    recall@20 : 0.141    recall@50 : 0.2043    ndcg@10 : 0.0562    ndcg@20 : 0.0669    ndcg@50 : 0.0799    
29 Nov 10:33    INFO  Finished training, best eval result in epoch 157
29 Nov 10:33    INFO  Loading model structure and parameters from saved/RauCL-Nov-29-2023_09-58-51.pth
29 Nov 10:33    INFO  best valid : {'recall@10': 0.0993, 'recall@20': 0.1416, 'recall@50': 0.2027, 'ndcg@10': 0.0562, 'ndcg@20': 0.0673, 'ndcg@50': 0.0798}
29 Nov 10:33    INFO  test result: {'recall@10': 0.1015, 'recall@20': 0.1416, 'recall@50': 0.2087, 'ndcg@10': 0.0587, 'ndcg@20': 0.0692, 'ndcg@50': 0.0829}
