01 Dec 09:04    INFO  
General Hyper Parameters:
gpu_id = 3
use_gpu = True
seed = 0
state = INFO
reproducibility = True
data_path = dataset/Beauty
show_progress = False

Training Hyper Parameters:
checkpoint_dir = saved_best
epochs = 500
train_batch_size = 256
learner = adam
learning_rate = 0.001
training_neg_sample_num = 0
training_neg_sample_distribution = uniform
eval_step = 1
stopping_step = 10
clip_grad_norm = None
weight_decay = 1e-06
draw_loss_pic = False
loss_decimal_place = 4

Evaluation Hyper Parameters:
eval_setting = RO_RS,full
group_by_user = True
split_ratio = [0.8, 0.1, 0.1]
leave_one_num = 2
real_time_process = False
metrics = ['Recall', 'NDCG']
topk = [10, 20, 50]
valid_metric = NDCG@20
eval_batch_size = 4096
metric_decimal_place = 4

Dataset Hyper Parameters:
field_separator = 	
seq_separator =  
USER_ID_FIELD = user_id
ITEM_ID_FIELD = item_id
RATING_FIELD = rating
TIME_FIELD = timestamp
seq_len = None
LABEL_FIELD = label
threshold = None
NEG_PREFIX = neg_
load_col = {'inter': ['user_id', 'item_id', 'timestamp']}
unload_col = None
unused_col = None
additional_feat_suffix = None
lowest_val = None
highest_val = None
equal_val = None
not_equal_val = None
max_user_inter_num = None
min_user_inter_num = 5
max_item_inter_num = None
min_item_inter_num = 5
fields_in_same_space = None
preload_weight = None
normalize_field = None
normalize_all = None
ITEM_LIST_LENGTH_FIELD = item_length
LIST_SUFFIX = _list
MAX_ITEM_LIST_LENGTH = 50
POSITION_FIELD = position_id
HEAD_ENTITY_ID_FIELD = head_id
TAIL_ENTITY_ID_FIELD = tail_id
RELATION_ID_FIELD = relation_id
ENTITY_ID_FIELD = entity_id

Other Hyper Parameters: 
valid_metric_bigger = True
BT = 0.1
alpha = 0.9
alpha_i = None
alpha_u = None
d = 0.5
embedding_size = 64
encoder = MF
gamma = 0.4
std = 0.01
std_i = None
std_u = None
times = 1
rm_dup_inter = None
filter_inter_by_user_or_item = True
SOURCE_ID_FIELD = source_id
TARGET_ID_FIELD = target_id
benchmark_filename = None
MODEL_TYPE = ModelType.GENERAL
MODEL_INPUT_TYPE = InputType.POINTWISE
eval_type = EvaluatorType.RANKING
device = cuda
train_neg_sample_args = {'strategy': 'none'}


01 Dec 09:04    INFO  Beauty
The number of users: 22364
Average actions of users: 8.876358270357287
The number of items: 12102
Average actions of items: 16.403768283612923
The number of inters: 198502
The sparsity of the dataset: 99.92665707018277%
Remain Fields: ['user_id', 'item_id', 'timestamp']
01 Dec 09:04    INFO  Build [GeneralDataLoader] for [train] with format [InputType.POINTWISE]
01 Dec 09:04    INFO  [train] No Negative Sampling
01 Dec 09:04    INFO  [train] batch_size = [256], shuffle = [True]

01 Dec 09:04    INFO  Build [GeneralFullDataLoader] for [evaluation] with format [InputType.POINTWISE]
01 Dec 09:04    INFO  Evaluation Setting:
	Group by user_id
	Ordering: {'strategy': 'shuffle'}
	Splitting: {'strategy': 'by_ratio', 'ratios': [0.8, 0.1, 0.1]}
	Negative Sampling: {'strategy': 'full', 'distribution': 'uniform'}
01 Dec 09:04    INFO  [evaluation] batch_size = [4096], shuffle = [False]

01 Dec 09:04    WARNING  Batch size is changed to 12102.
01 Dec 09:04    WARNING  Batch size is changed to 12102.
this is encoder MF...
这是directau 的 RE 版本...gamma0.4, d0.5, alpha0.9, std0.01
01 Dec 09:05    INFO  RauCL(
  (encoder): MFEncoder(
    (user_embedding): Embedding(22364, 64)
    (item_embedding): Embedding(12102, 64)
  )
)
Trainable parameters: 2205824
01 Dec 09:05    INFO  epoch 0 training [time: 2.50s, train loss: 0.4221]
01 Dec 09:05    INFO  epoch 0 evaluating [time: 9.76s, valid_score: 0.013300]
01 Dec 09:05    INFO  valid result: 
recall@10 : 0.0185    recall@20 : 0.0301    recall@50 : 0.0489    ndcg@10 : 0.0102    ndcg@20 : 0.0133    ndcg@50 : 0.0173    
01 Dec 09:05    INFO  Saving current best: saved_best/RauCL-Dec-01-2023_09-05-03.pth
01 Dec 09:05    INFO  epoch 1 training [time: 2.33s, train loss: -0.0971]
01 Dec 09:05    INFO  epoch 1 evaluating [time: 10.39s, valid_score: 0.018800]
01 Dec 09:05    INFO  valid result: 
recall@10 : 0.0261    recall@20 : 0.0427    recall@50 : 0.0691    ndcg@10 : 0.0144    ndcg@20 : 0.0188    ndcg@50 : 0.0244    
01 Dec 09:05    INFO  Saving current best: saved_best/RauCL-Dec-01-2023_09-05-03.pth
01 Dec 09:05    INFO  epoch 2 training [time: 2.00s, train loss: -0.2350]
01 Dec 09:05    INFO  epoch 2 evaluating [time: 10.34s, valid_score: 0.022400]
01 Dec 09:05    INFO  valid result: 
recall@10 : 0.0323    recall@20 : 0.0508    recall@50 : 0.0816    ndcg@10 : 0.0175    ndcg@20 : 0.0224    ndcg@50 : 0.0289    
01 Dec 09:05    INFO  Saving current best: saved_best/RauCL-Dec-01-2023_09-05-03.pth
01 Dec 09:05    INFO  epoch 3 training [time: 2.02s, train loss: -0.3031]
01 Dec 09:05    INFO  epoch 3 evaluating [time: 9.42s, valid_score: 0.024900]
01 Dec 09:05    INFO  valid result: 
recall@10 : 0.0359    recall@20 : 0.056    recall@50 : 0.0894    ndcg@10 : 0.0196    ndcg@20 : 0.0249    ndcg@50 : 0.0319    
01 Dec 09:05    INFO  Saving current best: saved_best/RauCL-Dec-01-2023_09-05-03.pth
01 Dec 09:05    INFO  epoch 4 training [time: 2.44s, train loss: -0.3478]
01 Dec 09:06    INFO  epoch 4 evaluating [time: 10.80s, valid_score: 0.027200]
01 Dec 09:06    INFO  valid result: 
recall@10 : 0.0395    recall@20 : 0.0596    recall@50 : 0.0952    ndcg@10 : 0.0219    ndcg@20 : 0.0272    ndcg@50 : 0.0347    
01 Dec 09:06    INFO  Saving current best: saved_best/RauCL-Dec-01-2023_09-05-03.pth
01 Dec 09:06    INFO  epoch 5 training [time: 2.35s, train loss: -0.3806]
01 Dec 09:06    INFO  epoch 5 evaluating [time: 9.49s, valid_score: 0.028700]
01 Dec 09:06    INFO  valid result: 
recall@10 : 0.0423    recall@20 : 0.0624    recall@50 : 0.1006    ndcg@10 : 0.0233    ndcg@20 : 0.0287    ndcg@50 : 0.0366    
01 Dec 09:06    INFO  Saving current best: saved_best/RauCL-Dec-01-2023_09-05-03.pth
01 Dec 09:06    INFO  epoch 6 training [time: 2.34s, train loss: -0.4072]
01 Dec 09:06    INFO  epoch 6 evaluating [time: 9.17s, valid_score: 0.029900]
01 Dec 09:06    INFO  valid result: 
recall@10 : 0.0444    recall@20 : 0.0665    recall@50 : 0.1052    ndcg@10 : 0.024    ndcg@20 : 0.0299    ndcg@50 : 0.038    
01 Dec 09:06    INFO  Saving current best: saved_best/RauCL-Dec-01-2023_09-05-03.pth
01 Dec 09:06    INFO  epoch 7 training [time: 2.22s, train loss: -0.4287]
01 Dec 09:06    INFO  epoch 7 evaluating [time: 11.63s, valid_score: 0.031400]
01 Dec 09:06    INFO  valid result: 
recall@10 : 0.0466    recall@20 : 0.0693    recall@50 : 0.1097    ndcg@10 : 0.0254    ndcg@20 : 0.0314    ndcg@50 : 0.0398    
01 Dec 09:06    INFO  Saving current best: saved_best/RauCL-Dec-01-2023_09-05-03.pth
01 Dec 09:06    INFO  epoch 8 training [time: 2.60s, train loss: -0.4479]
01 Dec 09:06    INFO  epoch 8 evaluating [time: 10.56s, valid_score: 0.032600]
01 Dec 09:06    INFO  valid result: 
recall@10 : 0.0484    recall@20 : 0.0728    recall@50 : 0.1136    ndcg@10 : 0.0262    ndcg@20 : 0.0326    ndcg@50 : 0.0411    
01 Dec 09:06    INFO  Saving current best: saved_best/RauCL-Dec-01-2023_09-05-03.pth
01 Dec 09:06    INFO  epoch 9 training [time: 2.34s, train loss: -0.4649]
01 Dec 09:07    INFO  epoch 9 evaluating [time: 9.51s, valid_score: 0.033500]
01 Dec 09:07    INFO  valid result: 
recall@10 : 0.0505    recall@20 : 0.0736    recall@50 : 0.1165    ndcg@10 : 0.0273    ndcg@20 : 0.0335    ndcg@50 : 0.0424    
01 Dec 09:07    INFO  Saving current best: saved_best/RauCL-Dec-01-2023_09-05-03.pth
01 Dec 09:07    INFO  epoch 10 training [time: 2.33s, train loss: -0.4800]
01 Dec 09:07    INFO  epoch 10 evaluating [time: 9.27s, valid_score: 0.034600]
01 Dec 09:07    INFO  valid result: 
recall@10 : 0.0512    recall@20 : 0.0764    recall@50 : 0.1191    ndcg@10 : 0.0279    ndcg@20 : 0.0346    ndcg@50 : 0.0435    
01 Dec 09:07    INFO  Saving current best: saved_best/RauCL-Dec-01-2023_09-05-03.pth
01 Dec 09:07    INFO  epoch 11 training [time: 2.42s, train loss: -0.4941]
01 Dec 09:07    INFO  epoch 11 evaluating [time: 9.36s, valid_score: 0.036200]
01 Dec 09:07    INFO  valid result: 
recall@10 : 0.0533    recall@20 : 0.0784    recall@50 : 0.1233    ndcg@10 : 0.0296    ndcg@20 : 0.0362    ndcg@50 : 0.0456    
01 Dec 09:07    INFO  Saving current best: saved_best/RauCL-Dec-01-2023_09-05-03.pth
01 Dec 09:07    INFO  epoch 12 training [time: 2.32s, train loss: -0.5071]
01 Dec 09:07    INFO  epoch 12 evaluating [time: 9.33s, valid_score: 0.036800]
01 Dec 09:07    INFO  valid result: 
recall@10 : 0.054    recall@20 : 0.0801    recall@50 : 0.1261    ndcg@10 : 0.0299    ndcg@20 : 0.0368    ndcg@50 : 0.0464    
01 Dec 09:07    INFO  Saving current best: saved_best/RauCL-Dec-01-2023_09-05-03.pth
01 Dec 09:07    INFO  epoch 13 training [time: 2.34s, train loss: -0.5190]
01 Dec 09:07    INFO  epoch 13 evaluating [time: 9.34s, valid_score: 0.037800]
01 Dec 09:07    INFO  valid result: 
recall@10 : 0.0548    recall@20 : 0.0828    recall@50 : 0.1304    ndcg@10 : 0.0304    ndcg@20 : 0.0378    ndcg@50 : 0.0476    
01 Dec 09:07    INFO  Saving current best: saved_best/RauCL-Dec-01-2023_09-05-03.pth
01 Dec 09:07    INFO  epoch 14 training [time: 2.50s, train loss: -0.5311]
01 Dec 09:08    INFO  epoch 14 evaluating [time: 11.50s, valid_score: 0.038300]
01 Dec 09:08    INFO  valid result: 
recall@10 : 0.0568    recall@20 : 0.0837    recall@50 : 0.1325    ndcg@10 : 0.0312    ndcg@20 : 0.0383    ndcg@50 : 0.0483    
01 Dec 09:08    INFO  Saving current best: saved_best/RauCL-Dec-01-2023_09-05-03.pth
01 Dec 09:08    INFO  epoch 15 training [time: 2.39s, train loss: -0.5417]
01 Dec 09:08    INFO  epoch 15 evaluating [time: 9.43s, valid_score: 0.039600]
01 Dec 09:08    INFO  valid result: 
recall@10 : 0.0584    recall@20 : 0.0856    recall@50 : 0.135    ndcg@10 : 0.0324    ndcg@20 : 0.0396    ndcg@50 : 0.0498    
01 Dec 09:08    INFO  Saving current best: saved_best/RauCL-Dec-01-2023_09-05-03.pth
01 Dec 09:08    INFO  epoch 16 training [time: 2.33s, train loss: -0.5521]
01 Dec 09:08    INFO  epoch 16 evaluating [time: 9.28s, valid_score: 0.040400]
01 Dec 09:08    INFO  valid result: 
recall@10 : 0.0599    recall@20 : 0.087    recall@50 : 0.1372    ndcg@10 : 0.0332    ndcg@20 : 0.0404    ndcg@50 : 0.0508    
01 Dec 09:08    INFO  Saving current best: saved_best/RauCL-Dec-01-2023_09-05-03.pth
01 Dec 09:08    INFO  epoch 17 training [time: 2.28s, train loss: -0.5622]
01 Dec 09:08    INFO  epoch 17 evaluating [time: 9.43s, valid_score: 0.041400]
01 Dec 09:08    INFO  valid result: 
recall@10 : 0.0595    recall@20 : 0.0898    recall@50 : 0.1386    ndcg@10 : 0.0334    ndcg@20 : 0.0414    ndcg@50 : 0.0515    
01 Dec 09:08    INFO  Saving current best: saved_best/RauCL-Dec-01-2023_09-05-03.pth
01 Dec 09:08    INFO  epoch 18 training [time: 2.30s, train loss: -0.5715]
01 Dec 09:08    INFO  epoch 18 evaluating [time: 9.25s, valid_score: 0.042500]
01 Dec 09:08    INFO  valid result: 
recall@10 : 0.0624    recall@20 : 0.0911    recall@50 : 0.143    ndcg@10 : 0.0349    ndcg@20 : 0.0425    ndcg@50 : 0.0532    
01 Dec 09:08    INFO  Saving current best: saved_best/RauCL-Dec-01-2023_09-05-03.pth
01 Dec 09:08    INFO  epoch 19 training [time: 2.60s, train loss: -0.5807]
01 Dec 09:09    INFO  epoch 19 evaluating [time: 11.71s, valid_score: 0.043300]
01 Dec 09:09    INFO  valid result: 
recall@10 : 0.0639    recall@20 : 0.093    recall@50 : 0.144    ndcg@10 : 0.0356    ndcg@20 : 0.0433    ndcg@50 : 0.0538    
01 Dec 09:09    INFO  Saving current best: saved_best/RauCL-Dec-01-2023_09-05-03.pth
01 Dec 09:09    INFO  epoch 20 training [time: 2.35s, train loss: -0.5890]
01 Dec 09:09    INFO  epoch 20 evaluating [time: 9.59s, valid_score: 0.043900]
01 Dec 09:09    INFO  valid result: 
recall@10 : 0.0647    recall@20 : 0.0934    recall@50 : 0.1459    ndcg@10 : 0.0363    ndcg@20 : 0.0439    ndcg@50 : 0.0547    
01 Dec 09:09    INFO  Saving current best: saved_best/RauCL-Dec-01-2023_09-05-03.pth
01 Dec 09:09    INFO  epoch 21 training [time: 2.29s, train loss: -0.5972]
01 Dec 09:09    INFO  epoch 21 evaluating [time: 9.28s, valid_score: 0.044900]
01 Dec 09:09    INFO  valid result: 
recall@10 : 0.0654    recall@20 : 0.0953    recall@50 : 0.1495    ndcg@10 : 0.037    ndcg@20 : 0.0449    ndcg@50 : 0.0561    
01 Dec 09:09    INFO  Saving current best: saved_best/RauCL-Dec-01-2023_09-05-03.pth
01 Dec 09:09    INFO  epoch 22 training [time: 2.34s, train loss: -0.6052]
01 Dec 09:09    INFO  epoch 22 evaluating [time: 9.40s, valid_score: 0.045600]
01 Dec 09:09    INFO  valid result: 
recall@10 : 0.0667    recall@20 : 0.0976    recall@50 : 0.1507    ndcg@10 : 0.0375    ndcg@20 : 0.0456    ndcg@50 : 0.0566    
01 Dec 09:09    INFO  Saving current best: saved_best/RauCL-Dec-01-2023_09-05-03.pth
01 Dec 09:09    INFO  epoch 23 training [time: 2.09s, train loss: -0.6126]
01 Dec 09:09    INFO  epoch 23 evaluating [time: 9.21s, valid_score: 0.046100]
01 Dec 09:09    INFO  valid result: 
recall@10 : 0.0684    recall@20 : 0.0987    recall@50 : 0.1523    ndcg@10 : 0.038    ndcg@20 : 0.0461    ndcg@50 : 0.0571    
01 Dec 09:09    INFO  Saving current best: saved_best/RauCL-Dec-01-2023_09-05-03.pth
01 Dec 09:09    INFO  epoch 24 training [time: 2.48s, train loss: -0.6197]
01 Dec 09:10    INFO  epoch 24 evaluating [time: 9.44s, valid_score: 0.046800]
01 Dec 09:10    INFO  valid result: 
recall@10 : 0.0687    recall@20 : 0.1006    recall@50 : 0.1537    ndcg@10 : 0.0384    ndcg@20 : 0.0468    ndcg@50 : 0.0577    
01 Dec 09:10    INFO  Saving current best: saved_best/RauCL-Dec-01-2023_09-05-03.pth
01 Dec 09:10    INFO  epoch 25 training [time: 2.15s, train loss: -0.6264]
01 Dec 09:10    INFO  epoch 25 evaluating [time: 9.32s, valid_score: 0.047300]
01 Dec 09:10    INFO  valid result: 
recall@10 : 0.0699    recall@20 : 0.1015    recall@50 : 0.1553    ndcg@10 : 0.039    ndcg@20 : 0.0473    ndcg@50 : 0.0584    
01 Dec 09:10    INFO  Saving current best: saved_best/RauCL-Dec-01-2023_09-05-03.pth
01 Dec 09:10    INFO  epoch 26 training [time: 2.40s, train loss: -0.6328]
01 Dec 09:10    INFO  epoch 26 evaluating [time: 11.58s, valid_score: 0.047700]
01 Dec 09:10    INFO  valid result: 
recall@10 : 0.0705    recall@20 : 0.1024    recall@50 : 0.1583    ndcg@10 : 0.0392    ndcg@20 : 0.0477    ndcg@50 : 0.0592    
01 Dec 09:10    INFO  Saving current best: saved_best/RauCL-Dec-01-2023_09-05-03.pth
01 Dec 09:10    INFO  epoch 27 training [time: 2.29s, train loss: -0.6392]
01 Dec 09:10    INFO  epoch 27 evaluating [time: 9.29s, valid_score: 0.048500]
01 Dec 09:10    INFO  valid result: 
recall@10 : 0.0714    recall@20 : 0.1044    recall@50 : 0.1596    ndcg@10 : 0.0399    ndcg@20 : 0.0485    ndcg@50 : 0.0599    
01 Dec 09:10    INFO  Saving current best: saved_best/RauCL-Dec-01-2023_09-05-03.pth
01 Dec 09:10    INFO  epoch 28 training [time: 2.63s, train loss: -0.6453]
01 Dec 09:10    INFO  epoch 28 evaluating [time: 9.50s, valid_score: 0.048600]
01 Dec 09:10    INFO  valid result: 
recall@10 : 0.0719    recall@20 : 0.1052    recall@50 : 0.1619    ndcg@10 : 0.0399    ndcg@20 : 0.0486    ndcg@50 : 0.0603    
01 Dec 09:10    INFO  Saving current best: saved_best/RauCL-Dec-01-2023_09-05-03.pth
01 Dec 09:11    INFO  epoch 29 training [time: 2.54s, train loss: -0.6511]
01 Dec 09:11    INFO  epoch 29 evaluating [time: 11.57s, valid_score: 0.049200]
01 Dec 09:11    INFO  valid result: 
recall@10 : 0.0728    recall@20 : 0.1065    recall@50 : 0.1639    ndcg@10 : 0.0404    ndcg@20 : 0.0492    ndcg@50 : 0.061    
01 Dec 09:11    INFO  Saving current best: saved_best/RauCL-Dec-01-2023_09-05-03.pth
01 Dec 09:11    INFO  epoch 30 training [time: 2.54s, train loss: -0.6569]
01 Dec 09:11    INFO  epoch 30 evaluating [time: 11.68s, valid_score: 0.050000]
01 Dec 09:11    INFO  valid result: 
recall@10 : 0.0733    recall@20 : 0.1076    recall@50 : 0.1644    ndcg@10 : 0.041    ndcg@20 : 0.05    ndcg@50 : 0.0617    
01 Dec 09:11    INFO  Saving current best: saved_best/RauCL-Dec-01-2023_09-05-03.pth
01 Dec 09:11    INFO  epoch 31 training [time: 2.55s, train loss: -0.6618]
01 Dec 09:11    INFO  epoch 31 evaluating [time: 11.58s, valid_score: 0.050300]
01 Dec 09:11    INFO  valid result: 
recall@10 : 0.0747    recall@20 : 0.1076    recall@50 : 0.1653    ndcg@10 : 0.0417    ndcg@20 : 0.0503    ndcg@50 : 0.0622    
01 Dec 09:11    INFO  Saving current best: saved_best/RauCL-Dec-01-2023_09-05-03.pth
01 Dec 09:11    INFO  epoch 32 training [time: 2.30s, train loss: -0.6669]
01 Dec 09:11    INFO  epoch 32 evaluating [time: 9.50s, valid_score: 0.050700]
01 Dec 09:11    INFO  valid result: 
recall@10 : 0.0756    recall@20 : 0.1091    recall@50 : 0.1669    ndcg@10 : 0.0419    ndcg@20 : 0.0507    ndcg@50 : 0.0626    
01 Dec 09:11    INFO  Saving current best: saved_best/RauCL-Dec-01-2023_09-05-03.pth
01 Dec 09:11    INFO  epoch 33 training [time: 2.38s, train loss: -0.6719]
01 Dec 09:12    INFO  epoch 33 evaluating [time: 9.36s, valid_score: 0.050700]
01 Dec 09:12    INFO  valid result: 
recall@10 : 0.0759    recall@20 : 0.1096    recall@50 : 0.1677    ndcg@10 : 0.0419    ndcg@20 : 0.0507    ndcg@50 : 0.0627    
01 Dec 09:12    INFO  epoch 34 training [time: 2.34s, train loss: -0.6768]
01 Dec 09:12    INFO  epoch 34 evaluating [time: 9.45s, valid_score: 0.051300]
01 Dec 09:12    INFO  valid result: 
recall@10 : 0.0762    recall@20 : 0.1102    recall@50 : 0.1706    ndcg@10 : 0.0424    ndcg@20 : 0.0513    ndcg@50 : 0.0638    
01 Dec 09:12    INFO  Saving current best: saved_best/RauCL-Dec-01-2023_09-05-03.pth
01 Dec 09:12    INFO  epoch 35 training [time: 2.31s, train loss: -0.6811]
01 Dec 09:12    INFO  epoch 35 evaluating [time: 9.20s, valid_score: 0.052200]
01 Dec 09:12    INFO  valid result: 
recall@10 : 0.0769    recall@20 : 0.1123    recall@50 : 0.1716    ndcg@10 : 0.0429    ndcg@20 : 0.0522    ndcg@50 : 0.0644    
01 Dec 09:12    INFO  Saving current best: saved_best/RauCL-Dec-01-2023_09-05-03.pth
01 Dec 09:12    INFO  epoch 36 training [time: 2.37s, train loss: -0.6852]
01 Dec 09:12    INFO  epoch 36 evaluating [time: 9.37s, valid_score: 0.052300]
01 Dec 09:12    INFO  valid result: 
recall@10 : 0.078    recall@20 : 0.1129    recall@50 : 0.1725    ndcg@10 : 0.0431    ndcg@20 : 0.0523    ndcg@50 : 0.0646    
01 Dec 09:12    INFO  Saving current best: saved_best/RauCL-Dec-01-2023_09-05-03.pth
01 Dec 09:12    INFO  epoch 37 training [time: 2.28s, train loss: -0.6897]
01 Dec 09:12    INFO  epoch 37 evaluating [time: 9.32s, valid_score: 0.052800]
01 Dec 09:12    INFO  valid result: 
recall@10 : 0.0787    recall@20 : 0.1146    recall@50 : 0.1742    ndcg@10 : 0.0434    ndcg@20 : 0.0528    ndcg@50 : 0.065    
01 Dec 09:12    INFO  Saving current best: saved_best/RauCL-Dec-01-2023_09-05-03.pth
01 Dec 09:12    INFO  epoch 38 training [time: 2.32s, train loss: -0.6944]
01 Dec 09:13    INFO  epoch 38 evaluating [time: 9.19s, valid_score: 0.053400]
01 Dec 09:13    INFO  valid result: 
recall@10 : 0.0797    recall@20 : 0.1157    recall@50 : 0.1752    ndcg@10 : 0.044    ndcg@20 : 0.0534    ndcg@50 : 0.0656    
01 Dec 09:13    INFO  Saving current best: saved_best/RauCL-Dec-01-2023_09-05-03.pth
01 Dec 09:13    INFO  epoch 39 training [time: 2.35s, train loss: -0.6973]
01 Dec 09:13    INFO  epoch 39 evaluating [time: 9.36s, valid_score: 0.054100]
01 Dec 09:13    INFO  valid result: 
recall@10 : 0.0804    recall@20 : 0.1166    recall@50 : 0.1762    ndcg@10 : 0.0446    ndcg@20 : 0.0541    ndcg@50 : 0.0664    
01 Dec 09:13    INFO  Saving current best: saved_best/RauCL-Dec-01-2023_09-05-03.pth
01 Dec 09:13    INFO  epoch 40 training [time: 2.28s, train loss: -0.7007]
01 Dec 09:13    INFO  epoch 40 evaluating [time: 9.13s, valid_score: 0.054600]
01 Dec 09:13    INFO  valid result: 
recall@10 : 0.0811    recall@20 : 0.1173    recall@50 : 0.1772    ndcg@10 : 0.0451    ndcg@20 : 0.0546    ndcg@50 : 0.0669    
01 Dec 09:13    INFO  Saving current best: saved_best/RauCL-Dec-01-2023_09-05-03.pth
01 Dec 09:13    INFO  epoch 41 training [time: 2.15s, train loss: -0.7045]
01 Dec 09:13    INFO  epoch 41 evaluating [time: 9.41s, valid_score: 0.054500]
01 Dec 09:13    INFO  valid result: 
recall@10 : 0.0823    recall@20 : 0.1174    recall@50 : 0.1784    ndcg@10 : 0.0454    ndcg@20 : 0.0545    ndcg@50 : 0.067    
01 Dec 09:13    INFO  epoch 42 training [time: 2.35s, train loss: -0.7079]
01 Dec 09:13    INFO  epoch 42 evaluating [time: 9.23s, valid_score: 0.054700]
01 Dec 09:13    INFO  valid result: 
recall@10 : 0.082    recall@20 : 0.1181    recall@50 : 0.1797    ndcg@10 : 0.0453    ndcg@20 : 0.0547    ndcg@50 : 0.0674    
01 Dec 09:13    INFO  Saving current best: saved_best/RauCL-Dec-01-2023_09-05-03.pth
01 Dec 09:13    INFO  epoch 43 training [time: 2.28s, train loss: -0.7108]
01 Dec 09:14    INFO  epoch 43 evaluating [time: 9.53s, valid_score: 0.055100]
01 Dec 09:14    INFO  valid result: 
recall@10 : 0.0825    recall@20 : 0.1196    recall@50 : 0.1809    ndcg@10 : 0.0455    ndcg@20 : 0.0551    ndcg@50 : 0.0677    
01 Dec 09:14    INFO  Saving current best: saved_best/RauCL-Dec-01-2023_09-05-03.pth
01 Dec 09:14    INFO  epoch 44 training [time: 2.30s, train loss: -0.7142]
01 Dec 09:14    INFO  epoch 44 evaluating [time: 9.30s, valid_score: 0.055200]
01 Dec 09:14    INFO  valid result: 
recall@10 : 0.0824    recall@20 : 0.1188    recall@50 : 0.181    ndcg@10 : 0.0458    ndcg@20 : 0.0552    ndcg@50 : 0.068    
01 Dec 09:14    INFO  Saving current best: saved_best/RauCL-Dec-01-2023_09-05-03.pth
01 Dec 09:14    INFO  epoch 45 training [time: 2.30s, train loss: -0.7175]
01 Dec 09:14    INFO  epoch 45 evaluating [time: 9.25s, valid_score: 0.055900]
01 Dec 09:14    INFO  valid result: 
recall@10 : 0.0839    recall@20 : 0.1193    recall@50 : 0.1823    ndcg@10 : 0.0466    ndcg@20 : 0.0559    ndcg@50 : 0.0689    
01 Dec 09:14    INFO  Saving current best: saved_best/RauCL-Dec-01-2023_09-05-03.pth
01 Dec 09:14    INFO  epoch 46 training [time: 2.21s, train loss: -0.7199]
01 Dec 09:14    INFO  epoch 46 evaluating [time: 9.18s, valid_score: 0.055800]
01 Dec 09:14    INFO  valid result: 
recall@10 : 0.0841    recall@20 : 0.1206    recall@50 : 0.1839    ndcg@10 : 0.0463    ndcg@20 : 0.0558    ndcg@50 : 0.0689    
01 Dec 09:14    INFO  epoch 47 training [time: 2.36s, train loss: -0.7226]
01 Dec 09:14    INFO  epoch 47 evaluating [time: 9.48s, valid_score: 0.055800]
01 Dec 09:14    INFO  valid result: 
recall@10 : 0.0843    recall@20 : 0.12    recall@50 : 0.1835    ndcg@10 : 0.0465    ndcg@20 : 0.0558    ndcg@50 : 0.0689    
01 Dec 09:14    INFO  epoch 48 training [time: 2.22s, train loss: -0.7249]
01 Dec 09:14    INFO  epoch 48 evaluating [time: 9.24s, valid_score: 0.056100]
01 Dec 09:14    INFO  valid result: 
recall@10 : 0.0841    recall@20 : 0.1202    recall@50 : 0.1855    ndcg@10 : 0.0467    ndcg@20 : 0.0561    ndcg@50 : 0.0695    
01 Dec 09:14    INFO  Saving current best: saved_best/RauCL-Dec-01-2023_09-05-03.pth
01 Dec 09:15    INFO  epoch 49 training [time: 2.49s, train loss: -0.7274]
01 Dec 09:15    INFO  epoch 49 evaluating [time: 9.37s, valid_score: 0.056800]
01 Dec 09:15    INFO  valid result: 
recall@10 : 0.0852    recall@20 : 0.122    recall@50 : 0.1854    ndcg@10 : 0.0472    ndcg@20 : 0.0568    ndcg@50 : 0.0698    
01 Dec 09:15    INFO  Saving current best: saved_best/RauCL-Dec-01-2023_09-05-03.pth
01 Dec 09:15    INFO  epoch 50 training [time: 2.37s, train loss: -0.7297]
01 Dec 09:15    INFO  epoch 50 evaluating [time: 9.29s, valid_score: 0.057100]
01 Dec 09:15    INFO  valid result: 
recall@10 : 0.0857    recall@20 : 0.123    recall@50 : 0.1862    ndcg@10 : 0.0474    ndcg@20 : 0.0571    ndcg@50 : 0.0701    
01 Dec 09:15    INFO  Saving current best: saved_best/RauCL-Dec-01-2023_09-05-03.pth
01 Dec 09:15    INFO  epoch 51 training [time: 2.55s, train loss: -0.7321]
01 Dec 09:15    INFO  epoch 51 evaluating [time: 9.45s, valid_score: 0.057400]
01 Dec 09:15    INFO  valid result: 
recall@10 : 0.086    recall@20 : 0.1231    recall@50 : 0.1877    ndcg@10 : 0.0477    ndcg@20 : 0.0574    ndcg@50 : 0.0707    
01 Dec 09:15    INFO  Saving current best: saved_best/RauCL-Dec-01-2023_09-05-03.pth
01 Dec 09:15    INFO  epoch 52 training [time: 2.34s, train loss: -0.7344]
01 Dec 09:15    INFO  epoch 52 evaluating [time: 9.27s, valid_score: 0.057800]
01 Dec 09:15    INFO  valid result: 
recall@10 : 0.0859    recall@20 : 0.1242    recall@50 : 0.1885    ndcg@10 : 0.0478    ndcg@20 : 0.0578    ndcg@50 : 0.071    
01 Dec 09:15    INFO  Saving current best: saved_best/RauCL-Dec-01-2023_09-05-03.pth
01 Dec 09:15    INFO  epoch 53 training [time: 2.33s, train loss: -0.7365]
01 Dec 09:15    INFO  epoch 53 evaluating [time: 9.50s, valid_score: 0.058500]
01 Dec 09:15    INFO  valid result: 
recall@10 : 0.0862    recall@20 : 0.126    recall@50 : 0.187    ndcg@10 : 0.0481    ndcg@20 : 0.0585    ndcg@50 : 0.071    
01 Dec 09:15    INFO  Saving current best: saved_best/RauCL-Dec-01-2023_09-05-03.pth
01 Dec 09:16    INFO  epoch 54 training [time: 2.35s, train loss: -0.7388]
01 Dec 09:16    INFO  epoch 54 evaluating [time: 9.24s, valid_score: 0.058900]
01 Dec 09:16    INFO  valid result: 
recall@10 : 0.0874    recall@20 : 0.1265    recall@50 : 0.1897    ndcg@10 : 0.0487    ndcg@20 : 0.0589    ndcg@50 : 0.0718    
01 Dec 09:16    INFO  Saving current best: saved_best/RauCL-Dec-01-2023_09-05-03.pth
01 Dec 09:16    INFO  epoch 55 training [time: 2.41s, train loss: -0.7404]
01 Dec 09:16    INFO  epoch 55 evaluating [time: 9.19s, valid_score: 0.059600]
01 Dec 09:16    INFO  valid result: 
recall@10 : 0.0886    recall@20 : 0.1275    recall@50 : 0.1901    ndcg@10 : 0.0494    ndcg@20 : 0.0596    ndcg@50 : 0.0724    
01 Dec 09:16    INFO  Saving current best: saved_best/RauCL-Dec-01-2023_09-05-03.pth
01 Dec 09:16    INFO  epoch 56 training [time: 2.27s, train loss: -0.7420]
01 Dec 09:16    INFO  epoch 56 evaluating [time: 9.52s, valid_score: 0.059300]
01 Dec 09:16    INFO  valid result: 
recall@10 : 0.0876    recall@20 : 0.1277    recall@50 : 0.1904    ndcg@10 : 0.0489    ndcg@20 : 0.0593    ndcg@50 : 0.0722    
01 Dec 09:16    INFO  epoch 57 training [time: 2.08s, train loss: -0.7438]
01 Dec 09:16    INFO  epoch 57 evaluating [time: 9.20s, valid_score: 0.059400]
01 Dec 09:16    INFO  valid result: 
recall@10 : 0.0885    recall@20 : 0.1281    recall@50 : 0.1913    ndcg@10 : 0.049    ndcg@20 : 0.0594    ndcg@50 : 0.0723    
01 Dec 09:16    INFO  epoch 58 training [time: 2.36s, train loss: -0.7455]
01 Dec 09:16    INFO  epoch 58 evaluating [time: 9.49s, valid_score: 0.059400]
01 Dec 09:16    INFO  valid result: 
recall@10 : 0.0889    recall@20 : 0.1277    recall@50 : 0.1918    ndcg@10 : 0.0492    ndcg@20 : 0.0594    ndcg@50 : 0.0725    
01 Dec 09:16    INFO  epoch 59 training [time: 2.33s, train loss: -0.7472]
01 Dec 09:17    INFO  epoch 59 evaluating [time: 9.34s, valid_score: 0.059800]
01 Dec 09:17    INFO  valid result: 
recall@10 : 0.0896    recall@20 : 0.1282    recall@50 : 0.1913    ndcg@10 : 0.0497    ndcg@20 : 0.0598    ndcg@50 : 0.0728    
01 Dec 09:17    INFO  Saving current best: saved_best/RauCL-Dec-01-2023_09-05-03.pth
01 Dec 09:17    INFO  epoch 60 training [time: 2.30s, train loss: -0.7485]
01 Dec 09:17    INFO  epoch 60 evaluating [time: 9.47s, valid_score: 0.060600]
01 Dec 09:17    INFO  valid result: 
recall@10 : 0.0908    recall@20 : 0.1296    recall@50 : 0.1915    ndcg@10 : 0.0505    ndcg@20 : 0.0606    ndcg@50 : 0.0734    
01 Dec 09:17    INFO  Saving current best: saved_best/RauCL-Dec-01-2023_09-05-03.pth
01 Dec 09:17    INFO  epoch 61 training [time: 2.24s, train loss: -0.7503]
01 Dec 09:17    INFO  epoch 61 evaluating [time: 9.37s, valid_score: 0.060100]
01 Dec 09:17    INFO  valid result: 
recall@10 : 0.0911    recall@20 : 0.1287    recall@50 : 0.1931    ndcg@10 : 0.0503    ndcg@20 : 0.0601    ndcg@50 : 0.0733    
01 Dec 09:17    INFO  epoch 62 training [time: 2.23s, train loss: -0.7510]
01 Dec 09:17    INFO  epoch 62 evaluating [time: 9.56s, valid_score: 0.060600]
01 Dec 09:17    INFO  valid result: 
recall@10 : 0.092    recall@20 : 0.1302    recall@50 : 0.192    ndcg@10 : 0.0506    ndcg@20 : 0.0606    ndcg@50 : 0.0733    
01 Dec 09:17    INFO  epoch 63 training [time: 2.30s, train loss: -0.7525]
01 Dec 09:17    INFO  epoch 63 evaluating [time: 9.28s, valid_score: 0.060600]
01 Dec 09:17    INFO  valid result: 
recall@10 : 0.0918    recall@20 : 0.1294    recall@50 : 0.1935    ndcg@10 : 0.0508    ndcg@20 : 0.0606    ndcg@50 : 0.0738    
01 Dec 09:17    INFO  epoch 64 training [time: 2.08s, train loss: -0.7543]
01 Dec 09:18    INFO  epoch 64 evaluating [time: 9.32s, valid_score: 0.061500]
01 Dec 09:18    INFO  valid result: 
recall@10 : 0.092    recall@20 : 0.131    recall@50 : 0.1941    ndcg@10 : 0.0513    ndcg@20 : 0.0615    ndcg@50 : 0.0744    
01 Dec 09:18    INFO  Saving current best: saved_best/RauCL-Dec-01-2023_09-05-03.pth
01 Dec 09:18    INFO  epoch 65 training [time: 2.32s, train loss: -0.7554]
01 Dec 09:18    INFO  epoch 65 evaluating [time: 9.20s, valid_score: 0.061400]
01 Dec 09:18    INFO  valid result: 
recall@10 : 0.0914    recall@20 : 0.1304    recall@50 : 0.1948    ndcg@10 : 0.0512    ndcg@20 : 0.0614    ndcg@50 : 0.0746    
01 Dec 09:18    INFO  epoch 66 training [time: 2.31s, train loss: -0.7562]
01 Dec 09:18    INFO  epoch 66 evaluating [time: 9.38s, valid_score: 0.061700]
01 Dec 09:18    INFO  valid result: 
recall@10 : 0.0912    recall@20 : 0.131    recall@50 : 0.1949    ndcg@10 : 0.0513    ndcg@20 : 0.0617    ndcg@50 : 0.0748    
01 Dec 09:18    INFO  Saving current best: saved_best/RauCL-Dec-01-2023_09-05-03.pth
01 Dec 09:18    INFO  epoch 67 training [time: 2.34s, train loss: -0.7571]
01 Dec 09:18    INFO  epoch 67 evaluating [time: 9.34s, valid_score: 0.061900]
01 Dec 09:18    INFO  valid result: 
recall@10 : 0.0915    recall@20 : 0.1313    recall@50 : 0.1952    ndcg@10 : 0.0515    ndcg@20 : 0.0619    ndcg@50 : 0.075    
01 Dec 09:18    INFO  Saving current best: saved_best/RauCL-Dec-01-2023_09-05-03.pth
01 Dec 09:18    INFO  epoch 68 training [time: 2.33s, train loss: -0.7586]
01 Dec 09:18    INFO  epoch 68 evaluating [time: 9.44s, valid_score: 0.062000]
01 Dec 09:18    INFO  valid result: 
recall@10 : 0.0927    recall@20 : 0.1314    recall@50 : 0.1952    ndcg@10 : 0.0519    ndcg@20 : 0.062    ndcg@50 : 0.0751    
01 Dec 09:18    INFO  Saving current best: saved_best/RauCL-Dec-01-2023_09-05-03.pth
01 Dec 09:18    INFO  epoch 69 training [time: 2.19s, train loss: -0.7597]
01 Dec 09:19    INFO  epoch 69 evaluating [time: 9.16s, valid_score: 0.061700]
01 Dec 09:19    INFO  valid result: 
recall@10 : 0.0914    recall@20 : 0.1307    recall@50 : 0.1961    ndcg@10 : 0.0514    ndcg@20 : 0.0617    ndcg@50 : 0.0751    
01 Dec 09:19    INFO  epoch 70 training [time: 2.32s, train loss: -0.7604]
01 Dec 09:19    INFO  epoch 70 evaluating [time: 9.33s, valid_score: 0.062300]
01 Dec 09:19    INFO  valid result: 
recall@10 : 0.0942    recall@20 : 0.1317    recall@50 : 0.197    ndcg@10 : 0.0525    ndcg@20 : 0.0623    ndcg@50 : 0.0757    
01 Dec 09:19    INFO  Saving current best: saved_best/RauCL-Dec-01-2023_09-05-03.pth
01 Dec 09:19    INFO  epoch 71 training [time: 2.34s, train loss: -0.7612]
01 Dec 09:19    INFO  epoch 71 evaluating [time: 9.32s, valid_score: 0.062100]
01 Dec 09:19    INFO  valid result: 
recall@10 : 0.093    recall@20 : 0.1312    recall@50 : 0.1983    ndcg@10 : 0.0521    ndcg@20 : 0.0621    ndcg@50 : 0.0758    
01 Dec 09:19    INFO  epoch 72 training [time: 2.41s, train loss: -0.7621]
01 Dec 09:19    INFO  epoch 72 evaluating [time: 9.21s, valid_score: 0.062900]
01 Dec 09:19    INFO  valid result: 
recall@10 : 0.0931    recall@20 : 0.1327    recall@50 : 0.1981    ndcg@10 : 0.0525    ndcg@20 : 0.0629    ndcg@50 : 0.0763    
01 Dec 09:19    INFO  Saving current best: saved_best/RauCL-Dec-01-2023_09-05-03.pth
01 Dec 09:19    INFO  epoch 73 training [time: 2.40s, train loss: -0.7631]
01 Dec 09:19    INFO  epoch 73 evaluating [time: 9.40s, valid_score: 0.063000]
01 Dec 09:19    INFO  valid result: 
recall@10 : 0.0938    recall@20 : 0.1336    recall@50 : 0.1979    ndcg@10 : 0.0527    ndcg@20 : 0.063    ndcg@50 : 0.0762    
01 Dec 09:19    INFO  Saving current best: saved_best/RauCL-Dec-01-2023_09-05-03.pth
01 Dec 09:19    INFO  epoch 74 training [time: 2.38s, train loss: -0.7637]
01 Dec 09:20    INFO  epoch 74 evaluating [time: 9.29s, valid_score: 0.063000]
01 Dec 09:20    INFO  valid result: 
recall@10 : 0.0931    recall@20 : 0.1338    recall@50 : 0.1977    ndcg@10 : 0.0524    ndcg@20 : 0.063    ndcg@50 : 0.0761    
01 Dec 09:20    INFO  epoch 75 training [time: 2.30s, train loss: -0.7646]
01 Dec 09:20    INFO  epoch 75 evaluating [time: 9.29s, valid_score: 0.062700]
01 Dec 09:20    INFO  valid result: 
recall@10 : 0.094    recall@20 : 0.1334    recall@50 : 0.1972    ndcg@10 : 0.0524    ndcg@20 : 0.0627    ndcg@50 : 0.0759    
01 Dec 09:20    INFO  epoch 76 training [time: 2.31s, train loss: -0.7655]
01 Dec 09:20    INFO  epoch 76 evaluating [time: 9.20s, valid_score: 0.063500]
01 Dec 09:20    INFO  valid result: 
recall@10 : 0.0951    recall@20 : 0.1338    recall@50 : 0.1989    ndcg@10 : 0.0534    ndcg@20 : 0.0635    ndcg@50 : 0.0769    
01 Dec 09:20    INFO  Saving current best: saved_best/RauCL-Dec-01-2023_09-05-03.pth
01 Dec 09:20    INFO  epoch 77 training [time: 2.30s, train loss: -0.7659]
01 Dec 09:20    INFO  epoch 77 evaluating [time: 9.53s, valid_score: 0.063100]
01 Dec 09:20    INFO  valid result: 
recall@10 : 0.0938    recall@20 : 0.1347    recall@50 : 0.199    ndcg@10 : 0.0524    ndcg@20 : 0.0631    ndcg@50 : 0.0763    
01 Dec 09:20    INFO  epoch 78 training [time: 2.25s, train loss: -0.7668]
01 Dec 09:20    INFO  epoch 78 evaluating [time: 9.14s, valid_score: 0.063300]
01 Dec 09:20    INFO  valid result: 
recall@10 : 0.0945    recall@20 : 0.1339    recall@50 : 0.1988    ndcg@10 : 0.053    ndcg@20 : 0.0633    ndcg@50 : 0.0766    
01 Dec 09:20    INFO  epoch 79 training [time: 2.24s, train loss: -0.7672]
01 Dec 09:21    INFO  epoch 79 evaluating [time: 9.47s, valid_score: 0.063500]
01 Dec 09:21    INFO  valid result: 
recall@10 : 0.0943    recall@20 : 0.1349    recall@50 : 0.1991    ndcg@10 : 0.0529    ndcg@20 : 0.0635    ndcg@50 : 0.0766    
01 Dec 09:21    INFO  epoch 80 training [time: 2.26s, train loss: -0.7678]
01 Dec 09:21    INFO  epoch 80 evaluating [time: 9.46s, valid_score: 0.063400]
01 Dec 09:21    INFO  valid result: 
recall@10 : 0.094    recall@20 : 0.1347    recall@50 : 0.2004    ndcg@10 : 0.0528    ndcg@20 : 0.0634    ndcg@50 : 0.0769    
01 Dec 09:21    INFO  epoch 81 training [time: 2.29s, train loss: -0.7686]
01 Dec 09:21    INFO  epoch 81 evaluating [time: 9.40s, valid_score: 0.063700]
01 Dec 09:21    INFO  valid result: 
recall@10 : 0.0946    recall@20 : 0.1357    recall@50 : 0.2    ndcg@10 : 0.053    ndcg@20 : 0.0637    ndcg@50 : 0.0769    
01 Dec 09:21    INFO  Saving current best: saved_best/RauCL-Dec-01-2023_09-05-03.pth
01 Dec 09:21    INFO  epoch 82 training [time: 2.08s, train loss: -0.7689]
01 Dec 09:21    INFO  epoch 82 evaluating [time: 9.35s, valid_score: 0.063400]
01 Dec 09:21    INFO  valid result: 
recall@10 : 0.0947    recall@20 : 0.1352    recall@50 : 0.1994    ndcg@10 : 0.0528    ndcg@20 : 0.0634    ndcg@50 : 0.0766    
01 Dec 09:21    INFO  epoch 83 training [time: 2.09s, train loss: -0.7694]
01 Dec 09:21    INFO  epoch 83 evaluating [time: 9.43s, valid_score: 0.063900]
01 Dec 09:21    INFO  valid result: 
recall@10 : 0.0949    recall@20 : 0.1361    recall@50 : 0.2009    ndcg@10 : 0.0532    ndcg@20 : 0.0639    ndcg@50 : 0.0772    
01 Dec 09:21    INFO  Saving current best: saved_best/RauCL-Dec-01-2023_09-05-03.pth
01 Dec 09:21    INFO  epoch 84 training [time: 2.17s, train loss: -0.7701]
01 Dec 09:21    INFO  epoch 84 evaluating [time: 9.28s, valid_score: 0.063800]
01 Dec 09:21    INFO  valid result: 
recall@10 : 0.0952    recall@20 : 0.136    recall@50 : 0.2004    ndcg@10 : 0.0532    ndcg@20 : 0.0638    ndcg@50 : 0.077    
01 Dec 09:22    INFO  epoch 85 training [time: 2.27s, train loss: -0.7706]
01 Dec 09:22    INFO  epoch 85 evaluating [time: 9.45s, valid_score: 0.063900]
01 Dec 09:22    INFO  valid result: 
recall@10 : 0.0941    recall@20 : 0.1357    recall@50 : 0.2003    ndcg@10 : 0.053    ndcg@20 : 0.0639    ndcg@50 : 0.0772    
01 Dec 09:22    INFO  epoch 86 training [time: 2.37s, train loss: -0.7712]
01 Dec 09:22    INFO  epoch 86 evaluating [time: 9.28s, valid_score: 0.064300]
01 Dec 09:22    INFO  valid result: 
recall@10 : 0.0945    recall@20 : 0.137    recall@50 : 0.2012    ndcg@10 : 0.0532    ndcg@20 : 0.0643    ndcg@50 : 0.0774    
01 Dec 09:22    INFO  Saving current best: saved_best/RauCL-Dec-01-2023_09-05-03.pth
01 Dec 09:22    INFO  epoch 87 training [time: 2.32s, train loss: -0.7714]
01 Dec 09:22    INFO  epoch 87 evaluating [time: 9.45s, valid_score: 0.063600]
01 Dec 09:22    INFO  valid result: 
recall@10 : 0.0946    recall@20 : 0.1362    recall@50 : 0.201    ndcg@10 : 0.0528    ndcg@20 : 0.0636    ndcg@50 : 0.0769    
01 Dec 09:22    INFO  epoch 88 training [time: 2.38s, train loss: -0.7720]
01 Dec 09:22    INFO  epoch 88 evaluating [time: 9.34s, valid_score: 0.064300]
01 Dec 09:22    INFO  valid result: 
recall@10 : 0.0953    recall@20 : 0.1366    recall@50 : 0.2023    ndcg@10 : 0.0535    ndcg@20 : 0.0643    ndcg@50 : 0.0777    
01 Dec 09:22    INFO  epoch 89 training [time: 2.25s, train loss: -0.7720]
01 Dec 09:22    INFO  epoch 89 evaluating [time: 9.39s, valid_score: 0.064400]
01 Dec 09:22    INFO  valid result: 
recall@10 : 0.0943    recall@20 : 0.1376    recall@50 : 0.202    ndcg@10 : 0.0531    ndcg@20 : 0.0644    ndcg@50 : 0.0776    
01 Dec 09:22    INFO  Saving current best: saved_best/RauCL-Dec-01-2023_09-05-03.pth
01 Dec 09:23    INFO  epoch 90 training [time: 2.47s, train loss: -0.7720]
01 Dec 09:23    INFO  epoch 90 evaluating [time: 9.51s, valid_score: 0.064200]
01 Dec 09:23    INFO  valid result: 
recall@10 : 0.0953    recall@20 : 0.1366    recall@50 : 0.2007    ndcg@10 : 0.0534    ndcg@20 : 0.0642    ndcg@50 : 0.0773    
01 Dec 09:23    INFO  epoch 91 training [time: 2.30s, train loss: -0.7722]
01 Dec 09:23    INFO  epoch 91 evaluating [time: 9.39s, valid_score: 0.064100]
01 Dec 09:23    INFO  valid result: 
recall@10 : 0.0949    recall@20 : 0.1366    recall@50 : 0.2017    ndcg@10 : 0.0532    ndcg@20 : 0.0641    ndcg@50 : 0.0774    
01 Dec 09:23    INFO  epoch 92 training [time: 2.38s, train loss: -0.7731]
01 Dec 09:23    INFO  epoch 92 evaluating [time: 9.29s, valid_score: 0.064200]
01 Dec 09:23    INFO  valid result: 
recall@10 : 0.096    recall@20 : 0.136    recall@50 : 0.2023    ndcg@10 : 0.0538    ndcg@20 : 0.0642    ndcg@50 : 0.0778    
01 Dec 09:23    INFO  epoch 93 training [time: 2.36s, train loss: -0.7733]
01 Dec 09:23    INFO  epoch 93 evaluating [time: 9.31s, valid_score: 0.064200]
01 Dec 09:23    INFO  valid result: 
recall@10 : 0.096    recall@20 : 0.1363    recall@50 : 0.2028    ndcg@10 : 0.0537    ndcg@20 : 0.0642    ndcg@50 : 0.0778    
01 Dec 09:23    INFO  epoch 94 training [time: 2.30s, train loss: -0.7735]
01 Dec 09:23    INFO  epoch 94 evaluating [time: 9.43s, valid_score: 0.064500]
01 Dec 09:23    INFO  valid result: 
recall@10 : 0.0956    recall@20 : 0.137    recall@50 : 0.2019    ndcg@10 : 0.0538    ndcg@20 : 0.0645    ndcg@50 : 0.0779    
01 Dec 09:23    INFO  Saving current best: saved_best/RauCL-Dec-01-2023_09-05-03.pth
01 Dec 09:23    INFO  epoch 95 training [time: 2.38s, train loss: -0.7741]
01 Dec 09:24    INFO  epoch 95 evaluating [time: 9.37s, valid_score: 0.064600]
01 Dec 09:24    INFO  valid result: 
recall@10 : 0.0955    recall@20 : 0.1367    recall@50 : 0.2013    ndcg@10 : 0.0538    ndcg@20 : 0.0646    ndcg@50 : 0.0779    
01 Dec 09:24    INFO  Saving current best: saved_best/RauCL-Dec-01-2023_09-05-03.pth
01 Dec 09:24    INFO  epoch 96 training [time: 2.30s, train loss: -0.7739]
01 Dec 09:24    INFO  epoch 96 evaluating [time: 11.10s, valid_score: 0.064200]
01 Dec 09:24    INFO  valid result: 
recall@10 : 0.0962    recall@20 : 0.137    recall@50 : 0.2026    ndcg@10 : 0.0535    ndcg@20 : 0.0642    ndcg@50 : 0.0776    
01 Dec 09:24    INFO  epoch 97 training [time: 2.47s, train loss: -0.7743]
01 Dec 09:24    INFO  epoch 97 evaluating [time: 9.24s, valid_score: 0.064400]
01 Dec 09:24    INFO  valid result: 
recall@10 : 0.0969    recall@20 : 0.1371    recall@50 : 0.2029    ndcg@10 : 0.0539    ndcg@20 : 0.0644    ndcg@50 : 0.0779    
01 Dec 09:24    INFO  epoch 98 training [time: 2.32s, train loss: -0.7745]
01 Dec 09:24    INFO  epoch 98 evaluating [time: 9.59s, valid_score: 0.064400]
01 Dec 09:24    INFO  valid result: 
recall@10 : 0.096    recall@20 : 0.1371    recall@50 : 0.2029    ndcg@10 : 0.0536    ndcg@20 : 0.0644    ndcg@50 : 0.0778    
01 Dec 09:24    INFO  epoch 99 training [time: 2.27s, train loss: -0.7753]
01 Dec 09:24    INFO  epoch 99 evaluating [time: 9.42s, valid_score: 0.064600]
01 Dec 09:24    INFO  valid result: 
recall@10 : 0.0961    recall@20 : 0.1372    recall@50 : 0.2027    ndcg@10 : 0.0539    ndcg@20 : 0.0646    ndcg@50 : 0.078    
01 Dec 09:24    INFO  epoch 100 training [time: 2.33s, train loss: -0.7755]
01 Dec 09:25    INFO  epoch 100 evaluating [time: 9.50s, valid_score: 0.064400]
01 Dec 09:25    INFO  valid result: 
recall@10 : 0.0972    recall@20 : 0.137    recall@50 : 0.2025    ndcg@10 : 0.054    ndcg@20 : 0.0644    ndcg@50 : 0.0778    
01 Dec 09:25    INFO  epoch 101 training [time: 2.65s, train loss: -0.7750]
01 Dec 09:25    INFO  epoch 101 evaluating [time: 11.53s, valid_score: 0.064500]
01 Dec 09:25    INFO  valid result: 
recall@10 : 0.0969    recall@20 : 0.1378    recall@50 : 0.2039    ndcg@10 : 0.0538    ndcg@20 : 0.0645    ndcg@50 : 0.078    
01 Dec 09:25    INFO  epoch 102 training [time: 2.48s, train loss: -0.7756]
01 Dec 09:25    INFO  epoch 102 evaluating [time: 11.65s, valid_score: 0.064900]
01 Dec 09:25    INFO  valid result: 
recall@10 : 0.0961    recall@20 : 0.1384    recall@50 : 0.2036    ndcg@10 : 0.0538    ndcg@20 : 0.0649    ndcg@50 : 0.0782    
01 Dec 09:25    INFO  Saving current best: saved_best/RauCL-Dec-01-2023_09-05-03.pth
01 Dec 09:25    INFO  epoch 103 training [time: 2.44s, train loss: -0.7757]
01 Dec 09:25    INFO  epoch 103 evaluating [time: 11.48s, valid_score: 0.065000]
01 Dec 09:25    INFO  valid result: 
recall@10 : 0.0962    recall@20 : 0.1389    recall@50 : 0.2042    ndcg@10 : 0.0539    ndcg@20 : 0.065    ndcg@50 : 0.0784    
01 Dec 09:25    INFO  Saving current best: saved_best/RauCL-Dec-01-2023_09-05-03.pth
01 Dec 09:25    INFO  epoch 104 training [time: 2.66s, train loss: -0.7758]
01 Dec 09:26    INFO  epoch 104 evaluating [time: 11.62s, valid_score: 0.064800]
01 Dec 09:26    INFO  valid result: 
recall@10 : 0.0965    recall@20 : 0.1387    recall@50 : 0.2036    ndcg@10 : 0.0538    ndcg@20 : 0.0648    ndcg@50 : 0.0781    
01 Dec 09:26    INFO  epoch 105 training [time: 2.45s, train loss: -0.7762]
01 Dec 09:26    INFO  epoch 105 evaluating [time: 9.29s, valid_score: 0.064900]
01 Dec 09:26    INFO  valid result: 
recall@10 : 0.0972    recall@20 : 0.1387    recall@50 : 0.2045    ndcg@10 : 0.0541    ndcg@20 : 0.0649    ndcg@50 : 0.0784    
01 Dec 09:26    INFO  epoch 106 training [time: 2.34s, train loss: -0.7765]
01 Dec 09:26    INFO  epoch 106 evaluating [time: 9.36s, valid_score: 0.064700]
01 Dec 09:26    INFO  valid result: 
recall@10 : 0.0974    recall@20 : 0.1386    recall@50 : 0.2042    ndcg@10 : 0.054    ndcg@20 : 0.0647    ndcg@50 : 0.0782    
01 Dec 09:26    INFO  epoch 107 training [time: 2.24s, train loss: -0.7765]
01 Dec 09:26    INFO  epoch 107 evaluating [time: 9.48s, valid_score: 0.064800]
01 Dec 09:26    INFO  valid result: 
recall@10 : 0.0973    recall@20 : 0.1382    recall@50 : 0.2042    ndcg@10 : 0.0541    ndcg@20 : 0.0648    ndcg@50 : 0.0783    
01 Dec 09:26    INFO  epoch 108 training [time: 2.37s, train loss: -0.7770]
01 Dec 09:26    INFO  epoch 108 evaluating [time: 9.30s, valid_score: 0.064800]
01 Dec 09:26    INFO  valid result: 
recall@10 : 0.0969    recall@20 : 0.139    recall@50 : 0.2043    ndcg@10 : 0.0539    ndcg@20 : 0.0648    ndcg@50 : 0.0782    
01 Dec 09:26    INFO  epoch 109 training [time: 2.36s, train loss: -0.7768]
01 Dec 09:27    INFO  epoch 109 evaluating [time: 9.37s, valid_score: 0.065200]
01 Dec 09:27    INFO  valid result: 
recall@10 : 0.0981    recall@20 : 0.1388    recall@50 : 0.2046    ndcg@10 : 0.0546    ndcg@20 : 0.0652    ndcg@50 : 0.0786    
01 Dec 09:27    INFO  Saving current best: saved_best/RauCL-Dec-01-2023_09-05-03.pth
01 Dec 09:27    INFO  epoch 110 training [time: 2.49s, train loss: -0.7775]
01 Dec 09:27    INFO  epoch 110 evaluating [time: 9.23s, valid_score: 0.064800]
01 Dec 09:27    INFO  valid result: 
recall@10 : 0.0969    recall@20 : 0.1387    recall@50 : 0.2042    ndcg@10 : 0.0539    ndcg@20 : 0.0648    ndcg@50 : 0.0782    
01 Dec 09:27    INFO  epoch 111 training [time: 2.34s, train loss: -0.7774]
01 Dec 09:27    INFO  epoch 111 evaluating [time: 9.44s, valid_score: 0.065200]
01 Dec 09:27    INFO  valid result: 
recall@10 : 0.0968    recall@20 : 0.1391    recall@50 : 0.2047    ndcg@10 : 0.0541    ndcg@20 : 0.0652    ndcg@50 : 0.0786    
01 Dec 09:27    INFO  epoch 112 training [time: 2.32s, train loss: -0.7771]
01 Dec 09:27    INFO  epoch 112 evaluating [time: 9.34s, valid_score: 0.065200]
01 Dec 09:27    INFO  valid result: 
recall@10 : 0.0967    recall@20 : 0.1393    recall@50 : 0.2048    ndcg@10 : 0.054    ndcg@20 : 0.0652    ndcg@50 : 0.0785    
01 Dec 09:27    INFO  epoch 113 training [time: 2.79s, train loss: -0.7775]
01 Dec 09:27    INFO  epoch 113 evaluating [time: 9.52s, valid_score: 0.065300]
01 Dec 09:27    INFO  valid result: 
recall@10 : 0.0977    recall@20 : 0.1397    recall@50 : 0.2047    ndcg@10 : 0.0544    ndcg@20 : 0.0653    ndcg@50 : 0.0786    
01 Dec 09:27    INFO  Saving current best: saved_best/RauCL-Dec-01-2023_09-05-03.pth
01 Dec 09:27    INFO  epoch 114 training [time: 2.31s, train loss: -0.7781]
01 Dec 09:28    INFO  epoch 114 evaluating [time: 9.24s, valid_score: 0.065200]
01 Dec 09:28    INFO  valid result: 
recall@10 : 0.0986    recall@20 : 0.1387    recall@50 : 0.2051    ndcg@10 : 0.0547    ndcg@20 : 0.0652    ndcg@50 : 0.0788    
01 Dec 09:28    INFO  epoch 115 training [time: 2.30s, train loss: -0.7776]
01 Dec 09:28    INFO  epoch 115 evaluating [time: 9.55s, valid_score: 0.065000]
01 Dec 09:28    INFO  valid result: 
recall@10 : 0.0984    recall@20 : 0.1383    recall@50 : 0.2046    ndcg@10 : 0.0545    ndcg@20 : 0.065    ndcg@50 : 0.0786    
01 Dec 09:28    INFO  epoch 116 training [time: 2.33s, train loss: -0.7778]
01 Dec 09:28    INFO  epoch 116 evaluating [time: 9.37s, valid_score: 0.065100]
01 Dec 09:28    INFO  valid result: 
recall@10 : 0.0984    recall@20 : 0.1389    recall@50 : 0.2042    ndcg@10 : 0.0546    ndcg@20 : 0.0651    ndcg@50 : 0.0785    
01 Dec 09:28    INFO  epoch 117 training [time: 2.50s, train loss: -0.7779]
01 Dec 09:28    INFO  epoch 117 evaluating [time: 9.43s, valid_score: 0.065100]
01 Dec 09:28    INFO  valid result: 
recall@10 : 0.0976    recall@20 : 0.1391    recall@50 : 0.2048    ndcg@10 : 0.0542    ndcg@20 : 0.0651    ndcg@50 : 0.0785    
01 Dec 09:28    INFO  epoch 118 training [time: 2.30s, train loss: -0.7785]
01 Dec 09:28    INFO  epoch 118 evaluating [time: 9.38s, valid_score: 0.065200]
01 Dec 09:28    INFO  valid result: 
recall@10 : 0.099    recall@20 : 0.1389    recall@50 : 0.2044    ndcg@10 : 0.0548    ndcg@20 : 0.0652    ndcg@50 : 0.0786    
01 Dec 09:28    INFO  epoch 119 training [time: 2.27s, train loss: -0.7784]
01 Dec 09:29    INFO  epoch 119 evaluating [time: 9.37s, valid_score: 0.065200]
01 Dec 09:29    INFO  valid result: 
recall@10 : 0.0991    recall@20 : 0.1391    recall@50 : 0.2036    ndcg@10 : 0.0548    ndcg@20 : 0.0652    ndcg@50 : 0.0785    
01 Dec 09:29    INFO  epoch 120 training [time: 2.39s, train loss: -0.7787]
01 Dec 09:29    INFO  epoch 120 evaluating [time: 9.27s, valid_score: 0.065000]
01 Dec 09:29    INFO  valid result: 
recall@10 : 0.0976    recall@20 : 0.1391    recall@50 : 0.2047    ndcg@10 : 0.0542    ndcg@20 : 0.065    ndcg@50 : 0.0784    
01 Dec 09:29    INFO  epoch 121 training [time: 2.36s, train loss: -0.7790]
01 Dec 09:29    INFO  epoch 121 evaluating [time: 9.37s, valid_score: 0.065300]
01 Dec 09:29    INFO  valid result: 
recall@10 : 0.0981    recall@20 : 0.1394    recall@50 : 0.2051    ndcg@10 : 0.0545    ndcg@20 : 0.0653    ndcg@50 : 0.0788    
01 Dec 09:29    INFO  epoch 122 training [time: 2.18s, train loss: -0.7785]
01 Dec 09:29    INFO  epoch 122 evaluating [time: 9.34s, valid_score: 0.065400]
01 Dec 09:29    INFO  valid result: 
recall@10 : 0.0974    recall@20 : 0.1395    recall@50 : 0.2047    ndcg@10 : 0.0544    ndcg@20 : 0.0654    ndcg@50 : 0.0788    
01 Dec 09:29    INFO  Saving current best: saved_best/RauCL-Dec-01-2023_09-05-03.pth
01 Dec 09:29    INFO  epoch 123 training [time: 2.20s, train loss: -0.7790]
01 Dec 09:29    INFO  epoch 123 evaluating [time: 9.32s, valid_score: 0.065400]
01 Dec 09:29    INFO  valid result: 
recall@10 : 0.0979    recall@20 : 0.1394    recall@50 : 0.2059    ndcg@10 : 0.0546    ndcg@20 : 0.0654    ndcg@50 : 0.079    
01 Dec 09:29    INFO  epoch 124 training [time: 2.31s, train loss: -0.7792]
01 Dec 09:30    INFO  epoch 124 evaluating [time: 9.33s, valid_score: 0.065600]
01 Dec 09:30    INFO  valid result: 
recall@10 : 0.0985    recall@20 : 0.1397    recall@50 : 0.2062    ndcg@10 : 0.0548    ndcg@20 : 0.0656    ndcg@50 : 0.0791    
01 Dec 09:30    INFO  Saving current best: saved_best/RauCL-Dec-01-2023_09-05-03.pth
01 Dec 09:30    INFO  epoch 125 training [time: 2.23s, train loss: -0.7791]
01 Dec 09:30    INFO  epoch 125 evaluating [time: 9.28s, valid_score: 0.065500]
01 Dec 09:30    INFO  valid result: 
recall@10 : 0.0982    recall@20 : 0.1393    recall@50 : 0.2055    ndcg@10 : 0.0547    ndcg@20 : 0.0655    ndcg@50 : 0.079    
01 Dec 09:30    INFO  epoch 126 training [time: 2.32s, train loss: -0.7789]
01 Dec 09:30    INFO  epoch 126 evaluating [time: 9.42s, valid_score: 0.065300]
01 Dec 09:30    INFO  valid result: 
recall@10 : 0.0987    recall@20 : 0.1389    recall@50 : 0.2063    ndcg@10 : 0.0548    ndcg@20 : 0.0653    ndcg@50 : 0.079    
01 Dec 09:30    INFO  epoch 127 training [time: 2.35s, train loss: -0.7793]
01 Dec 09:30    INFO  epoch 127 evaluating [time: 9.16s, valid_score: 0.065800]
01 Dec 09:30    INFO  valid result: 
recall@10 : 0.0979    recall@20 : 0.1401    recall@50 : 0.2061    ndcg@10 : 0.0547    ndcg@20 : 0.0658    ndcg@50 : 0.0793    
01 Dec 09:30    INFO  Saving current best: saved_best/RauCL-Dec-01-2023_09-05-03.pth
01 Dec 09:30    INFO  epoch 128 training [time: 2.27s, train loss: -0.7792]
01 Dec 09:30    INFO  epoch 128 evaluating [time: 9.48s, valid_score: 0.065700]
01 Dec 09:30    INFO  valid result: 
recall@10 : 0.0982    recall@20 : 0.1397    recall@50 : 0.2062    ndcg@10 : 0.0549    ndcg@20 : 0.0657    ndcg@50 : 0.0793    
01 Dec 09:30    INFO  epoch 129 training [time: 2.29s, train loss: -0.7798]
01 Dec 09:30    INFO  epoch 129 evaluating [time: 9.68s, valid_score: 0.065900]
01 Dec 09:30    INFO  valid result: 
recall@10 : 0.0983    recall@20 : 0.1404    recall@50 : 0.2064    ndcg@10 : 0.0549    ndcg@20 : 0.0659    ndcg@50 : 0.0794    
01 Dec 09:30    INFO  Saving current best: saved_best/RauCL-Dec-01-2023_09-05-03.pth
01 Dec 09:31    INFO  epoch 130 training [time: 2.27s, train loss: -0.7794]
01 Dec 09:31    INFO  epoch 130 evaluating [time: 9.48s, valid_score: 0.065700]
01 Dec 09:31    INFO  valid result: 
recall@10 : 0.0988    recall@20 : 0.1404    recall@50 : 0.2066    ndcg@10 : 0.0549    ndcg@20 : 0.0657    ndcg@50 : 0.0792    
01 Dec 09:31    INFO  epoch 131 training [time: 2.38s, train loss: -0.7796]
01 Dec 09:31    INFO  epoch 131 evaluating [time: 9.19s, valid_score: 0.065700]
01 Dec 09:31    INFO  valid result: 
recall@10 : 0.0982    recall@20 : 0.1407    recall@50 : 0.2064    ndcg@10 : 0.0546    ndcg@20 : 0.0657    ndcg@50 : 0.0792    
01 Dec 09:31    INFO  epoch 132 training [time: 2.17s, train loss: -0.7797]
01 Dec 09:31    INFO  epoch 132 evaluating [time: 9.35s, valid_score: 0.065800]
01 Dec 09:31    INFO  valid result: 
recall@10 : 0.0981    recall@20 : 0.1414    recall@50 : 0.2068    ndcg@10 : 0.0545    ndcg@20 : 0.0658    ndcg@50 : 0.0791    
01 Dec 09:31    INFO  epoch 133 training [time: 2.36s, train loss: -0.7799]
01 Dec 09:31    INFO  epoch 133 evaluating [time: 9.25s, valid_score: 0.065800]
01 Dec 09:31    INFO  valid result: 
recall@10 : 0.0983    recall@20 : 0.141    recall@50 : 0.2073    ndcg@10 : 0.0547    ndcg@20 : 0.0658    ndcg@50 : 0.0794    
01 Dec 09:31    INFO  epoch 134 training [time: 2.31s, train loss: -0.7798]
01 Dec 09:31    INFO  epoch 134 evaluating [time: 9.52s, valid_score: 0.065500]
01 Dec 09:31    INFO  valid result: 
recall@10 : 0.0985    recall@20 : 0.1398    recall@50 : 0.2077    ndcg@10 : 0.0548    ndcg@20 : 0.0655    ndcg@50 : 0.0794    
01 Dec 09:31    INFO  epoch 135 training [time: 2.20s, train loss: -0.7801]
01 Dec 09:32    INFO  epoch 135 evaluating [time: 9.32s, valid_score: 0.066000]
01 Dec 09:32    INFO  valid result: 
recall@10 : 0.0984    recall@20 : 0.1409    recall@50 : 0.2072    ndcg@10 : 0.0549    ndcg@20 : 0.066    ndcg@50 : 0.0795    
01 Dec 09:32    INFO  Saving current best: saved_best/RauCL-Dec-01-2023_09-05-03.pth
01 Dec 09:32    INFO  epoch 136 training [time: 2.36s, train loss: -0.7801]
01 Dec 09:32    INFO  epoch 136 evaluating [time: 9.46s, valid_score: 0.065600]
01 Dec 09:32    INFO  valid result: 
recall@10 : 0.0982    recall@20 : 0.1395    recall@50 : 0.2064    ndcg@10 : 0.0548    ndcg@20 : 0.0656    ndcg@50 : 0.0793    
01 Dec 09:32    INFO  epoch 137 training [time: 2.26s, train loss: -0.7800]
01 Dec 09:32    INFO  epoch 137 evaluating [time: 9.37s, valid_score: 0.065800]
01 Dec 09:32    INFO  valid result: 
recall@10 : 0.0982    recall@20 : 0.1403    recall@50 : 0.2064    ndcg@10 : 0.0548    ndcg@20 : 0.0658    ndcg@50 : 0.0793    
01 Dec 09:32    INFO  epoch 138 training [time: 2.35s, train loss: -0.7803]
01 Dec 09:32    INFO  epoch 138 evaluating [time: 9.29s, valid_score: 0.066000]
01 Dec 09:32    INFO  valid result: 
recall@10 : 0.0991    recall@20 : 0.1401    recall@50 : 0.2067    ndcg@10 : 0.0553    ndcg@20 : 0.066    ndcg@50 : 0.0796    
01 Dec 09:32    INFO  epoch 139 training [time: 2.34s, train loss: -0.7805]
01 Dec 09:32    INFO  epoch 139 evaluating [time: 9.27s, valid_score: 0.065700]
01 Dec 09:32    INFO  valid result: 
recall@10 : 0.0982    recall@20 : 0.1393    recall@50 : 0.2067    ndcg@10 : 0.055    ndcg@20 : 0.0657    ndcg@50 : 0.0795    
01 Dec 09:32    INFO  epoch 140 training [time: 2.36s, train loss: -0.7804]
01 Dec 09:33    INFO  epoch 140 evaluating [time: 9.38s, valid_score: 0.065600]
01 Dec 09:33    INFO  valid result: 
recall@10 : 0.0976    recall@20 : 0.1403    recall@50 : 0.2073    ndcg@10 : 0.0545    ndcg@20 : 0.0656    ndcg@50 : 0.0793    
01 Dec 09:33    INFO  epoch 141 training [time: 2.20s, train loss: -0.7805]
01 Dec 09:33    INFO  epoch 141 evaluating [time: 9.51s, valid_score: 0.065700]
01 Dec 09:33    INFO  valid result: 
recall@10 : 0.0978    recall@20 : 0.1406    recall@50 : 0.2067    ndcg@10 : 0.0545    ndcg@20 : 0.0657    ndcg@50 : 0.0792    
01 Dec 09:33    INFO  epoch 142 training [time: 2.41s, train loss: -0.7805]
01 Dec 09:33    INFO  epoch 142 evaluating [time: 10.70s, valid_score: 0.065700]
01 Dec 09:33    INFO  valid result: 
recall@10 : 0.098    recall@20 : 0.1408    recall@50 : 0.2067    ndcg@10 : 0.0545    ndcg@20 : 0.0657    ndcg@50 : 0.0792    
01 Dec 09:33    INFO  epoch 143 training [time: 2.46s, train loss: -0.7805]
01 Dec 09:33    INFO  epoch 143 evaluating [time: 9.35s, valid_score: 0.066100]
01 Dec 09:33    INFO  valid result: 
recall@10 : 0.0984    recall@20 : 0.1411    recall@50 : 0.2061    ndcg@10 : 0.055    ndcg@20 : 0.0661    ndcg@50 : 0.0794    
01 Dec 09:33    INFO  Saving current best: saved_best/RauCL-Dec-01-2023_09-05-03.pth
01 Dec 09:33    INFO  epoch 144 training [time: 2.42s, train loss: -0.7805]
01 Dec 09:33    INFO  epoch 144 evaluating [time: 9.22s, valid_score: 0.065900]
01 Dec 09:33    INFO  valid result: 
recall@10 : 0.0986    recall@20 : 0.1404    recall@50 : 0.2066    ndcg@10 : 0.0549    ndcg@20 : 0.0659    ndcg@50 : 0.0794    
01 Dec 09:33    INFO  epoch 145 training [time: 2.34s, train loss: -0.7808]
01 Dec 09:34    INFO  epoch 145 evaluating [time: 9.40s, valid_score: 0.066100]
01 Dec 09:34    INFO  valid result: 
recall@10 : 0.098    recall@20 : 0.1412    recall@50 : 0.2069    ndcg@10 : 0.0548    ndcg@20 : 0.0661    ndcg@50 : 0.0795    
01 Dec 09:34    INFO  epoch 146 training [time: 2.48s, train loss: -0.7807]
01 Dec 09:34    INFO  epoch 146 evaluating [time: 9.09s, valid_score: 0.065700]
01 Dec 09:34    INFO  valid result: 
recall@10 : 0.0979    recall@20 : 0.1402    recall@50 : 0.2066    ndcg@10 : 0.0546    ndcg@20 : 0.0657    ndcg@50 : 0.0793    
01 Dec 09:34    INFO  epoch 147 training [time: 2.33s, train loss: -0.7809]
01 Dec 09:34    INFO  epoch 147 evaluating [time: 9.52s, valid_score: 0.065900]
01 Dec 09:34    INFO  valid result: 
recall@10 : 0.0984    recall@20 : 0.1401    recall@50 : 0.207    ndcg@10 : 0.055    ndcg@20 : 0.0659    ndcg@50 : 0.0796    
01 Dec 09:34    INFO  epoch 148 training [time: 2.31s, train loss: -0.7809]
01 Dec 09:34    INFO  epoch 148 evaluating [time: 9.33s, valid_score: 0.065900]
01 Dec 09:34    INFO  valid result: 
recall@10 : 0.0986    recall@20 : 0.1404    recall@50 : 0.2063    ndcg@10 : 0.055    ndcg@20 : 0.0659    ndcg@50 : 0.0793    
01 Dec 09:34    INFO  epoch 149 training [time: 2.32s, train loss: -0.7811]
01 Dec 09:34    INFO  epoch 149 evaluating [time: 9.43s, valid_score: 0.065700]
01 Dec 09:34    INFO  valid result: 
recall@10 : 0.0988    recall@20 : 0.1407    recall@50 : 0.2068    ndcg@10 : 0.0548    ndcg@20 : 0.0657    ndcg@50 : 0.0793    
01 Dec 09:34    INFO  epoch 150 training [time: 2.29s, train loss: -0.7808]
01 Dec 09:35    INFO  epoch 150 evaluating [time: 9.24s, valid_score: 0.066100]
01 Dec 09:35    INFO  valid result: 
recall@10 : 0.0994    recall@20 : 0.1413    recall@50 : 0.207    ndcg@10 : 0.0552    ndcg@20 : 0.0661    ndcg@50 : 0.0795    
01 Dec 09:35    INFO  epoch 151 training [time: 2.32s, train loss: -0.7809]
01 Dec 09:35    INFO  epoch 151 evaluating [time: 11.50s, valid_score: 0.066200]
01 Dec 09:35    INFO  valid result: 
recall@10 : 0.0994    recall@20 : 0.141    recall@50 : 0.2068    ndcg@10 : 0.0553    ndcg@20 : 0.0662    ndcg@50 : 0.0797    
01 Dec 09:35    INFO  Saving current best: saved_best/RauCL-Dec-01-2023_09-05-03.pth
01 Dec 09:35    INFO  epoch 152 training [time: 2.21s, train loss: -0.7812]
01 Dec 09:35    INFO  epoch 152 evaluating [time: 9.35s, valid_score: 0.066400]
01 Dec 09:35    INFO  valid result: 
recall@10 : 0.1001    recall@20 : 0.1406    recall@50 : 0.2068    ndcg@10 : 0.0558    ndcg@20 : 0.0664    ndcg@50 : 0.08    
01 Dec 09:35    INFO  Saving current best: saved_best/RauCL-Dec-01-2023_09-05-03.pth
01 Dec 09:35    INFO  epoch 153 training [time: 2.35s, train loss: -0.7811]
01 Dec 09:35    INFO  epoch 153 evaluating [time: 9.38s, valid_score: 0.066100]
01 Dec 09:35    INFO  valid result: 
recall@10 : 0.0995    recall@20 : 0.1409    recall@50 : 0.2081    ndcg@10 : 0.0553    ndcg@20 : 0.0661    ndcg@50 : 0.0799    
01 Dec 09:35    INFO  epoch 154 training [time: 2.34s, train loss: -0.7814]
01 Dec 09:35    INFO  epoch 154 evaluating [time: 9.28s, valid_score: 0.066100]
01 Dec 09:35    INFO  valid result: 
recall@10 : 0.0998    recall@20 : 0.1406    recall@50 : 0.2077    ndcg@10 : 0.0554    ndcg@20 : 0.0661    ndcg@50 : 0.0799    
01 Dec 09:35    INFO  epoch 155 training [time: 2.32s, train loss: -0.7814]
01 Dec 09:36    INFO  epoch 155 evaluating [time: 9.33s, valid_score: 0.066000]
01 Dec 09:36    INFO  valid result: 
recall@10 : 0.0988    recall@20 : 0.1411    recall@50 : 0.2079    ndcg@10 : 0.0549    ndcg@20 : 0.066    ndcg@50 : 0.0796    
01 Dec 09:36    INFO  epoch 156 training [time: 2.70s, train loss: -0.7812]
01 Dec 09:36    INFO  epoch 156 evaluating [time: 9.14s, valid_score: 0.066200]
01 Dec 09:36    INFO  valid result: 
recall@10 : 0.0994    recall@20 : 0.1416    recall@50 : 0.2079    ndcg@10 : 0.0552    ndcg@20 : 0.0662    ndcg@50 : 0.0798    
01 Dec 09:36    INFO  epoch 157 training [time: 1.92s, train loss: -0.7817]
01 Dec 09:36    INFO  epoch 157 evaluating [time: 9.11s, valid_score: 0.066300]
01 Dec 09:36    INFO  valid result: 
recall@10 : 0.0984    recall@20 : 0.1413    recall@50 : 0.2078    ndcg@10 : 0.055    ndcg@20 : 0.0663    ndcg@50 : 0.0799    
01 Dec 09:36    INFO  epoch 158 training [time: 2.37s, train loss: -0.7819]
01 Dec 09:36    INFO  epoch 158 evaluating [time: 9.40s, valid_score: 0.066200]
01 Dec 09:36    INFO  valid result: 
recall@10 : 0.099    recall@20 : 0.1406    recall@50 : 0.2079    ndcg@10 : 0.0553    ndcg@20 : 0.0662    ndcg@50 : 0.08    
01 Dec 09:36    INFO  epoch 159 training [time: 2.34s, train loss: -0.7817]
01 Dec 09:36    INFO  epoch 159 evaluating [time: 9.29s, valid_score: 0.066400]
01 Dec 09:36    INFO  valid result: 
recall@10 : 0.0987    recall@20 : 0.1415    recall@50 : 0.2074    ndcg@10 : 0.0552    ndcg@20 : 0.0664    ndcg@50 : 0.0799    
01 Dec 09:36    INFO  epoch 160 training [time: 2.10s, train loss: -0.7817]
01 Dec 09:37    INFO  epoch 160 evaluating [time: 9.38s, valid_score: 0.066200]
01 Dec 09:37    INFO  valid result: 
recall@10 : 0.0989    recall@20 : 0.1411    recall@50 : 0.2077    ndcg@10 : 0.0552    ndcg@20 : 0.0662    ndcg@50 : 0.0798    
01 Dec 09:37    INFO  epoch 161 training [time: 2.32s, train loss: -0.7811]
01 Dec 09:37    INFO  epoch 161 evaluating [time: 9.31s, valid_score: 0.066100]
01 Dec 09:37    INFO  valid result: 
recall@10 : 0.0983    recall@20 : 0.141    recall@50 : 0.2077    ndcg@10 : 0.0549    ndcg@20 : 0.0661    ndcg@50 : 0.0798    
01 Dec 09:37    INFO  epoch 162 training [time: 2.35s, train loss: -0.7817]
01 Dec 09:37    INFO  epoch 162 evaluating [time: 9.49s, valid_score: 0.066100]
01 Dec 09:37    INFO  valid result: 
recall@10 : 0.0995    recall@20 : 0.1411    recall@50 : 0.2079    ndcg@10 : 0.0553    ndcg@20 : 0.0661    ndcg@50 : 0.0798    
01 Dec 09:37    INFO  epoch 163 training [time: 2.37s, train loss: -0.7819]
01 Dec 09:37    INFO  epoch 163 evaluating [time: 9.34s, valid_score: 0.066200]
01 Dec 09:37    INFO  valid result: 
recall@10 : 0.0986    recall@20 : 0.1414    recall@50 : 0.2079    ndcg@10 : 0.055    ndcg@20 : 0.0662    ndcg@50 : 0.0798    
01 Dec 09:37    INFO  Finished training, best eval result in epoch 152
01 Dec 09:37    INFO  Loading model structure and parameters from saved_best/RauCL-Dec-01-2023_09-05-03.pth
01 Dec 09:37    INFO  best valid : {'recall@10': 0.1001, 'recall@20': 0.1406, 'recall@50': 0.2068, 'ndcg@10': 0.0558, 'ndcg@20': 0.0664, 'ndcg@50': 0.08}
01 Dec 09:37    INFO  test result: {'recall@10': 0.1006, 'recall@20': 0.1451, 'recall@50': 0.2113, 'ndcg@10': 0.0574, 'ndcg@20': 0.0689, 'ndcg@50': 0.0825}
