01 Dec 09:04    INFO  
General Hyper Parameters:
gpu_id = 4
use_gpu = True
seed = 0
state = INFO
reproducibility = True
data_path = dataset/Yelp
show_progress = False

Training Hyper Parameters:
checkpoint_dir = saved_best
epochs = 500
train_batch_size = 1024
learner = adam
learning_rate = 0.001
training_neg_sample_num = 0
training_neg_sample_distribution = uniform
eval_step = 1
stopping_step = 10
clip_grad_norm = None
weight_decay = 1e-06
draw_loss_pic = False
loss_decimal_place = 4

Evaluation Hyper Parameters:
eval_setting = RO_RS,full
group_by_user = True
split_ratio = [0.8, 0.1, 0.1]
leave_one_num = 2
real_time_process = False
metrics = ['Recall', 'NDCG']
topk = [10, 20, 50]
valid_metric = NDCG@20
eval_batch_size = 4096
metric_decimal_place = 4

Dataset Hyper Parameters:
field_separator = 	
seq_separator =  
USER_ID_FIELD = user_id
ITEM_ID_FIELD = item_id
RATING_FIELD = rating
TIME_FIELD = timestamp
seq_len = None
LABEL_FIELD = label
threshold = None
NEG_PREFIX = neg_
load_col = {'inter': ['user_id', 'item_id', 'timestamp']}
unload_col = None
unused_col = None
additional_feat_suffix = None
lowest_val = None
highest_val = None
equal_val = None
not_equal_val = None
max_user_inter_num = None
min_user_inter_num = 5
max_item_inter_num = None
min_item_inter_num = 5
fields_in_same_space = None
preload_weight = None
normalize_field = None
normalize_all = None
ITEM_LIST_LENGTH_FIELD = item_length
LIST_SUFFIX = _list
MAX_ITEM_LIST_LENGTH = 50
POSITION_FIELD = position_id
HEAD_ENTITY_ID_FIELD = head_id
TAIL_ENTITY_ID_FIELD = tail_id
RELATION_ID_FIELD = relation_id
ENTITY_ID_FIELD = entity_id

Other Hyper Parameters: 
valid_metric_bigger = True
BT = 0.1
alpha = 0.7
alpha_i = None
alpha_u = None
d = 0
embedding_size = 64
encoder = MF
gamma = 0.5
std = 14
std_i = None
std_u = None
times = 1
rm_dup_inter = None
filter_inter_by_user_or_item = True
SOURCE_ID_FIELD = source_id
TARGET_ID_FIELD = target_id
benchmark_filename = None
MODEL_TYPE = ModelType.GENERAL
MODEL_INPUT_TYPE = InputType.POINTWISE
eval_type = EvaluatorType.RANKING
device = cuda
train_neg_sample_args = {'strategy': 'none'}


01 Dec 09:04    INFO  Yelp
The number of users: 31669
Average actions of users: 49.305481874447395
The number of items: 38049
Average actions of items: 41.037794365012616
The number of inters: 1561406
The sparsity of the dataset: 99.87041991912021%
Remain Fields: ['user_id', 'item_id']
01 Dec 09:05    INFO  Build [GeneralDataLoader] for [train] with format [InputType.POINTWISE]
01 Dec 09:05    INFO  [train] No Negative Sampling
01 Dec 09:05    INFO  [train] batch_size = [1024], shuffle = [True]

01 Dec 09:05    INFO  Build [GeneralFullDataLoader] for [evaluation] with format [InputType.POINTWISE]
01 Dec 09:05    INFO  Evaluation Setting:
	Group by user_id
	Ordering: {'strategy': 'shuffle'}
	Splitting: {'strategy': 'by_ratio', 'ratios': [0.8, 0.1, 0.1]}
	Negative Sampling: {'strategy': 'full', 'distribution': 'uniform'}
01 Dec 09:05    INFO  [evaluation] batch_size = [4096], shuffle = [False]

01 Dec 09:05    WARNING  Batch size is changed to 38049.
01 Dec 09:05    WARNING  Batch size is changed to 38049.
this is encoder MF...
这是directau 的 RE 版本...gamma0.5, d0, alpha0.7, std14
01 Dec 09:05    INFO  RauCL(
  (encoder): MFEncoder(
    (user_embedding): Embedding(31669, 64)
    (item_embedding): Embedding(38049, 64)
  )
)
Trainable parameters: 4461952
01 Dec 09:05    INFO  epoch 0 training [time: 23.87s, train loss: -0.1047]
01 Dec 09:05    INFO  epoch 0 evaluating [time: 17.19s, valid_score: 0.022700]
01 Dec 09:05    INFO  valid result: 
recall@10 : 0.0215    recall@20 : 0.0378    recall@50 : 0.0765    ndcg@10 : 0.0171    ndcg@20 : 0.0227    ndcg@50 : 0.0342    
01 Dec 09:05    INFO  Saving current best: saved_best/RauCL-Dec-01-2023_09-05-08.pth
01 Dec 09:06    INFO  epoch 1 training [time: 23.75s, train loss: -0.4634]
01 Dec 09:06    INFO  epoch 1 evaluating [time: 15.26s, valid_score: 0.032900]
01 Dec 09:06    INFO  valid result: 
recall@10 : 0.0315    recall@20 : 0.0545    recall@50 : 0.106    ndcg@10 : 0.025    ndcg@20 : 0.0329    ndcg@50 : 0.0482    
01 Dec 09:06    INFO  Saving current best: saved_best/RauCL-Dec-01-2023_09-05-08.pth
01 Dec 09:06    INFO  epoch 2 training [time: 23.93s, train loss: -0.5374]
01 Dec 09:07    INFO  epoch 2 evaluating [time: 15.58s, valid_score: 0.037300]
01 Dec 09:07    INFO  valid result: 
recall@10 : 0.0362    recall@20 : 0.0614    recall@50 : 0.1191    ndcg@10 : 0.0286    ndcg@20 : 0.0373    ndcg@50 : 0.0542    
01 Dec 09:07    INFO  Saving current best: saved_best/RauCL-Dec-01-2023_09-05-08.pth
01 Dec 09:07    INFO  epoch 3 training [time: 23.94s, train loss: -0.5748]
01 Dec 09:07    INFO  epoch 3 evaluating [time: 15.52s, valid_score: 0.041000]
01 Dec 09:07    INFO  valid result: 
recall@10 : 0.0401    recall@20 : 0.0675    recall@50 : 0.1275    ndcg@10 : 0.0316    ndcg@20 : 0.041    ndcg@50 : 0.0586    
01 Dec 09:07    INFO  Saving current best: saved_best/RauCL-Dec-01-2023_09-05-08.pth
01 Dec 09:08    INFO  epoch 4 training [time: 23.91s, train loss: -0.6001]
01 Dec 09:08    INFO  epoch 4 evaluating [time: 15.17s, valid_score: 0.043300]
01 Dec 09:08    INFO  valid result: 
recall@10 : 0.0423    recall@20 : 0.0715    recall@50 : 0.1345    ndcg@10 : 0.0333    ndcg@20 : 0.0433    ndcg@50 : 0.0616    
01 Dec 09:08    INFO  Saving current best: saved_best/RauCL-Dec-01-2023_09-05-08.pth
01 Dec 09:08    INFO  epoch 5 training [time: 23.88s, train loss: -0.6193]
01 Dec 09:09    INFO  epoch 5 evaluating [time: 15.47s, valid_score: 0.045500]
01 Dec 09:09    INFO  valid result: 
recall@10 : 0.0449    recall@20 : 0.075    recall@50 : 0.1401    ndcg@10 : 0.0353    ndcg@20 : 0.0455    ndcg@50 : 0.0645    
01 Dec 09:09    INFO  Saving current best: saved_best/RauCL-Dec-01-2023_09-05-08.pth
01 Dec 09:09    INFO  epoch 6 training [time: 23.89s, train loss: -0.6350]
01 Dec 09:09    INFO  epoch 6 evaluating [time: 15.25s, valid_score: 0.047800]
01 Dec 09:09    INFO  valid result: 
recall@10 : 0.0477    recall@20 : 0.0784    recall@50 : 0.1438    ndcg@10 : 0.0373    ndcg@20 : 0.0478    ndcg@50 : 0.0668    
01 Dec 09:09    INFO  Saving current best: saved_best/RauCL-Dec-01-2023_09-05-08.pth
01 Dec 09:10    INFO  epoch 7 training [time: 23.85s, train loss: -0.6482]
01 Dec 09:10    INFO  epoch 7 evaluating [time: 15.67s, valid_score: 0.049000]
01 Dec 09:10    INFO  valid result: 
recall@10 : 0.0485    recall@20 : 0.0808    recall@50 : 0.1479    ndcg@10 : 0.0381    ndcg@20 : 0.049    ndcg@50 : 0.0685    
01 Dec 09:10    INFO  Saving current best: saved_best/RauCL-Dec-01-2023_09-05-08.pth
01 Dec 09:10    INFO  epoch 8 training [time: 23.90s, train loss: -0.6595]
01 Dec 09:11    INFO  epoch 8 evaluating [time: 15.28s, valid_score: 0.050500]
01 Dec 09:11    INFO  valid result: 
recall@10 : 0.0505    recall@20 : 0.0831    recall@50 : 0.1531    ndcg@10 : 0.0395    ndcg@20 : 0.0505    ndcg@50 : 0.0708    
01 Dec 09:11    INFO  Saving current best: saved_best/RauCL-Dec-01-2023_09-05-08.pth
01 Dec 09:11    INFO  epoch 9 training [time: 23.90s, train loss: -0.6695]
01 Dec 09:11    INFO  epoch 9 evaluating [time: 15.25s, valid_score: 0.052600]
01 Dec 09:11    INFO  valid result: 
recall@10 : 0.0518    recall@20 : 0.0867    recall@50 : 0.1569    ndcg@10 : 0.0408    ndcg@20 : 0.0526    ndcg@50 : 0.0729    
01 Dec 09:11    INFO  Saving current best: saved_best/RauCL-Dec-01-2023_09-05-08.pth
01 Dec 09:12    INFO  epoch 10 training [time: 23.88s, train loss: -0.6780]
01 Dec 09:12    INFO  epoch 10 evaluating [time: 15.52s, valid_score: 0.054000]
01 Dec 09:12    INFO  valid result: 
recall@10 : 0.0537    recall@20 : 0.0885    recall@50 : 0.1602    ndcg@10 : 0.0423    ndcg@20 : 0.054    ndcg@50 : 0.0749    
01 Dec 09:12    INFO  Saving current best: saved_best/RauCL-Dec-01-2023_09-05-08.pth
01 Dec 09:12    INFO  epoch 11 training [time: 23.90s, train loss: -0.6854]
01 Dec 09:13    INFO  epoch 11 evaluating [time: 15.58s, valid_score: 0.054900]
01 Dec 09:13    INFO  valid result: 
recall@10 : 0.0553    recall@20 : 0.09    recall@50 : 0.1626    ndcg@10 : 0.0431    ndcg@20 : 0.0549    ndcg@50 : 0.076    
01 Dec 09:13    INFO  Saving current best: saved_best/RauCL-Dec-01-2023_09-05-08.pth
01 Dec 09:13    INFO  epoch 12 training [time: 23.89s, train loss: -0.6917]
01 Dec 09:13    INFO  epoch 12 evaluating [time: 15.04s, valid_score: 0.056300]
01 Dec 09:13    INFO  valid result: 
recall@10 : 0.0562    recall@20 : 0.092    recall@50 : 0.166    ndcg@10 : 0.0442    ndcg@20 : 0.0563    ndcg@50 : 0.0778    
01 Dec 09:13    INFO  Saving current best: saved_best/RauCL-Dec-01-2023_09-05-08.pth
01 Dec 09:14    INFO  epoch 13 training [time: 23.91s, train loss: -0.6973]
01 Dec 09:14    INFO  epoch 13 evaluating [time: 15.68s, valid_score: 0.056800]
01 Dec 09:14    INFO  valid result: 
recall@10 : 0.0575    recall@20 : 0.093    recall@50 : 0.1689    ndcg@10 : 0.0448    ndcg@20 : 0.0568    ndcg@50 : 0.0788    
01 Dec 09:14    INFO  Saving current best: saved_best/RauCL-Dec-01-2023_09-05-08.pth
01 Dec 09:14    INFO  epoch 14 training [time: 23.87s, train loss: -0.7019]
01 Dec 09:15    INFO  epoch 14 evaluating [time: 15.31s, valid_score: 0.058100]
01 Dec 09:15    INFO  valid result: 
recall@10 : 0.0583    recall@20 : 0.0951    recall@50 : 0.1706    ndcg@10 : 0.0456    ndcg@20 : 0.0581    ndcg@50 : 0.08    
01 Dec 09:15    INFO  Saving current best: saved_best/RauCL-Dec-01-2023_09-05-08.pth
01 Dec 09:15    INFO  epoch 15 training [time: 23.99s, train loss: -0.7062]
01 Dec 09:15    INFO  epoch 15 evaluating [time: 15.64s, valid_score: 0.058900]
01 Dec 09:15    INFO  valid result: 
recall@10 : 0.0595    recall@20 : 0.096    recall@50 : 0.1727    ndcg@10 : 0.0465    ndcg@20 : 0.0589    ndcg@50 : 0.0811    
01 Dec 09:15    INFO  Saving current best: saved_best/RauCL-Dec-01-2023_09-05-08.pth
01 Dec 09:16    INFO  epoch 16 training [time: 23.91s, train loss: -0.7099]
01 Dec 09:16    INFO  epoch 16 evaluating [time: 15.53s, valid_score: 0.059400]
01 Dec 09:16    INFO  valid result: 
recall@10 : 0.0602    recall@20 : 0.097    recall@50 : 0.1749    ndcg@10 : 0.0469    ndcg@20 : 0.0594    ndcg@50 : 0.082    
01 Dec 09:16    INFO  Saving current best: saved_best/RauCL-Dec-01-2023_09-05-08.pth
01 Dec 09:16    INFO  epoch 17 training [time: 23.90s, train loss: -0.7132]
01 Dec 09:17    INFO  epoch 17 evaluating [time: 15.26s, valid_score: 0.060100]
01 Dec 09:17    INFO  valid result: 
recall@10 : 0.0591    recall@20 : 0.0983    recall@50 : 0.1769    ndcg@10 : 0.0469    ndcg@20 : 0.0601    ndcg@50 : 0.083    
01 Dec 09:17    INFO  Saving current best: saved_best/RauCL-Dec-01-2023_09-05-08.pth
01 Dec 09:17    INFO  epoch 18 training [time: 23.93s, train loss: -0.7160]
01 Dec 09:17    INFO  epoch 18 evaluating [time: 15.76s, valid_score: 0.061100]
01 Dec 09:17    INFO  valid result: 
recall@10 : 0.0604    recall@20 : 0.099    recall@50 : 0.179    ndcg@10 : 0.048    ndcg@20 : 0.0611    ndcg@50 : 0.0843    
01 Dec 09:17    INFO  Saving current best: saved_best/RauCL-Dec-01-2023_09-05-08.pth
01 Dec 09:18    INFO  epoch 19 training [time: 23.82s, train loss: -0.7185]
01 Dec 09:18    INFO  epoch 19 evaluating [time: 15.26s, valid_score: 0.061900]
01 Dec 09:18    INFO  valid result: 
recall@10 : 0.0619    recall@20 : 0.1008    recall@50 : 0.1806    ndcg@10 : 0.0488    ndcg@20 : 0.0619    ndcg@50 : 0.085    
01 Dec 09:18    INFO  Saving current best: saved_best/RauCL-Dec-01-2023_09-05-08.pth
01 Dec 09:18    INFO  epoch 20 training [time: 23.88s, train loss: -0.7208]
01 Dec 09:18    INFO  epoch 20 evaluating [time: 15.86s, valid_score: 0.062000]
01 Dec 09:18    INFO  valid result: 
recall@10 : 0.0619    recall@20 : 0.1012    recall@50 : 0.1814    ndcg@10 : 0.0487    ndcg@20 : 0.062    ndcg@50 : 0.0852    
01 Dec 09:18    INFO  Saving current best: saved_best/RauCL-Dec-01-2023_09-05-08.pth
01 Dec 09:19    INFO  epoch 21 training [time: 23.89s, train loss: -0.7228]
01 Dec 09:19    INFO  epoch 21 evaluating [time: 15.37s, valid_score: 0.062600]
01 Dec 09:19    INFO  valid result: 
recall@10 : 0.0623    recall@20 : 0.1014    recall@50 : 0.1819    ndcg@10 : 0.0494    ndcg@20 : 0.0626    ndcg@50 : 0.0859    
01 Dec 09:19    INFO  Saving current best: saved_best/RauCL-Dec-01-2023_09-05-08.pth
01 Dec 09:20    INFO  epoch 22 training [time: 23.84s, train loss: -0.7246]
01 Dec 09:20    INFO  epoch 22 evaluating [time: 15.32s, valid_score: 0.063200]
01 Dec 09:20    INFO  valid result: 
recall@10 : 0.0632    recall@20 : 0.1026    recall@50 : 0.1831    ndcg@10 : 0.0499    ndcg@20 : 0.0632    ndcg@50 : 0.0866    
01 Dec 09:20    INFO  Saving current best: saved_best/RauCL-Dec-01-2023_09-05-08.pth
01 Dec 09:20    INFO  epoch 23 training [time: 23.83s, train loss: -0.7261]
01 Dec 09:20    INFO  epoch 23 evaluating [time: 15.18s, valid_score: 0.063500]
01 Dec 09:20    INFO  valid result: 
recall@10 : 0.0627    recall@20 : 0.1028    recall@50 : 0.1845    ndcg@10 : 0.05    ndcg@20 : 0.0635    ndcg@50 : 0.0872    
01 Dec 09:20    INFO  Saving current best: saved_best/RauCL-Dec-01-2023_09-05-08.pth
01 Dec 09:21    INFO  epoch 24 training [time: 23.90s, train loss: -0.7275]
01 Dec 09:21    INFO  epoch 24 evaluating [time: 15.49s, valid_score: 0.064100]
01 Dec 09:21    INFO  valid result: 
recall@10 : 0.0639    recall@20 : 0.1039    recall@50 : 0.1847    ndcg@10 : 0.0505    ndcg@20 : 0.0641    ndcg@50 : 0.0875    
01 Dec 09:21    INFO  Saving current best: saved_best/RauCL-Dec-01-2023_09-05-08.pth
01 Dec 09:22    INFO  epoch 25 training [time: 23.92s, train loss: -0.7287]
01 Dec 09:22    INFO  epoch 25 evaluating [time: 15.28s, valid_score: 0.064100]
01 Dec 09:22    INFO  valid result: 
recall@10 : 0.0642    recall@20 : 0.1035    recall@50 : 0.1858    ndcg@10 : 0.0508    ndcg@20 : 0.0641    ndcg@50 : 0.088    
01 Dec 09:22    INFO  epoch 26 training [time: 23.90s, train loss: -0.7297]
01 Dec 09:22    INFO  epoch 26 evaluating [time: 15.66s, valid_score: 0.064600]
01 Dec 09:22    INFO  valid result: 
recall@10 : 0.0644    recall@20 : 0.1043    recall@50 : 0.1867    ndcg@10 : 0.0511    ndcg@20 : 0.0646    ndcg@50 : 0.0885    
01 Dec 09:22    INFO  Saving current best: saved_best/RauCL-Dec-01-2023_09-05-08.pth
01 Dec 09:23    INFO  epoch 27 training [time: 23.80s, train loss: -0.7306]
01 Dec 09:23    INFO  epoch 27 evaluating [time: 15.12s, valid_score: 0.064900]
01 Dec 09:23    INFO  valid result: 
recall@10 : 0.0648    recall@20 : 0.1047    recall@50 : 0.1873    ndcg@10 : 0.0515    ndcg@20 : 0.0649    ndcg@50 : 0.0888    
01 Dec 09:23    INFO  Saving current best: saved_best/RauCL-Dec-01-2023_09-05-08.pth
01 Dec 09:23    INFO  epoch 28 training [time: 23.93s, train loss: -0.7314]
01 Dec 09:24    INFO  epoch 28 evaluating [time: 15.31s, valid_score: 0.065100]
01 Dec 09:24    INFO  valid result: 
recall@10 : 0.0647    recall@20 : 0.1054    recall@50 : 0.1882    ndcg@10 : 0.0514    ndcg@20 : 0.0651    ndcg@50 : 0.0891    
01 Dec 09:24    INFO  Saving current best: saved_best/RauCL-Dec-01-2023_09-05-08.pth
01 Dec 09:24    INFO  epoch 29 training [time: 23.78s, train loss: -0.7322]
01 Dec 09:24    INFO  epoch 29 evaluating [time: 15.21s, valid_score: 0.065400]
01 Dec 09:24    INFO  valid result: 
recall@10 : 0.0654    recall@20 : 0.1063    recall@50 : 0.1886    ndcg@10 : 0.0516    ndcg@20 : 0.0654    ndcg@50 : 0.0893    
01 Dec 09:24    INFO  Saving current best: saved_best/RauCL-Dec-01-2023_09-05-08.pth
01 Dec 09:25    INFO  epoch 30 training [time: 23.93s, train loss: -0.7329]
01 Dec 09:25    INFO  epoch 30 evaluating [time: 15.28s, valid_score: 0.065500]
01 Dec 09:25    INFO  valid result: 
recall@10 : 0.0651    recall@20 : 0.1059    recall@50 : 0.1892    ndcg@10 : 0.0518    ndcg@20 : 0.0655    ndcg@50 : 0.0897    
01 Dec 09:25    INFO  Saving current best: saved_best/RauCL-Dec-01-2023_09-05-08.pth
01 Dec 09:25    INFO  epoch 31 training [time: 23.80s, train loss: -0.7336]
01 Dec 09:26    INFO  epoch 31 evaluating [time: 15.63s, valid_score: 0.066100]
01 Dec 09:26    INFO  valid result: 
recall@10 : 0.0661    recall@20 : 0.1068    recall@50 : 0.1895    ndcg@10 : 0.0524    ndcg@20 : 0.0661    ndcg@50 : 0.0901    
01 Dec 09:26    INFO  Saving current best: saved_best/RauCL-Dec-01-2023_09-05-08.pth
01 Dec 09:26    INFO  epoch 32 training [time: 23.78s, train loss: -0.7341]
01 Dec 09:26    INFO  epoch 32 evaluating [time: 15.41s, valid_score: 0.066000]
01 Dec 09:26    INFO  valid result: 
recall@10 : 0.0657    recall@20 : 0.1063    recall@50 : 0.1903    ndcg@10 : 0.0523    ndcg@20 : 0.066    ndcg@50 : 0.0904    
01 Dec 09:27    INFO  epoch 33 training [time: 23.90s, train loss: -0.7345]
01 Dec 09:27    INFO  epoch 33 evaluating [time: 15.63s, valid_score: 0.066500]
01 Dec 09:27    INFO  valid result: 
recall@10 : 0.0657    recall@20 : 0.1071    recall@50 : 0.1891    ndcg@10 : 0.0525    ndcg@20 : 0.0665    ndcg@50 : 0.0903    
01 Dec 09:27    INFO  Saving current best: saved_best/RauCL-Dec-01-2023_09-05-08.pth
01 Dec 09:27    INFO  epoch 34 training [time: 23.84s, train loss: -0.7351]
01 Dec 09:28    INFO  epoch 34 evaluating [time: 15.34s, valid_score: 0.066600]
01 Dec 09:28    INFO  valid result: 
recall@10 : 0.0661    recall@20 : 0.1072    recall@50 : 0.1904    ndcg@10 : 0.0526    ndcg@20 : 0.0666    ndcg@50 : 0.0907    
01 Dec 09:28    INFO  Saving current best: saved_best/RauCL-Dec-01-2023_09-05-08.pth
01 Dec 09:28    INFO  epoch 35 training [time: 23.70s, train loss: -0.7356]
01 Dec 09:28    INFO  epoch 35 evaluating [time: 15.63s, valid_score: 0.066500]
01 Dec 09:28    INFO  valid result: 
recall@10 : 0.0662    recall@20 : 0.107    recall@50 : 0.1912    ndcg@10 : 0.0527    ndcg@20 : 0.0665    ndcg@50 : 0.0909    
01 Dec 09:29    INFO  epoch 36 training [time: 23.94s, train loss: -0.7360]
01 Dec 09:29    INFO  epoch 36 evaluating [time: 15.34s, valid_score: 0.066700]
01 Dec 09:29    INFO  valid result: 
recall@10 : 0.0665    recall@20 : 0.1071    recall@50 : 0.1905    ndcg@10 : 0.0529    ndcg@20 : 0.0667    ndcg@50 : 0.0909    
01 Dec 09:29    INFO  Saving current best: saved_best/RauCL-Dec-01-2023_09-05-08.pth
01 Dec 09:29    INFO  epoch 37 training [time: 23.85s, train loss: -0.7364]
01 Dec 09:30    INFO  epoch 37 evaluating [time: 15.81s, valid_score: 0.067000]
01 Dec 09:30    INFO  valid result: 
recall@10 : 0.0662    recall@20 : 0.1083    recall@50 : 0.191    ndcg@10 : 0.0528    ndcg@20 : 0.067    ndcg@50 : 0.091    
01 Dec 09:30    INFO  Saving current best: saved_best/RauCL-Dec-01-2023_09-05-08.pth
01 Dec 09:30    INFO  epoch 38 training [time: 23.87s, train loss: -0.7367]
01 Dec 09:30    INFO  epoch 38 evaluating [time: 15.30s, valid_score: 0.067100]
01 Dec 09:30    INFO  valid result: 
recall@10 : 0.067    recall@20 : 0.1082    recall@50 : 0.1912    ndcg@10 : 0.0532    ndcg@20 : 0.0671    ndcg@50 : 0.0912    
01 Dec 09:30    INFO  Saving current best: saved_best/RauCL-Dec-01-2023_09-05-08.pth
01 Dec 09:31    INFO  epoch 39 training [time: 23.84s, train loss: -0.7370]
01 Dec 09:31    INFO  epoch 39 evaluating [time: 15.55s, valid_score: 0.067200]
01 Dec 09:31    INFO  valid result: 
recall@10 : 0.0669    recall@20 : 0.1077    recall@50 : 0.1921    ndcg@10 : 0.0533    ndcg@20 : 0.0672    ndcg@50 : 0.0917    
01 Dec 09:31    INFO  Saving current best: saved_best/RauCL-Dec-01-2023_09-05-08.pth
01 Dec 09:31    INFO  epoch 40 training [time: 23.90s, train loss: -0.7372]
01 Dec 09:32    INFO  epoch 40 evaluating [time: 15.46s, valid_score: 0.067400]
01 Dec 09:32    INFO  valid result: 
recall@10 : 0.0671    recall@20 : 0.1085    recall@50 : 0.192    ndcg@10 : 0.0535    ndcg@20 : 0.0674    ndcg@50 : 0.0917    
01 Dec 09:32    INFO  Saving current best: saved_best/RauCL-Dec-01-2023_09-05-08.pth
01 Dec 09:32    INFO  epoch 41 training [time: 23.89s, train loss: -0.7373]
01 Dec 09:32    INFO  epoch 41 evaluating [time: 15.62s, valid_score: 0.067300]
01 Dec 09:32    INFO  valid result: 
recall@10 : 0.0669    recall@20 : 0.108    recall@50 : 0.1922    ndcg@10 : 0.0535    ndcg@20 : 0.0673    ndcg@50 : 0.0918    
01 Dec 09:33    INFO  epoch 42 training [time: 23.70s, train loss: -0.7376]
01 Dec 09:33    INFO  epoch 42 evaluating [time: 15.41s, valid_score: 0.067400]
01 Dec 09:33    INFO  valid result: 
recall@10 : 0.067    recall@20 : 0.1087    recall@50 : 0.193    ndcg@10 : 0.0533    ndcg@20 : 0.0674    ndcg@50 : 0.0918    
01 Dec 09:33    INFO  epoch 43 training [time: 23.84s, train loss: -0.7377]
01 Dec 09:34    INFO  epoch 43 evaluating [time: 15.51s, valid_score: 0.067400]
01 Dec 09:34    INFO  valid result: 
recall@10 : 0.0668    recall@20 : 0.1081    recall@50 : 0.1931    ndcg@10 : 0.0535    ndcg@20 : 0.0674    ndcg@50 : 0.0921    
01 Dec 09:34    INFO  epoch 44 training [time: 23.87s, train loss: -0.7378]
01 Dec 09:34    INFO  epoch 44 evaluating [time: 15.51s, valid_score: 0.067600]
01 Dec 09:34    INFO  valid result: 
recall@10 : 0.0673    recall@20 : 0.1087    recall@50 : 0.1928    ndcg@10 : 0.0537    ndcg@20 : 0.0676    ndcg@50 : 0.092    
01 Dec 09:34    INFO  Saving current best: saved_best/RauCL-Dec-01-2023_09-05-08.pth
01 Dec 09:35    INFO  epoch 45 training [time: 23.88s, train loss: -0.7380]
01 Dec 09:35    INFO  epoch 45 evaluating [time: 15.24s, valid_score: 0.067700]
01 Dec 09:35    INFO  valid result: 
recall@10 : 0.0677    recall@20 : 0.1086    recall@50 : 0.1922    ndcg@10 : 0.0539    ndcg@20 : 0.0677    ndcg@50 : 0.092    
01 Dec 09:35    INFO  Saving current best: saved_best/RauCL-Dec-01-2023_09-05-08.pth
01 Dec 09:35    INFO  epoch 46 training [time: 23.90s, train loss: -0.7381]
01 Dec 09:36    INFO  epoch 46 evaluating [time: 15.65s, valid_score: 0.067700]
01 Dec 09:36    INFO  valid result: 
recall@10 : 0.0673    recall@20 : 0.1089    recall@50 : 0.1931    ndcg@10 : 0.0537    ndcg@20 : 0.0677    ndcg@50 : 0.0921    
01 Dec 09:36    INFO  epoch 47 training [time: 23.88s, train loss: -0.7382]
01 Dec 09:36    INFO  epoch 47 evaluating [time: 15.20s, valid_score: 0.067800]
01 Dec 09:36    INFO  valid result: 
recall@10 : 0.0676    recall@20 : 0.1088    recall@50 : 0.1925    ndcg@10 : 0.0539    ndcg@20 : 0.0678    ndcg@50 : 0.0921    
01 Dec 09:36    INFO  Saving current best: saved_best/RauCL-Dec-01-2023_09-05-08.pth
01 Dec 09:37    INFO  epoch 48 training [time: 23.89s, train loss: -0.7383]
01 Dec 09:37    INFO  epoch 48 evaluating [time: 15.51s, valid_score: 0.068300]
01 Dec 09:37    INFO  valid result: 
recall@10 : 0.068    recall@20 : 0.1095    recall@50 : 0.1931    ndcg@10 : 0.0543    ndcg@20 : 0.0683    ndcg@50 : 0.0925    
01 Dec 09:37    INFO  Saving current best: saved_best/RauCL-Dec-01-2023_09-05-08.pth
01 Dec 09:37    INFO  epoch 49 training [time: 23.85s, train loss: -0.7384]
01 Dec 09:38    INFO  epoch 49 evaluating [time: 15.63s, valid_score: 0.068000]
01 Dec 09:38    INFO  valid result: 
recall@10 : 0.0683    recall@20 : 0.1087    recall@50 : 0.1938    ndcg@10 : 0.0544    ndcg@20 : 0.068    ndcg@50 : 0.0926    
01 Dec 09:38    INFO  epoch 50 training [time: 23.87s, train loss: -0.7384]
01 Dec 09:38    INFO  epoch 50 evaluating [time: 15.30s, valid_score: 0.068100]
01 Dec 09:38    INFO  valid result: 
recall@10 : 0.0683    recall@20 : 0.1092    recall@50 : 0.193    ndcg@10 : 0.0544    ndcg@20 : 0.0681    ndcg@50 : 0.0925    
01 Dec 09:39    INFO  epoch 51 training [time: 23.80s, train loss: -0.7385]
01 Dec 09:39    INFO  epoch 51 evaluating [time: 15.77s, valid_score: 0.068200]
01 Dec 09:39    INFO  valid result: 
recall@10 : 0.0682    recall@20 : 0.109    recall@50 : 0.193    ndcg@10 : 0.0545    ndcg@20 : 0.0682    ndcg@50 : 0.0927    
01 Dec 09:39    INFO  epoch 52 training [time: 23.79s, train loss: -0.7386]
01 Dec 09:39    INFO  epoch 52 evaluating [time: 15.13s, valid_score: 0.068000]
01 Dec 09:39    INFO  valid result: 
recall@10 : 0.0681    recall@20 : 0.1089    recall@50 : 0.1939    ndcg@10 : 0.0543    ndcg@20 : 0.068    ndcg@50 : 0.0927    
01 Dec 09:40    INFO  epoch 53 training [time: 23.84s, train loss: -0.7386]
01 Dec 09:40    INFO  epoch 53 evaluating [time: 15.77s, valid_score: 0.068100]
01 Dec 09:40    INFO  valid result: 
recall@10 : 0.0679    recall@20 : 0.109    recall@50 : 0.1937    ndcg@10 : 0.0542    ndcg@20 : 0.0681    ndcg@50 : 0.0927    
01 Dec 09:41    INFO  epoch 54 training [time: 23.86s, train loss: -0.7388]
01 Dec 09:41    INFO  epoch 54 evaluating [time: 15.32s, valid_score: 0.068000]
01 Dec 09:41    INFO  valid result: 
recall@10 : 0.0682    recall@20 : 0.109    recall@50 : 0.1933    ndcg@10 : 0.0542    ndcg@20 : 0.068    ndcg@50 : 0.0925    
01 Dec 09:41    INFO  epoch 55 training [time: 23.89s, train loss: -0.7388]
01 Dec 09:41    INFO  epoch 55 evaluating [time: 15.56s, valid_score: 0.068300]
01 Dec 09:41    INFO  valid result: 
recall@10 : 0.0679    recall@20 : 0.1092    recall@50 : 0.1939    ndcg@10 : 0.0544    ndcg@20 : 0.0683    ndcg@50 : 0.0928    
01 Dec 09:42    INFO  epoch 56 training [time: 23.69s, train loss: -0.7388]
01 Dec 09:42    INFO  epoch 56 evaluating [time: 15.23s, valid_score: 0.068400]
01 Dec 09:42    INFO  valid result: 
recall@10 : 0.0682    recall@20 : 0.1092    recall@50 : 0.1934    ndcg@10 : 0.0546    ndcg@20 : 0.0684    ndcg@50 : 0.0929    
01 Dec 09:42    INFO  Saving current best: saved_best/RauCL-Dec-01-2023_09-05-08.pth
01 Dec 09:43    INFO  epoch 57 training [time: 23.91s, train loss: -0.7388]
01 Dec 09:43    INFO  epoch 57 evaluating [time: 15.51s, valid_score: 0.068100]
01 Dec 09:43    INFO  valid result: 
recall@10 : 0.0691    recall@20 : 0.1088    recall@50 : 0.1939    ndcg@10 : 0.0548    ndcg@20 : 0.0681    ndcg@50 : 0.0928    
01 Dec 09:43    INFO  epoch 58 training [time: 23.88s, train loss: -0.7390]
01 Dec 09:43    INFO  epoch 58 evaluating [time: 15.30s, valid_score: 0.068100]
01 Dec 09:43    INFO  valid result: 
recall@10 : 0.0685    recall@20 : 0.1089    recall@50 : 0.1942    ndcg@10 : 0.0545    ndcg@20 : 0.0681    ndcg@50 : 0.0929    
01 Dec 09:44    INFO  epoch 59 training [time: 23.88s, train loss: -0.7389]
01 Dec 09:44    INFO  epoch 59 evaluating [time: 15.66s, valid_score: 0.068300]
01 Dec 09:44    INFO  valid result: 
recall@10 : 0.0682    recall@20 : 0.109    recall@50 : 0.1951    ndcg@10 : 0.0545    ndcg@20 : 0.0683    ndcg@50 : 0.0932    
01 Dec 09:44    INFO  epoch 60 training [time: 23.90s, train loss: -0.7391]
01 Dec 09:45    INFO  epoch 60 evaluating [time: 15.52s, valid_score: 0.068600]
01 Dec 09:45    INFO  valid result: 
recall@10 : 0.069    recall@20 : 0.1091    recall@50 : 0.1942    ndcg@10 : 0.0551    ndcg@20 : 0.0686    ndcg@50 : 0.0933    
01 Dec 09:45    INFO  Saving current best: saved_best/RauCL-Dec-01-2023_09-05-08.pth
01 Dec 09:45    INFO  epoch 61 training [time: 23.90s, train loss: -0.7391]
01 Dec 09:45    INFO  epoch 61 evaluating [time: 15.87s, valid_score: 0.068500]
01 Dec 09:45    INFO  valid result: 
recall@10 : 0.0689    recall@20 : 0.1092    recall@50 : 0.1942    ndcg@10 : 0.0549    ndcg@20 : 0.0685    ndcg@50 : 0.0932    
01 Dec 09:46    INFO  epoch 62 training [time: 23.83s, train loss: -0.7391]
01 Dec 09:46    INFO  epoch 62 evaluating [time: 15.47s, valid_score: 0.068600]
01 Dec 09:46    INFO  valid result: 
recall@10 : 0.0682    recall@20 : 0.1093    recall@50 : 0.194    ndcg@10 : 0.0547    ndcg@20 : 0.0686    ndcg@50 : 0.0932    
01 Dec 09:46    INFO  epoch 63 training [time: 23.88s, train loss: -0.7391]
01 Dec 09:47    INFO  epoch 63 evaluating [time: 15.51s, valid_score: 0.068500]
01 Dec 09:47    INFO  valid result: 
recall@10 : 0.0685    recall@20 : 0.109    recall@50 : 0.1942    ndcg@10 : 0.0549    ndcg@20 : 0.0685    ndcg@50 : 0.0932    
01 Dec 09:47    INFO  epoch 64 training [time: 23.85s, train loss: -0.7392]
01 Dec 09:47    INFO  epoch 64 evaluating [time: 15.61s, valid_score: 0.068500]
01 Dec 09:47    INFO  valid result: 
recall@10 : 0.0685    recall@20 : 0.109    recall@50 : 0.1951    ndcg@10 : 0.0549    ndcg@20 : 0.0685    ndcg@50 : 0.0934    
01 Dec 09:48    INFO  epoch 65 training [time: 23.89s, train loss: -0.7393]
01 Dec 09:48    INFO  epoch 65 evaluating [time: 15.46s, valid_score: 0.068700]
01 Dec 09:48    INFO  valid result: 
recall@10 : 0.0689    recall@20 : 0.1094    recall@50 : 0.1948    ndcg@10 : 0.0551    ndcg@20 : 0.0687    ndcg@50 : 0.0935    
01 Dec 09:48    INFO  Saving current best: saved_best/RauCL-Dec-01-2023_09-05-08.pth
01 Dec 09:48    INFO  epoch 66 training [time: 23.87s, train loss: -0.7392]
01 Dec 09:49    INFO  epoch 66 evaluating [time: 15.64s, valid_score: 0.068600]
01 Dec 09:49    INFO  valid result: 
recall@10 : 0.0688    recall@20 : 0.1094    recall@50 : 0.1947    ndcg@10 : 0.0549    ndcg@20 : 0.0686    ndcg@50 : 0.0933    
01 Dec 09:49    INFO  epoch 67 training [time: 23.83s, train loss: -0.7392]
01 Dec 09:49    INFO  epoch 67 evaluating [time: 15.48s, valid_score: 0.068800]
01 Dec 09:49    INFO  valid result: 
recall@10 : 0.0686    recall@20 : 0.1098    recall@50 : 0.1946    ndcg@10 : 0.055    ndcg@20 : 0.0688    ndcg@50 : 0.0935    
01 Dec 09:49    INFO  Saving current best: saved_best/RauCL-Dec-01-2023_09-05-08.pth
01 Dec 09:50    INFO  epoch 68 training [time: 23.91s, train loss: -0.7393]
01 Dec 09:50    INFO  epoch 68 evaluating [time: 15.39s, valid_score: 0.068700]
01 Dec 09:50    INFO  valid result: 
recall@10 : 0.0692    recall@20 : 0.1097    recall@50 : 0.1959    ndcg@10 : 0.0551    ndcg@20 : 0.0687    ndcg@50 : 0.0936    
01 Dec 09:50    INFO  epoch 69 training [time: 23.91s, train loss: -0.7394]
01 Dec 09:51    INFO  epoch 69 evaluating [time: 15.76s, valid_score: 0.068500]
01 Dec 09:51    INFO  valid result: 
recall@10 : 0.0691    recall@20 : 0.109    recall@50 : 0.195    ndcg@10 : 0.0551    ndcg@20 : 0.0685    ndcg@50 : 0.0934    
01 Dec 09:51    INFO  epoch 70 training [time: 23.90s, train loss: -0.7394]
01 Dec 09:51    INFO  epoch 70 evaluating [time: 15.16s, valid_score: 0.068500]
01 Dec 09:51    INFO  valid result: 
recall@10 : 0.0686    recall@20 : 0.1089    recall@50 : 0.195    ndcg@10 : 0.0549    ndcg@20 : 0.0685    ndcg@50 : 0.0935    
01 Dec 09:52    INFO  epoch 71 training [time: 23.89s, train loss: -0.7394]
01 Dec 09:52    INFO  epoch 71 evaluating [time: 15.64s, valid_score: 0.068800]
01 Dec 09:52    INFO  valid result: 
recall@10 : 0.0683    recall@20 : 0.1099    recall@50 : 0.1951    ndcg@10 : 0.0549    ndcg@20 : 0.0688    ndcg@50 : 0.0935    
01 Dec 09:52    INFO  epoch 72 training [time: 23.94s, train loss: -0.7393]
01 Dec 09:53    INFO  epoch 72 evaluating [time: 15.28s, valid_score: 0.068800]
01 Dec 09:53    INFO  valid result: 
recall@10 : 0.0688    recall@20 : 0.1098    recall@50 : 0.1958    ndcg@10 : 0.0549    ndcg@20 : 0.0688    ndcg@50 : 0.0937    
01 Dec 09:53    INFO  epoch 73 training [time: 23.93s, train loss: -0.7393]
01 Dec 09:53    INFO  epoch 73 evaluating [time: 15.55s, valid_score: 0.068700]
01 Dec 09:53    INFO  valid result: 
recall@10 : 0.069    recall@20 : 0.1099    recall@50 : 0.1949    ndcg@10 : 0.055    ndcg@20 : 0.0687    ndcg@50 : 0.0934    
01 Dec 09:54    INFO  epoch 74 training [time: 23.80s, train loss: -0.7394]
01 Dec 09:54    INFO  epoch 74 evaluating [time: 15.26s, valid_score: 0.068700]
01 Dec 09:54    INFO  valid result: 
recall@10 : 0.0691    recall@20 : 0.11    recall@50 : 0.1952    ndcg@10 : 0.0549    ndcg@20 : 0.0687    ndcg@50 : 0.0934    
01 Dec 09:54    INFO  epoch 75 training [time: 23.87s, train loss: -0.7394]
01 Dec 09:55    INFO  epoch 75 evaluating [time: 15.48s, valid_score: 0.068700]
01 Dec 09:55    INFO  valid result: 
recall@10 : 0.069    recall@20 : 0.1099    recall@50 : 0.1951    ndcg@10 : 0.0549    ndcg@20 : 0.0687    ndcg@50 : 0.0934    
01 Dec 09:55    INFO  epoch 76 training [time: 23.89s, train loss: -0.7395]
01 Dec 09:55    INFO  epoch 76 evaluating [time: 15.60s, valid_score: 0.068500]
01 Dec 09:55    INFO  valid result: 
recall@10 : 0.0683    recall@20 : 0.1092    recall@50 : 0.1945    ndcg@10 : 0.0548    ndcg@20 : 0.0685    ndcg@50 : 0.0933    
01 Dec 09:56    INFO  epoch 77 training [time: 23.88s, train loss: -0.7396]
01 Dec 09:56    INFO  epoch 77 evaluating [time: 15.42s, valid_score: 0.068900]
01 Dec 09:56    INFO  valid result: 
recall@10 : 0.0692    recall@20 : 0.1093    recall@50 : 0.1949    ndcg@10 : 0.0554    ndcg@20 : 0.0689    ndcg@50 : 0.0937    
01 Dec 09:56    INFO  Saving current best: saved_best/RauCL-Dec-01-2023_09-05-08.pth
01 Dec 09:56    INFO  epoch 78 training [time: 23.90s, train loss: -0.7395]
01 Dec 09:57    INFO  epoch 78 evaluating [time: 15.78s, valid_score: 0.068900]
01 Dec 09:57    INFO  valid result: 
recall@10 : 0.0686    recall@20 : 0.1098    recall@50 : 0.1955    ndcg@10 : 0.055    ndcg@20 : 0.0689    ndcg@50 : 0.0938    
01 Dec 09:57    INFO  epoch 79 training [time: 23.94s, train loss: -0.7396]
01 Dec 09:57    INFO  epoch 79 evaluating [time: 15.52s, valid_score: 0.068800]
01 Dec 09:57    INFO  valid result: 
recall@10 : 0.0689    recall@20 : 0.1098    recall@50 : 0.195    ndcg@10 : 0.055    ndcg@20 : 0.0688    ndcg@50 : 0.0935    
01 Dec 09:58    INFO  epoch 80 training [time: 23.92s, train loss: -0.7395]
01 Dec 09:58    INFO  epoch 80 evaluating [time: 15.54s, valid_score: 0.069000]
01 Dec 09:58    INFO  valid result: 
recall@10 : 0.0691    recall@20 : 0.1098    recall@50 : 0.1953    ndcg@10 : 0.0553    ndcg@20 : 0.069    ndcg@50 : 0.0938    
01 Dec 09:58    INFO  Saving current best: saved_best/RauCL-Dec-01-2023_09-05-08.pth
01 Dec 09:58    INFO  epoch 81 training [time: 23.87s, train loss: -0.7397]
01 Dec 09:59    INFO  epoch 81 evaluating [time: 15.14s, valid_score: 0.068900]
01 Dec 09:59    INFO  valid result: 
recall@10 : 0.0689    recall@20 : 0.1097    recall@50 : 0.1954    ndcg@10 : 0.0552    ndcg@20 : 0.0689    ndcg@50 : 0.0938    
01 Dec 09:59    INFO  epoch 82 training [time: 23.85s, train loss: -0.7395]
01 Dec 09:59    INFO  epoch 82 evaluating [time: 15.54s, valid_score: 0.068800]
01 Dec 09:59    INFO  valid result: 
recall@10 : 0.0691    recall@20 : 0.1102    recall@50 : 0.1954    ndcg@10 : 0.055    ndcg@20 : 0.0688    ndcg@50 : 0.0936    
01 Dec 10:00    INFO  epoch 83 training [time: 23.88s, train loss: -0.7396]
01 Dec 10:00    INFO  epoch 83 evaluating [time: 15.28s, valid_score: 0.068800]
01 Dec 10:00    INFO  valid result: 
recall@10 : 0.0696    recall@20 : 0.1096    recall@50 : 0.1953    ndcg@10 : 0.0554    ndcg@20 : 0.0688    ndcg@50 : 0.0937    
01 Dec 10:00    INFO  epoch 84 training [time: 23.90s, train loss: -0.7398]
01 Dec 10:00    INFO  epoch 84 evaluating [time: 15.55s, valid_score: 0.068900]
01 Dec 10:00    INFO  valid result: 
recall@10 : 0.0695    recall@20 : 0.1099    recall@50 : 0.196    ndcg@10 : 0.0553    ndcg@20 : 0.0689    ndcg@50 : 0.0938    
01 Dec 10:01    INFO  epoch 85 training [time: 23.88s, train loss: -0.7397]
01 Dec 10:01    INFO  epoch 85 evaluating [time: 15.68s, valid_score: 0.068900]
01 Dec 10:01    INFO  valid result: 
recall@10 : 0.0694    recall@20 : 0.1098    recall@50 : 0.1964    ndcg@10 : 0.0552    ndcg@20 : 0.0689    ndcg@50 : 0.0939    
01 Dec 10:02    INFO  epoch 86 training [time: 23.56s, train loss: -0.7397]
01 Dec 10:02    INFO  epoch 86 evaluating [time: 15.01s, valid_score: 0.068800]
01 Dec 10:02    INFO  valid result: 
recall@10 : 0.0685    recall@20 : 0.11    recall@50 : 0.1958    ndcg@10 : 0.0548    ndcg@20 : 0.0688    ndcg@50 : 0.0937    
01 Dec 10:02    INFO  epoch 87 training [time: 23.90s, train loss: -0.7397]
01 Dec 10:02    INFO  epoch 87 evaluating [time: 15.66s, valid_score: 0.068900]
01 Dec 10:02    INFO  valid result: 
recall@10 : 0.0692    recall@20 : 0.1101    recall@50 : 0.1963    ndcg@10 : 0.0551    ndcg@20 : 0.0689    ndcg@50 : 0.0938    
01 Dec 10:03    INFO  epoch 88 training [time: 24.03s, train loss: -0.7398]
01 Dec 10:03    INFO  epoch 88 evaluating [time: 15.31s, valid_score: 0.068800]
01 Dec 10:03    INFO  valid result: 
recall@10 : 0.069    recall@20 : 0.1098    recall@50 : 0.1961    ndcg@10 : 0.0551    ndcg@20 : 0.0688    ndcg@50 : 0.0938    
01 Dec 10:04    INFO  epoch 89 training [time: 23.93s, train loss: -0.7397]
01 Dec 10:04    INFO  epoch 89 evaluating [time: 15.46s, valid_score: 0.069100]
01 Dec 10:04    INFO  valid result: 
recall@10 : 0.0696    recall@20 : 0.1101    recall@50 : 0.1956    ndcg@10 : 0.0555    ndcg@20 : 0.0691    ndcg@50 : 0.094    
01 Dec 10:04    INFO  Saving current best: saved_best/RauCL-Dec-01-2023_09-05-08.pth
01 Dec 10:04    INFO  epoch 90 training [time: 23.99s, train loss: -0.7397]
01 Dec 10:04    INFO  epoch 90 evaluating [time: 15.13s, valid_score: 0.068900]
01 Dec 10:04    INFO  valid result: 
recall@10 : 0.0692    recall@20 : 0.1093    recall@50 : 0.1956    ndcg@10 : 0.0554    ndcg@20 : 0.0689    ndcg@50 : 0.0939    
01 Dec 10:05    INFO  epoch 91 training [time: 23.90s, train loss: -0.7398]
01 Dec 10:05    INFO  epoch 91 evaluating [time: 15.93s, valid_score: 0.069200]
01 Dec 10:05    INFO  valid result: 
recall@10 : 0.0693    recall@20 : 0.11    recall@50 : 0.1962    ndcg@10 : 0.0554    ndcg@20 : 0.0692    ndcg@50 : 0.0941    
01 Dec 10:05    INFO  Saving current best: saved_best/RauCL-Dec-01-2023_09-05-08.pth
01 Dec 10:05    INFO  epoch 92 training [time: 23.97s, train loss: -0.7398]
01 Dec 10:06    INFO  epoch 92 evaluating [time: 15.19s, valid_score: 0.069100]
01 Dec 10:06    INFO  valid result: 
recall@10 : 0.0693    recall@20 : 0.11    recall@50 : 0.1961    ndcg@10 : 0.0554    ndcg@20 : 0.0691    ndcg@50 : 0.094    
01 Dec 10:06    INFO  epoch 93 training [time: 23.86s, train loss: -0.7398]
01 Dec 10:06    INFO  epoch 93 evaluating [time: 15.75s, valid_score: 0.069200]
01 Dec 10:06    INFO  valid result: 
recall@10 : 0.0695    recall@20 : 0.1105    recall@50 : 0.1956    ndcg@10 : 0.0553    ndcg@20 : 0.0692    ndcg@50 : 0.0938    
01 Dec 10:07    INFO  epoch 94 training [time: 23.87s, train loss: -0.7398]
01 Dec 10:07    INFO  epoch 94 evaluating [time: 15.36s, valid_score: 0.069000]
01 Dec 10:07    INFO  valid result: 
recall@10 : 0.0695    recall@20 : 0.1099    recall@50 : 0.1952    ndcg@10 : 0.0554    ndcg@20 : 0.069    ndcg@50 : 0.0937    
01 Dec 10:07    INFO  epoch 95 training [time: 23.76s, train loss: -0.7398]
01 Dec 10:08    INFO  epoch 95 evaluating [time: 15.51s, valid_score: 0.069200]
01 Dec 10:08    INFO  valid result: 
recall@10 : 0.0691    recall@20 : 0.1103    recall@50 : 0.1953    ndcg@10 : 0.0553    ndcg@20 : 0.0692    ndcg@50 : 0.0938    
01 Dec 10:08    INFO  epoch 96 training [time: 23.86s, train loss: -0.7398]
01 Dec 10:08    INFO  epoch 96 evaluating [time: 15.73s, valid_score: 0.068900]
01 Dec 10:08    INFO  valid result: 
recall@10 : 0.069    recall@20 : 0.1101    recall@50 : 0.196    ndcg@10 : 0.055    ndcg@20 : 0.0689    ndcg@50 : 0.0938    
01 Dec 10:09    INFO  epoch 97 training [time: 23.87s, train loss: -0.7399]
01 Dec 10:09    INFO  epoch 97 evaluating [time: 15.62s, valid_score: 0.069100]
01 Dec 10:09    INFO  valid result: 
recall@10 : 0.0694    recall@20 : 0.1105    recall@50 : 0.1954    ndcg@10 : 0.0553    ndcg@20 : 0.0691    ndcg@50 : 0.0938    
01 Dec 10:09    INFO  epoch 98 training [time: 23.80s, train loss: -0.7398]
01 Dec 10:10    INFO  epoch 98 evaluating [time: 15.45s, valid_score: 0.068900]
01 Dec 10:10    INFO  valid result: 
recall@10 : 0.0695    recall@20 : 0.1096    recall@50 : 0.1963    ndcg@10 : 0.0554    ndcg@20 : 0.0689    ndcg@50 : 0.094    
01 Dec 10:10    INFO  epoch 99 training [time: 23.45s, train loss: -0.7398]
01 Dec 10:10    INFO  epoch 99 evaluating [time: 15.17s, valid_score: 0.069100]
01 Dec 10:10    INFO  valid result: 
recall@10 : 0.0695    recall@20 : 0.1098    recall@50 : 0.1965    ndcg@10 : 0.0555    ndcg@20 : 0.0691    ndcg@50 : 0.0942    
01 Dec 10:11    INFO  epoch 100 training [time: 23.83s, train loss: -0.7400]
01 Dec 10:11    INFO  epoch 100 evaluating [time: 15.68s, valid_score: 0.069100]
01 Dec 10:11    INFO  valid result: 
recall@10 : 0.0693    recall@20 : 0.11    recall@50 : 0.196    ndcg@10 : 0.0554    ndcg@20 : 0.0691    ndcg@50 : 0.094    
01 Dec 10:11    INFO  epoch 101 training [time: 23.81s, train loss: -0.7399]
01 Dec 10:12    INFO  epoch 101 evaluating [time: 15.61s, valid_score: 0.069300]
01 Dec 10:12    INFO  valid result: 
recall@10 : 0.0695    recall@20 : 0.1103    recall@50 : 0.196    ndcg@10 : 0.0556    ndcg@20 : 0.0693    ndcg@50 : 0.0941    
01 Dec 10:12    INFO  Saving current best: saved_best/RauCL-Dec-01-2023_09-05-08.pth
01 Dec 10:12    INFO  epoch 102 training [time: 23.48s, train loss: -0.7398]
01 Dec 10:12    INFO  epoch 102 evaluating [time: 15.70s, valid_score: 0.069200]
01 Dec 10:12    INFO  valid result: 
recall@10 : 0.0689    recall@20 : 0.1103    recall@50 : 0.1963    ndcg@10 : 0.0553    ndcg@20 : 0.0692    ndcg@50 : 0.0941    
01 Dec 10:13    INFO  epoch 103 training [time: 23.86s, train loss: -0.7399]
01 Dec 10:13    INFO  epoch 103 evaluating [time: 15.35s, valid_score: 0.069300]
01 Dec 10:13    INFO  valid result: 
recall@10 : 0.0693    recall@20 : 0.1104    recall@50 : 0.1965    ndcg@10 : 0.0554    ndcg@20 : 0.0693    ndcg@50 : 0.0942    
01 Dec 10:13    INFO  epoch 104 training [time: 23.85s, train loss: -0.7400]
01 Dec 10:14    INFO  epoch 104 evaluating [time: 15.52s, valid_score: 0.069200]
01 Dec 10:14    INFO  valid result: 
recall@10 : 0.0699    recall@20 : 0.1102    recall@50 : 0.1959    ndcg@10 : 0.0556    ndcg@20 : 0.0692    ndcg@50 : 0.094    
01 Dec 10:14    INFO  epoch 105 training [time: 23.90s, train loss: -0.7400]
01 Dec 10:14    INFO  epoch 105 evaluating [time: 15.27s, valid_score: 0.069300]
01 Dec 10:14    INFO  valid result: 
recall@10 : 0.0689    recall@20 : 0.1101    recall@50 : 0.1963    ndcg@10 : 0.0554    ndcg@20 : 0.0693    ndcg@50 : 0.0943    
01 Dec 10:15    INFO  epoch 106 training [time: 23.59s, train loss: -0.7400]
01 Dec 10:15    INFO  epoch 106 evaluating [time: 15.61s, valid_score: 0.069400]
01 Dec 10:15    INFO  valid result: 
recall@10 : 0.0694    recall@20 : 0.1101    recall@50 : 0.1964    ndcg@10 : 0.0557    ndcg@20 : 0.0694    ndcg@50 : 0.0945    
01 Dec 10:15    INFO  Saving current best: saved_best/RauCL-Dec-01-2023_09-05-08.pth
01 Dec 10:15    INFO  epoch 107 training [time: 23.87s, train loss: -0.7399]
01 Dec 10:16    INFO  epoch 107 evaluating [time: 15.39s, valid_score: 0.069400]
01 Dec 10:16    INFO  valid result: 
recall@10 : 0.0699    recall@20 : 0.11    recall@50 : 0.1953    ndcg@10 : 0.0559    ndcg@20 : 0.0694    ndcg@50 : 0.0941    
01 Dec 10:16    INFO  epoch 108 training [time: 23.90s, train loss: -0.7400]
01 Dec 10:16    INFO  epoch 108 evaluating [time: 15.69s, valid_score: 0.069500]
01 Dec 10:16    INFO  valid result: 
recall@10 : 0.0698    recall@20 : 0.1108    recall@50 : 0.196    ndcg@10 : 0.0558    ndcg@20 : 0.0695    ndcg@50 : 0.0943    
01 Dec 10:16    INFO  Saving current best: saved_best/RauCL-Dec-01-2023_09-05-08.pth
01 Dec 10:17    INFO  epoch 109 training [time: 23.87s, train loss: -0.7400]
01 Dec 10:17    INFO  epoch 109 evaluating [time: 15.38s, valid_score: 0.069200]
01 Dec 10:17    INFO  valid result: 
recall@10 : 0.0697    recall@20 : 0.11    recall@50 : 0.1959    ndcg@10 : 0.0556    ndcg@20 : 0.0692    ndcg@50 : 0.094    
01 Dec 10:17    INFO  epoch 110 training [time: 23.73s, train loss: -0.7401]
01 Dec 10:18    INFO  epoch 110 evaluating [time: 15.58s, valid_score: 0.069100]
01 Dec 10:18    INFO  valid result: 
recall@10 : 0.0694    recall@20 : 0.1098    recall@50 : 0.1969    ndcg@10 : 0.0555    ndcg@20 : 0.0691    ndcg@50 : 0.0943    
01 Dec 10:18    INFO  epoch 111 training [time: 23.88s, train loss: -0.7400]
01 Dec 10:18    INFO  epoch 111 evaluating [time: 15.49s, valid_score: 0.069000]
01 Dec 10:18    INFO  valid result: 
recall@10 : 0.0695    recall@20 : 0.1104    recall@50 : 0.1961    ndcg@10 : 0.0553    ndcg@20 : 0.069    ndcg@50 : 0.0939    
01 Dec 10:19    INFO  epoch 112 training [time: 23.89s, train loss: -0.7401]
01 Dec 10:19    INFO  epoch 112 evaluating [time: 15.28s, valid_score: 0.069100]
01 Dec 10:19    INFO  valid result: 
recall@10 : 0.0697    recall@20 : 0.1097    recall@50 : 0.1957    ndcg@10 : 0.0556    ndcg@20 : 0.0691    ndcg@50 : 0.094    
01 Dec 10:19    INFO  epoch 113 training [time: 23.87s, train loss: -0.7401]
01 Dec 10:20    INFO  epoch 113 evaluating [time: 15.60s, valid_score: 0.069200]
01 Dec 10:20    INFO  valid result: 
recall@10 : 0.0697    recall@20 : 0.1102    recall@50 : 0.1962    ndcg@10 : 0.0555    ndcg@20 : 0.0692    ndcg@50 : 0.0941    
01 Dec 10:20    INFO  epoch 114 training [time: 23.87s, train loss: -0.7401]
01 Dec 10:20    INFO  epoch 114 evaluating [time: 15.31s, valid_score: 0.069200]
01 Dec 10:20    INFO  valid result: 
recall@10 : 0.0695    recall@20 : 0.1104    recall@50 : 0.1959    ndcg@10 : 0.0554    ndcg@20 : 0.0692    ndcg@50 : 0.094    
01 Dec 10:21    INFO  epoch 115 training [time: 23.88s, train loss: -0.7401]
01 Dec 10:21    INFO  epoch 115 evaluating [time: 15.43s, valid_score: 0.069200]
01 Dec 10:21    INFO  valid result: 
recall@10 : 0.0696    recall@20 : 0.11    recall@50 : 0.1966    ndcg@10 : 0.0557    ndcg@20 : 0.0692    ndcg@50 : 0.0944    
01 Dec 10:21    INFO  epoch 116 training [time: 23.91s, train loss: -0.7400]
01 Dec 10:21    INFO  epoch 116 evaluating [time: 15.27s, valid_score: 0.069300]
01 Dec 10:21    INFO  valid result: 
recall@10 : 0.07    recall@20 : 0.1103    recall@50 : 0.1964    ndcg@10 : 0.0559    ndcg@20 : 0.0693    ndcg@50 : 0.0943    
01 Dec 10:22    INFO  epoch 117 training [time: 23.86s, train loss: -0.7400]
01 Dec 10:22    INFO  epoch 117 evaluating [time: 15.80s, valid_score: 0.069200]
01 Dec 10:22    INFO  valid result: 
recall@10 : 0.0695    recall@20 : 0.1102    recall@50 : 0.1963    ndcg@10 : 0.0555    ndcg@20 : 0.0692    ndcg@50 : 0.0942    
01 Dec 10:23    INFO  epoch 118 training [time: 23.65s, train loss: -0.7402]
01 Dec 10:23    INFO  epoch 118 evaluating [time: 15.36s, valid_score: 0.069400]
01 Dec 10:23    INFO  valid result: 
recall@10 : 0.0692    recall@20 : 0.1101    recall@50 : 0.1962    ndcg@10 : 0.0556    ndcg@20 : 0.0694    ndcg@50 : 0.0943    
01 Dec 10:23    INFO  epoch 119 training [time: 23.81s, train loss: -0.7401]
01 Dec 10:23    INFO  epoch 119 evaluating [time: 15.38s, valid_score: 0.069300]
01 Dec 10:23    INFO  valid result: 
recall@10 : 0.0694    recall@20 : 0.1103    recall@50 : 0.1957    ndcg@10 : 0.0555    ndcg@20 : 0.0693    ndcg@50 : 0.0941    
01 Dec 10:23    INFO  Finished training, best eval result in epoch 108
01 Dec 10:23    INFO  Loading model structure and parameters from saved_best/RauCL-Dec-01-2023_09-05-08.pth
01 Dec 10:24    INFO  best valid : {'recall@10': 0.0698, 'recall@20': 0.1108, 'recall@50': 0.196, 'ndcg@10': 0.0558, 'ndcg@20': 0.0695, 'ndcg@50': 0.0943}
01 Dec 10:24    INFO  test result: {'recall@10': 0.0705, 'recall@20': 0.1136, 'recall@50': 0.1976, 'ndcg@10': 0.0567, 'ndcg@20': 0.0711, 'ndcg@50': 0.0955}
